<?xml version="1.0" encoding="UTF-8"?>
<collection xmlns="http://www.loc.gov/MARC21/slim">
  <record>
    <leader>00606njm  2200181   4500</leader>
    <controlfield tag="001">MOKKAZ0004727163  </controlfield>
    <controlfield tag="005">20040910094805.0</controlfield>
    <controlfield tag="008">991029s1994                        hun d</controlfield>
    <datafield tag="028" ind1=" " ind2=" ">
      <subfield code="a">TR 016 MC</subfield>
    </datafield>
    <datafield tag="035" ind1=" " ind2=" ">
      <subfield code="a">bibFSZ839159</subfield>
    </datafield>
    <datafield tag="040" ind1=" " ind2=" ">
      <subfield code="a">FSZEK</subfield>
    </datafield>
    <datafield tag="110" ind1="2" ind2=" ">
      <subfield code="a">Anima</subfield>
    </datafield>
    <datafield tag="245" ind1="1" ind2="0">
      <subfield code="a">001/1994</subfield>
      <subfield code="h">[Hangfelvétel] /</subfield>
      <subfield code="c">Anima</subfield>
    </datafield>
    <datafield tag="260" ind1=" " ind2=" ">
      <subfield code="a">[Budapest] :</subfield>
      <subfield code="b">Trottel Records,</subfield>
      <subfield code="c">[1994]</subfield>
    </datafield>
    <datafield tag="300" ind1=" " ind2=" ">
      <subfield code="a">1 hangk. +</subfield>
      <subfield code="e">1 t.</subfield>
    </datafield>
    <datafield tag="505" ind1="0" ind2="0">
      <subfield code="t">Anima 001 ;</subfield>
      <subfield code="t">Anima 002 ;</subfield>
      <subfield code="t">Anima 003 ;</subfield>
      <subfield code="t">Anima 004 ;</subfield>
      <subfield code="t">Anima 005 ;</subfield>
      <subfield code="t">Anima 006 ;</subfield>
      <subfield code="t">Anima 007 ;</subfield>
      <subfield code="t">Anima 008 ;</subfield>
      <subfield code="t">Anima 009 ;</subfield>
      <subfield code="t">Anima 010 ;</subfield>
      <subfield code="t">Anima 011</subfield>
    </datafield>
    <datafield tag="695" ind1=" " ind2="1">
      <subfield code="a">alternatív rock</subfield>
    </datafield>
    <datafield tag="852" ind1=" " ind2=" ">
      <subfield code="a">B10</subfield>
      <subfield code="b">0401</subfield>
      <subfield code="x">bibFSZ839159</subfield>
    </datafield>
  </record>
  <record>
    <leader>01841ngm  2200517   4500</leader>
    <controlfield tag="001">MOKKAN0004371663  </controlfield>
    <controlfield tag="005">20070413121626.0</controlfield>
    <controlfield tag="008">070309s2007                        hun d</controlfield>
    <datafield tag="028" ind1=" " ind2=" ">
      <subfield code="a">SPI266</subfield>
    </datafield>
    <datafield tag="035" ind1=" " ind2=" ">
      <subfield code="a">bibFSZ01352049</subfield>
    </datafield>
    <datafield tag="040" ind1=" " ind2=" ">
      <subfield code="a">FSZEK</subfield>
    </datafield>
    <datafield tag="041" ind1=" " ind2=" ">
      <subfield code="a">huneng</subfield>
      <subfield code="b">huneng</subfield>
    </datafield>
    <datafield tag="100" ind1="1" ind2=" ">
      <subfield code="a">Sax, Geoffrey</subfield>
    </datafield>
    <datafield tag="240" ind1=" " ind2="0">
      <subfield code="a">Stormbreaker</subfield>
    </datafield>
    <datafield tag="245" ind1="1" ind2="0">
      <subfield code="a">001 - Az első bevetés</subfield>
      <subfield code="h">[DVD-felvétel]</subfield>
    </datafield>
    <datafield tag="260" ind1=" " ind2=" ">
      <subfield code="a">Budapest :</subfield>
      <subfield code="b">SPI International,</subfield>
      <subfield code="c">[2007]</subfield>
    </datafield>
    <datafield tag="300" ind1=" " ind2=" ">
      <subfield code="a">1 DVD (89 min) :</subfield>
      <subfield code="b">színes ;</subfield>
      <subfield code="c">12 cm</subfield>
    </datafield>
    <datafield tag="500" ind1=" " ind2=" ">
      <subfield code="a">Extrák: Interaktív menük ; Jelenetválasztás ; Ajánlók</subfield>
    </datafield>
    <datafield tag="500" ind1=" " ind2=" ">
      <subfield code="a">Rend. Sax, Geoffrey</subfield>
    </datafield>
    <datafield tag="500" ind1=" " ind2=" ">
      <subfield code="a">Saját regényéből a forgatókönyvet írta Horowitz, Anthony</subfield>
    </datafield>
    <datafield tag="508" ind1=" " ind2=" ">
      <subfield code="a">Operatőr: Chris Seager ; zene: Alan Parker</subfield>
    </datafield>
    <datafield tag="511" ind1="0" ind2=" ">
      <subfield code="a">Szereposztás: Sarah Bolger, Robbie Coltrane, Stephen Fry, Damian Lewis, Ewan McGregor, Bill Nighy, Sophie Okonedo, Alex Pettyfer, Missi Pyle, Andy Serkis, Alicia Silverstone</subfield>
    </datafield>
    <datafield tag="546" ind1=" " ind2=" ">
      <subfield code="a">Hangok: magyar (Dolby Surround, Dolby Digital), angol (Dolby Digital)</subfield>
    </datafield>
    <datafield tag="546" ind1=" " ind2=" ">
      <subfield code="a">Feliratok: magyar, angol</subfield>
    </datafield>
    <datafield tag="695" ind1=" " ind2="1">
      <subfield code="a">DVD</subfield>
    </datafield>
    <datafield tag="695" ind1=" " ind2="1">
      <subfield code="a">német</subfield>
    </datafield>
    <datafield tag="695" ind1=" " ind2="1">
      <subfield code="a">amerikai</subfield>
    </datafield>
    <datafield tag="695" ind1=" " ind2="1">
      <subfield code="a">angol</subfield>
    </datafield>
    <datafield tag="695" ind1=" " ind2="1">
      <subfield code="a">akció</subfield>
    </datafield>
    <datafield tag="695" ind1=" " ind2="1">
      <subfield code="a">kaland</subfield>
    </datafield>
    <datafield tag="695" ind1=" " ind2="1">
      <subfield code="a">családi</subfield>
    </datafield>
    <datafield tag="700" ind1="1" ind2=" ">
      <subfield code="a">Horowitz, Anthony</subfield>
      <subfield code="4">alapján, forgatókönyvíró</subfield>
    </datafield>
    <datafield tag="700" ind1="1" ind2=" ">
      <subfield code="a">Seager, Chris</subfield>
      <subfield code="4">operatőr</subfield>
    </datafield>
    <datafield tag="700" ind1="1" ind2=" ">
      <subfield code="a">Parker, Alan</subfield>
      <subfield code="4">zene</subfield>
    </datafield>
    <datafield tag="700" ind1="1" ind2=" ">
      <subfield code="a">Bolger, Sarah</subfield>
      <subfield code="4">szereplő</subfield>
    </datafield>
    <datafield tag="700" ind1="1" ind2=" ">
      <subfield code="a">Coltrane, Robbie</subfield>
      <subfield code="4">szereplő</subfield>
    </datafield>
    <datafield tag="700" ind1="1" ind2=" ">
      <subfield code="a">Fry, Stephen</subfield>
      <subfield code="4">szereplő</subfield>
    </datafield>
    <datafield tag="700" ind1="1" ind2=" ">
      <subfield code="a">Lewis, Damien</subfield>
      <subfield code="4">szereplő</subfield>
    </datafield>
    <datafield tag="700" ind1="1" ind2=" ">
      <subfield code="a">McGregor, Ewan</subfield>
      <subfield code="4">szereplő</subfield>
    </datafield>
    <datafield tag="700" ind1="1" ind2=" ">
      <subfield code="a">Nighy, Bill</subfield>
      <subfield code="4">szereplő</subfield>
    </datafield>
    <datafield tag="700" ind1="1" ind2=" ">
      <subfield code="a">Okonedo, Sophie</subfield>
      <subfield code="4">szereplő</subfield>
    </datafield>
    <datafield tag="700" ind1="1" ind2=" ">
      <subfield code="a">Pettyfer, Alex</subfield>
      <subfield code="4">szereplő</subfield>
    </datafield>
    <datafield tag="700" ind1="1" ind2=" ">
      <subfield code="a">Pyle, Missi</subfield>
      <subfield code="4">szereplő</subfield>
    </datafield>
    <datafield tag="700" ind1="1" ind2=" ">
      <subfield code="a">Serkis, Andy</subfield>
      <subfield code="4">szereplő</subfield>
    </datafield>
    <datafield tag="700" ind1="1" ind2=" ">
      <subfield code="a">Silverstone, Alicia</subfield>
      <subfield code="4">szereplő</subfield>
    </datafield>
    <datafield tag="852" ind1=" " ind2=" ">
      <subfield code="a">B10</subfield>
      <subfield code="b">0801</subfield>
      <subfield code="x">bibFSZ01352049</subfield>
    </datafield>
  </record>
  <record>
    <leader>06050na1  2202125 i 4500</leader>
    <controlfield tag="001">MOKKAS0003833242  </controlfield>
    <controlfield tag="005">20060616074215.0</controlfield>
    <controlfield tag="008">000208 2000    hu      0     00010 hun  </controlfield>
    <datafield tag="020" ind1=" " ind2=" ">
      <subfield code="a"> (kötött)</subfield>
    </datafield>
    <datafield tag="035" ind1=" " ind2=" ">
      <subfield code="a">bibJAT626344</subfield>
    </datafield>
    <datafield tag="040" ind1=" " ind2=" ">
      <subfield code="a">SZTE</subfield>
    </datafield>
    <datafield tag="650" ind1="0" ind2="4">
      <subfield code="a">munkatáborok</subfield>
      <subfield code="z">Szovjetunió</subfield>
    </datafield>
    <datafield tag="650" ind1="0" ind2="4">
      <subfield code="a">hadifogság</subfield>
      <subfield code="z">magyarok</subfield>
      <subfield code="z">Szovjetunió</subfield>
      <subfield code="y">1940-es évek</subfield>
    </datafield>
    <datafield tag="650" ind1="0" ind2="4">
      <subfield code="x">doktori disszertáció</subfield>
    </datafield>
    <datafield tag="650" ind1="0" ind2="4">
      <subfield code="a">magyar történelem</subfield>
      <subfield code="x">tanulmányok</subfield>
    </datafield>
    <datafield tag="695" ind1=" " ind2=" ">
      <subfield code="a">n</subfield>
    </datafield>
    <datafield tag="695" ind1=" " ind2=" ">
      <subfield code="a">xx</subfield>
    </datafield>
    <datafield tag="695" ind1=" " ind2=" ">
      <subfield code="a">Románia, 1859-</subfield>
    </datafield>
    <datafield tag="852" ind1=" " ind2=" ">
      <subfield code="a">SZ1</subfield>
      <subfield code="b">SZ1</subfield>
      <subfield code="x">bibJAT626344</subfield>
    </datafield>
    <datafield tag="852" ind1=" " ind2=" ">
      <subfield code="a">B2</subfield>
      <subfield code="b">B2</subfield>
      <subfield code="x">44468</subfield>
    </datafield>
    <datafield tag="852" ind1=" " ind2=" ">
      <subfield code="a">B2</subfield>
      <subfield code="b">B2</subfield>
      <subfield code="x">31565</subfield>
    </datafield>
    <datafield tag="852" ind1=" " ind2=" ">
      <subfield code="a">M1</subfield>
      <subfield code="b">M1</subfield>
      <subfield code="x">28193</subfield>
    </datafield>
    <datafield tag="852" ind1=" " ind2=" ">
      <subfield code="a">M1</subfield>
      <subfield code="b">M1</subfield>
      <subfield code="x">28862</subfield>
    </datafield>
    <datafield tag="852" ind1=" " ind2=" ">
      <subfield code="a">M1</subfield>
      <subfield code="b">M1</subfield>
      <subfield code="x">30170</subfield>
    </datafield>
    <datafield tag="852" ind1=" " ind2=" ">
      <subfield code="a">M1</subfield>
      <subfield code="b">M1</subfield>
      <subfield code="x">31252</subfield>
    </datafield>
    <datafield tag="852" ind1=" " ind2=" ">
      <subfield code="a">M1</subfield>
      <subfield code="b">M1</subfield>
      <subfield code="x">32235</subfield>
    </datafield>
    <datafield tag="852" ind1=" " ind2=" ">
      <subfield code="a">M1</subfield>
      <subfield code="b">M1</subfield>
      <subfield code="x">35025</subfield>
    </datafield>
    <datafield tag="852" ind1=" " ind2=" ">
      <subfield code="a">B14</subfield>
      <subfield code="b">B14</subfield>
      <subfield code="x">757918</subfield>
    </datafield>
    <datafield tag="852" ind1=" " ind2=" ">
      <subfield code="a">B14</subfield>
      <subfield code="b">B14</subfield>
      <subfield code="x">841088</subfield>
    </datafield>
    <datafield tag="852" ind1=" " ind2=" ">
      <subfield code="a">B14</subfield>
      <subfield code="b">B14</subfield>
      <subfield code="x">863096</subfield>
    </datafield>
    <datafield tag="852" ind1=" " ind2=" ">
      <subfield code="a">B14</subfield>
      <subfield code="b">B14</subfield>
      <subfield code="x">967683</subfield>
    </datafield>
    <datafield tag="852" ind1=" " ind2=" ">
      <subfield code="a">B14</subfield>
      <subfield code="b">B14</subfield>
      <subfield code="x">973900</subfield>
    </datafield>
    <datafield tag="852" ind1=" " ind2=" ">
      <subfield code="a">B14</subfield>
      <subfield code="b">B14</subfield>
      <subfield code="x">968990</subfield>
    </datafield>
    <datafield tag="852" ind1=" " ind2=" ">
      <subfield code="a">B14</subfield>
      <subfield code="b">B14</subfield>
      <subfield code="x">1012116</subfield>
    </datafield>
    <datafield tag="852" ind1=" " ind2=" ">
      <subfield code="a">B14</subfield>
      <subfield code="b">B14</subfield>
      <subfield code="x">1018712</subfield>
    </datafield>
    <datafield tag="852" ind1=" " ind2=" ">
      <subfield code="a">B14</subfield>
      <subfield code="b">B14</subfield>
      <subfield code="x">1020308</subfield>
    </datafield>
    <datafield tag="852" ind1=" " ind2=" ">
      <subfield code="a">B14</subfield>
      <subfield code="b">B14</subfield>
      <subfield code="x">1028425</subfield>
    </datafield>
    <datafield tag="852" ind1=" " ind2=" ">
      <subfield code="a">B14</subfield>
      <subfield code="b">B14</subfield>
      <subfield code="x">1028429</subfield>
    </datafield>
    <datafield tag="852" ind1=" " ind2=" ">
      <subfield code="a">B14</subfield>
      <subfield code="b">B14</subfield>
      <subfield code="x">1028430</subfield>
    </datafield>
    <datafield tag="852" ind1=" " ind2=" ">
      <subfield code="a">B14</subfield>
      <subfield code="b">B14</subfield>
      <subfield code="x">1029993</subfield>
    </datafield>
    <datafield tag="852" ind1=" " ind2=" ">
      <subfield code="a">B14</subfield>
      <subfield code="b">B14</subfield>
      <subfield code="x">1032644</subfield>
    </datafield>
    <datafield tag="852" ind1=" " ind2=" ">
      <subfield code="a">B14</subfield>
      <subfield code="b">B14</subfield>
      <subfield code="x">1037468</subfield>
    </datafield>
    <datafield tag="852" ind1=" " ind2=" ">
      <subfield code="a">B14</subfield>
      <subfield code="b">B14</subfield>
      <subfield code="x">1046710</subfield>
    </datafield>
    <datafield tag="852" ind1=" " ind2=" ">
      <subfield code="a">B14</subfield>
      <subfield code="b">B14</subfield>
      <subfield code="x">1050759</subfield>
    </datafield>
    <datafield tag="852" ind1=" " ind2=" ">
      <subfield code="a">B14</subfield>
      <subfield code="b">B14</subfield>
      <subfield code="x">1052134</subfield>
    </datafield>
    <datafield tag="852" ind1=" " ind2=" ">
      <subfield code="a">B14</subfield>
      <subfield code="b">B14</subfield>
      <subfield code="x">1052406</subfield>
    </datafield>
    <datafield tag="852" ind1=" " ind2=" ">
      <subfield code="a">B14</subfield>
      <subfield code="b">B14</subfield>
      <subfield code="x">1056117</subfield>
    </datafield>
    <datafield tag="852" ind1=" " ind2=" ">
      <subfield code="a">B14</subfield>
      <subfield code="b">B14</subfield>
      <subfield code="x">1037438</subfield>
    </datafield>
    <datafield tag="852" ind1=" " ind2=" ">
      <subfield code="a">B14</subfield>
      <subfield code="b">B14</subfield>
      <subfield code="x">1054808</subfield>
    </datafield>
    <datafield tag="852" ind1=" " ind2=" ">
      <subfield code="a">BCS1</subfield>
      <subfield code="b">BCS1</subfield>
      <subfield code="x">bibBMK495</subfield>
    </datafield>
    <datafield tag="852" ind1=" " ind2=" ">
      <subfield code="a">M2</subfield>
      <subfield code="b">M2</subfield>
      <subfield code="x">bibRFM12506</subfield>
    </datafield>
    <datafield tag="852" ind1=" " ind2=" ">
      <subfield code="a">S1</subfield>
      <subfield code="b">S1</subfield>
      <subfield code="x">bibSEF22360</subfield>
    </datafield>
    <datafield tag="852" ind1=" " ind2=" ">
      <subfield code="a">S1</subfield>
      <subfield code="b">S1</subfield>
      <subfield code="x">bibSEF73746</subfield>
    </datafield>
    <datafield tag="852" ind1=" " ind2=" ">
      <subfield code="a">SZ4</subfield>
      <subfield code="b">SZ4</subfield>
      <subfield code="x">bibSOK158888</subfield>
    </datafield>
    <datafield tag="852" ind1=" " ind2=" ">
      <subfield code="a">SZ4</subfield>
      <subfield code="b">SZ4</subfield>
      <subfield code="x">bibSOK352840</subfield>
    </datafield>
    <datafield tag="852" ind1=" " ind2=" ">
      <subfield code="a">SZ4</subfield>
      <subfield code="b">SZ4</subfield>
      <subfield code="x">bibSOK381494</subfield>
    </datafield>
    <datafield tag="852" ind1=" " ind2=" ">
      <subfield code="a">S1</subfield>
      <subfield code="b">S1</subfield>
      <subfield code="x">bibGGK0000023</subfield>
    </datafield>
    <datafield tag="852" ind1=" " ind2=" ">
      <subfield code="a">S1</subfield>
      <subfield code="b">S1</subfield>
      <subfield code="x">bibGGK0000079</subfield>
    </datafield>
    <datafield tag="852" ind1=" " ind2=" ">
      <subfield code="a">S1</subfield>
      <subfield code="b">S1</subfield>
      <subfield code="x">bibGGK0000105</subfield>
    </datafield>
    <datafield tag="852" ind1=" " ind2=" ">
      <subfield code="a">S1</subfield>
      <subfield code="b">S1</subfield>
      <subfield code="x">bibGGK0000153</subfield>
    </datafield>
    <datafield tag="852" ind1=" " ind2=" ">
      <subfield code="a">S1</subfield>
      <subfield code="b">S1</subfield>
      <subfield code="x">bibGGK0000343</subfield>
    </datafield>
    <datafield tag="852" ind1=" " ind2=" ">
      <subfield code="a">S1</subfield>
      <subfield code="b">S1</subfield>
      <subfield code="x">bibGGK0000344</subfield>
    </datafield>
    <datafield tag="852" ind1=" " ind2=" ">
      <subfield code="a">S1</subfield>
      <subfield code="b">S1</subfield>
      <subfield code="x">bibGGK0000345</subfield>
    </datafield>
    <datafield tag="852" ind1=" " ind2=" ">
      <subfield code="a">S1</subfield>
      <subfield code="b">S1</subfield>
      <subfield code="x">bibGGK0000832</subfield>
    </datafield>
    <datafield tag="852" ind1=" " ind2=" ">
      <subfield code="a">S1</subfield>
      <subfield code="b">S1</subfield>
      <subfield code="x">bibGGK0001284</subfield>
    </datafield>
    <datafield tag="852" ind1=" " ind2=" ">
      <subfield code="a">S1</subfield>
      <subfield code="b">S1</subfield>
      <subfield code="x">bibGGK0001401</subfield>
    </datafield>
    <datafield tag="852" ind1=" " ind2=" ">
      <subfield code="a">S1</subfield>
      <subfield code="b">S1</subfield>
      <subfield code="x">bibGGK0001760</subfield>
    </datafield>
    <datafield tag="852" ind1=" " ind2=" ">
      <subfield code="a">S1</subfield>
      <subfield code="b">S1</subfield>
      <subfield code="x">bibGGK0001855</subfield>
    </datafield>
    <datafield tag="852" ind1=" " ind2=" ">
      <subfield code="a">S1</subfield>
      <subfield code="b">S1</subfield>
      <subfield code="x">bibGGK0001891</subfield>
    </datafield>
    <datafield tag="852" ind1=" " ind2=" ">
      <subfield code="a">S1</subfield>
      <subfield code="b">S1</subfield>
      <subfield code="x">bibGGK0007955</subfield>
    </datafield>
    <datafield tag="852" ind1=" " ind2=" ">
      <subfield code="a">S1</subfield>
      <subfield code="b">S1</subfield>
      <subfield code="x">bibGGK0008247</subfield>
    </datafield>
    <datafield tag="852" ind1=" " ind2=" ">
      <subfield code="a">S1</subfield>
      <subfield code="b">S1</subfield>
      <subfield code="x">bibGGK0008476</subfield>
    </datafield>
    <datafield tag="852" ind1=" " ind2=" ">
      <subfield code="a">S1</subfield>
      <subfield code="b">S1</subfield>
      <subfield code="x">bibGGK0008477</subfield>
    </datafield>
    <datafield tag="852" ind1=" " ind2=" ">
      <subfield code="a">SZ1</subfield>
      <subfield code="b">SZ1</subfield>
      <subfield code="x">bibJAT645463</subfield>
    </datafield>
    <datafield tag="852" ind1=" " ind2=" ">
      <subfield code="a">SZK1</subfield>
      <subfield code="b">SZK1</subfield>
      <subfield code="x">bibTMK125694</subfield>
    </datafield>
    <datafield tag="852" ind1=" " ind2=" ">
      <subfield code="a">SZK1</subfield>
      <subfield code="b">SZK1</subfield>
      <subfield code="x">bibTMK125702</subfield>
    </datafield>
    <datafield tag="852" ind1=" " ind2=" ">
      <subfield code="a">SZK1</subfield>
      <subfield code="b">SZK1</subfield>
      <subfield code="x">bibTMK125809</subfield>
    </datafield>
    <datafield tag="852" ind1=" " ind2=" ">
      <subfield code="a">SZ1</subfield>
      <subfield code="b">SZ1</subfield>
      <subfield code="x">bibJAT00613414</subfield>
    </datafield>
    <datafield tag="852" ind1=" " ind2=" ">
      <subfield code="a">M1</subfield>
      <subfield code="b">M1</subfield>
      <subfield code="x">33435</subfield>
    </datafield>
    <datafield tag="852" ind1=" " ind2=" ">
      <subfield code="a">M1</subfield>
      <subfield code="b">M1</subfield>
      <subfield code="x">84578</subfield>
    </datafield>
    <datafield tag="852" ind1=" " ind2=" ">
      <subfield code="a">M1</subfield>
      <subfield code="b">M1</subfield>
      <subfield code="x">84639</subfield>
    </datafield>
    <datafield tag="852" ind1=" " ind2=" ">
      <subfield code="a">M1</subfield>
      <subfield code="b">M1</subfield>
      <subfield code="x">84751</subfield>
    </datafield>
    <datafield tag="852" ind1=" " ind2=" ">
      <subfield code="a">M1</subfield>
      <subfield code="b">M1</subfield>
      <subfield code="x">85065</subfield>
    </datafield>
    <datafield tag="852" ind1=" " ind2=" ">
      <subfield code="a">M1</subfield>
      <subfield code="b">M1</subfield>
      <subfield code="x">85854</subfield>
    </datafield>
    <datafield tag="852" ind1=" " ind2=" ">
      <subfield code="a">M1</subfield>
      <subfield code="b">M1</subfield>
      <subfield code="x">86416</subfield>
    </datafield>
    <datafield tag="852" ind1=" " ind2=" ">
      <subfield code="a">M1</subfield>
      <subfield code="b">M1</subfield>
      <subfield code="x">87140</subfield>
    </datafield>
    <datafield tag="852" ind1=" " ind2=" ">
      <subfield code="a">M1</subfield>
      <subfield code="b">M1</subfield>
      <subfield code="x">87263</subfield>
    </datafield>
    <datafield tag="852" ind1=" " ind2=" ">
      <subfield code="a">M1</subfield>
      <subfield code="b">M1</subfield>
      <subfield code="x">88165</subfield>
    </datafield>
    <datafield tag="852" ind1=" " ind2=" ">
      <subfield code="a">M1</subfield>
      <subfield code="b">M1</subfield>
      <subfield code="x">88166</subfield>
    </datafield>
    <datafield tag="852" ind1=" " ind2=" ">
      <subfield code="a">M1</subfield>
      <subfield code="b">M1</subfield>
      <subfield code="x">88167</subfield>
    </datafield>
    <datafield tag="852" ind1=" " ind2=" ">
      <subfield code="a">M1</subfield>
      <subfield code="b">M1</subfield>
      <subfield code="x">88575</subfield>
    </datafield>
    <datafield tag="852" ind1=" " ind2=" ">
      <subfield code="a">M1</subfield>
      <subfield code="b">M1</subfield>
      <subfield code="x">90585</subfield>
    </datafield>
    <datafield tag="852" ind1=" " ind2=" ">
      <subfield code="a">M1</subfield>
      <subfield code="b">M1</subfield>
      <subfield code="x">91310</subfield>
    </datafield>
    <datafield tag="852" ind1=" " ind2=" ">
      <subfield code="a">M1</subfield>
      <subfield code="b">M1</subfield>
      <subfield code="x">31051</subfield>
    </datafield>
    <datafield tag="852" ind1=" " ind2=" ">
      <subfield code="a">M1</subfield>
      <subfield code="b">M1</subfield>
      <subfield code="x">33456</subfield>
    </datafield>
    <datafield tag="852" ind1=" " ind2=" ">
      <subfield code="a">M1</subfield>
      <subfield code="b">M1</subfield>
      <subfield code="x">27330</subfield>
    </datafield>
    <datafield tag="852" ind1=" " ind2=" ">
      <subfield code="a">M1</subfield>
      <subfield code="b">M1</subfield>
      <subfield code="x">27710</subfield>
    </datafield>
    <datafield tag="852" ind1=" " ind2=" ">
      <subfield code="a">M1</subfield>
      <subfield code="b">M1</subfield>
      <subfield code="x">28350</subfield>
    </datafield>
    <datafield tag="852" ind1=" " ind2=" ">
      <subfield code="a">M1</subfield>
      <subfield code="b">M1</subfield>
      <subfield code="x">28393</subfield>
    </datafield>
    <datafield tag="852" ind1=" " ind2=" ">
      <subfield code="a">M1</subfield>
      <subfield code="b">M1</subfield>
      <subfield code="x">28422</subfield>
    </datafield>
    <datafield tag="852" ind1=" " ind2=" ">
      <subfield code="a">M1</subfield>
      <subfield code="b">M1</subfield>
      <subfield code="x">29989</subfield>
    </datafield>
    <datafield tag="852" ind1=" " ind2=" ">
      <subfield code="a">M1</subfield>
      <subfield code="b">M1</subfield>
      <subfield code="x">30032</subfield>
    </datafield>
    <datafield tag="852" ind1=" " ind2=" ">
      <subfield code="a">M1</subfield>
      <subfield code="b">M1</subfield>
      <subfield code="x">31495</subfield>
    </datafield>
    <datafield tag="852" ind1=" " ind2=" ">
      <subfield code="a">M1</subfield>
      <subfield code="b">M1</subfield>
      <subfield code="x">32623</subfield>
    </datafield>
    <datafield tag="852" ind1=" " ind2=" ">
      <subfield code="a">M1</subfield>
      <subfield code="b">M1</subfield>
      <subfield code="x">32872</subfield>
    </datafield>
    <datafield tag="852" ind1=" " ind2=" ">
      <subfield code="a">M1</subfield>
      <subfield code="b">M1</subfield>
      <subfield code="x">33057</subfield>
    </datafield>
    <datafield tag="852" ind1=" " ind2=" ">
      <subfield code="a">M1</subfield>
      <subfield code="b">M1</subfield>
      <subfield code="x">34277</subfield>
    </datafield>
    <datafield tag="852" ind1=" " ind2=" ">
      <subfield code="a">M1</subfield>
      <subfield code="b">M1</subfield>
      <subfield code="x">34899</subfield>
    </datafield>
    <datafield tag="852" ind1=" " ind2=" ">
      <subfield code="a">M1</subfield>
      <subfield code="b">M1</subfield>
      <subfield code="x">35534</subfield>
    </datafield>
    <datafield tag="852" ind1=" " ind2=" ">
      <subfield code="a">M1</subfield>
      <subfield code="b">M1</subfield>
      <subfield code="x">36420</subfield>
    </datafield>
    <datafield tag="852" ind1=" " ind2=" ">
      <subfield code="a">M1</subfield>
      <subfield code="b">M1</subfield>
      <subfield code="x">36737</subfield>
    </datafield>
    <datafield tag="852" ind1=" " ind2=" ">
      <subfield code="a">M1</subfield>
      <subfield code="b">M1</subfield>
      <subfield code="x">37635</subfield>
    </datafield>
    <datafield tag="852" ind1=" " ind2=" ">
      <subfield code="a">M1</subfield>
      <subfield code="b">M1</subfield>
      <subfield code="x">70030</subfield>
    </datafield>
    <datafield tag="852" ind1=" " ind2=" ">
      <subfield code="a">M1</subfield>
      <subfield code="b">M1</subfield>
      <subfield code="x">74984</subfield>
    </datafield>
    <datafield tag="852" ind1=" " ind2=" ">
      <subfield code="a">M1</subfield>
      <subfield code="b">M1</subfield>
      <subfield code="x">75752</subfield>
    </datafield>
    <datafield tag="852" ind1=" " ind2=" ">
      <subfield code="a">M1</subfield>
      <subfield code="b">M1</subfield>
      <subfield code="x">77538</subfield>
    </datafield>
    <datafield tag="852" ind1=" " ind2=" ">
      <subfield code="a">M1</subfield>
      <subfield code="b">M1</subfield>
      <subfield code="x">83962</subfield>
    </datafield>
    <datafield tag="852" ind1=" " ind2=" ">
      <subfield code="a">SZ1</subfield>
      <subfield code="b">SZ1</subfield>
      <subfield code="x">bibJAT622646</subfield>
    </datafield>
    <datafield tag="852" ind1=" " ind2=" ">
      <subfield code="a">B2</subfield>
      <subfield code="b">B2</subfield>
      <subfield code="x">267781</subfield>
    </datafield>
    <datafield tag="852" ind1=" " ind2=" ">
      <subfield code="a">SZ1</subfield>
      <subfield code="b">SZ1</subfield>
      <subfield code="x">bibTST00005597</subfield>
    </datafield>
    <datafield tag="852" ind1=" " ind2=" ">
      <subfield code="a">B2</subfield>
      <subfield code="b">B2</subfield>
      <subfield code="x">89648</subfield>
    </datafield>
    <datafield tag="852" ind1=" " ind2=" ">
      <subfield code="a">B2</subfield>
      <subfield code="b">B2</subfield>
      <subfield code="x">92886</subfield>
    </datafield>
    <datafield tag="852" ind1=" " ind2=" ">
      <subfield code="a">B2</subfield>
      <subfield code="b">B2</subfield>
      <subfield code="x">61862</subfield>
    </datafield>
    <datafield tag="852" ind1=" " ind2=" ">
      <subfield code="a">B2</subfield>
      <subfield code="b">B2</subfield>
      <subfield code="x">65152</subfield>
    </datafield>
    <datafield tag="852" ind1=" " ind2=" ">
      <subfield code="a">B2</subfield>
      <subfield code="b">B2</subfield>
      <subfield code="x">67647</subfield>
    </datafield>
    <datafield tag="852" ind1=" " ind2=" ">
      <subfield code="a">B2</subfield>
      <subfield code="b">B2</subfield>
      <subfield code="x">70214</subfield>
    </datafield>
    <datafield tag="852" ind1=" " ind2=" ">
      <subfield code="a">B2</subfield>
      <subfield code="b">B2</subfield>
      <subfield code="x">70582</subfield>
    </datafield>
    <datafield tag="852" ind1=" " ind2=" ">
      <subfield code="a">B2</subfield>
      <subfield code="b">B2</subfield>
      <subfield code="x">75187</subfield>
    </datafield>
    <datafield tag="852" ind1=" " ind2=" ">
      <subfield code="a">B2</subfield>
      <subfield code="b">B2</subfield>
      <subfield code="x">33388</subfield>
    </datafield>
    <datafield tag="852" ind1=" " ind2=" ">
      <subfield code="a">B2</subfield>
      <subfield code="b">B2</subfield>
      <subfield code="x">51333</subfield>
    </datafield>
    <datafield tag="852" ind1=" " ind2=" ">
      <subfield code="a">B2</subfield>
      <subfield code="b">B2</subfield>
      <subfield code="x">56644</subfield>
    </datafield>
    <datafield tag="852" ind1=" " ind2=" ">
      <subfield code="a">SZK1</subfield>
      <subfield code="b">SZK1</subfield>
      <subfield code="x">bibTMK58796</subfield>
    </datafield>
    <datafield tag="852" ind1=" " ind2=" ">
      <subfield code="a">SZ1</subfield>
      <subfield code="b">SZ1</subfield>
      <subfield code="x">bibTST00005558</subfield>
    </datafield>
    <datafield tag="852" ind1=" " ind2=" ">
      <subfield code="a">SZK1</subfield>
      <subfield code="b">SZK1</subfield>
      <subfield code="x">bibTMK155082</subfield>
    </datafield>
    <datafield tag="852" ind1=" " ind2=" ">
      <subfield code="a">BCS1</subfield>
      <subfield code="b">BCS1</subfield>
      <subfield code="x">bibBKO00108938</subfield>
    </datafield>
    <datafield tag="852" ind1=" " ind2=" ">
      <subfield code="a">BCS1</subfield>
      <subfield code="b">BCS1</subfield>
      <subfield code="x">bibBKO00076516</subfield>
    </datafield>
    <datafield tag="852" ind1=" " ind2=" ">
      <subfield code="a">BCS1</subfield>
      <subfield code="b">BCS1</subfield>
      <subfield code="x">bibBKO00076517</subfield>
    </datafield>
    <datafield tag="852" ind1=" " ind2=" ">
      <subfield code="a">B2</subfield>
      <subfield code="b">B2</subfield>
      <subfield code="x">92892</subfield>
    </datafield>
    <datafield tag="852" ind1=" " ind2=" ">
      <subfield code="a">B2</subfield>
      <subfield code="b">B2</subfield>
      <subfield code="x">28321</subfield>
    </datafield>
    <datafield tag="852" ind1=" " ind2=" ">
      <subfield code="a">B2</subfield>
      <subfield code="b">B2</subfield>
      <subfield code="x">81345</subfield>
    </datafield>
    <datafield tag="852" ind1=" " ind2=" ">
      <subfield code="a">SZK1</subfield>
      <subfield code="b">SZK1</subfield>
      <subfield code="x">bibTMK93733</subfield>
    </datafield>
    <datafield tag="852" ind1=" " ind2=" ">
      <subfield code="a">M1</subfield>
      <subfield code="b">M1</subfield>
      <subfield code="x">29371</subfield>
    </datafield>
    <datafield tag="852" ind1=" " ind2=" ">
      <subfield code="a">M1</subfield>
      <subfield code="b">M1</subfield>
      <subfield code="x">29394</subfield>
    </datafield>
    <datafield tag="852" ind1=" " ind2=" ">
      <subfield code="a">SZK1</subfield>
      <subfield code="b">SZK1</subfield>
      <subfield code="x">bibTMK00002039</subfield>
    </datafield>
    <datafield tag="852" ind1=" " ind2=" ">
      <subfield code="a">M1</subfield>
      <subfield code="b">M1</subfield>
      <subfield code="x">91073</subfield>
    </datafield>
    <datafield tag="852" ind1=" " ind2=" ">
      <subfield code="a">SZ1</subfield>
      <subfield code="b">SZ1</subfield>
      <subfield code="x">bibTST00005161</subfield>
    </datafield>
    <datafield tag="852" ind1=" " ind2=" ">
      <subfield code="a">B2</subfield>
      <subfield code="b">B2</subfield>
      <subfield code="x">91761</subfield>
    </datafield>
    <datafield tag="852" ind1=" " ind2=" ">
      <subfield code="a">B2</subfield>
      <subfield code="b">B2</subfield>
      <subfield code="x">92015</subfield>
    </datafield>
    <datafield tag="852" ind1=" " ind2=" ">
      <subfield code="a">B2</subfield>
      <subfield code="b">B2</subfield>
      <subfield code="x">99707</subfield>
    </datafield>
    <datafield tag="852" ind1=" " ind2=" ">
      <subfield code="a">B10</subfield>
      <subfield code="b">B10</subfield>
      <subfield code="x">bibFSZ766778</subfield>
    </datafield>
    <datafield tag="852" ind1=" " ind2=" ">
      <subfield code="a">B2</subfield>
      <subfield code="b">B2</subfield>
      <subfield code="x">320199</subfield>
    </datafield>
    <datafield tag="852" ind1=" " ind2=" ">
      <subfield code="a">B646</subfield>
      <subfield code="b">B646</subfield>
      <subfield code="x">bibMIF20152</subfield>
    </datafield>
    <datafield tag="852" ind1=" " ind2=" ">
      <subfield code="a">B646</subfield>
      <subfield code="b">B646</subfield>
      <subfield code="x">bibMIF20803</subfield>
    </datafield>
    <datafield tag="852" ind1=" " ind2=" ">
      <subfield code="a">B646</subfield>
      <subfield code="b">B646</subfield>
      <subfield code="x">bibMIF21322</subfield>
    </datafield>
    <datafield tag="852" ind1=" " ind2=" ">
      <subfield code="a">B646</subfield>
      <subfield code="b">B646</subfield>
      <subfield code="x">bibMIF21328</subfield>
    </datafield>
    <datafield tag="852" ind1=" " ind2=" ">
      <subfield code="a">B646</subfield>
      <subfield code="b">B646</subfield>
      <subfield code="x">bibMIF21391</subfield>
    </datafield>
    <datafield tag="852" ind1=" " ind2=" ">
      <subfield code="a">B646</subfield>
      <subfield code="b">B646</subfield>
      <subfield code="x">bibMIF21399</subfield>
    </datafield>
    <datafield tag="852" ind1=" " ind2=" ">
      <subfield code="a">B646</subfield>
      <subfield code="b">B646</subfield>
      <subfield code="x">bibMIF21670</subfield>
    </datafield>
    <datafield tag="852" ind1=" " ind2=" ">
      <subfield code="a">B646</subfield>
      <subfield code="b">B646</subfield>
      <subfield code="x">bibMIF21740</subfield>
    </datafield>
    <datafield tag="852" ind1=" " ind2=" ">
      <subfield code="a">B646</subfield>
      <subfield code="b">B646</subfield>
      <subfield code="x">bibMIF21743</subfield>
    </datafield>
    <datafield tag="852" ind1=" " ind2=" ">
      <subfield code="a">B646</subfield>
      <subfield code="b">B646</subfield>
      <subfield code="x">bibMIF21773</subfield>
    </datafield>
    <datafield tag="852" ind1=" " ind2=" ">
      <subfield code="a">B646</subfield>
      <subfield code="b">B646</subfield>
      <subfield code="x">bibMIF22356</subfield>
    </datafield>
    <datafield tag="852" ind1=" " ind2=" ">
      <subfield code="a">B646</subfield>
      <subfield code="b">B646</subfield>
      <subfield code="x">bibMIF22492</subfield>
    </datafield>
    <datafield tag="852" ind1=" " ind2=" ">
      <subfield code="a">B646</subfield>
      <subfield code="b">B646</subfield>
      <subfield code="x">bibMIF22692</subfield>
    </datafield>
    <datafield tag="852" ind1=" " ind2=" ">
      <subfield code="a">B646</subfield>
      <subfield code="b">B646</subfield>
      <subfield code="x">bibMIF23167</subfield>
    </datafield>
    <datafield tag="852" ind1=" " ind2=" ">
      <subfield code="a">B646</subfield>
      <subfield code="b">B646</subfield>
      <subfield code="x">bibMIF24507</subfield>
    </datafield>
    <datafield tag="852" ind1=" " ind2=" ">
      <subfield code="a">B646</subfield>
      <subfield code="b">B646</subfield>
      <subfield code="x">bibMIF24685</subfield>
    </datafield>
    <datafield tag="852" ind1=" " ind2=" ">
      <subfield code="a">B646</subfield>
      <subfield code="b">B646</subfield>
      <subfield code="x">bibMIF24712</subfield>
    </datafield>
    <datafield tag="852" ind1=" " ind2=" ">
      <subfield code="a">B646</subfield>
      <subfield code="b">B646</subfield>
      <subfield code="x">bibMIF24932</subfield>
    </datafield>
    <datafield tag="852" ind1=" " ind2=" ">
      <subfield code="a">B646</subfield>
      <subfield code="b">B646</subfield>
      <subfield code="x">bibMIF25694</subfield>
    </datafield>
    <datafield tag="852" ind1=" " ind2=" ">
      <subfield code="a">B646</subfield>
      <subfield code="b">B646</subfield>
      <subfield code="x">bibMIF27501</subfield>
    </datafield>
    <datafield tag="852" ind1=" " ind2=" ">
      <subfield code="a">B646</subfield>
      <subfield code="b">B646</subfield>
      <subfield code="x">bibMIF27523</subfield>
    </datafield>
    <datafield tag="852" ind1=" " ind2=" ">
      <subfield code="a">B10</subfield>
      <subfield code="b">B10</subfield>
      <subfield code="x">bibFSZ780795</subfield>
    </datafield>
    <datafield tag="852" ind1=" " ind2=" ">
      <subfield code="a">B10</subfield>
      <subfield code="b">B10</subfield>
      <subfield code="x">bibFSZ788061</subfield>
    </datafield>
    <datafield tag="852" ind1=" " ind2=" ">
      <subfield code="a">B2</subfield>
      <subfield code="b">B2</subfield>
      <subfield code="x">244425</subfield>
    </datafield>
    <datafield tag="852" ind1=" " ind2=" ">
      <subfield code="a">B13</subfield>
      <subfield code="b">B13</subfield>
      <subfield code="x">12326</subfield>
    </datafield>
    <datafield tag="852" ind1=" " ind2=" ">
      <subfield code="a">M1</subfield>
      <subfield code="b">M1</subfield>
      <subfield code="x">125704</subfield>
    </datafield>
    <datafield tag="852" ind1=" " ind2=" ">
      <subfield code="a">B13</subfield>
      <subfield code="b">B13</subfield>
      <subfield code="x">38181</subfield>
    </datafield>
    <datafield tag="852" ind1=" " ind2=" ">
      <subfield code="a">B2</subfield>
      <subfield code="b">B2</subfield>
      <subfield code="x">142198</subfield>
    </datafield>
    <datafield tag="852" ind1=" " ind2=" ">
      <subfield code="a">M1</subfield>
      <subfield code="b">M1</subfield>
      <subfield code="x">93837</subfield>
    </datafield>
  </record>
  <record>
    <leader>01008nmm  2200241   4500</leader>
    <controlfield tag="001">MOKKAZ0004727472  </controlfield>
    <controlfield tag="005">20070408070135.0</controlfield>
    <controlfield tag="006">m                 </controlfield>
    <controlfield tag="008">021122s2002                        eng d</controlfield>
    <datafield tag="028" ind1=" " ind2=" ">
      <subfield code="a">EAE08003908D</subfield>
      <subfield code="6">(Disc 1.)</subfield>
    </datafield>
    <datafield tag="028" ind1=" " ind2=" ">
      <subfield code="a">EAE08003908D2</subfield>
      <subfield code="6">(Disc 2.)</subfield>
    </datafield>
    <datafield tag="035" ind1=" " ind2=" ">
      <subfield code="a">bibFSZ841580</subfield>
    </datafield>
    <datafield tag="040" ind1=" " ind2=" ">
      <subfield code="a">FSZEK</subfield>
    </datafield>
    <datafield tag="041" ind1=" " ind2=" ">
      <subfield code="a">eng</subfield>
      <subfield code="b">hun</subfield>
    </datafield>
    <datafield tag="245" ind1="0" ind2="0">
      <subfield code="a">007</subfield>
      <subfield code="h">[Elektronikus dokumentum] :</subfield>
      <subfield code="b">nightfire : James Bond</subfield>
    </datafield>
    <datafield tag="256" ind1=" " ind2=" ">
      <subfield code="a">Játék</subfield>
    </datafield>
    <datafield tag="260" ind1=" " ind2=" ">
      <subfield code="a">[San Matteo] :</subfield>
      <subfield code="b">Electronic Arts Inc. ;</subfield>
      <subfield code="a">Budapest :</subfield>
      <subfield code="b">EcoBIT Multimédia Kft.,</subfield>
      <subfield code="c">cop. 2002</subfield>
    </datafield>
    <datafield tag="300" ind1=" " ind2=" ">
      <subfield code="a">2 CD-ROM ;</subfield>
      <subfield code="c">12 cm +</subfield>
      <subfield code="e">1 kézikönyv (28 p. : ill.)</subfield>
    </datafield>
    <datafield tag="538" ind1=" " ind2=" ">
      <subfield code="a">Működési követelmények: Pentium 500 MHz; 128 MB RAM; 8x CD-ROM meghajtó; 500 MB merevlemez kapacitás; 32 MB PCI vagy AGP grafikuskártya; DirectX 8.1 (lemezen) komp. videó- és hangkártya; Direct 3D gyorsító; Windows 98/2000/ME/XP</subfield>
    </datafield>
    <datafield tag="546" ind1=" " ind2=" ">
      <subfield code="a">Az útmutató magyar nyelven</subfield>
    </datafield>
    <datafield tag="695" ind1=" " ind2="1">
      <subfield code="a">játék</subfield>
    </datafield>
    <datafield tag="695" ind1=" " ind2="1">
      <subfield code="a">akció</subfield>
    </datafield>
    <datafield tag="852" ind1=" " ind2=" ">
      <subfield code="a">B10</subfield>
      <subfield code="B">0801</subfield>
      <subfield code="B">1106</subfield>
      <subfield code="B">1201</subfield>
      <subfield code="B">1803</subfield>
      <subfield code="b">0401</subfield>
      <subfield code="x">bibFSZ841580</subfield>
    </datafield>
  </record>
  <record>
    <leader>01116nmm  2200277   4500</leader>
    <controlfield tag="001">MOKKAN0004249388  </controlfield>
    <controlfield tag="005">20070408132118.0</controlfield>
    <controlfield tag="006">m                 </controlfield>
    <controlfield tag="008">      c20042002                    eng d</controlfield>
    <datafield tag="028" ind1=" " ind2=" ">
      <subfield code="a">EAE08003908D</subfield>
      <subfield code="6">(Disc 1.)</subfield>
    </datafield>
    <datafield tag="028" ind1=" " ind2=" ">
      <subfield code="a">EAE08003908D2</subfield>
      <subfield code="6">(Disc 2.)</subfield>
    </datafield>
    <datafield tag="035" ind1=" " ind2=" ">
      <subfield code="a">bibFSZ1080603</subfield>
    </datafield>
    <datafield tag="040" ind1=" " ind2=" ">
      <subfield code="a">FSZEK</subfield>
    </datafield>
    <datafield tag="041" ind1=" " ind2=" ">
      <subfield code="a">eng</subfield>
      <subfield code="b">czehun</subfield>
    </datafield>
    <datafield tag="245" ind1="0" ind2="0">
      <subfield code="a">007</subfield>
      <subfield code="h">[Elektronikus dokumentum] :</subfield>
      <subfield code="b">nightfire</subfield>
    </datafield>
    <datafield tag="246" ind1=" " ind2="8">
      <subfield code="a">James Bond 007</subfield>
    </datafield>
    <datafield tag="256" ind1=" " ind2=" ">
      <subfield code="a">Játék</subfield>
    </datafield>
    <datafield tag="260" ind1=" " ind2=" ">
      <subfield code="a">[San Matteo] :</subfield>
      <subfield code="b">Electronic Arts Inc. ;</subfield>
      <subfield code="a">Budapest :</subfield>
      <subfield code="b">Electronic Arts Magyarország Kft.,</subfield>
      <subfield code="c">[2004], cop. 2002</subfield>
    </datafield>
    <datafield tag="300" ind1=" " ind2=" ">
      <subfield code="a">2 CD-ROM ;</subfield>
      <subfield code="c">12 cm +</subfield>
      <subfield code="e">1 kézikönyv ([60] p. : ill.)</subfield>
    </datafield>
    <datafield tag="490" ind1="1" ind2=" ">
      <subfield code="a">(EA games classics)</subfield>
    </datafield>
    <datafield tag="538" ind1=" " ind2=" ">
      <subfield code="a">Működési követelmények: Intel Pentium III 500 MHz; 128 MB RAM; 8x CD-ROM meghajtó; 675 MB merevlemez kapacitás; 32 MB PCI vagy AGP grafikuskártya; DirectX 8.1 (lemezen) komp. videó- és hangkártya; Direct 3D gyorsító; Windows 98/2000/ME/XP</subfield>
    </datafield>
    <datafield tag="546" ind1=" " ind2=" ">
      <subfield code="a">Az útmutató cseh és magyar nyelven</subfield>
    </datafield>
    <datafield tag="695" ind1=" " ind2="1">
      <subfield code="a">játék</subfield>
    </datafield>
    <datafield tag="695" ind1=" " ind2="1">
      <subfield code="a">akció</subfield>
    </datafield>
    <datafield tag="830" ind1=" " ind2="0">
      <subfield code="a">EA games classics</subfield>
    </datafield>
    <datafield tag="852" ind1=" " ind2=" ">
      <subfield code="a">B10</subfield>
      <subfield code="b">B10</subfield>
      <subfield code="x">bibFSZ1080603</subfield>
    </datafield>
  </record>
  <record>
    <leader>00653cgm  22002171  4500</leader>
    <controlfield tag="001">MOKKAZ0004597337  </controlfield>
    <controlfield tag="005">20040910083552.0</controlfield>
    <controlfield tag="007">z </controlfield>
    <controlfield tag="008">      s1996                        und d</controlfield>
    <datafield tag="035" ind1=" " ind2=" ">
      <subfield code="a">bibFSZ00443573</subfield>
    </datafield>
    <datafield tag="040" ind1=" " ind2=" ">
      <subfield code="a">FSZEK</subfield>
    </datafield>
    <datafield tag="100" ind1="1" ind2=" ">
      <subfield code="a">Gilbert, Lewis</subfield>
    </datafield>
    <datafield tag="240" ind1=" " ind2=" ">
      <subfield code="a">You only live twice</subfield>
    </datafield>
    <datafield tag="245" ind1="1" ind2="0">
      <subfield code="a">007 : Csak kétszer élsz</subfield>
      <subfield code="h">[Videofelvétel] /</subfield>
      <subfield code="c">Gilbert, Lewis (rendező)</subfield>
    </datafield>
    <datafield tag="260" ind1=" " ind2=" ">
      <subfield code="a">Budapest :</subfield>
      <subfield code="b">Intercom,</subfield>
      <subfield code="c">1996</subfield>
    </datafield>
    <datafield tag="300" ind1=" " ind2=" ">
      <subfield code="a">videokazetta :</subfield>
      <subfield code="b">színes, mb.</subfield>
    </datafield>
    <datafield tag="306" ind1=" " ind2=" ">
      <subfield code="a">110 min</subfield>
    </datafield>
    <datafield tag="695" ind1=" " ind2="1">
      <subfield code="a">akciófilm</subfield>
    </datafield>
    <datafield tag="695" ind1=" " ind2="1">
      <subfield code="a">amerikai</subfield>
    </datafield>
    <datafield tag="700" ind1="1" ind2=" ">
      <subfield code="a">Connery, Sean</subfield>
      <subfield code="4">szereplő</subfield>
    </datafield>
    <datafield tag="852" ind1=" " ind2=" ">
      <subfield code="a">B10</subfield>
      <subfield code="B">2000</subfield>
      <subfield code="B">1102</subfield>
      <subfield code="B">1803</subfield>
      <subfield code="B">1103</subfield>
      <subfield code="B">0403</subfield>
      <subfield code="B">0702</subfield>
      <subfield code="B">0703</subfield>
      <subfield code="b">0904</subfield>
      <subfield code="x">bibFSZ00443573</subfield>
    </datafield>
  </record>
  <record>
    <leader>00625njm  2200205   4500</leader>
    <controlfield tag="001">MOKKAS0002244553  </controlfield>
    <controlfield tag="005">20060526022945.0</controlfield>
    <controlfield tag="008">991012 1995    enk  nn          1  eng  </controlfield>
    <datafield tag="028" ind1=" " ind2=" ">
      <subfield code="a">8 41048 2</subfield>
      <subfield code="b">EMI</subfield>
    </datafield>
    <datafield tag="035" ind1=" " ind2=" ">
      <subfield code="a">bibSOK00122166</subfield>
    </datafield>
    <datafield tag="040" ind1=" " ind2=" ">
      <subfield code="a">SK</subfield>
    </datafield>
    <datafield tag="100" ind1="1" ind2=" ">
      <subfield code="a">Serra, Eric</subfield>
    </datafield>
    <datafield tag="245" ind1="1" ind2="0">
      <subfield code="a">007 - GoldenEye</subfield>
      <subfield code="h">[Hgf.] /</subfield>
      <subfield code="c">original score by Eric Serra ; dir. by Martin Campbell</subfield>
    </datafield>
    <datafield tag="260" ind1=" " ind2=" ">
      <subfield code="a">[London] :</subfield>
      <subfield code="b">EMI,</subfield>
      <subfield code="c">cop. 1995</subfield>
    </datafield>
    <datafield tag="300" ind1=" " ind2=" ">
      <subfield code="a">1 CD :</subfield>
      <subfield code="b">sztereó ;</subfield>
      <subfield code="c">12 cm +</subfield>
      <subfield code="e">mell.</subfield>
    </datafield>
    <datafield tag="505" ind1="0" ind2="0">
      <subfield code="t">[007 - Aranyszem, filmzene]</subfield>
    </datafield>
    <datafield tag="511" ind1="2" ind2=" ">
      <subfield code="a">Eric Serra ; Tina Turner</subfield>
    </datafield>
    <datafield tag="695" ind1=" " ind2=" ">
      <subfield code="a">Filmzene</subfield>
    </datafield>
    <datafield tag="700" ind1="1" ind2=" ">
      <subfield code="a">Campbell, Martin</subfield>
    </datafield>
    <datafield tag="852" ind1=" " ind2=" ">
      <subfield code="a">SZ4</subfield>
      <subfield code="b">SZ4</subfield>
      <subfield code="x">bibSOK00122166</subfield>
    </datafield>
  </record>
  <record>
    <leader>00791cgm  22002411  4500</leader>
    <controlfield tag="001">MOKKAZ0004598229  </controlfield>
    <controlfield tag="005">20040910083620.0</controlfield>
    <controlfield tag="007">z </controlfield>
    <controlfield tag="008">      s1997                        und d</controlfield>
    <datafield tag="035" ind1=" " ind2=" ">
      <subfield code="a">bibFSZ00444453</subfield>
    </datafield>
    <datafield tag="040" ind1=" " ind2=" ">
      <subfield code="a">FSZEK</subfield>
    </datafield>
    <datafield tag="100" ind1="1" ind2=" ">
      <subfield code="a">Hunt, Peter</subfield>
    </datafield>
    <datafield tag="240" ind1=" " ind2=" ">
      <subfield code="a">On her majesty's secret service</subfield>
    </datafield>
    <datafield tag="245" ind1="1" ind2="0">
      <subfield code="a">007 : Őfelsége titkosszolgálatában</subfield>
      <subfield code="h">[Videofelvétel] /</subfield>
      <subfield code="c">Hunt, Peter (rendező)</subfield>
    </datafield>
    <datafield tag="260" ind1=" " ind2=" ">
      <subfield code="a">Budapest :</subfield>
      <subfield code="b">Intercom,</subfield>
      <subfield code="c">1997</subfield>
    </datafield>
    <datafield tag="300" ind1=" " ind2=" ">
      <subfield code="a">videokazetta :</subfield>
      <subfield code="b">színes, mb.</subfield>
    </datafield>
    <datafield tag="306" ind1=" " ind2=" ">
      <subfield code="a">144 min</subfield>
    </datafield>
    <datafield tag="695" ind1=" " ind2="1">
      <subfield code="a">akciófilm</subfield>
    </datafield>
    <datafield tag="695" ind1=" " ind2="1">
      <subfield code="a">amerikai</subfield>
    </datafield>
    <datafield tag="700" ind1="1" ind2=" ">
      <subfield code="a">Lazenby, George</subfield>
      <subfield code="4">szereplő</subfield>
    </datafield>
    <datafield tag="700" ind1="1" ind2=" ">
      <subfield code="a">Rigg, Diana</subfield>
      <subfield code="4">szereplő</subfield>
    </datafield>
    <datafield tag="700" ind1="1" ind2=" ">
      <subfield code="a">Savalas, Telly</subfield>
      <subfield code="4">szereplő</subfield>
    </datafield>
    <datafield tag="852" ind1=" " ind2=" ">
      <subfield code="a">B10</subfield>
      <subfield code="B">2301</subfield>
      <subfield code="B">2103</subfield>
      <subfield code="B">0203</subfield>
      <subfield code="B">0902</subfield>
      <subfield code="B">0403</subfield>
      <subfield code="B">0901</subfield>
      <subfield code="B">1602</subfield>
      <subfield code="B">1404</subfield>
      <subfield code="B">0903</subfield>
      <subfield code="B">1302</subfield>
      <subfield code="B">1106</subfield>
      <subfield code="B">1504</subfield>
      <subfield code="B">0305</subfield>
      <subfield code="b">1803</subfield>
      <subfield code="x">bibFSZ00444453</subfield>
    </datafield>
  </record>
  <record>
    <leader>00982fjm  2200229 i 4500</leader>
    <controlfield tag="001">MOKKAZ0003741751  </controlfield>
    <controlfield tag="005">20040909215126.0</controlfield>
    <controlfield tag="008">010423c2003    hu                  hun d</controlfield>
    <datafield tag="028" ind1="0" ind2="0">
      <subfield code="a">980 681-3</subfield>
    </datafield>
    <datafield tag="035" ind1=" " ind2=" ">
      <subfield code="a">bibFSZ888973</subfield>
    </datafield>
    <datafield tag="040" ind1=" " ind2=" ">
      <subfield code="a">DEENK</subfield>
    </datafield>
    <datafield tag="041" ind1=" " ind2=" ">
      <subfield code="d">hun</subfield>
      <subfield code="g">hun</subfield>
    </datafield>
    <datafield tag="110" ind1="2" ind2=" ">
      <subfield code="a">Bon Bon</subfield>
    </datafield>
    <datafield tag="245" ind1="1" ind2="0">
      <subfield code="a">008</subfield>
      <subfield code="h">[Hgf.] /</subfield>
      <subfield code="c">Bon Bon</subfield>
    </datafield>
    <datafield tag="260" ind1=" " ind2=" ">
      <subfield code="a">Budapest :</subfield>
      <subfield code="b">Universal Music,</subfield>
      <subfield code="c">cop. 2003</subfield>
    </datafield>
    <datafield tag="300" ind1=" " ind2=" ">
      <subfield code="a">1 CD ;</subfield>
      <subfield code="c">12 cm +</subfield>
      <subfield code="e">szövegmelléklet</subfield>
    </datafield>
    <datafield tag="306" ind1=" " ind2=" ">
      <subfield code="a">(46 min 56 s)</subfield>
    </datafield>
    <datafield tag="505" ind1="0" ind2=" ">
      <subfield code="t">C'est la vie +</subfield>
      <subfield code="t">Csak egy dal +</subfield>
      <subfield code="t">Jól vagyok +</subfield>
      <subfield code="t">Gyermekeimnek +</subfield>
      <subfield code="t">Váratlan vendég +</subfield>
      <subfield code="t">Egy úr az űrből +</subfield>
      <subfield code="t">Szállj be! +</subfield>
      <subfield code="t">Harmadik menet +</subfield>
      <subfield code="t">Boldog szülinapot! +</subfield>
      <subfield code="t">Élvezd a percet! +</subfield>
      <subfield code="t">Valami Amerika +</subfield>
      <subfield code="t">Hanta palánták +</subfield>
      <subfield code="t">C'est la vie +</subfield>
      <subfield code="t">Jól vagyok</subfield>
    </datafield>
    <datafield tag="511" ind1="2" ind2=" ">
      <subfield code="a">Bob Bon</subfield>
    </datafield>
    <datafield tag="852" ind1=" " ind2=" ">
      <subfield code="a">D1</subfield>
      <subfield code="b">D1/Z</subfield>
      <subfield code="x">bibFSZ888973</subfield>
    </datafield>
    <datafield tag="852" ind1=" " ind2=" ">
      <subfield code="a">B10</subfield>
      <subfield code="B">1004</subfield>
      <subfield code="B">1901</subfield>
      <subfield code="B">0801</subfield>
      <subfield code="B">1803</subfield>
      <subfield code="B">0902</subfield>
      <subfield code="B">1504</subfield>
      <subfield code="B">1304</subfield>
      <subfield code="B">0305</subfield>
      <subfield code="B">2301</subfield>
      <subfield code="B">2101</subfield>
      <subfield code="B">1501</subfield>
      <subfield code="B">2104</subfield>
      <subfield code="B">1308</subfield>
      <subfield code="B">1306</subfield>
      <subfield code="B">1201</subfield>
      <subfield code="B">0901</subfield>
      <subfield code="B">1105</subfield>
      <subfield code="B">0404</subfield>
      <subfield code="B">2002</subfield>
      <subfield code="B">1402</subfield>
      <subfield code="B">0703</subfield>
      <subfield code="b">1601</subfield>
      <subfield code="x">bibFSZ888973</subfield>
    </datafield>
    <datafield tag="852" ind1=" " ind2=" ">
      <subfield code="a">B10</subfield>
      <subfield code="B">1803</subfield>
      <subfield code="b">1305</subfield>
      <subfield code="x">bibFSZ892113</subfield>
    </datafield>
  </record>
  <record>
    <leader>00986fjm  2200229 i 4500</leader>
    <controlfield tag="001">MOKKAZ0003741754  </controlfield>
    <controlfield tag="005">20040909215126.0</controlfield>
    <controlfield tag="008">010423c2003    hu                  hun d</controlfield>
    <datafield tag="028" ind1="0" ind2="0">
      <subfield code="a">980 681-4</subfield>
    </datafield>
    <datafield tag="035" ind1=" " ind2=" ">
      <subfield code="a">bibKLT00334346</subfield>
    </datafield>
    <datafield tag="040" ind1=" " ind2=" ">
      <subfield code="a">DEENK</subfield>
    </datafield>
    <datafield tag="041" ind1=" " ind2=" ">
      <subfield code="d">hun</subfield>
      <subfield code="g">hun</subfield>
    </datafield>
    <datafield tag="110" ind1="2" ind2=" ">
      <subfield code="a">Bon Bon</subfield>
    </datafield>
    <datafield tag="245" ind1="1" ind2="0">
      <subfield code="a">008</subfield>
      <subfield code="h">[Hgf.] /</subfield>
      <subfield code="c">Bon Bon</subfield>
    </datafield>
    <datafield tag="260" ind1=" " ind2=" ">
      <subfield code="a">Budapest :</subfield>
      <subfield code="b">Universal Music,</subfield>
      <subfield code="c">cop. 2003</subfield>
    </datafield>
    <datafield tag="300" ind1=" " ind2=" ">
      <subfield code="a">1 hangkazetta +</subfield>
      <subfield code="e">szövegmelléklet</subfield>
    </datafield>
    <datafield tag="306" ind1=" " ind2=" ">
      <subfield code="a">(46 min 56 s)</subfield>
    </datafield>
    <datafield tag="505" ind1="0" ind2=" ">
      <subfield code="t">C'est la vie +</subfield>
      <subfield code="t">Csak egy dal +</subfield>
      <subfield code="t">Jól vagyok +</subfield>
      <subfield code="t">Gyermekeimnek +</subfield>
      <subfield code="t">Váratlan vendég +</subfield>
      <subfield code="t">Egy úr az űrből +</subfield>
      <subfield code="t">Szállj be! +</subfield>
      <subfield code="t">Harmadik menet +</subfield>
      <subfield code="t">Boldog szülinapot! +</subfield>
      <subfield code="t">Élvezd a percet! +</subfield>
      <subfield code="t">Valami Amerika +</subfield>
      <subfield code="t">Hanta palánták +</subfield>
      <subfield code="t">C'est la vie +</subfield>
      <subfield code="t">Jól vagyok</subfield>
    </datafield>
    <datafield tag="511" ind1="2" ind2=" ">
      <subfield code="a">Bob Bon</subfield>
    </datafield>
    <datafield tag="852" ind1=" " ind2=" ">
      <subfield code="a">D1</subfield>
      <subfield code="b">D1/Z</subfield>
      <subfield code="x">bibKLT00334346</subfield>
    </datafield>
    <datafield tag="852" ind1=" " ind2=" ">
      <subfield code="a">B10</subfield>
      <subfield code="B">1004</subfield>
      <subfield code="B">1901</subfield>
      <subfield code="B">0801</subfield>
      <subfield code="B">1803</subfield>
      <subfield code="B">0902</subfield>
      <subfield code="B">1504</subfield>
      <subfield code="B">1304</subfield>
      <subfield code="B">0305</subfield>
      <subfield code="B">2301</subfield>
      <subfield code="B">2101</subfield>
      <subfield code="B">1501</subfield>
      <subfield code="B">2104</subfield>
      <subfield code="B">1308</subfield>
      <subfield code="B">1306</subfield>
      <subfield code="B">1201</subfield>
      <subfield code="B">0901</subfield>
      <subfield code="B">1105</subfield>
      <subfield code="B">0404</subfield>
      <subfield code="B">2002</subfield>
      <subfield code="B">1402</subfield>
      <subfield code="B">0703</subfield>
      <subfield code="b">1601</subfield>
      <subfield code="x">bibFSZ888973</subfield>
    </datafield>
    <datafield tag="852" ind1=" " ind2=" ">
      <subfield code="a">B10</subfield>
      <subfield code="B">1803</subfield>
      <subfield code="b">1305</subfield>
      <subfield code="x">bibFSZ892113</subfield>
    </datafield>
  </record>
  <record>
    <leader>00338njm  2200133 i 4500</leader>
    <controlfield tag="001">MOKKAS0001570939  </controlfield>
    <controlfield tag="005">20060113220557.0</controlfield>
    <controlfield tag="008">050903b        hu            00010 hun d</controlfield>
    <datafield tag="028" ind1="0" ind2="0">
      <subfield code="a">980 681-3</subfield>
    </datafield>
    <datafield tag="035" ind1=" " ind2=" ">
      <subfield code="a">bibVFK00031215</subfield>
    </datafield>
    <datafield tag="040" ind1=" " ind2=" ">
      <subfield code="a">VFMK</subfield>
    </datafield>
    <datafield tag="245" ind1="0" ind2="0">
      <subfield code="a">008</subfield>
      <subfield code="h">[Hangfelvétel]</subfield>
    </datafield>
    <datafield tag="710" ind1="2" ind2=" ">
      <subfield code="a">Bon Bon (Budapest)</subfield>
      <subfield code="4">egy.</subfield>
    </datafield>
    <datafield tag="852" ind1=" " ind2=" ">
      <subfield code="a">SZL1</subfield>
      <subfield code="b">SZL1</subfield>
      <subfield code="x">bibVFK00031215</subfield>
    </datafield>
  </record>
  <record>
    <leader>00602njm  2200229 i 4500</leader>
    <controlfield tag="001">MOKKAS0001220200  </controlfield>
    <controlfield tag="005">20060112152155.0</controlfield>
    <controlfield tag="008">      s1996    hu            00010 eng d</controlfield>
    <datafield tag="028" ind1="0" ind2="0">
      <subfield code="a">TCD 1027</subfield>
    </datafield>
    <datafield tag="035" ind1=" " ind2=" ">
      <subfield code="a">bibRFK00002309</subfield>
    </datafield>
    <datafield tag="040" ind1=" " ind2=" ">
      <subfield code="a">RFMK</subfield>
    </datafield>
    <datafield tag="041" ind1=" " ind2=" ">
      <subfield code="a">eng</subfield>
    </datafield>
    <datafield tag="245" ind1="0" ind2="0">
      <subfield code="a">00 bop</subfield>
      <subfield code="h">[Hangfelvétel] /</subfield>
      <subfield code="c">Dizzy Gillespie [trumpet]</subfield>
    </datafield>
    <datafield tag="260" ind1=" " ind2=" ">
      <subfield code="a">London :</subfield>
      <subfield code="b">Tradition,</subfield>
      <subfield code="c">cop. 1996</subfield>
    </datafield>
    <datafield tag="300" ind1=" " ind2=" ">
      <subfield code="a">1 db CD ;</subfield>
      <subfield code="c">12 cm</subfield>
    </datafield>
    <datafield tag="650" ind1=" " ind2="5">
      <subfield code="a">jazz</subfield>
    </datafield>
    <datafield tag="650" ind1=" " ind2="5">
      <subfield code="a">trombita</subfield>
    </datafield>
    <datafield tag="650" ind1=" " ind2="5">
      <subfield code="a">szaxofon</subfield>
    </datafield>
    <datafield tag="650" ind1=" " ind2="5">
      <subfield code="a">zongora</subfield>
    </datafield>
    <datafield tag="650" ind1=" " ind2="5">
      <subfield code="a">ének</subfield>
    </datafield>
    <datafield tag="700" ind1="1" ind2=" ">
      <subfield code="a">Gillespie, Dizzy</subfield>
      <subfield code="4">hangszeres szólista, tr.</subfield>
    </datafield>
    <datafield tag="852" ind1=" " ind2=" ">
      <subfield code="a">M2</subfield>
      <subfield code="b">M2</subfield>
      <subfield code="x">bibRFK00002309</subfield>
    </datafield>
  </record>
  <record>
    <leader>00264nam  2200109 i 4500</leader>
    <controlfield tag="001">MOKKAS0001166182  </controlfield>
    <controlfield tag="005">20060114202924.0</controlfield>
    <controlfield tag="008">050903b        hu            00010 hun d</controlfield>
    <datafield tag="035" ind1=" " ind2=" ">
      <subfield code="a">bibBKO00204258</subfield>
    </datafield>
    <datafield tag="040" ind1=" " ind2=" ">
      <subfield code="a">BMK</subfield>
    </datafield>
    <datafield tag="245" ind1="0" ind2="0">
      <subfield code="a">0-12 éves kor</subfield>
    </datafield>
    <datafield tag="852" ind1=" " ind2=" ">
      <subfield code="a">BCS1</subfield>
      <subfield code="b">BCS1</subfield>
      <subfield code="x">bibBKO00204258</subfield>
    </datafield>
  </record>
  <record>
    <leader>00484nama 22001691i 4500</leader>
    <controlfield tag="001">MOKKAS0000654038  </controlfield>
    <controlfield tag="005">20060118103032.0</controlfield>
    <controlfield tag="008">041001s1961    pl            000 0 polod</controlfield>
    <datafield tag="035" ind1=" " ind2=" ">
      <subfield code="a">1412935</subfield>
    </datafield>
    <datafield tag="040" ind1=" " ind2=" ">
      <subfield code="a">OSZK</subfield>
    </datafield>
    <datafield tag="041" ind1="0" ind2=" ">
      <subfield code="a">polpol</subfield>
    </datafield>
    <datafield tag="100" ind1="1" ind2=" ">
      <subfield code="a">Labuda, Gerard</subfield>
    </datafield>
    <datafield tag="245" ind1="1" ind2="0">
      <subfield code="a">017Bródla, sagi i legendy do najdawniejszych dziejow Polski /</subfield>
      <subfield code="c">Gerard Labuda</subfield>
    </datafield>
    <datafield tag="260" ind1=" " ind2=" ">
      <subfield code="a">Warszawa :</subfield>
      <subfield code="b">Panst. Wyd. Naukowe,</subfield>
      <subfield code="c">[1961]</subfield>
    </datafield>
    <datafield tag="300" ind1=" " ind2=" ">
      <subfield code="a">345 p. ;</subfield>
      <subfield code="c">25 cm</subfield>
    </datafield>
    <datafield tag="651" ind1=" " ind2="4">
      <subfield code="a">Lengyelország</subfield>
    </datafield>
    <datafield tag="852" ind1=" " ind2=" ">
      <subfield code="a">B1</subfield>
      <subfield code="b">B1</subfield>
      <subfield code="x">1412935</subfield>
    </datafield>
  </record>
  <record>
    <leader>00755cam  2200193 i 4500</leader>
    <controlfield tag="001">MOKKAZ0005274623  </controlfield>
    <controlfield tag="005">20070313082609.0</controlfield>
    <controlfield tag="008">020509s1909    hu a          00010 hun d</controlfield>
    <datafield tag="035" ind1=" " ind2=" ">
      <subfield code="a">159493</subfield>
    </datafield>
    <datafield tag="040" ind1=" " ind2=" ">
      <subfield code="a">MEKLM</subfield>
    </datafield>
    <datafield tag="041" ind1="0" ind2=" ">
      <subfield code="a">hun</subfield>
    </datafield>
    <datafield tag="100" ind1="1" ind2=" ">
      <subfield code="a">Fasching Antal</subfield>
    </datafield>
    <datafield tag="245" ind1="1" ind2="0">
      <subfield code="a">0.1 hosszegységre éles koordináta-táblázat sokszögvonalak számítására /</subfield>
      <subfield code="c">kidolg. .... Fasching Antal</subfield>
    </datafield>
    <datafield tag="260" ind1=" " ind2=" ">
      <subfield code="a">Bp. :</subfield>
      <subfield code="b">M. Kir. Áll. Ny.,</subfield>
      <subfield code="c">1909</subfield>
    </datafield>
    <datafield tag="300" ind1=" " ind2=" ">
      <subfield code="a">15, 12 p. :</subfield>
      <subfield code="b">ill. ;</subfield>
      <subfield code="c">41 cm</subfield>
    </datafield>
    <datafield tag="505" ind1="0" ind2=" ">
      <subfield code="a">Tart. még: 001.1 hosszegységre éles koordináta-táblázat sokszögvonalak számítására.</subfield>
    </datafield>
    <datafield tag="650" ind1="0" ind2="4">
      <subfield code="a">geodézia</subfield>
      <subfield code="x">koordinátaszámítás</subfield>
      <subfield code="x">táblázat</subfield>
    </datafield>
    <datafield tag="740" ind1="0" ind2=" ">
      <subfield code="a">001.1 hosszegységre éles koordináta-táblázat sokszögvonalak számítására</subfield>
    </datafield>
    <datafield tag="852" ind1=" " ind2=" ">
      <subfield code="a">M1</subfield>
      <subfield code="b">M1</subfield>
      <subfield code="x">159493</subfield>
    </datafield>
  </record>
  <record>
    <leader>01324nam  2200241 i 4500</leader>
    <controlfield tag="001">MOKKAW0005617153  </controlfield>
    <controlfield tag="005">20080416045430.0</controlfield>
    <controlfield tag="008">940814s1959    hu            000 0 hun d</controlfield>
    <datafield tag="035" ind1=" " ind2=" ">
      <subfield code="a">BMEOMIKK000174965</subfield>
    </datafield>
    <datafield tag="040" ind1=" " ind2=" ">
      <subfield code="a">BMEOMIKK</subfield>
    </datafield>
    <datafield tag="041" ind1="0" ind2=" ">
      <subfield code="a">hun</subfield>
    </datafield>
    <datafield tag="044" ind1=" " ind2=" ">
      <subfield code="a">hu</subfield>
    </datafield>
    <datafield tag="245" ind1="0" ind2="0">
      <subfield code="a">02/59 Kip. M. szabvány szerinti pamutipari nyüstösgép alkatrészeinek műhelyrajz-gyűjteménye /</subfield>
      <subfield code="c">[összeáll. Pálinkás András] ; [közr. a] Könnyűipari Gépalkatrész- és Anyagforgalmazó Vállalat. Staubl rendszerű pamutipari nyüstösgép alkatrészeinek műhelyrajz-gyűjteménye. Staubl rendszerű lenipari nyüstösgép alkatrészeinek műhelyrajz-gyűjteménye</subfield>
    </datafield>
    <datafield tag="260" ind1=" " ind2=" ">
      <subfield code="a">Budapest :</subfield>
      <subfield code="b">Könnyűipari Gépalkatrész- és Anyagforgalmazó Vállalat,</subfield>
      <subfield code="c">1959</subfield>
    </datafield>
    <datafield tag="300" ind1=" " ind2=" ">
      <subfield code="a">32 fol., [115] t. ;</subfield>
      <subfield code="c">20x31 cm</subfield>
    </datafield>
    <datafield tag="490" ind1="1" ind2=" ">
      <subfield code="a">Könnyűipari gépalkatrészek kézikönyve</subfield>
      <subfield code="v">4-6.</subfield>
    </datafield>
    <datafield tag="653" ind1=" " ind2=" ">
      <subfield code="a">Nyüstösgép alkatrész, műhelyrajz-gyűjtemény</subfield>
    </datafield>
    <datafield tag="700" ind1="1" ind2=" ">
      <subfield code="a">Pálinkás András</subfield>
    </datafield>
    <datafield tag="710" ind1="2" ind2=" ">
      <subfield code="a">Könnyűipari Gépalkatrész- és Anyagforgalmazó Vállalat</subfield>
    </datafield>
    <datafield tag="740" ind1="0" ind2=" ">
      <subfield code="a">Staubl rendszerű pamutipari nyüstösgép alkatrészeinek műhelyrajz-gyűjteménye</subfield>
    </datafield>
    <datafield tag="740" ind1="0" ind2=" ">
      <subfield code="a">Staubl rendszerű lenipari nyüstösgép alkatrészeinek műhelyrajz-gyűjteménye</subfield>
    </datafield>
    <datafield tag="830" ind1=" " ind2="0">
      <subfield code="a">Könnyűipari gépalkatrészek kézikönyve</subfield>
    </datafield>
    <datafield tag="852" ind1=" " ind2=" ">
      <subfield code="a">B11</subfield>
      <subfield code="b">B11</subfield>
      <subfield code="x">BMEOMIKK000174965</subfield>
    </datafield>
  </record>
  <record>
    <leader>00707njm  2200181   4500</leader>
    <controlfield tag="001">MOKKAZ0004744072  </controlfield>
    <controlfield tag="005">20040910095732.0</controlfield>
    <controlfield tag="008">991029s2003                        eng d</controlfield>
    <datafield tag="028" ind1=" " ind2=" ">
      <subfield code="a">7567-93209-2</subfield>
    </datafield>
    <datafield tag="035" ind1=" " ind2=" ">
      <subfield code="a">bibFSZ928217</subfield>
    </datafield>
    <datafield tag="040" ind1=" " ind2=" ">
      <subfield code="a">FSZEK</subfield>
    </datafield>
    <datafield tag="100" ind1="0" ind2=" ">
      <subfield code="a">Jewel</subfield>
    </datafield>
    <datafield tag="245" ind1="1" ind2="0">
      <subfield code="a">0304</subfield>
      <subfield code="h">[Hangfelvétel] /</subfield>
      <subfield code="c">Jewel</subfield>
    </datafield>
    <datafield tag="260" ind1=" " ind2=" ">
      <subfield code="a">New York :</subfield>
      <subfield code="b">Atlantic Recording Co.,</subfield>
      <subfield code="c">cop. 2003</subfield>
    </datafield>
    <datafield tag="300" ind1=" " ind2=" ">
      <subfield code="a">1 CD (59 min 23 s) ;</subfield>
      <subfield code="c">12 cm +</subfield>
      <subfield code="e">1 füz.</subfield>
    </datafield>
    <datafield tag="505" ind1="0" ind2="0">
      <subfield code="t">Stand ;</subfield>
      <subfield code="t">Run 2 u ;</subfield>
      <subfield code="t">Intuition ;</subfield>
      <subfield code="t">Leave the lights on ;</subfield>
      <subfield code="t">2 find u ;</subfield>
      <subfield code="t">Fragile heart ;</subfield>
      <subfield code="t">Doin' fine ;</subfield>
      <subfield code="t">2 become 1 ;</subfield>
      <subfield code="t">Haunted ;</subfield>
      <subfield code="t">Sweet temptation ;</subfield>
      <subfield code="t">Yes u can ;</subfield>
      <subfield code="t">U &amp; me = love ;</subfield>
      <subfield code="t">America ;</subfield>
      <subfield code="t">Becoming ;</subfield>
      <subfield code="t">Intuition</subfield>
    </datafield>
    <datafield tag="695" ind1=" " ind2="1">
      <subfield code="a">pop</subfield>
    </datafield>
    <datafield tag="852" ind1=" " ind2=" ">
      <subfield code="a">B10</subfield>
      <subfield code="B">0703</subfield>
      <subfield code="B">1803</subfield>
      <subfield code="B">0801</subfield>
      <subfield code="b">1308</subfield>
      <subfield code="x">bibFSZ928217</subfield>
    </datafield>
  </record>
  <record>
    <leader>00810nmm  2200253 r 4500</leader>
    <controlfield tag="001">MOKKAW0005967603  </controlfield>
    <controlfield tag="005">20080828164216.0</controlfield>
    <controlfield tag="008">060725c2006    hu         j        slo 1</controlfield>
    <datafield tag="035" ind1=" " ind2=" ">
      <subfield code="a">MEK-03951</subfield>
    </datafield>
    <datafield tag="040" ind1=" " ind2=" ">
      <subfield code="a">MEK</subfield>
    </datafield>
    <datafield tag="100" ind1="1" ind2="0">
      <subfield code="a">Himmler György</subfield>
    </datafield>
    <datafield tag="245" ind1="1" ind2="6">
      <subfield code="a">&amp;#0352;túrovo</subfield>
      <subfield code="c">Himmler György ;</subfield>
    </datafield>
    <datafield tag="260" ind1="0" ind2=" ">
      <subfield code="c">2006</subfield>
    </datafield>
    <datafield tag="490" ind1=" " ind2="0">
      <subfield code="a">Honismereti kiskönyvtár</subfield>
      <subfield code="v">10.</subfield>
    </datafield>
    <datafield tag="500" ind1=" " ind2=" ">
      <subfield code="a">útikönyv</subfield>
    </datafield>
    <datafield tag="534" ind1=" " ind2=" ">
      <subfield code="a">&amp;#0352;túrovo / Juraj HimmlerKomárom : KT K., 2006(Honismereti kiskönyvtár ; 10. )ISBN 80 889804 07 8</subfield>
    </datafield>
    <datafield tag="650" ind1=" " ind2=" ">
      <subfield code="a">Helytörténet, helyismeret</subfield>
    </datafield>
    <datafield tag="650" ind1=" " ind2=" ">
      <subfield code="a">Külföldi országok, városok</subfield>
    </datafield>
    <datafield tag="650" ind1=" " ind2=" ">
      <subfield code="a">helyismeret</subfield>
      <subfield code="c">Párkány</subfield>
    </datafield>
    <datafield tag="650" ind1=" " ind2=" ">
      <subfield code="a">látnivaló</subfield>
      <subfield code="c">&amp;#0352;túrovo</subfield>
    </datafield>
    <datafield tag="650" ind1=" " ind2=" ">
      <subfield code="c">Szlovákia</subfield>
    </datafield>
    <datafield tag="852" ind1=" " ind2=" ">
      <subfield code="a">B1</subfield>
      <subfield code="b">B1/2</subfield>
      <subfield code="x">MEK-03951</subfield>
    </datafield>
    <datafield tag="856" ind1="4" ind2=" ">
      <subfield code="u">http://mek.oszk.hu/03900/03951</subfield>
      <subfield code="x">MEK</subfield>
    </datafield>
    <datafield tag="856" ind1="4" ind2=" ">
      <subfield code="u">urn:nbn:hu-5942</subfield>
      <subfield code="x">MEK</subfield>
    </datafield>
  </record>
  <record>
    <leader>00611nama 22001691i 4500</leader>
    <controlfield tag="001">MOKKAS0000527411  </controlfield>
    <controlfield tag="005">20060117211525.0</controlfield>
    <controlfield tag="008">040903s1958    hu            000 0 hunod</controlfield>
    <datafield tag="035" ind1=" " ind2=" ">
      <subfield code="a">1286204</subfield>
    </datafield>
    <datafield tag="040" ind1=" " ind2=" ">
      <subfield code="a">OSZK</subfield>
    </datafield>
    <datafield tag="041" ind1="0" ind2=" ">
      <subfield code="a">hunhun</subfield>
    </datafield>
    <datafield tag="100" ind1="1" ind2=" ">
      <subfield code="a">Kántor Károly</subfield>
    </datafield>
    <datafield tag="245" ind1="1" ind2="0">
      <subfield code="a">0-4 atmoszféra nyomású csővezetékekben alkalmazható, egyszerű elektromágneses folyadékcsap /</subfield>
      <subfield code="c">Kántor Károly ; [kiad. a] Magyar Tudományos Akadémia</subfield>
    </datafield>
    <datafield tag="260" ind1=" " ind2=" ">
      <subfield code="a">Budapest :</subfield>
      <subfield code="b">Akad. Kiadó,</subfield>
      <subfield code="c">1958</subfield>
      <subfield code="e">([Szeged]</subfield>
      <subfield code="f">Szegedi Ny.)</subfield>
    </datafield>
    <datafield tag="300" ind1=" " ind2=" ">
      <subfield code="a">p. 373-374. ;</subfield>
      <subfield code="c">24 cm</subfield>
    </datafield>
    <datafield tag="580" ind1=" " ind2=" ">
      <subfield code="a">Klny. a Magyar Fizikai Folyóiratból</subfield>
    </datafield>
    <datafield tag="852" ind1=" " ind2=" ">
      <subfield code="a">B1</subfield>
      <subfield code="b">B1</subfield>
      <subfield code="x">1286204</subfield>
    </datafield>
  </record>
  <record>
    <leader>00874aam  2200229 ir4500</leader>
    <controlfield tag="001">MOKKAZ0006236065  </controlfield>
    <controlfield tag="005">20040915182457.0</controlfield>
    <controlfield tag="008">940509t19811980hu            000 0 hun d</controlfield>
    <datafield tag="020" ind1=" " ind2=" ">
      <subfield code="a">963-02-1742-2 (fűzött)</subfield>
    </datafield>
    <datafield tag="035" ind1=" " ind2=" ">
      <subfield code="a">534566</subfield>
    </datafield>
    <datafield tag="040" ind1=" " ind2=" ">
      <subfield code="a">OSZK</subfield>
    </datafield>
    <datafield tag="041" ind1="0" ind2=" ">
      <subfield code="a">hunhun</subfield>
    </datafield>
    <datafield tag="072" ind1=" " ind2="1">
      <subfield code="a">U</subfield>
    </datafield>
    <datafield tag="100" ind1="1" ind2=" ">
      <subfield code="a">Vereczkei János</subfield>
    </datafield>
    <datafield tag="245" ind1="1" ind2="0">
      <subfield code="a">0,4 kV-os lemeztokozású elosztóberendezések tervezése 630 A és 2500 A áramerősségig /</subfield>
      <subfield code="c">a programot és a tervezésismertetőt készítették Vereczkei János, Murányi Aladár, Semsey Péter</subfield>
    </datafield>
    <datafield tag="260" ind1=" " ind2=" ">
      <subfield code="a">[Budapest] :</subfield>
      <subfield code="b">Uvaterv,</subfield>
      <subfield code="c">1980 [!1981]</subfield>
      <subfield code="e">([Budapest]</subfield>
      <subfield code="f">Uvaterv Soksz.)</subfield>
    </datafield>
    <datafield tag="300" ind1=" " ind2=" ">
      <subfield code="a">108 p. ;</subfield>
      <subfield code="c">29 cm</subfield>
    </datafield>
    <datafield tag="490" ind1="1" ind2=" ">
      <subfield code="a">Elektromos tervezések elektronikus számítógéppel</subfield>
      <subfield code="x">0139-3065</subfield>
    </datafield>
    <datafield tag="700" ind1="1" ind2="0">
      <subfield code="a">Murányi Aladár</subfield>
    </datafield>
    <datafield tag="700" ind1="1" ind2="0">
      <subfield code="a">Semsey Péter</subfield>
    </datafield>
    <datafield tag="830" ind1=" " ind2="0">
      <subfield code="a">Elektromos tervezések elektronikus számítógéppel</subfield>
    </datafield>
    <datafield tag="852" ind1=" " ind2=" ">
      <subfield code="a">B1</subfield>
      <subfield code="b">B1</subfield>
      <subfield code="x">534566</subfield>
    </datafield>
  </record>
  <record>
    <leader>00921njm  2200193   4500</leader>
    <controlfield tag="001">MOKKAN0004287621  </controlfield>
    <controlfield tag="005">20070409185027.0</controlfield>
    <controlfield tag="008">010323s1994                        eng d</controlfield>
    <datafield tag="028" ind1=" " ind2=" ">
      <subfield code="a">477984 2</subfield>
    </datafield>
    <datafield tag="028" ind1=" " ind2=" ">
      <subfield code="a">01-477984-10</subfield>
    </datafield>
    <datafield tag="035" ind1=" " ind2=" ">
      <subfield code="a">bibFSZ97003</subfield>
    </datafield>
    <datafield tag="040" ind1=" " ind2=" ">
      <subfield code="a">FSZEK</subfield>
    </datafield>
    <datafield tag="110" ind1="2" ind2=" ">
      <subfield code="a">Ned's Atomic Dustbin</subfield>
    </datafield>
    <datafield tag="245" ind1="1" ind2="0">
      <subfield code="a">0.522</subfield>
      <subfield code="h">[Hangfelvétel] /</subfield>
      <subfield code="c">Ned's Atomic Dustbin</subfield>
    </datafield>
    <datafield tag="260" ind1=" " ind2=" ">
      <subfield code="a">[S.l.] :</subfield>
      <subfield code="b">Sony Music Entertainment (UK) Limited,</subfield>
      <subfield code="c">cop. 1994</subfield>
    </datafield>
    <datafield tag="300" ind1=" " ind2=" ">
      <subfield code="a">1 CD (76 min 42 s) ;</subfield>
      <subfield code="c">12 cm + </subfield>
      <subfield code="e">1 t.</subfield>
    </datafield>
    <datafield tag="505" ind1="0" ind2="0">
      <subfield code="t">Saturday night ;</subfield>
      <subfield code="t">Scrawl ;</subfield>
      <subfield code="t">Aim ;</subfield>
      <subfield code="t">Bite ;</subfield>
      <subfield code="t">Faceless ;</subfield>
      <subfield code="t">I'v never been tome ; </subfield>
      <subfield code="t">Grey cell green ;</subfield>
      <subfield code="t">Cut up (tartans houlders mix) ;</subfield>
      <subfield code="t">Kill your remix ;</subfield>
      <subfield code="t">Wirey ;</subfield>
      <subfield code="t">Flexible head ;</subfield>
      <subfield code="t">Sentence ;</subfield>
      <subfield code="t">Prostrate ;</subfield>
      <subfield code="t">Terminally groovie ;</subfield>
      <subfield code="t">Nadv.ndx=intact ;</subfield>
      <subfield code="t">Twenty three hour tooth hache ;</subfield>
      <subfield code="t">Titch ;</subfield>
      <subfield code="t">Plugmein ;</subfield>
      <subfield code="t">That's nice ;</subfield>
      <subfield code="t">nadv.ndx=nsa ;</subfield>
      <subfield code="t">Perfectly rounded ;</subfield>
      <subfield code="t">45 second blunder</subfield>
    </datafield>
    <datafield tag="695" ind1=" " ind2="1">
      <subfield code="a">heavy metal</subfield>
    </datafield>
    <datafield tag="852" ind1=" " ind2=" ">
      <subfield code="a">B10</subfield>
      <subfield code="b">0401</subfield>
      <subfield code="x">bibFSZ97003</subfield>
    </datafield>
  </record>
  <record>
    <leader>00737aam  2200217 ir4500</leader>
    <controlfield tag="001">MOKKAZ0004966379  </controlfield>
    <controlfield tag="005">20040910122143.0</controlfield>
    <controlfield tag="008">830215m19829999hu            00000 hun 1</controlfield>
    <datafield tag="020" ind1=" " ind2=" ">
      <subfield code="a">963-326-459-6</subfield>
    </datafield>
    <datafield tag="035" ind1=" " ind2=" ">
      <subfield code="a">963 326 459 6</subfield>
    </datafield>
    <datafield tag="040" ind1=" " ind2=" ">
      <subfield code="a">PTE</subfield>
    </datafield>
    <datafield tag="245" ind1="0" ind2="0">
      <subfield code="a">0-6 éves gyermekek egészségügyi ellátása rendkívüli körülmények között /</subfield>
      <subfield code="c">[szerk. Kassai Péter] ; [írta Baksa József et al.]</subfield>
    </datafield>
    <datafield tag="260" ind1=" " ind2=" ">
      <subfield code="a">Budapest :</subfield>
      <subfield code="b">Zrínyi,</subfield>
      <subfield code="c">1982</subfield>
      <subfield code="e">([Pécs] :</subfield>
      <subfield code="f">Pécsi Szikra)</subfield>
    </datafield>
    <datafield tag="300" ind1=" " ind2=" ">
      <subfield code="a">4 db :</subfield>
      <subfield code="b">ill. ;</subfield>
      <subfield code="c">20 cm</subfield>
    </datafield>
    <datafield tag="650" ind1=" " ind2="4">
      <subfield code="a">oxiológia</subfield>
      <subfield code="x">gyermekek</subfield>
      <subfield code="x">0-6 évesek</subfield>
    </datafield>
    <datafield tag="700" ind1="1" ind2=" ">
      <subfield code="a">Baksa József</subfield>
    </datafield>
    <datafield tag="700" ind1="1" ind2=" ">
      <subfield code="a">Bognár Márta</subfield>
    </datafield>
    <datafield tag="700" ind1="1" ind2=" ">
      <subfield code="a">Dénes János</subfield>
    </datafield>
    <datafield tag="700" ind1="1" ind2=" ">
      <subfield code="a">Köteles György</subfield>
      <subfield code="d">(1934-)</subfield>
    </datafield>
    <datafield tag="700" ind1="1" ind2=" ">
      <subfield code="a">Kassai Péter</subfield>
    </datafield>
    <datafield tag="852" ind1=" " ind2=" ">
      <subfield code="a">P1</subfield>
      <subfield code="b">P1</subfield>
      <subfield code="x">963 326 459 6</subfield>
    </datafield>
  </record>
  <record>
    <leader>00601nam  22001695i 4500</leader>
    <controlfield tag="001">MOKKAZ0003387743  </controlfield>
    <controlfield tag="005">20040909184411.0</controlfield>
    <controlfield tag="008">961205s1982    hu a          00010 hun d</controlfield>
    <datafield tag="035" ind1=" " ind2=" ">
      <subfield code="a">bibKLT00123579</subfield>
    </datafield>
    <datafield tag="040" ind1=" " ind2=" ">
      <subfield code="a">DEENK</subfield>
    </datafield>
    <datafield tag="245" ind1="0" ind2="0">
      <subfield code="a">0-6 éves gyermekek egészségügyi ellátása rendkívüli körülmények között /</subfield>
      <subfield code="c">[írta Baksa József et al.] ; [szerk. Kassai Péter] ; [ill. Pusztay Zsóka]</subfield>
    </datafield>
    <datafield tag="260" ind1=" " ind2=" ">
      <subfield code="a">Budapest :</subfield>
      <subfield code="b">Zrínyi Katonai Kiadó,</subfield>
      <subfield code="c">1982</subfield>
    </datafield>
    <datafield tag="300" ind1=" " ind2=" ">
      <subfield code="a">247 p. :</subfield>
      <subfield code="b">ill. ;</subfield>
      <subfield code="c">20 cm</subfield>
    </datafield>
    <datafield tag="700" ind1="1" ind2=" ">
      <subfield code="a">Baksa József</subfield>
    </datafield>
    <datafield tag="700" ind1="1" ind2=" ">
      <subfield code="a">Kassai Péter</subfield>
    </datafield>
    <datafield tag="700" ind1="1" ind2=" ">
      <subfield code="a">Pusztay Zsóka</subfield>
    </datafield>
    <datafield tag="852" ind1=" " ind2=" ">
      <subfield code="a">D1</subfield>
      <subfield code="b">D1</subfield>
      <subfield code="x">bibKLT00123579</subfield>
    </datafield>
  </record>
  <record>
    <leader>00731aam  2200241 ir4500</leader>
    <controlfield tag="001">MOKKAZ0006276745  </controlfield>
    <controlfield tag="005">20040915184604.0</controlfield>
    <controlfield tag="008">940510m19829999hu            000 0 hun d</controlfield>
    <datafield tag="020" ind1=" " ind2=" ">
      <subfield code="a">963-326-459-6</subfield>
    </datafield>
    <datafield tag="035" ind1=" " ind2=" ">
      <subfield code="a">668645</subfield>
    </datafield>
    <datafield tag="040" ind1=" " ind2=" ">
      <subfield code="a">OSZK</subfield>
    </datafield>
    <datafield tag="041" ind1="0" ind2=" ">
      <subfield code="a">hun</subfield>
    </datafield>
    <datafield tag="072" ind1=" " ind2="1">
      <subfield code="a">T</subfield>
    </datafield>
    <datafield tag="245" ind1="1" ind2="0">
      <subfield code="a">0-6 éves gyermekek egészségügyi ellátása rendkívüli körülmények között /</subfield>
      <subfield code="c">[szerk. Kassai Péter]</subfield>
    </datafield>
    <datafield tag="260" ind1=" " ind2=" ">
      <subfield code="a">Budapest :</subfield>
      <subfield code="b">Zrínyi,</subfield>
      <subfield code="c">1982</subfield>
      <subfield code="e">([Pécs]</subfield>
      <subfield code="f">Pécsi Szikra)</subfield>
    </datafield>
    <datafield tag="300" ind1=" " ind2=" ">
      <subfield code="a">4 db :</subfield>
      <subfield code="b">ill. ;</subfield>
      <subfield code="c">20 cm</subfield>
    </datafield>
    <datafield tag="700" ind1="1" ind2=" ">
      <subfield code="a">Kassai Péter</subfield>
      <subfield code="4">(szerk.)</subfield>
    </datafield>
    <datafield tag="700" ind1="1" ind2="3">
      <subfield code="a">Baksa József</subfield>
    </datafield>
    <datafield tag="700" ind1="1" ind2="3">
      <subfield code="a">Bognár Márta</subfield>
    </datafield>
    <datafield tag="700" ind1="1" ind2="3">
      <subfield code="a">Dénes János</subfield>
      <subfield code="d">(1914-1985)</subfield>
    </datafield>
    <datafield tag="700" ind1="1" ind2="3">
      <subfield code="a">Kassai Péter</subfield>
    </datafield>
    <datafield tag="700" ind1="1" ind2="3">
      <subfield code="a">Köteles György</subfield>
      <subfield code="d">(1934-)</subfield>
    </datafield>
    <datafield tag="852" ind1=" " ind2=" ">
      <subfield code="a">B1</subfield>
      <subfield code="b">B1</subfield>
      <subfield code="x">668645</subfield>
    </datafield>
  </record>
  <record>
    <leader>00564cam  2200181 a 4500</leader>
    <controlfield tag="001">MOKKAZ0005369221  </controlfield>
    <controlfield tag="005">20040910174336.0</controlfield>
    <controlfield tag="008">980421c        hu            00010 hun d</controlfield>
    <datafield tag="035" ind1=" " ind2=" ">
      <subfield code="a">15117</subfield>
    </datafield>
    <datafield tag="040" ind1=" " ind2=" ">
      <subfield code="a">SEKK</subfield>
    </datafield>
    <datafield tag="041" ind1="0" ind2=" ">
      <subfield code="a">hun</subfield>
    </datafield>
    <datafield tag="245" ind1="1" ind2="0">
      <subfield code="a">0-6 éves gyermekek egészségügyi ellátása rendkivüli körülmények között</subfield>
      <subfield code="b">/</subfield>
      <subfield code="c">szerk. Kassi Péter</subfield>
    </datafield>
    <datafield tag="260" ind1="0" ind2="0">
      <subfield code="a">Budapest :</subfield>
      <subfield code="b">Zrinyi Katonai Kiadó,</subfield>
      <subfield code="c">1982.</subfield>
    </datafield>
    <datafield tag="300" ind1=" " ind2=" ">
      <subfield code="a">247 p. ;</subfield>
      <subfield code="c">20 cm.</subfield>
    </datafield>
    <datafield tag="650" ind1="1" ind2="4">
      <subfield code="a">Egészségügyi ellátás</subfield>
      <subfield code="x">Gyermek</subfield>
    </datafield>
    <datafield tag="650" ind1="1" ind2="4">
      <subfield code="a">Health care</subfield>
      <subfield code="x">Child</subfield>
    </datafield>
    <datafield tag="700" ind1="1" ind2="0">
      <subfield code="a">Kassai Péter</subfield>
    </datafield>
    <datafield tag="852" ind1=" " ind2=" ">
      <subfield code="a">B13</subfield>
      <subfield code="b">B13</subfield>
      <subfield code="x">15117</subfield>
    </datafield>
  </record>
  <record>
    <leader>00531nam  2200157   4500</leader>
    <controlfield tag="001">MOKKAS0002260961  </controlfield>
    <controlfield tag="005">20060618012241.0</controlfield>
    <controlfield tag="008">850829 1980    hu                  hun  </controlfield>
    <datafield tag="020" ind1=" " ind2=" ">
      <subfield code="a">(Fűzött)</subfield>
    </datafield>
    <datafield tag="035" ind1=" " ind2=" ">
      <subfield code="a">bibSOK00138432</subfield>
    </datafield>
    <datafield tag="040" ind1=" " ind2=" ">
      <subfield code="a">SK</subfield>
    </datafield>
    <datafield tag="245" ind1="0" ind2="0">
      <subfield code="a">0-700 :</subfield>
      <subfield code="b">Motorcsónak Világbajnokság : World Chamionship : Hungary, Szeged, 1991. július 20-21.</subfield>
    </datafield>
    <datafield tag="260" ind1=" " ind2=" ">
      <subfield code="a">[Szeged] :</subfield>
      <subfield code="b">[Magyar Motorcsónak Szövetség],</subfield>
      <subfield code="c">[1991]</subfield>
    </datafield>
    <datafield tag="300" ind1=" " ind2=" ">
      <subfield code="a">24 p. :</subfield>
      <subfield code="b">ill. ;</subfield>
      <subfield code="c">20 cm</subfield>
    </datafield>
    <datafield tag="650" ind1=" " ind2="7">
      <subfield code="a">Motorcsónaksport</subfield>
      <subfield code="x">verseny</subfield>
      <subfield code="2">szte</subfield>
    </datafield>
    <datafield tag="852" ind1=" " ind2=" ">
      <subfield code="a">SZ4</subfield>
      <subfield code="b">SZ4</subfield>
      <subfield code="x">bibSOK00138432</subfield>
    </datafield>
  </record>
  <record>
    <leader>00557cam  22001697  4500</leader>
    <controlfield tag="001">MOKKAZ0004366370  </controlfield>
    <controlfield tag="005">20040910063630.0</controlfield>
    <controlfield tag="008">      s1930                        ger d</controlfield>
    <datafield tag="035" ind1=" " ind2=" ">
      <subfield code="a">bibFSZ00212399</subfield>
    </datafield>
    <datafield tag="040" ind1=" " ind2=" ">
      <subfield code="a">FSZEK</subfield>
    </datafield>
    <datafield tag="100" ind1="1" ind2=" ">
      <subfield code="a">Eckart, Paul Guido</subfield>
    </datafield>
    <datafield tag="245" ind1="1" ind2="0">
      <subfield code="a">\073 11 Arbeitsgerichtsgesetz : </subfield>
      <subfield code="b">die Prozessvertretung vor d. Arbeitsgerichten unt. spez. Würdigung d. Ausschlusses d. Anwälte /</subfield>
      <subfield code="c">Paul Guido Eckart</subfield>
    </datafield>
    <datafield tag="260" ind1=" " ind2=" ">
      <subfield code="a">Erlangen :</subfield>
      <subfield code="b">[S.n.],</subfield>
      <subfield code="c">1930</subfield>
    </datafield>
    <datafield tag="300" ind1=" " ind2=" ">
      <subfield code="a">43 p.</subfield>
    </datafield>
    <datafield tag="500" ind1=" " ind2=" ">
      <subfield code="a">Diss.</subfield>
    </datafield>
    <datafield tag="500" ind1=" " ind2=" ">
      <subfield code="a">Bibliogr.: p. 5-8.</subfield>
    </datafield>
    <datafield tag="852" ind1=" " ind2=" ">
      <subfield code="a">B10</subfield>
      <subfield code="b">0801</subfield>
      <subfield code="x">bibFSZ00212399</subfield>
    </datafield>
  </record>
  <record>
    <leader>00318cam  22001217  4500</leader>
    <controlfield tag="001">MOKKAZ0004436115  </controlfield>
    <controlfield tag="005">20040910071146.0</controlfield>
    <controlfield tag="008">      s1959                        und d</controlfield>
    <datafield tag="035" ind1=" " ind2=" ">
      <subfield code="a">bibFSZ00282208</subfield>
    </datafield>
    <datafield tag="040" ind1=" " ind2=" ">
      <subfield code="a">FSZEK</subfield>
    </datafield>
    <datafield tag="245" ind1="0" ind2="0">
      <subfield code="a">08/15 /</subfield>
      <subfield code="c">Hans Hellmut Kirst</subfield>
    </datafield>
    <datafield tag="260" ind1=" " ind2=" ">
      <subfield code="a">[S.l.] :</subfield>
      <subfield code="b">[S.n.],</subfield>
      <subfield code="c">1959</subfield>
    </datafield>
    <datafield tag="852" ind1=" " ind2=" ">
      <subfield code="a">B10</subfield>
      <subfield code="b">0801</subfield>
      <subfield code="x">bibFSZ00282208</subfield>
    </datafield>
  </record>
  <record>
    <leader>00317cam  22001217  4500</leader>
    <controlfield tag="001">MOKKAZ0004393866  </controlfield>
    <controlfield tag="005">20040910065024.0</controlfield>
    <controlfield tag="008">      s1963                        und d</controlfield>
    <datafield tag="035" ind1=" " ind2=" ">
      <subfield code="a">bibFSZ00239923</subfield>
    </datafield>
    <datafield tag="040" ind1=" " ind2=" ">
      <subfield code="a">FSZEK</subfield>
    </datafield>
    <datafield tag="245" ind1="0" ind2="0">
      <subfield code="a">08/15 /</subfield>
      <subfield code="c">Hans Helmut Kirst</subfield>
    </datafield>
    <datafield tag="260" ind1=" " ind2=" ">
      <subfield code="a">[S.l.] :</subfield>
      <subfield code="b">[S.n.],</subfield>
      <subfield code="c">1963</subfield>
    </datafield>
    <datafield tag="852" ind1=" " ind2=" ">
      <subfield code="a">B10</subfield>
      <subfield code="b">0801</subfield>
      <subfield code="x">bibFSZ00239923</subfield>
    </datafield>
  </record>
  <record>
    <leader>00483cam  22001457  4500</leader>
    <controlfield tag="001">MOKKAZ0004362659  </controlfield>
    <controlfield tag="005">20100915104424.0</controlfield>
    <controlfield tag="008">      s1956                        und d</controlfield>
    <datafield tag="035" ind1=" " ind2=" ">
      <subfield code="a">bibFSZ00208681</subfield>
    </datafield>
    <datafield tag="040" ind1=" " ind2=" ">
      <subfield code="a">FSZEK</subfield>
    </datafield>
    <datafield tag="245" ind1="0" ind2="0">
      <subfield code="a">08-15 avagy Asch őrvezető kalandos lázadása : </subfield>
      <subfield code="b">regény /</subfield>
      <subfield code="c">Hans Helmut Kirst ; ford. Szabó Jenő</subfield>
    </datafield>
    <datafield tag="260" ind1=" " ind2=" ">
      <subfield code="a">[S.l.] :</subfield>
      <subfield code="b">[S.n.],</subfield>
      <subfield code="c">1956</subfield>
    </datafield>
    <datafield tag="650" ind1=" " ind2="7">
      <subfield code="a">Spanyol irodalom</subfield>
      <subfield code="x">Kuba</subfield>
      <subfield code="x">regény</subfield>
      <subfield code="2">szte</subfield>
    </datafield>
    <datafield tag="852" ind1=" " ind2=" ">
      <subfield code="a">B10</subfield>
      <subfield code="b">0801</subfield>
      <subfield code="x">bibFSZ00208681</subfield>
    </datafield>
    <datafield tag="852" ind1=" " ind2=" ">
      <subfield code="a">SZ1</subfield>
      <subfield code="b">SZ1/R1</subfield>
      <subfield code="x">4090892</subfield>
    </datafield>
  </record>
  <record>
    <leader>00694nam  2200193 i 4500</leader>
    <controlfield tag="001">MOKKAW0005553117  </controlfield>
    <controlfield tag="005">20080519124408.0</controlfield>
    <controlfield tag="008">050629s1956                        hun d</controlfield>
    <datafield tag="035" ind1=" " ind2=" ">
      <subfield code="a">NLVK462410</subfield>
    </datafield>
    <datafield tag="040" ind1=" " ind2=" ">
      <subfield code="a">NLVK</subfield>
    </datafield>
    <datafield tag="041" ind1="0" ind2=" ">
      <subfield code="a">hun</subfield>
    </datafield>
    <datafield tag="100" ind1="1" ind2=" ">
      <subfield code="a">Kirst, Hans Hellmut</subfield>
      <subfield code="d">(1914-1989)</subfield>
    </datafield>
    <datafield tag="245" ind1="1" ind2="0">
      <subfield code="a">08-15 avagy Asch őrvezető kalandos lázadása : </subfield>
      <subfield code="b">regény /</subfield>
      <subfield code="c">Hans Hellmut Kirst  ; [ford. Szabó Jenő] ; [... az illusztrációkat Hegedűs István kész.]</subfield>
    </datafield>
    <datafield tag="260" ind1=" " ind2=" ">
      <subfield code="a">Budapest :</subfield>
      <subfield code="b">Új Magyar Könyvkiadó,</subfield>
      <subfield code="c">1956</subfield>
    </datafield>
    <datafield tag="300" ind1=" " ind2=" ">
      <subfield code="a">359 p. :</subfield>
      <subfield code="b">ill. ;</subfield>
      <subfield code="c">20 cm</subfield>
    </datafield>
    <datafield tag="700" ind1="1" ind2=" ">
      <subfield code="a">Szabó Jenő</subfield>
      <subfield code="4">(ford.)</subfield>
    </datafield>
    <datafield tag="700" ind1="1" ind2=" ">
      <subfield code="a">Hegedűs István</subfield>
      <subfield code="d">(1932-)</subfield>
      <subfield code="4">(ill.)</subfield>
    </datafield>
    <datafield tag="852" ind1=" " ind2=" ">
      <subfield code="a">H1</subfield>
      <subfield code="b">H1</subfield>
      <subfield code="x">NLVK462410</subfield>
    </datafield>
    <datafield tag="852" ind1=" " ind2=" ">
      <subfield code="a">P1</subfield>
      <subfield code="b">P1</subfield>
      <subfield code="x">MOKKAW0005553117</subfield>
    </datafield>
  </record>
  <record>
    <leader>00883cam  2200241   4500</leader>
    <controlfield tag="001">MOKKAZ0004521991  </controlfield>
    <controlfield tag="005">20040910075601.0</controlfield>
    <controlfield tag="008">      s1957                        hun d</controlfield>
    <datafield tag="020" ind1=" " ind2=" ">
      <subfield code="a">(kötött) :</subfield>
    </datafield>
    <datafield tag="035" ind1=" " ind2=" ">
      <subfield code="a">bibFSZ00368255</subfield>
    </datafield>
    <datafield tag="040" ind1=" " ind2=" ">
      <subfield code="a">FSZEK</subfield>
    </datafield>
    <datafield tag="100" ind1="1" ind2=" ">
      <subfield code="a">Kirst, Hans Hellmut</subfield>
      <subfield code="d">(1914-1989)</subfield>
    </datafield>
    <datafield tag="240" ind1=" " ind2=" ">
      <subfield code="a">Null-Acht Fünfzehn</subfield>
    </datafield>
    <datafield tag="245" ind1="1" ind2="0">
      <subfield code="a">08-15 avagy Asch őrvezető kalandos lázadása :</subfield>
      <subfield code="b">regény /</subfield>
      <subfield code="c">Hans Hellmut Kirst ; [ford. Szabó Jenő] ; [... az illusztrációkat Hegedűs István kész.]</subfield>
    </datafield>
    <datafield tag="250" ind1=" " ind2=" ">
      <subfield code="a">2. kiad.</subfield>
    </datafield>
    <datafield tag="260" ind1=" " ind2=" ">
      <subfield code="a">Budapest :</subfield>
      <subfield code="b">Európa,</subfield>
      <subfield code="c">1957</subfield>
    </datafield>
    <datafield tag="300" ind1=" " ind2=" ">
      <subfield code="a">373, [1] p. :</subfield>
      <subfield code="b">ill. ;</subfield>
      <subfield code="c">19 cm</subfield>
    </datafield>
    <datafield tag="650" ind1=" " ind2="4">
      <subfield code="a">Regény</subfield>
    </datafield>
    <datafield tag="680" ind1=" " ind2="0">
      <subfield code="a">magyar nyelven</subfield>
      <subfield code="a">német irodalom, regény</subfield>
    </datafield>
    <datafield tag="700" ind1="1" ind2=" ">
      <subfield code="a">Szabó Jenő</subfield>
      <subfield code="d">(1910-)</subfield>
      <subfield code="c">(író)</subfield>
      <subfield code="c">(műfordító)</subfield>
      <subfield code="4">ford.</subfield>
    </datafield>
    <datafield tag="700" ind1="1" ind2=" ">
      <subfield code="a">Hegedűs István</subfield>
      <subfield code="d">(1932-)</subfield>
      <subfield code="c">(grafikus)</subfield>
      <subfield code="4">ill.</subfield>
    </datafield>
    <datafield tag="852" ind1=" " ind2=" ">
      <subfield code="a">B10</subfield>
      <subfield code="b">1401</subfield>
      <subfield code="x">bibFSZ00368255</subfield>
    </datafield>
    <datafield tag="852" ind1=" " ind2=" ">
      <subfield code="a">ST1</subfield>
      <subfield code="b">ST1</subfield>
      <subfield code="x">bibBBM82931</subfield>
    </datafield>
  </record>
  <record>
    <leader>00618nama 22001931i 4500</leader>
    <controlfield tag="001">MOKKAS0000467593  </controlfield>
    <controlfield tag="005">20060117174430.0</controlfield>
    <controlfield tag="008">040630s1956    hu            000 0 hunod</controlfield>
    <datafield tag="035" ind1=" " ind2=" ">
      <subfield code="a">1226368</subfield>
    </datafield>
    <datafield tag="040" ind1=" " ind2=" ">
      <subfield code="a">OSZK</subfield>
    </datafield>
    <datafield tag="041" ind1="1" ind2=" ">
      <subfield code="a">hunhun</subfield>
      <subfield code="h">ger</subfield>
    </datafield>
    <datafield tag="100" ind1="1" ind2=" ">
      <subfield code="a">Kirst, Hans Hellmut</subfield>
    </datafield>
    <datafield tag="240" ind1="1" ind2="0">
      <subfield code="a">NullAcht fünfzehn</subfield>
      <subfield code="l">(magyar)</subfield>
    </datafield>
    <datafield tag="245" ind1="1" ind2="0">
      <subfield code="a">08-15 avagy : regény /</subfield>
      <subfield code="c">Hans Hellmut Kirst ; [ford. Szabó Jenő] ; [ill. Hegedűs István]</subfield>
    </datafield>
    <datafield tag="260" ind1=" " ind2=" ">
      <subfield code="a">Budapest :</subfield>
      <subfield code="b">Új M. Kiadó,</subfield>
      <subfield code="c">1956</subfield>
      <subfield code="e">(Budapest</subfield>
      <subfield code="f">Szikra Ny.)</subfield>
    </datafield>
    <datafield tag="300" ind1=" " ind2=" ">
      <subfield code="a">359 p. ;</subfield>
      <subfield code="c">20 cm</subfield>
    </datafield>
    <datafield tag="700" ind1="1" ind2=" ">
      <subfield code="a">Szabó Jenő</subfield>
      <subfield code="4">(ford.)</subfield>
    </datafield>
    <datafield tag="700" ind1="1" ind2=" ">
      <subfield code="a">Hegedűs István</subfield>
      <subfield code="4">(ill.)</subfield>
    </datafield>
    <datafield tag="852" ind1=" " ind2=" ">
      <subfield code="a">B1</subfield>
      <subfield code="b">B1</subfield>
      <subfield code="x">1226368</subfield>
    </datafield>
  </record>
  <record>
    <leader>00671nama 22002051i 4500</leader>
    <controlfield tag="001">MOKKAS0000470539  </controlfield>
    <controlfield tag="005">20060117175522.0</controlfield>
    <controlfield tag="008">040630s1957    hu            000 0 hunod</controlfield>
    <datafield tag="035" ind1=" " ind2=" ">
      <subfield code="a">1229314</subfield>
    </datafield>
    <datafield tag="040" ind1=" " ind2=" ">
      <subfield code="a">OSZK</subfield>
    </datafield>
    <datafield tag="041" ind1="1" ind2=" ">
      <subfield code="a">hunhun</subfield>
      <subfield code="h">ger</subfield>
    </datafield>
    <datafield tag="100" ind1="1" ind2=" ">
      <subfield code="a">Kirst, Hans Hellmut</subfield>
    </datafield>
    <datafield tag="240" ind1="1" ind2="0">
      <subfield code="a">Null-acht fünfzehn</subfield>
      <subfield code="l">(magyar)</subfield>
    </datafield>
    <datafield tag="245" ind1="1" ind2="0">
      <subfield code="a">08-15 avagy : regény /</subfield>
      <subfield code="c">Hans Hellmut Kirst ; [ford. Szabó Jenő] ; [ill. Hegedüs István]</subfield>
    </datafield>
    <datafield tag="250" ind1=" " ind2=" ">
      <subfield code="a">2. kiad.</subfield>
    </datafield>
    <datafield tag="260" ind1=" " ind2=" ">
      <subfield code="a">Budapest :</subfield>
      <subfield code="b">Európa,</subfield>
      <subfield code="c">1957</subfield>
      <subfield code="e">(Budapest</subfield>
      <subfield code="f">Athenaeum Ny.)</subfield>
    </datafield>
    <datafield tag="300" ind1=" " ind2=" ">
      <subfield code="a">373 p. ;</subfield>
      <subfield code="c">19 cm</subfield>
    </datafield>
    <datafield tag="700" ind1="1" ind2=" ">
      <subfield code="a">Szabó Jenő</subfield>
      <subfield code="4">(ford.)</subfield>
    </datafield>
    <datafield tag="700" ind1="1" ind2=" ">
      <subfield code="a">Hegedüs István</subfield>
      <subfield code="c">(cédulakatalógus alapján)</subfield>
      <subfield code="4">(ill.)</subfield>
    </datafield>
    <datafield tag="852" ind1=" " ind2=" ">
      <subfield code="a">B1</subfield>
      <subfield code="b">B1</subfield>
      <subfield code="x">1229314</subfield>
    </datafield>
  </record>
  <record>
    <leader>00496nam  2200193 i 4500</leader>
    <controlfield tag="001">MOKKAS0003501774  </controlfield>
    <controlfield tag="005">20060605234704.0</controlfield>
    <controlfield tag="008">050714s1963                        ger d</controlfield>
    <datafield tag="035" ind1=" " ind2=" ">
      <subfield code="a">547530</subfield>
    </datafield>
    <datafield tag="040" ind1=" " ind2=" ">
      <subfield code="a">OIK</subfield>
    </datafield>
    <datafield tag="041" ind1="0" ind2=" ">
      <subfield code="a">ger</subfield>
    </datafield>
    <datafield tag="100" ind1="1" ind2=" ">
      <subfield code="a">Kirst, Hans Hellmut</subfield>
      <subfield code="d">(1914-1989)</subfield>
    </datafield>
    <datafield tag="245" ind1="1" ind2="0">
      <subfield code="a">08/15 heute</subfield>
    </datafield>
    <datafield tag="260" ind1=" " ind2=" ">
      <subfield code="a">Wien ; München ; Basel :</subfield>
      <subfield code="b">Desch,</subfield>
      <subfield code="c">[1963]</subfield>
    </datafield>
    <datafield tag="300" ind1=" " ind2=" ">
      <subfield code="a">407 p.</subfield>
    </datafield>
    <datafield tag="490" ind1="1" ind2=" ">
      <subfield code="a">Romane unserer Zeit</subfield>
    </datafield>
    <datafield tag="650" ind1=" " ind2="4">
      <subfield code="a">Német regény</subfield>
    </datafield>
    <datafield tag="830" ind1=" " ind2="0">
      <subfield code="a">Romane unserer Zeit</subfield>
    </datafield>
    <datafield tag="852" ind1=" " ind2=" ">
      <subfield code="a">B14</subfield>
      <subfield code="b">B14</subfield>
      <subfield code="x">547530</subfield>
    </datafield>
  </record>
  <record>
    <leader>00486nam  2200181 i 4500</leader>
    <controlfield tag="001">MOKKAS0003564635  </controlfield>
    <controlfield tag="005">20060606082847.0</controlfield>
    <controlfield tag="008">050715s1982                        ger d</controlfield>
    <datafield tag="020" ind1=" " ind2=" ">
      <subfield code="a">3 453 01570 3</subfield>
    </datafield>
    <datafield tag="035" ind1=" " ind2=" ">
      <subfield code="a">723528</subfield>
    </datafield>
    <datafield tag="040" ind1=" " ind2=" ">
      <subfield code="a">OIK</subfield>
    </datafield>
    <datafield tag="041" ind1="0" ind2=" ">
      <subfield code="a">ger</subfield>
    </datafield>
    <datafield tag="100" ind1="1" ind2=" ">
      <subfield code="a">Kirst, Hans Hellmut</subfield>
      <subfield code="d">(1914-1989)</subfield>
    </datafield>
    <datafield tag="245" ind1="1" ind2="0">
      <subfield code="a">08/15 in der Partei : </subfield>
      <subfield code="b">Roman /</subfield>
      <subfield code="c">Hans Hellmut Kirst</subfield>
    </datafield>
    <datafield tag="260" ind1=" " ind2=" ">
      <subfield code="a">München :</subfield>
      <subfield code="b">Heyne,</subfield>
      <subfield code="c">1982</subfield>
    </datafield>
    <datafield tag="300" ind1=" " ind2=" ">
      <subfield code="a">351 p. ;</subfield>
      <subfield code="c">18 cm</subfield>
    </datafield>
    <datafield tag="650" ind1=" " ind2="4">
      <subfield code="a">Német regény</subfield>
    </datafield>
    <datafield tag="852" ind1=" " ind2=" ">
      <subfield code="a">B14</subfield>
      <subfield code="b">B14</subfield>
      <subfield code="x">723528</subfield>
    </datafield>
  </record>
  <record>
    <leader>00433aam  2200157   4500</leader>
    <controlfield tag="001">MOKKAZ0003827362  </controlfield>
    <controlfield tag="005">20040910003050.0</controlfield>
    <controlfield tag="008">870402 1987                        hun  </controlfield>
    <datafield tag="035" ind1=" " ind2=" ">
      <subfield code="a">bibJAT00049498</subfield>
    </datafield>
    <datafield tag="040" ind1=" " ind2=" ">
      <subfield code="a">SZTE</subfield>
    </datafield>
    <datafield tag="245" ind1="0" ind2="0">
      <subfield code="a">08 job control. (Összeáll. Bölcsföldi József).</subfield>
    </datafield>
    <datafield tag="260" ind1=" " ind2=" ">
      <subfield code="a">Bp,</subfield>
      <subfield code="c">1987</subfield>
    </datafield>
    <datafield tag="300" ind1=" " ind2=" ">
      <subfield code="a">132 p.</subfield>
    </datafield>
    <datafield tag="500" ind1=" " ind2=" ">
      <subfield code="a">ELTE TTK</subfield>
    </datafield>
    <datafield tag="650" ind1=" " ind2="7">
      <subfield code="a">Programozási nyelv</subfield>
      <subfield code="x">OS JCL</subfield>
      <subfield code="x">jegyzet</subfield>
      <subfield code="2">szte</subfield>
    </datafield>
    <datafield tag="852" ind1=" " ind2=" ">
      <subfield code="a">SZ1</subfield>
      <subfield code="b">SZ1</subfield>
      <subfield code="x">bibJAT00049498</subfield>
    </datafield>
  </record>
  <record>
    <leader>00891nam  2200193 i 4500</leader>
    <controlfield tag="001">MOKKAS0003670862  </controlfield>
    <controlfield tag="005">20060614052340.0</controlfield>
    <controlfield tag="008">020212s2001    hu                  hun d</controlfield>
    <datafield tag="035" ind1=" " ind2=" ">
      <subfield code="a">bibSEF46902</subfield>
    </datafield>
    <datafield tag="040" ind1=" " ind2=" ">
      <subfield code="a">NYME</subfield>
    </datafield>
    <datafield tag="245" ind1="0" ind2="0">
      <subfield code="a">0902 Hajagi Véderdő Erdőbirtokossági Társulat erdőgazdálkodási üzemterve /</subfield>
      <subfield code="c">fel. terv. Hiller Szilárd ; ell. Péti Miklós</subfield>
    </datafield>
    <datafield tag="260" ind1=" " ind2=" ">
      <subfield code="a">Veszprém :</subfield>
      <subfield code="b">Állami Erdészeti Szolgálat Veszprémi Igazgatósága Erdőtervezési Iroda,</subfield>
      <subfield code="c">2001</subfield>
    </datafield>
    <datafield tag="300" ind1=" " ind2=" ">
      <subfield code="a">[100] fol., [67] p., [2] t. ;</subfield>
      <subfield code="c">30 cm</subfield>
    </datafield>
    <datafield tag="500" ind1=" " ind2=" ">
      <subfield code="a">Hiller Szilárd: A Hajagi Véderdő EBT üzemterve című dipl. melléklete</subfield>
    </datafield>
    <datafield tag="700" ind1="1" ind2=" ">
      <subfield code="a">Hiller Szilárd</subfield>
    </datafield>
    <datafield tag="700" ind1="1" ind2=" ">
      <subfield code="a">Péti Miklós</subfield>
    </datafield>
    <datafield tag="710" ind1="2" ind2=" ">
      <subfield code="a">Állami Erdészeti Szolgálat (Budapest)</subfield>
      <subfield code="b">Veszprémi Igazgatóság</subfield>
      <subfield code="b">Erdőtervezési Iroda (Veszprém)</subfield>
    </datafield>
    <datafield tag="772" ind1=" " ind2=" ">
      <subfield code="a">Hiller Szilárd</subfield>
      <subfield code="t">A Hajagi Véderdő EBT üzemterve</subfield>
      <subfield code="w">-/135-2002</subfield>
    </datafield>
    <datafield tag="852" ind1=" " ind2=" ">
      <subfield code="a">S1</subfield>
      <subfield code="b">S1</subfield>
      <subfield code="x">bibSEF46902</subfield>
    </datafield>
  </record>
  <record>
    <leader>00536nam  2200169 i 4500</leader>
    <controlfield tag="001">MOKKAS0000989784  </controlfield>
    <controlfield tag="005">20080914215020.0</controlfield>
    <controlfield tag="008">050903s1982    hu            00010 hun d</controlfield>
    <datafield tag="035" ind1=" " ind2=" ">
      <subfield code="a">bibBKO00002815</subfield>
    </datafield>
    <datafield tag="040" ind1=" " ind2=" ">
      <subfield code="a">BMK</subfield>
    </datafield>
    <datafield tag="245" ind1="0" ind2="0">
      <subfield code="a">0 Általános művek /</subfield>
      <subfield code="c">[kiad. a] Magyar Szabványügyi Hivatal</subfield>
    </datafield>
    <datafield tag="250" ind1=" " ind2=" ">
      <subfield code="a">Teljes kiad.</subfield>
    </datafield>
    <datafield tag="260" ind1=" " ind2=" ">
      <subfield code="a">Budapest :</subfield>
      <subfield code="b">Szabványkiadó,</subfield>
      <subfield code="c">1982</subfield>
    </datafield>
    <datafield tag="300" ind1=" " ind2=" ">
      <subfield code="a">51 p. ;</subfield>
      <subfield code="c">29 cm +</subfield>
      <subfield code="e">mell. (15, 22, 33 p.)</subfield>
    </datafield>
    <datafield tag="500" ind1=" " ind2=" ">
      <subfield code="a">Az MSZ16501-74 helyett</subfield>
    </datafield>
    <datafield tag="650" ind1=" " ind2="4">
      <subfield code="a">Egyetemes Tizedes Osztályozás</subfield>
    </datafield>
    <datafield tag="852" ind1=" " ind2=" ">
      <subfield code="a">BCS1</subfield>
      <subfield code="b">BCS1</subfield>
      <subfield code="x">bibBKO00002815</subfield>
    </datafield>
  </record>
  <record>
    <leader>00560nam  2200193   4500</leader>
    <controlfield tag="001">MOKKAZ0003764949  </controlfield>
    <controlfield tag="005">20040909220359.0</controlfield>
    <controlfield tag="008">       1992    HU                  eng  </controlfield>
    <datafield tag="020" ind1=" " ind2=" ">
      <subfield code="a">0 8121 1565 1</subfield>
    </datafield>
    <datafield tag="035" ind1=" " ind2=" ">
      <subfield code="a">bibDOT00000953</subfield>
    </datafield>
    <datafield tag="040" ind1=" " ind2=" ">
      <subfield code="a">DEENK</subfield>
    </datafield>
    <datafield tag="100" ind1="1" ind2=" ">
      <subfield code="a">Wynn, Ralph M.</subfield>
    </datafield>
    <datafield tag="245" ind1="1" ind2="0">
      <subfield code="a">0bstetrics and gynecology :</subfield>
      <subfield code="b">The clinical core /</subfield>
      <subfield code="c"> Ralph M. Wynn</subfield>
    </datafield>
    <datafield tag="260" ind1=" " ind2=" ">
      <subfield code="a">Philadelphia :</subfield>
      <subfield code="b">Lea and Febiger,</subfield>
      <subfield code="c">1992.</subfield>
    </datafield>
    <datafield tag="300" ind1=" " ind2=" ">
      <subfield code="a">xiv, 373 p ;</subfield>
      <subfield code="c">25 cm</subfield>
    </datafield>
    <datafield tag="650" ind1=" " ind2="2">
      <subfield code="a">Obstetrics</subfield>
    </datafield>
    <datafield tag="650" ind1=" " ind2="2">
      <subfield code="a">Genital Diseases, Female</subfield>
    </datafield>
    <datafield tag="650" ind1=" " ind2="2">
      <subfield code="a">Curriculum</subfield>
    </datafield>
    <datafield tag="852" ind1=" " ind2=" ">
      <subfield code="a">D1</subfield>
      <subfield code="b">D2</subfield>
      <subfield code="x">bibDOT00000953</subfield>
    </datafield>
  </record>
  <record>
    <leader>00945nam  2200265 i 4500</leader>
    <controlfield tag="001">MOKKAW0005721070  </controlfield>
    <controlfield tag="005">20080417222513.0</controlfield>
    <controlfield tag="008">940814s1979    de            000 0 ger d</controlfield>
    <datafield tag="020" ind1=" " ind2=" ">
      <subfield code="a">3-503-01766-6</subfield>
    </datafield>
    <datafield tag="035" ind1=" " ind2=" ">
      <subfield code="a">BMEOMIKK000379479</subfield>
    </datafield>
    <datafield tag="040" ind1=" " ind2=" ">
      <subfield code="a">BMEOMIKK</subfield>
    </datafield>
    <datafield tag="041" ind1="0" ind2=" ">
      <subfield code="a">ger</subfield>
    </datafield>
    <datafield tag="044" ind1=" " ind2=" ">
      <subfield code="a">DE</subfield>
    </datafield>
    <datafield tag="100" ind1="1" ind2=" ">
      <subfield code="a">Hoffmann, Heinz</subfield>
    </datafield>
    <datafield tag="245" ind1="1" ind2="0">
      <subfield code="a">0 Dezibel + 0 Dezibel = 3 Dezibel : </subfield>
      <subfield code="b">Einführung in die Grundbegriffe und die quantitative Erfassung des Lärms /</subfield>
      <subfield code="c">von Heinz Hoffmann, Arndt von Lüpke ; Hrsg., Inst. für Lärmbekämpfung d. Hauptverb. d. Gewerbl. Berufsgenossenschaften e.V.</subfield>
    </datafield>
    <datafield tag="250" ind1=" " ind2=" ">
      <subfield code="a">3. neubearb. Aufl.</subfield>
    </datafield>
    <datafield tag="260" ind1=" " ind2=" ">
      <subfield code="a">Berlin :</subfield>
      <subfield code="b">Schmidt,</subfield>
      <subfield code="c">1979</subfield>
    </datafield>
    <datafield tag="300" ind1=" " ind2=" ">
      <subfield code="a">105 p. ;</subfield>
      <subfield code="c">21 cm</subfield>
    </datafield>
    <datafield tag="504" ind1=" " ind2=" ">
      <subfield code="a">Bibliogr.: p. 96-103</subfield>
    </datafield>
    <datafield tag="653" ind1=" " ind2=" ">
      <subfield code="a">Zaj</subfield>
    </datafield>
    <datafield tag="653" ind1=" " ind2=" ">
      <subfield code="a">Zajmérés</subfield>
    </datafield>
    <datafield tag="700" ind1="1" ind2="0">
      <subfield code="a">Lüpke, Arndt von</subfield>
    </datafield>
    <datafield tag="710" ind1="2" ind2=" ">
      <subfield code="a">Hauptverband der Gewerblichen Berufsgenossenschaften</subfield>
    </datafield>
    <datafield tag="710" ind1="2" ind2=" ">
      <subfield code="a">Institut für Lärmbekämpfung</subfield>
    </datafield>
    <datafield tag="852" ind1=" " ind2=" ">
      <subfield code="a">B11</subfield>
      <subfield code="b">B11</subfield>
      <subfield code="x">BMEOMIKK000379479</subfield>
    </datafield>
  </record>
  <record>
    <leader>00590aam  2200181   4500</leader>
    <controlfield tag="001">MOKKAZ0003980731  </controlfield>
    <controlfield tag="005">20040910014921.0</controlfield>
    <controlfield tag="008">930602 1993    hu                  hun  </controlfield>
    <datafield tag="035" ind1=" " ind2=" ">
      <subfield code="a">bibJAT00218615</subfield>
    </datafield>
    <datafield tag="040" ind1=" " ind2=" ">
      <subfield code="a">SZTE</subfield>
    </datafield>
    <datafield tag="245" ind1="0" ind2="1">
      <subfield code="a">[0Középkori irodalom] :</subfield>
      <subfield code="b">Csavargó énekek : Villon balladái és versei /</subfield>
      <subfield code="c">[ford. Faludy György et al.]</subfield>
    </datafield>
    <datafield tag="260" ind1=" " ind2=" ">
      <subfield code="a">Budapest :</subfield>
      <subfield code="b">Interpopulart,</subfield>
      <subfield code="c">1993</subfield>
    </datafield>
    <datafield tag="300" ind1=" " ind2=" ">
      <subfield code="a">84 p.</subfield>
    </datafield>
    <datafield tag="490" ind1="1" ind2=" ">
      <subfield code="a">(Populart füzetek : diák- és házikönyvtár)</subfield>
    </datafield>
    <datafield tag="700" ind1="1" ind2=" ">
      <subfield code="a">Villon, Francois</subfield>
    </datafield>
    <datafield tag="700" ind1="1" ind2=" ">
      <subfield code="a">Faludy György</subfield>
    </datafield>
    <datafield tag="830" ind1=" " ind2="0">
      <subfield code="a">Populart füzetek</subfield>
    </datafield>
    <datafield tag="852" ind1=" " ind2=" ">
      <subfield code="a">SZ1</subfield>
      <subfield code="b">SZ1</subfield>
      <subfield code="x">bibJAT00218615</subfield>
    </datafield>
  </record>
  <record>
    <leader>01058nam  2200289 i 4500</leader>
    <controlfield tag="001">MOKKAZ0003787293  </controlfield>
    <controlfield tag="005">20040909221650.0</controlfield>
    <controlfield tag="008">000810s2001    nyu      b    001 0 eng  </controlfield>
    <datafield tag="020" ind1=" " ind2=" ">
      <subfield code="a">0 521 62930 6 (pb)</subfield>
    </datafield>
    <datafield tag="035" ind1=" " ind2=" ">
      <subfield code="a">bibKLT00357194</subfield>
    </datafield>
    <datafield tag="040" ind1=" " ind2=" ">
      <subfield code="a">DEENK</subfield>
    </datafield>
    <datafield tag="041" ind1="1" ind2=" ">
      <subfield code="a">grceng</subfield>
    </datafield>
    <datafield tag="082" ind1="0" ind2="0">
      <subfield code="a">885/.01</subfield>
      <subfield code="2">21</subfield>
    </datafield>
    <datafield tag="100" ind1="0" ind2=" ">
      <subfield code="a">Demosthenes</subfield>
      <subfield code="d">(i.e. 384- i.e.322)</subfield>
    </datafield>
    <datafield tag="245" ind1="1" ind2="0">
      <subfield code="a">0n the crown /</subfield>
      <subfield code="c">Demosthenes ; edited by Harvey Yunis</subfield>
    </datafield>
    <datafield tag="260" ind1=" " ind2=" ">
      <subfield code="a">New York :</subfield>
      <subfield code="b">Cambridge University Press,</subfield>
      <subfield code="c">2001</subfield>
    </datafield>
    <datafield tag="300" ind1=" " ind2=" ">
      <subfield code="a">XII, 314 p. ;</subfield>
      <subfield code="c">19 cm</subfield>
    </datafield>
    <datafield tag="490" ind1="1" ind2=" ">
      <subfield code="a">(Cambridge Greek and Latin classics)</subfield>
    </datafield>
    <datafield tag="500" ind1=" " ind2=" ">
      <subfield code="a">index : p. 310-314.</subfield>
    </datafield>
    <datafield tag="504" ind1=" " ind2=" ">
      <subfield code="a">Bibliogr. : p.292-309.</subfield>
    </datafield>
    <datafield tag="546" ind1=" " ind2=" ">
      <subfield code="a">Görög szöveg angol kommentárral</subfield>
    </datafield>
    <datafield tag="600" ind1="0" ind2=" ">
      <subfield code="a">Demosthenes</subfield>
      <subfield code="d">(i.e. 384- i.e.322)</subfield>
      <subfield code="t">On the crown</subfield>
    </datafield>
    <datafield tag="700" ind1="1" ind2=" ">
      <subfield code="a">Yunis, Harvey</subfield>
    </datafield>
    <datafield tag="830" ind1=" " ind2="0">
      <subfield code="a">Cambridge Greek and Latin classics</subfield>
    </datafield>
    <datafield tag="852" ind1=" " ind2=" ">
      <subfield code="a">D1</subfield>
      <subfield code="b">D1/4</subfield>
      <subfield code="x">bibKLT00357194</subfield>
    </datafield>
    <datafield tag="856" ind1="4" ind2="2">
      <subfield code="3">Publisher description</subfield>
      <subfield code="u">http://www.loc.gov/catdir/description/cam021/00063064.html</subfield>
      <subfield code="x">DEENK</subfield>
    </datafield>
    <datafield tag="856" ind1="4" ind2="1">
      <subfield code="3">Table of contents</subfield>
      <subfield code="u">http://www.loc.gov/catdir/toc/cam023/00063064.html</subfield>
      <subfield code="x">DEENK</subfield>
    </datafield>
  </record>
  <record>
    <leader>00561cam  2200157 i 4500</leader>
    <controlfield tag="001">MOKKAZ0003187342  </controlfield>
    <controlfield tag="005">20040909164828.0</controlfield>
    <controlfield tag="008">      s1987    gw             00   eng d</controlfield>
    <datafield tag="035" ind1=" " ind2=" ">
      <subfield code="a">ISISFEF0006089</subfield>
    </datafield>
    <datafield tag="040" ind1=" " ind2=" ">
      <subfield code="a">DEENK</subfield>
    </datafield>
    <datafield tag="100" ind1="1" ind2=" ">
      <subfield code="a">Bernardi, Edgar</subfield>
    </datafield>
    <datafield tag="245" ind1="1" ind2="0">
      <subfield code="a">0n the optimization of the energy resolution of Hadron calorimeters /</subfield>
      <subfield code="c">von Edgar Bernardi</subfield>
    </datafield>
    <datafield tag="260" ind1=" " ind2=" ">
      <subfield code="a">Hamburg :</subfield>
      <subfield code="b">Univ.,</subfield>
      <subfield code="c">1987</subfield>
    </datafield>
    <datafield tag="300" ind1=" " ind2=" ">
      <subfield code="a">117 p. :</subfield>
      <subfield code="b">ill. ;</subfield>
      <subfield code="c">21 cm</subfield>
    </datafield>
    <datafield tag="502" ind1=" " ind2=" ">
      <subfield code="a">Dissertation zur Erlangung des Doktorgrades des Fachbereichs Physik; Universität Hamburg, 1987</subfield>
    </datafield>
    <datafield tag="852" ind1=" " ind2=" ">
      <subfield code="a">D1</subfield>
      <subfield code="b">D1</subfield>
      <subfield code="x">ISISFEF0006089</subfield>
    </datafield>
  </record>
  <record>
    <leader>00931aam  2200241   4500</leader>
    <controlfield tag="001">MOKKAS0003792950  </controlfield>
    <controlfield tag="005">20060616020602.0</controlfield>
    <controlfield tag="008">930614 1993    hu                  hun  </controlfield>
    <datafield tag="035" ind1=" " ind2=" ">
      <subfield code="a">bibJAT00218614</subfield>
    </datafield>
    <datafield tag="040" ind1=" " ind2=" ">
      <subfield code="a">SZTE</subfield>
    </datafield>
    <datafield tag="245" ind1="0" ind2="1">
      <subfield code="a">[0Reneszánsz irodalom] :</subfield>
      <subfield code="b">Harmónia és életöröm : válogatás Petrarca, Boccaccio és Chaucer műveiből /</subfield>
      <subfield code="c">ford. Kardos Tibor, Révay József, Kormos István ; szerk. Veress Zsuzsanna]</subfield>
    </datafield>
    <datafield tag="260" ind1=" " ind2=" ">
      <subfield code="a">Bp. :</subfield>
      <subfield code="b">Interpopulart,</subfield>
      <subfield code="c">1993</subfield>
    </datafield>
    <datafield tag="300" ind1=" " ind2=" ">
      <subfield code="a">95 p.</subfield>
    </datafield>
    <datafield tag="490" ind1="1" ind2=" ">
      <subfield code="a">(Populart füzetek : diák- és házikönyvtár)</subfield>
    </datafield>
    <datafield tag="700" ind1="1" ind2=" ">
      <subfield code="a">Petrarca, Francesco</subfield>
    </datafield>
    <datafield tag="700" ind1="1" ind2=" ">
      <subfield code="a">Boccaccio, Giovanni</subfield>
      <subfield code="d">(1313-1375)</subfield>
    </datafield>
    <datafield tag="700" ind1="1" ind2=" ">
      <subfield code="a">Chaucer, Geoffrey</subfield>
      <subfield code="d">(1340-1400)</subfield>
    </datafield>
    <datafield tag="700" ind1="1" ind2=" ">
      <subfield code="a">Kardos Tibor</subfield>
    </datafield>
    <datafield tag="700" ind1="1" ind2=" ">
      <subfield code="a">Révay József</subfield>
      <subfield code="d">(1881-1970)</subfield>
      <subfield code="c">(író, irodalomtörténész, műfordító)</subfield>
    </datafield>
    <datafield tag="700" ind1="1" ind2=" ">
      <subfield code="a">Kormos István</subfield>
      <subfield code="d">(1923-1977)</subfield>
    </datafield>
    <datafield tag="700" ind1="1" ind2=" ">
      <subfield code="a">Veress Zsuzsanna</subfield>
    </datafield>
    <datafield tag="830" ind1=" " ind2="0">
      <subfield code="a">Populart füzetek</subfield>
    </datafield>
    <datafield tag="852" ind1=" " ind2=" ">
      <subfield code="a">SZ1</subfield>
      <subfield code="b">SZ1</subfield>
      <subfield code="x">bibJAT00218614</subfield>
    </datafield>
  </record>
  <record>
    <leader>00597nam  22001935p 4500</leader>
    <controlfield tag="001">MOKKAW0006007356  </controlfield>
    <controlfield tag="005">20080725182000.0</controlfield>
    <controlfield tag="008">071112s2006    hu                  hun d</controlfield>
    <datafield tag="020" ind1=" " ind2=" ">
      <subfield code="a">963 060 673 9</subfield>
    </datafield>
    <datafield tag="035" ind1=" " ind2=" ">
      <subfield code="a">711990</subfield>
    </datafield>
    <datafield tag="040" ind1=" " ind2=" ">
      <subfield code="a">KSHK</subfield>
    </datafield>
    <datafield tag="041" ind1="0" ind2=" ">
      <subfield code="a">hun</subfield>
    </datafield>
    <datafield tag="100" ind1="1" ind2=" ">
      <subfield code="a">Pelyhe Róbert</subfield>
    </datafield>
    <datafield tag="245" ind1="0" ind2="0">
      <subfield code="a">0-ról angol felsőfok 1/2 év alatt : </subfield>
      <subfield code="b">Swan angol könyve : angol nyelvtani ismertető : an introduction to English grammar /</subfield>
      <subfield code="c">írta Robert Swan Pelyhe</subfield>
    </datafield>
    <datafield tag="260" ind1=" " ind2=" ">
      <subfield code="a">[Budapest] :</subfield>
      <subfield code="b">Szerző,</subfield>
      <subfield code="c">2006</subfield>
    </datafield>
    <datafield tag="300" ind1=" " ind2=" ">
      <subfield code="a">80 p. ;</subfield>
      <subfield code="c">20 cm</subfield>
    </datafield>
    <datafield tag="653" ind1=" " ind2=" ">
      <subfield code="a">angol nyelv</subfield>
    </datafield>
    <datafield tag="653" ind1=" " ind2=" ">
      <subfield code="a">nyelvkönyv</subfield>
    </datafield>
    <datafield tag="852" ind1=" " ind2=" ">
      <subfield code="a">B9</subfield>
      <subfield code="b">B9</subfield>
      <subfield code="x">711990</subfield>
    </datafield>
  </record>
  <record>
    <leader>00475nam  2200157   4500</leader>
    <controlfield tag="001">MOKKAZ0003776644  </controlfield>
    <controlfield tag="005">20040909221018.0</controlfield>
    <controlfield tag="008">       1984    hu            00010 hun d</controlfield>
    <datafield tag="020" ind1=" " ind2=" ">
      <subfield code="a">963 10 4848 9</subfield>
    </datafield>
    <datafield tag="035" ind1=" " ind2=" ">
      <subfield code="a">bibATO00000425</subfield>
    </datafield>
    <datafield tag="040" ind1=" " ind2=" ">
      <subfield code="a">DEENK</subfield>
    </datafield>
    <datafield tag="100" ind1="1" ind2=" ">
      <subfield code="a">Rindfleisch, Daniel H.</subfield>
    </datafield>
    <datafield tag="245" ind1="1" ind2="0">
      <subfield code="a">0S és OS/VS vezérlőnyelv segédprogramok /</subfield>
      <subfield code="c">Daniel H. Rindfleisch</subfield>
    </datafield>
    <datafield tag="260" ind1=" " ind2=" ">
      <subfield code="a">Budapest :</subfield>
      <subfield code="b">Műszaki Könyvkiadó,</subfield>
      <subfield code="c">1984</subfield>
    </datafield>
    <datafield tag="300" ind1=" " ind2=" ">
      <subfield code="a">288 p. ;</subfield>
      <subfield code="c">29 cm</subfield>
    </datafield>
    <datafield tag="852" ind1=" " ind2=" ">
      <subfield code="a">D1</subfield>
      <subfield code="b">D30</subfield>
      <subfield code="x">bibATO00000425</subfield>
    </datafield>
  </record>
  <record>
    <leader>00352cam  22001217  4500</leader>
    <controlfield tag="001">MOKKAZ0004645984  </controlfield>
    <controlfield tag="005">20040910090215.0</controlfield>
    <controlfield tag="008">      s1951                        rus d</controlfield>
    <datafield tag="035" ind1=" " ind2=" ">
      <subfield code="a">bibFSZ512768</subfield>
    </datafield>
    <datafield tag="040" ind1=" " ind2=" ">
      <subfield code="a">FSZEK</subfield>
    </datafield>
    <datafield tag="245" ind1="0" ind2="0">
      <subfield code="a">0 stiranii klassovyh granej mezdu rabocim v SSSR /</subfield>
      <subfield code="c">T. I. Gubarev</subfield>
    </datafield>
    <datafield tag="260" ind1=" " ind2=" ">
      <subfield code="a">[S.l.] :</subfield>
      <subfield code="b">[S.n.],</subfield>
      <subfield code="c">1951</subfield>
    </datafield>
    <datafield tag="852" ind1=" " ind2=" ">
      <subfield code="a">B10</subfield>
      <subfield code="b">0801</subfield>
      <subfield code="x">bibFSZ512768</subfield>
    </datafield>
  </record>
  <record>
    <leader>00550nem  2200217 i 4500</leader>
    <controlfield tag="001">MOKKAS0001238431  </controlfield>
    <controlfield tag="005">20060112154530.0</controlfield>
    <controlfield tag="008">      b        hu            00010 mul d</controlfield>
    <datafield tag="020" ind1=" " ind2=" ">
      <subfield code="c">70,- Ft</subfield>
    </datafield>
    <datafield tag="035" ind1=" " ind2=" ">
      <subfield code="a">bibRFK00020889</subfield>
    </datafield>
    <datafield tag="040" ind1=" " ind2=" ">
      <subfield code="a">RFMK</subfield>
    </datafield>
    <datafield tag="041" ind1=" " ind2=" ">
      <subfield code="a">mul</subfield>
    </datafield>
    <datafield tag="245" ind1="0" ind2="0">
      <subfield code="a">0strig</subfield>
    </datafield>
    <datafield tag="255" ind1=" " ind2=" ">
      <subfield code="a">1:500000</subfield>
    </datafield>
    <datafield tag="260" ind1=" " ind2=" ">
      <subfield code="a">[Budapest] :</subfield>
      <subfield code="b">Cartographia,</subfield>
      <subfield code="c">[s. a.]</subfield>
    </datafield>
    <datafield tag="300" ind1=" " ind2=" ">
      <subfield code="a">1 térkép db :</subfield>
      <subfield code="b">színes ;</subfield>
      <subfield code="c">69x98 cm</subfield>
    </datafield>
    <datafield tag="500" ind1=" " ind2=" ">
      <subfield code="a">rs</subfield>
    </datafield>
    <datafield tag="650" ind1=" " ind2="4">
      <subfield code="a">térképek</subfield>
    </datafield>
    <datafield tag="651" ind1=" " ind2="4">
      <subfield code="a">Ausztria</subfield>
    </datafield>
    <datafield tag="651" ind1=" " ind2="4">
      <subfield code="a">Német Szövetségi Köztársaság</subfield>
    </datafield>
    <datafield tag="852" ind1=" " ind2=" ">
      <subfield code="a">M2</subfield>
      <subfield code="b">M2</subfield>
      <subfield code="x">bibRFK00020889</subfield>
    </datafield>
  </record>
  <record>
    <leader>00664cam  2200205 i 4500</leader>
    <controlfield tag="001">MOKKAN0003998046  </controlfield>
    <controlfield tag="005">20061106080600.0</controlfield>
    <controlfield tag="008">001108c20002000be a          00010 eng d</controlfield>
    <datafield tag="020" ind1=" " ind2=" ">
      <subfield code="a">92 828 4772 1</subfield>
    </datafield>
    <datafield tag="035" ind1=" " ind2=" ">
      <subfield code="a">122575</subfield>
    </datafield>
    <datafield tag="040" ind1=" " ind2=" ">
      <subfield code="a">MEKLM</subfield>
    </datafield>
    <datafield tag="041" ind1="0" ind2=" ">
      <subfield code="a">eng</subfield>
    </datafield>
    <datafield tag="245" ind1="0" ind2="0">
      <subfield code="a">0 system of the causes and circumstances of accidents at work /</subfield>
      <subfield code="c">[publ. by] European Commission</subfield>
    </datafield>
    <datafield tag="260" ind1=" " ind2=" ">
      <subfield code="a">Luxembourg :</subfield>
      <subfield code="b">Off. for Official Publ. of the EC,</subfield>
      <subfield code="c">2000</subfield>
    </datafield>
    <datafield tag="300" ind1=" " ind2=" ">
      <subfield code="a">121 p. :</subfield>
      <subfield code="b">ill. ;</subfield>
      <subfield code="c">30 cm</subfield>
    </datafield>
    <datafield tag="490" ind1="1" ind2=" ">
      <subfield code="a">(Employment and social affairs)</subfield>
    </datafield>
    <datafield tag="650" ind1="0" ind2="4">
      <subfield code="a">munkahelyi balesetek</subfield>
      <subfield code="z">Európa</subfield>
    </datafield>
    <datafield tag="710" ind1="2" ind2=" ">
      <subfield code="a">European Commission</subfield>
    </datafield>
    <datafield tag="830" ind1=" " ind2="0">
      <subfield code="a">Employment and social affairs</subfield>
    </datafield>
    <datafield tag="852" ind1=" " ind2=" ">
      <subfield code="a">M1</subfield>
      <subfield code="b">M1</subfield>
      <subfield code="x">122575</subfield>
    </datafield>
  </record>
  <record>
    <leader>00559nam  2200169   4500</leader>
    <controlfield tag="001">MOKKAS0002273679  </controlfield>
    <controlfield tag="005">20060527020456.0</controlfield>
    <controlfield tag="008">780410 1964    hu                  hun  </controlfield>
    <datafield tag="035" ind1=" " ind2=" ">
      <subfield code="a">bibSOK00145661</subfield>
    </datafield>
    <datafield tag="040" ind1=" " ind2=" ">
      <subfield code="a">SK</subfield>
    </datafield>
    <datafield tag="100" ind1="1" ind2=" ">
      <subfield code="a">Hevesi József</subfield>
    </datafield>
    <datafield tag="245" ind1="1" ind2="0">
      <subfield code="a">0sztályozási példatár :</subfield>
      <subfield code="b">a könyvtárosképző szaktanfolyam hallgatói számára /</subfield>
      <subfield code="c">összeáll. Hevesi József</subfield>
    </datafield>
    <datafield tag="260" ind1=" " ind2=" ">
      <subfield code="a">Szeged :</subfield>
      <subfield code="b">Városi Somogyi-könyvtár,</subfield>
      <subfield code="c">1964</subfield>
    </datafield>
    <datafield tag="300" ind1=" " ind2=" ">
      <subfield code="a">25 p. ;</subfield>
      <subfield code="c">29 cm</subfield>
    </datafield>
    <datafield tag="695" ind1=" " ind2=" ">
      <subfield code="a">Osztályozás</subfield>
      <subfield code="x">könyvtári</subfield>
      <subfield code="x">példatár</subfield>
    </datafield>
    <datafield tag="695" ind1=" " ind2=" ">
      <subfield code="a">xxx</subfield>
    </datafield>
    <datafield tag="852" ind1=" " ind2=" ">
      <subfield code="a">SZ4</subfield>
      <subfield code="b">SZ4</subfield>
      <subfield code="x">bibSOK00145661</subfield>
    </datafield>
  </record>
  <record>
    <leader>00252nam  2200109 i 4500</leader>
    <controlfield tag="001">MOKKAS0001329954  </controlfield>
    <controlfield tag="005">20060112230036.0</controlfield>
    <controlfield tag="008">      b        hu            00010 hun d</controlfield>
    <datafield tag="035" ind1=" " ind2=" ">
      <subfield code="a">bibRFK00157224</subfield>
    </datafield>
    <datafield tag="040" ind1=" " ind2=" ">
      <subfield code="a">RFMK</subfield>
    </datafield>
    <datafield tag="245" ind1="0" ind2="0">
      <subfield code="a">100 %</subfield>
    </datafield>
    <datafield tag="852" ind1=" " ind2=" ">
      <subfield code="a">M2</subfield>
      <subfield code="b">M2</subfield>
      <subfield code="x">bibRFK00157224</subfield>
    </datafield>
  </record>
  <record>
    <leader>00803njm  2200193   4500</leader>
    <controlfield tag="001">MOKKAN0004312760  </controlfield>
    <controlfield tag="005">20070410074037.0</controlfield>
    <controlfield tag="008">060531s2006                        eng d</controlfield>
    <datafield tag="028" ind1=" " ind2=" ">
      <subfield code="a">8287681991 2</subfield>
    </datafield>
    <datafield tag="035" ind1=" " ind2=" ">
      <subfield code="a">bibFSZ01271360</subfield>
    </datafield>
    <datafield tag="040" ind1=" " ind2=" ">
      <subfield code="a">FSZEK</subfield>
    </datafield>
    <datafield tag="110" ind1="2" ind2=" ">
      <subfield code="a">Tool</subfield>
    </datafield>
    <datafield tag="245" ind1="1" ind2="0">
      <subfield code="a">10.000 days</subfield>
      <subfield code="h">[Hangfelvétel] /</subfield>
      <subfield code="c">Tool</subfield>
    </datafield>
    <datafield tag="260" ind1=" " ind2=" ">
      <subfield code="a">[S.l.] :</subfield>
      <subfield code="b">Tool Dissectional L.L.C. :</subfield>
      <subfield code="b">Volcano Entertainment L.L.C.,</subfield>
      <subfield code="c">cop. 2006</subfield>
    </datafield>
    <datafield tag="300" ind1=" " ind2=" ">
      <subfield code="a">1 CD (75 min 50 s) ;</subfield>
      <subfield code="c">12 cm +</subfield>
      <subfield code="e">1 füz.</subfield>
    </datafield>
    <datafield tag="500" ind1=" " ind2=" ">
      <subfield code="a">Kemény papírtokban, melléklettel egybekötve</subfield>
    </datafield>
    <datafield tag="505" ind1="0" ind2="0">
      <subfield code="t">Vicarious ;</subfield>
      <subfield code="t">Jambi ;</subfield>
      <subfield code="t">Wings for Marie (Pt.1) ;</subfield>
      <subfield code="t">10.000 days (Wings Pt.2) ;</subfield>
      <subfield code="t">The pot ;</subfield>
      <subfield code="t">Lipan conjuring ;</subfield>
      <subfield code="t">Lost keyes (Blame hofmann) ;</subfield>
      <subfield code="t">Rosetta stoned ;</subfield>
      <subfield code="t">Intension ;</subfield>
      <subfield code="t">Right in two ;</subfield>
      <subfield code="t">Viginti tres</subfield>
    </datafield>
    <datafield tag="695" ind1=" " ind2="1">
      <subfield code="a">alternatív metal</subfield>
    </datafield>
    <datafield tag="852" ind1=" " ind2=" ">
      <subfield code="a">B10</subfield>
      <subfield code="B">1308</subfield>
      <subfield code="b">0401</subfield>
      <subfield code="x">bibFSZ01271360</subfield>
    </datafield>
  </record>
  <record>
    <leader>00330cam  22001217  4500</leader>
    <controlfield tag="001">MOKKAZ0004445771  </controlfield>
    <controlfield tag="005">20040910071641.0</controlfield>
    <controlfield tag="008">      s1955                        und d</controlfield>
    <datafield tag="035" ind1=" " ind2=" ">
      <subfield code="a">bibFSZ00291873</subfield>
    </datafield>
    <datafield tag="040" ind1=" " ind2=" ">
      <subfield code="a">FSZEK</subfield>
    </datafield>
    <datafield tag="245" ind1="0" ind2="0">
      <subfield code="a">1,000,000 delinquents /</subfield>
      <subfield code="c">Benhamin Frinc</subfield>
    </datafield>
    <datafield tag="260" ind1=" " ind2=" ">
      <subfield code="a">[S.l.] :</subfield>
      <subfield code="b">[S.n.],</subfield>
      <subfield code="c">1955</subfield>
    </datafield>
    <datafield tag="852" ind1=" " ind2=" ">
      <subfield code="a">B10</subfield>
      <subfield code="b">0801</subfield>
      <subfield code="x">bibFSZ00291873</subfield>
    </datafield>
  </record>
  <record>
    <leader>00548nama 22002051i 4500</leader>
    <controlfield tag="001">MOKKAS0000593149  </controlfield>
    <controlfield tag="005">20060118010040.0</controlfield>
    <controlfield tag="008">041001s195?    il            000 0 hunod</controlfield>
    <datafield tag="035" ind1=" " ind2=" ">
      <subfield code="a">1351969</subfield>
    </datafield>
    <datafield tag="040" ind1=" " ind2=" ">
      <subfield code="a">OSZK</subfield>
    </datafield>
    <datafield tag="041" ind1="0" ind2=" ">
      <subfield code="a">hunhun</subfield>
    </datafield>
    <datafield tag="100" ind1="1" ind2=" ">
      <subfield code="a">Juhász Lajos</subfield>
    </datafield>
    <datafield tag="245" ind1="1" ind2="0">
      <subfield code="a">10.000 dollár nyomában /</subfield>
      <subfield code="c">Juhász Lajos</subfield>
    </datafield>
    <datafield tag="250" ind1=" " ind2=" ">
      <subfield code="a">2. kiad.</subfield>
    </datafield>
    <datafield tag="260" ind1=" " ind2=" ">
      <subfield code="a">Tel-Aviv :</subfield>
      <subfield code="b">Neografika Ny.,</subfield>
      <subfield code="c">[195?]</subfield>
    </datafield>
    <datafield tag="300" ind1=" " ind2=" ">
      <subfield code="a">31 p. ;</subfield>
      <subfield code="c">16 cm</subfield>
    </datafield>
    <datafield tag="490" ind1="1" ind2=" ">
      <subfield code="a">Világvárosi regények</subfield>
      <subfield code="v">269.</subfield>
    </datafield>
    <datafield tag="500" ind1=" " ind2=" ">
      <subfield code="a">Kisregény</subfield>
    </datafield>
    <datafield tag="830" ind1=" " ind2="0">
      <subfield code="a">Világvárosi regények</subfield>
    </datafield>
    <datafield tag="852" ind1=" " ind2=" ">
      <subfield code="a">B1</subfield>
      <subfield code="b">B1</subfield>
      <subfield code="x">1351969</subfield>
    </datafield>
  </record>
  <record>
    <leader>00566nam  2200193 i 4500</leader>
    <controlfield tag="001">MOKKAS0003592668  </controlfield>
    <controlfield tag="005">20060606132301.0</controlfield>
    <controlfield tag="008">050715s2003                        rus d</controlfield>
    <datafield tag="020" ind1=" " ind2=" ">
      <subfield code="a">5 699 02979 6 (kötött)</subfield>
    </datafield>
    <datafield tag="035" ind1=" " ind2=" ">
      <subfield code="a">817904</subfield>
    </datafield>
    <datafield tag="040" ind1=" " ind2=" ">
      <subfield code="a">OIK</subfield>
    </datafield>
    <datafield tag="041" ind1="0" ind2=" ">
      <subfield code="a">rus</subfield>
    </datafield>
    <datafield tag="100" ind1="1" ind2=" ">
      <subfield code="a">Stogoff, Il'â</subfield>
      <subfield code="d">(1970-)</subfield>
    </datafield>
    <datafield tag="245" ind1="1" ind2="0">
      <subfield code="a">1000000 evro, ili Tysâča vtoraâ noč' 2003 goda /</subfield>
      <subfield code="c">Il'â Stogoff</subfield>
    </datafield>
    <datafield tag="260" ind1=" " ind2=" ">
      <subfield code="a">Moskva</subfield>
      <subfield code="a">Sankt-Peterburg :</subfield>
      <subfield code="b">Eksmo :</subfield>
      <subfield code="b">Domino,</subfield>
      <subfield code="c">2003</subfield>
    </datafield>
    <datafield tag="300" ind1=" " ind2=" ">
      <subfield code="a">254 p. :</subfield>
      <subfield code="b">ill. ;</subfield>
      <subfield code="c">21 cm</subfield>
    </datafield>
    <datafield tag="500" ind1=" " ind2=" ">
      <subfield code="a">Cirill betűs</subfield>
    </datafield>
    <datafield tag="650" ind1=" " ind2="4">
      <subfield code="a">Orosz regény</subfield>
    </datafield>
    <datafield tag="852" ind1=" " ind2=" ">
      <subfield code="a">B14</subfield>
      <subfield code="b">B14</subfield>
      <subfield code="x">817904</subfield>
    </datafield>
  </record>
  <record>
    <leader>00495nam  2200181 i 4500</leader>
    <controlfield tag="001">MOKKAN0004714720  </controlfield>
    <controlfield tag="005">20070704230356.0</controlfield>
    <controlfield tag="008">010813s1959                 u    j eng d</controlfield>
    <datafield tag="035" ind1=" " ind2=" ">
      <subfield code="a">72283</subfield>
    </datafield>
    <datafield tag="040" ind1=" " ind2=" ">
      <subfield code="a">SZIEGTUK</subfield>
    </datafield>
    <datafield tag="041" ind1="0" ind2=" ">
      <subfield code="a">eng</subfield>
    </datafield>
    <datafield tag="245" ind1="1" ind2="0">
      <subfield code="a">10000 gardenquestions /</subfield>
      <subfield code="c">Answered by 20 experts ; Ed. F. F. Rockwell</subfield>
    </datafield>
    <datafield tag="250" ind1=" " ind2=" ">
      <subfield code="a">New, Yrev. ed.</subfield>
    </datafield>
    <datafield tag="260" ind1=" " ind2=" ">
      <subfield code="a">New York :</subfield>
      <subfield code="b">Doubleday,</subfield>
      <subfield code="c">[1959]</subfield>
    </datafield>
    <datafield tag="300" ind1=" " ind2=" ">
      <subfield code="a">XVI,1390 p. ;</subfield>
      <subfield code="c">22 cm</subfield>
    </datafield>
    <datafield tag="650" ind1=" " ind2="4">
      <subfield code="a">kertészet</subfield>
    </datafield>
    <datafield tag="700" ind1="1" ind2=" ">
      <subfield code="a">Rockwell, F. F.</subfield>
    </datafield>
    <datafield tag="852" ind1=" " ind2=" ">
      <subfield code="a">G1</subfield>
      <subfield code="b">G1</subfield>
      <subfield code="x">72283</subfield>
    </datafield>
  </record>
  <record>
    <leader>00609nam  2200157 i 4500</leader>
    <controlfield tag="001">MOKKAN0004594015  </controlfield>
    <controlfield tag="005">20070503080709.0</controlfield>
    <controlfield tag="008">051117s1948                        hun d</controlfield>
    <datafield tag="035" ind1=" " ind2=" ">
      <subfield code="a">150490347</subfield>
    </datafield>
    <datafield tag="040" ind1=" " ind2=" ">
      <subfield code="a">BDK</subfield>
    </datafield>
    <datafield tag="041" ind1="0" ind2=" ">
      <subfield code="a">hun</subfield>
    </datafield>
    <datafield tag="245" ind1="0" ind2="0">
      <subfield code="a">10.000 hazahozott hősi halott /</subfield>
      <subfield code="c">[kiad.] a Munkaszolgálatosok Exhumációs és Síremlék Bizottságai</subfield>
    </datafield>
    <datafield tag="260" ind1=" " ind2=" ">
      <subfield code="a">Budapest :</subfield>
      <subfield code="b">[s.n.],</subfield>
      <subfield code="c">1948</subfield>
      <subfield code="e">(Budapest</subfield>
      <subfield code="f">Hedvig ny.)</subfield>
    </datafield>
    <datafield tag="300" ind1=" " ind2=" ">
      <subfield code="a">96 p. :</subfield>
      <subfield code="b">ill. ;</subfield>
      <subfield code="c">20 cm</subfield>
    </datafield>
    <datafield tag="520" ind1=" " ind2=" ">
      <subfield code="a">p. 59-74. a kőszegi tömegsírok felszámolásáról, a munkaszolgálatos mártírok névsora és temetése 1947. ápr. 3.</subfield>
    </datafield>
    <datafield tag="852" ind1=" " ind2=" ">
      <subfield code="a">SZO1</subfield>
      <subfield code="b">SZO1</subfield>
      <subfield code="x">150490347</subfield>
    </datafield>
  </record>
  <record>
    <leader>00756njm  2200205   4500</leader>
    <controlfield tag="001">MOKKAZ0004647697  </controlfield>
    <controlfield tag="005">20040910090308.0</controlfield>
    <controlfield tag="008">010606s2001                        eng d</controlfield>
    <datafield tag="028" ind1=" " ind2=" ">
      <subfield code="a">724381033227</subfield>
    </datafield>
    <datafield tag="028" ind1=" " ind2=" ">
      <subfield code="a">03098</subfield>
    </datafield>
    <datafield tag="035" ind1=" " ind2=" ">
      <subfield code="a">bibFSZ531370</subfield>
    </datafield>
    <datafield tag="040" ind1=" " ind2=" ">
      <subfield code="a">FSZEK</subfield>
    </datafield>
    <datafield tag="110" ind1="2" ind2=" ">
      <subfield code="a">Air</subfield>
    </datafield>
    <datafield tag="245" ind1="1" ind2="0">
      <subfield code="a">10 000HZ legend</subfield>
      <subfield code="h">[Hangfelvétel] /</subfield>
      <subfield code="c">AIR</subfield>
    </datafield>
    <datafield tag="260" ind1=" " ind2=" ">
      <subfield code="a">[S.l.] :</subfield>
      <subfield code="b">Source :</subfield>
      <subfield code="b">Virgin France,</subfield>
      <subfield code="c">cop. 2001</subfield>
    </datafield>
    <datafield tag="300" ind1=" " ind2=" ">
      <subfield code="a">1 CD ;</subfield>
      <subfield code="c">12 cm +</subfield>
      <subfield code="e">1 füz.</subfield>
    </datafield>
    <datafield tag="306" ind1=" " ind2=" ">
      <subfield code="a">(60 min 38 s)</subfield>
    </datafield>
    <datafield tag="505" ind1="0" ind2="0">
      <subfield code="t">Electric performers ;</subfield>
      <subfield code="t">How does it make you feel? ;</subfield>
      <subfield code="t">Radio #1 ;</subfield>
      <subfield code="t">The vagabond ;</subfield>
      <subfield code="t">Radian ;</subfield>
      <subfield code="t">Lucky and unhappy ;</subfield>
      <subfield code="t">Sex born poison ;</subfield>
      <subfield code="t">People in the city ;</subfield>
      <subfield code="t">Wonder milky bitch ;</subfield>
      <subfield code="t">Don't be light ;</subfield>
      <subfield code="t">Caramel prisoner</subfield>
    </datafield>
    <datafield tag="695" ind1=" " ind2="1">
      <subfield code="a">elektronikus zene</subfield>
    </datafield>
    <datafield tag="852" ind1=" " ind2=" ">
      <subfield code="a">B10</subfield>
      <subfield code="B">0401</subfield>
      <subfield code="b">0801</subfield>
      <subfield code="x">bibFSZ531370</subfield>
    </datafield>
  </record>
  <record>
    <leader>00679nama 22002051i 4500</leader>
    <controlfield tag="001">MOKKAS0000672468  </controlfield>
    <controlfield tag="005">20060616173854.0</controlfield>
    <controlfield tag="008">041105s1970    ch            000 0 gerod</controlfield>
    <datafield tag="035" ind1=" " ind2=" ">
      <subfield code="a">1431417</subfield>
    </datafield>
    <datafield tag="040" ind1=" " ind2=" ">
      <subfield code="a">OSZK</subfield>
    </datafield>
    <datafield tag="041" ind1="0" ind2=" ">
      <subfield code="a">gerger</subfield>
    </datafield>
    <datafield tag="100" ind1="1" ind2=" ">
      <subfield code="a">Bravo, Giuseppe A.</subfield>
      <subfield code="c">(cédulakatalógus alapján)</subfield>
    </datafield>
    <datafield tag="245" ind1="1" ind2="0">
      <subfield code="a">100.000 Jahre Leder : </subfield>
      <subfield code="b">eine Monographie /</subfield>
      <subfield code="c">Giuseppe A. Bravo, Juliana Trupke</subfield>
    </datafield>
    <datafield tag="260" ind1=" " ind2=" ">
      <subfield code="a">Basel</subfield>
      <subfield code="a">Stuttgart :</subfield>
      <subfield code="b">Birkhäuser,</subfield>
      <subfield code="c">1970</subfield>
    </datafield>
    <datafield tag="300" ind1=" " ind2=" ">
      <subfield code="a">391 p. :</subfield>
      <subfield code="b">ill. ;</subfield>
      <subfield code="c">23 cm</subfield>
    </datafield>
    <datafield tag="490" ind1="1" ind2=" ">
      <subfield code="a">Wissenschaft und Kultur</subfield>
      <subfield code="v">24.</subfield>
    </datafield>
    <datafield tag="504" ind1=" " ind2=" ">
      <subfield code="a">Bibliogr.: p. 338-359.</subfield>
    </datafield>
    <datafield tag="700" ind1="1" ind2="0">
      <subfield code="a">Trupke, Juliana</subfield>
      <subfield code="c">(cédulakatalógus alapján)</subfield>
    </datafield>
    <datafield tag="830" ind1=" " ind2="0">
      <subfield code="a">Wissenschaft und Kultur</subfield>
    </datafield>
    <datafield tag="852" ind1=" " ind2=" ">
      <subfield code="a">B1</subfield>
      <subfield code="b">B1</subfield>
      <subfield code="x">1431417</subfield>
    </datafield>
  </record>
  <record>
    <leader>00548nam  2200193 i 4500</leader>
    <controlfield tag="001">MOKKAS0003418983  </controlfield>
    <controlfield tag="005">20060604154214.0</controlfield>
    <controlfield tag="008">050713s1965                        eng d</controlfield>
    <datafield tag="035" ind1=" " ind2=" ">
      <subfield code="a">274760</subfield>
    </datafield>
    <datafield tag="040" ind1=" " ind2=" ">
      <subfield code="a">OIK</subfield>
    </datafield>
    <datafield tag="041" ind1="0" ind2=" ">
      <subfield code="a">eng</subfield>
    </datafield>
    <datafield tag="100" ind1="1" ind2=" ">
      <subfield code="a">Copeland, Lewis</subfield>
    </datafield>
    <datafield tag="245" ind1="1" ind2="0">
      <subfield code="a">10,000 jokes, toasts and stories /</subfield>
      <subfield code="c">ed. by Lewis and Faye Copeland</subfield>
    </datafield>
    <datafield tag="260" ind1=" " ind2=" ">
      <subfield code="a">Garden City, NY :</subfield>
      <subfield code="b">Doubleday,</subfield>
      <subfield code="c">cop. 1965</subfield>
    </datafield>
    <datafield tag="300" ind1=" " ind2=" ">
      <subfield code="a">XI, 1020 p. ;</subfield>
      <subfield code="c">22 cm</subfield>
    </datafield>
    <datafield tag="650" ind1=" " ind2="4">
      <subfield code="a">Tréfák. Viccek</subfield>
    </datafield>
    <datafield tag="650" ind1=" " ind2="4">
      <subfield code="a">Angol nyelven</subfield>
    </datafield>
    <datafield tag="700" ind1="1" ind2=" ">
      <subfield code="a">Copeland, Faye</subfield>
      <subfield code="4">(szerk.)</subfield>
    </datafield>
    <datafield tag="852" ind1=" " ind2=" ">
      <subfield code="a">B14</subfield>
      <subfield code="b">B14</subfield>
      <subfield code="x">274760</subfield>
    </datafield>
  </record>
  <record>
    <leader>00522nama 22001931i 4500</leader>
    <controlfield tag="001">MOKKAS0000699822  </controlfield>
    <controlfield tag="005">20060616203727.0</controlfield>
    <controlfield tag="008">041105s1973    fr            000 0 freod</controlfield>
    <datafield tag="035" ind1=" " ind2=" ">
      <subfield code="a">1458772</subfield>
    </datafield>
    <datafield tag="040" ind1=" " ind2=" ">
      <subfield code="a">OSZK</subfield>
    </datafield>
    <datafield tag="041" ind1="0" ind2=" ">
      <subfield code="a">frefre</subfield>
    </datafield>
    <datafield tag="100" ind1="1" ind2=" ">
      <subfield code="a">Derogy, Jacques</subfield>
    </datafield>
    <datafield tag="245" ind1="1" ind2="0">
      <subfield code="a">100.000 juifs à la mer /</subfield>
      <subfield code="c">Jacques Derogy</subfield>
    </datafield>
    <datafield tag="260" ind1=" " ind2=" ">
      <subfield code="a">Paris :</subfield>
      <subfield code="b">Stock,</subfield>
      <subfield code="c">1973</subfield>
    </datafield>
    <datafield tag="300" ind1=" " ind2=" ">
      <subfield code="a">249 p. ;</subfield>
      <subfield code="c">24 cm</subfield>
    </datafield>
    <datafield tag="490" ind1="1" ind2=" ">
      <subfield code="a">Oeuvres de Jacques Derogy</subfield>
    </datafield>
    <datafield tag="504" ind1=" " ind2=" ">
      <subfield code="a">Bibliogr.: p. 247-249.</subfield>
    </datafield>
    <datafield tag="830" ind1=" " ind2="0">
      <subfield code="a">Oeuvres de Jacques Derogy</subfield>
    </datafield>
    <datafield tag="852" ind1=" " ind2=" ">
      <subfield code="a">B1</subfield>
      <subfield code="b">B1</subfield>
      <subfield code="x">1458772</subfield>
    </datafield>
  </record>
  <record>
    <leader>00625nama 22002051i 4500</leader>
    <controlfield tag="001">MOKKAS0000631266  </controlfield>
    <controlfield tag="005">20060118064003.0</controlfield>
    <controlfield tag="008">041001s1948    ro            000 0 hunod</controlfield>
    <datafield tag="035" ind1=" " ind2=" ">
      <subfield code="a">1390146</subfield>
    </datafield>
    <datafield tag="040" ind1=" " ind2=" ">
      <subfield code="a">OSZK</subfield>
    </datafield>
    <datafield tag="041" ind1="1" ind2=" ">
      <subfield code="a">hunhun</subfield>
      <subfield code="h">rus</subfield>
    </datafield>
    <datafield tag="100" ind1="1" ind2=" ">
      <subfield code="a">Ilʹin, Mihail</subfield>
    </datafield>
    <datafield tag="240" ind1="1" ind2="0">
      <subfield code="a">Sto tysâč počemu</subfield>
      <subfield code="l">(magyar)</subfield>
    </datafield>
    <datafield tag="245" ind1="1" ind2="0">
      <subfield code="a">100.000 kérdés /</subfield>
      <subfield code="c">M. Iljin ; ford. Román Dezső</subfield>
    </datafield>
    <datafield tag="260" ind1=" " ind2=" ">
      <subfield code="a">[Bukarest] :</subfield>
      <subfield code="b">Orosz Könyv,</subfield>
      <subfield code="c">1948</subfield>
    </datafield>
    <datafield tag="300" ind1=" " ind2=" ">
      <subfield code="a">104 p. :</subfield>
      <subfield code="b">ill. ;</subfield>
      <subfield code="c">18 cm</subfield>
    </datafield>
    <datafield tag="490" ind1="1" ind2=" ">
      <subfield code="a">Népszerű tudomány</subfield>
      <subfield code="v">20.</subfield>
    </datafield>
    <datafield tag="700" ind1="1" ind2=" ">
      <subfield code="a">Román Dezső</subfield>
      <subfield code="c">(cédulakatalógus alapján)</subfield>
      <subfield code="4">(ford.)</subfield>
    </datafield>
    <datafield tag="830" ind1=" " ind2="0">
      <subfield code="a">Népszerű tudomány</subfield>
    </datafield>
    <datafield tag="852" ind1=" " ind2=" ">
      <subfield code="a">B1</subfield>
      <subfield code="b">B1</subfield>
      <subfield code="x">1390146</subfield>
    </datafield>
  </record>
  <record>
    <leader>00345cam  22001217  4500</leader>
    <controlfield tag="001">MOKKAZ0004411928  </controlfield>
    <controlfield tag="005">20040910065932.0</controlfield>
    <controlfield tag="008">      s1968                        und d</controlfield>
    <datafield tag="035" ind1=" " ind2=" ">
      <subfield code="a">bibFSZ00257999</subfield>
    </datafield>
    <datafield tag="040" ind1=" " ind2=" ">
      <subfield code="a">FSZEK</subfield>
    </datafield>
    <datafield tag="245" ind1="0" ind2="0">
      <subfield code="a">10 000 kilometrov po Mezopotamii /</subfield>
      <subfield code="c">[ill. O. Gerasimov]</subfield>
    </datafield>
    <datafield tag="260" ind1=" " ind2=" ">
      <subfield code="a">[S.l.] :</subfield>
      <subfield code="b">[S.n.],</subfield>
      <subfield code="c">1968</subfield>
    </datafield>
    <datafield tag="852" ind1=" " ind2=" ">
      <subfield code="a">B10</subfield>
      <subfield code="b">B10</subfield>
      <subfield code="x">bibFSZ00257999</subfield>
    </datafield>
  </record>
  <record>
    <leader>00347cam  22001217  4500</leader>
    <controlfield tag="001">MOKKAZ0004473454  </controlfield>
    <controlfield tag="005">20040910073048.0</controlfield>
    <controlfield tag="008">      s1949                        und d</controlfield>
    <datafield tag="035" ind1=" " ind2=" ">
      <subfield code="a">bibFSZ00319626</subfield>
    </datafield>
    <datafield tag="040" ind1=" " ind2=" ">
      <subfield code="a">FSZEK</subfield>
    </datafield>
    <datafield tag="245" ind1="0" ind2="0">
      <subfield code="a">10.000 Kilometer durch das Sowjetland /</subfield>
      <subfield code="c">Werner Eggerath</subfield>
    </datafield>
    <datafield tag="260" ind1=" " ind2=" ">
      <subfield code="a">[S.l.] :</subfield>
      <subfield code="b">[S.n.],</subfield>
      <subfield code="c">1949</subfield>
    </datafield>
    <datafield tag="852" ind1=" " ind2=" ">
      <subfield code="a">B10</subfield>
      <subfield code="b">0801</subfield>
      <subfield code="x">bibFSZ00319626</subfield>
    </datafield>
  </record>
  <record>
    <leader>00375cam  22001337  4500</leader>
    <controlfield tag="001">MOKKAZ0004419193  </controlfield>
    <controlfield tag="005">20040910070313.0</controlfield>
    <controlfield tag="008">      s1966                        und d</controlfield>
    <datafield tag="035" ind1=" " ind2=" ">
      <subfield code="a">bibFSZ00265270</subfield>
    </datafield>
    <datafield tag="040" ind1=" " ind2=" ">
      <subfield code="a">FSZEK</subfield>
    </datafield>
    <datafield tag="100" ind1="1" ind2=" ">
      <subfield code="a">Bockelmann, Rita</subfield>
    </datafield>
    <datafield tag="245" ind1="1" ind2="0">
      <subfield code="a">100.000 Kinder finden eine Heimat /</subfield>
      <subfield code="c">Rita Bockelmann</subfield>
    </datafield>
    <datafield tag="260" ind1=" " ind2=" ">
      <subfield code="a">[S.l.] :</subfield>
      <subfield code="b">[S.n.],</subfield>
      <subfield code="c">1966</subfield>
    </datafield>
    <datafield tag="852" ind1=" " ind2=" ">
      <subfield code="a">B10</subfield>
      <subfield code="b">B10</subfield>
      <subfield code="x">bibFSZ00265270</subfield>
    </datafield>
  </record>
  <record>
    <leader>00428nam  22001337  4500</leader>
    <controlfield tag="001">MOKKAZ0004715274  </controlfield>
    <controlfield tag="005">20040910094138.0</controlfield>
    <controlfield tag="008">000211s1950                  00    cze d</controlfield>
    <datafield tag="035" ind1=" " ind2=" ">
      <subfield code="a">bibFSZ785315</subfield>
    </datafield>
    <datafield tag="040" ind1=" " ind2=" ">
      <subfield code="a">FSZEK</subfield>
    </datafield>
    <datafield tag="041" ind1=" " ind2=" ">
      <subfield code="a">cze</subfield>
    </datafield>
    <datafield tag="245" ind1="0" ind2="0">
      <subfield code="a">10000 km budujícím Ceskoslovenskem /</subfield>
      <subfield code="c">Bedrich Václavík, Lidmila Balcárková, K. F. Sedlácek</subfield>
    </datafield>
    <datafield tag="260" ind1=" " ind2=" ">
      <subfield code="a">[S.l.] :</subfield>
      <subfield code="b">Ministerstvo informacia Osvety,</subfield>
      <subfield code="c">1950</subfield>
    </datafield>
    <datafield tag="852" ind1=" " ind2=" ">
      <subfield code="a">B10</subfield>
      <subfield code="b">0801</subfield>
      <subfield code="x">bibFSZ785315</subfield>
    </datafield>
  </record>
  <record>
    <leader>00711nam  2200193 i 4500</leader>
    <controlfield tag="001">MOKKAW0005585403  </controlfield>
    <controlfield tag="005">20080415185517.0</controlfield>
    <controlfield tag="008">010516s1952                  000 0 hun d</controlfield>
    <datafield tag="035" ind1=" " ind2=" ">
      <subfield code="a">BMEOMIKK000151485</subfield>
    </datafield>
    <datafield tag="040" ind1=" " ind2=" ">
      <subfield code="a">BMEOMIKK</subfield>
    </datafield>
    <datafield tag="041" ind1="0" ind2=" ">
      <subfield code="a">hun</subfield>
    </datafield>
    <datafield tag="100" ind1="1" ind2=" ">
      <subfield code="a">Veöreös Boldizsár</subfield>
    </datafield>
    <datafield tag="245" ind1="1" ind2="0">
      <subfield code="a">100.000 km-es kísérletek /</subfield>
      <subfield code="c">Veöreös Boldizsár</subfield>
    </datafield>
    <datafield tag="260" ind1=" " ind2=" ">
      <subfield code="a">Budapest :</subfield>
      <subfield code="b">Közoktatásügyi Jegyzetellátó,</subfield>
      <subfield code="c">1952</subfield>
    </datafield>
    <datafield tag="300" ind1=" " ind2=" ">
      <subfield code="a">35 p. ;</subfield>
      <subfield code="c">30 cm</subfield>
    </datafield>
    <datafield tag="490" ind1="1" ind2=" ">
      <subfield code="a">Budapesti Műszaki Egyetem. Mérnöki Továbbképző Intézet előadássorozatából</subfield>
      <subfield code="v">G. 107.</subfield>
    </datafield>
    <datafield tag="504" ind1=" " ind2=" ">
      <subfield code="a">Bibliogr.: 35. p.</subfield>
    </datafield>
    <datafield tag="830" ind1=" " ind2="0">
      <subfield code="a">Budapesti Műszaki Egyetem. Mérnöki Továbbképző Intézet előadássorozatából</subfield>
    </datafield>
    <datafield tag="852" ind1=" " ind2=" ">
      <subfield code="a">B11</subfield>
      <subfield code="b">B11</subfield>
      <subfield code="x">BMEOMIKK000151485</subfield>
    </datafield>
  </record>
  <record>
    <leader>00669nama 22001811i 4500</leader>
    <controlfield tag="001">MOKKAS0000522706  </controlfield>
    <controlfield tag="005">20060117205904.0</controlfield>
    <controlfield tag="008">040903s1952    hu            000 0 hunod</controlfield>
    <datafield tag="035" ind1=" " ind2=" ">
      <subfield code="a">1281499</subfield>
    </datafield>
    <datafield tag="040" ind1=" " ind2=" ">
      <subfield code="a">OSZK</subfield>
    </datafield>
    <datafield tag="041" ind1="0" ind2=" ">
      <subfield code="a">hunhun</subfield>
    </datafield>
    <datafield tag="100" ind1="1" ind2=" ">
      <subfield code="a">Veöreös Boldizsár</subfield>
      <subfield code="c">(cédulakatalógus alapján)</subfield>
    </datafield>
    <datafield tag="245" ind1="1" ind2="0">
      <subfield code="a">100.000 km-es kísérletek /</subfield>
      <subfield code="c">Veöreös Boldizsár</subfield>
    </datafield>
    <datafield tag="260" ind1=" " ind2=" ">
      <subfield code="a">Budapest :</subfield>
      <subfield code="b">Mérnöki Továbbképző Intézet,</subfield>
      <subfield code="c">1952</subfield>
      <subfield code="e">(Budapest</subfield>
      <subfield code="f">Közokt. Jegyzetell. soksz.)</subfield>
    </datafield>
    <datafield tag="300" ind1=" " ind2=" ">
      <subfield code="a">35 p. ;</subfield>
      <subfield code="c">29 cm</subfield>
    </datafield>
    <datafield tag="490" ind1="1" ind2=" ">
      <subfield code="a">Mérnöki Továbbképző Intézet előadássorozatából</subfield>
      <subfield code="v">G. 107.</subfield>
    </datafield>
    <datafield tag="830" ind1=" " ind2="0">
      <subfield code="a">Mérnöki Továbbképző Intézet előadássorozatából</subfield>
    </datafield>
    <datafield tag="852" ind1=" " ind2=" ">
      <subfield code="a">B1</subfield>
      <subfield code="b">B1</subfield>
      <subfield code="x">1281499</subfield>
    </datafield>
  </record>
  <record>
    <leader>00800cjm  22001811  4500</leader>
    <controlfield tag="001">MOKKAZ0004583718  </controlfield>
    <controlfield tag="005">20040910082849.0</controlfield>
    <controlfield tag="008">      s1969                        und d</controlfield>
    <datafield tag="028" ind1="4" ind2="2">
      <subfield code="a">HCD 37585</subfield>
    </datafield>
    <datafield tag="035" ind1=" " ind2=" ">
      <subfield code="a">bibFSZ00430023</subfield>
    </datafield>
    <datafield tag="040" ind1=" " ind2=" ">
      <subfield code="a">FSZEK</subfield>
    </datafield>
    <datafield tag="110" ind1="2" ind2=" ">
      <subfield code="a">Omega</subfield>
    </datafield>
    <datafield tag="245" ind1="1" ind2="0">
      <subfield code="a">10000 lépés</subfield>
      <subfield code="h">[Hangfelvétel] /</subfield>
      <subfield code="c">Omega</subfield>
    </datafield>
    <datafield tag="260" ind1=" " ind2=" ">
      <subfield code="a">Budapest :</subfield>
      <subfield code="b">Hungaroton-Gong Kft,</subfield>
      <subfield code="c">1969, cop. 1992</subfield>
    </datafield>
    <datafield tag="300" ind1=" " ind2=" ">
      <subfield code="a">1 CD :</subfield>
      <subfield code="b">sztereó ;</subfield>
      <subfield code="c">12 cm</subfield>
      <subfield code="e">1 mell.</subfield>
    </datafield>
    <datafield tag="306" ind1=" " ind2=" ">
      <subfield code="a">42 min 49 s</subfield>
    </datafield>
    <datafield tag="505" ind1="0" ind2=" ">
      <subfield code="g">1.,</subfield>
      <subfield code="t">Petróleum lámpa</subfield>
      <subfield code="g">2.,</subfield>
      <subfield code="t">Gyöngyhajú lány</subfield>
      <subfield code="g">3.,</subfield>
      <subfield code="t">Tűzvihar</subfield>
      <subfield code="g">4.,</subfield>
      <subfield code="t">Udvari bolond kenyere</subfield>
      <subfield code="g">5.,</subfield>
      <subfield code="t">Kérgeskezű favágók</subfield>
      <subfield code="g">6.,</subfield>
      <subfield code="t">Tékozló fiúk</subfield>
      <subfield code="g">7.,</subfield>
      <subfield code="t">Tízezer lépés</subfield>
      <subfield code="g">8.,</subfield>
      <subfield code="t">1958-as boogie-woogie klubban</subfield>
      <subfield code="g">9.,</subfield>
      <subfield code="t">Spanyolgitár legenda</subfield>
      <subfield code="g">10.,</subfield>
      <subfield code="t">Félbeszakadt koncert</subfield>
    </datafield>
    <datafield tag="852" ind1=" " ind2=" ">
      <subfield code="a">B10</subfield>
      <subfield code="B">2301</subfield>
      <subfield code="B">0401</subfield>
      <subfield code="B">1308</subfield>
      <subfield code="B">1501</subfield>
      <subfield code="B">1404</subfield>
      <subfield code="B">0702</subfield>
      <subfield code="B">1201</subfield>
      <subfield code="b">1803</subfield>
      <subfield code="x">bibFSZ00430023</subfield>
    </datafield>
  </record>
  <record>
    <leader>00716njm  2200193   4500</leader>
    <controlfield tag="001">MOKKAN0004326325  </controlfield>
    <controlfield tag="005">20070412044932.0</controlfield>
    <controlfield tag="008">991029s1982                        hun d</controlfield>
    <datafield tag="028" ind1=" " ind2=" ">
      <subfield code="a">SLPX 17400</subfield>
    </datafield>
    <datafield tag="035" ind1=" " ind2=" ">
      <subfield code="a">bibFSZ1306388</subfield>
    </datafield>
    <datafield tag="040" ind1=" " ind2=" ">
      <subfield code="a">FSZEK</subfield>
    </datafield>
    <datafield tag="110" ind1="2" ind2=" ">
      <subfield code="a">Omega</subfield>
    </datafield>
    <datafield tag="245" ind1="1" ind2="0">
      <subfield code="a">10000 lépés</subfield>
      <subfield code="h">[Hangfelvétel] /</subfield>
      <subfield code="c">Omega</subfield>
    </datafield>
    <datafield tag="260" ind1=" " ind2=" ">
      <subfield code="a">[Budapest] :</subfield>
      <subfield code="b">Hungaroton,</subfield>
      <subfield code="c">1982</subfield>
    </datafield>
    <datafield tag="300" ind1=" " ind2=" ">
      <subfield code="a">1 hangl. :</subfield>
      <subfield code="b">33/min. ;</subfield>
      <subfield code="c">30 cm</subfield>
    </datafield>
    <datafield tag="505" ind1="0" ind2="0">
      <subfield code="t">Petróleumlámpa ;</subfield>
      <subfield code="t">Gyöngyhajú lány ;</subfield>
      <subfield code="t">Tűzvihar ;</subfield>
      <subfield code="t">Udvari bolond kenyere ;</subfield>
      <subfield code="t">Kérgeskezű favágók ;</subfield>
      <subfield code="t">Tékozló fiúk ;</subfield>
      <subfield code="t">Tízezer lépés ;</subfield>
      <subfield code="t">1958-as boogue-woogie klubban ;</subfield>
      <subfield code="t">Spanyolgitár legenda ;</subfield>
      <subfield code="t">Fébeszakadt koncert</subfield>
    </datafield>
    <datafield tag="695" ind1=" " ind2="1">
      <subfield code="a">rock</subfield>
    </datafield>
    <datafield tag="695" ind1=" " ind2="1">
      <subfield code="a">hanglemez</subfield>
    </datafield>
    <datafield tag="852" ind1=" " ind2=" ">
      <subfield code="a">B10</subfield>
      <subfield code="b">B10</subfield>
      <subfield code="x">bibFSZ1306388</subfield>
    </datafield>
  </record>
  <record>
    <leader>01057njm  2200229 i 4500</leader>
    <controlfield tag="001">MOKKAZ0003388074  </controlfield>
    <controlfield tag="005">20040909184421.0</controlfield>
    <controlfield tag="008">961207s1992    hu   nn          1  hun d</controlfield>
    <datafield tag="028" ind1="0" ind2=" ">
      <subfield code="a">HCD 37585</subfield>
      <subfield code="b">Hungaroton-Gong</subfield>
    </datafield>
    <datafield tag="035" ind1=" " ind2=" ">
      <subfield code="a">bibKLT00123770</subfield>
    </datafield>
    <datafield tag="040" ind1=" " ind2=" ">
      <subfield code="a">DEENK</subfield>
    </datafield>
    <datafield tag="041" ind1=" " ind2=" ">
      <subfield code="a">hun</subfield>
      <subfield code="b">hun</subfield>
    </datafield>
    <datafield tag="110" ind1="2" ind2=" ">
      <subfield code="a">Omega</subfield>
    </datafield>
    <datafield tag="245" ind1="1" ind2="0">
      <subfield code="a">10000 lépés</subfield>
      <subfield code="h">[Hgf.] /</subfield>
      <subfield code="c">Omega [együttes] ; Adamis Anna</subfield>
    </datafield>
    <datafield tag="260" ind1=" " ind2=" ">
      <subfield code="a">[Budapest] :</subfield>
      <subfield code="b">Hungaroton-Gong,</subfield>
      <subfield code="c">1992</subfield>
    </datafield>
    <datafield tag="300" ind1=" " ind2=" ">
      <subfield code="a">1 CD :</subfield>
      <subfield code="b">AAD ;</subfield>
      <subfield code="c">12 cm +</subfield>
      <subfield code="e">melléklet</subfield>
    </datafield>
    <datafield tag="306" ind1=" " ind2=" ">
      <subfield code="a">(42 min 49 s)</subfield>
    </datafield>
    <datafield tag="505" ind1="0" ind2="0">
      <subfield code="a">Petróleum lámpa ;</subfield>
      <subfield code="t">Gyöngyhajú lány ;</subfield>
      <subfield code="t">Tűzvihar ;</subfield>
      <subfield code="t">Udvari bolond kenyere ;</subfield>
      <subfield code="t">Kérgeskezű favágók ;</subfield>
      <subfield code="t">Tékozló fiúk ;</subfield>
      <subfield code="t">Tízezer lépés ;</subfield>
      <subfield code="t">1958-as boogie-woogie klubban ;</subfield>
      <subfield code="t">Spanyolgitár legenda ;</subfield>
      <subfield code="t">Félbeszakadt koncert</subfield>
    </datafield>
    <datafield tag="511" ind1="2" ind2=" ">
      <subfield code="a">Omega együttes (Kóbor János - Benkő László - Laux József - Mihály Tamás - Molnár György - Presser Gábor)</subfield>
    </datafield>
    <datafield tag="700" ind1="1" ind2=" ">
      <subfield code="a">Adamis Anna</subfield>
      <subfield code="d">(1943-)</subfield>
    </datafield>
    <datafield tag="852" ind1=" " ind2=" ">
      <subfield code="a">D1</subfield>
      <subfield code="b">D1/Z</subfield>
      <subfield code="x">bibKLT00123770</subfield>
    </datafield>
    <datafield tag="856" ind1=" " ind2="7">
      <subfield code="2">http</subfield>
      <subfield code="3">A CD borítója és zenei motívum</subfield>
      <subfield code="u">http://www.lib.klte.hu/voyager/mc/mc.cgi?00109543</subfield>
      <subfield code="x">DEENK</subfield>
    </datafield>
  </record>
  <record>
    <leader>00447njm  2200169 i 4500</leader>
    <controlfield tag="001">MOKKAN0004605390  </controlfield>
    <controlfield tag="005">20070503111153.0</controlfield>
    <controlfield tag="008">041130s1992                            d</controlfield>
    <datafield tag="028" ind1="0" ind2=" ">
      <subfield code="a">HCD 37585</subfield>
    </datafield>
    <datafield tag="035" ind1=" " ind2=" ">
      <subfield code="a">150431120</subfield>
    </datafield>
    <datafield tag="040" ind1=" " ind2=" ">
      <subfield code="a">BDK</subfield>
    </datafield>
    <datafield tag="110" ind1="2" ind2="0">
      <subfield code="a">Omega</subfield>
    </datafield>
    <datafield tag="245" ind1="0" ind2="0">
      <subfield code="a">10000 lépés /</subfield>
      <subfield code="c">Omega</subfield>
      <subfield code="h">hangdok.</subfield>
    </datafield>
    <datafield tag="260" ind1=" " ind2=" ">
      <subfield code="a">[Budapest] :</subfield>
      <subfield code="b">Hungaroton-Gong,</subfield>
      <subfield code="c">ph. 1992</subfield>
    </datafield>
    <datafield tag="300" ind1=" " ind2=" ">
      <subfield code="a">1 CD : sztereó ;</subfield>
      <subfield code="c">12 cm</subfield>
    </datafield>
    <datafield tag="650" ind1=" " ind2="4">
      <subfield code="a">könnyűzene</subfield>
    </datafield>
    <datafield tag="852" ind1=" " ind2=" ">
      <subfield code="a">SZO1</subfield>
      <subfield code="b">SZO1</subfield>
      <subfield code="x">150431120</subfield>
    </datafield>
  </record>
  <record>
    <leader>00991fjm  2200229 i 4500</leader>
    <controlfield tag="001">MOKKAZ0003405743  </controlfield>
    <controlfield tag="005">20040909185330.0</controlfield>
    <controlfield tag="008">961207s1996    hu   nn          1  hun d</controlfield>
    <datafield tag="028" ind1="0" ind2="0">
      <subfield code="a">MK 37585</subfield>
      <subfield code="b">Mega</subfield>
    </datafield>
    <datafield tag="035" ind1=" " ind2=" ">
      <subfield code="a">bibKLT00131192</subfield>
    </datafield>
    <datafield tag="040" ind1=" " ind2=" ">
      <subfield code="a">DEENK</subfield>
    </datafield>
    <datafield tag="041" ind1=" " ind2=" ">
      <subfield code="a">hun</subfield>
    </datafield>
    <datafield tag="110" ind1="2" ind2=" ">
      <subfield code="a">Omega</subfield>
    </datafield>
    <datafield tag="245" ind1="1" ind2="0">
      <subfield code="a">10000 lépés</subfield>
      <subfield code="h">[Hgf.] /</subfield>
      <subfield code="c">Omega [együttes] ; Adamis Anna</subfield>
    </datafield>
    <datafield tag="260" ind1=" " ind2=" ">
      <subfield code="a">[Budapest] :</subfield>
      <subfield code="b">Mega,</subfield>
      <subfield code="c">1996</subfield>
    </datafield>
    <datafield tag="300" ind1=" " ind2=" ">
      <subfield code="a">1 hangkazetta +</subfield>
      <subfield code="e">melléklet</subfield>
    </datafield>
    <datafield tag="500" ind1=" " ind2=" ">
      <subfield code="a">A felvételek 1969-ben készültek a Qualiton Stúdióban</subfield>
    </datafield>
    <datafield tag="505" ind1="0" ind2="0">
      <subfield code="a">Petróleum lámpa ;</subfield>
      <subfield code="t">Gyöngyhajú lány ;</subfield>
      <subfield code="t">Tűzvihar ;</subfield>
      <subfield code="t">Udvari bolond kenyere ;</subfield>
      <subfield code="t">Kérgeskezű favágók ;</subfield>
      <subfield code="t">Tékozló fiúk ;</subfield>
      <subfield code="t">Tízezer lépés ;</subfield>
      <subfield code="t">1958-as boogie-woogie klubban ;</subfield>
      <subfield code="t">Spanyolgitár legenda ;</subfield>
      <subfield code="t">Félbeszakadt koncert</subfield>
    </datafield>
    <datafield tag="511" ind1="2" ind2=" ">
      <subfield code="a">Omega együttes (Kóbor János - Benkő László - Laux József - Mihály Tamás - Molnár György - Presser Gábor)</subfield>
    </datafield>
    <datafield tag="700" ind1="1" ind2=" ">
      <subfield code="a">Adamis Anna</subfield>
      <subfield code="d">(1943-)</subfield>
    </datafield>
    <datafield tag="852" ind1=" " ind2=" ">
      <subfield code="a">D1</subfield>
      <subfield code="b">D1/Z</subfield>
      <subfield code="x">bibKLT00131192</subfield>
    </datafield>
    <datafield tag="852" ind1=" " ind2=" ">
      <subfield code="a">B10</subfield>
      <subfield code="b">1003</subfield>
      <subfield code="x">bibFSZ984138</subfield>
    </datafield>
  </record>
  <record>
    <leader>01172fjm  2200241 i 4500</leader>
    <controlfield tag="001">MOKKAZ0003752845  </controlfield>
    <controlfield tag="005">20040909215750.0</controlfield>
    <controlfield tag="008">961207s2003    hu   nn          1  hun d</controlfield>
    <datafield tag="028" ind1="0" ind2="0">
      <subfield code="a">HCD 17400</subfield>
      <subfield code="b">Hungaroton-Gong</subfield>
    </datafield>
    <datafield tag="035" ind1=" " ind2=" ">
      <subfield code="a">bibKLT00342225</subfield>
    </datafield>
    <datafield tag="040" ind1=" " ind2=" ">
      <subfield code="a">DEENK</subfield>
    </datafield>
    <datafield tag="041" ind1=" " ind2=" ">
      <subfield code="d">hun</subfield>
      <subfield code="g">hun</subfield>
    </datafield>
    <datafield tag="110" ind1="2" ind2=" ">
      <subfield code="a">Omega</subfield>
    </datafield>
    <datafield tag="245" ind1="1" ind2="0">
      <subfield code="a">10000 lépés</subfield>
      <subfield code="h">[Hgf.] /</subfield>
      <subfield code="c">Omega ; Adamis Anna</subfield>
    </datafield>
    <datafield tag="260" ind1=" " ind2=" ">
      <subfield code="a">[Budapest] :</subfield>
      <subfield code="b">Hungaroton,</subfield>
      <subfield code="c">2003</subfield>
    </datafield>
    <datafield tag="300" ind1=" " ind2=" ">
      <subfield code="a">1 CD :</subfield>
      <subfield code="c">12 cm +</subfield>
      <subfield code="e">melléklet</subfield>
    </datafield>
    <datafield tag="306" ind1=" " ind2=" ">
      <subfield code="a">(42 min 49 s)</subfield>
    </datafield>
    <datafield tag="505" ind1="0" ind2="0">
      <subfield code="a">Petróleum lámpa +</subfield>
      <subfield code="t">Gyöngyhajú lány +</subfield>
      <subfield code="t">Tűzvihar +</subfield>
      <subfield code="t">Udvari bolond kenyere +</subfield>
      <subfield code="t">Kérgeskezű favágók +</subfield>
      <subfield code="t">Tékozló fiúk +</subfield>
      <subfield code="t">Tízezer lépés +</subfield>
      <subfield code="t">1958-as boogie-woogie klubban +</subfield>
      <subfield code="t">Spanyolgitár legenda +</subfield>
      <subfield code="t">Félbeszakadt koncert +</subfield>
      <subfield code="t">Halott virágok +</subfield>
      <subfield code="t">Nem tilthatom meg +</subfield>
      <subfield code="t">Volt egy bohóc +</subfield>
      <subfield code="t">Régi csibészek +</subfield>
      <subfield code="t">Naplemente</subfield>
    </datafield>
    <datafield tag="511" ind1="2" ind2=" ">
      <subfield code="a">Omega együttes (Kóbor János - Benkő László - Laux József - Mihály Tamás - Molnár György - Presser Gábor)</subfield>
    </datafield>
    <datafield tag="700" ind1="1" ind2=" ">
      <subfield code="a">Adamis Anna</subfield>
      <subfield code="d">(1943-)</subfield>
    </datafield>
    <datafield tag="852" ind1=" " ind2=" ">
      <subfield code="a">D1</subfield>
      <subfield code="b">D1/Z</subfield>
      <subfield code="x">bibKLT00342225</subfield>
    </datafield>
    <datafield tag="852" ind1=" " ind2=" ">
      <subfield code="a">B10</subfield>
      <subfield code="B">0801</subfield>
      <subfield code="b">1602</subfield>
      <subfield code="x">bibFSZ946745</subfield>
    </datafield>
    <datafield tag="856" ind1=" " ind2="7">
      <subfield code="2">http</subfield>
      <subfield code="3">A CD borítója és zenei motívum</subfield>
      <subfield code="u">http://www.lib.klte.hu/voyager/mc/mc.cgi?00109543</subfield>
      <subfield code="x">DEENK</subfield>
    </datafield>
  </record>
  <record>
    <leader>00673njm  2200205   4500</leader>
    <controlfield tag="001">MOKKAN0004267987  </controlfield>
    <controlfield tag="005">20070409025117.0</controlfield>
    <controlfield tag="008">991029s2001                        eng d</controlfield>
    <datafield tag="028" ind1=" " ind2=" ">
      <subfield code="a">NR011</subfield>
    </datafield>
    <datafield tag="035" ind1=" " ind2=" ">
      <subfield code="a">bibFSZ1172189</subfield>
    </datafield>
    <datafield tag="040" ind1=" " ind2=" ">
      <subfield code="a">FSZEK</subfield>
    </datafield>
    <datafield tag="110" ind1="2" ind2=" ">
      <subfield code="a">Zeni Geva</subfield>
    </datafield>
    <datafield tag="245" ind1="1" ind2="0">
      <subfield code="a">10,000 light years</subfield>
      <subfield code="h">[Hangfelvétel] /</subfield>
      <subfield code="c">Zeni Geva</subfield>
    </datafield>
    <datafield tag="260" ind1=" " ind2=" ">
      <subfield code="a">San Francisco :</subfield>
      <subfield code="b">Neurot Recordings,</subfield>
      <subfield code="c">cop. 2001</subfield>
    </datafield>
    <datafield tag="300" ind1=" " ind2=" ">
      <subfield code="a">1 CD (38 min 48 s) ;</subfield>
      <subfield code="c">12 cm</subfield>
    </datafield>
    <datafield tag="500" ind1=" " ind2=" ">
      <subfield code="a">Kemény papírtokban</subfield>
    </datafield>
    <datafield tag="505" ind1="0" ind2="0">
      <subfield code="t">10,000 light years ;</subfield>
      <subfield code="t">Implosion ;</subfield>
      <subfield code="t">Blastsphere ;</subfield>
      <subfield code="t">Interzona 2 ;</subfield>
      <subfield code="t">Trannycide ;</subfield>
      <subfield code="t">Last nanosecond ;</subfield>
      <subfield code="t">Hazchem ;</subfield>
      <subfield code="t">Auto-fuck</subfield>
    </datafield>
    <datafield tag="695" ind1=" " ind2="1">
      <subfield code="a">rock</subfield>
    </datafield>
    <datafield tag="695" ind1=" " ind2="1">
      <subfield code="a">experimental</subfield>
    </datafield>
    <datafield tag="852" ind1=" " ind2=" ">
      <subfield code="a">B10</subfield>
      <subfield code="b">B10</subfield>
      <subfield code="x">bibFSZ1172189</subfield>
    </datafield>
  </record>
  <record>
    <leader>00782cjm  22001691  4500</leader>
    <controlfield tag="001">MOKKAZ0004587689  </controlfield>
    <controlfield tag="005">20040910083050.0</controlfield>
    <controlfield tag="008">      s1993                        und d</controlfield>
    <datafield tag="028" ind1="4" ind2="2">
      <subfield code="a">7559-61569-2</subfield>
    </datafield>
    <datafield tag="035" ind1=" " ind2=" ">
      <subfield code="a">bibFSZ00433994</subfield>
    </datafield>
    <datafield tag="040" ind1=" " ind2=" ">
      <subfield code="a">FSZEK</subfield>
    </datafield>
    <datafield tag="245" ind1="0" ind2="0">
      <subfield code="a">10000 Maniacs MTV Unplugged</subfield>
      <subfield code="h">[Hangfelvétel]</subfield>
    </datafield>
    <datafield tag="260" ind1=" " ind2=" ">
      <subfield code="a">Germany :</subfield>
      <subfield code="b">Elektra Entertainment,</subfield>
      <subfield code="c">1993</subfield>
    </datafield>
    <datafield tag="300" ind1=" " ind2=" ">
      <subfield code="a">1 CD :</subfield>
      <subfield code="b">sztereó ;</subfield>
      <subfield code="c">12 cm</subfield>
      <subfield code="e">1 mell.</subfield>
    </datafield>
    <datafield tag="306" ind1=" " ind2=" ">
      <subfield code="a">61 min 17 s</subfield>
    </datafield>
    <datafield tag="505" ind1="0" ind2=" ">
      <subfield code="g">1.,</subfield>
      <subfield code="t">These Are Days</subfield>
      <subfield code="g">2.,</subfield>
      <subfield code="t">Eat For Two</subfield>
      <subfield code="g">3.,</subfield>
      <subfield code="t">Candy Everybody Wants</subfield>
      <subfield code="g">4.,</subfield>
      <subfield code="t">I'm Not The Man</subfield>
      <subfield code="g">5.,</subfield>
      <subfield code="t">Don't Talk</subfield>
      <subfield code="g">6.,</subfield>
      <subfield code="t">Hey Jack Kerouac</subfield>
      <subfield code="g">7.,</subfield>
      <subfield code="t">What's The Matter Here?</subfield>
      <subfield code="g">8.,</subfield>
      <subfield code="t">Gold Rush Brides</subfield>
      <subfield code="g">9.,</subfield>
      <subfield code="t">Like The Weather</subfield>
      <subfield code="g">10.,</subfield>
      <subfield code="t">Trouble Me</subfield>
      <subfield code="g">11.,</subfield>
      <subfield code="t">Jezebel</subfield>
      <subfield code="g">12.,</subfield>
      <subfield code="t">Because The Night</subfield>
      <subfield code="g">13.,</subfield>
      <subfield code="t">Stockton Gala Days</subfield>
      <subfield code="g">14.,</subfield>
      <subfield code="t">Noah's Dove</subfield>
    </datafield>
    <datafield tag="852" ind1=" " ind2=" ">
      <subfield code="a">B10</subfield>
      <subfield code="b">1308</subfield>
      <subfield code="x">bibFSZ00433994</subfield>
    </datafield>
  </record>
  <record>
    <leader>00342cam  22001217  4500</leader>
    <controlfield tag="001">MOKKAZ0004400685  </controlfield>
    <controlfield tag="005">20040910065351.0</controlfield>
    <controlfield tag="008">      s1963                        und d</controlfield>
    <datafield tag="035" ind1=" " ind2=" ">
      <subfield code="a">bibFSZ00246749</subfield>
    </datafield>
    <datafield tag="040" ind1=" " ind2=" ">
      <subfield code="a">FSZEK</subfield>
    </datafield>
    <datafield tag="245" ind1="0" ind2="0">
      <subfield code="a">10.000 Meilen unterm Eis /</subfield>
      <subfield code="c">George P[eabody] Steele</subfield>
    </datafield>
    <datafield tag="260" ind1=" " ind2=" ">
      <subfield code="a">[S.l.] :</subfield>
      <subfield code="b">[S.n.],</subfield>
      <subfield code="c">1963</subfield>
    </datafield>
    <datafield tag="852" ind1=" " ind2=" ">
      <subfield code="a">B10</subfield>
      <subfield code="b">0801</subfield>
      <subfield code="x">bibFSZ00246749</subfield>
    </datafield>
  </record>
  <record>
    <leader>00343cam  22001217  4500</leader>
    <controlfield tag="001">MOKKAZ0004416863  </controlfield>
    <controlfield tag="005">20040910070202.0</controlfield>
    <controlfield tag="008">      s1960                        und d</controlfield>
    <datafield tag="035" ind1=" " ind2=" ">
      <subfield code="a">bibFSZ00262938</subfield>
    </datafield>
    <datafield tag="040" ind1=" " ind2=" ">
      <subfield code="a">FSZEK</subfield>
    </datafield>
    <datafield tag="245" ind1="0" ind2="0">
      <subfield code="a">10.000 milles a bord d'une jonque /</subfield>
      <subfield code="c">José Maria Tey</subfield>
    </datafield>
    <datafield tag="260" ind1=" " ind2=" ">
      <subfield code="a">[S.l.] :</subfield>
      <subfield code="b">[S.n.],</subfield>
      <subfield code="c">1960</subfield>
    </datafield>
    <datafield tag="852" ind1=" " ind2=" ">
      <subfield code="a">B10</subfield>
      <subfield code="b">0801</subfield>
      <subfield code="x">bibFSZ00262938</subfield>
    </datafield>
  </record>
  <record>
    <leader>00397cam  22001337  4500</leader>
    <controlfield tag="001">MOKKAZ0004423030  </controlfield>
    <controlfield tag="005">20040910070509.0</controlfield>
    <controlfield tag="008">      s1937                        und d</controlfield>
    <datafield tag="035" ind1=" " ind2=" ">
      <subfield code="a">bibFSZ00269111</subfield>
    </datafield>
    <datafield tag="040" ind1=" " ind2=" ">
      <subfield code="a">FSZEK</subfield>
    </datafield>
    <datafield tag="100" ind1="1" ind2=" ">
      <subfield code="a">Visegrády József</subfield>
    </datafield>
    <datafield tag="245" ind1="1" ind2="0">
      <subfield code="a">100.000 motoros gépjáróművet Magyarországnak /</subfield>
      <subfield code="c">Visegrády József</subfield>
    </datafield>
    <datafield tag="260" ind1=" " ind2=" ">
      <subfield code="a">[S.l.] :</subfield>
      <subfield code="b">[S.n.],</subfield>
      <subfield code="c">1937</subfield>
    </datafield>
    <datafield tag="852" ind1=" " ind2=" ">
      <subfield code="a">B10</subfield>
      <subfield code="b">0801</subfield>
      <subfield code="x">bibFSZ00269111</subfield>
    </datafield>
  </record>
  <record>
    <leader>00527nama 22001811i 4500</leader>
    <controlfield tag="001">MOKKAS0000805239  </controlfield>
    <controlfield tag="005">20060617010245.0</controlfield>
    <controlfield tag="008">041124s1937    hu            000 0 hunod</controlfield>
    <datafield tag="035" ind1=" " ind2=" ">
      <subfield code="a">1564488</subfield>
    </datafield>
    <datafield tag="040" ind1=" " ind2=" ">
      <subfield code="a">OSZK</subfield>
    </datafield>
    <datafield tag="041" ind1="0" ind2=" ">
      <subfield code="a">hunhun</subfield>
    </datafield>
    <datafield tag="100" ind1="1" ind2=" ">
      <subfield code="a">Visegrády József</subfield>
      <subfield code="c">(cédulakatalógus alapján)</subfield>
    </datafield>
    <datafield tag="245" ind1="1" ind2="0">
      <subfield code="a">100.000 motoros gépjárómüvet Magyarországnak /</subfield>
      <subfield code="c">Visegrády József</subfield>
    </datafield>
    <datafield tag="260" ind1=" " ind2=" ">
      <subfield code="a">Budapest :</subfield>
      <subfield code="b">Szerző,</subfield>
      <subfield code="c">1937</subfield>
    </datafield>
    <datafield tag="300" ind1=" " ind2=" ">
      <subfield code="a">60 p. ;</subfield>
      <subfield code="c">22 cm</subfield>
    </datafield>
    <datafield tag="695" ind1=" " ind2=" ">
      <subfield code="a">ZZZ</subfield>
    </datafield>
    <datafield tag="852" ind1=" " ind2=" ">
      <subfield code="a">B1</subfield>
      <subfield code="b">B1</subfield>
      <subfield code="x">1564488</subfield>
    </datafield>
    <datafield tag="852" ind1=" " ind2=" ">
      <subfield code="a">SZ1</subfield>
      <subfield code="b">SZ1</subfield>
      <subfield code="x">bibJAT00375042</subfield>
    </datafield>
  </record>
  <record>
    <leader>00778nama 22002051i 4500</leader>
    <controlfield tag="001">MOKKAS0000516217  </controlfield>
    <controlfield tag="005">20060117203614.0</controlfield>
    <controlfield tag="008">040730s1953    hu            000 0 hunod</controlfield>
    <datafield tag="035" ind1=" " ind2=" ">
      <subfield code="a">1275007</subfield>
    </datafield>
    <datafield tag="040" ind1=" " ind2=" ">
      <subfield code="a">OSZK</subfield>
    </datafield>
    <datafield tag="041" ind1="0" ind2=" ">
      <subfield code="a">hunhun</subfield>
    </datafield>
    <datafield tag="100" ind1="1" ind2=" ">
      <subfield code="a">Korbuly László</subfield>
    </datafield>
    <datafield tag="245" ind1="1" ind2="0">
      <subfield code="a">10.000 tonna évi teljesítményű sorozatgyártó szürkevas-öntöde tervezésének ismertetése /</subfield>
      <subfield code="c">Korbuly László, Davida Ervin</subfield>
    </datafield>
    <datafield tag="260" ind1=" " ind2=" ">
      <subfield code="a">Budapest :</subfield>
      <subfield code="b">Felsőokt. Jegyzetell. soksz.,</subfield>
      <subfield code="c">1953</subfield>
    </datafield>
    <datafield tag="300" ind1=" " ind2=" ">
      <subfield code="a">143 p. ;</subfield>
      <subfield code="c">29 cm</subfield>
    </datafield>
    <datafield tag="490" ind1="1" ind2=" ">
      <subfield code="a">Mérnöki Továbbképző Intézet előadássorozatából</subfield>
      <subfield code="v">G. II. 1.</subfield>
    </datafield>
    <datafield tag="700" ind1="1" ind2="0">
      <subfield code="a">Davida Ervin</subfield>
      <subfield code="c">(cédulakatalógus alapján)</subfield>
    </datafield>
    <datafield tag="830" ind1=" " ind2="0">
      <subfield code="a">Mérnöki Továbbképző Intézet előadássorozatából</subfield>
    </datafield>
    <datafield tag="852" ind1=" " ind2=" ">
      <subfield code="a">B1</subfield>
      <subfield code="b">B1</subfield>
      <subfield code="x">1275007</subfield>
    </datafield>
    <datafield tag="852" ind1=" " ind2=" ">
      <subfield code="a">B11</subfield>
      <subfield code="b">B11</subfield>
      <subfield code="x">BMEOMIKK000151409</subfield>
    </datafield>
  </record>
  <record>
    <leader>00738cam  2200229   4500</leader>
    <controlfield tag="001">MOKKAZ0004791128  </controlfield>
    <controlfield tag="005">20040910103109.0</controlfield>
    <controlfield tag="008">      s1989                        ger  </controlfield>
    <datafield tag="020" ind1=" " ind2=" ">
      <subfield code="a">3 87045 257 9 :</subfield>
    </datafield>
    <datafield tag="035" ind1=" " ind2=" ">
      <subfield code="a">bibJPT0034898</subfield>
    </datafield>
    <datafield tag="040" ind1=" " ind2=" ">
      <subfield code="a">PTE</subfield>
    </datafield>
    <datafield tag="100" ind1="1" ind2=" ">
      <subfield code="a">Neubecker, Ottfried</subfield>
      <subfield code="d">(1908-)</subfield>
    </datafield>
    <datafield tag="245" ind1="1" ind2="0">
      <subfield code="a">10000 Wappen und Embleme von Staaten und Städten nach Bildmotiven angeordnet, mit alphabetischem Register /</subfield>
      <subfield code="c">Ottfried Neubecker, Wilhelm Rentzmann</subfield>
    </datafield>
    <datafield tag="260" ind1=" " ind2=" ">
      <subfield code="a">München :</subfield>
      <subfield code="b">Battenberg,</subfield>
      <subfield code="c">1989</subfield>
    </datafield>
    <datafield tag="300" ind1=" " ind2=" ">
      <subfield code="a">418 p. :</subfield>
      <subfield code="b">ill. ;</subfield>
      <subfield code="c">35 cm</subfield>
    </datafield>
    <datafield tag="600" ind1="1" ind2=" ">
      <subfield code="a">Zehntausend</subfield>
    </datafield>
    <datafield tag="695" ind1=" " ind2=" ">
      <subfield code="a">Címertan</subfield>
    </datafield>
    <datafield tag="695" ind1=" " ind2=" ">
      <subfield code="a">Városcímer</subfield>
    </datafield>
    <datafield tag="695" ind1=" " ind2=" ">
      <subfield code="a">államcímer</subfield>
    </datafield>
    <datafield tag="695" ind1=" " ind2=" ">
      <subfield code="a">Címergyűjtemény</subfield>
    </datafield>
    <datafield tag="700" ind1="1" ind2=" ">
      <subfield code="a">Rentzmann, Wilhelm</subfield>
    </datafield>
    <datafield tag="852" ind1=" " ind2=" ">
      <subfield code="a">P1</subfield>
      <subfield code="b">P1/O</subfield>
      <subfield code="x">bibJPT0034898</subfield>
    </datafield>
  </record>
  <record>
    <leader>01253aam  2200361   4500</leader>
    <controlfield tag="001">MOKKAS0002472728  </controlfield>
    <controlfield tag="005">20060617223807.0</controlfield>
    <controlfield tag="008">951212 1989                        eng  </controlfield>
    <datafield tag="020" ind1=" " ind2=" ">
      <subfield code="a">087905343</subfield>
    </datafield>
    <datafield tag="035" ind1=" " ind2=" ">
      <subfield code="a">bibMIF00010428</subfield>
    </datafield>
    <datafield tag="040" ind1=" " ind2=" ">
      <subfield code="a">MOME</subfield>
    </datafield>
    <datafield tag="242" ind1=" " ind2="3">
      <subfield code="a">Az "1000 repülőgép a tetőn" c. kamaraopera látványtervei</subfield>
    </datafield>
    <datafield tag="245" ind1="0" ind2="0">
      <subfield code="a">1000 airplanes on the roof :</subfield>
      <subfield code="b">A science fiction music-drama /</subfield>
      <subfield code="c">Realized by Philip Glass, David Henry Hwang, Jerome Sirlin ; Introd. by John Howell</subfield>
    </datafield>
    <datafield tag="260" ind1=" " ind2=" ">
      <subfield code="a">Salt Lake City :</subfield>
      <subfield code="b">Gibbs-Smith Publ.,</subfield>
      <subfield code="c">cop. 1989</subfield>
    </datafield>
    <datafield tag="300" ind1=" " ind2=" ">
      <subfield code="a">63 p.</subfield>
      <subfield code="b">ill.</subfield>
    </datafield>
    <datafield tag="500" ind1=" " ind2=" ">
      <subfield code="a">60 színes fotó</subfield>
    </datafield>
    <datafield tag="650" ind1=" " ind2="7">
      <subfield code="a">visual communication</subfield>
      <subfield code="x">scenery planning</subfield>
      <subfield code="y">USA</subfield>
      <subfield code="z">20.cent.</subfield>
      <subfield code="2">szte</subfield>
    </datafield>
    <datafield tag="650" ind1=" " ind2="7">
      <subfield code="a">vizuális kommunikáció</subfield>
      <subfield code="x">látványtervezés</subfield>
      <subfield code="y">Egyesült Államok</subfield>
      <subfield code="z">20. sz.</subfield>
      <subfield code="2">szte</subfield>
    </datafield>
    <datafield tag="695" ind1=" " ind2=" ">
      <subfield code="a">vizuális hatás</subfield>
    </datafield>
    <datafield tag="695" ind1=" " ind2=" ">
      <subfield code="a">vizuális kommunikáció</subfield>
    </datafield>
    <datafield tag="695" ind1=" " ind2=" ">
      <subfield code="a">zeneművészet</subfield>
    </datafield>
    <datafield tag="695" ind1=" " ind2=" ">
      <subfield code="a">színházművészet</subfield>
    </datafield>
    <datafield tag="695" ind1=" " ind2=" ">
      <subfield code="a">színalkalmazás</subfield>
    </datafield>
    <datafield tag="695" ind1=" " ind2=" ">
      <subfield code="a">vizuális kultúra</subfield>
    </datafield>
    <datafield tag="695" ind1=" " ind2=" ">
      <subfield code="a">Egyesült Államok[USA]</subfield>
    </datafield>
    <datafield tag="695" ind1=" " ind2=" ">
      <subfield code="a">látványtervezés</subfield>
    </datafield>
    <datafield tag="695" ind1=" " ind2=" ">
      <subfield code="a">opera[kamara]</subfield>
    </datafield>
    <datafield tag="695" ind1=" " ind2=" ">
      <subfield code="a">sci-fi</subfield>
    </datafield>
    <datafield tag="695" ind1=" " ind2=" ">
      <subfield code="a">1980</subfield>
    </datafield>
    <datafield tag="700" ind1="1" ind2=" ">
      <subfield code="a">Glass, Philip</subfield>
    </datafield>
    <datafield tag="700" ind1="1" ind2=" ">
      <subfield code="a">Hwang, David Henry</subfield>
    </datafield>
    <datafield tag="700" ind1="1" ind2=" ">
      <subfield code="a">Sirlin, Jerome</subfield>
    </datafield>
    <datafield tag="852" ind1=" " ind2=" ">
      <subfield code="a">B646</subfield>
      <subfield code="b">B646</subfield>
      <subfield code="x">bibMIF00010428</subfield>
    </datafield>
  </record>
  <record>
    <leader>00848cjm  22001811  4500</leader>
    <controlfield tag="001">MOKKAZ0004586578  </controlfield>
    <controlfield tag="005">20040910083016.0</controlfield>
    <controlfield tag="008">      s1989                        und d</controlfield>
    <datafield tag="028" ind1="4" ind2="2">
      <subfield code="a">CDVE 39</subfield>
    </datafield>
    <datafield tag="035" ind1=" " ind2=" ">
      <subfield code="a">bibFSZ00432883</subfield>
    </datafield>
    <datafield tag="040" ind1=" " ind2=" ">
      <subfield code="a">FSZEK</subfield>
    </datafield>
    <datafield tag="245" ind1="0" ind2="0">
      <subfield code="a">1000 Airplanes On The Roof</subfield>
      <subfield code="h">[Hangfelvétel] /</subfield>
      <subfield code="c">Philip Glass</subfield>
    </datafield>
    <datafield tag="260" ind1=" " ind2=" ">
      <subfield code="a">Germany :</subfield>
      <subfield code="b">Virgin Records Ltd.,</subfield>
      <subfield code="c">1989</subfield>
    </datafield>
    <datafield tag="300" ind1=" " ind2=" ">
      <subfield code="a">1 CD :</subfield>
      <subfield code="b">sztereó ;</subfield>
      <subfield code="c">12 cm</subfield>
      <subfield code="e">mell.</subfield>
    </datafield>
    <datafield tag="306" ind1=" " ind2=" ">
      <subfield code="a">54 min 24 s</subfield>
    </datafield>
    <datafield tag="505" ind1="0" ind2=" ">
      <subfield code="g">1.,</subfield>
      <subfield code="t">100 Airplanes On The Roof</subfield>
      <subfield code="g">2.,</subfield>
      <subfield code="t">City Walk</subfield>
      <subfield code="g">3.,</subfield>
      <subfield code="t">Girlfriend</subfield>
      <subfield code="g">4.,</subfield>
      <subfield code="t">My Building Disappeared</subfield>
      <subfield code="g">5.,</subfield>
      <subfield code="t">Screens Of Memory</subfield>
      <subfield code="g">6.,</subfield>
      <subfield code="t">What Time Is Grey</subfield>
      <subfield code="g">7.,</subfield>
      <subfield code="t">Labyrinth</subfield>
      <subfield code="g">8.,</subfield>
      <subfield code="t">Return To The Hive</subfield>
      <subfield code="g">9.,</subfield>
      <subfield code="t">Three Truths</subfield>
      <subfield code="g">10.,</subfield>
      <subfield code="t">The Encounter</subfield>
      <subfield code="g">11.,</subfield>
      <subfield code="t">Grey Cloud Over New York</subfield>
      <subfield code="g">12.,</subfield>
      <subfield code="t">Where Have You Been Asked The Doctor</subfield>
      <subfield code="g">13.,</subfield>
      <subfield code="t">A Normal Man Running</subfield>
    </datafield>
    <datafield tag="700" ind1="1" ind2=" ">
      <subfield code="a">Glass, Philip</subfield>
      <subfield code="4">előadó</subfield>
    </datafield>
    <datafield tag="852" ind1=" " ind2=" ">
      <subfield code="a">B10</subfield>
      <subfield code="b">0401</subfield>
      <subfield code="x">bibFSZ00432883</subfield>
    </datafield>
  </record>
  <record>
    <leader>00675nam  2200205 i 4500</leader>
    <controlfield tag="001">MOKKAS0002090271  </controlfield>
    <controlfield tag="005">20060617090128.0</controlfield>
    <controlfield tag="008">060112s2005    hu ar  j      00000 hun d</controlfield>
    <datafield tag="020" ind1=" " ind2=" ">
      <subfield code="a">963-9616-60-5 (fűzött)</subfield>
    </datafield>
    <datafield tag="035" ind1=" " ind2=" ">
      <subfield code="a">2592089</subfield>
    </datafield>
    <datafield tag="040" ind1=" " ind2=" ">
      <subfield code="a">OSZK</subfield>
    </datafield>
    <datafield tag="041" ind1="1" ind2=" ">
      <subfield code="a">hunhun</subfield>
      <subfield code="h">spa</subfield>
    </datafield>
    <datafield tag="100" ind1="1" ind2=" ">
      <subfield code="a">Arredondo, Francisco</subfield>
    </datafield>
    <datafield tag="240" ind1="1" ind2="0">
      <subfield code="a">1000 animales</subfield>
      <subfield code="l">(magyar)</subfield>
    </datafield>
    <datafield tag="245" ind1="1" ind2="0">
      <subfield code="a">1000 állat : </subfield>
      <subfield code="b">keresd meg és ragaszd be őket /</subfield>
      <subfield code="c">[ill. Francisco Arredondo, ... Marcela Grez] ; [ford. Magyari Andrea]</subfield>
    </datafield>
    <datafield tag="260" ind1=" " ind2=" ">
      <subfield code="a">Budapest :</subfield>
      <subfield code="b">Napraforgó,</subfield>
      <subfield code="c">[2005]</subfield>
    </datafield>
    <datafield tag="300" ind1=" " ind2=" ">
      <subfield code="a">47 p., [16] t. :</subfield>
      <subfield code="b">ill., színes ;</subfield>
      <subfield code="c">32 cm</subfield>
    </datafield>
    <datafield tag="700" ind1="1" ind2="0">
      <subfield code="a">Grez, Marcela</subfield>
    </datafield>
    <datafield tag="700" ind1="1" ind2=" ">
      <subfield code="a">Magyari Andrea</subfield>
      <subfield code="4">(ford.)</subfield>
    </datafield>
    <datafield tag="852" ind1=" " ind2=" ">
      <subfield code="a">B1</subfield>
      <subfield code="b">B1</subfield>
      <subfield code="x">2592089</subfield>
    </datafield>
  </record>
  <record>
    <leader>00662nam  2200193   4500</leader>
    <controlfield tag="001">MOKKAW0005127465  </controlfield>
    <controlfield tag="005">20080312095328.0</controlfield>
    <controlfield tag="008">000211s2007    hu                  hun d</controlfield>
    <datafield tag="020" ind1=" " ind2=" ">
      <subfield code="a">978-963-370-183-6 (kötött)</subfield>
    </datafield>
    <datafield tag="035" ind1=" " ind2=" ">
      <subfield code="a">bibSOK00428792</subfield>
    </datafield>
    <datafield tag="040" ind1=" " ind2=" ">
      <subfield code="a">SK</subfield>
    </datafield>
    <datafield tag="100" ind1="2" ind2=" ">
      <subfield code="a">Maschek-Schneider, Hans-Joachim</subfield>
    </datafield>
    <datafield tag="240" ind1="1" ind2="0">
      <subfield code="a">1000 Traumziele</subfield>
      <subfield code="l">(magyar)</subfield>
    </datafield>
    <datafield tag="245" ind1="1" ind2="0">
      <subfield code="a">1000 álomcél /</subfield>
      <subfield code="c">[szöveg Hans-Joachim Schneider]</subfield>
    </datafield>
    <datafield tag="260" ind1=" " ind2=" ">
      <subfield code="a">Pécs :</subfield>
      <subfield code="b">Gabo,</subfield>
      <subfield code="c">2007</subfield>
    </datafield>
    <datafield tag="300" ind1=" " ind2=" ">
      <subfield code="a">384 p. :</subfield>
      <subfield code="b">ill. ;</subfield>
      <subfield code="c">31 cm</subfield>
    </datafield>
    <datafield tag="650" ind1=" " ind2="7">
      <subfield code="a">Természeti érték</subfield>
      <subfield code="x">világ országai</subfield>
      <subfield code="x">képekkel</subfield>
      <subfield code="2">szte</subfield>
    </datafield>
    <datafield tag="650" ind1=" " ind2="7">
      <subfield code="a">Természetvédelmi terület</subfield>
      <subfield code="x">világ országai</subfield>
      <subfield code="x">képekkel</subfield>
      <subfield code="2">szte</subfield>
    </datafield>
    <datafield tag="852" ind1=" " ind2=" ">
      <subfield code="a">SZ4</subfield>
      <subfield code="b">SZ4/K1</subfield>
      <subfield code="x">bibSOK00428792</subfield>
    </datafield>
  </record>
  <record>
    <leader>00681nam  22002415p 4500</leader>
    <controlfield tag="001">MOKKAN0004824837  </controlfield>
    <controlfield tag="005">20100520162354.0</controlfield>
    <controlfield tag="008">061213s2006    hu                  hun d</controlfield>
    <datafield tag="020" ind1=" " ind2=" ">
      <subfield code="a">963 9626 74 0</subfield>
    </datafield>
    <datafield tag="035" ind1=" " ind2=" ">
      <subfield code="a">80187</subfield>
    </datafield>
    <datafield tag="040" ind1=" " ind2=" ">
      <subfield code="a">KSHK</subfield>
    </datafield>
    <datafield tag="041" ind1="0" ind2=" ">
      <subfield code="a">hun</subfield>
    </datafield>
    <datafield tag="245" ind1="0" ind2="0">
      <subfield code="a">1000 álom nagy szótára</subfield>
    </datafield>
    <datafield tag="260" ind1=" " ind2=" ">
      <subfield code="a">Budapest :</subfield>
      <subfield code="b">Napraforgó,</subfield>
      <subfield code="c">[2006]</subfield>
    </datafield>
    <datafield tag="300" ind1=" " ind2=" ">
      <subfield code="a">349 p. :</subfield>
      <subfield code="b">ill. ;</subfield>
      <subfield code="c">27 cm</subfield>
    </datafield>
    <datafield tag="650" ind1=" " ind2="7">
      <subfield code="a">Álomfejtés</subfield>
      <subfield code="2">szte</subfield>
    </datafield>
    <datafield tag="650" ind1=" " ind2="7">
      <subfield code="a">Álom</subfield>
      <subfield code="2">szte</subfield>
    </datafield>
    <datafield tag="650" ind1=" " ind2="7">
      <subfield code="a">Álomfejtés</subfield>
      <subfield code="x">népszerű művek</subfield>
      <subfield code="2">lcsh//hun</subfield>
    </datafield>
    <datafield tag="650" ind1=" " ind2="0">
      <subfield code="a">Dream interpretation</subfield>
      <subfield code="x">Popular works.</subfield>
    </datafield>
    <datafield tag="653" ind1=" " ind2=" ">
      <subfield code="a">álmoskönyv</subfield>
    </datafield>
    <datafield tag="852" ind1=" " ind2=" ">
      <subfield code="a">B9</subfield>
      <subfield code="b">B9</subfield>
      <subfield code="x">80187</subfield>
    </datafield>
    <datafield tag="852" ind1=" " ind2=" ">
      <subfield code="a">SZ1</subfield>
      <subfield code="b">SZ1</subfield>
      <subfield code="x">MOKKAN0004824837</subfield>
    </datafield>
    <datafield tag="852" ind1=" " ind2=" ">
      <subfield code="a">D1</subfield>
      <subfield code="b">D1</subfield>
      <subfield code="x">MOKKAN0004824837</subfield>
    </datafield>
  </record>
  <record>
    <leader>01108nam  2200349 i 4500</leader>
    <controlfield tag="001">MOKKAW0005363619  </controlfield>
    <controlfield tag="005">20090622212502.0</controlfield>
    <controlfield tag="008">071121s2007    hu arb        00100 hun d</controlfield>
    <datafield tag="020" ind1=" " ind2=" ">
      <subfield code="a">978-963-370-183-6 (kötött)</subfield>
    </datafield>
    <datafield tag="035" ind1=" " ind2=" ">
      <subfield code="a">2689536</subfield>
    </datafield>
    <datafield tag="040" ind1=" " ind2=" ">
      <subfield code="a">OSZK</subfield>
      <subfield code="d">OSZK</subfield>
    </datafield>
    <datafield tag="041" ind1="1" ind2=" ">
      <subfield code="a">hunhun</subfield>
      <subfield code="h">ger</subfield>
    </datafield>
    <datafield tag="080" ind1=" " ind2=" ">
      <subfield code="a">908.100(084.12)</subfield>
    </datafield>
    <datafield tag="100" ind1="1" ind2=" ">
      <subfield code="a">Schneider, Hans-Joachim</subfield>
    </datafield>
    <datafield tag="240" ind1="1" ind2="0">
      <subfield code="a">1000 Traumziele</subfield>
      <subfield code="l">(magyar)</subfield>
    </datafield>
    <datafield tag="245" ind1="1" ind2="0">
      <subfield code="a">1000 álomcél /</subfield>
      <subfield code="c">[szöveg Hans-Joachim Schneider]</subfield>
    </datafield>
    <datafield tag="260" ind1=" " ind2=" ">
      <subfield code="a">Pécs :</subfield>
      <subfield code="b">Alexandra,</subfield>
      <subfield code="c">2007</subfield>
    </datafield>
    <datafield tag="300" ind1=" " ind2=" ">
      <subfield code="a">384 p. :</subfield>
      <subfield code="b">ill., színes, részben térk. ;</subfield>
      <subfield code="c">31 cm</subfield>
    </datafield>
    <datafield tag="500" ind1=" " ind2=" ">
      <subfield code="a">Ford. Horváth Judit</subfield>
    </datafield>
    <datafield tag="650" ind1="1" ind2="7">
      <subfield code="a">helyismeret</subfield>
      <subfield code="2">oszk</subfield>
    </datafield>
    <datafield tag="650" ind1=" " ind2="4">
      <subfield code="a">Világkörüli utazások</subfield>
    </datafield>
    <datafield tag="650" ind1=" " ind2="0">
      <subfield code="a">Voyages around the world.</subfield>
    </datafield>
    <datafield tag="650" ind1=" " ind2="7">
      <subfield code="a">Természeti érték</subfield>
      <subfield code="x">világ országai</subfield>
      <subfield code="2">szte</subfield>
    </datafield>
    <datafield tag="650" ind1=" " ind2="7">
      <subfield code="a">Műemlékek</subfield>
      <subfield code="x">világ országai</subfield>
      <subfield code="2">szte</subfield>
    </datafield>
    <datafield tag="650" ind1=" " ind2="7">
      <subfield code="a">Világ országai</subfield>
      <subfield code="x">útikalauz</subfield>
      <subfield code="2">szte</subfield>
    </datafield>
    <datafield tag="653" ind1=" " ind2=" ">
      <subfield code="a">műemlék</subfield>
    </datafield>
    <datafield tag="653" ind1=" " ind2=" ">
      <subfield code="a">útikönyv</subfield>
    </datafield>
    <datafield tag="700" ind1="1" ind2=" ">
      <subfield code="a">Horváth Judit</subfield>
      <subfield code="4">(ford.)</subfield>
    </datafield>
    <datafield tag="852" ind1=" " ind2=" ">
      <subfield code="a">B1</subfield>
      <subfield code="b">B1</subfield>
      <subfield code="x">2689536</subfield>
    </datafield>
    <datafield tag="852" ind1=" " ind2=" ">
      <subfield code="a">D1</subfield>
      <subfield code="b">D1</subfield>
      <subfield code="x">bibDEK00669633</subfield>
    </datafield>
    <datafield tag="852" ind1=" " ind2=" ">
      <subfield code="a">B9</subfield>
      <subfield code="b">B9</subfield>
      <subfield code="x">714546</subfield>
    </datafield>
    <datafield tag="852" ind1=" " ind2=" ">
      <subfield code="a">SZ1</subfield>
      <subfield code="b">SZ1/K4</subfield>
      <subfield code="x">bibDEK00669633</subfield>
    </datafield>
  </record>
  <record>
    <leader>00620njm  2200193   4500</leader>
    <controlfield tag="001">MOKKAN0004254412  </controlfield>
    <controlfield tag="005">20070408182548.0</controlfield>
    <controlfield tag="008">991029s2000                        lat d</controlfield>
    <datafield tag="028" ind1=" " ind2=" ">
      <subfield code="a">HMU 907224</subfield>
    </datafield>
    <datafield tag="035" ind1=" " ind2=" ">
      <subfield code="a">bibFSZ1082493</subfield>
    </datafield>
    <datafield tag="040" ind1=" " ind2=" ">
      <subfield code="a">FSZEK</subfield>
    </datafield>
    <datafield tag="041" ind1=" " ind2=" ">
      <subfield code="d">lat</subfield>
      <subfield code="g">gerengfre</subfield>
    </datafield>
    <datafield tag="245" ind1="0" ind2="0">
      <subfield code="a">1000: a mass for the end of time</subfield>
      <subfield code="h">[Hangfelvétel] :</subfield>
      <subfield code="b">medieval chant and polyphony for the ascension</subfield>
    </datafield>
    <datafield tag="260" ind1=" " ind2=" ">
      <subfield code="a">Los Angeles :</subfield>
      <subfield code="b">Harmonia Mundi USA,</subfield>
      <subfield code="c">cop. 2000</subfield>
    </datafield>
    <datafield tag="300" ind1=" " ind2=" ">
      <subfield code="a">1 CD ;</subfield>
      <subfield code="c">12 cm +</subfield>
      <subfield code="e">1 mell. (44 p.)</subfield>
    </datafield>
    <datafield tag="306" ind1=" " ind2=" ">
      <subfield code="a">(72 min 27 s)</subfield>
    </datafield>
    <datafield tag="511" ind1="2" ind2=" ">
      <subfield code="a">Anonymous 4</subfield>
    </datafield>
    <datafield tag="710" ind1="2" ind2=" ">
      <subfield code="a">Anonymous 4</subfield>
      <subfield code="4">énekegyüttes</subfield>
    </datafield>
    <datafield tag="852" ind1=" " ind2=" ">
      <subfield code="a">B10</subfield>
      <subfield code="b">0801Z</subfield>
      <subfield code="x">bibFSZ1082493</subfield>
    </datafield>
  </record>
  <record>
    <leader>01484fam  2200433 i 4500</leader>
    <controlfield tag="001">MOKKAZ0006401169  </controlfield>
    <controlfield tag="005">20100721085339.0</controlfield>
    <controlfield tag="008">010118s2001    hu            001 0 hun d</controlfield>
    <datafield tag="020" ind1=" " ind2=" ">
      <subfield code="a">963-86130-1-7 (fűzött) :</subfield>
      <subfield code="c">1650,- Ft</subfield>
    </datafield>
    <datafield tag="035" ind1=" " ind2=" ">
      <subfield code="a">797764</subfield>
    </datafield>
    <datafield tag="040" ind1=" " ind2=" ">
      <subfield code="a">OSZK</subfield>
    </datafield>
    <datafield tag="041" ind1="0" ind2=" ">
      <subfield code="a">hunenghun</subfield>
    </datafield>
    <datafield tag="080" ind1=" " ind2=" ">
      <subfield code="a">802.0-07(076)</subfield>
    </datafield>
    <datafield tag="100" ind1="1" ind2=" ">
      <subfield code="a">Dávid Katalin Zsuzsanna</subfield>
    </datafield>
    <datafield tag="245" ind1="1" ind2="0">
      <subfield code="a">1000 angol tesztkérdés /</subfield>
      <subfield code="c">[szerzők Dávid Katalin Zsuzsanna, David P. Curley]</subfield>
    </datafield>
    <datafield tag="260" ind1=" " ind2=" ">
      <subfield code="a">Szeged :</subfield>
      <subfield code="b">Maxim,</subfield>
      <subfield code="c">2001</subfield>
      <subfield code="e">([Szeged]</subfield>
      <subfield code="f">Generál Print)</subfield>
    </datafield>
    <datafield tag="300" ind1=" " ind2=" ">
      <subfield code="a">156 p. ;</subfield>
      <subfield code="c">21 cm</subfield>
    </datafield>
    <datafield tag="650" ind1=" " ind2="7">
      <subfield code="a">Angol nyelvkönyv</subfield>
      <subfield code="x">középfokú</subfield>
      <subfield code="x">gyakorlatok</subfield>
      <subfield code="2">szte</subfield>
    </datafield>
    <datafield tag="650" ind1=" " ind2="7">
      <subfield code="a">Nyelvvizsga</subfield>
      <subfield code="x">angol</subfield>
      <subfield code="x">írásbeli</subfield>
      <subfield code="x">gyakorlatok</subfield>
      <subfield code="2">szte</subfield>
    </datafield>
    <datafield tag="650" ind1=" " ind2="7">
      <subfield code="a">Nyelvi tesztek</subfield>
      <subfield code="x">angol</subfield>
      <subfield code="2">szte</subfield>
    </datafield>
    <datafield tag="650" ind1=" " ind2="4">
      <subfield code="a">angol nyelv - feladatgyűjtemény</subfield>
    </datafield>
    <datafield tag="650" ind1=" " ind2="4">
      <subfield code="a">angol nyelv</subfield>
    </datafield>
    <datafield tag="650" ind1=" " ind2="4">
      <subfield code="a">tesztgyűjtemények</subfield>
    </datafield>
    <datafield tag="650" ind1=" " ind2="4">
      <subfield code="a">Nyelvkönyvek</subfield>
    </datafield>
    <datafield tag="650" ind1=" " ind2="4">
      <subfield code="a">Tesztek</subfield>
    </datafield>
    <datafield tag="650" ind1=" " ind2="7">
      <subfield code="a">Nyelvi tesztek</subfield>
      <subfield code="x">angol</subfield>
    </datafield>
    <datafield tag="650" ind1=" " ind2="7">
      <subfield code="a">Angol nyelvkönyv</subfield>
      <subfield code="x">középfokú</subfield>
      <subfield code="x">gyakorlatok</subfield>
    </datafield>
    <datafield tag="650" ind1=" " ind2="7">
      <subfield code="a">Nyelvvizsga</subfield>
      <subfield code="x">angol</subfield>
      <subfield code="x">írásbeli</subfield>
      <subfield code="x">gyakorlatok</subfield>
    </datafield>
    <datafield tag="700" ind1="1" ind2="0">
      <subfield code="a">Curley, David P.</subfield>
    </datafield>
    <datafield tag="852" ind1=" " ind2=" ">
      <subfield code="a">B1</subfield>
      <subfield code="b">B1</subfield>
      <subfield code="x">797764</subfield>
    </datafield>
    <datafield tag="852" ind1=" " ind2=" ">
      <subfield code="a">SZ1</subfield>
      <subfield code="b">SZ1/R2</subfield>
      <subfield code="b">SZ/87</subfield>
      <subfield code="b">SZ1/17</subfield>
      <subfield code="x">000000797764</subfield>
    </datafield>
    <datafield tag="852" ind1=" " ind2=" ">
      <subfield code="a">B10</subfield>
      <subfield code="B">1803</subfield>
      <subfield code="b">1201</subfield>
      <subfield code="x">bibFSZ109931</subfield>
    </datafield>
    <datafield tag="852" ind1=" " ind2=" ">
      <subfield code="a">B11</subfield>
      <subfield code="b">B11</subfield>
      <subfield code="x">BMEOMIKK000153730</subfield>
    </datafield>
    <datafield tag="852" ind1=" " ind2=" ">
      <subfield code="a">P1</subfield>
      <subfield code="b">P1/SZ</subfield>
      <subfield code="x">bibJPT00201107</subfield>
    </datafield>
    <datafield tag="852" ind1=" " ind2=" ">
      <subfield code="a">BCS1</subfield>
      <subfield code="b">BCS1</subfield>
      <subfield code="x">bibBKO00246419</subfield>
    </datafield>
    <datafield tag="852" ind1=" " ind2=" ">
      <subfield code="a">M2</subfield>
      <subfield code="b">M2</subfield>
      <subfield code="x">bibRFK00121077</subfield>
    </datafield>
    <datafield tag="852" ind1=" " ind2=" ">
      <subfield code="a">SZL1</subfield>
      <subfield code="b">SZL1</subfield>
      <subfield code="x">bibVFK00223673</subfield>
    </datafield>
    <datafield tag="852" ind1=" " ind2=" ">
      <subfield code="a">S1</subfield>
      <subfield code="b">S1</subfield>
      <subfield code="x">bibSEF35964</subfield>
    </datafield>
    <datafield tag="852" ind1=" " ind2=" ">
      <subfield code="a">S1</subfield>
      <subfield code="b">S1</subfield>
      <subfield code="x">bibSEF60533</subfield>
    </datafield>
  </record>
  <record>
    <leader>00566cam  2200193 i 4500</leader>
    <controlfield tag="001">MOKKAZ0005274431  </controlfield>
    <controlfield tag="005">20070313080519.0</controlfield>
    <controlfield tag="008">020507s2002    hu a          00010 mul d</controlfield>
    <datafield tag="020" ind1=" " ind2=" ">
      <subfield code="a">963 86130 1 7</subfield>
    </datafield>
    <datafield tag="035" ind1=" " ind2=" ">
      <subfield code="a">159257</subfield>
    </datafield>
    <datafield tag="040" ind1=" " ind2=" ">
      <subfield code="a">MEKLM</subfield>
    </datafield>
    <datafield tag="041" ind1="0" ind2=" ">
      <subfield code="a">huneng</subfield>
    </datafield>
    <datafield tag="100" ind1="1" ind2=" ">
      <subfield code="a">Dávid Katalin Zsuzsanna</subfield>
    </datafield>
    <datafield tag="245" ind1="1" ind2="0">
      <subfield code="a">1000 angol tesztkérdés /</subfield>
      <subfield code="c">[szerzők Dávid Katalin Zsuzsanna, David P. Curley]</subfield>
    </datafield>
    <datafield tag="260" ind1=" " ind2=" ">
      <subfield code="a">Szeged :</subfield>
      <subfield code="b">Maxim,</subfield>
      <subfield code="c">2002</subfield>
    </datafield>
    <datafield tag="300" ind1=" " ind2=" ">
      <subfield code="a">156 p. :</subfield>
      <subfield code="b">ill. ;</subfield>
      <subfield code="c">21 cm</subfield>
    </datafield>
    <datafield tag="650" ind1="0" ind2="4">
      <subfield code="a">angol nyelv</subfield>
      <subfield code="x">tesztek</subfield>
    </datafield>
    <datafield tag="700" ind1="1" ind2=" ">
      <subfield code="a">Curley, David P.</subfield>
    </datafield>
    <datafield tag="852" ind1=" " ind2=" ">
      <subfield code="a">P1</subfield>
      <subfield code="b">P1/SZ</subfield>
      <subfield code="x">bibJPT00210282</subfield>
    </datafield>
  </record>
  <record>
    <leader>00555cam  2200193 i 4500</leader>
    <controlfield tag="001">MOKKAZ0005281768  </controlfield>
    <controlfield tag="005">20070314015837.0</controlfield>
    <controlfield tag="008">021121s2003    hu a          00010 mul d</controlfield>
    <datafield tag="020" ind1=" " ind2=" ">
      <subfield code="a">963 86130 1 7</subfield>
    </datafield>
    <datafield tag="035" ind1=" " ind2=" ">
      <subfield code="a">169920</subfield>
    </datafield>
    <datafield tag="040" ind1=" " ind2=" ">
      <subfield code="a">MEKLM</subfield>
    </datafield>
    <datafield tag="041" ind1="0" ind2=" ">
      <subfield code="a">huneng</subfield>
    </datafield>
    <datafield tag="100" ind1="1" ind2=" ">
      <subfield code="a">Dávid Katalin Zsuzsanna</subfield>
    </datafield>
    <datafield tag="245" ind1="1" ind2="0">
      <subfield code="a">1000 angol tesztkérdés /</subfield>
      <subfield code="c">[szerzők Dávid Katalin Zsuzsanna, David P. Curley]</subfield>
    </datafield>
    <datafield tag="260" ind1=" " ind2=" ">
      <subfield code="a">Szeged :</subfield>
      <subfield code="b">Maxim,</subfield>
      <subfield code="c">2003</subfield>
    </datafield>
    <datafield tag="300" ind1=" " ind2=" ">
      <subfield code="a">156 p. :</subfield>
      <subfield code="b">ill. ;</subfield>
      <subfield code="c">21 cm</subfield>
    </datafield>
    <datafield tag="650" ind1="0" ind2="4">
      <subfield code="a">angol nyelv</subfield>
      <subfield code="x">tesztek</subfield>
    </datafield>
    <datafield tag="700" ind1="1" ind2=" ">
      <subfield code="a">Curley, David P.</subfield>
    </datafield>
    <datafield tag="852" ind1=" " ind2=" ">
      <subfield code="a">M1</subfield>
      <subfield code="b">M1</subfield>
      <subfield code="x">169920</subfield>
    </datafield>
  </record>
  <record>
    <leader>00987nam  2200313 i 4500</leader>
    <controlfield tag="001">MOKKAS0002081097  </controlfield>
    <controlfield tag="005">20090522013949.0</controlfield>
    <controlfield tag="008">050304s2004    hu            001 0 hun d</controlfield>
    <datafield tag="020" ind1=" " ind2=" ">
      <subfield code="a">963-86130-1-7 (fűzött)</subfield>
    </datafield>
    <datafield tag="035" ind1=" " ind2=" ">
      <subfield code="a">2549959</subfield>
    </datafield>
    <datafield tag="040" ind1=" " ind2=" ">
      <subfield code="a">OSZK</subfield>
    </datafield>
    <datafield tag="041" ind1="0" ind2=" ">
      <subfield code="a">hunenghun</subfield>
    </datafield>
    <datafield tag="100" ind1="1" ind2=" ">
      <subfield code="a">Dávid Katalin Zsuzsanna</subfield>
    </datafield>
    <datafield tag="245" ind1="1" ind2="0">
      <subfield code="a">1000 angol tesztkérdés /</subfield>
      <subfield code="c">[szerzők Dávid Katalin Zsuzsanna, David P. Curley]</subfield>
    </datafield>
    <datafield tag="260" ind1=" " ind2=" ">
      <subfield code="a">Szeged :</subfield>
      <subfield code="b">Maxim,</subfield>
      <subfield code="c">2004</subfield>
    </datafield>
    <datafield tag="300" ind1=" " ind2=" ">
      <subfield code="a">156 p. ;</subfield>
      <subfield code="c">21 cm</subfield>
    </datafield>
    <datafield tag="650" ind1="1" ind2="7">
      <subfield code="a">angol nyelv</subfield>
      <subfield code="2">oszk</subfield>
    </datafield>
    <datafield tag="650" ind1=" " ind2="4">
      <subfield code="a">Angol nyelvkönyvek</subfield>
    </datafield>
    <datafield tag="650" ind1=" " ind2="7">
      <subfield code="a">Angol nyelvkönyv</subfield>
      <subfield code="x">középfokú</subfield>
      <subfield code="x">gyakorlatok</subfield>
      <subfield code="2">szte</subfield>
    </datafield>
    <datafield tag="650" ind1=" " ind2="7">
      <subfield code="a">Nyelvvizsga</subfield>
      <subfield code="x">angol</subfield>
      <subfield code="x">írásbeli</subfield>
      <subfield code="x">gyakorlatok</subfield>
      <subfield code="2">szte</subfield>
    </datafield>
    <datafield tag="650" ind1=" " ind2="7">
      <subfield code="a">Nyelvi tesztek</subfield>
      <subfield code="x">angol</subfield>
      <subfield code="2">szte</subfield>
    </datafield>
    <datafield tag="650" ind1=" " ind2="4">
      <subfield code="a">Feladatgyűjtemény</subfield>
    </datafield>
    <datafield tag="650" ind1=" " ind2="4">
      <subfield code="a">Nyelvkönyv</subfield>
    </datafield>
    <datafield tag="700" ind1="1" ind2="0">
      <subfield code="a">Curley, David P.</subfield>
    </datafield>
    <datafield tag="852" ind1=" " ind2=" ">
      <subfield code="a">B1</subfield>
      <subfield code="b">B1</subfield>
      <subfield code="x">2549959</subfield>
    </datafield>
    <datafield tag="852" ind1=" " ind2=" ">
      <subfield code="a">B14</subfield>
      <subfield code="b">B14</subfield>
      <subfield code="x">839971</subfield>
    </datafield>
    <datafield tag="852" ind1=" " ind2=" ">
      <subfield code="a">SZ4</subfield>
      <subfield code="b">SZ4</subfield>
      <subfield code="x">bibSOK327585</subfield>
    </datafield>
    <datafield tag="852" ind1=" " ind2=" ">
      <subfield code="a">SZ1</subfield>
      <subfield code="b">SZ1</subfield>
      <subfield code="x">bibJAT00700782</subfield>
    </datafield>
    <datafield tag="852" ind1=" " ind2=" ">
      <subfield code="a">B12</subfield>
      <subfield code="b">B12</subfield>
      <subfield code="x">BCEKK433766</subfield>
    </datafield>
  </record>
  <record>
    <leader>00768nam  2200241 i 4500</leader>
    <controlfield tag="001">MOKKAS0002086267  </controlfield>
    <controlfield tag="005">20060407194125.0</controlfield>
    <controlfield tag="008">051018s2005    hu            001 0 hun d</controlfield>
    <datafield tag="020" ind1=" " ind2=" ">
      <subfield code="a">963-86130-1-7 (fűzött)</subfield>
    </datafield>
    <datafield tag="035" ind1=" " ind2=" ">
      <subfield code="a">2581009</subfield>
    </datafield>
    <datafield tag="040" ind1=" " ind2=" ">
      <subfield code="a">OSZK</subfield>
    </datafield>
    <datafield tag="041" ind1="0" ind2=" ">
      <subfield code="a">hunenghun</subfield>
    </datafield>
    <datafield tag="100" ind1="1" ind2=" ">
      <subfield code="a">Dávid Katalin Zsuzsanna</subfield>
    </datafield>
    <datafield tag="245" ind1="1" ind2="0">
      <subfield code="a">1000 angol tesztkérdés /</subfield>
      <subfield code="c">[Dávid Katalin Zsuzsanna, David P. Curley]</subfield>
    </datafield>
    <datafield tag="260" ind1=" " ind2=" ">
      <subfield code="a">Szeged :</subfield>
      <subfield code="b">Maxim,</subfield>
      <subfield code="c">2005</subfield>
    </datafield>
    <datafield tag="300" ind1=" " ind2=" ">
      <subfield code="a">156 p. ;</subfield>
      <subfield code="c">21 cm</subfield>
    </datafield>
    <datafield tag="650" ind1="1" ind2="7">
      <subfield code="a">angol nyelv</subfield>
      <subfield code="2">oszk</subfield>
    </datafield>
    <datafield tag="650" ind1=" " ind2="7">
      <subfield code="a">Angol nyelvkönyv</subfield>
      <subfield code="x">középfokú</subfield>
      <subfield code="x">gyakorlatok</subfield>
      <subfield code="2">szte</subfield>
    </datafield>
    <datafield tag="650" ind1=" " ind2="7">
      <subfield code="a">Nyelvvizsga</subfield>
      <subfield code="x">angol</subfield>
      <subfield code="x">írásbeli</subfield>
      <subfield code="x">gyakorlatok</subfield>
      <subfield code="2">szte</subfield>
    </datafield>
    <datafield tag="650" ind1=" " ind2="7">
      <subfield code="a">Nyelvi tesztek</subfield>
      <subfield code="x">angol</subfield>
      <subfield code="2">szte</subfield>
    </datafield>
    <datafield tag="700" ind1="1" ind2="0">
      <subfield code="a">Curley, David P.</subfield>
    </datafield>
    <datafield tag="852" ind1=" " ind2=" ">
      <subfield code="a">B1</subfield>
      <subfield code="b">B1</subfield>
      <subfield code="x">2581009</subfield>
    </datafield>
    <datafield tag="852" ind1=" " ind2=" ">
      <subfield code="a">SZ1</subfield>
      <subfield code="b">SZ1</subfield>
      <subfield code="x">bibJAT00701684</subfield>
    </datafield>
  </record>
  <record>
    <leader>00974nam  2200265 i 4500</leader>
    <controlfield tag="001">MOKKAS0002398544  </controlfield>
    <controlfield tag="005">20090527145953.0</controlfield>
    <controlfield tag="008">060309s2005    hu            001 0 hun g</controlfield>
    <datafield tag="020" ind1=" " ind2=" ">
      <subfield code="a">(Fűzött)</subfield>
      <subfield code="z">963 86130 1 7</subfield>
    </datafield>
    <datafield tag="035" ind1=" " ind2=" ">
      <subfield code="a">bibSOK382554</subfield>
    </datafield>
    <datafield tag="040" ind1=" " ind2=" ">
      <subfield code="a">SK</subfield>
    </datafield>
    <datafield tag="080" ind1=" " ind2=" ">
      <subfield code="a">802.0-07(076)</subfield>
    </datafield>
    <datafield tag="100" ind1="1" ind2=" ">
      <subfield code="a">Dávid Katalin Zsuzsanna</subfield>
    </datafield>
    <datafield tag="245" ind1="1" ind2="0">
      <subfield code="a">1000 angol tesztkérdés /</subfield>
      <subfield code="c">[szerző Dávid Katalin Zsuzsanna]</subfield>
    </datafield>
    <datafield tag="260" ind1=" " ind2=" ">
      <subfield code="a">Szeged :</subfield>
      <subfield code="b">Maxim,</subfield>
      <subfield code="c">2005</subfield>
    </datafield>
    <datafield tag="300" ind1=" " ind2=" ">
      <subfield code="a">156 p. :</subfield>
      <subfield code="b">ill. ;</subfield>
      <subfield code="c">21 cm</subfield>
    </datafield>
    <datafield tag="650" ind1=" " ind2="7">
      <subfield code="a">Angol nyelvkönyv</subfield>
      <subfield code="x">középfokú</subfield>
      <subfield code="x">gyakorlatok</subfield>
      <subfield code="2">szte</subfield>
    </datafield>
    <datafield tag="650" ind1=" " ind2="7">
      <subfield code="a">Nyelvvizsga</subfield>
      <subfield code="x">angol</subfield>
      <subfield code="x">írásbeli</subfield>
      <subfield code="x">gyakorlatok</subfield>
      <subfield code="2">szte</subfield>
    </datafield>
    <datafield tag="650" ind1=" " ind2="7">
      <subfield code="a">Nyelvi tesztek</subfield>
      <subfield code="x">angol</subfield>
      <subfield code="2">szte</subfield>
    </datafield>
    <datafield tag="650" ind1=" " ind2="7">
      <subfield code="a">Angol nyelv</subfield>
      <subfield code="x">vizsgák, kérdések stb.</subfield>
      <subfield code="2">lcsh//hun</subfield>
    </datafield>
    <datafield tag="650" ind1=" " ind2="7">
      <subfield code="a">Angol nyelv</subfield>
      <subfield code="x">feladatok, gyakorlatok stb.</subfield>
      <subfield code="2">lcsh//hun</subfield>
    </datafield>
    <datafield tag="650" ind1=" " ind2="0">
      <subfield code="a">English language</subfield>
      <subfield code="x">Examinations, questions, etc.</subfield>
    </datafield>
    <datafield tag="650" ind1=" " ind2="0">
      <subfield code="a">English language</subfield>
      <subfield code="x">Problems, exercises, etc.</subfield>
    </datafield>
    <datafield tag="852" ind1=" " ind2=" ">
      <subfield code="a">SZ4</subfield>
      <subfield code="b">SZ4</subfield>
      <subfield code="x">bibSOK382554</subfield>
    </datafield>
    <datafield tag="852" ind1=" " ind2=" ">
      <subfield code="a">D1</subfield>
      <subfield code="b">D1/NY</subfield>
      <subfield code="x">bibDEK00724630</subfield>
    </datafield>
  </record>
  <record>
    <leader>01395nam  2200409 i 4500</leader>
    <controlfield tag="001">MOKKAN0004044202  </controlfield>
    <controlfield tag="005">20100721090020.0</controlfield>
    <controlfield tag="008">061214s2006    hu            000 0 hun d</controlfield>
    <datafield tag="020" ind1=" " ind2=" ">
      <subfield code="z">963 86130 1 7</subfield>
    </datafield>
    <datafield tag="020" ind1=" " ind2=" ">
      <subfield code="a">963 86130 1 7</subfield>
    </datafield>
    <datafield tag="035" ind1=" " ind2=" ">
      <subfield code="a">bibDEK00613644</subfield>
    </datafield>
    <datafield tag="040" ind1=" " ind2=" ">
      <subfield code="a">DEENK</subfield>
    </datafield>
    <datafield tag="080" ind1=" " ind2=" ">
      <subfield code="a">802.0-07(076)</subfield>
    </datafield>
    <datafield tag="100" ind1="1" ind2=" ">
      <subfield code="a">Dávid Katalin Zsuzsanna</subfield>
    </datafield>
    <datafield tag="245" ind1="1" ind2="0">
      <subfield code="a">1000 angol tesztkérdés /</subfield>
      <subfield code="c">[szerzők Dávid Katalin Zsuzsanna, David P. Curley]</subfield>
    </datafield>
    <datafield tag="260" ind1=" " ind2=" ">
      <subfield code="a">Szeged :</subfield>
      <subfield code="b">Maxim,</subfield>
      <subfield code="c">2006</subfield>
    </datafield>
    <datafield tag="300" ind1=" " ind2=" ">
      <subfield code="a">156 p. :</subfield>
      <subfield code="b">ill. ;</subfield>
      <subfield code="c">21 cm</subfield>
    </datafield>
    <datafield tag="650" ind1=" " ind2="4">
      <subfield code="a">Angol nyelv</subfield>
      <subfield code="x">vizsgák, kérdések stb.</subfield>
    </datafield>
    <datafield tag="650" ind1=" " ind2="4">
      <subfield code="a">Angol nyelv</subfield>
      <subfield code="x">feladatok, gyakorlatok stb.</subfield>
    </datafield>
    <datafield tag="650" ind1=" " ind2="0">
      <subfield code="a">English language</subfield>
      <subfield code="x">Examinations, questions, etc.</subfield>
    </datafield>
    <datafield tag="650" ind1=" " ind2="0">
      <subfield code="a">English language</subfield>
      <subfield code="x">Problems, exercises, etc.</subfield>
    </datafield>
    <datafield tag="650" ind1=" " ind2="7">
      <subfield code="a">Angol nyelvkönyv</subfield>
      <subfield code="x">középfokú</subfield>
      <subfield code="x">gyakorlatok</subfield>
      <subfield code="2">szte</subfield>
    </datafield>
    <datafield tag="650" ind1=" " ind2="7">
      <subfield code="a">Nyelvvizsga</subfield>
      <subfield code="x">angol</subfield>
      <subfield code="x">írásbeli</subfield>
      <subfield code="x">gyakorlatok</subfield>
      <subfield code="2">szte</subfield>
    </datafield>
    <datafield tag="650" ind1=" " ind2="7">
      <subfield code="a">Nyelvi tesztek</subfield>
      <subfield code="x">angol</subfield>
      <subfield code="2">szte</subfield>
    </datafield>
    <datafield tag="650" ind1=" " ind2="4">
      <subfield code="a">Angol nyelvkönyv</subfield>
      <subfield code="x">középfokú</subfield>
      <subfield code="x">gyakorlatok</subfield>
    </datafield>
    <datafield tag="650" ind1=" " ind2="4">
      <subfield code="a">Nyelvvizsga</subfield>
      <subfield code="x">angol</subfield>
      <subfield code="x">írásbeli</subfield>
      <subfield code="x">gyakorlatok</subfield>
    </datafield>
    <datafield tag="650" ind1=" " ind2="4">
      <subfield code="a">Nyelvi tesztek</subfield>
      <subfield code="x">angol</subfield>
    </datafield>
    <datafield tag="653" ind1=" " ind2=" ">
      <subfield code="a">beszéd</subfield>
    </datafield>
    <datafield tag="653" ind1=" " ind2=" ">
      <subfield code="a">nyelvoktatás</subfield>
    </datafield>
    <datafield tag="653" ind1=" " ind2=" ">
      <subfield code="a">nyelvtan</subfield>
    </datafield>
    <datafield tag="653" ind1=" " ind2=" ">
      <subfield code="a">nyelvészet</subfield>
    </datafield>
    <datafield tag="653" ind1=" " ind2=" ">
      <subfield code="a">példatár</subfield>
    </datafield>
    <datafield tag="700" ind1="1" ind2=" ">
      <subfield code="a">Curley, David P.</subfield>
    </datafield>
    <datafield tag="852" ind1=" " ind2=" ">
      <subfield code="a">B9</subfield>
      <subfield code="b">B9</subfield>
      <subfield code="x">72857</subfield>
    </datafield>
    <datafield tag="852" ind1=" " ind2=" ">
      <subfield code="a">D1</subfield>
      <subfield code="b">D1/NY</subfield>
      <subfield code="x">bibDEK00613644</subfield>
    </datafield>
    <datafield tag="852" ind1=" " ind2=" ">
      <subfield code="a">SZ4</subfield>
      <subfield code="b">SZ4/K2</subfield>
      <subfield code="x">bibSOK00412360</subfield>
    </datafield>
    <datafield tag="852" ind1=" " ind2=" ">
      <subfield code="a">S1</subfield>
      <subfield code="b">S1</subfield>
      <subfield code="x">MOKKAN0004044202</subfield>
    </datafield>
  </record>
  <record>
    <leader>00422nam  2200157 i 4500</leader>
    <controlfield tag="001">MOKKAW0005555808  </controlfield>
    <controlfield tag="005">20080415045034.0</controlfield>
    <controlfield tag="008">000222s1999                  000 0 hun d</controlfield>
    <datafield tag="035" ind1=" " ind2=" ">
      <subfield code="a">BMEOMIKK000141283</subfield>
    </datafield>
    <datafield tag="040" ind1=" " ind2=" ">
      <subfield code="a">BMEOMIKK</subfield>
    </datafield>
    <datafield tag="041" ind1="0" ind2=" ">
      <subfield code="a">huneng</subfield>
    </datafield>
    <datafield tag="245" ind1="0" ind2="0">
      <subfield code="a">1000 angol üzleti levélminta</subfield>
    </datafield>
    <datafield tag="246" ind1="1" ind2="1">
      <subfield code="a">Business correspondence</subfield>
    </datafield>
    <datafield tag="260" ind1=" " ind2=" ">
      <subfield code="a">Budapest :</subfield>
      <subfield code="b">Jogi K.,</subfield>
      <subfield code="c">[1999]</subfield>
    </datafield>
    <datafield tag="300" ind1=" " ind2=" ">
      <subfield code="a">1 CD-ROM</subfield>
    </datafield>
    <datafield tag="852" ind1=" " ind2=" ">
      <subfield code="a">B11</subfield>
      <subfield code="b">B11</subfield>
      <subfield code="x">BMEOMIKK000141283</subfield>
    </datafield>
  </record>
  <record>
    <leader>00757fmm  2200229 i 4500</leader>
    <controlfield tag="001">MOKKAZ0006389052  </controlfield>
    <controlfield tag="005">20040915200033.0</controlfield>
    <controlfield tag="008">000223s2000    hu                  hun d</controlfield>
    <datafield tag="035" ind1=" " ind2=" ">
      <subfield code="a">413685</subfield>
    </datafield>
    <datafield tag="040" ind1=" " ind2=" ">
      <subfield code="a">OSZK</subfield>
    </datafield>
    <datafield tag="041" ind1="0" ind2=" ">
      <subfield code="a">enghuneng</subfield>
    </datafield>
    <datafield tag="245" ind1="0" ind2="0">
      <subfield code="a">1000 angol üzleti levélminta</subfield>
      <subfield code="h">elektronikus dok.</subfield>
    </datafield>
    <datafield tag="246" ind1="1" ind2="1">
      <subfield code="a">Business correspondence</subfield>
    </datafield>
    <datafield tag="256" ind1=" " ind2=" ">
      <subfield code="a">Szöveg</subfield>
    </datafield>
    <datafield tag="260" ind1=" " ind2=" ">
      <subfield code="a">Budapest :</subfield>
      <subfield code="b">Jogi K.,</subfield>
      <subfield code="c">[2000]</subfield>
    </datafield>
    <datafield tag="300" ind1=" " ind2=" ">
      <subfield code="a">1 CD-R ;</subfield>
      <subfield code="c">12 cm</subfield>
    </datafield>
    <datafield tag="500" ind1=" " ind2=" ">
      <subfield code="a">Főcím a lemezcímkéről</subfield>
    </datafield>
    <datafield tag="538" ind1=" " ind2=" ">
      <subfield code="a">Működési követelmények: Windows alatt működő Word ill. Write szövegszerkesztők, valamint a DOS rendszerben futó programok</subfield>
    </datafield>
    <datafield tag="650" ind1=" " ind2="4">
      <subfield code="a">Üzleti kommunikáció</subfield>
    </datafield>
    <datafield tag="650" ind1=" " ind2="0">
      <subfield code="a">Business communication.</subfield>
    </datafield>
    <datafield tag="852" ind1=" " ind2=" ">
      <subfield code="a">B1</subfield>
      <subfield code="b">B1</subfield>
      <subfield code="x">413685</subfield>
    </datafield>
    <datafield tag="852" ind1=" " ind2=" ">
      <subfield code="a">D1</subfield>
      <subfield code="b">D1</subfield>
      <subfield code="x">bibKLT00284393</subfield>
    </datafield>
  </record>
  <record>
    <leader>00734nmm  2200193 i 4500</leader>
    <controlfield tag="001">MOKKAW0005424941  </controlfield>
    <controlfield tag="005">20080412190820.0</controlfield>
    <controlfield tag="008">010305s2000    hu n       ua       eng d</controlfield>
    <datafield tag="035" ind1=" " ind2=" ">
      <subfield code="a">bibKLT00284393</subfield>
    </datafield>
    <datafield tag="040" ind1=" " ind2=" ">
      <subfield code="a">DEENK</subfield>
    </datafield>
    <datafield tag="245" ind1="0" ind2="0">
      <subfield code="a">1000 angol üzleti levélminta</subfield>
      <subfield code="h">[elektronikus dokumentum]</subfield>
    </datafield>
    <datafield tag="256" ind1=" " ind2=" ">
      <subfield code="a">Szöveg</subfield>
    </datafield>
    <datafield tag="260" ind1=" " ind2=" ">
      <subfield code="a">Budapest :</subfield>
      <subfield code="b">Jogi Kiadó,</subfield>
      <subfield code="c">[2000]</subfield>
    </datafield>
    <datafield tag="300" ind1=" " ind2=" ">
      <subfield code="a">1 CD-ROM ;</subfield>
      <subfield code="c">12 cm</subfield>
    </datafield>
    <datafield tag="500" ind1=" " ind2=" ">
      <subfield code="a">Főcím a disc címkéjéről</subfield>
    </datafield>
    <datafield tag="500" ind1=" " ind2=" ">
      <subfield code="a">A levélminták felhasználhatók a Windows alatt működő Word (.doc) ill. Write (.wri) szövegszerkesztők, valamint a DOS (.txt) rendszerben futó programok segítségével.</subfield>
    </datafield>
    <datafield tag="650" ind1=" " ind2="4">
      <subfield code="a">Üzleti kommunikáció</subfield>
    </datafield>
    <datafield tag="650" ind1=" " ind2="0">
      <subfield code="a">Business communication.</subfield>
    </datafield>
    <datafield tag="852" ind1=" " ind2=" ">
      <subfield code="a">D1</subfield>
      <subfield code="b">D1/PM</subfield>
      <subfield code="x">bibKLT00284393</subfield>
    </datafield>
  </record>
  <record>
    <leader>00341cam  22001217  4500</leader>
    <controlfield tag="001">MOKKAZ0004494967  </controlfield>
    <controlfield tag="005">20040910074209.0</controlfield>
    <controlfield tag="008">      s1956                        und d</controlfield>
    <datafield tag="035" ind1=" " ind2=" ">
      <subfield code="a">bibFSZ00341173</subfield>
    </datafield>
    <datafield tag="040" ind1=" " ind2=" ">
      <subfield code="a">FSZEK</subfield>
    </datafield>
    <datafield tag="245" ind1="0" ind2="0">
      <subfield code="a">1000 Arbeiter 1000 Unternehmer /</subfield>
      <subfield code="c">Heinrich Mechler</subfield>
    </datafield>
    <datafield tag="260" ind1=" " ind2=" ">
      <subfield code="a">[S.l.] :</subfield>
      <subfield code="b">[S.n.],</subfield>
      <subfield code="c">1956</subfield>
    </datafield>
    <datafield tag="852" ind1=" " ind2=" ">
      <subfield code="a">B10</subfield>
      <subfield code="b">0801</subfield>
      <subfield code="x">bibFSZ00341173</subfield>
    </datafield>
  </record>
  <record>
    <leader>00597nam  2200181   4500</leader>
    <controlfield tag="001">MOKKAN0004365768  </controlfield>
    <controlfield tag="005">20070413074809.0</controlfield>
    <controlfield tag="008">070327s2006                        hun d</controlfield>
    <datafield tag="020" ind1=" " ind2=" ">
      <subfield code="a">963-369-934-8</subfield>
    </datafield>
    <datafield tag="035" ind1=" " ind2=" ">
      <subfield code="a">bibFSZ01354304</subfield>
    </datafield>
    <datafield tag="040" ind1=" " ind2=" ">
      <subfield code="a">FSZEK</subfield>
    </datafield>
    <datafield tag="041" ind1=" " ind2=" ">
      <subfield code="a">hun</subfield>
    </datafield>
    <datafield tag="240" ind1=" " ind2="0">
      <subfield code="a">1000 automobile</subfield>
    </datafield>
    <datafield tag="245" ind1="0" ind2="0">
      <subfield code="a">1000 automobil :</subfield>
      <subfield code="b">történelem, klasszikusok, technika : [a leghíresebb oldtimerek 1886-és 1975 között] /</subfield>
      <subfield code="c">[... szerk. Kővári Sarolta</subfield>
    </datafield>
    <datafield tag="260" ind1=" " ind2=" ">
      <subfield code="a">Pécs :</subfield>
      <subfield code="b">Alexandra,</subfield>
      <subfield code="c">2006</subfield>
    </datafield>
    <datafield tag="300" ind1=" " ind2=" ">
      <subfield code="a">359, [1] p. :</subfield>
      <subfield code="b">ill ;</subfield>
      <subfield code="c">31 cm</subfield>
    </datafield>
    <datafield tag="700" ind1="1" ind2=" ">
      <subfield code="a">Kővári Sarolta</subfield>
      <subfield code="4">szerk</subfield>
    </datafield>
    <datafield tag="852" ind1=" " ind2=" ">
      <subfield code="a">B10</subfield>
      <subfield code="b">B10</subfield>
      <subfield code="x">bibFSZ01354304</subfield>
    </datafield>
  </record>
  <record>
    <leader>02019nam  2200637 i 4500</leader>
    <controlfield tag="001">MOKKAN0004372459  </controlfield>
    <controlfield tag="005">20091224132558.0</controlfield>
    <controlfield tag="008">070425s2006    hu ar         00100 hun d</controlfield>
    <datafield tag="020" ind1=" " ind2=" ">
      <subfield code="a">963-369-934-7 (kötött)</subfield>
    </datafield>
    <datafield tag="020" ind1=" " ind2=" ">
      <subfield code="a">963 369 934 7</subfield>
    </datafield>
    <datafield tag="020" ind1=" " ind2=" ">
      <subfield code="a">963-369-934-7</subfield>
    </datafield>
    <datafield tag="035" ind1=" " ind2=" ">
      <subfield code="a">2651952</subfield>
    </datafield>
    <datafield tag="040" ind1=" " ind2=" ">
      <subfield code="a">OSZK</subfield>
    </datafield>
    <datafield tag="041" ind1="1" ind2=" ">
      <subfield code="a">hunhun</subfield>
      <subfield code="h">ger</subfield>
    </datafield>
    <datafield tag="080" ind1=" " ind2=" ">
      <subfield code="a">629.114.6(100)(091)(084.12)</subfield>
    </datafield>
    <datafield tag="100" ind1="1" ind2=" ">
      <subfield code="a">Lintelmann, Reinhard</subfield>
    </datafield>
    <datafield tag="240" ind1="1" ind2="0">
      <subfield code="a">1000 Automobile</subfield>
      <subfield code="l">(magyar)</subfield>
    </datafield>
    <datafield tag="245" ind1="1" ind2="0">
      <subfield code="a">1000 automobil : </subfield>
      <subfield code="b">történelem, klasszikusok, technika</subfield>
    </datafield>
    <datafield tag="260" ind1=" " ind2=" ">
      <subfield code="a">Pécs :</subfield>
      <subfield code="b">Alexandra,</subfield>
      <subfield code="c">2006</subfield>
    </datafield>
    <datafield tag="300" ind1=" " ind2=" ">
      <subfield code="a">359 p. :</subfield>
      <subfield code="b">ill., főként színes ;</subfield>
      <subfield code="c">31 cm</subfield>
    </datafield>
    <datafield tag="500" ind1=" " ind2=" ">
      <subfield code="a">Szerző Lintelmann, Reinhard</subfield>
    </datafield>
    <datafield tag="500" ind1=" " ind2=" ">
      <subfield code="a">Ford. Horváth Judit, Soós András, Vásárhelyi Zsolt</subfield>
    </datafield>
    <datafield tag="650" ind1="1" ind2="7">
      <subfield code="a">személygépkocsi</subfield>
      <subfield code="2">oszk</subfield>
    </datafield>
    <datafield tag="650" ind1="1" ind2="7">
      <subfield code="a">autógyártás</subfield>
      <subfield code="2">oszk</subfield>
    </datafield>
    <datafield tag="650" ind1="1" ind2="7">
      <subfield code="a">századforduló</subfield>
      <subfield code="2">oszk</subfield>
    </datafield>
    <datafield tag="650" ind1="1" ind2="7">
      <subfield code="a">20. század</subfield>
      <subfield code="2">oszk</subfield>
    </datafield>
    <datafield tag="650" ind1=" " ind2="7">
      <subfield code="a">Autó története</subfield>
      <subfield code="2">szte</subfield>
    </datafield>
    <datafield tag="650" ind1=" " ind2="7">
      <subfield code="a">Autógyártás</subfield>
      <subfield code="y">1886-1975</subfield>
      <subfield code="x">képeskönyv</subfield>
      <subfield code="2">szte</subfield>
    </datafield>
    <datafield tag="650" ind1=" " ind2="4">
      <subfield code="a">Gépjárművek</subfield>
      <subfield code="x">kézikönyvek stb.</subfield>
    </datafield>
    <datafield tag="650" ind1=" " ind2="0">
      <subfield code="a">Automobiles</subfield>
      <subfield code="x">Handbooks, manuals, etc.</subfield>
    </datafield>
    <datafield tag="650" ind1=" " ind2="4">
      <subfield code="a">személygépkocsi</subfield>
    </datafield>
    <datafield tag="650" ind1=" " ind2="4">
      <subfield code="a">gépjármű</subfield>
    </datafield>
    <datafield tag="650" ind1=" " ind2="4">
      <subfield code="a">történeti feldolgozás</subfield>
    </datafield>
    <datafield tag="650" ind1=" " ind2="4">
      <subfield code="a">technikatörténet</subfield>
    </datafield>
    <datafield tag="650" ind1=" " ind2="4">
      <subfield code="a">album</subfield>
    </datafield>
    <datafield tag="650" ind1=" " ind2="4">
      <subfield code="a">autógyártás</subfield>
    </datafield>
    <datafield tag="650" ind1=" " ind2="4">
      <subfield code="a">története</subfield>
    </datafield>
    <datafield tag="650" ind1=" " ind2="4">
      <subfield code="a">fényképalbum</subfield>
    </datafield>
    <datafield tag="695" ind1=" " ind2=" ">
      <subfield code="a">Autó</subfield>
    </datafield>
    <datafield tag="695" ind1=" " ind2=" ">
      <subfield code="a">Személygépkocsi</subfield>
    </datafield>
    <datafield tag="695" ind1=" " ind2=" ">
      <subfield code="a">Enciklopédia</subfield>
    </datafield>
    <datafield tag="700" ind1="1" ind2=" ">
      <subfield code="a">Horváth Judit</subfield>
      <subfield code="4">(ford.)</subfield>
    </datafield>
    <datafield tag="700" ind1="1" ind2=" ">
      <subfield code="a">Soós András</subfield>
      <subfield code="4">(ford.)</subfield>
    </datafield>
    <datafield tag="700" ind1="1" ind2=" ">
      <subfield code="a">Vásárhelyi Zsolt</subfield>
      <subfield code="4">(ford.)</subfield>
    </datafield>
    <datafield tag="852" ind1=" " ind2=" ">
      <subfield code="a">SZ1</subfield>
      <subfield code="b">SZ1</subfield>
      <subfield code="x">bibJAT00706140</subfield>
    </datafield>
    <datafield tag="852" ind1=" " ind2=" ">
      <subfield code="a">SZ4</subfield>
      <subfield code="b">SZ4/K0</subfield>
      <subfield code="x">bibSOK00414961</subfield>
    </datafield>
    <datafield tag="852" ind1=" " ind2=" ">
      <subfield code="a">B1</subfield>
      <subfield code="b">B1</subfield>
      <subfield code="x">2651952</subfield>
    </datafield>
    <datafield tag="852" ind1=" " ind2=" ">
      <subfield code="a">D1</subfield>
      <subfield code="b">D1</subfield>
      <subfield code="x">000002651952</subfield>
    </datafield>
    <datafield tag="852" ind1=" " ind2=" ">
      <subfield code="a">B11</subfield>
      <subfield code="b">B11</subfield>
      <subfield code="x">BMEOMIKK000479345</subfield>
    </datafield>
    <datafield tag="852" ind1=" " ind2=" ">
      <subfield code="a">SZL1</subfield>
      <subfield code="b">SZL1</subfield>
      <subfield code="x">bibVFM00020292</subfield>
    </datafield>
    <datafield tag="852" ind1=" " ind2=" ">
      <subfield code="a">BCS1</subfield>
      <subfield code="b">BCS1</subfield>
      <subfield code="x">bibBMK00020470</subfield>
    </datafield>
    <datafield tag="852" ind1=" " ind2=" ">
      <subfield code="a">B10</subfield>
      <subfield code="b">B10</subfield>
      <subfield code="x">bibFSZ01354304</subfield>
    </datafield>
    <datafield tag="852" ind1=" " ind2=" ">
      <subfield code="a">P1</subfield>
      <subfield code="b">P1/O</subfield>
      <subfield code="x">bibJPT00433661</subfield>
    </datafield>
    <datafield tag="852" ind1=" " ind2=" ">
      <subfield code="a">GY1</subfield>
      <subfield code="b">GY1</subfield>
      <subfield code="x">KKMK1598400</subfield>
    </datafield>
    <datafield tag="852" ind1=" " ind2=" ">
      <subfield code="a">SZO1</subfield>
      <subfield code="b">SZO1</subfield>
      <subfield code="x">150603164</subfield>
    </datafield>
    <datafield tag="852" ind1=" " ind2=" ">
      <subfield code="a">B653</subfield>
      <subfield code="x">bibMKF00115986</subfield>
    </datafield>
  </record>
  <record>
    <leader>00701nam  22002535p 4500</leader>
    <controlfield tag="001">MOKKAN0004912984  </controlfield>
    <controlfield tag="005">20080725165853.0</controlfield>
    <controlfield tag="008">070420s2006    hu                  hun d</controlfield>
    <datafield tag="020" ind1=" " ind2=" ">
      <subfield code="a">963 369 934 7</subfield>
    </datafield>
    <datafield tag="035" ind1=" " ind2=" ">
      <subfield code="a">685921</subfield>
    </datafield>
    <datafield tag="040" ind1=" " ind2=" ">
      <subfield code="a">KSHK</subfield>
    </datafield>
    <datafield tag="041" ind1="0" ind2=" ">
      <subfield code="a">hun</subfield>
    </datafield>
    <datafield tag="100" ind1="1" ind2=" ">
      <subfield code="a">Reinhard, Litelmann</subfield>
    </datafield>
    <datafield tag="240" ind1="1" ind2="0">
      <subfield code="a">1000 Automobile</subfield>
      <subfield code="l">(magyar)</subfield>
    </datafield>
    <datafield tag="245" ind1="0" ind2="0">
      <subfield code="a">1000 automobil : </subfield>
      <subfield code="b">történelem, klasszikusok, technika</subfield>
    </datafield>
    <datafield tag="260" ind1=" " ind2=" ">
      <subfield code="a">Pécs :</subfield>
      <subfield code="b">Alexandra,</subfield>
      <subfield code="c">2006</subfield>
    </datafield>
    <datafield tag="300" ind1=" " ind2=" ">
      <subfield code="a">359 p. :</subfield>
      <subfield code="b">ill., főként színes ;</subfield>
      <subfield code="c">31 cm</subfield>
    </datafield>
    <datafield tag="500" ind1=" " ind2=" ">
      <subfield code="a">Szerző Lintelmann, Reinhard</subfield>
    </datafield>
    <datafield tag="653" ind1=" " ind2=" ">
      <subfield code="a">20. sz.</subfield>
    </datafield>
    <datafield tag="653" ind1=" " ind2=" ">
      <subfield code="a">autóipar</subfield>
    </datafield>
    <datafield tag="653" ind1=" " ind2=" ">
      <subfield code="a">fotóalbum</subfield>
    </datafield>
    <datafield tag="653" ind1=" " ind2=" ">
      <subfield code="a">ipartörténet</subfield>
    </datafield>
    <datafield tag="653" ind1=" " ind2=" ">
      <subfield code="a">személygépkocsi</subfield>
    </datafield>
    <datafield tag="852" ind1=" " ind2=" ">
      <subfield code="a">B9</subfield>
      <subfield code="b">B9</subfield>
      <subfield code="x">685921</subfield>
    </datafield>
  </record>
  <record>
    <leader>02516nam  2200745 ir4500</leader>
    <controlfield tag="001">MOKKAZ0006390542  </controlfield>
    <controlfield tag="005">20091109135901.0</controlfield>
    <controlfield tag="008">000417s2000    hu a     b    000 0 hun d</controlfield>
    <datafield tag="020" ind1=" " ind2=" ">
      <subfield code="a">963-9123-80-3 (fűzött) :</subfield>
      <subfield code="c">3480,- Ft</subfield>
    </datafield>
    <datafield tag="035" ind1=" " ind2=" ">
      <subfield code="a">421767</subfield>
    </datafield>
    <datafield tag="040" ind1=" " ind2=" ">
      <subfield code="a">OSZK</subfield>
    </datafield>
    <datafield tag="041" ind1="1" ind2=" ">
      <subfield code="a">hunhun</subfield>
      <subfield code="h">ger</subfield>
    </datafield>
    <datafield tag="100" ind1="2" ind2=" ">
      <subfield code="a">Lobsiger-Brugger, Lisa</subfield>
    </datafield>
    <datafield tag="240" ind1="1" ind2="0">
      <subfield code="a">1000 Spiel- und Übungsformen zum Aufwärmen</subfield>
      <subfield code="l">(magyar)</subfield>
    </datafield>
    <datafield tag="245" ind1="1" ind2="0">
      <subfield code="a">1000 bemelegítő játék és gyakorlat : </subfield>
      <subfield code="b">[kézikönyv tanároknak, edzőknek, pályaedzőknek, versenyzőknek] /</subfield>
      <subfield code="c">Lisa Lobsiger-Brugger, Anita Schmid ; szerk. Walter Bucher ; [ford. Major Mercedes]</subfield>
    </datafield>
    <datafield tag="260" ind1=" " ind2=" ">
      <subfield code="a">Budapest</subfield>
      <subfield code="a">Pécs :</subfield>
      <subfield code="b">Dialóg Campus,</subfield>
      <subfield code="c">2000</subfield>
      <subfield code="e">(Pécs</subfield>
      <subfield code="f">Bornus Ny.)</subfield>
    </datafield>
    <datafield tag="300" ind1=" " ind2=" ">
      <subfield code="a">277 p. :</subfield>
      <subfield code="b">ill. ;</subfield>
      <subfield code="c">15x21 cm</subfield>
    </datafield>
    <datafield tag="490" ind1="1" ind2=" ">
      <subfield code="a">Dialóg Campus szakkönyvek</subfield>
      <subfield code="x">1417-7986</subfield>
    </datafield>
    <datafield tag="490" ind1="1" ind2=" ">
      <subfield code="a">Dialóg Campus sport</subfield>
      <subfield code="x">1586-0973</subfield>
    </datafield>
    <datafield tag="504" ind1=" " ind2=" ">
      <subfield code="a">Bibliogr.: p. 277.</subfield>
    </datafield>
    <datafield tag="650" ind1=" " ind2="4">
      <subfield code="a">testnevelés oktatása</subfield>
    </datafield>
    <datafield tag="650" ind1=" " ind2="4">
      <subfield code="a">Játék</subfield>
      <subfield code="x">kézikönyvek</subfield>
    </datafield>
    <datafield tag="650" ind1=" " ind2="4">
      <subfield code="a">Gyakorlat</subfield>
      <subfield code="x">kézikönyvek</subfield>
    </datafield>
    <datafield tag="650" ind1=" " ind2="4">
      <subfield code="a">oktatási módszer</subfield>
    </datafield>
    <datafield tag="650" ind1=" " ind2="4">
      <subfield code="a">testnevelés</subfield>
    </datafield>
    <datafield tag="650" ind1=" " ind2="4">
      <subfield code="a">tanári kézikönyv</subfield>
    </datafield>
    <datafield tag="650" ind1=" " ind2="7">
      <subfield code="a">Sportjáték</subfield>
      <subfield code="2">szte</subfield>
    </datafield>
    <datafield tag="650" ind1=" " ind2="7">
      <subfield code="a">Testnevelés</subfield>
      <subfield code="x">bemelegítés</subfield>
      <subfield code="2">szte</subfield>
    </datafield>
    <datafield tag="650" ind1=" " ind2="4">
      <subfield code="a">tornagyakorlatok</subfield>
    </datafield>
    <datafield tag="650" ind1=" " ind2="4">
      <subfield code="a">tanári kézikönyvek</subfield>
    </datafield>
    <datafield tag="650" ind1=" " ind2="4">
      <subfield code="a">Sport</subfield>
    </datafield>
    <datafield tag="650" ind1=" " ind2="4">
      <subfield code="a">Játékok, mozgásos</subfield>
    </datafield>
    <datafield tag="650" ind1=" " ind2="4">
      <subfield code="a">Bemelegítő játékok</subfield>
    </datafield>
    <datafield tag="650" ind1=" " ind2="4">
      <subfield code="a">Gyakorlatok</subfield>
    </datafield>
    <datafield tag="650" ind1=" " ind2="4">
      <subfield code="a">Tanítás</subfield>
    </datafield>
    <datafield tag="650" ind1=" " ind2="4">
      <subfield code="a">Torna</subfield>
    </datafield>
    <datafield tag="650" ind1=" " ind2="0">
      <subfield code="a">Play</subfield>
      <subfield code="x">Handbooks, manuals, etc.</subfield>
    </datafield>
    <datafield tag="650" ind1=" " ind2="0">
      <subfield code="a">Exercise</subfield>
      <subfield code="x">Handbooks, manuals, etc.</subfield>
    </datafield>
    <datafield tag="650" ind1=" " ind2="7">
      <subfield code="a">Sportjátékok</subfield>
      <subfield code="2">szte</subfield>
    </datafield>
    <datafield tag="650" ind1=" " ind2="4">
      <subfield code="a">testnevelés</subfield>
      <subfield code="x">bemelegítés</subfield>
      <subfield code="x">gyakorlatok</subfield>
    </datafield>
    <datafield tag="650" ind1=" " ind2="7">
      <subfield code="a">sport</subfield>
      <subfield code="2">opkm</subfield>
    </datafield>
    <datafield tag="650" ind1=" " ind2="7">
      <subfield code="a">testnevelés</subfield>
      <subfield code="2">opkm</subfield>
    </datafield>
    <datafield tag="650" ind1=" " ind2="7">
      <subfield code="a">játék</subfield>
      <subfield code="2">opkm</subfield>
    </datafield>
    <datafield tag="650" ind1=" " ind2="7">
      <subfield code="a">gyakorlat</subfield>
      <subfield code="2">opkm</subfield>
    </datafield>
    <datafield tag="695" ind1=" " ind2=" ">
      <subfield code="a">testnevelés</subfield>
      <subfield code="x">tanítás</subfield>
    </datafield>
    <datafield tag="700" ind1="1" ind2="0">
      <subfield code="a">Schmid, Anita</subfield>
    </datafield>
    <datafield tag="700" ind1="1" ind2=" ">
      <subfield code="a">Bucher, Walter</subfield>
      <subfield code="4">(szerk.)</subfield>
    </datafield>
    <datafield tag="700" ind1="1" ind2=" ">
      <subfield code="a">Major Mercedes</subfield>
      <subfield code="4">(ford.)</subfield>
    </datafield>
    <datafield tag="830" ind1=" " ind2="0">
      <subfield code="a">Dialóg Campus szakkönyvek</subfield>
    </datafield>
    <datafield tag="830" ind1=" " ind2="0">
      <subfield code="a">Dialóg Campus sport</subfield>
    </datafield>
    <datafield tag="852" ind1=" " ind2=" ">
      <subfield code="a">B1</subfield>
      <subfield code="b">B1</subfield>
      <subfield code="x">421767</subfield>
    </datafield>
    <datafield tag="852" ind1=" " ind2=" ">
      <subfield code="a">B10</subfield>
      <subfield code="B">0801</subfield>
      <subfield code="b">1803</subfield>
      <subfield code="x">bibFSZ00316813</subfield>
    </datafield>
    <datafield tag="852" ind1=" " ind2=" ">
      <subfield code="a">P1</subfield>
      <subfield code="b">P1/FK</subfield>
      <subfield code="x">bibJPT00178056</subfield>
    </datafield>
    <datafield tag="852" ind1=" " ind2=" ">
      <subfield code="a">SZO1</subfield>
      <subfield code="b">SZO1</subfield>
      <subfield code="x">150147917</subfield>
    </datafield>
    <datafield tag="852" ind1=" " ind2=" ">
      <subfield code="a">SZK1</subfield>
      <subfield code="b">SZK1</subfield>
      <subfield code="x">bibTMK00020505</subfield>
    </datafield>
    <datafield tag="852" ind1=" " ind2=" ">
      <subfield code="a">GY1</subfield>
      <subfield code="b">GY1</subfield>
      <subfield code="x">474388</subfield>
    </datafield>
    <datafield tag="852" ind1=" " ind2=" ">
      <subfield code="a">S1</subfield>
      <subfield code="b">S1</subfield>
      <subfield code="x">bibSEF38499</subfield>
    </datafield>
    <datafield tag="852" ind1=" " ind2=" ">
      <subfield code="a">SZ4</subfield>
      <subfield code="b">SZ4</subfield>
      <subfield code="x">bibSOK00101601</subfield>
    </datafield>
    <datafield tag="852" ind1=" " ind2=" ">
      <subfield code="a">M2</subfield>
      <subfield code="b">M2</subfield>
      <subfield code="x">bibRFK00122699</subfield>
    </datafield>
    <datafield tag="852" ind1=" " ind2=" ">
      <subfield code="a">SZL1</subfield>
      <subfield code="b">SZL1</subfield>
      <subfield code="x">bibVFK00217756</subfield>
    </datafield>
    <datafield tag="852" ind1=" " ind2=" ">
      <subfield code="a">B1</subfield>
      <subfield code="b">B1</subfield>
      <subfield code="x">801520</subfield>
    </datafield>
    <datafield tag="852" ind1=" " ind2=" ">
      <subfield code="a">D1</subfield>
      <subfield code="b">D1</subfield>
      <subfield code="x">bibJGY00083277</subfield>
    </datafield>
    <datafield tag="852" ind1=" " ind2=" ">
      <subfield code="a">SZ1</subfield>
      <subfield code="b">SZ1</subfield>
      <subfield code="x">bibJGY00083277</subfield>
    </datafield>
    <datafield tag="852" ind1=" " ind2=" ">
      <subfield code="a">P1</subfield>
      <subfield code="b">P1</subfield>
      <subfield code="x">421767</subfield>
    </datafield>
    <datafield tag="852" ind1=" " ind2=" ">
      <subfield code="a">B7</subfield>
      <subfield code="b">B7</subfield>
      <subfield code="x">173544</subfield>
    </datafield>
  </record>
  <record>
    <leader>00496nam  2200181 i 4500</leader>
    <controlfield tag="001">MOKKAS0003517369  </controlfield>
    <controlfield tag="005">20060606020431.0</controlfield>
    <controlfield tag="008">050714s1966                        fre d</controlfield>
    <datafield tag="035" ind1=" " ind2=" ">
      <subfield code="a">592526</subfield>
    </datafield>
    <datafield tag="040" ind1=" " ind2=" ">
      <subfield code="a">OIK</subfield>
    </datafield>
    <datafield tag="041" ind1="0" ind2=" ">
      <subfield code="a">fre</subfield>
    </datafield>
    <datafield tag="100" ind1="1" ind2=" ">
      <subfield code="a">Blancpain, Marc</subfield>
      <subfield code="d">(1909-)</subfield>
    </datafield>
    <datafield tag="245" ind1="1" ind2="0">
      <subfield code="a">1000 "billets du Parisien"</subfield>
    </datafield>
    <datafield tag="260" ind1=" " ind2=" ">
      <subfield code="a">Périgueux :</subfield>
      <subfield code="b">Fanlac,</subfield>
      <subfield code="c">1966</subfield>
    </datafield>
    <datafield tag="300" ind1=" " ind2=" ">
      <subfield code="a">501 p. ;</subfield>
      <subfield code="c">25 cm</subfield>
    </datafield>
    <datafield tag="650" ind1=" " ind2="4">
      <subfield code="a">Francia memoárok. Történetirás. Krónikák</subfield>
    </datafield>
    <datafield tag="650" ind1=" " ind2="4">
      <subfield code="a">Francia publicisztika</subfield>
    </datafield>
    <datafield tag="852" ind1=" " ind2=" ">
      <subfield code="a">B14</subfield>
      <subfield code="b">B14</subfield>
      <subfield code="x">592526</subfield>
    </datafield>
  </record>
  <record>
    <leader>00688nam  2200229 i 4500</leader>
    <controlfield tag="001">MOKKAN0004596552  </controlfield>
    <controlfield tag="005">20070503090122.0</controlfield>
    <controlfield tag="008">060405s2006    hu                  hun d</controlfield>
    <datafield tag="020" ind1=" " ind2=" ">
      <subfield code="a">963-9546-69-0</subfield>
    </datafield>
    <datafield tag="035" ind1=" " ind2=" ">
      <subfield code="a">150523164</subfield>
    </datafield>
    <datafield tag="040" ind1=" " ind2=" ">
      <subfield code="a">BDK</subfield>
    </datafield>
    <datafield tag="041" ind1="0" ind2=" ">
      <subfield code="a">hun</subfield>
    </datafield>
    <datafield tag="100" ind1="1" ind2=" ">
      <subfield code="a">Hall, Rebecca</subfield>
    </datafield>
    <datafield tag="240" ind1="1" ind2="0">
      <subfield code="a">1000 reasons you're the perfect dad</subfield>
      <subfield code="l">(magyar)</subfield>
    </datafield>
    <datafield tag="245" ind1="0" ind2="0">
      <subfield code="a">1000 bizonyíték, hogy te vagy a legjobb apa /</subfield>
      <subfield code="c">Rebecca Hall ; [ford. Illés Róbert]</subfield>
    </datafield>
    <datafield tag="260" ind1=" " ind2=" ">
      <subfield code="a">[Budapest] :</subfield>
      <subfield code="b">Ventus Libro,</subfield>
      <subfield code="c">cop. 2006</subfield>
    </datafield>
    <datafield tag="300" ind1=" " ind2=" ">
      <subfield code="a">463 p. :</subfield>
      <subfield code="b">ill. ;</subfield>
      <subfield code="c">12 cm</subfield>
    </datafield>
    <datafield tag="650" ind1=" " ind2="4">
      <subfield code="a">aforizma</subfield>
    </datafield>
    <datafield tag="650" ind1=" " ind2="4">
      <subfield code="a">apaság</subfield>
    </datafield>
    <datafield tag="650" ind1=" " ind2="4">
      <subfield code="a">idézetgyűjtemény</subfield>
    </datafield>
    <datafield tag="700" ind1="1" ind2=" ">
      <subfield code="a">Illés Róbert</subfield>
      <subfield code="4">(ford.)</subfield>
    </datafield>
    <datafield tag="852" ind1=" " ind2=" ">
      <subfield code="a">SZO1</subfield>
      <subfield code="b">SZO1</subfield>
      <subfield code="x">150523164</subfield>
    </datafield>
  </record>
  <record>
    <leader>00707nam  2200229 i 4500</leader>
    <controlfield tag="001">MOKKAN0004596553  </controlfield>
    <controlfield tag="005">20070503090124.0</controlfield>
    <controlfield tag="008">060405s2006    hu                  hun d</controlfield>
    <datafield tag="020" ind1=" " ind2=" ">
      <subfield code="a">963-9546-70-4</subfield>
    </datafield>
    <datafield tag="035" ind1=" " ind2=" ">
      <subfield code="a">150523165</subfield>
    </datafield>
    <datafield tag="040" ind1=" " ind2=" ">
      <subfield code="a">BDK</subfield>
    </datafield>
    <datafield tag="041" ind1="0" ind2=" ">
      <subfield code="a">hun</subfield>
    </datafield>
    <datafield tag="100" ind1="1" ind2=" ">
      <subfield code="a">Powell, Michael</subfield>
      <subfield code="d">(1966-)</subfield>
    </datafield>
    <datafield tag="240" ind1="1" ind2="0">
      <subfield code="a">1000 reasons you're the perfect mum</subfield>
      <subfield code="l">(magyar)</subfield>
    </datafield>
    <datafield tag="245" ind1="0" ind2="0">
      <subfield code="a">1000 bizonyíték, hogy te vagy a legjobb anya /</subfield>
      <subfield code="c">Michael Powell ; [ford. Ördögh Bálint]</subfield>
    </datafield>
    <datafield tag="260" ind1=" " ind2=" ">
      <subfield code="a">[Budapest] :</subfield>
      <subfield code="b">Ventus Libro,</subfield>
      <subfield code="c">cop. 2006</subfield>
    </datafield>
    <datafield tag="300" ind1=" " ind2=" ">
      <subfield code="a">463 p. :</subfield>
      <subfield code="b">ill. ;</subfield>
      <subfield code="c">12 cm</subfield>
    </datafield>
    <datafield tag="650" ind1=" " ind2="4">
      <subfield code="a">aforizma</subfield>
    </datafield>
    <datafield tag="650" ind1=" " ind2="4">
      <subfield code="a">anyaság</subfield>
    </datafield>
    <datafield tag="650" ind1=" " ind2="4">
      <subfield code="a">idézetgyűjtemény</subfield>
    </datafield>
    <datafield tag="700" ind1="1" ind2=" ">
      <subfield code="a">Ördögh Bálint</subfield>
      <subfield code="4">(ford.)</subfield>
    </datafield>
    <datafield tag="852" ind1=" " ind2=" ">
      <subfield code="a">SZO1</subfield>
      <subfield code="b">SZO1</subfield>
      <subfield code="x">150523165</subfield>
    </datafield>
  </record>
  <record>
    <leader>00569nam  2200193 i 4500</leader>
    <controlfield tag="001">MOKKAS0002479886  </controlfield>
    <controlfield tag="005">20060617232524.0</controlfield>
    <controlfield tag="008">011218s1997     gea                ger d</controlfield>
    <datafield tag="020" ind1=" " ind2=" ">
      <subfield code="a">3 8228 5760 2</subfield>
    </datafield>
    <datafield tag="035" ind1=" " ind2=" ">
      <subfield code="a">bibMIF20248</subfield>
    </datafield>
    <datafield tag="040" ind1=" " ind2=" ">
      <subfield code="a">MOME</subfield>
    </datafield>
    <datafield tag="041" ind1=" " ind2=" ">
      <subfield code="a">gerengfre</subfield>
    </datafield>
    <datafield tag="100" ind1="1" ind2=" ">
      <subfield code="a">Fiell, Charlotte</subfield>
    </datafield>
    <datafield tag="245" ind1="1" ind2="0">
      <subfield code="a">1000 chairs / Charlotte &amp; Peter Fiell</subfield>
    </datafield>
    <datafield tag="260" ind1="0" ind2=" ">
      <subfield code="a">Köln :</subfield>
      <subfield code="b">Taschen,</subfield>
      <subfield code="c">1997</subfield>
    </datafield>
    <datafield tag="300" ind1=" " ind2=" ">
      <subfield code="a">768 p. :</subfield>
      <subfield code="b">ill. ;</subfield>
      <subfield code="c">20 cm</subfield>
    </datafield>
    <datafield tag="504" ind1=" " ind2=" ">
      <subfield code="a">Bibliogr.: p. 744-745.</subfield>
    </datafield>
    <datafield tag="650" ind1=" " ind2="7">
      <subfield code="a">bútor</subfield>
      <subfield code="x">szék</subfield>
      <subfield code="x">bútortervezők</subfield>
      <subfield code="y">19. század</subfield>
      <subfield code="y">20. század</subfield>
      <subfield code="2">szte</subfield>
    </datafield>
    <datafield tag="852" ind1=" " ind2=" ">
      <subfield code="a">B646</subfield>
      <subfield code="b">B646</subfield>
      <subfield code="x">bibMIF20248</subfield>
    </datafield>
  </record>
  <record>
    <leader>00575nam  2200205 i 4500</leader>
    <controlfield tag="001">MOKKAW0005552028  </controlfield>
    <controlfield tag="005">20080415032449.0</controlfield>
    <controlfield tag="008">991125s1997                  000 0 eng d</controlfield>
    <datafield tag="020" ind1=" " ind2=" ">
      <subfield code="a">3-8228-7965-7</subfield>
    </datafield>
    <datafield tag="035" ind1=" " ind2=" ">
      <subfield code="a">BMEOMIKK000140164</subfield>
    </datafield>
    <datafield tag="040" ind1=" " ind2=" ">
      <subfield code="a">BMEOMIKK</subfield>
    </datafield>
    <datafield tag="041" ind1="0" ind2=" ">
      <subfield code="a">enggerfre</subfield>
    </datafield>
    <datafield tag="100" ind1="1" ind2=" ">
      <subfield code="a">Fiell, Charlotte</subfield>
    </datafield>
    <datafield tag="245" ind1="1" ind2="0">
      <subfield code="a">1000 chairs /</subfield>
      <subfield code="c">Charlotte and Peter Fiell</subfield>
    </datafield>
    <datafield tag="260" ind1=" " ind2=" ">
      <subfield code="a">Köln :</subfield>
      <subfield code="b">Taschen,</subfield>
      <subfield code="c">cop. 1997</subfield>
    </datafield>
    <datafield tag="300" ind1=" " ind2=" ">
      <subfield code="a">768 p. ;</subfield>
      <subfield code="c">20 cm</subfield>
    </datafield>
    <datafield tag="700" ind1="1" ind2="0">
      <subfield code="a">Fiell, Peter</subfield>
    </datafield>
    <datafield tag="852" ind1=" " ind2=" ">
      <subfield code="a">B11</subfield>
      <subfield code="b">B11</subfield>
      <subfield code="x">BMEOMIKK000140164</subfield>
    </datafield>
    <datafield tag="852" ind1=" " ind2=" ">
      <subfield code="a">S1</subfield>
      <subfield code="b">S1</subfield>
      <subfield code="x">bibSEF00009749</subfield>
    </datafield>
    <datafield tag="852" ind1=" " ind2=" ">
      <subfield code="a">P1</subfield>
      <subfield code="b">P1/MK</subfield>
      <subfield code="x">bibJPT00179245</subfield>
    </datafield>
  </record>
  <record>
    <leader>00525nam  2200205 i 4500</leader>
    <controlfield tag="001">MOKKAS0003679703  </controlfield>
    <controlfield tag="005">20090919050655.0</controlfield>
    <controlfield tag="008">980525s2000    ge a          00010 ger d</controlfield>
    <datafield tag="020" ind1=" " ind2=" ">
      <subfield code="a">3-8228-5760-2</subfield>
    </datafield>
    <datafield tag="035" ind1=" " ind2=" ">
      <subfield code="a">bibSEF74329</subfield>
    </datafield>
    <datafield tag="040" ind1=" " ind2=" ">
      <subfield code="a">NYME</subfield>
    </datafield>
    <datafield tag="041" ind1=" " ind2=" ">
      <subfield code="h">gerengfra</subfield>
    </datafield>
    <datafield tag="080" ind1=" " ind2=" ">
      <subfield code="a">684.43 :</subfield>
    </datafield>
    <datafield tag="080" ind1=" " ind2=" ">
      <subfield code="a">7.05</subfield>
    </datafield>
    <datafield tag="100" ind1="1" ind2=" ">
      <subfield code="a">Fiell, Charlotte</subfield>
    </datafield>
    <datafield tag="245" ind1="1" ind2="0">
      <subfield code="a">1000 chairs /</subfield>
      <subfield code="c">Charlotte and Peter Fiell</subfield>
    </datafield>
    <datafield tag="260" ind1=" " ind2=" ">
      <subfield code="a">Köln :</subfield>
      <subfield code="b">Taschen,</subfield>
      <subfield code="c">2000</subfield>
    </datafield>
    <datafield tag="300" ind1=" " ind2=" ">
      <subfield code="a">768 p. :</subfield>
      <subfield code="b">ill. ;</subfield>
      <subfield code="c">20 cm</subfield>
    </datafield>
    <datafield tag="700" ind1="1" ind2=" ">
      <subfield code="a">Fiell, Peter</subfield>
    </datafield>
    <datafield tag="852" ind1=" " ind2=" ">
      <subfield code="a">S1</subfield>
      <subfield code="b">S1</subfield>
      <subfield code="x">bibSEF74329</subfield>
    </datafield>
  </record>
  <record>
    <leader>00466nam  2200169 i 4500</leader>
    <controlfield tag="001">MOKKAS0003571986  </controlfield>
    <controlfield tag="005">20060606093924.0</controlfield>
    <controlfield tag="008">050715s2000                        dan d</controlfield>
    <datafield tag="020" ind1=" " ind2=" ">
      <subfield code="a">87 621 0037 8 (kötött)</subfield>
    </datafield>
    <datafield tag="035" ind1=" " ind2=" ">
      <subfield code="a">745787</subfield>
    </datafield>
    <datafield tag="040" ind1=" " ind2=" ">
      <subfield code="a">OIK</subfield>
    </datafield>
    <datafield tag="041" ind1="0" ind2=" ">
      <subfield code="a">dan</subfield>
    </datafield>
    <datafield tag="245" ind1="1" ind2="0">
      <subfield code="a">1000 danske digte /</subfield>
      <subfield code="c">red. af Thomas Bredsorff, Anne-Marie Mai</subfield>
    </datafield>
    <datafield tag="260" ind1=" " ind2=" ">
      <subfield code="a">Kobenhavn :</subfield>
      <subfield code="b">Rosinante,</subfield>
      <subfield code="c">2000</subfield>
    </datafield>
    <datafield tag="300" ind1=" " ind2=" ">
      <subfield code="a">1563 p. ;</subfield>
      <subfield code="c">23 cm</subfield>
    </datafield>
    <datafield tag="650" ind1=" " ind2="4">
      <subfield code="a">Dán költészet</subfield>
    </datafield>
    <datafield tag="852" ind1=" " ind2=" ">
      <subfield code="a">B14</subfield>
      <subfield code="b">B14</subfield>
      <subfield code="x">745787</subfield>
    </datafield>
  </record>
  <record>
    <leader>00636cam  2200217 i 4500</leader>
    <controlfield tag="001">MOKKAS0001989042  </controlfield>
    <controlfield tag="005">20060531215347.0</controlfield>
    <controlfield tag="008">050329s1995    gw                1dger d</controlfield>
    <datafield tag="020" ind1=" " ind2=" ">
      <subfield code="a">fűzött</subfield>
    </datafield>
    <datafield tag="035" ind1=" " ind2=" ">
      <subfield code="a">316948</subfield>
    </datafield>
    <datafield tag="040" ind1=" " ind2=" ">
      <subfield code="a">ELTE</subfield>
    </datafield>
    <datafield tag="041" ind1="0" ind2=" ">
      <subfield code="a">ger</subfield>
    </datafield>
    <datafield tag="245" ind1="0" ind2="0">
      <subfield code="a">1000 Deutsche Gedichte und ihre Interpretationen /</subfield>
      <subfield code="c">Hrsg. von Marcel Reich-Ranicki</subfield>
    </datafield>
    <datafield tag="250" ind1=" " ind2=" ">
      <subfield code="a">2. Aufl.</subfield>
    </datafield>
    <datafield tag="260" ind1=" " ind2=" ">
      <subfield code="a">Frankfurt/M. ;</subfield>
      <subfield code="a">Leipzig :</subfield>
      <subfield code="b">Insel-Verl.,</subfield>
      <subfield code="c">1995</subfield>
    </datafield>
    <datafield tag="300" ind1=" " ind2=" ">
      <subfield code="a">10 db ;</subfield>
      <subfield code="c">20 cm</subfield>
    </datafield>
    <datafield tag="490" ind1="1" ind2=" ">
      <subfield code="a">(Insel-Taschenbuch)</subfield>
    </datafield>
    <datafield tag="650" ind1="0" ind2="4">
      <subfield code="a">Deutsch</subfield>
      <subfield code="x">Lyrik</subfield>
      <subfield code="x">Geschichte</subfield>
    </datafield>
    <datafield tag="700" ind1="1" ind2=" ">
      <subfield code="a">Reich-Ranicki, Marcel</subfield>
      <subfield code="d">(1920-)</subfield>
    </datafield>
    <datafield tag="830" ind1=" " ind2="0">
      <subfield code="a">Insel Taschenbuch</subfield>
    </datafield>
    <datafield tag="852" ind1=" " ind2=" ">
      <subfield code="a">B2</subfield>
      <subfield code="b">B2</subfield>
      <subfield code="x">316948</subfield>
    </datafield>
  </record>
  <record>
    <leader>00558nam  2200181  r4500</leader>
    <controlfield tag="001">MOKKAS0003715695  </controlfield>
    <controlfield tag="005">20060615010023.0</controlfield>
    <controlfield tag="008">001122s1996    ge            00010 ger d</controlfield>
    <datafield tag="020" ind1=" " ind2=" ">
      <subfield code="a">nincs (fűzött)</subfield>
    </datafield>
    <datafield tag="035" ind1=" " ind2=" ">
      <subfield code="a">bibTMK00009589</subfield>
    </datafield>
    <datafield tag="040" ind1=" " ind2=" ">
      <subfield code="a">IGYUK</subfield>
    </datafield>
    <datafield tag="245" ind1="0" ind2="0">
      <subfield code="a">1000 Deutsche Gedichte und ihre Interpretationen /</subfield>
      <subfield code="c">hrsg. von Marcel Reich Ranicki</subfield>
    </datafield>
    <datafield tag="250" ind1=" " ind2=" ">
      <subfield code="a">3. Aufl.</subfield>
    </datafield>
    <datafield tag="260" ind1=" " ind2=" ">
      <subfield code="a">Frankfurt am Main ;</subfield>
      <subfield code="a">Leipzig :</subfield>
      <subfield code="b">Insel,</subfield>
      <subfield code="c">1996</subfield>
    </datafield>
    <datafield tag="300" ind1=" " ind2=" ">
      <subfield code="1">0 db ;</subfield>
      <subfield code="c">20 cm</subfield>
    </datafield>
    <datafield tag="500" ind1=" " ind2=" ">
      <subfield code="a">Mutatókkal</subfield>
    </datafield>
    <datafield tag="700" ind1="2" ind2=" ">
      <subfield code="a">Reich-Ranicki, Marcel</subfield>
      <subfield code="d">(1920-)</subfield>
    </datafield>
    <datafield tag="852" ind1=" " ind2=" ">
      <subfield code="a">SZK1</subfield>
      <subfield code="b">SZK1</subfield>
      <subfield code="x">bibTMK00009589</subfield>
    </datafield>
  </record>
  <record>
    <leader>01796nam  2200457  r4500</leader>
    <controlfield tag="001">MOKKAZ0004732060  </controlfield>
    <controlfield tag="005">20040910095039.0</controlfield>
    <controlfield tag="008">020509s1996                        ger d</controlfield>
    <datafield tag="020" ind1=" " ind2=" ">
      <subfield code="a">(Fűzött)</subfield>
    </datafield>
    <datafield tag="035" ind1=" " ind2=" ">
      <subfield code="a">bibFSZ864519</subfield>
    </datafield>
    <datafield tag="040" ind1=" " ind2=" ">
      <subfield code="a">FSZEK</subfield>
    </datafield>
    <datafield tag="041" ind1=" " ind2=" ">
      <subfield code="a">ger</subfield>
    </datafield>
    <datafield tag="245" ind1="0" ind2="0">
      <subfield code="a">1000 deutsche Gedichte und ihre Interpretationen /</subfield>
      <subfield code="c">hrsg. von Marcel Reich-Ranicki</subfield>
    </datafield>
    <datafield tag="250" ind1=" " ind2=" ">
      <subfield code="a">3. Aufl.</subfield>
    </datafield>
    <datafield tag="260" ind1=" " ind2=" ">
      <subfield code="a">Frankfurt/M. ;</subfield>
      <subfield code="a">Leipzig :</subfield>
      <subfield code="b">Insel,</subfield>
      <subfield code="c">1996-</subfield>
    </datafield>
    <datafield tag="300" ind1=" " ind2=" ">
      <subfield code="a">20 cm</subfield>
    </datafield>
    <datafield tag="490" ind1="1" ind2=" ">
      <subfield code="a">(Insel Taschenbuch)</subfield>
    </datafield>
    <datafield tag="650" ind1=" " ind2="4">
      <subfield code="a">irodalomtörténet</subfield>
    </datafield>
    <datafield tag="650" ind1=" " ind2="4">
      <subfield code="a">német irodalom</subfield>
    </datafield>
    <datafield tag="650" ind1=" " ind2="4">
      <subfield code="a">versantológia</subfield>
    </datafield>
    <datafield tag="650" ind1=" " ind2="7">
      <subfield code="a">Német irodalom</subfield>
      <subfield code="x">költészet</subfield>
      <subfield code="y">12-20. sz.</subfield>
      <subfield code="x">tanulmányok</subfield>
      <subfield code="2">szte</subfield>
    </datafield>
    <datafield tag="650" ind1=" " ind2="7">
      <subfield code="a">Német irodalom</subfield>
      <subfield code="x">költészet</subfield>
      <subfield code="y">12-20. sz.</subfield>
      <subfield code="x">szöveggyűjtemény</subfield>
      <subfield code="2">szte</subfield>
    </datafield>
    <datafield tag="680" ind1=" " ind2="0">
      <subfield code="a">német irodalom, verselemzések</subfield>
      <subfield code="a">verselemzések, német irodalom</subfield>
    </datafield>
    <datafield tag="680" ind1=" " ind2="0">
      <subfield code="a">német irodalom, költemények</subfield>
      <subfield code="a">költemények, német irodalom</subfield>
      <subfield code="a">német költemények</subfield>
      <subfield code="a">német irodalom, versek</subfield>
      <subfield code="a">versek, német irodalom</subfield>
      <subfield code="a">német versek</subfield>
      <subfield code="a">antológia</subfield>
      <subfield code="a">szöveggyűjtemény</subfield>
      <subfield code="a">több szerző műveinek közös gyűjteménye</subfield>
    </datafield>
    <datafield tag="680" ind1=" " ind2="0">
      <subfield code="a">német irodalom</subfield>
      <subfield code="a">életrajz</subfield>
    </datafield>
    <datafield tag="680" ind1=" " ind2="0">
      <subfield code="a">német irodalom, irodalomelmélet, irodalomtudomány</subfield>
    </datafield>
    <datafield tag="695" ind1=" " ind2=" ">
      <subfield code="a">A Goethe Institut ajándéka</subfield>
    </datafield>
    <datafield tag="700" ind1="2" ind2=" ">
      <subfield code="a">Reich-Ranicki, Marcel</subfield>
      <subfield code="d">(1920-)</subfield>
      <subfield code="4">szerk.</subfield>
    </datafield>
    <datafield tag="830" ind1=" " ind2="0">
      <subfield code="a">Insel Taschenbuch</subfield>
    </datafield>
    <datafield tag="852" ind1=" " ind2=" ">
      <subfield code="a">B10</subfield>
      <subfield code="b">0801</subfield>
      <subfield code="x">bibFSZ864519</subfield>
    </datafield>
    <datafield tag="852" ind1=" " ind2=" ">
      <subfield code="a">SZO1</subfield>
      <subfield code="b">SZO1</subfield>
      <subfield code="x">150321173</subfield>
    </datafield>
    <datafield tag="852" ind1=" " ind2=" ">
      <subfield code="a">SZ4</subfield>
      <subfield code="b">SZ4</subfield>
      <subfield code="x">bibSOK00095812</subfield>
    </datafield>
    <datafield tag="852" ind1=" " ind2=" ">
      <subfield code="a">SZ4</subfield>
      <subfield code="b">SZ4</subfield>
      <subfield code="x">bibSOK00095819</subfield>
    </datafield>
    <datafield tag="852" ind1=" " ind2=" ">
      <subfield code="a">SZ4</subfield>
      <subfield code="b">SZ4</subfield>
      <subfield code="x">bibSOK00095820</subfield>
    </datafield>
    <datafield tag="852" ind1=" " ind2=" ">
      <subfield code="a">SZ4</subfield>
      <subfield code="b">SZ4</subfield>
      <subfield code="x">bibSOK00095821</subfield>
    </datafield>
    <datafield tag="852" ind1=" " ind2=" ">
      <subfield code="a">SZ4</subfield>
      <subfield code="b">SZ4</subfield>
      <subfield code="x">bibSOK00095822</subfield>
    </datafield>
    <datafield tag="852" ind1=" " ind2=" ">
      <subfield code="a">SZ4</subfield>
      <subfield code="b">SZ4</subfield>
      <subfield code="x">bibSOK00095823</subfield>
    </datafield>
    <datafield tag="852" ind1=" " ind2=" ">
      <subfield code="a">SZ4</subfield>
      <subfield code="b">SZ4</subfield>
      <subfield code="x">bibSOK00095824</subfield>
    </datafield>
    <datafield tag="852" ind1=" " ind2=" ">
      <subfield code="a">SZ4</subfield>
      <subfield code="b">SZ4</subfield>
      <subfield code="x">bibSOK00095825</subfield>
    </datafield>
    <datafield tag="852" ind1=" " ind2=" ">
      <subfield code="a">SZ4</subfield>
      <subfield code="b">SZ4</subfield>
      <subfield code="x">bibSOK00095826</subfield>
    </datafield>
    <datafield tag="852" ind1=" " ind2=" ">
      <subfield code="a">SZ4</subfield>
      <subfield code="b">SZ4</subfield>
      <subfield code="x">bibSOK00095818</subfield>
    </datafield>
  </record>
  <record>
    <leader>00795aam  2200229 i 4500</leader>
    <controlfield tag="001">MOKKAS0003790458  </controlfield>
    <controlfield tag="005">20090717092643.0</controlfield>
    <controlfield tag="008">910122 1981    gw            0001  ger  </controlfield>
    <datafield tag="020" ind1=" " ind2=" ">
      <subfield code="a">3 468 43112 0</subfield>
    </datafield>
    <datafield tag="035" ind1=" " ind2=" ">
      <subfield code="a">bibJAT00195435</subfield>
    </datafield>
    <datafield tag="040" ind1=" " ind2=" ">
      <subfield code="a">SZTE</subfield>
    </datafield>
    <datafield tag="100" ind1="1" ind2=" ">
      <subfield code="a">Griesbach, Heinz</subfield>
    </datafield>
    <datafield tag="245" ind1="1" ind2="0">
      <subfield code="a">1000 deutsche Redensarten :</subfield>
      <subfield code="b">mit Erklärungen und Anwendungsbeispielen /</subfield>
      <subfield code="c">Heinz Griesbach, Dora Schulz ; [ill. Theo Scherling]</subfield>
    </datafield>
    <datafield tag="250" ind1=" " ind2=" ">
      <subfield code="a">Neubearb.</subfield>
    </datafield>
    <datafield tag="260" ind1=" " ind2=" ">
      <subfield code="a">Berlin etc. :</subfield>
      <subfield code="b">Langenscheidt,</subfield>
      <subfield code="c">1981</subfield>
    </datafield>
    <datafield tag="300" ind1=" " ind2=" ">
      <subfield code="a">248 p. :</subfield>
      <subfield code="b">ill. ;</subfield>
      <subfield code="c">19 cm</subfield>
    </datafield>
    <datafield tag="650" ind1=" " ind2="7">
      <subfield code="a">Német nyelv</subfield>
      <subfield code="x">szólások</subfield>
      <subfield code="x">lexikon</subfield>
      <subfield code="2">szte</subfield>
    </datafield>
    <datafield tag="650" ind1=" " ind2="7">
      <subfield code="a">Szólások</subfield>
      <subfield code="x">német</subfield>
      <subfield code="x">lexikon</subfield>
      <subfield code="2">szte</subfield>
    </datafield>
    <datafield tag="650" ind1=" " ind2="7">
      <subfield code="a">Nyelvsajátosságok</subfield>
      <subfield code="x">német</subfield>
      <subfield code="x">lexikon</subfield>
      <subfield code="2">szte</subfield>
    </datafield>
    <datafield tag="700" ind1="1" ind2=" ">
      <subfield code="a">Schulz, Dora</subfield>
    </datafield>
    <datafield tag="700" ind1="1" ind2=" ">
      <subfield code="a">Scherling, Theo</subfield>
      <subfield code="c">(nyelvész)</subfield>
    </datafield>
    <datafield tag="852" ind1=" " ind2=" ">
      <subfield code="a">SZ1</subfield>
      <subfield code="b">SZ1</subfield>
      <subfield code="x">bibJAT00195435</subfield>
    </datafield>
  </record>
  <record>
    <leader>00715cam  2200217   4500</leader>
    <controlfield tag="001">MOKKAZ0004797312  </controlfield>
    <controlfield tag="005">20040910103424.0</controlfield>
    <controlfield tag="008">      s19]9                        ger  </controlfield>
    <datafield tag="020" ind1=" " ind2=" ">
      <subfield code="a">3 468 43112 0 :</subfield>
    </datafield>
    <datafield tag="035" ind1=" " ind2=" ">
      <subfield code="a">bibJPT0041840</subfield>
    </datafield>
    <datafield tag="040" ind1=" " ind2=" ">
      <subfield code="a">PTE</subfield>
    </datafield>
    <datafield tag="100" ind1="1" ind2=" ">
      <subfield code="a">Griesbach, Heinz</subfield>
      <subfield code="d">(1950-)</subfield>
    </datafield>
    <datafield tag="245" ind1="1" ind2="0">
      <subfield code="a">1000 deutsche Redensarten :</subfield>
      <subfield code="b">Mit Erklärungen und Anwendungsbeispielen /</subfield>
      <subfield code="c">von Heinz Griesbach, Dora Schulz</subfield>
    </datafield>
    <datafield tag="250" ind1=" " ind2=" ">
      <subfield code="a">7., neubearb. Aufl.</subfield>
    </datafield>
    <datafield tag="260" ind1=" " ind2=" ">
      <subfield code="a">Berlin [etc.] :</subfield>
      <subfield code="b">Langenscheidt,</subfield>
      <subfield code="c">[19]91</subfield>
    </datafield>
    <datafield tag="300" ind1=" " ind2=" ">
      <subfield code="a">248 p. :</subfield>
      <subfield code="b">ill. ;</subfield>
      <subfield code="c">19 cm</subfield>
    </datafield>
    <datafield tag="650" ind1=" " ind2="4">
      <subfield code="a">Német nyelv</subfield>
      <subfield code="x">Nyelvkönyvek</subfield>
    </datafield>
    <datafield tag="695" ind1=" " ind2=" ">
      <subfield code="a">Német nyelv, kifejezések</subfield>
    </datafield>
    <datafield tag="700" ind1="1" ind2=" ">
      <subfield code="a">Schulz, Dora</subfield>
    </datafield>
    <datafield tag="852" ind1=" " ind2=" ">
      <subfield code="a">P1</subfield>
      <subfield code="B">P1/O</subfield>
      <subfield code="b">P1/DB</subfield>
      <subfield code="x">bibJPT0041840</subfield>
    </datafield>
    <datafield tag="852" ind1=" " ind2=" ">
      <subfield code="a">H1</subfield>
      <subfield code="b">H1</subfield>
      <subfield code="x">NLVK92233</subfield>
    </datafield>
  </record>
  <record>
    <leader>00770nam  2200205 i 4500</leader>
    <controlfield tag="001">MOKKAZ0003456847  </controlfield>
    <controlfield tag="005">20090717092643.0</controlfield>
    <controlfield tag="008">980121s1993    gw a          00010 ger d</controlfield>
    <datafield tag="020" ind1=" " ind2=" ">
      <subfield code="a">3 468 43112 0</subfield>
    </datafield>
    <datafield tag="035" ind1=" " ind2=" ">
      <subfield code="a">bibKLT00163179</subfield>
    </datafield>
    <datafield tag="040" ind1=" " ind2=" ">
      <subfield code="a">DEENK</subfield>
    </datafield>
    <datafield tag="100" ind1="1" ind2=" ">
      <subfield code="a">Griesbach, Heinz</subfield>
      <subfield code="d">(1950-)</subfield>
      <subfield code="c">(nyelvész, módszertan)</subfield>
    </datafield>
    <datafield tag="245" ind1="1" ind2="0">
      <subfield code="a">1000 deutsche Redensarten :</subfield>
      <subfield code="b">Mit Erklärungen und Anwendungsbeispielen /</subfield>
      <subfield code="c">Heinz Griesbach und Dora Schulz ; [Illustrationen von Theo Scherling]</subfield>
    </datafield>
    <datafield tag="260" ind1=" " ind2=" ">
      <subfield code="a">Berlin [etc.] :</subfield>
      <subfield code="b">Langenscheidt,</subfield>
      <subfield code="c">1993</subfield>
    </datafield>
    <datafield tag="300" ind1=" " ind2=" ">
      <subfield code="a">248 p. :</subfield>
      <subfield code="b">ill. ;</subfield>
      <subfield code="c">19 cm</subfield>
    </datafield>
    <datafield tag="650" ind1=" " ind2="4">
      <subfield code="a">Német nyelv</subfield>
      <subfield code="x">kifejezések és szólások</subfield>
    </datafield>
    <datafield tag="650" ind1=" " ind2="0">
      <subfield code="a">German language</subfield>
      <subfield code="x">Terms and phrases.</subfield>
    </datafield>
    <datafield tag="700" ind1="1" ind2=" ">
      <subfield code="a">Schulz, Dora</subfield>
    </datafield>
    <datafield tag="700" ind1="1" ind2=" ">
      <subfield code="a">Scherling, Theo</subfield>
      <subfield code="c">(nyelvész)</subfield>
    </datafield>
    <datafield tag="852" ind1=" " ind2=" ">
      <subfield code="a">D1</subfield>
      <subfield code="b">D1/92</subfield>
      <subfield code="x">bibKLT00163179</subfield>
    </datafield>
  </record>
  <record>
    <leader>00797nam  2200217 i 4500</leader>
    <controlfield tag="001">MOKKAZ0003685533  </controlfield>
    <controlfield tag="005">20090717092644.0</controlfield>
    <controlfield tag="008">980121s2000    gw a          00010 ger d</controlfield>
    <datafield tag="020" ind1=" " ind2=" ">
      <subfield code="a">3 468 43113 9</subfield>
    </datafield>
    <datafield tag="035" ind1=" " ind2=" ">
      <subfield code="a">bibKLT00299468</subfield>
    </datafield>
    <datafield tag="040" ind1=" " ind2=" ">
      <subfield code="a">DEENK</subfield>
    </datafield>
    <datafield tag="100" ind1="1" ind2=" ">
      <subfield code="a">Griesbach, Heinz</subfield>
      <subfield code="d">(1950-)</subfield>
      <subfield code="c">(nyelvész, módszertan)</subfield>
    </datafield>
    <datafield tag="245" ind1="1" ind2="0">
      <subfield code="a">1000 deutsche Redensarten :</subfield>
      <subfield code="b">Mit Erklärungen und Anwendungsbeispielen /</subfield>
      <subfield code="c">Heinz Griesbach und Dora Schulz ; [Illustrationen Theo Scherling]</subfield>
    </datafield>
    <datafield tag="250" ind1=" " ind2=" ">
      <subfield code="a">Neubearbeitung</subfield>
    </datafield>
    <datafield tag="260" ind1=" " ind2=" ">
      <subfield code="a">Berlin [etc.] :</subfield>
      <subfield code="b">Langenscheidt,</subfield>
      <subfield code="c">2000</subfield>
    </datafield>
    <datafield tag="300" ind1=" " ind2=" ">
      <subfield code="a">248 p. :</subfield>
      <subfield code="b">ill. ;</subfield>
      <subfield code="c">19 cm</subfield>
    </datafield>
    <datafield tag="650" ind1=" " ind2="4">
      <subfield code="a">Német nyelv</subfield>
      <subfield code="x">kifejezések és szólások</subfield>
    </datafield>
    <datafield tag="650" ind1=" " ind2="0">
      <subfield code="a">German language</subfield>
      <subfield code="x">Terms and phrases.</subfield>
    </datafield>
    <datafield tag="700" ind1="1" ind2=" ">
      <subfield code="a">Schulz, Dora</subfield>
    </datafield>
    <datafield tag="700" ind1="1" ind2=" ">
      <subfield code="a">Scherling, Theo</subfield>
      <subfield code="c">(nyelvész)</subfield>
    </datafield>
    <datafield tag="852" ind1=" " ind2=" ">
      <subfield code="a">D1</subfield>
      <subfield code="b">D1/92</subfield>
      <subfield code="x">bibKLT00299468</subfield>
    </datafield>
  </record>
  <record>
    <leader>00606nam  2200193 i 4500</leader>
    <controlfield tag="001">MOKKAS0003575431  </controlfield>
    <controlfield tag="005">20060606100911.0</controlfield>
    <controlfield tag="008">050715s2001                        ger d</controlfield>
    <datafield tag="020" ind1=" " ind2=" ">
      <subfield code="a">3 468 43113 9 (fűzött)</subfield>
    </datafield>
    <datafield tag="035" ind1=" " ind2=" ">
      <subfield code="a">757669</subfield>
    </datafield>
    <datafield tag="040" ind1=" " ind2=" ">
      <subfield code="a">OIK</subfield>
    </datafield>
    <datafield tag="041" ind1="0" ind2=" ">
      <subfield code="a">ger</subfield>
    </datafield>
    <datafield tag="100" ind1="1" ind2=" ">
      <subfield code="a">Griesbach, Heinz</subfield>
    </datafield>
    <datafield tag="245" ind1="1" ind2="0">
      <subfield code="a">1000 deutsche Redensarten : </subfield>
      <subfield code="b">Mit Erklärungen und Anwendungsbeispielen /</subfield>
      <subfield code="c">von ... Heinz Griesbach und ... Dora Schulz</subfield>
    </datafield>
    <datafield tag="260" ind1=" " ind2=" ">
      <subfield code="a">Berlin [etc.] :</subfield>
      <subfield code="b">Langenscheidt GK,</subfield>
      <subfield code="c">2001</subfield>
    </datafield>
    <datafield tag="300" ind1=" " ind2=" ">
      <subfield code="a">248 p. :</subfield>
      <subfield code="b">ill. ;</subfield>
      <subfield code="c">20 cm</subfield>
    </datafield>
    <datafield tag="650" ind1=" " ind2="4">
      <subfield code="a">Német kifejezések</subfield>
    </datafield>
    <datafield tag="700" ind1="1" ind2=" ">
      <subfield code="a">Schulz, Dora</subfield>
    </datafield>
    <datafield tag="852" ind1=" " ind2=" ">
      <subfield code="a">B14</subfield>
      <subfield code="b">B14</subfield>
      <subfield code="x">757669</subfield>
    </datafield>
  </record>
  <record>
    <leader>01022aam  2200277 i 4500</leader>
    <controlfield tag="001">MOKKAZ0003889055  </controlfield>
    <controlfield tag="005">20100106114618.0</controlfield>
    <controlfield tag="008">800704|1978    fr            00010 fre  </controlfield>
    <datafield tag="020" ind1=" " ind2=" ">
      <subfield code="a">2 8011 0191 5</subfield>
    </datafield>
    <datafield tag="035" ind1=" " ind2=" ">
      <subfield code="a">bibJAT00116825</subfield>
    </datafield>
    <datafield tag="040" ind1=" " ind2=" ">
      <subfield code="a">SZTE</subfield>
    </datafield>
    <datafield tag="080" ind1=" " ind2=" ">
      <subfield code="a">804.0-06</subfield>
    </datafield>
    <datafield tag="100" ind1="1" ind2=" ">
      <subfield code="a">Godiveau, Roland</subfield>
    </datafield>
    <datafield tag="245" ind1="1" ind2="0">
      <subfield code="a">1000 difficultés courantes du français parlé :</subfield>
      <subfield code="b">en syntaxe, vocabulaire et prononciation /</subfield>
      <subfield code="c">Roland Godiveau</subfield>
    </datafield>
    <datafield tag="260" ind1=" " ind2=" ">
      <subfield code="a">Paris :</subfield>
      <subfield code="b">Duculot,</subfield>
      <subfield code="c">[1978]</subfield>
    </datafield>
    <datafield tag="300" ind1=" " ind2=" ">
      <subfield code="a">127 p. ;</subfield>
      <subfield code="c">20 cm</subfield>
    </datafield>
    <datafield tag="490" ind1="1" ind2=" ">
      <subfield code="a">(Votre boite a outils de la langue française)</subfield>
    </datafield>
    <datafield tag="650" ind1=" " ind2="7">
      <subfield code="a">Francia nyelvhelyesség</subfield>
      <subfield code="x">szótár</subfield>
    </datafield>
    <datafield tag="650" ind1=" " ind2="7">
      <subfield code="a">Francia nyelv</subfield>
      <subfield code="x">magyarázó szótár</subfield>
    </datafield>
    <datafield tag="650" ind1=" " ind2="7">
      <subfield code="a">Francia nyelvhelyesség</subfield>
      <subfield code="x">szótár</subfield>
      <subfield code="2">szte</subfield>
    </datafield>
    <datafield tag="650" ind1=" " ind2="7">
      <subfield code="a">Francia nyelv</subfield>
      <subfield code="x">magyarázó szótár</subfield>
      <subfield code="2">szte</subfield>
    </datafield>
    <datafield tag="650" ind1=" " ind2="7">
      <subfield code="a">Nyelvhelyesség</subfield>
      <subfield code="x">francia</subfield>
      <subfield code="x">szótár</subfield>
      <subfield code="2">szte</subfield>
    </datafield>
    <datafield tag="650" ind1=" " ind2="7">
      <subfield code="a">Francia nyelvhelyesség</subfield>
      <subfield code="2">szte</subfield>
    </datafield>
    <datafield tag="650" ind1=" " ind2="7">
      <subfield code="a">Nyelvhelyesség</subfield>
      <subfield code="x">francia</subfield>
      <subfield code="2">szte</subfield>
    </datafield>
    <datafield tag="830" ind1=" " ind2="0">
      <subfield code="a">Votre boite a outils de la langue française</subfield>
    </datafield>
    <datafield tag="852" ind1=" " ind2=" ">
      <subfield code="a">SZ1</subfield>
      <subfield code="b">SZ1/B3</subfield>
      <subfield code="b">SZ1/17</subfield>
      <subfield code="x">bibJAT00116825</subfield>
    </datafield>
  </record>
  <record>
    <leader>00640nam  2200229 i 4500</leader>
    <controlfield tag="001">MOKKAS0003534924  </controlfield>
    <controlfield tag="005">20060606043420.0</controlfield>
    <controlfield tag="008">050714s1998                        fre d</controlfield>
    <datafield tag="020" ind1=" " ind2=" ">
      <subfield code="a">2 8011 1122 8</subfield>
    </datafield>
    <datafield tag="035" ind1=" " ind2=" ">
      <subfield code="a">641605</subfield>
    </datafield>
    <datafield tag="040" ind1=" " ind2=" ">
      <subfield code="a">OIK</subfield>
    </datafield>
    <datafield tag="041" ind1="0" ind2=" ">
      <subfield code="a">fre</subfield>
    </datafield>
    <datafield tag="100" ind1="1" ind2=" ">
      <subfield code="a">Godiveau, Roland</subfield>
    </datafield>
    <datafield tag="245" ind1="1" ind2="0">
      <subfield code="a">1000 difficultés courantes du français parlé /</subfield>
      <subfield code="c">Roland Godiveau ; préf. de Maurice Rheims</subfield>
    </datafield>
    <datafield tag="250" ind1=" " ind2=" ">
      <subfield code="a">3. éd.</subfield>
    </datafield>
    <datafield tag="260" ind1=" " ind2=" ">
      <subfield code="a">Paris :</subfield>
      <subfield code="b">Duculot,</subfield>
      <subfield code="c">1998</subfield>
    </datafield>
    <datafield tag="300" ind1=" " ind2=" ">
      <subfield code="a">115 p. ;</subfield>
      <subfield code="c">23 cm</subfield>
    </datafield>
    <datafield tag="490" ind1="1" ind2=" ">
      <subfield code="a">Entre guillemets</subfield>
    </datafield>
    <datafield tag="650" ind1=" " ind2="4">
      <subfield code="a">Francia helyesírás</subfield>
    </datafield>
    <datafield tag="650" ind1=" " ind2="4">
      <subfield code="a">Francia kiejtés</subfield>
    </datafield>
    <datafield tag="830" ind1=" " ind2="0">
      <subfield code="a">Entre guillemets</subfield>
    </datafield>
    <datafield tag="852" ind1=" " ind2=" ">
      <subfield code="a">B14</subfield>
      <subfield code="b">B14</subfield>
      <subfield code="x">641605</subfield>
    </datafield>
  </record>
  <record>
    <leader>00539nam  2200169 i 4500</leader>
    <controlfield tag="001">MOKKAS0001146025  </controlfield>
    <controlfield tag="005">20051216200926.0</controlfield>
    <controlfield tag="008">050903s1960    hu            00010 cze d</controlfield>
    <datafield tag="035" ind1=" " ind2=" ">
      <subfield code="a">bibBKO00184445</subfield>
    </datafield>
    <datafield tag="040" ind1=" " ind2=" ">
      <subfield code="a">BMK</subfield>
    </datafield>
    <datafield tag="100" ind1="1" ind2=" ">
      <subfield code="a">Srot, Radoslav</subfield>
    </datafield>
    <datafield tag="245" ind1="1" ind2="0">
      <subfield code="a">1000 dobrych rad mladym ovocnárum, kvetinárum, zelinárum, pestitelum, pokusnikum /</subfield>
      <subfield code="c">Radoslav Srot</subfield>
    </datafield>
    <datafield tag="250" ind1=" " ind2=" ">
      <subfield code="a">2. vyd.</subfield>
    </datafield>
    <datafield tag="260" ind1=" " ind2=" ">
      <subfield code="a">Praha :</subfield>
      <subfield code="b">Státni Zemedelské Nakl.,</subfield>
      <subfield code="c">1960</subfield>
    </datafield>
    <datafield tag="300" ind1=" " ind2=" ">
      <subfield code="a">413 p. :</subfield>
      <subfield code="b">ill. ;</subfield>
      <subfield code="c">24 cm</subfield>
    </datafield>
    <datafield tag="650" ind1=" " ind2="4">
      <subfield code="a">növénytermesztés</subfield>
    </datafield>
    <datafield tag="852" ind1=" " ind2=" ">
      <subfield code="a">BCS1</subfield>
      <subfield code="b">BCS1</subfield>
      <subfield code="x">bibBKO00184445</subfield>
    </datafield>
  </record>
  <record>
    <leader>00653cam  22001937  4500</leader>
    <controlfield tag="001">MOKKAN0003973744  </controlfield>
    <controlfield tag="005">20061106031410.0</controlfield>
    <controlfield tag="008">990824s1998    hu            00010 mul d</controlfield>
    <datafield tag="020" ind1=" " ind2=" ">
      <subfield code="a">963 9092 42 8</subfield>
    </datafield>
    <datafield tag="035" ind1=" " ind2=" ">
      <subfield code="a">93371</subfield>
    </datafield>
    <datafield tag="040" ind1=" " ind2=" ">
      <subfield code="a">MEKLM</subfield>
    </datafield>
    <datafield tag="041" ind1="0" ind2=" ">
      <subfield code="a">itahun</subfield>
    </datafield>
    <datafield tag="100" ind1="1" ind2=" ">
      <subfield code="a">Ablonczyné Mihályka Lívia</subfield>
    </datafield>
    <datafield tag="245" ind1="1" ind2="0">
      <subfield code="a">1000 domande, 1000 risposte :</subfield>
      <subfield code="b">Olasz társalgási gyakorlatok az "A" típusú nyelvvizsgákra, az érettségire és a felvételire /</subfield>
      <subfield code="c">Ablonczyné Mihályka Lívia, Scholtz Kinga</subfield>
    </datafield>
    <datafield tag="260" ind1=" " ind2=" ">
      <subfield code="a">Székesfehérvár,</subfield>
      <subfield code="b">Lexika,</subfield>
      <subfield code="c">[1998]</subfield>
    </datafield>
    <datafield tag="300" ind1=" " ind2=" ">
      <subfield code="a">255 p. ;</subfield>
      <subfield code="c">20 cm</subfield>
    </datafield>
    <datafield tag="650" ind1="0" ind2="4">
      <subfield code="a">olasz nyelvkönyv</subfield>
    </datafield>
    <datafield tag="700" ind1="1" ind2=" ">
      <subfield code="a">Scholtz Kinga</subfield>
    </datafield>
    <datafield tag="852" ind1=" " ind2=" ">
      <subfield code="a">M1</subfield>
      <subfield code="b">M1</subfield>
      <subfield code="x">93371</subfield>
    </datafield>
  </record>
  <record>
    <leader>00954nam  2200289 i 4500</leader>
    <controlfield tag="001">MOKKAS0003377767  </controlfield>
    <controlfield tag="005">20090708204222.0</controlfield>
    <controlfield tag="008">050101s2003                            d</controlfield>
    <datafield tag="020" ind1=" " ind2=" ">
      <subfield code="a">963-9092-42-8 (fűzött)</subfield>
    </datafield>
    <datafield tag="035" ind1=" " ind2=" ">
      <subfield code="a">658204</subfield>
    </datafield>
    <datafield tag="040" ind1=" " ind2=" ">
      <subfield code="a">KKMK</subfield>
    </datafield>
    <datafield tag="080" ind1=" " ind2=" ">
      <subfield code="a">805.0(079.1)=945.11</subfield>
    </datafield>
    <datafield tag="080" ind1=" " ind2=" ">
      <subfield code="a">372.880.50(075.3)(076</subfield>
    </datafield>
    <datafield tag="100" ind1="2" ind2=" ">
      <subfield code="a">Ablonczyné Mihályka Lívia</subfield>
    </datafield>
    <datafield tag="245" ind1="1" ind2="0">
      <subfield code="a">1000 Domande 1000 Risposte : </subfield>
      <subfield code="b">olasz társalgási gyakorlatok az "A" típusú nyelvvizsgákra, az érettségire és a felvételire /</subfield>
      <subfield code="c">Ablonczyné Mihályka Lívia ; Scholtz Kinga</subfield>
    </datafield>
    <datafield tag="260" ind1=" " ind2=" ">
      <subfield code="a">Székesfehérvár :</subfield>
      <subfield code="b">Lexika Kiadó Kft.,</subfield>
      <subfield code="c">[2003]</subfield>
    </datafield>
    <datafield tag="300" ind1=" " ind2=" ">
      <subfield code="a">255 p. ;</subfield>
      <subfield code="c">20 cm</subfield>
    </datafield>
    <datafield tag="650" ind1=" " ind2="4">
      <subfield code="a">olasz nyelvkönyv</subfield>
    </datafield>
    <datafield tag="650" ind1=" " ind2="4">
      <subfield code="a">helyi szakíró</subfield>
    </datafield>
    <datafield tag="650" ind1=" " ind2="4">
      <subfield code="a">nyelvvizsga</subfield>
    </datafield>
    <datafield tag="650" ind1=" " ind2="4">
      <subfield code="a">olasz nyelv</subfield>
    </datafield>
    <datafield tag="650" ind1=" " ind2="4">
      <subfield code="a">nyelvkönyv</subfield>
    </datafield>
    <datafield tag="653" ind1=" " ind2=" ">
      <subfield code="a">helyi szakíró</subfield>
    </datafield>
    <datafield tag="700" ind1="1" ind2="0">
      <subfield code="a">Scholtz Kinga</subfield>
    </datafield>
    <datafield tag="852" ind1=" " ind2=" ">
      <subfield code="a">GY1</subfield>
      <subfield code="b">GY1</subfield>
      <subfield code="x">658204</subfield>
    </datafield>
    <datafield tag="852" ind1=" " ind2=" ">
      <subfield code="a">GY1</subfield>
      <subfield code="b">GY1</subfield>
      <subfield code="x">KKMK658204</subfield>
    </datafield>
    <datafield tag="852" ind1=" " ind2=" ">
      <subfield code="a">Gy1</subfield>
      <subfield code="b">GY1</subfield>
      <subfield code="x">KKMK658204</subfield>
    </datafield>
  </record>
  <record>
    <leader>00774nam  2200205 i 4500</leader>
    <controlfield tag="001">MOKKAS0001506334  </controlfield>
    <controlfield tag="005">20060113204617.0</controlfield>
    <controlfield tag="008">050903s1995    hu            00010 hun d</controlfield>
    <datafield tag="020" ind1=" " ind2=" ">
      <subfield code="a">963-7693-65-3 (fűzött) :</subfield>
      <subfield code="c">588,-Ft</subfield>
    </datafield>
    <datafield tag="035" ind1=" " ind2=" ">
      <subfield code="a">bibVFK00192190</subfield>
    </datafield>
    <datafield tag="040" ind1=" " ind2=" ">
      <subfield code="a">VFMK</subfield>
    </datafield>
    <datafield tag="100" ind1="2" ind2=" ">
      <subfield code="a">Ablonczyné Mihályka Lívia</subfield>
    </datafield>
    <datafield tag="245" ind1="1" ind2="0">
      <subfield code="a">1000 Domande - 1000 Risposte :</subfield>
      <subfield code="b">Olasz társalgási gyakorlatok "A" típusú nyelvvizsgákra, az érettségire és a felvételire /</subfield>
      <subfield code="c">Ablonczyné Mihályka Lívia, Scholtz Kinga ; [szerk. Szalai Elek]</subfield>
    </datafield>
    <datafield tag="260" ind1=" " ind2=" ">
      <subfield code="a">Székesfehérvár :</subfield>
      <subfield code="b">Lexika Tankönyvkiadó,</subfield>
      <subfield code="c">[1995]</subfield>
    </datafield>
    <datafield tag="300" ind1=" " ind2=" ">
      <subfield code="a">255 p. ;</subfield>
      <subfield code="c">20 cm</subfield>
    </datafield>
    <datafield tag="650" ind1=" " ind2="4">
      <subfield code="a">Olasz nyelv</subfield>
    </datafield>
    <datafield tag="650" ind1=" " ind2="4">
      <subfield code="a">Nyelvvizsga</subfield>
    </datafield>
    <datafield tag="700" ind1="1" ind2=" ">
      <subfield code="a">Scholtz Kinga</subfield>
    </datafield>
    <datafield tag="700" ind1="1" ind2=" ">
      <subfield code="a">Szalai Elek</subfield>
      <subfield code="c">Dr.</subfield>
      <subfield code="4">szerk.</subfield>
    </datafield>
    <datafield tag="852" ind1=" " ind2=" ">
      <subfield code="a">SZL1</subfield>
      <subfield code="b">SZL1</subfield>
      <subfield code="x">bibVFK00192190</subfield>
    </datafield>
  </record>
  <record>
    <leader>02376fam  2200697 i 4500</leader>
    <controlfield tag="001">MOKKAZ0006335721  </controlfield>
    <controlfield tag="005">20101105073056.0</controlfield>
    <controlfield tag="008">960219s1996    hu            000 0 ita d</controlfield>
    <datafield tag="020" ind1=" " ind2=" ">
      <subfield code="a">963-7693-65-3 (fűzött) :</subfield>
      <subfield code="c">495,- Ft</subfield>
    </datafield>
    <datafield tag="035" ind1=" " ind2=" ">
      <subfield code="a">170446</subfield>
    </datafield>
    <datafield tag="040" ind1=" " ind2=" ">
      <subfield code="a">OSZK</subfield>
    </datafield>
    <datafield tag="041" ind1="0" ind2=" ">
      <subfield code="a">hunhun</subfield>
    </datafield>
    <datafield tag="080" ind1=" " ind2=" ">
      <subfield code="a">805.0-085.5(076)</subfield>
    </datafield>
    <datafield tag="100" ind1="2" ind2=" ">
      <subfield code="a">Ablonczyné Mihályka Lívia</subfield>
    </datafield>
    <datafield tag="245" ind1="1" ind2="0">
      <subfield code="a">1000 domande - 1000 risposte : </subfield>
      <subfield code="b">olasz társalgási gyakorlatok az "A" típusú nyelvvizsgákra, az érettségire és a felvételire /</subfield>
      <subfield code="c">Ablonczyné Mihályka Lívia, Scholtz Kinga</subfield>
    </datafield>
    <datafield tag="260" ind1=" " ind2=" ">
      <subfield code="a">Székesfehérvár :</subfield>
      <subfield code="b">Lexika,</subfield>
      <subfield code="c">[1996]</subfield>
      <subfield code="e">([Dabas]</subfield>
      <subfield code="f">Reálszisztéma Dabasi Ny.)</subfield>
    </datafield>
    <datafield tag="300" ind1=" " ind2=" ">
      <subfield code="a">255 p. ;</subfield>
      <subfield code="c">20 cm</subfield>
    </datafield>
    <datafield tag="650" ind1=" " ind2="4">
      <subfield code="a">Olasz nyelv</subfield>
      <subfield code="x">tankönyvek idegen ajkúaknak</subfield>
      <subfield code="x">magyar</subfield>
    </datafield>
    <datafield tag="650" ind1=" " ind2="4">
      <subfield code="a">Olasz nyelv</subfield>
      <subfield code="x">feladatok, gyakorlatok stb.</subfield>
    </datafield>
    <datafield tag="650" ind1=" " ind2="0">
      <subfield code="a">Italian language</subfield>
      <subfield code="x">Textbooks for foreign speakers</subfield>
      <subfield code="x">Hungarian.</subfield>
    </datafield>
    <datafield tag="650" ind1=" " ind2="0">
      <subfield code="a">Italian language</subfield>
      <subfield code="x">Problems, exercises, etc.</subfield>
    </datafield>
    <datafield tag="650" ind1=" " ind2="7">
      <subfield code="a">Olasz nyelvkönyv</subfield>
      <subfield code="x">társalgási gyakorlatok</subfield>
      <subfield code="2">szte</subfield>
    </datafield>
    <datafield tag="650" ind1=" " ind2="4">
      <subfield code="a">érettségi vizsga</subfield>
    </datafield>
    <datafield tag="650" ind1=" " ind2="4">
      <subfield code="a">felvételi feladatgyjtemény</subfield>
    </datafield>
    <datafield tag="650" ind1=" " ind2="4">
      <subfield code="a">nyelvkönyv</subfield>
    </datafield>
    <datafield tag="650" ind1=" " ind2="4">
      <subfield code="a">nyelvvizsga</subfield>
    </datafield>
    <datafield tag="650" ind1=" " ind2="4">
      <subfield code="a">olasz</subfield>
    </datafield>
    <datafield tag="650" ind1=" " ind2="4">
      <subfield code="a">olasz nyelv</subfield>
    </datafield>
    <datafield tag="650" ind1=" " ind2="4">
      <subfield code="a">Olasz nyelvkönyvek</subfield>
    </datafield>
    <datafield tag="650" ind1=" " ind2="4">
      <subfield code="a">Olasz kifejezések</subfield>
    </datafield>
    <datafield tag="650" ind1=" " ind2="4">
      <subfield code="a">Nyelvek</subfield>
    </datafield>
    <datafield tag="650" ind1=" " ind2="4">
      <subfield code="a">Feladatgyűjtemény</subfield>
    </datafield>
    <datafield tag="650" ind1=" " ind2="4">
      <subfield code="a">gyakorlatok</subfield>
    </datafield>
    <datafield tag="650" ind1=" " ind2="7">
      <subfield code="a">Nyelvvizsga</subfield>
      <subfield code="x">olasz</subfield>
      <subfield code="x">társalgási gyakorlatok</subfield>
      <subfield code="2">szte</subfield>
    </datafield>
    <datafield tag="650" ind1=" " ind2="4">
      <subfield code="a">olasz nyelv - nyelvkönyvek</subfield>
    </datafield>
    <datafield tag="650" ind1=" " ind2="4">
      <subfield code="a">nyelvvizsga - olasz nyelv</subfield>
    </datafield>
    <datafield tag="650" ind1=" " ind2="4">
      <subfield code="a">felvételi feladatok - olasz nyelv</subfield>
    </datafield>
    <datafield tag="650" ind1=" " ind2="4">
      <subfield code="a">olasz nyelv - társalgás</subfield>
    </datafield>
    <datafield tag="653" ind1=" " ind2=" ">
      <subfield code="a">kommunikáció</subfield>
    </datafield>
    <datafield tag="653" ind1=" " ind2=" ">
      <subfield code="a">nyelvvizsga</subfield>
    </datafield>
    <datafield tag="653" ind1=" " ind2=" ">
      <subfield code="a">olasz nyelv</subfield>
    </datafield>
    <datafield tag="653" ind1=" " ind2=" ">
      <subfield code="a">érettségi</subfield>
    </datafield>
    <datafield tag="695" ind1=" " ind2=" ">
      <subfield code="a">ODR</subfield>
    </datafield>
    <datafield tag="700" ind1="1" ind2="0">
      <subfield code="a">Scholtz Kinga</subfield>
    </datafield>
    <datafield tag="852" ind1=" " ind2=" ">
      <subfield code="a">B1</subfield>
      <subfield code="b">B1</subfield>
      <subfield code="x">170446</subfield>
    </datafield>
    <datafield tag="852" ind1=" " ind2=" ">
      <subfield code="a">D1</subfield>
      <subfield code="B">D1/10</subfield>
      <subfield code="b">D1</subfield>
      <subfield code="x">170446</subfield>
    </datafield>
    <datafield tag="852" ind1=" " ind2=" ">
      <subfield code="a">SZ1</subfield>
      <subfield code="b">SZ1</subfield>
      <subfield code="x">bibJAT00295967</subfield>
    </datafield>
    <datafield tag="852" ind1=" " ind2=" ">
      <subfield code="a">B10</subfield>
      <subfield code="b">0801</subfield>
      <subfield code="x">bibFSZ00207842</subfield>
    </datafield>
    <datafield tag="852" ind1=" " ind2=" ">
      <subfield code="a">B11</subfield>
      <subfield code="b">B11</subfield>
      <subfield code="x">BMEOMIKK000115956</subfield>
    </datafield>
    <datafield tag="852" ind1=" " ind2=" ">
      <subfield code="a">P1</subfield>
      <subfield code="b">P1/SZ</subfield>
      <subfield code="x">bibJPT0029968</subfield>
    </datafield>
    <datafield tag="852" ind1=" " ind2=" ">
      <subfield code="a">G1</subfield>
      <subfield code="b">G1</subfield>
      <subfield code="x">GATE-T38-7445</subfield>
    </datafield>
    <datafield tag="852" ind1=" " ind2=" ">
      <subfield code="a">GY1</subfield>
      <subfield code="b">GY1</subfield>
      <subfield code="x">520682</subfield>
    </datafield>
    <datafield tag="852" ind1=" " ind2=" ">
      <subfield code="a">G1</subfield>
      <subfield code="b">G1</subfield>
      <subfield code="x">71686</subfield>
    </datafield>
    <datafield tag="852" ind1=" " ind2=" ">
      <subfield code="a">B14</subfield>
      <subfield code="b">B14</subfield>
      <subfield code="x">414701</subfield>
    </datafield>
    <datafield tag="852" ind1=" " ind2=" ">
      <subfield code="a">ST1</subfield>
      <subfield code="b">ST1</subfield>
      <subfield code="x">bibBBM106188</subfield>
    </datafield>
    <datafield tag="852" ind1=" " ind2=" ">
      <subfield code="a">M2</subfield>
      <subfield code="b">M2</subfield>
      <subfield code="x">bibRFK00038353</subfield>
    </datafield>
    <datafield tag="852" ind1=" " ind2=" ">
      <subfield code="a">SZ4</subfield>
      <subfield code="b">SZ4</subfield>
      <subfield code="x">bibSOK00015818</subfield>
    </datafield>
    <datafield tag="852" ind1=" " ind2=" ">
      <subfield code="a">BCS1</subfield>
      <subfield code="b">BCS1</subfield>
      <subfield code="x">bibBKO00187419</subfield>
    </datafield>
    <datafield tag="852" ind1=" " ind2=" ">
      <subfield code="a">B12</subfield>
      <subfield code="b">B12</subfield>
      <subfield code="x">BCEKK249609</subfield>
    </datafield>
    <datafield tag="852" ind1=" " ind2=" ">
      <subfield code="a">B3</subfield>
      <subfield code="b">B3</subfield>
      <subfield code="x">000113007</subfield>
    </datafield>
    <datafield tag="852" ind1=" " ind2=" ">
      <subfield code="a">B9</subfield>
      <subfield code="b">B9</subfield>
      <subfield code="x">221234</subfield>
    </datafield>
  </record>
  <record>
    <leader>01154nam  2200325 i 4500</leader>
    <controlfield tag="001">MOKKAN0004077014  </controlfield>
    <controlfield tag="005">20070131152214.0</controlfield>
    <controlfield tag="008">960326s1998    hu            00000 ita1d</controlfield>
    <datafield tag="020" ind1=" " ind2=" ">
      <subfield code="a">963-9092 42 8(fűzött)</subfield>
    </datafield>
    <datafield tag="035" ind1=" " ind2=" ">
      <subfield code="a">bibKLT00180874</subfield>
    </datafield>
    <datafield tag="040" ind1=" " ind2=" ">
      <subfield code="a">DEENK</subfield>
    </datafield>
    <datafield tag="100" ind1="2" ind2=" ">
      <subfield code="a">Ablonczyné Mihályka Lívia</subfield>
    </datafield>
    <datafield tag="245" ind1="1" ind2="0">
      <subfield code="a">1000 domande - 1000 risposte :</subfield>
      <subfield code="b">olasz társalgási gyakorlatok az "A" típusú nyelvvizsgákra, az érettségire és a felvételire /</subfield>
      <subfield code="c">Ablonczyné Mihályka Lívia, Scholtz Kinga</subfield>
    </datafield>
    <datafield tag="260" ind1=" " ind2=" ">
      <subfield code="a">Székesfehérvár :</subfield>
      <subfield code="b">Lexika,</subfield>
      <subfield code="c">[1996]</subfield>
    </datafield>
    <datafield tag="300" ind1=" " ind2=" ">
      <subfield code="a">255 p. ;</subfield>
      <subfield code="c">20 cm</subfield>
    </datafield>
    <datafield tag="650" ind1=" " ind2="4">
      <subfield code="a">Olasz nyelv</subfield>
      <subfield code="x">tankönyvek idegen ajkúaknak</subfield>
      <subfield code="x">magyar</subfield>
    </datafield>
    <datafield tag="650" ind1=" " ind2="4">
      <subfield code="a">Olasz nyelv</subfield>
      <subfield code="x">feladatok, gyakorlatok stb.</subfield>
    </datafield>
    <datafield tag="650" ind1=" " ind2="0">
      <subfield code="a">Italian language</subfield>
      <subfield code="x">Textbooks for foreign speakers</subfield>
      <subfield code="x">Hungarian.</subfield>
    </datafield>
    <datafield tag="650" ind1=" " ind2="0">
      <subfield code="a">Italian language</subfield>
      <subfield code="x">Problems, exercises, etc.</subfield>
    </datafield>
    <datafield tag="650" ind1=" " ind2="4">
      <subfield code="a">Olasz nyelv</subfield>
    </datafield>
    <datafield tag="650" ind1=" " ind2="4">
      <subfield code="a">Nyelvkönyv</subfield>
    </datafield>
    <datafield tag="650" ind1=" " ind2="4">
      <subfield code="a">Társalgás</subfield>
    </datafield>
    <datafield tag="650" ind1=" " ind2="4">
      <subfield code="a">Nyelvvizsga</subfield>
    </datafield>
    <datafield tag="650" ind1=" " ind2="4">
      <subfield code="a">Érettségi</subfield>
    </datafield>
    <datafield tag="650" ind1=" " ind2="4">
      <subfield code="a">Felvételi</subfield>
    </datafield>
    <datafield tag="650" ind1=" " ind2="4">
      <subfield code="a">Feladatgyűjtemény</subfield>
    </datafield>
    <datafield tag="695" ind1=" " ind2=" ">
      <subfield code="a">ODR 2003</subfield>
    </datafield>
    <datafield tag="700" ind1="1" ind2=" ">
      <subfield code="a">Scholtz Kinga</subfield>
    </datafield>
    <datafield tag="852" ind1=" " ind2=" ">
      <subfield code="a">D1</subfield>
      <subfield code="b">D1</subfield>
      <subfield code="x">bibKLT00180874</subfield>
    </datafield>
    <datafield tag="852" ind1=" " ind2=" ">
      <subfield code="a">ST1</subfield>
      <subfield code="b">ST1</subfield>
      <subfield code="x">bibBBM227753</subfield>
    </datafield>
  </record>
  <record>
    <leader>01974fam  2200529 i 4500</leader>
    <controlfield tag="001">MOKKAZ0006367062  </controlfield>
    <controlfield tag="005">20091109070825.0</controlfield>
    <controlfield tag="008">980807s1998    hu            000 0 ita d</controlfield>
    <datafield tag="020" ind1=" " ind2=" ">
      <subfield code="a">963-9092-42-8 (fűzött) :</subfield>
      <subfield code="c">644,- Ft</subfield>
    </datafield>
    <datafield tag="035" ind1=" " ind2=" ">
      <subfield code="a">308755</subfield>
    </datafield>
    <datafield tag="040" ind1=" " ind2=" ">
      <subfield code="a">OSZK</subfield>
    </datafield>
    <datafield tag="041" ind1="0" ind2=" ">
      <subfield code="a">hunhun</subfield>
    </datafield>
    <datafield tag="100" ind1="2" ind2=" ">
      <subfield code="a">Ablonczyné Mihályka Lívia</subfield>
    </datafield>
    <datafield tag="245" ind1="1" ind2="0">
      <subfield code="a">1000 domande - 1000 risposte : </subfield>
      <subfield code="b">olasz társalgási gyakorlatok az "A" típusú nyelvvizsgákra, az érettségire és a felvételire /</subfield>
      <subfield code="c">Ablonczyné Mihályka Lívia, Scholtz Kinga</subfield>
    </datafield>
    <datafield tag="260" ind1=" " ind2=" ">
      <subfield code="a">Székesfehérvár :</subfield>
      <subfield code="b">Lexika,</subfield>
      <subfield code="c">[1998]</subfield>
      <subfield code="e">([Dabas]</subfield>
      <subfield code="f">Reálszisztéma Dabasi Ny.)</subfield>
    </datafield>
    <datafield tag="300" ind1=" " ind2=" ">
      <subfield code="a">255 p. ;</subfield>
      <subfield code="c">20 cm</subfield>
    </datafield>
    <datafield tag="500" ind1=" " ind2=" ">
      <subfield code="a">Párhuzamos cím a gerincen: 1000 kérdés 1000 felelet</subfield>
    </datafield>
    <datafield tag="650" ind1=" " ind2="4">
      <subfield code="a">Olasz nyelv</subfield>
      <subfield code="x">tankönyvek idegen ajkúaknak</subfield>
      <subfield code="x">magyar</subfield>
    </datafield>
    <datafield tag="650" ind1=" " ind2="4">
      <subfield code="a">Olasz nyelv</subfield>
      <subfield code="x">feladatok, gyakorlatok stb.</subfield>
    </datafield>
    <datafield tag="650" ind1=" " ind2="0">
      <subfield code="a">Italian language</subfield>
      <subfield code="x">Textbooks for foreign speakers</subfield>
      <subfield code="x">Hungarian.</subfield>
    </datafield>
    <datafield tag="650" ind1=" " ind2="0">
      <subfield code="a">Italian language</subfield>
      <subfield code="x">Problems, exercises, etc.</subfield>
    </datafield>
    <datafield tag="650" ind1=" " ind2="7">
      <subfield code="a">Olasz nyelvkönyv</subfield>
      <subfield code="x">társalgási gyakorlatok</subfield>
      <subfield code="2">szte</subfield>
    </datafield>
    <datafield tag="650" ind1=" " ind2="4">
      <subfield code="a">Olasz nyelvkönyvek</subfield>
    </datafield>
    <datafield tag="650" ind1=" " ind2="4">
      <subfield code="a">Olasz kifejezések</subfield>
    </datafield>
    <datafield tag="650" ind1=" " ind2="4">
      <subfield code="a">olasz nyelv</subfield>
    </datafield>
    <datafield tag="650" ind1=" " ind2="4">
      <subfield code="a">nyelvvizsga</subfield>
    </datafield>
    <datafield tag="650" ind1=" " ind2="4">
      <subfield code="a">gyakorlatok</subfield>
    </datafield>
    <datafield tag="650" ind1=" " ind2="4">
      <subfield code="a">Olasz nyelv</subfield>
      <subfield code="x">vizsgák, kérdések stb.</subfield>
    </datafield>
    <datafield tag="650" ind1=" " ind2="4">
      <subfield code="a">Olasz nyelv</subfield>
      <subfield code="x">társalgás és kifejezésgyűjtemények</subfield>
    </datafield>
    <datafield tag="650" ind1=" " ind2="4">
      <subfield code="a">Nyelvkönyv</subfield>
    </datafield>
    <datafield tag="650" ind1=" " ind2="7">
      <subfield code="a">nyelvvizsga</subfield>
      <subfield code="2">opkm</subfield>
    </datafield>
    <datafield tag="650" ind1=" " ind2="7">
      <subfield code="a">olasz nyelv tantárgy</subfield>
      <subfield code="2">opkm</subfield>
    </datafield>
    <datafield tag="650" ind1=" " ind2="7">
      <subfield code="a">középiskola</subfield>
      <subfield code="2">opkm</subfield>
    </datafield>
    <datafield tag="650" ind1=" " ind2="7">
      <subfield code="a">középfokú oktatás</subfield>
      <subfield code="2">opkm</subfield>
    </datafield>
    <datafield tag="650" ind1=" " ind2="7">
      <subfield code="a">társalgás</subfield>
      <subfield code="2">opkm</subfield>
    </datafield>
    <datafield tag="651" ind1=" " ind2="4">
      <subfield code="a">Magyarország</subfield>
    </datafield>
    <datafield tag="700" ind1="1" ind2="0">
      <subfield code="a">Scholtz Kinga</subfield>
    </datafield>
    <datafield tag="852" ind1=" " ind2=" ">
      <subfield code="a">B1</subfield>
      <subfield code="b">B1</subfield>
      <subfield code="x">308755</subfield>
    </datafield>
    <datafield tag="852" ind1=" " ind2=" ">
      <subfield code="a">D1</subfield>
      <subfield code="b">D1</subfield>
      <subfield code="x">bibKLT00180874</subfield>
    </datafield>
    <datafield tag="852" ind1=" " ind2=" ">
      <subfield code="a">SZ1</subfield>
      <subfield code="b">SZ1</subfield>
      <subfield code="x">bibJAT00353024</subfield>
    </datafield>
    <datafield tag="852" ind1=" " ind2=" ">
      <subfield code="a">B10</subfield>
      <subfield code="B">0801</subfield>
      <subfield code="B">1304</subfield>
      <subfield code="b">0401</subfield>
      <subfield code="x">bibFSZ00141189</subfield>
    </datafield>
    <datafield tag="852" ind1=" " ind2=" ">
      <subfield code="a">P1</subfield>
      <subfield code="b">P1/SZ</subfield>
      <subfield code="x">bibJPT00128049</subfield>
    </datafield>
    <datafield tag="852" ind1=" " ind2=" ">
      <subfield code="a">B14</subfield>
      <subfield code="b">B14</subfield>
      <subfield code="x">408919</subfield>
    </datafield>
    <datafield tag="852" ind1=" " ind2=" ">
      <subfield code="a">M2</subfield>
      <subfield code="b">M2</subfield>
      <subfield code="x">bibRFK00110775</subfield>
    </datafield>
    <datafield tag="852" ind1=" " ind2=" ">
      <subfield code="a">SZK1</subfield>
      <subfield code="b">SZK1</subfield>
      <subfield code="x">bibTMK00012716</subfield>
    </datafield>
    <datafield tag="852" ind1=" " ind2=" ">
      <subfield code="a">B12</subfield>
      <subfield code="b">B12</subfield>
      <subfield code="x">BCEKK312973</subfield>
    </datafield>
    <datafield tag="852" ind1=" " ind2=" ">
      <subfield code="a">B7</subfield>
      <subfield code="b">B7</subfield>
      <subfield code="x">105521</subfield>
    </datafield>
  </record>
  <record>
    <leader>01489fam  2200409 i 4500</leader>
    <controlfield tag="001">MOKKAZ0006408751  </controlfield>
    <controlfield tag="005">20101105073057.0</controlfield>
    <controlfield tag="008">010802s2001    hu            000 0 ita d</controlfield>
    <datafield tag="020" ind1=" " ind2=" ">
      <subfield code="a">963-9092-42-8 (fűzött)</subfield>
    </datafield>
    <datafield tag="035" ind1=" " ind2=" ">
      <subfield code="a">808386</subfield>
    </datafield>
    <datafield tag="040" ind1=" " ind2=" ">
      <subfield code="a">OSZK</subfield>
    </datafield>
    <datafield tag="041" ind1="0" ind2=" ">
      <subfield code="a">itahunita</subfield>
    </datafield>
    <datafield tag="100" ind1="2" ind2=" ">
      <subfield code="a">Ablonczyné Mihályka Lívia</subfield>
    </datafield>
    <datafield tag="245" ind1="1" ind2="0">
      <subfield code="a">1000 domande - 1000 risposte : </subfield>
      <subfield code="b">olasz társalgási gyakorlatok az "A" típusú nyelvvizsgákra, az érettségire és a felvételire /</subfield>
      <subfield code="c">Ablonczyné Mihályka Lívia, Scholtz Kinga.</subfield>
    </datafield>
    <datafield tag="260" ind1=" " ind2=" ">
      <subfield code="a">Székesfehérvár :</subfield>
      <subfield code="b">Lexika,</subfield>
      <subfield code="c">[2001]</subfield>
      <subfield code="e">([Dabas]</subfield>
      <subfield code="f">Reálszisztéma Dabasi Ny.)</subfield>
    </datafield>
    <datafield tag="300" ind1=" " ind2=" ">
      <subfield code="a">255 p. ;</subfield>
      <subfield code="c">20 cm</subfield>
    </datafield>
    <datafield tag="500" ind1=" " ind2=" ">
      <subfield code="a">Párhuzamos cím a gerincen: 1000 kérdés 1000 felelet</subfield>
    </datafield>
    <datafield tag="650" ind1=" " ind2="4">
      <subfield code="a">Olasz nyelv</subfield>
      <subfield code="x">tankönyvek idegen ajkúaknak</subfield>
      <subfield code="x">magyar</subfield>
    </datafield>
    <datafield tag="650" ind1=" " ind2="4">
      <subfield code="a">Olasz nyelv</subfield>
      <subfield code="x">feladatok, gyakorlatok stb.</subfield>
    </datafield>
    <datafield tag="650" ind1=" " ind2="0">
      <subfield code="a">Italian language</subfield>
      <subfield code="x">Textbooks for foreign speakers</subfield>
      <subfield code="x">Hungarian.</subfield>
    </datafield>
    <datafield tag="650" ind1=" " ind2="0">
      <subfield code="a">Italian language</subfield>
      <subfield code="x">Problems, exercises, etc.</subfield>
    </datafield>
    <datafield tag="650" ind1=" " ind2="7">
      <subfield code="a">érettségi vizsga</subfield>
      <subfield code="2">opkm</subfield>
    </datafield>
    <datafield tag="650" ind1=" " ind2="7">
      <subfield code="a">nyelvvizsga</subfield>
      <subfield code="2">opkm</subfield>
    </datafield>
    <datafield tag="650" ind1=" " ind2="7">
      <subfield code="a">középiskola</subfield>
      <subfield code="2">opkm</subfield>
    </datafield>
    <datafield tag="650" ind1=" " ind2="7">
      <subfield code="a">középfokú oktatás</subfield>
      <subfield code="2">opkm</subfield>
    </datafield>
    <datafield tag="650" ind1=" " ind2="7">
      <subfield code="a">társalgás</subfield>
      <subfield code="2">opkm</subfield>
    </datafield>
    <datafield tag="650" ind1=" " ind2="7">
      <subfield code="a">olasz nyelv tantárgy</subfield>
      <subfield code="2">opkm</subfield>
    </datafield>
    <datafield tag="651" ind1=" " ind2="4">
      <subfield code="a">Magyarország</subfield>
    </datafield>
    <datafield tag="653" ind1=" " ind2=" ">
      <subfield code="a">kommunikáció</subfield>
    </datafield>
    <datafield tag="653" ind1=" " ind2=" ">
      <subfield code="a">nyelvvizsga</subfield>
    </datafield>
    <datafield tag="653" ind1=" " ind2=" ">
      <subfield code="a">olasz nyelv</subfield>
    </datafield>
    <datafield tag="653" ind1=" " ind2=" ">
      <subfield code="a">érettségi</subfield>
    </datafield>
    <datafield tag="700" ind1="1" ind2="0">
      <subfield code="a">Scholtz Kinga</subfield>
    </datafield>
    <datafield tag="852" ind1=" " ind2=" ">
      <subfield code="a">B1</subfield>
      <subfield code="b">B1</subfield>
      <subfield code="x">808386</subfield>
    </datafield>
    <datafield tag="852" ind1=" " ind2=" ">
      <subfield code="a">D1</subfield>
      <subfield code="b">D1</subfield>
      <subfield code="x">bibKLT00324493</subfield>
    </datafield>
    <datafield tag="852" ind1=" " ind2=" ">
      <subfield code="a">B7</subfield>
      <subfield code="b">B7</subfield>
      <subfield code="x">164885</subfield>
    </datafield>
    <datafield tag="852" ind1=" " ind2=" ">
      <subfield code="a">B9</subfield>
      <subfield code="b">B9</subfield>
      <subfield code="x">268532</subfield>
    </datafield>
  </record>
  <record>
    <leader>00967fam  2200241 i 4500</leader>
    <controlfield tag="001">MOKKAZ0006464434  </controlfield>
    <controlfield tag="005">20040915203927.0</controlfield>
    <controlfield tag="008">031002s2003    hu            000 0 ita d</controlfield>
    <datafield tag="020" ind1=" " ind2=" ">
      <subfield code="a">963-9092-42-8 (fűzött)</subfield>
    </datafield>
    <datafield tag="035" ind1=" " ind2=" ">
      <subfield code="a">1041160</subfield>
    </datafield>
    <datafield tag="040" ind1=" " ind2=" ">
      <subfield code="a">OSZK</subfield>
    </datafield>
    <datafield tag="041" ind1="0" ind2=" ">
      <subfield code="a">itahunita</subfield>
    </datafield>
    <datafield tag="100" ind1="2" ind2=" ">
      <subfield code="a">Ablonczyné Mihályka Lívia</subfield>
    </datafield>
    <datafield tag="245" ind1="1" ind2="0">
      <subfield code="a">1000 domande - 1000 risposte : </subfield>
      <subfield code="b">olasz társalgási gyakorlatok az "A" típusú nyelvvizsgákra, az érettségire és a felvételire /</subfield>
      <subfield code="c">Ablonczyné Mihályka Lívia, Scholtz Kinga.</subfield>
    </datafield>
    <datafield tag="260" ind1=" " ind2=" ">
      <subfield code="a">Székesfehérvár :</subfield>
      <subfield code="b">Lexika,</subfield>
      <subfield code="c">[2003]</subfield>
      <subfield code="e">([Dabas]</subfield>
      <subfield code="f">Reálszisztéma Dabasi Ny.)</subfield>
    </datafield>
    <datafield tag="300" ind1=" " ind2=" ">
      <subfield code="a">255 p. ;</subfield>
      <subfield code="c">20 cm</subfield>
    </datafield>
    <datafield tag="500" ind1=" " ind2=" ">
      <subfield code="a">Párhuzamos cím a gerincen: 1000 kérdés 1000 felelet</subfield>
    </datafield>
    <datafield tag="650" ind1=" " ind2="7">
      <subfield code="a">Olasz nyelvkönyv</subfield>
      <subfield code="x">társalgási gyakorlatok</subfield>
      <subfield code="2">szte</subfield>
    </datafield>
    <datafield tag="650" ind1=" " ind2="7">
      <subfield code="a">Nyelvvizsga</subfield>
      <subfield code="x">olasz</subfield>
      <subfield code="x">társalgási gyakorlatok</subfield>
      <subfield code="2">szte</subfield>
    </datafield>
    <datafield tag="700" ind1="1" ind2="0">
      <subfield code="a">Scholtz Kinga</subfield>
    </datafield>
    <datafield tag="852" ind1=" " ind2=" ">
      <subfield code="a">B1</subfield>
      <subfield code="b">B1</subfield>
      <subfield code="x">1041160</subfield>
    </datafield>
    <datafield tag="852" ind1=" " ind2=" ">
      <subfield code="a">B11</subfield>
      <subfield code="b">B11</subfield>
      <subfield code="x">BMEOMIKK000450812</subfield>
    </datafield>
    <datafield tag="852" ind1=" " ind2=" ">
      <subfield code="a">SZ4</subfield>
      <subfield code="b">SZ4</subfield>
      <subfield code="x">bibSOK213728</subfield>
    </datafield>
  </record>
  <record>
    <leader>00994nam  2200253 i 4500</leader>
    <controlfield tag="001">MOKKAN0004076817  </controlfield>
    <controlfield tag="005">20080418222415.0</controlfield>
    <controlfield tag="008">050802s2003    hu            00000 ita1d</controlfield>
    <datafield tag="020" ind1=" " ind2=" ">
      <subfield code="z">963-9092 42 8(fűzött)</subfield>
    </datafield>
    <datafield tag="020" ind1=" " ind2=" ">
      <subfield code="a">963-9092-42-8</subfield>
    </datafield>
    <datafield tag="035" ind1=" " ind2=" ">
      <subfield code="a">bibDEK464347</subfield>
    </datafield>
    <datafield tag="040" ind1=" " ind2=" ">
      <subfield code="a">DEENK</subfield>
    </datafield>
    <datafield tag="100" ind1="2" ind2=" ">
      <subfield code="a">Ablonczyné Mihályka Lívia</subfield>
    </datafield>
    <datafield tag="245" ind1="1" ind2="0">
      <subfield code="a">1000 domande - 1000 risposte :</subfield>
      <subfield code="b">olasz társalgási gyakorlatok az "A" típusú nyelvvizsgákra, az érettségire és a felvételire /</subfield>
      <subfield code="c">Ablonczyné Mihályka Lívia, Scholtz Kinga</subfield>
    </datafield>
    <datafield tag="260" ind1=" " ind2=" ">
      <subfield code="a">Székesfehérvár :</subfield>
      <subfield code="b">Lexika,</subfield>
      <subfield code="c">2003</subfield>
    </datafield>
    <datafield tag="300" ind1=" " ind2=" ">
      <subfield code="a">255 p. ;</subfield>
      <subfield code="c">20 cm</subfield>
    </datafield>
    <datafield tag="650" ind1=" " ind2="4">
      <subfield code="a">Olasz nyelv</subfield>
      <subfield code="x">tankönyvek idegen ajkúaknak</subfield>
      <subfield code="x">magyar</subfield>
    </datafield>
    <datafield tag="650" ind1=" " ind2="4">
      <subfield code="a">Olasz nyelv</subfield>
      <subfield code="x">feladatok, gyakorlatok stb.</subfield>
    </datafield>
    <datafield tag="650" ind1=" " ind2="0">
      <subfield code="a">Italian language</subfield>
      <subfield code="x">Textbooks for foreign speakers</subfield>
      <subfield code="x">Hungarian.</subfield>
    </datafield>
    <datafield tag="650" ind1=" " ind2="0">
      <subfield code="a">Italian language</subfield>
      <subfield code="x">Problems, exercises, etc.</subfield>
    </datafield>
    <datafield tag="700" ind1="1" ind2=" ">
      <subfield code="a">Scholtz Kinga</subfield>
    </datafield>
    <datafield tag="852" ind1=" " ind2=" ">
      <subfield code="a">D1</subfield>
      <subfield code="b">D1</subfield>
      <subfield code="x">bibDEK464347</subfield>
    </datafield>
    <datafield tag="852" ind1=" " ind2=" ">
      <subfield code="a">B11</subfield>
      <subfield code="b">B11</subfield>
      <subfield code="x">BMEOMIKK000450812</subfield>
    </datafield>
    <datafield tag="852" ind1=" " ind2=" ">
      <subfield code="a">B10</subfield>
      <subfield code="b">B10</subfield>
      <subfield code="x">bibFSZ952631</subfield>
    </datafield>
  </record>
  <record>
    <leader>01777nam  2200517 i 4500</leader>
    <controlfield tag="001">MOKKAN0004872415  </controlfield>
    <controlfield tag="005">20101105073047.0</controlfield>
    <controlfield tag="008">071011s2007    hu            000 0 ita d</controlfield>
    <datafield tag="020" ind1=" " ind2=" ">
      <subfield code="a">978-963-9357-74-7 (fűzött)</subfield>
    </datafield>
    <datafield tag="020" ind1=" " ind2=" ">
      <subfield code="a">978 963 9357 74 7</subfield>
    </datafield>
    <datafield tag="035" ind1=" " ind2=" ">
      <subfield code="a">2678663</subfield>
    </datafield>
    <datafield tag="040" ind1=" " ind2=" ">
      <subfield code="a">OSZK</subfield>
    </datafield>
    <datafield tag="041" ind1="0" ind2=" ">
      <subfield code="a">itahunita</subfield>
    </datafield>
    <datafield tag="080" ind1=" " ind2=" ">
      <subfield code="a">805.0(079.1)=945.11</subfield>
    </datafield>
    <datafield tag="080" ind1=" " ind2=" ">
      <subfield code="a">372.880.50(075.3)(076)</subfield>
    </datafield>
    <datafield tag="100" ind1="2" ind2=" ">
      <subfield code="a">Ablonczyné Mihályka Lívia</subfield>
      <subfield code="d">(1953-)</subfield>
    </datafield>
    <datafield tag="245" ind1="1" ind2="0">
      <subfield code="a">1000 domande - 1000 risposte : </subfield>
      <subfield code="b">olasz társalgási gyakorlatok az "A" típusú nyelvvizsgákra, az érettségire és a felvételire /</subfield>
      <subfield code="c">Ablonczyné Mihályka Lívia, Scholtz Kinga.</subfield>
    </datafield>
    <datafield tag="250" ind1=" " ind2=" ">
      <subfield code="a">Jav. kiad.</subfield>
    </datafield>
    <datafield tag="260" ind1=" " ind2=" ">
      <subfield code="a">Székesfehérvár :</subfield>
      <subfield code="b">Lexika,</subfield>
      <subfield code="c">2007</subfield>
    </datafield>
    <datafield tag="300" ind1=" " ind2=" ">
      <subfield code="a">254 p. ;</subfield>
      <subfield code="c">20 cm</subfield>
    </datafield>
    <datafield tag="500" ind1=" " ind2=" ">
      <subfield code="a">Párhuzamos cím a gerincen: 1000 kérdés 1000 felelet</subfield>
    </datafield>
    <datafield tag="650" ind1="1" ind2="7">
      <subfield code="a">olasz nyelv</subfield>
      <subfield code="2">oszk</subfield>
    </datafield>
    <datafield tag="650" ind1="1" ind2="7">
      <subfield code="a">nyelvvizsga</subfield>
      <subfield code="2">oszk</subfield>
    </datafield>
    <datafield tag="650" ind1=" " ind2="7">
      <subfield code="a">Olasz nyelv</subfield>
      <subfield code="x">tankönyvek idegen ajkúaknak</subfield>
      <subfield code="x">magyar</subfield>
      <subfield code="2">lcsh//hun</subfield>
    </datafield>
    <datafield tag="650" ind1=" " ind2="7">
      <subfield code="a">Olasz nyelv</subfield>
      <subfield code="x">feladatok, gyakorlatok stb.</subfield>
      <subfield code="2">lcsh//hun</subfield>
    </datafield>
    <datafield tag="650" ind1=" " ind2="0">
      <subfield code="a">Italian language</subfield>
      <subfield code="x">Textbooks for foreign speakers</subfield>
      <subfield code="x">Hungarian.</subfield>
    </datafield>
    <datafield tag="650" ind1=" " ind2="0">
      <subfield code="a">Italian language</subfield>
      <subfield code="x">Problems, exercises, etc.</subfield>
    </datafield>
    <datafield tag="650" ind1=" " ind2="7">
      <subfield code="a">érettségi vizsga</subfield>
      <subfield code="2">opkm</subfield>
    </datafield>
    <datafield tag="650" ind1=" " ind2="7">
      <subfield code="a">nyelvvizsga</subfield>
      <subfield code="2">opkm</subfield>
    </datafield>
    <datafield tag="650" ind1=" " ind2="7">
      <subfield code="a">társalgás</subfield>
      <subfield code="2">opkm</subfield>
    </datafield>
    <datafield tag="650" ind1=" " ind2="7">
      <subfield code="a">középfokú oktatás</subfield>
      <subfield code="2">opkm</subfield>
    </datafield>
    <datafield tag="650" ind1=" " ind2="7">
      <subfield code="a">középiskola</subfield>
      <subfield code="2">opkm</subfield>
    </datafield>
    <datafield tag="650" ind1=" " ind2="7">
      <subfield code="a">olasz nyelv tantárgy</subfield>
      <subfield code="2">opkm</subfield>
    </datafield>
    <datafield tag="651" ind1=" " ind2="4">
      <subfield code="a">Magyarország</subfield>
    </datafield>
    <datafield tag="653" ind1=" " ind2=" ">
      <subfield code="a">nyelvoktatás</subfield>
    </datafield>
    <datafield tag="653" ind1=" " ind2=" ">
      <subfield code="a">nyelvészet</subfield>
    </datafield>
    <datafield tag="653" ind1=" " ind2=" ">
      <subfield code="a">példatár</subfield>
    </datafield>
    <datafield tag="653" ind1=" " ind2=" ">
      <subfield code="a">kommunikáció</subfield>
    </datafield>
    <datafield tag="653" ind1=" " ind2=" ">
      <subfield code="a">nyelvvizsga</subfield>
    </datafield>
    <datafield tag="653" ind1=" " ind2=" ">
      <subfield code="a">olasz nyelv</subfield>
    </datafield>
    <datafield tag="653" ind1=" " ind2=" ">
      <subfield code="a">érettségi</subfield>
    </datafield>
    <datafield tag="700" ind1="1" ind2="0">
      <subfield code="a">Scholtz Kinga</subfield>
    </datafield>
    <datafield tag="852" ind1=" " ind2=" ">
      <subfield code="a">B1</subfield>
      <subfield code="b">B1</subfield>
      <subfield code="x">2678663</subfield>
    </datafield>
    <datafield tag="852" ind1=" " ind2=" ">
      <subfield code="a">B9</subfield>
      <subfield code="b">B9</subfield>
      <subfield code="x">105223</subfield>
    </datafield>
    <datafield tag="852" ind1=" " ind2=" ">
      <subfield code="a">D1</subfield>
      <subfield code="b">D1/NY</subfield>
      <subfield code="x">bibDEK00749157</subfield>
    </datafield>
    <datafield tag="852" ind1=" " ind2=" ">
      <subfield code="a">B7</subfield>
      <subfield code="b">B7</subfield>
      <subfield code="x">265453</subfield>
    </datafield>
  </record>
  <record>
    <leader>00687nam  2200181 i 4500</leader>
    <controlfield tag="001">MOKKAW0005166195  </controlfield>
    <controlfield tag="005">20080313090602.0</controlfield>
    <controlfield tag="008">971222 1996    hu            00010 ita  </controlfield>
    <datafield tag="020" ind1=" " ind2=" ">
      <subfield code="a">963 7693 65 3</subfield>
    </datafield>
    <datafield tag="035" ind1=" " ind2=" ">
      <subfield code="a">bibJAT00295967</subfield>
    </datafield>
    <datafield tag="040" ind1=" " ind2=" ">
      <subfield code="a">SZTE</subfield>
    </datafield>
    <datafield tag="100" ind1="1" ind2=" ">
      <subfield code="a">Mihályka Lívia, Ablonczyné</subfield>
    </datafield>
    <datafield tag="245" ind1="1" ind2="0">
      <subfield code="a">1000 domande - 1000 risposte :</subfield>
      <subfield code="b">olasz társalgási gyakorlatok az "A" típusú nyelvvizsgákra, az érettségire és a felvételire /</subfield>
      <subfield code="c">Ablonczyné Mihályka Lívia, Scholtz Kinga</subfield>
    </datafield>
    <datafield tag="260" ind1=" " ind2=" ">
      <subfield code="a">Székesfehérvár :</subfield>
      <subfield code="b">Lexika,</subfield>
      <subfield code="c">[1996]</subfield>
    </datafield>
    <datafield tag="300" ind1=" " ind2=" ">
      <subfield code="a">255 p. ;</subfield>
      <subfield code="c">20 cm</subfield>
    </datafield>
    <datafield tag="650" ind1=" " ind2="7">
      <subfield code="a">Olasz nyelvkönyv</subfield>
      <subfield code="x">társalgási gyakorlatok</subfield>
      <subfield code="2">szte</subfield>
    </datafield>
    <datafield tag="700" ind1="1" ind2=" ">
      <subfield code="a">Scholtz Kinga</subfield>
    </datafield>
    <datafield tag="852" ind1=" " ind2=" ">
      <subfield code="a">SZ1</subfield>
      <subfield code="b">SZ1/R1</subfield>
      <subfield code="x">bibJAT00295967</subfield>
    </datafield>
  </record>
  <record>
    <leader>00321cam  22001217  4500</leader>
    <controlfield tag="001">MOKKAZ0004408585  </controlfield>
    <controlfield tag="005">20040910065751.0</controlfield>
    <controlfield tag="008">      s1960                        und d</controlfield>
    <datafield tag="035" ind1=" " ind2=" ">
      <subfield code="a">bibFSZ00254652</subfield>
    </datafield>
    <datafield tag="040" ind1=" " ind2=" ">
      <subfield code="a">FSZEK</subfield>
    </datafield>
    <datafield tag="245" ind1="0" ind2="0">
      <subfield code="a">1000 données sur la Yugoslavie</subfield>
    </datafield>
    <datafield tag="260" ind1=" " ind2=" ">
      <subfield code="a">[S.l.] :</subfield>
      <subfield code="b">[S.n.],</subfield>
      <subfield code="c">1960</subfield>
    </datafield>
    <datafield tag="852" ind1=" " ind2=" ">
      <subfield code="a">B10</subfield>
      <subfield code="b">B10</subfield>
      <subfield code="x">bibFSZ00254652</subfield>
    </datafield>
  </record>
  <record>
    <leader>00729njm  2200205   4500</leader>
    <controlfield tag="001">MOKKAZ0004648057  </controlfield>
    <controlfield tag="005">20040910090320.0</controlfield>
    <controlfield tag="008">010606s2000                        eng d</controlfield>
    <datafield tag="028" ind1=" " ind2=" ">
      <subfield code="a">0431-2</subfield>
    </datafield>
    <datafield tag="035" ind1=" " ind2=" ">
      <subfield code="a">bibFSZ534315</subfield>
    </datafield>
    <datafield tag="040" ind1=" " ind2=" ">
      <subfield code="a">FSZEK</subfield>
    </datafield>
    <datafield tag="110" ind1="2" ind2=" ">
      <subfield code="a">Mouthwash</subfield>
    </datafield>
    <datafield tag="245" ind1="1" ind2="0">
      <subfield code="a">1000 dreams</subfield>
      <subfield code="h">[Hangfelvétel] /</subfield>
      <subfield code="c">Mouthwash</subfield>
    </datafield>
    <datafield tag="260" ind1=" " ind2=" ">
      <subfield code="a">Amsterdam :</subfield>
      <subfield code="b">Hellcat Records,</subfield>
      <subfield code="c">cop. 2000</subfield>
    </datafield>
    <datafield tag="300" ind1=" " ind2=" ">
      <subfield code="a">1 CD ;</subfield>
      <subfield code="c">12 cm +</subfield>
      <subfield code="e">1 t.</subfield>
    </datafield>
    <datafield tag="306" ind1=" " ind2=" ">
      <subfield code="a">(38 min 50 s)</subfield>
    </datafield>
    <datafield tag="500" ind1=" " ind2=" ">
      <subfield code="a">Kemény papírtokban</subfield>
    </datafield>
    <datafield tag="505" ind1="0" ind2="0">
      <subfield code="t">Drop the bomb ;</subfield>
      <subfield code="t">We evolve ; </subfield>
      <subfield code="t">My kind of love ;</subfield>
      <subfield code="t">Fools gold ;</subfield>
      <subfield code="t">One for sorrow ;</subfield>
      <subfield code="t">Competing for frequency ;</subfield>
      <subfield code="t">Live like kings ;</subfield>
      <subfield code="t">Through the grey ;</subfield>
      <subfield code="t">Babylondon ;</subfield>
      <subfield code="t">Neon heartbeat ;</subfield>
      <subfield code="t">Saving grace</subfield>
    </datafield>
    <datafield tag="695" ind1=" " ind2="1">
      <subfield code="a">rock</subfield>
    </datafield>
    <datafield tag="852" ind1=" " ind2=" ">
      <subfield code="a">B10</subfield>
      <subfield code="b">0801</subfield>
      <subfield code="x">bibFSZ534315</subfield>
    </datafield>
  </record>
  <record>
    <leader>00658cam  2200193 i 4500</leader>
    <controlfield tag="001">MOKKAN0004000374  </controlfield>
    <controlfield tag="005">20061106084507.0</controlfield>
    <controlfield tag="008">001201s2000    fi            00010 eng d</controlfield>
    <datafield tag="020" ind1=" " ind2=" ">
      <subfield code="a">951 780 331 1</subfield>
    </datafield>
    <datafield tag="035" ind1=" " ind2=" ">
      <subfield code="a">125162</subfield>
    </datafield>
    <datafield tag="040" ind1=" " ind2=" ">
      <subfield code="a">MEKLM</subfield>
    </datafield>
    <datafield tag="041" ind1="0" ind2=" ">
      <subfield code="a">engfin</subfield>
    </datafield>
    <datafield tag="100" ind1="1" ind2=" ">
      <subfield code="a">Hakola, Hannu Panu Aukusti</subfield>
    </datafield>
    <datafield tag="245" ind1="1" ind2="0">
      <subfield code="a">1000 DURALJAN etyma :</subfield>
      <subfield code="b">An extended study in the lexical similarities in the major agglutinative languages /</subfield>
      <subfield code="c">by Hannu Panu Aukusti Hakola</subfield>
    </datafield>
    <datafield tag="260" ind1=" " ind2=" ">
      <subfield code="a">Kuopio :</subfield>
      <subfield code="b">Hakola, H.P.A.,</subfield>
      <subfield code="c">2000</subfield>
    </datafield>
    <datafield tag="300" ind1=" " ind2=" ">
      <subfield code="a">303 p. ;</subfield>
      <subfield code="c">25 cm</subfield>
    </datafield>
    <datafield tag="504" ind1=" " ind2=" ">
      <subfield code="a">Bibliogr. p. 263-273.</subfield>
    </datafield>
    <datafield tag="650" ind1="0" ind2="4">
      <subfield code="a">összehasonlító nyelvészet</subfield>
      <subfield code="z">finn - indoeurópai nyelvek</subfield>
    </datafield>
    <datafield tag="852" ind1=" " ind2=" ">
      <subfield code="a">M1</subfield>
      <subfield code="b">M1</subfield>
      <subfield code="x">125162</subfield>
    </datafield>
  </record>
  <record>
    <leader>00621cam  2200193 a 4500</leader>
    <controlfield tag="001">MOKKAZ0005389234  </controlfield>
    <controlfield tag="005">20040910175348.0</controlfield>
    <controlfield tag="008">020423c        fi            00010 fin d</controlfield>
    <datafield tag="020" ind1=" " ind2=" ">
      <subfield code="a">951-780-331-1</subfield>
    </datafield>
    <datafield tag="035" ind1=" " ind2=" ">
      <subfield code="a">39134</subfield>
    </datafield>
    <datafield tag="040" ind1=" " ind2=" ">
      <subfield code="a">SEKK</subfield>
    </datafield>
    <datafield tag="041" ind1="0" ind2=" ">
      <subfield code="a">fineng</subfield>
    </datafield>
    <datafield tag="100" ind1="1" ind2="0">
      <subfield code="a">Hakola, Hannu Panu Aukusti</subfield>
    </datafield>
    <datafield tag="245" ind1="1" ind2="0">
      <subfield code="a">1000 Duraljan etyma :</subfield>
      <subfield code="b">An extended study in the lexical similarities in the major agglutinative languages /</subfield>
      <subfield code="c">Hannu Panu Aukusti Hakola</subfield>
    </datafield>
    <datafield tag="260" ind1="0" ind2="0">
      <subfield code="a">Kuopio:</subfield>
      <subfield code="b">Univ.,</subfield>
      <subfield code="c">2000.</subfield>
    </datafield>
    <datafield tag="300" ind1=" " ind2=" ">
      <subfield code="a">303 p. ;</subfield>
      <subfield code="c">26 cm.</subfield>
    </datafield>
    <datafield tag="650" ind1="1" ind2="4">
      <subfield code="a">Linguistics, comparative</subfield>
    </datafield>
    <datafield tag="650" ind1="1" ind2="4">
      <subfield code="a">Nyelvészet, összehasonlító</subfield>
    </datafield>
    <datafield tag="852" ind1=" " ind2=" ">
      <subfield code="a">B13</subfield>
      <subfield code="b">B13</subfield>
      <subfield code="x">39134</subfield>
    </datafield>
  </record>
  <record>
    <leader>00616nam  2200193 i 4500</leader>
    <controlfield tag="001">MOKKAN0004918806  </controlfield>
    <controlfield tag="005">20071031123433.0</controlfield>
    <controlfield tag="008">070906s2007    hu ar  j      00000 hun d</controlfield>
    <datafield tag="020" ind1=" " ind2=" ">
      <subfield code="a">963-9626-97-X (fűzött)</subfield>
    </datafield>
    <datafield tag="035" ind1=" " ind2=" ">
      <subfield code="a">2669663</subfield>
    </datafield>
    <datafield tag="040" ind1=" " ind2=" ">
      <subfield code="a">OSZK</subfield>
    </datafield>
    <datafield tag="041" ind1="0" ind2=" ">
      <subfield code="a">hunhun</subfield>
    </datafield>
    <datafield tag="100" ind1="1" ind2=" ">
      <subfield code="a">Menéndez, Margarita</subfield>
    </datafield>
    <datafield tag="240" ind1="1" ind2="0">
      <subfield code="a">1000 primeras palabras</subfield>
      <subfield code="l">(magyar)</subfield>
    </datafield>
    <datafield tag="245" ind1="1" ind2="0">
      <subfield code="a">1000 első szavam : </subfield>
      <subfield code="b">keresd meg a szavakat és szórakozz jól! /</subfield>
      <subfield code="c">[graf. Margarita Menéndez]</subfield>
    </datafield>
    <datafield tag="260" ind1=" " ind2=" ">
      <subfield code="a">Budapest :</subfield>
      <subfield code="b">Napraforgó,</subfield>
      <subfield code="c">[2007]</subfield>
    </datafield>
    <datafield tag="300" ind1=" " ind2=" ">
      <subfield code="a">64 p., [6] t.fol. :</subfield>
      <subfield code="b">ill., színes ;</subfield>
      <subfield code="c">31 cm</subfield>
    </datafield>
    <datafield tag="500" ind1=" " ind2=" ">
      <subfield code="a">Matricákkal</subfield>
    </datafield>
    <datafield tag="852" ind1=" " ind2=" ">
      <subfield code="a">B1</subfield>
      <subfield code="b">B1</subfield>
      <subfield code="x">2669663</subfield>
    </datafield>
  </record>
  <record>
    <leader>00874nam  2200253 i 4500</leader>
    <controlfield tag="001">MOKKAW0005109095  </controlfield>
    <controlfield tag="005">20090616102011.0</controlfield>
    <controlfield tag="008">070413s2007    hu a          00100 eng e</controlfield>
    <datafield tag="020" ind1=" " ind2=" ">
      <subfield code="a">978-963-9750-09-8 (kötött)</subfield>
    </datafield>
    <datafield tag="035" ind1=" " ind2=" ">
      <subfield code="a">bibSOK00427499</subfield>
    </datafield>
    <datafield tag="040" ind1=" " ind2=" ">
      <subfield code="a">SK</subfield>
    </datafield>
    <datafield tag="041" ind1=" " ind2=" ">
      <subfield code="a">enggerfrehun</subfield>
    </datafield>
    <datafield tag="080" ind1=" " ind2=" ">
      <subfield code="a">794.1</subfield>
    </datafield>
    <datafield tag="100" ind1="1" ind2=" ">
      <subfield code="a">Mészáros András</subfield>
    </datafield>
    <datafield tag="245" ind1="1" ind2="0">
      <subfield code="a">1000 endgame studies =</subfield>
      <subfield code="b">1000 Endspielestudien = 1000 études de finale = 1000 végjátéktanulmány /</subfield>
      <subfield code="c">András Mészáros</subfield>
    </datafield>
    <datafield tag="260" ind1=" " ind2=" ">
      <subfield code="a">Budapest :</subfield>
      <subfield code="b">Magyar Sakkvilág,</subfield>
      <subfield code="c">2007</subfield>
    </datafield>
    <datafield tag="300" ind1=" " ind2=" ">
      <subfield code="a">313 p. :</subfield>
      <subfield code="b">ill. ;</subfield>
      <subfield code="c">22 cm</subfield>
    </datafield>
    <datafield tag="490" ind1="1" ind2=" ">
      <subfield code="a">(Magyar Sakkvilág könyvei,</subfield>
      <subfield code="x">1787-3568 ;</subfield>
      <subfield code="v">10.)</subfield>
    </datafield>
    <datafield tag="500" ind1=" " ind2=" ">
      <subfield code="a">Sorozatcím-változat a borítón: MSV könyvek</subfield>
    </datafield>
    <datafield tag="650" ind1=" " ind2="7">
      <subfield code="a">Sakk</subfield>
      <subfield code="x">végjátékok</subfield>
      <subfield code="2">szte</subfield>
    </datafield>
    <datafield tag="740" ind1="0" ind2=" ">
      <subfield code="a">MSV könyvek</subfield>
    </datafield>
    <datafield tag="830" ind1=" " ind2="2">
      <subfield code="a">A Magyar Sakkvilág könyvei</subfield>
    </datafield>
    <datafield tag="852" ind1=" " ind2=" ">
      <subfield code="a">SZ4</subfield>
      <subfield code="b">SZ4/K2</subfield>
      <subfield code="x">bibSOK00427499</subfield>
    </datafield>
    <datafield tag="852" ind1=" " ind2=" ">
      <subfield code="a">D1</subfield>
      <subfield code="x">bibDEK00740955</subfield>
    </datafield>
  </record>
  <record>
    <leader>00501nam  2200157 i 4500</leader>
    <controlfield tag="001">MOKKAW0005343476  </controlfield>
    <controlfield tag="005">20080410203514.0</controlfield>
    <controlfield tag="008">990828s1971                  000 0 hun d</controlfield>
    <datafield tag="035" ind1=" " ind2=" ">
      <subfield code="a">BMEOMIKK000077254</subfield>
    </datafield>
    <datafield tag="040" ind1=" " ind2=" ">
      <subfield code="a">BMEOMIKK</subfield>
    </datafield>
    <datafield tag="041" ind1="0" ind2=" ">
      <subfield code="a">hun</subfield>
    </datafield>
    <datafield tag="245" ind1="0" ind2="0">
      <subfield code="a">1000 építőipari gép és munkaeszköz /</subfield>
      <subfield code="c">szerk. Sztanó Veronika</subfield>
    </datafield>
    <datafield tag="260" ind1=" " ind2=" ">
      <subfield code="a">Budapest :</subfield>
      <subfield code="b">Főv. Építőip. Üzemgazd. és Ügyviteltechn. Iroda,</subfield>
      <subfield code="c">1971</subfield>
    </datafield>
    <datafield tag="300" ind1=" " ind2=" ">
      <subfield code="a">515 p. ;</subfield>
      <subfield code="c">20 cm</subfield>
    </datafield>
    <datafield tag="700" ind1="1" ind2=" ">
      <subfield code="a">Sztanó Veronika</subfield>
    </datafield>
    <datafield tag="852" ind1=" " ind2=" ">
      <subfield code="a">B11</subfield>
      <subfield code="b">B11</subfield>
      <subfield code="x">BMEOMIKK000077254</subfield>
    </datafield>
  </record>
  <record>
    <leader>00823nam  2200229   4500</leader>
    <controlfield tag="001">MOKKAW0005158762  </controlfield>
    <controlfield tag="005">20080418020831.0</controlfield>
    <controlfield tag="008">070928s2007           f            hun d</controlfield>
    <datafield tag="020" ind1=" " ind2=" ">
      <subfield code="a">978-963-9534-95-7 (fűzött) :</subfield>
    </datafield>
    <datafield tag="035" ind1=" " ind2=" ">
      <subfield code="a">bibFSZ01371675</subfield>
    </datafield>
    <datafield tag="040" ind1=" " ind2=" ">
      <subfield code="a">FSZEK</subfield>
    </datafield>
    <datafield tag="041" ind1=" " ind2=" ">
      <subfield code="a">huneng</subfield>
    </datafield>
    <datafield tag="100" ind1="1" ind2=" ">
      <subfield code="a">Heriott, Luke</subfield>
    </datafield>
    <datafield tag="240" ind1=" " ind2="0">
      <subfield code="a">1000 restaurant, bar, and cafe graphics</subfield>
    </datafield>
    <datafield tag="245" ind1="1" ind2="0">
      <subfield code="a">1000 étterem, bár, és kávézó grafikai világa :</subfield>
      <subfield code="b">feliratoktól a logókig, és minden egyéb, amit a vendég lát /</subfield>
      <subfield code="c">Luke Heriott ; [ford. Herhoff Katalin]</subfield>
    </datafield>
    <datafield tag="260" ind1=" " ind2=" ">
      <subfield code="a">Budapest :</subfield>
      <subfield code="b">Scolar,</subfield>
      <subfield code="c">cop. 2007</subfield>
    </datafield>
    <datafield tag="300" ind1=" " ind2=" ">
      <subfield code="a">320 p. :</subfield>
      <subfield code="b">ill. ;</subfield>
      <subfield code="c">24x24 cm</subfield>
    </datafield>
    <datafield tag="490" ind1="1" ind2=" ">
      <subfield code="a">(Scolar design,</subfield>
      <subfield code="x">1788-5841)</subfield>
    </datafield>
    <datafield tag="500" ind1=" " ind2=" ">
      <subfield code="a">A gyűjtemény eredeti angol nyelven</subfield>
    </datafield>
    <datafield tag="700" ind1="1" ind2=" ">
      <subfield code="a">Herhoff Katalin</subfield>
      <subfield code="4">ford.</subfield>
    </datafield>
    <datafield tag="830" ind1=" " ind2="0">
      <subfield code="a">Scolar design</subfield>
    </datafield>
    <datafield tag="852" ind1=" " ind2=" ">
      <subfield code="a">B10</subfield>
      <subfield code="b">B10</subfield>
      <subfield code="x">bibFSZ01371675</subfield>
    </datafield>
  </record>
  <record>
    <leader>01756nam  2200565 i 4500</leader>
    <controlfield tag="001">MOKKAN0004832412  </controlfield>
    <controlfield tag="005">20100519144253.0</controlfield>
    <controlfield tag="008">071003 2007    hu            00010 hun  </controlfield>
    <datafield tag="020" ind1=" " ind2=" ">
      <subfield code="a">978 963 9534 95 7</subfield>
    </datafield>
    <datafield tag="035" ind1=" " ind2=" ">
      <subfield code="a">bibJAT00716276</subfield>
    </datafield>
    <datafield tag="040" ind1=" " ind2=" ">
      <subfield code="a">SZTE</subfield>
    </datafield>
    <datafield tag="041" ind1=" " ind2=" ">
      <subfield code="a">hun</subfield>
      <subfield code="h">eng</subfield>
    </datafield>
    <datafield tag="080" ind1=" " ind2=" ">
      <subfield code="a">640.43</subfield>
    </datafield>
    <datafield tag="080" ind1=" " ind2=" ">
      <subfield code="a">658.512.2</subfield>
    </datafield>
    <datafield tag="100" ind1="1" ind2=" ">
      <subfield code="a">Herriott, Luke</subfield>
    </datafield>
    <datafield tag="240" ind1="1" ind2="0">
      <subfield code="a">1000 restaurant, bar and cafe graphics</subfield>
      <subfield code="l">(magyar)</subfield>
    </datafield>
    <datafield tag="245" ind1="1" ind2="0">
      <subfield code="a">1000 étterem, bár és kávézó grafikai világa :</subfield>
      <subfield code="b">feliratoktól a logókig, és minden egyéb, amit a vendég lát /</subfield>
      <subfield code="c">Luke Herriott ; [ford. Herhoff Katalin]</subfield>
    </datafield>
    <datafield tag="260" ind1=" " ind2=" ">
      <subfield code="a">Bp. :</subfield>
      <subfield code="b">Scolar,</subfield>
      <subfield code="c">[2007]</subfield>
    </datafield>
    <datafield tag="300" ind1=" " ind2=" ">
      <subfield code="a">320 p. :</subfield>
      <subfield code="b">ill. ;</subfield>
      <subfield code="c">24x24 cm</subfield>
    </datafield>
    <datafield tag="490" ind1="1" ind2=" ">
      <subfield code="a">(Scolar design ,</subfield>
      <subfield code="x">1788-5841)</subfield>
    </datafield>
    <datafield tag="650" ind1=" " ind2="7">
      <subfield code="a">Formatervezés</subfield>
      <subfield code="x">ipari</subfield>
      <subfield code="2">szte</subfield>
    </datafield>
    <datafield tag="650" ind1=" " ind2="7">
      <subfield code="a">Grafika</subfield>
      <subfield code="x">alkalmazott</subfield>
      <subfield code="2">szte</subfield>
    </datafield>
    <datafield tag="650" ind1=" " ind2=" ">
      <subfield code="a">Grafika</subfield>
      <subfield code="x">alkalmazott</subfield>
    </datafield>
    <datafield tag="650" ind1=" " ind2=" ">
      <subfield code="a">Logo</subfield>
    </datafield>
    <datafield tag="650" ind1=" " ind2=" ">
      <subfield code="a">Díszítőművészet</subfield>
      <subfield code="x">gyakorlati alkalmazás</subfield>
    </datafield>
    <datafield tag="650" ind1=" " ind2=" ">
      <subfield code="a">Iparművészeti</subfield>
      <subfield code="x">alkalmazások</subfield>
    </datafield>
    <datafield tag="650" ind1=" " ind2="7">
      <subfield code="a">Védjegy</subfield>
      <subfield code="x">világ országai</subfield>
      <subfield code="2">szte</subfield>
    </datafield>
    <datafield tag="650" ind1=" " ind2="7">
      <subfield code="a">Reklámgrafika</subfield>
      <subfield code="2">szte</subfield>
    </datafield>
    <datafield tag="650" ind1=" " ind2="4">
      <subfield code="a">alkalmazott grafika</subfield>
    </datafield>
    <datafield tag="650" ind1=" " ind2="4">
      <subfield code="a">bár</subfield>
    </datafield>
    <datafield tag="650" ind1=" " ind2="4">
      <subfield code="a">embléma</subfield>
    </datafield>
    <datafield tag="650" ind1=" " ind2="4">
      <subfield code="a">felirat</subfield>
    </datafield>
    <datafield tag="650" ind1=" " ind2="4">
      <subfield code="a">kávéház</subfield>
    </datafield>
    <datafield tag="650" ind1=" " ind2="4">
      <subfield code="a">vendéglő</subfield>
    </datafield>
    <datafield tag="650" ind1=" " ind2="4">
      <subfield code="a">védjegy</subfield>
    </datafield>
    <datafield tag="650" ind1=" " ind2="4">
      <subfield code="a">étterem</subfield>
    </datafield>
    <datafield tag="650" ind1=" " ind2="7">
      <subfield code="a">Éttermek</subfield>
      <subfield code="2">lcsh//hun</subfield>
    </datafield>
    <datafield tag="650" ind1=" " ind2="7">
      <subfield code="a">Design</subfield>
      <subfield code="2">lcsh//hun</subfield>
    </datafield>
    <datafield tag="650" ind1=" " ind2="0">
      <subfield code="a">Restaurants.</subfield>
    </datafield>
    <datafield tag="650" ind1=" " ind2="0">
      <subfield code="a">Design.</subfield>
    </datafield>
    <datafield tag="695" ind1=" " ind2=" ">
      <subfield code="a">Reklámgrafika</subfield>
    </datafield>
    <datafield tag="695" ind1=" " ind2=" ">
      <subfield code="a">Grafika, alkalmazott</subfield>
    </datafield>
    <datafield tag="695" ind1=" " ind2=" ">
      <subfield code="a">Logo</subfield>
    </datafield>
    <datafield tag="700" ind1="1" ind2=" ">
      <subfield code="a">Herhoff Katalin</subfield>
    </datafield>
    <datafield tag="830" ind1=" " ind2="0">
      <subfield code="a">Scolar design</subfield>
    </datafield>
    <datafield tag="852" ind1=" " ind2=" ">
      <subfield code="a">SZ1</subfield>
      <subfield code="b">SZ1/S1</subfield>
      <subfield code="b">SZ1</subfield>
      <subfield code="x">bibJAT00716276</subfield>
    </datafield>
    <datafield tag="852" ind1=" " ind2=" ">
      <subfield code="a">P1</subfield>
      <subfield code="b">P1</subfield>
      <subfield code="b">P1/MH</subfield>
      <subfield code="x">bibJPT00455178    JPTE</subfield>
    </datafield>
    <datafield tag="852" ind1=" " ind2=" ">
      <subfield code="a">SZ4</subfield>
      <subfield code="b">SZ4/K1</subfield>
      <subfield code="x">bibSOK00433263</subfield>
    </datafield>
    <datafield tag="852" ind1=" " ind2=" ">
      <subfield code="a">SZO1</subfield>
      <subfield code="b">SZO1</subfield>
      <subfield code="x">150643005</subfield>
    </datafield>
    <datafield tag="852" ind1=" " ind2=" ">
      <subfield code="a">D1</subfield>
      <subfield code="b">D108</subfield>
      <subfield code="b">D1</subfield>
      <subfield code="x">MOKKAN0004832413</subfield>
    </datafield>
  </record>
  <record>
    <leader>00862cgm  2200265   4500</leader>
    <controlfield tag="001">MOKKAS0003769807  </controlfield>
    <controlfield tag="005">20060615071951.0</controlfield>
    <controlfield tag="007">mrucaaad               </controlfield>
    <controlfield tag="008">051220s2005    hu 100v          0mnhun d</controlfield>
    <datafield tag="028" ind1=" " ind2=" ">
      <subfield code="a">061</subfield>
    </datafield>
    <datafield tag="035" ind1=" " ind2=" ">
      <subfield code="a">bibTMK154260</subfield>
    </datafield>
    <datafield tag="040" ind1=" " ind2=" ">
      <subfield code="a">IGYUK</subfield>
    </datafield>
    <datafield tag="041" ind1=" " ind2=" ">
      <subfield code="a">hun</subfield>
    </datafield>
    <datafield tag="100" ind1="1" ind2=" ">
      <subfield code="a">Szakály István</subfield>
      <subfield code="c">(rendező)</subfield>
    </datafield>
    <datafield tag="245" ind1="1" ind2="0">
      <subfield code="a">1000 év 100 percben</subfield>
      <subfield code="h">[elektronikus vizuális dok.] :</subfield>
      <subfield code="b">a magyar állam múltjáról, jövőjéről /</subfield>
      <subfield code="c">szerk. és rend. Szakály István</subfield>
    </datafield>
    <datafield tag="260" ind1=" " ind2=" ">
      <subfield code="a">[Budapest] :</subfield>
      <subfield code="b">MTV : Mokép,</subfield>
      <subfield code="c">[2005]</subfield>
    </datafield>
    <datafield tag="300" ind1=" " ind2=" ">
      <subfield code="a">1 DVD :</subfield>
      <subfield code="b">színes ;</subfield>
      <subfield code="c">12 cm</subfield>
    </datafield>
    <datafield tag="306" ind1=" " ind2=" ">
      <subfield code="a">(100 min)</subfield>
    </datafield>
    <datafield tag="508" ind1=" " ind2=" ">
      <subfield code="a">Glatz Ferenc</subfield>
    </datafield>
    <datafield tag="610" ind1="2" ind2=" ">
      <subfield code="a">Magyar Televízió (Budapest)</subfield>
    </datafield>
    <datafield tag="651" ind1=" " ind2="4">
      <subfield code="a">Magyarország</subfield>
      <subfield code="x">történet</subfield>
    </datafield>
    <datafield tag="695" ind1=" " ind2=" ">
      <subfield code="a">magyar</subfield>
    </datafield>
    <datafield tag="695" ind1=" " ind2=" ">
      <subfield code="a">dokumentumfilm</subfield>
    </datafield>
    <datafield tag="700" ind1="1" ind2=" ">
      <subfield code="a">Glatz Ferenc</subfield>
      <subfield code="d">(1941-)</subfield>
      <subfield code="c">(történész, akadémikus)</subfield>
    </datafield>
    <datafield tag="852" ind1=" " ind2=" ">
      <subfield code="a">SZK1</subfield>
      <subfield code="b">SZK1</subfield>
      <subfield code="x">bibTMK154260</subfield>
    </datafield>
  </record>
  <record>
    <leader>01058ngm  2200301   4500</leader>
    <controlfield tag="001">MOKKAN0004335582  </controlfield>
    <controlfield tag="005">20100510142323.0</controlfield>
    <controlfield tag="008">060913s2006                        hun d</controlfield>
    <datafield tag="028" ind1=" " ind2=" ">
      <subfield code="a">061</subfield>
    </datafield>
    <datafield tag="035" ind1=" " ind2=" ">
      <subfield code="a">bibFSZ01306005</subfield>
    </datafield>
    <datafield tag="040" ind1=" " ind2=" ">
      <subfield code="a">FSZEK</subfield>
    </datafield>
    <datafield tag="041" ind1=" " ind2=" ">
      <subfield code="a">hun</subfield>
    </datafield>
    <datafield tag="100" ind1="1" ind2=" ">
      <subfield code="a">Szakály István</subfield>
    </datafield>
    <datafield tag="245" ind1="1" ind2="0">
      <subfield code="a">1000 év 100 percben</subfield>
      <subfield code="h">[DVD-felvétel] :</subfield>
      <subfield code="b">a magyar állam múltjáról, jövőjéről : Szakály István filmje /</subfield>
      <subfield code="c">[közrem.] Glatz Ferenc</subfield>
    </datafield>
    <datafield tag="260" ind1=" " ind2=" ">
      <subfield code="a">[Budapest] :</subfield>
      <subfield code="b">MTV Rt. :</subfield>
      <subfield code="b">Mokép Rt.,</subfield>
      <subfield code="c">[2006]</subfield>
    </datafield>
    <datafield tag="300" ind1=" " ind2=" ">
      <subfield code="a">1 DVD (100 min) :</subfield>
      <subfield code="b">színes ;</subfield>
      <subfield code="c">12 cm</subfield>
    </datafield>
    <datafield tag="500" ind1=" " ind2=" ">
      <subfield code="a">Extrák: Interaktív menük ; Jelenetválasztás</subfield>
    </datafield>
    <datafield tag="508" ind1=" " ind2=" ">
      <subfield code="a">Operatőr: Nemescsói Tamás, Pápay Zsolt, Rácz Albert</subfield>
    </datafield>
    <datafield tag="518" ind1=" " ind2=" ">
      <subfield code="a">A felvétel 2001-ben kész.</subfield>
    </datafield>
    <datafield tag="546" ind1=" " ind2=" ">
      <subfield code="a">Hang: magyar (Dolby Surround)</subfield>
    </datafield>
    <datafield tag="695" ind1=" " ind2="1">
      <subfield code="a">DVD</subfield>
    </datafield>
    <datafield tag="695" ind1=" " ind2="1">
      <subfield code="a">magyar</subfield>
    </datafield>
    <datafield tag="695" ind1=" " ind2="1">
      <subfield code="a">dokumentumfilm</subfield>
    </datafield>
    <datafield tag="700" ind1="1" ind2=" ">
      <subfield code="a">Glatz Ferenc</subfield>
      <subfield code="d">(1941-)</subfield>
      <subfield code="4">közrem.</subfield>
    </datafield>
    <datafield tag="700" ind1="1" ind2=" ">
      <subfield code="a">Nemescsói Tamás</subfield>
      <subfield code="4">operatőr</subfield>
    </datafield>
    <datafield tag="700" ind1="1" ind2=" ">
      <subfield code="a">Pápay Zsolt</subfield>
      <subfield code="4">operatőr</subfield>
    </datafield>
    <datafield tag="700" ind1="1" ind2=" ">
      <subfield code="a">Rácz Albert</subfield>
      <subfield code="d">(1928-)</subfield>
      <subfield code="4">operatőr</subfield>
    </datafield>
    <datafield tag="852" ind1=" " ind2=" ">
      <subfield code="a">B10</subfield>
      <subfield code="b">0801</subfield>
      <subfield code="x">bibFSZ01306005</subfield>
    </datafield>
  </record>
  <record>
    <leader>01263njm  2200205 i 4500</leader>
    <controlfield tag="001">MOKKAS0001014799  </controlfield>
    <controlfield tag="005">20051215154448.0</controlfield>
    <controlfield tag="008">050903s2000    hu            00010 hun d</controlfield>
    <datafield tag="028" ind1="0" ind2="0">
      <subfield code="a">HCD 16859</subfield>
    </datafield>
    <datafield tag="035" ind1=" " ind2=" ">
      <subfield code="a">bibBKO00085636</subfield>
    </datafield>
    <datafield tag="040" ind1=" " ind2=" ">
      <subfield code="a">BMK</subfield>
    </datafield>
    <datafield tag="245" ind1="0" ind2="0">
      <subfield code="a">1000 év + gitáron</subfield>
      <subfield code="h">[Hangfelvétel] /</subfield>
      <subfield code="c">Ea. Benkő Dániel, gitár</subfield>
    </datafield>
    <datafield tag="260" ind1=" " ind2=" ">
      <subfield code="a">[Budapest] :</subfield>
      <subfield code="b">Hungaroton,</subfield>
      <subfield code="c">cop. 2000</subfield>
    </datafield>
    <datafield tag="300" ind1=" " ind2=" ">
      <subfield code="a">1 db CD lemez :</subfield>
      <subfield code="b">AAD, DDD ;</subfield>
      <subfield code="c">12 cm</subfield>
    </datafield>
    <datafield tag="306" ind1=" " ind2=" ">
      <subfield code="a">62 min 3 s</subfield>
    </datafield>
    <datafield tag="504" ind1=" " ind2=" ">
      <subfield code="a">Közreműködők felsorolása a borítón</subfield>
    </datafield>
    <datafield tag="505" ind1="0" ind2="0">
      <subfield code="g">1.</subfield>
      <subfield code="t">Blanka</subfield>
      <subfield code="t">Orangerie</subfield>
      <subfield code="t">Bahamas</subfield>
      <subfield code="t">A 2000. év /</subfield>
      <subfield code="r">Benkő --</subfield>
      <subfield code="g">2.</subfield>
      <subfield code="t">Körbe-körbe</subfield>
      <subfield code="t">Az álom hangja</subfield>
      <subfield code="t">Latin nő</subfield>
      <subfield code="t">Az utolsó bossanova /</subfield>
      <subfield code="r">Benkő--</subfield>
      <subfield code="g">3.</subfield>
      <subfield code="t">Mikor elindul a vonat /</subfield>
      <subfield code="r">Demjén, Presser ; Benkő--</subfield>
      <subfield code="g">4.</subfield>
      <subfield code="t">Szépek és bolondok /</subfield>
      <subfield code="r">Presser ; Benkő--</subfield>
      <subfield code="g">5.</subfield>
      <subfield code="t">Könyörgés /</subfield>
      <subfield code="r">Presser, Adamis ; Benkő--</subfield>
      <subfield code="g">6.</subfield>
      <subfield code="t">Cavatina /</subfield>
      <subfield code="r">Myers ; Benkő--</subfield>
      <subfield code="g">7.</subfield>
      <subfield code="t">Moult sui /</subfield>
      <subfield code="r">Machaut ; Benkő--</subfield>
      <subfield code="g">8.</subfield>
      <subfield code="t">Zsidó tánc /</subfield>
      <subfield code="r">Neusidler ; Benkő--</subfield>
      <subfield code="g">9.</subfield>
      <subfield code="t">Historikus szvit</subfield>
      <subfield code="t">Datolya</subfield>
      <subfield code="t">Tango /</subfield>
      <subfield code="r">Ismeretlen szerző ; Benkő--</subfield>
      <subfield code="g">10.</subfield>
      <subfield code="t">Andante /</subfield>
      <subfield code="r">Vivaldi ; Benkő--</subfield>
      <subfield code="g">11.</subfield>
      <subfield code="t">Brazil /</subfield>
      <subfield code="r">Villa-Lobos ; Benkő--</subfield>
      <subfield code="g">12.</subfield>
      <subfield code="t">Estrellita /</subfield>
      <subfield code="r">Ponce ; Benkő--</subfield>
      <subfield code="g">13.</subfield>
      <subfield code="t">Románc</subfield>
      <subfield code="t">Matanzas /</subfield>
      <subfield code="r">Ismeretlen szerző ; Benkő</subfield>
    </datafield>
    <datafield tag="650" ind1=" " ind2="5">
      <subfield code="a">gitár - szólómű</subfield>
    </datafield>
    <datafield tag="700" ind1="1" ind2=" ">
      <subfield code="a">Benkő Dániel</subfield>
      <subfield code="4">git.</subfield>
    </datafield>
    <datafield tag="852" ind1=" " ind2=" ">
      <subfield code="a">BCS1</subfield>
      <subfield code="b">BCS1</subfield>
      <subfield code="x">bibBKO00085636</subfield>
    </datafield>
  </record>
  <record>
    <leader>01248nam  2200265   4500</leader>
    <controlfield tag="001">MOKKAZ0004937437  </controlfield>
    <controlfield tag="005">20040910120506.0</controlfield>
    <controlfield tag="008">030731s2000    hu            00010 hun d</controlfield>
    <datafield tag="020" ind1=" " ind2=" ">
      <subfield code="a">963 002546 9</subfield>
    </datafield>
    <datafield tag="035" ind1=" " ind2=" ">
      <subfield code="a">bibJPT00225044</subfield>
    </datafield>
    <datafield tag="040" ind1=" " ind2=" ">
      <subfield code="a">PTE</subfield>
    </datafield>
    <datafield tag="245" ind1="0" ind2="0">
      <subfield code="a">1000 éve Európában :</subfield>
      <subfield code="b">Magyarország gyermekszemmel : Országos millenniumi gyermekrajz-pályázat kiállítása : Hadtörténeti Múzeum 2000. március 25. - október 6. = A thausand years in Europe : Hungary through children's eyes : Exhibition of the children's art Millennium national competition /</subfield>
      <subfield code="c">[a katalógust összeáll. Dombyné Szántó Melánia, Juhász Gábor, Kerékgyártó István] ; [ford. Frank Orsolya, Peter Meikle] ; [fotó Barnaföldi Gábor, Kunkovács László]</subfield>
    </datafield>
    <datafield tag="260" ind1=" " ind2=" ">
      <subfield code="a">Budapest :</subfield>
      <subfield code="b">Barcsay Gyermekképzőművészeti Alapítvány,</subfield>
      <subfield code="c">2000</subfield>
    </datafield>
    <datafield tag="300" ind1=" " ind2=" ">
      <subfield code="a">170 p. :</subfield>
      <subfield code="b">ill. ;</subfield>
      <subfield code="c">30 cm</subfield>
    </datafield>
    <datafield tag="500" ind1=" " ind2=" ">
      <subfield code="a">Kiállítási katalógus</subfield>
    </datafield>
    <datafield tag="695" ind1=" " ind2=" ">
      <subfield code="a">Kiállítási katalógus</subfield>
    </datafield>
    <datafield tag="695" ind1=" " ind2=" ">
      <subfield code="a">Gyermekrajz</subfield>
    </datafield>
    <datafield tag="700" ind1="2" ind2=" ">
      <subfield code="a">Dombyné Szántó Melánia</subfield>
    </datafield>
    <datafield tag="700" ind1="1" ind2=" ">
      <subfield code="a">Juhász Gábor</subfield>
    </datafield>
    <datafield tag="700" ind1="1" ind2=" ">
      <subfield code="a">Kerékgyártó István</subfield>
    </datafield>
    <datafield tag="700" ind1="1" ind2=" ">
      <subfield code="a">Frank Orsolya</subfield>
    </datafield>
    <datafield tag="700" ind1="1" ind2=" ">
      <subfield code="a">Meikle, Peter</subfield>
    </datafield>
    <datafield tag="700" ind1="1" ind2=" ">
      <subfield code="a">Barnaföldi Gábor</subfield>
    </datafield>
    <datafield tag="700" ind1="1" ind2=" ">
      <subfield code="a">Kunkovács László</subfield>
      <subfield code="d">(1942-)</subfield>
    </datafield>
    <datafield tag="852" ind1=" " ind2=" ">
      <subfield code="a">P1</subfield>
      <subfield code="b">P1</subfield>
      <subfield code="x">bibJPT00225044</subfield>
    </datafield>
  </record>
  <record>
    <leader>01241nam  2200229 i 4500</leader>
    <controlfield tag="001">MOKKAZ0006456206  </controlfield>
    <controlfield tag="005">20040915203507.0</controlfield>
    <controlfield tag="008">030226s2000    hu aro   c    100 0dhun d</controlfield>
    <datafield tag="020" ind1=" " ind2=" ">
      <subfield code="a">963-00-2546-9 (fűzött)</subfield>
    </datafield>
    <datafield tag="035" ind1=" " ind2=" ">
      <subfield code="a">952818</subfield>
    </datafield>
    <datafield tag="040" ind1=" " ind2=" ">
      <subfield code="a">OSZK</subfield>
    </datafield>
    <datafield tag="041" ind1="0" ind2=" ">
      <subfield code="a">hunenghuneng</subfield>
    </datafield>
    <datafield tag="072" ind1=" " ind2="1">
      <subfield code="a">Y</subfield>
    </datafield>
    <datafield tag="245" ind1="0" ind2="0">
      <subfield code="a">1000 éve Európában : </subfield>
      <subfield code="b">Magyarország gyermekszemmel : országos milleniumi gyermekrajz-pályázat kiállítása : Hadtörténeti Múzeum, 2000. március 25 - október 6. /</subfield>
      <subfield code="c">[a katalógust összeáll., ... Dombyné Szántó Melánia, Juhász Gábor és Kerékgyártó István] ; [a kiállítást rend. ... Dombyné Szántó Melánia] ; Barcsay Gyermekképzőművészeti Alapítvány kiadása.</subfield>
    </datafield>
    <datafield tag="246" ind1="1" ind2="1">
      <subfield code="a">A thousand years in Europe</subfield>
      <subfield code="b">Hungary through children's eyes</subfield>
      <subfield code="b">exhibition of the children's art millennium national competition</subfield>
    </datafield>
    <datafield tag="260" ind1=" " ind2=" ">
      <subfield code="a">Budapest :</subfield>
      <subfield code="b">Barcsay Gyermekképzőművészeti Alapítvány,</subfield>
      <subfield code="c">2000</subfield>
      <subfield code="e">(Budapest</subfield>
      <subfield code="f">Passzer)</subfield>
    </datafield>
    <datafield tag="300" ind1=" " ind2=" ">
      <subfield code="a">170 p. :</subfield>
      <subfield code="b">ill., főként színes ;</subfield>
      <subfield code="c">30 cm</subfield>
    </datafield>
    <datafield tag="700" ind1="1" ind2=" ">
      <subfield code="a">Juhász Gábor</subfield>
      <subfield code="4">(összeáll.)</subfield>
    </datafield>
    <datafield tag="700" ind1="1" ind2=" ">
      <subfield code="a">Kerékgyártó István</subfield>
      <subfield code="4">(öszeáll.)</subfield>
    </datafield>
    <datafield tag="700" ind1="2" ind2=" ">
      <subfield code="a">Dombyné Szántó Melánia</subfield>
      <subfield code="4">(rend.)</subfield>
    </datafield>
    <datafield tag="710" ind1="2" ind2=" ">
      <subfield code="a">Barcsay Gyermekképzőművészeti Alapítvány</subfield>
      <subfield code="4">közread.</subfield>
    </datafield>
    <datafield tag="852" ind1=" " ind2=" ">
      <subfield code="a">B1</subfield>
      <subfield code="b">B1</subfield>
      <subfield code="x">952818</subfield>
    </datafield>
  </record>
  <record>
    <leader>01055cam  2200253 i 4500</leader>
    <controlfield tag="001">MOKKAS0002415607  </controlfield>
    <controlfield tag="005">20060617094019.0</controlfield>
    <controlfield tag="008">960816s1996    hu            000 0dhun d</controlfield>
    <datafield tag="020" ind1=" " ind2=" ">
      <subfield code="a">963-8153-78-4</subfield>
    </datafield>
    <datafield tag="035" ind1=" " ind2=" ">
      <subfield code="a">bibBBM94842</subfield>
    </datafield>
    <datafield tag="040" ind1=" " ind2=" ">
      <subfield code="a">BBMK</subfield>
    </datafield>
    <datafield tag="041" ind1="0" ind2=" ">
      <subfield code="a">hunhun</subfield>
      <subfield code="b">enggerrus</subfield>
    </datafield>
    <datafield tag="245" ind1="0" ind2="0">
      <subfield code="a">1000 éves a magyar iskola /</subfield>
      <subfield code="c">[... szerk. Balogh László ; ... szerzői Kardos József et al. ; a képanyagot összeáll. Jáki László ; a fotókat kész. Székely Péter ...]. -</subfield>
    </datafield>
    <datafield tag="260" ind1=" " ind2=" ">
      <subfield code="a">Budapest :</subfield>
      <subfield code="b">Korona,</subfield>
      <subfield code="c">1996. -</subfield>
    </datafield>
    <datafield tag="300" ind1=" " ind2=" ">
      <subfield code="a">181,[2] p. :</subfield>
      <subfield code="b">ill., részben színes ;</subfield>
      <subfield code="c">29 cm.</subfield>
    </datafield>
    <datafield tag="500" ind1=" " ind2=" ">
      <subfield code="t">Angol, német és orosz nyelvű összefoglalóval.</subfield>
    </datafield>
    <datafield tag="650" ind1=" " ind2="4">
      <subfield code="a">Retrokonv</subfield>
    </datafield>
    <datafield tag="650" ind1=" " ind2="4">
      <subfield code="a">Pedagógia</subfield>
    </datafield>
    <datafield tag="650" ind1=" " ind2="4">
      <subfield code="a">Neveléstörténet</subfield>
    </datafield>
    <datafield tag="695" ind1="0" ind2="4">
      <subfield code="a">közoktatás</subfield>
      <subfield code="v">kronológia</subfield>
      <subfield code="x">milleniumi kiállítások</subfield>
      <subfield code="y">895-1995</subfield>
      <subfield code="z">magyar</subfield>
    </datafield>
    <datafield tag="695" ind1="0" ind2="4">
      <subfield code="a">neveléstörténet</subfield>
      <subfield code="v">kronológia</subfield>
      <subfield code="x">milleniumi kiállítások</subfield>
      <subfield code="y">895-1995</subfield>
      <subfield code="z">magyar</subfield>
    </datafield>
    <datafield tag="695" ind1="0" ind2="4">
      <subfield code="a">iskolatörténet</subfield>
      <subfield code="x">milleniumi kiállítások</subfield>
      <subfield code="y">895-1995</subfield>
      <subfield code="x">kronológia</subfield>
    </datafield>
    <datafield tag="695" ind1="1" ind2="1">
      <subfield code="a">Balogh László</subfield>
      <subfield code="d">(1932-)</subfield>
    </datafield>
    <datafield tag="852" ind1=" " ind2=" ">
      <subfield code="a">ST1</subfield>
      <subfield code="b">ST1</subfield>
      <subfield code="x">bibBBM94842</subfield>
    </datafield>
  </record>
  <record>
    <leader>03301fam  2200793 i 4500</leader>
    <controlfield tag="001">MOKKAZ0006336631  </controlfield>
    <controlfield tag="005">20101112114410.0</controlfield>
    <controlfield tag="008">960327s1996    hu arb        000 0dhun d</controlfield>
    <datafield tag="020" ind1=" " ind2=" ">
      <subfield code="a">963-8153-78-4 (fűzött) :</subfield>
      <subfield code="c">990,- Ft</subfield>
    </datafield>
    <datafield tag="035" ind1=" " ind2=" ">
      <subfield code="a">175328</subfield>
    </datafield>
    <datafield tag="040" ind1=" " ind2=" ">
      <subfield code="a">OSZK</subfield>
    </datafield>
    <datafield tag="041" ind1="0" ind2=" ">
      <subfield code="a">hunhun</subfield>
      <subfield code="b">enggerrus</subfield>
    </datafield>
    <datafield tag="080" ind1=" " ind2=" ">
      <subfield code="a">37(439)"0996/1996"(084.1)</subfield>
    </datafield>
    <datafield tag="080" ind1=" " ind2=" ">
      <subfield code="a">37(439)(091)</subfield>
    </datafield>
    <datafield tag="245" ind1="0" ind2="0">
      <subfield code="a">1000 éves a magyar iskola /</subfield>
      <subfield code="c">[... szerk. Balogh László] ; [... szerzői Kardos József et al.] ; [a képanyagot összeáll. Jáki László] ; [a fotókat kész. Székely Péter ...]</subfield>
    </datafield>
    <datafield tag="260" ind1=" " ind2=" ">
      <subfield code="a">Budapest :</subfield>
      <subfield code="b">Korona,</subfield>
      <subfield code="c">1996</subfield>
      <subfield code="e">([Gyoma]</subfield>
      <subfield code="f">Kner)</subfield>
    </datafield>
    <datafield tag="300" ind1=" " ind2=" ">
      <subfield code="a">181, [2] p. :</subfield>
      <subfield code="b">ill., részben színes ;</subfield>
      <subfield code="c">29 cm</subfield>
    </datafield>
    <datafield tag="500" ind1=" " ind2=" ">
      <subfield code="a">Összefoglalás angol, német és orosz nyelven</subfield>
    </datafield>
    <datafield tag="650" ind1=" " ind2="4">
      <subfield code="a">Nevelés</subfield>
      <subfield code="z">Magyarország</subfield>
      <subfield code="x">történet</subfield>
    </datafield>
    <datafield tag="650" ind1=" " ind2="0">
      <subfield code="a">Education</subfield>
      <subfield code="z">Hungary</subfield>
      <subfield code="x">History.</subfield>
    </datafield>
    <datafield tag="650" ind1=" " ind2="7">
      <subfield code="a">Iskolatörténet</subfield>
      <subfield code="x">Magyarország</subfield>
      <subfield code="2">szte</subfield>
    </datafield>
    <datafield tag="650" ind1="0" ind2="4">
      <subfield code="a">közoktatás</subfield>
      <subfield code="v">kronológia</subfield>
      <subfield code="x">millenniumi kiállítások</subfield>
      <subfield code="y">895-1995</subfield>
      <subfield code="z">magyar</subfield>
    </datafield>
    <datafield tag="650" ind1="0" ind2="4">
      <subfield code="a">neveléstörténet</subfield>
      <subfield code="v">kronológia</subfield>
      <subfield code="x">millenniumi kiállítások</subfield>
      <subfield code="y">895-1995</subfield>
      <subfield code="z">magyar</subfield>
    </datafield>
    <datafield tag="650" ind1="0" ind2="4">
      <subfield code="a">iskolatörténet</subfield>
      <subfield code="x">millenniumi kiállítások</subfield>
      <subfield code="y">895-1995</subfield>
      <subfield code="x">kronológia</subfield>
    </datafield>
    <datafield tag="650" ind1=" " ind2="4">
      <subfield code="a">Magyarország</subfield>
    </datafield>
    <datafield tag="650" ind1=" " ind2="4">
      <subfield code="a">iskolaügy</subfield>
    </datafield>
    <datafield tag="650" ind1=" " ind2="7">
      <subfield code="a">Neveléstörténet</subfield>
      <subfield code="x">magyar</subfield>
      <subfield code="2">szte</subfield>
    </datafield>
    <datafield tag="650" ind1="0" ind2="4">
      <subfield code="a">iskolai nevelés</subfield>
      <subfield code="x">története</subfield>
      <subfield code="z">Magyarország</subfield>
    </datafield>
    <datafield tag="650" ind1="0" ind2="4">
      <subfield code="a">oktatás</subfield>
      <subfield code="z">Magyarország</subfield>
    </datafield>
    <datafield tag="650" ind1=" " ind2="4">
      <subfield code="a">Iskolatörténet</subfield>
    </datafield>
    <datafield tag="650" ind1=" " ind2="4">
      <subfield code="a">Nevelés, oktatás</subfield>
    </datafield>
    <datafield tag="650" ind1=" " ind2="4">
      <subfield code="a">Iskolák, magyar</subfield>
    </datafield>
    <datafield tag="650" ind1=" " ind2="4">
      <subfield code="a">Történet 996-1996</subfield>
    </datafield>
    <datafield tag="650" ind1=" " ind2="4">
      <subfield code="a">Adattár</subfield>
    </datafield>
    <datafield tag="650" ind1=" " ind2="4">
      <subfield code="a">Kronológia</subfield>
    </datafield>
    <datafield tag="650" ind1=" " ind2="4">
      <subfield code="a">Oktatástörténet</subfield>
    </datafield>
    <datafield tag="650" ind1=" " ind2="7">
      <subfield code="a">996-1996</subfield>
      <subfield code="2">opkm</subfield>
    </datafield>
    <datafield tag="650" ind1=" " ind2="7">
      <subfield code="a">iskolatörténet</subfield>
      <subfield code="2">opkm</subfield>
    </datafield>
    <datafield tag="650" ind1=" " ind2="7">
      <subfield code="a">neveléstörténet</subfield>
      <subfield code="2">opkm</subfield>
    </datafield>
    <datafield tag="650" ind1=" " ind2="7">
      <subfield code="a">Iskolatörténet</subfield>
      <subfield code="x">Magyarország</subfield>
    </datafield>
    <datafield tag="650" ind1=" " ind2="7">
      <subfield code="a">Neveléstörténet</subfield>
      <subfield code="x">magyar</subfield>
    </datafield>
    <datafield tag="651" ind1=" " ind2="4">
      <subfield code="a">Magyarország</subfield>
    </datafield>
    <datafield tag="695" ind1=" " ind2=" ">
      <subfield code="a">Iskolatörténet</subfield>
      <subfield code="x">magyar</subfield>
    </datafield>
    <datafield tag="695" ind1=" " ind2=" ">
      <subfield code="a">Pedagógia</subfield>
      <subfield code="x">Magyarország</subfield>
      <subfield code="x">története</subfield>
    </datafield>
    <datafield tag="700" ind1="1" ind2=" ">
      <subfield code="a">Balogh László</subfield>
      <subfield code="d">(1932-)</subfield>
      <subfield code="c">(ped. szakíró)</subfield>
      <subfield code="4">(szerk.)</subfield>
    </datafield>
    <datafield tag="700" ind1="1" ind2=" ">
      <subfield code="a">Kardos József</subfield>
      <subfield code="d">(1937-)</subfield>
      <subfield code="4">(közrem.)</subfield>
    </datafield>
    <datafield tag="700" ind1="1" ind2=" ">
      <subfield code="a">Jáki László</subfield>
      <subfield code="d">(1931-)</subfield>
      <subfield code="4">(ill.)</subfield>
    </datafield>
    <datafield tag="700" ind1="1" ind2=" ">
      <subfield code="a">Székely Péter</subfield>
      <subfield code="4">(ill.)</subfield>
    </datafield>
    <datafield tag="852" ind1=" " ind2=" ">
      <subfield code="a">B1</subfield>
      <subfield code="b">B1</subfield>
      <subfield code="x">175328</subfield>
    </datafield>
    <datafield tag="852" ind1=" " ind2=" ">
      <subfield code="a">D1</subfield>
      <subfield code="b">D1/SB</subfield>
      <subfield code="b">D1</subfield>
      <subfield code="x">bibKLT00121180</subfield>
    </datafield>
    <datafield tag="852" ind1=" " ind2=" ">
      <subfield code="a">SZ1</subfield>
      <subfield code="b">SZ1/R5</subfield>
      <subfield code="b">SZ1/R3</subfield>
      <subfield code="b">SZ1/REF</subfield>
      <subfield code="b">SZ1/S1</subfield>
      <subfield code="b">SZ10/FKI</subfield>
      <subfield code="b">SZ10/GYAK</subfield>
      <subfield code="b">SZ1</subfield>
      <subfield code="b">SZ1/133</subfield>
      <subfield code="x">bibJAT00218981</subfield>
    </datafield>
    <datafield tag="852" ind1=" " ind2=" ">
      <subfield code="a">B2</subfield>
      <subfield code="b">B2</subfield>
      <subfield code="b">B2/119</subfield>
      <subfield code="b">B2/78</subfield>
      <subfield code="b">B2</subfield>
      <subfield code="x">14167</subfield>
    </datafield>
    <datafield tag="852" ind1=" " ind2=" ">
      <subfield code="a">B10</subfield>
      <subfield code="b">0801</subfield>
      <subfield code="b">1803</subfield>
      <subfield code="b">1901</subfield>
      <subfield code="b">1903</subfield>
      <subfield code="b">2002</subfield>
      <subfield code="b">2101</subfield>
      <subfield code="b">2104</subfield>
      <subfield code="b">2301</subfield>
      <subfield code="b">0901</subfield>
      <subfield code="b">0902</subfield>
      <subfield code="b">1308</subfield>
      <subfield code="b">0702</subfield>
      <subfield code="b">0404</subfield>
      <subfield code="b">0401</subfield>
      <subfield code="b">0601</subfield>
      <subfield code="b">0602</subfield>
      <subfield code="b">0703</subfield>
      <subfield code="b">1704</subfield>
      <subfield code="b">1004</subfield>
      <subfield code="b">1602</subfield>
      <subfield code="b">1503</subfield>
      <subfield code="b">1501</subfield>
      <subfield code="b">0101</subfield>
      <subfield code="b">1106</subfield>
      <subfield code="b">1105</subfield>
      <subfield code="b">1201</subfield>
      <subfield code="b">1202</subfield>
      <subfield code="b">0301</subfield>
      <subfield code="b">0307</subfield>
      <subfield code="b">0204</subfield>
      <subfield code="b">0102</subfield>
      <subfield code="b">2203</subfield>
      <subfield code="b">0302</subfield>
      <subfield code="b">0202</subfield>
      <subfield code="x">bibFSZ00097612</subfield>
    </datafield>
    <datafield tag="852" ind1=" " ind2=" ">
      <subfield code="a">B10</subfield>
      <subfield code="b">0801</subfield>
      <subfield code="b">0801B</subfield>
      <subfield code="b">0801G</subfield>
      <subfield code="b">1801</subfield>
      <subfield code="b">1802</subfield>
      <subfield code="b">1803</subfield>
      <subfield code="b">2004</subfield>
      <subfield code="b">2103</subfield>
      <subfield code="b">2105</subfield>
      <subfield code="x">bibFSZ00097614</subfield>
    </datafield>
    <datafield tag="852" ind1=" " ind2=" ">
      <subfield code="a">B11</subfield>
      <subfield code="b">B11</subfield>
      <subfield code="x">BMEOMIKK000118584</subfield>
    </datafield>
    <datafield tag="852" ind1=" " ind2=" ">
      <subfield code="a">P1</subfield>
      <subfield code="b">P1/O</subfield>
      <subfield code="x">bibJPT0031073</subfield>
    </datafield>
    <datafield tag="852" ind1=" " ind2=" ">
      <subfield code="a">G1</subfield>
      <subfield code="b">G1</subfield>
      <subfield code="x">GATE-E00032571</subfield>
    </datafield>
    <datafield tag="852" ind1=" " ind2=" ">
      <subfield code="a">M1</subfield>
      <subfield code="b">M1</subfield>
      <subfield code="x">28631</subfield>
    </datafield>
    <datafield tag="852" ind1=" " ind2=" ">
      <subfield code="a">SZ4</subfield>
      <subfield code="b">SZ4</subfield>
      <subfield code="x">bibSOK00038367</subfield>
    </datafield>
    <datafield tag="852" ind1=" " ind2=" ">
      <subfield code="a">M2</subfield>
      <subfield code="b">M2</subfield>
      <subfield code="x">bibRFK00038808</subfield>
    </datafield>
    <datafield tag="852" ind1=" " ind2=" ">
      <subfield code="a">B503</subfield>
      <subfield code="b">B503</subfield>
      <subfield code="x">KÉE40504</subfield>
    </datafield>
    <datafield tag="852" ind1=" " ind2=" ">
      <subfield code="a">H1</subfield>
      <subfield code="b">H1</subfield>
      <subfield code="x">NLVK92241</subfield>
    </datafield>
    <datafield tag="852" ind1=" " ind2=" ">
      <subfield code="a">B11</subfield>
      <subfield code="b">B11</subfield>
      <subfield code="x">BMEOMIKK000127504</subfield>
    </datafield>
    <datafield tag="852" ind1=" " ind2=" ">
      <subfield code="a">SZL1</subfield>
      <subfield code="b">SZL1</subfield>
      <subfield code="x">bibVFK00173275</subfield>
    </datafield>
    <datafield tag="852" ind1=" " ind2=" ">
      <subfield code="a">P1</subfield>
      <subfield code="b">P1/FK</subfield>
      <subfield code="b">P1/F2</subfield>
      <subfield code="b">P1/F1</subfield>
      <subfield code="b">P1/TT</subfield>
      <subfield code="b">P1/K</subfield>
      <subfield code="x">bibJPT0052459</subfield>
    </datafield>
    <datafield tag="852" ind1=" " ind2=" ">
      <subfield code="a">B12</subfield>
      <subfield code="b">B12</subfield>
      <subfield code="x">BCEKK279428</subfield>
    </datafield>
    <datafield tag="852" ind1=" " ind2=" ">
      <subfield code="a">B3</subfield>
      <subfield code="b">B3</subfield>
      <subfield code="x">000116758</subfield>
    </datafield>
    <datafield tag="852" ind1=" " ind2=" ">
      <subfield code="a">B7</subfield>
      <subfield code="b">B7</subfield>
      <subfield code="x">289075</subfield>
    </datafield>
    <datafield tag="852" ind1=" " ind2=" ">
      <subfield code="a">SZ1</subfield>
      <subfield code="b">SZ1/S1</subfield>
      <subfield code="b">SZ1/R3</subfield>
      <subfield code="b">SZ1/R3TP</subfield>
      <subfield code="x">bibJAT00737036</subfield>
    </datafield>
  </record>
  <record>
    <leader>01786nam  2200529 i 4500</leader>
    <controlfield tag="001">MOKKAS0003284538  </controlfield>
    <controlfield tag="005">20091223224918.0</controlfield>
    <controlfield tag="008">050101s1996                            d</controlfield>
    <datafield tag="020" ind1=" " ind2=" ">
      <subfield code="a">963-9036-00-5</subfield>
      <subfield code="z">963 8153 78 4</subfield>
    </datafield>
    <datafield tag="035" ind1=" " ind2=" ">
      <subfield code="a">331256</subfield>
    </datafield>
    <datafield tag="040" ind1=" " ind2=" ">
      <subfield code="a">KKMK</subfield>
    </datafield>
    <datafield tag="080" ind1=" " ind2=" ">
      <subfield code="a">37.014(439)</subfield>
    </datafield>
    <datafield tag="080" ind1=" " ind2=" ">
      <subfield code="a">37(439)(091)</subfield>
    </datafield>
    <datafield tag="245" ind1="0" ind2="0">
      <subfield code="a">1000 éves a magyar iskola /</subfield>
      <subfield code="c">[... szerk.] Balogh László ; [fotókat kész.] Székely Péter ; [közrem. szerzőtárs] Kardos József</subfield>
    </datafield>
    <datafield tag="246" ind1="1" ind2="4">
      <subfield code="a">Ezeréves a magyar iskola (gerinccím)</subfield>
    </datafield>
    <datafield tag="250" ind1=" " ind2=" ">
      <subfield code="a">2. bőv. kiad.</subfield>
    </datafield>
    <datafield tag="260" ind1=" " ind2=" ">
      <subfield code="a">Budapest :</subfield>
      <subfield code="b">Korona Kiadó,</subfield>
      <subfield code="c">1996</subfield>
    </datafield>
    <datafield tag="300" ind1=" " ind2=" ">
      <subfield code="a">181, [2] p. :</subfield>
      <subfield code="b">ill., részben színes ;</subfield>
      <subfield code="c">29 cm</subfield>
    </datafield>
    <datafield tag="500" ind1=" " ind2=" ">
      <subfield code="a">Gerinccím: Ezeréves a magyar iskola. - Összefogl. angol, német és orosz nyelven</subfield>
    </datafield>
    <datafield tag="500" ind1=" " ind2=" ">
      <subfield code="a">Győr-Moson-Sopron megyei adatokkal</subfield>
    </datafield>
    <datafield tag="650" ind1=" " ind2="4">
      <subfield code="a">oktatásügy</subfield>
    </datafield>
    <datafield tag="650" ind1=" " ind2="4">
      <subfield code="a">neveléstörténet</subfield>
    </datafield>
    <datafield tag="650" ind1=" " ind2="4">
      <subfield code="a">Nevelés</subfield>
      <subfield code="x">történet</subfield>
      <subfield code="z">Magyarország</subfield>
    </datafield>
    <datafield tag="650" ind1=" " ind2="4">
      <subfield code="a">magyar</subfield>
    </datafield>
    <datafield tag="650" ind1=" " ind2="4">
      <subfield code="a">oktatás</subfield>
    </datafield>
    <datafield tag="650" ind1=" " ind2="4">
      <subfield code="a">története</subfield>
    </datafield>
    <datafield tag="650" ind1=" " ind2="4">
      <subfield code="a">kronológia</subfield>
    </datafield>
    <datafield tag="650" ind1=" " ind2="4">
      <subfield code="a">művelődéstörténet</subfield>
    </datafield>
    <datafield tag="650" ind1=" " ind2="4">
      <subfield code="a">996-1990</subfield>
    </datafield>
    <datafield tag="650" ind1=" " ind2="4">
      <subfield code="a">iskolatörténet</subfield>
    </datafield>
    <datafield tag="650" ind1=" " ind2="4">
      <subfield code="a">múzeum</subfield>
    </datafield>
    <datafield tag="651" ind1=" " ind2="4">
      <subfield code="a">Magyarország</subfield>
    </datafield>
    <datafield tag="651" ind1=" " ind2="4">
      <subfield code="a">Győr-Moson-Sopron megye</subfield>
    </datafield>
    <datafield tag="695" ind1=" " ind2=" ">
      <subfield code="a">Magyarország</subfield>
      <subfield code="y">(996-1996)</subfield>
    </datafield>
    <datafield tag="695" ind1=" " ind2=" ">
      <subfield code="a">neveléstörténet</subfield>
    </datafield>
    <datafield tag="695" ind1=" " ind2=" ">
      <subfield code="a">oktatás</subfield>
    </datafield>
    <datafield tag="695" ind1=" " ind2=" ">
      <subfield code="a">pedagógia</subfield>
    </datafield>
    <datafield tag="700" ind1="1" ind2="0">
      <subfield code="a">Balogh László</subfield>
      <subfield code="d">(1932-)</subfield>
      <subfield code="c">(ped. szakíró)</subfield>
      <subfield code="4">([... szerk.])</subfield>
    </datafield>
    <datafield tag="700" ind1="1" ind2="0">
      <subfield code="a">Székely Péter</subfield>
      <subfield code="4">([fotókat kész.])</subfield>
    </datafield>
    <datafield tag="700" ind1="1" ind2="0">
      <subfield code="a">Kardos József</subfield>
      <subfield code="d">(1937-1999)</subfield>
      <subfield code="4">([közrem. szerzőtárs])</subfield>
    </datafield>
    <datafield tag="852" ind1=" " ind2=" ">
      <subfield code="a">GY1</subfield>
      <subfield code="b">GY1</subfield>
      <subfield code="x">331256</subfield>
    </datafield>
    <datafield tag="852" ind1=" " ind2=" ">
      <subfield code="a">H1</subfield>
      <subfield code="b">H1</subfield>
      <subfield code="x">NLVK445719</subfield>
    </datafield>
    <datafield tag="852" ind1=" " ind2=" ">
      <subfield code="a">SZK1</subfield>
      <subfield code="b">SZK1</subfield>
      <subfield code="x">bibMKF00010560</subfield>
    </datafield>
    <datafield tag="852" ind1=" " ind2=" ">
      <subfield code="a">S1</subfield>
      <subfield code="b">S1</subfield>
      <subfield code="x">bibHTC00014160</subfield>
    </datafield>
    <datafield tag="852" ind1=" " ind2=" ">
      <subfield code="a">B653</subfield>
      <subfield code="x">bibMKF00009008</subfield>
    </datafield>
    <datafield tag="852" ind1=" " ind2=" ">
      <subfield code="a">B653</subfield>
      <subfield code="x">bibMKF00010560</subfield>
    </datafield>
    <datafield tag="852" ind1=" " ind2=" ">
      <subfield code="a">B653</subfield>
      <subfield code="x">bibMKF73765</subfield>
    </datafield>
  </record>
  <record>
    <leader>01392cam  2200361 i 4500</leader>
    <controlfield tag="001">MOKKAS0001933265  </controlfield>
    <controlfield tag="005">20060531100408.0</controlfield>
    <controlfield tag="008">030117s1996    hu     f      110 0 hun d</controlfield>
    <datafield tag="020" ind1=" " ind2=" ">
      <subfield code="a">963 04 7142 6</subfield>
    </datafield>
    <datafield tag="035" ind1=" " ind2=" ">
      <subfield code="a">164058</subfield>
    </datafield>
    <datafield tag="040" ind1=" " ind2=" ">
      <subfield code="a">ELTE</subfield>
    </datafield>
    <datafield tag="041" ind1="0" ind2=" ">
      <subfield code="a">hun</subfield>
    </datafield>
    <datafield tag="245" ind1="0" ind2="0">
      <subfield code="a">1000 éves a magyar iskola :</subfield>
      <subfield code="b">"Az erdélyi magyar felsőoktatás évszázadai" : Kiállítás és konferencia : Emlékkönyv</subfield>
      <subfield code="c">/ [szerk. Faragó József, Incze Miklós, Katona Szabó István]</subfield>
    </datafield>
    <datafield tag="260" ind1=" " ind2=" ">
      <subfield code="a">Budapest :</subfield>
      <subfield code="b">Bolyai Egyetem Barátainak Egyesülete ;</subfield>
      <subfield code="b">Bolyai Egyetemért Alapítvány,</subfield>
      <subfield code="c">1996</subfield>
    </datafield>
    <datafield tag="300" ind1=" " ind2=" ">
      <subfield code="a">203 p. ;</subfield>
      <subfield code="c">21 cm</subfield>
    </datafield>
    <datafield tag="650" ind1="0" ind2="4">
      <subfield code="a">felsőoktatástörténet</subfield>
      <subfield code="z">erdélyi magyar</subfield>
      <subfield code="x">konferencia</subfield>
    </datafield>
    <datafield tag="650" ind1=" " ind2="4">
      <subfield code="a">Erdély</subfield>
    </datafield>
    <datafield tag="650" ind1=" " ind2="4">
      <subfield code="a">felsőoktatás</subfield>
    </datafield>
    <datafield tag="650" ind1=" " ind2="4">
      <subfield code="a">oktatástörténet</subfield>
    </datafield>
    <datafield tag="695" ind1=" " ind2=" ">
      <subfield code="a">Erdély</subfield>
    </datafield>
    <datafield tag="695" ind1=" " ind2=" ">
      <subfield code="a">Egyetemtörténet</subfield>
    </datafield>
    <datafield tag="695" ind1=" " ind2=" ">
      <subfield code="a">Felsőoktatás története</subfield>
    </datafield>
    <datafield tag="695" ind1=" " ind2=" ">
      <subfield code="a">Felsőoktatástörténet</subfield>
    </datafield>
    <datafield tag="700" ind1="1" ind2=" ">
      <subfield code="a">Faragó József</subfield>
      <subfield code="d">(1922-)</subfield>
    </datafield>
    <datafield tag="700" ind1="1" ind2=" ">
      <subfield code="a">Incze Miklós</subfield>
      <subfield code="d">(1922-)</subfield>
    </datafield>
    <datafield tag="700" ind1="1" ind2=" ">
      <subfield code="a">Katona Szabó István</subfield>
      <subfield code="d">(1922-)</subfield>
    </datafield>
    <datafield tag="710" ind1="2" ind2=" ">
      <subfield code="a">Bolyai Egyetem Barátainak Egyesülete (Budapest)</subfield>
    </datafield>
    <datafield tag="710" ind1="2" ind2=" ">
      <subfield code="a">Bolyai Egyetemért Alapítvány (Budapest)</subfield>
    </datafield>
    <datafield tag="711" ind1="2" ind2=" ">
      <subfield code="a">&#127;Az&#127; erdélyi magyar felsőoktatás évszázadai c. kiállítás és konferencia</subfield>
      <subfield code="c">(Budapest)</subfield>
      <subfield code="d">(1996)</subfield>
    </datafield>
    <datafield tag="852" ind1=" " ind2=" ">
      <subfield code="a">B2</subfield>
      <subfield code="b">B2</subfield>
      <subfield code="x">164058</subfield>
    </datafield>
    <datafield tag="852" ind1=" " ind2=" ">
      <subfield code="a">GY1</subfield>
      <subfield code="b">GY1</subfield>
      <subfield code="x">424146</subfield>
    </datafield>
    <datafield tag="852" ind1=" " ind2=" ">
      <subfield code="a">P1</subfield>
      <subfield code="B">P1/FK</subfield>
      <subfield code="b">P1</subfield>
      <subfield code="x">bibJPT0051416</subfield>
    </datafield>
    <datafield tag="852" ind1=" " ind2=" ">
      <subfield code="a">G1</subfield>
      <subfield code="b">G1</subfield>
      <subfield code="x">71707</subfield>
    </datafield>
  </record>
  <record>
    <leader>01047cam  2200241 i 4500</leader>
    <controlfield tag="001">MOKKAZ0005120560  </controlfield>
    <controlfield tag="005">20040910153359.0</controlfield>
    <controlfield tag="008">030117s1996    hu     f      110 0 hun d</controlfield>
    <datafield tag="020" ind1=" " ind2=" ">
      <subfield code="a">963471426</subfield>
    </datafield>
    <datafield tag="035" ind1=" " ind2=" ">
      <subfield code="a">164058</subfield>
    </datafield>
    <datafield tag="040" ind1=" " ind2=" ">
      <subfield code="a">ELTE</subfield>
    </datafield>
    <datafield tag="041" ind1="0" ind2=" ">
      <subfield code="a">hun</subfield>
    </datafield>
    <datafield tag="245" ind1="0" ind2="0">
      <subfield code="a">1000 éves a magyar iskola :</subfield>
      <subfield code="b">"Az erdélyi magyar felsőoktatás évszázadai" : Kiállítás és konferencia : Emlékkönyv</subfield>
      <subfield code="c">[szerk. Faragó József, Incze Miklós, Katona Szabó István]</subfield>
    </datafield>
    <datafield tag="260" ind1=" " ind2=" ">
      <subfield code="a">Budapest :</subfield>
      <subfield code="b">Bolyai Egyetem Barátainak Egyesülete ;</subfield>
      <subfield code="b">Bolyai Egyetemért Alapítvány,</subfield>
      <subfield code="c">1996</subfield>
    </datafield>
    <datafield tag="300" ind1=" " ind2=" ">
      <subfield code="a">203 p. :</subfield>
      <subfield code="c">21 cm.</subfield>
    </datafield>
    <datafield tag="650" ind1="0" ind2="4">
      <subfield code="a">felsőoktatástörténet</subfield>
      <subfield code="z">erdélyi magyar</subfield>
      <subfield code="x">konferencia</subfield>
    </datafield>
    <datafield tag="700" ind1="1" ind2=" ">
      <subfield code="a">Faragó József</subfield>
      <subfield code="d">(1922-)</subfield>
    </datafield>
    <datafield tag="700" ind1="1" ind2=" ">
      <subfield code="a">Incze Miklós</subfield>
      <subfield code="d">(1922-)</subfield>
    </datafield>
    <datafield tag="700" ind1="1" ind2=" ">
      <subfield code="a">Katona Szabó István</subfield>
      <subfield code="d">(1922-)</subfield>
    </datafield>
    <datafield tag="710" ind1="2" ind2=" ">
      <subfield code="a">Bolyai Egyetem Barátainak Egyesülete (Budapest)</subfield>
    </datafield>
    <datafield tag="710" ind1="2" ind2=" ">
      <subfield code="a">Bolyai Egyetemért Alapítvány (Budapest)</subfield>
    </datafield>
    <datafield tag="711" ind1="2" ind2=" ">
      <subfield code="a">&#127;Az&#127; erdélyi magyar felsőoktatás évszázadai c. kiállítás és konferencia</subfield>
      <subfield code="c">(Budapest)</subfield>
      <subfield code="d">(1996)</subfield>
    </datafield>
    <datafield tag="852" ind1=" " ind2=" ">
      <subfield code="a">B2</subfield>
      <subfield code="b">B2</subfield>
      <subfield code="x">164058</subfield>
    </datafield>
  </record>
  <record>
    <leader>00909nam  2200193 i 4500</leader>
    <controlfield tag="001">MOKKAS0003652039  </controlfield>
    <controlfield tag="005">20060614033509.0</controlfield>
    <controlfield tag="008">      s1996    hu            00010 hun d</controlfield>
    <datafield tag="035" ind1=" " ind2=" ">
      <subfield code="a">bibSEF00004649</subfield>
    </datafield>
    <datafield tag="040" ind1=" " ind2=" ">
      <subfield code="a">NYME</subfield>
    </datafield>
    <datafield tag="245" ind1="0" ind2="0">
      <subfield code="a">1000 éves a magyar iskola :</subfield>
      <subfield code="b">"Az erdélyi magyar felsőoktatás évszázadai" : Kiállítás és konferencia : Emlékkönyv /</subfield>
      <subfield code="c">[szerk. Faragó József, Incze Miklós, Katona Szabó István] ; [közr.] Bolyai Egyetem Barátainak Egyesülete (Budapest), Bolyai Egyetemért Alapítvány (Budapest)</subfield>
    </datafield>
    <datafield tag="260" ind1=" " ind2=" ">
      <subfield code="a">Budapest :</subfield>
      <subfield code="b">Bolyai Egyetem Barátainak Egyesülete :</subfield>
      <subfield code="b">Bolyai Egyetemért Alapítvány,</subfield>
      <subfield code="c">1996.</subfield>
    </datafield>
    <datafield tag="300" ind1=" " ind2=" ">
      <subfield code="a">203 p. ;</subfield>
      <subfield code="c">20 cm</subfield>
    </datafield>
    <datafield tag="700" ind1="1" ind2=" ">
      <subfield code="a">Faragó József</subfield>
    </datafield>
    <datafield tag="700" ind1="1" ind2=" ">
      <subfield code="a">Incze Miklós</subfield>
    </datafield>
    <datafield tag="700" ind1="2" ind2=" ">
      <subfield code="a">Katona Szabó István</subfield>
    </datafield>
    <datafield tag="710" ind1="2" ind2=" ">
      <subfield code="a">Bolyai Egyetem Barátainak Egyesülete (Budapest)</subfield>
    </datafield>
    <datafield tag="710" ind1="2" ind2=" ">
      <subfield code="a">Bolyai Egyetemért Alapítvány (Budapest)</subfield>
    </datafield>
    <datafield tag="852" ind1=" " ind2=" ">
      <subfield code="a">S1</subfield>
      <subfield code="b">S1</subfield>
      <subfield code="x">bibSEF00004649</subfield>
    </datafield>
  </record>
  <record>
    <leader>00590nam  2200193   4500</leader>
    <controlfield tag="001">MOKKAS0002475944  </controlfield>
    <controlfield tag="005">20060617225432.0</controlfield>
    <controlfield tag="008">970422 1996    xx            00010 hun  </controlfield>
    <datafield tag="020" ind1=" " ind2=" ">
      <subfield code="a">963 8153 78 4 f. :</subfield>
    </datafield>
    <datafield tag="035" ind1=" " ind2=" ">
      <subfield code="a">bibMIF00014101</subfield>
    </datafield>
    <datafield tag="040" ind1=" " ind2=" ">
      <subfield code="a">MOME</subfield>
    </datafield>
    <datafield tag="100" ind1="1" ind2=" ">
      <subfield code="a">Kardos József</subfield>
    </datafield>
    <datafield tag="245" ind1="1" ind2="0">
      <subfield code="a">1000 éves a magyar iskola /</subfield>
      <subfield code="c">Kardos József, Kelemen Elemér</subfield>
    </datafield>
    <datafield tag="260" ind1=" " ind2=" ">
      <subfield code="a">Budapest :</subfield>
      <subfield code="b">Korona K.,</subfield>
      <subfield code="c">1996.</subfield>
    </datafield>
    <datafield tag="300" ind1=" " ind2=" ">
      <subfield code="a">188 p. :</subfield>
      <subfield code="b">ill.</subfield>
    </datafield>
    <datafield tag="650" ind1=" " ind2="7">
      <subfield code="a">iskola</subfield>
      <subfield code="x">történet</subfield>
      <subfield code="z">Magyarország</subfield>
      <subfield code="2">szte</subfield>
    </datafield>
    <datafield tag="650" ind1=" " ind2="7">
      <subfield code="a">school</subfield>
      <subfield code="x">history</subfield>
      <subfield code="z">Hungary</subfield>
      <subfield code="2">szte</subfield>
    </datafield>
    <datafield tag="700" ind1="1" ind2=" ">
      <subfield code="a">Kelemen Elemér</subfield>
    </datafield>
    <datafield tag="852" ind1=" " ind2=" ">
      <subfield code="a">B646</subfield>
      <subfield code="b">B646</subfield>
      <subfield code="x">bibMIF00014101</subfield>
    </datafield>
  </record>
  <record>
    <leader>01478fam  2200481   4500</leader>
    <controlfield tag="001">MOKKAZ0004115154  </controlfield>
    <controlfield tag="005">20091109025248.0</controlfield>
    <controlfield tag="008">030722         hu                  hun  </controlfield>
    <datafield tag="020" ind1=" " ind2=" ">
      <subfield code="a">963 8153 78 4</subfield>
    </datafield>
    <datafield tag="035" ind1=" " ind2=" ">
      <subfield code="a">bibJOG00010662</subfield>
    </datafield>
    <datafield tag="040" ind1=" " ind2=" ">
      <subfield code="a">SZTE</subfield>
    </datafield>
    <datafield tag="080" ind1=" " ind2=" ">
      <subfield code="a">37(439)(091)</subfield>
    </datafield>
    <datafield tag="245" ind1="0" ind2="0">
      <subfield code="a">1000 éves a magyar iskola /</subfield>
      <subfield code="c">[a kötet szerzői Kardos József et al. ; ... szerk. Balogh László]</subfield>
    </datafield>
    <datafield tag="260" ind1=" " ind2=" ">
      <subfield code="a">Budapest :</subfield>
      <subfield code="b">Korona,</subfield>
      <subfield code="c">1996</subfield>
    </datafield>
    <datafield tag="300" ind1=" " ind2=" ">
      <subfield code="a">181 p.</subfield>
    </datafield>
    <datafield tag="504" ind1=" " ind2=" ">
      <subfield code="a">Bibliogr.: p. [183].</subfield>
    </datafield>
    <datafield tag="541" ind1=" " ind2=" ">
      <subfield code="a">VMűk.k.9</subfield>
      <subfield code="d">1997.02.03.</subfield>
      <subfield code="e">J 83322/13</subfield>
      <subfield code="h">1710</subfield>
    </datafield>
    <datafield tag="650" ind1="0" ind2="4">
      <subfield code="a">iskolai nevelés</subfield>
      <subfield code="x">története</subfield>
      <subfield code="z">Magyarország</subfield>
    </datafield>
    <datafield tag="650" ind1="0" ind2="4">
      <subfield code="a">oktatás</subfield>
      <subfield code="z">Magyarország</subfield>
    </datafield>
    <datafield tag="650" ind1=" " ind2="4">
      <subfield code="a">Nevelés</subfield>
    </datafield>
    <datafield tag="650" ind1=" " ind2="4">
      <subfield code="a">pedagógia - Magyarország - történet 996-1996</subfield>
    </datafield>
    <datafield tag="650" ind1=" " ind2="4">
      <subfield code="a">iskolaügy</subfield>
    </datafield>
    <datafield tag="650" ind1=" " ind2="4">
      <subfield code="a">közoktatás</subfield>
    </datafield>
    <datafield tag="650" ind1=" " ind2="4">
      <subfield code="a">Magyarország</subfield>
    </datafield>
    <datafield tag="650" ind1=" " ind2="4">
      <subfield code="a">neveléstörténet</subfield>
    </datafield>
    <datafield tag="650" ind1=" " ind2="4">
      <subfield code="a">oktatástörténet</subfield>
    </datafield>
    <datafield tag="650" ind1=" " ind2="7">
      <subfield code="a">kiállítás</subfield>
      <subfield code="2">opkm</subfield>
    </datafield>
    <datafield tag="650" ind1=" " ind2="7">
      <subfield code="a">iskolatörténet</subfield>
      <subfield code="2">opkm</subfield>
    </datafield>
    <datafield tag="650" ind1=" " ind2="7">
      <subfield code="a">neveléstörténet</subfield>
      <subfield code="2">opkm</subfield>
    </datafield>
    <datafield tag="650" ind1=" " ind2="7">
      <subfield code="a">996-1996</subfield>
      <subfield code="2">opkm</subfield>
    </datafield>
    <datafield tag="650" ind1=" " ind2="7">
      <subfield code="a">Magyarország</subfield>
      <subfield code="2">opkm</subfield>
    </datafield>
    <datafield tag="651" ind1=" " ind2="4">
      <subfield code="a">Magyarország</subfield>
    </datafield>
    <datafield tag="695" ind1=" " ind2=" ">
      <subfield code="a">oktatástörténet,995/1995</subfield>
    </datafield>
    <datafield tag="700" ind1="1" ind2=" ">
      <subfield code="a">Kardos József</subfield>
    </datafield>
    <datafield tag="700" ind1="1" ind2=" ">
      <subfield code="a">Balogh László</subfield>
    </datafield>
    <datafield tag="852" ind1=" " ind2=" ">
      <subfield code="a">SZ1</subfield>
      <subfield code="b">SZ1</subfield>
      <subfield code="x">bibJOG00010662</subfield>
    </datafield>
    <datafield tag="852" ind1=" " ind2=" ">
      <subfield code="a">M1</subfield>
      <subfield code="b">M1</subfield>
      <subfield code="x">28631</subfield>
    </datafield>
    <datafield tag="852" ind1=" " ind2=" ">
      <subfield code="a">ST1</subfield>
      <subfield code="b">ST1</subfield>
      <subfield code="x">bibBBM79294</subfield>
    </datafield>
    <datafield tag="852" ind1=" " ind2=" ">
      <subfield code="a">BCS1</subfield>
      <subfield code="b">BCS1</subfield>
      <subfield code="x">bibBKO00196965</subfield>
    </datafield>
    <datafield tag="852" ind1=" " ind2=" ">
      <subfield code="a">G1</subfield>
      <subfield code="b">G1</subfield>
      <subfield code="x">71696</subfield>
    </datafield>
    <datafield tag="852" ind1=" " ind2=" ">
      <subfield code="a">S1</subfield>
      <subfield code="b">S1</subfield>
      <subfield code="b">S48</subfield>
      <subfield code="x">bibSEF00005200</subfield>
    </datafield>
    <datafield tag="852" ind1=" " ind2=" ">
      <subfield code="a">G1</subfield>
      <subfield code="b">G1</subfield>
      <subfield code="x">71699</subfield>
    </datafield>
    <datafield tag="852" ind1=" " ind2=" ">
      <subfield code="a">B7</subfield>
      <subfield code="b">B7</subfield>
      <subfield code="x">74063</subfield>
    </datafield>
  </record>
  <record>
    <leader>00870nam  2200253 i 4500</leader>
    <controlfield tag="001">MOKKAW0005752792  </controlfield>
    <controlfield tag="005">20080418060352.0</controlfield>
    <controlfield tag="008">940814s1970    HU            000 0 hun d</controlfield>
    <datafield tag="035" ind1=" " ind2=" ">
      <subfield code="a">BMEOMIKK000400391</subfield>
    </datafield>
    <datafield tag="040" ind1=" " ind2=" ">
      <subfield code="a">BMEOMIKK</subfield>
    </datafield>
    <datafield tag="041" ind1="0" ind2=" ">
      <subfield code="a">hun</subfield>
    </datafield>
    <datafield tag="044" ind1=" " ind2=" ">
      <subfield code="a">HU</subfield>
    </datafield>
    <datafield tag="100" ind1="1" ind2=" ">
      <subfield code="a">Petrik Ottó</subfield>
    </datafield>
    <datafield tag="245" ind1="1" ind2="0">
      <subfield code="a">1000 éves a Budai Hegypálya /</subfield>
      <subfield code="c">[közr. a] Magyar Vasútmodellezők és Vasútbarátok Országos Egyesülete</subfield>
    </datafield>
    <datafield tag="260" ind1=" " ind2=" ">
      <subfield code="a">Budapest :</subfield>
      <subfield code="b">MVVOE,</subfield>
      <subfield code="c">1970</subfield>
    </datafield>
    <datafield tag="300" ind1=" " ind2=" ">
      <subfield code="a">64 p. ;</subfield>
      <subfield code="c">20 cm</subfield>
    </datafield>
    <datafield tag="490" ind1="1" ind2=" ">
      <subfield code="a">Vasutak világa</subfield>
      <subfield code="v">1.</subfield>
    </datafield>
    <datafield tag="490" ind1="1" ind2=" ">
      <subfield code="a">Vasútmodellezés</subfield>
      <subfield code="v">4.</subfield>
    </datafield>
    <datafield tag="546" ind1=" " ind2=" ">
      <subfield code="a">Összefoglaló német és orosz</subfield>
      <subfield code="b">tart.j. angol</subfield>
      <subfield code="b">német és orosz</subfield>
      <subfield code="b">képek feliratai német nyelven is</subfield>
    </datafield>
    <datafield tag="653" ind1=" " ind2=" ">
      <subfield code="a">Sikló</subfield>
    </datafield>
    <datafield tag="710" ind1="2" ind2=" ">
      <subfield code="a">Magyar Vasútmodellezők és Vasútbarátok Országos Egyesülete</subfield>
    </datafield>
    <datafield tag="830" ind1=" " ind2="0">
      <subfield code="a">Vasutak világa</subfield>
    </datafield>
    <datafield tag="830" ind1=" " ind2="0">
      <subfield code="a">Vasútmodellezés</subfield>
    </datafield>
    <datafield tag="852" ind1=" " ind2=" ">
      <subfield code="a">B11</subfield>
      <subfield code="b">B11</subfield>
      <subfield code="x">BMEOMIKK000400391</subfield>
    </datafield>
  </record>
  <record>
    <leader>00945nam  2200265 i 4500</leader>
    <controlfield tag="001">MOKKAS0001333572  </controlfield>
    <controlfield tag="005">20060112231227.0</controlfield>
    <controlfield tag="008">      s1995    hu            00010 hun d</controlfield>
    <datafield tag="020" ind1=" " ind2=" ">
      <subfield code="a">963-01-9708-1 [!ISBN 963-8444-15-0] (fűzött) :</subfield>
      <subfield code="c">100,- Ft</subfield>
    </datafield>
    <datafield tag="035" ind1=" " ind2=" ">
      <subfield code="a">bibRFK00043809</subfield>
    </datafield>
    <datafield tag="040" ind1=" " ind2=" ">
      <subfield code="a">RFMK</subfield>
    </datafield>
    <datafield tag="041" ind1=" " ind2=" ">
      <subfield code="a">hun</subfield>
    </datafield>
    <datafield tag="245" ind1="0" ind2="0">
      <subfield code="a">"1000 éves a magyarországi iskola" :</subfield>
      <subfield code="b">Veszprém megyei neveléstörténeti tanulmányok /</subfield>
      <subfield code="c">[szerk. Tolnai Valéria]</subfield>
    </datafield>
    <datafield tag="260" ind1=" " ind2=" ">
      <subfield code="a">Veszprém :</subfield>
      <subfield code="b">Megyei Pedagógiai Intézet,</subfield>
      <subfield code="c">1995</subfield>
    </datafield>
    <datafield tag="300" ind1=" " ind2=" ">
      <subfield code="a">[2], 193 p., [2] t.fol. :</subfield>
      <subfield code="b">ill. ;</subfield>
      <subfield code="c">20 cm</subfield>
    </datafield>
    <datafield tag="490" ind1="1" ind2=" ">
      <subfield code="a">(Megyei pedagógiai körkép kiskönyvtára,</subfield>
      <subfield code="x">0237-4285 ;</subfield>
      <subfield code="v">39.)</subfield>
    </datafield>
    <datafield tag="500" ind1=" " ind2=" ">
      <subfield code="a">r</subfield>
    </datafield>
    <datafield tag="504" ind1=" " ind2=" ">
      <subfield code="a">Bibliogr. a tanulmányok végén</subfield>
    </datafield>
    <datafield tag="650" ind1=" " ind2="4">
      <subfield code="a">neveléstörténet</subfield>
    </datafield>
    <datafield tag="650" ind1=" " ind2="4">
      <subfield code="a">köznevelés</subfield>
    </datafield>
    <datafield tag="650" ind1=" " ind2="4">
      <subfield code="a">tanulmányok</subfield>
    </datafield>
    <datafield tag="651" ind1=" " ind2="4">
      <subfield code="a">Veszprém</subfield>
    </datafield>
    <datafield tag="700" ind1="1" ind2=" ">
      <subfield code="a">Tolnai Valéria</subfield>
      <subfield code="4">szerk.</subfield>
    </datafield>
    <datafield tag="830" ind1=" " ind2="0">
      <subfield code="a">Megyei pedagógiai körkép kiskönyvtára</subfield>
    </datafield>
    <datafield tag="852" ind1=" " ind2=" ">
      <subfield code="a">M2</subfield>
      <subfield code="b">M2</subfield>
      <subfield code="x">bibRFK00043809</subfield>
    </datafield>
  </record>
  <record>
    <leader>00911fam  2200229   4500</leader>
    <controlfield tag="001">MOKKAZ0004000814  </controlfield>
    <controlfield tag="005">20040910015939.0</controlfield>
    <controlfield tag="008">970512 1995    hu            00010 hun  </controlfield>
    <datafield tag="020" ind1=" " ind2=" ">
      <subfield code="a">963 01 9708 1</subfield>
    </datafield>
    <datafield tag="035" ind1=" " ind2=" ">
      <subfield code="a">bibJAT00268896</subfield>
    </datafield>
    <datafield tag="040" ind1=" " ind2=" ">
      <subfield code="a">SZTE</subfield>
    </datafield>
    <datafield tag="245" ind1="0" ind2="1">
      <subfield code="a">"1000 éves a magyarországi iskola" :</subfield>
      <subfield code="b">Veszprém megyei neveléstörténeti tanulmányok /</subfield>
      <subfield code="c">[Szerk. Tolnai Valéria]</subfield>
    </datafield>
    <datafield tag="260" ind1=" " ind2=" ">
      <subfield code="a">Veszprém :</subfield>
      <subfield code="b">Megyei Ped. Int.,</subfield>
      <subfield code="c">1995</subfield>
    </datafield>
    <datafield tag="300" ind1=" " ind2=" ">
      <subfield code="a">193 p. 2 t. :</subfield>
      <subfield code="b">Ill. ;</subfield>
      <subfield code="c">20 cm</subfield>
    </datafield>
    <datafield tag="490" ind1="1" ind2=" ">
      <subfield code="a">(Megyei Pedagógiai Körkép Kiskönyvtára ,</subfield>
      <subfield code="x">0237-4285 ;</subfield>
      <subfield code="v">39.)</subfield>
    </datafield>
    <datafield tag="650" ind1=" " ind2="7">
      <subfield code="a">Neveléstörténet</subfield>
      <subfield code="x">magyar</subfield>
      <subfield code="x">tanulmányok</subfield>
      <subfield code="2">szte</subfield>
    </datafield>
    <datafield tag="650" ind1=" " ind2="7">
      <subfield code="a">Iskolatörténet</subfield>
      <subfield code="x">Magyarország</subfield>
      <subfield code="x">tanulmányok</subfield>
      <subfield code="2">szte</subfield>
    </datafield>
    <datafield tag="650" ind1=" " ind2="7">
      <subfield code="a">Veszprém megye</subfield>
      <subfield code="x">művelődéstörténet</subfield>
      <subfield code="x">tanulmányok</subfield>
      <subfield code="2">szte</subfield>
    </datafield>
    <datafield tag="700" ind1="1" ind2=" ">
      <subfield code="a">Tolnai Valéria</subfield>
    </datafield>
    <datafield tag="830" ind1=" " ind2="0">
      <subfield code="a">Megyei Pedagógiai Körkép Kiskönyvtára</subfield>
    </datafield>
    <datafield tag="852" ind1=" " ind2=" ">
      <subfield code="a">SZ1</subfield>
      <subfield code="b">SZ1</subfield>
      <subfield code="x">bibJAT00268896</subfield>
    </datafield>
    <datafield tag="852" ind1=" " ind2=" ">
      <subfield code="a">P1</subfield>
      <subfield code="b">P1</subfield>
      <subfield code="x">bibJPT0029490</subfield>
    </datafield>
  </record>
  <record>
    <leader>00851fam  2200241 ir4500</leader>
    <controlfield tag="001">MOKKAZ0006334344  </controlfield>
    <controlfield tag="005">20040915193007.0</controlfield>
    <controlfield tag="008">951227s1995    hu a     b    000 0 hun d</controlfield>
    <datafield tag="020" ind1=" " ind2=" ">
      <subfield code="a">963-8444-15-0 (fűzött)</subfield>
    </datafield>
    <datafield tag="020" ind1=" " ind2=" ">
      <subfield code="z">963-01-9708-1</subfield>
    </datafield>
    <datafield tag="035" ind1=" " ind2=" ">
      <subfield code="a">163413</subfield>
    </datafield>
    <datafield tag="040" ind1=" " ind2=" ">
      <subfield code="a">OSZK</subfield>
    </datafield>
    <datafield tag="041" ind1="0" ind2=" ">
      <subfield code="a">hunhun</subfield>
    </datafield>
    <datafield tag="245" ind1="0" ind2="1">
      <subfield code="a">"1000 éves a magyarországi iskola" : </subfield>
      <subfield code="b">Veszprém megyei neveléstörténeti tanulmányok /</subfield>
      <subfield code="c">[szerk. Tolnai Valéria]</subfield>
    </datafield>
    <datafield tag="260" ind1=" " ind2=" ">
      <subfield code="a">Veszprém :</subfield>
      <subfield code="b">MPI,</subfield>
      <subfield code="c">1995</subfield>
      <subfield code="e">([Veszprém]</subfield>
      <subfield code="f">EKMK)</subfield>
    </datafield>
    <datafield tag="300" ind1=" " ind2=" ">
      <subfield code="a">[2], 193 p., [2] t.fol. :</subfield>
      <subfield code="b">ill. ;</subfield>
      <subfield code="c">20 cm</subfield>
    </datafield>
    <datafield tag="490" ind1="1" ind2=" ">
      <subfield code="a">Megyei pedagógiai körkép kiskönyvtára</subfield>
      <subfield code="x">0237-4285</subfield>
      <subfield code="v">39.</subfield>
    </datafield>
    <datafield tag="504" ind1=" " ind2=" ">
      <subfield code="a">Bibliogr. a tanulmányok végén</subfield>
    </datafield>
    <datafield tag="650" ind1=" " ind2="4">
      <subfield code="a">Veszprém (megye)</subfield>
    </datafield>
    <datafield tag="700" ind1="1" ind2=" ">
      <subfield code="a">Tolnai Valéria</subfield>
      <subfield code="4">(szerk.)</subfield>
    </datafield>
    <datafield tag="830" ind1=" " ind2="0">
      <subfield code="a">Megyei pedagógiai körkép kiskönyvtára</subfield>
    </datafield>
    <datafield tag="852" ind1=" " ind2=" ">
      <subfield code="a">B1</subfield>
      <subfield code="b">B1</subfield>
      <subfield code="x">163413</subfield>
    </datafield>
    <datafield tag="852" ind1=" " ind2=" ">
      <subfield code="a">D1</subfield>
      <subfield code="b">D1</subfield>
      <subfield code="x">163413</subfield>
    </datafield>
  </record>
  <record>
    <leader>00765nam  2200217 i 4500</leader>
    <controlfield tag="001">MOKKAW0005558982  </controlfield>
    <controlfield tag="005">20080415055750.0</controlfield>
    <controlfield tag="008">050915s2001                        hun d</controlfield>
    <datafield tag="020" ind1=" " ind2=" ">
      <subfield code="a">963-204-065-1 (fűzött)</subfield>
    </datafield>
    <datafield tag="035" ind1=" " ind2=" ">
      <subfield code="a">NLVK478477</subfield>
    </datafield>
    <datafield tag="040" ind1=" " ind2=" ">
      <subfield code="a">NLVK</subfield>
    </datafield>
    <datafield tag="041" ind1="0" ind2=" ">
      <subfield code="a">hun</subfield>
    </datafield>
    <datafield tag="100" ind1="1" ind2=" ">
      <subfield code="a">Bérczi Szaniszló</subfield>
      <subfield code="d">(1950-)</subfield>
    </datafield>
    <datafield tag="245" ind1="1" ind2="0">
      <subfield code="a">1000 éves Magyarország : </subfield>
      <subfield code="b">ismeretterjesztő kifestő gyermekeknek és szüleiknek /</subfield>
      <subfield code="c">Bérczi Szaniszló</subfield>
    </datafield>
    <datafield tag="260" ind1=" " ind2=" ">
      <subfield code="a">Kisújszállás :</subfield>
      <subfield code="b">Alföldkutatásért Alapítvány,</subfield>
      <subfield code="c">[2001]</subfield>
    </datafield>
    <datafield tag="300" ind1=" " ind2=" ">
      <subfield code="a">[20] p. :</subfield>
      <subfield code="b">ill. ;</subfield>
      <subfield code="c">21x30 cm</subfield>
    </datafield>
    <datafield tag="490" ind1="1" ind2=" ">
      <subfield code="a">Eurázsiai Művészetek</subfield>
    </datafield>
    <datafield tag="650" ind1=" " ind2="4">
      <subfield code="a">Magyarország</subfield>
      <subfield code="x">Művészettörténet</subfield>
    </datafield>
    <datafield tag="650" ind1=" " ind2="4">
      <subfield code="a">Magyarország</subfield>
      <subfield code="x">Művészettörténet 1000-2000</subfield>
    </datafield>
    <datafield tag="830" ind1=" " ind2="0">
      <subfield code="a">Eurázsiai Művészetek</subfield>
    </datafield>
    <datafield tag="852" ind1=" " ind2=" ">
      <subfield code="a">H1</subfield>
      <subfield code="b">H1</subfield>
      <subfield code="x">NLVK478477</subfield>
    </datafield>
  </record>
  <record>
    <leader>00604cam  22001811i 4500</leader>
    <controlfield tag="001">MOKKAS0001893798  </controlfield>
    <controlfield tag="005">20090827142358.0</controlfield>
    <controlfield tag="008">040921s1967    hu a          00  0 hun d</controlfield>
    <datafield tag="035" ind1=" " ind2=" ">
      <subfield code="a">84957</subfield>
    </datafield>
    <datafield tag="040" ind1=" " ind2=" ">
      <subfield code="a">ELTE</subfield>
    </datafield>
    <datafield tag="041" ind1="0" ind2=" ">
      <subfield code="a">hun</subfield>
    </datafield>
    <datafield tag="245" ind1="0" ind2="0">
      <subfield code="a">1000 éves vendéglátás /</subfield>
      <subfield code="c">[Hungler József helytörténeti monográfiájából szerk. Birkás József]</subfield>
    </datafield>
    <datafield tag="260" ind1=" " ind2=" ">
      <subfield code="a">Veszprém :</subfield>
      <subfield code="b">Veszprém Megyei Vendéglátóipari Váll.,</subfield>
      <subfield code="c">1967</subfield>
    </datafield>
    <datafield tag="300" ind1=" " ind2=" ">
      <subfield code="a">64 p., 3 t. ;</subfield>
      <subfield code="c">17 cm</subfield>
    </datafield>
    <datafield tag="650" ind1="0" ind2="4">
      <subfield code="a">vendéglátóipar</subfield>
      <subfield code="x">történet</subfield>
      <subfield code="z">Veszprém</subfield>
    </datafield>
    <datafield tag="700" ind1="1" ind2=" ">
      <subfield code="a">Hungler József</subfield>
      <subfield code="d">(1909-1989)</subfield>
    </datafield>
    <datafield tag="700" ind1="1" ind2=" ">
      <subfield code="a">Birkás József</subfield>
    </datafield>
    <datafield tag="852" ind1=" " ind2=" ">
      <subfield code="a">B2</subfield>
      <subfield code="b">B2</subfield>
      <subfield code="x">84957</subfield>
    </datafield>
  </record>
  <record>
    <leader>00297ncm  2200121 i 4500</leader>
    <controlfield tag="001">MOKKAS0003624704  </controlfield>
    <controlfield tag="005">20060606184715.0</controlfield>
    <controlfield tag="008">050716s                                d</controlfield>
    <datafield tag="035" ind1=" " ind2=" ">
      <subfield code="a">926091</subfield>
    </datafield>
    <datafield tag="040" ind1=" " ind2=" ">
      <subfield code="a">OIK</subfield>
    </datafield>
    <datafield tag="100" ind1="1" ind2=" ">
      <subfield code="a">Forrai Miklós</subfield>
    </datafield>
    <datafield tag="245" ind1="1" ind2="0">
      <subfield code="a">1000 év kórusa</subfield>
      <subfield code="h">nyomtatott kotta</subfield>
    </datafield>
    <datafield tag="852" ind1=" " ind2=" ">
      <subfield code="a">B14</subfield>
      <subfield code="b">B14</subfield>
      <subfield code="x">926091</subfield>
    </datafield>
  </record>
  <record>
    <leader>00805ncm  2200241 i 4500</leader>
    <controlfield tag="001">MOKKAN0004799666  </controlfield>
    <controlfield tag="005">20070903143741.0</controlfield>
    <controlfield tag="008">010308s1943    hu             n 1  hun d</controlfield>
    <datafield tag="028" ind1=" " ind2=" ">
      <subfield code="b">Magyar Kórus Budapest</subfield>
    </datafield>
    <datafield tag="035" ind1=" " ind2=" ">
      <subfield code="a">bibJGYx77094</subfield>
    </datafield>
    <datafield tag="040" ind1=" " ind2=" ">
      <subfield code="a">SZTE</subfield>
    </datafield>
    <datafield tag="041" ind1=" " ind2=" ">
      <subfield code="a">hun</subfield>
    </datafield>
    <datafield tag="100" ind1="1" ind2=" ">
      <subfield code="a">Forrai Miklós</subfield>
    </datafield>
    <datafield tag="245" ind1="1" ind2="0">
      <subfield code="a">1000 év kórusa</subfield>
      <subfield code="h">[Kotta] :</subfield>
      <subfield code="b">Az Országos M. Kir. Liszt Ferenc Zeneművészeti Főiskola Tankönyve /</subfield>
      <subfield code="c">Forrai Miklós gyüjteménye</subfield>
    </datafield>
    <datafield tag="254" ind1=" " ind2=" ">
      <subfield code="a">[Karpartitúra]</subfield>
    </datafield>
    <datafield tag="260" ind1=" " ind2=" ">
      <subfield code="a">Budapest :</subfield>
      <subfield code="b">Magyar Kórus,</subfield>
      <subfield code="c">1943</subfield>
    </datafield>
    <datafield tag="300" ind1=" " ind2=" ">
      <subfield code="a">336 p. ;</subfield>
      <subfield code="c">25 cm</subfield>
    </datafield>
    <datafield tag="490" ind1="1" ind2=" ">
      <subfield code="a">(Éneklő Magyarország ;</subfield>
      <subfield code="v">11.)</subfield>
    </datafield>
    <datafield tag="500" ind1=" " ind2=" ">
      <subfield code="a">Gulyás György karnagy özvegyének ajándéka</subfield>
    </datafield>
    <datafield tag="695" ind1=" " ind2=" ">
      <subfield code="a">Vokális zene</subfield>
      <subfield code="x">karmű</subfield>
    </datafield>
    <datafield tag="695" ind1=" " ind2=" ">
      <subfield code="a">Kórusmű</subfield>
    </datafield>
    <datafield tag="830" ind1=" " ind2="0">
      <subfield code="a">Éneklő Magyarország</subfield>
    </datafield>
    <datafield tag="852" ind1=" " ind2=" ">
      <subfield code="a">SZ1</subfield>
      <subfield code="b">SZ1/R3</subfield>
      <subfield code="b">SZ1/R2</subfield>
      <subfield code="x">bibJGYx77094</subfield>
    </datafield>
  </record>
  <record>
    <leader>00720ncm  2200205 i 4500</leader>
    <controlfield tag="001">MOKKAZ0003708952  </controlfield>
    <controlfield tag="005">20040909213430.0</controlfield>
    <controlfield tag="008">010308s1943    hu             n 1  hun d</controlfield>
    <datafield tag="028" ind1="2" ind2="0">
      <subfield code="a">M.K 510-22</subfield>
      <subfield code="b">Magyar Kórus Budapest</subfield>
    </datafield>
    <datafield tag="035" ind1=" " ind2=" ">
      <subfield code="a">bibKLT00309165</subfield>
    </datafield>
    <datafield tag="040" ind1=" " ind2=" ">
      <subfield code="a">DEENK</subfield>
    </datafield>
    <datafield tag="041" ind1=" " ind2=" ">
      <subfield code="a">hun</subfield>
    </datafield>
    <datafield tag="245" ind1="1" ind2="0">
      <subfield code="a">1000 év kórusa</subfield>
      <subfield code="h">[Nyomtatott kotta] :</subfield>
      <subfield code="b">Az Országos M. Kir. Liszt Ferenc Zeneművészeti Főiskola Tankönyve /</subfield>
      <subfield code="c">Forrai Miklós gyüjteménye</subfield>
    </datafield>
    <datafield tag="254" ind1=" " ind2=" ">
      <subfield code="a">Karpartitúra</subfield>
    </datafield>
    <datafield tag="260" ind1=" " ind2=" ">
      <subfield code="a">Budapest :</subfield>
      <subfield code="b">Magyar Kórus,</subfield>
      <subfield code="c">1943</subfield>
    </datafield>
    <datafield tag="300" ind1=" " ind2=" ">
      <subfield code="a">336 p. ;</subfield>
      <subfield code="c">25 cm</subfield>
    </datafield>
    <datafield tag="500" ind1=" " ind2=" ">
      <subfield code="a">Gulyás György karnagy özvegyének ajándéka</subfield>
    </datafield>
    <datafield tag="695" ind1=" " ind2=" ">
      <subfield code="a">vokális zene</subfield>
      <subfield code="x">karmű</subfield>
    </datafield>
    <datafield tag="700" ind1="1" ind2=" ">
      <subfield code="a">Forrai Miklós</subfield>
      <subfield code="d">(1913-1998)</subfield>
    </datafield>
    <datafield tag="852" ind1=" " ind2=" ">
      <subfield code="a">D1</subfield>
      <subfield code="b">D1/Z</subfield>
      <subfield code="x">bibKLT00309165</subfield>
    </datafield>
  </record>
  <record>
    <leader>01901fam  2200529 i 4500</leader>
    <controlfield tag="001">MOKKAZ0006404672  </controlfield>
    <controlfield tag="005">20040915200829.0</controlfield>
    <controlfield tag="008">010423s2001    hu       b    000 0 hun d</controlfield>
    <datafield tag="020" ind1=" " ind2=" ">
      <subfield code="a">963-9269-80-8 (kötött)</subfield>
    </datafield>
    <datafield tag="035" ind1=" " ind2=" ">
      <subfield code="a">803008</subfield>
    </datafield>
    <datafield tag="040" ind1=" " ind2=" ">
      <subfield code="a">OSZK</subfield>
    </datafield>
    <datafield tag="041" ind1="0" ind2=" ">
      <subfield code="a">hunhun</subfield>
    </datafield>
    <datafield tag="100" ind1="1" ind2=" ">
      <subfield code="a">Mitták Ferenc</subfield>
      <subfield code="d">(1949-)</subfield>
    </datafield>
    <datafield tag="245" ind1="1" ind2="0">
      <subfield code="a">1000 év krónikája : </subfield>
      <subfield code="b">évfordulók, kiemelkedő események a magyar történelemből /</subfield>
      <subfield code="c">Mitták Ferenc</subfield>
    </datafield>
    <datafield tag="260" ind1=" " ind2=" ">
      <subfield code="a">Debrecen :</subfield>
      <subfield code="b">Tóth Kvkereskedés,</subfield>
      <subfield code="c">[2001]</subfield>
      <subfield code="e">(Debrecen</subfield>
      <subfield code="f">Alföldi Ny.)</subfield>
    </datafield>
    <datafield tag="300" ind1=" " ind2=" ">
      <subfield code="a">365 p. ;</subfield>
      <subfield code="c">25 cm</subfield>
    </datafield>
    <datafield tag="504" ind1=" " ind2=" ">
      <subfield code="a">Bibliogr.: p. 361-365.</subfield>
    </datafield>
    <datafield tag="650" ind1=" " ind2="4">
      <subfield code="a">Évfordulók</subfield>
      <subfield code="z">Magyarország</subfield>
    </datafield>
    <datafield tag="650" ind1=" " ind2="0">
      <subfield code="a">Anniversaries</subfield>
      <subfield code="z">Hungary.</subfield>
    </datafield>
    <datafield tag="650" ind1=" " ind2="7">
      <subfield code="a">Eseménynaptár</subfield>
      <subfield code="x">Magyarország</subfield>
      <subfield code="2">szte</subfield>
    </datafield>
    <datafield tag="650" ind1=" " ind2="7">
      <subfield code="a">Évfordulók</subfield>
      <subfield code="x">Magyarország</subfield>
      <subfield code="2">szte</subfield>
    </datafield>
    <datafield tag="650" ind1=" " ind2="4">
      <subfield code="a">Történelem</subfield>
    </datafield>
    <datafield tag="650" ind1=" " ind2="4">
      <subfield code="a">Évforduló</subfield>
    </datafield>
    <datafield tag="650" ind1=" " ind2="4">
      <subfield code="a">Magyarország - történelem - kronológia</subfield>
    </datafield>
    <datafield tag="650" ind1=" " ind2="4">
      <subfield code="a">magyar történelem</subfield>
    </datafield>
    <datafield tag="650" ind1=" " ind2="4">
      <subfield code="a">kronológia</subfield>
    </datafield>
    <datafield tag="650" ind1=" " ind2="4">
      <subfield code="a">Magyarország történelme</subfield>
    </datafield>
    <datafield tag="650" ind1=" " ind2="4">
      <subfield code="a">eseménynaptár</subfield>
    </datafield>
    <datafield tag="650" ind1=" " ind2="4">
      <subfield code="a">művelődéstörténet</subfield>
    </datafield>
    <datafield tag="650" ind1=" " ind2="4">
      <subfield code="a">Magyarország</subfield>
      <subfield code="x">Életrajzok</subfield>
      <subfield code="x">Történelem 10-20. sz.</subfield>
    </datafield>
    <datafield tag="650" ind1=" " ind2="4">
      <subfield code="a">Művelődéstörténet</subfield>
      <subfield code="x">Életrajzok</subfield>
      <subfield code="x">Magyarország 10-20. sz.</subfield>
    </datafield>
    <datafield tag="650" ind1=" " ind2="4">
      <subfield code="a">Művelődéstörténet</subfield>
      <subfield code="x">Eseménynaptár</subfield>
      <subfield code="x">Magyarország 10-20. sz.</subfield>
    </datafield>
    <datafield tag="651" ind1=" " ind2="4">
      <subfield code="a">Magyarország</subfield>
    </datafield>
    <datafield tag="651" ind1=" " ind2="4">
      <subfield code="a">Magyarország</subfield>
      <subfield code="x">civilizáció</subfield>
      <subfield code="x">történet</subfield>
    </datafield>
    <datafield tag="651" ind1=" " ind2="4">
      <subfield code="a">Magyarország</subfield>
      <subfield code="x">történet</subfield>
      <subfield code="x">életrajz</subfield>
    </datafield>
    <datafield tag="852" ind1=" " ind2=" ">
      <subfield code="a">B1</subfield>
      <subfield code="b">B1</subfield>
      <subfield code="x">803008</subfield>
    </datafield>
    <datafield tag="852" ind1=" " ind2=" ">
      <subfield code="a">D1</subfield>
      <subfield code="b">D1</subfield>
      <subfield code="x">bibJPT00186406</subfield>
    </datafield>
    <datafield tag="852" ind1=" " ind2=" ">
      <subfield code="a">SZ1</subfield>
      <subfield code="b">SZ1</subfield>
      <subfield code="x">bibJPT00186406</subfield>
    </datafield>
    <datafield tag="852" ind1=" " ind2=" ">
      <subfield code="a">B10</subfield>
      <subfield code="B">0801G</subfield>
      <subfield code="B">0305</subfield>
      <subfield code="B">1105</subfield>
      <subfield code="B">1201</subfield>
      <subfield code="b">1704</subfield>
      <subfield code="x">bibFSZ115525</subfield>
    </datafield>
    <datafield tag="852" ind1=" " ind2=" ">
      <subfield code="a">P1</subfield>
      <subfield code="b">P1/F1</subfield>
      <subfield code="x">bibJPT00186406</subfield>
    </datafield>
    <datafield tag="852" ind1=" " ind2=" ">
      <subfield code="a">ST1</subfield>
      <subfield code="b">ST1</subfield>
      <subfield code="x">bibBBM141754</subfield>
    </datafield>
    <datafield tag="852" ind1=" " ind2=" ">
      <subfield code="a">BCS1</subfield>
      <subfield code="b">BCS1</subfield>
      <subfield code="x">bibBKO00247955</subfield>
    </datafield>
    <datafield tag="852" ind1=" " ind2=" ">
      <subfield code="a">GY1</subfield>
      <subfield code="b">GY1</subfield>
      <subfield code="x">513877</subfield>
    </datafield>
    <datafield tag="852" ind1=" " ind2=" ">
      <subfield code="a">SZK1</subfield>
      <subfield code="b">SZK1</subfield>
      <subfield code="x">bibTMK00014698</subfield>
    </datafield>
    <datafield tag="852" ind1=" " ind2=" ">
      <subfield code="a">SZ4</subfield>
      <subfield code="b">SZ4</subfield>
      <subfield code="x">bibJPT00186406</subfield>
    </datafield>
    <datafield tag="852" ind1=" " ind2=" ">
      <subfield code="a">SZO1</subfield>
      <subfield code="b">SZO1</subfield>
      <subfield code="x">150167645</subfield>
    </datafield>
    <datafield tag="852" ind1=" " ind2=" ">
      <subfield code="a">H1</subfield>
      <subfield code="b">H1</subfield>
      <subfield code="x">NLVK92236</subfield>
    </datafield>
  </record>
  <record>
    <leader>00988fam  2200277   4500</leader>
    <controlfield tag="001">MOKKAZ0004069568  </controlfield>
    <controlfield tag="005">20090505174942.0</controlfield>
    <controlfield tag="008">000310 1999    hu            00010 hun  </controlfield>
    <datafield tag="020" ind1=" " ind2=" ">
      <subfield code="a">963 9269 04 2</subfield>
    </datafield>
    <datafield tag="035" ind1=" " ind2=" ">
      <subfield code="a">bibJAT00364778</subfield>
    </datafield>
    <datafield tag="040" ind1=" " ind2=" ">
      <subfield code="a">SZTE</subfield>
    </datafield>
    <datafield tag="100" ind1="1" ind2=" ">
      <subfield code="a">Mitták Ferenc</subfield>
    </datafield>
    <datafield tag="245" ind1="1" ind2="0">
      <subfield code="a">1000 év - 100 híres történelmi személy :</subfield>
      <subfield code="b">Szent Istvántól Antall Józsefig /</subfield>
      <subfield code="c">Mitták Ferenc</subfield>
    </datafield>
    <datafield tag="260" ind1=" " ind2=" ">
      <subfield code="a">Debrecen :</subfield>
      <subfield code="b">Tóth Könyvkereskedés,</subfield>
      <subfield code="c">[1999]</subfield>
    </datafield>
    <datafield tag="300" ind1=" " ind2=" ">
      <subfield code="a">477 p. :</subfield>
      <subfield code="b">ill. ;</subfield>
      <subfield code="c">24 cm</subfield>
    </datafield>
    <datafield tag="490" ind1="1" ind2=" ">
      <subfield code="a">(Tudomány és műveltség)</subfield>
    </datafield>
    <datafield tag="650" ind1=" " ind2="7">
      <subfield code="a">Uralkodó</subfield>
      <subfield code="x">Magyarország</subfield>
      <subfield code="x">életrajz</subfield>
      <subfield code="2">szte</subfield>
    </datafield>
    <datafield tag="650" ind1=" " ind2="7">
      <subfield code="a">Magyarország története</subfield>
      <subfield code="x">életrajz</subfield>
      <subfield code="2">szte</subfield>
    </datafield>
    <datafield tag="650" ind1=" " ind2="7">
      <subfield code="a">Magyarország története</subfield>
      <subfield code="y">10-20. sz.</subfield>
      <subfield code="x">életrajz</subfield>
      <subfield code="2">szte</subfield>
    </datafield>
    <datafield tag="651" ind1=" " ind2="4">
      <subfield code="a">Magyarország</subfield>
    </datafield>
    <datafield tag="695" ind1=" " ind2=" ">
      <subfield code="a">Életrajz, történelmi személyek</subfield>
    </datafield>
    <datafield tag="695" ind1=" " ind2=" ">
      <subfield code="a">Történelem</subfield>
    </datafield>
    <datafield tag="830" ind1=" " ind2="0">
      <subfield code="a">Tudomány és műveltség</subfield>
    </datafield>
    <datafield tag="852" ind1=" " ind2=" ">
      <subfield code="a">SZ1</subfield>
      <subfield code="b">SZ1</subfield>
      <subfield code="x">bibJAT00364778</subfield>
    </datafield>
    <datafield tag="852" ind1=" " ind2=" ">
      <subfield code="a">P1</subfield>
      <subfield code="b">P1</subfield>
      <subfield code="b">P1/F1</subfield>
      <subfield code="b">P1/SZ</subfield>
      <subfield code="x">bibJPT00154641</subfield>
    </datafield>
    <datafield tag="852" ind1=" " ind2=" ">
      <subfield code="a">SZ4</subfield>
      <subfield code="b">SZ4</subfield>
      <subfield code="x">bibSOK00070285</subfield>
    </datafield>
  </record>
  <record>
    <leader>00746nam  22002535p 4500</leader>
    <controlfield tag="001">MOKKAW0006007823  </controlfield>
    <controlfield tag="005">20080725182720.0</controlfield>
    <controlfield tag="008">020917s2000    hu                  hun d</controlfield>
    <datafield tag="020" ind1=" " ind2=" ">
      <subfield code="a">963 9269 04 2</subfield>
    </datafield>
    <datafield tag="035" ind1=" " ind2=" ">
      <subfield code="a">259287</subfield>
    </datafield>
    <datafield tag="040" ind1=" " ind2=" ">
      <subfield code="a">KSHK</subfield>
    </datafield>
    <datafield tag="041" ind1="0" ind2=" ">
      <subfield code="a">hun</subfield>
    </datafield>
    <datafield tag="100" ind1="1" ind2=" ">
      <subfield code="a">Mitták Ferenc</subfield>
    </datafield>
    <datafield tag="245" ind1="0" ind2="0">
      <subfield code="a">1000 év - 100 híres történelmi személy : </subfield>
      <subfield code="b">Szent Istvántól Antall Józsefig /</subfield>
      <subfield code="c">Mitták Ferenc</subfield>
    </datafield>
    <datafield tag="260" ind1=" " ind2=" ">
      <subfield code="a">Debrecen :</subfield>
      <subfield code="b">TKK,</subfield>
      <subfield code="c">[2000]</subfield>
    </datafield>
    <datafield tag="300" ind1=" " ind2=" ">
      <subfield code="a">477 p. :</subfield>
      <subfield code="b">ill. ;</subfield>
      <subfield code="c">24 cm</subfield>
    </datafield>
    <datafield tag="490" ind1="1" ind2=" ">
      <subfield code="a">Thot: tudomány és műveltség *</subfield>
    </datafield>
    <datafield tag="653" ind1=" " ind2=" ">
      <subfield code="a">11-20. sz.</subfield>
    </datafield>
    <datafield tag="653" ind1=" " ind2=" ">
      <subfield code="a">ismeretterjesztés</subfield>
    </datafield>
    <datafield tag="653" ind1=" " ind2=" ">
      <subfield code="a">történelem</subfield>
    </datafield>
    <datafield tag="653" ind1=" " ind2=" ">
      <subfield code="a">történettudomány</subfield>
    </datafield>
    <datafield tag="653" ind1=" " ind2=" ">
      <subfield code="a">életrajz</subfield>
    </datafield>
    <datafield tag="830" ind1=" " ind2="0">
      <subfield code="a">Thot: tudomány és műveltség *</subfield>
    </datafield>
    <datafield tag="852" ind1=" " ind2=" ">
      <subfield code="a">B9</subfield>
      <subfield code="b">B9</subfield>
      <subfield code="x">259287</subfield>
    </datafield>
  </record>
  <record>
    <leader>06574fam  2200505 i 4500</leader>
    <controlfield tag="001">MOKKAZ0006389468  </controlfield>
    <controlfield tag="005">20040915200046.0</controlfield>
    <controlfield tag="008">000307s2000    hu a          000 0 hun d</controlfield>
    <datafield tag="020" ind1=" " ind2=" ">
      <subfield code="a">963-9269-04-2 (kötött) :</subfield>
      <subfield code="c">2100,- Ft</subfield>
    </datafield>
    <datafield tag="035" ind1=" " ind2=" ">
      <subfield code="a">415439</subfield>
    </datafield>
    <datafield tag="040" ind1=" " ind2=" ">
      <subfield code="a">OSZK</subfield>
    </datafield>
    <datafield tag="041" ind1="0" ind2=" ">
      <subfield code="a">hunhun</subfield>
    </datafield>
    <datafield tag="100" ind1="1" ind2=" ">
      <subfield code="a">Mitták Ferenc</subfield>
      <subfield code="d">(1949-)</subfield>
    </datafield>
    <datafield tag="245" ind1="1" ind2="0">
      <subfield code="a">1000 év - 100 híres történelmi személy : </subfield>
      <subfield code="b">Szent Istvántól Antall Józsefig /</subfield>
      <subfield code="c">Mitták Ferenc</subfield>
    </datafield>
    <datafield tag="260" ind1=" " ind2=" ">
      <subfield code="a">Debrecen :</subfield>
      <subfield code="b">Tóth Kvkereskedés,</subfield>
      <subfield code="c">[2000]</subfield>
      <subfield code="e">(Debrecen</subfield>
      <subfield code="f">Alföldi Ny.)</subfield>
    </datafield>
    <datafield tag="300" ind1=" " ind2=" ">
      <subfield code="a">477 p. :</subfield>
      <subfield code="b">ill. ;</subfield>
      <subfield code="c">24 cm</subfield>
    </datafield>
    <datafield tag="505" ind1="0" ind2="0">
      <subfield code="g">1.</subfield>
      <subfield code="t">I. (Szent) István, az államalapító--</subfield>
      <subfield code="g">2.</subfield>
      <subfield code="t">Boldog Gizella, Magyarország első királynéja--</subfield>
      <subfield code="g">3.</subfield>
      <subfield code="t">Csanád, Szent István hadvezére--</subfield>
      <subfield code="g">4.</subfield>
      <subfield code="t">Szent Gellért, a vértanú püspök--</subfield>
      <subfield code="g">5.</subfield>
      <subfield code="t">Orseolo Péter, a "Velencei"--</subfield>
      <subfield code="g">6.</subfield>
      <subfield code="t">Vata, a lázadó "pogány törzsfő"--</subfield>
      <subfield code="g">7.</subfield>
      <subfield code="t">(Bajnok) Béla, a "németverő"--</subfield>
      <subfield code="g">8.</subfield>
      <subfield code="t">Salamon, az elűzött király--</subfield>
      <subfield code="g">9.</subfield>
      <subfield code="t">I. Géza, a "Magnus"--</subfield>
      <subfield code="g">10.</subfield>
      <subfield code="t">I. (Szent) László, az első lovagkirály--</subfield>
      <subfield code="g">11.</subfield>
      <subfield code="t">(Könyves) Kálmán, a "tudós király"--</subfield>
      <subfield code="g">12.</subfield>
      <subfield code="t">Álmos, a megvakított herceg--</subfield>
      <subfield code="g">13.</subfield>
      <subfield code="t">II. István, a "magtalan"--</subfield>
      <subfield code="g">14.</subfield>
      <subfield code="t">II. (Vak) Béla, a "báb-király"--</subfield>
      <subfield code="g">15.</subfield>
      <subfield code="t">Belus bán, II. Géza hadvezére--</subfield>
      <subfield code="g">16.</subfield>
      <subfield code="t">Borisz herceg, a "fattyú"--</subfield>
      <subfield code="g">17.</subfield>
      <subfield code="t">III. István és az ellenkirályok--</subfield>
      <subfield code="g">18.</subfield>
      <subfield code="t">Dénes, Bács megyei ispán--</subfield>
      <subfield code="g">19.</subfield>
      <subfield code="t">III. Béla, a "bizánci" reformer--</subfield>
      <subfield code="g">20.</subfield>
      <subfield code="t">Anonymus és a Gesta Hungarorum--</subfield>
      <subfield code="g">21.</subfield>
      <subfield code="t">II. András, a "tékozló király"--</subfield>
      <subfield code="g">22.</subfield>
      <subfield code="t">Gertrúd, a meggyilkolt királyné--</subfield>
      <subfield code="g">23.</subfield>
      <subfield code="t">Árpád-házi Szent Erzsébet--</subfield>
      <subfield code="g">24.</subfield>
      <subfield code="t">Tomaj Dénes nádor és a muhi csata--</subfield>
      <subfield code="g">25.</subfield>
      <subfield code="t">IV. Béla, a második honalapító--</subfield>
      <subfield code="g">26.</subfield>
      <subfield code="t">Szent Margit, a nyulak-szigeti apáca--</subfield>
      <subfield code="g">27.</subfield>
      <subfield code="t">Kun Erzsébet, "Magyarország királynéja és a kun császár leánya"--</subfield>
      <subfield code="g">28.</subfield>
      <subfield code="t">Csák Máté, a morvamezei csata hadvezére--</subfield>
      <subfield code="g">29.</subfield>
      <subfield code="t">IV. Kun László, a "kiátkozott" király--</subfield>
      <subfield code="g">30.</subfield>
      <subfield code="t">III. András, az "utolsó aranyágacska"--</subfield>
      <subfield code="g">31.</subfield>
      <subfield code="t">I. Károly (Róbert) és az aranyforint--</subfield>
      <subfield code="g">32.</subfield>
      <subfield code="t">Debreceni Dózsa nádor, az "újnemes"--</subfield>
      <subfield code="g">33.</subfield>
      <subfield code="t">Csák Máté, Mátyusföld "kiskirálya"--</subfield>
      <subfield code="g">34.</subfield>
      <subfield code="t">Zách Klára, a tragikus sorsú nemeslány--</subfield>
      <subfield code="g">35.</subfield>
      <subfield code="t">I. (Nagy) Lajos, a második lovagkirály--</subfield>
      <subfield code="g">36.</subfield>
      <subfield code="t">Lackfi István, a nápolyi hadjárat vezére--</subfield>
      <subfield code="g">37.</subfield>
      <subfield code="t">Kálti Márk és a Képes Krónika--</subfield>
      <subfield code="g">38.</subfield>
      <subfield code="t">Toldi Miklós, a királyi lovag--</subfield>
      <subfield code="g">39.</subfield>
      <subfield code="t">Mária, az első magyar királynő--</subfield>
      <subfield code="g">40.</subfield>
      <subfield code="t">Zsigmond, a "taktikus és politikus" király--</subfield>
      <subfield code="g">41.</subfield>
      <subfield code="t">Ozorai Pipo, a temesi ispán--</subfield>
      <subfield code="g">42.</subfield>
      <subfield code="t">Budai Nagy Antal, az erdélyi parasztvezér--</subfield>
      <subfield code="g">43.</subfield>
      <subfield code="t">I. Ulászló, a "csatában halt" király--</subfield>
      <subfield code="g">44.</subfield>
      <subfield code="t">Hunyadi János, a "törökverő"--</subfield>
      <subfield code="g">45.</subfield>
      <subfield code="t">I. (Hunyadi) Mátyás, az "igazságos"--</subfield>
      <subfield code="g">46.</subfield>
      <subfield code="t">Vitéz János, a humanista érsek--</subfield>
      <subfield code="g">47.</subfield>
      <subfield code="t">Janus Pannonius, a humanista és reneszánsz költő--</subfield>
      <subfield code="g">48.</subfield>
      <subfield code="t">Beatrix, Mátyás király felesége--</subfield>
      <subfield code="g">49.</subfield>
      <subfield code="t">Kinizsi Pál, a molnárlegényből lett hadvezér--</subfield>
      <subfield code="g">50.</subfield>
      <subfield code="t">II. Ulászló, a "gyengekezű" király--</subfield>
      <subfield code="g">51.</subfield>
      <subfield code="t">Dózsa György, a keresztesek vezére--</subfield>
      <subfield code="g">52.</subfield>
      <subfield code="t">II. Lajos, a "Mohácsnál veszett" király--</subfield>
      <subfield code="g">53.</subfield>
      <subfield code="t">Tomori Pál, a mohácsi csata hadvezére--</subfield>
      <subfield code="g">54.</subfield>
      <subfield code="t">I. (Szapolyai) János, a "hűbéres" király--</subfield>
      <subfield code="g">55.</subfield>
      <subfield code="t">I. Ferdinánd, Habsburg-házi magyar király--</subfield>
      <subfield code="g">56.</subfield>
      <subfield code="t">Dobó István, az "egri csillagok" várkapitánya--</subfield>
      <subfield code="g">57.</subfield>
      <subfield code="t">Martinuzzi Fráter György, az első erdélyi politikus--</subfield>
      <subfield code="g">58.</subfield>
      <subfield code="t">Zrínyi Miklós, szigetvári hős--</subfield>
      <subfield code="g">59.</subfield>
      <subfield code="t">Báthory István, erdélyi fejedelem és lengyel király--</subfield>
      <subfield code="g">60.</subfield>
      <subfield code="t">Balassi Bálint, a végvári katona és költő--</subfield>
      <subfield code="g">61.</subfield>
      <subfield code="t">Bocskai István az erdélyi hadak élén--</subfield>
      <subfield code="g">62.</subfield>
      <subfield code="t">Pázmány Péter, az ellenreformáció érseke--</subfield>
      <subfield code="g">63.</subfield>
      <subfield code="t">Bethlen Gábor, erdélyi fejedelem és hadvezér--</subfield>
      <subfield code="g">64.</subfield>
      <subfield code="t">I. Rákóczi György, az európai politika "fegyvertársa"--</subfield>
      <subfield code="g">65.</subfield>
      <subfield code="t">Zrínyi Miklós, a költő és hadvezér--</subfield>
      <subfield code="g">66.</subfield>
      <subfield code="t">Lorántffy Zsuzsanna, a "mecénás fejedelemasszony"--</subfield>
      <subfield code="g">67.</subfield>
      <subfield code="t">Wesselényi Ferenc nádor és a "murányi Vénusz"--</subfield>
      <subfield code="g">68.</subfield>
      <subfield code="t">Thököly Imre, a "kuruc király"--</subfield>
      <subfield code="g">69.</subfield>
      <subfield code="t">Zrínyi Ilona, a munkácsi hősnő--</subfield>
      <subfield code="g">70.</subfield>
      <subfield code="t">I. Lipót, a törökök és a magyar rendek ellen--</subfield>
      <subfield code="g">71.</subfield>
      <subfield code="t">II. Rákóczi Ferenc, a nagyságos fejedelem--</subfield>
      <subfield code="g">72.</subfield>
      <subfield code="t">Bercsényi Miklós, főgenerális és fejedelmi helytartó--</subfield>
      <subfield code="g">73.</subfield>
      <subfield code="t">Esze Tamás, a "talpasok ezereskapitánya"--</subfield>
      <subfield code="g">74.</subfield>
      <subfield code="t">Bottyán János, a kuruc generális--</subfield>
      <subfield code="g">75.</subfield>
      <subfield code="t">Mária Terézia, az első Habsburg-magyar uralkodónő--</subfield>
      <subfield code="g">76.</subfield>
      <subfield code="t">Hadik András tábornagy és a berlini "portya"--</subfield>
      <subfield code="g">77.</subfield>
      <subfield code="t">Bessenyei György, a nemesi testőr és a felvilágosult "irodalmár"--</subfield>
      <subfield code="g">78.</subfield>
      <subfield code="t">Kovács Mihály ezredes és az amerikai "halál-lovaglás"--</subfield>
      <subfield code="g">79.</subfield>
      <subfield code="t">II. József, a "kalapos király"--</subfield>
      <subfield code="g">80.</subfield>
      <subfield code="t">Martinovics Ignác, a jakobinus összeesküvő--</subfield>
      <subfield code="g">81.</subfield>
      <subfield code="t">Kazinczy Ferenc, a nyelvújító--</subfield>
      <subfield code="g">82.</subfield>
      <subfield code="t">Kossuth Lajos, a "magyarok Mózese"--</subfield>
      <subfield code="g">83.</subfield>
      <subfield code="t">Széchenyi István, a "legnagyobb magyar"--</subfield>
      <subfield code="g">84.</subfield>
      <subfield code="t">Petőfi Sándor, a forradalom költője--</subfield>
      <subfield code="g">85.</subfield>
      <subfield code="t">Görgei Artúr, a honvédsereg fővezére--</subfield>
      <subfield code="g">86.</subfield>
      <subfield code="t">Damjanich János és még 12 aradi vértanú--</subfield>
      <subfield code="g">87.</subfield>
      <subfield code="t">Deák Ferenc, a "haza bölcse"--</subfield>
      <subfield code="g">88.</subfield>
      <subfield code="t">I. Ferenc József, a "kaizer und kőnig"--</subfield>
      <subfield code="g">89.</subfield>
      <subfield code="t">Tisza Kálmán, a "boldog békeidők" miniszterelnöke--</subfield>
      <subfield code="g">90.</subfield>
      <subfield code="t">Erzsébet királyné, a "Sisi"--</subfield>
      <subfield code="g">91.</subfield>
      <subfield code="t">Károlyi Mihály, a "vörös gróf"--</subfield>
      <subfield code="g">92.</subfield>
      <subfield code="t">Kun Béla, a "kommün" vezetője--</subfield>
      <subfield code="g">93.</subfield>
      <subfield code="t">Horthy Miklós, Magyarország kormányzója--</subfield>
      <subfield code="g">94.</subfield>
      <subfield code="t">Bethlen István, a "szürke eminenciás"--</subfield>
      <subfield code="g">95.</subfield>
      <subfield code="t">Szálasi Ferenc, a nyilas nemzetvezető és "nemzetvesztő"--</subfield>
      <subfield code="g">96.</subfield>
      <subfield code="t">Kéthly Anna, a "férfias" képviselőnő--</subfield>
      <subfield code="g">97.</subfield>
      <subfield code="t">Rákosi Mátyás, a "bölcs vezér"--</subfield>
      <subfield code="g">98.</subfield>
      <subfield code="t">Nagy Imre, a reformer miniszterelnök--</subfield>
      <subfield code="g">99.</subfield>
      <subfield code="t">Kádár János és a "legvidámabb barakk"--</subfield>
      <subfield code="g">100.</subfield>
      <subfield code="t">Antall József, a rendszerváltó miniszterelnök</subfield>
    </datafield>
    <datafield tag="650" ind1="0" ind2="4">
      <subfield code="a">magyar történelem</subfield>
      <subfield code="x">életrajzok</subfield>
    </datafield>
    <datafield tag="650" ind1="0" ind2="4">
      <subfield code="a">életrajz</subfield>
      <subfield code="x">politikusok</subfield>
      <subfield code="z">magyar</subfield>
    </datafield>
    <datafield tag="650" ind1=" " ind2="4">
      <subfield code="a">Magyarország - történelem - életrajzok</subfield>
    </datafield>
    <datafield tag="650" ind1=" " ind2="4">
      <subfield code="a">Királyok és uralkodók</subfield>
      <subfield code="z">Magyarország</subfield>
      <subfield code="x">életrajz</subfield>
    </datafield>
    <datafield tag="650" ind1=" " ind2="4">
      <subfield code="a">Életrajz</subfield>
    </datafield>
    <datafield tag="650" ind1=" " ind2="4">
      <subfield code="a">Történelem</subfield>
    </datafield>
    <datafield tag="650" ind1=" " ind2="4">
      <subfield code="a">Művelődéstörténet</subfield>
    </datafield>
    <datafield tag="650" ind1=" " ind2="4">
      <subfield code="a">Híres ember</subfield>
    </datafield>
    <datafield tag="650" ind1=" " ind2="4">
      <subfield code="a">történelmi személyek életrajza</subfield>
    </datafield>
    <datafield tag="650" ind1=" " ind2="4">
      <subfield code="a">helyi személy</subfield>
    </datafield>
    <datafield tag="650" ind1=" " ind2="4">
      <subfield code="a">magyar történelem</subfield>
    </datafield>
    <datafield tag="650" ind1=" " ind2="4">
      <subfield code="a">történelmi személy</subfield>
    </datafield>
    <datafield tag="650" ind1=" " ind2="4">
      <subfield code="a">Történet</subfield>
    </datafield>
    <datafield tag="650" ind1=" " ind2="4">
      <subfield code="a">Életrajzok</subfield>
    </datafield>
    <datafield tag="651" ind1=" " ind2="4">
      <subfield code="a">Magyarország</subfield>
      <subfield code="x">történet</subfield>
      <subfield code="x">életrajz</subfield>
    </datafield>
    <datafield tag="651" ind1=" " ind2="4">
      <subfield code="a">Magyarország</subfield>
    </datafield>
    <datafield tag="653" ind1=" " ind2=" ">
      <subfield code="a">helyi személy</subfield>
    </datafield>
    <datafield tag="695" ind1=" " ind2=" ">
      <subfield code="a">ODR 2001</subfield>
    </datafield>
    <datafield tag="852" ind1=" " ind2=" ">
      <subfield code="a">B1</subfield>
      <subfield code="b">B1</subfield>
      <subfield code="x">415439</subfield>
    </datafield>
    <datafield tag="852" ind1=" " ind2=" ">
      <subfield code="a">D1</subfield>
      <subfield code="b">D1</subfield>
      <subfield code="x">bibJAT00364778</subfield>
    </datafield>
    <datafield tag="852" ind1=" " ind2=" ">
      <subfield code="a">B10</subfield>
      <subfield code="B">0801</subfield>
      <subfield code="B">0801G</subfield>
      <subfield code="B">1802</subfield>
      <subfield code="B">1901</subfield>
      <subfield code="B">1903</subfield>
      <subfield code="B">2002</subfield>
      <subfield code="B">2101</subfield>
      <subfield code="B">2104</subfield>
      <subfield code="b">2301</subfield>
      <subfield code="x">bibFSZ00303040</subfield>
    </datafield>
    <datafield tag="852" ind1=" " ind2=" ">
      <subfield code="a">M1</subfield>
      <subfield code="b">M1</subfield>
      <subfield code="x">113556</subfield>
    </datafield>
    <datafield tag="852" ind1=" " ind2=" ">
      <subfield code="a">BCS1</subfield>
      <subfield code="b">BCS1</subfield>
      <subfield code="x">bibBKO00233814</subfield>
    </datafield>
    <datafield tag="852" ind1=" " ind2=" ">
      <subfield code="a">SZK1</subfield>
      <subfield code="b">SZK1</subfield>
      <subfield code="x">bibJAT00364778</subfield>
    </datafield>
    <datafield tag="852" ind1=" " ind2=" ">
      <subfield code="a">ST1</subfield>
      <subfield code="b">ST1</subfield>
      <subfield code="x">bibBBM138509</subfield>
    </datafield>
    <datafield tag="852" ind1=" " ind2=" ">
      <subfield code="a">GY1</subfield>
      <subfield code="b">GY1</subfield>
      <subfield code="x">454933</subfield>
    </datafield>
    <datafield tag="852" ind1=" " ind2=" ">
      <subfield code="a">GY1</subfield>
      <subfield code="b">GY1</subfield>
      <subfield code="x">KKMK454933</subfield>
    </datafield>
    <datafield tag="852" ind1=" " ind2=" ">
      <subfield code="a">SZL1</subfield>
      <subfield code="b">SZL1</subfield>
      <subfield code="x">bibVFK00214473</subfield>
    </datafield>
  </record>
  <record>
    <leader>00960nam  2200313 i 4500</leader>
    <controlfield tag="001">MOKKAN0004811743  </controlfield>
    <controlfield tag="005">20080725175236.0</controlfield>
    <controlfield tag="008">070808s2007    hu rco        00000dhun d</controlfield>
    <datafield tag="020" ind1=" " ind2=" ">
      <subfield code="a">978-963-9784-00-0 (kötött)</subfield>
    </datafield>
    <datafield tag="020" ind1=" " ind2=" ">
      <subfield code="a">978 963 9784 00 0</subfield>
    </datafield>
    <datafield tag="035" ind1=" " ind2=" ">
      <subfield code="a">2666076</subfield>
    </datafield>
    <datafield tag="040" ind1=" " ind2=" ">
      <subfield code="a">OSZK</subfield>
    </datafield>
    <datafield tag="041" ind1="0" ind2=" ">
      <subfield code="a">hunhun</subfield>
    </datafield>
    <datafield tag="100" ind1="1" ind2=" ">
      <subfield code="a">Takács Erika</subfield>
    </datafield>
    <datafield tag="245" ind1="1" ind2="0">
      <subfield code="a">1000 év művészete /</subfield>
      <subfield code="c">Takács Erika</subfield>
    </datafield>
    <datafield tag="260" ind1=" " ind2=" ">
      <subfield code="a">Budapest :</subfield>
      <subfield code="b">Titán Computer,</subfield>
      <subfield code="c">2007</subfield>
    </datafield>
    <datafield tag="300" ind1=" " ind2=" ">
      <subfield code="a">119 p. :</subfield>
      <subfield code="b">ill., részben színes ;</subfield>
      <subfield code="c">30 cm</subfield>
    </datafield>
    <datafield tag="650" ind1="1" ind2="7">
      <subfield code="a">művészettörténet</subfield>
      <subfield code="2">oszk</subfield>
    </datafield>
    <datafield tag="650" ind1="1" ind2="7">
      <subfield code="a">művelődéstörténet</subfield>
      <subfield code="2">oszk</subfield>
    </datafield>
    <datafield tag="650" ind1=" " ind2="7">
      <subfield code="a">Művészettörténet</subfield>
      <subfield code="x">Európa</subfield>
      <subfield code="2">szte</subfield>
    </datafield>
    <datafield tag="650" ind1=" " ind2="7">
      <subfield code="a">Művelődéstörténet</subfield>
      <subfield code="x">Európa</subfield>
      <subfield code="2">szte</subfield>
    </datafield>
    <datafield tag="651" ind1=" " ind2="4">
      <subfield code="a">Európa</subfield>
    </datafield>
    <datafield tag="653" ind1=" " ind2=" ">
      <subfield code="a">művelődéstörténet</subfield>
    </datafield>
    <datafield tag="653" ind1=" " ind2=" ">
      <subfield code="a">művészettörténet</subfield>
    </datafield>
    <datafield tag="852" ind1=" " ind2=" ">
      <subfield code="a">SZ4</subfield>
      <subfield code="b">SZ4/K0</subfield>
      <subfield code="x">bibSOK00420919</subfield>
    </datafield>
    <datafield tag="852" ind1=" " ind2=" ">
      <subfield code="a">B1</subfield>
      <subfield code="b">B1</subfield>
      <subfield code="x">2666076</subfield>
    </datafield>
    <datafield tag="852" ind1=" " ind2=" ">
      <subfield code="a">SZ1</subfield>
      <subfield code="b">SZ1</subfield>
      <subfield code="x">bibJAT00726617</subfield>
    </datafield>
    <datafield tag="852" ind1=" " ind2=" ">
      <subfield code="a">D1</subfield>
      <subfield code="b">D1</subfield>
      <subfield code="x">bibDEK00668220</subfield>
    </datafield>
    <datafield tag="852" ind1=" " ind2=" ">
      <subfield code="a">B9</subfield>
      <subfield code="b">B9</subfield>
      <subfield code="x">702106</subfield>
    </datafield>
  </record>
  <record>
    <leader>01182ngm  2200301 i 4500</leader>
    <controlfield tag="001">MOKKAW0005172082  </controlfield>
    <controlfield tag="005">20080313135406.0</controlfield>
    <controlfield tag="008">070130s2001    hu                  hun d</controlfield>
    <datafield tag="035" ind1=" " ind2=" ">
      <subfield code="a">KKMK1583957</subfield>
    </datafield>
    <datafield tag="040" ind1=" " ind2=" ">
      <subfield code="a">KKMK</subfield>
    </datafield>
    <datafield tag="041" ind1="0" ind2=" ">
      <subfield code="a">hun</subfield>
    </datafield>
    <datafield tag="100" ind1="1" ind2=" ">
      <subfield code="a">Glatz Ferenc</subfield>
      <subfield code="d">(1941)</subfield>
    </datafield>
    <datafield tag="245" ind1="1" ind2="0">
      <subfield code="a">1000 évről 100 percben</subfield>
      <subfield code="h">[videodok.] : a magyar állam múltjáról, jövőjéről /</subfield>
      <subfield code="c">Glatz Ferenc ; szerk., rend. Szakály István ; operatőr Nemescsói Tamás, Pápay Zsolt, Rácz Albert ; közrem. Papp János, Simon György</subfield>
    </datafield>
    <datafield tag="260" ind1=" " ind2=" ">
      <subfield code="a">Budapest :</subfield>
      <subfield code="b">MTV Rt :</subfield>
      <subfield code="b">Mokép,</subfield>
      <subfield code="c">2001</subfield>
    </datafield>
    <datafield tag="300" ind1=" " ind2=" ">
      <subfield code="a">1 DVD (69 min :</subfield>
      <subfield code="b">szín., hg ;</subfield>
      <subfield code="c">12 cm</subfield>
    </datafield>
    <datafield tag="500" ind1=" " ind2=" ">
      <subfield code="a">A DVD A História c. folyóirat XXVII. évf. 3. sz. mellékleteként jelent meg</subfield>
    </datafield>
    <datafield tag="518" ind1=" " ind2=" ">
      <subfield code="a">A film 2001-ben készült</subfield>
    </datafield>
    <datafield tag="650" ind1=" " ind2="4">
      <subfield code="a">magyar történelem</subfield>
    </datafield>
    <datafield tag="650" ind1=" " ind2="4">
      <subfield code="a">állam</subfield>
    </datafield>
    <datafield tag="650" ind1=" " ind2="4">
      <subfield code="a">nemzet</subfield>
    </datafield>
    <datafield tag="653" ind1=" " ind2=" ">
      <subfield code="a">DVD dokumentum</subfield>
    </datafield>
    <datafield tag="700" ind1="1" ind2=" ">
      <subfield code="a">Szakály István</subfield>
      <subfield code="c">(rendező)</subfield>
      <subfield code="4">(szerk., rend)</subfield>
    </datafield>
    <datafield tag="700" ind1="1" ind2=" ">
      <subfield code="a">Nemescsói Tamás</subfield>
      <subfield code="4">(operatőr)</subfield>
    </datafield>
    <datafield tag="700" ind1="1" ind2=" ">
      <subfield code="a">Pápay Zsolt</subfield>
      <subfield code="c">(operatőr)</subfield>
      <subfield code="4">(operatőr)</subfield>
    </datafield>
    <datafield tag="700" ind1="1" ind2=" ">
      <subfield code="a">Rácz Albert</subfield>
      <subfield code="c">(operatőr)</subfield>
      <subfield code="4">(operatőr)</subfield>
    </datafield>
    <datafield tag="700" ind1="1" ind2=" ">
      <subfield code="a">Papp János</subfield>
      <subfield code="4">(közrem)</subfield>
    </datafield>
    <datafield tag="700" ind1="1" ind2=" ">
      <subfield code="a">Simon György</subfield>
      <subfield code="4">(közrem)</subfield>
    </datafield>
    <datafield tag="852" ind1=" " ind2=" ">
      <subfield code="a">GY1</subfield>
      <subfield code="b">GY1</subfield>
      <subfield code="x">KKMK1583957</subfield>
    </datafield>
  </record>
  <record>
    <leader>01169fcm  2200265   4500</leader>
    <controlfield tag="001">MOKKAZ0003547834  </controlfield>
    <controlfield tag="005">20040909200746.0</controlfield>
    <controlfield tag="008">990316s1996    hu             n 1  hun d</controlfield>
    <datafield tag="028" ind1="3" ind2="0">
      <subfield code="a">B.T. 208</subfield>
      <subfield code="b">Bárd Ferencz és testvére</subfield>
    </datafield>
    <datafield tag="028" ind1=" " ind2=" ">
      <subfield code="a">B.T. 208</subfield>
      <subfield code="b">Bárd</subfield>
    </datafield>
    <datafield tag="035" ind1=" " ind2=" ">
      <subfield code="a">bibKLT00213814</subfield>
    </datafield>
    <datafield tag="040" ind1=" " ind2=" ">
      <subfield code="a">DEENK</subfield>
    </datafield>
    <datafield tag="041" ind1=" " ind2=" ">
      <subfield code="d">hun</subfield>
      <subfield code="f">hun</subfield>
    </datafield>
    <datafield tag="100" ind1="1" ind2=" ">
      <subfield code="a">Verő György</subfield>
      <subfield code="d">(1857-1941)</subfield>
    </datafield>
    <datafield tag="245" ind1="1" ind2="0">
      <subfield code="a">1000 év</subfield>
      <subfield code="h">[Nyomtatott kotta] :</subfield>
      <subfield code="b">A Népszínház milleniumi szinművének összes eredeti ének és zeneszámai /</subfield>
      <subfield code="c">írta és zenéjét szerzette Verő György</subfield>
    </datafield>
    <datafield tag="250" ind1=" " ind2=" ">
      <subfield code="a">Reprint kiad.</subfield>
    </datafield>
    <datafield tag="254" ind1=" " ind2=" ">
      <subfield code="a">Zongorakivonat</subfield>
    </datafield>
    <datafield tag="260" ind1=" " ind2=" ">
      <subfield code="a">Budapest :</subfield>
      <subfield code="b">Rózsavölgyi Zeneműbolt,</subfield>
      <subfield code="c">1996</subfield>
    </datafield>
    <datafield tag="300" ind1=" " ind2=" ">
      <subfield code="a">23 p. ;</subfield>
      <subfield code="c">33 cm</subfield>
    </datafield>
    <datafield tag="505" ind1="0" ind2="0">
      <subfield code="g">1.</subfield>
      <subfield code="t">Igricz éneke és áldozati táncz-zene +</subfield>
      <subfield code="g">2.</subfield>
      <subfield code="t">Mária-dal és köz-zene +</subfield>
      <subfield code="g">3.</subfield>
      <subfield code="t">Régi magyar dal +</subfield>
      <subfield code="g">4.</subfield>
      <subfield code="t">Melodráma +</subfield>
      <subfield code="g">5.</subfield>
      <subfield code="t">Dal a két Hunyadyról +</subfield>
      <subfield code="g">6.</subfield>
      <subfield code="t">Köz-zene +</subfield>
      <subfield code="g">7.</subfield>
      <subfield code="t">Gúnydal +</subfield>
      <subfield code="8">.</subfield>
      <subfield code="t">Melodráma és kurucz toborzó +</subfield>
      <subfield code="g">9.</subfield>
      <subfield code="t">Kettős-dal +</subfield>
      <subfield code="g">10.</subfield>
      <subfield code="t">Ezerév-ünnepi induló</subfield>
    </datafield>
    <datafield tag="695" ind1=" " ind2=" ">
      <subfield code="a">színházi zene</subfield>
      <subfield code="x">daljáték</subfield>
    </datafield>
    <datafield tag="695" ind1=" " ind2=" ">
      <subfield code="a">Színházi zene</subfield>
      <subfield code="x">népszínmű</subfield>
    </datafield>
    <datafield tag="852" ind1=" " ind2=" ">
      <subfield code="a">D1</subfield>
      <subfield code="b">D1/Z</subfield>
      <subfield code="x">bibKLT00213814</subfield>
    </datafield>
    <datafield tag="852" ind1=" " ind2=" ">
      <subfield code="a">B10</subfield>
      <subfield code="b">0801Z</subfield>
      <subfield code="x">bibFSZ874208</subfield>
    </datafield>
    <datafield tag="852" ind1=" " ind2=" ">
      <subfield code="a">SZ4</subfield>
      <subfield code="b">SZ4</subfield>
      <subfield code="x">bibSOK296901</subfield>
    </datafield>
  </record>
  <record>
    <leader>00364nam  2200133 i 4500</leader>
    <controlfield tag="001">MOKKAS0001489731  </controlfield>
    <controlfield tag="005">20060113192142.0</controlfield>
    <controlfield tag="008">050903s1992    hu            00010 hun d</controlfield>
    <datafield tag="020" ind1=" " ind2=" ">
      <subfield code="a">963-7546-30-8 !</subfield>
    </datafield>
    <datafield tag="035" ind1=" " ind2=" ">
      <subfield code="a">bibVFK00113237</subfield>
    </datafield>
    <datafield tag="040" ind1=" " ind2=" ">
      <subfield code="a">VFMK</subfield>
    </datafield>
    <datafield tag="245" ind1="0" ind2="0">
      <subfield code="a">1000 feladat az elemi matematika köréből /</subfield>
      <subfield code="c">Róka Sándor</subfield>
    </datafield>
    <datafield tag="260" ind1=" " ind2=" ">
      <subfield code="c">1992</subfield>
    </datafield>
    <datafield tag="852" ind1=" " ind2=" ">
      <subfield code="a">SZL1</subfield>
      <subfield code="b">SZL1</subfield>
      <subfield code="x">bibVFK00113237</subfield>
    </datafield>
  </record>
  <record>
    <leader>00514nam  2200169 i 4500</leader>
    <controlfield tag="001">MOKKAS0003851411  </controlfield>
    <controlfield tag="005">20080609125552.0</controlfield>
    <controlfield tag="008">060217 1992    hu            000 0 hun  </controlfield>
    <datafield tag="020" ind1=" " ind2=" ">
      <subfield code="a">963 7546 30 8</subfield>
    </datafield>
    <datafield tag="035" ind1=" " ind2=" ">
      <subfield code="a">bibJAT00659775</subfield>
    </datafield>
    <datafield tag="040" ind1=" " ind2=" ">
      <subfield code="a">SZTE</subfield>
    </datafield>
    <datafield tag="100" ind1="1" ind2=" ">
      <subfield code="a">Róka Sándor</subfield>
    </datafield>
    <datafield tag="245" ind1="1" ind2="0">
      <subfield code="a">1000 feladat az elemi matematika köréből /</subfield>
      <subfield code="c">Róka Sándor</subfield>
    </datafield>
    <datafield tag="260" ind1=" " ind2=" ">
      <subfield code="a">Szeged :</subfield>
      <subfield code="b">Tipotex,</subfield>
      <subfield code="c">1992</subfield>
    </datafield>
    <datafield tag="300" ind1=" " ind2=" ">
      <subfield code="a">198 p. :</subfield>
      <subfield code="b">ill. ;</subfield>
      <subfield code="c">24 cm</subfield>
    </datafield>
    <datafield tag="650" ind1=" " ind2="7">
      <subfield code="a">Matematika</subfield>
      <subfield code="x">feladatgyűjtemény</subfield>
      <subfield code="2">szte</subfield>
    </datafield>
    <datafield tag="852" ind1=" " ind2=" ">
      <subfield code="a">SZ1</subfield>
      <subfield code="b">SZ1/1</subfield>
      <subfield code="b">SZ1/R3</subfield>
      <subfield code="x">bibJAT00659775</subfield>
    </datafield>
  </record>
  <record>
    <leader>01730fam  2200529 i 4500</leader>
    <controlfield tag="001">MOKKAZ0006304656  </controlfield>
    <controlfield tag="005">20100413162558.0</controlfield>
    <controlfield tag="008">930104s1992    hu a          000 0 hun d</controlfield>
    <datafield tag="020" ind1=" " ind2=" ">
      <subfield code="a">963-7546-30-8 (fűzött) :</subfield>
      <subfield code="c">210,- Ft</subfield>
    </datafield>
    <datafield tag="035" ind1=" " ind2=" ">
      <subfield code="a">21074</subfield>
    </datafield>
    <datafield tag="040" ind1=" " ind2=" ">
      <subfield code="a">OSZK</subfield>
    </datafield>
    <datafield tag="041" ind1="0" ind2=" ">
      <subfield code="a">hunhun</subfield>
    </datafield>
    <datafield tag="080" ind1=" " ind2=" ">
      <subfield code="a">51(076)</subfield>
    </datafield>
    <datafield tag="100" ind1="1" ind2=" ">
      <subfield code="a">Róka Sándor</subfield>
    </datafield>
    <datafield tag="245" ind1="1" ind2="0">
      <subfield code="a">1000 feladat az elemi matematika köréből /</subfield>
      <subfield code="c">Róka Sándor</subfield>
    </datafield>
    <datafield tag="260" ind1=" " ind2=" ">
      <subfield code="a">[Budapest] :</subfield>
      <subfield code="b">Typotex,</subfield>
      <subfield code="c">1992</subfield>
      <subfield code="e">([Budapest]</subfield>
      <subfield code="f">KÉE)</subfield>
    </datafield>
    <datafield tag="300" ind1=" " ind2=" ">
      <subfield code="a">198 p. :</subfield>
      <subfield code="b">ill. ;</subfield>
      <subfield code="c">24 cm</subfield>
    </datafield>
    <datafield tag="650" ind1=" " ind2="4">
      <subfield code="a">Matematika</subfield>
      <subfield code="x">feladatok, gyakorlatok stb.</subfield>
    </datafield>
    <datafield tag="650" ind1=" " ind2="0">
      <subfield code="a">Mathematics</subfield>
      <subfield code="x">Problems, exercises, etc.</subfield>
    </datafield>
    <datafield tag="650" ind1="0" ind2="4">
      <subfield code="a">matematika</subfield>
      <subfield code="x">feladatgyűjtemény</subfield>
    </datafield>
    <datafield tag="650" ind1=" " ind2="4">
      <subfield code="a">Feladatgyűjtemény</subfield>
    </datafield>
    <datafield tag="650" ind1=" " ind2="4">
      <subfield code="a">Matematika</subfield>
    </datafield>
    <datafield tag="650" ind1=" " ind2="4">
      <subfield code="a">feladatgyűjtemények</subfield>
    </datafield>
    <datafield tag="650" ind1=" " ind2="7">
      <subfield code="a">feladatgyűjtemény</subfield>
      <subfield code="2">opkm</subfield>
    </datafield>
    <datafield tag="650" ind1=" " ind2="7">
      <subfield code="a">felső tagozat</subfield>
      <subfield code="2">opkm</subfield>
    </datafield>
    <datafield tag="650" ind1=" " ind2="7">
      <subfield code="a">általános iskola</subfield>
      <subfield code="2">opkm</subfield>
    </datafield>
    <datafield tag="650" ind1=" " ind2="7">
      <subfield code="a">matematika tantárgy</subfield>
      <subfield code="2">opkm</subfield>
    </datafield>
    <datafield tag="650" ind1=" " ind2="7">
      <subfield code="a">középiskola</subfield>
      <subfield code="2">opkm</subfield>
    </datafield>
    <datafield tag="695" ind1=" " ind2=" ">
      <subfield code="a">Matematika</subfield>
      <subfield code="x">példatárak</subfield>
    </datafield>
    <datafield tag="695" ind1=" " ind2=" ">
      <subfield code="a">xxx</subfield>
    </datafield>
    <datafield tag="695" ind1=" " ind2=" ">
      <subfield code="a">Matematika</subfield>
    </datafield>
    <datafield tag="695" ind1=" " ind2=" ">
      <subfield code="a">Feladatgyűjtemény</subfield>
    </datafield>
    <datafield tag="695" ind1=" " ind2=" ">
      <subfield code="a">Példatárak</subfield>
    </datafield>
    <datafield tag="852" ind1=" " ind2=" ">
      <subfield code="a">B1</subfield>
      <subfield code="b">B1</subfield>
      <subfield code="x">21074</subfield>
    </datafield>
    <datafield tag="852" ind1=" " ind2=" ">
      <subfield code="a">D1</subfield>
      <subfield code="b">D1</subfield>
      <subfield code="b">D1/20</subfield>
      <subfield code="x">csiKLT00022858</subfield>
    </datafield>
    <datafield tag="852" ind1=" " ind2=" ">
      <subfield code="a">SZ1</subfield>
      <subfield code="b">SZ1</subfield>
      <subfield code="x">csiKLT00022858</subfield>
    </datafield>
    <datafield tag="852" ind1=" " ind2=" ">
      <subfield code="a">B10</subfield>
      <subfield code="b">1801</subfield>
      <subfield code="b">1803</subfield>
      <subfield code="b">0901</subfield>
      <subfield code="b">1802</subfield>
      <subfield code="b">1308</subfield>
      <subfield code="b">0401</subfield>
      <subfield code="b">0703</subfield>
      <subfield code="b">0702</subfield>
      <subfield code="b">0101</subfield>
      <subfield code="b">1105</subfield>
      <subfield code="b">1201</subfield>
      <subfield code="b">0307C</subfield>
      <subfield code="b">0204</subfield>
      <subfield code="b">0302</subfield>
      <subfield code="b">1004</subfield>
      <subfield code="x">bibFSZ00095760</subfield>
    </datafield>
    <datafield tag="852" ind1=" " ind2=" ">
      <subfield code="a">P1</subfield>
      <subfield code="b">P1/FK</subfield>
      <subfield code="b">P1/MK</subfield>
      <subfield code="x">bibJPT00118893</subfield>
    </datafield>
    <datafield tag="852" ind1=" " ind2=" ">
      <subfield code="a">BCS1</subfield>
      <subfield code="b">BCS1</subfield>
      <subfield code="x">bibBKO00190608</subfield>
    </datafield>
    <datafield tag="852" ind1=" " ind2=" ">
      <subfield code="a">GY1</subfield>
      <subfield code="b">GY1</subfield>
      <subfield code="x">323166</subfield>
    </datafield>
    <datafield tag="852" ind1=" " ind2=" ">
      <subfield code="a">B2</subfield>
      <subfield code="b">B2</subfield>
      <subfield code="b">B2/45</subfield>
      <subfield code="x">119142</subfield>
    </datafield>
    <datafield tag="852" ind1=" " ind2=" ">
      <subfield code="a">ST1</subfield>
      <subfield code="b">ST1</subfield>
      <subfield code="x">bibBBM89092</subfield>
    </datafield>
    <datafield tag="852" ind1=" " ind2=" ">
      <subfield code="a">SZ4</subfield>
      <subfield code="b">SZ4</subfield>
      <subfield code="x">bibSOK00077136</subfield>
    </datafield>
    <datafield tag="852" ind1=" " ind2=" ">
      <subfield code="a">M2</subfield>
      <subfield code="b">M2</subfield>
      <subfield code="x">bibRFK00055642</subfield>
    </datafield>
    <datafield tag="852" ind1=" " ind2=" ">
      <subfield code="a">H1</subfield>
      <subfield code="b">H1</subfield>
      <subfield code="x">NLVK443940</subfield>
    </datafield>
    <datafield tag="852" ind1=" " ind2=" ">
      <subfield code="a">B3</subfield>
      <subfield code="b">B3</subfield>
      <subfield code="x">000005432</subfield>
    </datafield>
    <datafield tag="852" ind1=" " ind2=" ">
      <subfield code="a">B7</subfield>
      <subfield code="b">B7</subfield>
      <subfield code="x">44123</subfield>
    </datafield>
  </record>
  <record>
    <leader>00369nam  2200133 i 4500</leader>
    <controlfield tag="001">MOKKAS0003851415  </controlfield>
    <controlfield tag="005">20060616105109.0</controlfield>
    <controlfield tag="008">060217 1996    hu            000   hun  </controlfield>
    <datafield tag="035" ind1=" " ind2=" ">
      <subfield code="a">bibJAT00659782</subfield>
    </datafield>
    <datafield tag="040" ind1=" " ind2=" ">
      <subfield code="a">SZTE</subfield>
    </datafield>
    <datafield tag="100" ind1="1" ind2=" ">
      <subfield code="a">Róka Sándor</subfield>
    </datafield>
    <datafield tag="245" ind1="1" ind2="0">
      <subfield code="a">1000 feladat az elemi matematika köréből /</subfield>
      <subfield code="c">Róka Sándor</subfield>
    </datafield>
    <datafield tag="260" ind1=" " ind2=" ">
      <subfield code="a">Szeged,</subfield>
      <subfield code="c">1996</subfield>
    </datafield>
    <datafield tag="852" ind1=" " ind2=" ">
      <subfield code="a">SZ1</subfield>
      <subfield code="b">SZ1</subfield>
      <subfield code="x">bibJAT00659782</subfield>
    </datafield>
  </record>
  <record>
    <leader>00875nam  2200301   4500</leader>
    <controlfield tag="001">MOKKAN0004311006  </controlfield>
    <controlfield tag="005">20070503093217.0</controlfield>
    <controlfield tag="008">040218s2006                        hun d</controlfield>
    <datafield tag="020" ind1=" " ind2=" ">
      <subfield code="a">963-369-561-9 (kötött)</subfield>
    </datafield>
    <datafield tag="020" ind1=" " ind2=" ">
      <subfield code="a">963-369-561-9</subfield>
    </datafield>
    <datafield tag="035" ind1=" " ind2=" ">
      <subfield code="a">bibFSZ1267317</subfield>
    </datafield>
    <datafield tag="040" ind1=" " ind2=" ">
      <subfield code="a">FSZEK</subfield>
    </datafield>
    <datafield tag="041" ind1=" " ind2=" ">
      <subfield code="a">hun</subfield>
    </datafield>
    <datafield tag="100" ind1="1" ind2=" ">
      <subfield code="a">Nordmann, Michael</subfield>
    </datafield>
    <datafield tag="240" ind1=" " ind2="0">
      <subfield code="a">1000 Fussballer</subfield>
    </datafield>
    <datafield tag="245" ind1="1" ind2="0">
      <subfield code="a">1000 focista :</subfield>
      <subfield code="b">minden idők legjobb játékosai</subfield>
    </datafield>
    <datafield tag="260" ind1=" " ind2=" ">
      <subfield code="a">Pécs :</subfield>
      <subfield code="b">Alexandra,</subfield>
      <subfield code="c">2006</subfield>
    </datafield>
    <datafield tag="300" ind1=" " ind2=" ">
      <subfield code="a">336 p. :</subfield>
      <subfield code="b">ill. ;</subfield>
      <subfield code="c">31 cm</subfield>
    </datafield>
    <datafield tag="500" ind1=" " ind2=" ">
      <subfield code="a">Szerző: Nordmann, Michael</subfield>
    </datafield>
    <datafield tag="500" ind1=" " ind2=" ">
      <subfield code="a">Ford. Szilágyi Gyula és Kántor Tamás</subfield>
    </datafield>
    <datafield tag="504" ind1=" " ind2=" ">
      <subfield code="a">Bibliogr.: p. 336.</subfield>
    </datafield>
    <datafield tag="650" ind1=" " ind2="4">
      <subfield code="a">labdarúgás</subfield>
    </datafield>
    <datafield tag="650" ind1=" " ind2="4">
      <subfield code="a">sportoló</subfield>
    </datafield>
    <datafield tag="650" ind1=" " ind2="4">
      <subfield code="a">életrajzi lexikon</subfield>
    </datafield>
    <datafield tag="700" ind1="1" ind2=" ">
      <subfield code="a">Szilágyi Gyula</subfield>
      <subfield code="4">ford.</subfield>
    </datafield>
    <datafield tag="700" ind1="1" ind2=" ">
      <subfield code="a">Kántor Tamás</subfield>
      <subfield code="4">ford.</subfield>
    </datafield>
    <datafield tag="852" ind1=" " ind2=" ">
      <subfield code="a">B10</subfield>
      <subfield code="b">B10</subfield>
      <subfield code="x">bibFSZ1267317</subfield>
    </datafield>
    <datafield tag="852" ind1=" " ind2=" ">
      <subfield code="a">SZO1</subfield>
      <subfield code="b">SZO1</subfield>
      <subfield code="x">150534428</subfield>
    </datafield>
  </record>
  <record>
    <leader>00834nam  2200253 i 4500</leader>
    <controlfield tag="001">MOKKAN0004073918  </controlfield>
    <controlfield tag="005">20070329171312.0</controlfield>
    <controlfield tag="008">060718s2006    hu ao         00000 hun d</controlfield>
    <datafield tag="020" ind1=" " ind2=" ">
      <subfield code="a">963-369-561-9 (kötött)</subfield>
    </datafield>
    <datafield tag="035" ind1=" " ind2=" ">
      <subfield code="a">000002620658</subfield>
    </datafield>
    <datafield tag="040" ind1=" " ind2=" ">
      <subfield code="a">DEENK</subfield>
    </datafield>
    <datafield tag="041" ind1="1" ind2=" ">
      <subfield code="a">hun</subfield>
      <subfield code="h">ger</subfield>
    </datafield>
    <datafield tag="130" ind1="0" ind2="0">
      <subfield code="a">1000 Fussballer</subfield>
      <subfield code="l">(magyar)</subfield>
    </datafield>
    <datafield tag="245" ind1="1" ind2="0">
      <subfield code="a">1000 focista :</subfield>
      <subfield code="b">minden idők legjobb játékosai</subfield>
    </datafield>
    <datafield tag="260" ind1=" " ind2=" ">
      <subfield code="a">Pécs :</subfield>
      <subfield code="b">Alexandra,</subfield>
      <subfield code="c">2006</subfield>
    </datafield>
    <datafield tag="300" ind1=" " ind2=" ">
      <subfield code="a">336 p. :</subfield>
      <subfield code="b">ill., főként színes ;</subfield>
      <subfield code="c">31 cm</subfield>
    </datafield>
    <datafield tag="500" ind1=" " ind2=" ">
      <subfield code="a">Ford. Szilágyi Gyula, Kántor Tamás</subfield>
    </datafield>
    <datafield tag="650" ind1=" " ind2="4">
      <subfield code="a">Labdarúgás</subfield>
      <subfield code="x">történet</subfield>
    </datafield>
    <datafield tag="650" ind1=" " ind2="4">
      <subfield code="a">Labdarúgók</subfield>
      <subfield code="x">enciklopédiák és szótárak</subfield>
    </datafield>
    <datafield tag="650" ind1=" " ind2="0">
      <subfield code="a">Football</subfield>
      <subfield code="x">History.</subfield>
    </datafield>
    <datafield tag="650" ind1=" " ind2="0">
      <subfield code="a">Football players</subfield>
      <subfield code="x">Encyclopedias and dictionaries.</subfield>
    </datafield>
    <datafield tag="700" ind1="1" ind2=" ">
      <subfield code="a">Szilágyi Gyula</subfield>
      <subfield code="4">ford.</subfield>
    </datafield>
    <datafield tag="700" ind1="1" ind2=" ">
      <subfield code="a">Kántor Tamás</subfield>
      <subfield code="4">ford.</subfield>
    </datafield>
    <datafield tag="852" ind1=" " ind2=" ">
      <subfield code="a">D1</subfield>
      <subfield code="b">D1</subfield>
      <subfield code="x">000002620658</subfield>
    </datafield>
  </record>
  <record>
    <leader>00680cam  2200217 i 4500</leader>
    <controlfield tag="001">MOKKAW0006079180  </controlfield>
    <controlfield tag="005">20080912150021.0</controlfield>
    <controlfield tag="008">080812s2008    hu            00010 hun d</controlfield>
    <datafield tag="020" ind1=" " ind2=" ">
      <subfield code="a">978 963 9769 05 2</subfield>
    </datafield>
    <datafield tag="035" ind1=" " ind2=" ">
      <subfield code="a">248140</subfield>
    </datafield>
    <datafield tag="040" ind1=" " ind2=" ">
      <subfield code="a">MEKLM</subfield>
    </datafield>
    <datafield tag="041" ind1="1" ind2=" ">
      <subfield code="a">hun</subfield>
      <subfield code="h">eng</subfield>
    </datafield>
    <datafield tag="100" ind1="1" ind2=" ">
      <subfield code="a">Thomas, Alyss</subfield>
    </datafield>
    <datafield tag="245" ind1="1" ind2="0">
      <subfield code="a">1000 fontos kérdés, amelyet fel kell tenned magadnak hogy az élet neked dolgozzon /</subfield>
      <subfield code="c">Alyss Thomas</subfield>
    </datafield>
    <datafield tag="260" ind1=" " ind2=" ">
      <subfield code="a">[Bp.] :</subfield>
      <subfield code="b">Illia,</subfield>
      <subfield code="c">2008</subfield>
    </datafield>
    <datafield tag="300" ind1=" " ind2=" ">
      <subfield code="a">254 p. ;</subfield>
      <subfield code="c">24 cm</subfield>
    </datafield>
    <datafield tag="504" ind1=" " ind2=" ">
      <subfield code="a">Bibliogr. a mű végén</subfield>
    </datafield>
    <datafield tag="650" ind1="0" ind2="4">
      <subfield code="a">önismeret</subfield>
      <subfield code="x">tesztek</subfield>
    </datafield>
    <datafield tag="650" ind1="0" ind2="4">
      <subfield code="a">életvitel</subfield>
      <subfield code="x">tesztek</subfield>
    </datafield>
    <datafield tag="730" ind1="4" ind2=" ">
      <subfield code="a">The 1000 most important questions you will ever ask yourself</subfield>
    </datafield>
    <datafield tag="852" ind1=" " ind2=" ">
      <subfield code="a">M1</subfield>
      <subfield code="b">M1</subfield>
      <subfield code="x">248140</subfield>
    </datafield>
  </record>
  <record>
    <leader>02021fam  2200565 i 4500</leader>
    <controlfield tag="001">MOKKAZ0006306023  </controlfield>
    <controlfield tag="005">20091020183941.0</controlfield>
    <controlfield tag="008">930324s1992    hu            000 0 ger d</controlfield>
    <datafield tag="020" ind1=" " ind2=" ">
      <subfield code="a">963-7693-01-7 (fűzött) :</subfield>
      <subfield code="c">300,- Ft</subfield>
    </datafield>
    <datafield tag="035" ind1=" " ind2=" ">
      <subfield code="a">28504</subfield>
    </datafield>
    <datafield tag="040" ind1=" " ind2=" ">
      <subfield code="a">OSZK</subfield>
    </datafield>
    <datafield tag="041" ind1="0" ind2=" ">
      <subfield code="a">gerhunger</subfield>
    </datafield>
    <datafield tag="080" ind1=" " ind2=" ">
      <subfield code="a">803.0(076)</subfield>
    </datafield>
    <datafield tag="100" ind1="1" ind2=" ">
      <subfield code="a">Babári Ernő</subfield>
    </datafield>
    <datafield tag="245" ind1="1" ind2="0">
      <subfield code="a">1000 Fragen 1000 Antworten : </subfield>
      <subfield code="b">társalgási gyakorlatok a német "A" típusú nyelvvizsgákra /</subfield>
      <subfield code="c">Babári Ernő, Babári Ernőné</subfield>
    </datafield>
    <datafield tag="260" ind1=" " ind2=" ">
      <subfield code="a">[Székesfehérvár] :</subfield>
      <subfield code="b">Lexika,</subfield>
      <subfield code="c">[1992]</subfield>
      <subfield code="e">(Székesfehérvár</subfield>
      <subfield code="f">Vörösmarty Ny.)</subfield>
    </datafield>
    <datafield tag="300" ind1=" " ind2=" ">
      <subfield code="a">205 p. ;</subfield>
      <subfield code="c">26 cm</subfield>
    </datafield>
    <datafield tag="650" ind1=" " ind2="4">
      <subfield code="a">Német nyelv</subfield>
      <subfield code="x">feladatok, gyakorlatok stb.</subfield>
      <subfield code="x">idegen ajkúak</subfield>
    </datafield>
    <datafield tag="650" ind1=" " ind2="0">
      <subfield code="a">German language</subfield>
      <subfield code="x">Problems, exercises, etc.</subfield>
      <subfield code="x">Foreign speakers.</subfield>
    </datafield>
    <datafield tag="650" ind1="0" ind2="4">
      <subfield code="a">német nyelv</subfield>
      <subfield code="x">társalgás</subfield>
    </datafield>
    <datafield tag="650" ind1=" " ind2="4">
      <subfield code="a">Retrokonv</subfield>
    </datafield>
    <datafield tag="650" ind1=" " ind2="4">
      <subfield code="a">Német (felnémet). Hochdeutsch</subfield>
    </datafield>
    <datafield tag="650" ind1=" " ind2="4">
      <subfield code="a">Német kifejezések</subfield>
    </datafield>
    <datafield tag="650" ind1=" " ind2="4">
      <subfield code="a">Magyar nyelven</subfield>
    </datafield>
    <datafield tag="650" ind1=" " ind2="4">
      <subfield code="a">Német nyelv</subfield>
    </datafield>
    <datafield tag="650" ind1=" " ind2="4">
      <subfield code="a">Nyelvvizsgák</subfield>
    </datafield>
    <datafield tag="650" ind1=" " ind2="4">
      <subfield code="a">Társalgás</subfield>
    </datafield>
    <datafield tag="650" ind1=" " ind2="4">
      <subfield code="a">nyelvvizsga</subfield>
    </datafield>
    <datafield tag="650" ind1=" " ind2="4">
      <subfield code="a">nyelvkönyvek</subfield>
    </datafield>
    <datafield tag="650" ind1=" " ind2="4">
      <subfield code="a">német nyelv - nyelvkönyvek</subfield>
    </datafield>
    <datafield tag="650" ind1=" " ind2="4">
      <subfield code="a">nyelvvizsga - német nyelv</subfield>
    </datafield>
    <datafield tag="650" ind1=" " ind2="4">
      <subfield code="a">társalgás - német nyelv</subfield>
    </datafield>
    <datafield tag="650" ind1=" " ind2="4">
      <subfield code="a">német nyelv - társalgás</subfield>
    </datafield>
    <datafield tag="650" ind1=" " ind2="4">
      <subfield code="a">Német nyelv</subfield>
      <subfield code="x">Nyelvkönyvek</subfield>
    </datafield>
    <datafield tag="695" ind1=" " ind2=" ">
      <subfield code="a">német nyelvvizsga</subfield>
      <subfield code="x">társalgási gyakorlatok</subfield>
    </datafield>
    <datafield tag="700" ind1="1" ind2="0">
      <subfield code="a">Babári Ernőné</subfield>
    </datafield>
    <datafield tag="852" ind1=" " ind2=" ">
      <subfield code="a">B1</subfield>
      <subfield code="b">B1</subfield>
      <subfield code="x">28504</subfield>
    </datafield>
    <datafield tag="852" ind1=" " ind2=" ">
      <subfield code="a">D1</subfield>
      <subfield code="b">D1</subfield>
      <subfield code="b">D108</subfield>
      <subfield code="b">HBO8</subfield>
      <subfield code="x">ISISIIF0012447</subfield>
    </datafield>
    <datafield tag="852" ind1=" " ind2=" ">
      <subfield code="a">B10</subfield>
      <subfield code="b">0801</subfield>
      <subfield code="b">1901</subfield>
      <subfield code="b">1308</subfield>
      <subfield code="b">0703</subfield>
      <subfield code="b">0101</subfield>
      <subfield code="b">1105</subfield>
      <subfield code="b">1201</subfield>
      <subfield code="b">0307</subfield>
      <subfield code="b">2201</subfield>
      <subfield code="b">2203</subfield>
      <subfield code="b">0302</subfield>
      <subfield code="b">1004</subfield>
      <subfield code="b">1704</subfield>
      <subfield code="x">bibFSZ00082801</subfield>
    </datafield>
    <datafield tag="852" ind1=" " ind2=" ">
      <subfield code="a">P1</subfield>
      <subfield code="b">P1/SZ</subfield>
      <subfield code="b">P1</subfield>
      <subfield code="b">P1/1L</subfield>
      <subfield code="b">P1/10</subfield>
      <subfield code="b">P1/2S</subfield>
      <subfield code="x">bibJPT0042494</subfield>
    </datafield>
    <datafield tag="852" ind1=" " ind2=" ">
      <subfield code="a">M1</subfield>
      <subfield code="b">M1</subfield>
      <subfield code="x">22441</subfield>
    </datafield>
    <datafield tag="852" ind1=" " ind2=" ">
      <subfield code="a">ST1</subfield>
      <subfield code="b">ST1</subfield>
      <subfield code="x">bibBBM106364</subfield>
    </datafield>
    <datafield tag="852" ind1=" " ind2=" ">
      <subfield code="a">S1</subfield>
      <subfield code="b">S1</subfield>
      <subfield code="x">bibMTA000010139</subfield>
    </datafield>
    <datafield tag="852" ind1=" " ind2=" ">
      <subfield code="a">B14</subfield>
      <subfield code="b">B14</subfield>
      <subfield code="x">596396</subfield>
    </datafield>
    <datafield tag="852" ind1=" " ind2=" ">
      <subfield code="a">B11</subfield>
      <subfield code="b">B11</subfield>
      <subfield code="x">BMEOMIKK000068085</subfield>
    </datafield>
    <datafield tag="852" ind1=" " ind2=" ">
      <subfield code="a">SZL1</subfield>
      <subfield code="b">SZL1</subfield>
      <subfield code="x">bibVFK00227448</subfield>
    </datafield>
    <datafield tag="852" ind1=" " ind2=" ">
      <subfield code="a">M2</subfield>
      <subfield code="b">M2</subfield>
      <subfield code="x">bibRFK00055885</subfield>
    </datafield>
    <datafield tag="852" ind1=" " ind2=" ">
      <subfield code="a">BCS1</subfield>
      <subfield code="b">BCS1</subfield>
      <subfield code="x">bibBKO00180939</subfield>
    </datafield>
    <datafield tag="852" ind1=" " ind2=" ">
      <subfield code="a">H1</subfield>
      <subfield code="b">H1</subfield>
      <subfield code="x">NLVK92251</subfield>
    </datafield>
    <datafield tag="852" ind1=" " ind2=" ">
      <subfield code="a">B3</subfield>
      <subfield code="b">B3</subfield>
      <subfield code="x">000010139</subfield>
    </datafield>
  </record>
  <record>
    <leader>00716fam  2200217 i 4500</leader>
    <controlfield tag="001">MOKKAZ0006310974  </controlfield>
    <controlfield tag="005">20040915190810.0</controlfield>
    <controlfield tag="008">931122s1992    hu            000 0 ger d</controlfield>
    <datafield tag="020" ind1=" " ind2=" ">
      <subfield code="a">963-7693-09-2* (fűzött) :</subfield>
      <subfield code="c">300,- Ft</subfield>
    </datafield>
    <datafield tag="035" ind1=" " ind2=" ">
      <subfield code="a">55401</subfield>
    </datafield>
    <datafield tag="040" ind1=" " ind2=" ">
      <subfield code="a">OSZK</subfield>
    </datafield>
    <datafield tag="041" ind1="0" ind2=" ">
      <subfield code="a">gerhunger</subfield>
    </datafield>
    <datafield tag="100" ind1="1" ind2=" ">
      <subfield code="a">Babári Ernő</subfield>
    </datafield>
    <datafield tag="245" ind1="1" ind2="0">
      <subfield code="a">1000 Fragen 1000 Antworten : </subfield>
      <subfield code="b">társalgási gyakorlatok a német "A" típusú nyelvvizsgákra /</subfield>
      <subfield code="c">Babári Ernő, Babári Ernőné</subfield>
    </datafield>
    <datafield tag="260" ind1=" " ind2=" ">
      <subfield code="a">[Székesfehérvár] :</subfield>
      <subfield code="b">Lexika,</subfield>
      <subfield code="c">[1992]</subfield>
      <subfield code="e">([Veszprém]</subfield>
      <subfield code="f">Veszprémi Ny.)</subfield>
    </datafield>
    <datafield tag="300" ind1=" " ind2=" ">
      <subfield code="a">205 p. ;</subfield>
      <subfield code="c">26 cm</subfield>
    </datafield>
    <datafield tag="650" ind1=" " ind2="4">
      <subfield code="a">német nyelv</subfield>
    </datafield>
    <datafield tag="650" ind1=" " ind2="4">
      <subfield code="a">nyelvkönyvek</subfield>
    </datafield>
    <datafield tag="700" ind1="1" ind2="0">
      <subfield code="a">Babári Ernőné</subfield>
    </datafield>
    <datafield tag="852" ind1=" " ind2=" ">
      <subfield code="a">B1</subfield>
      <subfield code="b">B1</subfield>
      <subfield code="x">55401</subfield>
    </datafield>
    <datafield tag="852" ind1=" " ind2=" ">
      <subfield code="a">M2</subfield>
      <subfield code="b">M2</subfield>
      <subfield code="x">bibRFK00055890</subfield>
    </datafield>
  </record>
  <record>
    <leader>00653nam  2200205 i 4500</leader>
    <controlfield tag="001">MOKKAW0005988152  </controlfield>
    <controlfield tag="005">20080725140655.0</controlfield>
    <controlfield tag="008">050203s1992                        ger d</controlfield>
    <datafield tag="020" ind1=" " ind2=" ">
      <subfield code="a">963-9092-48-7 (fűzött)</subfield>
    </datafield>
    <datafield tag="035" ind1=" " ind2=" ">
      <subfield code="a">SZIE YMÉK15348</subfield>
    </datafield>
    <datafield tag="040" ind1=" " ind2=" ">
      <subfield code="a">SZIEMYÉK</subfield>
    </datafield>
    <datafield tag="041" ind1="0" ind2=" ">
      <subfield code="a">gerhun</subfield>
    </datafield>
    <datafield tag="100" ind1="1" ind2=" ">
      <subfield code="a">Babári Ernő</subfield>
    </datafield>
    <datafield tag="245" ind1="1" ind2="0">
      <subfield code="a">1000 Fragen, 1000 Antworten : </subfield>
      <subfield code="b">társalgási gyakorlatok a német "A" típusú nyelvvizsgákra /</subfield>
      <subfield code="c">Babári Ernő, Babári Ernőné</subfield>
    </datafield>
    <datafield tag="260" ind1=" " ind2=" ">
      <subfield code="a">Székesfehérvár :</subfield>
      <subfield code="b">Lexika,</subfield>
      <subfield code="c">[1992]</subfield>
    </datafield>
    <datafield tag="300" ind1=" " ind2=" ">
      <subfield code="a">205 p ;</subfield>
      <subfield code="c">26 cm</subfield>
    </datafield>
    <datafield tag="650" ind1=" " ind2="4">
      <subfield code="a">német nyelv</subfield>
    </datafield>
    <datafield tag="650" ind1=" " ind2="4">
      <subfield code="a">nyelvkönyv</subfield>
    </datafield>
    <datafield tag="700" ind1="1" ind2=" ">
      <subfield code="a">Babári Ernőné</subfield>
    </datafield>
    <datafield tag="852" ind1=" " ind2=" ">
      <subfield code="a">G1</subfield>
      <subfield code="b">B2154</subfield>
      <subfield code="x">SZIE YMÉK15348</subfield>
    </datafield>
  </record>
  <record>
    <leader>00816cam  2200229 i 4500</leader>
    <controlfield tag="001">MOKKAS0003761563  </controlfield>
    <controlfield tag="005">20060615062213.0</controlfield>
    <controlfield tag="008">980902s1992    hu            00010 ger d</controlfield>
    <datafield tag="020" ind1=" " ind2=" ">
      <subfield code="a">nincs (fűzött)</subfield>
    </datafield>
    <datafield tag="035" ind1=" " ind2=" ">
      <subfield code="a">bibTMK124765</subfield>
    </datafield>
    <datafield tag="040" ind1=" " ind2=" ">
      <subfield code="a">IGYUK</subfield>
    </datafield>
    <datafield tag="041" ind1="0" ind2=" ">
      <subfield code="a">gerhun</subfield>
    </datafield>
    <datafield tag="245" ind1="0" ind2="0">
      <subfield code="a">1000 Fragen 1000 Antworten :</subfield>
      <subfield code="b">Társalgási gyakorlatok a német "A" típusú nyelvvizsgákra</subfield>
    </datafield>
    <datafield tag="260" ind1=" " ind2=" ">
      <subfield code="a">Székesfehérvár :</subfield>
      <subfield code="b">Lexika,</subfield>
      <subfield code="c">[1992]</subfield>
    </datafield>
    <datafield tag="300" ind1=" " ind2=" ">
      <subfield code="a">205 p. ;</subfield>
      <subfield code="c">25 cm</subfield>
    </datafield>
    <datafield tag="500" ind1=" " ind2=" ">
      <subfield code="a">A szerzők a barítón Babári Ernő, Babári Ernőné</subfield>
    </datafield>
    <datafield tag="650" ind1=" " ind2="4">
      <subfield code="a">Német nyelv</subfield>
      <subfield code="x">tankönyvek idegen ajkúaknak</subfield>
      <subfield code="x">magyar</subfield>
    </datafield>
    <datafield tag="650" ind1=" " ind2="4">
      <subfield code="a">Német nyelv</subfield>
      <subfield code="x">vizsgák, kérdések stb.</subfield>
    </datafield>
    <datafield tag="650" ind1=" " ind2="4">
      <subfield code="a">Német nyelv</subfield>
      <subfield code="x">feladatok, gyakorlatok stb.</subfield>
      <subfield code="x">idegen ajkúaknak</subfield>
    </datafield>
    <datafield tag="700" ind1="1" ind2=" ">
      <subfield code="a">Babári Ernő</subfield>
    </datafield>
    <datafield tag="700" ind1="1" ind2=" ">
      <subfield code="a">Babári Ernőné</subfield>
    </datafield>
    <datafield tag="852" ind1=" " ind2=" ">
      <subfield code="a">SZK1</subfield>
      <subfield code="b">SZK1</subfield>
      <subfield code="x">bibTMK124765</subfield>
    </datafield>
  </record>
  <record>
    <leader>00473nam  2200181 i 4500</leader>
    <controlfield tag="001">MOKKAS0003523736  </controlfield>
    <controlfield tag="005">20090521161649.0</controlfield>
    <controlfield tag="008">050714s1992                            d</controlfield>
    <datafield tag="035" ind1=" " ind2=" ">
      <subfield code="a">612433</subfield>
    </datafield>
    <datafield tag="040" ind1=" " ind2=" ">
      <subfield code="a">OIK</subfield>
    </datafield>
    <datafield tag="100" ind1="1" ind2=" ">
      <subfield code="a">Babári Ernő</subfield>
    </datafield>
    <datafield tag="245" ind1="1" ind2="0">
      <subfield code="a">1000 Fragen 1000 Antworten</subfield>
    </datafield>
    <datafield tag="260" ind1=" " ind2=" ">
      <subfield code="a">Székesfehérvár :</subfield>
      <subfield code="b">Lexika,</subfield>
      <subfield code="c">1992</subfield>
    </datafield>
    <datafield tag="650" ind1=" " ind2="4">
      <subfield code="a">Nyelv és Irodalom</subfield>
    </datafield>
    <datafield tag="650" ind1=" " ind2="4">
      <subfield code="a">Nyelvkönyv</subfield>
    </datafield>
    <datafield tag="700" ind1="1" ind2=" ">
      <subfield code="a">Babári Ernőné</subfield>
    </datafield>
    <datafield tag="852" ind1=" " ind2=" ">
      <subfield code="a">B14</subfield>
      <subfield code="b">B14</subfield>
      <subfield code="x">612433</subfield>
    </datafield>
    <datafield tag="852" ind1=" " ind2=" ">
      <subfield code="a">B12</subfield>
      <subfield code="b">B12</subfield>
      <subfield code="x">BCEKK169174</subfield>
    </datafield>
  </record>
  <record>
    <leader>00874fam  2200241 i 4500</leader>
    <controlfield tag="001">MOKKAZ0006319866  </controlfield>
    <controlfield tag="005">20090505174945.0</controlfield>
    <controlfield tag="008">941019s1994    hu            000 0 hun d</controlfield>
    <datafield tag="020" ind1=" " ind2=" ">
      <subfield code="a">963-7693-54-8 (fűzött)</subfield>
    </datafield>
    <datafield tag="035" ind1=" " ind2=" ">
      <subfield code="a">96845</subfield>
    </datafield>
    <datafield tag="040" ind1=" " ind2=" ">
      <subfield code="a">OSZK</subfield>
    </datafield>
    <datafield tag="041" ind1="0" ind2=" ">
      <subfield code="a">gerhunger</subfield>
    </datafield>
    <datafield tag="100" ind1="1" ind2=" ">
      <subfield code="a">Babári Ernő</subfield>
    </datafield>
    <datafield tag="245" ind1="1" ind2="0">
      <subfield code="a">1000 Fragen 1000 Antworten : </subfield>
      <subfield code="b">társalgási gyakorlatok a német "A" típusú nyelvvizsgákra /</subfield>
      <subfield code="c">Babári Ernő, Babári Ernőné</subfield>
    </datafield>
    <datafield tag="260" ind1=" " ind2=" ">
      <subfield code="a">[Székesfehérvár] :</subfield>
      <subfield code="b">Lexika,</subfield>
      <subfield code="c">[1994]</subfield>
      <subfield code="e">([Dabas]</subfield>
      <subfield code="f">Dabasi Ny.)</subfield>
    </datafield>
    <datafield tag="300" ind1=" " ind2=" ">
      <subfield code="a">205 p. ;</subfield>
      <subfield code="c">26 cm</subfield>
    </datafield>
    <datafield tag="650" ind1=" " ind2="4">
      <subfield code="a">Német nyelv</subfield>
      <subfield code="x">feladatok, gyakorlatok stb.</subfield>
      <subfield code="x">idegen ajkúak</subfield>
    </datafield>
    <datafield tag="650" ind1=" " ind2="0">
      <subfield code="a">German language</subfield>
      <subfield code="x">Problems, exercises, etc.</subfield>
      <subfield code="x">Foreign speakers.</subfield>
    </datafield>
    <datafield tag="700" ind1="1" ind2="0">
      <subfield code="a">Babári Ernőné</subfield>
    </datafield>
    <datafield tag="852" ind1=" " ind2=" ">
      <subfield code="a">B1</subfield>
      <subfield code="b">B1</subfield>
      <subfield code="x">96845</subfield>
    </datafield>
    <datafield tag="852" ind1=" " ind2=" ">
      <subfield code="a">D1</subfield>
      <subfield code="b">D1</subfield>
      <subfield code="x">bibKLT00059183</subfield>
    </datafield>
    <datafield tag="852" ind1=" " ind2=" ">
      <subfield code="a">B2</subfield>
      <subfield code="b">B2/119</subfield>
      <subfield code="b">B2</subfield>
      <subfield code="x">23885</subfield>
    </datafield>
    <datafield tag="852" ind1=" " ind2=" ">
      <subfield code="a">B10</subfield>
      <subfield code="b">0401</subfield>
      <subfield code="b">2203</subfield>
      <subfield code="x">bibFSZ00092916</subfield>
    </datafield>
  </record>
  <record>
    <leader>00717nam  2200217 i 4500</leader>
    <controlfield tag="001">MOKKAS0001264431  </controlfield>
    <controlfield tag="005">20060112181007.0</controlfield>
    <controlfield tag="008">      s1996    hu            00010 ger d</controlfield>
    <datafield tag="020" ind1=" " ind2=" ">
      <subfield code="a">963-7693-01-7 [!ISBN 963-7693-76-9] (fűzött) :</subfield>
      <subfield code="c">595,- Ft</subfield>
    </datafield>
    <datafield tag="035" ind1=" " ind2=" ">
      <subfield code="a">bibRFK00038357</subfield>
    </datafield>
    <datafield tag="040" ind1=" " ind2=" ">
      <subfield code="a">RFMK</subfield>
    </datafield>
    <datafield tag="041" ind1=" " ind2=" ">
      <subfield code="a">gerhun</subfield>
    </datafield>
    <datafield tag="100" ind1="1" ind2=" ">
      <subfield code="a">Babári Ernő</subfield>
    </datafield>
    <datafield tag="245" ind1="1" ind2="0">
      <subfield code="a">1000 Fragen 1000 Antworten :</subfield>
      <subfield code="b">társalgási gyakorlatok a német "A" típusú nyelvvizsgákra /</subfield>
      <subfield code="c">Babári Ernő, Babári Ernőné</subfield>
    </datafield>
    <datafield tag="260" ind1=" " ind2=" ">
      <subfield code="a">[Székesfehérvár] :</subfield>
      <subfield code="b">Lexika Tankönyvkiadó,</subfield>
      <subfield code="c">[1996]</subfield>
    </datafield>
    <datafield tag="300" ind1=" " ind2=" ">
      <subfield code="a">205 p. ;</subfield>
      <subfield code="c">26 cm</subfield>
    </datafield>
    <datafield tag="500" ind1=" " ind2=" ">
      <subfield code="a">rk</subfield>
      <subfield code="a">k</subfield>
    </datafield>
    <datafield tag="650" ind1=" " ind2="4">
      <subfield code="a">német nyelv</subfield>
    </datafield>
    <datafield tag="650" ind1=" " ind2="4">
      <subfield code="a">nyelvvizsga</subfield>
    </datafield>
    <datafield tag="700" ind1="1" ind2=" ">
      <subfield code="a">Babári Ernőné</subfield>
    </datafield>
    <datafield tag="852" ind1=" " ind2=" ">
      <subfield code="a">M2</subfield>
      <subfield code="b">M2</subfield>
      <subfield code="x">bibRFK00038357</subfield>
    </datafield>
  </record>
  <record>
    <leader>01062fam  2200301 i 4500</leader>
    <controlfield tag="001">MOKKAZ0003383955  </controlfield>
    <controlfield tag="005">20090521190107.0</controlfield>
    <controlfield tag="008">      s1996    hu              0   ger d</controlfield>
    <datafield tag="020" ind1=" " ind2=" ">
      <subfield code="a">963 7693 01 7</subfield>
    </datafield>
    <datafield tag="035" ind1=" " ind2=" ">
      <subfield code="a">bibKLT00121157</subfield>
    </datafield>
    <datafield tag="040" ind1=" " ind2=" ">
      <subfield code="a">DEENK</subfield>
    </datafield>
    <datafield tag="100" ind1="1" ind2=" ">
      <subfield code="a">Babári Ernő</subfield>
    </datafield>
    <datafield tag="245" ind1="1" ind2="0">
      <subfield code="a">1000 Fragen 1000 Antworten :</subfield>
      <subfield code="b">Társalgási gyakorlatok a német "A" típusú nyelvvizsgákra /</subfield>
      <subfield code="c">Babári Ernő, Babári Ernőné</subfield>
    </datafield>
    <datafield tag="260" ind1="0" ind2=" ">
      <subfield code="a">Székesfehérvár :</subfield>
      <subfield code="b">Lexika,</subfield>
      <subfield code="c">1996</subfield>
    </datafield>
    <datafield tag="300" ind1=" " ind2=" ">
      <subfield code="a">205 p. ;</subfield>
      <subfield code="c">26 cm</subfield>
    </datafield>
    <datafield tag="650" ind1=" " ind2="4">
      <subfield code="a">Német nyelv</subfield>
      <subfield code="x">feladatok, gyakorlatok stb.</subfield>
      <subfield code="x">idegen ajkúak</subfield>
    </datafield>
    <datafield tag="650" ind1=" " ind2="0">
      <subfield code="a">German language</subfield>
      <subfield code="x">Problems, exercises, etc.</subfield>
      <subfield code="x">Foreign speakers.</subfield>
    </datafield>
    <datafield tag="650" ind1=" " ind2="4">
      <subfield code="a">német nyelv - nyelvkönyvek</subfield>
    </datafield>
    <datafield tag="650" ind1=" " ind2="4">
      <subfield code="a">nyelvvizsga - német nyelv</subfield>
    </datafield>
    <datafield tag="650" ind1=" " ind2="4">
      <subfield code="a">német nyelv - társalgás</subfield>
    </datafield>
    <datafield tag="650" ind1=" " ind2="4">
      <subfield code="a">társalgás - német nyelv</subfield>
    </datafield>
    <datafield tag="650" ind1=" " ind2="4">
      <subfield code="a">Nyelv és Irodalom</subfield>
    </datafield>
    <datafield tag="650" ind1=" " ind2="4">
      <subfield code="a">Nyelvkönyv</subfield>
    </datafield>
    <datafield tag="700" ind1="1" ind2=" ">
      <subfield code="a">Babári Ernőné</subfield>
    </datafield>
    <datafield tag="852" ind1=" " ind2=" ">
      <subfield code="a">D1</subfield>
      <subfield code="b">D1</subfield>
      <subfield code="x">bibKLT00121157</subfield>
    </datafield>
    <datafield tag="852" ind1=" " ind2=" ">
      <subfield code="a">B10</subfield>
      <subfield code="b">B10</subfield>
      <subfield code="x">bibFSZ00149445</subfield>
    </datafield>
    <datafield tag="852" ind1=" " ind2=" ">
      <subfield code="a">BCS1</subfield>
      <subfield code="b">BCS1</subfield>
      <subfield code="x">bibBKO00112597</subfield>
    </datafield>
    <datafield tag="852" ind1=" " ind2=" ">
      <subfield code="a">B12</subfield>
      <subfield code="b">B12</subfield>
      <subfield code="x">BCEKK253960</subfield>
    </datafield>
  </record>
  <record>
    <leader>00663nam  2200205 i 4500</leader>
    <controlfield tag="001">MOKKAZ0006337070  </controlfield>
    <controlfield tag="005">20040915193142.0</controlfield>
    <controlfield tag="008">960417s1996    hu            000 0 hun d</controlfield>
    <datafield tag="020" ind1=" " ind2=" ">
      <subfield code="a">963-7693-76-9 (fűzött)</subfield>
    </datafield>
    <datafield tag="020" ind1=" " ind2=" ">
      <subfield code="z">963-7693-01-7</subfield>
    </datafield>
    <datafield tag="035" ind1=" " ind2=" ">
      <subfield code="a">177571</subfield>
    </datafield>
    <datafield tag="040" ind1=" " ind2=" ">
      <subfield code="a">OSZK</subfield>
    </datafield>
    <datafield tag="041" ind1="0" ind2=" ">
      <subfield code="a">gerhunger</subfield>
    </datafield>
    <datafield tag="072" ind1=" " ind2="1">
      <subfield code="a">L</subfield>
    </datafield>
    <datafield tag="100" ind1="1" ind2=" ">
      <subfield code="a">Babári Ernő</subfield>
    </datafield>
    <datafield tag="245" ind1="1" ind2="0">
      <subfield code="a">1000 Fragen 1000 Antworten : </subfield>
      <subfield code="b">társalgási gyakorlatok a német "A" típusú nyelvvizsgákra /</subfield>
      <subfield code="c">Babári Ernő, Babári Ernőné</subfield>
    </datafield>
    <datafield tag="260" ind1=" " ind2=" ">
      <subfield code="a">[Székesfehérvár] :</subfield>
      <subfield code="b">Lexika,</subfield>
      <subfield code="c">[1996]</subfield>
      <subfield code="e">([Dabas]</subfield>
      <subfield code="f">Reálszisztéma Dabasi Ny.)</subfield>
    </datafield>
    <datafield tag="300" ind1=" " ind2=" ">
      <subfield code="a">205 p. ;</subfield>
      <subfield code="c">26 cm</subfield>
    </datafield>
    <datafield tag="700" ind1="1" ind2="0">
      <subfield code="a">Babári Ernőné</subfield>
    </datafield>
    <datafield tag="852" ind1=" " ind2=" ">
      <subfield code="a">B1</subfield>
      <subfield code="b">B1</subfield>
      <subfield code="x">177571</subfield>
    </datafield>
  </record>
  <record>
    <leader>01444fam  2200397 i 4500</leader>
    <controlfield tag="001">MOKKAZ0006349231  </controlfield>
    <controlfield tag="005">20090521202908.0</controlfield>
    <controlfield tag="008">970605s1997    hu            000 0 hun d</controlfield>
    <datafield tag="020" ind1=" " ind2=" ">
      <subfield code="a">963-9092-00-2 (fűzött) :</subfield>
      <subfield code="c">700,- Ft</subfield>
    </datafield>
    <datafield tag="035" ind1=" " ind2=" ">
      <subfield code="a">234443</subfield>
    </datafield>
    <datafield tag="040" ind1=" " ind2=" ">
      <subfield code="a">OSZK</subfield>
    </datafield>
    <datafield tag="041" ind1="0" ind2=" ">
      <subfield code="a">gerhunger</subfield>
    </datafield>
    <datafield tag="100" ind1="1" ind2=" ">
      <subfield code="a">Babári Ernő</subfield>
    </datafield>
    <datafield tag="245" ind1="1" ind2="0">
      <subfield code="a">1000 Fragen 1000 Antworten : </subfield>
      <subfield code="b">társalgási gyakorlatok a német "A" típusú nyelvvizsgákra /</subfield>
      <subfield code="c">[Babári Ernő, Babári Ernőné]</subfield>
    </datafield>
    <datafield tag="260" ind1=" " ind2=" ">
      <subfield code="a">Székesfehérvár :</subfield>
      <subfield code="b">Lexika,</subfield>
      <subfield code="c">[1997]</subfield>
      <subfield code="e">([Szekszárd]</subfield>
      <subfield code="f">Szekszárdi Ny.)</subfield>
    </datafield>
    <datafield tag="300" ind1=" " ind2=" ">
      <subfield code="a">205 p. ;</subfield>
      <subfield code="c">26 cm</subfield>
    </datafield>
    <datafield tag="650" ind1=" " ind2="4">
      <subfield code="a">Német nyelv</subfield>
      <subfield code="x">feladatok, gyakorlatok stb.</subfield>
      <subfield code="x">idegen ajkúak</subfield>
    </datafield>
    <datafield tag="650" ind1=" " ind2="0">
      <subfield code="a">German language</subfield>
      <subfield code="x">Problems, exercises, etc.</subfield>
      <subfield code="x">Foreign speakers.</subfield>
    </datafield>
    <datafield tag="650" ind1=" " ind2="4">
      <subfield code="a">Német (felnémet). Hochdeutsch</subfield>
    </datafield>
    <datafield tag="650" ind1=" " ind2="4">
      <subfield code="a">Német kifejezések</subfield>
    </datafield>
    <datafield tag="650" ind1=" " ind2="4">
      <subfield code="a">Magyar nyelven</subfield>
    </datafield>
    <datafield tag="650" ind1=" " ind2="4">
      <subfield code="a">nyelvvizsga</subfield>
    </datafield>
    <datafield tag="650" ind1=" " ind2="4">
      <subfield code="a">német nyelv</subfield>
    </datafield>
    <datafield tag="650" ind1=" " ind2="7">
      <subfield code="a">Német nyelvkönyv</subfield>
      <subfield code="x">társalgási gyakorlatok</subfield>
      <subfield code="2">szte</subfield>
    </datafield>
    <datafield tag="650" ind1=" " ind2="7">
      <subfield code="a">Nyelvvizsga</subfield>
      <subfield code="x">német</subfield>
      <subfield code="x">társalgási gyakorlatok</subfield>
      <subfield code="2">szte</subfield>
    </datafield>
    <datafield tag="650" ind1=" " ind2="4">
      <subfield code="a">Nyelvkönyv</subfield>
    </datafield>
    <datafield tag="695" ind1=" " ind2=" ">
      <subfield code="a">Nemzetiségi Könyvtár</subfield>
    </datafield>
    <datafield tag="700" ind1="1" ind2="0">
      <subfield code="a">Babári Ernőné</subfield>
    </datafield>
    <datafield tag="852" ind1=" " ind2=" ">
      <subfield code="a">B1</subfield>
      <subfield code="b">B1</subfield>
      <subfield code="x">234443</subfield>
    </datafield>
    <datafield tag="852" ind1=" " ind2=" ">
      <subfield code="a">D1</subfield>
      <subfield code="B">D1</subfield>
      <subfield code="b">D1/TP</subfield>
      <subfield code="x">bibKLT00148868</subfield>
    </datafield>
    <datafield tag="852" ind1=" " ind2=" ">
      <subfield code="a">B10</subfield>
      <subfield code="B">0801</subfield>
      <subfield code="B">1304</subfield>
      <subfield code="b">0702</subfield>
      <subfield code="x">bibFSZ00113367</subfield>
    </datafield>
    <datafield tag="852" ind1=" " ind2=" ">
      <subfield code="a">P1</subfield>
      <subfield code="b">P1/SZ</subfield>
      <subfield code="x">bibJPT00106160</subfield>
    </datafield>
    <datafield tag="852" ind1=" " ind2=" ">
      <subfield code="a">B14</subfield>
      <subfield code="b">B14</subfield>
      <subfield code="x">257169</subfield>
    </datafield>
    <datafield tag="852" ind1=" " ind2=" ">
      <subfield code="a">M2</subfield>
      <subfield code="b">M2</subfield>
      <subfield code="x">bibRFK00035131</subfield>
    </datafield>
    <datafield tag="852" ind1=" " ind2=" ">
      <subfield code="a">SZ4</subfield>
      <subfield code="b">SZ4/K2</subfield>
      <subfield code="x">bibSOK00418251</subfield>
    </datafield>
    <datafield tag="852" ind1=" " ind2=" ">
      <subfield code="a">B12</subfield>
      <subfield code="b">B12</subfield>
      <subfield code="x">BCEKK291633</subfield>
    </datafield>
  </record>
  <record>
    <leader>01512fam  2200433 i 4500</leader>
    <controlfield tag="001">MOKKAZ0006361531  </controlfield>
    <controlfield tag="005">20090505174945.0</controlfield>
    <controlfield tag="008">980416s1997    hu            000 0 hun d</controlfield>
    <datafield tag="020" ind1=" " ind2=" ">
      <subfield code="a">963-9092-48-7 (fűzött) :</subfield>
      <subfield code="c">784,- Ft</subfield>
    </datafield>
    <datafield tag="035" ind1=" " ind2=" ">
      <subfield code="a">285982</subfield>
    </datafield>
    <datafield tag="040" ind1=" " ind2=" ">
      <subfield code="a">OSZK</subfield>
    </datafield>
    <datafield tag="041" ind1="0" ind2=" ">
      <subfield code="a">gerhunger</subfield>
    </datafield>
    <datafield tag="100" ind1="1" ind2=" ">
      <subfield code="a">Babári Ernő</subfield>
    </datafield>
    <datafield tag="245" ind1="1" ind2="0">
      <subfield code="a">1000 Fragen 1000 Antworten : </subfield>
      <subfield code="b">társalgási gyakorlatok a német "A" típusú nyelvvizsgákra /</subfield>
      <subfield code="c">[Babári Ernő, Babári Ernőné]</subfield>
    </datafield>
    <datafield tag="260" ind1=" " ind2=" ">
      <subfield code="a">Székesfehérvár :</subfield>
      <subfield code="b">Lexika,</subfield>
      <subfield code="c">[1997]</subfield>
      <subfield code="e">([Szekszárd]</subfield>
      <subfield code="f">Szekszárdi Ny.)</subfield>
    </datafield>
    <datafield tag="300" ind1=" " ind2=" ">
      <subfield code="a">205 p. ;</subfield>
      <subfield code="c">26 cm</subfield>
    </datafield>
    <datafield tag="650" ind1=" " ind2="4">
      <subfield code="a">Német nyelv</subfield>
      <subfield code="x">feladatok, gyakorlatok stb.</subfield>
      <subfield code="x">idegen ajkúak</subfield>
    </datafield>
    <datafield tag="650" ind1=" " ind2="0">
      <subfield code="a">German language</subfield>
      <subfield code="x">Problems, exercises, etc.</subfield>
      <subfield code="x">Foreign speakers.</subfield>
    </datafield>
    <datafield tag="650" ind1=" " ind2="4">
      <subfield code="a">Német (felnémet). Hochdeutsch</subfield>
    </datafield>
    <datafield tag="650" ind1=" " ind2="4">
      <subfield code="a">Német kifejezések</subfield>
    </datafield>
    <datafield tag="650" ind1=" " ind2="4">
      <subfield code="a">Magyar nyelven</subfield>
    </datafield>
    <datafield tag="650" ind1=" " ind2="4">
      <subfield code="a">Német nyelv</subfield>
    </datafield>
    <datafield tag="650" ind1=" " ind2="4">
      <subfield code="a">Nyelvvizsgák</subfield>
    </datafield>
    <datafield tag="650" ind1=" " ind2="4">
      <subfield code="a">Társalgás</subfield>
    </datafield>
    <datafield tag="650" ind1=" " ind2="4">
      <subfield code="a">Német nyelv</subfield>
      <subfield code="x">tankönyvek idegen ajkúaknak</subfield>
      <subfield code="x">magyar</subfield>
    </datafield>
    <datafield tag="650" ind1=" " ind2="4">
      <subfield code="a">Német nyelv</subfield>
      <subfield code="x">vizsgák, kérdések stb.</subfield>
    </datafield>
    <datafield tag="650" ind1=" " ind2="4">
      <subfield code="a">Nyelvtanulás</subfield>
    </datafield>
    <datafield tag="650" ind1=" " ind2="4">
      <subfield code="a">Nyelvoktatás</subfield>
    </datafield>
    <datafield tag="650" ind1=" " ind2="4">
      <subfield code="a">Feladatgyűjtemény</subfield>
    </datafield>
    <datafield tag="650" ind1=" " ind2="4">
      <subfield code="a">Beszédfejlesztés</subfield>
    </datafield>
    <datafield tag="700" ind1="1" ind2="0">
      <subfield code="a">Babári Ernőné</subfield>
    </datafield>
    <datafield tag="852" ind1=" " ind2=" ">
      <subfield code="a">B1</subfield>
      <subfield code="b">B1</subfield>
      <subfield code="x">285982</subfield>
    </datafield>
    <datafield tag="852" ind1=" " ind2=" ">
      <subfield code="a">D1</subfield>
      <subfield code="b">D1</subfield>
      <subfield code="b">HBO8</subfield>
      <subfield code="b">D1</subfield>
      <subfield code="x">285982</subfield>
    </datafield>
    <datafield tag="852" ind1=" " ind2=" ">
      <subfield code="a">B10</subfield>
      <subfield code="b">B10</subfield>
      <subfield code="x">bibFSZ00256928</subfield>
    </datafield>
    <datafield tag="852" ind1=" " ind2=" ">
      <subfield code="a">P1</subfield>
      <subfield code="b">P1/SZ</subfield>
      <subfield code="x">bibJPT00141385</subfield>
    </datafield>
    <datafield tag="852" ind1=" " ind2=" ">
      <subfield code="a">B14</subfield>
      <subfield code="b">B14</subfield>
      <subfield code="x">404467</subfield>
    </datafield>
    <datafield tag="852" ind1=" " ind2=" ">
      <subfield code="a">SZL1</subfield>
      <subfield code="b">SZL1</subfield>
      <subfield code="x">bibVFK00204993</subfield>
    </datafield>
    <datafield tag="852" ind1=" " ind2=" ">
      <subfield code="a">SZK1</subfield>
      <subfield code="b">SZK1</subfield>
      <subfield code="x">bibTMK00012731</subfield>
    </datafield>
    <datafield tag="852" ind1=" " ind2=" ">
      <subfield code="a">ST1</subfield>
      <subfield code="b">ST1</subfield>
      <subfield code="x">bibBBM106233</subfield>
    </datafield>
  </record>
  <record>
    <leader>00773nam  2200229 i 4500</leader>
    <controlfield tag="001">MOKKAS0001046452  </controlfield>
    <controlfield tag="005">20051215180329.0</controlfield>
    <controlfield tag="008">050903s1998    hu            00010 hun d</controlfield>
    <datafield tag="020" ind1=" " ind2=" ">
      <subfield code="a">963-9092-48-7</subfield>
    </datafield>
    <datafield tag="035" ind1=" " ind2=" ">
      <subfield code="a">bibBKO00225873</subfield>
    </datafield>
    <datafield tag="040" ind1=" " ind2=" ">
      <subfield code="a">BMK</subfield>
    </datafield>
    <datafield tag="100" ind1="1" ind2=" ">
      <subfield code="a">Babári Ernő</subfield>
    </datafield>
    <datafield tag="245" ind1="1" ind2="0">
      <subfield code="a">1000 Fragen 1000 Antworten :</subfield>
      <subfield code="b">társalgási gyakorlatok a német "A" tipusú nyelvvizsgákra /</subfield>
      <subfield code="c">[Babári Ernő, Babári Ernőné]</subfield>
    </datafield>
    <datafield tag="250" ind1=" " ind2=" ">
      <subfield code="a">[3. kiad.]</subfield>
    </datafield>
    <datafield tag="260" ind1=" " ind2=" ">
      <subfield code="a">Székesfehérvár :</subfield>
      <subfield code="b">Lexika Tankönyvkiadó,</subfield>
      <subfield code="c">[1998]</subfield>
    </datafield>
    <datafield tag="300" ind1=" " ind2=" ">
      <subfield code="a">205 p. ;</subfield>
      <subfield code="c">26 cm</subfield>
    </datafield>
    <datafield tag="650" ind1=" " ind2="4">
      <subfield code="a">német nyelv - nyelvkönyvek</subfield>
    </datafield>
    <datafield tag="650" ind1=" " ind2="4">
      <subfield code="a">nyelvvizsga - német nyelv</subfield>
    </datafield>
    <datafield tag="650" ind1=" " ind2="4">
      <subfield code="a">német nyelv - társalgás</subfield>
    </datafield>
    <datafield tag="650" ind1=" " ind2="4">
      <subfield code="a">társalgás - német nyelv</subfield>
    </datafield>
    <datafield tag="700" ind1="1" ind2=" ">
      <subfield code="a">Babári Ernőné</subfield>
    </datafield>
    <datafield tag="852" ind1=" " ind2=" ">
      <subfield code="a">BCS1</subfield>
      <subfield code="b">BCS1</subfield>
      <subfield code="x">bibBKO00225873</subfield>
    </datafield>
  </record>
  <record>
    <leader>01300fam  2200373 i 4500</leader>
    <controlfield tag="001">MOKKAZ0006450382  </controlfield>
    <controlfield tag="005">20040915203145.0</controlfield>
    <controlfield tag="008">021002s2002    hu            000 0 hun d</controlfield>
    <datafield tag="020" ind1=" " ind2=" ">
      <subfield code="a">963-9357-01-4 (fűzött) :</subfield>
      <subfield code="c">1058,- Ft</subfield>
    </datafield>
    <datafield tag="035" ind1=" " ind2=" ">
      <subfield code="a">936736</subfield>
    </datafield>
    <datafield tag="040" ind1=" " ind2=" ">
      <subfield code="a">OSZK</subfield>
    </datafield>
    <datafield tag="041" ind1="0" ind2=" ">
      <subfield code="a">hungerger</subfield>
    </datafield>
    <datafield tag="100" ind1="1" ind2=" ">
      <subfield code="a">Babári Ernő</subfield>
    </datafield>
    <datafield tag="245" ind1="1" ind2="0">
      <subfield code="a">1000 Fragen 1000 Antworten : </subfield>
      <subfield code="b">társalgási gyakorlatok a német "A" típusú nyelvvizsgákra /</subfield>
      <subfield code="c">Babári Ernő, Babári Ernőné.</subfield>
    </datafield>
    <datafield tag="250" ind1=" " ind2=" ">
      <subfield code="a">Átd., bőv. kiad.</subfield>
    </datafield>
    <datafield tag="260" ind1=" " ind2=" ">
      <subfield code="a">Székesfehérvár :</subfield>
      <subfield code="b">Lexika,</subfield>
      <subfield code="c">2001 [!2002]</subfield>
      <subfield code="e">([Szekszárd]</subfield>
      <subfield code="f">[Szekszárdi Ny.])</subfield>
    </datafield>
    <datafield tag="300" ind1=" " ind2=" ">
      <subfield code="a">237, [3] p. ;</subfield>
      <subfield code="c">20 cm</subfield>
    </datafield>
    <datafield tag="650" ind1="0" ind2="4">
      <subfield code="a">német nyelv</subfield>
      <subfield code="x">társalgás</subfield>
    </datafield>
    <datafield tag="650" ind1=" " ind2="4">
      <subfield code="a">nyelvvizsga</subfield>
    </datafield>
    <datafield tag="650" ind1=" " ind2="4">
      <subfield code="a">német nyelv</subfield>
    </datafield>
    <datafield tag="650" ind1=" " ind2="4">
      <subfield code="a">Német nyelv</subfield>
      <subfield code="x">feladatok, gyakorlatok stb.</subfield>
      <subfield code="x">idegen ajkúak</subfield>
    </datafield>
    <datafield tag="650" ind1=" " ind2="0">
      <subfield code="a">German language</subfield>
      <subfield code="x">Problems, exercises, etc.</subfield>
      <subfield code="x">Foreign speakers.</subfield>
    </datafield>
    <datafield tag="695" ind1=" " ind2=" ">
      <subfield code="a">német nyelv</subfield>
      <subfield code="x">társalgás</subfield>
    </datafield>
    <datafield tag="700" ind1="1" ind2="0">
      <subfield code="a">Babári Ernőné</subfield>
    </datafield>
    <datafield tag="852" ind1=" " ind2=" ">
      <subfield code="a">B1</subfield>
      <subfield code="b">B1</subfield>
      <subfield code="x">936736</subfield>
    </datafield>
    <datafield tag="852" ind1=" " ind2=" ">
      <subfield code="a">B10</subfield>
      <subfield code="b">0401</subfield>
      <subfield code="x">bibFSZ903901</subfield>
    </datafield>
    <datafield tag="852" ind1=" " ind2=" ">
      <subfield code="a">S1</subfield>
      <subfield code="b">S1</subfield>
      <subfield code="x">bibSEF59258</subfield>
    </datafield>
    <datafield tag="852" ind1=" " ind2=" ">
      <subfield code="a">S1</subfield>
      <subfield code="b">S1</subfield>
      <subfield code="x">bibME146984</subfield>
    </datafield>
    <datafield tag="852" ind1=" " ind2=" ">
      <subfield code="a">M1</subfield>
      <subfield code="b">M1</subfield>
      <subfield code="x">146984</subfield>
    </datafield>
    <datafield tag="852" ind1=" " ind2=" ">
      <subfield code="a">B11</subfield>
      <subfield code="b">B11</subfield>
      <subfield code="x">BMEOMIKK000152578</subfield>
    </datafield>
    <datafield tag="852" ind1=" " ind2=" ">
      <subfield code="a">M2</subfield>
      <subfield code="b">M2</subfield>
      <subfield code="x">bibRFK00149430</subfield>
    </datafield>
    <datafield tag="852" ind1=" " ind2=" ">
      <subfield code="a">B1</subfield>
      <subfield code="b">B1</subfield>
      <subfield code="x">804914</subfield>
    </datafield>
    <datafield tag="852" ind1=" " ind2=" ">
      <subfield code="a">D1</subfield>
      <subfield code="b">D1</subfield>
      <subfield code="x">bibKLT00291225</subfield>
    </datafield>
    <datafield tag="852" ind1=" " ind2=" ">
      <subfield code="a">P1</subfield>
      <subfield code="b">P1/SZ</subfield>
      <subfield code="x">bibJPT00191294</subfield>
    </datafield>
  </record>
  <record>
    <leader>00785nam  2200217 i 4500</leader>
    <controlfield tag="001">MOKKAZ0003729445  </controlfield>
    <controlfield tag="005">20040909214513.0</controlfield>
    <controlfield tag="008">980902c20022001hu            00000 hun d</controlfield>
    <datafield tag="020" ind1=" " ind2=" ">
      <subfield code="a">963 9357 01 4 (fűzött)</subfield>
    </datafield>
    <datafield tag="035" ind1=" " ind2=" ">
      <subfield code="a">bibKLT00324489</subfield>
    </datafield>
    <datafield tag="040" ind1=" " ind2=" ">
      <subfield code="a">DEENK</subfield>
    </datafield>
    <datafield tag="041" ind1="0" ind2=" ">
      <subfield code="a">gerhun</subfield>
    </datafield>
    <datafield tag="100" ind1="1" ind2=" ">
      <subfield code="a">Babári Ernő</subfield>
    </datafield>
    <datafield tag="245" ind1="1" ind2="0">
      <subfield code="a">1000 Fragen 1000 Antworten :</subfield>
      <subfield code="b">társalgási gyakorlatok a német "A" típusú nyelvvizsgákra /</subfield>
      <subfield code="c">Babári Ernő, Babári Ernőné</subfield>
    </datafield>
    <datafield tag="250" ind1=" " ind2=" ">
      <subfield code="a">Átdolg., bőv. kiad.</subfield>
    </datafield>
    <datafield tag="260" ind1=" " ind2=" ">
      <subfield code="a">Székesfehérvár :</subfield>
      <subfield code="b">Lexika,</subfield>
      <subfield code="c">2002 cop. 2001</subfield>
    </datafield>
    <datafield tag="300" ind1=" " ind2=" ">
      <subfield code="a">237 p. ;</subfield>
      <subfield code="c">20 cm</subfield>
    </datafield>
    <datafield tag="650" ind1=" " ind2="4">
      <subfield code="a">Német nyelv</subfield>
      <subfield code="x">feladatok, gyakorlatok stb.</subfield>
      <subfield code="x">idegen ajkúak</subfield>
    </datafield>
    <datafield tag="650" ind1=" " ind2="0">
      <subfield code="a">German language</subfield>
      <subfield code="x">Problems, exercises, etc.</subfield>
      <subfield code="x">Foreign speakers.</subfield>
    </datafield>
    <datafield tag="700" ind1="1" ind2=" ">
      <subfield code="a">Babári Ernőné</subfield>
    </datafield>
    <datafield tag="852" ind1=" " ind2=" ">
      <subfield code="a">D1</subfield>
      <subfield code="b">D1</subfield>
      <subfield code="x">bibKLT00324489</subfield>
    </datafield>
  </record>
  <record>
    <leader>00959nam  2200313 i 4500</leader>
    <controlfield tag="001">MOKKAZ0006475341  </controlfield>
    <controlfield tag="005">20091127011231.0</controlfield>
    <controlfield tag="008">080507s2007    hu            000 0 hun d</controlfield>
    <datafield tag="020" ind1=" " ind2=" ">
      <subfield code="a">978-963-9357-01-3 (fűzött)</subfield>
    </datafield>
    <datafield tag="035" ind1=" " ind2=" ">
      <subfield code="a">2741531</subfield>
    </datafield>
    <datafield tag="040" ind1=" " ind2=" ">
      <subfield code="a">OSZK</subfield>
      <subfield code="d">OSZK</subfield>
    </datafield>
    <datafield tag="041" ind1="0" ind2=" ">
      <subfield code="a">hunger</subfield>
    </datafield>
    <datafield tag="080" ind1=" " ind2=" ">
      <subfield code="a">803.0(079.1)=945.11</subfield>
    </datafield>
    <datafield tag="080" ind1=" " ind2=" ">
      <subfield code="a">803.0(079.1)</subfield>
    </datafield>
    <datafield tag="100" ind1="1" ind2=" ">
      <subfield code="a">Babári Ernő</subfield>
    </datafield>
    <datafield tag="245" ind1="1" ind2="0">
      <subfield code="a">1000 Fragen 1000 Antworten : </subfield>
      <subfield code="b">társalgási gyakorlatok a német "A" típusú nyelvvizsgákra /</subfield>
      <subfield code="c">Babári Ernő, Babári Ernőné.</subfield>
    </datafield>
    <datafield tag="250" ind1=" " ind2=" ">
      <subfield code="a">Átd., bőv. kiad.</subfield>
    </datafield>
    <datafield tag="260" ind1=" " ind2=" ">
      <subfield code="a">Székesfehérvár :</subfield>
      <subfield code="b">Lexika,</subfield>
      <subfield code="c">2004 [!2007]</subfield>
    </datafield>
    <datafield tag="300" ind1=" " ind2=" ">
      <subfield code="a">237, [3] p. ;</subfield>
      <subfield code="c">20 cm</subfield>
    </datafield>
    <datafield tag="650" ind1="1" ind2="7">
      <subfield code="a">német nyelv</subfield>
      <subfield code="2">oszk</subfield>
    </datafield>
    <datafield tag="650" ind1="1" ind2="7">
      <subfield code="a">nyelvvizsga</subfield>
      <subfield code="2">oszk</subfield>
    </datafield>
    <datafield tag="650" ind1=" " ind2="4">
      <subfield code="a">nyelvvizsga</subfield>
    </datafield>
    <datafield tag="650" ind1=" " ind2="4">
      <subfield code="a">német nyelv</subfield>
    </datafield>
    <datafield tag="650" ind1=" " ind2="4">
      <subfield code="a">példatár</subfield>
    </datafield>
    <datafield tag="650" ind1=" " ind2="4">
      <subfield code="a">vizsgaelőkészítő</subfield>
    </datafield>
    <datafield tag="700" ind1="1" ind2="0">
      <subfield code="a">Babári Ernőné</subfield>
    </datafield>
    <datafield tag="852" ind1=" " ind2=" ">
      <subfield code="a">B1</subfield>
      <subfield code="b">B1</subfield>
      <subfield code="x">1073394</subfield>
    </datafield>
    <datafield tag="852" ind1=" " ind2=" ">
      <subfield code="a">SZO1</subfield>
      <subfield code="b">SZO1</subfield>
      <subfield code="x">150633112</subfield>
    </datafield>
    <datafield tag="852" ind1=" " ind2=" ">
      <subfield code="a">B10</subfield>
      <subfield code="x">bibFSZ01430005</subfield>
    </datafield>
  </record>
  <record>
    <leader>01101nam  2200277 i 4500</leader>
    <controlfield tag="001">MOKKAN0004204409  </controlfield>
    <controlfield tag="005">20080423114930.0</controlfield>
    <controlfield tag="008">980902s2004    hu            00000 hun d</controlfield>
    <datafield tag="020" ind1=" " ind2=" ">
      <subfield code="z">963 9357 01 4 (fűzött)</subfield>
    </datafield>
    <datafield tag="035" ind1=" " ind2=" ">
      <subfield code="a">bibKLT00379544</subfield>
    </datafield>
    <datafield tag="040" ind1=" " ind2=" ">
      <subfield code="a">DEENK</subfield>
    </datafield>
    <datafield tag="041" ind1="0" ind2=" ">
      <subfield code="a">gerhun</subfield>
    </datafield>
    <datafield tag="100" ind1="1" ind2=" ">
      <subfield code="a">Babári Ernő</subfield>
    </datafield>
    <datafield tag="245" ind1="1" ind2="0">
      <subfield code="a">1000 Fragen 1000 Antworten :</subfield>
      <subfield code="b">társalgási gyakorlatok a német "A" típusú nyelvvizsgákra /</subfield>
      <subfield code="c">Babári Ernő, Babári Ernőné</subfield>
    </datafield>
    <datafield tag="250" ind1=" " ind2=" ">
      <subfield code="a">Átdolg., bőv. kiad.</subfield>
    </datafield>
    <datafield tag="260" ind1=" " ind2=" ">
      <subfield code="a">Székesfehérvár :</subfield>
      <subfield code="b">Lexika,</subfield>
      <subfield code="c">2004</subfield>
    </datafield>
    <datafield tag="300" ind1=" " ind2=" ">
      <subfield code="a">237 p. ;</subfield>
      <subfield code="c">20 cm</subfield>
    </datafield>
    <datafield tag="650" ind1=" " ind2="4">
      <subfield code="a">Német nyelv</subfield>
      <subfield code="x">tankönyvek idegen ajkúaknak</subfield>
      <subfield code="x">magyar</subfield>
    </datafield>
    <datafield tag="650" ind1=" " ind2="4">
      <subfield code="a">Német nyelv</subfield>
      <subfield code="x">feladatok, gyakorlatok stb.</subfield>
      <subfield code="x">idegen ajkúak</subfield>
    </datafield>
    <datafield tag="650" ind1=" " ind2="0">
      <subfield code="a">German language</subfield>
      <subfield code="x">Textbooks for foreign speakers</subfield>
      <subfield code="x">Hungarian.</subfield>
    </datafield>
    <datafield tag="650" ind1=" " ind2="0">
      <subfield code="a">German language</subfield>
      <subfield code="x">Problems, exercises, etc.</subfield>
      <subfield code="x">Foreign speakers.</subfield>
    </datafield>
    <datafield tag="650" ind1=" " ind2="7">
      <subfield code="a">Német nyelvkönyv</subfield>
      <subfield code="x">társalgási gyakorlatok</subfield>
      <subfield code="2">szte</subfield>
    </datafield>
    <datafield tag="650" ind1=" " ind2="7">
      <subfield code="a">Nyelvvizsga</subfield>
      <subfield code="x">német</subfield>
      <subfield code="x">társalgási gyakorlatok</subfield>
      <subfield code="2">szte</subfield>
    </datafield>
    <datafield tag="700" ind1="1" ind2=" ">
      <subfield code="a">Babári Ernőné</subfield>
    </datafield>
    <datafield tag="852" ind1=" " ind2=" ">
      <subfield code="a">D1</subfield>
      <subfield code="b">D1/NY</subfield>
      <subfield code="x">bibKLT00379544</subfield>
    </datafield>
    <datafield tag="852" ind1=" " ind2=" ">
      <subfield code="a">SZ4</subfield>
      <subfield code="b">SZ4/K2</subfield>
      <subfield code="x">bibKLT00379544</subfield>
    </datafield>
  </record>
  <record>
    <leader>01098nam  2200313 i 4500</leader>
    <controlfield tag="001">MOKKAS0002085917  </controlfield>
    <controlfield tag="005">20091127011231.0</controlfield>
    <controlfield tag="008">081020t20082005hu            000 0 ger d</controlfield>
    <datafield tag="020" ind1=" " ind2=" ">
      <subfield code="a">978-963-9357-51-8 (fűzött)</subfield>
    </datafield>
    <datafield tag="035" ind1=" " ind2=" ">
      <subfield code="a">2778730</subfield>
    </datafield>
    <datafield tag="040" ind1=" " ind2=" ">
      <subfield code="a">OSZK</subfield>
      <subfield code="d">OSZK</subfield>
    </datafield>
    <datafield tag="041" ind1="0" ind2=" ">
      <subfield code="a">gerhunger</subfield>
    </datafield>
    <datafield tag="080" ind1=" " ind2=" ">
      <subfield code="a">803.0(079.1)=945.11</subfield>
    </datafield>
    <datafield tag="080" ind1=" " ind2=" ">
      <subfield code="a">803.0(079.1)</subfield>
    </datafield>
    <datafield tag="100" ind1="1" ind2=" ">
      <subfield code="a">Babári Ernő</subfield>
    </datafield>
    <datafield tag="245" ind1="1" ind2="0">
      <subfield code="a">1000 Fragen 1000 Antworten : </subfield>
      <subfield code="b">német felsőfok : [társalgási gyakorlatok a német felsőfokú nyelvvizsgákra és emelt szintű szóbeli érettségire] /</subfield>
      <subfield code="c">Babári Ernő, Babári Ernőné</subfield>
    </datafield>
    <datafield tag="246" ind1="1" ind2="8">
      <subfield code="a">1000 kérdés, 1000 felelet</subfield>
      <subfield code="b">német felsőfokú nyelvvizsgákra és emelt szintű érettségire</subfield>
    </datafield>
    <datafield tag="260" ind1=" " ind2=" ">
      <subfield code="a">Székesfehérvár :</subfield>
      <subfield code="b">Lexika,</subfield>
      <subfield code="c">2005 [!2008]</subfield>
    </datafield>
    <datafield tag="300" ind1=" " ind2=" ">
      <subfield code="a">331, [4] p. ;</subfield>
      <subfield code="c">20 cm</subfield>
    </datafield>
    <datafield tag="650" ind1="1" ind2="7">
      <subfield code="a">német nyelv</subfield>
      <subfield code="2">oszk</subfield>
    </datafield>
    <datafield tag="650" ind1="1" ind2="7">
      <subfield code="a">nyelvvizsga</subfield>
      <subfield code="2">oszk</subfield>
    </datafield>
    <datafield tag="650" ind1=" " ind2="4">
      <subfield code="a">nyelvvizsga</subfield>
    </datafield>
    <datafield tag="650" ind1=" " ind2="4">
      <subfield code="a">német nyelv</subfield>
    </datafield>
    <datafield tag="650" ind1=" " ind2="4">
      <subfield code="a">példatár</subfield>
    </datafield>
    <datafield tag="650" ind1=" " ind2="4">
      <subfield code="a">vizsgaelőkészítő</subfield>
    </datafield>
    <datafield tag="650" ind1=" " ind2="4">
      <subfield code="a">érettségi vizsga</subfield>
    </datafield>
    <datafield tag="700" ind1="1" ind2="0">
      <subfield code="a">Babári Ernőné</subfield>
    </datafield>
    <datafield tag="852" ind1=" " ind2=" ">
      <subfield code="a">B1</subfield>
      <subfield code="b">B1</subfield>
      <subfield code="x">2576790</subfield>
    </datafield>
    <datafield tag="852" ind1=" " ind2=" ">
      <subfield code="a">SZO1</subfield>
      <subfield code="b">SZO1</subfield>
      <subfield code="x">150633122</subfield>
    </datafield>
  </record>
  <record>
    <leader>01918nam  2200553 i 4500</leader>
    <controlfield tag="001">MOKKAS0002085202  </controlfield>
    <controlfield tag="005">20090522030015.0</controlfield>
    <controlfield tag="008">050905s2005    hu       b    000 0 hun d</controlfield>
    <datafield tag="020" ind1=" " ind2=" ">
      <subfield code="a">963-9357-52-9 (fűzött)</subfield>
    </datafield>
    <datafield tag="035" ind1=" " ind2=" ">
      <subfield code="a">2574588</subfield>
    </datafield>
    <datafield tag="040" ind1=" " ind2=" ">
      <subfield code="a">OSZK</subfield>
    </datafield>
    <datafield tag="041" ind1="0" ind2=" ">
      <subfield code="a">hungerger</subfield>
    </datafield>
    <datafield tag="100" ind1="1" ind2=" ">
      <subfield code="a">Hegyi Boglárka</subfield>
    </datafield>
    <datafield tag="245" ind1="1" ind2="0">
      <subfield code="a">1000 Fragen 1000 Antworten : </subfield>
      <subfield code="b">Gastronomie - Tourismus : társalgási gyakorlatok a gasztronómiai és turisztikai nyelvvizsgákra /</subfield>
      <subfield code="c">Hegyi Boglárka</subfield>
    </datafield>
    <datafield tag="246" ind1="1" ind2="8">
      <subfield code="a">1000 kérdés, 1000 felelet</subfield>
      <subfield code="b">német gasztronómiai és turisztikai nyelvvizsgákra</subfield>
    </datafield>
    <datafield tag="260" ind1=" " ind2=" ">
      <subfield code="a">Székesfehérvár :</subfield>
      <subfield code="b">Lexika,</subfield>
      <subfield code="c">2005</subfield>
    </datafield>
    <datafield tag="300" ind1=" " ind2=" ">
      <subfield code="a">368 p. ;</subfield>
      <subfield code="c">20 cm</subfield>
    </datafield>
    <datafield tag="504" ind1=" " ind2=" ">
      <subfield code="a">Bibliogr.: p. 368.</subfield>
    </datafield>
    <datafield tag="650" ind1="1" ind2="7">
      <subfield code="a">német nyelv</subfield>
      <subfield code="2">oszk</subfield>
    </datafield>
    <datafield tag="650" ind1="1" ind2="7">
      <subfield code="a">szaknyelv</subfield>
      <subfield code="2">oszk</subfield>
    </datafield>
    <datafield tag="650" ind1="1" ind2="7">
      <subfield code="a">idegenforgalom</subfield>
      <subfield code="2">oszk</subfield>
    </datafield>
    <datafield tag="650" ind1="1" ind2="7">
      <subfield code="a">gasztronómia</subfield>
      <subfield code="2">oszk</subfield>
    </datafield>
    <datafield tag="650" ind1="1" ind2="7">
      <subfield code="a">nyelvvizsga</subfield>
      <subfield code="2">oszk</subfield>
    </datafield>
    <datafield tag="650" ind1=" " ind2="7">
      <subfield code="a">Nyelvvizsga</subfield>
      <subfield code="x">német</subfield>
      <subfield code="x">társalgási gyakorlatok</subfield>
      <subfield code="2">szte</subfield>
    </datafield>
    <datafield tag="650" ind1=" " ind2="7">
      <subfield code="a">Német nyelvkönyv</subfield>
      <subfield code="x">haladó</subfield>
      <subfield code="x">társalgási gyakorlatok</subfield>
      <subfield code="2">szte</subfield>
    </datafield>
    <datafield tag="650" ind1=" " ind2="7">
      <subfield code="a">Szaknyelv</subfield>
      <subfield code="x">gasztronómiai</subfield>
      <subfield code="x">német</subfield>
      <subfield code="2">szte</subfield>
    </datafield>
    <datafield tag="650" ind1=" " ind2="7">
      <subfield code="a">Szaknyelv</subfield>
      <subfield code="x">turisztikai</subfield>
      <subfield code="x">német</subfield>
      <subfield code="2">szte</subfield>
    </datafield>
    <datafield tag="650" ind1=" " ind2="4">
      <subfield code="a">német nyelv</subfield>
    </datafield>
    <datafield tag="650" ind1=" " ind2="4">
      <subfield code="a">nyelvkönyv</subfield>
    </datafield>
    <datafield tag="650" ind1=" " ind2="4">
      <subfield code="a">társalgás</subfield>
    </datafield>
    <datafield tag="650" ind1=" " ind2="4">
      <subfield code="a">gasztronómia</subfield>
    </datafield>
    <datafield tag="650" ind1=" " ind2="4">
      <subfield code="a">idegenforgalom</subfield>
    </datafield>
    <datafield tag="650" ind1=" " ind2="7">
      <subfield code="a">Német nyelvkönyv</subfield>
      <subfield code="x">társalgási gyakorlatok</subfield>
      <subfield code="2">szte</subfield>
    </datafield>
    <datafield tag="650" ind1=" " ind2="7">
      <subfield code="a">Vendéglátás</subfield>
      <subfield code="x">szaknyelv</subfield>
      <subfield code="x">német</subfield>
      <subfield code="2">szte</subfield>
    </datafield>
    <datafield tag="650" ind1=" " ind2="7">
      <subfield code="a">Idegenforgalom</subfield>
      <subfield code="x">szaknyelv</subfield>
      <subfield code="x">német</subfield>
      <subfield code="2">szte</subfield>
    </datafield>
    <datafield tag="650" ind1=" " ind2="7">
      <subfield code="a">Gasztronómia</subfield>
      <subfield code="x">szaknyelv</subfield>
      <subfield code="x">német</subfield>
      <subfield code="2">szte</subfield>
    </datafield>
    <datafield tag="650" ind1=" " ind2="4">
      <subfield code="a">nyelvvizsga</subfield>
    </datafield>
    <datafield tag="650" ind1=" " ind2="4">
      <subfield code="a">példatár</subfield>
    </datafield>
    <datafield tag="650" ind1=" " ind2="4">
      <subfield code="a">szaknyelv</subfield>
    </datafield>
    <datafield tag="650" ind1=" " ind2="4">
      <subfield code="a">vizsgaelőkészítő</subfield>
    </datafield>
    <datafield tag="650" ind1=" " ind2="4">
      <subfield code="a">Vendéglátóipar</subfield>
    </datafield>
    <datafield tag="852" ind1=" " ind2=" ">
      <subfield code="a">B1</subfield>
      <subfield code="b">B1</subfield>
      <subfield code="x">2574588</subfield>
    </datafield>
    <datafield tag="852" ind1=" " ind2=" ">
      <subfield code="a">GY1</subfield>
      <subfield code="b">GY1</subfield>
      <subfield code="x">1499538</subfield>
    </datafield>
    <datafield tag="852" ind1=" " ind2=" ">
      <subfield code="a">B10</subfield>
      <subfield code="b">B10</subfield>
      <subfield code="x">bibFSZ1218765</subfield>
    </datafield>
    <datafield tag="852" ind1=" " ind2=" ">
      <subfield code="a">SZ1</subfield>
      <subfield code="b">SZ1</subfield>
      <subfield code="x">bibSOK356735</subfield>
    </datafield>
    <datafield tag="852" ind1=" " ind2=" ">
      <subfield code="a">GY1</subfield>
      <subfield code="b">GY1</subfield>
      <subfield code="x">KKMK1499538</subfield>
    </datafield>
    <datafield tag="852" ind1=" " ind2=" ">
      <subfield code="a">SZ4</subfield>
      <subfield code="b">SZ4</subfield>
      <subfield code="x">bibSOK356735</subfield>
    </datafield>
    <datafield tag="852" ind1=" " ind2=" ">
      <subfield code="a">SZO1</subfield>
      <subfield code="b">SZO1</subfield>
      <subfield code="x">150506162</subfield>
    </datafield>
    <datafield tag="852" ind1=" " ind2=" ">
      <subfield code="a">B12</subfield>
      <subfield code="x">BCEKK482982</subfield>
    </datafield>
  </record>
  <record>
    <leader>02173nam  2200625 i 4500</leader>
    <controlfield tag="001">MOKKAW0005644017  </controlfield>
    <controlfield tag="005">20091127011229.0</controlfield>
    <controlfield tag="008">080123t20072005hu       b    000 0 hun d</controlfield>
    <datafield tag="020" ind1=" " ind2=" ">
      <subfield code="a">978-963-9357-52-5 (fűzött)</subfield>
    </datafield>
    <datafield tag="035" ind1=" " ind2=" ">
      <subfield code="a">2705975</subfield>
    </datafield>
    <datafield tag="040" ind1=" " ind2=" ">
      <subfield code="a">OSZK</subfield>
      <subfield code="d">OSZK</subfield>
    </datafield>
    <datafield tag="041" ind1="0" ind2=" ">
      <subfield code="a">hungerger</subfield>
    </datafield>
    <datafield tag="080" ind1=" " ind2=" ">
      <subfield code="a">803.0(079.1)=945.11</subfield>
    </datafield>
    <datafield tag="080" ind1=" " ind2=" ">
      <subfield code="a">641/642</subfield>
    </datafield>
    <datafield tag="080" ind1=" " ind2=" ">
      <subfield code="a">338.48</subfield>
    </datafield>
    <datafield tag="080" ind1=" " ind2=" ">
      <subfield code="a">803.0(079.1)</subfield>
    </datafield>
    <datafield tag="080" ind1=" " ind2=" ">
      <subfield code="a">640.4(078)=30</subfield>
    </datafield>
    <datafield tag="100" ind1="1" ind2=" ">
      <subfield code="a">Hegyi Boglárka</subfield>
    </datafield>
    <datafield tag="245" ind1="1" ind2="0">
      <subfield code="a">1000 Fragen 1000 Antworten : </subfield>
      <subfield code="b">Gastronomie - Tourismus : társalgási gyakorlatok a gasztronómiai és turisztikai nyelvvizsgákra /</subfield>
      <subfield code="c">Hegyi Boglárka</subfield>
    </datafield>
    <datafield tag="246" ind1="1" ind2="8">
      <subfield code="a">1000 kérdés, 1000 felelet</subfield>
      <subfield code="b">német gasztronómiai és turisztikai nyelvvizsgákra</subfield>
    </datafield>
    <datafield tag="260" ind1=" " ind2=" ">
      <subfield code="a">Székesfehérvár :</subfield>
      <subfield code="b">Lexika,</subfield>
      <subfield code="c">[2007], cop. 2005</subfield>
    </datafield>
    <datafield tag="300" ind1=" " ind2=" ">
      <subfield code="a">368 p. ;</subfield>
      <subfield code="c">20 cm</subfield>
    </datafield>
    <datafield tag="504" ind1=" " ind2=" ">
      <subfield code="a">Bibliogr.: p. 368.</subfield>
    </datafield>
    <datafield tag="650" ind1="1" ind2="7">
      <subfield code="a">német nyelv</subfield>
      <subfield code="2">oszk</subfield>
    </datafield>
    <datafield tag="650" ind1="1" ind2="7">
      <subfield code="a">szaknyelv</subfield>
      <subfield code="2">oszk</subfield>
    </datafield>
    <datafield tag="650" ind1="1" ind2="7">
      <subfield code="a">idegenforgalom</subfield>
      <subfield code="2">oszk</subfield>
    </datafield>
    <datafield tag="650" ind1="1" ind2="7">
      <subfield code="a">gasztronómia</subfield>
      <subfield code="2">oszk</subfield>
    </datafield>
    <datafield tag="650" ind1="1" ind2="7">
      <subfield code="a">nyelvvizsga</subfield>
      <subfield code="2">oszk</subfield>
    </datafield>
    <datafield tag="650" ind1=" " ind2="7">
      <subfield code="a">Nyelvvizsga</subfield>
      <subfield code="x">német</subfield>
      <subfield code="x">társalgási gyakorlatok</subfield>
      <subfield code="2">szte</subfield>
    </datafield>
    <datafield tag="650" ind1=" " ind2="7">
      <subfield code="a">Német nyelvkönyv</subfield>
      <subfield code="x">haladó</subfield>
      <subfield code="x">társalgási gyakorlatok</subfield>
      <subfield code="2">szte</subfield>
    </datafield>
    <datafield tag="650" ind1=" " ind2="7">
      <subfield code="a">Szaknyelv</subfield>
      <subfield code="x">gasztronómiai</subfield>
      <subfield code="x">német</subfield>
      <subfield code="2">szte</subfield>
    </datafield>
    <datafield tag="650" ind1=" " ind2="7">
      <subfield code="a">Szaknyelv</subfield>
      <subfield code="x">turisztikai</subfield>
      <subfield code="x">német</subfield>
      <subfield code="2">szte</subfield>
    </datafield>
    <datafield tag="650" ind1=" " ind2="7">
      <subfield code="a">Német nyelv</subfield>
      <subfield code="x">üzleti német</subfield>
      <subfield code="x">feladatok, gyakorlatok stb.</subfield>
      <subfield code="2">lcsh//hun</subfield>
    </datafield>
    <datafield tag="650" ind1=" " ind2="7">
      <subfield code="a">Német nyelv</subfield>
      <subfield code="x">vizsgák, kérdések stb.</subfield>
      <subfield code="2">lcsh//hun</subfield>
    </datafield>
    <datafield tag="650" ind1=" " ind2="7">
      <subfield code="a">Turizmus</subfield>
      <subfield code="2">lcsh//hun</subfield>
    </datafield>
    <datafield tag="650" ind1=" " ind2="7">
      <subfield code="a">Gasztronómia</subfield>
      <subfield code="2">lcsh//hun</subfield>
    </datafield>
    <datafield tag="650" ind1=" " ind2="0">
      <subfield code="a">German language</subfield>
      <subfield code="x">Business German</subfield>
      <subfield code="x">Problems, exercises, etc.</subfield>
    </datafield>
    <datafield tag="650" ind1=" " ind2="0">
      <subfield code="a">German language</subfield>
      <subfield code="x">Examinations, questions, etc.</subfield>
    </datafield>
    <datafield tag="650" ind1=" " ind2="0">
      <subfield code="a">Tourism.</subfield>
    </datafield>
    <datafield tag="650" ind1=" " ind2="0">
      <subfield code="a">Gastronomy.</subfield>
    </datafield>
    <datafield tag="650" ind1=" " ind2="4">
      <subfield code="a">gasztronómia</subfield>
    </datafield>
    <datafield tag="650" ind1=" " ind2="4">
      <subfield code="a">idegenforgalom</subfield>
    </datafield>
    <datafield tag="650" ind1=" " ind2="4">
      <subfield code="a">nyelvkönyv</subfield>
    </datafield>
    <datafield tag="650" ind1=" " ind2="4">
      <subfield code="a">nyelvvizsga</subfield>
    </datafield>
    <datafield tag="650" ind1=" " ind2="4">
      <subfield code="a">német nyelv</subfield>
    </datafield>
    <datafield tag="650" ind1=" " ind2="4">
      <subfield code="a">példatár</subfield>
    </datafield>
    <datafield tag="650" ind1=" " ind2="4">
      <subfield code="a">szaknyelv</subfield>
    </datafield>
    <datafield tag="650" ind1=" " ind2="4">
      <subfield code="a">vizsgaelőkészítő</subfield>
    </datafield>
    <datafield tag="650" ind1=" " ind2="7">
      <subfield code="a">társalgás</subfield>
      <subfield code="2">opkm</subfield>
    </datafield>
    <datafield tag="650" ind1=" " ind2="7">
      <subfield code="a">német nyelv</subfield>
      <subfield code="2">opkm</subfield>
    </datafield>
    <datafield tag="650" ind1=" " ind2="7">
      <subfield code="a">nyelvkönyv</subfield>
      <subfield code="2">opkm</subfield>
    </datafield>
    <datafield tag="852" ind1=" " ind2=" ">
      <subfield code="a">SZ1</subfield>
      <subfield code="b">SZ1/B3</subfield>
      <subfield code="x">bibJAT00729486</subfield>
    </datafield>
    <datafield tag="852" ind1=" " ind2=" ">
      <subfield code="a">D1</subfield>
      <subfield code="b">D1/NY</subfield>
      <subfield code="x">bibDEK00734327</subfield>
    </datafield>
    <datafield tag="852" ind1=" " ind2=" ">
      <subfield code="a">SZO1</subfield>
      <subfield code="b">SZO1</subfield>
      <subfield code="x">150633108</subfield>
    </datafield>
    <datafield tag="852" ind1=" " ind2=" ">
      <subfield code="a">B7</subfield>
      <subfield code="b">B7</subfield>
      <subfield code="x">269715</subfield>
    </datafield>
  </record>
  <record>
    <leader>02446nam  2200697 i 4500</leader>
    <controlfield tag="001">MOKKAS0002080769  </controlfield>
    <controlfield tag="005">20091223110055.0</controlfield>
    <controlfield tag="008">080418s2007    hu       b    000 0 ger d</controlfield>
    <datafield tag="020" ind1=" " ind2=" ">
      <subfield code="a">978-963-9357-46-4 (fűzött)</subfield>
    </datafield>
    <datafield tag="035" ind1=" " ind2=" ">
      <subfield code="a">2736388</subfield>
    </datafield>
    <datafield tag="040" ind1=" " ind2=" ">
      <subfield code="a">OSZK</subfield>
      <subfield code="d">OSZK</subfield>
    </datafield>
    <datafield tag="041" ind1="1" ind2=" ">
      <subfield code="a">gerhun</subfield>
    </datafield>
    <datafield tag="080" ind1=" " ind2=" ">
      <subfield code="a">803.0(079.1)=945.11</subfield>
    </datafield>
    <datafield tag="080" ind1=" " ind2=" ">
      <subfield code="a">65</subfield>
    </datafield>
    <datafield tag="080" ind1=" " ind2=" ">
      <subfield code="a">803.0(079.1)</subfield>
    </datafield>
    <datafield tag="080" ind1=" " ind2=" ">
      <subfield code="a">33(078)=30</subfield>
    </datafield>
    <datafield tag="080" ind1=" " ind2=" ">
      <subfield code="a">65(078)=30</subfield>
    </datafield>
    <datafield tag="080" ind1=" " ind2="0">
      <subfield code="a">330.1:803.0-07(079.1)=945.11</subfield>
    </datafield>
    <datafield tag="080" ind1=" " ind2=" ">
      <subfield code="a">33:803.0-07(076)</subfield>
    </datafield>
    <datafield tag="245" ind1="0" ind2="0">
      <subfield code="a">1000 Fragen 1000 Antworten : </subfield>
      <subfield code="b">Wirtschaftsdeutsch : [társalgási gyakorlatok a német üzleti középfokú nyelvvizsgákra] /</subfield>
      <subfield code="c">Rudolf Radenhausen [et al.]</subfield>
    </datafield>
    <datafield tag="260" ind1=" " ind2=" ">
      <subfield code="a">Székesfehérvár :</subfield>
      <subfield code="b">Lexika,</subfield>
      <subfield code="c">2004 [!2007]</subfield>
    </datafield>
    <datafield tag="300" ind1=" " ind2=" ">
      <subfield code="a">279 p. ;</subfield>
      <subfield code="c">20 cm</subfield>
    </datafield>
    <datafield tag="500" ind1=" " ind2=" ">
      <subfield code="a">A gerincen párhuzamos címként: 1000 kérdés 1000 felelet</subfield>
    </datafield>
    <datafield tag="504" ind1=" " ind2=" ">
      <subfield code="a">Bibliogr.: p. 279.</subfield>
    </datafield>
    <datafield tag="650" ind1="1" ind2="7">
      <subfield code="a">német nyelv</subfield>
      <subfield code="2">oszk</subfield>
    </datafield>
    <datafield tag="650" ind1="1" ind2="7">
      <subfield code="a">nyelvvizsga</subfield>
      <subfield code="2">oszk</subfield>
    </datafield>
    <datafield tag="650" ind1="1" ind2="7">
      <subfield code="a">szaknyelv</subfield>
      <subfield code="2">oszk</subfield>
    </datafield>
    <datafield tag="650" ind1="1" ind2="7">
      <subfield code="a">üzleti élet</subfield>
      <subfield code="2">oszk</subfield>
    </datafield>
    <datafield tag="650" ind1="0" ind2="4">
      <subfield code="a">német nyelv</subfield>
      <subfield code="x">társalgás</subfield>
    </datafield>
    <datafield tag="650" ind1=" " ind2="4">
      <subfield code="a">német nyelvkönyv</subfield>
    </datafield>
    <datafield tag="650" ind1=" " ind2="4">
      <subfield code="a">nyelvvizsga</subfield>
    </datafield>
    <datafield tag="650" ind1=" " ind2="4">
      <subfield code="a">német nyelv</subfield>
    </datafield>
    <datafield tag="650" ind1=" " ind2="4">
      <subfield code="a">üzleti nyelvkönyv</subfield>
    </datafield>
    <datafield tag="650" ind1=" " ind2="4">
      <subfield code="a">gazdaság</subfield>
    </datafield>
    <datafield tag="650" ind1=" " ind2="4">
      <subfield code="a">nyelvkönyv</subfield>
    </datafield>
    <datafield tag="650" ind1=" " ind2="4">
      <subfield code="a">példatár</subfield>
    </datafield>
    <datafield tag="650" ind1=" " ind2="4">
      <subfield code="a">szaknyelv</subfield>
    </datafield>
    <datafield tag="650" ind1=" " ind2="4">
      <subfield code="a">vizsgaelőkészítő</subfield>
    </datafield>
    <datafield tag="650" ind1=" " ind2="4">
      <subfield code="a">üzleti élet</subfield>
    </datafield>
    <datafield tag="650" ind1=" " ind2="7">
      <subfield code="a">Közgazdaságtan</subfield>
      <subfield code="2">lcsh//hun</subfield>
    </datafield>
    <datafield tag="650" ind1=" " ind2="7">
      <subfield code="a">Német nyelv</subfield>
      <subfield code="x">tankönyvek idegen ajkúaknak</subfield>
      <subfield code="x">magyar</subfield>
      <subfield code="2">lcsh//hun</subfield>
    </datafield>
    <datafield tag="650" ind1=" " ind2="7">
      <subfield code="a">Német nyelv</subfield>
      <subfield code="x">társalgás és kifejezésgyűjtemények</subfield>
      <subfield code="2">lcsh//hun</subfield>
    </datafield>
    <datafield tag="650" ind1=" " ind2="7">
      <subfield code="a">Német nyelv</subfield>
      <subfield code="x">vizsgák, kérdések stb.</subfield>
      <subfield code="2">lcsh//hun</subfield>
    </datafield>
    <datafield tag="650" ind1=" " ind2="7">
      <subfield code="a">Német nyelv</subfield>
      <subfield code="x">feladatok, gyakorlatok stb.</subfield>
      <subfield code="2">lcsh//hun</subfield>
    </datafield>
    <datafield tag="650" ind1=" " ind2="7">
      <subfield code="a">Német nyelv</subfield>
      <subfield code="x">szójegyzékék, szótárak stb.</subfield>
      <subfield code="2">lcsh//hun</subfield>
    </datafield>
    <datafield tag="650" ind1=" " ind2="0">
      <subfield code="a">Economics.</subfield>
    </datafield>
    <datafield tag="650" ind1=" " ind2="0">
      <subfield code="a">German language</subfield>
      <subfield code="x">Textbooks for foreign speakers</subfield>
      <subfield code="x">Hungarian.</subfield>
    </datafield>
    <datafield tag="650" ind1=" " ind2="0">
      <subfield code="a">German language</subfield>
      <subfield code="x">Conversation and phrase books.</subfield>
    </datafield>
    <datafield tag="650" ind1=" " ind2="0">
      <subfield code="a">German language</subfield>
      <subfield code="x">Examinations, questions, etc.</subfield>
    </datafield>
    <datafield tag="650" ind1=" " ind2="0">
      <subfield code="a">German language</subfield>
      <subfield code="x">Problems, exercises, etc.</subfield>
    </datafield>
    <datafield tag="650" ind1=" " ind2="0">
      <subfield code="a">German language</subfield>
      <subfield code="x">Glossaries, vocabularies, etc.</subfield>
    </datafield>
    <datafield tag="700" ind1="1" ind2=" ">
      <subfield code="a">Radenhausen, Rudolf</subfield>
    </datafield>
    <datafield tag="700" ind1="1" ind2=" ">
      <subfield code="a">Viczena Andrea</subfield>
    </datafield>
    <datafield tag="700" ind1="1" ind2=" ">
      <subfield code="a">Szőke Andrea</subfield>
    </datafield>
    <datafield tag="700" ind1="1" ind2=" ">
      <subfield code="a">Molnár Judit</subfield>
    </datafield>
    <datafield tag="730" ind1="0" ind2=" ">
      <subfield code="a">1000 questions, 1000 answers</subfield>
    </datafield>
    <datafield tag="852" ind1=" " ind2=" ">
      <subfield code="a">B1</subfield>
      <subfield code="b">B1</subfield>
      <subfield code="x">2551170</subfield>
    </datafield>
    <datafield tag="852" ind1=" " ind2=" ">
      <subfield code="a">M1</subfield>
      <subfield code="b">M1</subfield>
      <subfield code="x">203415</subfield>
    </datafield>
    <datafield tag="852" ind1=" " ind2=" ">
      <subfield code="a">GY1</subfield>
      <subfield code="b">GY1</subfield>
      <subfield code="x">683054</subfield>
    </datafield>
    <datafield tag="852" ind1=" " ind2=" ">
      <subfield code="a">SZO1</subfield>
      <subfield code="b">SZO1</subfield>
      <subfield code="x">150624408</subfield>
    </datafield>
    <datafield tag="852" ind1=" " ind2=" ">
      <subfield code="a">D1</subfield>
      <subfield code="b">D1/NY</subfield>
      <subfield code="x">bibDEK00751008</subfield>
    </datafield>
  </record>
  <record>
    <leader>00610cam  2200193   4500</leader>
    <controlfield tag="001">MOKKAZ0004789262  </controlfield>
    <controlfield tag="005">20040910103012.0</controlfield>
    <controlfield tag="008">      s19]9                        ger  </controlfield>
    <datafield tag="020" ind1=" " ind2=" ">
      <subfield code="a">963 7693 01 7 :</subfield>
    </datafield>
    <datafield tag="035" ind1=" " ind2=" ">
      <subfield code="a">bibJPT0032722</subfield>
    </datafield>
    <datafield tag="040" ind1=" " ind2=" ">
      <subfield code="a">PTE</subfield>
    </datafield>
    <datafield tag="041" ind1=" " ind2=" ">
      <subfield code="a">gerhun</subfield>
    </datafield>
    <datafield tag="100" ind1="1" ind2=" ">
      <subfield code="a">szerzők Babári Ernőné, Babári Ernő</subfield>
    </datafield>
    <datafield tag="245" ind1="1" ind2="0">
      <subfield code="a">1000 Fragen 1000 Antworten /</subfield>
      <subfield code="c">[szerzők Babári Ernőné, Babári Ernő]</subfield>
    </datafield>
    <datafield tag="260" ind1=" " ind2=" ">
      <subfield code="a">Székesfehérvár :</subfield>
      <subfield code="b">Lexika,</subfield>
      <subfield code="c">[19]96</subfield>
    </datafield>
    <datafield tag="300" ind1=" " ind2=" ">
      <subfield code="a">205, [2] p. ;</subfield>
      <subfield code="c">26 cm</subfield>
    </datafield>
    <datafield tag="695" ind1=" " ind2=" ">
      <subfield code="a">Német nyelvkönyv, társalgás</subfield>
    </datafield>
    <datafield tag="695" ind1=" " ind2=" ">
      <subfield code="a">Nyelvvizsga anyag, német</subfield>
    </datafield>
    <datafield tag="852" ind1=" " ind2=" ">
      <subfield code="a">P1</subfield>
      <subfield code="b">P1</subfield>
      <subfield code="x">bibJPT0032722</subfield>
    </datafield>
  </record>
  <record>
    <leader>01869nam  2200457   4500</leader>
    <controlfield tag="001">MOKKAN0004254709  </controlfield>
    <controlfield tag="005">20100324085308.0</controlfield>
    <controlfield tag="008">021002s2004    hu                  ger d</controlfield>
    <datafield tag="020" ind1=" " ind2=" ">
      <subfield code="a">963-9357-46-4 (fűzött) :</subfield>
    </datafield>
    <datafield tag="035" ind1=" " ind2=" ">
      <subfield code="a">bibFSZ1093096</subfield>
    </datafield>
    <datafield tag="040" ind1=" " ind2=" ">
      <subfield code="a">FSZEK</subfield>
    </datafield>
    <datafield tag="041" ind1=" " ind2=" ">
      <subfield code="a">gerhun</subfield>
    </datafield>
    <datafield tag="080" ind1=" " ind2="0">
      <subfield code="a">803.0(079.1)=945.11</subfield>
    </datafield>
    <datafield tag="080" ind1=" " ind2="0">
      <subfield code="a">658</subfield>
    </datafield>
    <datafield tag="100" ind1="1" ind2=" ">
      <subfield code="a">Viczena Andrea</subfield>
    </datafield>
    <datafield tag="240" ind1=" " ind2="0">
      <subfield code="a">1000 questions, 1000 answers</subfield>
    </datafield>
    <datafield tag="245" ind1="1" ind2="0">
      <subfield code="a">1000 Fragen 1000 Antworten :</subfield>
      <subfield code="b">Wirtschaftsdeutsch : [társalgási gyakorlatok a német üzleti középfokú nyelvvizsgákra] /</subfield>
      <subfield code="c">[szerzők:] Vinczena Andrea, Szőke Andrea, Molnár Judit ; [ford., adapt.] Rudolf Radenhausen</subfield>
    </datafield>
    <datafield tag="260" ind1=" " ind2=" ">
      <subfield code="a">Székesfehérvár :</subfield>
      <subfield code="b">Lexika,</subfield>
      <subfield code="c">2004</subfield>
    </datafield>
    <datafield tag="300" ind1=" " ind2=" ">
      <subfield code="a">279 p. ;</subfield>
      <subfield code="c">20 cm</subfield>
    </datafield>
    <datafield tag="504" ind1=" " ind2=" ">
      <subfield code="a">Bibliogr.: p. 279.</subfield>
    </datafield>
    <datafield tag="650" ind1=" " ind2="4">
      <subfield code="a">Közgazdaságtan</subfield>
    </datafield>
    <datafield tag="650" ind1=" " ind2="4">
      <subfield code="a">Német nyelv</subfield>
      <subfield code="x">tankönyvek idegen ajkúaknak</subfield>
      <subfield code="x">magyar</subfield>
    </datafield>
    <datafield tag="650" ind1=" " ind2="4">
      <subfield code="a">Német nyelv</subfield>
      <subfield code="x">társalgás és kifejezésgyűjtemények</subfield>
    </datafield>
    <datafield tag="650" ind1=" " ind2="4">
      <subfield code="a">Német nyelv</subfield>
      <subfield code="x">vizsgák, kérdések stb.</subfield>
    </datafield>
    <datafield tag="650" ind1=" " ind2="4">
      <subfield code="a">Német nyelv</subfield>
      <subfield code="x">feladatok, gyakorlatok stb.</subfield>
    </datafield>
    <datafield tag="650" ind1=" " ind2="4">
      <subfield code="a">Német nyelv</subfield>
      <subfield code="x">szójegyzékék, szótárak stb.</subfield>
    </datafield>
    <datafield tag="650" ind1=" " ind2="0">
      <subfield code="a">Economics.</subfield>
    </datafield>
    <datafield tag="650" ind1=" " ind2="0">
      <subfield code="a">German language</subfield>
      <subfield code="x">Textbooks for foreign speakers</subfield>
      <subfield code="x">Hungarian.</subfield>
    </datafield>
    <datafield tag="650" ind1=" " ind2="0">
      <subfield code="a">German language</subfield>
      <subfield code="x">Conversation and phrase books.</subfield>
    </datafield>
    <datafield tag="650" ind1=" " ind2="0">
      <subfield code="a">German language</subfield>
      <subfield code="x">Examinations, questions, etc.</subfield>
    </datafield>
    <datafield tag="650" ind1=" " ind2="0">
      <subfield code="a">German language</subfield>
      <subfield code="x">Problems, exercises, etc.</subfield>
    </datafield>
    <datafield tag="650" ind1=" " ind2="0">
      <subfield code="a">German language</subfield>
      <subfield code="x">Glossaries, vocabularies, etc.</subfield>
    </datafield>
    <datafield tag="650" ind1=" " ind2="7">
      <subfield code="a">Német nyelvkönyv</subfield>
      <subfield code="x">társalgási gyakorlatok</subfield>
      <subfield code="2">szte</subfield>
    </datafield>
    <datafield tag="650" ind1=" " ind2="7">
      <subfield code="a">Nyelvvizsga</subfield>
      <subfield code="x">német</subfield>
      <subfield code="x">társalgási gyakorlatok</subfield>
      <subfield code="2">szte</subfield>
    </datafield>
    <datafield tag="650" ind1=" " ind2="7">
      <subfield code="a">Üzleti nyelv</subfield>
      <subfield code="x">német</subfield>
      <subfield code="2">szte</subfield>
    </datafield>
    <datafield tag="700" ind1="1" ind2=" ">
      <subfield code="a">Szőke Andrea</subfield>
    </datafield>
    <datafield tag="700" ind1="1" ind2=" ">
      <subfield code="a">Molnár Judit</subfield>
    </datafield>
    <datafield tag="700" ind1="1" ind2=" ">
      <subfield code="a">Radenhausen, Rudolf</subfield>
      <subfield code="4">ford., átd.</subfield>
    </datafield>
    <datafield tag="852" ind1=" " ind2=" ">
      <subfield code="a">B10</subfield>
      <subfield code="b">0801</subfield>
      <subfield code="x">bibFSZ1093096</subfield>
    </datafield>
    <datafield tag="852" ind1=" " ind2=" ">
      <subfield code="a">D1</subfield>
      <subfield code="B">D1/92</subfield>
      <subfield code="B">D1/TP</subfield>
      <subfield code="b">D1</subfield>
      <subfield code="x">bibFSZ1093096</subfield>
    </datafield>
    <datafield tag="852" ind1=" " ind2=" ">
      <subfield code="a">SZ4</subfield>
      <subfield code="b">SZ4</subfield>
      <subfield code="x">bibFSZ1093096</subfield>
    </datafield>
  </record>
  <record>
    <leader>00789aam  2200205 i 4500</leader>
    <controlfield tag="001">MOKKAS0003791741  </controlfield>
    <controlfield tag="005">20090505174945.0</controlfield>
    <controlfield tag="008">920504 1992    hu            00010 ger  </controlfield>
    <datafield tag="020" ind1=" " ind2=" ">
      <subfield code="a">963 7693 01 7</subfield>
    </datafield>
    <datafield tag="035" ind1=" " ind2=" ">
      <subfield code="a">bibJAT00207917</subfield>
    </datafield>
    <datafield tag="040" ind1=" " ind2=" ">
      <subfield code="a">SZTE</subfield>
    </datafield>
    <datafield tag="041" ind1=" " ind2=" ">
      <subfield code="a">gerhun</subfield>
    </datafield>
    <datafield tag="100" ind1="1" ind2=" ">
      <subfield code="a">Babári Ernő</subfield>
    </datafield>
    <datafield tag="245" ind1="1" ind2="0">
      <subfield code="a">1000 Fragen-1000 Antworten :</subfield>
      <subfield code="b">társalgási gyakorlatok a német "A" típusú nyelvvizsgákra /</subfield>
      <subfield code="c">Babári Ernő, Babári Ernőné</subfield>
    </datafield>
    <datafield tag="260" ind1=" " ind2=" ">
      <subfield code="a">[Székesfehérvár] :</subfield>
      <subfield code="b">Lexika,</subfield>
      <subfield code="c">1992</subfield>
    </datafield>
    <datafield tag="300" ind1=" " ind2=" ">
      <subfield code="a">205 p. ;</subfield>
      <subfield code="c">26 cm</subfield>
    </datafield>
    <datafield tag="650" ind1=" " ind2="7">
      <subfield code="a">Német nyelvkönyv</subfield>
      <subfield code="x">középfokú</subfield>
      <subfield code="x">társalgási gyakorlatok</subfield>
      <subfield code="2">szte</subfield>
    </datafield>
    <datafield tag="650" ind1=" " ind2="7">
      <subfield code="a">Nyelvvizsga</subfield>
      <subfield code="x">német</subfield>
      <subfield code="x">középfokú</subfield>
      <subfield code="x">társalgási gyakorlatok</subfield>
      <subfield code="2">szte</subfield>
    </datafield>
    <datafield tag="700" ind1="1" ind2=" ">
      <subfield code="a">Babári Ernőné</subfield>
    </datafield>
    <datafield tag="852" ind1=" " ind2=" ">
      <subfield code="a">SZ1</subfield>
      <subfield code="b">SZ1</subfield>
      <subfield code="b">SZ1/R1</subfield>
      <subfield code="b">SZ1/R3</subfield>
      <subfield code="b">SZ/87</subfield>
      <subfield code="b">SZ1/R4</subfield>
      <subfield code="b">SZ10/NEM</subfield>
      <subfield code="b">SZ1/R2</subfield>
      <subfield code="x">bibJAT00207917</subfield>
    </datafield>
  </record>
  <record>
    <leader>00715aam  2200193 i 4500</leader>
    <controlfield tag="001">MOKKAZ0003824190  </controlfield>
    <controlfield tag="005">20100907102502.0</controlfield>
    <controlfield tag="008">950118|1994    hu            00010 ger  </controlfield>
    <datafield tag="035" ind1=" " ind2=" ">
      <subfield code="a">bibJAT00046175</subfield>
    </datafield>
    <datafield tag="040" ind1=" " ind2=" ">
      <subfield code="a">SZTE</subfield>
    </datafield>
    <datafield tag="041" ind1=" " ind2=" ">
      <subfield code="a">gerhun</subfield>
    </datafield>
    <datafield tag="100" ind1="1" ind2=" ">
      <subfield code="a">Babári Ernő</subfield>
    </datafield>
    <datafield tag="245" ind1="1" ind2="0">
      <subfield code="a">1000 Fragen - 1000 Antworten :</subfield>
      <subfield code="b">társalgási gyakorlatok a német "A" típusú nyelvvizsgákra /</subfield>
      <subfield code="c">Babári Ernő, Babári Ernőné</subfield>
    </datafield>
    <datafield tag="260" ind1=" " ind2=" ">
      <subfield code="a">Székesfehérvár :</subfield>
      <subfield code="b">Lexika,</subfield>
      <subfield code="c">[1994]</subfield>
    </datafield>
    <datafield tag="300" ind1=" " ind2=" ">
      <subfield code="a">205 p. ;</subfield>
      <subfield code="c">20 cm</subfield>
    </datafield>
    <datafield tag="650" ind1=" " ind2="7">
      <subfield code="a">Német nyelvkönyv</subfield>
      <subfield code="x">középfokú</subfield>
      <subfield code="x">társalgási gyakorlatok</subfield>
      <subfield code="2">szte</subfield>
    </datafield>
    <datafield tag="650" ind1=" " ind2="7">
      <subfield code="a">Nyelvvizsga</subfield>
      <subfield code="x">német</subfield>
      <subfield code="x">középfokú</subfield>
      <subfield code="x">társalgási gyakorlatok</subfield>
      <subfield code="2">szte</subfield>
    </datafield>
    <datafield tag="700" ind1="1" ind2=" ">
      <subfield code="a">Babári Ernőné</subfield>
    </datafield>
    <datafield tag="852" ind1=" " ind2=" ">
      <subfield code="a">SZ1</subfield>
      <subfield code="b">SZ1/R3</subfield>
      <subfield code="x">bibJAT00046175</subfield>
    </datafield>
  </record>
  <record>
    <leader>00874nam  2200229 i 4500</leader>
    <controlfield tag="001">MOKKAZ0004020731  </controlfield>
    <controlfield tag="005">20100907102502.0</controlfield>
    <controlfield tag="008">950118s1997    hu            00010 ger d</controlfield>
    <datafield tag="020" ind1=" " ind2=" ">
      <subfield code="a">963 9092 00 2</subfield>
    </datafield>
    <datafield tag="035" ind1=" " ind2=" ">
      <subfield code="a">bibJAT00299434</subfield>
    </datafield>
    <datafield tag="040" ind1=" " ind2=" ">
      <subfield code="a">SZTE</subfield>
    </datafield>
    <datafield tag="041" ind1=" " ind2=" ">
      <subfield code="a">gerhun</subfield>
    </datafield>
    <datafield tag="100" ind1="1" ind2=" ">
      <subfield code="a">Babári Ernő</subfield>
    </datafield>
    <datafield tag="245" ind1="1" ind2="0">
      <subfield code="a">1000 Fragen - 1000 Antworten :</subfield>
      <subfield code="b">társalgási gyakorlatok a német "A" típusú nyelvvizsgákra /</subfield>
      <subfield code="c">Babári Ernő, Babári Ernőné</subfield>
    </datafield>
    <datafield tag="260" ind1=" " ind2=" ">
      <subfield code="a">Székesfehérvár :</subfield>
      <subfield code="b">Lexika,</subfield>
      <subfield code="c">1997</subfield>
    </datafield>
    <datafield tag="300" ind1=" " ind2=" ">
      <subfield code="a">205 p. ;</subfield>
      <subfield code="c">25 cm</subfield>
    </datafield>
    <datafield tag="650" ind1=" " ind2="7">
      <subfield code="a">Német nyelvkönyv</subfield>
      <subfield code="x">középfokú</subfield>
      <subfield code="x">társalgási gyakorlatok</subfield>
      <subfield code="2">szte</subfield>
    </datafield>
    <datafield tag="650" ind1=" " ind2="7">
      <subfield code="a">Nyelvvizsga</subfield>
      <subfield code="x">német</subfield>
      <subfield code="x">középfokú</subfield>
      <subfield code="x">társalgási gyakorlatok</subfield>
      <subfield code="2">szte</subfield>
    </datafield>
    <datafield tag="650" ind1=" " ind2="7">
      <subfield code="a">Német nyelv</subfield>
      <subfield code="x">Nyelvvizsga</subfield>
      <subfield code="x">Gyakorlatok</subfield>
      <subfield code="2">szte</subfield>
    </datafield>
    <datafield tag="650" ind1=" " ind2="7">
      <subfield code="a">Nyelvvizsga</subfield>
      <subfield code="x">Német nyelv</subfield>
      <subfield code="x">Gyakorlatok</subfield>
      <subfield code="2">szte</subfield>
    </datafield>
    <datafield tag="700" ind1="1" ind2=" ">
      <subfield code="a">Babári Ernőné</subfield>
    </datafield>
    <datafield tag="852" ind1=" " ind2=" ">
      <subfield code="a">SZ1</subfield>
      <subfield code="b">SZ1/R3</subfield>
      <subfield code="b">SZ1/133</subfield>
      <subfield code="x">bibJAT00299434</subfield>
    </datafield>
  </record>
  <record>
    <leader>00725nam  2200205 i 4500</leader>
    <controlfield tag="001">MOKKAS0002169970  </controlfield>
    <controlfield tag="005">20060617165510.0</controlfield>
    <controlfield tag="008">971006s1997    hu            00000 hun e</controlfield>
    <datafield tag="020" ind1=" " ind2=" ">
      <subfield code="a">963 9092 48 7 (fűzött)</subfield>
    </datafield>
    <datafield tag="035" ind1=" " ind2=" ">
      <subfield code="a">bibSOK00015827</subfield>
    </datafield>
    <datafield tag="040" ind1=" " ind2=" ">
      <subfield code="a">SK</subfield>
    </datafield>
    <datafield tag="041" ind1="1" ind2=" ">
      <subfield code="a">gerhun</subfield>
    </datafield>
    <datafield tag="100" ind1="1" ind2=" ">
      <subfield code="a">Babári Ernő</subfield>
    </datafield>
    <datafield tag="245" ind1="1" ind2="0">
      <subfield code="a">1000 Fragen - 1000 Antworten :</subfield>
      <subfield code="b">társalgási gyakorlatok a német "A" típusú nyelvvizsgákra /</subfield>
      <subfield code="c">[Babári Ernő, Babári Ernőné]</subfield>
    </datafield>
    <datafield tag="260" ind1=" " ind2=" ">
      <subfield code="a">Székesfehérvár :</subfield>
      <subfield code="b">Lexika,</subfield>
      <subfield code="c">[1997]</subfield>
    </datafield>
    <datafield tag="300" ind1=" " ind2=" ">
      <subfield code="a">205 p. ;</subfield>
      <subfield code="c">26 cm</subfield>
    </datafield>
    <datafield tag="650" ind1=" " ind2="7">
      <subfield code="a">Német nyelvkönyv</subfield>
      <subfield code="x">társalgási gyakorlatok</subfield>
      <subfield code="2">szte</subfield>
    </datafield>
    <datafield tag="650" ind1=" " ind2="7">
      <subfield code="a">Nyelvvizsga</subfield>
      <subfield code="x">német</subfield>
      <subfield code="x">társalgási gyakorlatok</subfield>
      <subfield code="2">szte</subfield>
    </datafield>
    <datafield tag="700" ind1="1" ind2=" ">
      <subfield code="a">Babári Ernőné</subfield>
    </datafield>
    <datafield tag="852" ind1=" " ind2=" ">
      <subfield code="a">SZ4</subfield>
      <subfield code="b">SZ4</subfield>
      <subfield code="x">bibSOK00015827</subfield>
    </datafield>
  </record>
  <record>
    <leader>00748nam  2200205 i 4500</leader>
    <controlfield tag="001">MOKKAZ0004151856  </controlfield>
    <controlfield tag="005">20080318060732.0</controlfield>
    <controlfield tag="008">950118 2001    hu            00010 ger  </controlfield>
    <datafield tag="020" ind1=" " ind2=" ">
      <subfield code="a">963 9357 01 4</subfield>
    </datafield>
    <datafield tag="035" ind1=" " ind2=" ">
      <subfield code="a">bibJAT461916</subfield>
    </datafield>
    <datafield tag="040" ind1=" " ind2=" ">
      <subfield code="a">SZTE</subfield>
    </datafield>
    <datafield tag="041" ind1=" " ind2=" ">
      <subfield code="a">gerhun</subfield>
    </datafield>
    <datafield tag="100" ind1="1" ind2=" ">
      <subfield code="a">Babári Ernő</subfield>
    </datafield>
    <datafield tag="245" ind1="1" ind2="0">
      <subfield code="a">1000 Fragen - 1000 Antworten :</subfield>
      <subfield code="b">társalgási gyakorlatok a német "A" típusú nyelvvizsgákra /</subfield>
      <subfield code="c">Babári Ernő, Babári Ernőné</subfield>
    </datafield>
    <datafield tag="260" ind1=" " ind2=" ">
      <subfield code="a">Székesfehérvár :</subfield>
      <subfield code="b">Lexika,</subfield>
      <subfield code="c">2001</subfield>
    </datafield>
    <datafield tag="300" ind1=" " ind2=" ">
      <subfield code="a">237 p. ;</subfield>
      <subfield code="c">20 cm</subfield>
    </datafield>
    <datafield tag="650" ind1=" " ind2="7">
      <subfield code="a">Német nyelvkönyv</subfield>
      <subfield code="x">középfokú</subfield>
      <subfield code="x">társalgási gyakorlatok</subfield>
      <subfield code="2">szte</subfield>
    </datafield>
    <datafield tag="650" ind1=" " ind2="7">
      <subfield code="a">Nyelvvizsga</subfield>
      <subfield code="x">német</subfield>
      <subfield code="x">középfokú</subfield>
      <subfield code="x">társalgási gyakorlatok</subfield>
      <subfield code="2">szte</subfield>
    </datafield>
    <datafield tag="700" ind1="1" ind2=" ">
      <subfield code="a">Babári Ernőné</subfield>
    </datafield>
    <datafield tag="852" ind1=" " ind2=" ">
      <subfield code="a">SZ1</subfield>
      <subfield code="b">SZ1/133</subfield>
      <subfield code="b">SZ1/B3</subfield>
      <subfield code="x">bibJAT461916</subfield>
    </datafield>
  </record>
  <record>
    <leader>01289nam  2200349 i 4500</leader>
    <controlfield tag="001">MOKKAS0003847136  </controlfield>
    <controlfield tag="005">20100603092342.0</controlfield>
    <controlfield tag="008">971006s2005    hu            00000 hun e</controlfield>
    <datafield tag="020" ind1=" " ind2=" ">
      <subfield code="a">963 9357 51 0</subfield>
    </datafield>
    <datafield tag="035" ind1=" " ind2=" ">
      <subfield code="a">bibSOK357742</subfield>
    </datafield>
    <datafield tag="040" ind1=" " ind2=" ">
      <subfield code="a">SZTE</subfield>
    </datafield>
    <datafield tag="041" ind1=" " ind2=" ">
      <subfield code="a">gerhun</subfield>
    </datafield>
    <datafield tag="080" ind1=" " ind2=" ">
      <subfield code="a">803.0(079.1)</subfield>
    </datafield>
    <datafield tag="080" ind1=" " ind2=" ">
      <subfield code="a">803.0=945.11(079.1)</subfield>
    </datafield>
    <datafield tag="100" ind1="1" ind2=" ">
      <subfield code="a">Babári Ernő</subfield>
    </datafield>
    <datafield tag="245" ind1="1" ind2="0">
      <subfield code="a">1000 Fragen - 1000 Antworten :</subfield>
      <subfield code="b">német felsőfok : [társalgási gyakorlatok a német felsőfokú nyelvvizsgákra és emelt szintű szóbeli érettségire] /</subfield>
      <subfield code="c">Babári Ernő, Babári Ernőné</subfield>
    </datafield>
    <datafield tag="246" ind1="1" ind2="8">
      <subfield code="a">1000 kérdés 1000 felelet</subfield>
    </datafield>
    <datafield tag="260" ind1=" " ind2=" ">
      <subfield code="a">Székesfehérvár :</subfield>
      <subfield code="b">Lexika,</subfield>
      <subfield code="c">2005</subfield>
    </datafield>
    <datafield tag="300" ind1=" " ind2=" ">
      <subfield code="a">331 p. ;</subfield>
      <subfield code="c">21 cm</subfield>
    </datafield>
    <datafield tag="650" ind1=" " ind2="7">
      <subfield code="a">Német nyelvkönyv</subfield>
      <subfield code="x">haladó</subfield>
      <subfield code="x">gyakorlatok</subfield>
      <subfield code="2">szte</subfield>
    </datafield>
    <datafield tag="650" ind1=" " ind2="7">
      <subfield code="a">Érettségi vizsgaanyag</subfield>
      <subfield code="x">német</subfield>
      <subfield code="2">szte</subfield>
    </datafield>
    <datafield tag="650" ind1=" " ind2="7">
      <subfield code="a">Nyelvvizsga</subfield>
      <subfield code="x">német</subfield>
      <subfield code="x">felsőfokú</subfield>
      <subfield code="x">gyakorlatok</subfield>
      <subfield code="2">szte</subfield>
    </datafield>
    <datafield tag="650" ind1=" " ind2="7">
      <subfield code="a">Német nyelvkönyv</subfield>
      <subfield code="x">társalgási gyakorlatok</subfield>
      <subfield code="2">szte</subfield>
    </datafield>
    <datafield tag="650" ind1=" " ind2="4">
      <subfield code="a">német nyelv</subfield>
    </datafield>
    <datafield tag="650" ind1=" " ind2="4">
      <subfield code="a">nyelvkönyvek</subfield>
    </datafield>
    <datafield tag="650" ind1=" " ind2="4">
      <subfield code="a">érettségi feladatok</subfield>
    </datafield>
    <datafield tag="695" ind1=" " ind2=" ">
      <subfield code="a">Német nyelvkönyv, feladatok</subfield>
    </datafield>
    <datafield tag="700" ind1="1" ind2=" ">
      <subfield code="a">Babári Ernőné</subfield>
    </datafield>
    <datafield tag="852" ind1=" " ind2=" ">
      <subfield code="a">SZ1</subfield>
      <subfield code="b">SZ1</subfield>
      <subfield code="b">SZ1/B3</subfield>
      <subfield code="x">bibSOK357742</subfield>
    </datafield>
    <datafield tag="852" ind1=" " ind2=" ">
      <subfield code="a">SZ4</subfield>
      <subfield code="b">SZ4</subfield>
      <subfield code="x">bibSOK357742</subfield>
    </datafield>
    <datafield tag="852" ind1=" " ind2=" ">
      <subfield code="a">P1</subfield>
      <subfield code="b">P1/SZ</subfield>
      <subfield code="b">P1/BFR</subfield>
      <subfield code="b">P1/2S</subfield>
      <subfield code="b">P1/2T</subfield>
      <subfield code="x">bibPTE00513648</subfield>
    </datafield>
    <datafield tag="852" ind1=" " ind2=" ">
      <subfield code="a">M2</subfield>
      <subfield code="b">M2</subfield>
      <subfield code="x">MOKKAS0003847136</subfield>
    </datafield>
  </record>
  <record>
    <leader>00946nam  2200253 i 4500</leader>
    <controlfield tag="001">MOKKAS0003847148  </controlfield>
    <controlfield tag="005">20060616095600.0</controlfield>
    <controlfield tag="008">021002s2004    hu       b    000   ger d</controlfield>
    <datafield tag="020" ind1=" " ind2=" ">
      <subfield code="a">963 9357 46 4</subfield>
    </datafield>
    <datafield tag="035" ind1=" " ind2=" ">
      <subfield code="a">bibFSZ1093096</subfield>
    </datafield>
    <datafield tag="040" ind1=" " ind2=" ">
      <subfield code="a">SZTE</subfield>
    </datafield>
    <datafield tag="041" ind1=" " ind2=" ">
      <subfield code="a">gerhun</subfield>
    </datafield>
    <datafield tag="100" ind1="1" ind2=" ">
      <subfield code="a">Viczena Andrea</subfield>
    </datafield>
    <datafield tag="240" ind1="1" ind2="0">
      <subfield code="a">1000 questions, 1000 answers</subfield>
      <subfield code="l">(német)</subfield>
    </datafield>
    <datafield tag="245" ind1="1" ind2="0">
      <subfield code="a">1000 Fragen - 1000 Antworten :</subfield>
      <subfield code="b">Wirtschaftsdeutsch : [társalgási gyakorlatok a német üzleti középfokú nyelvvizsgákra] /</subfield>
      <subfield code="c">[szerzők:] Viczena Andrea, Szőke Andrea, Molnár Judit ; [ford., adapt.] Rudolf Radenhausen</subfield>
    </datafield>
    <datafield tag="260" ind1=" " ind2=" ">
      <subfield code="a">Székesfehérvár :</subfield>
      <subfield code="b">Lexika,</subfield>
      <subfield code="c">2004</subfield>
    </datafield>
    <datafield tag="300" ind1=" " ind2=" ">
      <subfield code="a">279 p. ;</subfield>
      <subfield code="c">20 cm</subfield>
    </datafield>
    <datafield tag="504" ind1=" " ind2=" ">
      <subfield code="a">Bibliogr.: p. 279.</subfield>
    </datafield>
    <datafield tag="650" ind1=" " ind2="7">
      <subfield code="a">Német nyelvkönyv</subfield>
      <subfield code="x">társalgási gyakorlatok</subfield>
      <subfield code="2">szte</subfield>
    </datafield>
    <datafield tag="650" ind1=" " ind2="7">
      <subfield code="a">Üzleti nyelv</subfield>
      <subfield code="x">német</subfield>
      <subfield code="x">gyakorlatok</subfield>
      <subfield code="2">szte</subfield>
    </datafield>
    <datafield tag="700" ind1="1" ind2=" ">
      <subfield code="a">Szőke Andrea</subfield>
    </datafield>
    <datafield tag="700" ind1="1" ind2=" ">
      <subfield code="a">Molnár Judit</subfield>
    </datafield>
    <datafield tag="700" ind1="1" ind2=" ">
      <subfield code="a">Radenhausen, Rudolf</subfield>
    </datafield>
    <datafield tag="852" ind1=" " ind2=" ">
      <subfield code="a">SZ1</subfield>
      <subfield code="b">SZ1</subfield>
      <subfield code="x">bibFSZ1093096</subfield>
    </datafield>
  </record>
  <record>
    <leader>00675nam  2200229 i 4500</leader>
    <controlfield tag="001">MOKKAS0003363997  </controlfield>
    <controlfield tag="005">20060605014450.0</controlfield>
    <controlfield tag="008">050101s2002                            d</controlfield>
    <datafield tag="020" ind1=" " ind2=" ">
      <subfield code="a">963-86130-9-2 (fűzött)</subfield>
    </datafield>
    <datafield tag="035" ind1=" " ind2=" ">
      <subfield code="a">610510</subfield>
    </datafield>
    <datafield tag="040" ind1=" " ind2=" ">
      <subfield code="a">KKMK</subfield>
    </datafield>
    <datafield tag="100" ind1="2" ind2=" ">
      <subfield code="a">Csernusné Tóth Annamária</subfield>
      <subfield code="c">(nyelvtanár)</subfield>
    </datafield>
    <datafield tag="245" ind1="1" ind2="0">
      <subfield code="a">1000 francia tesztkérdés /</subfield>
      <subfield code="c">Csernusné Tóth Annamária</subfield>
    </datafield>
    <datafield tag="260" ind1=" " ind2=" ">
      <subfield code="a">Szeged :</subfield>
      <subfield code="b">Maxim Könyvkiadó,</subfield>
      <subfield code="c">2002</subfield>
    </datafield>
    <datafield tag="300" ind1=" " ind2=" ">
      <subfield code="a">156 p. ;</subfield>
      <subfield code="c">21 cm</subfield>
    </datafield>
    <datafield tag="650" ind1=" " ind2="4">
      <subfield code="a">feladatgyűjtemény, példatár</subfield>
    </datafield>
    <datafield tag="650" ind1=" " ind2="4">
      <subfield code="a">francia nyelvkönyv</subfield>
    </datafield>
    <datafield tag="650" ind1=" " ind2="4">
      <subfield code="a">nyelvkönyv</subfield>
    </datafield>
    <datafield tag="650" ind1=" " ind2="4">
      <subfield code="a">francia nyelv</subfield>
    </datafield>
    <datafield tag="650" ind1=" " ind2="4">
      <subfield code="a">teszt</subfield>
    </datafield>
    <datafield tag="852" ind1=" " ind2=" ">
      <subfield code="a">GY1</subfield>
      <subfield code="b">GY1</subfield>
      <subfield code="x">610510</subfield>
    </datafield>
    <datafield tag="852" ind1=" " ind2=" ">
      <subfield code="a">GY1</subfield>
      <subfield code="b">GY1</subfield>
      <subfield code="x">KKMK610510</subfield>
    </datafield>
  </record>
  <record>
    <leader>01167fam  2200361 i 4500</leader>
    <controlfield tag="001">MOKKAZ0006462946  </controlfield>
    <controlfield tag="005">20091223224748.0</controlfield>
    <controlfield tag="008">030813s2003    hu            000 0 hun d</controlfield>
    <datafield tag="020" ind1=" " ind2=" ">
      <subfield code="a">963-86130-9-2 (fűzött) :</subfield>
      <subfield code="c">1050,- Ft</subfield>
    </datafield>
    <datafield tag="035" ind1=" " ind2=" ">
      <subfield code="a">1036733</subfield>
    </datafield>
    <datafield tag="040" ind1=" " ind2=" ">
      <subfield code="a">OSZK</subfield>
    </datafield>
    <datafield tag="041" ind1="0" ind2=" ">
      <subfield code="a">hunfrehun</subfield>
    </datafield>
    <datafield tag="080" ind1=" " ind2="0">
      <subfield code="a">804.0(079.1)=945.11</subfield>
    </datafield>
    <datafield tag="100" ind1="2" ind2=" ">
      <subfield code="a">Csernusné Tóth Annamária</subfield>
    </datafield>
    <datafield tag="245" ind1="1" ind2="0">
      <subfield code="a">1000 francia tesztkérdés /</subfield>
      <subfield code="c">[szerző Csernusné Tóth Annamária].</subfield>
    </datafield>
    <datafield tag="260" ind1=" " ind2=" ">
      <subfield code="a">Szeged :</subfield>
      <subfield code="b">Maxim,</subfield>
      <subfield code="c">2003</subfield>
      <subfield code="e">([Szeged]</subfield>
      <subfield code="f">Generál Print)</subfield>
    </datafield>
    <datafield tag="300" ind1=" " ind2=" ">
      <subfield code="a">156 p. ;</subfield>
      <subfield code="c">21 cm</subfield>
    </datafield>
    <datafield tag="650" ind1=" " ind2="4">
      <subfield code="a">francia nyelv</subfield>
    </datafield>
    <datafield tag="650" ind1=" " ind2="4">
      <subfield code="a">feladatgyűjtemények</subfield>
    </datafield>
    <datafield tag="650" ind1=" " ind2="7">
      <subfield code="a">Francia nyelvkönyv</subfield>
      <subfield code="x">középfokú</subfield>
      <subfield code="x">gyakorlatok</subfield>
      <subfield code="2">szte</subfield>
    </datafield>
    <datafield tag="650" ind1=" " ind2="7">
      <subfield code="a">Nyelvvizsga</subfield>
      <subfield code="x">francia</subfield>
      <subfield code="x">írásbeli</subfield>
      <subfield code="x">gyakorlatok</subfield>
      <subfield code="2">szte</subfield>
    </datafield>
    <datafield tag="650" ind1=" " ind2="7">
      <subfield code="a">Nyelvi tesztek</subfield>
      <subfield code="x">francia</subfield>
      <subfield code="2">szte</subfield>
    </datafield>
    <datafield tag="650" ind1=" " ind2="4">
      <subfield code="a">francia</subfield>
    </datafield>
    <datafield tag="650" ind1=" " ind2="4">
      <subfield code="a">nyelv</subfield>
    </datafield>
    <datafield tag="650" ind1=" " ind2="4">
      <subfield code="a">nyelvtanulás</subfield>
    </datafield>
    <datafield tag="650" ind1=" " ind2="4">
      <subfield code="a">nyelvvizsga</subfield>
    </datafield>
    <datafield tag="852" ind1=" " ind2=" ">
      <subfield code="a">B1</subfield>
      <subfield code="b">B1</subfield>
      <subfield code="x">1036733</subfield>
    </datafield>
    <datafield tag="852" ind1=" " ind2=" ">
      <subfield code="a">B10</subfield>
      <subfield code="B">0502</subfield>
      <subfield code="B">0702</subfield>
      <subfield code="b">0703</subfield>
      <subfield code="x">bibFSZ846035</subfield>
    </datafield>
    <datafield tag="852" ind1=" " ind2=" ">
      <subfield code="a">B11</subfield>
      <subfield code="b">B11</subfield>
      <subfield code="x">BMEOMIKK000445060</subfield>
    </datafield>
    <datafield tag="852" ind1=" " ind2=" ">
      <subfield code="a">P1</subfield>
      <subfield code="b">P1/SZ</subfield>
      <subfield code="x">bibFSZ846035</subfield>
    </datafield>
    <datafield tag="852" ind1=" " ind2=" ">
      <subfield code="a">M2</subfield>
      <subfield code="b">M2</subfield>
      <subfield code="x">bibRFK00143811</subfield>
    </datafield>
    <datafield tag="852" ind1=" " ind2=" ">
      <subfield code="a">SZ4</subfield>
      <subfield code="b">SZ4/K2</subfield>
      <subfield code="x">bibFSZ846035</subfield>
    </datafield>
    <datafield tag="852" ind1=" " ind2=" ">
      <subfield code="a">B653</subfield>
      <subfield code="x">bibFSZ846035</subfield>
    </datafield>
  </record>
  <record>
    <leader>00911nam  2200277 i 4500</leader>
    <controlfield tag="001">MOKKAS0002081102  </controlfield>
    <controlfield tag="005">20060407183446.0</controlfield>
    <controlfield tag="008">050304s2004    hu            000 0 hun d</controlfield>
    <datafield tag="020" ind1=" " ind2=" ">
      <subfield code="a">963-86130-9-2 (fűzött)</subfield>
    </datafield>
    <datafield tag="035" ind1=" " ind2=" ">
      <subfield code="a">2549955</subfield>
    </datafield>
    <datafield tag="040" ind1=" " ind2=" ">
      <subfield code="a">OSZK</subfield>
    </datafield>
    <datafield tag="041" ind1="0" ind2=" ">
      <subfield code="a">hunfrehun</subfield>
    </datafield>
    <datafield tag="100" ind1="2" ind2=" ">
      <subfield code="a">Csernusné Tóth Annamária</subfield>
    </datafield>
    <datafield tag="245" ind1="1" ind2="0">
      <subfield code="a">1000 francia tesztkérdés /</subfield>
      <subfield code="c">[szerző Csernusné Tóth Annamária].</subfield>
    </datafield>
    <datafield tag="260" ind1=" " ind2=" ">
      <subfield code="a">Szeged :</subfield>
      <subfield code="b">Maxim,</subfield>
      <subfield code="c">2004</subfield>
    </datafield>
    <datafield tag="300" ind1=" " ind2=" ">
      <subfield code="a">156 p. ;</subfield>
      <subfield code="c">21 cm</subfield>
    </datafield>
    <datafield tag="650" ind1="1" ind2="7">
      <subfield code="a">francia nyelv</subfield>
      <subfield code="2">oszk</subfield>
    </datafield>
    <datafield tag="650" ind1="1" ind2="7">
      <subfield code="a">nyelvvizsga</subfield>
      <subfield code="2">oszk</subfield>
    </datafield>
    <datafield tag="650" ind1=" " ind2="4">
      <subfield code="a">Francia nyelvkönyvek</subfield>
    </datafield>
    <datafield tag="650" ind1=" " ind2="4">
      <subfield code="a">Vizsgák. A vizsgáztatás rendszere és módjai</subfield>
    </datafield>
    <datafield tag="650" ind1=" " ind2="7">
      <subfield code="a">Francia nyelvkönyv</subfield>
      <subfield code="x">középfokú</subfield>
      <subfield code="x">gyakorlatok</subfield>
      <subfield code="2">szte</subfield>
    </datafield>
    <datafield tag="650" ind1=" " ind2="7">
      <subfield code="a">Nyelvvizsga</subfield>
      <subfield code="x">francia</subfield>
      <subfield code="x">írásbeli</subfield>
      <subfield code="x">gyakorlatok</subfield>
      <subfield code="2">szte</subfield>
    </datafield>
    <datafield tag="650" ind1=" " ind2="7">
      <subfield code="a">Nyelvi tesztek</subfield>
      <subfield code="x">francia</subfield>
      <subfield code="2">szte</subfield>
    </datafield>
    <datafield tag="852" ind1=" " ind2=" ">
      <subfield code="a">B1</subfield>
      <subfield code="b">B1</subfield>
      <subfield code="x">2549955</subfield>
    </datafield>
    <datafield tag="852" ind1=" " ind2=" ">
      <subfield code="a">B14</subfield>
      <subfield code="b">B14</subfield>
      <subfield code="x">840039</subfield>
    </datafield>
    <datafield tag="852" ind1=" " ind2=" ">
      <subfield code="a">SZ4</subfield>
      <subfield code="b">SZ4</subfield>
      <subfield code="x">bibSOK327591</subfield>
    </datafield>
  </record>
  <record>
    <leader>00553nam  2200193 i 4500</leader>
    <controlfield tag="001">MOKKAS0002086270  </controlfield>
    <controlfield tag="005">20060407194126.0</controlfield>
    <controlfield tag="008">051018s2005    hu            000 0 hun d</controlfield>
    <datafield tag="020" ind1=" " ind2=" ">
      <subfield code="a">963-86130-9-2 (fűzött)</subfield>
    </datafield>
    <datafield tag="035" ind1=" " ind2=" ">
      <subfield code="a">2581004</subfield>
    </datafield>
    <datafield tag="040" ind1=" " ind2=" ">
      <subfield code="a">OSZK</subfield>
    </datafield>
    <datafield tag="041" ind1="0" ind2=" ">
      <subfield code="a">hunfrehun</subfield>
    </datafield>
    <datafield tag="100" ind1="2" ind2=" ">
      <subfield code="a">Csernusné Tóth Annamária</subfield>
    </datafield>
    <datafield tag="245" ind1="1" ind2="0">
      <subfield code="a">1000 francia tesztkérdés /</subfield>
      <subfield code="c">[szerző Csernusné Tóth Annamária].</subfield>
    </datafield>
    <datafield tag="260" ind1=" " ind2=" ">
      <subfield code="a">Szeged :</subfield>
      <subfield code="b">Maxim,</subfield>
      <subfield code="c">2005</subfield>
    </datafield>
    <datafield tag="300" ind1=" " ind2=" ">
      <subfield code="a">156 p. ;</subfield>
      <subfield code="c">21 cm</subfield>
    </datafield>
    <datafield tag="650" ind1="1" ind2="7">
      <subfield code="a">francia nyelv</subfield>
      <subfield code="2">oszk</subfield>
    </datafield>
    <datafield tag="650" ind1="1" ind2="7">
      <subfield code="a">nyelvvizsga</subfield>
      <subfield code="2">oszk</subfield>
    </datafield>
    <datafield tag="852" ind1=" " ind2=" ">
      <subfield code="a">B1</subfield>
      <subfield code="b">B1</subfield>
      <subfield code="x">2581004</subfield>
    </datafield>
  </record>
  <record>
    <leader>00666nam  2200205 i 4500</leader>
    <controlfield tag="001">MOKKAS0002390312  </controlfield>
    <controlfield tag="005">20060527165201.0</controlfield>
    <controlfield tag="008">050804s2005    hu            00010 hun d</controlfield>
    <datafield tag="020" ind1=" " ind2=" ">
      <subfield code="z">963 86130 9 2</subfield>
    </datafield>
    <datafield tag="035" ind1=" " ind2=" ">
      <subfield code="a">bibSOK359716</subfield>
    </datafield>
    <datafield tag="040" ind1=" " ind2=" ">
      <subfield code="a">SK</subfield>
    </datafield>
    <datafield tag="041" ind1=" " ind2=" ">
      <subfield code="a">hunfre</subfield>
    </datafield>
    <datafield tag="100" ind1="2" ind2=" ">
      <subfield code="a">Csernusné Tóth Annamária</subfield>
    </datafield>
    <datafield tag="245" ind1="1" ind2="0">
      <subfield code="a">1000 francia tesztkérdés /</subfield>
      <subfield code="c">[szerző Csernusné Tóth Annamária]</subfield>
    </datafield>
    <datafield tag="260" ind1=" " ind2=" ">
      <subfield code="a">Szeged :</subfield>
      <subfield code="b">Maxim,</subfield>
      <subfield code="c">2005</subfield>
    </datafield>
    <datafield tag="300" ind1=" " ind2=" ">
      <subfield code="a">156, [1] p. ;</subfield>
      <subfield code="c">21 cm</subfield>
    </datafield>
    <datafield tag="650" ind1=" " ind2="7">
      <subfield code="a">Francia nyelvkönyv</subfield>
      <subfield code="x">középfokú</subfield>
      <subfield code="x">gyakorlatok</subfield>
      <subfield code="2">szte</subfield>
    </datafield>
    <datafield tag="650" ind1=" " ind2="7">
      <subfield code="a">Nyelvi tesztek</subfield>
      <subfield code="x">francia</subfield>
      <subfield code="2">szte</subfield>
    </datafield>
    <datafield tag="650" ind1=" " ind2="7">
      <subfield code="a">Nyelvvizsga</subfield>
      <subfield code="x">francia</subfield>
      <subfield code="x">írásbeli</subfield>
      <subfield code="x">gyakorlatok</subfield>
      <subfield code="2">szte</subfield>
    </datafield>
    <datafield tag="852" ind1=" " ind2=" ">
      <subfield code="a">SZ4</subfield>
      <subfield code="b">SZ4</subfield>
      <subfield code="x">bibSOK359716</subfield>
    </datafield>
  </record>
  <record>
    <leader>00748nam  2200241 i 4500</leader>
    <controlfield tag="001">MOKKAN0004044231  </controlfield>
    <controlfield tag="005">20091110043314.0</controlfield>
    <controlfield tag="008">061214s2006    hu            00010 hun d</controlfield>
    <datafield tag="020" ind1=" " ind2=" ">
      <subfield code="a">963 86130 9 2 (fűzött)</subfield>
    </datafield>
    <datafield tag="035" ind1=" " ind2=" ">
      <subfield code="a">bibDEK00613649</subfield>
    </datafield>
    <datafield tag="040" ind1=" " ind2=" ">
      <subfield code="a">DEENK</subfield>
    </datafield>
    <datafield tag="041" ind1="0" ind2=" ">
      <subfield code="a">hunfre</subfield>
    </datafield>
    <datafield tag="100" ind1="2" ind2=" ">
      <subfield code="a">Csernusné Tóth Annamária</subfield>
    </datafield>
    <datafield tag="245" ind1="1" ind2="0">
      <subfield code="a">1000 francia tesztkérdés /</subfield>
      <subfield code="c">Csernusné Tóth Annamária</subfield>
    </datafield>
    <datafield tag="260" ind1=" " ind2=" ">
      <subfield code="a">Szeged :</subfield>
      <subfield code="b">Maxim,</subfield>
      <subfield code="c">2006</subfield>
    </datafield>
    <datafield tag="300" ind1=" " ind2=" ">
      <subfield code="a">156 p. ;</subfield>
      <subfield code="c">21 cm</subfield>
    </datafield>
    <datafield tag="650" ind1=" " ind2="4">
      <subfield code="a">Francia nyelv</subfield>
      <subfield code="x">vizsgák, kérdések stb.</subfield>
    </datafield>
    <datafield tag="650" ind1=" " ind2="0">
      <subfield code="a">French language</subfield>
      <subfield code="x">Examinations, questions, etc.</subfield>
    </datafield>
    <datafield tag="650" ind1=" " ind2="7">
      <subfield code="a">tesztgyűjtemény</subfield>
      <subfield code="2">opkm</subfield>
    </datafield>
    <datafield tag="650" ind1=" " ind2="7">
      <subfield code="a">francia nyelv</subfield>
      <subfield code="2">opkm</subfield>
    </datafield>
    <datafield tag="650" ind1=" " ind2="7">
      <subfield code="a">nyelvkönyv</subfield>
      <subfield code="2">opkm</subfield>
    </datafield>
    <datafield tag="852" ind1=" " ind2=" ">
      <subfield code="a">D1</subfield>
      <subfield code="b">D1/NY</subfield>
      <subfield code="x">bibDEK00613649</subfield>
    </datafield>
    <datafield tag="852" ind1=" " ind2=" ">
      <subfield code="a">B7</subfield>
      <subfield code="b">B7</subfield>
      <subfield code="x">254018</subfield>
    </datafield>
  </record>
  <record>
    <leader>00693nam  2200205 i 4500</leader>
    <controlfield tag="001">MOKKAN0004200821  </controlfield>
    <controlfield tag="005">20070329190134.0</controlfield>
    <controlfield tag="008">070329s2006    hu            00010 hun d</controlfield>
    <datafield tag="020" ind1=" " ind2=" ">
      <subfield code="a">(Fűzött)</subfield>
      <subfield code="z">963 86130 9 2</subfield>
    </datafield>
    <datafield tag="035" ind1=" " ind2=" ">
      <subfield code="a">bibSOK00412366</subfield>
    </datafield>
    <datafield tag="040" ind1=" " ind2=" ">
      <subfield code="a">SK</subfield>
    </datafield>
    <datafield tag="041" ind1=" " ind2=" ">
      <subfield code="a">hunfre</subfield>
    </datafield>
    <datafield tag="100" ind1="2" ind2=" ">
      <subfield code="a">Csernusné Tóth Annamária</subfield>
    </datafield>
    <datafield tag="245" ind1="1" ind2="0">
      <subfield code="a">1000 francia tesztkérdés /</subfield>
      <subfield code="c">[szerző Csernusné Tóth Annamária]</subfield>
    </datafield>
    <datafield tag="260" ind1=" " ind2=" ">
      <subfield code="a">Szeged :</subfield>
      <subfield code="b">Maxim,</subfield>
      <subfield code="c">2006</subfield>
    </datafield>
    <datafield tag="300" ind1=" " ind2=" ">
      <subfield code="a">156, [1] p. :</subfield>
      <subfield code="b">ill. ;</subfield>
      <subfield code="c">21 cm</subfield>
    </datafield>
    <datafield tag="650" ind1=" " ind2="7">
      <subfield code="a">Francia nyelvkönyv</subfield>
      <subfield code="x">középfokú</subfield>
      <subfield code="x">gyakorlatok</subfield>
      <subfield code="2">szte</subfield>
    </datafield>
    <datafield tag="650" ind1=" " ind2="7">
      <subfield code="a">Nyelvi tesztek</subfield>
      <subfield code="x">francia</subfield>
      <subfield code="2">szte</subfield>
    </datafield>
    <datafield tag="650" ind1=" " ind2="7">
      <subfield code="a">Nyelvvizsga</subfield>
      <subfield code="x">francia</subfield>
      <subfield code="x">írásbeli</subfield>
      <subfield code="x">gyakorlatok</subfield>
      <subfield code="2">szte</subfield>
    </datafield>
    <datafield tag="852" ind1=" " ind2=" ">
      <subfield code="a">SZ4</subfield>
      <subfield code="b">SZ4/K2</subfield>
      <subfield code="x">bibSOK00412366</subfield>
    </datafield>
  </record>
  <record>
    <leader>00676nam  2200205 i 4500</leader>
    <controlfield tag="001">MOKKAZ0004140484  </controlfield>
    <controlfield tag="005">20070124204839.0</controlfield>
    <controlfield tag="008">      s2004    hu            00010 hun d</controlfield>
    <datafield tag="020" ind1=" " ind2=" ">
      <subfield code="a">963 86130 9 2 (fűzött)</subfield>
    </datafield>
    <datafield tag="035" ind1=" " ind2=" ">
      <subfield code="a">bibJAT458008</subfield>
    </datafield>
    <datafield tag="040" ind1=" " ind2=" ">
      <subfield code="a">SZTE</subfield>
    </datafield>
    <datafield tag="041" ind1=" " ind2=" ">
      <subfield code="a">hunfre</subfield>
    </datafield>
    <datafield tag="100" ind1="1" ind2=" ">
      <subfield code="a">Tóth Annamária, Csernusné</subfield>
    </datafield>
    <datafield tag="245" ind1="1" ind2="0">
      <subfield code="a">1000 francia tesztkérdés /</subfield>
      <subfield code="c">Csernusné Tóth Annamária</subfield>
    </datafield>
    <datafield tag="260" ind1=" " ind2=" ">
      <subfield code="a">Szeged :</subfield>
      <subfield code="b">Maxim,</subfield>
      <subfield code="c">2004</subfield>
    </datafield>
    <datafield tag="300" ind1=" " ind2=" ">
      <subfield code="a">156 p. ;</subfield>
      <subfield code="c">21 cm</subfield>
    </datafield>
    <datafield tag="650" ind1=" " ind2="7">
      <subfield code="a">Francia nyelvkönyv</subfield>
      <subfield code="x">középfokú</subfield>
      <subfield code="x">gyakorlatok</subfield>
      <subfield code="2">szte</subfield>
    </datafield>
    <datafield tag="650" ind1=" " ind2="7">
      <subfield code="a">Nyelvvizsga</subfield>
      <subfield code="x">francia</subfield>
      <subfield code="x">írásbeli</subfield>
      <subfield code="x">gyakorlatok</subfield>
      <subfield code="2">szte</subfield>
    </datafield>
    <datafield tag="650" ind1=" " ind2="7">
      <subfield code="a">Nyelvi tesztek</subfield>
      <subfield code="x">francia</subfield>
      <subfield code="2">szte</subfield>
    </datafield>
    <datafield tag="852" ind1=" " ind2=" ">
      <subfield code="a">SZ1</subfield>
      <subfield code="b">SZ1/B3</subfield>
      <subfield code="b">SZ1/R2</subfield>
      <subfield code="x">bibJAT458008</subfield>
    </datafield>
  </record>
  <record>
    <leader>00669nam  2200205 i 4500</leader>
    <controlfield tag="001">MOKKAN0004078561  </controlfield>
    <controlfield tag="005">20070202085222.0</controlfield>
    <controlfield tag="008">070202s2005    hu            00010 hun d</controlfield>
    <datafield tag="020" ind1=" " ind2=" ">
      <subfield code="a">963 86130 9 2 (fűzött)</subfield>
    </datafield>
    <datafield tag="035" ind1=" " ind2=" ">
      <subfield code="a">bibJAT00701682</subfield>
    </datafield>
    <datafield tag="040" ind1=" " ind2=" ">
      <subfield code="a">SZTE</subfield>
    </datafield>
    <datafield tag="041" ind1=" " ind2=" ">
      <subfield code="a">hunfre</subfield>
    </datafield>
    <datafield tag="100" ind1="1" ind2=" ">
      <subfield code="a">Tóth Annamária, Csernusné</subfield>
    </datafield>
    <datafield tag="245" ind1="1" ind2="0">
      <subfield code="a">1000 francia tesztkérdés /</subfield>
      <subfield code="c">Csernusné Tóth Annamária</subfield>
    </datafield>
    <datafield tag="260" ind1=" " ind2=" ">
      <subfield code="a">Szeged :</subfield>
      <subfield code="b">Maxim,</subfield>
      <subfield code="c">2005</subfield>
    </datafield>
    <datafield tag="300" ind1=" " ind2=" ">
      <subfield code="a">156 p. ;</subfield>
      <subfield code="c">21 cm</subfield>
    </datafield>
    <datafield tag="650" ind1=" " ind2="7">
      <subfield code="a">Francia nyelvkönyv</subfield>
      <subfield code="x">középfokú</subfield>
      <subfield code="x">gyakorlatok</subfield>
      <subfield code="2">szte</subfield>
    </datafield>
    <datafield tag="650" ind1=" " ind2="7">
      <subfield code="a">Nyelvvizsga</subfield>
      <subfield code="x">francia</subfield>
      <subfield code="x">írásbeli</subfield>
      <subfield code="x">gyakorlatok</subfield>
      <subfield code="2">szte</subfield>
    </datafield>
    <datafield tag="650" ind1=" " ind2="7">
      <subfield code="a">Nyelvi tesztek</subfield>
      <subfield code="x">francia</subfield>
      <subfield code="2">szte</subfield>
    </datafield>
    <datafield tag="852" ind1=" " ind2=" ">
      <subfield code="a">SZ1</subfield>
      <subfield code="b">SZ1</subfield>
      <subfield code="x">bibJAT00701682</subfield>
    </datafield>
  </record>
  <record>
    <leader>00983nmm  2200289   4500</leader>
    <controlfield tag="001">MOKKAZ0004758549  </controlfield>
    <controlfield tag="005">20070404200139.0</controlfield>
    <controlfield tag="006">m                 </controlfield>
    <controlfield tag="008">021122s2002                        ger d</controlfield>
    <datafield tag="020" ind1=" " ind2=" ">
      <subfield code="a">3-932544-93-5</subfield>
    </datafield>
    <datafield tag="035" ind1=" " ind2=" ">
      <subfield code="a">bibFSZ997361</subfield>
    </datafield>
    <datafield tag="040" ind1=" " ind2=" ">
      <subfield code="a">FSZEK</subfield>
    </datafield>
    <datafield tag="245" ind1="0" ind2="0">
      <subfield code="a">1000 Gedichte, die jeder haben muss</subfield>
      <subfield code="h">[Elektronikus dokumentum] :</subfield>
      <subfield code="b">Digitale Bibliothek Sonderband</subfield>
    </datafield>
    <datafield tag="256" ind1=" " ind2=" ">
      <subfield code="a">Szöveges adatbázis</subfield>
    </datafield>
    <datafield tag="260" ind1=" " ind2=" ">
      <subfield code="a">Berlin :</subfield>
      <subfield code="b">Directmedia Publishing GmbH,</subfield>
      <subfield code="c">cop. 2002</subfield>
    </datafield>
    <datafield tag="300" ind1=" " ind2=" ">
      <subfield code="a">1 CD-ROM ;</subfield>
      <subfield code="c">12 cm</subfield>
    </datafield>
    <datafield tag="490" ind1="1" ind2=" ">
      <subfield code="a">(Wissen kompakt : klicken, staunen, wissen!)</subfield>
    </datafield>
    <datafield tag="538" ind1=" " ind2=" ">
      <subfield code="a">Működési követelmények: IBM PC 486; 16 MB RAM; CD-ROM olvasó; grafikuskártya (640x480, 256 szín); Windows 95/98/ME/NT/2000/XP</subfield>
    </datafield>
    <datafield tag="695" ind1=" " ind2="1">
      <subfield code="a">német irodalom</subfield>
    </datafield>
    <datafield tag="695" ind1=" " ind2="1">
      <subfield code="a">antológia</subfield>
    </datafield>
    <datafield tag="695" ind1=" " ind2="1">
      <subfield code="a">versek</subfield>
    </datafield>
    <datafield tag="695" ind1=" " ind2="1">
      <subfield code="a">lírai költemények</subfield>
    </datafield>
    <datafield tag="695" ind1=" " ind2="1">
      <subfield code="a">életrajz</subfield>
    </datafield>
    <datafield tag="695" ind1=" " ind2="1">
      <subfield code="a">vers</subfield>
    </datafield>
    <datafield tag="695" ind1=" " ind2="1">
      <subfield code="a">lírai költemény</subfield>
    </datafield>
    <datafield tag="830" ind1=" " ind2="0">
      <subfield code="a">Wissen kompakt</subfield>
    </datafield>
    <datafield tag="852" ind1=" " ind2=" ">
      <subfield code="a">B10</subfield>
      <subfield code="b">B10</subfield>
      <subfield code="x">bibFSZ997361</subfield>
    </datafield>
  </record>
  <record>
    <leader>00484nama 22001571i 4500</leader>
    <controlfield tag="001">MOKKAS0000717735  </controlfield>
    <controlfield tag="005">20060616220445.0</controlfield>
    <controlfield tag="008">041105s1981    bg            000 0 bulod</controlfield>
    <datafield tag="035" ind1=" " ind2=" ">
      <subfield code="a">1476806</subfield>
    </datafield>
    <datafield tag="040" ind1=" " ind2=" ">
      <subfield code="a">OSZK</subfield>
    </datafield>
    <datafield tag="041" ind1="0" ind2=" ">
      <subfield code="a">bulbul</subfield>
    </datafield>
    <datafield tag="100" ind1="1" ind2=" ">
      <subfield code="a">Džurova, Aksiniâ</subfield>
    </datafield>
    <datafield tag="245" ind1="1" ind2="0">
      <subfield code="a">1000 godini bålgarska råkopisna kniga : </subfield>
      <subfield code="b">ornament i miniatûra /</subfield>
      <subfield code="c">Aksiniâ Džurova</subfield>
    </datafield>
    <datafield tag="260" ind1=" " ind2=" ">
      <subfield code="a">Sofiâ :</subfield>
      <subfield code="b">Izd. Septemvri,</subfield>
      <subfield code="c">1981</subfield>
    </datafield>
    <datafield tag="300" ind1=" " ind2=" ">
      <subfield code="a">142 p., 132 t., 35 fol., 1 térk. ;</subfield>
      <subfield code="c">34 cm</subfield>
    </datafield>
    <datafield tag="852" ind1=" " ind2=" ">
      <subfield code="a">B1</subfield>
      <subfield code="b">B1</subfield>
      <subfield code="x">1476806</subfield>
    </datafield>
  </record>
  <record>
    <leader>00402nam  2200157 i 4500</leader>
    <controlfield tag="001">MOKKAS0003539570  </controlfield>
    <controlfield tag="005">20060606050838.0</controlfield>
    <controlfield tag="008">050714s1981                            d</controlfield>
    <datafield tag="035" ind1=" " ind2=" ">
      <subfield code="a">655880</subfield>
    </datafield>
    <datafield tag="040" ind1=" " ind2=" ">
      <subfield code="a">OIK</subfield>
    </datafield>
    <datafield tag="100" ind1="1" ind2=" ">
      <subfield code="a">Džurova, Aksiniâ</subfield>
    </datafield>
    <datafield tag="245" ind1="1" ind2="0">
      <subfield code="a">1000 godini bălgarska răkopisna kniga</subfield>
    </datafield>
    <datafield tag="260" ind1=" " ind2=" ">
      <subfield code="a">Sofiâ :</subfield>
      <subfield code="b">Septemvri,</subfield>
      <subfield code="c">1981</subfield>
    </datafield>
    <datafield tag="300" ind1=" " ind2=" ">
      <subfield code="a">142 p.</subfield>
    </datafield>
    <datafield tag="500" ind1=" " ind2=" ">
      <subfield code="a">Cirill betűs</subfield>
    </datafield>
    <datafield tag="852" ind1=" " ind2=" ">
      <subfield code="a">B14</subfield>
      <subfield code="b">B14</subfield>
      <subfield code="x">655880</subfield>
    </datafield>
  </record>
  <record>
    <leader>00648nam  2200193 i 4500</leader>
    <controlfield tag="001">MOKKAS0003342139  </controlfield>
    <controlfield tag="005">20090929125912.0</controlfield>
    <controlfield tag="008">050101s1905                            d</controlfield>
    <datafield tag="035" ind1=" " ind2=" ">
      <subfield code="a">534005</subfield>
    </datafield>
    <datafield tag="040" ind1=" " ind2=" ">
      <subfield code="a">KKMK</subfield>
    </datafield>
    <datafield tag="080" ind1=" " ind2=" ">
      <subfield code="a">31(082)</subfield>
    </datafield>
    <datafield tag="100" ind1="1" ind2=" ">
      <subfield code="a">Littomericzky János</subfield>
    </datafield>
    <datafield tag="245" ind1="1" ind2="0">
      <subfield code="a">1000 gondolat a nevelés és tanítás köréből /</subfield>
      <subfield code="c">összeáll. Littomericzky János ; kiad. Győrvidéki Tanítóegyesület</subfield>
    </datafield>
    <datafield tag="260" ind1=" " ind2=" ">
      <subfield code="a">Győr :</subfield>
      <subfield code="b">Heckenast György Nyomda,</subfield>
      <subfield code="c">1905</subfield>
    </datafield>
    <datafield tag="300" ind1=" " ind2=" ">
      <subfield code="a">113 p. ;</subfield>
      <subfield code="c">23 cm</subfield>
    </datafield>
    <datafield tag="695" ind1=" " ind2=" ">
      <subfield code="a">neveléstörténet</subfield>
    </datafield>
    <datafield tag="710" ind1="2" ind2="0">
      <subfield code="a">Győrvidéki Tanítóegyesület (Győr)</subfield>
      <subfield code="4">kiad.</subfield>
    </datafield>
    <datafield tag="852" ind1=" " ind2=" ">
      <subfield code="a">GY1</subfield>
      <subfield code="b">GY1</subfield>
      <subfield code="x">534005</subfield>
    </datafield>
    <datafield tag="852" ind1=" " ind2=" ">
      <subfield code="a">S1</subfield>
      <subfield code="b">S48</subfield>
      <subfield code="x">MOKKAS0003342139</subfield>
    </datafield>
  </record>
  <record>
    <leader>00769nam  2200229 i 4500</leader>
    <controlfield tag="001">MOKKAN0004598300  </controlfield>
    <controlfield tag="005">20070503094346.0</controlfield>
    <controlfield tag="008">060821s2006                        hun d</controlfield>
    <datafield tag="020" ind1=" " ind2=" ">
      <subfield code="a">963-9534-41-2</subfield>
    </datafield>
    <datafield tag="035" ind1=" " ind2=" ">
      <subfield code="a">150540697</subfield>
    </datafield>
    <datafield tag="040" ind1=" " ind2=" ">
      <subfield code="a">BDK</subfield>
    </datafield>
    <datafield tag="041" ind1="0" ind2=" ">
      <subfield code="a">hun</subfield>
    </datafield>
    <datafield tag="240" ind1="1" ind2="0">
      <subfield code="a">1000 graphic elements</subfield>
      <subfield code="l">(magyar)</subfield>
    </datafield>
    <datafield tag="245" ind1="0" ind2="0">
      <subfield code="a">1000 grafikai ötlet : </subfield>
      <subfield code="b">nyitott szemmel a részletekre /</subfield>
      <subfield code="c">[... tervezte] Wilson Harvey ... ; [ford. ... Herhoff Katalin, Kovács Balázs]</subfield>
    </datafield>
    <datafield tag="260" ind1=" " ind2=" ">
      <subfield code="a">Budapest :</subfield>
      <subfield code="b">Scolar,</subfield>
      <subfield code="c">cop. 2006</subfield>
    </datafield>
    <datafield tag="300" ind1=" " ind2=" ">
      <subfield code="a">307, [13] p. :</subfield>
      <subfield code="b">ill., színes ;</subfield>
      <subfield code="c">24x24 cm</subfield>
    </datafield>
    <datafield tag="490" ind1="1" ind2=" ">
      <subfield code="a">Scolar design</subfield>
    </datafield>
    <datafield tag="500" ind1=" " ind2=" ">
      <subfield code="a">Fotóalbum</subfield>
    </datafield>
    <datafield tag="500" ind1=" " ind2=" ">
      <subfield code="a">A képaláírások angol nyelven</subfield>
    </datafield>
    <datafield tag="500" ind1=" " ind2=" ">
      <subfield code="a">A tartalomjegyzék angol nyelven is</subfield>
    </datafield>
    <datafield tag="830" ind1=" " ind2="0">
      <subfield code="a">Scolar design</subfield>
    </datafield>
    <datafield tag="852" ind1=" " ind2=" ">
      <subfield code="a">SZO1</subfield>
      <subfield code="b">SZO1</subfield>
      <subfield code="x">150540697</subfield>
    </datafield>
  </record>
  <record>
    <leader>00604nam  2200205 i 4500</leader>
    <controlfield tag="001">MOKKAW0005809391  </controlfield>
    <controlfield tag="005">20080419053259.0</controlfield>
    <controlfield tag="008">060727s2006    hu            000 0 hun d</controlfield>
    <datafield tag="020" ind1=" " ind2=" ">
      <subfield code="a">963-9534-41-2</subfield>
    </datafield>
    <datafield tag="035" ind1=" " ind2=" ">
      <subfield code="a">BMEOMIKK000474538</subfield>
    </datafield>
    <datafield tag="040" ind1=" " ind2=" ">
      <subfield code="a">BMEOMIKK</subfield>
    </datafield>
    <datafield tag="041" ind1="1" ind2=" ">
      <subfield code="a">hun</subfield>
      <subfield code="h">eng</subfield>
    </datafield>
    <datafield tag="100" ind1="1" ind2=" ">
      <subfield code="a">Harvey, Wilson</subfield>
    </datafield>
    <datafield tag="240" ind1="1" ind2="0">
      <subfield code="a">1000 graphic elements</subfield>
      <subfield code="l">(magyar)</subfield>
    </datafield>
    <datafield tag="245" ind1="1" ind2="0">
      <subfield code="a">1000 grafikai ötlet : </subfield>
      <subfield code="b">nyitott szemmel a részletekre /</subfield>
      <subfield code="c">Wilson Harvey</subfield>
    </datafield>
    <datafield tag="260" ind1=" " ind2=" ">
      <subfield code="a">Budapest :</subfield>
      <subfield code="b">Scolar,</subfield>
      <subfield code="c">cop. 2006</subfield>
    </datafield>
    <datafield tag="300" ind1=" " ind2=" ">
      <subfield code="a">307 p. ;</subfield>
      <subfield code="c">24 cm</subfield>
    </datafield>
    <datafield tag="490" ind1="1" ind2=" ">
      <subfield code="a">Scolar design</subfield>
    </datafield>
    <datafield tag="830" ind1=" " ind2="0">
      <subfield code="a">Scolar design</subfield>
    </datafield>
    <datafield tag="852" ind1=" " ind2=" ">
      <subfield code="a">B11</subfield>
      <subfield code="b">B11</subfield>
      <subfield code="x">BMEOMIKK000474538</subfield>
    </datafield>
  </record>
  <record>
    <leader>00995nam  2200265 i 4500</leader>
    <controlfield tag="001">MOKKAN0004075658  </controlfield>
    <controlfield tag="005">20090505174945.0</controlfield>
    <controlfield tag="008">060919c20062006hu ao         00100 hun d</controlfield>
    <datafield tag="020" ind1=" " ind2=" ">
      <subfield code="a">963-9534-41-2 (fűzött)</subfield>
    </datafield>
    <datafield tag="020" ind1=" " ind2=" ">
      <subfield code="a">963 9534 41 2</subfield>
    </datafield>
    <datafield tag="035" ind1=" " ind2=" ">
      <subfield code="a">000002625498</subfield>
    </datafield>
    <datafield tag="040" ind1=" " ind2=" ">
      <subfield code="a">DEENK</subfield>
    </datafield>
    <datafield tag="041" ind1="1" ind2=" ">
      <subfield code="a">hun</subfield>
      <subfield code="h">eng</subfield>
    </datafield>
    <datafield tag="130" ind1="0" ind2="0">
      <subfield code="a">1000 graphic elements</subfield>
      <subfield code="l">(magyar)</subfield>
    </datafield>
    <datafield tag="245" ind1="1" ind2="0">
      <subfield code="a">1000 grafikai ötlet :</subfield>
      <subfield code="b">nyitott szemmel a részletekre /</subfield>
      <subfield code="c">[a könyvet tervezte] Wilson Harvey, London ; [ford. ... Herhoff Katalin, Kovács Balázs]</subfield>
    </datafield>
    <datafield tag="260" ind1=" " ind2=" ">
      <subfield code="a">Budapest :</subfield>
      <subfield code="b">Scolar,</subfield>
      <subfield code="c">2006, cop. 2006</subfield>
    </datafield>
    <datafield tag="300" ind1=" " ind2=" ">
      <subfield code="a">307, [13] p. :</subfield>
      <subfield code="b">ill., főként színes ;</subfield>
      <subfield code="c">24x24 cm</subfield>
    </datafield>
    <datafield tag="650" ind1=" " ind2="4">
      <subfield code="a">Grafikai tervezés (tipográfia)</subfield>
    </datafield>
    <datafield tag="650" ind1=" " ind2="0">
      <subfield code="a">Graphic design (Typography).</subfield>
    </datafield>
    <datafield tag="650" ind1=" " ind2="7">
      <subfield code="a">Grafika</subfield>
      <subfield code="y">2000-es évek</subfield>
      <subfield code="x">képeskönyv</subfield>
      <subfield code="2">szte</subfield>
    </datafield>
    <datafield tag="700" ind1="1" ind2=" ">
      <subfield code="a">Herhoff Katalin</subfield>
      <subfield code="4">ford.</subfield>
    </datafield>
    <datafield tag="700" ind1="1" ind2=" ">
      <subfield code="a">Kovács Balázs</subfield>
      <subfield code="4">ford.</subfield>
    </datafield>
    <datafield tag="710" ind1="2" ind2=" ">
      <subfield code="a">Wilson Harvey (London)</subfield>
      <subfield code="4">közrem.</subfield>
    </datafield>
    <datafield tag="852" ind1=" " ind2=" ">
      <subfield code="a">SZ1</subfield>
      <subfield code="b">SZ1/S1</subfield>
      <subfield code="x">bibSOK00397343</subfield>
    </datafield>
    <datafield tag="852" ind1=" " ind2=" ">
      <subfield code="a">B10</subfield>
      <subfield code="b">B10</subfield>
      <subfield code="b">1803</subfield>
      <subfield code="b">0801</subfield>
      <subfield code="x">bibFSZ1291460</subfield>
    </datafield>
  </record>
  <record>
    <leader>00791nam  2200241   4500</leader>
    <controlfield tag="001">MOKKAZ0004689840  </controlfield>
    <controlfield tag="005">20040910092726.0</controlfield>
    <controlfield tag="008">000211s1984                        eng d</controlfield>
    <datafield tag="020" ind1=" " ind2=" ">
      <subfield code="a">0-600-30822-7 (kötött)</subfield>
    </datafield>
    <datafield tag="035" ind1=" " ind2=" ">
      <subfield code="a">bibFSZ707983</subfield>
    </datafield>
    <datafield tag="040" ind1=" " ind2=" ">
      <subfield code="a">FSZEK</subfield>
    </datafield>
    <datafield tag="041" ind1=" " ind2=" ">
      <subfield code="a">eng</subfield>
    </datafield>
    <datafield tag="245" ind1="0" ind2="0">
      <subfield code="a">1000 great events /</subfield>
      <subfield code="c">ed. by Lynne Sabel and Philip Steele ; [... ill. by Mike Codd et al.]</subfield>
    </datafield>
    <datafield tag="250" ind1=" " ind2=" ">
      <subfield code="a">New rev. ed.</subfield>
    </datafield>
    <datafield tag="260" ind1=" " ind2=" ">
      <subfield code="a">London [etc.] :</subfield>
      <subfield code="b">Hamlyn,</subfield>
      <subfield code="c">1984</subfield>
    </datafield>
    <datafield tag="300" ind1=" " ind2=" ">
      <subfield code="a">352 p. :</subfield>
      <subfield code="b">ill. ;</subfield>
      <subfield code="c">25 cm</subfield>
    </datafield>
    <datafield tag="650" ind1=" " ind2="4">
      <subfield code="a">történelmi események - kronológia</subfield>
    </datafield>
    <datafield tag="680" ind1=" " ind2="0">
      <subfield code="a">kronológia formájában</subfield>
      <subfield code="a">Illusztráció</subfield>
      <subfield code="a">történelem</subfield>
    </datafield>
    <datafield tag="700" ind1="1" ind2=" ">
      <subfield code="a">Sabel, Lynne</subfield>
      <subfield code="4">szerk.</subfield>
    </datafield>
    <datafield tag="700" ind1="1" ind2=" ">
      <subfield code="a">Steele, Philip</subfield>
      <subfield code="4">szerk.</subfield>
    </datafield>
    <datafield tag="700" ind1="1" ind2=" ">
      <subfield code="a">Codd, Mike</subfield>
      <subfield code="4">ill.</subfield>
    </datafield>
    <datafield tag="852" ind1=" " ind2=" ">
      <subfield code="a">B10</subfield>
      <subfield code="b">1004</subfield>
      <subfield code="x">bibFSZ707983</subfield>
    </datafield>
    <datafield tag="852" ind1=" " ind2=" ">
      <subfield code="a">BCS1</subfield>
      <subfield code="b">BCS1</subfield>
      <subfield code="x">bibBKO00227298</subfield>
    </datafield>
  </record>
  <record>
    <leader>00528nama 22001811i 4500</leader>
    <controlfield tag="001">MOKKAS0000695399  </controlfield>
    <controlfield tag="005">20060616201439.0</controlfield>
    <controlfield tag="008">041105s1984    xx            000 0 engod</controlfield>
    <datafield tag="035" ind1=" " ind2=" ">
      <subfield code="a">1454348</subfield>
    </datafield>
    <datafield tag="040" ind1=" " ind2=" ">
      <subfield code="a">OSZK</subfield>
    </datafield>
    <datafield tag="041" ind1="0" ind2=" ">
      <subfield code="a">engeng</subfield>
    </datafield>
    <datafield tag="245" ind1="0" ind2="0">
      <subfield code="a">1000 great events /</subfield>
      <subfield code="c">ed. by Lynne Sabel, Philip Steele</subfield>
    </datafield>
    <datafield tag="250" ind1=" " ind2=" ">
      <subfield code="a">Rev. ed.</subfield>
    </datafield>
    <datafield tag="260" ind1=" " ind2=" ">
      <subfield code="a">Feltham :</subfield>
      <subfield code="b">Hamlyn,</subfield>
      <subfield code="c">1984</subfield>
    </datafield>
    <datafield tag="300" ind1=" " ind2=" ">
      <subfield code="a">352 p. :</subfield>
      <subfield code="b">ill. ;</subfield>
      <subfield code="c">25 cm</subfield>
    </datafield>
    <datafield tag="700" ind1="1" ind2=" ">
      <subfield code="a">Steele, Paul</subfield>
      <subfield code="4">(közrem.)</subfield>
    </datafield>
    <datafield tag="700" ind1="1" ind2=" ">
      <subfield code="a">Sabel, Lynne</subfield>
      <subfield code="c">(cédulakatalógus alapján)</subfield>
      <subfield code="4">(közrem.)</subfield>
    </datafield>
    <datafield tag="852" ind1=" " ind2=" ">
      <subfield code="a">B1</subfield>
      <subfield code="b">B1</subfield>
      <subfield code="x">1454348</subfield>
    </datafield>
  </record>
  <record>
    <leader>00909nam  2200265 i 4500</leader>
    <controlfield tag="001">MOKKAW0006068297  </controlfield>
    <controlfield tag="005">20080911103759.0</controlfield>
    <controlfield tag="008">080905s2008    hu ar         00100 hun d</controlfield>
    <datafield tag="020" ind1=" " ind2=" ">
      <subfield code="a">978-963-370-565-0 (kötött)</subfield>
    </datafield>
    <datafield tag="035" ind1=" " ind2=" ">
      <subfield code="a">bibDEK00700091</subfield>
    </datafield>
    <datafield tag="040" ind1=" " ind2=" ">
      <subfield code="a">DEENK</subfield>
    </datafield>
    <datafield tag="041" ind1="1" ind2=" ">
      <subfield code="a">hun</subfield>
      <subfield code="h">ger</subfield>
    </datafield>
    <datafield tag="050" ind1=" " ind2=" ">
      <subfield code="a">QK99.A1</subfield>
    </datafield>
    <datafield tag="100" ind1="1" ind2=" ">
      <subfield code="a">Kothe, Hans W.</subfield>
    </datafield>
    <datafield tag="240" ind1="1" ind2="0">
      <subfield code="a">1000 Kräuter</subfield>
      <subfield code="l">(magyar)</subfield>
    </datafield>
    <datafield tag="245" ind1="1" ind2="0">
      <subfield code="a">1000 gyógynövény :</subfield>
      <subfield code="b">[gyógynövények A-tól Z-ig, felhasználási módok, hatóanyagok] /</subfield>
      <subfield code="c">Hans W. Kothe ; [ford. Mátics Róbert]</subfield>
    </datafield>
    <datafield tag="260" ind1=" " ind2=" ">
      <subfield code="a">Pécs :</subfield>
      <subfield code="b">Alexandra,</subfield>
      <subfield code="c">2008</subfield>
    </datafield>
    <datafield tag="300" ind1=" " ind2=" ">
      <subfield code="a">336 p. :</subfield>
      <subfield code="b">ill., színes ;</subfield>
      <subfield code="c">31 cm</subfield>
    </datafield>
    <datafield tag="500" ind1=" " ind2=" ">
      <subfield code="a">Index: p. 328-336</subfield>
    </datafield>
    <datafield tag="650" ind1=" " ind2="4">
      <subfield code="a">Gyógyító növények</subfield>
      <subfield code="x">enciklopédiák</subfield>
    </datafield>
    <datafield tag="650" ind1=" " ind2="4">
      <subfield code="a">Gyógynövények</subfield>
      <subfield code="x">enciklopédiák</subfield>
    </datafield>
    <datafield tag="650" ind1=" " ind2="0">
      <subfield code="a">Medicinal plants</subfield>
      <subfield code="x">Encyclopedias.</subfield>
    </datafield>
    <datafield tag="650" ind1=" " ind2="0">
      <subfield code="a">Herbs</subfield>
      <subfield code="x">Encyclopedias.</subfield>
    </datafield>
    <datafield tag="700" ind1="1" ind2=" ">
      <subfield code="a">Mátics Róbert</subfield>
      <subfield code="4">(ford.)</subfield>
    </datafield>
    <datafield tag="852" ind1=" " ind2=" ">
      <subfield code="a">D1</subfield>
      <subfield code="b">D2/PB</subfield>
      <subfield code="x">bibDEK00700091</subfield>
    </datafield>
  </record>
  <record>
    <leader>01035nam  2200325 i 4500</leader>
    <controlfield tag="001">MOKKAN0004019597  </controlfield>
    <controlfield tag="005">20091201183504.0</controlfield>
    <controlfield tag="008">061113s2006    hu ar         00100 hun d</controlfield>
    <datafield tag="020" ind1=" " ind2=" ">
      <subfield code="a">963-369-848-0 (kötött)</subfield>
    </datafield>
    <datafield tag="035" ind1=" " ind2=" ">
      <subfield code="a">bibDEK00606681</subfield>
    </datafield>
    <datafield tag="040" ind1=" " ind2=" ">
      <subfield code="a">DEENK</subfield>
    </datafield>
    <datafield tag="041" ind1="1" ind2=" ">
      <subfield code="a">hun</subfield>
      <subfield code="h">ger</subfield>
    </datafield>
    <datafield tag="050" ind1=" " ind2=" ">
      <subfield code="a">QL615</subfield>
    </datafield>
    <datafield tag="080" ind1=" " ind2="0">
      <subfield code="a">597(083.71)</subfield>
    </datafield>
    <datafield tag="080" ind1=" " ind2="0">
      <subfield code="a">599.5(083.71)</subfield>
    </datafield>
    <datafield tag="100" ind1="1" ind2=" ">
      <subfield code="a">Vilcinskas, Andreas</subfield>
    </datafield>
    <datafield tag="240" ind1="1" ind2="0">
      <subfield code="a">1000 Fische</subfield>
      <subfield code="l">(magyar)</subfield>
    </datafield>
    <datafield tag="245" ind1="1" ind2="0">
      <subfield code="a">1000 hal</subfield>
    </datafield>
    <datafield tag="246" ind1="1" ind2="4">
      <subfield code="a">1000 hal szórakoztató és szakszerű leírása, továbbá egy fejezet bálnákról és delfinekről</subfield>
    </datafield>
    <datafield tag="260" ind1=" " ind2=" ">
      <subfield code="a">Pécs :</subfield>
      <subfield code="b">Alexandra,</subfield>
      <subfield code="c">2006</subfield>
    </datafield>
    <datafield tag="300" ind1=" " ind2=" ">
      <subfield code="a">384 p. :</subfield>
      <subfield code="b">ill., színes ;</subfield>
      <subfield code="c">31 cm</subfield>
    </datafield>
    <datafield tag="500" ind1=" " ind2=" ">
      <subfield code="a">Szerző Vilcinskas, Andreas</subfield>
    </datafield>
    <datafield tag="500" ind1=" " ind2=" ">
      <subfield code="a">Ford. Forró László</subfield>
    </datafield>
    <datafield tag="650" ind1=" " ind2="4">
      <subfield code="a">Halak</subfield>
      <subfield code="x">meghatározás</subfield>
    </datafield>
    <datafield tag="650" ind1=" " ind2="4">
      <subfield code="a">Halak</subfield>
      <subfield code="x">illusztrált művek</subfield>
    </datafield>
    <datafield tag="650" ind1=" " ind2="0">
      <subfield code="a">Fishes</subfield>
      <subfield code="x">Identification.</subfield>
    </datafield>
    <datafield tag="650" ind1=" " ind2="0">
      <subfield code="a">Fishes</subfield>
      <subfield code="x">Pictorial works.</subfield>
    </datafield>
    <datafield tag="700" ind1="1" ind2=" ">
      <subfield code="a">Forró László</subfield>
      <subfield code="d">(1954-)</subfield>
      <subfield code="4">(ford.)</subfield>
    </datafield>
    <datafield tag="852" ind1=" " ind2=" ">
      <subfield code="a">D1</subfield>
      <subfield code="b">D2/PB</subfield>
      <subfield code="x">bibDEK00606681</subfield>
    </datafield>
    <datafield tag="852" ind1=" " ind2=" ">
      <subfield code="a">B10</subfield>
      <subfield code="b">0801</subfield>
      <subfield code="b">1004</subfield>
      <subfield code="b">2002</subfield>
      <subfield code="x">bibFSZ1304915</subfield>
    </datafield>
  </record>
  <record>
    <leader>00577nam  22001935p 4500</leader>
    <controlfield tag="001">MOKKAN0004824838  </controlfield>
    <controlfield tag="005">20080725171435.0</controlfield>
    <controlfield tag="008">061213s2006    hu                  hun d</controlfield>
    <datafield tag="020" ind1=" " ind2=" ">
      <subfield code="a">963 9626 76 7</subfield>
    </datafield>
    <datafield tag="035" ind1=" " ind2=" ">
      <subfield code="a">80189</subfield>
    </datafield>
    <datafield tag="040" ind1=" " ind2=" ">
      <subfield code="a">KSHK</subfield>
    </datafield>
    <datafield tag="041" ind1="0" ind2=" ">
      <subfield code="a">hun</subfield>
    </datafield>
    <datafield tag="245" ind1="0" ind2="0">
      <subfield code="a">1000 hasznos tanács masszázshoz : </subfield>
      <subfield code="b">a legjobb technikák a legkülönfélébb masszázsokhoz</subfield>
    </datafield>
    <datafield tag="260" ind1=" " ind2=" ">
      <subfield code="a">Budapest :</subfield>
      <subfield code="b">Napraforgó,</subfield>
      <subfield code="c">[2006]</subfield>
    </datafield>
    <datafield tag="300" ind1=" " ind2=" ">
      <subfield code="a">351 p. :</subfield>
      <subfield code="b">ill. ;</subfield>
      <subfield code="c">27 cm</subfield>
    </datafield>
    <datafield tag="504" ind1=" " ind2=" ">
      <subfield code="a">Bibliogr.: p. 327-330.</subfield>
    </datafield>
    <datafield tag="653" ind1=" " ind2=" ">
      <subfield code="a">egészségi állapot</subfield>
    </datafield>
    <datafield tag="653" ind1=" " ind2=" ">
      <subfield code="a">természetgyógyászat</subfield>
    </datafield>
    <datafield tag="852" ind1=" " ind2=" ">
      <subfield code="a">B9</subfield>
      <subfield code="b">B9</subfield>
      <subfield code="x">80189</subfield>
    </datafield>
  </record>
  <record>
    <leader>00714nam  2200217   4500</leader>
    <controlfield tag="001">MOKKAN0004343678  </controlfield>
    <controlfield tag="005">20090917125853.0</controlfield>
    <controlfield tag="008">061213s2006                        hun d</controlfield>
    <datafield tag="020" ind1=" " ind2=" ">
      <subfield code="a">963-9626-76-7 (fűzött)</subfield>
    </datafield>
    <datafield tag="020" ind1=" " ind2=" ">
      <subfield code="a">963 9626 76 7 (fűzött)</subfield>
    </datafield>
    <datafield tag="035" ind1=" " ind2=" ">
      <subfield code="a">bibFSZ01339787</subfield>
    </datafield>
    <datafield tag="040" ind1=" " ind2=" ">
      <subfield code="a">FSZEK</subfield>
    </datafield>
    <datafield tag="041" ind1=" " ind2=" ">
      <subfield code="a">hun</subfield>
    </datafield>
    <datafield tag="245" ind1="0" ind2="0">
      <subfield code="a">1000 hasznos tanács masszázshoz :</subfield>
      <subfield code="b">a legjobb technikák a legkülönfélébb masszázsokhoz /</subfield>
      <subfield code="c">[ford. Forgách Attila]</subfield>
    </datafield>
    <datafield tag="260" ind1=" " ind2=" ">
      <subfield code="a">Budapest :</subfield>
      <subfield code="b">Napraforgó,</subfield>
      <subfield code="c">[2006]</subfield>
    </datafield>
    <datafield tag="300" ind1=" " ind2=" ">
      <subfield code="a">351 p. :</subfield>
      <subfield code="b">ill. ;</subfield>
      <subfield code="c">27 cm</subfield>
    </datafield>
    <datafield tag="504" ind1=" " ind2=" ">
      <subfield code="a">Bibliogr.: p. 327-330.</subfield>
    </datafield>
    <datafield tag="650" ind1=" " ind2="7">
      <subfield code="a">Masszázs</subfield>
      <subfield code="2">szte</subfield>
    </datafield>
    <datafield tag="700" ind1="1" ind2=" ">
      <subfield code="a">Forgách Attila</subfield>
      <subfield code="4">ford.</subfield>
    </datafield>
    <datafield tag="852" ind1=" " ind2=" ">
      <subfield code="a">B10</subfield>
      <subfield code="b">B10</subfield>
      <subfield code="x">bibFSZ01339787</subfield>
    </datafield>
    <datafield tag="852" ind1=" " ind2=" ">
      <subfield code="a">SZ1</subfield>
      <subfield code="b">SZ1</subfield>
      <subfield code="x">MOKKAN0004343678</subfield>
    </datafield>
  </record>
  <record>
    <leader>01757nam  2200529 i 4500</leader>
    <controlfield tag="001">MOKKAN0004687538  </controlfield>
    <controlfield tag="005">20091126103031.0</controlfield>
    <controlfield tag="008">070427t20072007hu a     i    00000 hun d</controlfield>
    <datafield tag="020" ind1=" " ind2=" ">
      <subfield code="a">978-963-9731-03-5 (fűzött)</subfield>
    </datafield>
    <datafield tag="035" ind1=" " ind2=" ">
      <subfield code="a">2652597</subfield>
    </datafield>
    <datafield tag="040" ind1=" " ind2=" ">
      <subfield code="a">OSZK</subfield>
    </datafield>
    <datafield tag="041" ind1="0" ind2=" ">
      <subfield code="a">hunhun</subfield>
      <subfield code="h">eng</subfield>
    </datafield>
    <datafield tag="080" ind1=" " ind2=" ">
      <subfield code="a">914/919(036)</subfield>
    </datafield>
    <datafield tag="100" ind1="1" ind2=" ">
      <subfield code="a">Schultz, Patricia</subfield>
    </datafield>
    <datafield tag="240" ind1="1" ind2="0">
      <subfield code="a">1000 places to see before you die</subfield>
      <subfield code="l">(magyar)</subfield>
    </datafield>
    <datafield tag="245" ind1="1" ind2="0">
      <subfield code="a">1000 hely, amit látnod kell : </subfield>
      <subfield code="b">világjárók kézikönyve /</subfield>
      <subfield code="c">Patricia Schultz</subfield>
    </datafield>
    <datafield tag="260" ind1=" " ind2=" ">
      <subfield code="a">[Budapest] :</subfield>
      <subfield code="b">Vince K.,</subfield>
      <subfield code="c">cop. 2007</subfield>
    </datafield>
    <datafield tag="300" ind1=" " ind2=" ">
      <subfield code="a">941 p. :</subfield>
      <subfield code="b">ill. ;</subfield>
      <subfield code="c">19 cm</subfield>
    </datafield>
    <datafield tag="500" ind1=" " ind2=" ">
      <subfield code="a">Ford. Molnár Magda et al.</subfield>
    </datafield>
    <datafield tag="650" ind1=" " ind2="4">
      <subfield code="a">Utazások</subfield>
    </datafield>
    <datafield tag="650" ind1=" " ind2="0">
      <subfield code="a">Voyages and travels.</subfield>
    </datafield>
    <datafield tag="650" ind1=" " ind2="4">
      <subfield code="a">útikönyvek</subfield>
    </datafield>
    <datafield tag="650" ind1=" " ind2="7">
      <subfield code="a">Művelődéstörténet</subfield>
      <subfield code="x">világ országai</subfield>
      <subfield code="2">szte</subfield>
    </datafield>
    <datafield tag="650" ind1=" " ind2="7">
      <subfield code="a">Világ országai</subfield>
      <subfield code="x">útleírás</subfield>
      <subfield code="2">szte</subfield>
    </datafield>
    <datafield tag="650" ind1=" " ind2="7">
      <subfield code="a">Természeti érték</subfield>
      <subfield code="x">világ országai</subfield>
      <subfield code="2">szte</subfield>
    </datafield>
    <datafield tag="650" ind1=" " ind2="7">
      <subfield code="a">Építészettörténet</subfield>
      <subfield code="x">világ országai</subfield>
      <subfield code="2">szte</subfield>
    </datafield>
    <datafield tag="650" ind1=" " ind2="7">
      <subfield code="a">Műemlékek</subfield>
      <subfield code="x">világ országai</subfield>
      <subfield code="2">szte</subfield>
    </datafield>
    <datafield tag="650" ind1=" " ind2="7">
      <subfield code="a">Művelődéstörténet</subfield>
      <subfield code="2">szte</subfield>
    </datafield>
    <datafield tag="650" ind1=" " ind2="7">
      <subfield code="a">Építészettörténet</subfield>
      <subfield code="2">szte</subfield>
    </datafield>
    <datafield tag="650" ind1=" " ind2="7">
      <subfield code="a">Világ országai</subfield>
      <subfield code="x">útikalauz</subfield>
      <subfield code="2">szte</subfield>
    </datafield>
    <datafield tag="650" ind1=" " ind2="4">
      <subfield code="a">útikönyv</subfield>
    </datafield>
    <datafield tag="651" ind1=" " ind2="4">
      <subfield code="a">világ</subfield>
    </datafield>
    <datafield tag="653" ind1=" " ind2=" ">
      <subfield code="a">műemlék</subfield>
    </datafield>
    <datafield tag="653" ind1=" " ind2=" ">
      <subfield code="a">utazási szokások</subfield>
    </datafield>
    <datafield tag="653" ind1=" " ind2=" ">
      <subfield code="a">útikönyv</subfield>
    </datafield>
    <datafield tag="695" ind1=" " ind2=" ">
      <subfield code="a">Útikalauz</subfield>
    </datafield>
    <datafield tag="695" ind1=" " ind2=" ">
      <subfield code="a">Művelődéstörténet</subfield>
    </datafield>
    <datafield tag="700" ind1="1" ind2=" ">
      <subfield code="a">Molnár Magda</subfield>
      <subfield code="d">(1943-)</subfield>
      <subfield code="4">(ford.)</subfield>
    </datafield>
    <datafield tag="852" ind1=" " ind2=" ">
      <subfield code="a">B1</subfield>
      <subfield code="b">B1</subfield>
      <subfield code="x">2652597</subfield>
    </datafield>
    <datafield tag="852" ind1=" " ind2=" ">
      <subfield code="a">D1</subfield>
      <subfield code="B">HBO8</subfield>
      <subfield code="b">D1/P91</subfield>
      <subfield code="x">bibDEK00639759</subfield>
    </datafield>
    <datafield tag="852" ind1=" " ind2=" ">
      <subfield code="a">BCS1</subfield>
      <subfield code="b">BCS1</subfield>
      <subfield code="x">bibBMK00021240</subfield>
    </datafield>
    <datafield tag="852" ind1=" " ind2=" ">
      <subfield code="a">B10</subfield>
      <subfield code="b">B10</subfield>
      <subfield code="x">bibFSZ01357591</subfield>
    </datafield>
    <datafield tag="852" ind1=" " ind2=" ">
      <subfield code="a">SZ4</subfield>
      <subfield code="b">SZ4/K2</subfield>
      <subfield code="b">SZ4/F9</subfield>
      <subfield code="x">bibSOK00415075</subfield>
    </datafield>
    <datafield tag="852" ind1=" " ind2=" ">
      <subfield code="a">P1</subfield>
      <subfield code="b">P1/FK</subfield>
      <subfield code="x">bibFSZ01357591</subfield>
    </datafield>
    <datafield tag="852" ind1=" " ind2=" ">
      <subfield code="a">B9</subfield>
      <subfield code="b">B9</subfield>
      <subfield code="x">688105</subfield>
    </datafield>
    <datafield tag="852" ind1=" " ind2=" ">
      <subfield code="a">SZ1</subfield>
      <subfield code="b">SZ1/K4</subfield>
      <subfield code="x">bibJAT00727232</subfield>
    </datafield>
    <datafield tag="852" ind1=" " ind2=" ">
      <subfield code="a">SZO1</subfield>
      <subfield code="b">SZO1</subfield>
      <subfield code="x">150599832</subfield>
    </datafield>
  </record>
  <record>
    <leader>00818nam  2200253 i 4500</leader>
    <controlfield tag="001">MOKKAW0006127514  </controlfield>
    <controlfield tag="005">20080915113952.0</controlfield>
    <controlfield tag="008">080915c20082008hu a     i    00100 hun d</controlfield>
    <datafield tag="020" ind1=" " ind2=" ">
      <subfield code="a">978 963 9731 66 0 (fűzött) :</subfield>
    </datafield>
    <datafield tag="035" ind1=" " ind2=" ">
      <subfield code="a">bibDEK00701110</subfield>
    </datafield>
    <datafield tag="040" ind1=" " ind2=" ">
      <subfield code="a">DEENK</subfield>
    </datafield>
    <datafield tag="041" ind1="1" ind2=" ">
      <subfield code="a">hun</subfield>
      <subfield code="h">eng</subfield>
    </datafield>
    <datafield tag="100" ind1="1" ind2=" ">
      <subfield code="a">Schultz, Patricia</subfield>
    </datafield>
    <datafield tag="240" ind1="1" ind2="0">
      <subfield code="a">1000 places to see before you die</subfield>
      <subfield code="l">(magyar)</subfield>
    </datafield>
    <datafield tag="245" ind1="1" ind2="0">
      <subfield code="a">1000 hely, amit látnod kell :</subfield>
      <subfield code="b">világjárók kézikönyve /</subfield>
      <subfield code="c">Patricia Schultz</subfield>
    </datafield>
    <datafield tag="250" ind1=" " ind2=" ">
      <subfield code="a">2., bőv. kiad.</subfield>
    </datafield>
    <datafield tag="260" ind1=" " ind2=" ">
      <subfield code="a">[Budapest] :</subfield>
      <subfield code="b">Vince K.,</subfield>
      <subfield code="c">[2008], cop. 2008</subfield>
    </datafield>
    <datafield tag="300" ind1=" " ind2=" ">
      <subfield code="a">1021 p. :</subfield>
      <subfield code="b">ill. ;</subfield>
      <subfield code="c">19 cm</subfield>
    </datafield>
    <datafield tag="500" ind1=" " ind2=" ">
      <subfield code="a">Ford. Molnár Magda [et al.]</subfield>
    </datafield>
    <datafield tag="500" ind1=" " ind2=" ">
      <subfield code="a">Mutató: p. [924]-1017.</subfield>
    </datafield>
    <datafield tag="650" ind1=" " ind2="4">
      <subfield code="a">Utazások</subfield>
    </datafield>
    <datafield tag="650" ind1=" " ind2="0">
      <subfield code="a">Voyages and travels.</subfield>
    </datafield>
    <datafield tag="700" ind1="1" ind2=" ">
      <subfield code="a">Molnár Magda</subfield>
      <subfield code="d">(1943-)</subfield>
      <subfield code="4">ford.</subfield>
    </datafield>
    <datafield tag="852" ind1=" " ind2=" ">
      <subfield code="a">D1</subfield>
      <subfield code="b">D1</subfield>
      <subfield code="x">bibDEK00701110</subfield>
    </datafield>
  </record>
  <record>
    <leader>00625nama 22001811i 4500</leader>
    <controlfield tag="001">MOKKAS0000612386  </controlfield>
    <controlfield tag="005">20060614165319.0</controlfield>
    <controlfield tag="008">041001s1961    ro            000 0 hunod</controlfield>
    <datafield tag="035" ind1=" " ind2=" ">
      <subfield code="a">1371212</subfield>
    </datafield>
    <datafield tag="040" ind1=" " ind2=" ">
      <subfield code="a">OSZK</subfield>
    </datafield>
    <datafield tag="041" ind1="1" ind2=" ">
      <subfield code="a">hunhun</subfield>
      <subfield code="h">rum</subfield>
    </datafield>
    <datafield tag="100" ind1="1" ind2=" ">
      <subfield code="a">Arisanu, I.</subfield>
      <subfield code="c">(cédulakatalógus alapján)</subfield>
    </datafield>
    <datafield tag="240" ind1="1" ind2="0">
      <subfield code="a">Cum poate un om să îngrijească 1000 de porci la îngrăat</subfield>
      <subfield code="l">(magyar)</subfield>
    </datafield>
    <datafield tag="245" ind1="1" ind2="0">
      <subfield code="a">1000 hízósertés egy gondozóra /</subfield>
      <subfield code="c">I. Arisanu ; [ford. Földvári Zsuzsa]</subfield>
    </datafield>
    <datafield tag="260" ind1=" " ind2=" ">
      <subfield code="a">Bukarest :</subfield>
      <subfield code="b">Mezőgazd. és Erd. Kiadó,</subfield>
      <subfield code="c">1961</subfield>
    </datafield>
    <datafield tag="300" ind1=" " ind2=" ">
      <subfield code="a">57 p. :</subfield>
      <subfield code="b">ill. ;</subfield>
      <subfield code="c">20 cm</subfield>
    </datafield>
    <datafield tag="700" ind1="1" ind2=" ">
      <subfield code="a">Földvári Zsuzsa</subfield>
      <subfield code="4">(ford.)</subfield>
    </datafield>
    <datafield tag="852" ind1=" " ind2=" ">
      <subfield code="a">B1</subfield>
      <subfield code="b">B1</subfield>
      <subfield code="x">1371212</subfield>
    </datafield>
  </record>
  <record>
    <leader>01227nam  2200481 i 4500</leader>
    <controlfield tag="001">MOKKAW0005599001  </controlfield>
    <controlfield tag="005">20080416003246.0</controlfield>
    <controlfield tag="008">020225s1926    de            000 0 ger d</controlfield>
    <datafield tag="035" ind1=" " ind2=" ">
      <subfield code="a">BMEOMIKK000156658</subfield>
    </datafield>
    <datafield tag="040" ind1=" " ind2=" ">
      <subfield code="a">BMEOMIKK</subfield>
    </datafield>
    <datafield tag="041" ind1="0" ind2=" ">
      <subfield code="a">ger</subfield>
    </datafield>
    <datafield tag="044" ind1=" " ind2=" ">
      <subfield code="a">de</subfield>
    </datafield>
    <datafield tag="100" ind1="1" ind2=" ">
      <subfield code="a">Koch, Alexander</subfield>
    </datafield>
    <datafield tag="245" ind1="1" ind2="0">
      <subfield code="a">1000 Ideen zur künstlerischen Ausgestaltung der Wohnung /</subfield>
      <subfield code="c">Alexander Koch</subfield>
    </datafield>
    <datafield tag="260" ind1=" " ind2=" ">
      <subfield code="a">Darmstadt :</subfield>
      <subfield code="b">Koch,</subfield>
      <subfield code="c">1926</subfield>
    </datafield>
    <datafield tag="300" ind1=" " ind2=" ">
      <subfield code="a">8, 208 p. ;</subfield>
      <subfield code="c">30 cm</subfield>
    </datafield>
    <datafield tag="695" ind1=" " ind2=" ">
      <subfield code="a">lakásberendezés</subfield>
    </datafield>
    <datafield tag="695" ind1=" " ind2=" ">
      <subfield code="a">belsőépítészet</subfield>
    </datafield>
    <datafield tag="695" ind1=" " ind2=" ">
      <subfield code="a">belsőtér</subfield>
    </datafield>
    <datafield tag="695" ind1=" " ind2=" ">
      <subfield code="a">hálószoba</subfield>
    </datafield>
    <datafield tag="695" ind1=" " ind2=" ">
      <subfield code="a">gyermekszoba</subfield>
    </datafield>
    <datafield tag="695" ind1=" " ind2=" ">
      <subfield code="a">stílbútor</subfield>
    </datafield>
    <datafield tag="695" ind1=" " ind2=" ">
      <subfield code="a">cserépkályha</subfield>
    </datafield>
    <datafield tag="695" ind1=" " ind2=" ">
      <subfield code="a">lakástextil</subfield>
    </datafield>
    <datafield tag="695" ind1=" " ind2=" ">
      <subfield code="a">terasz</subfield>
    </datafield>
    <datafield tag="695" ind1=" " ind2=" ">
      <subfield code="a">kert</subfield>
    </datafield>
    <datafield tag="695" ind1=" " ind2=" ">
      <subfield code="a">veranda</subfield>
    </datafield>
    <datafield tag="695" ind1=" " ind2=" ">
      <subfield code="a">kerámiatermék</subfield>
    </datafield>
    <datafield tag="695" ind1=" " ind2=" ">
      <subfield code="a">dísz</subfield>
    </datafield>
    <datafield tag="695" ind1=" " ind2=" ">
      <subfield code="a">világítótest</subfield>
    </datafield>
    <datafield tag="695" ind1=" " ind2=" ">
      <subfield code="a">lakószoba</subfield>
    </datafield>
    <datafield tag="695" ind1=" " ind2=" ">
      <subfield code="a">Magyarország</subfield>
    </datafield>
    <datafield tag="695" ind1=" " ind2=" ">
      <subfield code="a">Ausztria</subfield>
    </datafield>
    <datafield tag="695" ind1=" " ind2=" ">
      <subfield code="a">tárolóbútor</subfield>
    </datafield>
    <datafield tag="695" ind1=" " ind2=" ">
      <subfield code="a">ülőbútor</subfield>
    </datafield>
    <datafield tag="695" ind1=" " ind2=" ">
      <subfield code="a">fekvőbútor</subfield>
    </datafield>
    <datafield tag="695" ind1=" " ind2=" ">
      <subfield code="a">kárpitozott bútor</subfield>
    </datafield>
    <datafield tag="695" ind1=" " ind2=" ">
      <subfield code="a">kandalló</subfield>
    </datafield>
    <datafield tag="695" ind1=" " ind2=" ">
      <subfield code="a">csillár</subfield>
    </datafield>
    <datafield tag="695" ind1=" " ind2=" ">
      <subfield code="a">váza</subfield>
    </datafield>
    <datafield tag="695" ind1=" " ind2=" ">
      <subfield code="a">Németország</subfield>
    </datafield>
    <datafield tag="852" ind1=" " ind2=" ">
      <subfield code="a">B11</subfield>
      <subfield code="b">B11</subfield>
      <subfield code="x">BMEOMIKK000156658</subfield>
    </datafield>
    <datafield tag="852" ind1=" " ind2=" ">
      <subfield code="a">B646</subfield>
      <subfield code="b">B646</subfield>
      <subfield code="x">bibMIF00003756</subfield>
    </datafield>
  </record>
  <record>
    <leader>00411cam  22001337  4500</leader>
    <controlfield tag="001">MOKKAZ0004448950  </controlfield>
    <controlfield tag="005">20040910071817.0</controlfield>
    <controlfield tag="008">      s1926                        und d</controlfield>
    <datafield tag="035" ind1=" " ind2=" ">
      <subfield code="a">bibFSZ00295063</subfield>
    </datafield>
    <datafield tag="040" ind1=" " ind2=" ">
      <subfield code="a">FSZEK</subfield>
    </datafield>
    <datafield tag="245" ind1="0" ind2="0">
      <subfield code="a">1000 Ideen zur künstlerischen Ausgestaltung der Wohnung /</subfield>
      <subfield code="c">hrsg. Alexander Koch</subfield>
    </datafield>
    <datafield tag="260" ind1=" " ind2=" ">
      <subfield code="a">[S.l.] :</subfield>
      <subfield code="b">[S.n.],</subfield>
      <subfield code="c">1926</subfield>
    </datafield>
    <datafield tag="700" ind1="1" ind2=" ">
      <subfield code="a">Koch, Alexander</subfield>
      <subfield code="4">szerk.</subfield>
    </datafield>
    <datafield tag="852" ind1=" " ind2=" ">
      <subfield code="a">B10</subfield>
      <subfield code="b">0801</subfield>
      <subfield code="x">bibFSZ00295063</subfield>
    </datafield>
  </record>
  <record>
    <leader>00350cam  22001217  4500</leader>
    <controlfield tag="001">MOKKAZ0004485241  </controlfield>
    <controlfield tag="005">20040910073647.0</controlfield>
    <controlfield tag="008">      s1936                        und d</controlfield>
    <datafield tag="035" ind1=" " ind2=" ">
      <subfield code="a">bibFSZ00331432</subfield>
    </datafield>
    <datafield tag="040" ind1=" " ind2=" ">
      <subfield code="a">FSZEK</subfield>
    </datafield>
    <datafield tag="245" ind1="0" ind2="0">
      <subfield code="a">1000 idiomatische englische Redensarten /</subfield>
      <subfield code="c">Raginald Wykeham</subfield>
    </datafield>
    <datafield tag="260" ind1=" " ind2=" ">
      <subfield code="a">[S.l.] :</subfield>
      <subfield code="b">[S.n.],</subfield>
      <subfield code="c">1936</subfield>
    </datafield>
    <datafield tag="852" ind1=" " ind2=" ">
      <subfield code="a">B10</subfield>
      <subfield code="b">0801</subfield>
      <subfield code="x">bibFSZ00331432</subfield>
    </datafield>
  </record>
  <record>
    <leader>00508nam  22001697  4500</leader>
    <controlfield tag="001">MOKKAW0006071756  </controlfield>
    <controlfield tag="005">20080909112305.0</controlfield>
    <controlfield tag="008">080909s1960    gw                  ger d</controlfield>
    <datafield tag="035" ind1=" " ind2=" ">
      <subfield code="a">bibJPT489761</subfield>
    </datafield>
    <datafield tag="040" ind1=" " ind2=" ">
      <subfield code="a">PTE</subfield>
    </datafield>
    <datafield tag="245" ind1="0" ind2="0">
      <subfield code="a">1000 idiomatische französische Redensarten /</subfield>
      <subfield code="c">Erkl., beisp. Hans W. Klein</subfield>
    </datafield>
    <datafield tag="250" ind1=" " ind2=" ">
      <subfield code="a">11. Aufl.</subfield>
    </datafield>
    <datafield tag="260" ind1=" " ind2=" ">
      <subfield code="a">Berlin :</subfield>
      <subfield code="b">Lagenscheidt,</subfield>
      <subfield code="c">1960</subfield>
    </datafield>
    <datafield tag="300" ind1=" " ind2=" ">
      <subfield code="a">200 p. ;</subfield>
      <subfield code="c">19 cm</subfield>
    </datafield>
    <datafield tag="500" ind1=" " ind2=" ">
      <subfield code="a">Cédulakatalógus alapján</subfield>
    </datafield>
    <datafield tag="700" ind1="1" ind2=" ">
      <subfield code="a">Klein, Hans Wilhelm</subfield>
      <subfield code="d">(1911-)</subfield>
    </datafield>
    <datafield tag="852" ind1=" " ind2=" ">
      <subfield code="a">P1</subfield>
      <subfield code="b">P1</subfield>
      <subfield code="x">bibJPT489761</subfield>
    </datafield>
  </record>
  <record>
    <leader>00613cam  22001937  4500</leader>
    <controlfield tag="001">MOKKAZ0004417081  </controlfield>
    <controlfield tag="005">20091127115350.0</controlfield>
    <controlfield tag="008">      s1961                        und d</controlfield>
    <datafield tag="035" ind1=" " ind2=" ">
      <subfield code="a">bibFSZ00263156</subfield>
    </datafield>
    <datafield tag="040" ind1=" " ind2=" ">
      <subfield code="a">FSZEK</subfield>
    </datafield>
    <datafield tag="080" ind1=" " ind2=" ">
      <subfield code="a">803.0-318(033)</subfield>
    </datafield>
    <datafield tag="080" ind1=" " ind2=" ">
      <subfield code="a">398.93(43):803.0-318(033)</subfield>
    </datafield>
    <datafield tag="245" ind1="0" ind2="0">
      <subfield code="a">1000 idiomatische Redensarten Deutsch /</subfield>
      <subfield code="c">Dora Schulz - Griesbach</subfield>
    </datafield>
    <datafield tag="260" ind1=" " ind2=" ">
      <subfield code="a">[S.l.] :</subfield>
      <subfield code="b">[S.n.],</subfield>
      <subfield code="c">1961</subfield>
    </datafield>
    <datafield tag="650" ind1=" " ind2="7">
      <subfield code="a">Német nyelv</subfield>
      <subfield code="x">szólások</subfield>
      <subfield code="x">lexikon</subfield>
    </datafield>
    <datafield tag="650" ind1=" " ind2="7">
      <subfield code="a">Szólások</subfield>
      <subfield code="x">német</subfield>
      <subfield code="x">lexikon</subfield>
    </datafield>
    <datafield tag="650" ind1=" " ind2="7">
      <subfield code="a">Nyelvsajátosságok</subfield>
      <subfield code="x">német</subfield>
      <subfield code="x">lexikon</subfield>
    </datafield>
    <datafield tag="852" ind1=" " ind2=" ">
      <subfield code="a">B10</subfield>
      <subfield code="b">0801</subfield>
      <subfield code="x">bibFSZ00263156</subfield>
    </datafield>
    <datafield tag="852" ind1=" " ind2=" ">
      <subfield code="a">SZ1</subfield>
      <subfield code="x">MOKKAZ0004417081</subfield>
    </datafield>
  </record>
  <record>
    <leader>00628nam  2200217 i 4500</leader>
    <controlfield tag="001">MOKKAS0003504201  </controlfield>
    <controlfield tag="005">20060606000942.0</controlfield>
    <controlfield tag="008">050714s1963                        ger d</controlfield>
    <datafield tag="035" ind1=" " ind2=" ">
      <subfield code="a">554836</subfield>
    </datafield>
    <datafield tag="040" ind1=" " ind2=" ">
      <subfield code="a">OIK</subfield>
    </datafield>
    <datafield tag="041" ind1="0" ind2=" ">
      <subfield code="a">gerspa</subfield>
    </datafield>
    <datafield tag="100" ind1="1" ind2=" ">
      <subfield code="a">Beinhauer, Werner</subfield>
    </datafield>
    <datafield tag="245" ind1="1" ind2="0">
      <subfield code="a">1000 idiomatische Redensarten Spanisch /</subfield>
      <subfield code="c">Werner Beinhauer</subfield>
    </datafield>
    <datafield tag="260" ind1=" " ind2=" ">
      <subfield code="a">Berlin [etc.] :</subfield>
      <subfield code="b">Langenscheidt GK,</subfield>
      <subfield code="c">1963</subfield>
    </datafield>
    <datafield tag="300" ind1=" " ind2=" ">
      <subfield code="a">202 p.</subfield>
    </datafield>
    <datafield tag="500" ind1=" " ind2=" ">
      <subfield code="a">Részben gót betűs</subfield>
    </datafield>
    <datafield tag="650" ind1=" " ind2="4">
      <subfield code="a">Spanyol kifejezések</subfield>
    </datafield>
    <datafield tag="650" ind1=" " ind2="4">
      <subfield code="a">Német nyelven</subfield>
    </datafield>
    <datafield tag="650" ind1=" " ind2="4">
      <subfield code="a">Közmondások. Népies szólásmódok. Tréfák</subfield>
    </datafield>
    <datafield tag="650" ind1=" " ind2="4">
      <subfield code="a">Spanyol nyelven</subfield>
    </datafield>
    <datafield tag="852" ind1=" " ind2=" ">
      <subfield code="a">B14</subfield>
      <subfield code="b">B14</subfield>
      <subfield code="x">554836</subfield>
    </datafield>
  </record>
  <record>
    <leader>00806nam  2200253 i 4500</leader>
    <controlfield tag="001">MOKKAS0003849909  </controlfield>
    <controlfield tag="005">20060616102931.0</controlfield>
    <controlfield tag="008">060126 1963    ge            00010 ger  </controlfield>
    <datafield tag="035" ind1=" " ind2=" ">
      <subfield code="a">bibJAT00656140</subfield>
    </datafield>
    <datafield tag="040" ind1=" " ind2=" ">
      <subfield code="a">SZTE</subfield>
    </datafield>
    <datafield tag="041" ind1=" " ind2=" ">
      <subfield code="a">gerita</subfield>
    </datafield>
    <datafield tag="100" ind1="1" ind2=" ">
      <subfield code="a">Frenzel, Herbert</subfield>
    </datafield>
    <datafield tag="245" ind1="1" ind2="0">
      <subfield code="a">1000 idiomatische Redensarten Italienisch :</subfield>
      <subfield code="b">mit Erklärungen und Beispielen /</subfield>
      <subfield code="c">Herbert Frenzel, Werner Ross</subfield>
    </datafield>
    <datafield tag="250" ind1=" " ind2=" ">
      <subfield code="a">7. Aufl.</subfield>
    </datafield>
    <datafield tag="260" ind1=" " ind2=" ">
      <subfield code="a">Berlin :</subfield>
      <subfield code="b">Langenscheidt,</subfield>
      <subfield code="c">1963</subfield>
    </datafield>
    <datafield tag="300" ind1=" " ind2=" ">
      <subfield code="a">211 p. ;</subfield>
      <subfield code="c">20 cm</subfield>
    </datafield>
    <datafield tag="650" ind1=" " ind2="4">
      <subfield code="a">Olasz kifejezések</subfield>
    </datafield>
    <datafield tag="650" ind1=" " ind2="4">
      <subfield code="a">Olasz nyelven</subfield>
    </datafield>
    <datafield tag="650" ind1=" " ind2="4">
      <subfield code="a">Német nyelven</subfield>
    </datafield>
    <datafield tag="650" ind1=" " ind2="4">
      <subfield code="a">Közmondások. Népies szólásmódok. Tréfák</subfield>
    </datafield>
    <datafield tag="650" ind1=" " ind2="4">
      <subfield code="a">Olaszország államigazgatási felosztása (Róma)</subfield>
    </datafield>
    <datafield tag="700" ind1="1" ind2=" ">
      <subfield code="a">Ross, Werner</subfield>
    </datafield>
    <datafield tag="852" ind1=" " ind2=" ">
      <subfield code="a">SZ1</subfield>
      <subfield code="b">SZ1</subfield>
      <subfield code="x">bibJAT00656140</subfield>
    </datafield>
    <datafield tag="852" ind1=" " ind2=" ">
      <subfield code="a">B14</subfield>
      <subfield code="b">B14</subfield>
      <subfield code="x">601694</subfield>
    </datafield>
  </record>
  <record>
    <leader>00569nam  2200169 i 4500</leader>
    <controlfield tag="001">MOKKAW0005220797  </controlfield>
    <controlfield tag="005">20080403184557.0</controlfield>
    <controlfield tag="008">050713s1968                        ger d</controlfield>
    <datafield tag="035" ind1=" " ind2=" ">
      <subfield code="a">OIK214133</subfield>
    </datafield>
    <datafield tag="040" ind1=" " ind2=" ">
      <subfield code="a">OIK</subfield>
    </datafield>
    <datafield tag="041" ind1="0" ind2=" ">
      <subfield code="a">gereng</subfield>
    </datafield>
    <datafield tag="100" ind1="1" ind2=" ">
      <subfield code="a">Wykeham Reginald</subfield>
    </datafield>
    <datafield tag="245" ind1="1" ind2="0">
      <subfield code="a">1000 idiomatische Redensarten English : </subfield>
      <subfield code="b">Mit Erklärungen und Beispielen /</subfield>
      <subfield code="c">von Reginald Wykeham ; Neubearb. von W. Schmidt-Hidding und H. Robert Dodd</subfield>
    </datafield>
    <datafield tag="250" ind1=" " ind2=" ">
      <subfield code="a">8. Aufl</subfield>
    </datafield>
    <datafield tag="260" ind1=" " ind2=" ">
      <subfield code="a">Berlin</subfield>
      <subfield code="a">München</subfield>
      <subfield code="a">Zürich :</subfield>
      <subfield code="b">Langenscheidt KG,</subfield>
      <subfield code="c">1968</subfield>
    </datafield>
    <datafield tag="300" ind1=" " ind2=" ">
      <subfield code="a">246 p ;</subfield>
      <subfield code="c">19 cm</subfield>
    </datafield>
    <datafield tag="852" ind1=" " ind2=" ">
      <subfield code="a">B14</subfield>
      <subfield code="b">B14</subfield>
      <subfield code="x">OIK214133</subfield>
    </datafield>
  </record>
  <record>
    <leader>00706nam  2200217 i 4500</leader>
    <controlfield tag="001">MOKKAS0003528725  </controlfield>
    <controlfield tag="005">20060606033953.0</controlfield>
    <controlfield tag="008">050714s1979                        ger d</controlfield>
    <datafield tag="035" ind1=" " ind2=" ">
      <subfield code="a">624778</subfield>
    </datafield>
    <datafield tag="040" ind1=" " ind2=" ">
      <subfield code="a">OIK</subfield>
    </datafield>
    <datafield tag="041" ind1="0" ind2=" ">
      <subfield code="a">gereng</subfield>
    </datafield>
    <datafield tag="100" ind1="1" ind2=" ">
      <subfield code="a">Wykeham, Reginald</subfield>
    </datafield>
    <datafield tag="245" ind1="1" ind2="0">
      <subfield code="a">1000 idiomatische Redensarten English : </subfield>
      <subfield code="b">Mit Erklärungen und Beispielen /</subfield>
      <subfield code="c">von Reginald Wykeham ; Neubearb. von W. Schmidt-Hidding und H. Robert Dodd</subfield>
    </datafield>
    <datafield tag="250" ind1=" " ind2=" ">
      <subfield code="a">15. Aufl.</subfield>
    </datafield>
    <datafield tag="260" ind1=" " ind2=" ">
      <subfield code="a">Berlin ; München ; Zürich :</subfield>
      <subfield code="b">Langenscheidt GK,</subfield>
      <subfield code="c">1979</subfield>
    </datafield>
    <datafield tag="300" ind1=" " ind2=" ">
      <subfield code="a">246 p. ;</subfield>
      <subfield code="c">19 cm</subfield>
    </datafield>
    <datafield tag="500" ind1=" " ind2=" ">
      <subfield code="a">Bibliogr.: p. 234.</subfield>
    </datafield>
    <datafield tag="650" ind1=" " ind2="4">
      <subfield code="a">Angol kifejezések</subfield>
    </datafield>
    <datafield tag="650" ind1=" " ind2="4">
      <subfield code="a">Német nyelven</subfield>
    </datafield>
    <datafield tag="852" ind1=" " ind2=" ">
      <subfield code="a">B14</subfield>
      <subfield code="b">B14</subfield>
      <subfield code="x">624778</subfield>
    </datafield>
    <datafield tag="852" ind1=" " ind2=" ">
      <subfield code="a">B14</subfield>
      <subfield code="b">B14</subfield>
      <subfield code="x">OIK624778</subfield>
    </datafield>
  </record>
  <record>
    <leader>00350cam  22001217  4500</leader>
    <controlfield tag="001">MOKKAZ0004411150  </controlfield>
    <controlfield tag="005">20040910065909.0</controlfield>
    <controlfield tag="008">      s1960                        und d</controlfield>
    <datafield tag="035" ind1=" " ind2=" ">
      <subfield code="a">bibFSZ00257220</subfield>
    </datafield>
    <datafield tag="040" ind1=" " ind2=" ">
      <subfield code="a">FSZEK</subfield>
    </datafield>
    <datafield tag="245" ind1="0" ind2="0">
      <subfield code="a">1000 idiomatische spanische Redensarten /</subfield>
      <subfield code="c">Werner Beinhauer</subfield>
    </datafield>
    <datafield tag="260" ind1=" " ind2=" ">
      <subfield code="a">[S.l.] :</subfield>
      <subfield code="b">[S.n.],</subfield>
      <subfield code="c">1960</subfield>
    </datafield>
    <datafield tag="852" ind1=" " ind2=" ">
      <subfield code="a">B10</subfield>
      <subfield code="b">0801</subfield>
      <subfield code="x">bibFSZ00257220</subfield>
    </datafield>
  </record>
  <record>
    <leader>00441nam  2200169 i 4500</leader>
    <controlfield tag="001">MOKKAS0003499855  </controlfield>
    <controlfield tag="005">20060605232653.0</controlfield>
    <controlfield tag="008">050714s1960                        ger d</controlfield>
    <datafield tag="035" ind1=" " ind2=" ">
      <subfield code="a">541496</subfield>
    </datafield>
    <datafield tag="040" ind1=" " ind2=" ">
      <subfield code="a">OIK</subfield>
    </datafield>
    <datafield tag="041" ind1="0" ind2=" ">
      <subfield code="a">ger</subfield>
    </datafield>
    <datafield tag="100" ind1="1" ind2=" ">
      <subfield code="a">Beinhauer, Werner</subfield>
    </datafield>
    <datafield tag="245" ind1="1" ind2="0">
      <subfield code="a">1000 idiomatische spanische Redensarten</subfield>
    </datafield>
    <datafield tag="260" ind1=" " ind2=" ">
      <subfield code="a">Berlin-Schöneberg :</subfield>
      <subfield code="b">Langenscheidt GK,</subfield>
      <subfield code="c">1960</subfield>
    </datafield>
    <datafield tag="300" ind1=" " ind2=" ">
      <subfield code="a">202 p.</subfield>
    </datafield>
    <datafield tag="650" ind1=" " ind2="4">
      <subfield code="a">Német nyelven</subfield>
    </datafield>
    <datafield tag="852" ind1=" " ind2=" ">
      <subfield code="a">B14</subfield>
      <subfield code="b">B14</subfield>
      <subfield code="x">541496</subfield>
    </datafield>
  </record>
  <record>
    <leader>00754nam  2200229 i 4500</leader>
    <controlfield tag="001">MOKKAS0002080918  </controlfield>
    <controlfield tag="005">20100127105516.0</controlfield>
    <controlfield tag="008">050308s2005    hu a          001 0 hun d</controlfield>
    <datafield tag="020" ind1=" " ind2=" ">
      <subfield code="a">963-9379-47-6 (kötött)</subfield>
    </datafield>
    <datafield tag="035" ind1=" " ind2=" ">
      <subfield code="a">2550514</subfield>
    </datafield>
    <datafield tag="040" ind1=" " ind2=" ">
      <subfield code="a">OSZK</subfield>
    </datafield>
    <datafield tag="041" ind1="1" ind2=" ">
      <subfield code="a">hunhun</subfield>
      <subfield code="h">eng</subfield>
    </datafield>
    <datafield tag="100" ind1="1" ind2=" ">
      <subfield code="a">Rock, Lois</subfield>
      <subfield code="d">(1953-)</subfield>
    </datafield>
    <datafield tag="240" ind1="1" ind2="4">
      <subfield code="a">The Lion book of 1000 prayers for children</subfield>
      <subfield code="l">(magyar)</subfield>
    </datafield>
    <datafield tag="245" ind1="1" ind2="0">
      <subfield code="a">1000 ima gyermekeknek /</subfield>
      <subfield code="c">írta és összeáll. Lois Rock ; ill. Ruth Rivers ; [ford. Sütő Gyöngyi]</subfield>
    </datafield>
    <datafield tag="260" ind1=" " ind2=" ">
      <subfield code="a">[Nagykanizsa] :</subfield>
      <subfield code="b">Canissa,</subfield>
      <subfield code="c">[2005]</subfield>
    </datafield>
    <datafield tag="300" ind1=" " ind2=" ">
      <subfield code="a">528 p. :</subfield>
      <subfield code="b">ill. ;</subfield>
      <subfield code="c">22 cm</subfield>
    </datafield>
    <datafield tag="650" ind1=" " ind2="7">
      <subfield code="a">Ima</subfield>
      <subfield code="x">gyerekeknek</subfield>
      <subfield code="2">szte</subfield>
    </datafield>
    <datafield tag="700" ind1="1" ind2=" ">
      <subfield code="a">Rivers, Ruth</subfield>
      <subfield code="4">(ill.)</subfield>
    </datafield>
    <datafield tag="700" ind1="1" ind2=" ">
      <subfield code="a">Sütő Gyöngyi</subfield>
      <subfield code="4">(ford.)</subfield>
    </datafield>
    <datafield tag="852" ind1=" " ind2=" ">
      <subfield code="a">B1</subfield>
      <subfield code="b">B1</subfield>
      <subfield code="x">2550514</subfield>
    </datafield>
    <datafield tag="852" ind1=" " ind2=" ">
      <subfield code="a">SZ4</subfield>
      <subfield code="b">SZ4</subfield>
      <subfield code="x">bibDEK427767</subfield>
    </datafield>
  </record>
  <record>
    <leader>00544nam  2200193 i 4500</leader>
    <controlfield tag="001">MOKKAS0003400541  </controlfield>
    <controlfield tag="005">20060604060612.0</controlfield>
    <controlfield tag="008">050713s1988                        fin d</controlfield>
    <datafield tag="020" ind1=" " ind2=" ">
      <subfield code="a">951 692 184 1</subfield>
    </datafield>
    <datafield tag="035" ind1=" " ind2=" ">
      <subfield code="a">196270</subfield>
    </datafield>
    <datafield tag="040" ind1=" " ind2=" ">
      <subfield code="a">OIK</subfield>
    </datafield>
    <datafield tag="041" ind1="0" ind2=" ">
      <subfield code="a">fin</subfield>
    </datafield>
    <datafield tag="100" ind1="1" ind2=" ">
      <subfield code="a">Huttunen, Jorma</subfield>
    </datafield>
    <datafield tag="245" ind1="1" ind2="0">
      <subfield code="a">1000 ja 1 kirjaa /</subfield>
      <subfield code="c">Jorma Huttunen</subfield>
    </datafield>
    <datafield tag="260" ind1=" " ind2=" ">
      <subfield code="a">Helsinki :</subfield>
      <subfield code="b">Kirjastopalvelu,</subfield>
      <subfield code="c">1988</subfield>
    </datafield>
    <datafield tag="300" ind1=" " ind2=" ">
      <subfield code="a">282 p. ;</subfield>
      <subfield code="c">21 cm</subfield>
    </datafield>
    <datafield tag="650" ind1=" " ind2="4">
      <subfield code="a">Válogató jellegű bibliográfia. Ajánló bibliográfia</subfield>
    </datafield>
    <datafield tag="650" ind1=" " ind2="4">
      <subfield code="a">Többnyelvű. Polyglot</subfield>
    </datafield>
    <datafield tag="852" ind1=" " ind2=" ">
      <subfield code="a">B14</subfield>
      <subfield code="b">B14</subfield>
      <subfield code="x">196270</subfield>
    </datafield>
  </record>
  <record>
    <leader>01155nam  2200241 i 4500</leader>
    <controlfield tag="001">MOKKAZ0003304244  </controlfield>
    <controlfield tag="005">20040909175457.0</controlfield>
    <controlfield tag="008">      s1976    au a           0010 ger d</controlfield>
    <datafield tag="035" ind1=" " ind2=" ">
      <subfield code="a">bibKLT00074901</subfield>
    </datafield>
    <datafield tag="040" ind1=" " ind2=" ">
      <subfield code="a">DEENK</subfield>
    </datafield>
    <datafield tag="245" ind1="0" ind2="0">
      <subfield code="a">1000 Jahre Babenberger in Österreich :</subfield>
      <subfield code="b">Niederösterreichische Jubiläumsausstellung : Stift Lilienfeld 15. Mai - 31. Oktober 1976 : [Katalog] /</subfield>
      <subfield code="c">[Hrsg. Amt der Niederösterreichischen Landesregierung] ; [Katalogbearb. Erich Zöllner, Karl Gutkas]</subfield>
    </datafield>
    <datafield tag="260" ind1=" " ind2=" ">
      <subfield code="a">Wien :</subfield>
      <subfield code="b">Amt der Niederösterreichischen Landesregierung,</subfield>
      <subfield code="c">1976</subfield>
    </datafield>
    <datafield tag="300" ind1=" " ind2=" ">
      <subfield code="a">XXIII, 774 p. :</subfield>
      <subfield code="b">ill. ;</subfield>
      <subfield code="c">25 cm</subfield>
    </datafield>
    <datafield tag="490" ind1="1" ind2=" ">
      <subfield code="a">(Katalog des Niederösterreichischen Landesmuseums. Neue Folge ;</subfield>
      <subfield code="v">66.)</subfield>
    </datafield>
    <datafield tag="600" ind1="3" ind2=" ">
      <subfield code="a">Babenberg (család)</subfield>
      <subfield code="x">életrajz</subfield>
      <subfield code="x">kiállítások</subfield>
    </datafield>
    <datafield tag="651" ind1=" " ind2="4">
      <subfield code="a">Ausztria</subfield>
      <subfield code="x">történet</subfield>
      <subfield code="x">kiállítások</subfield>
    </datafield>
    <datafield tag="651" ind1=" " ind2="0">
      <subfield code="a">Austria</subfield>
      <subfield code="x">History</subfield>
      <subfield code="x">Exhibitions.</subfield>
    </datafield>
    <datafield tag="700" ind1="1" ind2=" ">
      <subfield code="a">Gutkas, Karl</subfield>
      <subfield code="d">(1926-)</subfield>
    </datafield>
    <datafield tag="700" ind1="1" ind2=" ">
      <subfield code="a">Zöllner, Erich</subfield>
      <subfield code="d">(1916-)</subfield>
    </datafield>
    <datafield tag="710" ind1="2" ind2=" ">
      <subfield code="a">Niederösterreichische Landesregierung (Wien)</subfield>
    </datafield>
    <datafield tag="810" ind1="2" ind2=" ">
      <subfield code="a">Niederösterreichisches Landesmuseum (Wien)</subfield>
    </datafield>
    <datafield tag="830" ind1=" " ind2="0">
      <subfield code="a">Katalog des Niederösterreichischen Landesmuseums.</subfield>
      <subfield code="p">Neue Folge</subfield>
    </datafield>
    <datafield tag="852" ind1=" " ind2=" ">
      <subfield code="a">D1</subfield>
      <subfield code="b">D1/OE</subfield>
      <subfield code="x">bibKLT00074901</subfield>
    </datafield>
  </record>
  <record>
    <leader>00587cam  2200205 i 4500</leader>
    <controlfield tag="001">MOKKAS0001867383  </controlfield>
    <controlfield tag="005">20060530210717.0</controlfield>
    <controlfield tag="008">980728c19891989gw            000 0 ger d</controlfield>
    <datafield tag="020" ind1=" " ind2=" ">
      <subfield code="a">3 597 30070 7</subfield>
    </datafield>
    <datafield tag="035" ind1=" " ind2=" ">
      <subfield code="a">41154</subfield>
    </datafield>
    <datafield tag="040" ind1=" " ind2=" ">
      <subfield code="a">ELTE</subfield>
    </datafield>
    <datafield tag="041" ind1="0" ind2=" ">
      <subfield code="a">ger</subfield>
    </datafield>
    <datafield tag="100" ind1="1" ind2=" ">
      <subfield code="a">Stökl, Günther</subfield>
    </datafield>
    <datafield tag="245" ind1="1" ind2="0">
      <subfield code="a">1000 Jahre christliches Russland und wir</subfield>
      <subfield code="c">/ Günther Stökl. -</subfield>
    </datafield>
    <datafield tag="260" ind1=" " ind2=" ">
      <subfield code="a">München :</subfield>
      <subfield code="b">Saur,</subfield>
      <subfield code="c">1989. -</subfield>
    </datafield>
    <datafield tag="300" ind1=" " ind2=" ">
      <subfield code="a">24 p. ;</subfield>
      <subfield code="c">25 cm.</subfield>
    </datafield>
    <datafield tag="490" ind1="1" ind2=" ">
      <subfield code="a">(Eichstätter Hochschulreden ;</subfield>
      <subfield code="v">70.)</subfield>
    </datafield>
    <datafield tag="650" ind1="0" ind2="4">
      <subfield code="a">egyháztörténet</subfield>
      <subfield code="z">orosz</subfield>
    </datafield>
    <datafield tag="830" ind1=" " ind2="0">
      <subfield code="a">Eichstätter Hochschulreden</subfield>
    </datafield>
    <datafield tag="852" ind1=" " ind2=" ">
      <subfield code="a">B2</subfield>
      <subfield code="b">B2</subfield>
      <subfield code="x">41154</subfield>
    </datafield>
  </record>
  <record>
    <leader>00504nam  2200193 i 4500</leader>
    <controlfield tag="001">MOKKAN0004560514  </controlfield>
    <controlfield tag="005">20070502223252.0</controlfield>
    <controlfield tag="008">011024s1984                        ger d</controlfield>
    <datafield tag="020" ind1=" " ind2=" ">
      <subfield code="a">3 8053 0535 4</subfield>
    </datafield>
    <datafield tag="035" ind1=" " ind2=" ">
      <subfield code="a">150177741</subfield>
    </datafield>
    <datafield tag="040" ind1=" " ind2=" ">
      <subfield code="a">BDK</subfield>
    </datafield>
    <datafield tag="041" ind1="0" ind2=" ">
      <subfield code="a">ger</subfield>
    </datafield>
    <datafield tag="100" ind1="1" ind2=" ">
      <subfield code="a">Volkoff, Oleg V.</subfield>
    </datafield>
    <datafield tag="245" ind1="0" ind2="0">
      <subfield code="a">1000 Jahre Kairo /</subfield>
      <subfield code="c">Oleg V. Volkoff</subfield>
    </datafield>
    <datafield tag="260" ind1=" " ind2=" ">
      <subfield code="a">Mainz am Rhein :</subfield>
      <subfield code="b">Philipp von Zabern,</subfield>
      <subfield code="c">1984</subfield>
    </datafield>
    <datafield tag="300" ind1=" " ind2=" ">
      <subfield code="a">251, [2] p., [35] t.</subfield>
    </datafield>
    <datafield tag="650" ind1=" " ind2="4">
      <subfield code="a">Kairó</subfield>
    </datafield>
    <datafield tag="651" ind1=" " ind2="4">
      <subfield code="a">El-Qahira</subfield>
    </datafield>
    <datafield tag="852" ind1=" " ind2=" ">
      <subfield code="a">SZO1</subfield>
      <subfield code="b">SZO1</subfield>
      <subfield code="x">150177741</subfield>
    </datafield>
  </record>
  <record>
    <leader>00597nama 22001571i 4500</leader>
    <controlfield tag="001">MOKKAS0000675920  </controlfield>
    <controlfield tag="005">20060118140548.0</controlfield>
    <controlfield tag="008">041105s1971    at            000 0 gerod</controlfield>
    <datafield tag="035" ind1=" " ind2=" ">
      <subfield code="a">1434869</subfield>
    </datafield>
    <datafield tag="040" ind1=" " ind2=" ">
      <subfield code="a">OSZK</subfield>
    </datafield>
    <datafield tag="041" ind1="0" ind2=" ">
      <subfield code="a">gerger</subfield>
    </datafield>
    <datafield tag="245" ind1="0" ind2="0">
      <subfield code="a">1000 Jahre Kunst in Krems : </subfield>
      <subfield code="b">Ausstellung : Krems 28. Mai bis 24. Oktober 1971 /</subfield>
      <subfield code="c">veranst. u. hrsg. von der Stadt Krems an der Donau ; [Ausstellungsleitung, Einführung Harry Kühnel]</subfield>
    </datafield>
    <datafield tag="260" ind1=" " ind2=" ">
      <subfield code="a">Krems a. d. D. :</subfield>
      <subfield code="b">Kulturverwaltung,</subfield>
      <subfield code="c">1971</subfield>
    </datafield>
    <datafield tag="300" ind1=" " ind2=" ">
      <subfield code="a">XXVIII, 566 p., 70 t., 5 térk. ;</subfield>
      <subfield code="c">22 cm</subfield>
    </datafield>
    <datafield tag="700" ind1="1" ind2=" ">
      <subfield code="a">Kühnel, Harry</subfield>
      <subfield code="4">(közrem.)</subfield>
    </datafield>
    <datafield tag="852" ind1=" " ind2=" ">
      <subfield code="a">B1</subfield>
      <subfield code="b">B1</subfield>
      <subfield code="x">1434869</subfield>
    </datafield>
  </record>
  <record>
    <leader>00346cam  22001217  4500</leader>
    <controlfield tag="001">MOKKAZ0004376441  </controlfield>
    <controlfield tag="005">20040910064136.0</controlfield>
    <controlfield tag="008">      s1963                        und d</controlfield>
    <datafield tag="035" ind1=" " ind2=" ">
      <subfield code="a">bibFSZ00222480</subfield>
    </datafield>
    <datafield tag="040" ind1=" " ind2=" ">
      <subfield code="a">FSZEK</subfield>
    </datafield>
    <datafield tag="245" ind1="0" ind2="0">
      <subfield code="a">1000 jähriges Luxemburg : </subfield>
      <subfield code="b">woher?-wohin? /</subfield>
      <subfield code="c">Jean Kill</subfield>
    </datafield>
    <datafield tag="260" ind1=" " ind2=" ">
      <subfield code="a">[S.l.] :</subfield>
      <subfield code="b">[S.n.],</subfield>
      <subfield code="c">1963</subfield>
    </datafield>
    <datafield tag="852" ind1=" " ind2=" ">
      <subfield code="a">B10</subfield>
      <subfield code="b">0801</subfield>
      <subfield code="x">bibFSZ00222480</subfield>
    </datafield>
  </record>
  <record>
    <leader>01104nam  2200253 i 4500</leader>
    <controlfield tag="001">MOKKAZ0003453850  </controlfield>
    <controlfield tag="005">20040909191905.0</controlfield>
    <controlfield tag="008">971205s1997    nz            10010 ger d</controlfield>
    <datafield tag="020" ind1=" " ind2=" ">
      <subfield code="a">0 9597650 9 3</subfield>
    </datafield>
    <datafield tag="035" ind1=" " ind2=" ">
      <subfield code="a">bibKLT00159643</subfield>
    </datafield>
    <datafield tag="040" ind1=" " ind2=" ">
      <subfield code="a">DEENK</subfield>
    </datafield>
    <datafield tag="041" ind1="0" ind2=" ">
      <subfield code="a">gereng</subfield>
    </datafield>
    <datafield tag="245" ind1="0" ind2="0">
      <subfield code="a">1000 Jahre Österreich im Spiegel seiner Literature /</subfield>
      <subfield code="c">hrsg. von August Obermayer</subfield>
    </datafield>
    <datafield tag="260" ind1=" " ind2=" ">
      <subfield code="a">Dunedin [New Zealand] :</subfield>
      <subfield code="b">Department of German, Univ. of Otago,</subfield>
      <subfield code="c">1997</subfield>
    </datafield>
    <datafield tag="300" ind1=" " ind2=" ">
      <subfield code="a">234 p. ;</subfield>
      <subfield code="c">21 cm</subfield>
    </datafield>
    <datafield tag="490" ind1="1" ind2=" ">
      <subfield code="a">(Otago German studies,</subfield>
      <subfield code="x">0111-3283 ;</subfield>
      <subfield code="v">9.)</subfield>
    </datafield>
    <datafield tag="500" ind1=" " ind2=" ">
      <subfield code="a">Internationales Symposium vom 27-29. August 1996. Org. vom Germanistischen Institut der Univ. von Otago (Dunedin, New Zealand)</subfield>
    </datafield>
    <datafield tag="650" ind1=" " ind2="4">
      <subfield code="a">Osztrák irodalom</subfield>
      <subfield code="x">történet és kritika</subfield>
      <subfield code="x">kongresszusok</subfield>
    </datafield>
    <datafield tag="650" ind1=" " ind2="0">
      <subfield code="a">Austrian literature</subfield>
      <subfield code="x">History and criticism</subfield>
      <subfield code="x">Congresses.</subfield>
    </datafield>
    <datafield tag="651" ind1=" " ind2="4">
      <subfield code="a">Ausztria</subfield>
      <subfield code="x">az irodalomban</subfield>
    </datafield>
    <datafield tag="651" ind1=" " ind2="0">
      <subfield code="a">Austria</subfield>
      <subfield code="x">In literature.</subfield>
    </datafield>
    <datafield tag="700" ind1="1" ind2=" ">
      <subfield code="a">Obermayer, August</subfield>
    </datafield>
    <datafield tag="711" ind1="1" ind2=" ">
      <subfield code="a">University of Otago (Dunedin, New Zealand).</subfield>
      <subfield code="b">Department of German.</subfield>
      <subfield code="e">Internationales Symposium</subfield>
      <subfield code="d">(1996)</subfield>
      <subfield code="c">(Dunedin, New Zealand)</subfield>
    </datafield>
    <datafield tag="852" ind1=" " ind2=" ">
      <subfield code="a">D1</subfield>
      <subfield code="b">D1/OE</subfield>
      <subfield code="x">bibKLT00159643</subfield>
    </datafield>
  </record>
  <record>
    <leader>00780fam  2200277 i 4500</leader>
    <controlfield tag="001">MOKKAZ0006434137  </controlfield>
    <controlfield tag="005">20040915202324.0</controlfield>
    <controlfield tag="008">001026m19999999at c           00 j deuod</controlfield>
    <datafield tag="020" ind1=" " ind2=" ">
      <subfield code="a">3-85361-042-0</subfield>
    </datafield>
    <datafield tag="035" ind1=" " ind2=" ">
      <subfield code="a">838423</subfield>
    </datafield>
    <datafield tag="040" ind1=" " ind2=" ">
      <subfield code="a">OSZK</subfield>
    </datafield>
    <datafield tag="041" ind1="0" ind2=" ">
      <subfield code="a">deuger</subfield>
    </datafield>
    <datafield tag="100" ind1="1" ind2=" ">
      <subfield code="a">Hölzl, Norbert</subfield>
    </datafield>
    <datafield tag="245" ind1="1" ind2="0">
      <subfield code="a">1000 Jahre Tirol : </subfield>
      <subfield code="b">Geschichte scharf gewürzt /</subfield>
      <subfield code="c">Norbert Hölzl</subfield>
    </datafield>
    <datafield tag="250" ind1=" " ind2=" ">
      <subfield code="a">2. Aufl.</subfield>
    </datafield>
    <datafield tag="260" ind1=" " ind2=" ">
      <subfield code="a">Reith im Alpbachtal :</subfield>
      <subfield code="b">Ed. Tirol,</subfield>
      <subfield code="c">1999</subfield>
    </datafield>
    <datafield tag="300" ind1=" " ind2=" ">
      <subfield code="a">320 p. :</subfield>
      <subfield code="b">ill. ;</subfield>
      <subfield code="c">22 cm</subfield>
    </datafield>
    <datafield tag="650" ind1="0" ind2="4">
      <subfield code="a">művelődéstörténet</subfield>
      <subfield code="z">Tirol</subfield>
    </datafield>
    <datafield tag="650" ind1="0" ind2="4">
      <subfield code="a">Tirol története</subfield>
    </datafield>
    <datafield tag="650" ind1="0" ind2="4">
      <subfield code="a">honismeret</subfield>
      <subfield code="z">Tirol</subfield>
    </datafield>
    <datafield tag="650" ind1=" " ind2="7">
      <subfield code="a">Tirol története</subfield>
      <subfield code="2">szte</subfield>
    </datafield>
    <datafield tag="651" ind1=" " ind2="4">
      <subfield code="a">Tirol</subfield>
    </datafield>
    <datafield tag="852" ind1=" " ind2=" ">
      <subfield code="a">B1</subfield>
      <subfield code="b">B1</subfield>
      <subfield code="x">838423</subfield>
    </datafield>
    <datafield tag="852" ind1=" " ind2=" ">
      <subfield code="a">M1</subfield>
      <subfield code="b">M1</subfield>
      <subfield code="x">129685</subfield>
    </datafield>
    <datafield tag="852" ind1=" " ind2=" ">
      <subfield code="a">B2</subfield>
      <subfield code="b">B2</subfield>
      <subfield code="x">92518</subfield>
    </datafield>
    <datafield tag="852" ind1=" " ind2=" ">
      <subfield code="a">SZ1</subfield>
      <subfield code="b">SZ1</subfield>
      <subfield code="x">bibJAT00392453</subfield>
    </datafield>
  </record>
  <record>
    <leader>00626nam  2200217 i 4500</leader>
    <controlfield tag="001">MOKKAS0001322294  </controlfield>
    <controlfield tag="005">20060112222429.0</controlfield>
    <controlfield tag="008">      s1999    hu            00010 ger d</controlfield>
    <datafield tag="020" ind1=" " ind2=" ">
      <subfield code="a">3-85361-042-0 (kötött) :</subfield>
      <subfield code="c">2000,- Ft</subfield>
    </datafield>
    <datafield tag="035" ind1=" " ind2=" ">
      <subfield code="a">bibRFK00150091</subfield>
    </datafield>
    <datafield tag="040" ind1=" " ind2=" ">
      <subfield code="a">RFMK</subfield>
    </datafield>
    <datafield tag="041" ind1=" " ind2=" ">
      <subfield code="a">ger</subfield>
    </datafield>
    <datafield tag="100" ind1="1" ind2=" ">
      <subfield code="a">Hölzl, Norbert</subfield>
    </datafield>
    <datafield tag="245" ind1="1" ind2="0">
      <subfield code="a">1000 Jahre Tirol :</subfield>
      <subfield code="b">Geschichte scharf gewürzt /</subfield>
      <subfield code="c">Norbert Hölzl</subfield>
    </datafield>
    <datafield tag="250" ind1=" " ind2=" ">
      <subfield code="a">4. erw. Aufl.</subfield>
    </datafield>
    <datafield tag="260" ind1=" " ind2=" ">
      <subfield code="a">Reith im Alpbachtal :</subfield>
      <subfield code="b">Edition Tirol,</subfield>
      <subfield code="c">1999</subfield>
    </datafield>
    <datafield tag="300" ind1=" " ind2=" ">
      <subfield code="a">336 p. :</subfield>
      <subfield code="b">ill. ;</subfield>
      <subfield code="c">22 cm</subfield>
    </datafield>
    <datafield tag="500" ind1=" " ind2=" ">
      <subfield code="a">rs</subfield>
    </datafield>
    <datafield tag="650" ind1=" " ind2="4">
      <subfield code="a">osztrák történelem</subfield>
    </datafield>
    <datafield tag="651" ind1=" " ind2="4">
      <subfield code="a">Tirol</subfield>
    </datafield>
    <datafield tag="852" ind1=" " ind2=" ">
      <subfield code="a">M2</subfield>
      <subfield code="b">M2</subfield>
      <subfield code="x">bibRFK00150091</subfield>
    </datafield>
  </record>
  <record>
    <leader>00629fam  2200205 i 4500</leader>
    <controlfield tag="001">MOKKAZ0003680106  </controlfield>
    <controlfield tag="005">20040909211920.0</controlfield>
    <controlfield tag="008">010905s2000    au a          00010 ger d</controlfield>
    <datafield tag="020" ind1=" " ind2=" ">
      <subfield code="a">3 85361 042 0</subfield>
    </datafield>
    <datafield tag="035" ind1=" " ind2=" ">
      <subfield code="a">bibKLT00295193</subfield>
    </datafield>
    <datafield tag="040" ind1=" " ind2=" ">
      <subfield code="a">DEENK</subfield>
    </datafield>
    <datafield tag="100" ind1="1" ind2=" ">
      <subfield code="a">Hölzl, Norbert</subfield>
    </datafield>
    <datafield tag="245" ind1="1" ind2="0">
      <subfield code="a">1000 Jahre Tirol :</subfield>
      <subfield code="b">Geschichte scharf gewürzt /</subfield>
      <subfield code="c">Norbert Hölzl</subfield>
    </datafield>
    <datafield tag="250" ind1=" " ind2=" ">
      <subfield code="a">4., erw. Aufl.</subfield>
    </datafield>
    <datafield tag="260" ind1=" " ind2=" ">
      <subfield code="a">[Innsbruck] :</subfield>
      <subfield code="b">Edition Tirol,</subfield>
      <subfield code="c">2000</subfield>
    </datafield>
    <datafield tag="300" ind1=" " ind2=" ">
      <subfield code="a">336 p. :</subfield>
      <subfield code="b">ill. ;</subfield>
      <subfield code="c">22 cm</subfield>
    </datafield>
    <datafield tag="651" ind1=" " ind2="4">
      <subfield code="a">Tirol (Ausztria)</subfield>
      <subfield code="x">történet</subfield>
    </datafield>
    <datafield tag="651" ind1=" " ind2="0">
      <subfield code="a">Tyrol (Austria)</subfield>
      <subfield code="x">History.</subfield>
    </datafield>
    <datafield tag="852" ind1=" " ind2=" ">
      <subfield code="a">D1</subfield>
      <subfield code="b">D1/OE</subfield>
      <subfield code="x">bibKLT00295193</subfield>
    </datafield>
    <datafield tag="852" ind1=" " ind2=" ">
      <subfield code="a">P1</subfield>
      <subfield code="b">P1/DB</subfield>
      <subfield code="x">bibKLT00295193</subfield>
    </datafield>
  </record>
  <record>
    <leader>00590cam  2200193 i 4500</leader>
    <controlfield tag="001">MOKKAS0003750016  </controlfield>
    <controlfield tag="005">20060615050427.0</controlfield>
    <controlfield tag="008">010905s2000    au a          00010 ger d</controlfield>
    <datafield tag="020" ind1=" " ind2=" ">
      <subfield code="a">3 85361 042 0 (kötött)</subfield>
    </datafield>
    <datafield tag="035" ind1=" " ind2=" ">
      <subfield code="a">bibTMK82891</subfield>
    </datafield>
    <datafield tag="040" ind1=" " ind2=" ">
      <subfield code="a">IGYUK</subfield>
    </datafield>
    <datafield tag="100" ind1="1" ind2=" ">
      <subfield code="a">Hölzl, Norbert</subfield>
    </datafield>
    <datafield tag="245" ind1="1" ind2="0">
      <subfield code="a">1000 Jahre Tirol :</subfield>
      <subfield code="b">Geschichte scharf gewürzt /</subfield>
      <subfield code="c">Norbert Hölzl</subfield>
    </datafield>
    <datafield tag="250" ind1=" " ind2=" ">
      <subfield code="a">4., erw. Aufl.</subfield>
    </datafield>
    <datafield tag="260" ind1=" " ind2=" ">
      <subfield code="a">Reith im Alpachtal :</subfield>
      <subfield code="b">Tirol,</subfield>
      <subfield code="c">2000</subfield>
    </datafield>
    <datafield tag="300" ind1=" " ind2=" ">
      <subfield code="a">336 p. :</subfield>
      <subfield code="b">ill. ;</subfield>
      <subfield code="c">22 cm</subfield>
    </datafield>
    <datafield tag="650" ind1=" " ind2="4">
      <subfield code="a">Civilizáció</subfield>
      <subfield code="x">történet</subfield>
      <subfield code="z">Ausztria</subfield>
    </datafield>
    <datafield tag="651" ind1=" " ind2="4">
      <subfield code="a">Tirol (Ausztria)</subfield>
    </datafield>
    <datafield tag="852" ind1=" " ind2=" ">
      <subfield code="a">SZK1</subfield>
      <subfield code="b">SZK1</subfield>
      <subfield code="x">bibTMK82891</subfield>
    </datafield>
  </record>
  <record>
    <leader>00888nam  2200289 i 4500</leader>
    <controlfield tag="001">MOKKAW0005411014  </controlfield>
    <controlfield tag="005">20090621124029.0</controlfield>
    <controlfield tag="008">080128s2007    au ao         00010 ger d</controlfield>
    <datafield tag="020" ind1=" " ind2=" ">
      <subfield code="a">978 3 85361 127 2</subfield>
    </datafield>
    <datafield tag="035" ind1=" " ind2=" ">
      <subfield code="a">bibDEK00673588</subfield>
    </datafield>
    <datafield tag="040" ind1=" " ind2=" ">
      <subfield code="a">DEENK</subfield>
    </datafield>
    <datafield tag="080" ind1=" " ind2=" ">
      <subfield code="a">908.436.6</subfield>
    </datafield>
    <datafield tag="080" ind1=" " ind2=" ">
      <subfield code="a">930.85(436.6)</subfield>
    </datafield>
    <datafield tag="080" ind1=" " ind2=" ">
      <subfield code="a">830(436)-43"195/199"Hölzl, N.7</subfield>
    </datafield>
    <datafield tag="100" ind1="1" ind2=" ">
      <subfield code="a">Hölzl, Norbert</subfield>
    </datafield>
    <datafield tag="245" ind1="1" ind2="0">
      <subfield code="a">1000 Jahre Tirol :</subfield>
      <subfield code="b">Geschichte scharf gewürzt /</subfield>
      <subfield code="c">Norbert Hölzl</subfield>
    </datafield>
    <datafield tag="250" ind1=" " ind2=" ">
      <subfield code="a">5., erw. Aufl.</subfield>
    </datafield>
    <datafield tag="260" ind1=" " ind2=" ">
      <subfield code="a">[Innsbruck] :</subfield>
      <subfield code="b">Edition Tirol,</subfield>
      <subfield code="c">2007</subfield>
    </datafield>
    <datafield tag="300" ind1=" " ind2=" ">
      <subfield code="a">400 p. :</subfield>
      <subfield code="b">ill. ;</subfield>
      <subfield code="c">24 cm</subfield>
    </datafield>
    <datafield tag="500" ind1=" " ind2=" ">
      <subfield code="a">Magyarországon nyomtatták</subfield>
    </datafield>
    <datafield tag="651" ind1=" " ind2="4">
      <subfield code="a">Tirol (Ausztria)</subfield>
      <subfield code="x">történet</subfield>
    </datafield>
    <datafield tag="651" ind1=" " ind2="0">
      <subfield code="a">Tyrol (Austria)</subfield>
      <subfield code="x">History.</subfield>
    </datafield>
    <datafield tag="651" ind1=" " ind2="4">
      <subfield code="a">Tyrol (Austria)</subfield>
      <subfield code="x">History.</subfield>
    </datafield>
    <datafield tag="695" ind1=" " ind2=" ">
      <subfield code="a">Tirol története</subfield>
    </datafield>
    <datafield tag="695" ind1=" " ind2=" ">
      <subfield code="a">Ausztria története</subfield>
    </datafield>
    <datafield tag="852" ind1=" " ind2=" ">
      <subfield code="a">D1</subfield>
      <subfield code="b">D1</subfield>
      <subfield code="x">bibDEK00673588</subfield>
    </datafield>
    <datafield tag="852" ind1=" " ind2=" ">
      <subfield code="a">P1</subfield>
      <subfield code="b">P1</subfield>
      <subfield code="x">bibPTE00510249</subfield>
    </datafield>
  </record>
  <record>
    <leader>00669cam  2200205 i 4500</leader>
    <controlfield tag="001">MOKKAN0003963081  </controlfield>
    <controlfield tag="005">20061106005658.0</controlfield>
    <controlfield tag="008">990118s1996    au a          00010 ger d</controlfield>
    <datafield tag="035" ind1=" " ind2=" ">
      <subfield code="a">79802</subfield>
    </datafield>
    <datafield tag="040" ind1=" " ind2=" ">
      <subfield code="a">MEKLM</subfield>
    </datafield>
    <datafield tag="041" ind1="0" ind2=" ">
      <subfield code="a">ger</subfield>
    </datafield>
    <datafield tag="245" ind1="0" ind2="0">
      <subfield code="a">1000 Jahre und mehr Österreich und seine Menschen um das Jahr 1000 /</subfield>
      <subfield code="c">hrsg. vom Bundespressedienst</subfield>
    </datafield>
    <datafield tag="260" ind1=" " ind2=" ">
      <subfield code="a">Wien :</subfield>
      <subfield code="b">Bundespressedienst,</subfield>
      <subfield code="c">1996</subfield>
    </datafield>
    <datafield tag="300" ind1=" " ind2=" ">
      <subfield code="a">38 p. :</subfield>
      <subfield code="b">ill. ;</subfield>
      <subfield code="c">27 cm</subfield>
    </datafield>
    <datafield tag="490" ind1="1" ind2=" ">
      <subfield code="a">(Österreich dokumentation)</subfield>
    </datafield>
    <datafield tag="650" ind1="0" ind2="4">
      <subfield code="a">társadalomrajz</subfield>
      <subfield code="z">Ausztria</subfield>
      <subfield code="y">középkor</subfield>
    </datafield>
    <datafield tag="650" ind1="0" ind2="4">
      <subfield code="a">életmód</subfield>
      <subfield code="z">Ausztria</subfield>
      <subfield code="y">középkor</subfield>
    </datafield>
    <datafield tag="710" ind1="2" ind2=" ">
      <subfield code="a">Bundespressedienst</subfield>
      <subfield code="c">(Wien)</subfield>
    </datafield>
    <datafield tag="830" ind1=" " ind2="0">
      <subfield code="a">Österreich dokumentation</subfield>
    </datafield>
    <datafield tag="852" ind1=" " ind2=" ">
      <subfield code="a">M1</subfield>
      <subfield code="b">M1</subfield>
      <subfield code="x">79802</subfield>
    </datafield>
  </record>
  <record>
    <leader>00666nam  2200193   4500</leader>
    <controlfield tag="001">MOKKAZ0003995043  </controlfield>
    <controlfield tag="005">20040910015642.0</controlfield>
    <controlfield tag="008">970212 1996    au            00010 ger  </controlfield>
    <datafield tag="035" ind1=" " ind2=" ">
      <subfield code="a">bibJAT00259326</subfield>
    </datafield>
    <datafield tag="040" ind1=" " ind2=" ">
      <subfield code="a">SZTE</subfield>
    </datafield>
    <datafield tag="100" ind1="1" ind2=" ">
      <subfield code="a">Wolfram, Herwig</subfield>
    </datafield>
    <datafield tag="245" ind1="0" ind2="0">
      <subfield code="a">1000 Jahre und mehr :</subfield>
      <subfield code="b">Österreich und seine Menschen um das Jahr 1000 /</subfield>
      <subfield code="c">[Herwig Wolfram]</subfield>
    </datafield>
    <datafield tag="260" ind1=" " ind2=" ">
      <subfield code="a">Wien :</subfield>
      <subfield code="b">Bundespressedienst,</subfield>
      <subfield code="c">1996</subfield>
    </datafield>
    <datafield tag="300" ind1=" " ind2=" ">
      <subfield code="a">38 p. :</subfield>
      <subfield code="b">ill. ;</subfield>
      <subfield code="c">27 cm</subfield>
    </datafield>
    <datafield tag="490" ind1="1" ind2=" ">
      <subfield code="a">(Österreich Dokumentation)</subfield>
    </datafield>
    <datafield tag="650" ind1=" " ind2="7">
      <subfield code="a">Társadalomtörténet</subfield>
      <subfield code="x">Ausztria</subfield>
      <subfield code="y">középkor</subfield>
      <subfield code="2">szte</subfield>
    </datafield>
    <datafield tag="650" ind1=" " ind2="7">
      <subfield code="a">Életmód</subfield>
      <subfield code="x">Ausztria</subfield>
      <subfield code="y">középkor</subfield>
      <subfield code="2">szte</subfield>
    </datafield>
    <datafield tag="830" ind1=" " ind2="0">
      <subfield code="a">Österreich Dokumentation</subfield>
    </datafield>
    <datafield tag="852" ind1=" " ind2=" ">
      <subfield code="a">SZ1</subfield>
      <subfield code="b">SZ1</subfield>
      <subfield code="x">bibJAT00259326</subfield>
    </datafield>
  </record>
  <record>
    <leader>00680nama 22001931i 4500</leader>
    <controlfield tag="001">MOKKAS0000639206  </controlfield>
    <controlfield tag="005">20060614192725.0</controlfield>
    <controlfield tag="008">041001s1981    de            000 0 gerod</controlfield>
    <datafield tag="035" ind1=" " ind2=" ">
      <subfield code="a">1398087</subfield>
    </datafield>
    <datafield tag="040" ind1=" " ind2=" ">
      <subfield code="a">OSZK</subfield>
    </datafield>
    <datafield tag="041" ind1="0" ind2=" ">
      <subfield code="a">gerger</subfield>
    </datafield>
    <datafield tag="100" ind1="1" ind2=" ">
      <subfield code="a">Goldstein, Walter B.</subfield>
      <subfield code="c">(cédulakatalógus alapján)</subfield>
    </datafield>
    <datafield tag="245" ind1="1" ind2="0">
      <subfield code="a">1000 Jahre Wien und die Habsburger : </subfield>
      <subfield code="b">eine europäische Legende /</subfield>
      <subfield code="c">Walter B. Goldstein</subfield>
    </datafield>
    <datafield tag="260" ind1=" " ind2=" ">
      <subfield code="a">St. Michael :</subfield>
      <subfield code="b">Bläschke,</subfield>
      <subfield code="c">1981</subfield>
    </datafield>
    <datafield tag="300" ind1=" " ind2=" ">
      <subfield code="a">408 p., 24 t. ;</subfield>
      <subfield code="c">21 cm</subfield>
    </datafield>
    <datafield tag="490" ind1="1" ind2=" ">
      <subfield code="a">Walter B. Goldstein: Städtebilder der Bernsteinstrasse</subfield>
    </datafield>
    <datafield tag="504" ind1=" " ind2=" ">
      <subfield code="a">Bibliogr.: p. 393-396.</subfield>
    </datafield>
    <datafield tag="830" ind1=" " ind2="0">
      <subfield code="a">Walter B. Goldstein: Städtebilder der Bernsteinstrasse</subfield>
    </datafield>
    <datafield tag="852" ind1=" " ind2=" ">
      <subfield code="a">B1</subfield>
      <subfield code="b">B1</subfield>
      <subfield code="x">1398087</subfield>
    </datafield>
  </record>
  <record>
    <leader>01984nam  2200673 i 4500</leader>
    <controlfield tag="001">MOKKAS0002077405  </controlfield>
    <controlfield tag="005">20100601172716.0</controlfield>
    <controlfield tag="008">041216t20042004hu a     bf   001 0 hun d</controlfield>
    <datafield tag="020" ind1=" " ind2=" ">
      <subfield code="a">963-336-986-X :</subfield>
      <subfield code="c">6990,-Ft</subfield>
    </datafield>
    <datafield tag="035" ind1=" " ind2=" ">
      <subfield code="a">2539247</subfield>
    </datafield>
    <datafield tag="040" ind1=" " ind2=" ">
      <subfield code="a">OSZK</subfield>
    </datafield>
    <datafield tag="041" ind1="1" ind2=" ">
      <subfield code="a">hunhun</subfield>
      <subfield code="h">eng</subfield>
    </datafield>
    <datafield tag="080" ind1=" " ind2="0">
      <subfield code="a">003.62</subfield>
    </datafield>
    <datafield tag="080" ind1=" " ind2="0">
      <subfield code="a">7.045</subfield>
    </datafield>
    <datafield tag="080" ind1=" " ind2="0">
      <subfield code="a">291.13</subfield>
    </datafield>
    <datafield tag="080" ind1=" " ind2="0">
      <subfield code="a">930.85(100)</subfield>
    </datafield>
    <datafield tag="080" ind1=" " ind2="0">
      <subfield code="a">398.3/.4</subfield>
    </datafield>
    <datafield tag="080" ind1=" " ind2=" ">
      <subfield code="a">316.773.2</subfield>
    </datafield>
    <datafield tag="100" ind1="1" ind2=" ">
      <subfield code="a">Shepherd, Rowena</subfield>
    </datafield>
    <datafield tag="240" ind1="1" ind2="0">
      <subfield code="a">1000 symbols</subfield>
      <subfield code="l">(magyar)</subfield>
    </datafield>
    <datafield tag="245" ind1="1" ind2="0">
      <subfield code="a">1000 jelkép : </subfield>
      <subfield code="b">1157 ábrával /</subfield>
      <subfield code="c">Rowena &amp; Rupert Shepherd ; [ford. Lehotai Ildikó, Szabó Rita, Tőkés Bence]</subfield>
    </datafield>
    <datafield tag="260" ind1=" " ind2=" ">
      <subfield code="a">[Budapest] :</subfield>
      <subfield code="b">Képzőműv. K.,</subfield>
      <subfield code="c">cop. 2004</subfield>
    </datafield>
    <datafield tag="300" ind1=" " ind2=" ">
      <subfield code="a">351 p. :</subfield>
      <subfield code="b">ill. ;</subfield>
      <subfield code="c">25 cm</subfield>
    </datafield>
    <datafield tag="504" ind1=" " ind2=" ">
      <subfield code="a">Bibliogr.: p. 351.</subfield>
    </datafield>
    <datafield tag="650" ind1="1" ind2="7">
      <subfield code="a">jelkép</subfield>
      <subfield code="2">oszk</subfield>
    </datafield>
    <datafield tag="650" ind1="1" ind2="7">
      <subfield code="a">művelődéstörténet</subfield>
      <subfield code="2">oszk</subfield>
    </datafield>
    <datafield tag="650" ind1=" " ind2="4">
      <subfield code="a">jelképek</subfield>
    </datafield>
    <datafield tag="650" ind1=" " ind2="4">
      <subfield code="a">jelkép</subfield>
    </datafield>
    <datafield tag="650" ind1=" " ind2="4">
      <subfield code="a">művészet</subfield>
    </datafield>
    <datafield tag="650" ind1=" " ind2="4">
      <subfield code="a">mitológia</subfield>
    </datafield>
    <datafield tag="650" ind1=" " ind2="4">
      <subfield code="a">szimbólum</subfield>
    </datafield>
    <datafield tag="650" ind1=" " ind2="4">
      <subfield code="a">művelődéstörténet</subfield>
    </datafield>
    <datafield tag="650" ind1="0" ind2="4">
      <subfield code="a">jelképek</subfield>
      <subfield code="x">művészet</subfield>
      <subfield code="x">mitológia</subfield>
    </datafield>
    <datafield tag="650" ind1="0" ind2="4">
      <subfield code="a">szimbólum</subfield>
      <subfield code="x">művelődéstörténet</subfield>
    </datafield>
    <datafield tag="650" ind1=" " ind2="4">
      <subfield code="a">lexikonok</subfield>
    </datafield>
    <datafield tag="650" ind1=" " ind2="7">
      <subfield code="a">Szimbólum</subfield>
      <subfield code="x">művészeti</subfield>
      <subfield code="2">szte</subfield>
    </datafield>
    <datafield tag="650" ind1=" " ind2="7">
      <subfield code="a">Mitológia</subfield>
      <subfield code="x">szimbólumok</subfield>
      <subfield code="2">szte</subfield>
    </datafield>
    <datafield tag="650" ind1=" " ind2="4">
      <subfield code="a">Szimbólumok</subfield>
    </datafield>
    <datafield tag="650" ind1=" " ind2="4">
      <subfield code="a">Emblémák</subfield>
    </datafield>
    <datafield tag="650" ind1=" " ind2="4">
      <subfield code="a">Mitosz</subfield>
    </datafield>
    <datafield tag="650" ind1=" " ind2="4">
      <subfield code="a">képzőművészet</subfield>
    </datafield>
    <datafield tag="650" ind1=" " ind2="4">
      <subfield code="a">enciklopédia</subfield>
    </datafield>
    <datafield tag="700" ind1="1" ind2="0">
      <subfield code="a">Shepherd, Rupert</subfield>
    </datafield>
    <datafield tag="700" ind1="1" ind2=" ">
      <subfield code="a">Lehotai Ildikó</subfield>
      <subfield code="4">(ford.)</subfield>
    </datafield>
    <datafield tag="700" ind1="1" ind2=" ">
      <subfield code="a">Szabó Rita</subfield>
      <subfield code="4">(ford.)</subfield>
    </datafield>
    <datafield tag="700" ind1="1" ind2=" ">
      <subfield code="a">Tőkés Bence</subfield>
      <subfield code="4">(ford.)</subfield>
    </datafield>
    <datafield tag="852" ind1=" " ind2=" ">
      <subfield code="a">B1</subfield>
      <subfield code="b">B1</subfield>
      <subfield code="x">2539247</subfield>
    </datafield>
    <datafield tag="852" ind1=" " ind2=" ">
      <subfield code="a">H1</subfield>
      <subfield code="b">H1</subfield>
      <subfield code="x">NLVK823286</subfield>
    </datafield>
    <datafield tag="852" ind1=" " ind2=" ">
      <subfield code="a">BCS1</subfield>
      <subfield code="b">BCS1</subfield>
      <subfield code="x">bibBKO00266104</subfield>
    </datafield>
    <datafield tag="852" ind1=" " ind2=" ">
      <subfield code="a">GY1</subfield>
      <subfield code="b">GY1</subfield>
      <subfield code="x">680219</subfield>
    </datafield>
    <datafield tag="852" ind1=" " ind2=" ">
      <subfield code="a">B10</subfield>
      <subfield code="b">B10</subfield>
      <subfield code="x">bibFSZ1068807</subfield>
    </datafield>
    <datafield tag="852" ind1=" " ind2=" ">
      <subfield code="a">S1</subfield>
      <subfield code="b">S1</subfield>
      <subfield code="x">bibFSZ1068807</subfield>
    </datafield>
    <datafield tag="852" ind1=" " ind2=" ">
      <subfield code="a">B2</subfield>
      <subfield code="b">B2</subfield>
      <subfield code="x">252367</subfield>
    </datafield>
    <datafield tag="852" ind1=" " ind2=" ">
      <subfield code="a">SZK1</subfield>
      <subfield code="b">SZK1</subfield>
      <subfield code="x">bibTMK125187</subfield>
    </datafield>
    <datafield tag="852" ind1=" " ind2=" ">
      <subfield code="a">M2</subfield>
      <subfield code="b">M2</subfield>
      <subfield code="x">bibRFK00156742</subfield>
    </datafield>
    <datafield tag="852" ind1=" " ind2=" ">
      <subfield code="a">SZ4</subfield>
      <subfield code="b">SZ4</subfield>
      <subfield code="x">bibFSZ1068807</subfield>
    </datafield>
    <datafield tag="852" ind1=" " ind2=" ">
      <subfield code="a">SZL1</subfield>
      <subfield code="b">SZL1</subfield>
      <subfield code="x">bibVFK00260297</subfield>
    </datafield>
    <datafield tag="852" ind1=" " ind2=" ">
      <subfield code="a">B8</subfield>
      <subfield code="b">B8</subfield>
      <subfield code="x">OGYK000104894</subfield>
    </datafield>
    <datafield tag="852" ind1=" " ind2=" ">
      <subfield code="a">B653</subfield>
      <subfield code="x">bibMKF00097472</subfield>
    </datafield>
  </record>
  <record>
    <leader>00735nam  2200241 i 4500</leader>
    <controlfield tag="001">MOKKAN0004074101  </controlfield>
    <controlfield tag="005">20070329171304.0</controlfield>
    <controlfield tag="008">061123s2006    hu ao         00100 hun d</controlfield>
    <datafield tag="020" ind1=" " ind2=" ">
      <subfield code="a">963-369-724-7 (kötött)</subfield>
    </datafield>
    <datafield tag="035" ind1=" " ind2=" ">
      <subfield code="a">000002633313</subfield>
    </datafield>
    <datafield tag="040" ind1=" " ind2=" ">
      <subfield code="a">DEENK</subfield>
    </datafield>
    <datafield tag="041" ind1="1" ind2=" ">
      <subfield code="a">hun</subfield>
      <subfield code="h">ger</subfield>
    </datafield>
    <datafield tag="130" ind1="0" ind2="0">
      <subfield code="a">1000 Trucks</subfield>
      <subfield code="l">(magyar)</subfield>
    </datafield>
    <datafield tag="245" ind1="1" ind2="0">
      <subfield code="a">1000 kamion :</subfield>
      <subfield code="b">történelem, klasszikusok, technika /</subfield>
      <subfield code="c">[Hans G. Isenberg]</subfield>
    </datafield>
    <datafield tag="260" ind1=" " ind2=" ">
      <subfield code="a">Pécs :</subfield>
      <subfield code="b">Alexandra,</subfield>
      <subfield code="c">2006</subfield>
    </datafield>
    <datafield tag="300" ind1=" " ind2=" ">
      <subfield code="a">336 p. :</subfield>
      <subfield code="b">ill., részben színes ;</subfield>
      <subfield code="c">31 cm</subfield>
    </datafield>
    <datafield tag="500" ind1=" " ind2=" ">
      <subfield code="a">Ford. Horváth Judit, Szilágyi Gyula</subfield>
    </datafield>
    <datafield tag="650" ind1=" " ind2="4">
      <subfield code="a">Kamionok</subfield>
    </datafield>
    <datafield tag="650" ind1=" " ind2="0">
      <subfield code="a">Trucks.</subfield>
    </datafield>
    <datafield tag="700" ind1="1" ind2=" ">
      <subfield code="a">Horváth Judit</subfield>
      <subfield code="4">ford.</subfield>
    </datafield>
    <datafield tag="700" ind1="1" ind2=" ">
      <subfield code="a">Szilágyi Gyula</subfield>
      <subfield code="4">ford.</subfield>
    </datafield>
    <datafield tag="700" ind1="1" ind2=" ">
      <subfield code="a">Isenberg, Hans G.</subfield>
    </datafield>
    <datafield tag="852" ind1=" " ind2=" ">
      <subfield code="a">D1</subfield>
      <subfield code="b">D1</subfield>
      <subfield code="x">000002633313</subfield>
    </datafield>
  </record>
  <record>
    <leader>01308nam  2200421   4500</leader>
    <controlfield tag="001">MOKKAN0004336585  </controlfield>
    <controlfield tag="005">20100827092737.0</controlfield>
    <controlfield tag="008">061025s2006                        hun d</controlfield>
    <datafield tag="020" ind1=" " ind2=" ">
      <subfield code="a">963-369-724-7 (kötött)</subfield>
    </datafield>
    <datafield tag="020" ind1=" " ind2=" ">
      <subfield code="a">963 369 724 7 (kötött)</subfield>
    </datafield>
    <datafield tag="020" ind1=" " ind2=" ">
      <subfield code="a">963-369-724-7</subfield>
    </datafield>
    <datafield tag="035" ind1=" " ind2=" ">
      <subfield code="a">bibFSZ01324600</subfield>
    </datafield>
    <datafield tag="040" ind1=" " ind2=" ">
      <subfield code="a">FSZEK</subfield>
    </datafield>
    <datafield tag="041" ind1=" " ind2=" ">
      <subfield code="a">hun</subfield>
    </datafield>
    <datafield tag="080" ind1=" " ind2=" ">
      <subfield code="a">629</subfield>
    </datafield>
    <datafield tag="100" ind1="1" ind2=" ">
      <subfield code="a">Isenberg, Hans G.</subfield>
    </datafield>
    <datafield tag="240" ind1=" " ind2="0">
      <subfield code="a">1000 Trucks</subfield>
    </datafield>
    <datafield tag="245" ind1="1" ind2="0">
      <subfield code="a">1000 kamion :</subfield>
      <subfield code="b">történet, klasszikusok, technika : [a világ leghíresebb teherautói]</subfield>
    </datafield>
    <datafield tag="260" ind1=" " ind2=" ">
      <subfield code="a">Pécs :</subfield>
      <subfield code="b">Alexandra,</subfield>
      <subfield code="c">2006</subfield>
    </datafield>
    <datafield tag="300" ind1=" " ind2=" ">
      <subfield code="a">336 p. :</subfield>
      <subfield code="b">ill. ;</subfield>
      <subfield code="c">31 cm</subfield>
    </datafield>
    <datafield tag="500" ind1=" " ind2=" ">
      <subfield code="a">Szerző: Isenberg, Hans G.</subfield>
    </datafield>
    <datafield tag="500" ind1=" " ind2=" ">
      <subfield code="a">Ford. Horváth Judit, Szilágyi Gyula</subfield>
    </datafield>
    <datafield tag="650" ind1=" " ind2="7">
      <subfield code="a">Teherautó közlekedés</subfield>
      <subfield code="2">szte</subfield>
    </datafield>
    <datafield tag="650" ind1=" " ind2="7">
      <subfield code="a">Teherszállítás</subfield>
      <subfield code="x">autóval</subfield>
      <subfield code="2">szte</subfield>
    </datafield>
    <datafield tag="650" ind1=" " ind2="4">
      <subfield code="a">tehergépkocsik - történet</subfield>
    </datafield>
    <datafield tag="650" ind1=" " ind2="4">
      <subfield code="a">kamionok ld. tehergépkocsik</subfield>
    </datafield>
    <datafield tag="650" ind1=" " ind2="4">
      <subfield code="a">tehergépkocsi</subfield>
    </datafield>
    <datafield tag="650" ind1=" " ind2="4">
      <subfield code="a">kamion</subfield>
    </datafield>
    <datafield tag="650" ind1=" " ind2="4">
      <subfield code="a">gépjármű</subfield>
    </datafield>
    <datafield tag="650" ind1=" " ind2="4">
      <subfield code="a">katalógus</subfield>
    </datafield>
    <datafield tag="650" ind1=" " ind2="4">
      <subfield code="a">szállítástechnika</subfield>
    </datafield>
    <datafield tag="700" ind1="1" ind2=" ">
      <subfield code="a">Horváth Judit</subfield>
      <subfield code="4">ford.</subfield>
    </datafield>
    <datafield tag="700" ind1="1" ind2=" ">
      <subfield code="a">Szilágyi Gyula</subfield>
      <subfield code="4">ford.</subfield>
    </datafield>
    <datafield tag="852" ind1=" " ind2=" ">
      <subfield code="a">B10</subfield>
      <subfield code="b">B10</subfield>
      <subfield code="x">bibFSZ01324600</subfield>
    </datafield>
    <datafield tag="852" ind1=" " ind2=" ">
      <subfield code="a">SZ1</subfield>
      <subfield code="b">SZ1/K4</subfield>
      <subfield code="x">bibSOK00403220</subfield>
    </datafield>
    <datafield tag="852" ind1=" " ind2=" ">
      <subfield code="a">B11</subfield>
      <subfield code="b">B11</subfield>
      <subfield code="x">BMEOMIKK000476776</subfield>
    </datafield>
    <datafield tag="852" ind1=" " ind2=" ">
      <subfield code="a">BCS1</subfield>
      <subfield code="b">BCS1</subfield>
      <subfield code="x">bibBMK00018625</subfield>
    </datafield>
    <datafield tag="852" ind1=" " ind2=" ">
      <subfield code="a">GY1</subfield>
      <subfield code="b">GY1</subfield>
      <subfield code="x">KKMK1546777</subfield>
    </datafield>
  </record>
  <record>
    <leader>00719nam  22002415p 4500</leader>
    <controlfield tag="001">MOKKAN0004909329  </controlfield>
    <controlfield tag="005">20090521200141.0</controlfield>
    <controlfield tag="008">070214s2006    hu                  hun d</controlfield>
    <datafield tag="020" ind1=" " ind2=" ">
      <subfield code="a">963 86706 7 3</subfield>
    </datafield>
    <datafield tag="035" ind1=" " ind2=" ">
      <subfield code="a">85677</subfield>
    </datafield>
    <datafield tag="040" ind1=" " ind2=" ">
      <subfield code="a">KSHK</subfield>
    </datafield>
    <datafield tag="041" ind1="0" ind2=" ">
      <subfield code="a">hunjap</subfield>
    </datafield>
    <datafield tag="100" ind1="1" ind2=" ">
      <subfield code="a">Máté Judit</subfield>
    </datafield>
    <datafield tag="245" ind1="0" ind2="0">
      <subfield code="a">1000 kanji : </subfield>
      <subfield code="b">szótár a japán nyelv tanulásához és nyelvvizsgákhoz kezdőknek és haladóknak kana átírással /</subfield>
      <subfield code="c">Máté Judit</subfield>
    </datafield>
    <datafield tag="250" ind1=" " ind2=" ">
      <subfield code="a">2. jav. kiad</subfield>
    </datafield>
    <datafield tag="260" ind1=" " ind2=" ">
      <subfield code="a">[Budapest] :</subfield>
      <subfield code="b">Nobara K.,</subfield>
      <subfield code="c">2006</subfield>
    </datafield>
    <datafield tag="300" ind1=" " ind2=" ">
      <subfield code="a">XVIII, [2], 227 p. ;</subfield>
      <subfield code="c">30 cm</subfield>
    </datafield>
    <datafield tag="504" ind1=" " ind2=" ">
      <subfield code="a">Bibliogr.: p. [XIX].</subfield>
    </datafield>
    <datafield tag="650" ind1=" " ind2="4">
      <subfield code="a">Szótár</subfield>
    </datafield>
    <datafield tag="653" ind1=" " ind2=" ">
      <subfield code="a">japán nyelv</subfield>
    </datafield>
    <datafield tag="653" ind1=" " ind2=" ">
      <subfield code="a">szótár</subfield>
    </datafield>
    <datafield tag="852" ind1=" " ind2=" ">
      <subfield code="a">B9</subfield>
      <subfield code="b">B9</subfield>
      <subfield code="x">85677</subfield>
    </datafield>
    <datafield tag="852" ind1=" " ind2=" ">
      <subfield code="a">B12</subfield>
      <subfield code="b">B12</subfield>
      <subfield code="x">BCEKK279931</subfield>
    </datafield>
  </record>
  <record>
    <leader>00664nam  22002175p 4500</leader>
    <controlfield tag="001">MOKKAW0006011798  </controlfield>
    <controlfield tag="005">20080725194020.0</controlfield>
    <controlfield tag="008">080325s2007    hu                  hun d</controlfield>
    <datafield tag="020" ind1=" " ind2=" ">
      <subfield code="a">978 963 86706 9 4</subfield>
    </datafield>
    <datafield tag="035" ind1=" " ind2=" ">
      <subfield code="a">744150</subfield>
    </datafield>
    <datafield tag="040" ind1=" " ind2=" ">
      <subfield code="a">KSHK</subfield>
    </datafield>
    <datafield tag="041" ind1="0" ind2=" ">
      <subfield code="a">hunjap</subfield>
    </datafield>
    <datafield tag="100" ind1="1" ind2=" ">
      <subfield code="a">Máté Judit</subfield>
    </datafield>
    <datafield tag="245" ind1="0" ind2="0">
      <subfield code="a">1000 kanji : </subfield>
      <subfield code="b">szótár a japán nyelv tanulásához és nyelvvizsgákhoz : kezdőknek és haladóknak kana átírással /</subfield>
      <subfield code="c">Máté Judit</subfield>
    </datafield>
    <datafield tag="250" ind1=" " ind2=" ">
      <subfield code="a">3. kiad.</subfield>
    </datafield>
    <datafield tag="260" ind1=" " ind2=" ">
      <subfield code="a">[Budapest] :</subfield>
      <subfield code="b">Nobara K.,</subfield>
      <subfield code="c">2007</subfield>
    </datafield>
    <datafield tag="300" ind1=" " ind2=" ">
      <subfield code="a">XIX, 226 p. ;</subfield>
      <subfield code="c">30 cm +</subfield>
      <subfield code="e">mell. CD</subfield>
    </datafield>
    <datafield tag="504" ind1=" " ind2=" ">
      <subfield code="a">Bibliogr.: p. [XX].</subfield>
    </datafield>
    <datafield tag="653" ind1=" " ind2=" ">
      <subfield code="a">japán nyelv</subfield>
    </datafield>
    <datafield tag="653" ind1=" " ind2=" ">
      <subfield code="a">szótár</subfield>
    </datafield>
    <datafield tag="852" ind1=" " ind2=" ">
      <subfield code="a">B9</subfield>
      <subfield code="b">B9</subfield>
      <subfield code="x">744150</subfield>
    </datafield>
  </record>
  <record>
    <leader>00955nam  2200301 i 4500</leader>
    <controlfield tag="001">MOKKAN0004599874  </controlfield>
    <controlfield tag="005">20080419063309.0</controlfield>
    <controlfield tag="008">061228s2006    hu                  jap d</controlfield>
    <datafield tag="020" ind1=" " ind2=" ">
      <subfield code="a">963 86706 7 3</subfield>
    </datafield>
    <datafield tag="020" ind1=" " ind2=" ">
      <subfield code="a">963-86706-7-3</subfield>
    </datafield>
    <datafield tag="035" ind1=" " ind2=" ">
      <subfield code="a">150565120</subfield>
    </datafield>
    <datafield tag="040" ind1=" " ind2=" ">
      <subfield code="a">BDK</subfield>
    </datafield>
    <datafield tag="041" ind1="0" ind2=" ">
      <subfield code="a">japhun</subfield>
    </datafield>
    <datafield tag="100" ind1="1" ind2=" ">
      <subfield code="a">Máté Judit, Z.</subfield>
    </datafield>
    <datafield tag="245" ind1="0" ind2="0">
      <subfield code="a">1000 kanji : </subfield>
      <subfield code="b">szótár a japán nyelv tanulásához és nyelvvizsgákhoz : kezdőknek és haladóknak, kana átírással /</subfield>
      <subfield code="c">[összeáll. és szerk.] Máté Judit</subfield>
    </datafield>
    <datafield tag="250" ind1=" " ind2=" ">
      <subfield code="a">2. jav., ... kiad.</subfield>
    </datafield>
    <datafield tag="260" ind1=" " ind2=" ">
      <subfield code="a">[Budapest] :</subfield>
      <subfield code="b">Nobara,</subfield>
      <subfield code="c">2006</subfield>
    </datafield>
    <datafield tag="300" ind1=" " ind2=" ">
      <subfield code="a">227, [2] p. ;</subfield>
      <subfield code="c">30 cm</subfield>
    </datafield>
    <datafield tag="650" ind1=" " ind2="4">
      <subfield code="a">japán nyelv</subfield>
    </datafield>
    <datafield tag="650" ind1=" " ind2="4">
      <subfield code="a">kétnyelvű szótár</subfield>
    </datafield>
    <datafield tag="650" ind1=" " ind2="4">
      <subfield code="a">magyar nyelv</subfield>
    </datafield>
    <datafield tag="650" ind1=" " ind2="4">
      <subfield code="a">nyelvkönyv</subfield>
    </datafield>
    <datafield tag="650" ind1=" " ind2="4">
      <subfield code="a">írás</subfield>
    </datafield>
    <datafield tag="650" ind1=" " ind2="7">
      <subfield code="a">Japán írás</subfield>
      <subfield code="x">szótár</subfield>
      <subfield code="2">szte</subfield>
    </datafield>
    <datafield tag="650" ind1=" " ind2="7">
      <subfield code="a">Japán nyelvkönyv</subfield>
      <subfield code="2">szte</subfield>
    </datafield>
    <datafield tag="852" ind1=" " ind2=" ">
      <subfield code="a">SZO1</subfield>
      <subfield code="b">SZO1</subfield>
      <subfield code="x">150565120</subfield>
    </datafield>
    <datafield tag="852" ind1=" " ind2=" ">
      <subfield code="a">SZ1</subfield>
      <subfield code="b">SZ1/B3</subfield>
      <subfield code="x">bibJAT00711384</subfield>
    </datafield>
    <datafield tag="852" ind1=" " ind2=" ">
      <subfield code="a">B11</subfield>
      <subfield code="b">B11</subfield>
      <subfield code="x">BMEOMIKK000477983</subfield>
    </datafield>
  </record>
  <record>
    <leader>00624nam  2200181 i 4500</leader>
    <controlfield tag="001">MOKKAW0005786700  </controlfield>
    <controlfield tag="005">20080418220822.0</controlfield>
    <controlfield tag="008">030901s2003    hu            000 0 hun d</controlfield>
    <datafield tag="020" ind1=" " ind2=" ">
      <subfield code="a">963-430-563-6</subfield>
    </datafield>
    <datafield tag="035" ind1=" " ind2=" ">
      <subfield code="a">BMEOMIKK000450157</subfield>
    </datafield>
    <datafield tag="040" ind1=" " ind2=" ">
      <subfield code="a">BMEOMIKK</subfield>
    </datafield>
    <datafield tag="041" ind1="0" ind2=" ">
      <subfield code="a">hunjpn</subfield>
    </datafield>
    <datafield tag="100" ind1="1" ind2=" ">
      <subfield code="a">Máté Judit, Z.</subfield>
    </datafield>
    <datafield tag="245" ind1="1" ind2="0">
      <subfield code="a">1000 kanji oz : </subfield>
      <subfield code="b">szótár a japán nyelv tanulásához és nyelvvizsgákhoz : kezdőknek és haladóknak /</subfield>
      <subfield code="c">Z. Máté Judit</subfield>
    </datafield>
    <datafield tag="246" ind1="1" ind2="3">
      <subfield code="a">Szótár a japán nyelv tanulásához és nyelvvizsgákhoz</subfield>
    </datafield>
    <datafield tag="260" ind1=" " ind2=" ">
      <subfield code="a">Budapest :</subfield>
      <subfield code="b">Z. Máté J.,</subfield>
      <subfield code="c">2003</subfield>
    </datafield>
    <datafield tag="300" ind1=" " ind2=" ">
      <subfield code="a">227 p. ;</subfield>
      <subfield code="c">30 cm</subfield>
    </datafield>
    <datafield tag="852" ind1=" " ind2=" ">
      <subfield code="a">B11</subfield>
      <subfield code="b">B11</subfield>
      <subfield code="x">BMEOMIKK000450157</subfield>
    </datafield>
  </record>
  <record>
    <leader>00697nam  2200217 i 4500</leader>
    <controlfield tag="001">MOKKAS0001431225  </controlfield>
    <controlfield tag="005">20060113140738.0</controlfield>
    <controlfield tag="008">050903s2003    hu            00010 hun d</controlfield>
    <datafield tag="020" ind1=" " ind2=" ">
      <subfield code="a">963-430-563-6 (fűzött) :</subfield>
      <subfield code="c">4928,-Ft</subfield>
    </datafield>
    <datafield tag="035" ind1=" " ind2=" ">
      <subfield code="a">bibVFK00249298</subfield>
    </datafield>
    <datafield tag="040" ind1=" " ind2=" ">
      <subfield code="a">VFMK</subfield>
    </datafield>
    <datafield tag="041" ind1=" " ind2=" ">
      <subfield code="a">jpn</subfield>
    </datafield>
    <datafield tag="100" ind1="2" ind2=" ">
      <subfield code="a">Máté Judit, Z.</subfield>
    </datafield>
    <datafield tag="245" ind1="1" ind2="0">
      <subfield code="a">1000 kanji szótára a japán nyelv tanulásához és nyelvvizsgákhoz :</subfield>
      <subfield code="b">Kezdőknek és haladóknak /</subfield>
      <subfield code="c">[összeáll. és szerk.] Z. Máté Judit</subfield>
    </datafield>
    <datafield tag="260" ind1=" " ind2=" ">
      <subfield code="a">Budapest,</subfield>
      <subfield code="c">2003</subfield>
    </datafield>
    <datafield tag="300" ind1=" " ind2=" ">
      <subfield code="a">[XX], 227 p. ;</subfield>
      <subfield code="c">30 cm</subfield>
    </datafield>
    <datafield tag="504" ind1=" " ind2=" ">
      <subfield code="a">Bibliogr.: p.[XX.]</subfield>
    </datafield>
    <datafield tag="650" ind1=" " ind2="4">
      <subfield code="a">Japán nyelv</subfield>
    </datafield>
    <datafield tag="650" ind1=" " ind2="4">
      <subfield code="a">Szótárak</subfield>
    </datafield>
    <datafield tag="650" ind1=" " ind2="4">
      <subfield code="a">Szótárak, japán</subfield>
    </datafield>
    <datafield tag="852" ind1=" " ind2=" ">
      <subfield code="a">SZL1</subfield>
      <subfield code="b">SZL1</subfield>
      <subfield code="x">bibVFK00249298</subfield>
    </datafield>
  </record>
  <record>
    <leader>01329fam  2200421 i 4500</leader>
    <controlfield tag="001">MOKKAZ0006463826  </controlfield>
    <controlfield tag="005">20090919004247.0</controlfield>
    <controlfield tag="008">030916s2003    hu       db   001 0 hun d</controlfield>
    <datafield tag="020" ind1=" " ind2=" ">
      <subfield code="a">963-430-563-6 (fűzött)</subfield>
    </datafield>
    <datafield tag="035" ind1=" " ind2=" ">
      <subfield code="a">1039497</subfield>
    </datafield>
    <datafield tag="040" ind1=" " ind2=" ">
      <subfield code="a">OSZK</subfield>
    </datafield>
    <datafield tag="041" ind1="0" ind2=" ">
      <subfield code="a">hunjpnhun</subfield>
    </datafield>
    <datafield tag="080" ind1=" " ind2=" ">
      <subfield code="a">801.323.2=956=945.11 :</subfield>
    </datafield>
    <datafield tag="080" ind1=" " ind2=" ">
      <subfield code="a">003.324.25(038)=945.11 :</subfield>
    </datafield>
    <datafield tag="080" ind1=" " ind2=" ">
      <subfield code="a">809.56(078)=945.11</subfield>
    </datafield>
    <datafield tag="100" ind1="1" ind2=" ">
      <subfield code="a">Máté Judit, Z.</subfield>
    </datafield>
    <datafield tag="245" ind1="1" ind2="0">
      <subfield code="a">1000 kanji szótára a japán nyelv tanulásához és nyelvvizsgákhoz : </subfield>
      <subfield code="b">kezdőknek és haladóknak /</subfield>
      <subfield code="c">Z. Máté Judit.</subfield>
    </datafield>
    <datafield tag="260" ind1=" " ind2=" ">
      <subfield code="a">Budapest :</subfield>
      <subfield code="b">[Magánkiad.],</subfield>
      <subfield code="c">2003</subfield>
      <subfield code="e">(Budapest</subfield>
      <subfield code="f">Karát Press)</subfield>
    </datafield>
    <datafield tag="300" ind1=" " ind2=" ">
      <subfield code="a">XVIII, [2], 227 p. ;</subfield>
      <subfield code="c">30 cm</subfield>
    </datafield>
    <datafield tag="504" ind1=" " ind2=" ">
      <subfield code="a">Bibliogr.: p. XX.</subfield>
    </datafield>
    <datafield tag="650" ind1="0" ind2="4">
      <subfield code="a">japán nyelvtan</subfield>
    </datafield>
    <datafield tag="650" ind1="0" ind2="4">
      <subfield code="a">szótár</subfield>
      <subfield code="z">japán - magyar</subfield>
    </datafield>
    <datafield tag="650" ind1="0" ind2="4">
      <subfield code="a">Japán nyelvtan</subfield>
    </datafield>
    <datafield tag="650" ind1="0" ind2="4">
      <subfield code="a">Szótár</subfield>
      <subfield code="z">japán - magyar</subfield>
    </datafield>
    <datafield tag="650" ind1=" " ind2="4">
      <subfield code="a">japán nyelv</subfield>
    </datafield>
    <datafield tag="650" ind1=" " ind2="4">
      <subfield code="a">kétnyelvű szótár</subfield>
    </datafield>
    <datafield tag="650" ind1=" " ind2="4">
      <subfield code="a">magyar nyelv</subfield>
    </datafield>
    <datafield tag="650" ind1=" " ind2="4">
      <subfield code="a">nyelvkönyv</subfield>
    </datafield>
    <datafield tag="650" ind1=" " ind2="4">
      <subfield code="a">írás</subfield>
    </datafield>
    <datafield tag="650" ind1=" " ind2="4">
      <subfield code="a">Japán nyelv</subfield>
      <subfield code="x">Szótárak</subfield>
    </datafield>
    <datafield tag="852" ind1=" " ind2=" ">
      <subfield code="a">B1</subfield>
      <subfield code="b">B1</subfield>
      <subfield code="x">1039497</subfield>
    </datafield>
    <datafield tag="852" ind1=" " ind2=" ">
      <subfield code="a">B10</subfield>
      <subfield code="b">0801</subfield>
      <subfield code="x">bibFSZ950390</subfield>
    </datafield>
    <datafield tag="852" ind1=" " ind2=" ">
      <subfield code="a">B11</subfield>
      <subfield code="b">B11</subfield>
      <subfield code="x">BMEOMIKK000450157</subfield>
    </datafield>
    <datafield tag="852" ind1=" " ind2=" ">
      <subfield code="a">M1</subfield>
      <subfield code="b">M1</subfield>
      <subfield code="x">184220</subfield>
    </datafield>
    <datafield tag="852" ind1=" " ind2=" ">
      <subfield code="a">P1</subfield>
      <subfield code="B">P1</subfield>
      <subfield code="b">P1/FK</subfield>
      <subfield code="x">MOKKA9634305636</subfield>
    </datafield>
    <datafield tag="852" ind1=" " ind2=" ">
      <subfield code="a">S1</subfield>
      <subfield code="b">S1</subfield>
      <subfield code="x">bibFSZ950390</subfield>
    </datafield>
    <datafield tag="852" ind1=" " ind2=" ">
      <subfield code="a">SZO1</subfield>
      <subfield code="b">SZO1</subfield>
      <subfield code="x">150393583</subfield>
    </datafield>
    <datafield tag="852" ind1=" " ind2=" ">
      <subfield code="a">H1</subfield>
      <subfield code="b">H1</subfield>
      <subfield code="x">NLVK344680</subfield>
    </datafield>
  </record>
  <record>
    <leader>01268fam  2200373 i 4500</leader>
    <controlfield tag="001">MOKKAZ0003748402  </controlfield>
    <controlfield tag="005">20040909215535.0</controlfield>
    <controlfield tag="008">030925s2003    hu            00010 hun d</controlfield>
    <datafield tag="020" ind1=" " ind2=" ">
      <subfield code="a">963 430 563 6</subfield>
    </datafield>
    <datafield tag="035" ind1=" " ind2=" ">
      <subfield code="a">bibKLT00338935</subfield>
    </datafield>
    <datafield tag="040" ind1=" " ind2=" ">
      <subfield code="a">DEENK</subfield>
    </datafield>
    <datafield tag="041" ind1=" " ind2=" ">
      <subfield code="a">hunjpn</subfield>
    </datafield>
    <datafield tag="100" ind1="1" ind2=" ">
      <subfield code="a">Máté Judit, Z.</subfield>
    </datafield>
    <datafield tag="245" ind1="1" ind2="0">
      <subfield code="a">1000 kanji szótára :</subfield>
      <subfield code="b">a japán nyelv tanulásához és nyelvvizsgákhoz kezdőknek és haladóknak /</subfield>
      <subfield code="c">Z. Máté Judit</subfield>
    </datafield>
    <datafield tag="260" ind1=" " ind2=" ">
      <subfield code="a">Budapest :</subfield>
      <subfield code="b">[s.n.],</subfield>
      <subfield code="c">2003</subfield>
    </datafield>
    <datafield tag="300" ind1=" " ind2=" ">
      <subfield code="a">227 p. ;</subfield>
      <subfield code="c">30 cm</subfield>
    </datafield>
    <datafield tag="546" ind1=" " ind2=" ">
      <subfield code="a">Magyar és japán nyelven</subfield>
    </datafield>
    <datafield tag="650" ind1=" " ind2="4">
      <subfield code="a">Japán nyelv</subfield>
      <subfield code="x">szótárak</subfield>
      <subfield code="x">magyar</subfield>
    </datafield>
    <datafield tag="650" ind1=" " ind2="4">
      <subfield code="a">Japán nyelv</subfield>
      <subfield code="x">tanulás és tanítás</subfield>
    </datafield>
    <datafield tag="650" ind1=" " ind2="0">
      <subfield code="a">Japanese language</subfield>
      <subfield code="x">Dictionaries</subfield>
      <subfield code="x">Hungarian.</subfield>
    </datafield>
    <datafield tag="650" ind1=" " ind2="0">
      <subfield code="a">Japanese language</subfield>
      <subfield code="x">Study and teaching.</subfield>
    </datafield>
    <datafield tag="650" ind1=" " ind2="7">
      <subfield code="a">Japán írás</subfield>
      <subfield code="x">szótár</subfield>
      <subfield code="2">szte</subfield>
    </datafield>
    <datafield tag="650" ind1=" " ind2="7">
      <subfield code="a">Japán nyelvkönyv</subfield>
      <subfield code="2">szte</subfield>
    </datafield>
    <datafield tag="650" ind1="0" ind2="4">
      <subfield code="a">kétnyelvű szótár</subfield>
      <subfield code="x">japán nyelv</subfield>
      <subfield code="x">magyar nyelv</subfield>
    </datafield>
    <datafield tag="650" ind1="0" ind2="4">
      <subfield code="a">írás</subfield>
      <subfield code="x">japán nelv</subfield>
      <subfield code="v">tankönyv</subfield>
    </datafield>
    <datafield tag="650" ind1=" " ind2="4">
      <subfield code="a">Japán nyelvkönyvek</subfield>
    </datafield>
    <datafield tag="650" ind1=" " ind2="4">
      <subfield code="a">Kétnyelvű szótárak</subfield>
    </datafield>
    <datafield tag="650" ind1=" " ind2="4">
      <subfield code="a">Japán nyelven</subfield>
    </datafield>
    <datafield tag="650" ind1=" " ind2="4">
      <subfield code="a">Magyar nyelven</subfield>
    </datafield>
    <datafield tag="650" ind1=" " ind2="4">
      <subfield code="a">Japán írás</subfield>
    </datafield>
    <datafield tag="852" ind1=" " ind2=" ">
      <subfield code="a">D1</subfield>
      <subfield code="b">D1</subfield>
      <subfield code="x">bibKLT00338935</subfield>
    </datafield>
    <datafield tag="852" ind1=" " ind2=" ">
      <subfield code="a">SZ1</subfield>
      <subfield code="b">SZ1</subfield>
      <subfield code="x">bibKLT00338935</subfield>
    </datafield>
    <datafield tag="852" ind1=" " ind2=" ">
      <subfield code="a">SZ4</subfield>
      <subfield code="b">SZ4</subfield>
      <subfield code="x">bibKLT00338935</subfield>
    </datafield>
    <datafield tag="852" ind1=" " ind2=" ">
      <subfield code="a">B14</subfield>
      <subfield code="b">B14</subfield>
      <subfield code="x">816038</subfield>
    </datafield>
  </record>
  <record>
    <leader>00604nam  2200181 i 4500</leader>
    <controlfield tag="001">MOKKAS0003375158  </controlfield>
    <controlfield tag="005">20060605073052.0</controlfield>
    <controlfield tag="008">050101s2003                            d</controlfield>
    <datafield tag="020" ind1=" " ind2=" ">
      <subfield code="a">963-430-563-6 (fűzött)</subfield>
    </datafield>
    <datafield tag="035" ind1=" " ind2=" ">
      <subfield code="a">649079</subfield>
    </datafield>
    <datafield tag="040" ind1=" " ind2=" ">
      <subfield code="a">KKMK</subfield>
    </datafield>
    <datafield tag="245" ind1="0" ind2="0">
      <subfield code="a">1000 kanji szótára a japán nyelv tanulásához és nyelvvizsgához : </subfield>
      <subfield code="b">kezdőknek és haladóknak /</subfield>
      <subfield code="c">összeáll.,szerk. Z. Máté Judit</subfield>
    </datafield>
    <datafield tag="260" ind1=" " ind2=" ">
      <subfield code="b">Szerzői kiadás,</subfield>
      <subfield code="c">2003</subfield>
    </datafield>
    <datafield tag="300" ind1=" " ind2=" ">
      <subfield code="a">227 p. ;</subfield>
      <subfield code="c">30 cm</subfield>
    </datafield>
    <datafield tag="650" ind1=" " ind2="4">
      <subfield code="a">japán nyelv</subfield>
    </datafield>
    <datafield tag="650" ind1=" " ind2="4">
      <subfield code="a">kétnyelvű szótár</subfield>
    </datafield>
    <datafield tag="700" ind1="2" ind2="0">
      <subfield code="a">Máté Judit Z.</subfield>
      <subfield code="4">(összeáll.,szerk.)</subfield>
    </datafield>
    <datafield tag="852" ind1=" " ind2=" ">
      <subfield code="a">GY1</subfield>
      <subfield code="b">GY1</subfield>
      <subfield code="x">649079</subfield>
    </datafield>
  </record>
  <record>
    <leader>01278nam  2200433 i 4500</leader>
    <controlfield tag="001">MOKKAN0004687473  </controlfield>
    <controlfield tag="005">20071101164729.0</controlfield>
    <controlfield tag="008">070425s2006    hu ar         00100 hun d</controlfield>
    <datafield tag="020" ind1=" " ind2=" ">
      <subfield code="a">963-369-946-0 (kötött)</subfield>
    </datafield>
    <datafield tag="020" ind1=" " ind2=" ">
      <subfield code="a">963 369 946 0</subfield>
    </datafield>
    <datafield tag="035" ind1=" " ind2=" ">
      <subfield code="a">2651947</subfield>
    </datafield>
    <datafield tag="040" ind1=" " ind2=" ">
      <subfield code="a">OSZK</subfield>
    </datafield>
    <datafield tag="041" ind1="1" ind2=" ">
      <subfield code="a">hunhun</subfield>
      <subfield code="h">ger</subfield>
    </datafield>
    <datafield tag="100" ind1="1" ind2=" ">
      <subfield code="a">Bedürftig, Friedemann</subfield>
      <subfield code="d">(1940-)</subfield>
    </datafield>
    <datafield tag="240" ind1="1" ind2="0">
      <subfield code="a">1000 Schlösser, Burgen und Paläste</subfield>
      <subfield code="l">(magyar)</subfield>
    </datafield>
    <datafield tag="245" ind1="1" ind2="0">
      <subfield code="a">1000 kastély, vár és palota : </subfield>
      <subfield code="b">képes utazás 5 földrész legszebb építményeihez</subfield>
    </datafield>
    <datafield tag="260" ind1=" " ind2=" ">
      <subfield code="a">Pécs :</subfield>
      <subfield code="b">Alexandra,</subfield>
      <subfield code="c">2006</subfield>
    </datafield>
    <datafield tag="300" ind1=" " ind2=" ">
      <subfield code="a">479 p. :</subfield>
      <subfield code="b">ill., színes ;</subfield>
      <subfield code="c">31 cm</subfield>
    </datafield>
    <datafield tag="500" ind1=" " ind2=" ">
      <subfield code="a">Szerző Bedürftig, Friedemann</subfield>
    </datafield>
    <datafield tag="500" ind1=" " ind2=" ">
      <subfield code="a">Ford. Horváth Judit</subfield>
    </datafield>
    <datafield tag="650" ind1="1" ind2="7">
      <subfield code="a">vár</subfield>
      <subfield code="2">oszk</subfield>
    </datafield>
    <datafield tag="650" ind1="1" ind2="7">
      <subfield code="a">kastély</subfield>
      <subfield code="2">oszk</subfield>
    </datafield>
    <datafield tag="650" ind1="1" ind2="7">
      <subfield code="a">építészet</subfield>
      <subfield code="2">oszk</subfield>
    </datafield>
    <datafield tag="650" ind1="1" ind2="7">
      <subfield code="a">művelődéstörténet</subfield>
      <subfield code="2">oszk</subfield>
    </datafield>
    <datafield tag="650" ind1=" " ind2="4">
      <subfield code="a">Kastélyok</subfield>
    </datafield>
    <datafield tag="650" ind1=" " ind2="4">
      <subfield code="a">Kulturális értékek</subfield>
    </datafield>
    <datafield tag="650" ind1=" " ind2="4">
      <subfield code="a">Várak</subfield>
    </datafield>
    <datafield tag="650" ind1=" " ind2="0">
      <subfield code="a">Palaces.</subfield>
    </datafield>
    <datafield tag="650" ind1=" " ind2="0">
      <subfield code="a">Cultural property.</subfield>
    </datafield>
    <datafield tag="650" ind1=" " ind2="0">
      <subfield code="a">Castles.</subfield>
    </datafield>
    <datafield tag="651" ind1=" " ind2="4">
      <subfield code="a">világ</subfield>
    </datafield>
    <datafield tag="653" ind1=" " ind2=" ">
      <subfield code="a">fotóalbum</subfield>
    </datafield>
    <datafield tag="653" ind1=" " ind2=" ">
      <subfield code="a">vár-kastély</subfield>
    </datafield>
    <datafield tag="653" ind1=" " ind2=" ">
      <subfield code="a">építészet</subfield>
    </datafield>
    <datafield tag="700" ind1="1" ind2=" ">
      <subfield code="a">Horváth Judit</subfield>
      <subfield code="4">(ford.)</subfield>
    </datafield>
    <datafield tag="852" ind1=" " ind2=" ">
      <subfield code="a">B1</subfield>
      <subfield code="b">B1</subfield>
      <subfield code="x">2651947</subfield>
    </datafield>
    <datafield tag="852" ind1=" " ind2=" ">
      <subfield code="a">B9</subfield>
      <subfield code="b">B9</subfield>
      <subfield code="x">93015</subfield>
    </datafield>
    <datafield tag="852" ind1=" " ind2=" ">
      <subfield code="a">D1</subfield>
      <subfield code="b">D1</subfield>
      <subfield code="x">bibDEK00641483</subfield>
    </datafield>
    <datafield tag="852" ind1=" " ind2=" ">
      <subfield code="a">D1</subfield>
      <subfield code="b">D2/HGY</subfield>
      <subfield code="x">bibDEK00641450</subfield>
    </datafield>
  </record>
  <record>
    <leader>01305nam  2200361 i 4500</leader>
    <controlfield tag="001">MOKKAN0004462492  </controlfield>
    <controlfield tag="005">20091126204926.0</controlfield>
    <controlfield tag="008">070421c2006    hu       d    00100 hun11</controlfield>
    <datafield tag="020" ind1=" " ind2=" ">
      <subfield code="a">963 369 946 0 (kötött)</subfield>
    </datafield>
    <datafield tag="020" ind1=" " ind2=" ">
      <subfield code="a">963 369 946 0</subfield>
    </datafield>
    <datafield tag="035" ind1=" " ind2=" ">
      <subfield code="a">bibSOK00413924</subfield>
    </datafield>
    <datafield tag="040" ind1=" " ind2=" ">
      <subfield code="a">SK</subfield>
    </datafield>
    <datafield tag="080" ind1=" " ind2=" ">
      <subfield code="a">728.81/.83(100)</subfield>
    </datafield>
    <datafield tag="130" ind1="0" ind2=" ">
      <subfield code="a">1000 Schlösser, Burgen und Paläste</subfield>
      <subfield code="l">(magyar)</subfield>
    </datafield>
    <datafield tag="245" ind1="0" ind2="0">
      <subfield code="a">1000 kastély, vár és palota :</subfield>
      <subfield code="b">képes utazás 5 földrész legszebb építményeihez</subfield>
    </datafield>
    <datafield tag="260" ind1=" " ind2=" ">
      <subfield code="a">Pécs :</subfield>
      <subfield code="b">Alexandra,</subfield>
      <subfield code="c">2006</subfield>
    </datafield>
    <datafield tag="300" ind1=" " ind2=" ">
      <subfield code="a">479 p. :</subfield>
      <subfield code="b">ill. ;</subfield>
      <subfield code="c">30 cm</subfield>
    </datafield>
    <datafield tag="500" ind1=" " ind2=" ">
      <subfield code="a">Ford.: Horváth Judit</subfield>
    </datafield>
    <datafield tag="650" ind1=" " ind2="7">
      <subfield code="a">Vár</subfield>
      <subfield code="x">világ országai</subfield>
      <subfield code="x">képeskönyv</subfield>
      <subfield code="2">szte</subfield>
    </datafield>
    <datafield tag="650" ind1=" " ind2="7">
      <subfield code="a">Kastély</subfield>
      <subfield code="x">világ országai</subfield>
      <subfield code="x">képeskönyv</subfield>
      <subfield code="2">szte</subfield>
    </datafield>
    <datafield tag="650" ind1=" " ind2="7">
      <subfield code="a">Palota</subfield>
      <subfield code="x">építészettörténet</subfield>
      <subfield code="x">képeskönyv</subfield>
      <subfield code="2">szte</subfield>
    </datafield>
    <datafield tag="650" ind1=" " ind2="7">
      <subfield code="a">Művelődéstörténet</subfield>
      <subfield code="x">világ országai</subfield>
      <subfield code="x">képeskönyv</subfield>
      <subfield code="2">szte</subfield>
    </datafield>
    <datafield tag="650" ind1=" " ind2=" ">
      <subfield code="a">Építészet</subfield>
      <subfield code="x">kastélyok, várak, paloták</subfield>
      <subfield code="x">egyetemes</subfield>
    </datafield>
    <datafield tag="650" ind1=" " ind2="7">
      <subfield code="a">Kastélyépítészet</subfield>
      <subfield code="2">szte</subfield>
    </datafield>
    <datafield tag="650" ind1=" " ind2="7">
      <subfield code="a">Építőmüvészet</subfield>
      <subfield code="x">művelődéstörténet</subfield>
      <subfield code="x">képeskönyv</subfield>
      <subfield code="2">szte</subfield>
    </datafield>
    <datafield tag="695" ind1=" " ind2=" ">
      <subfield code="a">Építészet</subfield>
    </datafield>
    <datafield tag="695" ind1=" " ind2=" ">
      <subfield code="a">Vár</subfield>
    </datafield>
    <datafield tag="695" ind1=" " ind2=" ">
      <subfield code="a">Kastély</subfield>
    </datafield>
    <datafield tag="695" ind1=" " ind2=" ">
      <subfield code="a">Műemlék</subfield>
    </datafield>
    <datafield tag="700" ind1="1" ind2=" ">
      <subfield code="a">Horváth Judit</subfield>
    </datafield>
    <datafield tag="852" ind1=" " ind2=" ">
      <subfield code="a">SZ4</subfield>
      <subfield code="b">SZ4/S1</subfield>
      <subfield code="x">bibSOK00413924</subfield>
    </datafield>
    <datafield tag="852" ind1=" " ind2=" ">
      <subfield code="a">P1</subfield>
      <subfield code="b">P1/MH</subfield>
      <subfield code="b">P1/O</subfield>
      <subfield code="x">bibJPT00430358</subfield>
    </datafield>
    <datafield tag="852" ind1=" " ind2=" ">
      <subfield code="a">SZ1</subfield>
      <subfield code="b">SZ1/S1</subfield>
      <subfield code="x">bibSOK00413924</subfield>
    </datafield>
  </record>
  <record>
    <leader>00711fam  2200241 i 4500</leader>
    <controlfield tag="001">MOKKAZ0006405372  </controlfield>
    <controlfield tag="005">20040915200850.0</controlfield>
    <controlfield tag="008">010510s2000    hu            000 0 hun d</controlfield>
    <datafield tag="020" ind1=" " ind2=" ">
      <subfield code="a">963-8194-31-6 (fűzött)</subfield>
    </datafield>
    <datafield tag="035" ind1=" " ind2=" ">
      <subfield code="a">804076</subfield>
    </datafield>
    <datafield tag="040" ind1=" " ind2=" ">
      <subfield code="a">OSZK</subfield>
    </datafield>
    <datafield tag="041" ind1="0" ind2=" ">
      <subfield code="a">hunhun</subfield>
    </datafield>
    <datafield tag="100" ind1="1" ind2=" ">
      <subfield code="a">Nagy Margit</subfield>
    </datafield>
    <datafield tag="245" ind1="1" ind2="0">
      <subfield code="a">1000 kcal /</subfield>
      <subfield code="c">Nagy Margit.</subfield>
    </datafield>
    <datafield tag="260" ind1=" " ind2=" ">
      <subfield code="a">Budapest :</subfield>
      <subfield code="b">Tudomány K.,</subfield>
      <subfield code="c">[2000]</subfield>
      <subfield code="e">(Kaposvár</subfield>
      <subfield code="f">Kaposvári Ny.)</subfield>
    </datafield>
    <datafield tag="300" ind1=" " ind2=" ">
      <subfield code="a">57, [7] p. ;</subfield>
      <subfield code="c">20 cm</subfield>
    </datafield>
    <datafield tag="490" ind1="1" ind2=" ">
      <subfield code="a">Mintaétrend füzetek</subfield>
    </datafield>
    <datafield tag="650" ind1=" " ind2="7">
      <subfield code="a">Fogyókúra</subfield>
      <subfield code="2">szte</subfield>
    </datafield>
    <datafield tag="650" ind1=" " ind2="7">
      <subfield code="a">Diétás étrend</subfield>
      <subfield code="2">szte</subfield>
    </datafield>
    <datafield tag="650" ind1=" " ind2="7">
      <subfield code="a">Szakácskönyv</subfield>
      <subfield code="x">diéta</subfield>
      <subfield code="x">fogyókúra</subfield>
      <subfield code="2">szte</subfield>
    </datafield>
    <datafield tag="830" ind1=" " ind2="0">
      <subfield code="a">Mintaétrend füzetek</subfield>
    </datafield>
    <datafield tag="852" ind1=" " ind2=" ">
      <subfield code="a">B1</subfield>
      <subfield code="b">B1</subfield>
      <subfield code="x">804076</subfield>
    </datafield>
    <datafield tag="852" ind1=" " ind2=" ">
      <subfield code="a">SZ1</subfield>
      <subfield code="b">SZ1</subfield>
      <subfield code="x">bibTES00007031</subfield>
    </datafield>
  </record>
  <record>
    <leader>00580nam  2200217 i 4500</leader>
    <controlfield tag="001">MOKKAZ0006405381  </controlfield>
    <controlfield tag="005">20040915200850.0</controlfield>
    <controlfield tag="008">010510s2000    hu            000 0 hun d</controlfield>
    <datafield tag="020" ind1=" " ind2=" ">
      <subfield code="a">963-8194-33-2 (fűzött)</subfield>
    </datafield>
    <datafield tag="035" ind1=" " ind2=" ">
      <subfield code="a">804090</subfield>
    </datafield>
    <datafield tag="040" ind1=" " ind2=" ">
      <subfield code="a">OSZK</subfield>
    </datafield>
    <datafield tag="041" ind1="0" ind2=" ">
      <subfield code="a">hunhun</subfield>
    </datafield>
    <datafield tag="072" ind1=" " ind2="1">
      <subfield code="a">W</subfield>
    </datafield>
    <datafield tag="100" ind1="1" ind2=" ">
      <subfield code="a">Nagy Margit</subfield>
    </datafield>
    <datafield tag="245" ind1="1" ind2="0">
      <subfield code="a">1000 kcal /</subfield>
      <subfield code="c">Nagy Margit.</subfield>
    </datafield>
    <datafield tag="250" ind1=" " ind2=" ">
      <subfield code="a">2. kiad.</subfield>
    </datafield>
    <datafield tag="260" ind1=" " ind2=" ">
      <subfield code="a">Budapest :</subfield>
      <subfield code="b">Tudomány K.,</subfield>
      <subfield code="c">2000</subfield>
      <subfield code="e">(Kaposvár</subfield>
      <subfield code="f">Kaposvári Ny.)</subfield>
    </datafield>
    <datafield tag="300" ind1=" " ind2=" ">
      <subfield code="a">57, [7] p. ;</subfield>
      <subfield code="c">20 cm</subfield>
    </datafield>
    <datafield tag="490" ind1="1" ind2=" ">
      <subfield code="a">Mintaétrend füzetek</subfield>
    </datafield>
    <datafield tag="830" ind1=" " ind2="0">
      <subfield code="a">Mintaétrend füzetek</subfield>
    </datafield>
    <datafield tag="852" ind1=" " ind2=" ">
      <subfield code="a">B1</subfield>
      <subfield code="b">B1</subfield>
      <subfield code="x">804090</subfield>
    </datafield>
  </record>
  <record>
    <leader>00606nam  2200205 i 4500</leader>
    <controlfield tag="001">MOKKAN0005068676  </controlfield>
    <controlfield tag="005">20071120133600.0</controlfield>
    <controlfield tag="008">001025 2000    hu            00010 hun  </controlfield>
    <datafield tag="035" ind1=" " ind2=" ">
      <subfield code="a">bibTES00007031</subfield>
    </datafield>
    <datafield tag="040" ind1=" " ind2=" ">
      <subfield code="a">SZTE</subfield>
    </datafield>
    <datafield tag="100" ind1="1" ind2=" ">
      <subfield code="a">Nagy Margit</subfield>
    </datafield>
    <datafield tag="245" ind1="1" ind2="0">
      <subfield code="a">1000 kcal /</subfield>
      <subfield code="c">Nagy Margit</subfield>
    </datafield>
    <datafield tag="260" ind1=" " ind2=" ">
      <subfield code="a">Bp. :</subfield>
      <subfield code="b">Tudomány K.,</subfield>
      <subfield code="c">[2000]</subfield>
    </datafield>
    <datafield tag="300" ind1=" " ind2=" ">
      <subfield code="a">57, [6] p. :</subfield>
      <subfield code="b">ill., táblázatok ;</subfield>
      <subfield code="c">16 cm</subfield>
    </datafield>
    <datafield tag="490" ind1="1" ind2=" ">
      <subfield code="a">(Mintaétrend füzetek)</subfield>
    </datafield>
    <datafield tag="650" ind1=" " ind2="7">
      <subfield code="a">Fogyókúra</subfield>
      <subfield code="2">szte</subfield>
    </datafield>
    <datafield tag="650" ind1=" " ind2="7">
      <subfield code="a">Diéta</subfield>
      <subfield code="2">szte</subfield>
    </datafield>
    <datafield tag="650" ind1=" " ind2="7">
      <subfield code="a">Szakácskönyv</subfield>
      <subfield code="x">diéta</subfield>
      <subfield code="x">fogyókúra</subfield>
      <subfield code="2">szte</subfield>
    </datafield>
    <datafield tag="830" ind1=" " ind2="0">
      <subfield code="a">Mintaétrend füzetek</subfield>
    </datafield>
    <datafield tag="852" ind1=" " ind2=" ">
      <subfield code="a">SZ1</subfield>
      <subfield code="b">SZ1/R1</subfield>
      <subfield code="x">bibTES00007031</subfield>
    </datafield>
  </record>
  <record>
    <leader>00459nam  2200145 i 4500</leader>
    <controlfield tag="001">MOKKAS0001489789  </controlfield>
    <controlfield tag="005">20060113192155.0</controlfield>
    <controlfield tag="008">050903s1991    hu            00010 hun d</controlfield>
    <datafield tag="020" ind1=" " ind2=" ">
      <subfield code="a">963-8409-71-1 :</subfield>
      <subfield code="c">750,-Ft</subfield>
    </datafield>
    <datafield tag="035" ind1=" " ind2=" ">
      <subfield code="a">bibVFK00113482</subfield>
    </datafield>
    <datafield tag="040" ind1=" " ind2=" ">
      <subfield code="a">VFMK</subfield>
    </datafield>
    <datafield tag="245" ind1="0" ind2="0">
      <subfield code="a">1000 kérdés 1000 válasz az állatokról /</subfield>
      <subfield code="c">[főszerk. Virginio Sala]</subfield>
    </datafield>
    <datafield tag="260" ind1=" " ind2=" ">
      <subfield code="a">[Bp.] :</subfield>
      <subfield code="b">Alexandra Kiadó,</subfield>
      <subfield code="c">1991</subfield>
    </datafield>
    <datafield tag="300" ind1=" " ind2=" ">
      <subfield code="a">192 p. :</subfield>
      <subfield code="b">ill.,szines ;</subfield>
      <subfield code="c">27 cm</subfield>
    </datafield>
    <datafield tag="852" ind1=" " ind2=" ">
      <subfield code="a">SZL1</subfield>
      <subfield code="b">SZL1</subfield>
      <subfield code="x">bibVFK00113482</subfield>
    </datafield>
  </record>
  <record>
    <leader>00643nam  2200217 i 4500</leader>
    <controlfield tag="001">MOKKAS0001503666  </controlfield>
    <controlfield tag="005">20060113203236.0</controlfield>
    <controlfield tag="008">050903s1993    hu            00010 hun d</controlfield>
    <datafield tag="020" ind1=" " ind2=" ">
      <subfield code="a">963-8409-18-5 (kötött) :</subfield>
      <subfield code="c">750,-Ft</subfield>
    </datafield>
    <datafield tag="035" ind1=" " ind2=" ">
      <subfield code="a">bibVFK00179511</subfield>
    </datafield>
    <datafield tag="040" ind1=" " ind2=" ">
      <subfield code="a">VFMK</subfield>
    </datafield>
    <datafield tag="245" ind1="0" ind2="0">
      <subfield code="a">1000 kérdés 1000 válasz</subfield>
    </datafield>
    <datafield tag="260" ind1=" " ind2=" ">
      <subfield code="a">[Bp.] :</subfield>
      <subfield code="b">Alexandra Kiadó,</subfield>
      <subfield code="c">cop. 1993</subfield>
    </datafield>
    <datafield tag="300" ind1=" " ind2=" ">
      <subfield code="a">191 p. :</subfield>
      <subfield code="b">ill., színes ;</subfield>
      <subfield code="c">27 cm</subfield>
    </datafield>
    <datafield tag="650" ind1=" " ind2="4">
      <subfield code="a">Lexikonok [Gyermekirod.]</subfield>
    </datafield>
    <datafield tag="650" ind1=" " ind2="4">
      <subfield code="a">Civilizációtörténet</subfield>
    </datafield>
    <datafield tag="650" ind1=" " ind2="4">
      <subfield code="a">Tudomány</subfield>
    </datafield>
    <datafield tag="650" ind1=" " ind2="4">
      <subfield code="a">Enciklopédia</subfield>
    </datafield>
    <datafield tag="650" ind1=" " ind2="4">
      <subfield code="a">Ifjúsági irodalom</subfield>
    </datafield>
    <datafield tag="852" ind1=" " ind2=" ">
      <subfield code="a">SZL1</subfield>
      <subfield code="b">SZL1</subfield>
      <subfield code="x">bibVFK00179511</subfield>
    </datafield>
    <datafield tag="852" ind1=" " ind2=" ">
      <subfield code="a">ST1</subfield>
      <subfield code="b">ST1</subfield>
      <subfield code="x">bibBBM80174</subfield>
    </datafield>
  </record>
  <record>
    <leader>00577nam  2200181 i 4500</leader>
    <controlfield tag="001">MOKKAS0002208137  </controlfield>
    <controlfield tag="005">20060525213740.0</controlfield>
    <controlfield tag="008">960105c1995    hu     j      00100 hun11</controlfield>
    <datafield tag="020" ind1=" " ind2=" ">
      <subfield code="a">963-8086-77-7 (kötött)</subfield>
      <subfield code="z">963-8409-18-5</subfield>
    </datafield>
    <datafield tag="035" ind1=" " ind2=" ">
      <subfield code="a">bibSOK00065130</subfield>
    </datafield>
    <datafield tag="040" ind1=" " ind2=" ">
      <subfield code="a">SK</subfield>
    </datafield>
    <datafield tag="041" ind1=" " ind2=" ">
      <subfield code="a">hunhun</subfield>
      <subfield code="h">ita</subfield>
    </datafield>
    <datafield tag="245" ind1="0" ind2="0">
      <subfield code="a">1000 kérdés, 1000 válasz /</subfield>
      <subfield code="c">[ford. Goják Éva]</subfield>
    </datafield>
    <datafield tag="260" ind1=" " ind2=" ">
      <subfield code="a">[Kozármislény] :</subfield>
      <subfield code="b">Alexandra,</subfield>
      <subfield code="c">cop. 1995</subfield>
      <subfield code="e">(Szlovák Közt. :</subfield>
      <subfield code="f">[s.n.])</subfield>
    </datafield>
    <datafield tag="300" ind1=" " ind2=" ">
      <subfield code="a">191 p. :</subfield>
      <subfield code="b">ill., színes ;</subfield>
      <subfield code="c">26 cm</subfield>
    </datafield>
    <datafield tag="695" ind1=" " ind2=" ">
      <subfield code="a">Lexikonok</subfield>
      <subfield code="x">gyermekeknek</subfield>
    </datafield>
    <datafield tag="695" ind1=" " ind2=" ">
      <subfield code="a">xxx</subfield>
    </datafield>
    <datafield tag="852" ind1=" " ind2=" ">
      <subfield code="a">SZ4</subfield>
      <subfield code="b">SZ4</subfield>
      <subfield code="x">bibSOK00065130</subfield>
    </datafield>
  </record>
  <record>
    <leader>00553nam  2200193 i 4500</leader>
    <controlfield tag="001">MOKKAS0003307760  </controlfield>
    <controlfield tag="005">20060603231728.0</controlfield>
    <controlfield tag="008">050101s1995                            d</controlfield>
    <datafield tag="020" ind1=" " ind2=" ">
      <subfield code="a">963-8409-18-5 (kötött)</subfield>
    </datafield>
    <datafield tag="035" ind1=" " ind2=" ">
      <subfield code="a">416851</subfield>
    </datafield>
    <datafield tag="040" ind1=" " ind2=" ">
      <subfield code="a">KKMK</subfield>
    </datafield>
    <datafield tag="245" ind1="0" ind2="0">
      <subfield code="a">1000 kérdés 1000 válasz</subfield>
    </datafield>
    <datafield tag="260" ind1=" " ind2=" ">
      <subfield code="a">Pécs :</subfield>
      <subfield code="b">Alexandra Könyvkiadó Kft.,</subfield>
      <subfield code="c">cop.1995</subfield>
    </datafield>
    <datafield tag="300" ind1=" " ind2=" ">
      <subfield code="a">191 p. :</subfield>
      <subfield code="b">ill. ;</subfield>
      <subfield code="c">27 cm</subfield>
    </datafield>
    <datafield tag="650" ind1=" " ind2="4">
      <subfield code="a">gyermekszakkönyv</subfield>
    </datafield>
    <datafield tag="650" ind1=" " ind2="4">
      <subfield code="a">tudomány</subfield>
    </datafield>
    <datafield tag="650" ind1=" " ind2="4">
      <subfield code="a">gyermeklexikonok, általános</subfield>
    </datafield>
    <datafield tag="852" ind1=" " ind2=" ">
      <subfield code="a">GY1</subfield>
      <subfield code="b">GY1</subfield>
      <subfield code="x">416851</subfield>
    </datafield>
    <datafield tag="852" ind1=" " ind2=" ">
      <subfield code="a">BCS1</subfield>
      <subfield code="b">BCS1</subfield>
      <subfield code="x">bibBKO00207361</subfield>
    </datafield>
  </record>
  <record>
    <leader>005976am  2200181 i 4500</leader>
    <controlfield tag="001">MOKKAS0002413360  </controlfield>
    <controlfield tag="005">20060617092354.0</controlfield>
    <controlfield tag="008">960813s1996    hu     j      00100 hun10</controlfield>
    <datafield tag="020" ind1=" " ind2=" ">
      <subfield code="a">963-367-056-X (kötött)</subfield>
    </datafield>
    <datafield tag="035" ind1=" " ind2=" ">
      <subfield code="a">bibBBM87976</subfield>
    </datafield>
    <datafield tag="040" ind1=" " ind2=" ">
      <subfield code="a">BBMK</subfield>
    </datafield>
    <datafield tag="041" ind1="1" ind2=" ">
      <subfield code="a">hun</subfield>
      <subfield code="h">ita</subfield>
    </datafield>
    <datafield tag="245" ind1="0" ind2="0">
      <subfield code="a">1000 kérdés, 1000 válasz a természetről /</subfield>
      <subfield code="c">[szerk. Laura Casnici] ; [graf. Maurizio Bajetti] ; [ford. Goják Éva]</subfield>
    </datafield>
    <datafield tag="260" ind1="0" ind2=" ">
      <subfield code="a">[Pécs] :</subfield>
      <subfield code="b">Alexandra,</subfield>
      <subfield code="c">1996</subfield>
      <subfield code="e">(Debrecen :</subfield>
      <subfield code="f">Kinizsi)</subfield>
    </datafield>
    <datafield tag="300" ind1=" " ind2=" ">
      <subfield code="a">191 p. :</subfield>
      <subfield code="b">ill., színes ;</subfield>
      <subfield code="c">27 cm</subfield>
    </datafield>
    <datafield tag="650" ind1=" " ind2="4">
      <subfield code="a">Retrokonv</subfield>
    </datafield>
    <datafield tag="695" ind1=" " ind2="4">
      <subfield code="a">Természet</subfield>
    </datafield>
    <datafield tag="852" ind1=" " ind2=" ">
      <subfield code="a">ST1</subfield>
      <subfield code="b">ST1</subfield>
      <subfield code="x">bibBBM87976</subfield>
    </datafield>
  </record>
  <record>
    <leader>00721nam  2200217 i 4500</leader>
    <controlfield tag="001">MOKKAS0001321933  </controlfield>
    <controlfield tag="005">20060112222244.0</controlfield>
    <controlfield tag="008">      s2003    hu            00010 hun d</controlfield>
    <datafield tag="020" ind1=" " ind2=" ">
      <subfield code="a">963-684-089-X (fűzött) :</subfield>
      <subfield code="c">1541,- Ft</subfield>
    </datafield>
    <datafield tag="035" ind1=" " ind2=" ">
      <subfield code="a">bibRFK00149729</subfield>
    </datafield>
    <datafield tag="040" ind1=" " ind2=" ">
      <subfield code="a">RFMK</subfield>
    </datafield>
    <datafield tag="041" ind1=" " ind2=" ">
      <subfield code="a">hun</subfield>
    </datafield>
    <datafield tag="100" ind1="1" ind2=" ">
      <subfield code="a">Baxter, Nicola</subfield>
    </datafield>
    <datafield tag="240" ind1="1" ind2="0">
      <subfield code="a">1000 Questions and answers (magyar)</subfield>
    </datafield>
    <datafield tag="245" ind1="1" ind2="0">
      <subfield code="a">1000 kérdés, 1000 válasz /</subfield>
      <subfield code="c">[szöveg Nicola Baxter] ; [ford. Kovácsné Kliment Emilia]</subfield>
    </datafield>
    <datafield tag="260" ind1=" " ind2=" ">
      <subfield code="a">[Kaposvár] :</subfield>
      <subfield code="b">Holló és Társa Könyvkiadó,</subfield>
      <subfield code="c">[2003]</subfield>
    </datafield>
    <datafield tag="300" ind1=" " ind2=" ">
      <subfield code="a">192 p. :</subfield>
      <subfield code="b">ill., színes ;</subfield>
      <subfield code="c">21 cm</subfield>
    </datafield>
    <datafield tag="500" ind1=" " ind2=" ">
      <subfield code="a">rs</subfield>
    </datafield>
    <datafield tag="650" ind1=" " ind2="4">
      <subfield code="a">gyermekenciklopédiák</subfield>
    </datafield>
    <datafield tag="700" ind1="2" ind2=" ">
      <subfield code="a">Kovácsné Kliment Emilia</subfield>
      <subfield code="4">ford.</subfield>
    </datafield>
    <datafield tag="852" ind1=" " ind2=" ">
      <subfield code="a">M2</subfield>
      <subfield code="b">M2</subfield>
      <subfield code="x">bibRFK00149729</subfield>
    </datafield>
  </record>
  <record>
    <leader>00855nam  2200277 i 4500</leader>
    <controlfield tag="001">MOKKAN0005068328  </controlfield>
    <controlfield tag="005">20090622213848.0</controlfield>
    <controlfield tag="008">071127t20072007hu            000 0 hun d</controlfield>
    <datafield tag="020" ind1=" " ind2=" ">
      <subfield code="a">978-963-7524-59-2 (fűzött)</subfield>
    </datafield>
    <datafield tag="035" ind1=" " ind2=" ">
      <subfield code="a">2691529</subfield>
    </datafield>
    <datafield tag="040" ind1=" " ind2=" ">
      <subfield code="a">OSZK</subfield>
      <subfield code="d">OSZK</subfield>
    </datafield>
    <datafield tag="041" ind1="0" ind2=" ">
      <subfield code="a">hunhun</subfield>
    </datafield>
    <datafield tag="080" ind1=" " ind2=" ">
      <subfield code="a">793.7</subfield>
    </datafield>
    <datafield tag="245" ind1="0" ind2="0">
      <subfield code="a">1000 kérdés, 1000 válasz : </subfield>
      <subfield code="b">kwíz játék mindenkinek /</subfield>
      <subfield code="c">[szerk. Bóta Szilárd]</subfield>
    </datafield>
    <datafield tag="260" ind1=" " ind2=" ">
      <subfield code="a">Gyöngyös :</subfield>
      <subfield code="b">Pallas Antikvárium,</subfield>
      <subfield code="c">cop. 2007</subfield>
    </datafield>
    <datafield tag="300" ind1=" " ind2=" ">
      <subfield code="a">207 p. ;</subfield>
      <subfield code="c">20 cm</subfield>
    </datafield>
    <datafield tag="650" ind1="1" ind2="7">
      <subfield code="a">vetélkedő</subfield>
      <subfield code="2">oszk</subfield>
    </datafield>
    <datafield tag="650" ind1=" " ind2="7">
      <subfield code="a">Társasjáték</subfield>
      <subfield code="x">kérdezz-felelek</subfield>
      <subfield code="2">szte</subfield>
    </datafield>
    <datafield tag="650" ind1=" " ind2="4">
      <subfield code="a">Kérdések és válaszok</subfield>
    </datafield>
    <datafield tag="650" ind1=" " ind2="4">
      <subfield code="a">Rejtvények</subfield>
    </datafield>
    <datafield tag="650" ind1=" " ind2="0">
      <subfield code="a">Questions and answers.</subfield>
    </datafield>
    <datafield tag="650" ind1=" " ind2="0">
      <subfield code="a">Puzzles.</subfield>
    </datafield>
    <datafield tag="700" ind1="1" ind2=" ">
      <subfield code="a">Bóta Szilárd</subfield>
      <subfield code="4">(szerk.)</subfield>
    </datafield>
    <datafield tag="852" ind1=" " ind2=" ">
      <subfield code="a">B1</subfield>
      <subfield code="b">B1</subfield>
      <subfield code="x">2691529</subfield>
    </datafield>
    <datafield tag="852" ind1=" " ind2=" ">
      <subfield code="a">SZ4</subfield>
      <subfield code="b">SZ4/K0</subfield>
      <subfield code="x">bibSOK00424489</subfield>
    </datafield>
    <datafield tag="852" ind1=" " ind2=" ">
      <subfield code="a">D1</subfield>
      <subfield code="b">D1</subfield>
      <subfield code="x">MOKKAN0005068328</subfield>
    </datafield>
  </record>
  <record>
    <leader>00486nam  2200157 i 4500</leader>
    <controlfield tag="001">MOKKAS0003330326  </controlfield>
    <controlfield tag="005">20060604074349.0</controlfield>
    <controlfield tag="008">050101s1994                            d</controlfield>
    <datafield tag="020" ind1=" " ind2=" ">
      <subfield code="a">963-8409-71-1</subfield>
    </datafield>
    <datafield tag="035" ind1=" " ind2=" ">
      <subfield code="a">493112</subfield>
    </datafield>
    <datafield tag="040" ind1=" " ind2=" ">
      <subfield code="a">KKMK</subfield>
    </datafield>
    <datafield tag="245" ind1="0" ind2="0">
      <subfield code="a">1000 kérdés, 1000 válasz a természetről /</subfield>
      <subfield code="c">[szerk.] Laura Casnici</subfield>
    </datafield>
    <datafield tag="260" ind1=" " ind2=" ">
      <subfield code="a">Pécs :</subfield>
      <subfield code="b">Alexandra Könyvkiadó Kft.,</subfield>
      <subfield code="c">[1994]</subfield>
    </datafield>
    <datafield tag="300" ind1=" " ind2=" ">
      <subfield code="a">192 p. :</subfield>
      <subfield code="b">ill., színes ;</subfield>
      <subfield code="c">27 cm</subfield>
    </datafield>
    <datafield tag="700" ind1="1" ind2="0">
      <subfield code="a">Casnici Laura</subfield>
      <subfield code="4">([szerk.])</subfield>
    </datafield>
    <datafield tag="852" ind1=" " ind2=" ">
      <subfield code="a">GY1</subfield>
      <subfield code="b">GY1</subfield>
      <subfield code="x">493112</subfield>
    </datafield>
  </record>
  <record>
    <leader>00714nam  2200217 i 4500</leader>
    <controlfield tag="001">MOKKAW0005263352  </controlfield>
    <controlfield tag="005">20080408233101.0</controlfield>
    <controlfield tag="008">031127s1995                 u    j hun d</controlfield>
    <datafield tag="020" ind1=" " ind2=" ">
      <subfield code="a">963-8086-56-4 (kötött)</subfield>
    </datafield>
    <datafield tag="020" ind1=" " ind2=" ">
      <subfield code="a">963-8409-71-1 [hibás]</subfield>
    </datafield>
    <datafield tag="035" ind1=" " ind2=" ">
      <subfield code="a">NLVK92269</subfield>
    </datafield>
    <datafield tag="040" ind1=" " ind2=" ">
      <subfield code="a">NLVK</subfield>
    </datafield>
    <datafield tag="041" ind1="0" ind2=" ">
      <subfield code="a">hun</subfield>
    </datafield>
    <datafield tag="245" ind1="1" ind2="0">
      <subfield code="a">1000 kérdés, 1000 válasz az állatokról /</subfield>
      <subfield code="c">[szerk. Laura Casnici]  ; [graf. Maurizio Bajetti] ; [ford. Goják Éva]</subfield>
    </datafield>
    <datafield tag="260" ind1=" " ind2=" ">
      <subfield code="a">[Pécs] :</subfield>
      <subfield code="b">Alexandra,</subfield>
      <subfield code="c">cop. 1995</subfield>
    </datafield>
    <datafield tag="300" ind1=" " ind2=" ">
      <subfield code="a">192 p. :</subfield>
      <subfield code="b">ill., színes ;</subfield>
      <subfield code="c">27 cm</subfield>
    </datafield>
    <datafield tag="650" ind1=" " ind2="4">
      <subfield code="a">Állatok [Gyermekirod.]</subfield>
    </datafield>
    <datafield tag="700" ind1="1" ind2=" ">
      <subfield code="a">Casnici, Laura</subfield>
      <subfield code="4">(szerk.)</subfield>
    </datafield>
    <datafield tag="700" ind1="1" ind2=" ">
      <subfield code="a">Bajetti, Maurizio</subfield>
      <subfield code="4">(ill.)</subfield>
    </datafield>
    <datafield tag="700" ind1="1" ind2=" ">
      <subfield code="a">Goják Éva</subfield>
      <subfield code="4">(ford.)</subfield>
    </datafield>
    <datafield tag="852" ind1=" " ind2=" ">
      <subfield code="a">H1</subfield>
      <subfield code="b">H1</subfield>
      <subfield code="x">NLVK92269</subfield>
    </datafield>
  </record>
  <record>
    <leader>01702fam  2200469 i 4500</leader>
    <controlfield tag="001">MOKKAZ0006338875  </controlfield>
    <controlfield tag="005">20040915193237.0</controlfield>
    <controlfield tag="008">960702s1996    hu ar  j      001 0 hun d</controlfield>
    <datafield tag="020" ind1=" " ind2=" ">
      <subfield code="a">963-367-056-X (kötött) :</subfield>
      <subfield code="c">1500,- Ft</subfield>
    </datafield>
    <datafield tag="035" ind1=" " ind2=" ">
      <subfield code="a">185782</subfield>
    </datafield>
    <datafield tag="040" ind1=" " ind2=" ">
      <subfield code="a">OSZK</subfield>
    </datafield>
    <datafield tag="041" ind1="1" ind2=" ">
      <subfield code="a">hunhun</subfield>
      <subfield code="h">ita</subfield>
    </datafield>
    <datafield tag="130" ind1="2" ind2="0">
      <subfield code="a">I perchè della natura</subfield>
      <subfield code="l">magyar</subfield>
    </datafield>
    <datafield tag="245" ind1="0" ind2="0">
      <subfield code="a">1000 kérdés, 1000 válasz a természetről /</subfield>
      <subfield code="c">[szerk. Laura Casnici] ; [graf. Maurizio Bajetti] ; [ford. Goják Éva]</subfield>
    </datafield>
    <datafield tag="260" ind1=" " ind2=" ">
      <subfield code="a">[Pécs] :</subfield>
      <subfield code="b">Alexandra,</subfield>
      <subfield code="c">1996</subfield>
      <subfield code="e">(Debrecen</subfield>
      <subfield code="f">Kinizsi)</subfield>
    </datafield>
    <datafield tag="300" ind1=" " ind2=" ">
      <subfield code="a">191 p. :</subfield>
      <subfield code="b">ill., színes ;</subfield>
      <subfield code="c">27 cm</subfield>
    </datafield>
    <datafield tag="650" ind1=" " ind2="4">
      <subfield code="a">Természet</subfield>
    </datafield>
    <datafield tag="650" ind1=" " ind2="0">
      <subfield code="a">Nature.</subfield>
    </datafield>
    <datafield tag="650" ind1=" " ind2="4">
      <subfield code="a">biológia</subfield>
    </datafield>
    <datafield tag="650" ind1=" " ind2="4">
      <subfield code="a">Természetvédelem [Gyermekirod.]</subfield>
    </datafield>
    <datafield tag="650" ind1="0" ind2="7">
      <subfield code="2">ar</subfield>
      <subfield code="a">biológia</subfield>
      <subfield code="x">ismeretterjesztő</subfield>
    </datafield>
    <datafield tag="650" ind1="0" ind2="7">
      <subfield code="2">ar</subfield>
      <subfield code="a">biológia</subfield>
      <subfield code="x">ifjúsági</subfield>
    </datafield>
    <datafield tag="650" ind1="0" ind2="7">
      <subfield code="2">ar</subfield>
      <subfield code="a">természet</subfield>
      <subfield code="x">ifjúsági</subfield>
    </datafield>
    <datafield tag="650" ind1=" " ind2="4">
      <subfield code="a">Kérdések és válaszok gyermekeknek</subfield>
    </datafield>
    <datafield tag="650" ind1=" " ind2="4">
      <subfield code="a">Természet</subfield>
      <subfield code="x">illusztrált művek</subfield>
      <subfield code="x">ifjúsági irodalom</subfield>
    </datafield>
    <datafield tag="650" ind1=" " ind2="4">
      <subfield code="a">Tudomány</subfield>
      <subfield code="x">ifjúsági irodalom</subfield>
    </datafield>
    <datafield tag="695" ind1=" " ind2=" ">
      <subfield code="a">xxx</subfield>
    </datafield>
    <datafield tag="695" ind1=" " ind2=" ">
      <subfield code="a">természettudomány</subfield>
    </datafield>
    <datafield tag="700" ind1="1" ind2=" ">
      <subfield code="a">Casnici, Laura</subfield>
      <subfield code="4">(szerk.)</subfield>
    </datafield>
    <datafield tag="700" ind1="1" ind2=" ">
      <subfield code="a">Bajetti, Maurizio</subfield>
      <subfield code="4">(ill.)</subfield>
    </datafield>
    <datafield tag="700" ind1="1" ind2=" ">
      <subfield code="a">Goják Éva</subfield>
      <subfield code="4">(ford.)</subfield>
    </datafield>
    <datafield tag="852" ind1=" " ind2=" ">
      <subfield code="a">B1</subfield>
      <subfield code="b">B1</subfield>
      <subfield code="x">185782</subfield>
    </datafield>
    <datafield tag="852" ind1=" " ind2=" ">
      <subfield code="a">D1</subfield>
      <subfield code="b">D1</subfield>
      <subfield code="x">185782</subfield>
    </datafield>
    <datafield tag="852" ind1=" " ind2=" ">
      <subfield code="a">B10</subfield>
      <subfield code="B">1104</subfield>
      <subfield code="B">0101</subfield>
      <subfield code="B">1106</subfield>
      <subfield code="B">1105</subfield>
      <subfield code="B">1202</subfield>
      <subfield code="B">0307C</subfield>
      <subfield code="B">1103</subfield>
      <subfield code="B">2201</subfield>
      <subfield code="B">2203</subfield>
      <subfield code="B">0305</subfield>
      <subfield code="B">0801G</subfield>
      <subfield code="B">1803</subfield>
      <subfield code="B">2301</subfield>
      <subfield code="B">0901</subfield>
      <subfield code="B">0403</subfield>
      <subfield code="B">0602</subfield>
      <subfield code="B">1307</subfield>
      <subfield code="B">1704</subfield>
      <subfield code="B">1004</subfield>
      <subfield code="B">1003</subfield>
      <subfield code="B">0802</subfield>
      <subfield code="b">1602</subfield>
      <subfield code="x">bibFSZ00099896</subfield>
    </datafield>
    <datafield tag="852" ind1=" " ind2=" ">
      <subfield code="a">GY1</subfield>
      <subfield code="b">GY1</subfield>
      <subfield code="x">490451</subfield>
    </datafield>
    <datafield tag="852" ind1=" " ind2=" ">
      <subfield code="a">SZ4</subfield>
      <subfield code="b">SZ4</subfield>
      <subfield code="x">bibSOK00131573</subfield>
    </datafield>
    <datafield tag="852" ind1=" " ind2=" ">
      <subfield code="a">BCS1</subfield>
      <subfield code="b">BCS1</subfield>
      <subfield code="x">bibBKO00197639</subfield>
    </datafield>
    <datafield tag="852" ind1=" " ind2=" ">
      <subfield code="a">M2</subfield>
      <subfield code="b">M2</subfield>
      <subfield code="x">bibRFK00036643</subfield>
    </datafield>
    <datafield tag="852" ind1=" " ind2=" ">
      <subfield code="a">S1</subfield>
      <subfield code="b">S1</subfield>
      <subfield code="x">185782</subfield>
    </datafield>
    <datafield tag="852" ind1=" " ind2=" ">
      <subfield code="a">SZL1</subfield>
      <subfield code="b">SZL1</subfield>
      <subfield code="x">bibVFK00171935</subfield>
    </datafield>
    <datafield tag="852" ind1=" " ind2=" ">
      <subfield code="a">B2</subfield>
      <subfield code="b">B2</subfield>
      <subfield code="x">251831</subfield>
    </datafield>
    <datafield tag="852" ind1=" " ind2=" ">
      <subfield code="a">SZK1</subfield>
      <subfield code="b">SZK1</subfield>
      <subfield code="x">bibTMK84479</subfield>
    </datafield>
  </record>
  <record>
    <leader>00965fam  2200265 i 4500</leader>
    <controlfield tag="001">MOKKAZ0006372336  </controlfield>
    <controlfield tag="005">20040915195054.0</controlfield>
    <controlfield tag="008">981208s1998    hu ar  j      001 0 hun d</controlfield>
    <datafield tag="020" ind1=" " ind2=" ">
      <subfield code="a">963-367-056-X [!] (kötött) :</subfield>
      <subfield code="c">1980,- Ft</subfield>
    </datafield>
    <datafield tag="035" ind1=" " ind2=" ">
      <subfield code="a">331167</subfield>
    </datafield>
    <datafield tag="040" ind1=" " ind2=" ">
      <subfield code="a">OSZK</subfield>
    </datafield>
    <datafield tag="041" ind1="1" ind2=" ">
      <subfield code="a">hunhun</subfield>
      <subfield code="h">ita</subfield>
    </datafield>
    <datafield tag="130" ind1="2" ind2="0">
      <subfield code="a">I perchè della natura</subfield>
      <subfield code="l">magyar</subfield>
    </datafield>
    <datafield tag="245" ind1="0" ind2="0">
      <subfield code="a">1000 kérdés, 1000 válasz a természetről /</subfield>
      <subfield code="c">[szerk. Laura Casnici] ; [graf. Maurizio Bajetti] ; [ford. Goják Éva]</subfield>
    </datafield>
    <datafield tag="260" ind1=" " ind2=" ">
      <subfield code="a">[Pécs] :</subfield>
      <subfield code="b">Alexandra,</subfield>
      <subfield code="c">[1998]</subfield>
      <subfield code="e">(Debrecen</subfield>
      <subfield code="f">Kinizsi)</subfield>
    </datafield>
    <datafield tag="300" ind1=" " ind2=" ">
      <subfield code="a">191 p. :</subfield>
      <subfield code="b">ill., színes ;</subfield>
      <subfield code="c">27 cm</subfield>
    </datafield>
    <datafield tag="650" ind1=" " ind2="4">
      <subfield code="a">természettudomány [gyermekirod.]</subfield>
    </datafield>
    <datafield tag="700" ind1="1" ind2=" ">
      <subfield code="a">Casnici, Laura</subfield>
      <subfield code="4">(szerk.)</subfield>
    </datafield>
    <datafield tag="700" ind1="1" ind2=" ">
      <subfield code="a">Bajetti, Maurizio</subfield>
      <subfield code="4">(ill.)</subfield>
    </datafield>
    <datafield tag="700" ind1="1" ind2=" ">
      <subfield code="a">Goják Éva</subfield>
      <subfield code="4">(ford.)</subfield>
    </datafield>
    <datafield tag="852" ind1=" " ind2=" ">
      <subfield code="a">B1</subfield>
      <subfield code="b">B1</subfield>
      <subfield code="x">331167</subfield>
    </datafield>
    <datafield tag="852" ind1=" " ind2=" ">
      <subfield code="a">B10</subfield>
      <subfield code="B">0401</subfield>
      <subfield code="B">1308</subfield>
      <subfield code="B">1401</subfield>
      <subfield code="B">1501</subfield>
      <subfield code="B">1105</subfield>
      <subfield code="B">1106</subfield>
      <subfield code="B">0201</subfield>
      <subfield code="b">0202</subfield>
      <subfield code="x">bibFSZ00148793</subfield>
    </datafield>
    <datafield tag="852" ind1=" " ind2=" ">
      <subfield code="a">M2</subfield>
      <subfield code="b">M2</subfield>
      <subfield code="x">bibRFK00114571</subfield>
    </datafield>
    <datafield tag="852" ind1=" " ind2=" ">
      <subfield code="a">SZO1</subfield>
      <subfield code="b">SZO1</subfield>
      <subfield code="x">150142002</subfield>
    </datafield>
    <datafield tag="852" ind1=" " ind2=" ">
      <subfield code="a">H1</subfield>
      <subfield code="b">H1</subfield>
      <subfield code="x">NLVK92266</subfield>
    </datafield>
  </record>
  <record>
    <leader>00858nam  2200253 i 4500</leader>
    <controlfield tag="001">MOKKAS0003822651  </controlfield>
    <controlfield tag="005">20060616061544.0</controlfield>
    <controlfield tag="008">970815s1999    hu a          00010 hun d</controlfield>
    <datafield tag="020" ind1=" " ind2=" ">
      <subfield code="a">963 367 056 X</subfield>
    </datafield>
    <datafield tag="035" ind1=" " ind2=" ">
      <subfield code="a">bibJGYx28198</subfield>
    </datafield>
    <datafield tag="040" ind1=" " ind2=" ">
      <subfield code="a">SZTE</subfield>
    </datafield>
    <datafield tag="041" ind1="1" ind2=" ">
      <subfield code="a">hun</subfield>
      <subfield code="h">ita</subfield>
    </datafield>
    <datafield tag="130" ind1="0" ind2="0">
      <subfield code="a">I perché della natura</subfield>
      <subfield code="l">(magyar)</subfield>
    </datafield>
    <datafield tag="245" ind1="0" ind2="0">
      <subfield code="a">1000 kérdés, 1000 válasz a természetről /</subfield>
      <subfield code="c">[szerk. Laura Casnici] ; [ford. Goják Éva]</subfield>
    </datafield>
    <datafield tag="260" ind1=" " ind2=" ">
      <subfield code="a">[Pécs] :</subfield>
      <subfield code="b">Alexandra,</subfield>
      <subfield code="c">1999</subfield>
    </datafield>
    <datafield tag="300" ind1=" " ind2=" ">
      <subfield code="a">191 p. :</subfield>
      <subfield code="b">ill., színes ;</subfield>
      <subfield code="c">27 cm</subfield>
    </datafield>
    <datafield tag="695" ind1=" " ind2=" ">
      <subfield code="a">Állatok</subfield>
      <subfield code="x">[Gyermekirod.]</subfield>
    </datafield>
    <datafield tag="695" ind1=" " ind2=" ">
      <subfield code="a">Élővilág</subfield>
      <subfield code="x">[Gyermekirod.]</subfield>
    </datafield>
    <datafield tag="695" ind1=" " ind2=" ">
      <subfield code="a">Növények</subfield>
      <subfield code="x">[Gyermekirod.]</subfield>
    </datafield>
    <datafield tag="695" ind1=" " ind2=" ">
      <subfield code="a">Természettudomány</subfield>
      <subfield code="x">[Gyermekirod.]</subfield>
    </datafield>
    <datafield tag="700" ind1="1" ind2=" ">
      <subfield code="a">Casnici, Laura</subfield>
    </datafield>
    <datafield tag="700" ind1="1" ind2=" ">
      <subfield code="a">Goják Éva</subfield>
    </datafield>
    <datafield tag="852" ind1=" " ind2=" ">
      <subfield code="a">SZ1</subfield>
      <subfield code="b">SZ1</subfield>
      <subfield code="x">bibJGYx28198</subfield>
    </datafield>
    <datafield tag="856" ind1=" " ind2="7">
      <subfield code="2">http</subfield>
      <subfield code="z">http://www.lib.jgytf.u-szeged.hu/%7Ekata/zold/kepek/203992.jpg</subfield>
    </datafield>
  </record>
  <record>
    <leader>01084fam  2200277 i 4500</leader>
    <controlfield tag="001">MOKKAZ0006313919  </controlfield>
    <controlfield tag="005">20040915190941.0</controlfield>
    <controlfield tag="008">940323t19931993hu r   j      001 0 hun d</controlfield>
    <datafield tag="020" ind1=" " ind2=" ">
      <subfield code="a">963-8409-18-5 (kötött) :</subfield>
      <subfield code="c">750,- Ft</subfield>
    </datafield>
    <datafield tag="035" ind1=" " ind2=" ">
      <subfield code="a">70216</subfield>
    </datafield>
    <datafield tag="040" ind1=" " ind2=" ">
      <subfield code="a">OSZK</subfield>
    </datafield>
    <datafield tag="041" ind1="1" ind2=" ">
      <subfield code="a">hunhun</subfield>
      <subfield code="h">ita</subfield>
    </datafield>
    <datafield tag="245" ind1="0" ind2="0">
      <subfield code="a">1000 kérdés, 1000 válasz /</subfield>
      <subfield code="c">[ford. Goják Éva]</subfield>
    </datafield>
    <datafield tag="260" ind1=" " ind2=" ">
      <subfield code="a">[Kozármislény] :</subfield>
      <subfield code="b">Alexandra,</subfield>
      <subfield code="c">cop. 1993</subfield>
      <subfield code="e">(Szlovák Közt.</subfield>
      <subfield code="f">[s.n.])</subfield>
    </datafield>
    <datafield tag="300" ind1=" " ind2=" ">
      <subfield code="a">191 p. :</subfield>
      <subfield code="b">ill., színes ;</subfield>
      <subfield code="c">26 cm</subfield>
    </datafield>
    <datafield tag="650" ind1=" " ind2="4">
      <subfield code="a">gyermeklexikonok, általános</subfield>
    </datafield>
    <datafield tag="650" ind1=" " ind2="7">
      <subfield code="a">Természettudományok</subfield>
      <subfield code="x">népszerű</subfield>
      <subfield code="2">szte</subfield>
    </datafield>
    <datafield tag="650" ind1=" " ind2="7">
      <subfield code="a">Műszaki tudományok</subfield>
      <subfield code="x">népszerű</subfield>
      <subfield code="2">szte</subfield>
    </datafield>
    <datafield tag="650" ind1=" " ind2="7">
      <subfield code="a">Világtörténelem</subfield>
      <subfield code="x">népszerű</subfield>
      <subfield code="2">szte</subfield>
    </datafield>
    <datafield tag="700" ind1="1" ind2=" ">
      <subfield code="a">Goják Éva</subfield>
      <subfield code="4">(ford.)</subfield>
    </datafield>
    <datafield tag="852" ind1=" " ind2=" ">
      <subfield code="a">B1</subfield>
      <subfield code="b">B1</subfield>
      <subfield code="x">70216</subfield>
    </datafield>
    <datafield tag="852" ind1=" " ind2=" ">
      <subfield code="a">B10</subfield>
      <subfield code="B">0801G</subfield>
      <subfield code="B">2301</subfield>
      <subfield code="B">0403</subfield>
      <subfield code="B">1308</subfield>
      <subfield code="B">0703</subfield>
      <subfield code="B">0702</subfield>
      <subfield code="B">1307</subfield>
      <subfield code="B">0204</subfield>
      <subfield code="B">1704</subfield>
      <subfield code="B">1004</subfield>
      <subfield code="B">1401</subfield>
      <subfield code="B">0802</subfield>
      <subfield code="B">1404</subfield>
      <subfield code="B">1602</subfield>
      <subfield code="B">1702</subfield>
      <subfield code="B">1105</subfield>
      <subfield code="B">0305</subfield>
      <subfield code="B">1202</subfield>
      <subfield code="B">1103</subfield>
      <subfield code="B">2201</subfield>
      <subfield code="B">2203</subfield>
      <subfield code="B">0302</subfield>
      <subfield code="b">0202</subfield>
      <subfield code="x">bibFSZ00093549</subfield>
    </datafield>
    <datafield tag="852" ind1=" " ind2=" ">
      <subfield code="a">H1</subfield>
      <subfield code="b">H1</subfield>
      <subfield code="x">NLVK445002</subfield>
    </datafield>
    <datafield tag="852" ind1=" " ind2=" ">
      <subfield code="a">BCS1</subfield>
      <subfield code="b">BCS1</subfield>
      <subfield code="b">BCS1/LEN</subfield>
      <subfield code="x">bibBKO00078697</subfield>
    </datafield>
    <datafield tag="852" ind1=" " ind2=" ">
      <subfield code="a">M2</subfield>
      <subfield code="b">M2</subfield>
      <subfield code="x">bibRFK00053319</subfield>
    </datafield>
    <datafield tag="852" ind1=" " ind2=" ">
      <subfield code="a">SZ1</subfield>
      <subfield code="b">SZ1</subfield>
      <subfield code="x">bibJAT00323488</subfield>
    </datafield>
  </record>
  <record>
    <leader>00654cam  22001691  4500</leader>
    <controlfield tag="001">MOKKAZ0004259029  </controlfield>
    <controlfield tag="005">20040910054202.0</controlfield>
    <controlfield tag="008">      s1995                        hun d</controlfield>
    <datafield tag="020" ind1=" " ind2=" ">
      <subfield code="a">963-8409-18-5-[!963-8086-77-7] (kötött) :</subfield>
    </datafield>
    <datafield tag="035" ind1=" " ind2=" ">
      <subfield code="a">bibFSZ00104602</subfield>
    </datafield>
    <datafield tag="040" ind1=" " ind2=" ">
      <subfield code="a">FSZEK</subfield>
    </datafield>
    <datafield tag="245" ind1="0" ind2="0">
      <subfield code="a">1000 kérdés, 1000 válasz /</subfield>
      <subfield code="c">[ford. Goják Éva]</subfield>
    </datafield>
    <datafield tag="260" ind1=" " ind2=" ">
      <subfield code="a">[Pécs] :</subfield>
      <subfield code="b">Alexandra Kiadó,</subfield>
      <subfield code="c">cop. 1995</subfield>
    </datafield>
    <datafield tag="300" ind1=" " ind2=" ">
      <subfield code="a">191 p. :</subfield>
      <subfield code="b">ill. ;</subfield>
      <subfield code="c">27 cm</subfield>
    </datafield>
    <datafield tag="680" ind1=" " ind2="0">
      <subfield code="a">referenszkönyv</subfield>
      <subfield code="a">enciklopédia</subfield>
      <subfield code="a">lexikon</subfield>
      <subfield code="a">gyermekkönyv</subfield>
    </datafield>
    <datafield tag="700" ind1="1" ind2=" ">
      <subfield code="a">Goják Éva</subfield>
      <subfield code="4">ford.</subfield>
    </datafield>
    <datafield tag="852" ind1=" " ind2=" ">
      <subfield code="a">B10</subfield>
      <subfield code="B">1106</subfield>
      <subfield code="B">1104</subfield>
      <subfield code="B">1105</subfield>
      <subfield code="B">0801G</subfield>
      <subfield code="B">1802</subfield>
      <subfield code="B">1803</subfield>
      <subfield code="B">2104</subfield>
      <subfield code="B">1308</subfield>
      <subfield code="B">0404</subfield>
      <subfield code="B">1305</subfield>
      <subfield code="B">0401</subfield>
      <subfield code="B">0602</subfield>
      <subfield code="B">1004</subfield>
      <subfield code="B">1003</subfield>
      <subfield code="B">1401</subfield>
      <subfield code="b">1501</subfield>
      <subfield code="x">bibFSZ00104602</subfield>
    </datafield>
  </record>
  <record>
    <leader>00582nam  2200193 i 4500</leader>
    <controlfield tag="001">MOKKAS0001327717  </controlfield>
    <controlfield tag="005">20060112225129.0</controlfield>
    <controlfield tag="008">      s1995    hu            00010 hun d</controlfield>
    <datafield tag="020" ind1=" " ind2=" ">
      <subfield code="a">963-8409-18-5 [!ISBN 963-8086-77-7] (kötött) :</subfield>
      <subfield code="c">990,- Ft</subfield>
    </datafield>
    <datafield tag="035" ind1=" " ind2=" ">
      <subfield code="a">bibRFK00043276</subfield>
    </datafield>
    <datafield tag="040" ind1=" " ind2=" ">
      <subfield code="a">RFMK</subfield>
    </datafield>
    <datafield tag="041" ind1=" " ind2=" ">
      <subfield code="a">hun</subfield>
    </datafield>
    <datafield tag="245" ind1="0" ind2="0">
      <subfield code="a">1000 kérdés, 1000 válasz /</subfield>
      <subfield code="c">[ford. Goják Éva]</subfield>
    </datafield>
    <datafield tag="260" ind1=" " ind2=" ">
      <subfield code="a">[Pécs] :</subfield>
      <subfield code="b">Alexandra,</subfield>
      <subfield code="c">cop. 1995</subfield>
    </datafield>
    <datafield tag="300" ind1=" " ind2=" ">
      <subfield code="a">191 p. :</subfield>
      <subfield code="b">ill., színes ;</subfield>
      <subfield code="c">26 cm</subfield>
    </datafield>
    <datafield tag="500" ind1=" " ind2=" ">
      <subfield code="a">r</subfield>
    </datafield>
    <datafield tag="650" ind1=" " ind2="4">
      <subfield code="a">gyermekenciklopédiák</subfield>
    </datafield>
    <datafield tag="700" ind1="1" ind2=" ">
      <subfield code="a">Goják Éva</subfield>
      <subfield code="4">ford.</subfield>
    </datafield>
    <datafield tag="852" ind1=" " ind2=" ">
      <subfield code="a">M2</subfield>
      <subfield code="b">M2</subfield>
      <subfield code="x">bibRFK00043276</subfield>
    </datafield>
  </record>
  <record>
    <leader>00560nam  2200193 i 4500</leader>
    <controlfield tag="001">MOKKAZ0006326583  </controlfield>
    <controlfield tag="005">20040915192609.0</controlfield>
    <controlfield tag="008">950508t19951995hu r   j      001 0 hun d</controlfield>
    <datafield tag="020" ind1=" " ind2=" ">
      <subfield code="a">963-8086-77-7 (kötött)</subfield>
    </datafield>
    <datafield tag="020" ind1=" " ind2=" ">
      <subfield code="z">963-8409-18-5</subfield>
    </datafield>
    <datafield tag="035" ind1=" " ind2=" ">
      <subfield code="a">127897</subfield>
    </datafield>
    <datafield tag="040" ind1=" " ind2=" ">
      <subfield code="a">OSZK</subfield>
    </datafield>
    <datafield tag="041" ind1="1" ind2=" ">
      <subfield code="a">hunhun</subfield>
      <subfield code="h">ita</subfield>
    </datafield>
    <datafield tag="072" ind1=" " ind2="1">
      <subfield code="a">A</subfield>
    </datafield>
    <datafield tag="245" ind1="0" ind2="0">
      <subfield code="a">1000 kérdés, 1000 válasz /</subfield>
      <subfield code="c">[ford. Goják Éva]</subfield>
    </datafield>
    <datafield tag="260" ind1=" " ind2=" ">
      <subfield code="a">[Pécs] :</subfield>
      <subfield code="b">Alexandra,</subfield>
      <subfield code="c">cop. 1995</subfield>
      <subfield code="e">(Szlovák Közt.</subfield>
      <subfield code="f">[s.n.])</subfield>
    </datafield>
    <datafield tag="300" ind1=" " ind2=" ">
      <subfield code="a">191 p. :</subfield>
      <subfield code="b">ill., színes ;</subfield>
      <subfield code="c">26 cm</subfield>
    </datafield>
    <datafield tag="700" ind1="1" ind2=" ">
      <subfield code="a">Goják Éva</subfield>
      <subfield code="4">(ford.)</subfield>
    </datafield>
    <datafield tag="852" ind1=" " ind2=" ">
      <subfield code="a">B1</subfield>
      <subfield code="b">B1</subfield>
      <subfield code="x">127897</subfield>
    </datafield>
  </record>
  <record>
    <leader>00470nam  2200157 i 4500</leader>
    <controlfield tag="001">MOKKAS0003247476  </controlfield>
    <controlfield tag="005">20060601215404.0</controlfield>
    <controlfield tag="008">050101s1978                            d</controlfield>
    <datafield tag="035" ind1=" " ind2=" ">
      <subfield code="a">167773</subfield>
    </datafield>
    <datafield tag="040" ind1=" " ind2=" ">
      <subfield code="a">KKMK</subfield>
    </datafield>
    <datafield tag="100" ind1="1" ind2=" ">
      <subfield code="a">Gonda Irén</subfield>
    </datafield>
    <datafield tag="245" ind1="1" ind2="0">
      <subfield code="a">1000 kérdés, 1000 válasz a ház körüli állattartásról /</subfield>
      <subfield code="c">Gonda Irén</subfield>
    </datafield>
    <datafield tag="250" ind1=" " ind2=" ">
      <subfield code="a">2. átd. kiad</subfield>
    </datafield>
    <datafield tag="260" ind1=" " ind2=" ">
      <subfield code="a">Budapest :</subfield>
      <subfield code="b">Mezőgazdasági Kiadó,</subfield>
      <subfield code="c">cop. 1978</subfield>
    </datafield>
    <datafield tag="300" ind1=" " ind2=" ">
      <subfield code="a">476 p. :</subfield>
      <subfield code="b">ill. ;</subfield>
      <subfield code="c">21 cm</subfield>
    </datafield>
    <datafield tag="852" ind1=" " ind2=" ">
      <subfield code="a">GY1</subfield>
      <subfield code="b">GY1</subfield>
      <subfield code="x">167773</subfield>
    </datafield>
  </record>
  <record>
    <leader>01099fam  2200337 i 4500</leader>
    <controlfield tag="001">MOKKAZ0006219851  </controlfield>
    <controlfield tag="005">20090919012951.0</controlfield>
    <controlfield tag="008">940510t19791979hu       j    000 0 hun d</controlfield>
    <datafield tag="020" ind1=" " ind2=" ">
      <subfield code="a">963-230-013-0 (kötött) :</subfield>
      <subfield code="c">55,- Ft</subfield>
    </datafield>
    <datafield tag="035" ind1=" " ind2=" ">
      <subfield code="a">788253</subfield>
    </datafield>
    <datafield tag="040" ind1=" " ind2=" ">
      <subfield code="a">OSZK</subfield>
    </datafield>
    <datafield tag="041" ind1="0" ind2=" ">
      <subfield code="a">hunhun</subfield>
    </datafield>
    <datafield tag="080" ind1=" " ind2=" ">
      <subfield code="a">636.083:631.115.11</subfield>
    </datafield>
    <datafield tag="100" ind1="1" ind2=" ">
      <subfield code="a">Gonda Irén</subfield>
    </datafield>
    <datafield tag="245" ind1="1" ind2="0">
      <subfield code="a">1000 kérdés, 1000 válasz a ház körüli állattartásról /</subfield>
      <subfield code="c">Gonda Irén</subfield>
    </datafield>
    <datafield tag="260" ind1=" " ind2=" ">
      <subfield code="a">Budapest :</subfield>
      <subfield code="b">Mezőgazd. K.,</subfield>
      <subfield code="c">1979</subfield>
      <subfield code="e">(Debrecen</subfield>
      <subfield code="f">Alföldi Ny.)</subfield>
    </datafield>
    <datafield tag="300" ind1=" " ind2=" ">
      <subfield code="a">442 l. :</subfield>
      <subfield code="b">ill. ;</subfield>
      <subfield code="c">21 cm</subfield>
    </datafield>
    <datafield tag="500" ind1=" " ind2=" ">
      <subfield code="a">30000</subfield>
    </datafield>
    <datafield tag="650" ind1=" " ind2="4">
      <subfield code="a">Állattenyésztés</subfield>
    </datafield>
    <datafield tag="650" ind1=" " ind2="4">
      <subfield code="a">háziállatok</subfield>
    </datafield>
    <datafield tag="695" ind1=" " ind2=" ">
      <subfield code="a">Állattenyésztés</subfield>
    </datafield>
    <datafield tag="695" ind1=" " ind2=" ">
      <subfield code="a">xxx</subfield>
    </datafield>
    <datafield tag="852" ind1=" " ind2=" ">
      <subfield code="a">B1</subfield>
      <subfield code="b">B1</subfield>
      <subfield code="x">788253</subfield>
    </datafield>
    <datafield tag="852" ind1=" " ind2=" ">
      <subfield code="a">B10</subfield>
      <subfield code="B">1801</subfield>
      <subfield code="B">1803</subfield>
      <subfield code="B">1903</subfield>
      <subfield code="B">1308</subfield>
      <subfield code="B">0703</subfield>
      <subfield code="B">1105</subfield>
      <subfield code="B">0202</subfield>
      <subfield code="B">1003</subfield>
      <subfield code="B">1602</subfield>
      <subfield code="B">1601</subfield>
      <subfield code="B">1504</subfield>
      <subfield code="b">2101</subfield>
      <subfield code="x">bibFSZ00077301</subfield>
    </datafield>
    <datafield tag="852" ind1=" " ind2=" ">
      <subfield code="a">P1</subfield>
      <subfield code="b">P1/FK</subfield>
      <subfield code="x">963 230 013 0</subfield>
    </datafield>
    <datafield tag="852" ind1=" " ind2=" ">
      <subfield code="a">SZK1</subfield>
      <subfield code="b">SZK1</subfield>
      <subfield code="x">bibTMK00018578</subfield>
    </datafield>
    <datafield tag="852" ind1=" " ind2=" ">
      <subfield code="a">H1</subfield>
      <subfield code="b">H1</subfield>
      <subfield code="x">NLVK92262</subfield>
    </datafield>
    <datafield tag="852" ind1=" " ind2=" ">
      <subfield code="a">SZL1</subfield>
      <subfield code="b">SZL1</subfield>
      <subfield code="x">bibVFK00244866</subfield>
    </datafield>
    <datafield tag="852" ind1=" " ind2=" ">
      <subfield code="a">BCS1</subfield>
      <subfield code="b">BCS1</subfield>
      <subfield code="x">bibBKO00216763</subfield>
    </datafield>
    <datafield tag="852" ind1=" " ind2=" ">
      <subfield code="a">SZ4</subfield>
      <subfield code="b">SZ4</subfield>
      <subfield code="x">bibSOK00039098</subfield>
    </datafield>
    <datafield tag="852" ind1=" " ind2=" ">
      <subfield code="a">S1</subfield>
      <subfield code="b">Mo1</subfield>
      <subfield code="b">MO1</subfield>
      <subfield code="x">963 230 013 0</subfield>
    </datafield>
  </record>
  <record>
    <leader>00549nam  2200181 i 4500</leader>
    <controlfield tag="001">MOKKAN0003893248  </controlfield>
    <controlfield tag="005">20061026140950.0</controlfield>
    <controlfield tag="008">040710 1979    hu            00010 hun  </controlfield>
    <datafield tag="020" ind1=" " ind2=" ">
      <subfield code="a">963 230 013 0 (fűzött) :</subfield>
    </datafield>
    <datafield tag="035" ind1=" " ind2=" ">
      <subfield code="a">bibHML00015699</subfield>
    </datafield>
    <datafield tag="040" ind1=" " ind2=" ">
      <subfield code="a">SZTE</subfield>
    </datafield>
    <datafield tag="100" ind1="1" ind2=" ">
      <subfield code="a">Gonda Irén</subfield>
    </datafield>
    <datafield tag="245" ind1="1" ind2="0">
      <subfield code="a">1000 kérdés, 1000 válasz a ház körüli állattartásról /</subfield>
      <subfield code="c">Gonda Irén</subfield>
    </datafield>
    <datafield tag="260" ind1=" " ind2=" ">
      <subfield code="a">Bp. :</subfield>
      <subfield code="b">Mzőgazd. K.,</subfield>
      <subfield code="c">1979</subfield>
    </datafield>
    <datafield tag="300" ind1=" " ind2=" ">
      <subfield code="a">442 p. :</subfield>
      <subfield code="b">ill. ;</subfield>
      <subfield code="c">21 cm</subfield>
    </datafield>
    <datafield tag="695" ind1=" " ind2=" ">
      <subfield code="a">Állattartás</subfield>
    </datafield>
    <datafield tag="695" ind1=" " ind2=" ">
      <subfield code="a">Háztáji gazdaság</subfield>
    </datafield>
    <datafield tag="852" ind1=" " ind2=" ">
      <subfield code="a">SZ1</subfield>
      <subfield code="b">SZ1/133</subfield>
      <subfield code="x">bibHML00015699</subfield>
    </datafield>
  </record>
  <record>
    <leader>00977nam  2200337 i 4500</leader>
    <controlfield tag="001">MOKKAS0003279814  </controlfield>
    <controlfield tag="005">20091123194310.0</controlfield>
    <controlfield tag="008">050101s1979                            d</controlfield>
    <datafield tag="035" ind1=" " ind2=" ">
      <subfield code="a">313483</subfield>
    </datafield>
    <datafield tag="040" ind1=" " ind2=" ">
      <subfield code="a">KKMK</subfield>
    </datafield>
    <datafield tag="100" ind1="1" ind2=" ">
      <subfield code="a">Gonda Irén</subfield>
    </datafield>
    <datafield tag="245" ind1="1" ind2="0">
      <subfield code="a">1000 kérdés, 1000 válasz a ház körüli állattartásról /</subfield>
      <subfield code="c">Gonda Irén</subfield>
    </datafield>
    <datafield tag="260" ind1=" " ind2=" ">
      <subfield code="a">Budapest :</subfield>
      <subfield code="b">Mezőgazdasági Kiadó,</subfield>
      <subfield code="c">1979</subfield>
    </datafield>
    <datafield tag="300" ind1=" " ind2=" ">
      <subfield code="a">442, [6] p. :</subfield>
      <subfield code="b">ill. ;</subfield>
      <subfield code="c">20 cm</subfield>
    </datafield>
    <datafield tag="650" ind1=" " ind2="4">
      <subfield code="a">állattartás</subfield>
    </datafield>
    <datafield tag="650" ind1=" " ind2="4">
      <subfield code="a">baromfitartás</subfield>
    </datafield>
    <datafield tag="650" ind1=" " ind2="4">
      <subfield code="a">galambtartás</subfield>
    </datafield>
    <datafield tag="650" ind1=" " ind2="4">
      <subfield code="a">háztáji gazdálkodás</subfield>
    </datafield>
    <datafield tag="650" ind1=" " ind2="4">
      <subfield code="a">juhtartás</subfield>
    </datafield>
    <datafield tag="650" ind1=" " ind2="4">
      <subfield code="a">kacsatartás</subfield>
    </datafield>
    <datafield tag="650" ind1=" " ind2="4">
      <subfield code="a">lúdtartás</subfield>
    </datafield>
    <datafield tag="650" ind1=" " ind2="4">
      <subfield code="a">nyúltartás</subfield>
    </datafield>
    <datafield tag="650" ind1=" " ind2="4">
      <subfield code="a">pulykatartás</subfield>
    </datafield>
    <datafield tag="650" ind1=" " ind2="4">
      <subfield code="a">sertéstartás</subfield>
    </datafield>
    <datafield tag="650" ind1=" " ind2="4">
      <subfield code="a">szarvasmarhatartás</subfield>
    </datafield>
    <datafield tag="650" ind1=" " ind2="4">
      <subfield code="a">tyúktartás</subfield>
    </datafield>
    <datafield tag="650" ind1=" " ind2="4">
      <subfield code="a">47 Általános állattenyésztés, állattenyésztő telepek</subfield>
    </datafield>
    <datafield tag="650" ind1=" " ind2="4">
      <subfield code="a">Háziállat</subfield>
    </datafield>
    <datafield tag="852" ind1=" " ind2=" ">
      <subfield code="a">GY1</subfield>
      <subfield code="b">GY1</subfield>
      <subfield code="x">313483</subfield>
    </datafield>
    <datafield tag="852" ind1=" " ind2=" ">
      <subfield code="a">G1</subfield>
      <subfield code="b">G1</subfield>
      <subfield code="x">71713</subfield>
    </datafield>
    <datafield tag="852" ind1=" " ind2=" ">
      <subfield code="a">B46</subfield>
      <subfield code="b">B46</subfield>
      <subfield code="x">65978</subfield>
    </datafield>
  </record>
  <record>
    <leader>01190fam  2200361 i 4500</leader>
    <controlfield tag="001">MOKKAZ0006220255  </controlfield>
    <controlfield tag="005">20090505174946.0</controlfield>
    <controlfield tag="008">940510t19821978hu       j    000 0 hun d</controlfield>
    <datafield tag="020" ind1=" " ind2=" ">
      <subfield code="a">963-231-064-0 (kötött) :</subfield>
      <subfield code="c">62,- Ft</subfield>
    </datafield>
    <datafield tag="035" ind1=" " ind2=" ">
      <subfield code="a">788657</subfield>
    </datafield>
    <datafield tag="040" ind1=" " ind2=" ">
      <subfield code="a">OSZK</subfield>
    </datafield>
    <datafield tag="041" ind1="0" ind2=" ">
      <subfield code="a">hunhun</subfield>
    </datafield>
    <datafield tag="100" ind1="1" ind2=" ">
      <subfield code="a">Gonda Irén</subfield>
    </datafield>
    <datafield tag="245" ind1="1" ind2="0">
      <subfield code="a">1000 kérdés, 1000 válasz a ház körüli állattartásról /</subfield>
      <subfield code="c">Gonda Irén</subfield>
    </datafield>
    <datafield tag="250" ind1=" " ind2=" ">
      <subfield code="a">2. átd. kiad.</subfield>
    </datafield>
    <datafield tag="260" ind1=" " ind2=" ">
      <subfield code="a">Budapest :</subfield>
      <subfield code="b">Mezőgazd. Kvk.,</subfield>
      <subfield code="c">1982, cop. 1978</subfield>
      <subfield code="e">(Debrecen</subfield>
      <subfield code="f">Alföldi Ny.)</subfield>
    </datafield>
    <datafield tag="300" ind1=" " ind2=" ">
      <subfield code="a">476 p. :</subfield>
      <subfield code="b">ill. ;</subfield>
      <subfield code="c">21 cm</subfield>
    </datafield>
    <datafield tag="500" ind1=" " ind2=" ">
      <subfield code="a">32100</subfield>
    </datafield>
    <datafield tag="650" ind1=" " ind2="4">
      <subfield code="a">Állattenyésztés</subfield>
    </datafield>
    <datafield tag="650" ind1=" " ind2="4">
      <subfield code="a">Állattartás</subfield>
    </datafield>
    <datafield tag="650" ind1=" " ind2="4">
      <subfield code="a">háziállatok</subfield>
    </datafield>
    <datafield tag="650" ind1=" " ind2="7">
      <subfield code="a">Állattartás</subfield>
      <subfield code="x">háztáji</subfield>
      <subfield code="2">szte</subfield>
    </datafield>
    <datafield tag="650" ind1=" " ind2="7">
      <subfield code="a">Háztáji gazdaság</subfield>
      <subfield code="x">állattartás</subfield>
      <subfield code="2">szte</subfield>
    </datafield>
    <datafield tag="695" ind1=" " ind2=" ">
      <subfield code="a">Állattenyésztés</subfield>
    </datafield>
    <datafield tag="695" ind1=" " ind2=" ">
      <subfield code="a">xxx</subfield>
    </datafield>
    <datafield tag="852" ind1=" " ind2=" ">
      <subfield code="a">B1</subfield>
      <subfield code="b">B1</subfield>
      <subfield code="x">788657</subfield>
    </datafield>
    <datafield tag="852" ind1=" " ind2=" ">
      <subfield code="a">B10</subfield>
      <subfield code="b">0305</subfield>
      <subfield code="b">2000</subfield>
      <subfield code="b">0901</subfield>
      <subfield code="b">1308</subfield>
      <subfield code="b">1004</subfield>
      <subfield code="b">1103</subfield>
      <subfield code="x">bibFSZ00037908</subfield>
    </datafield>
    <datafield tag="852" ind1=" " ind2=" ">
      <subfield code="a">SZ4</subfield>
      <subfield code="b">SZ4</subfield>
      <subfield code="b">SZ4/K2</subfield>
      <subfield code="b">SZ4/K0</subfield>
      <subfield code="b">SZ4/R2</subfield>
      <subfield code="b">SZ4/F7</subfield>
      <subfield code="x">bibSOK00039100</subfield>
    </datafield>
    <datafield tag="852" ind1=" " ind2=" ">
      <subfield code="a">H1</subfield>
      <subfield code="b">H1</subfield>
      <subfield code="x">NLVK92258</subfield>
    </datafield>
    <datafield tag="852" ind1=" " ind2=" ">
      <subfield code="a">SZL1</subfield>
      <subfield code="b">SZL1</subfield>
      <subfield code="x">bibVFK00113904</subfield>
    </datafield>
    <datafield tag="852" ind1=" " ind2=" ">
      <subfield code="a">ST1</subfield>
      <subfield code="b">ST1</subfield>
      <subfield code="x">bibBBM196379</subfield>
    </datafield>
    <datafield tag="852" ind1=" " ind2=" ">
      <subfield code="a">BCS1</subfield>
      <subfield code="b">BCS1</subfield>
      <subfield code="x">bibBKO00132162</subfield>
    </datafield>
    <datafield tag="852" ind1=" " ind2=" ">
      <subfield code="a">SZ1</subfield>
      <subfield code="b">SZ1</subfield>
      <subfield code="x">bibJAT00126553</subfield>
    </datafield>
  </record>
  <record>
    <leader>00583nam  2200181 i 4500</leader>
    <controlfield tag="001">MOKKAS0001263662  </controlfield>
    <controlfield tag="005">20060112180722.0</controlfield>
    <controlfield tag="008">      s1979    hu            00010 hun d</controlfield>
    <datafield tag="020" ind1=" " ind2=" ">
      <subfield code="a">963-230-013-0 (kötött) :</subfield>
      <subfield code="c">55,- Ft</subfield>
    </datafield>
    <datafield tag="035" ind1=" " ind2=" ">
      <subfield code="a">bibRFK00096455</subfield>
    </datafield>
    <datafield tag="040" ind1=" " ind2=" ">
      <subfield code="a">RFMK</subfield>
    </datafield>
    <datafield tag="041" ind1=" " ind2=" ">
      <subfield code="a">hun</subfield>
    </datafield>
    <datafield tag="100" ind1="2" ind2=" ">
      <subfield code="a">Pákozdiné Gonda Irén</subfield>
    </datafield>
    <datafield tag="245" ind1="1" ind2="0">
      <subfield code="a">1000 kérdés, 1000 válasz a ház körüli állattartásról /</subfield>
      <subfield code="c">Gonda Irén</subfield>
    </datafield>
    <datafield tag="260" ind1=" " ind2=" ">
      <subfield code="a">Budapest :</subfield>
      <subfield code="b">Mezőgazdasági Kiadó,</subfield>
      <subfield code="c">1979</subfield>
      <subfield code="e">(Debrecen :</subfield>
      <subfield code="f">Alföldi Ny.)</subfield>
    </datafield>
    <datafield tag="300" ind1=" " ind2=" ">
      <subfield code="a">442 l. :</subfield>
      <subfield code="b">ill. ;</subfield>
      <subfield code="c">21 cm</subfield>
    </datafield>
    <datafield tag="504" ind1=" " ind2=" ">
      <subfield code="a">30000</subfield>
    </datafield>
    <datafield tag="852" ind1=" " ind2=" ">
      <subfield code="a">M2</subfield>
      <subfield code="b">M2</subfield>
      <subfield code="x">bibRFK00096455</subfield>
    </datafield>
  </record>
  <record>
    <leader>00625nam  2200193 i 4500</leader>
    <controlfield tag="001">MOKKAS0001252819  </controlfield>
    <controlfield tag="005">20060112172841.0</controlfield>
    <controlfield tag="008">      s1982    hu            00010 hun d</controlfield>
    <datafield tag="020" ind1=" " ind2=" ">
      <subfield code="a">963-231-064-0 (kötött) :</subfield>
      <subfield code="c">62,- Ft</subfield>
    </datafield>
    <datafield tag="035" ind1=" " ind2=" ">
      <subfield code="a">bibRFK00086717</subfield>
    </datafield>
    <datafield tag="040" ind1=" " ind2=" ">
      <subfield code="a">RFMK</subfield>
    </datafield>
    <datafield tag="041" ind1=" " ind2=" ">
      <subfield code="a">hun</subfield>
    </datafield>
    <datafield tag="100" ind1="2" ind2=" ">
      <subfield code="a">Pákozdiné Gonda Irén</subfield>
    </datafield>
    <datafield tag="245" ind1="1" ind2="0">
      <subfield code="a">1000 kérdés, 1000 válasz a ház körüli állattartásról /</subfield>
      <subfield code="c">Gonda Irén</subfield>
    </datafield>
    <datafield tag="250" ind1=" " ind2=" ">
      <subfield code="a">2. átd. kiad.</subfield>
    </datafield>
    <datafield tag="260" ind1=" " ind2=" ">
      <subfield code="a">Budapest :</subfield>
      <subfield code="b">Mezőgazdasági Kiadó,</subfield>
      <subfield code="c">1982, cop. 1978</subfield>
      <subfield code="e">(Debrecen :</subfield>
      <subfield code="f">Alföldi Ny.)</subfield>
    </datafield>
    <datafield tag="300" ind1=" " ind2=" ">
      <subfield code="a">476 p. :</subfield>
      <subfield code="b">ill. ;</subfield>
      <subfield code="c">21 cm</subfield>
    </datafield>
    <datafield tag="504" ind1=" " ind2=" ">
      <subfield code="a">32100</subfield>
    </datafield>
    <datafield tag="852" ind1=" " ind2=" ">
      <subfield code="a">M2</subfield>
      <subfield code="b">M2</subfield>
      <subfield code="x">bibRFK00086717</subfield>
    </datafield>
  </record>
  <record>
    <leader>00841nam  2200253 i 4500</leader>
    <controlfield tag="001">MOKKAZ0003289257  </controlfield>
    <controlfield tag="005">20090505174947.0</controlfield>
    <controlfield tag="008">      c1991    hu a          00110 hun d</controlfield>
    <datafield tag="020" ind1=" " ind2=" ">
      <subfield code="a">963 8409 71 1</subfield>
    </datafield>
    <datafield tag="035" ind1=" " ind2=" ">
      <subfield code="a">bibKLT00060468</subfield>
    </datafield>
    <datafield tag="040" ind1=" " ind2=" ">
      <subfield code="a">DEENK</subfield>
    </datafield>
    <datafield tag="041" ind1="1" ind2=" ">
      <subfield code="a">hun</subfield>
      <subfield code="h">ita</subfield>
    </datafield>
    <datafield tag="245" ind1="0" ind2="0">
      <subfield code="a">1000 kérdés 1000 válasz az állatokról /</subfield>
      <subfield code="c">[főszerk. Virginio Sala] ; [grafikus Maurizio Bajetti] ; [szerk. Laura Casnici] ; [ford. Goják Éva]</subfield>
    </datafield>
    <datafield tag="260" ind1="0" ind2=" ">
      <subfield code="a">[Kozármislény] :</subfield>
      <subfield code="b">Alexandra,</subfield>
      <subfield code="c">cop. 1991</subfield>
    </datafield>
    <datafield tag="300" ind1=" " ind2=" ">
      <subfield code="a">192 p. :</subfield>
      <subfield code="b">ill. ;</subfield>
      <subfield code="c">27 cm</subfield>
    </datafield>
    <datafield tag="500" ind1=" " ind2=" ">
      <subfield code="a">Tárgymutató: p. 189-192.</subfield>
    </datafield>
    <datafield tag="695" ind1=" " ind2=" ">
      <subfield code="a">állatok életmódja</subfield>
      <subfield code="x">etológia</subfield>
    </datafield>
    <datafield tag="695" ind1=" " ind2=" ">
      <subfield code="a">xxx</subfield>
    </datafield>
    <datafield tag="700" ind1="1" ind2=" ">
      <subfield code="a">Sala, Virginio</subfield>
    </datafield>
    <datafield tag="700" ind1="1" ind2=" ">
      <subfield code="a">Bajetti, Maurizio</subfield>
    </datafield>
    <datafield tag="700" ind1="1" ind2=" ">
      <subfield code="a">Cascini, Laura</subfield>
    </datafield>
    <datafield tag="700" ind1="1" ind2=" ">
      <subfield code="a">Goják Éva</subfield>
    </datafield>
    <datafield tag="852" ind1=" " ind2=" ">
      <subfield code="a">D1</subfield>
      <subfield code="b">D1</subfield>
      <subfield code="x">bibKLT00060468</subfield>
    </datafield>
    <datafield tag="852" ind1=" " ind2=" ">
      <subfield code="a">SZ4</subfield>
      <subfield code="b">SZ4</subfield>
      <subfield code="b">SZ4/F0</subfield>
      <subfield code="b">SZ4/K0</subfield>
      <subfield code="x">bibSOK00022475</subfield>
    </datafield>
  </record>
  <record>
    <leader>00885nam  2200277 i 4500</leader>
    <controlfield tag="001">MOKKAZ0006316544  </controlfield>
    <controlfield tag="005">20040915191100.0</controlfield>
    <controlfield tag="008">940622s1994    hu r          001 0 hun d</controlfield>
    <datafield tag="020" ind1=" " ind2=" ">
      <subfield code="a">963-8409-71-1 (kötött)</subfield>
    </datafield>
    <datafield tag="035" ind1=" " ind2=" ">
      <subfield code="a">81393</subfield>
    </datafield>
    <datafield tag="040" ind1=" " ind2=" ">
      <subfield code="a">OSZK</subfield>
    </datafield>
    <datafield tag="041" ind1="1" ind2=" ">
      <subfield code="a">hunhun</subfield>
      <subfield code="h">ita</subfield>
    </datafield>
    <datafield tag="072" ind1=" " ind2="1">
      <subfield code="a">7</subfield>
    </datafield>
    <datafield tag="245" ind1="0" ind2="0">
      <subfield code="a">1000 kérdés, 1000 válasz az állatokról /</subfield>
      <subfield code="c">[főszerk. Sala Virginio] ; [szerk. Laura Casnici]</subfield>
    </datafield>
    <datafield tag="260" ind1=" " ind2=" ">
      <subfield code="a">[Pécs] :</subfield>
      <subfield code="b">Alexandra,</subfield>
      <subfield code="c">[1994]</subfield>
      <subfield code="e">([S.l.]</subfield>
      <subfield code="f">[s.n.])</subfield>
    </datafield>
    <datafield tag="300" ind1=" " ind2=" ">
      <subfield code="a">192 p. :</subfield>
      <subfield code="b">ill., színes ;</subfield>
      <subfield code="c">27 cm</subfield>
    </datafield>
    <datafield tag="650" ind1=" " ind2="4">
      <subfield code="a">Állatok</subfield>
      <subfield code="x">ifjúsági irodalom</subfield>
    </datafield>
    <datafield tag="650" ind1=" " ind2="4">
      <subfield code="a">Állati viselkedés</subfield>
    </datafield>
    <datafield tag="650" ind1=" " ind2="4">
      <subfield code="a">állatok - életmód</subfield>
    </datafield>
    <datafield tag="650" ind1=" " ind2="4">
      <subfield code="a">életmód - állatok</subfield>
    </datafield>
    <datafield tag="700" ind1="1" ind2=" ">
      <subfield code="a">Sala, Virginio</subfield>
      <subfield code="4">(szerk.)</subfield>
    </datafield>
    <datafield tag="700" ind1="1" ind2=" ">
      <subfield code="a">Casnici, Laura</subfield>
      <subfield code="4">(szerk.)</subfield>
    </datafield>
    <datafield tag="700" ind1="1" ind2=" ">
      <subfield code="a">Goják Éva</subfield>
      <subfield code="4">(ford.)</subfield>
    </datafield>
    <datafield tag="852" ind1=" " ind2=" ">
      <subfield code="a">B1</subfield>
      <subfield code="b">B1</subfield>
      <subfield code="x">81393</subfield>
    </datafield>
    <datafield tag="852" ind1=" " ind2=" ">
      <subfield code="a">SZK1</subfield>
      <subfield code="b">SZK1</subfield>
      <subfield code="x">bibTMK111228</subfield>
    </datafield>
    <datafield tag="852" ind1=" " ind2=" ">
      <subfield code="a">BCS1</subfield>
      <subfield code="b">BCS1</subfield>
      <subfield code="x">bibBKO00190665</subfield>
    </datafield>
  </record>
  <record>
    <leader>00692nam  2200205 i 4500</leader>
    <controlfield tag="001">MOKKAS0001283607  </controlfield>
    <controlfield tag="005">20060112193101.0</controlfield>
    <controlfield tag="008">      s1995    hu            00010 hun d</controlfield>
    <datafield tag="020" ind1=" " ind2=" ">
      <subfield code="a">963-8086-56-4* [!ISBN 963-8409-71-1] (kötött) :</subfield>
      <subfield code="c">1980,-Ft</subfield>
    </datafield>
    <datafield tag="035" ind1=" " ind2=" ">
      <subfield code="a">bibRFK00114158</subfield>
    </datafield>
    <datafield tag="040" ind1=" " ind2=" ">
      <subfield code="a">RFMK</subfield>
    </datafield>
    <datafield tag="041" ind1=" " ind2=" ">
      <subfield code="a">hun</subfield>
    </datafield>
    <datafield tag="245" ind1="0" ind2="0">
      <subfield code="a">1000 kérdés, 1000 válasz az állatokról /</subfield>
      <subfield code="c">[főszerk. Virginio Sala] ; [szerk. Laura Casnici] ; [ford. Goják Éva]</subfield>
    </datafield>
    <datafield tag="260" ind1=" " ind2=" ">
      <subfield code="a">[Pécs] :</subfield>
      <subfield code="b">Alexandra,</subfield>
      <subfield code="c">cop. 1995</subfield>
    </datafield>
    <datafield tag="300" ind1=" " ind2=" ">
      <subfield code="a">192 p. :</subfield>
      <subfield code="b">ill., színes ;</subfield>
      <subfield code="c">27 cm</subfield>
    </datafield>
    <datafield tag="500" ind1=" " ind2=" ">
      <subfield code="a">rs</subfield>
    </datafield>
    <datafield tag="700" ind1="1" ind2=" ">
      <subfield code="a">Sala, Virginio</subfield>
      <subfield code="4">szerk.</subfield>
    </datafield>
    <datafield tag="700" ind1="1" ind2=" ">
      <subfield code="a">Casnici, Laura</subfield>
      <subfield code="4">szerk.</subfield>
    </datafield>
    <datafield tag="700" ind1="1" ind2=" ">
      <subfield code="a">Goják Éva</subfield>
      <subfield code="4">ford.</subfield>
    </datafield>
    <datafield tag="852" ind1=" " ind2=" ">
      <subfield code="a">M2</subfield>
      <subfield code="b">M2</subfield>
      <subfield code="x">bibRFK00114158</subfield>
    </datafield>
  </record>
  <record>
    <leader>00794cam  22001931  4500</leader>
    <controlfield tag="001">MOKKAZ0004252032  </controlfield>
    <controlfield tag="005">20040910053827.0</controlfield>
    <controlfield tag="008">      s1995                        hun d</controlfield>
    <datafield tag="020" ind1=" " ind2=" ">
      <subfield code="a">963-8409-71-1-[!963-8086-56-4] (kötött) :</subfield>
    </datafield>
    <datafield tag="035" ind1=" " ind2=" ">
      <subfield code="a">bibFSZ00097601</subfield>
    </datafield>
    <datafield tag="040" ind1=" " ind2=" ">
      <subfield code="a">FSZEK</subfield>
    </datafield>
    <datafield tag="245" ind1="0" ind2="0">
      <subfield code="a">1000 kérdés, 1000 válasz az állatokról /</subfield>
      <subfield code="c">[főszerk. Virginio Sala] ; [szerk. Laura Casnici] ; [ford. Goják Éva]</subfield>
    </datafield>
    <datafield tag="260" ind1=" " ind2=" ">
      <subfield code="a">[Pécs] :</subfield>
      <subfield code="b">Alexandra Kiadó,</subfield>
      <subfield code="c">cop. 1995</subfield>
    </datafield>
    <datafield tag="300" ind1=" " ind2=" ">
      <subfield code="a">192 p. :</subfield>
      <subfield code="b">ill. ;</subfield>
      <subfield code="c">27 cm</subfield>
    </datafield>
    <datafield tag="680" ind1=" " ind2="0">
      <subfield code="a">állattan</subfield>
      <subfield code="a">zoológia</subfield>
      <subfield code="a">gyermekkönyv</subfield>
    </datafield>
    <datafield tag="700" ind1="1" ind2=" ">
      <subfield code="a">Sala, Virginio</subfield>
      <subfield code="4">szerk.</subfield>
    </datafield>
    <datafield tag="700" ind1="1" ind2=" ">
      <subfield code="a">Casnici, Laura</subfield>
      <subfield code="4">szerk.</subfield>
    </datafield>
    <datafield tag="700" ind1="1" ind2=" ">
      <subfield code="a">Goják Éva</subfield>
      <subfield code="4">ford.</subfield>
    </datafield>
    <datafield tag="852" ind1=" " ind2=" ">
      <subfield code="a">B10</subfield>
      <subfield code="B">1307</subfield>
      <subfield code="B">0801G</subfield>
      <subfield code="B">1803</subfield>
      <subfield code="B">0901</subfield>
      <subfield code="B">1308</subfield>
      <subfield code="B">0401</subfield>
      <subfield code="B">0702</subfield>
      <subfield code="B">1004</subfield>
      <subfield code="B">1401</subfield>
      <subfield code="B">1402</subfield>
      <subfield code="B">1501</subfield>
      <subfield code="B">0802</subfield>
      <subfield code="B">1602</subfield>
      <subfield code="B">1601</subfield>
      <subfield code="B">2202</subfield>
      <subfield code="B">2201</subfield>
      <subfield code="B">1106</subfield>
      <subfield code="b">1202</subfield>
      <subfield code="x">bibFSZ00097601</subfield>
    </datafield>
  </record>
  <record>
    <leader>00689nam  2200205 i 4500</leader>
    <controlfield tag="001">MOKKAS0001327536  </controlfield>
    <controlfield tag="005">20060112225047.0</controlfield>
    <controlfield tag="008">      s1995    hu            00010 hun d</controlfield>
    <datafield tag="020" ind1=" " ind2=" ">
      <subfield code="a">963-8409-71-1 [!ISBN 963-8086-56-4] (kötött) :</subfield>
      <subfield code="c">900,-Ft</subfield>
    </datafield>
    <datafield tag="035" ind1=" " ind2=" ">
      <subfield code="a">bibRFK00043271</subfield>
    </datafield>
    <datafield tag="040" ind1=" " ind2=" ">
      <subfield code="a">RFMK</subfield>
    </datafield>
    <datafield tag="041" ind1=" " ind2=" ">
      <subfield code="a">hun</subfield>
    </datafield>
    <datafield tag="245" ind1="0" ind2="0">
      <subfield code="a">1000 kérdés, 1000 válasz az állatokról /</subfield>
      <subfield code="c">[főszerk. Virginio Sala] ; [szerk. Laura Casnici] ; [ford. Goják Éva]</subfield>
    </datafield>
    <datafield tag="260" ind1=" " ind2=" ">
      <subfield code="a">[Pécs] :</subfield>
      <subfield code="b">Alexandra,</subfield>
      <subfield code="c">cop. 1995</subfield>
    </datafield>
    <datafield tag="300" ind1=" " ind2=" ">
      <subfield code="a">192 p. :</subfield>
      <subfield code="b">ill., színes ;</subfield>
      <subfield code="c">27 cm</subfield>
    </datafield>
    <datafield tag="500" ind1=" " ind2=" ">
      <subfield code="a">r</subfield>
    </datafield>
    <datafield tag="700" ind1="1" ind2=" ">
      <subfield code="a">Sala, Virginio</subfield>
      <subfield code="4">szerk.</subfield>
    </datafield>
    <datafield tag="700" ind1="1" ind2=" ">
      <subfield code="a">Casnici, Laura</subfield>
      <subfield code="4">szerk.</subfield>
    </datafield>
    <datafield tag="700" ind1="1" ind2=" ">
      <subfield code="a">Goják Éva</subfield>
      <subfield code="4">ford.</subfield>
    </datafield>
    <datafield tag="852" ind1=" " ind2=" ">
      <subfield code="a">M2</subfield>
      <subfield code="b">M2</subfield>
      <subfield code="x">bibRFK00043271</subfield>
    </datafield>
  </record>
  <record>
    <leader>00732fam  2200229 i 4500</leader>
    <controlfield tag="001">MOKKAZ0006325187  </controlfield>
    <controlfield tag="005">20091109063418.0</controlfield>
    <controlfield tag="008">950329t19951995hu r          001 0 hun d</controlfield>
    <datafield tag="020" ind1=" " ind2=" ">
      <subfield code="a">963-8086-56-4 (kötött)</subfield>
    </datafield>
    <datafield tag="020" ind1=" " ind2=" ">
      <subfield code="z">963-8409-71-1</subfield>
    </datafield>
    <datafield tag="035" ind1=" " ind2=" ">
      <subfield code="a">121305</subfield>
    </datafield>
    <datafield tag="040" ind1=" " ind2=" ">
      <subfield code="a">OSZK</subfield>
    </datafield>
    <datafield tag="041" ind1="1" ind2=" ">
      <subfield code="a">hunhun</subfield>
      <subfield code="h">ita</subfield>
    </datafield>
    <datafield tag="245" ind1="0" ind2="0">
      <subfield code="a">1000 kérdés, 1000 válasz az állatokról /</subfield>
      <subfield code="c">[főszerk. Virginio Sala] ; [szerk. Laura Casnici]</subfield>
    </datafield>
    <datafield tag="260" ind1=" " ind2=" ">
      <subfield code="a">[Pécs] :</subfield>
      <subfield code="b">Alexandra,</subfield>
      <subfield code="c">cop. 1995</subfield>
      <subfield code="e">([S.l.]</subfield>
      <subfield code="f">[s.n.])</subfield>
    </datafield>
    <datafield tag="300" ind1=" " ind2=" ">
      <subfield code="a">192 p. :</subfield>
      <subfield code="b">ill., színes ;</subfield>
      <subfield code="c">27 cm</subfield>
    </datafield>
    <datafield tag="700" ind1="1" ind2=" ">
      <subfield code="a">Sala, Virginio</subfield>
      <subfield code="4">(szerk.)</subfield>
    </datafield>
    <datafield tag="700" ind1="1" ind2=" ">
      <subfield code="a">Casnici, Laura</subfield>
      <subfield code="4">(szerk.)</subfield>
    </datafield>
    <datafield tag="700" ind1="1" ind2=" ">
      <subfield code="a">Goják Éva</subfield>
      <subfield code="4">(ford.)</subfield>
    </datafield>
    <datafield tag="852" ind1=" " ind2=" ">
      <subfield code="a">B1</subfield>
      <subfield code="b">B1</subfield>
      <subfield code="x">121305</subfield>
    </datafield>
    <datafield tag="852" ind1=" " ind2=" ">
      <subfield code="a">D1</subfield>
      <subfield code="b">D1</subfield>
      <subfield code="x">bibKLT00222423</subfield>
    </datafield>
    <datafield tag="852" ind1=" " ind2=" ">
      <subfield code="a">B7</subfield>
      <subfield code="b">B7</subfield>
      <subfield code="x">101519</subfield>
    </datafield>
  </record>
  <record>
    <leader>01016nam  2200325 i 4500</leader>
    <controlfield tag="001">MOKKAN0005074449  </controlfield>
    <controlfield tag="005">20071127140943.0</controlfield>
    <controlfield tag="008">      c1995    hu a          00110 hun d</controlfield>
    <datafield tag="020" ind1=" " ind2=" ">
      <subfield code="a">963 8409 71 1</subfield>
    </datafield>
    <datafield tag="035" ind1=" " ind2=" ">
      <subfield code="a">bibKLT00222423</subfield>
    </datafield>
    <datafield tag="040" ind1=" " ind2=" ">
      <subfield code="a">SZTE</subfield>
    </datafield>
    <datafield tag="041" ind1="1" ind2=" ">
      <subfield code="a">hun</subfield>
      <subfield code="h">ita</subfield>
    </datafield>
    <datafield tag="245" ind1="0" ind2="0">
      <subfield code="a">1000 kérdés 1000 válasz az állatokról /</subfield>
      <subfield code="c">[főszerk. Virginio Sala] ; [grafikus Maurizio Bajetti] ; [szerk. Laura Casnici] ; [ford. Goják Éva]</subfield>
    </datafield>
    <datafield tag="260" ind1="0" ind2=" ">
      <subfield code="a">[Pécs] :</subfield>
      <subfield code="b">Alexandra,</subfield>
      <subfield code="c">1995</subfield>
    </datafield>
    <datafield tag="300" ind1=" " ind2=" ">
      <subfield code="a">192 p. :</subfield>
      <subfield code="b">ill. ;</subfield>
      <subfield code="c">27 cm</subfield>
    </datafield>
    <datafield tag="500" ind1=" " ind2=" ">
      <subfield code="a">Tárgymutató: p. 189-192.</subfield>
    </datafield>
    <datafield tag="650" ind1=" " ind2="4">
      <subfield code="a">állatok - életmód</subfield>
    </datafield>
    <datafield tag="650" ind1=" " ind2="4">
      <subfield code="a">életmód - állatok</subfield>
    </datafield>
    <datafield tag="650" ind1=" " ind2="4">
      <subfield code="a">Etológia</subfield>
    </datafield>
    <datafield tag="650" ind1=" " ind2="4">
      <subfield code="a">Állat</subfield>
    </datafield>
    <datafield tag="650" ind1=" " ind2="4">
      <subfield code="a">Ifjúsági irodalom</subfield>
    </datafield>
    <datafield tag="695" ind1=" " ind2=" ">
      <subfield code="a">Állatok életmódja</subfield>
      <subfield code="x">etológia</subfield>
    </datafield>
    <datafield tag="695" ind1=" " ind2=" ">
      <subfield code="a">Állatok</subfield>
    </datafield>
    <datafield tag="700" ind1="1" ind2=" ">
      <subfield code="a">Sala, Virginio</subfield>
    </datafield>
    <datafield tag="700" ind1="1" ind2=" ">
      <subfield code="a">Bajetti, Maurizio</subfield>
    </datafield>
    <datafield tag="700" ind1="1" ind2=" ">
      <subfield code="a">Cascini, Laura</subfield>
    </datafield>
    <datafield tag="700" ind1="1" ind2=" ">
      <subfield code="a">Goják Éva</subfield>
    </datafield>
    <datafield tag="852" ind1=" " ind2=" ">
      <subfield code="a">SZ1</subfield>
      <subfield code="b">SZ1</subfield>
      <subfield code="x">bibKLT00222423</subfield>
    </datafield>
    <datafield tag="852" ind1=" " ind2=" ">
      <subfield code="a">BCS1</subfield>
      <subfield code="b">BCS1</subfield>
      <subfield code="x">bibBKO00197079</subfield>
    </datafield>
    <datafield tag="852" ind1=" " ind2=" ">
      <subfield code="a">ST1</subfield>
      <subfield code="b">ST1</subfield>
      <subfield code="x">bibBBM54660</subfield>
    </datafield>
  </record>
  <record>
    <leader>00761cam  22001931  4500</leader>
    <controlfield tag="001">MOKKAZ0004248966  </controlfield>
    <controlfield tag="005">20091109022534.0</controlfield>
    <controlfield tag="008">      s1994                        hun d</controlfield>
    <datafield tag="020" ind1=" " ind2=" ">
      <subfield code="a">963-8409-71-1 (kötött) :</subfield>
    </datafield>
    <datafield tag="035" ind1=" " ind2=" ">
      <subfield code="a">bibFSZ00094533</subfield>
    </datafield>
    <datafield tag="040" ind1=" " ind2=" ">
      <subfield code="a">FSZEK</subfield>
    </datafield>
    <datafield tag="245" ind1="0" ind2="0">
      <subfield code="a">1000 kérdés, 1000 válasz az állatokról /</subfield>
      <subfield code="c">[főszerk. Sala Virginio] ; [szerk. Laura Casnici] ; [ford. Goják Éva]</subfield>
    </datafield>
    <datafield tag="260" ind1=" " ind2=" ">
      <subfield code="a">[Kozármislény] :</subfield>
      <subfield code="b">Alexandra Kiadó,</subfield>
      <subfield code="c">[1994]</subfield>
    </datafield>
    <datafield tag="300" ind1=" " ind2=" ">
      <subfield code="a">192 p. :</subfield>
      <subfield code="b">ill. ;</subfield>
      <subfield code="c">27 cm</subfield>
    </datafield>
    <datafield tag="700" ind1="1" ind2=" ">
      <subfield code="a">Virginio, Sala</subfield>
      <subfield code="4">szerk.</subfield>
    </datafield>
    <datafield tag="700" ind1="1" ind2=" ">
      <subfield code="a">Casnici, Laura</subfield>
      <subfield code="4">szerk.</subfield>
    </datafield>
    <datafield tag="700" ind1="1" ind2=" ">
      <subfield code="a">Goják Éva</subfield>
      <subfield code="4">ford.</subfield>
    </datafield>
    <datafield tag="852" ind1=" " ind2=" ">
      <subfield code="a">B10</subfield>
      <subfield code="B">1105</subfield>
      <subfield code="B">0307C</subfield>
      <subfield code="B">1103</subfield>
      <subfield code="B">1104</subfield>
      <subfield code="B">0302</subfield>
      <subfield code="B">0202</subfield>
      <subfield code="B">0305</subfield>
      <subfield code="B">2301</subfield>
      <subfield code="B">1308</subfield>
      <subfield code="B">0401</subfield>
      <subfield code="B">0403</subfield>
      <subfield code="B">0602</subfield>
      <subfield code="B">1307</subfield>
      <subfield code="B">1704</subfield>
      <subfield code="B">1004</subfield>
      <subfield code="B">1501</subfield>
      <subfield code="B">1504</subfield>
      <subfield code="b">2101</subfield>
      <subfield code="x">bibFSZ00094533</subfield>
    </datafield>
    <datafield tag="852" ind1=" " ind2=" ">
      <subfield code="a">B7</subfield>
      <subfield code="b">B7</subfield>
      <subfield code="x">72035</subfield>
    </datafield>
  </record>
  <record>
    <leader>00509nam  2200169   4500</leader>
    <controlfield tag="001">MOKKAS0002187563  </controlfield>
    <controlfield tag="005">20060525193325.0</controlfield>
    <controlfield tag="008">991011 1964    hu            00010 hun  </controlfield>
    <datafield tag="035" ind1=" " ind2=" ">
      <subfield code="a">bibSOK00037522</subfield>
    </datafield>
    <datafield tag="040" ind1=" " ind2=" ">
      <subfield code="a">SK</subfield>
    </datafield>
    <datafield tag="245" ind1="0" ind2="0">
      <subfield code="a">1000 kérdés - felelet a technika világából /</subfield>
      <subfield code="c">[szerk. Pap János]</subfield>
    </datafield>
    <datafield tag="260" ind1=" " ind2=" ">
      <subfield code="a">Budapest :</subfield>
      <subfield code="b">Műszaki Kvk.,</subfield>
      <subfield code="c">cop. 1964</subfield>
    </datafield>
    <datafield tag="300" ind1=" " ind2=" ">
      <subfield code="a">447 p. :</subfield>
      <subfield code="b">ill. ;</subfield>
      <subfield code="c">18 cm</subfield>
    </datafield>
    <datafield tag="695" ind1=" " ind2=" ">
      <subfield code="a">xxx</subfield>
    </datafield>
    <datafield tag="695" ind1=" " ind2=" ">
      <subfield code="a">Technika</subfield>
      <subfield code="x">kérdés-felelet</subfield>
    </datafield>
    <datafield tag="695" ind1=" " ind2=" ">
      <subfield code="a">Technikatörténet</subfield>
    </datafield>
    <datafield tag="852" ind1=" " ind2=" ">
      <subfield code="a">SZ4</subfield>
      <subfield code="b">SZ4</subfield>
      <subfield code="x">bibSOK00037522</subfield>
    </datafield>
  </record>
  <record>
    <leader>00367nam  2200133 i 4500</leader>
    <controlfield tag="001">MOKKAS0003268836  </controlfield>
    <controlfield tag="005">20060602113544.0</controlfield>
    <controlfield tag="008">050101s1964                            d</controlfield>
    <datafield tag="035" ind1=" " ind2=" ">
      <subfield code="a">266235</subfield>
    </datafield>
    <datafield tag="040" ind1=" " ind2=" ">
      <subfield code="a">KKMK</subfield>
    </datafield>
    <datafield tag="245" ind1="0" ind2="0">
      <subfield code="a">1000 kérdés-felelet a technika világából</subfield>
    </datafield>
    <datafield tag="260" ind1=" " ind2=" ">
      <subfield code="a">Budapest :</subfield>
      <subfield code="b">Műszaki Könyvkiadó,</subfield>
      <subfield code="c">1964</subfield>
    </datafield>
    <datafield tag="300" ind1=" " ind2=" ">
      <subfield code="a">447 p. ;</subfield>
      <subfield code="c">18 cm</subfield>
    </datafield>
    <datafield tag="852" ind1=" " ind2=" ">
      <subfield code="a">GY1</subfield>
      <subfield code="b">GY1</subfield>
      <subfield code="x">266235</subfield>
    </datafield>
  </record>
  <record>
    <leader>00537nam  2200169 i 4500</leader>
    <controlfield tag="001">MOKKAS0001034935  </controlfield>
    <controlfield tag="005">20051215171542.0</controlfield>
    <controlfield tag="008">050903s1998    hu            00010 hun d</controlfield>
    <datafield tag="020" ind1=" " ind2=" ">
      <subfield code="a">963-367-351-7 [!963-367-351-8]</subfield>
    </datafield>
    <datafield tag="035" ind1=" " ind2=" ">
      <subfield code="a">bibBKO00215243</subfield>
    </datafield>
    <datafield tag="040" ind1=" " ind2=" ">
      <subfield code="a">BMK</subfield>
    </datafield>
    <datafield tag="245" ind1="0" ind2="0">
      <subfield code="a">1000 kérdés a tudományok világából</subfield>
    </datafield>
    <datafield tag="260" ind1=" " ind2=" ">
      <subfield code="a">[Pécs] :</subfield>
      <subfield code="b">Alexandra Kiadó,</subfield>
      <subfield code="c">[1998]</subfield>
    </datafield>
    <datafield tag="300" ind1=" " ind2=" ">
      <subfield code="a">191 p. :</subfield>
      <subfield code="b">ill., főként szines ;</subfield>
      <subfield code="c">27 cm</subfield>
    </datafield>
    <datafield tag="650" ind1=" " ind2="4">
      <subfield code="a">természettudományok - lexikonok</subfield>
    </datafield>
    <datafield tag="650" ind1=" " ind2="4">
      <subfield code="a">elektronika - lexikonok</subfield>
    </datafield>
    <datafield tag="852" ind1=" " ind2=" ">
      <subfield code="a">BCS1</subfield>
      <subfield code="b">BCS1</subfield>
      <subfield code="x">bibBKO00215243</subfield>
    </datafield>
  </record>
  <record>
    <leader>00860nam  2200229 i 4500</leader>
    <controlfield tag="001">MOKKAS0002162377  </controlfield>
    <controlfield tag="005">20060617162142.0</controlfield>
    <controlfield tag="008">980330s1998    hu r          00000 hun g</controlfield>
    <datafield tag="020" ind1=" " ind2=" ">
      <subfield code="a">963-367-351-8 (kötött) :</subfield>
      <subfield code="z">963-367-351-7</subfield>
    </datafield>
    <datafield tag="035" ind1=" " ind2=" ">
      <subfield code="a">bibSOK00006740</subfield>
    </datafield>
    <datafield tag="040" ind1=" " ind2=" ">
      <subfield code="a">SK</subfield>
    </datafield>
    <datafield tag="130" ind1="0" ind2=" ">
      <subfield code="a">Usborne introduction to biology, chemistry, physics, electronics</subfield>
      <subfield code="l">(magyar)</subfield>
    </datafield>
    <datafield tag="245" ind1="0" ind2="0">
      <subfield code="a">1000 kérdés a tudományok világából :</subfield>
      <subfield code="b">[4 számítógépes programmal] /</subfield>
      <subfield code="c">[ford. Goják Éva]</subfield>
    </datafield>
    <datafield tag="260" ind1=" " ind2=" ">
      <subfield code="a">[Pécs] :</subfield>
      <subfield code="b">Alexandra,</subfield>
      <subfield code="c">cop. 1998</subfield>
      <subfield code="e">(Debrecen :</subfield>
      <subfield code="f">Kinizsi Ny.)</subfield>
    </datafield>
    <datafield tag="300" ind1=" " ind2=" ">
      <subfield code="a">191 p. :</subfield>
      <subfield code="b">ill., főként színes ;</subfield>
      <subfield code="c">27 cm</subfield>
    </datafield>
    <datafield tag="650" ind1=" " ind2="7">
      <subfield code="a">Természettudomány</subfield>
      <subfield code="x">képeskönyv</subfield>
      <subfield code="2">szte</subfield>
    </datafield>
    <datafield tag="650" ind1=" " ind2="7">
      <subfield code="a">Elektronika</subfield>
      <subfield code="x">képeskönyv</subfield>
      <subfield code="2">szte</subfield>
    </datafield>
    <datafield tag="650" ind1=" " ind2="4">
      <subfield code="a">tudomány</subfield>
    </datafield>
    <datafield tag="650" ind1=" " ind2="4">
      <subfield code="a">gyermekszakkönyv</subfield>
    </datafield>
    <datafield tag="852" ind1=" " ind2=" ">
      <subfield code="a">SZ4</subfield>
      <subfield code="b">SZ4</subfield>
      <subfield code="x">bibSOK00006740</subfield>
    </datafield>
    <datafield tag="852" ind1=" " ind2=" ">
      <subfield code="a">SZK1</subfield>
      <subfield code="b">SZK1</subfield>
      <subfield code="x">279761</subfield>
    </datafield>
    <datafield tag="852" ind1=" " ind2=" ">
      <subfield code="a">GY1</subfield>
      <subfield code="b">GY1</subfield>
      <subfield code="x">370831</subfield>
    </datafield>
  </record>
  <record>
    <leader>00665nam  2200205 i 4500</leader>
    <controlfield tag="001">MOKKAS0001489686  </controlfield>
    <controlfield tag="005">20060113192125.0</controlfield>
    <controlfield tag="008">050903s1987    hu            00010 hun d</controlfield>
    <datafield tag="020" ind1=" " ind2=" ">
      <subfield code="a">963-8086-32-7 (kötött) :</subfield>
      <subfield code="c">1200,-Ft</subfield>
    </datafield>
    <datafield tag="035" ind1=" " ind2=" ">
      <subfield code="a">bibVFK00115362</subfield>
    </datafield>
    <datafield tag="040" ind1=" " ind2=" ">
      <subfield code="a">VFMK</subfield>
    </datafield>
    <datafield tag="100" ind1="1" ind2=" ">
      <subfield code="a">Cusin, Lella</subfield>
    </datafield>
    <datafield tag="245" ind1="1" ind2="0">
      <subfield code="a">1000 kérdés a híres emberekről /</subfield>
      <subfield code="c">[írta Lella Cusin és Grazia Delmati] ; [ford. Goják Éva]</subfield>
    </datafield>
    <datafield tag="260" ind1=" " ind2=" ">
      <subfield code="a">[Kozármislény] :</subfield>
      <subfield code="b">Alexandra Kiadó,</subfield>
      <subfield code="c">1987</subfield>
    </datafield>
    <datafield tag="300" ind1=" " ind2=" ">
      <subfield code="a">188 p. :</subfield>
      <subfield code="b">ill. ;</subfield>
      <subfield code="c">27 cm</subfield>
    </datafield>
    <datafield tag="650" ind1=" " ind2="4">
      <subfield code="a">Művelődéstörténet</subfield>
    </datafield>
    <datafield tag="650" ind1=" " ind2="4">
      <subfield code="a">Életrajzok</subfield>
    </datafield>
    <datafield tag="700" ind1="1" ind2=" ">
      <subfield code="a">Delmati, Grazia</subfield>
    </datafield>
    <datafield tag="700" ind1="1" ind2=" ">
      <subfield code="a">Goják Éva</subfield>
      <subfield code="4">ford.</subfield>
    </datafield>
    <datafield tag="852" ind1=" " ind2=" ">
      <subfield code="a">SZL1</subfield>
      <subfield code="b">SZL1</subfield>
      <subfield code="x">bibVFK00115362</subfield>
    </datafield>
  </record>
  <record>
    <leader>01693fam  2200481 i 4500</leader>
    <controlfield tag="001">MOKKAZ0006329136  </controlfield>
    <controlfield tag="005">20091109063419.0</controlfield>
    <controlfield tag="008">950719s1995    hu rb         001 0 hun d</controlfield>
    <datafield tag="020" ind1=" " ind2=" ">
      <subfield code="a">963-8086-32-7 (kötött) :</subfield>
      <subfield code="c">1200,- Ft</subfield>
    </datafield>
    <datafield tag="035" ind1=" " ind2=" ">
      <subfield code="a">139147</subfield>
    </datafield>
    <datafield tag="040" ind1=" " ind2=" ">
      <subfield code="a">OSZK</subfield>
    </datafield>
    <datafield tag="041" ind1="1" ind2=" ">
      <subfield code="a">hunhun</subfield>
      <subfield code="h">ita</subfield>
    </datafield>
    <datafield tag="100" ind1="1" ind2=" ">
      <subfield code="a">Cusin, Lella</subfield>
    </datafield>
    <datafield tag="245" ind1="1" ind2="0">
      <subfield code="a">1000 kérdés a híres emberekről /</subfield>
      <subfield code="c">[írta Lella Cusin és Grazia Delmati] ; [ford. Goják Éva] ; [graf. Maurizio Bajetti]</subfield>
    </datafield>
    <datafield tag="246" ind1="1" ind2="3">
      <subfield code="a">1000 kérdés híres emberekről (borító- és gerinccím)</subfield>
    </datafield>
    <datafield tag="260" ind1=" " ind2=" ">
      <subfield code="a">[Pécs] :</subfield>
      <subfield code="b">Alexandra,</subfield>
      <subfield code="c">[1995]</subfield>
      <subfield code="e">(Slovakia</subfield>
      <subfield code="f">[s.n.])</subfield>
    </datafield>
    <datafield tag="300" ind1=" " ind2=" ">
      <subfield code="a">188, [4] p. :</subfield>
      <subfield code="b">ill., színes ;</subfield>
      <subfield code="c">27 cm</subfield>
    </datafield>
    <datafield tag="650" ind1=" " ind2="7">
      <subfield code="a">Művelődéstörténet</subfield>
      <subfield code="x">népszerű</subfield>
      <subfield code="2">szte</subfield>
    </datafield>
    <datafield tag="650" ind1=" " ind2="7">
      <subfield code="a">Életrajzok</subfield>
      <subfield code="x">népszerű</subfield>
      <subfield code="2">szte</subfield>
    </datafield>
    <datafield tag="650" ind1=" " ind2="4">
      <subfield code="a">Életrajzok [Gyermekirod.]</subfield>
    </datafield>
    <datafield tag="650" ind1=" " ind2="4">
      <subfield code="a">világtörténelem - életrajzok</subfield>
    </datafield>
    <datafield tag="650" ind1=" " ind2="4">
      <subfield code="a">felfedezők - életrajzok</subfield>
    </datafield>
    <datafield tag="650" ind1=" " ind2="4">
      <subfield code="a">tudósok - életrajzok</subfield>
    </datafield>
    <datafield tag="650" ind1=" " ind2="4">
      <subfield code="a">művészek - életrajzok</subfield>
    </datafield>
    <datafield tag="650" ind1=" " ind2="4">
      <subfield code="a">politikusok - életrajzok</subfield>
    </datafield>
    <datafield tag="650" ind1=" " ind2="4">
      <subfield code="a">Világtörténet</subfield>
    </datafield>
    <datafield tag="650" ind1=" " ind2="4">
      <subfield code="a">Életrajz</subfield>
    </datafield>
    <datafield tag="650" ind1=" " ind2="4">
      <subfield code="a">Híres ember</subfield>
    </datafield>
    <datafield tag="650" ind1=" " ind2="4">
      <subfield code="a">Történelmi személy</subfield>
    </datafield>
    <datafield tag="650" ind1=" " ind2="4">
      <subfield code="a">Kérdés</subfield>
    </datafield>
    <datafield tag="650" ind1=" " ind2="4">
      <subfield code="a">Ifjúsági irodalom</subfield>
    </datafield>
    <datafield tag="650" ind1=" " ind2="4">
      <subfield code="a">Képeskönyv</subfield>
    </datafield>
    <datafield tag="700" ind1="1" ind2="0">
      <subfield code="a">Delmati, Grazia</subfield>
    </datafield>
    <datafield tag="700" ind1="1" ind2=" ">
      <subfield code="a">Goják Éva</subfield>
      <subfield code="4">(ford.)</subfield>
    </datafield>
    <datafield tag="700" ind1="1" ind2=" ">
      <subfield code="a">Bajetti, Maurizio</subfield>
      <subfield code="4">(ill.)</subfield>
    </datafield>
    <datafield tag="852" ind1=" " ind2=" ">
      <subfield code="a">B1</subfield>
      <subfield code="b">B1</subfield>
      <subfield code="x">139147</subfield>
    </datafield>
    <datafield tag="852" ind1=" " ind2=" ">
      <subfield code="a">B10</subfield>
      <subfield code="B">0801G</subfield>
      <subfield code="B">1308</subfield>
      <subfield code="B">1104</subfield>
      <subfield code="B">1105</subfield>
      <subfield code="B">1201</subfield>
      <subfield code="B">0305</subfield>
      <subfield code="B">0204</subfield>
      <subfield code="B">0307C</subfield>
      <subfield code="B">0202</subfield>
      <subfield code="B">1704</subfield>
      <subfield code="B">1004</subfield>
      <subfield code="B">1402</subfield>
      <subfield code="b">1601</subfield>
      <subfield code="x">bibFSZ00119081</subfield>
    </datafield>
    <datafield tag="852" ind1=" " ind2=" ">
      <subfield code="a">SZ4</subfield>
      <subfield code="b">SZ4</subfield>
      <subfield code="x">bibSOK00010823</subfield>
    </datafield>
    <datafield tag="852" ind1=" " ind2=" ">
      <subfield code="a">M2</subfield>
      <subfield code="b">M2</subfield>
      <subfield code="x">bibRFK00043264</subfield>
    </datafield>
    <datafield tag="852" ind1=" " ind2=" ">
      <subfield code="a">H1</subfield>
      <subfield code="b">H1</subfield>
      <subfield code="x">NLVK836486</subfield>
    </datafield>
    <datafield tag="852" ind1=" " ind2=" ">
      <subfield code="a">BCS1</subfield>
      <subfield code="b">BCS1</subfield>
      <subfield code="x">bibBKO00194773</subfield>
    </datafield>
    <datafield tag="852" ind1=" " ind2=" ">
      <subfield code="a">ST1</subfield>
      <subfield code="b">ST1</subfield>
      <subfield code="x">bibBBM112192</subfield>
    </datafield>
    <datafield tag="852" ind1=" " ind2=" ">
      <subfield code="a">B7</subfield>
      <subfield code="b">B7</subfield>
      <subfield code="x">101520</subfield>
    </datafield>
  </record>
  <record>
    <leader>01129cam  22002411  4500</leader>
    <controlfield tag="001">MOKKAZ0004257556  </controlfield>
    <controlfield tag="005">20040910054117.0</controlfield>
    <controlfield tag="008">      s1996                        hun d</controlfield>
    <datafield tag="020" ind1=" " ind2=" ">
      <subfield code="a">963-8086-32-7-[!] (kötött) :</subfield>
    </datafield>
    <datafield tag="035" ind1=" " ind2=" ">
      <subfield code="a">bibFSZ00103127</subfield>
    </datafield>
    <datafield tag="040" ind1=" " ind2=" ">
      <subfield code="a">FSZEK</subfield>
    </datafield>
    <datafield tag="100" ind1="1" ind2=" ">
      <subfield code="a">Cusin, Lella</subfield>
    </datafield>
    <datafield tag="245" ind1="1" ind2="0">
      <subfield code="a">1000 kérdés a híres emberekről /</subfield>
      <subfield code="c">[írta Lella Cusin és Grazia Delmati] ; [ford. Goják Éva] ; [rajz. Giorgio Alisi et al.]</subfield>
    </datafield>
    <datafield tag="260" ind1=" " ind2=" ">
      <subfield code="a">[Pécs] :</subfield>
      <subfield code="b">Alexandra Kiadó,</subfield>
      <subfield code="c">[1996]</subfield>
    </datafield>
    <datafield tag="300" ind1=" " ind2=" ">
      <subfield code="a">188, [3] p. :</subfield>
      <subfield code="b">ill. ;</subfield>
      <subfield code="c">27 cm</subfield>
    </datafield>
    <datafield tag="500" ind1=" " ind2=" ">
      <subfield code="a">Borító- és gerinccím: 1000 kérdés híres emberekről</subfield>
    </datafield>
    <datafield tag="680" ind1=" " ind2="0">
      <subfield code="a">életrajz</subfield>
      <subfield code="a">biográfia</subfield>
      <subfield code="a">egyetemes, nemzetközi</subfield>
      <subfield code="a">nemzetközi, egyetemes</subfield>
      <subfield code="a">feladatgyűjtemény, példatár</subfield>
    </datafield>
    <datafield tag="680" ind1=" " ind2="0">
      <subfield code="a">művelődéstörténet</subfield>
      <subfield code="a">egyetemes, nemzetközi</subfield>
      <subfield code="a">nemzetközi, egyetemes</subfield>
      <subfield code="a">feladatgyűjtemény, példatár</subfield>
    </datafield>
    <datafield tag="700" ind1="1" ind2=" ">
      <subfield code="a">Delmati, Grazia</subfield>
    </datafield>
    <datafield tag="700" ind1="1" ind2=" ">
      <subfield code="a">Goják Éva</subfield>
      <subfield code="4">ford.</subfield>
    </datafield>
    <datafield tag="700" ind1="1" ind2=" ">
      <subfield code="a">Alisi, Giorgio</subfield>
      <subfield code="4">ill.</subfield>
    </datafield>
    <datafield tag="740" ind1=" " ind2=" ">
      <subfield code="a">1000 kérdés híres emberekről</subfield>
    </datafield>
    <datafield tag="852" ind1=" " ind2=" ">
      <subfield code="a">B10</subfield>
      <subfield code="B">1803</subfield>
      <subfield code="B">1901</subfield>
      <subfield code="B">1903</subfield>
      <subfield code="B">2002</subfield>
      <subfield code="B">2101</subfield>
      <subfield code="B">2105</subfield>
      <subfield code="B">0902</subfield>
      <subfield code="B">1308</subfield>
      <subfield code="B">0401</subfield>
      <subfield code="B">0602</subfield>
      <subfield code="B">0403</subfield>
      <subfield code="B">1004</subfield>
      <subfield code="B">1404</subfield>
      <subfield code="B">1401</subfield>
      <subfield code="B">1202</subfield>
      <subfield code="B">0203</subfield>
      <subfield code="B">0204</subfield>
      <subfield code="B">0302</subfield>
      <subfield code="b">0305</subfield>
      <subfield code="x">bibFSZ00103127</subfield>
    </datafield>
  </record>
  <record>
    <leader>00687nam  2200193 i 4500</leader>
    <controlfield tag="001">MOKKAS0002162382  </controlfield>
    <controlfield tag="005">20060617162143.0</controlfield>
    <controlfield tag="008">980330s1998    hu r          00000 hun g</controlfield>
    <datafield tag="020" ind1=" " ind2=" ">
      <subfield code="a">963 8086 32 7 [!] (kötött) :</subfield>
    </datafield>
    <datafield tag="035" ind1=" " ind2=" ">
      <subfield code="a">bibSOK00006744</subfield>
    </datafield>
    <datafield tag="040" ind1=" " ind2=" ">
      <subfield code="a">SK</subfield>
    </datafield>
    <datafield tag="100" ind1="1" ind2=" ">
      <subfield code="a">Cusin, Lella</subfield>
    </datafield>
    <datafield tag="245" ind1="1" ind2="0">
      <subfield code="a">1000 kérdés a híres emberekről /</subfield>
      <subfield code="c">[írta Lella Cusin és Grazia Delmati] ; [ford. Goják Éva]</subfield>
    </datafield>
    <datafield tag="260" ind1=" " ind2=" ">
      <subfield code="a">[Pécs] :</subfield>
      <subfield code="b">Alexandra,</subfield>
      <subfield code="c">[1998]</subfield>
      <subfield code="e">(Debrecen :</subfield>
      <subfield code="f">Kinizsi Ny.)</subfield>
    </datafield>
    <datafield tag="300" ind1=" " ind2=" ">
      <subfield code="a">188 p. :</subfield>
      <subfield code="b">ill., főként színes ;</subfield>
      <subfield code="c">27 cm</subfield>
    </datafield>
    <datafield tag="650" ind1=" " ind2="7">
      <subfield code="a">Művelődéstörténet</subfield>
      <subfield code="x">népszerű</subfield>
      <subfield code="2">szte</subfield>
    </datafield>
    <datafield tag="650" ind1=" " ind2="7">
      <subfield code="a">Életrajzok</subfield>
      <subfield code="x">népszerű</subfield>
      <subfield code="2">szte</subfield>
    </datafield>
    <datafield tag="700" ind1="1" ind2=" ">
      <subfield code="a">Delmati, Grazia</subfield>
    </datafield>
    <datafield tag="852" ind1=" " ind2=" ">
      <subfield code="a">SZ4</subfield>
      <subfield code="b">SZ4</subfield>
      <subfield code="x">bibSOK00006744</subfield>
    </datafield>
  </record>
  <record>
    <leader>00958cam  22002298  4500</leader>
    <controlfield tag="001">MOKKAZ0004286333  </controlfield>
    <controlfield tag="005">20040910055556.0</controlfield>
    <controlfield tag="008">      s1998                        hun d</controlfield>
    <datafield tag="020" ind1=" " ind2=" ">
      <subfield code="a">963-367-351-7 [!ISBN 963-367-351-8] (kötött) :</subfield>
      <subfield code="c">1000,- Ft</subfield>
    </datafield>
    <datafield tag="035" ind1=" " ind2=" ">
      <subfield code="a">bibFSZ00131939</subfield>
    </datafield>
    <datafield tag="040" ind1=" " ind2=" ">
      <subfield code="a">FSZEK</subfield>
    </datafield>
    <datafield tag="130" ind1=" " ind2=" ">
      <subfield code="a">Usborne introduction to biology, chemistry, physics, electronics</subfield>
    </datafield>
    <datafield tag="245" ind1="0" ind2="0">
      <subfield code="a">1000 kérdés a tudományok világából /</subfield>
      <subfield code="c">[ford. Goják Éva]</subfield>
    </datafield>
    <datafield tag="260" ind1=" " ind2=" ">
      <subfield code="a">[Pécs] :</subfield>
      <subfield code="b">Alexandra Kiadó,</subfield>
      <subfield code="c">[1998]</subfield>
    </datafield>
    <datafield tag="300" ind1=" " ind2=" ">
      <subfield code="a">191 p. :</subfield>
      <subfield code="b">ill. ;</subfield>
      <subfield code="c">27 cm</subfield>
    </datafield>
    <datafield tag="650" ind1=" " ind2="4">
      <subfield code="a">Természettudományok [Gyermekirod.]</subfield>
    </datafield>
    <datafield tag="680" ind1=" " ind2="0">
      <subfield code="a">természettudományok</subfield>
      <subfield code="a">gyermekkönyv</subfield>
    </datafield>
    <datafield tag="680" ind1=" " ind2="0">
      <subfield code="a">elektronika</subfield>
      <subfield code="a">gyermekkönyv</subfield>
    </datafield>
    <datafield tag="700" ind1="1" ind2=" ">
      <subfield code="a">Goják Éva</subfield>
      <subfield code="4">ford.</subfield>
    </datafield>
    <datafield tag="852" ind1=" " ind2=" ">
      <subfield code="a">B10</subfield>
      <subfield code="B">0801G</subfield>
      <subfield code="B">1803</subfield>
      <subfield code="B">1901</subfield>
      <subfield code="B">2002</subfield>
      <subfield code="B">2101</subfield>
      <subfield code="B">2104</subfield>
      <subfield code="B">1308</subfield>
      <subfield code="B">0602</subfield>
      <subfield code="B">0401</subfield>
      <subfield code="B">0101</subfield>
      <subfield code="B">1105</subfield>
      <subfield code="B">1103</subfield>
      <subfield code="B">1106</subfield>
      <subfield code="B">1202</subfield>
      <subfield code="B">0204</subfield>
      <subfield code="B">0307C</subfield>
      <subfield code="B">0305</subfield>
      <subfield code="B">1404</subfield>
      <subfield code="B">1401</subfield>
      <subfield code="B">1402</subfield>
      <subfield code="B">1602</subfield>
      <subfield code="b">1501</subfield>
      <subfield code="x">bibFSZ00131939</subfield>
    </datafield>
    <datafield tag="852" ind1=" " ind2=" ">
      <subfield code="a">M2</subfield>
      <subfield code="b">M2</subfield>
      <subfield code="x">bibRFK00030375</subfield>
    </datafield>
    <datafield tag="852" ind1=" " ind2=" ">
      <subfield code="a">SZL1</subfield>
      <subfield code="b">SZL1</subfield>
      <subfield code="x">bibVFK00191528</subfield>
    </datafield>
  </record>
  <record>
    <leader>01530fam  2200457 i 4500</leader>
    <controlfield tag="001">MOKKAZ0006359944  </controlfield>
    <controlfield tag="005">20040915194418.0</controlfield>
    <controlfield tag="008">980316s1998    hu r          000 0 hun d</controlfield>
    <datafield tag="020" ind1=" " ind2=" ">
      <subfield code="a">963-367-351-8 (kötött)</subfield>
    </datafield>
    <datafield tag="020" ind1=" " ind2=" ">
      <subfield code="z">963-367-351-7</subfield>
    </datafield>
    <datafield tag="035" ind1=" " ind2=" ">
      <subfield code="a">279761</subfield>
    </datafield>
    <datafield tag="040" ind1=" " ind2=" ">
      <subfield code="a">OSZK</subfield>
    </datafield>
    <datafield tag="041" ind1="1" ind2=" ">
      <subfield code="a">hunhun</subfield>
      <subfield code="h">eng</subfield>
    </datafield>
    <datafield tag="130" ind1="0" ind2="0">
      <subfield code="a">Usborne introduction to biology, chemistry, physics, electronics</subfield>
      <subfield code="l">magyar</subfield>
    </datafield>
    <datafield tag="245" ind1="0" ind2="0">
      <subfield code="a">1000 kérdés a tudományok világából /</subfield>
      <subfield code="c">[ford. Goják Éva]</subfield>
    </datafield>
    <datafield tag="260" ind1=" " ind2=" ">
      <subfield code="a">[Pécs] :</subfield>
      <subfield code="b">Alexandra,</subfield>
      <subfield code="c">[1998]</subfield>
      <subfield code="e">(Debrecen</subfield>
      <subfield code="f">Kinizsi Ny.)</subfield>
    </datafield>
    <datafield tag="300" ind1=" " ind2=" ">
      <subfield code="a">191 p. :</subfield>
      <subfield code="b">ill., főként színes ;</subfield>
      <subfield code="c">27 cm</subfield>
    </datafield>
    <datafield tag="650" ind1=" " ind2="4">
      <subfield code="a">Fizika</subfield>
      <subfield code="x">ifjúsági irodalom</subfield>
    </datafield>
    <datafield tag="650" ind1=" " ind2="4">
      <subfield code="a">Kémia</subfield>
      <subfield code="x">ifjúsági irodalom</subfield>
    </datafield>
    <datafield tag="650" ind1=" " ind2="4">
      <subfield code="a">Biológia</subfield>
      <subfield code="x">ifjúsági irodalom</subfield>
    </datafield>
    <datafield tag="650" ind1=" " ind2="4">
      <subfield code="a">Elektrotechnika</subfield>
      <subfield code="x">ifjúsági irodalom</subfield>
    </datafield>
    <datafield tag="650" ind1=" " ind2="0">
      <subfield code="a">Physics</subfield>
      <subfield code="x">Juvenile literature.</subfield>
    </datafield>
    <datafield tag="650" ind1=" " ind2="0">
      <subfield code="a">Chemistry</subfield>
      <subfield code="x">Juvenile literature.</subfield>
    </datafield>
    <datafield tag="650" ind1=" " ind2="0">
      <subfield code="a">Biology</subfield>
      <subfield code="x">Juvenile literature.</subfield>
    </datafield>
    <datafield tag="650" ind1=" " ind2="0">
      <subfield code="a">Electric engineering</subfield>
      <subfield code="x">Juvenile literature.</subfield>
    </datafield>
    <datafield tag="650" ind1=" " ind2="4">
      <subfield code="a">Fizika</subfield>
    </datafield>
    <datafield tag="650" ind1=" " ind2="4">
      <subfield code="a">Kémia</subfield>
    </datafield>
    <datafield tag="650" ind1=" " ind2="4">
      <subfield code="a">Biológia</subfield>
    </datafield>
    <datafield tag="650" ind1=" " ind2="4">
      <subfield code="a">Elektronika</subfield>
    </datafield>
    <datafield tag="650" ind1=" " ind2="4">
      <subfield code="a">Ifjúsági irodalom</subfield>
    </datafield>
    <datafield tag="695" ind1=" " ind2=" ">
      <subfield code="a">Biológia</subfield>
      <subfield code="x">[Gyermekirod.]</subfield>
    </datafield>
    <datafield tag="695" ind1=" " ind2=" ">
      <subfield code="a">Elektronika</subfield>
      <subfield code="x">[Gyermekirod.]</subfield>
    </datafield>
    <datafield tag="695" ind1=" " ind2=" ">
      <subfield code="a">Fizika</subfield>
      <subfield code="x">[Gyermekirod.]</subfield>
    </datafield>
    <datafield tag="695" ind1=" " ind2=" ">
      <subfield code="a">Kémia</subfield>
      <subfield code="x">[Gyermekirod.]</subfield>
    </datafield>
    <datafield tag="695" ind1=" " ind2=" ">
      <subfield code="a">Természettudomány</subfield>
      <subfield code="x">[Gyermekirod.]</subfield>
    </datafield>
    <datafield tag="700" ind1="1" ind2=" ">
      <subfield code="a">Goják Éva</subfield>
      <subfield code="4">(ford.)</subfield>
    </datafield>
    <datafield tag="852" ind1=" " ind2=" ">
      <subfield code="a">B1</subfield>
      <subfield code="b">B1</subfield>
      <subfield code="x">279761</subfield>
    </datafield>
    <datafield tag="852" ind1=" " ind2=" ">
      <subfield code="a">D1</subfield>
      <subfield code="b">D1</subfield>
      <subfield code="x">279761</subfield>
    </datafield>
    <datafield tag="852" ind1=" " ind2=" ">
      <subfield code="a">H1</subfield>
      <subfield code="b">H1</subfield>
      <subfield code="x">NLVK446601</subfield>
    </datafield>
    <datafield tag="852" ind1=" " ind2=" ">
      <subfield code="a">ST1</subfield>
      <subfield code="b">ST1</subfield>
      <subfield code="x">bibBBM54676</subfield>
    </datafield>
    <datafield tag="852" ind1=" " ind2=" ">
      <subfield code="a">SZ1</subfield>
      <subfield code="b">SZ1</subfield>
      <subfield code="x">bibJGYx13478</subfield>
    </datafield>
  </record>
  <record>
    <leader>00675nam  2200217 i 4500</leader>
    <controlfield tag="001">MOKKAW0005621641  </controlfield>
    <controlfield tag="005">20090622192916.0</controlfield>
    <controlfield tag="008">940814s1964    hu            000 0 hun d</controlfield>
    <datafield tag="020" ind1=" " ind2=" ">
      <subfield code="a">(fűzött) :</subfield>
      <subfield code="c">32,- Ft</subfield>
    </datafield>
    <datafield tag="035" ind1=" " ind2=" ">
      <subfield code="a">BMEOMIKK000283585</subfield>
    </datafield>
    <datafield tag="040" ind1=" " ind2=" ">
      <subfield code="a">BMEOMIKK</subfield>
    </datafield>
    <datafield tag="041" ind1="0" ind2=" ">
      <subfield code="a">hun</subfield>
    </datafield>
    <datafield tag="245" ind1="0" ind2="0">
      <subfield code="a">1000 kérdés-felelet a technika világából /</subfield>
      <subfield code="c">[szerk. Pap János]</subfield>
    </datafield>
    <datafield tag="260" ind1=" " ind2=" ">
      <subfield code="a">Budapest :</subfield>
      <subfield code="b">Műszaki Kvk.,</subfield>
      <subfield code="c">[1964]</subfield>
    </datafield>
    <datafield tag="300" ind1=" " ind2=" ">
      <subfield code="a">447 p. ;</subfield>
      <subfield code="c">19 cm</subfield>
    </datafield>
    <datafield tag="653" ind1=" " ind2=" ">
      <subfield code="a">Műszaki kérdés-felelet</subfield>
    </datafield>
    <datafield tag="653" ind1=" " ind2=" ">
      <subfield code="a">természettudomány, technikai ismeretek</subfield>
    </datafield>
    <datafield tag="700" ind1="1" ind2=" ">
      <subfield code="a">Pap János</subfield>
    </datafield>
    <datafield tag="852" ind1=" " ind2=" ">
      <subfield code="a">B11</subfield>
      <subfield code="b">B11</subfield>
      <subfield code="x">BMEOMIKK000283585</subfield>
    </datafield>
    <datafield tag="852" ind1=" " ind2=" ">
      <subfield code="a">BCS1</subfield>
      <subfield code="b">BCS1</subfield>
      <subfield code="x">bibBKO00160384</subfield>
    </datafield>
    <datafield tag="852" ind1=" " ind2=" ">
      <subfield code="a">B8</subfield>
      <subfield code="b">B8</subfield>
      <subfield code="x">OGYK000269048</subfield>
    </datafield>
  </record>
  <record>
    <leader>01286nam  2200349   4500</leader>
    <controlfield tag="001">MOKKAZ0004745246  </controlfield>
    <controlfield tag="005">20040910095809.0</controlfield>
    <controlfield tag="008">      s2003                        hun d</controlfield>
    <datafield tag="020" ind1=" " ind2=" ">
      <subfield code="a">963-684-089-X (fűzött) :</subfield>
      <subfield code="c">1950,-Ft</subfield>
    </datafield>
    <datafield tag="035" ind1=" " ind2=" ">
      <subfield code="a">bibFSZ932247</subfield>
    </datafield>
    <datafield tag="040" ind1=" " ind2=" ">
      <subfield code="a">FSZEK</subfield>
    </datafield>
    <datafield tag="041" ind1=" " ind2=" ">
      <subfield code="a">hun</subfield>
    </datafield>
    <datafield tag="100" ind1="1" ind2=" ">
      <subfield code="a">Baxter, Nicola</subfield>
    </datafield>
    <datafield tag="240" ind1=" " ind2="0">
      <subfield code="a">1000 questions and answers</subfield>
    </datafield>
    <datafield tag="245" ind1="1" ind2="0">
      <subfield code="a">1000 kérdés - ezer válasz /</subfield>
      <subfield code="c">[szöveg: Nicola Baxter] ; [... közrem. Amanda Hawkes et al.] ; [ford. Kovácsné Kliment Emilia]</subfield>
    </datafield>
    <datafield tag="260" ind1=" " ind2=" ">
      <subfield code="a">[Kaposvár] :</subfield>
      <subfield code="b">Holló,</subfield>
      <subfield code="c">[2003]</subfield>
    </datafield>
    <datafield tag="300" ind1=" " ind2=" ">
      <subfield code="a">192 p. :</subfield>
      <subfield code="b">ill. ;</subfield>
      <subfield code="c">21 cm</subfield>
    </datafield>
    <datafield tag="650" ind1=" " ind2="4">
      <subfield code="a">Lexikonok [Gyermekirod.]</subfield>
    </datafield>
    <datafield tag="650" ind1=" " ind2="4">
      <subfield code="a">Kérdések és válaszok gyermekeknek</subfield>
    </datafield>
    <datafield tag="650" ind1=" " ind2="4">
      <subfield code="a">Tudomány</subfield>
      <subfield code="x">ifjúsági irodalom</subfield>
      <subfield code="x">illusztrált művek</subfield>
    </datafield>
    <datafield tag="650" ind1=" " ind2="4">
      <subfield code="a">Természettudományok</subfield>
    </datafield>
    <datafield tag="650" ind1=" " ind2="4">
      <subfield code="a">Technika</subfield>
    </datafield>
    <datafield tag="650" ind1=" " ind2="4">
      <subfield code="a">Orvoslás</subfield>
    </datafield>
    <datafield tag="650" ind1=" " ind2="4">
      <subfield code="a">Enciklopédia, képes</subfield>
    </datafield>
    <datafield tag="680" ind1=" " ind2="0">
      <subfield code="a">referenszkönyv</subfield>
      <subfield code="a">enciklopédia</subfield>
      <subfield code="a">lexikon</subfield>
      <subfield code="a">gyermekkönyv</subfield>
    </datafield>
    <datafield tag="700" ind1="1" ind2=" ">
      <subfield code="a">Hawkes, Amanda</subfield>
      <subfield code="4">közrem.</subfield>
    </datafield>
    <datafield tag="700" ind1="1" ind2=" ">
      <subfield code="a">Kliment Emilia</subfield>
      <subfield code="4">ford.</subfield>
    </datafield>
    <datafield tag="852" ind1=" " ind2=" ">
      <subfield code="a">B10</subfield>
      <subfield code="B">0801G</subfield>
      <subfield code="B">0301</subfield>
      <subfield code="B">0305</subfield>
      <subfield code="B">1202</subfield>
      <subfield code="B">0903</subfield>
      <subfield code="B">1803</subfield>
      <subfield code="B">1901</subfield>
      <subfield code="B">2002</subfield>
      <subfield code="B">2101</subfield>
      <subfield code="B">0802</subfield>
      <subfield code="B">1504</subfield>
      <subfield code="B">1704</subfield>
      <subfield code="B">0702</subfield>
      <subfield code="b">1306</subfield>
      <subfield code="x">bibFSZ932247</subfield>
    </datafield>
    <datafield tag="852" ind1=" " ind2=" ">
      <subfield code="a">SZO1</subfield>
      <subfield code="b">SZO1</subfield>
      <subfield code="x">150373402</subfield>
    </datafield>
    <datafield tag="852" ind1=" " ind2=" ">
      <subfield code="a">H1</subfield>
      <subfield code="b">H1</subfield>
      <subfield code="x">NLVK340738</subfield>
    </datafield>
    <datafield tag="852" ind1=" " ind2=" ">
      <subfield code="a">SZK1</subfield>
      <subfield code="b">SZK1</subfield>
      <subfield code="x">bibTMK73677</subfield>
    </datafield>
    <datafield tag="852" ind1=" " ind2=" ">
      <subfield code="a">SZL1</subfield>
      <subfield code="b">SZL1</subfield>
      <subfield code="x">bibVFK00249314</subfield>
    </datafield>
  </record>
  <record>
    <leader>00650nam  2200193 i 4500</leader>
    <controlfield tag="001">MOKKAS0003378198  </controlfield>
    <controlfield tag="005">20060605090946.0</controlfield>
    <controlfield tag="008">050101s2004                            d</controlfield>
    <datafield tag="020" ind1=" " ind2=" ">
      <subfield code="a">963-684-089-X (fűzött)</subfield>
    </datafield>
    <datafield tag="035" ind1=" " ind2=" ">
      <subfield code="a">659676</subfield>
    </datafield>
    <datafield tag="040" ind1=" " ind2=" ">
      <subfield code="a">KKMK</subfield>
    </datafield>
    <datafield tag="245" ind1="0" ind2="0">
      <subfield code="a">1000 kérdés - ezer válasz /</subfield>
      <subfield code="c">[szöveg] Nicola Baxter ; [közrem.társ] Amanda Hawkes</subfield>
    </datafield>
    <datafield tag="260" ind1=" " ind2=" ">
      <subfield code="a">Kaposvár :</subfield>
      <subfield code="b">Holló és Társa Kiadó,</subfield>
      <subfield code="c">[2004]</subfield>
    </datafield>
    <datafield tag="300" ind1=" " ind2=" ">
      <subfield code="a">192 p. :</subfield>
      <subfield code="b">ill., főként színes ;</subfield>
      <subfield code="c">21 cm</subfield>
    </datafield>
    <datafield tag="650" ind1=" " ind2="4">
      <subfield code="a">általános enciklopédia</subfield>
    </datafield>
    <datafield tag="650" ind1=" " ind2="4">
      <subfield code="a">gyermekszakkönyv</subfield>
    </datafield>
    <datafield tag="700" ind1="1" ind2="0">
      <subfield code="a">Baxter Nicola</subfield>
      <subfield code="4">([szöveg])</subfield>
    </datafield>
    <datafield tag="700" ind1="1" ind2="0">
      <subfield code="a">Hawkes Amanda</subfield>
      <subfield code="4">([közrem.társ])</subfield>
    </datafield>
    <datafield tag="852" ind1=" " ind2=" ">
      <subfield code="a">GY1</subfield>
      <subfield code="b">GY1</subfield>
      <subfield code="x">659676</subfield>
    </datafield>
  </record>
  <record>
    <leader>00738fam  2200229 i 4500</leader>
    <controlfield tag="001">MOKKAZ0006465226  </controlfield>
    <controlfield tag="005">20040915203951.0</controlfield>
    <controlfield tag="008">031022s2003    hu ar  j      001 0 hun d</controlfield>
    <datafield tag="020" ind1=" " ind2=" ">
      <subfield code="a">963-547-971-9 (kötött)</subfield>
    </datafield>
    <datafield tag="035" ind1=" " ind2=" ">
      <subfield code="a">1043744</subfield>
    </datafield>
    <datafield tag="040" ind1=" " ind2=" ">
      <subfield code="a">OSZK</subfield>
    </datafield>
    <datafield tag="041" ind1="1" ind2=" ">
      <subfield code="a">hunhun</subfield>
      <subfield code="h">eng</subfield>
    </datafield>
    <datafield tag="130" ind1="0" ind2="0">
      <subfield code="a">1000 questions and answers</subfield>
      <subfield code="l">magyar</subfield>
    </datafield>
    <datafield tag="245" ind1="0" ind2="0">
      <subfield code="a">1000 kérdés és válasz /</subfield>
      <subfield code="c">[szerzők Robin Kerrod et al.]</subfield>
    </datafield>
    <datafield tag="260" ind1=" " ind2=" ">
      <subfield code="a">Budapest :</subfield>
      <subfield code="b">M. Kvklub,</subfield>
      <subfield code="c">2003</subfield>
      <subfield code="e">(Szlovákia</subfield>
      <subfield code="f">Poligraf Print)</subfield>
    </datafield>
    <datafield tag="300" ind1=" " ind2=" ">
      <subfield code="a">280 p. :</subfield>
      <subfield code="b">ill., színes ;</subfield>
      <subfield code="c">28 cm</subfield>
    </datafield>
    <datafield tag="500" ind1=" " ind2=" ">
      <subfield code="a">Ford. Csáky Ida et al.</subfield>
    </datafield>
    <datafield tag="500" ind1=" " ind2=" ">
      <subfield code="a">Példányszám: 5000</subfield>
    </datafield>
    <datafield tag="700" ind1="1" ind2=" ">
      <subfield code="a">Kerrod, Robin</subfield>
      <subfield code="4">(közrem.)</subfield>
    </datafield>
    <datafield tag="700" ind1="1" ind2=" ">
      <subfield code="a">Csáky Ida</subfield>
      <subfield code="4">(ford.)</subfield>
    </datafield>
    <datafield tag="852" ind1=" " ind2=" ">
      <subfield code="a">B1</subfield>
      <subfield code="b">B1</subfield>
      <subfield code="x">1043744</subfield>
    </datafield>
    <datafield tag="852" ind1=" " ind2=" ">
      <subfield code="a">B10</subfield>
      <subfield code="B">0801G</subfield>
      <subfield code="b">0903</subfield>
      <subfield code="x">bibFSZ938177</subfield>
    </datafield>
  </record>
  <record>
    <leader>00595nam  2200181 i 4500</leader>
    <controlfield tag="001">MOKKAS0001085825  </controlfield>
    <controlfield tag="005">20051215234219.0</controlfield>
    <controlfield tag="008">050903s2003    hu            00010 hun d</controlfield>
    <datafield tag="020" ind1=" " ind2=" ">
      <subfield code="a">963-684-089-X</subfield>
    </datafield>
    <datafield tag="035" ind1=" " ind2=" ">
      <subfield code="a">bibBKO00261087</subfield>
    </datafield>
    <datafield tag="040" ind1=" " ind2=" ">
      <subfield code="a">BMK</subfield>
    </datafield>
    <datafield tag="100" ind1="1" ind2=" ">
      <subfield code="a">Baxter, Nicola</subfield>
    </datafield>
    <datafield tag="245" ind1="1" ind2="0">
      <subfield code="a">1000 kérdés, ezer válasz /</subfield>
      <subfield code="c">[szöveg Nicola Baxter] ; [... közrem. Amanda Hawkes et al.]</subfield>
    </datafield>
    <datafield tag="260" ind1=" " ind2=" ">
      <subfield code="a">[Kaposvár] :</subfield>
      <subfield code="b">Holló és Társa Kiadó,</subfield>
      <subfield code="c">[2003]</subfield>
    </datafield>
    <datafield tag="300" ind1=" " ind2=" ">
      <subfield code="a">192 p. :</subfield>
      <subfield code="b">ill. ;</subfield>
      <subfield code="c">21 cm</subfield>
    </datafield>
    <datafield tag="650" ind1=" " ind2="4">
      <subfield code="a">gyermeklexikonok, általános</subfield>
    </datafield>
    <datafield tag="700" ind1="1" ind2=" ">
      <subfield code="a">Hawkes, Amanda</subfield>
      <subfield code="4">közrem.</subfield>
    </datafield>
    <datafield tag="852" ind1=" " ind2=" ">
      <subfield code="a">BCS1</subfield>
      <subfield code="b">BCS1</subfield>
      <subfield code="x">bibBKO00261087</subfield>
    </datafield>
  </record>
  <record>
    <leader>00853cam  2200253 i 4500</leader>
    <controlfield tag="001">MOKKAS0003765949  </controlfield>
    <controlfield tag="005">20060615065247.0</controlfield>
    <controlfield tag="008">      c19931993hu a          00110 hun d</controlfield>
    <datafield tag="020" ind1=" " ind2=" ">
      <subfield code="a">963 8409 18 5 (kötött)</subfield>
    </datafield>
    <datafield tag="035" ind1=" " ind2=" ">
      <subfield code="a">bibTMK139625</subfield>
    </datafield>
    <datafield tag="040" ind1=" " ind2=" ">
      <subfield code="a">IGYUK</subfield>
    </datafield>
    <datafield tag="041" ind1="1" ind2=" ">
      <subfield code="a">hun</subfield>
      <subfield code="h">ita</subfield>
    </datafield>
    <datafield tag="245" ind1="0" ind2="0">
      <subfield code="a">1000  kérdés - 1000 válasz /</subfield>
      <subfield code="c">[ford. Goják Éva]</subfield>
    </datafield>
    <datafield tag="260" ind1=" " ind2=" ">
      <subfield code="a">[Kozármislény] :</subfield>
      <subfield code="b">Alexandra,</subfield>
      <subfield code="c">cop. 1993</subfield>
    </datafield>
    <datafield tag="300" ind1=" " ind2=" ">
      <subfield code="a">191 p. :</subfield>
      <subfield code="b">ill., színes ;</subfield>
      <subfield code="c">26 cm</subfield>
    </datafield>
    <datafield tag="500" ind1=" " ind2=" ">
      <subfield code="a">Tárgymutató: p. 190-191.</subfield>
    </datafield>
    <datafield tag="650" ind1=" " ind2="4">
      <subfield code="a">Kérdések és válaszok gyermekeknek</subfield>
    </datafield>
    <datafield tag="650" ind1=" " ind2="4">
      <subfield code="a">Civilizáció</subfield>
      <subfield code="x">történet</subfield>
    </datafield>
    <datafield tag="650" ind1=" " ind2="4">
      <subfield code="a">Tudomány</subfield>
      <subfield code="x">ifjúsági irodalom</subfield>
      <subfield code="x">illusztrált művek</subfield>
    </datafield>
    <datafield tag="650" ind1=" " ind2="4">
      <subfield code="a">Technológia</subfield>
      <subfield code="x">ifjúsági irodalom</subfield>
    </datafield>
    <datafield tag="650" ind1=" " ind2="4">
      <subfield code="a">Természet</subfield>
      <subfield code="x">ifjúsági irodalom</subfield>
    </datafield>
    <datafield tag="650" ind1=" " ind2="4">
      <subfield code="a">Világűr</subfield>
      <subfield code="x">ifjúsági irodalom</subfield>
    </datafield>
    <datafield tag="700" ind1="1" ind2=" ">
      <subfield code="a">Goják Éva</subfield>
    </datafield>
    <datafield tag="852" ind1=" " ind2=" ">
      <subfield code="a">SZK1</subfield>
      <subfield code="b">SZK1</subfield>
      <subfield code="x">bibTMK139625</subfield>
    </datafield>
  </record>
  <record>
    <leader>00857cam  2200253 i 4500</leader>
    <controlfield tag="001">MOKKAS0003747494  </controlfield>
    <controlfield tag="005">20060615044642.0</controlfield>
    <controlfield tag="008">      c19951995hu a          00110 hun d</controlfield>
    <datafield tag="020" ind1=" " ind2=" ">
      <subfield code="a">963 8086 77 7 (kötött)</subfield>
      <subfield code="z">963 8409 18 5</subfield>
    </datafield>
    <datafield tag="035" ind1=" " ind2=" ">
      <subfield code="a">bibTMK73821</subfield>
    </datafield>
    <datafield tag="040" ind1=" " ind2=" ">
      <subfield code="a">IGYUK</subfield>
    </datafield>
    <datafield tag="041" ind1="1" ind2=" ">
      <subfield code="a">hun</subfield>
      <subfield code="h">ita</subfield>
    </datafield>
    <datafield tag="245" ind1="0" ind2="0">
      <subfield code="a">1000  kérdés - 1000 válasz /</subfield>
      <subfield code="c">[ford. Goják Éva]</subfield>
    </datafield>
    <datafield tag="260" ind1=" " ind2=" ">
      <subfield code="a">[Pécs] :</subfield>
      <subfield code="b">Alexandra,</subfield>
      <subfield code="c">cop. 1995</subfield>
    </datafield>
    <datafield tag="300" ind1=" " ind2=" ">
      <subfield code="a">191 p. :</subfield>
      <subfield code="b">ill., színes ;</subfield>
      <subfield code="c">26 cm</subfield>
    </datafield>
    <datafield tag="500" ind1=" " ind2=" ">
      <subfield code="a">Tárgymutató: p. 190-191.</subfield>
    </datafield>
    <datafield tag="650" ind1=" " ind2="4">
      <subfield code="a">Kérdések és válaszok gyermekeknek</subfield>
    </datafield>
    <datafield tag="650" ind1=" " ind2="4">
      <subfield code="a">Civilizáció</subfield>
      <subfield code="x">történet</subfield>
    </datafield>
    <datafield tag="650" ind1=" " ind2="4">
      <subfield code="a">Tudomány</subfield>
      <subfield code="x">ifjúsági irodalom</subfield>
      <subfield code="x">illusztrált művek</subfield>
    </datafield>
    <datafield tag="650" ind1=" " ind2="4">
      <subfield code="a">Technológia</subfield>
      <subfield code="x">ifjúsági irodalom</subfield>
    </datafield>
    <datafield tag="650" ind1=" " ind2="4">
      <subfield code="a">Természet</subfield>
      <subfield code="x">ifjúsági irodalom</subfield>
    </datafield>
    <datafield tag="650" ind1=" " ind2="4">
      <subfield code="a">Világűr</subfield>
      <subfield code="x">ifjúsági irodalom</subfield>
    </datafield>
    <datafield tag="700" ind1="1" ind2=" ">
      <subfield code="a">Goják Éva</subfield>
    </datafield>
    <datafield tag="852" ind1=" " ind2=" ">
      <subfield code="a">SZK1</subfield>
      <subfield code="b">SZK1</subfield>
      <subfield code="x">bibTMK73821</subfield>
    </datafield>
  </record>
  <record>
    <leader>00862nam  2200277 i 4500</leader>
    <controlfield tag="001">MOKKAZ0003305227  </controlfield>
    <controlfield tag="005">20040909175527.0</controlfield>
    <controlfield tag="008">      s1995    hu a          00010 hun d</controlfield>
    <datafield tag="020" ind1=" " ind2=" ">
      <subfield code="a">963 8409 18 5</subfield>
    </datafield>
    <datafield tag="035" ind1=" " ind2=" ">
      <subfield code="a">bibKLT00018840</subfield>
    </datafield>
    <datafield tag="040" ind1=" " ind2=" ">
      <subfield code="a">DEENK</subfield>
    </datafield>
    <datafield tag="041" ind1=" " ind2="1">
      <subfield code="a">hun</subfield>
      <subfield code="h">ita</subfield>
    </datafield>
    <datafield tag="245" ind1="0" ind2="0">
      <subfield code="a">1000  kérdés - 1000 válasz /</subfield>
      <subfield code="c">[ford. Goják Éva]</subfield>
    </datafield>
    <datafield tag="260" ind1="0" ind2=" ">
      <subfield code="a">[Kozármislény] :</subfield>
      <subfield code="b">Alexandra,</subfield>
      <subfield code="c">1995</subfield>
    </datafield>
    <datafield tag="300" ind1=" " ind2=" ">
      <subfield code="a">191 p. :</subfield>
      <subfield code="b">ill. ;</subfield>
      <subfield code="c">26 cm</subfield>
    </datafield>
    <datafield tag="650" ind1=" " ind2="4">
      <subfield code="a">Civilizáció</subfield>
      <subfield code="x">történet</subfield>
      <subfield code="x">ifjúsági irodalom</subfield>
    </datafield>
    <datafield tag="650" ind1=" " ind2="4">
      <subfield code="a">Tudomány</subfield>
      <subfield code="x">ifjúsági irodalom</subfield>
    </datafield>
    <datafield tag="650" ind1=" " ind2="0">
      <subfield code="a">Civilization</subfield>
      <subfield code="x">History</subfield>
      <subfield code="x">Juvenile literature.</subfield>
    </datafield>
    <datafield tag="650" ind1=" " ind2="0">
      <subfield code="a">Science</subfield>
      <subfield code="x">Juvenile literature.</subfield>
    </datafield>
    <datafield tag="650" ind1=" " ind2="4">
      <subfield code="a">Civilizációtörténet</subfield>
    </datafield>
    <datafield tag="650" ind1=" " ind2="4">
      <subfield code="a">Tudomány</subfield>
    </datafield>
    <datafield tag="650" ind1=" " ind2="4">
      <subfield code="a">Enciklopédia</subfield>
    </datafield>
    <datafield tag="650" ind1=" " ind2="4">
      <subfield code="a">Ifjúsági irodalom</subfield>
    </datafield>
    <datafield tag="700" ind1="1" ind2=" ">
      <subfield code="a">Goják Éva</subfield>
    </datafield>
    <datafield tag="852" ind1=" " ind2=" ">
      <subfield code="a">D1</subfield>
      <subfield code="b">D1</subfield>
      <subfield code="x">bibKLT00018840</subfield>
    </datafield>
    <datafield tag="852" ind1=" " ind2=" ">
      <subfield code="a">ST1</subfield>
      <subfield code="b">ST1</subfield>
      <subfield code="x">bibBBM54665</subfield>
    </datafield>
  </record>
  <record>
    <leader>01175fam  2200325 i 4500</leader>
    <controlfield tag="001">MOKKAZ0006373183  </controlfield>
    <controlfield tag="005">20100608094635.0</controlfield>
    <controlfield tag="008">990106s1998    hu r          001 0dhun d</controlfield>
    <datafield tag="020" ind1=" " ind2=" ">
      <subfield code="a">963-8086-32-7 (kötött)</subfield>
    </datafield>
    <datafield tag="035" ind1=" " ind2=" ">
      <subfield code="a">334471</subfield>
    </datafield>
    <datafield tag="040" ind1=" " ind2=" ">
      <subfield code="a">OSZK</subfield>
    </datafield>
    <datafield tag="041" ind1="1" ind2=" ">
      <subfield code="a">hunhun</subfield>
      <subfield code="h">ita</subfield>
    </datafield>
    <datafield tag="080" ind1=" " ind2=" ">
      <subfield code="a">929(100)(031)</subfield>
    </datafield>
    <datafield tag="100" ind1="1" ind2=" ">
      <subfield code="a">Cusin, Lella</subfield>
    </datafield>
    <datafield tag="245" ind1="1" ind2="0">
      <subfield code="a">1000 kérdés híres emberekről /</subfield>
      <subfield code="c">[írta Lella Cusin és Grazia Delmati] ; [ford. Goják Éva] ; [graf. Maurizio Bajetti]</subfield>
    </datafield>
    <datafield tag="260" ind1=" " ind2=" ">
      <subfield code="a">[Pécs] :</subfield>
      <subfield code="b">Alexandra,</subfield>
      <subfield code="c">[1998]</subfield>
      <subfield code="e">(Slovakia</subfield>
      <subfield code="f">[s.n.])</subfield>
    </datafield>
    <datafield tag="300" ind1=" " ind2=" ">
      <subfield code="a">188, [3] p. :</subfield>
      <subfield code="b">ill., színes ;</subfield>
      <subfield code="c">27 cm</subfield>
    </datafield>
    <datafield tag="650" ind1=" " ind2="4">
      <subfield code="a">Világtörténet</subfield>
      <subfield code="x">életrajz</subfield>
    </datafield>
    <datafield tag="650" ind1=" " ind2="0">
      <subfield code="a">World history</subfield>
      <subfield code="x">Biography.</subfield>
    </datafield>
    <datafield tag="650" ind1=" " ind2="7">
      <subfield code="a">Világtörténet</subfield>
      <subfield code="x">életrajz</subfield>
      <subfield code="2">lcsh//hun</subfield>
    </datafield>
    <datafield tag="650" ind1=" " ind2="7">
      <subfield code="a">Művelődéstörténet</subfield>
      <subfield code="x">népszerű</subfield>
      <subfield code="2">szte</subfield>
    </datafield>
    <datafield tag="650" ind1=" " ind2="7">
      <subfield code="a">Híres emberek</subfield>
      <subfield code="x">életrajz</subfield>
      <subfield code="2">szte</subfield>
    </datafield>
    <datafield tag="700" ind1="1" ind2="0">
      <subfield code="a">Delmati, Grazia</subfield>
    </datafield>
    <datafield tag="700" ind1="1" ind2=" ">
      <subfield code="a">Goják Éva</subfield>
      <subfield code="4">(ford.)</subfield>
    </datafield>
    <datafield tag="700" ind1="1" ind2=" ">
      <subfield code="a">Bajetti, Maurizio</subfield>
      <subfield code="4">(ill.)</subfield>
    </datafield>
    <datafield tag="852" ind1=" " ind2=" ">
      <subfield code="a">B1</subfield>
      <subfield code="b">B1</subfield>
      <subfield code="x">334471</subfield>
    </datafield>
    <datafield tag="852" ind1=" " ind2=" ">
      <subfield code="a">D1</subfield>
      <subfield code="b">HBO8</subfield>
      <subfield code="b">D1</subfield>
      <subfield code="x">334471</subfield>
    </datafield>
    <datafield tag="852" ind1=" " ind2=" ">
      <subfield code="a">B10</subfield>
      <subfield code="B">0101</subfield>
      <subfield code="B">1105</subfield>
      <subfield code="B">1106</subfield>
      <subfield code="B">1103</subfield>
      <subfield code="B">2201</subfield>
      <subfield code="B">2203</subfield>
      <subfield code="B">2104</subfield>
      <subfield code="B">1307</subfield>
      <subfield code="B">0802</subfield>
      <subfield code="b">1602</subfield>
      <subfield code="x">bibFSZ00151066</subfield>
    </datafield>
    <datafield tag="852" ind1=" " ind2=" ">
      <subfield code="a">SZK1</subfield>
      <subfield code="b">SZK1</subfield>
      <subfield code="x">bibTMK114159</subfield>
    </datafield>
    <datafield tag="852" ind1=" " ind2=" ">
      <subfield code="a">SZ1</subfield>
      <subfield code="b">SZ1/R3</subfield>
      <subfield code="x">bibJGYx23584</subfield>
    </datafield>
  </record>
  <record>
    <leader>00554nama 22001691i 4500</leader>
    <controlfield tag="001">MOKKAS0000491441  </controlfield>
    <controlfield tag="005">20060117191036.0</controlfield>
    <controlfield tag="008">040730s1964    hu            000 0 hunod</controlfield>
    <datafield tag="035" ind1=" " ind2=" ">
      <subfield code="a">1250219</subfield>
    </datafield>
    <datafield tag="040" ind1=" " ind2=" ">
      <subfield code="a">OSZK</subfield>
    </datafield>
    <datafield tag="041" ind1="0" ind2=" ">
      <subfield code="a">hunhun</subfield>
    </datafield>
    <datafield tag="245" ind1="0" ind2="0">
      <subfield code="a">1000 kérdés - felelet a technika világából /</subfield>
      <subfield code="c">[szerk. Pap János] ; [ill. Kassowitz Félix]</subfield>
    </datafield>
    <datafield tag="260" ind1=" " ind2=" ">
      <subfield code="a">Budapest :</subfield>
      <subfield code="b">Műszaki Kiadó,</subfield>
      <subfield code="c">[1964]</subfield>
      <subfield code="e">(Budapest</subfield>
      <subfield code="f">Franklin Ny.)</subfield>
    </datafield>
    <datafield tag="300" ind1=" " ind2=" ">
      <subfield code="a">447 p. ;</subfield>
      <subfield code="c">18 cm</subfield>
    </datafield>
    <datafield tag="700" ind1="1" ind2=" ">
      <subfield code="a">Kassowitz Félix</subfield>
      <subfield code="d">(1907-1983)</subfield>
      <subfield code="4">(ill.)</subfield>
    </datafield>
    <datafield tag="700" ind1="1" ind2=" ">
      <subfield code="a">Pap János</subfield>
      <subfield code="4">(szerk.)</subfield>
    </datafield>
    <datafield tag="852" ind1=" " ind2=" ">
      <subfield code="a">B1</subfield>
      <subfield code="b">B1</subfield>
      <subfield code="x">1250219</subfield>
    </datafield>
  </record>
  <record>
    <leader>00833cam  22002771  4500</leader>
    <controlfield tag="001">MOKKAZ0004218084  </controlfield>
    <controlfield tag="005">20040910052049.0</controlfield>
    <controlfield tag="008">      s1964                        und d</controlfield>
    <datafield tag="020" ind1=" " ind2=" ">
      <subfield code="a">(fűzött) :</subfield>
    </datafield>
    <datafield tag="035" ind1=" " ind2=" ">
      <subfield code="a">bibFSZ00063631</subfield>
    </datafield>
    <datafield tag="040" ind1=" " ind2=" ">
      <subfield code="a">FSZEK</subfield>
    </datafield>
    <datafield tag="093" ind1=" " ind2=" ">
      <subfield code="e">22301</subfield>
    </datafield>
    <datafield tag="245" ind1="0" ind2="0">
      <subfield code="a">1000 kérdés - felelet a technika világából /</subfield>
      <subfield code="c">[szerk. Pap János] ; [ill. Kassowitz Félix]</subfield>
    </datafield>
    <datafield tag="260" ind1=" " ind2=" ">
      <subfield code="a">Budapest :</subfield>
      <subfield code="b">Műszaki Könyvkiadó,</subfield>
      <subfield code="c">1964</subfield>
    </datafield>
    <datafield tag="300" ind1=" " ind2=" ">
      <subfield code="a">447 p. ;</subfield>
      <subfield code="c">18 cm</subfield>
    </datafield>
    <datafield tag="650" ind1=" " ind2="4">
      <subfield code="a">Technika</subfield>
    </datafield>
    <datafield tag="650" ind1=" " ind2="4">
      <subfield code="a">Tudomány</subfield>
    </datafield>
    <datafield tag="650" ind1=" " ind2="4">
      <subfield code="a">Kérdés</subfield>
    </datafield>
    <datafield tag="650" ind1=" " ind2="4">
      <subfield code="a">Ismeretterjesztés</subfield>
    </datafield>
    <datafield tag="680" ind1=" " ind2="0">
      <subfield code="x">62/69</subfield>
      <subfield code="x">(025)</subfield>
    </datafield>
    <datafield tag="680" ind1=" " ind2="0">
      <subfield code="x">53/54</subfield>
      <subfield code="x">(025)</subfield>
    </datafield>
    <datafield tag="700" ind1="1" ind2=" ">
      <subfield code="a">Pap János</subfield>
      <subfield code="4">szerk.</subfield>
    </datafield>
    <datafield tag="700" ind1="1" ind2=" ">
      <subfield code="a">Kassovitz Félix</subfield>
      <subfield code="4">ill.</subfield>
    </datafield>
    <datafield tag="852" ind1=" " ind2=" ">
      <subfield code="a">B10</subfield>
      <subfield code="B">1105</subfield>
      <subfield code="B">0302</subfield>
      <subfield code="B">0801</subfield>
      <subfield code="B">2101</subfield>
      <subfield code="B">1004</subfield>
      <subfield code="b">0802</subfield>
      <subfield code="x">bibFSZ00063631</subfield>
    </datafield>
    <datafield tag="852" ind1=" " ind2=" ">
      <subfield code="a">H1</subfield>
      <subfield code="b">H1</subfield>
      <subfield code="x">NLVK92255</subfield>
    </datafield>
    <datafield tag="852" ind1=" " ind2=" ">
      <subfield code="a">ST1</subfield>
      <subfield code="b">ST1</subfield>
      <subfield code="x">bibBBM222222</subfield>
    </datafield>
  </record>
  <record>
    <leader>00519nama 22001691i 4500</leader>
    <controlfield tag="001">MOKKAS0000486615  </controlfield>
    <controlfield tag="005">20060117185125.0</controlfield>
    <controlfield tag="008">040730s1963    hu            000 0 hunod</controlfield>
    <datafield tag="035" ind1=" " ind2=" ">
      <subfield code="a">1245392</subfield>
    </datafield>
    <datafield tag="040" ind1=" " ind2=" ">
      <subfield code="a">OSZK</subfield>
    </datafield>
    <datafield tag="041" ind1="0" ind2=" ">
      <subfield code="a">hunhun</subfield>
    </datafield>
    <datafield tag="100" ind1="1" ind2=" ">
      <subfield code="a">Staub József</subfield>
      <subfield code="c">(cédulakatalógus alapján)</subfield>
    </datafield>
    <datafield tag="245" ind1="1" ind2="0">
      <subfield code="a">1000 kérdés - 1000 felelet /</subfield>
      <subfield code="c">[Staub József, Székely János]</subfield>
    </datafield>
    <datafield tag="260" ind1=" " ind2=" ">
      <subfield code="a">Budapest :</subfield>
      <subfield code="b">Zrínyi Kiadó,</subfield>
      <subfield code="c">1963</subfield>
      <subfield code="e">(Budapest</subfield>
      <subfield code="f">Zrínyi Ny.)</subfield>
    </datafield>
    <datafield tag="300" ind1=" " ind2=" ">
      <subfield code="a">126 p. ;</subfield>
      <subfield code="c">19 cm</subfield>
    </datafield>
    <datafield tag="700" ind1="1" ind2="0">
      <subfield code="a">Székely János</subfield>
    </datafield>
    <datafield tag="852" ind1=" " ind2=" ">
      <subfield code="a">B1</subfield>
      <subfield code="b">B1</subfield>
      <subfield code="x">1245392</subfield>
    </datafield>
  </record>
  <record>
    <leader>01293nam  2200457 i 4500</leader>
    <controlfield tag="001">MOKKAW0005123355  </controlfield>
    <controlfield tag="005">20100504130837.0</controlfield>
    <controlfield tag="008">071003s2007    hu a          00010 hun d</controlfield>
    <datafield tag="020" ind1=" " ind2=" ">
      <subfield code="a">978 963 9534 76 6</subfield>
    </datafield>
    <datafield tag="035" ind1=" " ind2=" ">
      <subfield code="a">bibJPT00455179 JPTE</subfield>
    </datafield>
    <datafield tag="040" ind1=" " ind2=" ">
      <subfield code="a">PTE</subfield>
    </datafield>
    <datafield tag="041" ind1=" " ind2=" ">
      <subfield code="a">hun</subfield>
      <subfield code="h">eng</subfield>
    </datafield>
    <datafield tag="080" ind1=" " ind2=" ">
      <subfield code="a">745.05</subfield>
    </datafield>
    <datafield tag="080" ind1=" " ind2=" ">
      <subfield code="a">766 (100)</subfield>
    </datafield>
    <datafield tag="080" ind1=" " ind2=" ">
      <subfield code="a">003.62</subfield>
    </datafield>
    <datafield tag="240" ind1="0" ind2="0">
      <subfield code="a">1000 retail graphics</subfield>
      <subfield code="l">(magyar)</subfield>
    </datafield>
    <datafield tag="245" ind1="0" ind2="0">
      <subfield code="a">1000 kereskedelmi grafika :</subfield>
      <subfield code="b">A feliratoktól a logókig, és minden, ami in-store /</subfield>
      <subfield code="c">[bev. írta: Ken Nisch] ; [ford. Nagy Márta]</subfield>
    </datafield>
    <datafield tag="260" ind1=" " ind2=" ">
      <subfield code="a">Budapest. :</subfield>
      <subfield code="b">Scolar,</subfield>
      <subfield code="c">[2007]</subfield>
    </datafield>
    <datafield tag="300" ind1=" " ind2=" ">
      <subfield code="a">320 p. :</subfield>
      <subfield code="b">ill. ;</subfield>
      <subfield code="c">24x24 cm</subfield>
    </datafield>
    <datafield tag="490" ind1="1" ind2=" ">
      <subfield code="a">(Scolar design,</subfield>
      <subfield code="x">1788-5841)</subfield>
    </datafield>
    <datafield tag="650" ind1=" " ind2="4">
      <subfield code="a">alkalmazott grafika</subfield>
    </datafield>
    <datafield tag="650" ind1=" " ind2="4">
      <subfield code="a">embléma</subfield>
    </datafield>
    <datafield tag="650" ind1=" " ind2="4">
      <subfield code="a">felirat</subfield>
    </datafield>
    <datafield tag="650" ind1=" " ind2="4">
      <subfield code="a">védjegy</subfield>
    </datafield>
    <datafield tag="650" ind1=" " ind2="7">
      <subfield code="a">Design</subfield>
      <subfield code="2">lcsh//hun</subfield>
    </datafield>
    <datafield tag="650" ind1=" " ind2="0">
      <subfield code="a">Design.</subfield>
    </datafield>
    <datafield tag="653" ind1=" " ind2=" ">
      <subfield code="a">csomagolás</subfield>
    </datafield>
    <datafield tag="653" ind1=" " ind2=" ">
      <subfield code="a">grafika</subfield>
    </datafield>
    <datafield tag="653" ind1=" " ind2=" ">
      <subfield code="a">kereskedelem</subfield>
    </datafield>
    <datafield tag="653" ind1=" " ind2=" ">
      <subfield code="a">reklám</subfield>
    </datafield>
    <datafield tag="653" ind1=" " ind2=" ">
      <subfield code="a">üzleti kommunikáció</subfield>
    </datafield>
    <datafield tag="695" ind1=" " ind2=" ">
      <subfield code="a">Reklámgrafika</subfield>
    </datafield>
    <datafield tag="695" ind1=" " ind2=" ">
      <subfield code="a">Grafika, alkalmazott</subfield>
    </datafield>
    <datafield tag="695" ind1=" " ind2=" ">
      <subfield code="a">Logo</subfield>
    </datafield>
    <datafield tag="700" ind1="1" ind2=" ">
      <subfield code="a">Nagy Márta</subfield>
    </datafield>
    <datafield tag="700" ind1="1" ind2=" ">
      <subfield code="a">Nisch, Ken</subfield>
    </datafield>
    <datafield tag="830" ind1=" " ind2="0">
      <subfield code="a">Scolar design</subfield>
    </datafield>
    <datafield tag="852" ind1=" " ind2=" ">
      <subfield code="a">P1</subfield>
      <subfield code="b">P1</subfield>
      <subfield code="x">bibJPT00455179    JPTE</subfield>
    </datafield>
    <datafield tag="852" ind1=" " ind2=" ">
      <subfield code="a">SZO1</subfield>
      <subfield code="b">SZO1</subfield>
      <subfield code="x">150635829</subfield>
    </datafield>
    <datafield tag="852" ind1=" " ind2=" ">
      <subfield code="a">D1</subfield>
      <subfield code="b">D1</subfield>
      <subfield code="x">bibDEK00749656</subfield>
    </datafield>
    <datafield tag="852" ind1=" " ind2=" ">
      <subfield code="a">B9</subfield>
      <subfield code="b">B9</subfield>
      <subfield code="x">897101</subfield>
    </datafield>
  </record>
  <record>
    <leader>00771nam  2200241 i 4500</leader>
    <controlfield tag="001">MOKKAN0004832495  </controlfield>
    <controlfield tag="005">20071127104636.0</controlfield>
    <controlfield tag="008">071003 2007    hu            00010 hun  </controlfield>
    <datafield tag="020" ind1=" " ind2=" ">
      <subfield code="a">978 963 9534 76 6</subfield>
    </datafield>
    <datafield tag="035" ind1=" " ind2=" ">
      <subfield code="a">bibJAT00716283</subfield>
    </datafield>
    <datafield tag="040" ind1=" " ind2=" ">
      <subfield code="a">SZTE</subfield>
    </datafield>
    <datafield tag="041" ind1=" " ind2=" ">
      <subfield code="a">hun</subfield>
      <subfield code="h">eng</subfield>
    </datafield>
    <datafield tag="100" ind1="1" ind2=" ">
      <subfield code="a">Nisch, Ken</subfield>
    </datafield>
    <datafield tag="240" ind1="1" ind2="0">
      <subfield code="a">1000 retail graphics</subfield>
      <subfield code="l">(magyar)</subfield>
    </datafield>
    <datafield tag="245" ind1="1" ind2="0">
      <subfield code="a">1000 kereskedelmi grafika :</subfield>
      <subfield code="b">feliratoktól a logókig, és minden, ami in-store /</subfield>
      <subfield code="c">[Ken Nisch ; ford. Nagy Márta]</subfield>
    </datafield>
    <datafield tag="260" ind1=" " ind2=" ">
      <subfield code="a">Bp. :</subfield>
      <subfield code="b">Scolar,</subfield>
      <subfield code="c">[2007]</subfield>
    </datafield>
    <datafield tag="300" ind1=" " ind2=" ">
      <subfield code="a">320 p. :</subfield>
      <subfield code="b">ill. ;</subfield>
      <subfield code="c">24x24 cm</subfield>
    </datafield>
    <datafield tag="490" ind1="1" ind2=" ">
      <subfield code="a">(Scolar design ,</subfield>
      <subfield code="x">1788-5841)</subfield>
    </datafield>
    <datafield tag="650" ind1=" " ind2="7">
      <subfield code="a">Formatervezés</subfield>
      <subfield code="x">ipari</subfield>
      <subfield code="2">szte</subfield>
    </datafield>
    <datafield tag="650" ind1=" " ind2="7">
      <subfield code="a">Grafika</subfield>
      <subfield code="x">alkalmazott</subfield>
      <subfield code="2">szte</subfield>
    </datafield>
    <datafield tag="700" ind1="1" ind2=" ">
      <subfield code="a">Nagy Márta</subfield>
    </datafield>
    <datafield tag="830" ind1=" " ind2="0">
      <subfield code="a">Scolar design</subfield>
    </datafield>
    <datafield tag="852" ind1=" " ind2=" ">
      <subfield code="a">SZ1</subfield>
      <subfield code="b">SZ1/S1</subfield>
      <subfield code="x">bibJAT00716283</subfield>
    </datafield>
  </record>
  <record>
    <leader>01071nam  2200325   4500</leader>
    <controlfield tag="001">MOKKAW0005477076ac</controlfield>
    <controlfield tag="005">20080418021007.0</controlfield>
    <controlfield tag="008">070928s2007           f            hun d</controlfield>
    <datafield tag="020" ind1=" " ind2=" ">
      <subfield code="a">978-963-9534-76-6 (fűzött) :</subfield>
    </datafield>
    <datafield tag="020" ind1=" " ind2=" ">
      <subfield code="a">0-19-430940-1</subfield>
    </datafield>
    <datafield tag="035" ind1=" " ind2=" ">
      <subfield code="a">bibFSZ01373814</subfield>
    </datafield>
    <datafield tag="040" ind1=" " ind2=" ">
      <subfield code="a">FSZEK</subfield>
    </datafield>
    <datafield tag="041" ind1=" " ind2=" ">
      <subfield code="a">huneng</subfield>
    </datafield>
    <datafield tag="100" ind1="1" ind2=" ">
      <subfield code="a">Sutzer, Craig</subfield>
    </datafield>
    <datafield tag="240" ind1=" " ind2="0">
      <subfield code="a">1000 retail graphics</subfield>
    </datafield>
    <datafield tag="245" ind1="1" ind2="0">
      <subfield code="a">1000 kereskedelmi grafika :</subfield>
      <subfield code="b">a feliratoktól a logókig és minden, ami in-store /</subfield>
      <subfield code="c">[ford. Nagy Márta]</subfield>
    </datafield>
    <datafield tag="260" ind1=" " ind2=" ">
      <subfield code="a">Budapest :</subfield>
      <subfield code="b">Scolar,</subfield>
      <subfield code="c">cop. 2007</subfield>
    </datafield>
    <datafield tag="300" ind1=" " ind2=" ">
      <subfield code="a">320 p. :</subfield>
      <subfield code="b">ill. ;</subfield>
      <subfield code="c">24x24 cm</subfield>
    </datafield>
    <datafield tag="490" ind1="1" ind2=" ">
      <subfield code="a">(Scolar design,</subfield>
      <subfield code="x">1788-5841)</subfield>
    </datafield>
    <datafield tag="500" ind1=" " ind2=" ">
      <subfield code="a">A szerző: Sutzer, Craig</subfield>
    </datafield>
    <datafield tag="546" ind1=" " ind2=" ">
      <subfield code="a">A gyűjtemény eredeti angol nyelven</subfield>
    </datafield>
    <datafield tag="650" ind1=" " ind2="7">
      <subfield code="a">Grafika</subfield>
      <subfield code="x">alkalmazott</subfield>
      <subfield code="2">szte</subfield>
    </datafield>
    <datafield tag="650" ind1=" " ind2="7">
      <subfield code="a">Formatervezés</subfield>
      <subfield code="x">ipari</subfield>
      <subfield code="2">szte</subfield>
    </datafield>
    <datafield tag="650" ind1=" " ind2="7">
      <subfield code="a">Védjegy</subfield>
      <subfield code="x">világ országai</subfield>
      <subfield code="2">szte</subfield>
    </datafield>
    <datafield tag="650" ind1=" " ind2="7">
      <subfield code="a">Reklámgrafika</subfield>
      <subfield code="2">szte</subfield>
    </datafield>
    <datafield tag="700" ind1="1" ind2=" ">
      <subfield code="a">Nagy Márta</subfield>
      <subfield code="4">ford.</subfield>
    </datafield>
    <datafield tag="830" ind1=" " ind2="0">
      <subfield code="a">Scolar design</subfield>
    </datafield>
    <datafield tag="852" ind1=" " ind2=" ">
      <subfield code="a">B10</subfield>
      <subfield code="b">B10</subfield>
      <subfield code="x">bibFSZ01373792</subfield>
    </datafield>
    <datafield tag="852" ind1=" " ind2=" ">
      <subfield code="a">B10</subfield>
      <subfield code="b">B10</subfield>
      <subfield code="x">bibFSZ01373814</subfield>
    </datafield>
    <datafield tag="852" ind1=" " ind2=" ">
      <subfield code="a">SZ4</subfield>
      <subfield code="b">SZ4/K1</subfield>
      <subfield code="x">bibSOK00423039</subfield>
    </datafield>
  </record>
  <record>
    <leader>00474nam  2200181 i 4500</leader>
    <controlfield tag="001">MOKKAS0003523134  </controlfield>
    <controlfield tag="005">20060606025554.0</controlfield>
    <controlfield tag="008">050714s1966                            d</controlfield>
    <datafield tag="035" ind1=" " ind2=" ">
      <subfield code="a">610967</subfield>
    </datafield>
    <datafield tag="040" ind1=" " ind2=" ">
      <subfield code="a">OIK</subfield>
    </datafield>
    <datafield tag="100" ind1="1" ind2=" ">
      <subfield code="a">Pleavă-Preda, Ion</subfield>
    </datafield>
    <datafield tag="245" ind1="1" ind2="0">
      <subfield code="a">1000 km în jurul arcului carpatic</subfield>
    </datafield>
    <datafield tag="260" ind1=" " ind2=" ">
      <subfield code="a">Bucureşti :</subfield>
      <subfield code="b">Meridiane,</subfield>
      <subfield code="c">1966</subfield>
    </datafield>
    <datafield tag="300" ind1=" " ind2=" ">
      <subfield code="a">105 p.</subfield>
    </datafield>
    <datafield tag="490" ind1="1" ind2=" ">
      <subfield code="a">Itinerare turistice</subfield>
    </datafield>
    <datafield tag="700" ind1="1" ind2=" ">
      <subfield code="a">Petrescu, Gogu</subfield>
    </datafield>
    <datafield tag="830" ind1=" " ind2="0">
      <subfield code="a">Itinerare turistice</subfield>
    </datafield>
    <datafield tag="852" ind1=" " ind2=" ">
      <subfield code="a">B14</subfield>
      <subfield code="b">B14</subfield>
      <subfield code="x">610967</subfield>
    </datafield>
  </record>
  <record>
    <leader>00582nam  2200181 i 4500</leader>
    <controlfield tag="001">MOKKAW0006081597  </controlfield>
    <controlfield tag="005">20080914213840.0</controlfield>
    <controlfield tag="008">060629s2005    hu            00010 hun d</controlfield>
    <datafield tag="020" ind1=" " ind2=" ">
      <subfield code="a">963-369-374-8</subfield>
    </datafield>
    <datafield tag="035" ind1=" " ind2=" ">
      <subfield code="a">bibBMK00015226</subfield>
    </datafield>
    <datafield tag="040" ind1=" " ind2=" ">
      <subfield code="a">BMK</subfield>
    </datafield>
    <datafield tag="041" ind1="1" ind2=" ">
      <subfield code="a">hun</subfield>
      <subfield code="h">ger</subfield>
    </datafield>
    <datafield tag="130" ind1="0" ind2=" ">
      <subfield code="a">1000 cocktails</subfield>
    </datafield>
    <datafield tag="245" ind1="0" ind2="0">
      <subfield code="a">1000 koktél a világ minden részéről :</subfield>
      <subfield code="b">hozzávalók, elkészités, diszités /</subfield>
      <subfield code="c">[... transl. M. Kovács Timea]</subfield>
    </datafield>
    <datafield tag="260" ind1=" " ind2=" ">
      <subfield code="a">Pécs :</subfield>
      <subfield code="b">Alexandra Kiadó,</subfield>
      <subfield code="c">2005</subfield>
    </datafield>
    <datafield tag="300" ind1=" " ind2=" ">
      <subfield code="a">336 p. :</subfield>
      <subfield code="b">ill. ;</subfield>
      <subfield code="c">30 cm</subfield>
    </datafield>
    <datafield tag="650" ind1=" " ind2="4">
      <subfield code="a">koktélok - receptek</subfield>
    </datafield>
    <datafield tag="852" ind1=" " ind2=" ">
      <subfield code="a">BCS1</subfield>
      <subfield code="b">BCS1/NKAM</subfield>
      <subfield code="x">bibBMK00015226</subfield>
    </datafield>
  </record>
  <record>
    <leader>01038nam  2200337 i 4500</leader>
    <controlfield tag="001">MOKKAN0004204838  </controlfield>
    <controlfield tag="005">20100709101654.0</controlfield>
    <controlfield tag="008">000211s2005    hu ao         001 0 hun d</controlfield>
    <datafield tag="020" ind1=" " ind2=" ">
      <subfield code="a">963-369-374-8 (kötött) :</subfield>
    </datafield>
    <datafield tag="035" ind1=" " ind2=" ">
      <subfield code="a">bibFSZ1225623</subfield>
    </datafield>
    <datafield tag="040" ind1=" " ind2=" ">
      <subfield code="a">DEENK</subfield>
    </datafield>
    <datafield tag="080" ind1=" " ind2="0">
      <subfield code="a">641.87(083.12)</subfield>
    </datafield>
    <datafield tag="130" ind1="0" ind2=" ">
      <subfield code="a">1000 Cocktails aus aller Welt</subfield>
      <subfield code="l">(magyar)</subfield>
    </datafield>
    <datafield tag="245" ind1="0" ind2="0">
      <subfield code="a">1000 koktél a világ minden részéről :</subfield>
      <subfield code="b">hozzávalók, elkészítés, díszítés</subfield>
    </datafield>
    <datafield tag="260" ind1=" " ind2=" ">
      <subfield code="a">Pécs :</subfield>
      <subfield code="b">Alexandra,</subfield>
      <subfield code="c">2005</subfield>
    </datafield>
    <datafield tag="300" ind1=" " ind2=" ">
      <subfield code="a">336 p. :</subfield>
      <subfield code="b">ill. ;</subfield>
      <subfield code="c">31 cm</subfield>
    </datafield>
    <datafield tag="500" ind1=" " ind2=" ">
      <subfield code="a">Szerk. Antje Breuer</subfield>
    </datafield>
    <datafield tag="500" ind1=" " ind2=" ">
      <subfield code="a">Ford. N. Kovács Tímea</subfield>
    </datafield>
    <datafield tag="650" ind1=" " ind2="4">
      <subfield code="a">Koktélok</subfield>
    </datafield>
    <datafield tag="650" ind1=" " ind2="0">
      <subfield code="a">Cocktails.</subfield>
    </datafield>
    <datafield tag="650" ind1=" " ind2="7">
      <subfield code="a">Ital</subfield>
      <subfield code="x">receptek</subfield>
      <subfield code="2">szte</subfield>
    </datafield>
    <datafield tag="650" ind1=" " ind2="4">
      <subfield code="a">koktél</subfield>
    </datafield>
    <datafield tag="650" ind1=" " ind2="7">
      <subfield code="a">Italok</subfield>
      <subfield code="x">receptek</subfield>
      <subfield code="2">szte</subfield>
    </datafield>
    <datafield tag="695" ind1=" " ind2=" ">
      <subfield code="a">Koktélok</subfield>
    </datafield>
    <datafield tag="700" ind1="1" ind2=" ">
      <subfield code="a">Breuer, Antje</subfield>
      <subfield code="4">szerk.</subfield>
    </datafield>
    <datafield tag="700" ind1="1" ind2=" ">
      <subfield code="a">Kovács Tímea, N.</subfield>
      <subfield code="4">ford.</subfield>
    </datafield>
    <datafield tag="852" ind1=" " ind2=" ">
      <subfield code="a">D1</subfield>
      <subfield code="b">D1</subfield>
      <subfield code="x">bibFSZ1225623</subfield>
    </datafield>
    <datafield tag="852" ind1=" " ind2=" ">
      <subfield code="a">SZ4</subfield>
      <subfield code="b">SZ4</subfield>
      <subfield code="x">bibFSZ1225623</subfield>
    </datafield>
    <datafield tag="852" ind1=" " ind2=" ">
      <subfield code="a">B10</subfield>
      <subfield code="b">B10</subfield>
      <subfield code="x">bibFSZ1225623</subfield>
    </datafield>
    <datafield tag="852" ind1=" " ind2=" ">
      <subfield code="a">SZO1</subfield>
      <subfield code="b">SZO1</subfield>
      <subfield code="x">150525422</subfield>
    </datafield>
    <datafield tag="852" ind1=" " ind2=" ">
      <subfield code="a">SZ1</subfield>
      <subfield code="b">SZ1/R3</subfield>
      <subfield code="x">bibFSZ1225623</subfield>
    </datafield>
  </record>
  <record>
    <leader>00623nam  2200193 i 4500</leader>
    <controlfield tag="001">MOKKAW0006081598  </controlfield>
    <controlfield tag="005">20080914213842.0</controlfield>
    <controlfield tag="008">060629s2005    hu            00010 hun d</controlfield>
    <datafield tag="020" ind1=" " ind2=" ">
      <subfield code="a">963-369-374-8</subfield>
    </datafield>
    <datafield tag="035" ind1=" " ind2=" ">
      <subfield code="a">bibBMK00015226</subfield>
    </datafield>
    <datafield tag="040" ind1=" " ind2=" ">
      <subfield code="a">BMK</subfield>
    </datafield>
    <datafield tag="041" ind1="1" ind2=" ">
      <subfield code="a">hun</subfield>
      <subfield code="h">ger</subfield>
    </datafield>
    <datafield tag="130" ind1="0" ind2=" ">
      <subfield code="a">1000 cocktails</subfield>
    </datafield>
    <datafield tag="245" ind1="0" ind2="0">
      <subfield code="a">1000 koktél a világ minden részéről :</subfield>
      <subfield code="b">hozzávalók, elkészités, diszités /</subfield>
      <subfield code="c">[... transl. M. Kovács Timea]</subfield>
    </datafield>
    <datafield tag="260" ind1=" " ind2=" ">
      <subfield code="a">Pécs :</subfield>
      <subfield code="b">Alexandra Kiadó,</subfield>
      <subfield code="c">2005</subfield>
    </datafield>
    <datafield tag="300" ind1=" " ind2=" ">
      <subfield code="a">336 p. :</subfield>
      <subfield code="b">ill. ;</subfield>
      <subfield code="c">30 cm</subfield>
    </datafield>
    <datafield tag="650" ind1=" " ind2="4">
      <subfield code="a">koktélok - receptek</subfield>
    </datafield>
    <datafield tag="700" ind1="2" ind2=" ">
      <subfield code="a">Kovács Timea, N.</subfield>
      <subfield code="4">ford.</subfield>
    </datafield>
    <datafield tag="852" ind1=" " ind2=" ">
      <subfield code="a">BCS1</subfield>
      <subfield code="b">BCS1/NKAM</subfield>
      <subfield code="x">bibBMK00015226</subfield>
    </datafield>
  </record>
  <record>
    <leader>00650cam  2200217 i 4500</leader>
    <controlfield tag="001">MOKKAN0004181794  </controlfield>
    <controlfield tag="005">20070314215516.0</controlfield>
    <controlfield tag="008">051107s2005    gw a          00010 ger d</controlfield>
    <datafield tag="020" ind1=" " ind2=" ">
      <subfield code="a">3 446 22712 1</subfield>
    </datafield>
    <datafield tag="035" ind1=" " ind2=" ">
      <subfield code="a">213291</subfield>
    </datafield>
    <datafield tag="040" ind1=" " ind2=" ">
      <subfield code="a">MEKLM</subfield>
    </datafield>
    <datafield tag="041" ind1="0" ind2=" ">
      <subfield code="a">ger</subfield>
    </datafield>
    <datafield tag="100" ind1="1" ind2=" ">
      <subfield code="a">Krahn, Heinrich</subfield>
    </datafield>
    <datafield tag="245" ind1="1" ind2="0">
      <subfield code="a">1000 Konstruktionsbeispiele für die Praxis /</subfield>
      <subfield code="c">Heinrich Krahn, Dieter Eh, Thomas Lauterbach</subfield>
    </datafield>
    <datafield tag="260" ind1=" " ind2=" ">
      <subfield code="a">München ;</subfield>
      <subfield code="b">Wien :</subfield>
      <subfield code="b">Hanser,</subfield>
      <subfield code="c">2005</subfield>
    </datafield>
    <datafield tag="300" ind1=" " ind2=" ">
      <subfield code="a">XXIII, 380 p. :</subfield>
      <subfield code="b">ill. ;</subfield>
      <subfield code="c">27 cm +</subfield>
      <subfield code="e">1 CD</subfield>
    </datafield>
    <datafield tag="504" ind1=" " ind2=" ">
      <subfield code="a">Bibliogr. p. 369-371.</subfield>
    </datafield>
    <datafield tag="650" ind1="0" ind2="4">
      <subfield code="a">készülékszerkesztés</subfield>
    </datafield>
    <datafield tag="700" ind1="1" ind2=" ">
      <subfield code="a">Lauterbach, Thomas</subfield>
    </datafield>
    <datafield tag="700" ind1="1" ind2=" ">
      <subfield code="a">Eh, Dieter</subfield>
    </datafield>
    <datafield tag="852" ind1=" " ind2=" ">
      <subfield code="a">M1</subfield>
      <subfield code="b">M1</subfield>
      <subfield code="x">213291</subfield>
    </datafield>
  </record>
  <record>
    <leader>01219nam  2200385 i 4500</leader>
    <controlfield tag="001">MOKKAS0002091317  </controlfield>
    <controlfield tag="005">20060617091150.0</controlfield>
    <controlfield tag="008">060202s2005    hu ar         00100 hun d</controlfield>
    <datafield tag="020" ind1=" " ind2=" ">
      <subfield code="a">963-369-208-3 (kötött)</subfield>
    </datafield>
    <datafield tag="035" ind1=" " ind2=" ">
      <subfield code="a">2595732</subfield>
    </datafield>
    <datafield tag="040" ind1=" " ind2=" ">
      <subfield code="a">OSZK</subfield>
    </datafield>
    <datafield tag="041" ind1="1" ind2=" ">
      <subfield code="a">hunhun</subfield>
      <subfield code="h">eng</subfield>
    </datafield>
    <datafield tag="100" ind1="1" ind2=" ">
      <subfield code="a">Griffiths, Amanda</subfield>
    </datafield>
    <datafield tag="240" ind1="1" ind2="0">
      <subfield code="a">One thousand sweaters</subfield>
      <subfield code="l">(magyar)</subfield>
    </datafield>
    <datafield tag="245" ind1="1" ind2="0">
      <subfield code="a">1000 kötött pulóver : </subfield>
      <subfield code="b">kombinálható elemekből kialakítható, divatos ruhadarabok /</subfield>
      <subfield code="c">Amanda Griffiths</subfield>
    </datafield>
    <datafield tag="260" ind1=" " ind2=" ">
      <subfield code="a">Pécs :</subfield>
      <subfield code="b">Alexandra,</subfield>
      <subfield code="c">2005</subfield>
    </datafield>
    <datafield tag="300" ind1=" " ind2=" ">
      <subfield code="a">128 p. :</subfield>
      <subfield code="b">ill., főként színes ;</subfield>
      <subfield code="c">29 cm</subfield>
    </datafield>
    <datafield tag="500" ind1=" " ind2=" ">
      <subfield code="a">Ford. Lakatos Anna</subfield>
    </datafield>
    <datafield tag="500" ind1=" " ind2=" ">
      <subfield code="a">Spirál fűzéssel</subfield>
    </datafield>
    <datafield tag="650" ind1="1" ind2="7">
      <subfield code="a">kézimunka</subfield>
      <subfield code="2">oszk</subfield>
    </datafield>
    <datafield tag="650" ind1="1" ind2="7">
      <subfield code="a">textilkötés</subfield>
      <subfield code="2">oszk</subfield>
    </datafield>
    <datafield tag="650" ind1=" " ind2="7">
      <subfield code="a">Kötés</subfield>
      <subfield code="x">kézi</subfield>
      <subfield code="2">szte</subfield>
    </datafield>
    <datafield tag="650" ind1=" " ind2="4">
      <subfield code="a">Kötés</subfield>
    </datafield>
    <datafield tag="650" ind1=" " ind2="4">
      <subfield code="a">Kézimunka</subfield>
    </datafield>
    <datafield tag="650" ind1=" " ind2="4">
      <subfield code="a">Kötés</subfield>
      <subfield code="x">kézikönyvek stb.</subfield>
    </datafield>
    <datafield tag="650" ind1=" " ind2="0">
      <subfield code="a">Knitting</subfield>
      <subfield code="x">Handbooks, manuals, etc.</subfield>
    </datafield>
    <datafield tag="650" ind1=" " ind2="4">
      <subfield code="a">textilkötés</subfield>
    </datafield>
    <datafield tag="700" ind1="1" ind2=" ">
      <subfield code="a">Lakatos Anna</subfield>
      <subfield code="4">(ford.)</subfield>
    </datafield>
    <datafield tag="852" ind1=" " ind2=" ">
      <subfield code="a">B1</subfield>
      <subfield code="b">B1</subfield>
      <subfield code="x">2595732</subfield>
    </datafield>
    <datafield tag="852" ind1=" " ind2=" ">
      <subfield code="a">SZ4</subfield>
      <subfield code="b">SZ4</subfield>
      <subfield code="x">bibSOK361476</subfield>
    </datafield>
    <datafield tag="852" ind1=" " ind2=" ">
      <subfield code="a">SZK1</subfield>
      <subfield code="b">SZK1</subfield>
      <subfield code="x">bibTMK161620</subfield>
    </datafield>
    <datafield tag="852" ind1=" " ind2=" ">
      <subfield code="a">D1</subfield>
      <subfield code="b">D1/P2</subfield>
      <subfield code="x">bibDEK00629007</subfield>
    </datafield>
    <datafield tag="852" ind1=" " ind2=" ">
      <subfield code="a">D1</subfield>
      <subfield code="b">D1</subfield>
      <subfield code="x">000002595732</subfield>
    </datafield>
    <datafield tag="852" ind1=" " ind2=" ">
      <subfield code="a">B10</subfield>
      <subfield code="b">B10</subfield>
      <subfield code="x">bibFSZ1188012</subfield>
    </datafield>
    <datafield tag="852" ind1=" " ind2=" ">
      <subfield code="a">SZO1</subfield>
      <subfield code="b">SZO1</subfield>
      <subfield code="x">150499579</subfield>
    </datafield>
  </record>
  <record>
    <leader>00589nama 22001691i 4500</leader>
    <controlfield tag="001">MOKKAS0000594250  </controlfield>
    <controlfield tag="005">20060118010448.0</controlfield>
    <controlfield tag="008">041001s1964    ua            000 0 ukrod</controlfield>
    <datafield tag="035" ind1=" " ind2=" ">
      <subfield code="a">1353071</subfield>
    </datafield>
    <datafield tag="040" ind1=" " ind2=" ">
      <subfield code="a">OSZK</subfield>
    </datafield>
    <datafield tag="041" ind1="0" ind2=" ">
      <subfield code="a">ukrukr</subfield>
    </datafield>
    <datafield tag="100" ind1="1" ind2=" ">
      <subfield code="a">Koval', Alla Petrovna</subfield>
    </datafield>
    <datafield tag="245" ind1="1" ind2="0">
      <subfield code="a">1000 krilatih virazìv ukraïnsʹkoï lìteraturnoï movi : </subfield>
      <subfield code="b">aforizmì, lìteraturnì citati odraznì virazi /</subfield>
      <subfield code="c">A. P. Kovalʹ, V. V. Koptilov</subfield>
    </datafield>
    <datafield tag="260" ind1=" " ind2=" ">
      <subfield code="a">Kiïv :</subfield>
      <subfield code="b">Naukova dumka,</subfield>
      <subfield code="c">1964</subfield>
    </datafield>
    <datafield tag="300" ind1=" " ind2=" ">
      <subfield code="a">670 p. ;</subfield>
      <subfield code="c">17 cm</subfield>
    </datafield>
    <datafield tag="700" ind1="1" ind2="0">
      <subfield code="a">Koptilov, Vìktor Vìktorovič</subfield>
      <subfield code="c">(cédulakatalógus alapján)</subfield>
    </datafield>
    <datafield tag="852" ind1=" " ind2=" ">
      <subfield code="a">B1</subfield>
      <subfield code="b">B1</subfield>
      <subfield code="x">1353071</subfield>
    </datafield>
  </record>
  <record>
    <leader>00656nama 22001811i 4500</leader>
    <controlfield tag="001">MOKKAS0000625000  </controlfield>
    <controlfield tag="005">20060118053943.0</controlfield>
    <controlfield tag="008">041001s1970    pl            000 0 polod</controlfield>
    <datafield tag="035" ind1=" " ind2=" ">
      <subfield code="a">1383875</subfield>
    </datafield>
    <datafield tag="040" ind1=" " ind2=" ">
      <subfield code="a">OSZK</subfield>
    </datafield>
    <datafield tag="041" ind1="0" ind2=" ">
      <subfield code="a">polpol</subfield>
    </datafield>
    <datafield tag="100" ind1="1" ind2=" ">
      <subfield code="a">Felczak, Wacław</subfield>
    </datafield>
    <datafield tag="245" ind1="1" ind2="0">
      <subfield code="a">1000 lat związków polsko-węgierskich : </subfield>
      <subfield code="b">pansnwowe zbiory sztuki na Wawelu w 25. rocznie powstania Węgierskej Republiki Ludowej /</subfield>
      <subfield code="c">[tekst Waclaw Felczak, fotogr. G. Holics et al.]</subfield>
    </datafield>
    <datafield tag="260" ind1=" " ind2=" ">
      <subfield code="a">[Kraków] :</subfield>
      <subfield code="b">[s.n.],</subfield>
      <subfield code="c">[1970]</subfield>
    </datafield>
    <datafield tag="300" ind1=" " ind2=" ">
      <subfield code="a">30 p. ;</subfield>
      <subfield code="c">21 cm</subfield>
    </datafield>
    <datafield tag="546" ind1=" " ind2=" ">
      <subfield code="a">Magyar nyelvű összefoglalással</subfield>
    </datafield>
    <datafield tag="700" ind1="1" ind2="0">
      <subfield code="a">Holics Gyula</subfield>
      <subfield code="c">(cédulakatalógus alapján)</subfield>
    </datafield>
    <datafield tag="852" ind1=" " ind2=" ">
      <subfield code="a">B1</subfield>
      <subfield code="b">B1</subfield>
      <subfield code="x">1383875</subfield>
    </datafield>
  </record>
  <record>
    <leader>01084nam  2200361 i 4500</leader>
    <controlfield tag="001">MOKKAN0004906834  </controlfield>
    <controlfield tag="005">20080413194229.0</controlfield>
    <controlfield tag="008">071020 2007    hu            00010 hun  </controlfield>
    <datafield tag="020" ind1=" " ind2=" ">
      <subfield code="a">978 963 370 230 7</subfield>
    </datafield>
    <datafield tag="035" ind1=" " ind2=" ">
      <subfield code="a">bibJAT00717851</subfield>
    </datafield>
    <datafield tag="040" ind1=" " ind2=" ">
      <subfield code="a">SZTE</subfield>
    </datafield>
    <datafield tag="130" ind1="0" ind2="0">
      <subfield code="a">1000 Flugzeuge</subfield>
      <subfield code="l">(magyar)</subfield>
    </datafield>
    <datafield tag="245" ind1="0" ind2="0">
      <subfield code="a">1000 légi jármű /</subfield>
      <subfield code="c">[összeáll. Rolf Berger ; ford. Punka György és Zsille Péter]</subfield>
    </datafield>
    <datafield tag="260" ind1=" " ind2=" ">
      <subfield code="a">Pécs :</subfield>
      <subfield code="b">Alexandra,</subfield>
      <subfield code="c">2007</subfield>
    </datafield>
    <datafield tag="300" ind1=" " ind2=" ">
      <subfield code="a">336 p. :</subfield>
      <subfield code="b">ill. ;</subfield>
      <subfield code="c">31 cm</subfield>
    </datafield>
    <datafield tag="504" ind1=" " ind2=" ">
      <subfield code="a">Bibliogr.: p. 334.</subfield>
    </datafield>
    <datafield tag="650" ind1=" " ind2="7">
      <subfield code="a">Repülőgép</subfield>
      <subfield code="x">lexikon</subfield>
      <subfield code="2">szte</subfield>
    </datafield>
    <datafield tag="650" ind1=" " ind2="4">
      <subfield code="a">Repülőgépek</subfield>
      <subfield code="x">történet</subfield>
    </datafield>
    <datafield tag="650" ind1=" " ind2="4">
      <subfield code="a">Járművek</subfield>
      <subfield code="x">történet</subfield>
    </datafield>
    <datafield tag="650" ind1=" " ind2="0">
      <subfield code="a">Airplanes</subfield>
      <subfield code="x">History.</subfield>
    </datafield>
    <datafield tag="650" ind1=" " ind2="0">
      <subfield code="a">Vehicles</subfield>
      <subfield code="x">History.</subfield>
    </datafield>
    <datafield tag="650" ind1=" " ind2="4">
      <subfield code="a">repülőgép</subfield>
    </datafield>
    <datafield tag="650" ind1=" " ind2="4">
      <subfield code="a">katonai repülőgép</subfield>
    </datafield>
    <datafield tag="650" ind1=" " ind2="4">
      <subfield code="a">közlekedéstörténet</subfield>
    </datafield>
    <datafield tag="650" ind1=" " ind2="4">
      <subfield code="a">repülő szerkezet</subfield>
    </datafield>
    <datafield tag="650" ind1=" " ind2="4">
      <subfield code="a">helikopter</subfield>
    </datafield>
    <datafield tag="650" ind1=" " ind2="4">
      <subfield code="a">album</subfield>
    </datafield>
    <datafield tag="700" ind1="1" ind2=" ">
      <subfield code="a">Berger, Rolf</subfield>
    </datafield>
    <datafield tag="700" ind1="1" ind2=" ">
      <subfield code="a">Punka György</subfield>
    </datafield>
    <datafield tag="700" ind1="1" ind2=" ">
      <subfield code="a">Zsille Péter</subfield>
    </datafield>
    <datafield tag="852" ind1=" " ind2=" ">
      <subfield code="a">SZ1</subfield>
      <subfield code="b">SZ1</subfield>
      <subfield code="x">bibJAT00717851</subfield>
    </datafield>
    <datafield tag="852" ind1=" " ind2=" ">
      <subfield code="a">D1</subfield>
      <subfield code="b">D108</subfield>
      <subfield code="x">MOKKAN0004906834</subfield>
    </datafield>
    <datafield tag="852" ind1=" " ind2=" ">
      <subfield code="a">GY1</subfield>
      <subfield code="b">GY1</subfield>
      <subfield code="x">KKMK1630797</subfield>
    </datafield>
  </record>
  <record>
    <leader>00676nam  2200229 i 4500</leader>
    <controlfield tag="001">MOKKAW0005170789  </controlfield>
    <controlfield tag="005">20080313124512.0</controlfield>
    <controlfield tag="008">071020s2007    hu a          00010 hun d</controlfield>
    <datafield tag="020" ind1=" " ind2=" ">
      <subfield code="a">978 963 370 230 7</subfield>
    </datafield>
    <datafield tag="035" ind1=" " ind2=" ">
      <subfield code="a">bibJPT00458230</subfield>
    </datafield>
    <datafield tag="040" ind1=" " ind2=" ">
      <subfield code="a">PTE</subfield>
    </datafield>
    <datafield tag="041" ind1="1" ind2=" ">
      <subfield code="a">hun</subfield>
      <subfield code="h">ger</subfield>
    </datafield>
    <datafield tag="240" ind1="1" ind2="0">
      <subfield code="a">1000 Flugzeuge</subfield>
      <subfield code="l">(magyar)</subfield>
    </datafield>
    <datafield tag="245" ind1="0" ind2="0">
      <subfield code="a">1000 légi jármű /</subfield>
      <subfield code="c">[ford. Punka György, Zsille Péter]</subfield>
    </datafield>
    <datafield tag="246" ind1="1" ind2="4">
      <subfield code="a">Minden idők leghíresebb légi járművei</subfield>
    </datafield>
    <datafield tag="260" ind1=" " ind2=" ">
      <subfield code="a">Pécs :</subfield>
      <subfield code="b">Alexandra,</subfield>
      <subfield code="c">2007</subfield>
    </datafield>
    <datafield tag="300" ind1=" " ind2=" ">
      <subfield code="a">336 p. :</subfield>
      <subfield code="b">ill. ;</subfield>
      <subfield code="c">31 cm</subfield>
    </datafield>
    <datafield tag="504" ind1=" " ind2=" ">
      <subfield code="a">Bibliogr.: p. 334-336. p.</subfield>
    </datafield>
    <datafield tag="695" ind1=" " ind2=" ">
      <subfield code="a">Repülőgép</subfield>
    </datafield>
    <datafield tag="700" ind1="1" ind2=" ">
      <subfield code="a">Punka György</subfield>
    </datafield>
    <datafield tag="700" ind1="1" ind2=" ">
      <subfield code="a">Zsille Péter</subfield>
    </datafield>
    <datafield tag="852" ind1=" " ind2=" ">
      <subfield code="a">P1</subfield>
      <subfield code="b">P1</subfield>
      <subfield code="x">bibJPT00458230</subfield>
    </datafield>
  </record>
  <record>
    <leader>00873nam  22003015p 4500</leader>
    <controlfield tag="001">MOKKAW0006008280  </controlfield>
    <controlfield tag="005">20080725183519.0</controlfield>
    <controlfield tag="008">071123s2007    hu                  hun d</controlfield>
    <datafield tag="020" ind1=" " ind2=" ">
      <subfield code="a">978 963 370 7</subfield>
    </datafield>
    <datafield tag="035" ind1=" " ind2=" ">
      <subfield code="a">714806</subfield>
    </datafield>
    <datafield tag="040" ind1=" " ind2=" ">
      <subfield code="a">KSHK</subfield>
    </datafield>
    <datafield tag="041" ind1="0" ind2=" ">
      <subfield code="a">hun</subfield>
    </datafield>
    <datafield tag="130" ind1="0" ind2="0">
      <subfield code="a">1000 Flugzeuge</subfield>
      <subfield code="l">magyar</subfield>
    </datafield>
    <datafield tag="245" ind1="0" ind2="0">
      <subfield code="a">1000 légi jármű /</subfield>
      <subfield code="c">[ford. Punka György és Zsille Péter]</subfield>
    </datafield>
    <datafield tag="260" ind1=" " ind2=" ">
      <subfield code="a">Pécs :</subfield>
      <subfield code="b">Alexandra,</subfield>
      <subfield code="c">2007</subfield>
    </datafield>
    <datafield tag="300" ind1=" " ind2=" ">
      <subfield code="a">336 p. :</subfield>
      <subfield code="b">ill., színes ;</subfield>
      <subfield code="c">31 cm</subfield>
    </datafield>
    <datafield tag="504" ind1=" " ind2=" ">
      <subfield code="a">Bibliogr.: p. 334.</subfield>
    </datafield>
    <datafield tag="534" ind1=" " ind2=" ">
      <subfield code="a">Az eredeti kiad. szerk. Rolf Berger</subfield>
    </datafield>
    <datafield tag="650" ind1=" " ind2="4">
      <subfield code="a">adatsor-járművek</subfield>
    </datafield>
    <datafield tag="653" ind1=" " ind2=" ">
      <subfield code="a">haditechnika</subfield>
    </datafield>
    <datafield tag="653" ind1=" " ind2=" ">
      <subfield code="a">hadtörténet</subfield>
    </datafield>
    <datafield tag="653" ind1=" " ind2=" ">
      <subfield code="a">járműgyártás</subfield>
    </datafield>
    <datafield tag="653" ind1=" " ind2=" ">
      <subfield code="a">légi közlekedés</subfield>
    </datafield>
    <datafield tag="653" ind1=" " ind2=" ">
      <subfield code="a">technikatörténet</subfield>
    </datafield>
    <datafield tag="700" ind1="1" ind2="0">
      <subfield code="a">Punka György</subfield>
      <subfield code="4">(ford.)</subfield>
    </datafield>
    <datafield tag="700" ind1="1" ind2="0">
      <subfield code="a">Zsille Péter</subfield>
      <subfield code="4">(ford.)</subfield>
    </datafield>
    <datafield tag="700" ind1="1" ind2="0">
      <subfield code="a">Berger, Rolf</subfield>
      <subfield code="4">(szerk.)</subfield>
    </datafield>
    <datafield tag="852" ind1=" " ind2=" ">
      <subfield code="a">B9</subfield>
      <subfield code="b">B9</subfield>
      <subfield code="x">714806</subfield>
    </datafield>
  </record>
  <record>
    <leader>00500nam  2200169 i 4500</leader>
    <controlfield tag="001">MOKKAN0004838644  </controlfield>
    <controlfield tag="005">20071013182112.0</controlfield>
    <controlfield tag="008">071009 2006    hu            00010 hun  </controlfield>
    <datafield tag="020" ind1=" " ind2=" ">
      <subfield code="a">963 9626 73 2</subfield>
    </datafield>
    <datafield tag="035" ind1=" " ind2=" ">
      <subfield code="a">bibJAT00716872</subfield>
    </datafield>
    <datafield tag="040" ind1=" " ind2=" ">
      <subfield code="a">SZTE</subfield>
    </datafield>
    <datafield tag="245" ind1="0" ind2="0">
      <subfield code="a">1000 legjobb receptem /</subfield>
      <subfield code="c">[szerk. Katonáné Menich Zsuzsa]</subfield>
    </datafield>
    <datafield tag="260" ind1=" " ind2=" ">
      <subfield code="a">Bp. :</subfield>
      <subfield code="b">Napraforgó,</subfield>
      <subfield code="c">[2006]</subfield>
    </datafield>
    <datafield tag="300" ind1=" " ind2=" ">
      <subfield code="a">352 p. :</subfield>
      <subfield code="b">ill. ;</subfield>
      <subfield code="c">27 cm</subfield>
    </datafield>
    <datafield tag="650" ind1=" " ind2="7">
      <subfield code="a">Szakácskönyv</subfield>
      <subfield code="2">szte</subfield>
    </datafield>
    <datafield tag="700" ind1="1" ind2=" ">
      <subfield code="a">Menich Zsuzsa, Katonáné</subfield>
    </datafield>
    <datafield tag="852" ind1=" " ind2=" ">
      <subfield code="a">SZ1</subfield>
      <subfield code="b">SZ1</subfield>
      <subfield code="x">bibJAT00716872</subfield>
    </datafield>
  </record>
  <record>
    <leader>00573nam  22002295p 4500</leader>
    <controlfield tag="001">MOKKAW0006008403  </controlfield>
    <controlfield tag="005">20080725183745.0</controlfield>
    <controlfield tag="008">071127s2007    hu                  hun d</controlfield>
    <datafield tag="020" ind1=" " ind2=" ">
      <subfield code="a">978 963 370 193 5</subfield>
    </datafield>
    <datafield tag="035" ind1=" " ind2=" ">
      <subfield code="a">715375</subfield>
    </datafield>
    <datafield tag="040" ind1=" " ind2=" ">
      <subfield code="a">KSHK</subfield>
    </datafield>
    <datafield tag="041" ind1="0" ind2=" ">
      <subfield code="a">hun</subfield>
    </datafield>
    <datafield tag="130" ind1="0" ind2="0">
      <subfield code="a">1000 Pferde</subfield>
      <subfield code="l">magyar</subfield>
    </datafield>
    <datafield tag="245" ind1="0" ind2="0">
      <subfield code="a">1000 lófajta</subfield>
    </datafield>
    <datafield tag="260" ind1=" " ind2=" ">
      <subfield code="a">Pécs :</subfield>
      <subfield code="b">Alexandra,</subfield>
      <subfield code="c">2007</subfield>
    </datafield>
    <datafield tag="300" ind1=" " ind2=" ">
      <subfield code="a">336 p. :</subfield>
      <subfield code="b">ill., főként színes ;</subfield>
      <subfield code="c">31 cm</subfield>
    </datafield>
    <datafield tag="653" ind1=" " ind2=" ">
      <subfield code="a">enciklopédia</subfield>
    </datafield>
    <datafield tag="653" ind1=" " ind2=" ">
      <subfield code="a">fotóalbum</subfield>
    </datafield>
    <datafield tag="653" ind1=" " ind2=" ">
      <subfield code="a">lovassport</subfield>
    </datafield>
    <datafield tag="653" ind1=" " ind2=" ">
      <subfield code="a">ló</subfield>
    </datafield>
    <datafield tag="653" ind1=" " ind2=" ">
      <subfield code="a">állattenyésztés</subfield>
    </datafield>
    <datafield tag="852" ind1=" " ind2=" ">
      <subfield code="a">B9</subfield>
      <subfield code="b">B9</subfield>
      <subfield code="x">715375</subfield>
    </datafield>
  </record>
  <record>
    <leader>00807nam  2200277 i 4500</leader>
    <controlfield tag="001">MOKKAW0005227824ab</controlfield>
    <controlfield tag="005">20080409104210.0</controlfield>
    <controlfield tag="008">071129 2007    hu            000 0 hun  </controlfield>
    <datafield tag="020" ind1=" " ind2=" ">
      <subfield code="a">978 963 370 193 5</subfield>
    </datafield>
    <datafield tag="020" ind1=" " ind2=" ">
      <subfield code="a">963 7294 55 4</subfield>
    </datafield>
    <datafield tag="035" ind1=" " ind2=" ">
      <subfield code="a">bibJAT00720187</subfield>
    </datafield>
    <datafield tag="040" ind1=" " ind2=" ">
      <subfield code="a">SZTE</subfield>
    </datafield>
    <datafield tag="041" ind1=" " ind2=" ">
      <subfield code="a">hun</subfield>
      <subfield code="h">ger</subfield>
    </datafield>
    <datafield tag="130" ind1="0" ind2="0">
      <subfield code="a">1000 Pferde</subfield>
      <subfield code="l">(magyar)</subfield>
    </datafield>
    <datafield tag="245" ind1="0" ind2="0">
      <subfield code="a">1000 lófajta :</subfield>
      <subfield code="b">a világ lófajtái, lótartás, lovaglás /</subfield>
      <subfield code="c">[ford. Haynal Katalin]</subfield>
    </datafield>
    <datafield tag="260" ind1=" " ind2=" ">
      <subfield code="a">Pécs :</subfield>
      <subfield code="b">Alexandra,</subfield>
      <subfield code="c">2007</subfield>
    </datafield>
    <datafield tag="300" ind1=" " ind2=" ">
      <subfield code="a">336 p. :</subfield>
      <subfield code="b">ill. ;</subfield>
      <subfield code="c">31 cm</subfield>
    </datafield>
    <datafield tag="650" ind1=" " ind2="7">
      <subfield code="a">Ló</subfield>
      <subfield code="x">határozó</subfield>
      <subfield code="2">szte</subfield>
    </datafield>
    <datafield tag="695" ind1=" " ind2=" ">
      <subfield code="a">Lovak</subfield>
    </datafield>
    <datafield tag="695" ind1=" " ind2=" ">
      <subfield code="a">Ló</subfield>
    </datafield>
    <datafield tag="695" ind1=" " ind2=" ">
      <subfield code="a">Állattartás</subfield>
    </datafield>
    <datafield tag="695" ind1=" " ind2=" ">
      <subfield code="a">LOvaglás</subfield>
    </datafield>
    <datafield tag="700" ind1="1" ind2=" ">
      <subfield code="a">Haynal Katalin</subfield>
    </datafield>
    <datafield tag="852" ind1=" " ind2=" ">
      <subfield code="a">SZ1</subfield>
      <subfield code="b">SZ1/133</subfield>
      <subfield code="x">bibJAT662833</subfield>
    </datafield>
    <datafield tag="852" ind1=" " ind2=" ">
      <subfield code="a">SZ1</subfield>
      <subfield code="b">SZ1/L4</subfield>
      <subfield code="b">SZ1/133</subfield>
      <subfield code="x">bibJAT00720187</subfield>
    </datafield>
    <datafield tag="852" ind1=" " ind2=" ">
      <subfield code="a">P1</subfield>
      <subfield code="b">P1/FK</subfield>
      <subfield code="x">bibJPT00450396</subfield>
    </datafield>
  </record>
  <record>
    <leader>00550nam  2200181 i 4500</leader>
    <controlfield tag="001">MOKKAW0005794816  </controlfield>
    <controlfield tag="005">20080419011423.0</controlfield>
    <controlfield tag="008">040713s2004    de            000 0 ger d</controlfield>
    <datafield tag="020" ind1=" " ind2=" ">
      <subfield code="a">3-625-10541-1</subfield>
    </datafield>
    <datafield tag="035" ind1=" " ind2=" ">
      <subfield code="a">BMEOMIKK000458720</subfield>
    </datafield>
    <datafield tag="040" ind1=" " ind2=" ">
      <subfield code="a">BMEOMIKK</subfield>
    </datafield>
    <datafield tag="041" ind1="0" ind2=" ">
      <subfield code="a">ger</subfield>
    </datafield>
    <datafield tag="100" ind1="1" ind2=" ">
      <subfield code="a">Eckert, Klaus</subfield>
    </datafield>
    <datafield tag="245" ind1="1" ind2="0">
      <subfield code="a">1000 Lokomotiven : </subfield>
      <subfield code="b">Geschichte, Klassiker, Technik /</subfield>
      <subfield code="c">[Autoren Klaus Eckert und Torsten Berndt]</subfield>
    </datafield>
    <datafield tag="260" ind1=" " ind2=" ">
      <subfield code="a">Köln :</subfield>
      <subfield code="b">Naumann &amp; Göbel,</subfield>
      <subfield code="c">[2004]</subfield>
    </datafield>
    <datafield tag="300" ind1=" " ind2=" ">
      <subfield code="a">360 p. ;</subfield>
      <subfield code="c">31 cm</subfield>
    </datafield>
    <datafield tag="700" ind1="1" ind2="0">
      <subfield code="a">Berndt, Torsten</subfield>
    </datafield>
    <datafield tag="852" ind1=" " ind2=" ">
      <subfield code="a">B11</subfield>
      <subfield code="b">B11</subfield>
      <subfield code="x">BMEOMIKK000458720</subfield>
    </datafield>
  </record>
  <record>
    <leader>00919nmm  2200265   4500</leader>
    <controlfield tag="001">MOKKAZ0004758550  </controlfield>
    <controlfield tag="005">20070404200141.0</controlfield>
    <controlfield tag="006">m                 </controlfield>
    <controlfield tag="008">021122s2003                        ger d</controlfield>
    <datafield tag="020" ind1=" " ind2=" ">
      <subfield code="a">3-932544-96-X</subfield>
    </datafield>
    <datafield tag="035" ind1=" " ind2=" ">
      <subfield code="a">bibFSZ997167</subfield>
    </datafield>
    <datafield tag="040" ind1=" " ind2=" ">
      <subfield code="a">FSZEK</subfield>
    </datafield>
    <datafield tag="245" ind1="0" ind2="0">
      <subfield code="a">1000 Märchen und Sagen, die jeder haben muss</subfield>
      <subfield code="h">[Elektronikus dokumentum] :</subfield>
      <subfield code="b">Digitale Bibliothek Sonderband</subfield>
    </datafield>
    <datafield tag="256" ind1=" " ind2=" ">
      <subfield code="a">Szöveges adatbázis</subfield>
    </datafield>
    <datafield tag="260" ind1=" " ind2=" ">
      <subfield code="a">Berlin :</subfield>
      <subfield code="b">Directmedia Publishing GmbH,</subfield>
      <subfield code="c">cop. 2003</subfield>
    </datafield>
    <datafield tag="300" ind1=" " ind2=" ">
      <subfield code="a">1 CD-ROM ;</subfield>
      <subfield code="c">12 cm</subfield>
    </datafield>
    <datafield tag="490" ind1="1" ind2=" ">
      <subfield code="a">(Wissen kompakt : klicken, stauen, wissen!)</subfield>
    </datafield>
    <datafield tag="538" ind1=" " ind2=" ">
      <subfield code="a">Működési követelmények: IBM PC 486; 16 MB RAM; CD-ROM olvasó; grafikuskártya (640x480, 256 szín); Windows 95/98/ME/NT/2000/XP</subfield>
    </datafield>
    <datafield tag="695" ind1=" " ind2="1">
      <subfield code="a">német irodalom</subfield>
    </datafield>
    <datafield tag="695" ind1=" " ind2="1">
      <subfield code="a">antológia</subfield>
    </datafield>
    <datafield tag="695" ind1=" " ind2="1">
      <subfield code="a">mese</subfield>
    </datafield>
    <datafield tag="695" ind1=" " ind2="1">
      <subfield code="a">monda</subfield>
    </datafield>
    <datafield tag="695" ind1=" " ind2="1">
      <subfield code="a">életrajz</subfield>
    </datafield>
    <datafield tag="830" ind1=" " ind2="0">
      <subfield code="a">Wissen kompakt</subfield>
    </datafield>
    <datafield tag="852" ind1=" " ind2=" ">
      <subfield code="a">B10</subfield>
      <subfield code="b">B10</subfield>
      <subfield code="x">bibFSZ997167</subfield>
    </datafield>
  </record>
  <record>
    <leader>01716nam  2200505 i 4500</leader>
    <controlfield tag="001">MOKKAN0004832331  </controlfield>
    <controlfield tag="005">20091126185737.0</controlfield>
    <controlfield tag="008">071121s2007    hu ar         00100 hun d</controlfield>
    <datafield tag="020" ind1=" " ind2=" ">
      <subfield code="a">978-963-368-922-6 (kötött)</subfield>
    </datafield>
    <datafield tag="035" ind1=" " ind2=" ">
      <subfield code="a">2689538</subfield>
    </datafield>
    <datafield tag="040" ind1=" " ind2=" ">
      <subfield code="a">OSZK</subfield>
      <subfield code="d">OSZK</subfield>
    </datafield>
    <datafield tag="041" ind1="1" ind2=" ">
      <subfield code="a">hunhun</subfield>
      <subfield code="h">ger</subfield>
    </datafield>
    <datafield tag="080" ind1=" " ind2=" ">
      <subfield code="a">621.869.4(100)</subfield>
    </datafield>
    <datafield tag="080" ind1=" " ind2=" ">
      <subfield code="a">69.002.5(100)(091)</subfield>
    </datafield>
    <datafield tag="080" ind1=" " ind2=" ">
      <subfield code="a">629.1-4</subfield>
    </datafield>
    <datafield tag="130" ind1="0" ind2="0">
      <subfield code="a">1000 Bagger und andere Baumaschinen</subfield>
      <subfield code="l">magyar</subfield>
    </datafield>
    <datafield tag="245" ind1="1" ind2="0">
      <subfield code="a">1000 markológép és más építőgépek /</subfield>
      <subfield code="c">[szerzők Willi Dolder et al.]</subfield>
    </datafield>
    <datafield tag="260" ind1=" " ind2=" ">
      <subfield code="a">Pécs :</subfield>
      <subfield code="b">Alexandra,</subfield>
      <subfield code="c">2007</subfield>
    </datafield>
    <datafield tag="300" ind1=" " ind2=" ">
      <subfield code="a">336 p. :</subfield>
      <subfield code="b">ill., főként színes ;</subfield>
      <subfield code="c">31 cm</subfield>
    </datafield>
    <datafield tag="500" ind1=" " ind2=" ">
      <subfield code="a">Ford. Szabó Veronika</subfield>
    </datafield>
    <datafield tag="650" ind1="1" ind2="7">
      <subfield code="a">erőgép</subfield>
      <subfield code="2">oszk</subfield>
    </datafield>
    <datafield tag="650" ind1="1" ind2="7">
      <subfield code="a">markoló</subfield>
      <subfield code="2">oszk</subfield>
    </datafield>
    <datafield tag="650" ind1=" " ind2="7">
      <subfield code="a">Építőipari gépek</subfield>
      <subfield code="2">szte</subfield>
    </datafield>
    <datafield tag="650" ind1=" " ind2="7">
      <subfield code="a">Gépek</subfield>
      <subfield code="x">építőipari</subfield>
      <subfield code="x">képekkel</subfield>
      <subfield code="2">szte</subfield>
    </datafield>
    <datafield tag="650" ind1=" " ind2="7">
      <subfield code="a">Építőipar</subfield>
      <subfield code="x">gépesítés</subfield>
      <subfield code="x">képekkel</subfield>
      <subfield code="2">szte</subfield>
    </datafield>
    <datafield tag="650" ind1=" " ind2=" ">
      <subfield code="a">Építőipari gépek</subfield>
    </datafield>
    <datafield tag="650" ind1=" " ind2=" ">
      <subfield code="a">Építőipar</subfield>
      <subfield code="x">felszerelés és eszközállomány</subfield>
    </datafield>
    <datafield tag="650" ind1=" " ind2=" ">
      <subfield code="a">Construction industry</subfield>
      <subfield code="x">Equipment and supplies</subfield>
    </datafield>
    <datafield tag="650" ind1=" " ind2="4">
      <subfield code="a">Építőipar</subfield>
      <subfield code="x">felszerelés és eszközállomány</subfield>
    </datafield>
    <datafield tag="650" ind1=" " ind2="0">
      <subfield code="a">Construction industry</subfield>
      <subfield code="x">Equipment and supplies.</subfield>
    </datafield>
    <datafield tag="650" ind1=" " ind2="4">
      <subfield code="a">album</subfield>
    </datafield>
    <datafield tag="650" ind1=" " ind2="4">
      <subfield code="a">erőgép</subfield>
    </datafield>
    <datafield tag="650" ind1=" " ind2="4">
      <subfield code="a">markoló</subfield>
    </datafield>
    <datafield tag="650" ind1=" " ind2="4">
      <subfield code="a">technikatörténet</subfield>
    </datafield>
    <datafield tag="650" ind1=" " ind2="4">
      <subfield code="a">építőipari berendezés</subfield>
    </datafield>
    <datafield tag="700" ind1="1" ind2=" ">
      <subfield code="a">Dolder, Willi</subfield>
      <subfield code="4">(közrem.)</subfield>
    </datafield>
    <datafield tag="700" ind1="1" ind2=" ">
      <subfield code="a">Szabó Veronika</subfield>
      <subfield code="4">(ford.)</subfield>
    </datafield>
    <datafield tag="852" ind1=" " ind2=" ">
      <subfield code="a">B1</subfield>
      <subfield code="b">B1</subfield>
      <subfield code="x">2689538</subfield>
    </datafield>
    <datafield tag="852" ind1=" " ind2=" ">
      <subfield code="a">SZ4</subfield>
      <subfield code="b">SZ4/K0</subfield>
      <subfield code="x">bibSOK00423966</subfield>
    </datafield>
    <datafield tag="852" ind1=" " ind2=" ">
      <subfield code="a">SZ1</subfield>
      <subfield code="b">SZ1/K4</subfield>
      <subfield code="x">bibJAT00716256</subfield>
    </datafield>
    <datafield tag="852" ind1=" " ind2=" ">
      <subfield code="a">P1</subfield>
      <subfield code="b">P1</subfield>
      <subfield code="x">bibJPT00461187</subfield>
    </datafield>
    <datafield tag="852" ind1=" " ind2=" ">
      <subfield code="a">B10</subfield>
      <subfield code="b">B10</subfield>
      <subfield code="x">bibFSZ01379925</subfield>
    </datafield>
    <datafield tag="852" ind1=" " ind2=" ">
      <subfield code="a">D1</subfield>
      <subfield code="B">HBO8</subfield>
      <subfield code="b">D108</subfield>
      <subfield code="x">MOKKAN0004832331</subfield>
    </datafield>
    <datafield tag="852" ind1=" " ind2=" ">
      <subfield code="a">B10</subfield>
      <subfield code="b">0801</subfield>
      <subfield code="x">bibFSZ00008185</subfield>
    </datafield>
    <datafield tag="852" ind1=" " ind2=" ">
      <subfield code="a">SZO1</subfield>
      <subfield code="b">SZO1</subfield>
      <subfield code="x">150614929</subfield>
    </datafield>
  </record>
  <record>
    <leader>00340cam  22001217  4500</leader>
    <controlfield tag="001">MOKKAZ0004503021  </controlfield>
    <controlfield tag="005">20040910074623.0</controlfield>
    <controlfield tag="008">      s1953                        und d</controlfield>
    <datafield tag="035" ind1=" " ind2=" ">
      <subfield code="a">bibFSZ00349237</subfield>
    </datafield>
    <datafield tag="040" ind1=" " ind2=" ">
      <subfield code="a">FSZEK</subfield>
    </datafield>
    <datafield tag="245" ind1="0" ind2="0">
      <subfield code="a">1000 Meilen im Rentierschlitten /</subfield>
      <subfield code="c">Erich Wustmann</subfield>
    </datafield>
    <datafield tag="260" ind1=" " ind2=" ">
      <subfield code="a">[S.l.] :</subfield>
      <subfield code="b">[S.n.],</subfield>
      <subfield code="c">1953</subfield>
    </datafield>
    <datafield tag="852" ind1=" " ind2=" ">
      <subfield code="a">B10</subfield>
      <subfield code="b">0801</subfield>
      <subfield code="x">bibFSZ00349237</subfield>
    </datafield>
  </record>
  <record>
    <leader>00347nam  2200133 i 4500</leader>
    <controlfield tag="001">MOKKAS0003534039  </controlfield>
    <controlfield tag="005">20060606042605.0</controlfield>
    <controlfield tag="008">050714s1969                            d</controlfield>
    <datafield tag="035" ind1=" " ind2=" ">
      <subfield code="a">638182</subfield>
    </datafield>
    <datafield tag="040" ind1=" " ind2=" ">
      <subfield code="a">OIK</subfield>
    </datafield>
    <datafield tag="100" ind1="1" ind2=" ">
      <subfield code="a">Wustmann, Erich</subfield>
      <subfield code="d">(1907-)</subfield>
    </datafield>
    <datafield tag="245" ind1="1" ind2="0">
      <subfield code="a">1000 meilen im rentierschlitten</subfield>
    </datafield>
    <datafield tag="260" ind1=" " ind2=" ">
      <subfield code="a">Radebeul :</subfield>
      <subfield code="b">Neumann,</subfield>
      <subfield code="c">1969</subfield>
    </datafield>
    <datafield tag="852" ind1=" " ind2=" ">
      <subfield code="a">B14</subfield>
      <subfield code="b">B14</subfield>
      <subfield code="x">638182</subfield>
    </datafield>
  </record>
  <record>
    <leader>01251nam  2200385 i 4500</leader>
    <controlfield tag="001">MOKKAN0004209669  </controlfield>
    <controlfield tag="005">20091127031022.0</controlfield>
    <controlfield tag="008">061201s2006    hu a          00000 hun d</controlfield>
    <datafield tag="020" ind1=" " ind2=" ">
      <subfield code="a">978-963-9552-75-3 (fűzött) :</subfield>
    </datafield>
    <datafield tag="020" ind1=" " ind2=" ">
      <subfield code="a">963-9552-75-5</subfield>
    </datafield>
    <datafield tag="020" ind1=" " ind2=" ">
      <subfield code="a">978 963 9552 75 3</subfield>
    </datafield>
    <datafield tag="020" ind1=" " ind2=" ">
      <subfield code="a">963 9552 75 5</subfield>
    </datafield>
    <datafield tag="035" ind1=" " ind2=" ">
      <subfield code="a">000002634214</subfield>
    </datafield>
    <datafield tag="040" ind1=" " ind2=" ">
      <subfield code="a">DEENK</subfield>
    </datafield>
    <datafield tag="041" ind1="1" ind2=" ">
      <subfield code="a">hun</subfield>
      <subfield code="h">ger</subfield>
    </datafield>
    <datafield tag="100" ind1="1" ind2=" ">
      <subfield code="a">Stukenbrock, Christiane</subfield>
    </datafield>
    <datafield tag="240" ind1="1" ind2="0">
      <subfield code="a">1000 Meisterwerke der europäischen Malerei</subfield>
      <subfield code="l">(magyar)</subfield>
    </datafield>
    <datafield tag="245" ind1="1" ind2="0">
      <subfield code="a">1000 mestermű :</subfield>
      <subfield code="b">európai festészet 1300-tól 1850-ig /</subfield>
      <subfield code="c">Christiane Stukenbrock és Barbara Töpper</subfield>
    </datafield>
    <datafield tag="260" ind1=" " ind2=" ">
      <subfield code="a">Budapest :</subfield>
      <subfield code="b">Vince K.,</subfield>
      <subfield code="c">2006</subfield>
    </datafield>
    <datafield tag="300" ind1=" " ind2=" ">
      <subfield code="a">1007 p. :</subfield>
      <subfield code="b">ill., színes ;</subfield>
      <subfield code="c">17 cm</subfield>
    </datafield>
    <datafield tag="500" ind1=" " ind2=" ">
      <subfield code="a">Ford. Béresi Csilla</subfield>
    </datafield>
    <datafield tag="650" ind1=" " ind2="4">
      <subfield code="a">Festészet, európai</subfield>
    </datafield>
    <datafield tag="650" ind1=" " ind2="0">
      <subfield code="a">Painting, European.</subfield>
    </datafield>
    <datafield tag="650" ind1=" " ind2="7">
      <subfield code="a">Festészet</subfield>
      <subfield code="x">Európa</subfield>
      <subfield code="y">14-19. sz.</subfield>
      <subfield code="2">szte</subfield>
    </datafield>
    <datafield tag="650" ind1=" " ind2="4">
      <subfield code="a">festmény</subfield>
    </datafield>
    <datafield tag="650" ind1=" " ind2="4">
      <subfield code="a">festészet</subfield>
    </datafield>
    <datafield tag="650" ind1=" " ind2="4">
      <subfield code="a">festőművész</subfield>
    </datafield>
    <datafield tag="650" ind1=" " ind2="4">
      <subfield code="a">műelemzés</subfield>
    </datafield>
    <datafield tag="650" ind1=" " ind2="4">
      <subfield code="a">művészettörténet</subfield>
    </datafield>
    <datafield tag="695" ind1=" " ind2=" ">
      <subfield code="a">Európai festészet története</subfield>
    </datafield>
    <datafield tag="700" ind1="1" ind2=" ">
      <subfield code="a">Töpper, Barbara</subfield>
    </datafield>
    <datafield tag="700" ind1="1" ind2=" ">
      <subfield code="a">Béresi Csilla</subfield>
      <subfield code="d">(1951-)</subfield>
      <subfield code="4">ford.</subfield>
    </datafield>
    <datafield tag="852" ind1=" " ind2=" ">
      <subfield code="a">SZ1</subfield>
      <subfield code="b">SZ10/GYAK</subfield>
      <subfield code="b">SZ1/S1</subfield>
      <subfield code="x">MOKKAN0004209669</subfield>
    </datafield>
    <datafield tag="852" ind1=" " ind2=" ">
      <subfield code="a">D1</subfield>
      <subfield code="b">D1</subfield>
      <subfield code="x">000002634214</subfield>
    </datafield>
    <datafield tag="852" ind1=" " ind2=" ">
      <subfield code="a">SZO1</subfield>
      <subfield code="b">SZO1</subfield>
      <subfield code="x">150641757</subfield>
    </datafield>
  </record>
  <record>
    <leader>00841nam  2200229 i 4500</leader>
    <controlfield tag="001">MOKKAW0005109094  </controlfield>
    <controlfield tag="005">20090616094803.0</controlfield>
    <controlfield tag="008">070413s2007    hu a          00100 eng e</controlfield>
    <datafield tag="020" ind1=" " ind2=" ">
      <subfield code="a">978-963-9750-08-1 (kötött)</subfield>
    </datafield>
    <datafield tag="035" ind1=" " ind2=" ">
      <subfield code="a">bibSOK00427498</subfield>
    </datafield>
    <datafield tag="040" ind1=" " ind2=" ">
      <subfield code="a">SK</subfield>
    </datafield>
    <datafield tag="041" ind1=" " ind2=" ">
      <subfield code="a">enggerfrespahun</subfield>
    </datafield>
    <datafield tag="080" ind1=" " ind2=" ">
      <subfield code="a">794.1</subfield>
    </datafield>
    <datafield tag="100" ind1="1" ind2=" ">
      <subfield code="a">Pintér József</subfield>
    </datafield>
    <datafield tag="245" ind1="1" ind2="0">
      <subfield code="a">1000 minor piece endings =</subfield>
      <subfield code="b">1000 Endspiele mit leichten Figuren = 1000 finales des pieces legeres = 1000 finales de piezas menores = 1000 könnyűtiszt végjáték /</subfield>
      <subfield code="c">József Pintér</subfield>
    </datafield>
    <datafield tag="260" ind1=" " ind2=" ">
      <subfield code="a">Budapest :</subfield>
      <subfield code="b">Magyar Sakkvilág,</subfield>
      <subfield code="c">2007</subfield>
    </datafield>
    <datafield tag="300" ind1=" " ind2=" ">
      <subfield code="a">548 p. :</subfield>
      <subfield code="b">ill. ;</subfield>
      <subfield code="c">22 cm</subfield>
    </datafield>
    <datafield tag="490" ind1="1" ind2=" ">
      <subfield code="a">(Magyar Sakkvilág könyvei,</subfield>
      <subfield code="x">1787-3568 ;</subfield>
      <subfield code="v">9.)</subfield>
    </datafield>
    <datafield tag="650" ind1=" " ind2="7">
      <subfield code="a">Sakk</subfield>
      <subfield code="x">végjátékok</subfield>
      <subfield code="2">szte</subfield>
    </datafield>
    <datafield tag="830" ind1=" " ind2="2">
      <subfield code="a">A Magyar Sakkvilág könyvei</subfield>
    </datafield>
    <datafield tag="852" ind1=" " ind2=" ">
      <subfield code="a">SZ4</subfield>
      <subfield code="b">SZ4/K2</subfield>
      <subfield code="x">bibSOK00427498</subfield>
    </datafield>
    <datafield tag="852" ind1=" " ind2=" ">
      <subfield code="a">D1</subfield>
      <subfield code="x">bibDEK00740946</subfield>
    </datafield>
  </record>
  <record>
    <leader>00503nam  2200181 i 4500</leader>
    <controlfield tag="001">MOKKAZ0006307433  </controlfield>
    <controlfield tag="005">20040915190619.0</controlfield>
    <controlfield tag="008">930608s1992    hu            000 0 hun d</controlfield>
    <datafield tag="020" ind1=" " ind2=" ">
      <subfield code="a">963-450-033-1 (fűzött)</subfield>
    </datafield>
    <datafield tag="035" ind1=" " ind2=" ">
      <subfield code="a">37170</subfield>
    </datafield>
    <datafield tag="040" ind1=" " ind2=" ">
      <subfield code="a">OSZK</subfield>
    </datafield>
    <datafield tag="041" ind1="0" ind2=" ">
      <subfield code="a">hungerhunger</subfield>
    </datafield>
    <datafield tag="072" ind1=" " ind2="1">
      <subfield code="a">L</subfield>
    </datafield>
    <datafield tag="100" ind1="1" ind2=" ">
      <subfield code="a">Ujj András</subfield>
    </datafield>
    <datafield tag="245" ind1="1" ind2="0">
      <subfield code="a">1000 mondat németül /</subfield>
      <subfield code="c">Ujj András</subfield>
    </datafield>
    <datafield tag="260" ind1=" " ind2=" ">
      <subfield code="a">[Sopron] :</subfield>
      <subfield code="b">Szerző,</subfield>
      <subfield code="c">1992</subfield>
      <subfield code="e">(Sopron</subfield>
      <subfield code="f">S&amp;S)</subfield>
      <subfield code="e">(Szombathely</subfield>
      <subfield code="f">Szignatúra Kft.)</subfield>
    </datafield>
    <datafield tag="300" ind1=" " ind2=" ">
      <subfield code="a">62 p. ;</subfield>
      <subfield code="c">24 cm</subfield>
    </datafield>
    <datafield tag="852" ind1=" " ind2=" ">
      <subfield code="a">B1</subfield>
      <subfield code="b">B1</subfield>
      <subfield code="x">37170</subfield>
    </datafield>
  </record>
  <record>
    <leader>00543nam  2200205 i 4500</leader>
    <controlfield tag="001">MOKKAS0001346182  </controlfield>
    <controlfield tag="005">20060113000906.0</controlfield>
    <controlfield tag="008">      s1992    hu            00010 hun d</controlfield>
    <datafield tag="020" ind1=" " ind2=" ">
      <subfield code="a">963-450-033-1* (fűzött) :</subfield>
      <subfield code="c">150,- Ft</subfield>
    </datafield>
    <datafield tag="035" ind1=" " ind2=" ">
      <subfield code="a">bibRFK00054898</subfield>
    </datafield>
    <datafield tag="040" ind1=" " ind2=" ">
      <subfield code="a">RFMK</subfield>
    </datafield>
    <datafield tag="041" ind1=" " ind2=" ">
      <subfield code="a">hunger</subfield>
    </datafield>
    <datafield tag="100" ind1="1" ind2=" ">
      <subfield code="a">Ujj András</subfield>
    </datafield>
    <datafield tag="245" ind1="1" ind2="0">
      <subfield code="a">1000 mondat németül /</subfield>
      <subfield code="c">Ujj András</subfield>
    </datafield>
    <datafield tag="260" ind1=" " ind2=" ">
      <subfield code="a">[Sopron] :</subfield>
      <subfield code="b">Ujj András,</subfield>
      <subfield code="c">1992</subfield>
    </datafield>
    <datafield tag="300" ind1=" " ind2=" ">
      <subfield code="a">62 p. ;</subfield>
      <subfield code="c">24 cm</subfield>
    </datafield>
    <datafield tag="500" ind1=" " ind2=" ">
      <subfield code="a">r</subfield>
    </datafield>
    <datafield tag="650" ind1=" " ind2="4">
      <subfield code="a">német nyelv</subfield>
    </datafield>
    <datafield tag="650" ind1=" " ind2="4">
      <subfield code="a">nyelvkönyvek</subfield>
    </datafield>
    <datafield tag="852" ind1=" " ind2=" ">
      <subfield code="a">M2</subfield>
      <subfield code="b">M2</subfield>
      <subfield code="x">bibRFK00054898</subfield>
    </datafield>
  </record>
  <record>
    <leader>00814cam  2200253 i 4500</leader>
    <controlfield tag="001">MOKKAZ0003221347  </controlfield>
    <controlfield tag="005">20100318115911.0</controlfield>
    <controlfield tag="008">      s1992    hu                  hun d</controlfield>
    <datafield tag="035" ind1=" " ind2=" ">
      <subfield code="a">ISISIIF0003527</subfield>
    </datafield>
    <datafield tag="040" ind1=" " ind2=" ">
      <subfield code="a">DEENK</subfield>
    </datafield>
    <datafield tag="041" ind1=" " ind2=" ">
      <subfield code="a">hunger</subfield>
    </datafield>
    <datafield tag="080" ind1=" " ind2=" ">
      <subfield code="a">803.0-07(076.1)</subfield>
    </datafield>
    <datafield tag="080" ind1=" " ind2=" ">
      <subfield code="a">803.0-56</subfield>
    </datafield>
    <datafield tag="100" ind1="1" ind2=" ">
      <subfield code="a">Ujj András</subfield>
    </datafield>
    <datafield tag="245" ind1="1" ind2="0">
      <subfield code="a">1000 mondat németül /</subfield>
      <subfield code="c">Ujj András</subfield>
    </datafield>
    <datafield tag="250" ind1=" " ind2=" ">
      <subfield code="a">2.átd. kiad.</subfield>
    </datafield>
    <datafield tag="260" ind1=" " ind2=" ">
      <subfield code="a">Szombathely :</subfield>
      <subfield code="b">Szerző,</subfield>
      <subfield code="c">1992</subfield>
    </datafield>
    <datafield tag="300" ind1=" " ind2=" ">
      <subfield code="a">62 p. ;</subfield>
      <subfield code="c">24 cm</subfield>
    </datafield>
    <datafield tag="650" ind1=" " ind2="7">
      <subfield code="a">Német nyelv</subfield>
      <subfield code="x">tankönyvek idegen ajkúaknak</subfield>
      <subfield code="2">lcsh//hun</subfield>
    </datafield>
    <datafield tag="650" ind1=" " ind2="0">
      <subfield code="a">German language</subfield>
      <subfield code="x">Textbooks for foreign speakers.</subfield>
    </datafield>
    <datafield tag="650" ind1=" " ind2="4">
      <subfield code="a">Német nyelv</subfield>
      <subfield code="x">tankönyvek idegen ajkúaknak</subfield>
    </datafield>
    <datafield tag="650" ind1=" " ind2="7">
      <subfield code="a">Német nyelvkönyv</subfield>
      <subfield code="x">alapfokú</subfield>
      <subfield code="x">társalgási kifjezések</subfield>
      <subfield code="2">szte</subfield>
    </datafield>
    <datafield tag="852" ind1=" " ind2=" ">
      <subfield code="a">D1</subfield>
      <subfield code="b">D1</subfield>
      <subfield code="x">ISISIIF0003527</subfield>
    </datafield>
    <datafield tag="852" ind1=" " ind2=" ">
      <subfield code="a">SZ1</subfield>
      <subfield code="b">SZ1</subfield>
      <subfield code="x">bibJAT00288644</subfield>
    </datafield>
  </record>
  <record>
    <leader>00533nam  2200205 i 4500</leader>
    <controlfield tag="001">MOKKAS0003520876  </controlfield>
    <controlfield tag="005">20060606023552.0</controlfield>
    <controlfield tag="008">050714s1992                        ger d</controlfield>
    <datafield tag="035" ind1=" " ind2=" ">
      <subfield code="a">604030</subfield>
    </datafield>
    <datafield tag="040" ind1=" " ind2=" ">
      <subfield code="a">OIK</subfield>
    </datafield>
    <datafield tag="041" ind1="0" ind2=" ">
      <subfield code="a">gerhun</subfield>
    </datafield>
    <datafield tag="100" ind1="1" ind2=" ">
      <subfield code="a">Ujj András</subfield>
    </datafield>
    <datafield tag="245" ind1="1" ind2="0">
      <subfield code="a">1000 mondat németül /</subfield>
      <subfield code="c">Ujj András</subfield>
    </datafield>
    <datafield tag="250" ind1=" " ind2=" ">
      <subfield code="a">2. átdolg. kiad.</subfield>
    </datafield>
    <datafield tag="260" ind1=" " ind2=" ">
      <subfield code="a">[S.l.] :</subfield>
      <subfield code="b">Ujj A.,</subfield>
      <subfield code="c">1992</subfield>
    </datafield>
    <datafield tag="300" ind1=" " ind2=" ">
      <subfield code="a">62 p. ;</subfield>
      <subfield code="c">24 cm</subfield>
    </datafield>
    <datafield tag="650" ind1=" " ind2="4">
      <subfield code="a">Német nyelvkönyvek</subfield>
    </datafield>
    <datafield tag="650" ind1=" " ind2="4">
      <subfield code="a">Német kifejezések</subfield>
    </datafield>
    <datafield tag="650" ind1=" " ind2="4">
      <subfield code="a">Magyar kifejezések</subfield>
    </datafield>
    <datafield tag="852" ind1=" " ind2=" ">
      <subfield code="a">B14</subfield>
      <subfield code="b">B14</subfield>
      <subfield code="x">604030</subfield>
    </datafield>
  </record>
  <record>
    <leader>00655nam  2200241 i 4500</leader>
    <controlfield tag="001">MOKKAS0001293320  </controlfield>
    <controlfield tag="005">20060112202438.0</controlfield>
    <controlfield tag="008">      s1993    hu            00010 hun d</controlfield>
    <datafield tag="020" ind1=" " ind2=" ">
      <subfield code="a">963-450-5783 (fűzött) :</subfield>
      <subfield code="c">840,- Ft</subfield>
    </datafield>
    <datafield tag="035" ind1=" " ind2=" ">
      <subfield code="a">bibRFK00123207</subfield>
    </datafield>
    <datafield tag="040" ind1=" " ind2=" ">
      <subfield code="a">RFMK</subfield>
    </datafield>
    <datafield tag="041" ind1=" " ind2=" ">
      <subfield code="a">hunger</subfield>
    </datafield>
    <datafield tag="100" ind1="1" ind2=" ">
      <subfield code="a">Ujj András</subfield>
    </datafield>
    <datafield tag="245" ind1="1" ind2="0">
      <subfield code="a">1000 mondat németül /</subfield>
      <subfield code="c">Ujj András</subfield>
    </datafield>
    <datafield tag="260" ind1=" " ind2=" ">
      <subfield code="a">[Sopron] :</subfield>
      <subfield code="b">Ujj András,</subfield>
      <subfield code="c">1993</subfield>
    </datafield>
    <datafield tag="300" ind1=" " ind2=" ">
      <subfield code="a">60 p. ;</subfield>
      <subfield code="c">24 cm</subfield>
    </datafield>
    <datafield tag="500" ind1=" " ind2=" ">
      <subfield code="a">rs</subfield>
    </datafield>
    <datafield tag="650" ind1=" " ind2="4">
      <subfield code="a">német nyelv</subfield>
    </datafield>
    <datafield tag="650" ind1=" " ind2="4">
      <subfield code="a">német társalgás</subfield>
    </datafield>
    <datafield tag="650" ind1=" " ind2="4">
      <subfield code="a">nyelvkönyvek</subfield>
    </datafield>
    <datafield tag="852" ind1=" " ind2=" ">
      <subfield code="a">M2</subfield>
      <subfield code="b">M2</subfield>
      <subfield code="x">bibRFK00123207</subfield>
    </datafield>
    <datafield tag="852" ind1=" " ind2=" ">
      <subfield code="a">M2</subfield>
      <subfield code="b">M2</subfield>
      <subfield code="x">bibRFK00129180</subfield>
    </datafield>
    <datafield tag="852" ind1=" " ind2=" ">
      <subfield code="a">M2</subfield>
      <subfield code="b">M2</subfield>
      <subfield code="x">bibRFK00124249</subfield>
    </datafield>
  </record>
  <record>
    <leader>00703nam  2200229 i 4500</leader>
    <controlfield tag="001">MOKKAS0001491468  </controlfield>
    <controlfield tag="005">20060113193019.0</controlfield>
    <controlfield tag="008">050903s1989    hu            00010 eng d</controlfield>
    <datafield tag="020" ind1=" " ind2=" ">
      <subfield code="a">0-8160-2014-0 (kötött) :</subfield>
      <subfield code="c">500,-Ft</subfield>
    </datafield>
    <datafield tag="035" ind1=" " ind2=" ">
      <subfield code="a">bibVFK00123663</subfield>
    </datafield>
    <datafield tag="040" ind1=" " ind2=" ">
      <subfield code="a">VFMK</subfield>
    </datafield>
    <datafield tag="100" ind1="1" ind2=" ">
      <subfield code="a">Schur, Norman W.</subfield>
    </datafield>
    <datafield tag="245" ind1="1" ind2="0">
      <subfield code="a">1000 most obscure words /</subfield>
      <subfield code="c">Norman W. Schur</subfield>
    </datafield>
    <datafield tag="260" ind1=" " ind2=" ">
      <subfield code="a">New York ;</subfield>
      <subfield code="a">Oxford ;</subfield>
      <subfield code="a">Sydney :</subfield>
      <subfield code="b">Facts On File Publications,</subfield>
      <subfield code="c">1989</subfield>
    </datafield>
    <datafield tag="300" ind1=" " ind2=" ">
      <subfield code="a">233 p. ;</subfield>
      <subfield code="c">24 cm</subfield>
    </datafield>
    <datafield tag="650" ind1=" " ind2="4">
      <subfield code="a">Angol nyelv</subfield>
    </datafield>
    <datafield tag="650" ind1=" " ind2="4">
      <subfield code="a">Szótárak, értelmező</subfield>
    </datafield>
    <datafield tag="650" ind1=" " ind2="4">
      <subfield code="a">Retrokonv</subfield>
    </datafield>
    <datafield tag="650" ind1=" " ind2="4">
      <subfield code="a">értelmező szótárak</subfield>
    </datafield>
    <datafield tag="852" ind1=" " ind2=" ">
      <subfield code="a">SZL1</subfield>
      <subfield code="b">SZL1</subfield>
      <subfield code="x">bibVFK00123663</subfield>
    </datafield>
    <datafield tag="852" ind1=" " ind2=" ">
      <subfield code="a">ST1</subfield>
      <subfield code="b">ST1</subfield>
      <subfield code="x">bibBBM108471</subfield>
    </datafield>
    <datafield tag="852" ind1=" " ind2=" ">
      <subfield code="a">M2</subfield>
      <subfield code="b">M2</subfield>
      <subfield code="x">bibRFK00139851</subfield>
    </datafield>
  </record>
  <record>
    <leader>00839cam  22002771  4500</leader>
    <controlfield tag="001">MOKKAZ0004259077  </controlfield>
    <controlfield tag="005">20091022201910.0</controlfield>
    <controlfield tag="008">      s1990                        eng d</controlfield>
    <datafield tag="020" ind1=" " ind2=" ">
      <subfield code="a">0-8160-2014-0 :</subfield>
    </datafield>
    <datafield tag="035" ind1=" " ind2=" ">
      <subfield code="a">bibFSZ00104650</subfield>
    </datafield>
    <datafield tag="040" ind1=" " ind2=" ">
      <subfield code="a">FSZEK</subfield>
    </datafield>
    <datafield tag="080" ind1=" " ind2=" ">
      <subfield code="a">802.0-321.2</subfield>
    </datafield>
    <datafield tag="080" ind1=" " ind2=" ">
      <subfield code="a">801.321.2=20</subfield>
    </datafield>
    <datafield tag="100" ind1="1" ind2=" ">
      <subfield code="a">Schur, Norman W.</subfield>
    </datafield>
    <datafield tag="245" ind1="1" ind2="0">
      <subfield code="a">1000 most obscure words /</subfield>
      <subfield code="c">Norman W. Schur</subfield>
    </datafield>
    <datafield tag="260" ind1=" " ind2=" ">
      <subfield code="a">New York ;</subfield>
      <subfield code="a">Oxford :</subfield>
      <subfield code="b">Facts on File,</subfield>
      <subfield code="c">1990</subfield>
    </datafield>
    <datafield tag="300" ind1=" " ind2=" ">
      <subfield code="a">[8], 233 p. ;</subfield>
      <subfield code="c">23 cm</subfield>
    </datafield>
    <datafield tag="650" ind1="0" ind2="4">
      <subfield code="a">értelmező szótár</subfield>
      <subfield code="z">angol</subfield>
    </datafield>
    <datafield tag="650" ind1="0" ind2="4">
      <subfield code="a">etimológiai szótár</subfield>
      <subfield code="z">angol</subfield>
    </datafield>
    <datafield tag="650" ind1=" " ind2="4">
      <subfield code="a">angol nyelv - etimológia</subfield>
    </datafield>
    <datafield tag="650" ind1=" " ind2="4">
      <subfield code="a">etimológia - angol nyelv</subfield>
    </datafield>
    <datafield tag="852" ind1=" " ind2=" ">
      <subfield code="a">B10</subfield>
      <subfield code="b">0801</subfield>
      <subfield code="x">bibFSZ00104650</subfield>
    </datafield>
    <datafield tag="852" ind1=" " ind2=" ">
      <subfield code="a">B11</subfield>
      <subfield code="b">B11</subfield>
      <subfield code="x">BMEOMIKK000088116</subfield>
    </datafield>
    <datafield tag="852" ind1=" " ind2=" ">
      <subfield code="a">M1</subfield>
      <subfield code="b">M1</subfield>
      <subfield code="x">59953</subfield>
    </datafield>
    <datafield tag="852" ind1=" " ind2=" ">
      <subfield code="a">BCS1</subfield>
      <subfield code="b">BCS1</subfield>
      <subfield code="x">bibBKO00198946</subfield>
    </datafield>
    <datafield tag="852" ind1=" " ind2=" ">
      <subfield code="a">GY1</subfield>
      <subfield code="b">GY1</subfield>
      <subfield code="x">KKMK1790303</subfield>
    </datafield>
  </record>
  <record>
    <leader>00515nam  2200181 i 4500</leader>
    <controlfield tag="001">MOKKAS0003474212  </controlfield>
    <controlfield tag="005">20060605182921.0</controlfield>
    <controlfield tag="008">050714s1990                        eng d</controlfield>
    <datafield tag="020" ind1=" " ind2=" ">
      <subfield code="a">0 8160 2014 0</subfield>
    </datafield>
    <datafield tag="035" ind1=" " ind2=" ">
      <subfield code="a">463506</subfield>
    </datafield>
    <datafield tag="040" ind1=" " ind2=" ">
      <subfield code="a">OIK</subfield>
    </datafield>
    <datafield tag="041" ind1="0" ind2=" ">
      <subfield code="a">eng</subfield>
    </datafield>
    <datafield tag="100" ind1="1" ind2=" ">
      <subfield code="a">Schur, Norman Warren</subfield>
      <subfield code="d">(1907-)</subfield>
    </datafield>
    <datafield tag="245" ind1="1" ind2="0">
      <subfield code="a">1000 most obscure words /</subfield>
      <subfield code="c">Norman W. Schur</subfield>
    </datafield>
    <datafield tag="260" ind1=" " ind2=" ">
      <subfield code="a">New York [etc.] :</subfield>
      <subfield code="b">Facts on File Publications,</subfield>
      <subfield code="c">cop. 1990</subfield>
    </datafield>
    <datafield tag="300" ind1=" " ind2=" ">
      <subfield code="a">233 p. ;</subfield>
      <subfield code="c">22 cm</subfield>
    </datafield>
    <datafield tag="650" ind1=" " ind2="4">
      <subfield code="a">Angol szakkifejezések</subfield>
    </datafield>
    <datafield tag="852" ind1=" " ind2=" ">
      <subfield code="a">B14</subfield>
      <subfield code="b">B14</subfield>
      <subfield code="x">463506</subfield>
    </datafield>
  </record>
  <record>
    <leader>01371nam  2200433   4500</leader>
    <controlfield tag="001">MOKKAN0004338163  </controlfield>
    <controlfield tag="005">20100827092521.0</controlfield>
    <controlfield tag="008">061109s2006                        hun d</controlfield>
    <datafield tag="020" ind1=" " ind2=" ">
      <subfield code="a">963-369-910-X (kötött)</subfield>
    </datafield>
    <datafield tag="020" ind1=" " ind2=" ">
      <subfield code="a">963 369 910 X (kötött)</subfield>
    </datafield>
    <datafield tag="020" ind1=" " ind2=" ">
      <subfield code="a">963-369-910-X</subfield>
    </datafield>
    <datafield tag="035" ind1=" " ind2=" ">
      <subfield code="a">bibFSZ01327980</subfield>
    </datafield>
    <datafield tag="040" ind1=" " ind2=" ">
      <subfield code="a">FSZEK</subfield>
    </datafield>
    <datafield tag="041" ind1=" " ind2=" ">
      <subfield code="a">hun</subfield>
    </datafield>
    <datafield tag="080" ind1=" " ind2=" ">
      <subfield code="a">629.118.6(100)(091)</subfield>
    </datafield>
    <datafield tag="080" ind1=" " ind2=" ">
      <subfield code="a">629</subfield>
    </datafield>
    <datafield tag="100" ind1="1" ind2=" ">
      <subfield code="a">Heil, Carsten</subfield>
    </datafield>
    <datafield tag="240" ind1=" " ind2="0">
      <subfield code="a">1000 Motorräder</subfield>
    </datafield>
    <datafield tag="245" ind1="1" ind2="0">
      <subfield code="a">1000 motorkerékpár :</subfield>
      <subfield code="b">történelem, klasszikusok, technika /</subfield>
      <subfield code="c">[szerző: Carsten Heil] ; [mtársak: Michael Ahlsdorf et al.]</subfield>
    </datafield>
    <datafield tag="260" ind1=" " ind2=" ">
      <subfield code="a">Pécs :</subfield>
      <subfield code="b">Alexandra,</subfield>
      <subfield code="c">2006</subfield>
    </datafield>
    <datafield tag="300" ind1=" " ind2=" ">
      <subfield code="a">336 p. :</subfield>
      <subfield code="b">ill. ;</subfield>
      <subfield code="c">30 cm</subfield>
    </datafield>
    <datafield tag="500" ind1=" " ind2=" ">
      <subfield code="a">Ford. Szilágyi Gyula</subfield>
    </datafield>
    <datafield tag="650" ind1=" " ind2="7">
      <subfield code="a">Motorkerékpár</subfield>
      <subfield code="x">története</subfield>
      <subfield code="2">szte</subfield>
    </datafield>
    <datafield tag="650" ind1=" " ind2="7">
      <subfield code="a">Motorkerékpár</subfield>
      <subfield code="x">képeskönyv</subfield>
      <subfield code="2">szte</subfield>
    </datafield>
    <datafield tag="650" ind1=" " ind2="4">
      <subfield code="a">Motorkerékpárok</subfield>
    </datafield>
    <datafield tag="650" ind1=" " ind2="4">
      <subfield code="a">Motorok</subfield>
    </datafield>
    <datafield tag="650" ind1=" " ind2="4">
      <subfield code="a">Motorkerékpár-márkák</subfield>
    </datafield>
    <datafield tag="650" ind1=" " ind2="4">
      <subfield code="a">Történet</subfield>
    </datafield>
    <datafield tag="650" ind1=" " ind2="4">
      <subfield code="a">album</subfield>
    </datafield>
    <datafield tag="650" ind1=" " ind2="4">
      <subfield code="a">motorkerékpár</subfield>
    </datafield>
    <datafield tag="650" ind1=" " ind2="4">
      <subfield code="a">technikatörténet</subfield>
    </datafield>
    <datafield tag="700" ind1="1" ind2=" ">
      <subfield code="a">Ahlsdorf, Michael</subfield>
      <subfield code="4">közrem.</subfield>
    </datafield>
    <datafield tag="700" ind1="1" ind2=" ">
      <subfield code="a">Szilágyi Gyula</subfield>
      <subfield code="4">ford.</subfield>
    </datafield>
    <datafield tag="852" ind1=" " ind2=" ">
      <subfield code="a">B10</subfield>
      <subfield code="b">B10</subfield>
      <subfield code="x">bibFSZ01327980</subfield>
    </datafield>
    <datafield tag="852" ind1=" " ind2=" ">
      <subfield code="a">SZ1</subfield>
      <subfield code="b">SZ1/K4</subfield>
      <subfield code="x">bibSOK00407946</subfield>
    </datafield>
    <datafield tag="852" ind1=" " ind2=" ">
      <subfield code="a">B11</subfield>
      <subfield code="b">B11</subfield>
      <subfield code="x">BMEOMIKK000476561</subfield>
    </datafield>
    <datafield tag="852" ind1=" " ind2=" ">
      <subfield code="a">SZL1</subfield>
      <subfield code="B">SZL1/FR</subfield>
      <subfield code="b">SZL1/GY</subfield>
      <subfield code="x">bibVFM00015779</subfield>
    </datafield>
    <datafield tag="852" ind1=" " ind2=" ">
      <subfield code="a">BCS1</subfield>
      <subfield code="b">BCS1</subfield>
      <subfield code="x">bibBMK00018649</subfield>
    </datafield>
    <datafield tag="852" ind1=" " ind2=" ">
      <subfield code="a">SZO1</subfield>
      <subfield code="b">SZO1</subfield>
      <subfield code="x">150632676</subfield>
    </datafield>
  </record>
  <record>
    <leader>00747nam  2200229 i 4500</leader>
    <controlfield tag="001">MOKKAN0004074071  </controlfield>
    <controlfield tag="005">20070329171302.0</controlfield>
    <controlfield tag="008">061123s2006    hu ao         00100 hun d</controlfield>
    <datafield tag="020" ind1=" " ind2=" ">
      <subfield code="a">963-369-910-X (kötött)</subfield>
    </datafield>
    <datafield tag="035" ind1=" " ind2=" ">
      <subfield code="a">000002633315</subfield>
    </datafield>
    <datafield tag="040" ind1=" " ind2=" ">
      <subfield code="a">DEENK</subfield>
    </datafield>
    <datafield tag="041" ind1="1" ind2=" ">
      <subfield code="a">hun</subfield>
      <subfield code="h">ger</subfield>
    </datafield>
    <datafield tag="130" ind1="0" ind2="0">
      <subfield code="a">1000 Motorräder</subfield>
      <subfield code="l">(magyar)</subfield>
    </datafield>
    <datafield tag="245" ind1="1" ind2="0">
      <subfield code="a">1000 motorkerékpár :</subfield>
      <subfield code="b">történelem, klasszikusok, technika /</subfield>
      <subfield code="c">[szerző Carsten Heil]</subfield>
    </datafield>
    <datafield tag="260" ind1=" " ind2=" ">
      <subfield code="a">Pécs :</subfield>
      <subfield code="b">Alexandra,</subfield>
      <subfield code="c">2006</subfield>
    </datafield>
    <datafield tag="300" ind1=" " ind2=" ">
      <subfield code="a">336 p. :</subfield>
      <subfield code="b">ill., részben színes ;</subfield>
      <subfield code="c">31 cm</subfield>
    </datafield>
    <datafield tag="500" ind1=" " ind2=" ">
      <subfield code="a">Ford. Szilágyi Gyula</subfield>
    </datafield>
    <datafield tag="650" ind1=" " ind2="4">
      <subfield code="a">Motorkerékpárok</subfield>
      <subfield code="x">illusztrált művek</subfield>
    </datafield>
    <datafield tag="650" ind1=" " ind2="0">
      <subfield code="a">Motorcycles</subfield>
      <subfield code="x">Pictorial works.</subfield>
    </datafield>
    <datafield tag="700" ind1="1" ind2=" ">
      <subfield code="a">Szilágyi Gyula</subfield>
      <subfield code="4">ford.</subfield>
    </datafield>
    <datafield tag="700" ind1="1" ind2=" ">
      <subfield code="a">Heil, Carsten</subfield>
    </datafield>
    <datafield tag="852" ind1=" " ind2=" ">
      <subfield code="a">D1</subfield>
      <subfield code="b">D1</subfield>
      <subfield code="x">000002633315</subfield>
    </datafield>
  </record>
  <record>
    <leader>00614cam  2200217 i 4500</leader>
    <controlfield tag="001">MOKKAS0001987419  </controlfield>
    <controlfield tag="005">20060531212726.0</controlfield>
    <controlfield tag="008">050902c1987    fr a          001 0 fre d</controlfield>
    <datafield tag="020" ind1=" " ind2=" ">
      <subfield code="a">2701111293</subfield>
    </datafield>
    <datafield tag="035" ind1=" " ind2=" ">
      <subfield code="a">313692</subfield>
    </datafield>
    <datafield tag="040" ind1=" " ind2=" ">
      <subfield code="a">ELTE</subfield>
    </datafield>
    <datafield tag="041" ind1="0" ind2=" ">
      <subfield code="a">fre</subfield>
    </datafield>
    <datafield tag="100" ind1="1" ind2=" ">
      <subfield code="a">Lebrun, Claude</subfield>
    </datafield>
    <datafield tag="245" ind1="1" ind2="0">
      <subfield code="a">1000 mots pour réussir /</subfield>
      <subfield code="c">Claude Lebrun</subfield>
    </datafield>
    <datafield tag="250" ind1=" " ind2=" ">
      <subfield code="a">Nouvelle éd. revue et corrigée</subfield>
    </datafield>
    <datafield tag="260" ind1=" " ind2=" ">
      <subfield code="a">Paris :</subfield>
      <subfield code="b">Belin,</subfield>
      <subfield code="c">cop. 1987</subfield>
    </datafield>
    <datafield tag="300" ind1=" " ind2=" ">
      <subfield code="a">215 p. :</subfield>
      <subfield code="b">ill. ;</subfield>
      <subfield code="c">21 cm</subfield>
    </datafield>
    <datafield tag="490" ind1="1" ind2=" ">
      <subfield code="a">(Guides plus. Français,</subfield>
      <subfield code="x">0298-4687)</subfield>
    </datafield>
    <datafield tag="650" ind1="0" ind2="4">
      <subfield code="a">francia nyelv</subfield>
      <subfield code="x">szókincsfejlesztés</subfield>
    </datafield>
    <datafield tag="830" ind1=" " ind2="0">
      <subfield code="a">Guides plus</subfield>
    </datafield>
    <datafield tag="852" ind1=" " ind2=" ">
      <subfield code="a">B2</subfield>
      <subfield code="b">B2</subfield>
      <subfield code="x">313692</subfield>
    </datafield>
  </record>
  <record>
    <leader>00674nam  2200241 i 4500</leader>
    <controlfield tag="001">MOKKAW0005809385  </controlfield>
    <controlfield tag="005">20091127011218.0</controlfield>
    <controlfield tag="008">060727s2006    hu            000 0 hun d</controlfield>
    <datafield tag="020" ind1=" " ind2=" ">
      <subfield code="a">963-369-572-4</subfield>
    </datafield>
    <datafield tag="035" ind1=" " ind2=" ">
      <subfield code="a">BMEOMIKK000474531</subfield>
    </datafield>
    <datafield tag="040" ind1=" " ind2=" ">
      <subfield code="a">BMEOMIKK</subfield>
    </datafield>
    <datafield tag="041" ind1="1" ind2=" ">
      <subfield code="a">hun</subfield>
      <subfield code="h">ger</subfield>
    </datafield>
    <datafield tag="080" ind1=" " ind2=" ">
      <subfield code="a">629.42(100)(091)</subfield>
    </datafield>
    <datafield tag="130" ind1="0" ind2="0">
      <subfield code="a">1000 Locomotiven aus aller Welt</subfield>
      <subfield code="l">magyar</subfield>
    </datafield>
    <datafield tag="245" ind1="1" ind2="0">
      <subfield code="a">1000 mozdony : </subfield>
      <subfield code="b">történet, klasszikusok, technika</subfield>
    </datafield>
    <datafield tag="260" ind1=" " ind2=" ">
      <subfield code="a">Pécs :</subfield>
      <subfield code="b">Alexandra,</subfield>
      <subfield code="c">2006</subfield>
    </datafield>
    <datafield tag="300" ind1=" " ind2=" ">
      <subfield code="a">367 p. ;</subfield>
      <subfield code="c">31 cm</subfield>
    </datafield>
    <datafield tag="650" ind1=" " ind2="4">
      <subfield code="a">album</subfield>
    </datafield>
    <datafield tag="650" ind1=" " ind2="4">
      <subfield code="a">közlekedéstörténet</subfield>
    </datafield>
    <datafield tag="650" ind1=" " ind2="4">
      <subfield code="a">mozdony</subfield>
    </datafield>
    <datafield tag="650" ind1=" " ind2="4">
      <subfield code="a">vasút</subfield>
    </datafield>
    <datafield tag="852" ind1=" " ind2=" ">
      <subfield code="a">B11</subfield>
      <subfield code="b">B11</subfield>
      <subfield code="x">BMEOMIKK000474531</subfield>
    </datafield>
    <datafield tag="852" ind1=" " ind2=" ">
      <subfield code="a">SZO1</subfield>
      <subfield code="b">SZO1</subfield>
      <subfield code="x">150632675</subfield>
    </datafield>
  </record>
  <record>
    <leader>00808nam  2200265 i 4500</leader>
    <controlfield tag="001">MOKKAN0004074030  </controlfield>
    <controlfield tag="005">20070412015151.0</controlfield>
    <controlfield tag="008">060718s2006    hu ao         00100 hun d</controlfield>
    <datafield tag="020" ind1=" " ind2=" ">
      <subfield code="a">963-369-572-4 (kötött)</subfield>
    </datafield>
    <datafield tag="035" ind1=" " ind2=" ">
      <subfield code="a">000002620651</subfield>
    </datafield>
    <datafield tag="040" ind1=" " ind2=" ">
      <subfield code="a">DEENK</subfield>
    </datafield>
    <datafield tag="041" ind1="1" ind2=" ">
      <subfield code="a">hun</subfield>
      <subfield code="h">ger</subfield>
    </datafield>
    <datafield tag="130" ind1="0" ind2="0">
      <subfield code="a">1000 Lokomotiven</subfield>
      <subfield code="l">(magyar)</subfield>
    </datafield>
    <datafield tag="245" ind1="1" ind2="0">
      <subfield code="a">1000 mozdony :</subfield>
      <subfield code="b">történet, klasszikusok, technika</subfield>
    </datafield>
    <datafield tag="260" ind1=" " ind2=" ">
      <subfield code="a">Pécs :</subfield>
      <subfield code="b">Alexandra,</subfield>
      <subfield code="c">2006</subfield>
    </datafield>
    <datafield tag="300" ind1=" " ind2=" ">
      <subfield code="a">367 p. :</subfield>
      <subfield code="b">ill., főként színes ;</subfield>
      <subfield code="c">31 cm</subfield>
    </datafield>
    <datafield tag="500" ind1=" " ind2=" ">
      <subfield code="a">Ford. Horváth Judit [et al.]</subfield>
    </datafield>
    <datafield tag="650" ind1=" " ind2="0">
      <subfield code="a">Locomotives</subfield>
      <subfield code="x">History.</subfield>
    </datafield>
    <datafield tag="650" ind1=" " ind2="4">
      <subfield code="a">Mozdonyok</subfield>
      <subfield code="x">történet</subfield>
    </datafield>
    <datafield tag="650" ind1=" " ind2="4">
      <subfield code="a">mozdonyok</subfield>
    </datafield>
    <datafield tag="650" ind1=" " ind2="4">
      <subfield code="a">vasút - történet</subfield>
    </datafield>
    <datafield tag="700" ind1="1" ind2=" ">
      <subfield code="a">Horváth Judit</subfield>
      <subfield code="4">ford.</subfield>
    </datafield>
    <datafield tag="852" ind1=" " ind2=" ">
      <subfield code="a">D1</subfield>
      <subfield code="b">D1</subfield>
      <subfield code="x">000002620651</subfield>
    </datafield>
    <datafield tag="852" ind1=" " ind2=" ">
      <subfield code="a">B10</subfield>
      <subfield code="b">B10</subfield>
      <subfield code="x">bibFSZ1294846</subfield>
    </datafield>
    <datafield tag="852" ind1=" " ind2=" ">
      <subfield code="a">BCS1</subfield>
      <subfield code="b">BCS1</subfield>
      <subfield code="x">bibBMK00016161</subfield>
    </datafield>
  </record>
  <record>
    <leader>00884nam  2200277   4500</leader>
    <controlfield tag="001">MOKKAW0005170790  </controlfield>
    <controlfield tag="005">20080413194230.0</controlfield>
    <controlfield tag="008">000208s2007    hu a                hun d</controlfield>
    <datafield tag="020" ind1=" " ind2=" ">
      <subfield code="a">978-963-370-241-3 (kötött)</subfield>
    </datafield>
    <datafield tag="020" ind1=" " ind2=" ">
      <subfield code="a">978 963 370 241 3 (kötött)</subfield>
    </datafield>
    <datafield tag="035" ind1=" " ind2=" ">
      <subfield code="a">bibJPT00458231</subfield>
    </datafield>
    <datafield tag="040" ind1=" " ind2=" ">
      <subfield code="a">PTE</subfield>
    </datafield>
    <datafield tag="041" ind1="1" ind2=" ">
      <subfield code="a">hun</subfield>
      <subfield code="h">ger</subfield>
    </datafield>
    <datafield tag="240" ind1="1" ind2="0">
      <subfield code="a">1000 Locomotiven aus aller Welt</subfield>
      <subfield code="l">(magyar)</subfield>
    </datafield>
    <datafield tag="245" ind1="0" ind2="0">
      <subfield code="a">1000 mozdony :</subfield>
      <subfield code="b">Történet, klasszikusok, technika /</subfield>
      <subfield code="c">[ford. Horváth Judit et al.]</subfield>
    </datafield>
    <datafield tag="246" ind1="1" ind2="4">
      <subfield code="a">1000 mozdony a világ minden részéről</subfield>
    </datafield>
    <datafield tag="250" ind1=" " ind2=" ">
      <subfield code="a">2., jav. kiad.</subfield>
    </datafield>
    <datafield tag="260" ind1=" " ind2=" ">
      <subfield code="a">Pécs :</subfield>
      <subfield code="b">Alexandra,</subfield>
      <subfield code="c">2007</subfield>
    </datafield>
    <datafield tag="300" ind1=" " ind2=" ">
      <subfield code="a">367, [1] p. :</subfield>
      <subfield code="b">ill. ;</subfield>
      <subfield code="c">31 cm</subfield>
    </datafield>
    <datafield tag="650" ind1=" " ind2="0">
      <subfield code="a">Locomotives</subfield>
      <subfield code="x">History.</subfield>
    </datafield>
    <datafield tag="650" ind1=" " ind2="4">
      <subfield code="a">Mozdonyok</subfield>
      <subfield code="x">történet</subfield>
    </datafield>
    <datafield tag="695" ind1=" " ind2=" ">
      <subfield code="a">Mozdony</subfield>
    </datafield>
    <datafield tag="695" ind1=" " ind2=" ">
      <subfield code="a">Vasúti járművek</subfield>
    </datafield>
    <datafield tag="700" ind1="1" ind2=" ">
      <subfield code="a">Horváth Judit</subfield>
    </datafield>
    <datafield tag="852" ind1=" " ind2=" ">
      <subfield code="a">P1</subfield>
      <subfield code="b">P1</subfield>
      <subfield code="x">bibJPT00458231</subfield>
    </datafield>
    <datafield tag="852" ind1=" " ind2=" ">
      <subfield code="a">D1</subfield>
      <subfield code="b">D108</subfield>
      <subfield code="x">bibDEK00677924</subfield>
    </datafield>
  </record>
  <record>
    <leader>00553nama 22001691i 4500</leader>
    <controlfield tag="001">MOKKAS0000838180  </controlfield>
    <controlfield tag="005">20060617022436.0</controlfield>
    <controlfield tag="008">041124s1940    hu            000 0 hunod</controlfield>
    <datafield tag="035" ind1=" " ind2=" ">
      <subfield code="a">1597473</subfield>
    </datafield>
    <datafield tag="040" ind1=" " ind2=" ">
      <subfield code="a">OSZK</subfield>
    </datafield>
    <datafield tag="041" ind1="0" ind2=" ">
      <subfield code="a">hunhun</subfield>
    </datafield>
    <datafield tag="100" ind1="2" ind2=" ">
      <subfield code="a">Barla-Szabó József</subfield>
      <subfield code="c">(ifj.)</subfield>
      <subfield code="c">(cédulakatalógus alapján)</subfield>
    </datafield>
    <datafield tag="245" ind1="1" ind2="0">
      <subfield code="a">1000 műtéttel ellenőrzött epehólyag-röntgenkép /</subfield>
      <subfield code="c">ifj. Barla-Szabó József</subfield>
    </datafield>
    <datafield tag="260" ind1=" " ind2=" ">
      <subfield code="a">Budapest :</subfield>
      <subfield code="b">[Franklin Ny.],</subfield>
      <subfield code="c">1940</subfield>
    </datafield>
    <datafield tag="300" ind1=" " ind2=" ">
      <subfield code="a">[1], p. 360-369., [1] ;</subfield>
      <subfield code="c">24 cm</subfield>
    </datafield>
    <datafield tag="580" ind1=" " ind2=" ">
      <subfield code="a">Klny. az Orvosképzésből</subfield>
    </datafield>
    <datafield tag="852" ind1=" " ind2=" ">
      <subfield code="a">B1</subfield>
      <subfield code="b">B1</subfield>
      <subfield code="x">1597473</subfield>
    </datafield>
  </record>
  <record>
    <leader>01571nam  2200481 i 4500</leader>
    <controlfield tag="001">MOKKAN0004014662  </controlfield>
    <controlfield tag="005">20100827145943.0</controlfield>
    <controlfield tag="008">061002 2004    hu            000   hun  </controlfield>
    <datafield tag="020" ind1=" " ind2=" ">
      <subfield code="a">963-430-581-4</subfield>
    </datafield>
    <datafield tag="020" ind1=" " ind2=" ">
      <subfield code="a">963-430-581-4 (kötött) :</subfield>
      <subfield code="c">2792,- Ft</subfield>
    </datafield>
    <datafield tag="020" ind1=" " ind2=" ">
      <subfield code="a">963-430-581-4 (kötött) :</subfield>
      <subfield code="c">2792,- Ft</subfield>
    </datafield>
    <datafield tag="035" ind1=" " ind2=" ">
      <subfield code="a">bibJAT00690939</subfield>
    </datafield>
    <datafield tag="040" ind1=" " ind2=" ">
      <subfield code="a">SZTE</subfield>
    </datafield>
    <datafield tag="100" ind1="1" ind2=" ">
      <subfield code="a">Szeleczky Arnold</subfield>
    </datafield>
    <datafield tag="245" ind1="1" ind2="0">
      <subfield code="a">1000 Napóleon arany :</subfield>
      <subfield code="b">a gondolkodó elme és az érző szív antológiája : [aforizmák, anekdoták, életképek] /</subfield>
      <subfield code="c">[... vál. és szerk.] Szeleczky Arnold</subfield>
    </datafield>
    <datafield tag="260" ind1=" " ind2=" ">
      <subfield code="a">[Debrecen] :</subfield>
      <subfield code="b">Szeleczky Art Management Kft.,</subfield>
      <subfield code="c">[2004]</subfield>
    </datafield>
    <datafield tag="300" ind1=" " ind2=" ">
      <subfield code="a">303 p. :</subfield>
      <subfield code="b">ill. ;</subfield>
      <subfield code="c">24 cm</subfield>
    </datafield>
    <datafield tag="504" ind1=" " ind2=" ">
      <subfield code="a">Bibliogr.: p. 302.</subfield>
    </datafield>
    <datafield tag="600" ind1="0" ind2="7">
      <subfield code="a">Napoleon</subfield>
      <subfield code="c">(Franciaország : császár)</subfield>
      <subfield code="b">I.</subfield>
      <subfield code="2">szte</subfield>
    </datafield>
    <datafield tag="650" ind1=" " ind2="7">
      <subfield code="a">Franciaország története</subfield>
      <subfield code="x">idézetek</subfield>
      <subfield code="2">szte</subfield>
    </datafield>
    <datafield tag="650" ind1=" " ind2="4">
      <subfield code="a">Franciaország</subfield>
    </datafield>
    <datafield tag="650" ind1=" " ind2="4">
      <subfield code="a">Napóleon, I., francia császár</subfield>
    </datafield>
    <datafield tag="650" ind1=" " ind2="4">
      <subfield code="a">aforizma</subfield>
    </datafield>
    <datafield tag="650" ind1=" " ind2="4">
      <subfield code="a">anekdota</subfield>
    </datafield>
    <datafield tag="650" ind1=" " ind2="4">
      <subfield code="a">elbeszélés</subfield>
    </datafield>
    <datafield tag="650" ind1=" " ind2="4">
      <subfield code="a">idézetgyűjtemény</subfield>
    </datafield>
    <datafield tag="650" ind1=" " ind2="4">
      <subfield code="a">napóleoni kor</subfield>
    </datafield>
    <datafield tag="650" ind1=" " ind2="4">
      <subfield code="a">történelmi forrás</subfield>
    </datafield>
    <datafield tag="650" ind1=" " ind2="4">
      <subfield code="a">uralkodó</subfield>
    </datafield>
    <datafield tag="650" ind1=" " ind2="4">
      <subfield code="a">világirodalom</subfield>
    </datafield>
    <datafield tag="650" ind1=" " ind2="4">
      <subfield code="a">antológia</subfield>
    </datafield>
    <datafield tag="650" ind1=" " ind2="4">
      <subfield code="a">történelem</subfield>
    </datafield>
    <datafield tag="650" ind1=" " ind2="4">
      <subfield code="a">levelek</subfield>
    </datafield>
    <datafield tag="650" ind1=" " ind2="4">
      <subfield code="a">aforizmák</subfield>
    </datafield>
    <datafield tag="650" ind1=" " ind2="4">
      <subfield code="a">anekdoták</subfield>
    </datafield>
    <datafield tag="651" ind1=" " ind2="4">
      <subfield code="a">Franciaország</subfield>
    </datafield>
    <datafield tag="653" ind1=" " ind2=" ">
      <subfield code="a">18. sz</subfield>
    </datafield>
    <datafield tag="600" ind1="0" ind2="7">
      <subfield code="a">Napoleon</subfield>
      <subfield code="c">(Franciaország : császár)</subfield>
      <subfield code="b">I.</subfield>
    </datafield>
    <datafield tag="852" ind1=" " ind2=" ">
      <subfield code="a">SZ1</subfield>
      <subfield code="b">SZ1/R2</subfield>
      <subfield code="x">bibJAT00690939</subfield>
    </datafield>
    <datafield tag="852" ind1=" " ind2=" ">
      <subfield code="a">B10</subfield>
      <subfield code="b">B10</subfield>
      <subfield code="x">bibFSZ1006608</subfield>
    </datafield>
    <datafield tag="852" ind1=" " ind2=" ">
      <subfield code="a">SZO1</subfield>
      <subfield code="b">SZO1</subfield>
      <subfield code="x">150417207</subfield>
    </datafield>
    <datafield tag="852" ind1=" " ind2=" ">
      <subfield code="a">GY1</subfield>
      <subfield code="b">GY1</subfield>
      <subfield code="x">KKMK669723</subfield>
    </datafield>
    <datafield tag="852" ind1=" " ind2=" ">
      <subfield code="a">B8</subfield>
      <subfield code="b">B8</subfield>
      <subfield code="x">OGYK000109444</subfield>
    </datafield>
  </record>
  <record>
    <leader>00778nam  2200229 i 4500</leader>
    <controlfield tag="001">MOKKAS0002072608  </controlfield>
    <controlfield tag="005">20060407164326.0</controlfield>
    <controlfield tag="008">040701t20042004hu a          000 j hun d</controlfield>
    <datafield tag="020" ind1=" " ind2=" ">
      <subfield code="z">963-430-581-4</subfield>
    </datafield>
    <datafield tag="035" ind1=" " ind2=" ">
      <subfield code="a">1086729</subfield>
    </datafield>
    <datafield tag="040" ind1=" " ind2=" ">
      <subfield code="a">OSZK</subfield>
    </datafield>
    <datafield tag="041" ind1="0" ind2=" ">
      <subfield code="a">hunhun</subfield>
    </datafield>
    <datafield tag="100" ind1="1" ind2=" ">
      <subfield code="a">Szeleczky Arnold</subfield>
    </datafield>
    <datafield tag="245" ind1="1" ind2="0">
      <subfield code="a">1000 Napóleon arany : </subfield>
      <subfield code="b">a gondolkodó elme és az érző szív antológiája : [aforizmák, anekdoták, életképek] /</subfield>
      <subfield code="c">[... vál. és szerk. Szeleczky Arnold]</subfield>
    </datafield>
    <datafield tag="260" ind1=" " ind2=" ">
      <subfield code="a">[Debrecen] :</subfield>
      <subfield code="b">Szeleczky Art Management,</subfield>
      <subfield code="c">cop. 2004</subfield>
    </datafield>
    <datafield tag="300" ind1=" " ind2=" ">
      <subfield code="a">303 p. :</subfield>
      <subfield code="b">ill. ;</subfield>
      <subfield code="c">24 cm</subfield>
    </datafield>
    <datafield tag="600" ind1="0" ind2="4">
      <subfield code="a">Napoleon</subfield>
      <subfield code="c">(Franciaország: császár)</subfield>
      <subfield code="b">I.</subfield>
    </datafield>
    <datafield tag="650" ind1="1" ind2="7">
      <subfield code="a">világirodalom</subfield>
      <subfield code="2">oszk</subfield>
    </datafield>
    <datafield tag="650" ind1="1" ind2="7">
      <subfield code="a">uralkodó</subfield>
      <subfield code="2">oszk</subfield>
    </datafield>
    <datafield tag="650" ind1="1" ind2="7">
      <subfield code="a">18. század</subfield>
      <subfield code="2">oszk</subfield>
    </datafield>
    <datafield tag="651" ind1=" " ind2="4">
      <subfield code="a">Franciaország</subfield>
    </datafield>
    <datafield tag="852" ind1=" " ind2=" ">
      <subfield code="a">B1</subfield>
      <subfield code="b">B1</subfield>
      <subfield code="x">1086729</subfield>
    </datafield>
  </record>
  <record>
    <leader>00704nam  2200217 i 4500</leader>
    <controlfield tag="001">MOKKAN0004078543  </controlfield>
    <controlfield tag="005">20070202084509.0</controlfield>
    <controlfield tag="008">070129 2004    hu            000   ger  </controlfield>
    <datafield tag="020" ind1=" " ind2=" ">
      <subfield code="a">963 86130 0 9</subfield>
    </datafield>
    <datafield tag="035" ind1=" " ind2=" ">
      <subfield code="a">bibJAT00701198</subfield>
    </datafield>
    <datafield tag="040" ind1=" " ind2=" ">
      <subfield code="a">SZTE</subfield>
    </datafield>
    <datafield tag="041" ind1=" " ind2=" ">
      <subfield code="a">hunger</subfield>
    </datafield>
    <datafield tag="100" ind1="1" ind2=" ">
      <subfield code="a">Kremser Anna, Talpainé</subfield>
    </datafield>
    <datafield tag="245" ind1="1" ind2="0">
      <subfield code="a">1000 német tesztkérdés /</subfield>
      <subfield code="c">[Talpainé Kremser Anna, Sövényházi Edit]</subfield>
    </datafield>
    <datafield tag="260" ind1=" " ind2=" ">
      <subfield code="a">Szeged :</subfield>
      <subfield code="b">Maxim,</subfield>
      <subfield code="c">2004</subfield>
    </datafield>
    <datafield tag="300" ind1=" " ind2=" ">
      <subfield code="a">156 p. ;</subfield>
      <subfield code="c">21 cm</subfield>
    </datafield>
    <datafield tag="650" ind1=" " ind2="7">
      <subfield code="a">Német nyelvkönyv</subfield>
      <subfield code="x">középfokú</subfield>
      <subfield code="x">gyakorlatok</subfield>
      <subfield code="2">szte</subfield>
    </datafield>
    <datafield tag="650" ind1=" " ind2="7">
      <subfield code="a">Nyelvvizsga</subfield>
      <subfield code="x">német</subfield>
      <subfield code="x">írásbeli</subfield>
      <subfield code="x">gyakorlatok</subfield>
      <subfield code="2">szte</subfield>
    </datafield>
    <datafield tag="650" ind1=" " ind2="7">
      <subfield code="a">Nyelvi tesztek</subfield>
      <subfield code="x">német</subfield>
      <subfield code="2">szte</subfield>
    </datafield>
    <datafield tag="700" ind1="1" ind2=" ">
      <subfield code="a">Sövényházi Edit</subfield>
    </datafield>
    <datafield tag="852" ind1=" " ind2=" ">
      <subfield code="a">SZ1</subfield>
      <subfield code="b">SZ1/B3</subfield>
      <subfield code="x">bibJAT00701198</subfield>
    </datafield>
  </record>
  <record>
    <leader>01753fam  2200529 i 4500</leader>
    <controlfield tag="001">MOKKAZ0006400410  </controlfield>
    <controlfield tag="005">20040915200619.0</controlfield>
    <controlfield tag="008">010108s2001    hu            000 0 hun d</controlfield>
    <datafield tag="020" ind1=" " ind2=" ">
      <subfield code="a">963-86130-0-9 (fűzött) :</subfield>
      <subfield code="c">1650,- Ft</subfield>
    </datafield>
    <datafield tag="035" ind1=" " ind2=" ">
      <subfield code="a">796831</subfield>
    </datafield>
    <datafield tag="040" ind1=" " ind2=" ">
      <subfield code="a">OSZK</subfield>
    </datafield>
    <datafield tag="041" ind1="0" ind2=" ">
      <subfield code="a">hungerhun</subfield>
    </datafield>
    <datafield tag="100" ind1="2" ind2=" ">
      <subfield code="a">Talpainé Kremser Anna</subfield>
    </datafield>
    <datafield tag="245" ind1="1" ind2="0">
      <subfield code="a">1000 német tesztkérdés /</subfield>
      <subfield code="c">[szerzők Talpainé Kremser Anna, Sövényházi Edit].</subfield>
    </datafield>
    <datafield tag="260" ind1=" " ind2=" ">
      <subfield code="a">Szeged :</subfield>
      <subfield code="b">Maxim,</subfield>
      <subfield code="c">2001</subfield>
      <subfield code="e">([Szeged]</subfield>
      <subfield code="f">General Print)</subfield>
    </datafield>
    <datafield tag="300" ind1=" " ind2=" ">
      <subfield code="a">156 p. ;</subfield>
      <subfield code="c">21 cm</subfield>
    </datafield>
    <datafield tag="650" ind1=" " ind2="4">
      <subfield code="a">Német nyelv</subfield>
      <subfield code="x">vizsgák, kérdések stb.</subfield>
    </datafield>
    <datafield tag="650" ind1=" " ind2="0">
      <subfield code="a">German language</subfield>
      <subfield code="x">Examinations, questions, etc.</subfield>
    </datafield>
    <datafield tag="650" ind1=" " ind2="7">
      <subfield code="a">Német nyelvkönyv</subfield>
      <subfield code="x">középfokú</subfield>
      <subfield code="x">gyakorlatok</subfield>
      <subfield code="2">szte</subfield>
    </datafield>
    <datafield tag="650" ind1=" " ind2="7">
      <subfield code="a">Nyelvvizsga</subfield>
      <subfield code="x">német</subfield>
      <subfield code="x">írásbeli</subfield>
      <subfield code="x">gyakorlatok</subfield>
      <subfield code="2">szte</subfield>
    </datafield>
    <datafield tag="650" ind1=" " ind2="7">
      <subfield code="a">Nyelvi tesztek</subfield>
      <subfield code="x">német</subfield>
      <subfield code="2">szte</subfield>
    </datafield>
    <datafield tag="650" ind1="0" ind2="4">
      <subfield code="a">német nyelvkönyv</subfield>
      <subfield code="x">tesztek</subfield>
    </datafield>
    <datafield tag="650" ind1=" " ind2="4">
      <subfield code="a">Német nyelvkönyvek</subfield>
    </datafield>
    <datafield tag="650" ind1=" " ind2="4">
      <subfield code="a">Német nyelv</subfield>
      <subfield code="x">tankönyvek idegen ajkúaknak</subfield>
      <subfield code="x">magyar</subfield>
    </datafield>
    <datafield tag="650" ind1=" " ind2="4">
      <subfield code="a">német nyelvkönyv</subfield>
    </datafield>
    <datafield tag="650" ind1=" " ind2="4">
      <subfield code="a">feladatgyűjtemény, példatár</subfield>
    </datafield>
    <datafield tag="650" ind1=" " ind2="4">
      <subfield code="a">feladatlap</subfield>
    </datafield>
    <datafield tag="650" ind1=" " ind2="4">
      <subfield code="a">német nyelv</subfield>
    </datafield>
    <datafield tag="650" ind1=" " ind2="4">
      <subfield code="a">feladatgyűjtemények</subfield>
    </datafield>
    <datafield tag="650" ind1=" " ind2="4">
      <subfield code="a">Középfok</subfield>
    </datafield>
    <datafield tag="650" ind1=" " ind2="4">
      <subfield code="a">Nyelvvizsgák</subfield>
    </datafield>
    <datafield tag="650" ind1=" " ind2="4">
      <subfield code="a">Tesztek</subfield>
    </datafield>
    <datafield tag="650" ind1=" " ind2="4">
      <subfield code="a">nyelvvizsga</subfield>
    </datafield>
    <datafield tag="650" ind1=" " ind2="4">
      <subfield code="a">példatár</subfield>
    </datafield>
    <datafield tag="650" ind1=" " ind2="4">
      <subfield code="a">vizsgaelőkészítő</subfield>
    </datafield>
    <datafield tag="700" ind1="1" ind2="0">
      <subfield code="a">Sövényházi Edit</subfield>
    </datafield>
    <datafield tag="852" ind1=" " ind2=" ">
      <subfield code="a">B1</subfield>
      <subfield code="b">B1</subfield>
      <subfield code="x">796831</subfield>
    </datafield>
    <datafield tag="852" ind1=" " ind2=" ">
      <subfield code="a">D1</subfield>
      <subfield code="b">D1</subfield>
      <subfield code="x">bibJAT00375661</subfield>
    </datafield>
    <datafield tag="852" ind1=" " ind2=" ">
      <subfield code="a">SZ1</subfield>
      <subfield code="b">SZ1</subfield>
      <subfield code="x">bibJAT00375661</subfield>
    </datafield>
    <datafield tag="852" ind1=" " ind2=" ">
      <subfield code="a">M1</subfield>
      <subfield code="b">M1</subfield>
      <subfield code="x">138383</subfield>
    </datafield>
    <datafield tag="852" ind1=" " ind2=" ">
      <subfield code="a">P1</subfield>
      <subfield code="B">P1/SZ</subfield>
      <subfield code="b">P1/1L</subfield>
      <subfield code="x">bibJPT00189054</subfield>
    </datafield>
    <datafield tag="852" ind1=" " ind2=" ">
      <subfield code="a">B14</subfield>
      <subfield code="b">B14</subfield>
      <subfield code="x">779077</subfield>
    </datafield>
    <datafield tag="852" ind1=" " ind2=" ">
      <subfield code="a">SZK1</subfield>
      <subfield code="b">SZK1</subfield>
      <subfield code="x">bibTMK00011839</subfield>
    </datafield>
    <datafield tag="852" ind1=" " ind2=" ">
      <subfield code="a">GY1</subfield>
      <subfield code="b">GY1</subfield>
      <subfield code="x">502478</subfield>
    </datafield>
    <datafield tag="852" ind1=" " ind2=" ">
      <subfield code="a">M2</subfield>
      <subfield code="b">M2</subfield>
      <subfield code="x">bibRFK00120700</subfield>
    </datafield>
    <datafield tag="852" ind1=" " ind2=" ">
      <subfield code="a">SZL1</subfield>
      <subfield code="b">SZL1</subfield>
      <subfield code="x">bibVFK00222824</subfield>
    </datafield>
    <datafield tag="852" ind1=" " ind2=" ">
      <subfield code="a">SZO1</subfield>
      <subfield code="b">SZO1</subfield>
      <subfield code="x">150158858</subfield>
    </datafield>
  </record>
  <record>
    <leader>00685fam  2200217 i 4500</leader>
    <controlfield tag="001">MOKKAZ0003743265  </controlfield>
    <controlfield tag="005">20040909215259.0</controlfield>
    <controlfield tag="008">010129s2003    hu            00010 hun d</controlfield>
    <datafield tag="020" ind1=" " ind2=" ">
      <subfield code="a">963 86130 0 9</subfield>
    </datafield>
    <datafield tag="035" ind1=" " ind2=" ">
      <subfield code="a">bibJPT00217695</subfield>
    </datafield>
    <datafield tag="040" ind1=" " ind2=" ">
      <subfield code="a">DEENK</subfield>
    </datafield>
    <datafield tag="041" ind1="1" ind2=" ">
      <subfield code="a">hunger</subfield>
    </datafield>
    <datafield tag="100" ind1="2" ind2=" ">
      <subfield code="a">Talpainé Kremser Anna</subfield>
    </datafield>
    <datafield tag="245" ind1="1" ind2="0">
      <subfield code="a">1000 német tesztkérdés /</subfield>
      <subfield code="c">[Talpainé Kremser Anna, Sövényházi Edit]</subfield>
    </datafield>
    <datafield tag="260" ind1=" " ind2=" ">
      <subfield code="a">Szeged :</subfield>
      <subfield code="b">Maxim,</subfield>
      <subfield code="c">2003</subfield>
    </datafield>
    <datafield tag="300" ind1=" " ind2=" ">
      <subfield code="a">156, [1] p. ;</subfield>
      <subfield code="c">21 cm</subfield>
    </datafield>
    <datafield tag="650" ind1=" " ind2="4">
      <subfield code="a">Német nyelv</subfield>
      <subfield code="x">vizsgák, kérdések stb.</subfield>
    </datafield>
    <datafield tag="650" ind1=" " ind2="0">
      <subfield code="a">German language</subfield>
      <subfield code="x">Examinations, questions, etc.</subfield>
    </datafield>
    <datafield tag="700" ind1="1" ind2=" ">
      <subfield code="a">Sövényházi Edit</subfield>
    </datafield>
    <datafield tag="852" ind1=" " ind2=" ">
      <subfield code="a">D1</subfield>
      <subfield code="b">D1</subfield>
      <subfield code="x">bibJPT00217695</subfield>
    </datafield>
    <datafield tag="852" ind1=" " ind2=" ">
      <subfield code="a">P1</subfield>
      <subfield code="b">P1/SZ</subfield>
      <subfield code="x">bibJPT00217695</subfield>
    </datafield>
  </record>
  <record>
    <leader>00699nam  2200241 i 4500</leader>
    <controlfield tag="001">MOKKAS0002086262  </controlfield>
    <controlfield tag="005">20090522013942.0</controlfield>
    <controlfield tag="008">051018s2004    hu            000 0 hun d</controlfield>
    <datafield tag="020" ind1=" " ind2=" ">
      <subfield code="a">963-86130-0-9 (fűzött)</subfield>
    </datafield>
    <datafield tag="035" ind1=" " ind2=" ">
      <subfield code="a">2581011</subfield>
    </datafield>
    <datafield tag="040" ind1=" " ind2=" ">
      <subfield code="a">OSZK</subfield>
    </datafield>
    <datafield tag="041" ind1="0" ind2=" ">
      <subfield code="a">hungerhun</subfield>
    </datafield>
    <datafield tag="100" ind1="2" ind2=" ">
      <subfield code="a">Talpainé Kremser Anna</subfield>
    </datafield>
    <datafield tag="245" ind1="1" ind2="0">
      <subfield code="a">1000 német tesztkérdés /</subfield>
      <subfield code="c">[szerzők Talpainé Kremser Anna, Sövényházi Edit].</subfield>
    </datafield>
    <datafield tag="260" ind1=" " ind2=" ">
      <subfield code="a">Szeged :</subfield>
      <subfield code="b">Maxim,</subfield>
      <subfield code="c">2004</subfield>
    </datafield>
    <datafield tag="300" ind1=" " ind2=" ">
      <subfield code="a">156 p. ;</subfield>
      <subfield code="c">21 cm</subfield>
    </datafield>
    <datafield tag="650" ind1="1" ind2="7">
      <subfield code="a">német nyelv</subfield>
      <subfield code="2">oszk</subfield>
    </datafield>
    <datafield tag="650" ind1="1" ind2="7">
      <subfield code="a">nyelvvizsga</subfield>
      <subfield code="2">oszk</subfield>
    </datafield>
    <datafield tag="650" ind1=" " ind2="4">
      <subfield code="a">Feladatgyűjtemény</subfield>
    </datafield>
    <datafield tag="650" ind1=" " ind2="4">
      <subfield code="a">Nyelvkönyv</subfield>
    </datafield>
    <datafield tag="700" ind1="1" ind2="0">
      <subfield code="a">Sövényházy Edit</subfield>
    </datafield>
    <datafield tag="852" ind1=" " ind2=" ">
      <subfield code="a">B1</subfield>
      <subfield code="b">B1</subfield>
      <subfield code="x">2581011</subfield>
    </datafield>
    <datafield tag="852" ind1=" " ind2=" ">
      <subfield code="a">B12</subfield>
      <subfield code="b">B12</subfield>
      <subfield code="x">BCEKK433733</subfield>
    </datafield>
  </record>
  <record>
    <leader>00639nam  2200205 i 4500</leader>
    <controlfield tag="001">MOKKAS0002398547  </controlfield>
    <controlfield tag="005">20060527182017.0</controlfield>
    <controlfield tag="008">060309s2004    hu            00010 hun d</controlfield>
    <datafield tag="020" ind1=" " ind2=" ">
      <subfield code="a">(Fűzött)</subfield>
      <subfield code="z">963 86130 0 9</subfield>
    </datafield>
    <datafield tag="035" ind1=" " ind2=" ">
      <subfield code="a">bibSOK382558</subfield>
    </datafield>
    <datafield tag="040" ind1=" " ind2=" ">
      <subfield code="a">SK</subfield>
    </datafield>
    <datafield tag="041" ind1="1" ind2=" ">
      <subfield code="a">hunger</subfield>
    </datafield>
    <datafield tag="100" ind1="2" ind2=" ">
      <subfield code="a">Talpainé Kremser Anna</subfield>
    </datafield>
    <datafield tag="245" ind1="1" ind2="0">
      <subfield code="a">1000 német tesztkérdés /</subfield>
      <subfield code="c">[Talpainé Kremser Anna, Sövényházi Edit]</subfield>
    </datafield>
    <datafield tag="260" ind1=" " ind2=" ">
      <subfield code="a">Szeged :</subfield>
      <subfield code="b">Maxim,</subfield>
      <subfield code="c">2004</subfield>
    </datafield>
    <datafield tag="300" ind1=" " ind2=" ">
      <subfield code="a">156 p. ;</subfield>
      <subfield code="c">21 cm</subfield>
    </datafield>
    <datafield tag="650" ind1=" " ind2="7">
      <subfield code="a">Német nyelvkönyv</subfield>
      <subfield code="x">középfokú</subfield>
      <subfield code="x">gyakorlatok</subfield>
      <subfield code="2">szte</subfield>
    </datafield>
    <datafield tag="650" ind1=" " ind2="7">
      <subfield code="a">Nyelvi tesztek</subfield>
      <subfield code="x">német</subfield>
      <subfield code="2">szte</subfield>
    </datafield>
    <datafield tag="700" ind1="1" ind2=" ">
      <subfield code="a">Sövényházi Edit</subfield>
    </datafield>
    <datafield tag="852" ind1=" " ind2=" ">
      <subfield code="a">SZ4</subfield>
      <subfield code="b">SZ4</subfield>
      <subfield code="x">bibSOK382558</subfield>
    </datafield>
  </record>
  <record>
    <leader>01237nam  2200385 i 4500</leader>
    <controlfield tag="001">MOKKAN0004204432  </controlfield>
    <controlfield tag="005">20091222160620.0</controlfield>
    <controlfield tag="008">070226s2006    hu            00010 hun d</controlfield>
    <datafield tag="020" ind1=" " ind2=" ">
      <subfield code="a">963 86130 0 9 :</subfield>
    </datafield>
    <datafield tag="035" ind1=" " ind2=" ">
      <subfield code="a">bibDEK00624013</subfield>
    </datafield>
    <datafield tag="040" ind1=" " ind2=" ">
      <subfield code="a">DEENK</subfield>
    </datafield>
    <datafield tag="041" ind1="1" ind2=" ">
      <subfield code="a">hunger</subfield>
    </datafield>
    <datafield tag="080" ind1=" " ind2=" ">
      <subfield code="a">803.0-07(076.1)</subfield>
    </datafield>
    <datafield tag="100" ind1="2" ind2=" ">
      <subfield code="a">Talpainé Kremser Anna</subfield>
    </datafield>
    <datafield tag="245" ind1="1" ind2="0">
      <subfield code="a">1000 német tesztkérdés /</subfield>
      <subfield code="c">[Talpainé Kremser Anna, Sövényházi Edit]</subfield>
    </datafield>
    <datafield tag="260" ind1=" " ind2=" ">
      <subfield code="a">Szeged :</subfield>
      <subfield code="b">Maxim,</subfield>
      <subfield code="c">2006</subfield>
    </datafield>
    <datafield tag="300" ind1=" " ind2=" ">
      <subfield code="a">156, [1] p. ;</subfield>
      <subfield code="c">21 cm</subfield>
    </datafield>
    <datafield tag="650" ind1=" " ind2="7">
      <subfield code="a">Német nyelv</subfield>
      <subfield code="x">feladatok, gyakorlatok stb.</subfield>
      <subfield code="2">lcsh//hun</subfield>
    </datafield>
    <datafield tag="650" ind1=" " ind2="7">
      <subfield code="a">Német nyelv</subfield>
      <subfield code="x">vizsgák, kérdések stb.</subfield>
      <subfield code="2">lcsh//hun</subfield>
    </datafield>
    <datafield tag="650" ind1=" " ind2="0">
      <subfield code="a">German language</subfield>
      <subfield code="x">Problems, exercises, etc.</subfield>
    </datafield>
    <datafield tag="650" ind1=" " ind2="0">
      <subfield code="a">German language</subfield>
      <subfield code="x">Examinations, questions, etc.</subfield>
    </datafield>
    <datafield tag="650" ind1=" " ind2="4">
      <subfield code="a">Német nyelv</subfield>
      <subfield code="x">feladatok, gyakorlatok stb.</subfield>
    </datafield>
    <datafield tag="650" ind1=" " ind2="4">
      <subfield code="a">Német nyelv</subfield>
      <subfield code="x">vizsgák, kérdések stb.</subfield>
    </datafield>
    <datafield tag="650" ind1=" " ind2="7">
      <subfield code="a">tesztgyűjtemény</subfield>
      <subfield code="2">opkm</subfield>
    </datafield>
    <datafield tag="650" ind1=" " ind2="7">
      <subfield code="a">német nyelv</subfield>
      <subfield code="2">opkm</subfield>
    </datafield>
    <datafield tag="650" ind1=" " ind2="7">
      <subfield code="a">nyelvkönyv</subfield>
      <subfield code="2">opkm</subfield>
    </datafield>
    <datafield tag="653" ind1=" " ind2=" ">
      <subfield code="a">beszéd</subfield>
    </datafield>
    <datafield tag="653" ind1=" " ind2=" ">
      <subfield code="a">nyelvoktatás</subfield>
    </datafield>
    <datafield tag="653" ind1=" " ind2=" ">
      <subfield code="a">nyelvtan</subfield>
    </datafield>
    <datafield tag="653" ind1=" " ind2=" ">
      <subfield code="a">nyelvészet</subfield>
    </datafield>
    <datafield tag="653" ind1=" " ind2=" ">
      <subfield code="a">példatár</subfield>
    </datafield>
    <datafield tag="700" ind1="1" ind2=" ">
      <subfield code="a">Sövényházi Edit</subfield>
    </datafield>
    <datafield tag="852" ind1=" " ind2=" ">
      <subfield code="a">D1</subfield>
      <subfield code="b">D1/NY</subfield>
      <subfield code="x">bibDEK00624013</subfield>
    </datafield>
    <datafield tag="852" ind1=" " ind2=" ">
      <subfield code="a">B9</subfield>
      <subfield code="b">B9</subfield>
      <subfield code="x">72866</subfield>
    </datafield>
    <datafield tag="852" ind1=" " ind2=" ">
      <subfield code="a">B7</subfield>
      <subfield code="b">B7</subfield>
      <subfield code="x">254019</subfield>
    </datafield>
  </record>
  <record>
    <leader>00640nam  2200193 i 4500</leader>
    <controlfield tag="001">MOKKAN0004200488  </controlfield>
    <controlfield tag="005">20070329174722.0</controlfield>
    <controlfield tag="008">070329s2006    hu            00010 hun d</controlfield>
    <datafield tag="020" ind1=" " ind2=" ">
      <subfield code="a">(Fűzött)</subfield>
      <subfield code="z">963 86130 0 9</subfield>
    </datafield>
    <datafield tag="035" ind1=" " ind2=" ">
      <subfield code="a">bibSOK00412364</subfield>
    </datafield>
    <datafield tag="040" ind1=" " ind2=" ">
      <subfield code="a">SK</subfield>
    </datafield>
    <datafield tag="100" ind1="2" ind2=" ">
      <subfield code="a">Talpainé Kremser Anna</subfield>
    </datafield>
    <datafield tag="245" ind1="1" ind2="0">
      <subfield code="a">1000 német tesztkérdés /</subfield>
      <subfield code="c">[szerzők Talpainé Kremser Anna, Sövényházi Edit]</subfield>
    </datafield>
    <datafield tag="260" ind1=" " ind2=" ">
      <subfield code="a">Szeged :</subfield>
      <subfield code="b">Maxim,</subfield>
      <subfield code="c">2006</subfield>
    </datafield>
    <datafield tag="300" ind1=" " ind2=" ">
      <subfield code="a">156 p. :</subfield>
      <subfield code="b">ill. ;</subfield>
      <subfield code="c">21 cm</subfield>
    </datafield>
    <datafield tag="650" ind1=" " ind2="7">
      <subfield code="a">Német nyelvkönyv</subfield>
      <subfield code="x">középfokú</subfield>
      <subfield code="x">gyakorlatok</subfield>
      <subfield code="2">szte</subfield>
    </datafield>
    <datafield tag="650" ind1=" " ind2="7">
      <subfield code="a">Nyelvi tesztek</subfield>
      <subfield code="x">német</subfield>
      <subfield code="2">szte</subfield>
    </datafield>
    <datafield tag="700" ind1="1" ind2=" ">
      <subfield code="a">Sövényházi Edit</subfield>
    </datafield>
    <datafield tag="852" ind1=" " ind2=" ">
      <subfield code="a">SZ4</subfield>
      <subfield code="b">SZ4/K2</subfield>
      <subfield code="x">bibSOK00412364</subfield>
    </datafield>
  </record>
  <record>
    <leader>00433nam  2200157 i 4500</leader>
    <controlfield tag="001">MOKKAW0005555807  </controlfield>
    <controlfield tag="005">20080415045033.0</controlfield>
    <controlfield tag="008">000222s1999                  000 0 hun d</controlfield>
    <datafield tag="035" ind1=" " ind2=" ">
      <subfield code="a">BMEOMIKK000141282</subfield>
    </datafield>
    <datafield tag="040" ind1=" " ind2=" ">
      <subfield code="a">BMEOMIKK</subfield>
    </datafield>
    <datafield tag="041" ind1="0" ind2=" ">
      <subfield code="a">hunger</subfield>
    </datafield>
    <datafield tag="245" ind1="0" ind2="0">
      <subfield code="a">1000 német üzleti levélminta</subfield>
    </datafield>
    <datafield tag="246" ind1="1" ind2="1">
      <subfield code="a">1000 wirtschaftliche Musterbriefe</subfield>
    </datafield>
    <datafield tag="260" ind1=" " ind2=" ">
      <subfield code="a">Budapest :</subfield>
      <subfield code="b">Jogi K.,</subfield>
      <subfield code="c">[1999]</subfield>
    </datafield>
    <datafield tag="300" ind1=" " ind2=" ">
      <subfield code="a">1 CD-ROM</subfield>
    </datafield>
    <datafield tag="852" ind1=" " ind2=" ">
      <subfield code="a">B11</subfield>
      <subfield code="b">B11</subfield>
      <subfield code="x">BMEOMIKK000141282</subfield>
    </datafield>
  </record>
  <record>
    <leader>00907fmm  2200277 i 4500</leader>
    <controlfield tag="001">MOKKAZ0006389054  </controlfield>
    <controlfield tag="005">20040915200033.0</controlfield>
    <controlfield tag="008">000223s2000    hu                  hun d</controlfield>
    <datafield tag="035" ind1=" " ind2=" ">
      <subfield code="a">413690</subfield>
    </datafield>
    <datafield tag="040" ind1=" " ind2=" ">
      <subfield code="a">OSZK</subfield>
    </datafield>
    <datafield tag="041" ind1="0" ind2=" ">
      <subfield code="a">gerhunger</subfield>
    </datafield>
    <datafield tag="245" ind1="0" ind2="0">
      <subfield code="a">1000 német üzleti levélminta</subfield>
      <subfield code="h">elektronikus dok.</subfield>
    </datafield>
    <datafield tag="246" ind1="1" ind2="1">
      <subfield code="a">1000 wirtschaftliche Musterbriefe</subfield>
    </datafield>
    <datafield tag="256" ind1=" " ind2=" ">
      <subfield code="a">Szöveg</subfield>
    </datafield>
    <datafield tag="260" ind1=" " ind2=" ">
      <subfield code="a">Budapest :</subfield>
      <subfield code="b">Jogi K.,</subfield>
      <subfield code="c">[2000]</subfield>
    </datafield>
    <datafield tag="300" ind1=" " ind2=" ">
      <subfield code="a">1 CD-R ;</subfield>
      <subfield code="c">12 cm</subfield>
    </datafield>
    <datafield tag="500" ind1=" " ind2=" ">
      <subfield code="a">Főcím a lemezcímkéről</subfield>
    </datafield>
    <datafield tag="538" ind1=" " ind2=" ">
      <subfield code="a">Működési követelmények: Windows alatt működő Word ill. Write szövegszerkesztők, valamint DOS rendszerben futó programok</subfield>
    </datafield>
    <datafield tag="650" ind1=" " ind2="4">
      <subfield code="a">Kereskedelmi levelezés, német</subfield>
    </datafield>
    <datafield tag="650" ind1=" " ind2="4">
      <subfield code="a">Levélírás</subfield>
    </datafield>
    <datafield tag="650" ind1=" " ind2="4">
      <subfield code="a">Levélminták</subfield>
    </datafield>
    <datafield tag="650" ind1=" " ind2="0">
      <subfield code="a">Commercial correspondence, German.</subfield>
    </datafield>
    <datafield tag="650" ind1=" " ind2="0">
      <subfield code="a">Letter-writing.</subfield>
    </datafield>
    <datafield tag="650" ind1=" " ind2="0">
      <subfield code="a">Form letters.</subfield>
    </datafield>
    <datafield tag="852" ind1=" " ind2=" ">
      <subfield code="a">B1</subfield>
      <subfield code="b">B1</subfield>
      <subfield code="x">413690</subfield>
    </datafield>
    <datafield tag="852" ind1=" " ind2=" ">
      <subfield code="a">D1</subfield>
      <subfield code="b">D1</subfield>
      <subfield code="x">bibKLT00284398</subfield>
    </datafield>
  </record>
  <record>
    <leader>00901nmm  2200241 i 4500</leader>
    <controlfield tag="001">MOKKAW0005424534  </controlfield>
    <controlfield tag="005">20080812115001.0</controlfield>
    <controlfield tag="008">010305s2000    hu n       ua       ger d</controlfield>
    <datafield tag="035" ind1=" " ind2=" ">
      <subfield code="a">bibKLT00284398</subfield>
    </datafield>
    <datafield tag="040" ind1=" " ind2=" ">
      <subfield code="a">DEENK</subfield>
    </datafield>
    <datafield tag="245" ind1="0" ind2="0">
      <subfield code="a">1000 német üzleti levélminta</subfield>
      <subfield code="h">[elektronikus dokumentum]</subfield>
    </datafield>
    <datafield tag="256" ind1=" " ind2=" ">
      <subfield code="a">Szöveg</subfield>
    </datafield>
    <datafield tag="260" ind1=" " ind2=" ">
      <subfield code="a">Budapest :</subfield>
      <subfield code="b">Jogi Kiadó,</subfield>
      <subfield code="c">[2000]</subfield>
    </datafield>
    <datafield tag="300" ind1=" " ind2=" ">
      <subfield code="a">1 CD-ROM ;</subfield>
      <subfield code="c">12 cm</subfield>
    </datafield>
    <datafield tag="500" ind1=" " ind2=" ">
      <subfield code="a">Főcím a disc címkéjéről</subfield>
    </datafield>
    <datafield tag="538" ind1=" " ind2=" ">
      <subfield code="a">Rendszerkövetelmények: A levélminták felhasználhatók a Windows alatt működő Word (.doc) ill. Write (.wri) szövegszerkesztők, valamint a DOS (.txt) rendszerben futó programok segítségével.</subfield>
    </datafield>
    <datafield tag="650" ind1=" " ind2="4">
      <subfield code="a">Kereskedelmi levelezés, német</subfield>
    </datafield>
    <datafield tag="650" ind1=" " ind2="4">
      <subfield code="a">Levélírás</subfield>
    </datafield>
    <datafield tag="650" ind1=" " ind2="4">
      <subfield code="a">Levélminták</subfield>
    </datafield>
    <datafield tag="650" ind1=" " ind2="0">
      <subfield code="a">Commercial correspondence, German.</subfield>
    </datafield>
    <datafield tag="650" ind1=" " ind2="0">
      <subfield code="a">Letter-writing.</subfield>
    </datafield>
    <datafield tag="650" ind1=" " ind2="0">
      <subfield code="a">Form letters.</subfield>
    </datafield>
    <datafield tag="852" ind1=" " ind2=" ">
      <subfield code="a">D1</subfield>
      <subfield code="b">D1/PM</subfield>
      <subfield code="x">bibKLT00284398</subfield>
    </datafield>
  </record>
  <record>
    <leader>00604nam  2200193 i 4500</leader>
    <controlfield tag="001">MOKKAS0001149645  </controlfield>
    <controlfield tag="005">20080915024300.0</controlfield>
    <controlfield tag="008">050903s1993    xo            00010 slo d</controlfield>
    <datafield tag="020" ind1=" " ind2=" ">
      <subfield code="a">80-06-00298-3</subfield>
    </datafield>
    <datafield tag="035" ind1=" " ind2=" ">
      <subfield code="a">bibBKO00187948</subfield>
    </datafield>
    <datafield tag="040" ind1=" " ind2=" ">
      <subfield code="a">BMK</subfield>
    </datafield>
    <datafield tag="130" ind1="0" ind2="1">
      <subfield code="a">1000 réponses</subfield>
    </datafield>
    <datafield tag="245" ind1="0" ind2="0">
      <subfield code="a">1000 odpovedí /</subfield>
      <subfield code="c">Pierre Avérous [et al.] ; ved. aut. kol. Daniel Sassier</subfield>
    </datafield>
    <datafield tag="260" ind1=" " ind2=" ">
      <subfield code="a">Bratislava :</subfield>
      <subfield code="b">Mladé letá,</subfield>
      <subfield code="c">1993</subfield>
    </datafield>
    <datafield tag="300" ind1=" " ind2=" ">
      <subfield code="a">328 p. :</subfield>
      <subfield code="b">ill. ;</subfield>
      <subfield code="c">25 cm</subfield>
    </datafield>
    <datafield tag="650" ind1=" " ind2="4">
      <subfield code="a">gyermeklexikonok, általános</subfield>
    </datafield>
    <datafield tag="700" ind1="1" ind2=" ">
      <subfield code="a">Avérous, Pierre</subfield>
      <subfield code="4">közrem.</subfield>
    </datafield>
    <datafield tag="700" ind1="1" ind2=" ">
      <subfield code="a">Sassier, Daniel</subfield>
      <subfield code="4">szerk.</subfield>
    </datafield>
    <datafield tag="852" ind1=" " ind2=" ">
      <subfield code="a">BCS1</subfield>
      <subfield code="b">BCS1</subfield>
      <subfield code="x">bibBKO00187948</subfield>
    </datafield>
  </record>
  <record>
    <leader>01701fam  2200505 i 4500</leader>
    <controlfield tag="001">MOKKAZ0006438510  </controlfield>
    <controlfield tag="005">20040915202536.0</controlfield>
    <controlfield tag="008">011220s2001    hu            000 0 hun d</controlfield>
    <datafield tag="020" ind1=" " ind2=" ">
      <subfield code="a">963-86130-2-5 (fűzött) :</subfield>
      <subfield code="c">1500,- Ft</subfield>
    </datafield>
    <datafield tag="035" ind1=" " ind2=" ">
      <subfield code="a">909299</subfield>
    </datafield>
    <datafield tag="040" ind1=" " ind2=" ">
      <subfield code="a">OSZK</subfield>
    </datafield>
    <datafield tag="041" ind1="0" ind2=" ">
      <subfield code="a">hunhunita</subfield>
    </datafield>
    <datafield tag="100" ind1="1" ind2=" ">
      <subfield code="a">Doró Gézáné</subfield>
      <subfield code="d">(1949-)</subfield>
    </datafield>
    <datafield tag="245" ind1="1" ind2="0">
      <subfield code="a">1000 olasz tesztkérdés /</subfield>
      <subfield code="c">[szerzők Doró Gézáné, Kovács Mónika]</subfield>
    </datafield>
    <datafield tag="260" ind1=" " ind2=" ">
      <subfield code="a">Szeged :</subfield>
      <subfield code="b">Maxim,</subfield>
      <subfield code="c">2001</subfield>
      <subfield code="e">([Budapest]</subfield>
      <subfield code="f">Generál Print)</subfield>
    </datafield>
    <datafield tag="300" ind1=" " ind2=" ">
      <subfield code="a">156 p. ;</subfield>
      <subfield code="c">21 cm</subfield>
    </datafield>
    <datafield tag="650" ind1=" " ind2="4">
      <subfield code="a">Olasz nyelv</subfield>
      <subfield code="x">vizsgák, kérdések stb.</subfield>
    </datafield>
    <datafield tag="650" ind1=" " ind2="0">
      <subfield code="a">Italian language</subfield>
      <subfield code="x">Examinations, questions, etc.</subfield>
    </datafield>
    <datafield tag="650" ind1=" " ind2="4">
      <subfield code="a">Olasz nyelv</subfield>
      <subfield code="x">Nyelvtan</subfield>
      <subfield code="x">Feladatgyűjtemény</subfield>
    </datafield>
    <datafield tag="650" ind1=" " ind2="4">
      <subfield code="a">Olasz nyelv</subfield>
      <subfield code="x">Tesztek</subfield>
    </datafield>
    <datafield tag="650" ind1="0" ind2="4">
      <subfield code="a">olasz nyelv</subfield>
      <subfield code="x">nyelvtan</subfield>
      <subfield code="v">példatár</subfield>
    </datafield>
    <datafield tag="650" ind1=" " ind2="4">
      <subfield code="a">Olasz nyelvkönyvek</subfield>
    </datafield>
    <datafield tag="650" ind1=" " ind2="4">
      <subfield code="a">tesztlap</subfield>
    </datafield>
    <datafield tag="650" ind1=" " ind2="4">
      <subfield code="a">olasz nyelv</subfield>
    </datafield>
    <datafield tag="650" ind1=" " ind2="4">
      <subfield code="a">nyelvkönyv</subfield>
    </datafield>
    <datafield tag="650" ind1=" " ind2="4">
      <subfield code="a">tesztgyűjtemények</subfield>
    </datafield>
    <datafield tag="650" ind1=" " ind2="4">
      <subfield code="a">olasz nyelvkönyv</subfield>
    </datafield>
    <datafield tag="650" ind1=" " ind2="4">
      <subfield code="a">feladatgyűjtemény, példatár</subfield>
    </datafield>
    <datafield tag="650" ind1=" " ind2="4">
      <subfield code="a">feladatlap</subfield>
    </datafield>
    <datafield tag="650" ind1=" " ind2="7">
      <subfield code="a">Olasz nyelvkönyv</subfield>
      <subfield code="x">középfokú</subfield>
      <subfield code="x">gyakorlatok</subfield>
      <subfield code="2">szte</subfield>
    </datafield>
    <datafield tag="650" ind1=" " ind2="7">
      <subfield code="a">Nyelvvizsga</subfield>
      <subfield code="x">olasz</subfield>
      <subfield code="x">írásbeli</subfield>
      <subfield code="x">gyakorlatok</subfield>
      <subfield code="2">szte</subfield>
    </datafield>
    <datafield tag="650" ind1=" " ind2="7">
      <subfield code="a">Nyelvi tesztek</subfield>
      <subfield code="x">olasz</subfield>
      <subfield code="2">szte</subfield>
    </datafield>
    <datafield tag="650" ind1=" " ind2="7">
      <subfield code="a">Nyelvi tesztek</subfield>
      <subfield code="x">olasz</subfield>
      <subfield code="x">középfokú</subfield>
      <subfield code="2">szte</subfield>
    </datafield>
    <datafield tag="700" ind1="1" ind2="0">
      <subfield code="a">Kovács Mónika</subfield>
    </datafield>
    <datafield tag="852" ind1=" " ind2=" ">
      <subfield code="a">B1</subfield>
      <subfield code="b">B1</subfield>
      <subfield code="x">909299</subfield>
    </datafield>
    <datafield tag="852" ind1=" " ind2=" ">
      <subfield code="a">D1</subfield>
      <subfield code="b">D1</subfield>
      <subfield code="x">bibJGY00101374</subfield>
    </datafield>
    <datafield tag="852" ind1=" " ind2=" ">
      <subfield code="a">B10</subfield>
      <subfield code="B">0801</subfield>
      <subfield code="b">0305</subfield>
      <subfield code="x">bibFSZ656611</subfield>
    </datafield>
    <datafield tag="852" ind1=" " ind2=" ">
      <subfield code="a">P1</subfield>
      <subfield code="b">P1/SZ</subfield>
      <subfield code="x">bibJGY00101374</subfield>
    </datafield>
    <datafield tag="852" ind1=" " ind2=" ">
      <subfield code="a">B14</subfield>
      <subfield code="b">B14</subfield>
      <subfield code="x">779080</subfield>
    </datafield>
    <datafield tag="852" ind1=" " ind2=" ">
      <subfield code="a">GY1</subfield>
      <subfield code="b">GY1</subfield>
      <subfield code="x">KKMK549725</subfield>
    </datafield>
    <datafield tag="852" ind1=" " ind2=" ">
      <subfield code="a">S1</subfield>
      <subfield code="b">S1</subfield>
      <subfield code="x">bibSEF53333</subfield>
    </datafield>
    <datafield tag="852" ind1=" " ind2=" ">
      <subfield code="a">M2</subfield>
      <subfield code="b">M2</subfield>
      <subfield code="x">bibRFK00130745</subfield>
    </datafield>
    <datafield tag="852" ind1=" " ind2=" ">
      <subfield code="a">GY1</subfield>
      <subfield code="b">GY1</subfield>
      <subfield code="x">549725</subfield>
    </datafield>
    <datafield tag="852" ind1=" " ind2=" ">
      <subfield code="a">SZ1</subfield>
      <subfield code="b">SZ1</subfield>
      <subfield code="x">bibJGYx47380</subfield>
    </datafield>
    <datafield tag="852" ind1=" " ind2=" ">
      <subfield code="a">SZ4</subfield>
      <subfield code="b">SZ4</subfield>
      <subfield code="x">bibFSZ656611</subfield>
    </datafield>
  </record>
  <record>
    <leader>00880nam  2200277 i 4500</leader>
    <controlfield tag="001">MOKKAS0003815842  </controlfield>
    <controlfield tag="005">20060616053332.0</controlfield>
    <controlfield tag="008">      s2003    hu            00010 hun d</controlfield>
    <datafield tag="020" ind1=" " ind2=" ">
      <subfield code="a">963-86130-2-5 (fűzött) :</subfield>
      <subfield code="c">1280,- Ft</subfield>
    </datafield>
    <datafield tag="035" ind1=" " ind2=" ">
      <subfield code="a">bibSOK285218</subfield>
    </datafield>
    <datafield tag="040" ind1=" " ind2=" ">
      <subfield code="a">SZTE</subfield>
    </datafield>
    <datafield tag="041" ind1=" " ind2=" ">
      <subfield code="a">hunita</subfield>
    </datafield>
    <datafield tag="100" ind1="1" ind2=" ">
      <subfield code="a">Doró Gézáné</subfield>
    </datafield>
    <datafield tag="245" ind1="1" ind2="0">
      <subfield code="a">1000 olasz tesztkérdés /</subfield>
      <subfield code="c">[szerzők: Doró Gézáné, Kovács Mónika]</subfield>
    </datafield>
    <datafield tag="260" ind1=" " ind2=" ">
      <subfield code="a">Szeged :</subfield>
      <subfield code="b">Maxim,</subfield>
      <subfield code="c">2003</subfield>
    </datafield>
    <datafield tag="300" ind1=" " ind2=" ">
      <subfield code="a">156 p. ;</subfield>
      <subfield code="c">21 cm</subfield>
    </datafield>
    <datafield tag="650" ind1=" " ind2="7">
      <subfield code="a">Olasz nyelvkönyv</subfield>
      <subfield code="x">középfokú</subfield>
      <subfield code="x">gyakorlatok</subfield>
      <subfield code="2">szte</subfield>
    </datafield>
    <datafield tag="650" ind1=" " ind2="7">
      <subfield code="a">Nyelvvizsga</subfield>
      <subfield code="x">olasz</subfield>
      <subfield code="x">írásbeli</subfield>
      <subfield code="x">gyakorlatok</subfield>
      <subfield code="2">szte</subfield>
    </datafield>
    <datafield tag="650" ind1=" " ind2="7">
      <subfield code="a">Nyelvi tesztek</subfield>
      <subfield code="x">olasz</subfield>
      <subfield code="2">szte</subfield>
    </datafield>
    <datafield tag="650" ind1=" " ind2="4">
      <subfield code="a">Olasz nyelv</subfield>
    </datafield>
    <datafield tag="650" ind1=" " ind2="4">
      <subfield code="a">Italian language</subfield>
    </datafield>
    <datafield tag="650" ind1=" " ind2="4">
      <subfield code="a">Nyelvkönyv, olasz</subfield>
    </datafield>
    <datafield tag="650" ind1=" " ind2="4">
      <subfield code="a">Tesztek, nyelvtani</subfield>
    </datafield>
    <datafield tag="700" ind1="1" ind2=" ">
      <subfield code="a">Kovács Mónika</subfield>
    </datafield>
    <datafield tag="852" ind1=" " ind2=" ">
      <subfield code="a">SZ1</subfield>
      <subfield code="b">SZ1</subfield>
      <subfield code="x">bibSOK285218</subfield>
    </datafield>
    <datafield tag="852" ind1=" " ind2=" ">
      <subfield code="a">SZL1</subfield>
      <subfield code="b">SZL1</subfield>
      <subfield code="x">bibVFK00246791</subfield>
    </datafield>
  </record>
  <record>
    <leader>00827nam  2200253   4500</leader>
    <controlfield tag="001">MOKKAS0002342830  </controlfield>
    <controlfield tag="005">20070124204906.0</controlfield>
    <controlfield tag="008">      s2003    hu                  hun d</controlfield>
    <datafield tag="020" ind1=" " ind2=" ">
      <subfield code="a">(Fűzött) </subfield>
      <subfield code="z">963-86130-2-5</subfield>
    </datafield>
    <datafield tag="020" ind1=" " ind2=" ">
      <subfield code="a">963 86130 2 5</subfield>
    </datafield>
    <datafield tag="035" ind1=" " ind2=" ">
      <subfield code="a">bibSOK285218</subfield>
    </datafield>
    <datafield tag="040" ind1=" " ind2=" ">
      <subfield code="a">SK</subfield>
    </datafield>
    <datafield tag="041" ind1=" " ind2=" ">
      <subfield code="a">hunita</subfield>
    </datafield>
    <datafield tag="100" ind1="1" ind2=" ">
      <subfield code="a">Doró Gézáné</subfield>
    </datafield>
    <datafield tag="245" ind1="1" ind2="0">
      <subfield code="a">1000 olasz tesztkérdés /</subfield>
      <subfield code="c">[szerzők Doró Gézáné, Kovács Mónika]</subfield>
    </datafield>
    <datafield tag="260" ind1=" " ind2=" ">
      <subfield code="a">Szeged :</subfield>
      <subfield code="b">Maxim,</subfield>
      <subfield code="c">2003</subfield>
    </datafield>
    <datafield tag="300" ind1=" " ind2=" ">
      <subfield code="a">156, [1] p. ;</subfield>
      <subfield code="c">21 cm</subfield>
    </datafield>
    <datafield tag="650" ind1=" " ind2="7">
      <subfield code="a">Olasz nyelvkönyv</subfield>
      <subfield code="x">középfokú</subfield>
      <subfield code="x">gyakorlatok</subfield>
      <subfield code="2">szte</subfield>
    </datafield>
    <datafield tag="650" ind1=" " ind2="7">
      <subfield code="a">Nyelvi tesztek</subfield>
      <subfield code="x">olasz</subfield>
      <subfield code="x">középfokú</subfield>
      <subfield code="2">szte</subfield>
    </datafield>
    <datafield tag="650" ind1=" " ind2="7">
      <subfield code="a">Nyelvvizsga</subfield>
      <subfield code="x">olasz</subfield>
      <subfield code="x">írásbeli</subfield>
      <subfield code="x">gyakorlatok</subfield>
      <subfield code="2">szte</subfield>
    </datafield>
    <datafield tag="650" ind1=" " ind2="7">
      <subfield code="a">Nyelvi tesztek</subfield>
      <subfield code="x">olasz</subfield>
      <subfield code="2">szte</subfield>
    </datafield>
    <datafield tag="700" ind1="1" ind2=" ">
      <subfield code="a">Kovács Mónika</subfield>
    </datafield>
    <datafield tag="852" ind1=" " ind2=" ">
      <subfield code="a">SZ4</subfield>
      <subfield code="b">SZ4</subfield>
      <subfield code="x">bibSOK285218</subfield>
    </datafield>
    <datafield tag="852" ind1=" " ind2=" ">
      <subfield code="a">SZ1</subfield>
      <subfield code="b">SZ1/B3</subfield>
      <subfield code="x">bibSOK285218</subfield>
    </datafield>
  </record>
  <record>
    <leader>00975nam  2200301 i 4500</leader>
    <controlfield tag="001">MOKKAS0002081101  </controlfield>
    <controlfield tag="005">20090505174947.0</controlfield>
    <controlfield tag="008">050304s2004    hu            000 0 hun d</controlfield>
    <datafield tag="020" ind1=" " ind2=" ">
      <subfield code="a">963-86130-2-5 (fűzött)</subfield>
    </datafield>
    <datafield tag="035" ind1=" " ind2=" ">
      <subfield code="a">2549956</subfield>
    </datafield>
    <datafield tag="040" ind1=" " ind2=" ">
      <subfield code="a">OSZK</subfield>
    </datafield>
    <datafield tag="041" ind1="0" ind2=" ">
      <subfield code="a">hunhunita</subfield>
    </datafield>
    <datafield tag="100" ind1="1" ind2=" ">
      <subfield code="a">Doró Gézáné</subfield>
      <subfield code="d">(1949-)</subfield>
    </datafield>
    <datafield tag="245" ind1="1" ind2="0">
      <subfield code="a">1000 olasz tesztkérdés /</subfield>
      <subfield code="c">[szerzők Doró Gézáné, Kovács Mónika]</subfield>
    </datafield>
    <datafield tag="260" ind1=" " ind2=" ">
      <subfield code="a">Szeged :</subfield>
      <subfield code="b">Maxim,</subfield>
      <subfield code="c">2004</subfield>
    </datafield>
    <datafield tag="300" ind1=" " ind2=" ">
      <subfield code="a">156 p. ;</subfield>
      <subfield code="c">21 cm</subfield>
    </datafield>
    <datafield tag="650" ind1="1" ind2="7">
      <subfield code="a">olasz nyelv</subfield>
      <subfield code="2">oszk</subfield>
    </datafield>
    <datafield tag="650" ind1="1" ind2="7">
      <subfield code="a">nyelvvizsga</subfield>
      <subfield code="2">oszk</subfield>
    </datafield>
    <datafield tag="650" ind1=" " ind2="4">
      <subfield code="a">Olasz nyelvkönyvek</subfield>
    </datafield>
    <datafield tag="650" ind1=" " ind2="7">
      <subfield code="a">Olasz nyelvkönyv</subfield>
      <subfield code="x">középfokú</subfield>
      <subfield code="x">gyakorlatok</subfield>
      <subfield code="2">szte</subfield>
    </datafield>
    <datafield tag="650" ind1=" " ind2="7">
      <subfield code="a">Nyelvi tesztek</subfield>
      <subfield code="x">olasz</subfield>
      <subfield code="x">középfokú</subfield>
      <subfield code="2">szte</subfield>
    </datafield>
    <datafield tag="650" ind1=" " ind2="7">
      <subfield code="a">Nyelvvizsga</subfield>
      <subfield code="x">olasz</subfield>
      <subfield code="x">írásbeli</subfield>
      <subfield code="x">gyakorlatok</subfield>
      <subfield code="2">szte</subfield>
    </datafield>
    <datafield tag="650" ind1=" " ind2="7">
      <subfield code="a">Nyelvi tesztek</subfield>
      <subfield code="x">olasz</subfield>
      <subfield code="2">szte</subfield>
    </datafield>
    <datafield tag="700" ind1="1" ind2="0">
      <subfield code="a">Kovács Mónika</subfield>
    </datafield>
    <datafield tag="852" ind1=" " ind2=" ">
      <subfield code="a">B1</subfield>
      <subfield code="b">B1</subfield>
      <subfield code="x">2549956</subfield>
    </datafield>
    <datafield tag="852" ind1=" " ind2=" ">
      <subfield code="a">B14</subfield>
      <subfield code="b">B14</subfield>
      <subfield code="x">839950</subfield>
    </datafield>
    <datafield tag="852" ind1=" " ind2=" ">
      <subfield code="a">SZ4</subfield>
      <subfield code="b">SZ4</subfield>
      <subfield code="x">bibSOK327593</subfield>
    </datafield>
    <datafield tag="852" ind1=" " ind2=" ">
      <subfield code="a">SZ1</subfield>
      <subfield code="b">SZ1</subfield>
      <subfield code="b">SZ1/B3</subfield>
      <subfield code="x">bibJAT00700870</subfield>
    </datafield>
  </record>
  <record>
    <leader>01073nam  2200337 i 4500</leader>
    <controlfield tag="001">MOKKAS0002086268  </controlfield>
    <controlfield tag="005">20090620205348.0</controlfield>
    <controlfield tag="008">051018s2005    hu            000 0 hun d</controlfield>
    <datafield tag="020" ind1=" " ind2=" ">
      <subfield code="a">963-86130-2-5 (fűzött)</subfield>
    </datafield>
    <datafield tag="035" ind1=" " ind2=" ">
      <subfield code="a">2581006</subfield>
    </datafield>
    <datafield tag="040" ind1=" " ind2=" ">
      <subfield code="a">OSZK</subfield>
    </datafield>
    <datafield tag="041" ind1="0" ind2=" ">
      <subfield code="a">hunhunita</subfield>
    </datafield>
    <datafield tag="080" ind1=" " ind2="0">
      <subfield code="a">805.0(076)</subfield>
    </datafield>
    <datafield tag="100" ind1="1" ind2=" ">
      <subfield code="a">Doró Gézáné</subfield>
      <subfield code="d">(1949-)</subfield>
    </datafield>
    <datafield tag="245" ind1="1" ind2="0">
      <subfield code="a">1000 olasz tesztkérdés /</subfield>
      <subfield code="c">[szerzők Doró Gézáné, Kovács Mónika]</subfield>
    </datafield>
    <datafield tag="260" ind1=" " ind2=" ">
      <subfield code="a">Szeged :</subfield>
      <subfield code="b">Maxim,</subfield>
      <subfield code="c">2005</subfield>
    </datafield>
    <datafield tag="300" ind1=" " ind2=" ">
      <subfield code="a">156 p. ;</subfield>
      <subfield code="c">21 cm</subfield>
    </datafield>
    <datafield tag="650" ind1="1" ind2="7">
      <subfield code="a">olasz nyelv</subfield>
      <subfield code="2">oszk</subfield>
    </datafield>
    <datafield tag="650" ind1="1" ind2="7">
      <subfield code="a">nyelvvizsga</subfield>
      <subfield code="2">oszk</subfield>
    </datafield>
    <datafield tag="650" ind1=" " ind2="7">
      <subfield code="a">Olasz nyelvkönyv</subfield>
      <subfield code="x">középfokú</subfield>
      <subfield code="x">gyakorlatok</subfield>
      <subfield code="2">szte</subfield>
    </datafield>
    <datafield tag="650" ind1=" " ind2="7">
      <subfield code="a">Nyelvvizsga</subfield>
      <subfield code="x">olasz</subfield>
      <subfield code="x">írásbeli</subfield>
      <subfield code="x">gyakorlatok</subfield>
      <subfield code="2">szte</subfield>
    </datafield>
    <datafield tag="650" ind1=" " ind2="7">
      <subfield code="a">Nyelvi tesztek</subfield>
      <subfield code="x">olasz</subfield>
      <subfield code="2">szte</subfield>
    </datafield>
    <datafield tag="695" ind1=" " ind2=" ">
      <subfield code="a">Olasz nyelvkönyv, feladatok</subfield>
    </datafield>
    <datafield tag="695" ind1=" " ind2=" ">
      <subfield code="a">Tesztek</subfield>
    </datafield>
    <datafield tag="695" ind1=" " ind2=" ">
      <subfield code="a">Nyelvvizsga anyag, olasz</subfield>
    </datafield>
    <datafield tag="695" ind1=" " ind2=" ">
      <subfield code="a">Olasz nyelv</subfield>
      <subfield code="x">Nyelvtan</subfield>
      <subfield code="x">Feladatgyűjtemény</subfield>
    </datafield>
    <datafield tag="695" ind1=" " ind2=" ">
      <subfield code="a">Olasz nyelv</subfield>
      <subfield code="x">Tesztek</subfield>
    </datafield>
    <datafield tag="700" ind1="1" ind2="0">
      <subfield code="a">Kovács Mónika</subfield>
    </datafield>
    <datafield tag="852" ind1=" " ind2=" ">
      <subfield code="a">B1</subfield>
      <subfield code="b">B1</subfield>
      <subfield code="x">2581006</subfield>
    </datafield>
    <datafield tag="852" ind1=" " ind2=" ">
      <subfield code="a">SZ1</subfield>
      <subfield code="b">SZ1</subfield>
      <subfield code="x">bibJAT00701679</subfield>
    </datafield>
    <datafield tag="852" ind1=" " ind2=" ">
      <subfield code="a">P1</subfield>
      <subfield code="b">P1</subfield>
      <subfield code="x">bibPTE00513649</subfield>
    </datafield>
  </record>
  <record>
    <leader>00636nam  2200205   4500</leader>
    <controlfield tag="001">MOKKAS0002398543  </controlfield>
    <controlfield tag="005">20060618094438.0</controlfield>
    <controlfield tag="008">060309s2001    hu                  ita d</controlfield>
    <datafield tag="020" ind1=" " ind2=" ">
      <subfield code="a">(Fűzött)</subfield>
      <subfield code="z">963-86130-2-5</subfield>
    </datafield>
    <datafield tag="035" ind1=" " ind2=" ">
      <subfield code="a">bibSOK382552</subfield>
    </datafield>
    <datafield tag="040" ind1=" " ind2=" ">
      <subfield code="a">SK</subfield>
    </datafield>
    <datafield tag="041" ind1=" " ind2=" ">
      <subfield code="a">ita</subfield>
    </datafield>
    <datafield tag="100" ind1="1" ind2=" ">
      <subfield code="a">Doró Gézáné</subfield>
    </datafield>
    <datafield tag="245" ind1="1" ind2="0">
      <subfield code="a">1000 olasz tesztkérdés /</subfield>
      <subfield code="c">[szerzők Doró Gézáné, Kovács Mónika]</subfield>
    </datafield>
    <datafield tag="260" ind1=" " ind2=" ">
      <subfield code="a">Szeged :</subfield>
      <subfield code="b">Maxim,</subfield>
      <subfield code="c">2005</subfield>
    </datafield>
    <datafield tag="300" ind1=" " ind2=" ">
      <subfield code="a">156 p. ;</subfield>
      <subfield code="c">21 cm</subfield>
    </datafield>
    <datafield tag="650" ind1=" " ind2="7">
      <subfield code="a">Olasz nyelvkönyv</subfield>
      <subfield code="x">középfokú</subfield>
      <subfield code="x">gyakorlatok</subfield>
      <subfield code="2">szte</subfield>
    </datafield>
    <datafield tag="650" ind1=" " ind2="7">
      <subfield code="a">Nyelvi tesztek</subfield>
      <subfield code="x">olasz</subfield>
      <subfield code="x">középfokú</subfield>
      <subfield code="2">szte</subfield>
    </datafield>
    <datafield tag="700" ind1="1" ind2=" ">
      <subfield code="a">Kovács Mónika</subfield>
    </datafield>
    <datafield tag="852" ind1=" " ind2=" ">
      <subfield code="a">SZ4</subfield>
      <subfield code="b">SZ4</subfield>
      <subfield code="x">bibSOK382552</subfield>
    </datafield>
  </record>
  <record>
    <leader>00780nam  2200229 i 4500</leader>
    <controlfield tag="001">MOKKAN0004044225  </controlfield>
    <controlfield tag="005">20070330012604.0</controlfield>
    <controlfield tag="008">061214s2006    hu            000   ita d</controlfield>
    <datafield tag="020" ind1=" " ind2=" ">
      <subfield code="z">963 86130 2 5</subfield>
    </datafield>
    <datafield tag="035" ind1=" " ind2=" ">
      <subfield code="a">bibDEK00613646</subfield>
    </datafield>
    <datafield tag="040" ind1=" " ind2=" ">
      <subfield code="a">DEENK</subfield>
    </datafield>
    <datafield tag="100" ind1="1" ind2=" ">
      <subfield code="a">Doró Gézáné</subfield>
    </datafield>
    <datafield tag="245" ind1="1" ind2="0">
      <subfield code="a">1000 olasz tesztkérdés /</subfield>
      <subfield code="c">[szerzők Doró Gézáné, Kovács Mónika]</subfield>
    </datafield>
    <datafield tag="260" ind1=" " ind2=" ">
      <subfield code="a">Szeged :</subfield>
      <subfield code="b">Maxim,</subfield>
      <subfield code="c">2006</subfield>
    </datafield>
    <datafield tag="300" ind1=" " ind2=" ">
      <subfield code="a">156, [1] p. ;</subfield>
      <subfield code="c">21 cm</subfield>
    </datafield>
    <datafield tag="650" ind1=" " ind2="4">
      <subfield code="a">Olasz nyelv</subfield>
      <subfield code="x">vizsgák, kérdések stb.</subfield>
    </datafield>
    <datafield tag="650" ind1=" " ind2="0">
      <subfield code="a">Italian language</subfield>
      <subfield code="x">Examinations, questions, etc.</subfield>
    </datafield>
    <datafield tag="650" ind1=" " ind2="7">
      <subfield code="a">Olasz nyelvkönyv</subfield>
      <subfield code="x">középfokú</subfield>
      <subfield code="x">gyakorlatok</subfield>
      <subfield code="2">szte</subfield>
    </datafield>
    <datafield tag="650" ind1=" " ind2="7">
      <subfield code="a">Nyelvi tesztek</subfield>
      <subfield code="x">olasz</subfield>
      <subfield code="x">középfokú</subfield>
      <subfield code="2">szte</subfield>
    </datafield>
    <datafield tag="700" ind1="1" ind2=" ">
      <subfield code="a">Kovács Mónika</subfield>
    </datafield>
    <datafield tag="852" ind1=" " ind2=" ">
      <subfield code="a">D1</subfield>
      <subfield code="b">D1/NY</subfield>
      <subfield code="x">bibDEK00613646</subfield>
    </datafield>
    <datafield tag="852" ind1=" " ind2=" ">
      <subfield code="a">SZ4</subfield>
      <subfield code="b">SZ4/K2</subfield>
      <subfield code="x">bibSOK00412362</subfield>
    </datafield>
  </record>
  <record>
    <leader>01023nam  2200289 i 4500</leader>
    <controlfield tag="001">MOKKAW0005765169  </controlfield>
    <controlfield tag="005">20080611103933.0</controlfield>
    <controlfield tag="008">080418s2007    hu            00010 hun d</controlfield>
    <datafield tag="020" ind1=" " ind2=" ">
      <subfield code="a">978 963 370 512 4</subfield>
    </datafield>
    <datafield tag="035" ind1=" " ind2=" ">
      <subfield code="a">bibJPT00466556</subfield>
    </datafield>
    <datafield tag="040" ind1=" " ind2=" ">
      <subfield code="a">PTE</subfield>
    </datafield>
    <datafield tag="041" ind1=" " ind2=" ">
      <subfield code="a">hun</subfield>
      <subfield code="h">ger</subfield>
    </datafield>
    <datafield tag="100" ind1="1" ind2=" ">
      <subfield code="a">Reinhardt, Karl-Walter</subfield>
    </datafield>
    <datafield tag="240" ind1="0" ind2="0">
      <subfield code="a">1000 Olympiasieger</subfield>
      <subfield code="l">(magyar)</subfield>
    </datafield>
    <datafield tag="245" ind1="1" ind2="0">
      <subfield code="a">1000 olimpiai bajnok :</subfield>
      <subfield code="b">Minden idők legjobb sportolói /</subfield>
      <subfield code="c">[Karl-Walter Reinhardt] ; [ford. Soós András et al.]</subfield>
    </datafield>
    <datafield tag="260" ind1=" " ind2=" ">
      <subfield code="a">Budapest :</subfield>
      <subfield code="b">Alexandra,</subfield>
      <subfield code="c">2007</subfield>
    </datafield>
    <datafield tag="300" ind1=" " ind2=" ">
      <subfield code="a">336 p. :</subfield>
      <subfield code="b">ill. ;</subfield>
      <subfield code="c">30 cm</subfield>
    </datafield>
    <datafield tag="650" ind1=" " ind2="7">
      <subfield code="a">Olimpiai játékok</subfield>
      <subfield code="x">aranyérmesek</subfield>
      <subfield code="x">világ országai</subfield>
      <subfield code="2">szte</subfield>
    </datafield>
    <datafield tag="650" ind1=" " ind2="7">
      <subfield code="a">Olimpiai játékok</subfield>
      <subfield code="x">érmesek</subfield>
      <subfield code="x">világ országai</subfield>
      <subfield code="2">szte</subfield>
    </datafield>
    <datafield tag="650" ind1=" " ind2="7">
      <subfield code="a">Olimpiai játékok</subfield>
      <subfield code="x">érmesek</subfield>
      <subfield code="x">magyar</subfield>
      <subfield code="2">szte</subfield>
    </datafield>
    <datafield tag="650" ind1=" " ind2="7">
      <subfield code="a">Olimpiai játékok története</subfield>
      <subfield code="2">szte</subfield>
    </datafield>
    <datafield tag="695" ind1=" " ind2=" ">
      <subfield code="a">Sportoló</subfield>
    </datafield>
    <datafield tag="695" ind1=" " ind2=" ">
      <subfield code="a">Olimpikon</subfield>
    </datafield>
    <datafield tag="700" ind1="1" ind2=" ">
      <subfield code="a">Soós András</subfield>
    </datafield>
    <datafield tag="852" ind1=" " ind2=" ">
      <subfield code="a">P1</subfield>
      <subfield code="b">P1/FK</subfield>
      <subfield code="x">bibJPT00466556</subfield>
    </datafield>
    <datafield tag="852" ind1=" " ind2=" ">
      <subfield code="a">SZ4</subfield>
      <subfield code="b">SZ4/K2</subfield>
      <subfield code="b">SZ4/F0</subfield>
      <subfield code="x">bibSOK00434160</subfield>
    </datafield>
    <datafield tag="852" ind1=" " ind2=" ">
      <subfield code="a">SZ1</subfield>
      <subfield code="b">SZ1/S1</subfield>
      <subfield code="x">bibJPT00466556</subfield>
    </datafield>
  </record>
  <record>
    <leader>01137nam  2200421 i 4500</leader>
    <controlfield tag="001">MOKKAW0005480766  </controlfield>
    <controlfield tag="005">20091127011217.0</controlfield>
    <controlfield tag="008">071121s2007    hu ar         00000 hun d</controlfield>
    <datafield tag="020" ind1=" " ind2=" ">
      <subfield code="a">978-963-370-282-6 (kötött)</subfield>
    </datafield>
    <datafield tag="035" ind1=" " ind2=" ">
      <subfield code="a">2689532</subfield>
    </datafield>
    <datafield tag="040" ind1=" " ind2=" ">
      <subfield code="a">OSZK</subfield>
      <subfield code="d">OSZK</subfield>
    </datafield>
    <datafield tag="041" ind1="1" ind2=" ">
      <subfield code="a">hunhun</subfield>
      <subfield code="h">ger</subfield>
    </datafield>
    <datafield tag="080" ind1=" " ind2=" ">
      <subfield code="a">681.114.8</subfield>
    </datafield>
    <datafield tag="080" ind1=" " ind2=" ">
      <subfield code="a">739.3</subfield>
    </datafield>
    <datafield tag="100" ind1="1" ind2=" ">
      <subfield code="a">Lohberg, Rolf</subfield>
    </datafield>
    <datafield tag="240" ind1="1" ind2="0">
      <subfield code="a">1000 Uhren</subfield>
      <subfield code="l">(magyar)</subfield>
    </datafield>
    <datafield tag="245" ind1="1" ind2="0">
      <subfield code="a">1000 óra : </subfield>
      <subfield code="b">technika, precízió, elegancia /</subfield>
      <subfield code="c">[írta Rolf Lohberg]</subfield>
    </datafield>
    <datafield tag="260" ind1=" " ind2=" ">
      <subfield code="a">Pécs :</subfield>
      <subfield code="b">Alexandra,</subfield>
      <subfield code="c">2007</subfield>
    </datafield>
    <datafield tag="300" ind1=" " ind2=" ">
      <subfield code="a">336 p. :</subfield>
      <subfield code="b">ill., színes ;</subfield>
      <subfield code="c">31 cm</subfield>
    </datafield>
    <datafield tag="500" ind1=" " ind2=" ">
      <subfield code="a">Ford. Kántor Tamás</subfield>
    </datafield>
    <datafield tag="650" ind1="1" ind2="7">
      <subfield code="a">óra</subfield>
      <subfield code="2">oszk</subfield>
    </datafield>
    <datafield tag="650" ind1=" " ind2="4">
      <subfield code="a">Órák</subfield>
    </datafield>
    <datafield tag="650" ind1=" " ind2="0">
      <subfield code="a">Clocks and watches.</subfield>
    </datafield>
    <datafield tag="650" ind1=" " ind2="4">
      <subfield code="a">óra</subfield>
    </datafield>
    <datafield tag="650" ind1=" " ind2="4">
      <subfield code="a">finommechanika</subfield>
    </datafield>
    <datafield tag="650" ind1=" " ind2="4">
      <subfield code="a">óraipar</subfield>
    </datafield>
    <datafield tag="650" ind1=" " ind2="4">
      <subfield code="a">ötvösség</subfield>
    </datafield>
    <datafield tag="650" ind1=" " ind2="4">
      <subfield code="a">technikatörténet</subfield>
    </datafield>
    <datafield tag="650" ind1=" " ind2="4">
      <subfield code="a">album</subfield>
    </datafield>
    <datafield tag="653" ind1=" " ind2=" ">
      <subfield code="a">idő</subfield>
    </datafield>
    <datafield tag="653" ind1=" " ind2=" ">
      <subfield code="a">lexikon</subfield>
    </datafield>
    <datafield tag="653" ind1=" " ind2=" ">
      <subfield code="a">műszertechnika</subfield>
    </datafield>
    <datafield tag="700" ind1="1" ind2=" ">
      <subfield code="a">Kántor Tamás</subfield>
      <subfield code="4">(ford.)</subfield>
    </datafield>
    <datafield tag="852" ind1=" " ind2=" ">
      <subfield code="a">B1</subfield>
      <subfield code="b">B1</subfield>
      <subfield code="x">2689532</subfield>
    </datafield>
    <datafield tag="852" ind1=" " ind2=" ">
      <subfield code="a">D1</subfield>
      <subfield code="b">D108</subfield>
      <subfield code="x">bibDEK00677921</subfield>
    </datafield>
    <datafield tag="852" ind1=" " ind2=" ">
      <subfield code="a">B9</subfield>
      <subfield code="b">B9</subfield>
      <subfield code="x">714553</subfield>
    </datafield>
    <datafield tag="852" ind1=" " ind2=" ">
      <subfield code="a">GY1</subfield>
      <subfield code="b">GY1</subfield>
      <subfield code="x">KKMK1635919</subfield>
    </datafield>
    <datafield tag="852" ind1=" " ind2=" ">
      <subfield code="a">SZO1</subfield>
      <subfield code="b">SZO1</subfield>
      <subfield code="x">150632674</subfield>
    </datafield>
  </record>
  <record>
    <leader>00795njm  2200181   4500</leader>
    <controlfield tag="001">MOKKAZ0004752910  </controlfield>
    <controlfield tag="005">20040910100224.0</controlfield>
    <controlfield tag="008">991029s2001                        eng d</controlfield>
    <datafield tag="028" ind1=" " ind2=" ">
      <subfield code="a">724357640121</subfield>
    </datafield>
    <datafield tag="035" ind1=" " ind2=" ">
      <subfield code="a">bibFSZ970466</subfield>
    </datafield>
    <datafield tag="040" ind1=" " ind2=" ">
      <subfield code="a">FSZEK</subfield>
    </datafield>
    <datafield tag="245" ind1="0" ind2="0">
      <subfield code="a">1000 original hits 1992</subfield>
      <subfield code="h">[Hangfelvétel] /</subfield>
      <subfield code="c">Tasmin Archer [et al.]</subfield>
    </datafield>
    <datafield tag="260" ind1=" " ind2=" ">
      <subfield code="a">Hoorn :</subfield>
      <subfield code="b">EMI Plus,</subfield>
      <subfield code="c">cop. 2001</subfield>
    </datafield>
    <datafield tag="300" ind1=" " ind2=" ">
      <subfield code="a">1 CD (65 min 35 s) ;</subfield>
      <subfield code="c">12 cm +</subfield>
      <subfield code="e">1 t.</subfield>
    </datafield>
    <datafield tag="505" ind1="0" ind2="0">
      <subfield code="t">Sleeping satellite ;</subfield>
      <subfield code="t">Me &amp; Mrs. Jones ;</subfield>
      <subfield code="t">Cantaloop ;</subfield>
      <subfield code="t">People everyday ;</subfield>
      <subfield code="t">For your blue eyes only ;</subfield>
      <subfield code="t">Would I lie to  you? ;</subfield>
      <subfield code="t">Joy ;</subfield>
      <subfield code="t">Lifetime piling up ;</subfield>
      <subfield code="t">Sympathy ;</subfield>
      <subfield code="t">Say it ;</subfield>
      <subfield code="t">Faithful ;</subfield>
      <subfield code="t">Oh Carolina ;</subfield>
      <subfield code="t">Everytime we touch ;</subfield>
      <subfield code="t">You won't see me cry ;</subfield>
      <subfield code="t">As always ;</subfield>
      <subfield code="t">Trip to trumpton</subfield>
    </datafield>
    <datafield tag="695" ind1=" " ind2="1">
      <subfield code="a">pop</subfield>
    </datafield>
    <datafield tag="700" ind1="1" ind2=" ">
      <subfield code="a">Archer, Tasmin</subfield>
      <subfield code="4">előadó</subfield>
    </datafield>
    <datafield tag="852" ind1=" " ind2=" ">
      <subfield code="a">B10</subfield>
      <subfield code="b">0403</subfield>
      <subfield code="x">bibFSZ970466</subfield>
    </datafield>
  </record>
  <record>
    <leader>01423fam  2200409 i 4500</leader>
    <controlfield tag="001">MOKKAZ0006311657  </controlfield>
    <controlfield tag="005">20040915190832.0</controlfield>
    <controlfield tag="008">931220s1993    hu r          001 0 hun d</controlfield>
    <datafield tag="020" ind1=" " ind2=" ">
      <subfield code="a">963-8308-06-0 (kötött) :</subfield>
      <subfield code="c">1800,- Ft</subfield>
    </datafield>
    <datafield tag="035" ind1=" " ind2=" ">
      <subfield code="a">59541</subfield>
    </datafield>
    <datafield tag="040" ind1=" " ind2=" ">
      <subfield code="a">OSZK</subfield>
    </datafield>
    <datafield tag="041" ind1="1" ind2=" ">
      <subfield code="a">hunhun</subfield>
      <subfield code="h">fre</subfield>
    </datafield>
    <datafield tag="240" ind1="0" ind2="0">
      <subfield code="a">1000 idées de decors</subfield>
      <subfield code="l">(magyar)</subfield>
    </datafield>
    <datafield tag="245" ind1="0" ind2="0">
      <subfield code="a">1000 ötlet : díszítések : </subfield>
      <subfield code="b">[gyakorlati tanácsok felsőfokon] /</subfield>
      <subfield code="c">összeáll. Michel Godmet és Bernard Moulart ... ; a kötet szerkesztője Eric Zipper</subfield>
    </datafield>
    <datafield tag="260" ind1=" " ind2=" ">
      <subfield code="a">Budapest :</subfield>
      <subfield code="b">Delta 2000,</subfield>
      <subfield code="c">1993</subfield>
      <subfield code="e">([Budapest]</subfield>
      <subfield code="f">Fényszedő Közp.)</subfield>
    </datafield>
    <datafield tag="300" ind1=" " ind2=" ">
      <subfield code="a">251 p. :</subfield>
      <subfield code="b">ill., színes ;</subfield>
      <subfield code="c">26 cm</subfield>
    </datafield>
    <datafield tag="650" ind1=" " ind2="4">
      <subfield code="a">Szakácsművészet</subfield>
    </datafield>
    <datafield tag="650" ind1=" " ind2="0">
      <subfield code="a">Cookery.</subfield>
    </datafield>
    <datafield tag="650" ind1=" " ind2="7">
      <subfield code="a">Szakácskönyv</subfield>
      <subfield code="x">hidegkonyha</subfield>
      <subfield code="2">szte</subfield>
    </datafield>
    <datafield tag="650" ind1=" " ind2="7">
      <subfield code="a">Szakácskönyv</subfield>
      <subfield code="x">desszertek</subfield>
      <subfield code="2">szte</subfield>
    </datafield>
    <datafield tag="650" ind1=" " ind2="7">
      <subfield code="a">Vendéglátás</subfield>
      <subfield code="x">tálalás</subfield>
      <subfield code="2">szte</subfield>
    </datafield>
    <datafield tag="650" ind1=" " ind2="4">
      <subfield code="a">szakácskönyvek</subfield>
    </datafield>
    <datafield tag="650" ind1=" " ind2="4">
      <subfield code="a">ételek</subfield>
    </datafield>
    <datafield tag="650" ind1=" " ind2="4">
      <subfield code="a">tálalás</subfield>
    </datafield>
    <datafield tag="650" ind1=" " ind2="4">
      <subfield code="a">díszítés</subfield>
    </datafield>
    <datafield tag="700" ind1="1" ind2=" ">
      <subfield code="a">Godmet, Michel</subfield>
      <subfield code="4">(összeáll.)</subfield>
    </datafield>
    <datafield tag="700" ind1="1" ind2=" ">
      <subfield code="a">Moulart, Bernard</subfield>
      <subfield code="4">(összeáll.)</subfield>
    </datafield>
    <datafield tag="700" ind1="1" ind2=" ">
      <subfield code="a">Zipper, Eric</subfield>
      <subfield code="4">(szerk.)</subfield>
    </datafield>
    <datafield tag="700" ind1="1" ind2=" ">
      <subfield code="a">Syren, Jean-Luc</subfield>
      <subfield code="4">(fotó)</subfield>
    </datafield>
    <datafield tag="700" ind1="1" ind2=" ">
      <subfield code="a">Futaki József</subfield>
      <subfield code="d">(1950-)</subfield>
      <subfield code="4">(ford.)</subfield>
    </datafield>
    <datafield tag="852" ind1=" " ind2=" ">
      <subfield code="a">B1</subfield>
      <subfield code="b">B1</subfield>
      <subfield code="x">59541</subfield>
    </datafield>
    <datafield tag="852" ind1=" " ind2=" ">
      <subfield code="a">D1</subfield>
      <subfield code="b">D1</subfield>
      <subfield code="x">59541</subfield>
    </datafield>
    <datafield tag="852" ind1=" " ind2=" ">
      <subfield code="a">SZ1</subfield>
      <subfield code="b">SZ1</subfield>
      <subfield code="x">bibJAT00383231</subfield>
    </datafield>
    <datafield tag="852" ind1=" " ind2=" ">
      <subfield code="a">BCS1</subfield>
      <subfield code="b">BCS1</subfield>
      <subfield code="x">bibBKO00189195</subfield>
    </datafield>
    <datafield tag="852" ind1=" " ind2=" ">
      <subfield code="a">SZL1</subfield>
      <subfield code="b">SZL1</subfield>
      <subfield code="x">bibVFK00250385</subfield>
    </datafield>
    <datafield tag="852" ind1=" " ind2=" ">
      <subfield code="a">M2</subfield>
      <subfield code="b">M2</subfield>
      <subfield code="x">bibRFK00053091</subfield>
    </datafield>
    <datafield tag="852" ind1=" " ind2=" ">
      <subfield code="a">B10</subfield>
      <subfield code="b">0801</subfield>
      <subfield code="x">bibFSZ00138528</subfield>
    </datafield>
  </record>
  <record>
    <leader>01049nam  2200301 i 4500</leader>
    <controlfield tag="001">MOKKAN0004373668  </controlfield>
    <controlfield tag="005">20090807091035.0</controlfield>
    <controlfield tag="008">070413s2006    hu a          00100 eng e</controlfield>
    <datafield tag="020" ind1=" " ind2=" ">
      <subfield code="a">963 87170 0 9 (kötött)</subfield>
    </datafield>
    <datafield tag="035" ind1=" " ind2=" ">
      <subfield code="a">bibSOK00413306</subfield>
    </datafield>
    <datafield tag="040" ind1=" " ind2=" ">
      <subfield code="a">SK</subfield>
    </datafield>
    <datafield tag="041" ind1=" " ind2=" ">
      <subfield code="a">enggerspahun</subfield>
    </datafield>
    <datafield tag="080" ind1=" " ind2=" ">
      <subfield code="a">794.127</subfield>
    </datafield>
    <datafield tag="100" ind1="1" ind2=" ">
      <subfield code="a">Pintér József</subfield>
    </datafield>
    <datafield tag="245" ind1="1" ind2="0">
      <subfield code="a">1000 pawn endings =</subfield>
      <subfield code="b">1000 Bauernendspiele = 1000 finales de pions = 1000 gyalogvégjáték /</subfield>
      <subfield code="c">József Pintér</subfield>
    </datafield>
    <datafield tag="260" ind1=" " ind2=" ">
      <subfield code="a">Budapest :</subfield>
      <subfield code="b">Magyar Sakkvilág,</subfield>
      <subfield code="c">2006</subfield>
    </datafield>
    <datafield tag="300" ind1=" " ind2=" ">
      <subfield code="a">318 p. :</subfield>
      <subfield code="b">ill. ;</subfield>
      <subfield code="c">25 cm</subfield>
    </datafield>
    <datafield tag="490" ind1="1" ind2=" ">
      <subfield code="a">(A Magyar Sakkvilág könyvei ;</subfield>
      <subfield code="v">6.)</subfield>
    </datafield>
    <datafield tag="500" ind1=" " ind2=" ">
      <subfield code="a">Sorozatcím-változat a borítón: MSV könyvek</subfield>
    </datafield>
    <datafield tag="650" ind1=" " ind2="7">
      <subfield code="a">Sakk</subfield>
      <subfield code="x">végjátékok</subfield>
      <subfield code="2">szte</subfield>
    </datafield>
    <datafield tag="650" ind1=" " ind2="7">
      <subfield code="a">Sakk</subfield>
      <subfield code="x">játékgyűjtemények</subfield>
      <subfield code="2">lcsh//hun</subfield>
    </datafield>
    <datafield tag="650" ind1=" " ind2="7">
      <subfield code="a">Sakk</subfield>
      <subfield code="x">tanulás és tanítás</subfield>
      <subfield code="2">lcsh//hun</subfield>
    </datafield>
    <datafield tag="650" ind1=" " ind2="0">
      <subfield code="a">Chess</subfield>
      <subfield code="x">Collections of games.</subfield>
    </datafield>
    <datafield tag="650" ind1=" " ind2="0">
      <subfield code="a">Chess</subfield>
      <subfield code="x">Study and teaching.</subfield>
    </datafield>
    <datafield tag="740" ind1="0" ind2=" ">
      <subfield code="a">MSV könyvek</subfield>
    </datafield>
    <datafield tag="830" ind1=" " ind2="2">
      <subfield code="a">A Magyar Sakkvilág könyvei</subfield>
    </datafield>
    <datafield tag="852" ind1=" " ind2=" ">
      <subfield code="a">SZ4</subfield>
      <subfield code="b">SZ4/R2</subfield>
      <subfield code="x">bibSOK00413306</subfield>
    </datafield>
    <datafield tag="852" ind1=" " ind2=" ">
      <subfield code="a">D1</subfield>
      <subfield code="b">D1</subfield>
      <subfield code="x">bibDEK00741868</subfield>
    </datafield>
  </record>
  <record>
    <leader>00339ncm  2200121 i 4500</leader>
    <controlfield tag="001">MOKKAS0003611796  </controlfield>
    <controlfield tag="005">20060606165148.0</controlfield>
    <controlfield tag="008">050716s                                d</controlfield>
    <datafield tag="035" ind1=" " ind2=" ">
      <subfield code="a">890924</subfield>
    </datafield>
    <datafield tag="040" ind1=" " ind2=" ">
      <subfield code="a">OIK</subfield>
    </datafield>
    <datafield tag="100" ind1="1" ind2=" ">
      <subfield code="a">Zataevič, Alexandr</subfield>
      <subfield code="d">(1869.03.08-1936.12.06)</subfield>
    </datafield>
    <datafield tag="245" ind1="1" ind2="0">
      <subfield code="a">1000 pesni kazahskogo naroda</subfield>
      <subfield code="h">nyomtatott kotta</subfield>
    </datafield>
    <datafield tag="852" ind1=" " ind2=" ">
      <subfield code="a">B14</subfield>
      <subfield code="b">B14</subfield>
      <subfield code="x">890924</subfield>
    </datafield>
  </record>
  <record>
    <leader>00435nam  2200157 i 4500</leader>
    <controlfield tag="001">MOKKAS0001057090  </controlfield>
    <controlfield tag="005">20051215214407.0</controlfield>
    <controlfield tag="008">050903s1999    hu            00010 hun d</controlfield>
    <datafield tag="020" ind1=" " ind2=" ">
      <subfield code="a">0-17-556878-2</subfield>
    </datafield>
    <datafield tag="035" ind1=" " ind2=" ">
      <subfield code="a">bibBKO00235360</subfield>
    </datafield>
    <datafield tag="040" ind1=" " ind2=" ">
      <subfield code="a">BMK</subfield>
    </datafield>
    <datafield tag="100" ind1="1" ind2=" ">
      <subfield code="a">Wright, Andrew</subfield>
      <subfield code="d">(1937)</subfield>
    </datafield>
    <datafield tag="245" ind1="1" ind2="0">
      <subfield code="a">1000+pictures for teachers to copy /</subfield>
      <subfield code="c">Andrew Wright</subfield>
    </datafield>
    <datafield tag="250" ind1=" " ind2=" ">
      <subfield code="a">5. imp.</subfield>
    </datafield>
    <datafield tag="260" ind1=" " ind2=" ">
      <subfield code="a">Harlow :</subfield>
      <subfield code="b">Longman,</subfield>
      <subfield code="c">1999</subfield>
    </datafield>
    <datafield tag="852" ind1=" " ind2=" ">
      <subfield code="a">BCS1</subfield>
      <subfield code="b">BCS1</subfield>
      <subfield code="x">bibBKO00235360</subfield>
    </datafield>
  </record>
  <record>
    <leader>00644nam  2200217 i 4500</leader>
    <controlfield tag="001">MOKKAS0003316745  </controlfield>
    <controlfield tag="005">20060604013434.0</controlfield>
    <controlfield tag="008">050101s1999                            d</controlfield>
    <datafield tag="020" ind1=" " ind2=" ">
      <subfield code="a">0-17-556878-2 (spirál fűzéssel)</subfield>
    </datafield>
    <datafield tag="035" ind1=" " ind2=" ">
      <subfield code="a">447559</subfield>
    </datafield>
    <datafield tag="040" ind1=" " ind2=" ">
      <subfield code="a">KKMK</subfield>
    </datafield>
    <datafield tag="100" ind1="1" ind2=" ">
      <subfield code="a">Wright Andrew</subfield>
    </datafield>
    <datafield tag="245" ind1="1" ind2="0">
      <subfield code="a">1000+ pictures for teachers to copy /</subfield>
      <subfield code="c">Andrew Wright</subfield>
    </datafield>
    <datafield tag="250" ind1=" " ind2=" ">
      <subfield code="a">Rev. ed., 5. impr.</subfield>
    </datafield>
    <datafield tag="260" ind1=" " ind2=" ">
      <subfield code="a">Harlow :</subfield>
      <subfield code="b">Longman Group Ltd.,</subfield>
      <subfield code="c">1999</subfield>
    </datafield>
    <datafield tag="300" ind1=" " ind2=" ">
      <subfield code="a">142 p. :</subfield>
      <subfield code="b">ill. ;</subfield>
      <subfield code="c">30 cm</subfield>
    </datafield>
    <datafield tag="500" ind1=" " ind2=" ">
      <subfield code="a">Rev. ed., now includes American English</subfield>
    </datafield>
    <datafield tag="650" ind1=" " ind2="4">
      <subfield code="a">angol nyelv</subfield>
    </datafield>
    <datafield tag="650" ind1=" " ind2="4">
      <subfield code="a">nyelvoktatás</subfield>
    </datafield>
    <datafield tag="650" ind1=" " ind2="4">
      <subfield code="a">tanári segédkönyv</subfield>
    </datafield>
    <datafield tag="852" ind1=" " ind2=" ">
      <subfield code="a">GY1</subfield>
      <subfield code="b">GY1</subfield>
      <subfield code="x">447559</subfield>
    </datafield>
  </record>
  <record>
    <leader>00568nam  2200217 i 4500</leader>
    <controlfield tag="001">MOKKAS0002431518  </controlfield>
    <controlfield tag="005">20060525080446.0</controlfield>
    <controlfield tag="008">970721s2001    xxka          00110 eng d</controlfield>
    <datafield tag="020" ind1=" " ind2=" ">
      <subfield code="a">0 17 556878 2</subfield>
    </datafield>
    <datafield tag="035" ind1=" " ind2=" ">
      <subfield code="a">bibBBM138401</subfield>
    </datafield>
    <datafield tag="040" ind1=" " ind2=" ">
      <subfield code="a">BBMK</subfield>
    </datafield>
    <datafield tag="041" ind1=" " ind2=" ">
      <subfield code="a">eng</subfield>
    </datafield>
    <datafield tag="100" ind1="1" ind2=" ">
      <subfield code="a">Wright, Andrew</subfield>
    </datafield>
    <datafield tag="245" ind1="1" ind2="0">
      <subfield code="a">1000+ Pictures :</subfield>
      <subfield code="b">for Teachers to Copy /</subfield>
      <subfield code="c">Andrew Wright</subfield>
    </datafield>
    <datafield tag="260" ind1=" " ind2=" ">
      <subfield code="a">Edinburgh :</subfield>
      <subfield code="b">Longman,</subfield>
      <subfield code="c">2001</subfield>
    </datafield>
    <datafield tag="300" ind1=" " ind2=" ">
      <subfield code="a">142 p. :</subfield>
      <subfield code="b">ill. ;</subfield>
      <subfield code="c">30 cm</subfield>
    </datafield>
    <datafield tag="650" ind1=" " ind2="4">
      <subfield code="a">Angol nyelv</subfield>
    </datafield>
    <datafield tag="650" ind1=" " ind2="4">
      <subfield code="a">Tankönyv</subfield>
    </datafield>
    <datafield tag="650" ind1=" " ind2="4">
      <subfield code="a">Nyelvoktatás</subfield>
    </datafield>
    <datafield tag="695" ind1=" " ind2=" ">
      <subfield code="a">BC</subfield>
    </datafield>
    <datafield tag="852" ind1=" " ind2=" ">
      <subfield code="a">ST1</subfield>
      <subfield code="b">ST1</subfield>
      <subfield code="x">bibBBM138401</subfield>
    </datafield>
  </record>
  <record>
    <leader>00669nam  2200229 i 4500</leader>
    <controlfield tag="001">MOKKAS0001444451  </controlfield>
    <controlfield tag="005">20080915185444.0</controlfield>
    <controlfield tag="008">050903s2004    gb            00010 eng d</controlfield>
    <datafield tag="020" ind1=" " ind2=" ">
      <subfield code="a">0-17-556878-2 (egyéb) :</subfield>
    </datafield>
    <datafield tag="035" ind1=" " ind2=" ">
      <subfield code="a">bibVFK00265787</subfield>
    </datafield>
    <datafield tag="040" ind1=" " ind2=" ">
      <subfield code="a">VFMK</subfield>
    </datafield>
    <datafield tag="041" ind1=" " ind2=" ">
      <subfield code="a">eng</subfield>
    </datafield>
    <datafield tag="100" ind1="1" ind2=" ">
      <subfield code="a">Wright, Andrew</subfield>
    </datafield>
    <datafield tag="245" ind1="1" ind2="0">
      <subfield code="a">1000 + Pictures for Teachers to Copy /</subfield>
      <subfield code="c">Andrew Wright</subfield>
    </datafield>
    <datafield tag="250" ind1=" " ind2=" ">
      <subfield code="a">11th ed.</subfield>
    </datafield>
    <datafield tag="260" ind1=" " ind2=" ">
      <subfield code="a">Harlow :</subfield>
      <subfield code="b">Longman Group UK Limited,</subfield>
      <subfield code="c">2004</subfield>
    </datafield>
    <datafield tag="300" ind1=" " ind2=" ">
      <subfield code="a">142 p. :</subfield>
      <subfield code="b">ill. ;</subfield>
      <subfield code="c">29 cm</subfield>
    </datafield>
    <datafield tag="541" ind1=" " ind2=" ">
      <subfield code="a">British Council (Resource Grant)</subfield>
      <subfield code="c">Ajándék;</subfield>
      <subfield code="d">2005</subfield>
    </datafield>
    <datafield tag="650" ind1=" " ind2="4">
      <subfield code="a">Teaching</subfield>
    </datafield>
    <datafield tag="650" ind1=" " ind2="4">
      <subfield code="a">Games</subfield>
    </datafield>
    <datafield tag="650" ind1=" " ind2="4">
      <subfield code="a">Oktatási segédlet</subfield>
    </datafield>
    <datafield tag="852" ind1=" " ind2=" ">
      <subfield code="a">SZL1</subfield>
      <subfield code="b">SZL1</subfield>
      <subfield code="x">bibVFK00265787</subfield>
    </datafield>
  </record>
  <record>
    <leader>00312nam  2200121 i 4500</leader>
    <controlfield tag="001">MOKKAS0003543397  </controlfield>
    <controlfield tag="005">20060606053438.0</controlfield>
    <controlfield tag="008">050714s1974                            d</controlfield>
    <datafield tag="035" ind1=" " ind2=" ">
      <subfield code="a">665328</subfield>
    </datafield>
    <datafield tag="040" ind1=" " ind2=" ">
      <subfield code="a">OIK</subfield>
    </datafield>
    <datafield tag="245" ind1="1" ind2="0">
      <subfield code="a">1000 poučení zo spisovnej slovenčiny</subfield>
    </datafield>
    <datafield tag="260" ind1=" " ind2=" ">
      <subfield code="a">Bratislava :</subfield>
      <subfield code="b">SPN,</subfield>
      <subfield code="c">1974</subfield>
    </datafield>
    <datafield tag="852" ind1=" " ind2=" ">
      <subfield code="a">B14</subfield>
      <subfield code="b">B14</subfield>
      <subfield code="x">665328</subfield>
    </datafield>
  </record>
  <record>
    <leader>00451nama 22001571i 4500</leader>
    <controlfield tag="001">MOKKAS0000626996  </controlfield>
    <controlfield tag="005">20060118055840.0</controlfield>
    <controlfield tag="008">041001s1971    sk            000 0 slood</controlfield>
    <datafield tag="035" ind1=" " ind2=" ">
      <subfield code="a">1385872</subfield>
    </datafield>
    <datafield tag="040" ind1=" " ind2=" ">
      <subfield code="a">OSZK</subfield>
    </datafield>
    <datafield tag="041" ind1="0" ind2=" ">
      <subfield code="a">sloslo</subfield>
    </datafield>
    <datafield tag="245" ind1="0" ind2="0">
      <subfield code="a">1000 poučení zo spisovnej slovenčiny /</subfield>
      <subfield code="c">[otpov. red. Gejza Horák]</subfield>
    </datafield>
    <datafield tag="260" ind1=" " ind2=" ">
      <subfield code="a">Bratislava :</subfield>
      <subfield code="b">Slov. ped. nakl.,</subfield>
      <subfield code="c">1971</subfield>
    </datafield>
    <datafield tag="300" ind1=" " ind2=" ">
      <subfield code="a">369 p. ;</subfield>
      <subfield code="c">20 cm</subfield>
    </datafield>
    <datafield tag="700" ind1="1" ind2=" ">
      <subfield code="a">Horák, Gejza</subfield>
      <subfield code="4">(szerk.)</subfield>
    </datafield>
    <datafield tag="852" ind1=" " ind2=" ">
      <subfield code="a">B1</subfield>
      <subfield code="b">B1</subfield>
      <subfield code="x">1385872</subfield>
    </datafield>
  </record>
  <record>
    <leader>00588cam  2200205 i 4500</leader>
    <controlfield tag="001">MOKKAZ0005237373  </controlfield>
    <controlfield tag="005">20040910163529.0</controlfield>
    <controlfield tag="008">991207s1974    -cs           00010 slo d</controlfield>
    <datafield tag="035" ind1=" " ind2=" ">
      <subfield code="a">102410</subfield>
    </datafield>
    <datafield tag="040" ind1=" " ind2=" ">
      <subfield code="a">MEKLM</subfield>
    </datafield>
    <datafield tag="041" ind1="0" ind2=" ">
      <subfield code="a">slo</subfield>
    </datafield>
    <datafield tag="245" ind1="0" ind2="0">
      <subfield code="a">1000 poucení zo spisovnej slovenciny /</subfield>
      <subfield code="c">[odb. red. Gejza Horák]</subfield>
    </datafield>
    <datafield tag="260" ind1=" " ind2=" ">
      <subfield code="a">Bratislava :</subfield>
      <subfield code="b">SPN,</subfield>
      <subfield code="c">1974.</subfield>
    </datafield>
    <datafield tag="300" ind1=" " ind2=" ">
      <subfield code="a">320 p. ;</subfield>
      <subfield code="c">21 cm.</subfield>
    </datafield>
    <datafield tag="650" ind1="0" ind2="4">
      <subfield code="a">szótár</subfield>
      <subfield code="z">szlovák</subfield>
    </datafield>
    <datafield tag="650" ind1=" " ind2="4">
      <subfield code="a">szlovák nyelv - szemantika</subfield>
    </datafield>
    <datafield tag="650" ind1=" " ind2="4">
      <subfield code="a">szemantika - szlovák nyelv</subfield>
    </datafield>
    <datafield tag="700" ind1="1" ind2=" ">
      <subfield code="a">Horák, Gejza</subfield>
    </datafield>
    <datafield tag="852" ind1=" " ind2=" ">
      <subfield code="a">M1</subfield>
      <subfield code="b">M1</subfield>
      <subfield code="x">102410</subfield>
    </datafield>
    <datafield tag="852" ind1=" " ind2=" ">
      <subfield code="a">BCS1</subfield>
      <subfield code="b">BCS1</subfield>
      <subfield code="x">bibBKO00233646</subfield>
    </datafield>
  </record>
  <record>
    <leader>01714fam  2200505 i 4500</leader>
    <controlfield tag="001">MOKKAZ0006442649  </controlfield>
    <controlfield tag="005">20040915202742.0</controlfield>
    <controlfield tag="008">020422s2002    hu            000 0 spa d</controlfield>
    <datafield tag="020" ind1=" " ind2=" ">
      <subfield code="a">963-9357-09-X (fűzött) :</subfield>
      <subfield code="c">1316,- Ft</subfield>
    </datafield>
    <datafield tag="035" ind1=" " ind2=" ">
      <subfield code="a">919532</subfield>
    </datafield>
    <datafield tag="040" ind1=" " ind2=" ">
      <subfield code="a">OSZK</subfield>
    </datafield>
    <datafield tag="041" ind1="0" ind2=" ">
      <subfield code="a">spahunspa</subfield>
    </datafield>
    <datafield tag="100" ind1="1" ind2=" ">
      <subfield code="a">Gyenes Júlia</subfield>
    </datafield>
    <datafield tag="245" ind1="1" ind2="0">
      <subfield code="a">1000 preguntas 1000 respuestas : </subfield>
      <subfield code="b">társalgási gyakorlatok a spanyol "A" típusú nyelvvizsgákra /</subfield>
      <subfield code="c">Gyenes Júlia</subfield>
    </datafield>
    <datafield tag="260" ind1=" " ind2=" ">
      <subfield code="a">Székesfehérvár :</subfield>
      <subfield code="b">Lexika,</subfield>
      <subfield code="c">2002</subfield>
      <subfield code="e">([S.l.]</subfield>
      <subfield code="f">[s.n.])</subfield>
    </datafield>
    <datafield tag="300" ind1=" " ind2=" ">
      <subfield code="a">254, [2] p. ;</subfield>
      <subfield code="c">20 cm</subfield>
    </datafield>
    <datafield tag="500" ind1=" " ind2=" ">
      <subfield code="a">Párhuzamos cím a gerincen: 1000 kérdés 1000 felelet</subfield>
    </datafield>
    <datafield tag="650" ind1=" " ind2="4">
      <subfield code="a">Spanyol nyelv</subfield>
      <subfield code="x">vizsgák, kérdések stb.</subfield>
    </datafield>
    <datafield tag="650" ind1=" " ind2="0">
      <subfield code="a">Spanish language</subfield>
      <subfield code="x">Examinations, questions, etc.</subfield>
    </datafield>
    <datafield tag="650" ind1=" " ind2="7">
      <subfield code="a">Spanyol nyelvkönyv</subfield>
      <subfield code="x">társalgási gyakorlatok</subfield>
      <subfield code="2">szte</subfield>
    </datafield>
    <datafield tag="650" ind1=" " ind2="7">
      <subfield code="a">Nyelvvizsga</subfield>
      <subfield code="x">spanyol</subfield>
      <subfield code="x">társalgási gyakorlatok</subfield>
      <subfield code="2">szte</subfield>
    </datafield>
    <datafield tag="650" ind1="0" ind2="4">
      <subfield code="a">spanyol nyelv</subfield>
      <subfield code="x">társalgás</subfield>
    </datafield>
    <datafield tag="650" ind1="0" ind2="4">
      <subfield code="a">társalgás</subfield>
      <subfield code="z">spanyol - magyar</subfield>
    </datafield>
    <datafield tag="650" ind1="0" ind2="4">
      <subfield code="a">spanyol nyelvtan</subfield>
    </datafield>
    <datafield tag="650" ind1=" " ind2="4">
      <subfield code="a">feladatgyjtemény</subfield>
    </datafield>
    <datafield tag="650" ind1=" " ind2="4">
      <subfield code="a">nyelvkönyv</subfield>
    </datafield>
    <datafield tag="650" ind1=" " ind2="4">
      <subfield code="a">nyelvvizsga</subfield>
    </datafield>
    <datafield tag="650" ind1=" " ind2="4">
      <subfield code="a">spanyol</subfield>
    </datafield>
    <datafield tag="650" ind1=" " ind2="4">
      <subfield code="a">spanyol nyelv</subfield>
    </datafield>
    <datafield tag="650" ind1=" " ind2="4">
      <subfield code="a">nyelvkönyvek</subfield>
    </datafield>
    <datafield tag="650" ind1=" " ind2="4">
      <subfield code="a">Társalgás</subfield>
    </datafield>
    <datafield tag="650" ind1=" " ind2="4">
      <subfield code="a">Nyelvvizsgák, szóbeli</subfield>
    </datafield>
    <datafield tag="650" ind1=" " ind2="4">
      <subfield code="a">Nyelvkönyv, spanyol</subfield>
    </datafield>
    <datafield tag="650" ind1=" " ind2="4">
      <subfield code="a">Nyelvvizsgák</subfield>
    </datafield>
    <datafield tag="852" ind1=" " ind2=" ">
      <subfield code="a">B1</subfield>
      <subfield code="b">B1</subfield>
      <subfield code="x">919532</subfield>
    </datafield>
    <datafield tag="852" ind1=" " ind2=" ">
      <subfield code="a">D1</subfield>
      <subfield code="b">D1</subfield>
      <subfield code="x">bibJPT00210242</subfield>
    </datafield>
    <datafield tag="852" ind1=" " ind2=" ">
      <subfield code="a">SZ1</subfield>
      <subfield code="b">SZ1</subfield>
      <subfield code="x">bibJPT00210242</subfield>
    </datafield>
    <datafield tag="852" ind1=" " ind2=" ">
      <subfield code="a">B10</subfield>
      <subfield code="B">0702</subfield>
      <subfield code="b">0401</subfield>
      <subfield code="x">bibFSZ840259</subfield>
    </datafield>
    <datafield tag="852" ind1=" " ind2=" ">
      <subfield code="a">M1</subfield>
      <subfield code="b">M1</subfield>
      <subfield code="x">159068</subfield>
    </datafield>
    <datafield tag="852" ind1=" " ind2=" ">
      <subfield code="a">P1</subfield>
      <subfield code="b">P1/SZ</subfield>
      <subfield code="x">bibJPT00210242</subfield>
    </datafield>
    <datafield tag="852" ind1=" " ind2=" ">
      <subfield code="a">G1</subfield>
      <subfield code="b">G1</subfield>
      <subfield code="x">GATE-B00061554</subfield>
    </datafield>
    <datafield tag="852" ind1=" " ind2=" ">
      <subfield code="a">M2</subfield>
      <subfield code="b">M2</subfield>
      <subfield code="x">bibRFK00148637</subfield>
    </datafield>
    <datafield tag="852" ind1=" " ind2=" ">
      <subfield code="a">SZ4</subfield>
      <subfield code="b">SZ4</subfield>
      <subfield code="x">bibJPT00210242</subfield>
    </datafield>
    <datafield tag="852" ind1=" " ind2=" ">
      <subfield code="a">G1</subfield>
      <subfield code="b">G1</subfield>
      <subfield code="x">71721</subfield>
    </datafield>
    <datafield tag="852" ind1=" " ind2=" ">
      <subfield code="a">SZL1</subfield>
      <subfield code="b">SZL1</subfield>
      <subfield code="x">bibVFK00236486</subfield>
    </datafield>
  </record>
  <record>
    <leader>01392fam  2200373 i 4500</leader>
    <controlfield tag="001">MOKKAZ0006464411  </controlfield>
    <controlfield tag="005">20100331144836.0</controlfield>
    <controlfield tag="008">031002s2003    hu            000 0 spa d</controlfield>
    <datafield tag="020" ind1=" " ind2=" ">
      <subfield code="a">963-9357-24-3 (fűzött)</subfield>
    </datafield>
    <datafield tag="035" ind1=" " ind2=" ">
      <subfield code="a">1041113</subfield>
    </datafield>
    <datafield tag="040" ind1=" " ind2=" ">
      <subfield code="a">OSZK</subfield>
    </datafield>
    <datafield tag="041" ind1="0" ind2=" ">
      <subfield code="a">spahunspa</subfield>
    </datafield>
    <datafield tag="080" ind1=" " ind2=" ">
      <subfield code="a">806.0-07(076)</subfield>
    </datafield>
    <datafield tag="100" ind1="1" ind2=" ">
      <subfield code="a">Gyenes Júlia</subfield>
    </datafield>
    <datafield tag="245" ind1="1" ind2="0">
      <subfield code="a">1000 preguntas 1000 respuestas : </subfield>
      <subfield code="b">társalgási gyakorlatok a spanyol "A" típusú nyelvvizsgákra /</subfield>
      <subfield code="c">Gyenes Júlia</subfield>
    </datafield>
    <datafield tag="250" ind1=" " ind2=" ">
      <subfield code="a">2. jav. kiad.</subfield>
    </datafield>
    <datafield tag="260" ind1=" " ind2=" ">
      <subfield code="a">Székesfehérvár :</subfield>
      <subfield code="b">Lexika,</subfield>
      <subfield code="c">2003</subfield>
      <subfield code="e">([Szekszárd]</subfield>
      <subfield code="f">Szekszárdi Ny.)</subfield>
    </datafield>
    <datafield tag="300" ind1=" " ind2=" ">
      <subfield code="a">254, [2] p. ;</subfield>
      <subfield code="c">20 cm</subfield>
    </datafield>
    <datafield tag="500" ind1=" " ind2=" ">
      <subfield code="a">Párhuzamos cím a gerincen: 1000 kérdés 1000 felelet</subfield>
    </datafield>
    <datafield tag="650" ind1=" " ind2="4">
      <subfield code="a">Spanyol nyelv</subfield>
      <subfield code="x">vizsgák, kérdések stb.</subfield>
    </datafield>
    <datafield tag="650" ind1=" " ind2="0">
      <subfield code="a">Spanish language</subfield>
      <subfield code="x">Examinations, questions, etc.</subfield>
    </datafield>
    <datafield tag="650" ind1=" " ind2="4">
      <subfield code="a">spanyol nyelvkönyv</subfield>
    </datafield>
    <datafield tag="650" ind1=" " ind2="4">
      <subfield code="a">spanyol nyelv</subfield>
    </datafield>
    <datafield tag="650" ind1=" " ind2="7">
      <subfield code="a">Spanyol nyelvkönyv</subfield>
      <subfield code="x">társalgási gyakorlatok</subfield>
      <subfield code="2">szte</subfield>
    </datafield>
    <datafield tag="650" ind1=" " ind2="7">
      <subfield code="a">Nyelvvizsga</subfield>
      <subfield code="x">spanyol</subfield>
      <subfield code="x">társalgási gyakorlatok</subfield>
      <subfield code="2">szte</subfield>
    </datafield>
    <datafield tag="650" ind1=" " ind2="7">
      <subfield code="a">Spanyol nyelvkönyv</subfield>
      <subfield code="x">társalgási gyakorlatok</subfield>
    </datafield>
    <datafield tag="650" ind1=" " ind2="7">
      <subfield code="a">Nyelvvizsga</subfield>
      <subfield code="x">spanyol</subfield>
      <subfield code="x">társalgási gyakorlatok</subfield>
    </datafield>
    <datafield tag="852" ind1=" " ind2=" ">
      <subfield code="a">B1</subfield>
      <subfield code="b">B1</subfield>
      <subfield code="x">1041113</subfield>
    </datafield>
    <datafield tag="852" ind1=" " ind2=" ">
      <subfield code="a">D1</subfield>
      <subfield code="b">D1</subfield>
      <subfield code="x">bibKLT00343985</subfield>
    </datafield>
    <datafield tag="852" ind1=" " ind2=" ">
      <subfield code="a">B10</subfield>
      <subfield code="B">0801</subfield>
      <subfield code="b">0204</subfield>
      <subfield code="x">bibFSZ954093</subfield>
    </datafield>
    <datafield tag="852" ind1=" " ind2=" ">
      <subfield code="a">B11</subfield>
      <subfield code="b">B11</subfield>
      <subfield code="x">BMEOMIKK000452937</subfield>
    </datafield>
    <datafield tag="852" ind1=" " ind2=" ">
      <subfield code="a">GY1</subfield>
      <subfield code="b">GY1</subfield>
      <subfield code="x">660280</subfield>
    </datafield>
    <datafield tag="852" ind1=" " ind2=" ">
      <subfield code="a">SZ4</subfield>
      <subfield code="b">SZ4</subfield>
      <subfield code="x">bibFSZ954093</subfield>
    </datafield>
    <datafield tag="852" ind1=" " ind2=" ">
      <subfield code="a">SZ1</subfield>
      <subfield code="b">SZ1/Z2</subfield>
      <subfield code="x">bibJAT00783759</subfield>
    </datafield>
  </record>
  <record>
    <leader>00708nama 22001931i 4500</leader>
    <controlfield tag="001">MOKKAS0000621264  </controlfield>
    <controlfield tag="005">20060614174238.0</controlfield>
    <controlfield tag="008">041001s1966    pl            000 0 polod</controlfield>
    <datafield tag="035" ind1=" " ind2=" ">
      <subfield code="a">1380138</subfield>
    </datafield>
    <datafield tag="040" ind1=" " ind2=" ">
      <subfield code="a">OSZK</subfield>
    </datafield>
    <datafield tag="041" ind1="1" ind2=" ">
      <subfield code="a">polpol</subfield>
      <subfield code="h">hun</subfield>
    </datafield>
    <datafield tag="130" ind1="0" ind2="0">
      <subfield code="a">1000 kérdés - felelet a technika világából</subfield>
      <subfield code="l">lengyel</subfield>
    </datafield>
    <datafield tag="245" ind1="1" ind2="0">
      <subfield code="a">1000 pytań i odpowiedzi z dziedziny techniki /</subfield>
      <subfield code="c">[red. Pap János] ; [ill. Kassowitz Félix] ; tlum. Zygmunt Allina [et al.]</subfield>
    </datafield>
    <datafield tag="260" ind1=" " ind2=" ">
      <subfield code="a">Warszawa :</subfield>
      <subfield code="b">Wyd. naukowotechn.,</subfield>
      <subfield code="c">1966</subfield>
    </datafield>
    <datafield tag="300" ind1=" " ind2=" ">
      <subfield code="a">603 p. ;</subfield>
      <subfield code="c">17 cm</subfield>
    </datafield>
    <datafield tag="700" ind1="1" ind2=" ">
      <subfield code="a">Pap János</subfield>
      <subfield code="4">(szerk.)</subfield>
    </datafield>
    <datafield tag="700" ind1="1" ind2=" ">
      <subfield code="a">Allina, Zygmunt</subfield>
      <subfield code="c">(cédulakatalógus alapján)</subfield>
      <subfield code="4">(ford.)</subfield>
    </datafield>
    <datafield tag="700" ind1="1" ind2=" ">
      <subfield code="a">Kassowitz Félix</subfield>
      <subfield code="d">(1907-1983)</subfield>
      <subfield code="4">(szerk.)</subfield>
    </datafield>
    <datafield tag="852" ind1=" " ind2=" ">
      <subfield code="a">B1</subfield>
      <subfield code="b">B1</subfield>
      <subfield code="x">1380138</subfield>
    </datafield>
  </record>
  <record>
    <leader>00737nam  2200205 i 4500</leader>
    <controlfield tag="001">MOKKAW0006025644  </controlfield>
    <controlfield tag="005">20080801075830.0</controlfield>
    <controlfield tag="008">070413s2007    hu a          00100 eng e</controlfield>
    <datafield tag="020" ind1=" " ind2=" ">
      <subfield code="a">978-963-9750-11-1 (kötött)</subfield>
    </datafield>
    <datafield tag="035" ind1=" " ind2=" ">
      <subfield code="a">bibSOK00437196</subfield>
    </datafield>
    <datafield tag="040" ind1=" " ind2=" ">
      <subfield code="a">SK</subfield>
    </datafield>
    <datafield tag="041" ind1=" " ind2=" ">
      <subfield code="a">enggerfrespahun</subfield>
    </datafield>
    <datafield tag="100" ind1="1" ind2=" ">
      <subfield code="a">Pintér József</subfield>
    </datafield>
    <datafield tag="245" ind1="1" ind2="0">
      <subfield code="a">1000 queen endings =</subfield>
      <subfield code="b">1000 Damenendspiele = 1000 finales des dames = 1000 finales de damas = 1000 vezérvégjáték /</subfield>
      <subfield code="c">József Pintér</subfield>
    </datafield>
    <datafield tag="260" ind1=" " ind2=" ">
      <subfield code="a">Budapest :</subfield>
      <subfield code="b">Magyar Sakkvilág,</subfield>
      <subfield code="c">2007</subfield>
    </datafield>
    <datafield tag="300" ind1=" " ind2=" ">
      <subfield code="a">385 p. :</subfield>
      <subfield code="b">ill. ;</subfield>
      <subfield code="c">22 cm</subfield>
    </datafield>
    <datafield tag="490" ind1="1" ind2=" ">
      <subfield code="a">(Magyar Sakkvilág könyvei,</subfield>
      <subfield code="x">1787-3568 ;</subfield>
      <subfield code="v">11.)</subfield>
    </datafield>
    <datafield tag="650" ind1=" " ind2="7">
      <subfield code="a">Sakk</subfield>
      <subfield code="x">végjátékok</subfield>
      <subfield code="2">szte</subfield>
    </datafield>
    <datafield tag="830" ind1=" " ind2="2">
      <subfield code="a">A Magyar Sakkvilág könyvei</subfield>
    </datafield>
    <datafield tag="852" ind1=" " ind2=" ">
      <subfield code="a">SZ4</subfield>
      <subfield code="b">SZ4/K2</subfield>
      <subfield code="x">bibSOK00437196</subfield>
    </datafield>
  </record>
  <record>
    <leader>00849nam  2200217 i 4500</leader>
    <controlfield tag="001">MOKKAN0004070326  </controlfield>
    <controlfield tag="005">20070124204145.0</controlfield>
    <controlfield tag="008">010312s2000    hu            00010 hun d</controlfield>
    <datafield tag="020" ind1=" " ind2=" ">
      <subfield code="z">963 9092 95 9</subfield>
    </datafield>
    <datafield tag="035" ind1=" " ind2=" ">
      <subfield code="a">bibDEK405542</subfield>
    </datafield>
    <datafield tag="040" ind1=" " ind2=" ">
      <subfield code="a">DEENK</subfield>
    </datafield>
    <datafield tag="041" ind1="0" ind2=" ">
      <subfield code="a">hunfre</subfield>
    </datafield>
    <datafield tag="100" ind1="1" ind2=" ">
      <subfield code="a">Gulyás Rozália</subfield>
    </datafield>
    <datafield tag="245" ind1="1" ind2="0">
      <subfield code="a">1000 questions 1000 réponses :</subfield>
      <subfield code="b">társalgási gyakorlatok a francia "A" típusú nyelvvizsgákra /</subfield>
      <subfield code="c">Gulyás Rozália</subfield>
    </datafield>
    <datafield tag="260" ind1=" " ind2=" ">
      <subfield code="a">Székesfehérvár :</subfield>
      <subfield code="v">Lexika Tankönyvkiadó,</subfield>
      <subfield code="c">2000?</subfield>
      <subfield code="e">(Szekszárd :</subfield>
      <subfield code="f">Szekszárdi Ny.)</subfield>
    </datafield>
    <datafield tag="300" ind1=" " ind2=" ">
      <subfield code="a">270, [2] p. ;</subfield>
      <subfield code="c">20 cm</subfield>
    </datafield>
    <datafield tag="650" ind1=" " ind2="4">
      <subfield code="a">Francia nyelv</subfield>
      <subfield code="x">tankönyvek idegen ajkúaknak</subfield>
      <subfield code="x">magyar</subfield>
    </datafield>
    <datafield tag="650" ind1=" " ind2="4">
      <subfield code="a">Francia nyelv</subfield>
      <subfield code="x">vizsgák, kérdések stb.</subfield>
    </datafield>
    <datafield tag="650" ind1=" " ind2="0">
      <subfield code="a">French language</subfield>
      <subfield code="x">Textbooks for foreign speakers</subfield>
      <subfield code="x">Hungarian.</subfield>
    </datafield>
    <datafield tag="650" ind1=" " ind2="0">
      <subfield code="a">French language</subfield>
      <subfield code="x">Examinations, questions, etc.</subfield>
    </datafield>
    <datafield tag="852" ind1=" " ind2=" ">
      <subfield code="a">D1</subfield>
      <subfield code="b">D1</subfield>
      <subfield code="x">bibDEK405542</subfield>
    </datafield>
  </record>
  <record>
    <leader>02237nam  2200625 i 4500</leader>
    <controlfield tag="001">MOKKAZ0006394082  </controlfield>
    <controlfield tag="005">20101105073044.0</controlfield>
    <controlfield tag="008">000721s2000    hu            000 0 fre d</controlfield>
    <datafield tag="020" ind1=" " ind2=" ">
      <subfield code="a">963-9092-95-9 (fűzött) :</subfield>
      <subfield code="c">980,- Ft</subfield>
    </datafield>
    <datafield tag="035" ind1=" " ind2=" ">
      <subfield code="a">437598</subfield>
    </datafield>
    <datafield tag="040" ind1=" " ind2=" ">
      <subfield code="a">OSZK</subfield>
    </datafield>
    <datafield tag="041" ind1="0" ind2=" ">
      <subfield code="a">frehunfre</subfield>
    </datafield>
    <datafield tag="080" ind1=" " ind2=" ">
      <subfield code="a">804.0-07</subfield>
    </datafield>
    <datafield tag="080" ind1=" " ind2=" ">
      <subfield code="a">804.0-318(038)=945.11</subfield>
    </datafield>
    <datafield tag="100" ind1="1" ind2=" ">
      <subfield code="a">Gulyás Rozália</subfield>
    </datafield>
    <datafield tag="245" ind1="1" ind2="0">
      <subfield code="a">1000 questions 1000 réponses : </subfield>
      <subfield code="b">társalgási gyakorlatok a francia "A" típusú nyelvvizsgákra /</subfield>
      <subfield code="c">Gulyás Rozália.</subfield>
    </datafield>
    <datafield tag="260" ind1=" " ind2=" ">
      <subfield code="a">Székesfehérvár :</subfield>
      <subfield code="b">Lexika,</subfield>
      <subfield code="c">2000</subfield>
      <subfield code="e">([S.l.]</subfield>
      <subfield code="f">[s.n.])</subfield>
    </datafield>
    <datafield tag="300" ind1=" " ind2=" ">
      <subfield code="a">270, [2] p. ;</subfield>
      <subfield code="c">20 cm</subfield>
    </datafield>
    <datafield tag="500" ind1=" " ind2=" ">
      <subfield code="a">Párhuzamos cím a gerincen: 1000 kérdés 1000 felelet</subfield>
    </datafield>
    <datafield tag="650" ind1="0" ind2="7">
      <subfield code="2">ar</subfield>
      <subfield code="a">francia nyelv</subfield>
      <subfield code="x">társalgási gyakorlat</subfield>
    </datafield>
    <datafield tag="650" ind1="0" ind2="4">
      <subfield code="a">francia nyelv</subfield>
      <subfield code="x">nyelvvizsga</subfield>
    </datafield>
    <datafield tag="650" ind1="0" ind2="4">
      <subfield code="a">francia nyelvkönyv</subfield>
      <subfield code="x">társalgás</subfield>
    </datafield>
    <datafield tag="650" ind1="0" ind2="4">
      <subfield code="a">társalgási nyelv</subfield>
      <subfield code="z">francia</subfield>
    </datafield>
    <datafield tag="650" ind1=" " ind2="4">
      <subfield code="a">francia</subfield>
    </datafield>
    <datafield tag="650" ind1=" " ind2="4">
      <subfield code="a">nyelvvizsga</subfield>
    </datafield>
    <datafield tag="650" ind1=" " ind2="4">
      <subfield code="a">francia nyelv</subfield>
    </datafield>
    <datafield tag="650" ind1=" " ind2="4">
      <subfield code="a">gyakorlatok</subfield>
    </datafield>
    <datafield tag="650" ind1=" " ind2="4">
      <subfield code="a">French language</subfield>
    </datafield>
    <datafield tag="650" ind1=" " ind2="4">
      <subfield code="a">Francia nyelvkönyv</subfield>
    </datafield>
    <datafield tag="650" ind1=" " ind2="4">
      <subfield code="a">Társalgási nyelv</subfield>
    </datafield>
    <datafield tag="650" ind1=" " ind2="4">
      <subfield code="a">Társalgás</subfield>
    </datafield>
    <datafield tag="650" ind1=" " ind2="7">
      <subfield code="a">Francia nyelvkönyv</subfield>
      <subfield code="x">társalgási gyakorlatok</subfield>
      <subfield code="2">szte</subfield>
    </datafield>
    <datafield tag="650" ind1=" " ind2="4">
      <subfield code="a">Francia nyelv</subfield>
      <subfield code="x">tankönyvek idegen ajkúaknak</subfield>
      <subfield code="x">magyar</subfield>
    </datafield>
    <datafield tag="650" ind1=" " ind2="4">
      <subfield code="a">Francia nyelv</subfield>
      <subfield code="x">vizsgák, kérdések stb.</subfield>
    </datafield>
    <datafield tag="650" ind1=" " ind2="0">
      <subfield code="a">French language</subfield>
      <subfield code="x">Textbooks for foreign speakers</subfield>
      <subfield code="x">Hungarian.</subfield>
    </datafield>
    <datafield tag="650" ind1=" " ind2="0">
      <subfield code="a">French language</subfield>
      <subfield code="x">Examinations, questions, etc.</subfield>
    </datafield>
    <datafield tag="650" ind1=" " ind2="7">
      <subfield code="a">Francia nyelv</subfield>
      <subfield code="x">tankönyvek idegen ajkúaknak</subfield>
      <subfield code="x">magyar</subfield>
      <subfield code="2">lcsh//hun</subfield>
    </datafield>
    <datafield tag="650" ind1=" " ind2="7">
      <subfield code="a">Francia nyelv</subfield>
      <subfield code="x">vizsgák, kérdések stb.</subfield>
      <subfield code="2">lcsh//hun</subfield>
    </datafield>
    <datafield tag="650" ind1=" " ind2="7">
      <subfield code="a">Francia nyelvkönyv</subfield>
      <subfield code="x">társalgási</subfield>
    </datafield>
    <datafield tag="650" ind1=" " ind2="7">
      <subfield code="a">Francia nyelv</subfield>
      <subfield code="x">kifejezések</subfield>
      <subfield code="x">szótár</subfield>
    </datafield>
    <datafield tag="653" ind1=" " ind2=" ">
      <subfield code="a">beszédtechnika</subfield>
    </datafield>
    <datafield tag="653" ind1=" " ind2=" ">
      <subfield code="a">francia nyelv</subfield>
    </datafield>
    <datafield tag="653" ind1=" " ind2=" ">
      <subfield code="a">nyelvvizsga</subfield>
    </datafield>
    <datafield tag="852" ind1=" " ind2=" ">
      <subfield code="a">B1</subfield>
      <subfield code="b">B1</subfield>
      <subfield code="x">437598</subfield>
    </datafield>
    <datafield tag="852" ind1=" " ind2=" ">
      <subfield code="a">B2</subfield>
      <subfield code="b">B2</subfield>
      <subfield code="x">194893</subfield>
    </datafield>
    <datafield tag="852" ind1=" " ind2=" ">
      <subfield code="a">M1</subfield>
      <subfield code="b">M1</subfield>
      <subfield code="x">131546</subfield>
    </datafield>
    <datafield tag="852" ind1=" " ind2=" ">
      <subfield code="a">G1</subfield>
      <subfield code="b">G1</subfield>
      <subfield code="x">71747</subfield>
    </datafield>
    <datafield tag="852" ind1=" " ind2=" ">
      <subfield code="a">B11</subfield>
      <subfield code="b">B11</subfield>
      <subfield code="x">BMEOMIKK000460214</subfield>
    </datafield>
    <datafield tag="852" ind1=" " ind2=" ">
      <subfield code="a">M2</subfield>
      <subfield code="b">M2</subfield>
      <subfield code="x">bibRFK00119474</subfield>
    </datafield>
    <datafield tag="852" ind1=" " ind2=" ">
      <subfield code="a">ST1</subfield>
      <subfield code="b">ST1</subfield>
      <subfield code="x">bibBBM254403</subfield>
    </datafield>
    <datafield tag="852" ind1=" " ind2=" ">
      <subfield code="a">SZL1</subfield>
      <subfield code="b">SZL1</subfield>
      <subfield code="x">bibVFK00245751</subfield>
    </datafield>
    <datafield tag="852" ind1=" " ind2=" ">
      <subfield code="a">SZ4</subfield>
      <subfield code="b">SZ4</subfield>
      <subfield code="x">bibKLT00285178</subfield>
    </datafield>
    <datafield tag="852" ind1=" " ind2=" ">
      <subfield code="a">D1</subfield>
      <subfield code="b">D1/NY</subfield>
      <subfield code="b">D1</subfield>
      <subfield code="x">bibKLT00285178</subfield>
    </datafield>
    <datafield tag="852" ind1=" " ind2=" ">
      <subfield code="a">SZ1</subfield>
      <subfield code="b">SZ1/B3</subfield>
      <subfield code="b">SZ1/17</subfield>
      <subfield code="x">bibJAT480947</subfield>
    </datafield>
    <datafield tag="852" ind1=" " ind2=" ">
      <subfield code="a">B9</subfield>
      <subfield code="b">B9</subfield>
      <subfield code="x">264711</subfield>
    </datafield>
  </record>
  <record>
    <leader>00841aam  2200217 i 4500</leader>
    <controlfield tag="001">MOKKAS0003825430  </controlfield>
    <controlfield tag="005">20091116131110.0</controlfield>
    <controlfield tag="008">920504|1992    hu            0001  eng  </controlfield>
    <datafield tag="020" ind1=" " ind2=" ">
      <subfield code="a">963 7693 02 5</subfield>
    </datafield>
    <datafield tag="035" ind1=" " ind2=" ">
      <subfield code="a">bibJAT534221</subfield>
    </datafield>
    <datafield tag="040" ind1=" " ind2=" ">
      <subfield code="a">SZTE</subfield>
    </datafield>
    <datafield tag="041" ind1=" " ind2=" ">
      <subfield code="a">enghun</subfield>
    </datafield>
    <datafield tag="080" ind1=" " ind2=" ">
      <subfield code="a">802.0-07(076)</subfield>
    </datafield>
    <datafield tag="100" ind1="1" ind2=" ">
      <subfield code="a">Hock Ildikó, Némethné</subfield>
    </datafield>
    <datafield tag="245" ind1="1" ind2="0">
      <subfield code="a">1000 questions 1000 answers :</subfield>
      <subfield code="b">angol társalgási gyakorlatok az "A" típusú nyelvvizsgákra /</subfield>
      <subfield code="c">Némethné Hock Ildikó</subfield>
    </datafield>
    <datafield tag="260" ind1=" " ind2=" ">
      <subfield code="a">[Székesfehérvár] :</subfield>
      <subfield code="b">Lexika,</subfield>
      <subfield code="c">[1992]</subfield>
    </datafield>
    <datafield tag="300" ind1=" " ind2=" ">
      <subfield code="a">235 p. ;</subfield>
      <subfield code="c">25 cm</subfield>
    </datafield>
    <datafield tag="650" ind1=" " ind2="7">
      <subfield code="a">Angol nyelvkönyv</subfield>
      <subfield code="x">társalgási gyakorlatok</subfield>
      <subfield code="2">szte</subfield>
    </datafield>
    <datafield tag="650" ind1=" " ind2="7">
      <subfield code="a">Nyelvvizsga</subfield>
      <subfield code="x">angol</subfield>
      <subfield code="x">társalgási</subfield>
      <subfield code="x">gyakorlatok</subfield>
    </datafield>
    <datafield tag="650" ind1=" " ind2="7">
      <subfield code="a">Nyelvvizsga</subfield>
      <subfield code="x">angol</subfield>
      <subfield code="x">társalgási</subfield>
      <subfield code="x">gyakorlatok</subfield>
      <subfield code="2">szte</subfield>
    </datafield>
    <datafield tag="852" ind1=" " ind2=" ">
      <subfield code="a">SZ1</subfield>
      <subfield code="b">SZ1/R3</subfield>
      <subfield code="b">SZ1/R2</subfield>
      <subfield code="b">SZ1/R1</subfield>
      <subfield code="b">SZ/87</subfield>
      <subfield code="b">SZ1/R4</subfield>
      <subfield code="b">SZ10/ANG</subfield>
      <subfield code="b">SZ1/B3</subfield>
      <subfield code="b">SZ1/133</subfield>
      <subfield code="b">SZ1/17</subfield>
      <subfield code="x">bibJAT534221</subfield>
    </datafield>
  </record>
  <record>
    <leader>00854nam  2200229 i 4500</leader>
    <controlfield tag="001">MOKKAS0003824695  </controlfield>
    <controlfield tag="005">20090505174947.0</controlfield>
    <controlfield tag="008">960410 2002    hu            00010 eng1 </controlfield>
    <datafield tag="020" ind1=" " ind2=" ">
      <subfield code="a">963 9092 94 0</subfield>
    </datafield>
    <datafield tag="035" ind1=" " ind2=" ">
      <subfield code="a">bibJGYx67505</subfield>
    </datafield>
    <datafield tag="040" ind1=" " ind2=" ">
      <subfield code="a">SZTE</subfield>
    </datafield>
    <datafield tag="100" ind1="1" ind2=" ">
      <subfield code="a">Hock Ildikó, Némethné</subfield>
    </datafield>
    <datafield tag="245" ind1="1" ind2="0">
      <subfield code="a">1000 questions 1000 answers :</subfield>
      <subfield code="b">angol társalgási gyakorlatok az "A" típusú nyelvvizsgákra /</subfield>
      <subfield code="c">Némethné Hock Ildikó</subfield>
    </datafield>
    <datafield tag="250" ind1=" " ind2=" ">
      <subfield code="a">Jav. kiad.</subfield>
    </datafield>
    <datafield tag="260" ind1=" " ind2=" ">
      <subfield code="a">[Székesfehérvár] :</subfield>
      <subfield code="b">Lexika,</subfield>
      <subfield code="c">2002</subfield>
    </datafield>
    <datafield tag="300" ind1=" " ind2=" ">
      <subfield code="a">253 p. ;</subfield>
      <subfield code="c">20 cm</subfield>
    </datafield>
    <datafield tag="650" ind1=" " ind2="7">
      <subfield code="a">Angol nyelv</subfield>
      <subfield code="x">Nyelvvizsga</subfield>
      <subfield code="x">Feladatok</subfield>
      <subfield code="2">szte</subfield>
    </datafield>
    <datafield tag="650" ind1=" " ind2="7">
      <subfield code="a">Angol nyelv</subfield>
      <subfield code="x">Társalgás és kifejezésgyűjtemények</subfield>
      <subfield code="2">szte</subfield>
    </datafield>
    <datafield tag="650" ind1=" " ind2="7">
      <subfield code="a">Angol nyelvkönyv</subfield>
      <subfield code="x">alapfokú</subfield>
      <subfield code="2">szte</subfield>
    </datafield>
    <datafield tag="650" ind1=" " ind2="7">
      <subfield code="a">Nyelvvizsga</subfield>
      <subfield code="x">angol</subfield>
      <subfield code="x">alapfokú</subfield>
      <subfield code="2">szte</subfield>
    </datafield>
    <datafield tag="700" ind1="1" ind2=" ">
      <subfield code="a">Hock Ildikó, Némethné</subfield>
    </datafield>
    <datafield tag="852" ind1=" " ind2=" ">
      <subfield code="a">SZ1</subfield>
      <subfield code="b">SZ1</subfield>
      <subfield code="b">SZ10/GYAK</subfield>
      <subfield code="b">SZ1/133</subfield>
      <subfield code="b">SZ1/B3</subfield>
      <subfield code="x">bibJGYx67505</subfield>
    </datafield>
  </record>
  <record>
    <leader>00929nam  2200241 i 4500</leader>
    <controlfield tag="001">MOKKAW0005643369  </controlfield>
    <controlfield tag="005">20100120141343.0</controlfield>
    <controlfield tag="008">080416s2007    hu            00010 eng1d</controlfield>
    <datafield tag="020" ind1=" " ind2=" ">
      <subfield code="a">978 963 9092 94 5</subfield>
    </datafield>
    <datafield tag="035" ind1=" " ind2=" ">
      <subfield code="a">bibJAT00729478</subfield>
    </datafield>
    <datafield tag="040" ind1=" " ind2=" ">
      <subfield code="a">SZTE</subfield>
    </datafield>
    <datafield tag="080" ind1=" " ind2=" ">
      <subfield code="a">802.0-07(076)</subfield>
    </datafield>
    <datafield tag="100" ind1="1" ind2=" ">
      <subfield code="a">Hock Ildikó, Némethné</subfield>
    </datafield>
    <datafield tag="245" ind1="1" ind2="0">
      <subfield code="a">1000 questions 1000 answers :</subfield>
      <subfield code="b">angol társalgási gyakorlatok az "A" típusú nyelvvizsgákra /</subfield>
      <subfield code="c">Némethné Hock Ildikó</subfield>
    </datafield>
    <datafield tag="250" ind1=" " ind2=" ">
      <subfield code="a">Jav. kiad.</subfield>
    </datafield>
    <datafield tag="260" ind1=" " ind2=" ">
      <subfield code="a">[Székesfehérvár] :</subfield>
      <subfield code="b">Lexika,</subfield>
      <subfield code="c">[2007]</subfield>
    </datafield>
    <datafield tag="300" ind1=" " ind2=" ">
      <subfield code="a">253 p. ;</subfield>
      <subfield code="c">20 cm</subfield>
    </datafield>
    <datafield tag="650" ind1=" " ind2="7">
      <subfield code="a">Angol nyelvkönyv</subfield>
      <subfield code="x">alapfokú</subfield>
      <subfield code="x">társalgási gyakorlatok</subfield>
      <subfield code="2">szte</subfield>
    </datafield>
    <datafield tag="650" ind1=" " ind2="7">
      <subfield code="a">Nyelvvizsga</subfield>
      <subfield code="x">angol</subfield>
      <subfield code="x">alapfokú</subfield>
      <subfield code="x">gyakorlatok</subfield>
      <subfield code="2">szte</subfield>
    </datafield>
    <datafield tag="650" ind1=" " ind2="7">
      <subfield code="a">Angol nyelvkönyv</subfield>
      <subfield code="x">társalgási gyakorlatok</subfield>
      <subfield code="2">szte</subfield>
    </datafield>
    <datafield tag="650" ind1=" " ind2="7">
      <subfield code="a">Nyelvvizsga</subfield>
      <subfield code="x">angol</subfield>
      <subfield code="x">társalgási</subfield>
      <subfield code="x">gyakorlatok</subfield>
    </datafield>
    <datafield tag="650" ind1=" " ind2="7">
      <subfield code="a">Nyelvvizsga</subfield>
      <subfield code="x">angol</subfield>
      <subfield code="x">társalgási</subfield>
      <subfield code="x">gyakorlatok</subfield>
      <subfield code="2">szte</subfield>
    </datafield>
    <datafield tag="852" ind1=" " ind2=" ">
      <subfield code="a">SZ1</subfield>
      <subfield code="b">SZ1/B3</subfield>
      <subfield code="x">bibJAT00729478</subfield>
    </datafield>
  </record>
  <record>
    <leader>02740nam  2200769 i 4500</leader>
    <controlfield tag="001">MOKKAS0002076697  </controlfield>
    <controlfield tag="005">20060407173732.0</controlfield>
    <controlfield tag="008">041202s2004    hu            000 0 eng d</controlfield>
    <datafield tag="020" ind1=" " ind2=" ">
      <subfield code="a">963-9357-47-2 :</subfield>
      <subfield code="c">1400,-Ft</subfield>
    </datafield>
    <datafield tag="035" ind1=" " ind2=" ">
      <subfield code="a">2535700</subfield>
    </datafield>
    <datafield tag="040" ind1=" " ind2=" ">
      <subfield code="a">OSZK</subfield>
    </datafield>
    <datafield tag="041" ind1="0" ind2=" ">
      <subfield code="a">enghunenghun</subfield>
    </datafield>
    <datafield tag="100" ind1="1" ind2=" ">
      <subfield code="a">Kész Zoltán</subfield>
    </datafield>
    <datafield tag="245" ind1="1" ind2="0">
      <subfield code="a">1000 questions, 1000 answers : </subfield>
      <subfield code="b">társalgási gyakorlatok felsőfokú nyelvvizsgákra és emeltszintű szóbeli érettségire /</subfield>
      <subfield code="c">Kész Zoltán, Némethné Hock Ildikó</subfield>
    </datafield>
    <datafield tag="246" ind1="1" ind2="8">
      <subfield code="a">1000 kérdés, 1000 felelet</subfield>
      <subfield code="b">angol felsőfokú nyelvvizsgákra és emelt szintű érettségire</subfield>
    </datafield>
    <datafield tag="260" ind1=" " ind2=" ">
      <subfield code="a">Székesfehérvár :</subfield>
      <subfield code="b">Lexika,</subfield>
      <subfield code="c">2004</subfield>
    </datafield>
    <datafield tag="300" ind1=" " ind2=" ">
      <subfield code="a">208 p. ;</subfield>
      <subfield code="c">20 cm</subfield>
    </datafield>
    <datafield tag="650" ind1="1" ind2="7">
      <subfield code="a">angol nyelv</subfield>
      <subfield code="2">oszk</subfield>
    </datafield>
    <datafield tag="650" ind1="1" ind2="7">
      <subfield code="a">nyelvvizsga</subfield>
      <subfield code="2">oszk</subfield>
    </datafield>
    <datafield tag="650" ind1=" " ind2="4">
      <subfield code="a">angol nyelvkönyv</subfield>
    </datafield>
    <datafield tag="650" ind1=" " ind2="4">
      <subfield code="a">feladatgyűjtemény, példatár</subfield>
    </datafield>
    <datafield tag="650" ind1=" " ind2="4">
      <subfield code="a">nyelvvizsga</subfield>
    </datafield>
    <datafield tag="650" ind1=" " ind2="4">
      <subfield code="a">érettségi tétel</subfield>
    </datafield>
    <datafield tag="650" ind1=" " ind2="4">
      <subfield code="a">angol nyelv</subfield>
    </datafield>
    <datafield tag="650" ind1=" " ind2="4">
      <subfield code="a">angol nyelv - nyelvkönyvek</subfield>
    </datafield>
    <datafield tag="650" ind1=" " ind2="4">
      <subfield code="a">nyelvvizsga - angol nyelv</subfield>
    </datafield>
    <datafield tag="650" ind1=" " ind2="4">
      <subfield code="a">angol nyelv - társalgás</subfield>
    </datafield>
    <datafield tag="650" ind1=" " ind2="4">
      <subfield code="a">társalgás - angol nyelv</subfield>
    </datafield>
    <datafield tag="650" ind1=" " ind2="4">
      <subfield code="a">érettségi feladatok</subfield>
    </datafield>
    <datafield tag="650" ind1=" " ind2="4">
      <subfield code="a">vizsgafeladatok</subfield>
    </datafield>
    <datafield tag="650" ind1=" " ind2="4">
      <subfield code="a">Nyelvkönyv, angol</subfield>
    </datafield>
    <datafield tag="650" ind1=" " ind2="4">
      <subfield code="a">Társalgás</subfield>
    </datafield>
    <datafield tag="650" ind1=" " ind2="4">
      <subfield code="a">Nyelvkönyvek</subfield>
    </datafield>
    <datafield tag="650" ind1=" " ind2="4">
      <subfield code="a">Érettségi vizsga, emelt szintű</subfield>
    </datafield>
    <datafield tag="650" ind1=" " ind2="4">
      <subfield code="a">Nyelvvizsga, felsőfokú</subfield>
    </datafield>
    <datafield tag="650" ind1=" " ind2="4">
      <subfield code="a">Angol nyelv</subfield>
      <subfield code="x">vizsgák, kérdések stb.</subfield>
    </datafield>
    <datafield tag="650" ind1=" " ind2="4">
      <subfield code="a">Angol nyelv</subfield>
      <subfield code="x">társalgás és kifejezésgyűjtemények</subfield>
    </datafield>
    <datafield tag="650" ind1=" " ind2="4">
      <subfield code="a">Angol nyelv</subfield>
      <subfield code="x">tankönyvek idegen ajkúaknak</subfield>
    </datafield>
    <datafield tag="650" ind1=" " ind2="4">
      <subfield code="a">Angol nyelv</subfield>
      <subfield code="x">feladatok, gyakorlatok stb.</subfield>
    </datafield>
    <datafield tag="650" ind1=" " ind2="7">
      <subfield code="a">Angol nyelvkönyv</subfield>
      <subfield code="x">társalgási gyakorlatok</subfield>
      <subfield code="2">szte</subfield>
    </datafield>
    <datafield tag="650" ind1=" " ind2="7">
      <subfield code="a">Nyelvvizsga</subfield>
      <subfield code="x">angol</subfield>
      <subfield code="x">társalgási gyakorlatok</subfield>
      <subfield code="2">szte</subfield>
    </datafield>
    <datafield tag="650" ind1=" " ind2="4">
      <subfield code="a">Felsőfok</subfield>
    </datafield>
    <datafield tag="650" ind1=" " ind2="4">
      <subfield code="a">Érettségi</subfield>
    </datafield>
    <datafield tag="650" ind1="0" ind2="4">
      <subfield code="a">angol nyelvkönyv</subfield>
      <subfield code="x">társalgás</subfield>
    </datafield>
    <datafield tag="650" ind1="0" ind2="4">
      <subfield code="a">társalgási nyelv</subfield>
      <subfield code="z">angol</subfield>
    </datafield>
    <datafield tag="650" ind1=" " ind2="4">
      <subfield code="a">példatár</subfield>
    </datafield>
    <datafield tag="650" ind1=" " ind2="4">
      <subfield code="a">vizsgaelőkészítő</subfield>
    </datafield>
    <datafield tag="650" ind1=" " ind2="4">
      <subfield code="a">érettségi vizsga</subfield>
    </datafield>
    <datafield tag="650" ind1=" " ind2="7">
      <subfield code="a">Nyelvvizsga</subfield>
      <subfield code="x">angol</subfield>
      <subfield code="x">felsőfokú</subfield>
      <subfield code="x">gyakorlatok</subfield>
      <subfield code="2">szte</subfield>
    </datafield>
    <datafield tag="650" ind1=" " ind2="4">
      <subfield code="a">Angol nyelv</subfield>
      <subfield code="x">Feladatgyűjtemények</subfield>
      <subfield code="x">Társalgás</subfield>
    </datafield>
    <datafield tag="650" ind1=" " ind2="4">
      <subfield code="a">Angol nyelv</subfield>
      <subfield code="x">Feladatgyűjtemények</subfield>
      <subfield code="x">Nyelvvizsga</subfield>
    </datafield>
    <datafield tag="695" ind1=" " ind2=" ">
      <subfield code="a">BC</subfield>
    </datafield>
    <datafield tag="700" ind1="2" ind2="0">
      <subfield code="a">Némethné Hock Ildikó</subfield>
    </datafield>
    <datafield tag="852" ind1=" " ind2=" ">
      <subfield code="a">B1</subfield>
      <subfield code="b">B1</subfield>
      <subfield code="x">2535700</subfield>
    </datafield>
    <datafield tag="852" ind1=" " ind2=" ">
      <subfield code="a">B11</subfield>
      <subfield code="b">B11</subfield>
      <subfield code="x">BMEOMIKK000461981</subfield>
    </datafield>
    <datafield tag="852" ind1=" " ind2=" ">
      <subfield code="a">GY1</subfield>
      <subfield code="b">GY1</subfield>
      <subfield code="x">681886</subfield>
    </datafield>
    <datafield tag="852" ind1=" " ind2=" ">
      <subfield code="a">BCS1</subfield>
      <subfield code="b">BCS1</subfield>
      <subfield code="x">bibBKO00095774</subfield>
    </datafield>
    <datafield tag="852" ind1=" " ind2=" ">
      <subfield code="a">M2</subfield>
      <subfield code="b">M2</subfield>
      <subfield code="x">bibRFK00155902</subfield>
    </datafield>
    <datafield tag="852" ind1=" " ind2=" ">
      <subfield code="a">SZL1</subfield>
      <subfield code="b">SZL1</subfield>
      <subfield code="x">bibVFK00259331</subfield>
    </datafield>
    <datafield tag="852" ind1=" " ind2=" ">
      <subfield code="a">SZK1</subfield>
      <subfield code="b">SZK1</subfield>
      <subfield code="x">bibTMK121725</subfield>
    </datafield>
    <datafield tag="852" ind1=" " ind2=" ">
      <subfield code="a">SZ4</subfield>
      <subfield code="b">SZ4</subfield>
      <subfield code="x">bibFSZ1056794</subfield>
    </datafield>
    <datafield tag="852" ind1=" " ind2=" ">
      <subfield code="a">ST1</subfield>
      <subfield code="b">ST1</subfield>
      <subfield code="x">bibBBM255117</subfield>
    </datafield>
    <datafield tag="852" ind1=" " ind2=" ">
      <subfield code="a">M1</subfield>
      <subfield code="b">M1</subfield>
      <subfield code="x">202632</subfield>
    </datafield>
    <datafield tag="852" ind1=" " ind2=" ">
      <subfield code="a">B10</subfield>
      <subfield code="b">B10</subfield>
      <subfield code="x">bibFSZ1056794</subfield>
    </datafield>
    <datafield tag="852" ind1=" " ind2=" ">
      <subfield code="a">SZO1</subfield>
      <subfield code="b">SZO1</subfield>
      <subfield code="x">150432553</subfield>
    </datafield>
    <datafield tag="852" ind1=" " ind2=" ">
      <subfield code="a">SZ1</subfield>
      <subfield code="b">SZ1/B3</subfield>
      <subfield code="x">bibKLT00383379</subfield>
    </datafield>
    <datafield tag="852" ind1=" " ind2=" ">
      <subfield code="a">H1</subfield>
      <subfield code="b">H1</subfield>
      <subfield code="x">NLVK397857</subfield>
    </datafield>
  </record>
  <record>
    <leader>01614nam  2200397 i 4500</leader>
    <controlfield tag="001">MOKKAS0002085574  </controlfield>
    <controlfield tag="005">20091013090939.0</controlfield>
    <controlfield tag="008">050926s2005    hu            000 0 eng d</controlfield>
    <datafield tag="020" ind1=" " ind2=" ">
      <subfield code="a">963-9357-53-7 (fűzött)</subfield>
    </datafield>
    <datafield tag="035" ind1=" " ind2=" ">
      <subfield code="a">2577376</subfield>
    </datafield>
    <datafield tag="040" ind1=" " ind2=" ">
      <subfield code="a">OSZK</subfield>
    </datafield>
    <datafield tag="041" ind1="0" ind2=" ">
      <subfield code="a">enghunenghun</subfield>
    </datafield>
    <datafield tag="080" ind1=" " ind2=" ">
      <subfield code="a">802.0-07(076)</subfield>
    </datafield>
    <datafield tag="100" ind1="1" ind2=" ">
      <subfield code="a">Kész Zoltán</subfield>
    </datafield>
    <datafield tag="245" ind1="1" ind2="0">
      <subfield code="a">1000 questions, 1000 answers : </subfield>
      <subfield code="b">társalgási gyakorlatok felsőfokú nyelvvizsgákra és emeltszintű szóbeli érettségire /</subfield>
      <subfield code="c">Kész Zoltán, Némethné Hock Ildikó</subfield>
    </datafield>
    <datafield tag="246" ind1="1" ind2="8">
      <subfield code="a">1000 kérdés, 1000 felelet</subfield>
      <subfield code="b">angol felsőfokú nyelvvizsgákra és emelt szintű érettségire</subfield>
    </datafield>
    <datafield tag="250" ind1=" " ind2=" ">
      <subfield code="a">2. bőv. kiad.</subfield>
    </datafield>
    <datafield tag="260" ind1=" " ind2=" ">
      <subfield code="a">Székesfehérvár :</subfield>
      <subfield code="b">Lexika,</subfield>
      <subfield code="c">2005</subfield>
    </datafield>
    <datafield tag="300" ind1=" " ind2=" ">
      <subfield code="a">272 p. ;</subfield>
      <subfield code="c">20 cm</subfield>
    </datafield>
    <datafield tag="650" ind1="1" ind2="7">
      <subfield code="a">angol nyelv</subfield>
      <subfield code="2">oszk</subfield>
    </datafield>
    <datafield tag="650" ind1="1" ind2="7">
      <subfield code="a">nyelvvizsga</subfield>
      <subfield code="2">oszk</subfield>
    </datafield>
    <datafield tag="650" ind1=" " ind2="7">
      <subfield code="a">Angol nyelvkönyv</subfield>
      <subfield code="x">társalgási gyakorlatok</subfield>
      <subfield code="2">szte</subfield>
    </datafield>
    <datafield tag="650" ind1=" " ind2="7">
      <subfield code="a">Nyelvvizsga</subfield>
      <subfield code="x">angol</subfield>
      <subfield code="x">felsőfokú</subfield>
      <subfield code="x">gyakorlatok</subfield>
      <subfield code="2">szte</subfield>
    </datafield>
    <datafield tag="650" ind1=" " ind2="7">
      <subfield code="a">Érettségi vizsgaanyag</subfield>
      <subfield code="x">angol nyelv</subfield>
      <subfield code="x">segédkönyv</subfield>
      <subfield code="2">szte</subfield>
    </datafield>
    <datafield tag="650" ind1=" " ind2="4">
      <subfield code="a">Angol nyelv</subfield>
      <subfield code="x">társalgás és kifejezésgyűjtemények</subfield>
    </datafield>
    <datafield tag="650" ind1=" " ind2="4">
      <subfield code="a">Angol nyelv</subfield>
      <subfield code="x">vizsgák, kérdések stb.</subfield>
    </datafield>
    <datafield tag="650" ind1=" " ind2="0">
      <subfield code="a">English language</subfield>
      <subfield code="x">Conversation and phrase books.</subfield>
    </datafield>
    <datafield tag="650" ind1=" " ind2="0">
      <subfield code="a">English language</subfield>
      <subfield code="x">Examinations, questions, etc.</subfield>
    </datafield>
    <datafield tag="650" ind1=" " ind2="7">
      <subfield code="a">Nyelvvizsga</subfield>
      <subfield code="x">angol</subfield>
      <subfield code="x">felsőfokú</subfield>
      <subfield code="x">gyakorlatok</subfield>
    </datafield>
    <datafield tag="650" ind1=" " ind2="7">
      <subfield code="a">Érettségi vizsgaanyag</subfield>
      <subfield code="x">angol nyelv</subfield>
      <subfield code="2">szte</subfield>
    </datafield>
    <datafield tag="700" ind1="2" ind2="0">
      <subfield code="a">Némethné Hock Ildikó</subfield>
      <subfield code="d">(1957-)</subfield>
    </datafield>
    <datafield tag="852" ind1=" " ind2=" ">
      <subfield code="a">B1</subfield>
      <subfield code="b">B1</subfield>
      <subfield code="x">2577376</subfield>
    </datafield>
    <datafield tag="852" ind1=" " ind2=" ">
      <subfield code="a">B10</subfield>
      <subfield code="b">B10</subfield>
      <subfield code="x">bibFSZ01347862</subfield>
    </datafield>
    <datafield tag="852" ind1=" " ind2=" ">
      <subfield code="a">SZ4</subfield>
      <subfield code="b">SZ4</subfield>
      <subfield code="x">bibSOK357747</subfield>
    </datafield>
    <datafield tag="852" ind1=" " ind2=" ">
      <subfield code="a">D1</subfield>
      <subfield code="b">D1/NY</subfield>
      <subfield code="x">bibSOK357747</subfield>
    </datafield>
    <datafield tag="852" ind1=" " ind2=" ">
      <subfield code="a">SZ1</subfield>
      <subfield code="b">SZ1/B3</subfield>
      <subfield code="x">bibSOK357747</subfield>
    </datafield>
  </record>
  <record>
    <leader>00813nam  2200253 i 4500</leader>
    <controlfield tag="001">MOKKAS0001347304  </controlfield>
    <controlfield tag="005">20100413162559.0</controlfield>
    <controlfield tag="008">      s1992    hu            00010 eng d</controlfield>
    <datafield tag="020" ind1=" " ind2=" ">
      <subfield code="a">963-7693-02-05 [!ISBN 963-7693-02-5] (fűzött) :</subfield>
      <subfield code="c">300,- Ft</subfield>
    </datafield>
    <datafield tag="035" ind1=" " ind2=" ">
      <subfield code="a">bibRFK00055886</subfield>
    </datafield>
    <datafield tag="040" ind1=" " ind2=" ">
      <subfield code="a">RFMK</subfield>
    </datafield>
    <datafield tag="041" ind1=" " ind2=" ">
      <subfield code="a">enghun</subfield>
    </datafield>
    <datafield tag="100" ind1="2" ind2=" ">
      <subfield code="a">Némethné Hock Ildikó</subfield>
    </datafield>
    <datafield tag="245" ind1="1" ind2="0">
      <subfield code="a">1000 questions 1000 answers :</subfield>
      <subfield code="b">társalgási gyakorlatok az angol "A" típusú nyelvvizsgákra /</subfield>
      <subfield code="c">Némethné Hock Ildikó</subfield>
    </datafield>
    <datafield tag="260" ind1=" " ind2=" ">
      <subfield code="a">[Székesfehérvár] :</subfield>
      <subfield code="b">Lexika Tankönyvkiadó,</subfield>
      <subfield code="c">[1992]</subfield>
    </datafield>
    <datafield tag="300" ind1=" " ind2=" ">
      <subfield code="a">235 p. ;</subfield>
      <subfield code="c">26 cm</subfield>
    </datafield>
    <datafield tag="500" ind1=" " ind2=" ">
      <subfield code="a">r</subfield>
    </datafield>
    <datafield tag="650" ind1=" " ind2="4">
      <subfield code="a">angol nyelv</subfield>
    </datafield>
    <datafield tag="650" ind1=" " ind2="4">
      <subfield code="a">vizsgafeladatok</subfield>
    </datafield>
    <datafield tag="650" ind1=" " ind2="4">
      <subfield code="a">nyelvvizsga</subfield>
    </datafield>
    <datafield tag="650" ind1=" " ind2="7">
      <subfield code="a">angol nyelv</subfield>
      <subfield code="2">opkm</subfield>
    </datafield>
    <datafield tag="650" ind1=" " ind2="7">
      <subfield code="a">nyelvkönyv</subfield>
      <subfield code="2">opkm</subfield>
    </datafield>
    <datafield tag="852" ind1=" " ind2=" ">
      <subfield code="a">M2</subfield>
      <subfield code="b">M2</subfield>
      <subfield code="x">bibRFK00055886</subfield>
    </datafield>
    <datafield tag="852" ind1=" " ind2=" ">
      <subfield code="a">B7</subfield>
      <subfield code="b">B7</subfield>
      <subfield code="x">44128</subfield>
    </datafield>
  </record>
  <record>
    <leader>01342nam  2200337 i 4500</leader>
    <controlfield tag="001">MOKKAZ0003261822  </controlfield>
    <controlfield tag="005">20091021000848.0</controlfield>
    <controlfield tag="008">      s1992    hu            00010 eng d</controlfield>
    <datafield tag="020" ind1=" " ind2=" ">
      <subfield code="a">963-7693-02-05 (fűzött) :</subfield>
      <subfield code="c">300,- Ft</subfield>
    </datafield>
    <datafield tag="035" ind1=" " ind2=" ">
      <subfield code="a">bibKLT00006793</subfield>
    </datafield>
    <datafield tag="040" ind1=" " ind2=" ">
      <subfield code="a">DEENK</subfield>
    </datafield>
    <datafield tag="041" ind1="1" ind2=" ">
      <subfield code="a">enghun</subfield>
    </datafield>
    <datafield tag="100" ind1="2" ind2=" ">
      <subfield code="a">Némethné Hock Ildikó</subfield>
      <subfield code="d">(1957-)</subfield>
    </datafield>
    <datafield tag="245" ind1="1" ind2="0">
      <subfield code="a">1000 questions, 1000 answers :</subfield>
      <subfield code="b">Angol társalgási gyakorlatok az "A" típusú nyelvvizsgákra /</subfield>
      <subfield code="c">[írta és szerk.] Némethné Hock Ildikó</subfield>
    </datafield>
    <datafield tag="260" ind1="0" ind2=" ">
      <subfield code="a">Székesfehérvár :</subfield>
      <subfield code="b">Lexika,</subfield>
      <subfield code="c">[1992]</subfield>
    </datafield>
    <datafield tag="300" ind1=" " ind2=" ">
      <subfield code="a">235 p. ;</subfield>
      <subfield code="c">26 cm</subfield>
    </datafield>
    <datafield tag="650" ind1=" " ind2="4">
      <subfield code="a">Angol nyelv</subfield>
      <subfield code="x">vizsgák, kérdések stb.</subfield>
    </datafield>
    <datafield tag="650" ind1=" " ind2="4">
      <subfield code="a">Angol nyelv</subfield>
      <subfield code="x">társalgás és kifejezésgyűjtemények</subfield>
    </datafield>
    <datafield tag="650" ind1=" " ind2="0">
      <subfield code="a">English language</subfield>
      <subfield code="x">Conversation and phrase books.</subfield>
    </datafield>
    <datafield tag="650" ind1=" " ind2="0">
      <subfield code="a">English language</subfield>
      <subfield code="x">Examinations, questions, etc.</subfield>
    </datafield>
    <datafield tag="650" ind1=" " ind2="4">
      <subfield code="a">Angol nyelv</subfield>
    </datafield>
    <datafield tag="650" ind1=" " ind2="4">
      <subfield code="a">Nyelvkönyv, angol</subfield>
    </datafield>
    <datafield tag="650" ind1=" " ind2="4">
      <subfield code="a">Nyelvvizsga, "A"</subfield>
    </datafield>
    <datafield tag="695" ind1=" " ind2=" ">
      <subfield code="a">Angol nyelv</subfield>
      <subfield code="x">vizsgák, kérdések stb.</subfield>
    </datafield>
    <datafield tag="695" ind1=" " ind2=" ">
      <subfield code="a">Angol nyelv</subfield>
      <subfield code="x">társalgás és kifejezésgyűjtemények</subfield>
    </datafield>
    <datafield tag="852" ind1=" " ind2=" ">
      <subfield code="a">D1</subfield>
      <subfield code="B">D1</subfield>
      <subfield code="b">D1/TP</subfield>
      <subfield code="x">bibKLT00006793</subfield>
    </datafield>
    <datafield tag="852" ind1=" " ind2=" ">
      <subfield code="a">BCS1</subfield>
      <subfield code="b">BCS1</subfield>
      <subfield code="x">bibBKO00180938</subfield>
    </datafield>
    <datafield tag="852" ind1=" " ind2=" ">
      <subfield code="a">SZL1</subfield>
      <subfield code="b">SZL1</subfield>
      <subfield code="x">bibVFK00171144</subfield>
    </datafield>
    <datafield tag="852" ind1=" " ind2=" ">
      <subfield code="a">S1</subfield>
      <subfield code="b">S1</subfield>
      <subfield code="x">bibKLT00006793</subfield>
    </datafield>
    <datafield tag="852" ind1=" " ind2=" ">
      <subfield code="a">B10</subfield>
      <subfield code="B">0801</subfield>
      <subfield code="B">2000</subfield>
      <subfield code="B">1901</subfield>
      <subfield code="B">0101</subfield>
      <subfield code="B">1105</subfield>
      <subfield code="B">1201</subfield>
      <subfield code="B">0307</subfield>
      <subfield code="B">1103</subfield>
      <subfield code="B">0302</subfield>
      <subfield code="B">2201</subfield>
      <subfield code="b">1004</subfield>
      <subfield code="x">bibFSZ00082800</subfield>
    </datafield>
    <datafield tag="852" ind1=" " ind2=" ">
      <subfield code="a">B3</subfield>
      <subfield code="b">B3</subfield>
      <subfield code="x">000018164</subfield>
    </datafield>
  </record>
  <record>
    <leader>00614nam  2200181 i 4500</leader>
    <controlfield tag="001">MOKKAW0005263353  </controlfield>
    <controlfield tag="005">20080408233102.0</controlfield>
    <controlfield tag="008">031127s1992    hu           u    j eng d</controlfield>
    <datafield tag="020" ind1=" " ind2=" ">
      <subfield code="a">963-7693-02-5 [hibás 963-7693-02-05] (Fűzött)</subfield>
    </datafield>
    <datafield tag="035" ind1=" " ind2=" ">
      <subfield code="a">NLVK92273</subfield>
    </datafield>
    <datafield tag="040" ind1=" " ind2=" ">
      <subfield code="a">NLVK</subfield>
    </datafield>
    <datafield tag="041" ind1="0" ind2=" ">
      <subfield code="a">eng</subfield>
    </datafield>
    <datafield tag="100" ind1="1" ind2=" ">
      <subfield code="a">Némethné Hock Ildikó</subfield>
    </datafield>
    <datafield tag="245" ind1="1" ind2="0">
      <subfield code="a">1000 questions, 1000 answers : </subfield>
      <subfield code="b">társalgási gyakorlatok az angol "A" típusú nyelvvizsgákra /</subfield>
      <subfield code="c">Némethné Hock Ildikó</subfield>
    </datafield>
    <datafield tag="260" ind1=" " ind2=" ">
      <subfield code="a">[Székesfehérvár] :</subfield>
      <subfield code="b">Lexika,</subfield>
      <subfield code="c">[1992]</subfield>
    </datafield>
    <datafield tag="300" ind1=" " ind2=" ">
      <subfield code="a">235 p. ;</subfield>
      <subfield code="c">26 cm</subfield>
    </datafield>
    <datafield tag="650" ind1=" " ind2="4">
      <subfield code="a">Angol nyelv</subfield>
      <subfield code="x">Nyelvkönyvek</subfield>
    </datafield>
    <datafield tag="852" ind1=" " ind2=" ">
      <subfield code="a">H1</subfield>
      <subfield code="b">H1</subfield>
      <subfield code="x">NLVK92273</subfield>
    </datafield>
  </record>
  <record>
    <leader>01133nam  2200325 i 4500</leader>
    <controlfield tag="001">MOKKAZ0006306054  </controlfield>
    <controlfield tag="005">20090521155150.0</controlfield>
    <controlfield tag="008">930325s1992    hu            000 0 eng d</controlfield>
    <datafield tag="020" ind1=" " ind2=" ">
      <subfield code="a">963-7693-02-5 (fűzött)</subfield>
    </datafield>
    <datafield tag="020" ind1=" " ind2=" ">
      <subfield code="z">963 7693 02 05</subfield>
    </datafield>
    <datafield tag="035" ind1=" " ind2=" ">
      <subfield code="a">28617</subfield>
    </datafield>
    <datafield tag="040" ind1=" " ind2=" ">
      <subfield code="a">OSZK</subfield>
    </datafield>
    <datafield tag="041" ind1="0" ind2=" ">
      <subfield code="a">enghuneng</subfield>
    </datafield>
    <datafield tag="100" ind1="2" ind2=" ">
      <subfield code="a">Némethné Hock Ildikó</subfield>
    </datafield>
    <datafield tag="245" ind1="1" ind2="0">
      <subfield code="a">1000 questions 1000 answers : </subfield>
      <subfield code="b">társalgási gyakorlatok az angol "A" típusú nyelvvizsgákra /</subfield>
      <subfield code="c">Némethné Hock Ildikó</subfield>
    </datafield>
    <datafield tag="260" ind1=" " ind2=" ">
      <subfield code="a">[Székesfehérvár] :</subfield>
      <subfield code="b">Lexika,</subfield>
      <subfield code="c">[1992]</subfield>
      <subfield code="e">([Székesfehérvár]</subfield>
      <subfield code="f">[Vörösmarty Ny.])</subfield>
    </datafield>
    <datafield tag="300" ind1=" " ind2=" ">
      <subfield code="a">235 p. ;</subfield>
      <subfield code="c">26 cm</subfield>
    </datafield>
    <datafield tag="650" ind1="0" ind2="4">
      <subfield code="a">angol nyelvkönyv</subfield>
    </datafield>
    <datafield tag="650" ind1=" " ind2="4">
      <subfield code="a">Angol nyelvkönyvek</subfield>
    </datafield>
    <datafield tag="650" ind1=" " ind2="4">
      <subfield code="a">Angol nyelv</subfield>
      <subfield code="x">vizsgák, kérdések stb.</subfield>
    </datafield>
    <datafield tag="650" ind1=" " ind2="4">
      <subfield code="a">Angol nyelv</subfield>
      <subfield code="x">társalgás és kifejezésgyűjtemények</subfield>
    </datafield>
    <datafield tag="650" ind1=" " ind2="4">
      <subfield code="a">Angol nyelv</subfield>
      <subfield code="x">tankönyvek idegen ajkúaknak</subfield>
    </datafield>
    <datafield tag="650" ind1=" " ind2="4">
      <subfield code="a">Angol nyelv</subfield>
      <subfield code="x">feladatok, gyakorlatok stb.</subfield>
    </datafield>
    <datafield tag="650" ind1=" " ind2="4">
      <subfield code="a">Nyelv és Irodalom</subfield>
    </datafield>
    <datafield tag="650" ind1=" " ind2="4">
      <subfield code="a">Nyelvkönyv</subfield>
    </datafield>
    <datafield tag="852" ind1=" " ind2=" ">
      <subfield code="a">B1</subfield>
      <subfield code="b">B1</subfield>
      <subfield code="x">28617</subfield>
    </datafield>
    <datafield tag="852" ind1=" " ind2=" ">
      <subfield code="a">M1</subfield>
      <subfield code="b">M1</subfield>
      <subfield code="x">16030</subfield>
    </datafield>
    <datafield tag="852" ind1=" " ind2=" ">
      <subfield code="a">B14</subfield>
      <subfield code="b">B14</subfield>
      <subfield code="x">283716</subfield>
    </datafield>
    <datafield tag="852" ind1=" " ind2=" ">
      <subfield code="a">SZK1</subfield>
      <subfield code="b">SZK1</subfield>
      <subfield code="x">bibTMK63860</subfield>
    </datafield>
    <datafield tag="852" ind1=" " ind2=" ">
      <subfield code="a">B12</subfield>
      <subfield code="b">B12</subfield>
      <subfield code="x">BCEKK160583</subfield>
    </datafield>
  </record>
  <record>
    <leader>00674nam  2200181 i 4500</leader>
    <controlfield tag="001">MOKKAW0005326774  </controlfield>
    <controlfield tag="005">20080410081114.0</controlfield>
    <controlfield tag="008">990828s1992                  000 0 eng d</controlfield>
    <datafield tag="035" ind1=" " ind2=" ">
      <subfield code="a">BMEOMIKK000072973</subfield>
    </datafield>
    <datafield tag="040" ind1=" " ind2=" ">
      <subfield code="a">BMEOMIKK</subfield>
    </datafield>
    <datafield tag="041" ind1="0" ind2=" ">
      <subfield code="a">huneng</subfield>
    </datafield>
    <datafield tag="100" ind1="1" ind2=" ">
      <subfield code="a">Némethné Hock Ildikó</subfield>
    </datafield>
    <datafield tag="245" ind1="1" ind2="0">
      <subfield code="a">1000 questions, 1000 answers : </subfield>
      <subfield code="b">Angol társalgási gyakorlatok az "A" típusú nyelvvizsgákra /</subfield>
      <subfield code="c">Némethné Hock Ildikó</subfield>
    </datafield>
    <datafield tag="246" ind1="1" ind2="3">
      <subfield code="a">Angol társalgási gyakorlatok az "A" típusú nyelvvizsgákra</subfield>
    </datafield>
    <datafield tag="260" ind1=" " ind2=" ">
      <subfield code="a">[Budapest] :</subfield>
      <subfield code="b">Lexika Tankvk.,</subfield>
      <subfield code="c">[1992]</subfield>
    </datafield>
    <datafield tag="300" ind1=" " ind2=" ">
      <subfield code="a">235 p. ;</subfield>
      <subfield code="c">26 cm</subfield>
    </datafield>
    <datafield tag="852" ind1=" " ind2=" ">
      <subfield code="a">B11</subfield>
      <subfield code="b">B11</subfield>
      <subfield code="x">BMEOMIKK000072973</subfield>
    </datafield>
    <datafield tag="852" ind1=" " ind2=" ">
      <subfield code="a">P1</subfield>
      <subfield code="B">P1</subfield>
      <subfield code="B">P1/SZ</subfield>
      <subfield code="B">P1/10</subfield>
      <subfield code="B">P1/2</subfield>
      <subfield code="b">P1/MK</subfield>
      <subfield code="x">bibJPT0042493</subfield>
    </datafield>
  </record>
  <record>
    <leader>00706nam  2200217 i 4500</leader>
    <controlfield tag="001">MOKKAS0003813823  </controlfield>
    <controlfield tag="005">20061126153453.0</controlfield>
    <controlfield tag="008">040718 1993    hu            0001  eng  </controlfield>
    <datafield tag="020" ind1=" " ind2=" ">
      <subfield code="a">963 7693 02 05 (fűzött):</subfield>
    </datafield>
    <datafield tag="020" ind1=" " ind2=" ">
      <subfield code="a">963 7693 02 05(fűzött):</subfield>
    </datafield>
    <datafield tag="035" ind1=" " ind2=" ">
      <subfield code="a">bibHMC00004692</subfield>
    </datafield>
    <datafield tag="040" ind1=" " ind2=" ">
      <subfield code="a">SZTE</subfield>
    </datafield>
    <datafield tag="100" ind1="2" ind2=" ">
      <subfield code="a">Némethné Hock Ildikó</subfield>
    </datafield>
    <datafield tag="245" ind1="1" ind2="0">
      <subfield code="a">1000 questions 1000 answers :</subfield>
      <subfield code="b">angol társalgási gyakorlatok az  A" típusú nyelvvizsgákra /</subfield>
      <subfield code="c">Némethné Hock Ildikó</subfield>
    </datafield>
    <datafield tag="260" ind1=" " ind2=" ">
      <subfield code="a">Székesfehérvár :</subfield>
      <subfield code="b">Lexika,</subfield>
      <subfield code="c">[1993]</subfield>
    </datafield>
    <datafield tag="300" ind1=" " ind2=" ">
      <subfield code="a">235 p. ;</subfield>
      <subfield code="c">26 cm</subfield>
    </datafield>
    <datafield tag="695" ind1=" " ind2=" ">
      <subfield code="a">Angol nyelv</subfield>
    </datafield>
    <datafield tag="695" ind1=" " ind2=" ">
      <subfield code="a">Nyelvkönyvek</subfield>
    </datafield>
    <datafield tag="695" ind1=" " ind2=" ">
      <subfield code="a">Angolynyelv</subfield>
    </datafield>
    <datafield tag="700" ind1="1" ind2=" ">
      <subfield code="a">Hock Ildikó, Némethné</subfield>
    </datafield>
    <datafield tag="852" ind1=" " ind2=" ">
      <subfield code="a">SZ1</subfield>
      <subfield code="b">SZ1</subfield>
      <subfield code="x">bibHMC00004692</subfield>
    </datafield>
  </record>
  <record>
    <leader>00670cam  2200217 i 4500</leader>
    <controlfield tag="001">MOKKAS0002419431  </controlfield>
    <controlfield tag="005">20060617101006.0</controlfield>
    <controlfield tag="008">960716n1994    hu a          00010 mul d</controlfield>
    <datafield tag="020" ind1=" " ind2=" ">
      <subfield code="a">963 7693 02 5</subfield>
      <subfield code="z">963 7693 02 05</subfield>
    </datafield>
    <datafield tag="035" ind1=" " ind2=" ">
      <subfield code="a">bibBBM106927</subfield>
    </datafield>
    <datafield tag="040" ind1=" " ind2=" ">
      <subfield code="a">BBMK</subfield>
    </datafield>
    <datafield tag="041" ind1="0" ind2=" ">
      <subfield code="a">enghun</subfield>
    </datafield>
    <datafield tag="100" ind1="2" ind2=" ">
      <subfield code="a">Némethné Hock Ildikó</subfield>
    </datafield>
    <datafield tag="245" ind1="1" ind2="0">
      <subfield code="a">1000 questions, 1000 answers :</subfield>
      <subfield code="b">Angol társalgási gyakorlatok az "A" típusú nyelvvizsgákra /</subfield>
      <subfield code="c">Némethné Hock Ildikó.</subfield>
    </datafield>
    <datafield tag="260" ind1=" " ind2=" ">
      <subfield code="a">[Székesfehérvár] :</subfield>
      <subfield code="b">Lexika,</subfield>
      <subfield code="c">[1994]</subfield>
    </datafield>
    <datafield tag="300" ind1=" " ind2=" ">
      <subfield code="a">235 p. ;</subfield>
      <subfield code="c">26 cm.</subfield>
    </datafield>
    <datafield tag="650" ind1=" " ind2="4">
      <subfield code="a">Retrokonv</subfield>
    </datafield>
    <datafield tag="650" ind1=" " ind2="4">
      <subfield code="a">Nyelvek</subfield>
    </datafield>
    <datafield tag="650" ind1=" " ind2="4">
      <subfield code="a">Angol nyelv</subfield>
    </datafield>
    <datafield tag="650" ind1=" " ind2="4">
      <subfield code="a">Nyelvkönyv</subfield>
    </datafield>
    <datafield tag="852" ind1=" " ind2=" ">
      <subfield code="a">ST1</subfield>
      <subfield code="b">ST1</subfield>
      <subfield code="x">bibBBM106927</subfield>
    </datafield>
  </record>
  <record>
    <leader>00861fam  2200265 i 4500</leader>
    <controlfield tag="001">MOKKAZ0006334912  </controlfield>
    <controlfield tag="005">20090521183846.0</controlfield>
    <controlfield tag="008">960117s1995    hu            000 0 eng d</controlfield>
    <datafield tag="020" ind1=" " ind2=" ">
      <subfield code="a">963-7693-26-2 (fűzött)</subfield>
    </datafield>
    <datafield tag="035" ind1=" " ind2=" ">
      <subfield code="a">166263</subfield>
    </datafield>
    <datafield tag="040" ind1=" " ind2=" ">
      <subfield code="a">OSZK</subfield>
    </datafield>
    <datafield tag="041" ind1="0" ind2=" ">
      <subfield code="a">enghuneng</subfield>
    </datafield>
    <datafield tag="100" ind1="2" ind2=" ">
      <subfield code="a">Némethné Hock Ildikó</subfield>
    </datafield>
    <datafield tag="245" ind1="1" ind2="0">
      <subfield code="a">1000 questions 1000 answers : </subfield>
      <subfield code="b">angol társalgási gyakorlatok az "A" típusú nyelvvizsgákra /</subfield>
      <subfield code="c">Némethné Hock Ildikó</subfield>
    </datafield>
    <datafield tag="260" ind1=" " ind2=" ">
      <subfield code="a">[Székesfehérvár] :</subfield>
      <subfield code="b">Lexika,</subfield>
      <subfield code="c">[1995]</subfield>
      <subfield code="e">([Dabas]</subfield>
      <subfield code="f">Dabasi Ny.)</subfield>
    </datafield>
    <datafield tag="300" ind1=" " ind2=" ">
      <subfield code="a">253 p. ;</subfield>
      <subfield code="c">26 cm</subfield>
    </datafield>
    <datafield tag="650" ind1=" " ind2="4">
      <subfield code="a">Nyelvkönyv</subfield>
    </datafield>
    <datafield tag="695" ind1=" " ind2=" ">
      <subfield code="a">Angol nyelv</subfield>
    </datafield>
    <datafield tag="695" ind1=" " ind2=" ">
      <subfield code="a">Nyelvkönyvek</subfield>
    </datafield>
    <datafield tag="852" ind1=" " ind2=" ">
      <subfield code="a">B1</subfield>
      <subfield code="b">B1</subfield>
      <subfield code="x">166263</subfield>
    </datafield>
    <datafield tag="852" ind1=" " ind2=" ">
      <subfield code="a">B10</subfield>
      <subfield code="b">0801</subfield>
      <subfield code="x">bibFSZ00097882</subfield>
    </datafield>
    <datafield tag="852" ind1=" " ind2=" ">
      <subfield code="a">B11</subfield>
      <subfield code="b">B11</subfield>
      <subfield code="x">BMEOMIKK000107148</subfield>
    </datafield>
    <datafield tag="852" ind1=" " ind2=" ">
      <subfield code="a">P1</subfield>
      <subfield code="b">P1/SZ</subfield>
      <subfield code="x">bibJPT0029979</subfield>
    </datafield>
    <datafield tag="852" ind1=" " ind2=" ">
      <subfield code="a">SZ1</subfield>
      <subfield code="b">SZ1</subfield>
      <subfield code="x">bibHMC00004743</subfield>
    </datafield>
    <datafield tag="852" ind1=" " ind2=" ">
      <subfield code="a">B12</subfield>
      <subfield code="b">B12</subfield>
      <subfield code="x">BCEKK245851</subfield>
    </datafield>
  </record>
  <record>
    <leader>00804nam  2200205 i 4500</leader>
    <controlfield tag="001">MOKKAZ0003387243  </controlfield>
    <controlfield tag="005">20040909184356.0</controlfield>
    <controlfield tag="008">960410s1995    hu            00000 eng1d</controlfield>
    <datafield tag="020" ind1=" " ind2=" ">
      <subfield code="a">963-7693-70 X(fűzött)</subfield>
      <subfield code="z">963-7693-26-2</subfield>
    </datafield>
    <datafield tag="035" ind1=" " ind2=" ">
      <subfield code="a">bibKLT00123245</subfield>
    </datafield>
    <datafield tag="040" ind1=" " ind2=" ">
      <subfield code="a">DEENK</subfield>
    </datafield>
    <datafield tag="100" ind1="2" ind2=" ">
      <subfield code="a">Némethné Hock Ildikó</subfield>
    </datafield>
    <datafield tag="245" ind1="1" ind2="0">
      <subfield code="a">1000 questions 1000 answers :</subfield>
      <subfield code="b">angol társalgási gyakorlatok az "A" típusú nyelvvizsgákra /</subfield>
      <subfield code="c">Némethné Hock Ildikó</subfield>
    </datafield>
    <datafield tag="260" ind1=" " ind2=" ">
      <subfield code="a">[Székesfehérvár] :</subfield>
      <subfield code="b">Lexika,</subfield>
      <subfield code="c">[1995]</subfield>
    </datafield>
    <datafield tag="300" ind1=" " ind2=" ">
      <subfield code="a">253 p. ;</subfield>
      <subfield code="c">26 cm</subfield>
    </datafield>
    <datafield tag="650" ind1=" " ind2="4">
      <subfield code="a">Angol nyelv</subfield>
      <subfield code="x">társalgás és kifejezésgyűjtemények</subfield>
    </datafield>
    <datafield tag="650" ind1=" " ind2="0">
      <subfield code="a">English language</subfield>
      <subfield code="x">Conversation and phrase books.</subfield>
    </datafield>
    <datafield tag="650" ind1=" " ind2="4">
      <subfield code="a">Angol nyelv</subfield>
      <subfield code="x">vizsgák, kérdések stb.</subfield>
    </datafield>
    <datafield tag="650" ind1=" " ind2="0">
      <subfield code="a">English language</subfield>
      <subfield code="x">Examinations, questions, etc.</subfield>
    </datafield>
    <datafield tag="852" ind1=" " ind2=" ">
      <subfield code="a">D1</subfield>
      <subfield code="b">D1</subfield>
      <subfield code="x">bibKLT00123245</subfield>
    </datafield>
  </record>
  <record>
    <leader>00633nam  2200169 i 4500</leader>
    <controlfield tag="001">MOKKAS0001264410  </controlfield>
    <controlfield tag="005">20060112181003.0</controlfield>
    <controlfield tag="008">      s1996    hu            00010 eng d</controlfield>
    <datafield tag="020" ind1=" " ind2=" ">
      <subfield code="a">963-7693-26-2 [!ISBN 963-7693-70-X] (fűzött) :</subfield>
      <subfield code="c">495,- Ft</subfield>
    </datafield>
    <datafield tag="035" ind1=" " ind2=" ">
      <subfield code="a">bibRFK00038354</subfield>
    </datafield>
    <datafield tag="040" ind1=" " ind2=" ">
      <subfield code="a">RFMK</subfield>
    </datafield>
    <datafield tag="041" ind1=" " ind2=" ">
      <subfield code="a">enghun</subfield>
    </datafield>
    <datafield tag="100" ind1="2" ind2=" ">
      <subfield code="a">Némethné Hock Ildikó</subfield>
    </datafield>
    <datafield tag="245" ind1="1" ind2="0">
      <subfield code="a">1000 questions 1000 answers :</subfield>
      <subfield code="b">angol társalgási gyakorlatok az "A" típusú nyelvvizsgákra /</subfield>
      <subfield code="c">Némethné Hock Ildikó</subfield>
    </datafield>
    <datafield tag="260" ind1=" " ind2=" ">
      <subfield code="a">[Székesfehérvár] :</subfield>
      <subfield code="b">Lexika Tankönyvkiadó,</subfield>
      <subfield code="c">[1996]</subfield>
      <subfield code="e">([Dabas] :</subfield>
      <subfield code="f">Dabasi Ny.)</subfield>
    </datafield>
    <datafield tag="300" ind1=" " ind2=" ">
      <subfield code="a">253 p. ;</subfield>
      <subfield code="c">26 cm</subfield>
    </datafield>
    <datafield tag="852" ind1=" " ind2=" ">
      <subfield code="a">M2</subfield>
      <subfield code="b">M2</subfield>
      <subfield code="x">bibRFK00038354</subfield>
    </datafield>
  </record>
  <record>
    <leader>00780nam  2200253 i 4500</leader>
    <controlfield tag="001">MOKKAS0003653095  </controlfield>
    <controlfield tag="005">20101105072130.0</controlfield>
    <controlfield tag="008">960410s1996    hu            00000 eng10</controlfield>
    <datafield tag="020" ind1=" " ind2=" ">
      <subfield code="a">963-7693-26-2</subfield>
    </datafield>
    <datafield tag="035" ind1=" " ind2=" ">
      <subfield code="a">bibSEF00006319</subfield>
    </datafield>
    <datafield tag="040" ind1=" " ind2=" ">
      <subfield code="a">NYME</subfield>
    </datafield>
    <datafield tag="041" ind1="0" ind2=" ">
      <subfield code="a">enghuneng</subfield>
    </datafield>
    <datafield tag="100" ind1="2" ind2=" ">
      <subfield code="a">Némethné Hock Ildikó</subfield>
    </datafield>
    <datafield tag="245" ind1="1" ind2="0">
      <subfield code="a">1000 questions 1000 answers :</subfield>
      <subfield code="b">angol társalgási gyakorlatok az "A" típusú nyelvvizsgákra /</subfield>
      <subfield code="c">Némethné Hock Ildikó</subfield>
    </datafield>
    <datafield tag="260" ind1=" " ind2=" ">
      <subfield code="a">[Székesfehérvár] :</subfield>
      <subfield code="b">Lexika,</subfield>
      <subfield code="c">[1996]</subfield>
      <subfield code="e">([Dabas] :</subfield>
      <subfield code="f">Dabasi Ny.)</subfield>
    </datafield>
    <datafield tag="300" ind1=" " ind2=" ">
      <subfield code="a">253 p. ;</subfield>
      <subfield code="c">20 cm</subfield>
    </datafield>
    <datafield tag="650" ind1=" " ind2="4">
      <subfield code="a">nyelvvizsga</subfield>
    </datafield>
    <datafield tag="650" ind1=" " ind2="4">
      <subfield code="a">angol nyelv</subfield>
    </datafield>
    <datafield tag="653" ind1=" " ind2=" ">
      <subfield code="a">angol nyelv</subfield>
    </datafield>
    <datafield tag="653" ind1=" " ind2=" ">
      <subfield code="a">beszédtechnika</subfield>
    </datafield>
    <datafield tag="653" ind1=" " ind2=" ">
      <subfield code="a">nyelvvizsga</subfield>
    </datafield>
    <datafield tag="852" ind1=" " ind2=" ">
      <subfield code="a">S1</subfield>
      <subfield code="b">S1</subfield>
      <subfield code="x">bibSEF00006319</subfield>
    </datafield>
    <datafield tag="852" ind1=" " ind2=" ">
      <subfield code="a">G1</subfield>
      <subfield code="b">G1</subfield>
      <subfield code="x">71729</subfield>
    </datafield>
    <datafield tag="852" ind1=" " ind2=" ">
      <subfield code="a">B9</subfield>
      <subfield code="b">B9</subfield>
      <subfield code="x">221485</subfield>
    </datafield>
  </record>
  <record>
    <leader>00884fam  2200241 i 4500</leader>
    <controlfield tag="001">MOKKAZ0006336276  </controlfield>
    <controlfield tag="005">20040915193118.0</controlfield>
    <controlfield tag="008">960312s1996    hu            000 0 eng d</controlfield>
    <datafield tag="020" ind1=" " ind2=" ">
      <subfield code="a">963-7693-70-X (fűzött)</subfield>
    </datafield>
    <datafield tag="020" ind1=" " ind2=" ">
      <subfield code="z">963-7693-26-2</subfield>
    </datafield>
    <datafield tag="035" ind1=" " ind2=" ">
      <subfield code="a">173680</subfield>
    </datafield>
    <datafield tag="040" ind1=" " ind2=" ">
      <subfield code="a">OSZK</subfield>
    </datafield>
    <datafield tag="041" ind1="0" ind2=" ">
      <subfield code="a">enghuneng</subfield>
    </datafield>
    <datafield tag="100" ind1="2" ind2=" ">
      <subfield code="a">Némethné Hock Ildikó</subfield>
    </datafield>
    <datafield tag="245" ind1="1" ind2="0">
      <subfield code="a">1000 questions 1000 answers : </subfield>
      <subfield code="b">angol társalgási gyakorlatok az "A" típusú nyelvvizsgákra /</subfield>
      <subfield code="c">Némethné Hock Ildikó</subfield>
    </datafield>
    <datafield tag="260" ind1=" " ind2=" ">
      <subfield code="a">[Székesfehérvár] :</subfield>
      <subfield code="b">Lexika,</subfield>
      <subfield code="c">[1996]</subfield>
      <subfield code="e">([Dabas]</subfield>
      <subfield code="f">Dabasi Ny.)</subfield>
    </datafield>
    <datafield tag="300" ind1=" " ind2=" ">
      <subfield code="a">253 p. ;</subfield>
      <subfield code="c">26 cm</subfield>
    </datafield>
    <datafield tag="650" ind1=" " ind2="4">
      <subfield code="a">Angol nyelv</subfield>
      <subfield code="x">társalgás és kifejezésgyűjtemények</subfield>
    </datafield>
    <datafield tag="650" ind1=" " ind2="4">
      <subfield code="a">Angol nyelv</subfield>
      <subfield code="x">vizsgák, kérdések stb.</subfield>
    </datafield>
    <datafield tag="650" ind1=" " ind2="0">
      <subfield code="a">English language</subfield>
      <subfield code="x">Conversation and phrase books.</subfield>
    </datafield>
    <datafield tag="650" ind1=" " ind2="0">
      <subfield code="a">English language</subfield>
      <subfield code="x">Examinations, questions, etc.</subfield>
    </datafield>
    <datafield tag="852" ind1=" " ind2=" ">
      <subfield code="a">B1</subfield>
      <subfield code="b">B1</subfield>
      <subfield code="x">173680</subfield>
    </datafield>
    <datafield tag="852" ind1=" " ind2=" ">
      <subfield code="a">D1</subfield>
      <subfield code="b">D1</subfield>
      <subfield code="x">173680</subfield>
    </datafield>
  </record>
  <record>
    <leader>01651fam  2200457 i 4500</leader>
    <controlfield tag="001">MOKKAZ0006350381  </controlfield>
    <controlfield tag="005">20091109063156.0</controlfield>
    <controlfield tag="008">970710s1997    hu            000 0 eng d</controlfield>
    <datafield tag="020" ind1=" " ind2=" ">
      <subfield code="a">963-9092-15-0 (fűzött)</subfield>
    </datafield>
    <datafield tag="035" ind1=" " ind2=" ">
      <subfield code="a">239684</subfield>
    </datafield>
    <datafield tag="040" ind1=" " ind2=" ">
      <subfield code="a">OSZK</subfield>
    </datafield>
    <datafield tag="041" ind1="1" ind2=" ">
      <subfield code="a">enghuneng</subfield>
    </datafield>
    <datafield tag="100" ind1="2" ind2=" ">
      <subfield code="a">Némethné Hock Ildikó</subfield>
    </datafield>
    <datafield tag="245" ind1="1" ind2="0">
      <subfield code="a">1000 questions 1000 answers : </subfield>
      <subfield code="b">angol társalgási gyakorlatok az "A" típusú nyelvvizsgákra /</subfield>
      <subfield code="c">Némethné Hock Ildikó</subfield>
    </datafield>
    <datafield tag="260" ind1=" " ind2=" ">
      <subfield code="a">Székesfehérvár :</subfield>
      <subfield code="b">Lexika,</subfield>
      <subfield code="c">[1997]</subfield>
      <subfield code="e">([Dabas]</subfield>
      <subfield code="f">Reálszisztéma Dabasi Ny.)</subfield>
    </datafield>
    <datafield tag="300" ind1=" " ind2=" ">
      <subfield code="a">253, [3] p. ;</subfield>
      <subfield code="c">20 cm</subfield>
    </datafield>
    <datafield tag="650" ind1=" " ind2="4">
      <subfield code="a">Angol nyelv</subfield>
      <subfield code="x">társalgás és kifejezésgyűjtemények</subfield>
    </datafield>
    <datafield tag="650" ind1=" " ind2="4">
      <subfield code="a">Angol nyelv</subfield>
      <subfield code="x">vizsgák, kérdések stb.</subfield>
    </datafield>
    <datafield tag="650" ind1=" " ind2="0">
      <subfield code="a">English language</subfield>
      <subfield code="x">Conversation and phrase books.</subfield>
    </datafield>
    <datafield tag="650" ind1=" " ind2="0">
      <subfield code="a">English language</subfield>
      <subfield code="x">Examinations, questions, etc.</subfield>
    </datafield>
    <datafield tag="650" ind1=" " ind2="7">
      <subfield code="a">Angol nyelvkönyv</subfield>
      <subfield code="x">társalgási gyakorlatok</subfield>
      <subfield code="2">szte</subfield>
    </datafield>
    <datafield tag="650" ind1=" " ind2="7">
      <subfield code="a">Nyelvvizsga</subfield>
      <subfield code="x">angol</subfield>
      <subfield code="x">társalgási</subfield>
      <subfield code="x">gyakorlatok</subfield>
      <subfield code="2">szte</subfield>
    </datafield>
    <datafield tag="650" ind1="0" ind2="4">
      <subfield code="a">angol nyelvkönyv</subfield>
    </datafield>
    <datafield tag="650" ind1=" " ind2="4">
      <subfield code="a">Angol nyelvkönyvek</subfield>
    </datafield>
    <datafield tag="650" ind1=" " ind2="4">
      <subfield code="a">angol nyelv - nyelvkönyvek</subfield>
    </datafield>
    <datafield tag="650" ind1=" " ind2="4">
      <subfield code="a">nyelvvizsga - angol nyelv</subfield>
    </datafield>
    <datafield tag="650" ind1=" " ind2="4">
      <subfield code="a">angol nyelv - társalgás</subfield>
    </datafield>
    <datafield tag="650" ind1=" " ind2="4">
      <subfield code="a">társalgás - angol nyelv</subfield>
    </datafield>
    <datafield tag="650" ind1=" " ind2="4">
      <subfield code="a">Nyelvkönyv</subfield>
    </datafield>
    <datafield tag="650" ind1=" " ind2="7">
      <subfield code="a">angol nyelv</subfield>
      <subfield code="2">opkm</subfield>
    </datafield>
    <datafield tag="650" ind1=" " ind2="7">
      <subfield code="a">nyelvkönyv</subfield>
      <subfield code="2">opkm</subfield>
    </datafield>
    <datafield tag="852" ind1=" " ind2=" ">
      <subfield code="a">B1</subfield>
      <subfield code="b">B1</subfield>
      <subfield code="x">239684</subfield>
    </datafield>
    <datafield tag="852" ind1=" " ind2=" ">
      <subfield code="a">D1</subfield>
      <subfield code="b">D1</subfield>
      <subfield code="x">bibKLT00285634</subfield>
    </datafield>
    <datafield tag="852" ind1=" " ind2=" ">
      <subfield code="a">SZ1</subfield>
      <subfield code="b">SZ1</subfield>
      <subfield code="x">bibJAT00299537</subfield>
    </datafield>
    <datafield tag="852" ind1=" " ind2=" ">
      <subfield code="a">B10</subfield>
      <subfield code="b">2000</subfield>
      <subfield code="x">bibFSZ00130649</subfield>
    </datafield>
    <datafield tag="852" ind1=" " ind2=" ">
      <subfield code="a">M1</subfield>
      <subfield code="b">M1</subfield>
      <subfield code="x">43738</subfield>
    </datafield>
    <datafield tag="852" ind1=" " ind2=" ">
      <subfield code="a">P1</subfield>
      <subfield code="b">P1/SZ</subfield>
      <subfield code="x">bibJPT00112669</subfield>
    </datafield>
    <datafield tag="852" ind1=" " ind2=" ">
      <subfield code="a">B14</subfield>
      <subfield code="b">B14</subfield>
      <subfield code="x">594998</subfield>
    </datafield>
    <datafield tag="852" ind1=" " ind2=" ">
      <subfield code="a">BCS1</subfield>
      <subfield code="b">BCS1</subfield>
      <subfield code="x">bibBKO00112203</subfield>
    </datafield>
    <datafield tag="852" ind1=" " ind2=" ">
      <subfield code="a">B12</subfield>
      <subfield code="b">B12</subfield>
      <subfield code="x">BCEKK294455</subfield>
    </datafield>
    <datafield tag="852" ind1=" " ind2=" ">
      <subfield code="a">B7</subfield>
      <subfield code="b">B7</subfield>
      <subfield code="x">101455</subfield>
    </datafield>
  </record>
  <record>
    <leader>02274fam  2200661 i 4500</leader>
    <controlfield tag="001">MOKKAZ0006411557  </controlfield>
    <controlfield tag="005">20091223043021.0</controlfield>
    <controlfield tag="008">011024t19981995hu            000 0 eng d</controlfield>
    <datafield tag="020" ind1=" " ind2=" ">
      <subfield code="a">963-9092-43-6 (fűzött) :</subfield>
      <subfield code="c">728,-Ft</subfield>
    </datafield>
    <datafield tag="035" ind1=" " ind2=" ">
      <subfield code="a">904302</subfield>
    </datafield>
    <datafield tag="040" ind1=" " ind2=" ">
      <subfield code="a">OSZK</subfield>
    </datafield>
    <datafield tag="041" ind1="0" ind2=" ">
      <subfield code="a">enghuneng</subfield>
    </datafield>
    <datafield tag="080" ind1=" " ind2=" ">
      <subfield code="a">802.0-06(079.1)=945.11</subfield>
    </datafield>
    <datafield tag="100" ind1="2" ind2=" ">
      <subfield code="a">Némethné Hock Ildikó</subfield>
    </datafield>
    <datafield tag="245" ind1="1" ind2="0">
      <subfield code="a">1000 questions 1000 answers : </subfield>
      <subfield code="b">angol társalgási gyakorlatok az "A" típusú nyelvvizsgákra /</subfield>
      <subfield code="c">Némethné Hock Ildikó.</subfield>
    </datafield>
    <datafield tag="260" ind1=" " ind2=" ">
      <subfield code="a">Székesfehérvár :</subfield>
      <subfield code="b">Lexika,</subfield>
      <subfield code="c">[1998], cop. 1995</subfield>
      <subfield code="e">([Dabas]</subfield>
      <subfield code="f">Reálszisztéma Dabasi Ny.)</subfield>
    </datafield>
    <datafield tag="300" ind1=" " ind2=" ">
      <subfield code="a">253, [3] p. ;</subfield>
      <subfield code="c">20 cm</subfield>
    </datafield>
    <datafield tag="650" ind1=" " ind2="4">
      <subfield code="a">Angol nyelv</subfield>
      <subfield code="x">társalgás és kifejezésgyűjtemények</subfield>
    </datafield>
    <datafield tag="650" ind1=" " ind2="4">
      <subfield code="a">Angol nyelv</subfield>
      <subfield code="x">vizsgák, kérdések stb.</subfield>
    </datafield>
    <datafield tag="650" ind1=" " ind2="0">
      <subfield code="a">English language</subfield>
      <subfield code="x">Conversation and phrase books.</subfield>
    </datafield>
    <datafield tag="650" ind1=" " ind2="0">
      <subfield code="a">English language</subfield>
      <subfield code="x">Examinations, questions, etc.</subfield>
    </datafield>
    <datafield tag="650" ind1=" " ind2="7">
      <subfield code="a">Angol nyelvkönyv</subfield>
      <subfield code="x">társalgási gyakorlatok</subfield>
      <subfield code="2">szte</subfield>
    </datafield>
    <datafield tag="650" ind1=" " ind2="7">
      <subfield code="a">Nyelvvizsga</subfield>
      <subfield code="x">angol</subfield>
      <subfield code="x">társalgási</subfield>
      <subfield code="x">gyakorlatok</subfield>
      <subfield code="2">szte</subfield>
    </datafield>
    <datafield tag="650" ind1="0" ind2="4">
      <subfield code="a">angol nyelvkönyv</subfield>
    </datafield>
    <datafield tag="650" ind1=" " ind2="4">
      <subfield code="a">Nyelvek</subfield>
    </datafield>
    <datafield tag="650" ind1=" " ind2="4">
      <subfield code="a">Angol nyelv</subfield>
    </datafield>
    <datafield tag="650" ind1=" " ind2="4">
      <subfield code="a">Nyelvvizsga</subfield>
    </datafield>
    <datafield tag="650" ind1=" " ind2="4">
      <subfield code="a">Feladatgyűjtemény</subfield>
    </datafield>
    <datafield tag="650" ind1=" " ind2="4">
      <subfield code="a">Nyelvkönyvek</subfield>
    </datafield>
    <datafield tag="650" ind1=" " ind2="4">
      <subfield code="a">Nyelvvizsgák</subfield>
    </datafield>
    <datafield tag="650" ind1=" " ind2="4">
      <subfield code="a">"A" típus</subfield>
    </datafield>
    <datafield tag="650" ind1=" " ind2="7">
      <subfield code="a">Nyelvvizsga</subfield>
      <subfield code="x">angol</subfield>
      <subfield code="x">társalgási gyakorlatok</subfield>
      <subfield code="2">szte</subfield>
    </datafield>
    <datafield tag="650" ind1=" " ind2="4">
      <subfield code="a">angol nyelv - nyelvkönyvek</subfield>
    </datafield>
    <datafield tag="650" ind1=" " ind2="4">
      <subfield code="a">nyelvvizsga - angol nyelv</subfield>
    </datafield>
    <datafield tag="650" ind1=" " ind2="4">
      <subfield code="a">angol nyelv - társalgás</subfield>
    </datafield>
    <datafield tag="650" ind1=" " ind2="4">
      <subfield code="a">társalgás - angol nyelv</subfield>
    </datafield>
    <datafield tag="650" ind1=" " ind2="4">
      <subfield code="a">vizsgafeladatok</subfield>
    </datafield>
    <datafield tag="650" ind1=" " ind2="4">
      <subfield code="a">gyakorlatok</subfield>
    </datafield>
    <datafield tag="650" ind1=" " ind2="7">
      <subfield code="a">nyelvvizsga</subfield>
      <subfield code="2">opkm</subfield>
    </datafield>
    <datafield tag="650" ind1=" " ind2="7">
      <subfield code="a">angol nyelv tantárgy</subfield>
      <subfield code="2">opkm</subfield>
    </datafield>
    <datafield tag="650" ind1=" " ind2="7">
      <subfield code="a">alapfokú oktatás</subfield>
      <subfield code="2">opkm</subfield>
    </datafield>
    <datafield tag="650" ind1=" " ind2="7">
      <subfield code="a">társalgás</subfield>
      <subfield code="2">opkm</subfield>
    </datafield>
    <datafield tag="650" ind1=" " ind2="4">
      <subfield code="a">angol</subfield>
    </datafield>
    <datafield tag="650" ind1=" " ind2="4">
      <subfield code="a">nyelvkönyv</subfield>
    </datafield>
    <datafield tag="651" ind1=" " ind2="4">
      <subfield code="a">Magyarország</subfield>
    </datafield>
    <datafield tag="852" ind1=" " ind2=" ">
      <subfield code="a">B1</subfield>
      <subfield code="b">B1</subfield>
      <subfield code="x">904302</subfield>
    </datafield>
    <datafield tag="852" ind1=" " ind2=" ">
      <subfield code="a">D1</subfield>
      <subfield code="b">D1</subfield>
      <subfield code="x">bibKLT00178104</subfield>
    </datafield>
    <datafield tag="852" ind1=" " ind2=" ">
      <subfield code="a">SZ1</subfield>
      <subfield code="b">SZ1</subfield>
      <subfield code="x">bibJAT00381942</subfield>
    </datafield>
    <datafield tag="852" ind1=" " ind2=" ">
      <subfield code="a">B10</subfield>
      <subfield code="b">0801</subfield>
      <subfield code="x">bibFSZ00210299</subfield>
    </datafield>
    <datafield tag="852" ind1=" " ind2=" ">
      <subfield code="a">B11</subfield>
      <subfield code="b">B11</subfield>
      <subfield code="x">BMEOMIKK000132583</subfield>
    </datafield>
    <datafield tag="852" ind1=" " ind2=" ">
      <subfield code="a">M1</subfield>
      <subfield code="b">M1</subfield>
      <subfield code="x">73736</subfield>
    </datafield>
    <datafield tag="852" ind1=" " ind2=" ">
      <subfield code="a">ST1</subfield>
      <subfield code="b">ST1</subfield>
      <subfield code="x">bibBBM106922</subfield>
    </datafield>
    <datafield tag="852" ind1=" " ind2=" ">
      <subfield code="a">SZL1</subfield>
      <subfield code="b">SZL1</subfield>
      <subfield code="x">bibVFK00206224</subfield>
    </datafield>
    <datafield tag="852" ind1=" " ind2=" ">
      <subfield code="a">SZ4</subfield>
      <subfield code="b">SZ4</subfield>
      <subfield code="x">bibSOK00015787</subfield>
    </datafield>
    <datafield tag="852" ind1=" " ind2=" ">
      <subfield code="a">BCS1</subfield>
      <subfield code="b">BCS1</subfield>
      <subfield code="x">bibBKO00095764</subfield>
    </datafield>
    <datafield tag="852" ind1=" " ind2=" ">
      <subfield code="a">M2</subfield>
      <subfield code="b">M2</subfield>
      <subfield code="x">bibRFK00106940</subfield>
    </datafield>
    <datafield tag="852" ind1=" " ind2=" ">
      <subfield code="a">B7</subfield>
      <subfield code="b">B7</subfield>
      <subfield code="x">105523</subfield>
    </datafield>
    <datafield tag="852" ind1=" " ind2=" ">
      <subfield code="a">B653</subfield>
      <subfield code="x">bibMKF00017467</subfield>
    </datafield>
  </record>
  <record>
    <leader>00598nam  2200193 i 4500</leader>
    <controlfield tag="001">MOKKAN0004714650  </controlfield>
    <controlfield tag="005">20070704230157.0</controlfield>
    <controlfield tag="008">941103s        hu           u    j hun d</controlfield>
    <datafield tag="020" ind1=" " ind2=" ">
      <subfield code="a">963 7693 02 05 (fűzött)</subfield>
    </datafield>
    <datafield tag="035" ind1=" " ind2=" ">
      <subfield code="a">71725</subfield>
    </datafield>
    <datafield tag="040" ind1=" " ind2=" ">
      <subfield code="a">SZIEGTUK</subfield>
    </datafield>
    <datafield tag="041" ind1="0" ind2=" ">
      <subfield code="a">hun</subfield>
    </datafield>
    <datafield tag="100" ind1="1" ind2=" ">
      <subfield code="a">Némethné Hock Ildikó</subfield>
    </datafield>
    <datafield tag="245" ind1="1" ind2="0">
      <subfield code="a">1000 questions, 1000 answers : </subfield>
      <subfield code="b">Angol társalgási gyakorlatok az "A" típusú nyelvvizsgákra /</subfield>
      <subfield code="c">Némethné Hock Ildikó</subfield>
    </datafield>
    <datafield tag="260" ind1=" " ind2=" ">
      <subfield code="a">Székesfehérvár :</subfield>
      <subfield code="b">Lexika,</subfield>
      <subfield code="c">[199.]</subfield>
    </datafield>
    <datafield tag="300" ind1=" " ind2=" ">
      <subfield code="a">237 p. ;</subfield>
      <subfield code="c">26 cm</subfield>
    </datafield>
    <datafield tag="650" ind1=" " ind2="4">
      <subfield code="a">nyelvvizsga</subfield>
    </datafield>
    <datafield tag="650" ind1=" " ind2="4">
      <subfield code="a">angol nyelv</subfield>
    </datafield>
    <datafield tag="852" ind1=" " ind2=" ">
      <subfield code="a">G1</subfield>
      <subfield code="b">G1</subfield>
      <subfield code="x">71725</subfield>
    </datafield>
  </record>
  <record>
    <leader>01830fam  2200517 i 4500</leader>
    <controlfield tag="001">MOKKAZ0006384702  </controlfield>
    <controlfield tag="005">20101105072131.0</controlfield>
    <controlfield tag="008">991027s1999    hu            000 0 eng d</controlfield>
    <datafield tag="020" ind1=" " ind2=" ">
      <subfield code="a">963-9092-90-8 (fűzött)</subfield>
    </datafield>
    <datafield tag="035" ind1=" " ind2=" ">
      <subfield code="a">392661</subfield>
    </datafield>
    <datafield tag="040" ind1=" " ind2=" ">
      <subfield code="a">OSZK</subfield>
    </datafield>
    <datafield tag="041" ind1="1" ind2=" ">
      <subfield code="a">enghuneng</subfield>
    </datafield>
    <datafield tag="100" ind1="2" ind2=" ">
      <subfield code="a">Némethné Hock Ildikó</subfield>
    </datafield>
    <datafield tag="245" ind1="1" ind2="0">
      <subfield code="a">1000 questions 1000 answers : </subfield>
      <subfield code="b">angol társalgási gyakorlatok az "A" típusú nyelvvizsgákra /</subfield>
      <subfield code="c">Némethné Hock Ildikó</subfield>
    </datafield>
    <datafield tag="260" ind1=" " ind2=" ">
      <subfield code="a">Székesfehérvár :</subfield>
      <subfield code="b">Lexika,</subfield>
      <subfield code="c">[1999]</subfield>
      <subfield code="e">([Dabas]</subfield>
      <subfield code="f">Reálszisztéma Dabasi Ny.)</subfield>
    </datafield>
    <datafield tag="300" ind1=" " ind2=" ">
      <subfield code="a">253, [3] p. ;</subfield>
      <subfield code="c">20 cm</subfield>
    </datafield>
    <datafield tag="500" ind1=" " ind2=" ">
      <subfield code="a">Párhuzamos cím a gerincen: 1000 kérdés 1000 felelet</subfield>
    </datafield>
    <datafield tag="650" ind1=" " ind2="4">
      <subfield code="a">Angol nyelv</subfield>
      <subfield code="x">társalgás és kifejezésgyűjtemények</subfield>
    </datafield>
    <datafield tag="650" ind1=" " ind2="4">
      <subfield code="a">Angol nyelv</subfield>
      <subfield code="x">vizsgák, kérdések stb.</subfield>
    </datafield>
    <datafield tag="650" ind1=" " ind2="0">
      <subfield code="a">English language</subfield>
      <subfield code="x">Conversation and phrase books.</subfield>
    </datafield>
    <datafield tag="650" ind1=" " ind2="0">
      <subfield code="a">English language</subfield>
      <subfield code="x">Examinations, questions, etc.</subfield>
    </datafield>
    <datafield tag="650" ind1=" " ind2="7">
      <subfield code="a">Angol nyelvkönyv</subfield>
      <subfield code="x">társalgási gyakorlatok</subfield>
      <subfield code="2">szte</subfield>
    </datafield>
    <datafield tag="650" ind1=" " ind2="7">
      <subfield code="a">Nyelvvizsga</subfield>
      <subfield code="x">angol</subfield>
      <subfield code="x">társalgási</subfield>
      <subfield code="x">gyakorlatok</subfield>
      <subfield code="2">szte</subfield>
    </datafield>
    <datafield tag="650" ind1="0" ind2="4">
      <subfield code="a">angol nyelvkönyv</subfield>
      <subfield code="x">társalgás</subfield>
    </datafield>
    <datafield tag="650" ind1="0" ind2="4">
      <subfield code="a">társalgási nyelv</subfield>
      <subfield code="z">angol</subfield>
    </datafield>
    <datafield tag="650" ind1=" " ind2="4">
      <subfield code="a">angol</subfield>
    </datafield>
    <datafield tag="650" ind1=" " ind2="4">
      <subfield code="a">feladatgyjtemény</subfield>
    </datafield>
    <datafield tag="650" ind1=" " ind2="4">
      <subfield code="a">nyelvkönyv</subfield>
    </datafield>
    <datafield tag="650" ind1=" " ind2="4">
      <subfield code="a">nyelvvizsga</subfield>
    </datafield>
    <datafield tag="650" ind1=" " ind2="4">
      <subfield code="a">angol nyelv</subfield>
    </datafield>
    <datafield tag="650" ind1=" " ind2="4">
      <subfield code="a">angol nyelv - nyelvkönyvek</subfield>
    </datafield>
    <datafield tag="650" ind1=" " ind2="4">
      <subfield code="a">nyelvvizsga - angol nyelv</subfield>
    </datafield>
    <datafield tag="650" ind1=" " ind2="4">
      <subfield code="a">angol nyelv - társalgás</subfield>
    </datafield>
    <datafield tag="650" ind1=" " ind2="4">
      <subfield code="a">társalgás - angol nyelv</subfield>
    </datafield>
    <datafield tag="653" ind1=" " ind2=" ">
      <subfield code="a">angol nyelv</subfield>
    </datafield>
    <datafield tag="653" ind1=" " ind2=" ">
      <subfield code="a">beszédtechnika</subfield>
    </datafield>
    <datafield tag="653" ind1=" " ind2=" ">
      <subfield code="a">nyelvvizsga</subfield>
    </datafield>
    <datafield tag="852" ind1=" " ind2=" ">
      <subfield code="a">B1</subfield>
      <subfield code="b">B1</subfield>
      <subfield code="x">392661</subfield>
    </datafield>
    <datafield tag="852" ind1=" " ind2=" ">
      <subfield code="a">D1</subfield>
      <subfield code="b">D1</subfield>
      <subfield code="x">bibKLT00268747</subfield>
    </datafield>
    <datafield tag="852" ind1=" " ind2=" ">
      <subfield code="a">SZ1</subfield>
      <subfield code="b">SZ1</subfield>
      <subfield code="x">bibJAT00364421</subfield>
    </datafield>
    <datafield tag="852" ind1=" " ind2=" ">
      <subfield code="a">B10</subfield>
      <subfield code="b">1304</subfield>
      <subfield code="x">bibFSZ00256839</subfield>
    </datafield>
    <datafield tag="852" ind1=" " ind2=" ">
      <subfield code="a">M1</subfield>
      <subfield code="b">M1</subfield>
      <subfield code="x">110322</subfield>
    </datafield>
    <datafield tag="852" ind1=" " ind2=" ">
      <subfield code="a">G1</subfield>
      <subfield code="b">G1</subfield>
      <subfield code="x">GATE-T54-7553</subfield>
    </datafield>
    <datafield tag="852" ind1=" " ind2=" ">
      <subfield code="a">G1</subfield>
      <subfield code="b">G1</subfield>
      <subfield code="x">71736</subfield>
    </datafield>
    <datafield tag="852" ind1=" " ind2=" ">
      <subfield code="a">BCS1</subfield>
      <subfield code="b">BCS1</subfield>
      <subfield code="x">bibBKO00128696</subfield>
    </datafield>
    <datafield tag="852" ind1=" " ind2=" ">
      <subfield code="a">B9</subfield>
      <subfield code="b">B9</subfield>
      <subfield code="x">255607</subfield>
    </datafield>
  </record>
  <record>
    <leader>01173fam  2200361 i 4500</leader>
    <controlfield tag="001">MOKKAZ0006392673  </controlfield>
    <controlfield tag="005">20100428153311.0</controlfield>
    <controlfield tag="008">000616s2000    hu            000 0 eng d</controlfield>
    <datafield tag="020" ind1=" " ind2=" ">
      <subfield code="a">963-9092-94-0 (fűzött) :</subfield>
      <subfield code="c">840,- Ft</subfield>
    </datafield>
    <datafield tag="035" ind1=" " ind2=" ">
      <subfield code="a">431512</subfield>
    </datafield>
    <datafield tag="040" ind1=" " ind2=" ">
      <subfield code="a">OSZK</subfield>
    </datafield>
    <datafield tag="041" ind1="1" ind2=" ">
      <subfield code="a">enghuneng</subfield>
    </datafield>
    <datafield tag="080" ind1=" " ind2="0">
      <subfield code="a">802.0(079.1)=945.11</subfield>
    </datafield>
    <datafield tag="100" ind1="2" ind2=" ">
      <subfield code="a">Némethné Hock Ildikó</subfield>
    </datafield>
    <datafield tag="245" ind1="1" ind2="0">
      <subfield code="a">1000 questions 1000 answers : </subfield>
      <subfield code="b">angol társalgási gyakorlatok az "A" típusú nyelvvizsgákra /</subfield>
      <subfield code="c">Némethné Hock Ildikó</subfield>
    </datafield>
    <datafield tag="250" ind1=" " ind2=" ">
      <subfield code="a">Jav. kiad.</subfield>
    </datafield>
    <datafield tag="260" ind1=" " ind2=" ">
      <subfield code="a">Székesfehérvár :</subfield>
      <subfield code="b">Lexika,</subfield>
      <subfield code="c">2000</subfield>
      <subfield code="e">([Dabas]</subfield>
      <subfield code="f">Reálszisztéma Dabasi Ny.)</subfield>
    </datafield>
    <datafield tag="300" ind1=" " ind2=" ">
      <subfield code="a">253, [3] p. ;</subfield>
      <subfield code="c">20 cm</subfield>
    </datafield>
    <datafield tag="500" ind1=" " ind2=" ">
      <subfield code="a">Párhuzamos cím a gerincen: 1000 kérdés 1000 felelet</subfield>
    </datafield>
    <datafield tag="650" ind1="0" ind2="4">
      <subfield code="a">angol nyelvkönyv</subfield>
      <subfield code="x">társalgás</subfield>
    </datafield>
    <datafield tag="650" ind1="0" ind2="4">
      <subfield code="a">társalgási nyelv</subfield>
      <subfield code="z">angol</subfield>
    </datafield>
    <datafield tag="650" ind1=" " ind2="4">
      <subfield code="a">angol nyelv</subfield>
    </datafield>
    <datafield tag="650" ind1=" " ind2="4">
      <subfield code="a">nyelvkönyvek</subfield>
    </datafield>
    <datafield tag="650" ind1=" " ind2="4">
      <subfield code="a">vizsgafeladatok</subfield>
    </datafield>
    <datafield tag="650" ind1=" " ind2="4">
      <subfield code="a">gyakorlatok</subfield>
    </datafield>
    <datafield tag="653" ind1=" " ind2=" ">
      <subfield code="a">beszédtechnika</subfield>
    </datafield>
    <datafield tag="653" ind1=" " ind2=" ">
      <subfield code="a">nyelvkönyv</subfield>
    </datafield>
    <datafield tag="852" ind1=" " ind2=" ">
      <subfield code="a">B1</subfield>
      <subfield code="b">B1</subfield>
      <subfield code="x">431512</subfield>
    </datafield>
    <datafield tag="852" ind1=" " ind2=" ">
      <subfield code="a">M1</subfield>
      <subfield code="b">M1</subfield>
      <subfield code="x">142233</subfield>
    </datafield>
    <datafield tag="852" ind1=" " ind2=" ">
      <subfield code="a">S1</subfield>
      <subfield code="b">S1</subfield>
      <subfield code="x">bibSEF59262</subfield>
    </datafield>
    <datafield tag="852" ind1=" " ind2=" ">
      <subfield code="a">B9</subfield>
      <subfield code="b">B9</subfield>
      <subfield code="x">266343</subfield>
    </datafield>
    <datafield tag="852" ind1=" " ind2=" ">
      <subfield code="a">M2</subfield>
      <subfield code="b">M2</subfield>
      <subfield code="x">bibRFK00118213</subfield>
    </datafield>
    <datafield tag="852" ind1=" " ind2=" ">
      <subfield code="a">B10</subfield>
      <subfield code="x">bibFSZ01432446</subfield>
    </datafield>
  </record>
  <record>
    <leader>00829nam  2200277 i 4500</leader>
    <controlfield tag="001">MOKKAS0002434489  </controlfield>
    <controlfield tag="005">20060525084542.0</controlfield>
    <controlfield tag="008">960410s2001    hu            00010 eng d</controlfield>
    <datafield tag="020" ind1=" " ind2=" ">
      <subfield code="a">963 9092 94 0</subfield>
    </datafield>
    <datafield tag="035" ind1=" " ind2=" ">
      <subfield code="a">bibBBM165146</subfield>
    </datafield>
    <datafield tag="040" ind1=" " ind2=" ">
      <subfield code="a">BBMK</subfield>
    </datafield>
    <datafield tag="100" ind1="2" ind2=" ">
      <subfield code="a">Némethné Hock Ildikó</subfield>
    </datafield>
    <datafield tag="245" ind1="1" ind2="0">
      <subfield code="a">1000 questions 1000 answers :</subfield>
      <subfield code="b">Angol társalgási gyakorlatok az "A" típusú nyelvvizsgákra /</subfield>
      <subfield code="c">Némethné Hock Ildikó</subfield>
    </datafield>
    <datafield tag="250" ind1=" " ind2=" ">
      <subfield code="a">Jav. kiad.</subfield>
    </datafield>
    <datafield tag="260" ind1=" " ind2=" ">
      <subfield code="a">[Székesfehérvár] :</subfield>
      <subfield code="b">Lexika,</subfield>
      <subfield code="c">2001</subfield>
    </datafield>
    <datafield tag="300" ind1=" " ind2=" ">
      <subfield code="a">253 p. ;</subfield>
      <subfield code="c">20 cm</subfield>
    </datafield>
    <datafield tag="650" ind1=" " ind2="4">
      <subfield code="a">Angol nyelv</subfield>
    </datafield>
    <datafield tag="650" ind1=" " ind2="4">
      <subfield code="a">Oktatás</subfield>
    </datafield>
    <datafield tag="650" ind1=" " ind2="4">
      <subfield code="a">Nyelvtanulás</subfield>
    </datafield>
    <datafield tag="650" ind1=" " ind2="4">
      <subfield code="a">Nyelvvizsga</subfield>
    </datafield>
    <datafield tag="650" ind1=" " ind2="4">
      <subfield code="a">Feladatgyűjtemény</subfield>
    </datafield>
    <datafield tag="650" ind1=" " ind2="4">
      <subfield code="a">Társalgás</subfield>
    </datafield>
    <datafield tag="650" ind1=" " ind2="4">
      <subfield code="a">Beszédkészség</subfield>
    </datafield>
    <datafield tag="650" ind1=" " ind2="4">
      <subfield code="a">Készségfejlesztés</subfield>
    </datafield>
    <datafield tag="650" ind1=" " ind2="4">
      <subfield code="a">Szókincsfejlesztés</subfield>
    </datafield>
    <datafield tag="852" ind1=" " ind2=" ">
      <subfield code="a">ST1</subfield>
      <subfield code="b">ST1</subfield>
      <subfield code="x">bibBBM165146</subfield>
    </datafield>
  </record>
  <record>
    <leader>01545fam  2200445 i 4500</leader>
    <controlfield tag="001">MOKKAZ0006450380  </controlfield>
    <controlfield tag="005">20040915203145.0</controlfield>
    <controlfield tag="008">021002s2002    hu            000 0 eng d</controlfield>
    <datafield tag="020" ind1=" " ind2=" ">
      <subfield code="a">963-9092-94-0 (fűzött) :</subfield>
      <subfield code="c">1260,- Ft</subfield>
    </datafield>
    <datafield tag="035" ind1=" " ind2=" ">
      <subfield code="a">936731</subfield>
    </datafield>
    <datafield tag="040" ind1=" " ind2=" ">
      <subfield code="a">OSZK</subfield>
    </datafield>
    <datafield tag="041" ind1="1" ind2=" ">
      <subfield code="a">enghuneng</subfield>
    </datafield>
    <datafield tag="100" ind1="2" ind2=" ">
      <subfield code="a">Némethné Hock Ildikó</subfield>
    </datafield>
    <datafield tag="245" ind1="1" ind2="0">
      <subfield code="a">1000 questions 1000 answers : </subfield>
      <subfield code="b">angol társalgási gyakorlatok az "A" típusú nyelvvizsgákra /</subfield>
      <subfield code="c">Némethné Hock Ildikó.</subfield>
    </datafield>
    <datafield tag="250" ind1=" " ind2=" ">
      <subfield code="a">Jav. kiad.</subfield>
    </datafield>
    <datafield tag="260" ind1=" " ind2=" ">
      <subfield code="a">Székesfehérvár :</subfield>
      <subfield code="b">Lexika,</subfield>
      <subfield code="c">[2002]</subfield>
      <subfield code="e">([Dabas]</subfield>
      <subfield code="f">Reálszisztéma Dabasi Ny.)</subfield>
    </datafield>
    <datafield tag="300" ind1=" " ind2=" ">
      <subfield code="a">253, [3] p. ;</subfield>
      <subfield code="c">21 cm</subfield>
    </datafield>
    <datafield tag="500" ind1=" " ind2=" ">
      <subfield code="a">Párhuzamos cím a gerincen: 1000 kérdés 1000 felelet</subfield>
    </datafield>
    <datafield tag="650" ind1=" " ind2="4">
      <subfield code="a">Angol nyelv</subfield>
      <subfield code="x">társalgás és kifejezésgyűjtemények</subfield>
    </datafield>
    <datafield tag="650" ind1=" " ind2="4">
      <subfield code="a">Angol nyelv</subfield>
      <subfield code="x">vizsgák, kérdések stb.</subfield>
    </datafield>
    <datafield tag="650" ind1=" " ind2="0">
      <subfield code="a">English language</subfield>
      <subfield code="x">Conversation and phrase books.</subfield>
    </datafield>
    <datafield tag="650" ind1=" " ind2="0">
      <subfield code="a">English language</subfield>
      <subfield code="x">Examinations, questions, etc.</subfield>
    </datafield>
    <datafield tag="650" ind1=" " ind2="4">
      <subfield code="a">angol</subfield>
    </datafield>
    <datafield tag="650" ind1=" " ind2="4">
      <subfield code="a">feladatgyjtemény</subfield>
    </datafield>
    <datafield tag="650" ind1=" " ind2="4">
      <subfield code="a">nyelvkönyv</subfield>
    </datafield>
    <datafield tag="650" ind1=" " ind2="4">
      <subfield code="a">nyelvvizsga</subfield>
    </datafield>
    <datafield tag="650" ind1=" " ind2="4">
      <subfield code="a">angol nyelv</subfield>
    </datafield>
    <datafield tag="650" ind1=" " ind2="4">
      <subfield code="a">angol nyelv - nyelvkönyvek</subfield>
    </datafield>
    <datafield tag="650" ind1=" " ind2="4">
      <subfield code="a">nyelvvizsga - angol nyelv</subfield>
    </datafield>
    <datafield tag="650" ind1=" " ind2="4">
      <subfield code="a">angol nyelv - társalgás</subfield>
    </datafield>
    <datafield tag="650" ind1=" " ind2="4">
      <subfield code="a">társalgás - angol nyelv</subfield>
    </datafield>
    <datafield tag="650" ind1=" " ind2="4">
      <subfield code="a">nyelvkönyvek</subfield>
    </datafield>
    <datafield tag="650" ind1=" " ind2="4">
      <subfield code="a">vizsgafeladatok</subfield>
    </datafield>
    <datafield tag="650" ind1=" " ind2="4">
      <subfield code="a">gyakorlatok</subfield>
    </datafield>
    <datafield tag="852" ind1=" " ind2=" ">
      <subfield code="a">B1</subfield>
      <subfield code="b">B1</subfield>
      <subfield code="x">936731</subfield>
    </datafield>
    <datafield tag="852" ind1=" " ind2=" ">
      <subfield code="a">D1</subfield>
      <subfield code="b">D1</subfield>
      <subfield code="x">bibKLT00324357</subfield>
    </datafield>
    <datafield tag="852" ind1=" " ind2=" ">
      <subfield code="a">G1</subfield>
      <subfield code="b">G1</subfield>
      <subfield code="x">GATE-B00061502</subfield>
    </datafield>
    <datafield tag="852" ind1=" " ind2=" ">
      <subfield code="a">G1</subfield>
      <subfield code="b">G1</subfield>
      <subfield code="x">71739</subfield>
    </datafield>
    <datafield tag="852" ind1=" " ind2=" ">
      <subfield code="a">BCS1</subfield>
      <subfield code="b">BCS1</subfield>
      <subfield code="x">bibBKO00255082</subfield>
    </datafield>
    <datafield tag="852" ind1=" " ind2=" ">
      <subfield code="a">M2</subfield>
      <subfield code="b">M2</subfield>
      <subfield code="x">bibRFK00149376</subfield>
    </datafield>
  </record>
  <record>
    <leader>01449fam  2200421 i 4500</leader>
    <controlfield tag="001">MOKKAZ0006464432  </controlfield>
    <controlfield tag="005">20090522013314.0</controlfield>
    <controlfield tag="008">031002s2003    hu            000 0 eng d</controlfield>
    <datafield tag="020" ind1=" " ind2=" ">
      <subfield code="a">963-9092-94-0 (fűzött)</subfield>
    </datafield>
    <datafield tag="035" ind1=" " ind2=" ">
      <subfield code="a">1041156</subfield>
    </datafield>
    <datafield tag="040" ind1=" " ind2=" ">
      <subfield code="a">OSZK</subfield>
    </datafield>
    <datafield tag="041" ind1="1" ind2=" ">
      <subfield code="a">enghuneng</subfield>
    </datafield>
    <datafield tag="100" ind1="2" ind2=" ">
      <subfield code="a">Némethné Hock Ildikó</subfield>
    </datafield>
    <datafield tag="245" ind1="1" ind2="0">
      <subfield code="a">1000 questions 1000 answers : </subfield>
      <subfield code="b">angol társalgási gyakorlatok az "A" típusú nyelvvizsgákra /</subfield>
      <subfield code="c">Némethné Hock Ildikó.</subfield>
    </datafield>
    <datafield tag="250" ind1=" " ind2=" ">
      <subfield code="a">Jav. kiad.</subfield>
    </datafield>
    <datafield tag="260" ind1=" " ind2=" ">
      <subfield code="a">Székesfehérvár :</subfield>
      <subfield code="b">Lexika,</subfield>
      <subfield code="c">[2003]</subfield>
      <subfield code="e">([Dabas]</subfield>
      <subfield code="f">Reálszisztéma Dabasi Ny.)</subfield>
    </datafield>
    <datafield tag="300" ind1=" " ind2=" ">
      <subfield code="a">253, [3] p. ;</subfield>
      <subfield code="c">21 cm</subfield>
    </datafield>
    <datafield tag="500" ind1=" " ind2=" ">
      <subfield code="a">Párhuzamos cím a gerincen: 1000 kérdés 1000 felelet</subfield>
    </datafield>
    <datafield tag="650" ind1=" " ind2="4">
      <subfield code="a">angol nyelvkönyv</subfield>
    </datafield>
    <datafield tag="650" ind1=" " ind2="4">
      <subfield code="a">nyelvvizsga</subfield>
    </datafield>
    <datafield tag="650" ind1=" " ind2="7">
      <subfield code="a">Angol nyelvkönyv</subfield>
      <subfield code="x">társalgási gyakorlatok</subfield>
      <subfield code="2">szte</subfield>
    </datafield>
    <datafield tag="650" ind1=" " ind2="7">
      <subfield code="a">Nyelvvizsga</subfield>
      <subfield code="x">angol</subfield>
      <subfield code="x">társalgási gyakorlatok</subfield>
      <subfield code="2">szte</subfield>
    </datafield>
    <datafield tag="650" ind1=" " ind2="4">
      <subfield code="a">angol nyelv</subfield>
    </datafield>
    <datafield tag="650" ind1=" " ind2="4">
      <subfield code="a">példatár</subfield>
    </datafield>
    <datafield tag="650" ind1=" " ind2="4">
      <subfield code="a">vizsgaelőkészítő</subfield>
    </datafield>
    <datafield tag="650" ind1=" " ind2="4">
      <subfield code="a">angol nyelv - nyelvkönyvek</subfield>
    </datafield>
    <datafield tag="650" ind1=" " ind2="4">
      <subfield code="a">nyelvvizsga - angol nyelv</subfield>
    </datafield>
    <datafield tag="650" ind1=" " ind2="4">
      <subfield code="a">angol nyelv - társalgás</subfield>
    </datafield>
    <datafield tag="650" ind1=" " ind2="4">
      <subfield code="a">társalgás - angol nyelv</subfield>
    </datafield>
    <datafield tag="650" ind1=" " ind2="4">
      <subfield code="a">Nyelvkönyv</subfield>
    </datafield>
    <datafield tag="852" ind1=" " ind2=" ">
      <subfield code="a">B1</subfield>
      <subfield code="b">B1</subfield>
      <subfield code="x">1041156</subfield>
    </datafield>
    <datafield tag="852" ind1=" " ind2=" ">
      <subfield code="a">B10</subfield>
      <subfield code="b">B10</subfield>
      <subfield code="x">bibFSZ952616</subfield>
    </datafield>
    <datafield tag="852" ind1=" " ind2=" ">
      <subfield code="a">B11</subfield>
      <subfield code="b">B11</subfield>
      <subfield code="x">BMEOMIKK000452935</subfield>
    </datafield>
    <datafield tag="852" ind1=" " ind2=" ">
      <subfield code="a">GY1</subfield>
      <subfield code="b">GY1</subfield>
      <subfield code="x">658208</subfield>
    </datafield>
    <datafield tag="852" ind1=" " ind2=" ">
      <subfield code="a">SZ4</subfield>
      <subfield code="b">SZ4</subfield>
      <subfield code="x">bibSOK213672</subfield>
    </datafield>
    <datafield tag="852" ind1=" " ind2=" ">
      <subfield code="a">SZO1</subfield>
      <subfield code="b">SZO1</subfield>
      <subfield code="x">150398370</subfield>
    </datafield>
    <datafield tag="852" ind1=" " ind2=" ">
      <subfield code="a">BCS1</subfield>
      <subfield code="b">BCS1</subfield>
      <subfield code="x">bibBKO00264289</subfield>
    </datafield>
    <datafield tag="852" ind1=" " ind2=" ">
      <subfield code="a">B12</subfield>
      <subfield code="b">B12</subfield>
      <subfield code="x">BCEKK430450</subfield>
    </datafield>
  </record>
  <record>
    <leader>00716nam  2200217 i 4500</leader>
    <controlfield tag="001">MOKKAS0001441567  </controlfield>
    <controlfield tag="005">20060113152400.0</controlfield>
    <controlfield tag="008">050903s2004    hu            00010 hun d</controlfield>
    <datafield tag="020" ind1=" " ind2=" ">
      <subfield code="a">963-9092-94-0 (fűzött) :</subfield>
      <subfield code="c">1625,- Ft</subfield>
    </datafield>
    <datafield tag="035" ind1=" " ind2=" ">
      <subfield code="a">bibVFK00261889</subfield>
    </datafield>
    <datafield tag="040" ind1=" " ind2=" ">
      <subfield code="a">VFMK</subfield>
    </datafield>
    <datafield tag="100" ind1="2" ind2=" ">
      <subfield code="a">Némethné Hock Ildikó</subfield>
    </datafield>
    <datafield tag="245" ind1="1" ind2="0">
      <subfield code="a">1000 questions, 1000 answers :</subfield>
      <subfield code="b">Angol társalgási gyakorlatok az "A" típusú nyelvvizsgákra /</subfield>
      <subfield code="c">Némethné Hock Ildikó</subfield>
    </datafield>
    <datafield tag="250" ind1=" " ind2=" ">
      <subfield code="a">jav. kiad.</subfield>
    </datafield>
    <datafield tag="260" ind1=" " ind2=" ">
      <subfield code="a">[Székesfehérvár] :</subfield>
      <subfield code="b">Lexika Tankönyvkiadó,</subfield>
      <subfield code="c">[2004]</subfield>
    </datafield>
    <datafield tag="300" ind1=" " ind2=" ">
      <subfield code="a">253, [3] p. ;</subfield>
      <subfield code="c">21 cm</subfield>
    </datafield>
    <datafield tag="650" ind1=" " ind2="4">
      <subfield code="a">Angol nyelv</subfield>
    </datafield>
    <datafield tag="650" ind1=" " ind2="4">
      <subfield code="a">Nyelvkönyvek</subfield>
    </datafield>
    <datafield tag="650" ind1=" " ind2="4">
      <subfield code="a">Nyelvvizsgák</subfield>
    </datafield>
    <datafield tag="650" ind1=" " ind2="4">
      <subfield code="a">"A" típus</subfield>
    </datafield>
    <datafield tag="852" ind1=" " ind2=" ">
      <subfield code="a">SZL1</subfield>
      <subfield code="b">SZL1</subfield>
      <subfield code="x">bibVFK00261889</subfield>
    </datafield>
  </record>
  <record>
    <leader>00728nam  2200217 i 4500</leader>
    <controlfield tag="001">MOKKAS0002087532  </controlfield>
    <controlfield tag="005">20060617083734.0</controlfield>
    <controlfield tag="008">051020s2005    hu            000 0 eng d</controlfield>
    <datafield tag="020" ind1=" " ind2=" ">
      <subfield code="a">963-9092-94-0 (fűzött)</subfield>
    </datafield>
    <datafield tag="035" ind1=" " ind2=" ">
      <subfield code="a">2581457</subfield>
    </datafield>
    <datafield tag="040" ind1=" " ind2=" ">
      <subfield code="a">OSZK</subfield>
    </datafield>
    <datafield tag="041" ind1="1" ind2=" ">
      <subfield code="a">enghuneng</subfield>
    </datafield>
    <datafield tag="100" ind1="2" ind2=" ">
      <subfield code="a">Némethné Hock Ildikó</subfield>
      <subfield code="d">(1957-)</subfield>
    </datafield>
    <datafield tag="245" ind1="1" ind2="0">
      <subfield code="a">1000 questions 1000 answers : </subfield>
      <subfield code="b">angol társalgási gyakorlatok az "A" típusú nyelvvizsgákra /</subfield>
      <subfield code="c">Némethné Hock Ildikó.</subfield>
    </datafield>
    <datafield tag="250" ind1=" " ind2=" ">
      <subfield code="a">Jav. kiad.</subfield>
    </datafield>
    <datafield tag="260" ind1=" " ind2=" ">
      <subfield code="a">Székesfehérvár :</subfield>
      <subfield code="b">Lexika,</subfield>
      <subfield code="c">[2005]</subfield>
    </datafield>
    <datafield tag="300" ind1=" " ind2=" ">
      <subfield code="a">253, [3] p. ;</subfield>
      <subfield code="c">21 cm</subfield>
    </datafield>
    <datafield tag="500" ind1=" " ind2=" ">
      <subfield code="a">Párhuzamos cím a gerincen: 1000 kérdés 1000 felelet</subfield>
    </datafield>
    <datafield tag="650" ind1="1" ind2="7">
      <subfield code="a">angol nyelv</subfield>
      <subfield code="2">oszk</subfield>
    </datafield>
    <datafield tag="650" ind1="1" ind2="7">
      <subfield code="a">nyelvvizsga</subfield>
      <subfield code="2">oszk</subfield>
    </datafield>
    <datafield tag="852" ind1=" " ind2=" ">
      <subfield code="a">B1</subfield>
      <subfield code="b">B1</subfield>
      <subfield code="x">2581457</subfield>
    </datafield>
  </record>
  <record>
    <leader>01098nam  2200265 i 4500</leader>
    <controlfield tag="001">MOKKAW0006029056  </controlfield>
    <controlfield tag="005">20080813130038.0</controlfield>
    <controlfield tag="008">080806s2007    hu            000 0 eng d</controlfield>
    <datafield tag="020" ind1=" " ind2=" ">
      <subfield code="a">978-963-9357-53-2 (fűzött) :</subfield>
    </datafield>
    <datafield tag="035" ind1=" " ind2=" ">
      <subfield code="a">bibDEK00696677</subfield>
    </datafield>
    <datafield tag="040" ind1=" " ind2=" ">
      <subfield code="a">DEENK</subfield>
    </datafield>
    <datafield tag="041" ind1="0" ind2=" ">
      <subfield code="a">enghun</subfield>
    </datafield>
    <datafield tag="100" ind1="2" ind2=" ">
      <subfield code="a">Némethné Hock Ildikó</subfield>
      <subfield code="d">(1957-)</subfield>
    </datafield>
    <datafield tag="245" ind1="1" ind2="0">
      <subfield code="a">1000 questions, 1000 answers :</subfield>
      <subfield code="b">társalgási gyakorlatok felsőfokú nyelvvizsgákra és emelt szintű szóbeli érettségire /</subfield>
      <subfield code="c">Némethné Hock Ildikó, Kész Zoltán</subfield>
    </datafield>
    <datafield tag="246" ind1="1" ind2="8">
      <subfield code="a">1000 kérdés, 1000 felelet :</subfield>
      <subfield code="b">angol felsőfokú nyelvvizsgákra és emelt szintű érettségire</subfield>
    </datafield>
    <datafield tag="250" ind1=" " ind2=" ">
      <subfield code="a">2. bőv. kiad.</subfield>
    </datafield>
    <datafield tag="260" ind1=" " ind2=" ">
      <subfield code="a">Székesfehérvár :</subfield>
      <subfield code="b">Lexika,</subfield>
      <subfield code="c">2005 [!2007]</subfield>
    </datafield>
    <datafield tag="300" ind1=" " ind2=" ">
      <subfield code="a">272 p. ;</subfield>
      <subfield code="c">20 cm</subfield>
    </datafield>
    <datafield tag="650" ind1=" " ind2="4">
      <subfield code="a">Angol nyelv</subfield>
      <subfield code="x">társalgás és kifejezésgyűjtemények</subfield>
    </datafield>
    <datafield tag="650" ind1=" " ind2="4">
      <subfield code="a">Angol nyelv</subfield>
      <subfield code="x">vizsgák, kérdések stb.</subfield>
    </datafield>
    <datafield tag="650" ind1=" " ind2="0">
      <subfield code="a">English language</subfield>
      <subfield code="x">Conversation and phrase books.</subfield>
    </datafield>
    <datafield tag="650" ind1=" " ind2="0">
      <subfield code="a">English language</subfield>
      <subfield code="x">Examinations, questions, etc.</subfield>
    </datafield>
    <datafield tag="700" ind1="1" ind2=" ">
      <subfield code="a">Kész Zoltán</subfield>
    </datafield>
    <datafield tag="852" ind1=" " ind2=" ">
      <subfield code="a">D1</subfield>
      <subfield code="b">D1/NY</subfield>
      <subfield code="x">bibDEK00696677</subfield>
    </datafield>
    <datafield tag="852" ind1=" " ind2=" ">
      <subfield code="a">D1</subfield>
      <subfield code="b">D1/NY</subfield>
      <subfield code="x">bibDEK00614016</subfield>
    </datafield>
  </record>
  <record>
    <leader>01580nam  2200385   4500</leader>
    <controlfield tag="001">MOKKAN0004347439  </controlfield>
    <controlfield tag="005">20070412231852.0</controlfield>
    <controlfield tag="008">      s2006                        eng d</controlfield>
    <datafield tag="020" ind1=" " ind2=" ">
      <subfield code="a">(fűzött)</subfield>
      <subfield code="z">963-9092-94-0 :</subfield>
    </datafield>
    <datafield tag="035" ind1=" " ind2=" ">
      <subfield code="a">bibFSZ01348004</subfield>
    </datafield>
    <datafield tag="040" ind1=" " ind2=" ">
      <subfield code="a">FSZEK</subfield>
    </datafield>
    <datafield tag="041" ind1=" " ind2=" ">
      <subfield code="a">enghun</subfield>
    </datafield>
    <datafield tag="100" ind1="2" ind2=" ">
      <subfield code="a">Némethné Hock Ildikó</subfield>
    </datafield>
    <datafield tag="245" ind1="1" ind2="0">
      <subfield code="a">1000 questions, 1000 answers :</subfield>
      <subfield code="b">angol társalgási gyakorlatok az "A" típusú nyelvvizsgákra : [fonetikus jelekkel] /</subfield>
      <subfield code="c">Némethné Hock Ildikó</subfield>
    </datafield>
    <datafield tag="246" ind1=" " ind2="8">
      <subfield code="a">1000 kérdés 1000 felelet : angol társalgási gyakorlatok</subfield>
    </datafield>
    <datafield tag="250" ind1=" " ind2=" ">
      <subfield code="a">Jav. kiad.</subfield>
    </datafield>
    <datafield tag="260" ind1=" " ind2=" ">
      <subfield code="a">Székesfehérvár :</subfield>
      <subfield code="b">Lexika,</subfield>
      <subfield code="c">[2006]</subfield>
    </datafield>
    <datafield tag="300" ind1=" " ind2=" ">
      <subfield code="a">253, [3] p. ;</subfield>
      <subfield code="c">20 cm</subfield>
    </datafield>
    <datafield tag="650" ind1=" " ind2="4">
      <subfield code="a">Angol nyelv</subfield>
      <subfield code="x">tankönyvek idegen ajkúaknak</subfield>
    </datafield>
    <datafield tag="650" ind1=" " ind2="4">
      <subfield code="a">Angol nyelv</subfield>
      <subfield code="x">társalgás és kifejezésgyűjtemények</subfield>
    </datafield>
    <datafield tag="650" ind1=" " ind2="4">
      <subfield code="a">Angol nyelv</subfield>
      <subfield code="x">vizsgák, kérdések stb.</subfield>
    </datafield>
    <datafield tag="650" ind1=" " ind2="4">
      <subfield code="a">Angol nyelv</subfield>
      <subfield code="x">szójegyzékek, szótárak stb.</subfield>
    </datafield>
    <datafield tag="650" ind1=" " ind2="0">
      <subfield code="a">English language</subfield>
      <subfield code="x">Textbooks for foreign speakers.</subfield>
    </datafield>
    <datafield tag="650" ind1=" " ind2="0">
      <subfield code="a">English language</subfield>
      <subfield code="x">Conversation and phrase books</subfield>
    </datafield>
    <datafield tag="650" ind1=" " ind2="0">
      <subfield code="a">English language</subfield>
      <subfield code="x">Examinations, questions, etc.</subfield>
    </datafield>
    <datafield tag="650" ind1=" " ind2="0">
      <subfield code="a">English language</subfield>
      <subfield code="x">Glossaries, vocabularies, etc.</subfield>
    </datafield>
    <datafield tag="650" ind1=" " ind2="4">
      <subfield code="a">Irritábilis vastagbél</subfield>
      <subfield code="x">megelőzés</subfield>
    </datafield>
    <datafield tag="650" ind1=" " ind2="4">
      <subfield code="a">Irritábilis vastgbél</subfield>
      <subfield code="x">kezelés</subfield>
    </datafield>
    <datafield tag="650" ind1=" " ind2="0">
      <subfield code="a">Irritable colon</subfield>
      <subfield code="x">Prevention.</subfield>
    </datafield>
    <datafield tag="650" ind1=" " ind2="0">
      <subfield code="a">Irritable colon</subfield>
      <subfield code="x">Treatment.</subfield>
    </datafield>
    <datafield tag="650" ind1=" " ind2="2">
      <subfield code="a">Colorectal Neoplasms</subfield>
      <subfield code="x">prevention and control</subfield>
    </datafield>
    <datafield tag="650" ind1=" " ind2="2">
      <subfield code="a">Colorectal Neoplasms</subfield>
      <subfield code="x">therapy</subfield>
    </datafield>
    <datafield tag="852" ind1=" " ind2=" ">
      <subfield code="a">B10</subfield>
      <subfield code="b">B10</subfield>
      <subfield code="x">bibFSZ01348004</subfield>
    </datafield>
    <datafield tag="852" ind1=" " ind2=" ">
      <subfield code="a">D1</subfield>
      <subfield code="b">D1/NY</subfield>
      <subfield code="x">MOKKAN0004349784</subfield>
    </datafield>
    <datafield tag="852" ind1=" " ind2=" ">
      <subfield code="a">D1</subfield>
      <subfield code="b">D2/PO</subfield>
      <subfield code="x">bibJAT582277</subfield>
    </datafield>
  </record>
  <record>
    <leader>02837nam  2200805 i 4500</leader>
    <controlfield tag="001">MOKKAS0002089251  </controlfield>
    <controlfield tag="005">20101112133043.0</controlfield>
    <controlfield tag="008">081020s2008    hu       b    00000 eng d</controlfield>
    <datafield tag="020" ind1=" " ind2=" ">
      <subfield code="a">978-963-9357-54-9 (fűzött)</subfield>
    </datafield>
    <datafield tag="035" ind1=" " ind2=" ">
      <subfield code="a">2778741</subfield>
    </datafield>
    <datafield tag="040" ind1=" " ind2=" ">
      <subfield code="a">OSZK</subfield>
      <subfield code="d">OSZK</subfield>
    </datafield>
    <datafield tag="041" ind1="1" ind2=" ">
      <subfield code="a">enghunenghun</subfield>
    </datafield>
    <datafield tag="080" ind1=" " ind2=" ">
      <subfield code="a">641</subfield>
    </datafield>
    <datafield tag="080" ind1=" " ind2=" ">
      <subfield code="a">338.48</subfield>
    </datafield>
    <datafield tag="080" ind1=" " ind2=" ">
      <subfield code="a">802.0(079.1)=945.11</subfield>
    </datafield>
    <datafield tag="080" ind1=" " ind2=" ">
      <subfield code="a">802</subfield>
    </datafield>
    <datafield tag="080" ind1=" " ind2=" ">
      <subfield code="a">338</subfield>
    </datafield>
    <datafield tag="080" ind1=" " ind2="0">
      <subfield code="a">641.5</subfield>
    </datafield>
    <datafield tag="080" ind1=" " ind2=" ">
      <subfield code="a">802.0-07(079.1)=945.11:</subfield>
    </datafield>
    <datafield tag="100" ind1="1" ind2=" ">
      <subfield code="a">Szőke Andrea</subfield>
    </datafield>
    <datafield tag="245" ind1="1" ind2="0">
      <subfield code="a">1000 questions, 1000 answers : </subfield>
      <subfield code="b">gastronomy - tourism : társalgási gyakorlatok a gasztronómiai és turisztikai nyelvvizsgákra /</subfield>
      <subfield code="c">Szőke Andrea, Viczena Andrea</subfield>
    </datafield>
    <datafield tag="246" ind1="1" ind2="8">
      <subfield code="a">1000 kérdés, 1000 felelet angol gasztronómiai és turisztikai nyelvvizsgákra</subfield>
    </datafield>
    <datafield tag="260" ind1=" " ind2=" ">
      <subfield code="a">Székesfehérvár :</subfield>
      <subfield code="b">Lexika,</subfield>
      <subfield code="c">2005 [!2008]</subfield>
    </datafield>
    <datafield tag="300" ind1=" " ind2=" ">
      <subfield code="a">448 p. ;</subfield>
      <subfield code="c">20 cm</subfield>
    </datafield>
    <datafield tag="504" ind1=" " ind2=" ">
      <subfield code="a">Bibliogr.: p. 447-448.</subfield>
    </datafield>
    <datafield tag="650" ind1="1" ind2="7">
      <subfield code="a">angol nyelv</subfield>
      <subfield code="2">oszk</subfield>
    </datafield>
    <datafield tag="650" ind1="1" ind2="7">
      <subfield code="a">gasztronómia</subfield>
      <subfield code="2">oszk</subfield>
    </datafield>
    <datafield tag="650" ind1="1" ind2="7">
      <subfield code="a">idegenforgalom</subfield>
      <subfield code="2">oszk</subfield>
    </datafield>
    <datafield tag="650" ind1="1" ind2="7">
      <subfield code="a">szaknyelv</subfield>
      <subfield code="2">oszk</subfield>
    </datafield>
    <datafield tag="650" ind1=" " ind2="7">
      <subfield code="a">nyelvvizsga</subfield>
      <subfield code="2">oszk</subfield>
    </datafield>
    <datafield tag="650" ind1=" " ind2="7">
      <subfield code="a">Vendéglátás</subfield>
      <subfield code="x">szaknyelv</subfield>
      <subfield code="x">angol</subfield>
      <subfield code="2">szte</subfield>
    </datafield>
    <datafield tag="650" ind1=" " ind2="7">
      <subfield code="a">Idegenforgalom</subfield>
      <subfield code="x">szaknyelv</subfield>
      <subfield code="x">angol</subfield>
      <subfield code="2">szte</subfield>
    </datafield>
    <datafield tag="650" ind1=" " ind2="7">
      <subfield code="a">Angol nyelvkönyv</subfield>
      <subfield code="x">társalgási gyakorlatok</subfield>
      <subfield code="2">szte</subfield>
    </datafield>
    <datafield tag="650" ind1=" " ind2="7">
      <subfield code="a">Nyelvvizsga</subfield>
      <subfield code="x">angol</subfield>
      <subfield code="x">társalgási gyakorlatok</subfield>
      <subfield code="2">szte</subfield>
    </datafield>
    <datafield tag="650" ind1=" " ind2="7">
      <subfield code="a">Gasztronómia</subfield>
      <subfield code="x">szaknyelv</subfield>
      <subfield code="x">angol</subfield>
      <subfield code="2">szte</subfield>
    </datafield>
    <datafield tag="650" ind1=" " ind2="4">
      <subfield code="a">angol nyelv</subfield>
    </datafield>
    <datafield tag="650" ind1=" " ind2="4">
      <subfield code="a">nyelvkönyv</subfield>
    </datafield>
    <datafield tag="650" ind1=" " ind2="4">
      <subfield code="a">idegenforgalom</subfield>
    </datafield>
    <datafield tag="650" ind1=" " ind2="4">
      <subfield code="a">vendéglátóipar</subfield>
    </datafield>
    <datafield tag="650" ind1=" " ind2="4">
      <subfield code="a">gasztronómia</subfield>
    </datafield>
    <datafield tag="650" ind1=" " ind2="4">
      <subfield code="a">szaknyelv</subfield>
    </datafield>
    <datafield tag="650" ind1=" " ind2="4">
      <subfield code="a">Angol nyelv</subfield>
      <subfield code="x">vizsgák, kérdések stb.</subfield>
    </datafield>
    <datafield tag="650" ind1=" " ind2="4">
      <subfield code="a">Angol nyelv</subfield>
      <subfield code="x">társalgás és kifejezésgyűjtemények (éttermi és szállodai személyzet számára)</subfield>
    </datafield>
    <datafield tag="650" ind1=" " ind2="0">
      <subfield code="a">English language</subfield>
      <subfield code="x">Examinations, questions, etc.</subfield>
    </datafield>
    <datafield tag="650" ind1=" " ind2="0">
      <subfield code="a">English language</subfield>
      <subfield code="x">Conversation and phrase books (for restaurant and hotel personnel).</subfield>
    </datafield>
    <datafield tag="650" ind1=" " ind2="7">
      <subfield code="a">Vendéglátás</subfield>
      <subfield code="x">szaknyelv</subfield>
      <subfield code="x">angol</subfield>
    </datafield>
    <datafield tag="650" ind1=" " ind2="7">
      <subfield code="a">Idegenforgalom</subfield>
      <subfield code="x">szaknyelv</subfield>
      <subfield code="x">angol</subfield>
    </datafield>
    <datafield tag="653" ind1=" " ind2=" ">
      <subfield code="a">angol nyelv</subfield>
    </datafield>
    <datafield tag="653" ind1=" " ind2=" ">
      <subfield code="a">gasztronómia</subfield>
    </datafield>
    <datafield tag="653" ind1=" " ind2=" ">
      <subfield code="a">idegenforgalom</subfield>
    </datafield>
    <datafield tag="653" ind1=" " ind2=" ">
      <subfield code="a">nyelvkönyv</subfield>
    </datafield>
    <datafield tag="653" ind1=" " ind2=" ">
      <subfield code="a">példatár</subfield>
    </datafield>
    <datafield tag="695" ind1=" " ind2=" ">
      <subfield code="a">Angol nyelvkönyv, turisztikai</subfield>
    </datafield>
    <datafield tag="695" ind1=" " ind2=" ">
      <subfield code="a">Angol nyelvkönyv, gasztronómiai</subfield>
    </datafield>
    <datafield tag="695" ind1=" " ind2=" ">
      <subfield code="a">Nyelvvizsga anyag, angol</subfield>
    </datafield>
    <datafield tag="700" ind1="1" ind2="0">
      <subfield code="a">Viczena Andrea</subfield>
    </datafield>
    <datafield tag="852" ind1=" " ind2=" ">
      <subfield code="a">B1</subfield>
      <subfield code="b">B1</subfield>
      <subfield code="x">2589267</subfield>
    </datafield>
    <datafield tag="852" ind1=" " ind2=" ">
      <subfield code="a">GY1</subfield>
      <subfield code="b">GY1</subfield>
      <subfield code="x">1499534</subfield>
    </datafield>
    <datafield tag="852" ind1=" " ind2=" ">
      <subfield code="a">B10</subfield>
      <subfield code="b">B10</subfield>
      <subfield code="x">bibFSZ01347807</subfield>
    </datafield>
    <datafield tag="852" ind1=" " ind2=" ">
      <subfield code="a">SZ1</subfield>
      <subfield code="b">SZ1/B3</subfield>
      <subfield code="b">SZ1/17</subfield>
      <subfield code="x">bibJAT00669712</subfield>
    </datafield>
    <datafield tag="852" ind1=" " ind2=" ">
      <subfield code="a">SZ4</subfield>
      <subfield code="b">SZ4</subfield>
      <subfield code="x">bibSOK361689</subfield>
    </datafield>
    <datafield tag="852" ind1=" " ind2=" ">
      <subfield code="a">GY1</subfield>
      <subfield code="b">GY1</subfield>
      <subfield code="x">KKMK1499534</subfield>
    </datafield>
    <datafield tag="852" ind1=" " ind2=" ">
      <subfield code="a">SZO1</subfield>
      <subfield code="b">SZO1</subfield>
      <subfield code="x">150506161</subfield>
    </datafield>
    <datafield tag="852" ind1=" " ind2=" ">
      <subfield code="a">B1</subfield>
      <subfield code="b">B1</subfield>
      <subfield code="x">2648932</subfield>
    </datafield>
    <datafield tag="852" ind1=" " ind2=" ">
      <subfield code="a">D1</subfield>
      <subfield code="b">D1/NY</subfield>
      <subfield code="x">bibSOK361689</subfield>
    </datafield>
    <datafield tag="852" ind1=" " ind2=" ">
      <subfield code="a">B11</subfield>
      <subfield code="b">B11</subfield>
      <subfield code="x">BMEOMIKK000470720</subfield>
    </datafield>
    <datafield tag="852" ind1=" " ind2=" ">
      <subfield code="a">D1</subfield>
      <subfield code="b">D1/NY</subfield>
      <subfield code="x">bibDEK00696679</subfield>
    </datafield>
    <datafield tag="852" ind1=" " ind2=" ">
      <subfield code="a">B10</subfield>
      <subfield code="b">2101</subfield>
      <subfield code="x">bibFSZ01458170</subfield>
    </datafield>
    <datafield tag="852" ind1=" " ind2=" ">
      <subfield code="a">P1</subfield>
      <subfield code="b">P1/2S</subfield>
      <subfield code="b">P1/2T</subfield>
      <subfield code="b">P1/FK</subfield>
      <subfield code="x">bibSOK361689</subfield>
    </datafield>
    <datafield tag="852" ind1=" " ind2=" ">
      <subfield code="a">B9</subfield>
      <subfield code="b">B9</subfield>
      <subfield code="x">939945</subfield>
    </datafield>
  </record>
  <record>
    <leader>04378nam  2201153 i 4500</leader>
    <controlfield tag="001">MOKKAZ0006472193  </controlfield>
    <controlfield tag="005">20101105072119.0</controlfield>
    <controlfield tag="008">080507s2007    hu       b    000 0 eng d</controlfield>
    <datafield tag="020" ind1=" " ind2=" ">
      <subfield code="a">978-963-9357-27-3 (fűzött)</subfield>
    </datafield>
    <datafield tag="020" ind1=" " ind2=" ">
      <subfield code="a">963-9357-27-8 (fűzött) :</subfield>
      <subfield code="c">1512,-Ft</subfield>
    </datafield>
    <datafield tag="035" ind1=" " ind2=" ">
      <subfield code="a">2741526</subfield>
    </datafield>
    <datafield tag="040" ind1=" " ind2=" ">
      <subfield code="a">OSZK</subfield>
      <subfield code="d">OSZK</subfield>
    </datafield>
    <datafield tag="041" ind1="1" ind2=" ">
      <subfield code="a">enghun</subfield>
    </datafield>
    <datafield tag="080" ind1=" " ind2=" ">
      <subfield code="a">802.0(079.1)=945.11</subfield>
    </datafield>
    <datafield tag="080" ind1=" " ind2=" ">
      <subfield code="a">65</subfield>
    </datafield>
    <datafield tag="080" ind1=" " ind2=" ">
      <subfield code="a">802.0(079.1)</subfield>
    </datafield>
    <datafield tag="080" ind1=" " ind2=" ">
      <subfield code="a">65(078)=20</subfield>
    </datafield>
    <datafield tag="080" ind1=" " ind2=" ">
      <subfield code="a">33(078)=20</subfield>
    </datafield>
    <datafield tag="080" ind1=" " ind2=" ">
      <subfield code="a">802.0-07(076)</subfield>
    </datafield>
    <datafield tag="080" ind1=" " ind2="0">
      <subfield code="a">658</subfield>
    </datafield>
    <datafield tag="100" ind1="1" ind2=" ">
      <subfield code="a">Viczena Andrea</subfield>
    </datafield>
    <datafield tag="245" ind1="1" ind2="0">
      <subfield code="a">1000 questions, 1000 answers : </subfield>
      <subfield code="b">business English : [társalgási gyakolatok a középfokú üzleti angol nyelvvizsgákra] /</subfield>
      <subfield code="c">Viczena Andrea, Szőke Andrea, Molnár Judit.</subfield>
    </datafield>
    <datafield tag="260" ind1=" " ind2=" ">
      <subfield code="a">Székesfehérvár :</subfield>
      <subfield code="b">Lexika,</subfield>
      <subfield code="c">2003 [!2007]</subfield>
    </datafield>
    <datafield tag="300" ind1=" " ind2=" ">
      <subfield code="a">256 p. ;</subfield>
      <subfield code="c">20 cm</subfield>
    </datafield>
    <datafield tag="504" ind1=" " ind2=" ">
      <subfield code="a">Bibliogr.: p. 256.</subfield>
    </datafield>
    <datafield tag="650" ind1="1" ind2="7">
      <subfield code="a">angol nyelv</subfield>
      <subfield code="2">oszk</subfield>
    </datafield>
    <datafield tag="650" ind1="1" ind2="7">
      <subfield code="a">üzleti élet</subfield>
      <subfield code="2">oszk</subfield>
    </datafield>
    <datafield tag="650" ind1=" " ind2="7">
      <subfield code="a">nyelvvizsga</subfield>
      <subfield code="2">oszk</subfield>
    </datafield>
    <datafield tag="650" ind1=" " ind2="4">
      <subfield code="a">angol nyelvkönyv</subfield>
    </datafield>
    <datafield tag="650" ind1=" " ind2="4">
      <subfield code="a">angol üzleti nyelvkönyv</subfield>
    </datafield>
    <datafield tag="650" ind1=" " ind2="4">
      <subfield code="a">angol nyelv</subfield>
    </datafield>
    <datafield tag="650" ind1=" " ind2="7">
      <subfield code="a">Üzleti nyelv</subfield>
      <subfield code="x">angol</subfield>
      <subfield code="2">szte</subfield>
    </datafield>
    <datafield tag="650" ind1=" " ind2="7">
      <subfield code="a">Angol nyelvkönyv</subfield>
      <subfield code="x">társalgási gyakorlatok</subfield>
      <subfield code="2">szte</subfield>
    </datafield>
    <datafield tag="650" ind1=" " ind2="7">
      <subfield code="a">Nyelvvizsga</subfield>
      <subfield code="x">angol</subfield>
      <subfield code="x">középfokú</subfield>
      <subfield code="x">gyakorlatok</subfield>
      <subfield code="2">szte</subfield>
    </datafield>
    <datafield tag="650" ind1=" " ind2="4">
      <subfield code="a">angol nyelv - nyelvkönyvek</subfield>
    </datafield>
    <datafield tag="650" ind1=" " ind2="4">
      <subfield code="a">üzleti élet - angol nyelv - nyelvkönyvek</subfield>
    </datafield>
    <datafield tag="650" ind1=" " ind2="4">
      <subfield code="a">angol nyelv - üzleti élet - nyelvkönyvek</subfield>
    </datafield>
    <datafield tag="650" ind1=" " ind2="4">
      <subfield code="a">nyelvvizsga - angol nyelv</subfield>
    </datafield>
    <datafield tag="650" ind1=" " ind2="4">
      <subfield code="a">angol nyelv - nyelvvizsga</subfield>
    </datafield>
    <datafield tag="650" ind1=" " ind2="4">
      <subfield code="a">English language</subfield>
    </datafield>
    <datafield tag="650" ind1=" " ind2="4">
      <subfield code="a">Nyelvkönyv, angol</subfield>
    </datafield>
    <datafield tag="650" ind1=" " ind2="4">
      <subfield code="a">Nyelvkönyvek, szakmai</subfield>
    </datafield>
    <datafield tag="650" ind1=" " ind2="4">
      <subfield code="a">Üzleti nyelv</subfield>
    </datafield>
    <datafield tag="650" ind1=" " ind2="4">
      <subfield code="a">Szakmai nyelv</subfield>
    </datafield>
    <datafield tag="650" ind1=" " ind2="4">
      <subfield code="a">Üzleti kommunikáció</subfield>
    </datafield>
    <datafield tag="650" ind1=" " ind2="4">
      <subfield code="a">Business communication</subfield>
    </datafield>
    <datafield tag="650" ind1=" " ind2="4">
      <subfield code="a">Angol nyelv</subfield>
      <subfield code="x">társalgás és kifejezésgyűjtemények</subfield>
    </datafield>
    <datafield tag="650" ind1=" " ind2="4">
      <subfield code="a">Angol nyelv</subfield>
      <subfield code="x">üzleti angol</subfield>
      <subfield code="x">vizsgák, kérdések stb.</subfield>
    </datafield>
    <datafield tag="650" ind1=" " ind2="4">
      <subfield code="a">Angol nyelv</subfield>
      <subfield code="x">üzleti angol</subfield>
      <subfield code="x">szójegyzékek, szótárak stb.</subfield>
    </datafield>
    <datafield tag="650" ind1=" " ind2="0">
      <subfield code="a">English language</subfield>
      <subfield code="x">Conversation and phrase books</subfield>
    </datafield>
    <datafield tag="650" ind1=" " ind2="0">
      <subfield code="a">English language</subfield>
      <subfield code="x">Business English</subfield>
      <subfield code="x">Examinations, questions, etc.</subfield>
    </datafield>
    <datafield tag="650" ind1=" " ind2="0">
      <subfield code="a">English language</subfield>
      <subfield code="x">Business English</subfield>
      <subfield code="x">Glossaries, vocabularies, etc.</subfield>
    </datafield>
    <datafield tag="650" ind1=" " ind2="7">
      <subfield code="a">Angol nyelvkönyv</subfield>
      <subfield code="x">középfokú</subfield>
      <subfield code="x">gyakorlatok</subfield>
      <subfield code="2">szte</subfield>
    </datafield>
    <datafield tag="650" ind1=" " ind2="7">
      <subfield code="a">Angol nyelvkönyv</subfield>
      <subfield code="x">társalgási gyakorlatok</subfield>
      <subfield code="x">üzleti nyelv</subfield>
      <subfield code="2">szte</subfield>
    </datafield>
    <datafield tag="650" ind1=" " ind2="7">
      <subfield code="a">Üzleti nyelv</subfield>
      <subfield code="x">angol</subfield>
      <subfield code="x">gyakorlatok</subfield>
      <subfield code="2">szte</subfield>
    </datafield>
    <datafield tag="650" ind1=" " ind2="0">
      <subfield code="a">English language</subfield>
      <subfield code="x">Conversation and phrase books.</subfield>
    </datafield>
    <datafield tag="650" ind1="0" ind2="4">
      <subfield code="a">üzleti nyelv</subfield>
      <subfield code="z">angol</subfield>
    </datafield>
    <datafield tag="650" ind1="0" ind2="4">
      <subfield code="a">angol nyelvkönyv</subfield>
      <subfield code="x">kereskedelem</subfield>
    </datafield>
    <datafield tag="650" ind1=" " ind2="4">
      <subfield code="a">Angol nyelv</subfield>
      <subfield code="x">üzleti angol</subfield>
      <subfield code="x">tankönyvek idegen ajkúaknak</subfield>
    </datafield>
    <datafield tag="650" ind1=" " ind2="0">
      <subfield code="a">English language</subfield>
      <subfield code="x">Business English</subfield>
      <subfield code="x">Textbooks for foreign speakers.</subfield>
    </datafield>
    <datafield tag="650" ind1=" " ind2="4">
      <subfield code="a">gazdaság</subfield>
    </datafield>
    <datafield tag="650" ind1=" " ind2="4">
      <subfield code="a">nyelvvizsga</subfield>
    </datafield>
    <datafield tag="650" ind1=" " ind2="4">
      <subfield code="a">példatár</subfield>
    </datafield>
    <datafield tag="650" ind1=" " ind2="4">
      <subfield code="a">szaknyelv</subfield>
    </datafield>
    <datafield tag="650" ind1=" " ind2="4">
      <subfield code="a">vizsgaelőkészítő</subfield>
    </datafield>
    <datafield tag="650" ind1=" " ind2="4">
      <subfield code="a">üzleti élet</subfield>
    </datafield>
    <datafield tag="650" ind1=" " ind2="7">
      <subfield code="a">angol nyelv</subfield>
      <subfield code="2">opkm</subfield>
    </datafield>
    <datafield tag="650" ind1=" " ind2="7">
      <subfield code="a">nyelvkönyv</subfield>
      <subfield code="2">opkm</subfield>
    </datafield>
    <datafield tag="650" ind1=" " ind2="7">
      <subfield code="a">Angol nyelvkönyv</subfield>
      <subfield code="x">társalgási gyakorlatok</subfield>
      <subfield code="x">üzleti nyelv</subfield>
    </datafield>
    <datafield tag="650" ind1=" " ind2="7">
      <subfield code="a">Üzleti nyelv</subfield>
      <subfield code="x">angol</subfield>
      <subfield code="x">gyakorlatok</subfield>
    </datafield>
    <datafield tag="650" ind1=" " ind2="0">
      <subfield code="a">English language</subfield>
      <subfield code="x">Examinations, questions, etc.</subfield>
    </datafield>
    <datafield tag="653" ind1=" " ind2=" ">
      <subfield code="a">angol nyelv</subfield>
    </datafield>
    <datafield tag="653" ind1=" " ind2=" ">
      <subfield code="a">nyelvkönyv</subfield>
    </datafield>
    <datafield tag="653" ind1=" " ind2=" ">
      <subfield code="a">üzleti kommunikáció</subfield>
    </datafield>
    <datafield tag="695" ind1=" " ind2=" ">
      <subfield code="a">Nyelvvizsga anyag, angol</subfield>
    </datafield>
    <datafield tag="695" ind1=" " ind2=" ">
      <subfield code="a">Angol nyelvkönyv, feladatok</subfield>
    </datafield>
    <datafield tag="695" ind1=" " ind2=" ">
      <subfield code="a">Angol nyelv</subfield>
      <subfield code="x">társalgás és kifejezésgyűjtemények</subfield>
    </datafield>
    <datafield tag="695" ind1=" " ind2=" ">
      <subfield code="a">Angol nyelv</subfield>
      <subfield code="x">üzleti angol</subfield>
      <subfield code="x">vizsgák, kérdések stb.</subfield>
    </datafield>
    <datafield tag="695" ind1=" " ind2=" ">
      <subfield code="a">Angol nyelv</subfield>
      <subfield code="x">üzleti angol</subfield>
      <subfield code="x">szójegyzékek, szótárak stb.</subfield>
    </datafield>
    <datafield tag="695" ind1=" " ind2=" ">
      <subfield code="a">English language</subfield>
      <subfield code="x">Business English</subfield>
      <subfield code="x">Examinations, questions, etc.</subfield>
    </datafield>
    <datafield tag="695" ind1=" " ind2=" ">
      <subfield code="a">English language</subfield>
      <subfield code="x">Business English</subfield>
      <subfield code="x">Glossaries, vocabularies, etc.</subfield>
    </datafield>
    <datafield tag="695" ind1=" " ind2=" ">
      <subfield code="a">Angol nyelv</subfield>
      <subfield code="x">vizsgák, kérdések stb.</subfield>
    </datafield>
    <datafield tag="700" ind1="1" ind2="0">
      <subfield code="a">Szőke Andrea</subfield>
    </datafield>
    <datafield tag="700" ind1="1" ind2="0">
      <subfield code="a">Molnár Judit</subfield>
    </datafield>
    <datafield tag="852" ind1=" " ind2=" ">
      <subfield code="a">B1</subfield>
      <subfield code="b">B1</subfield>
      <subfield code="x">1062043</subfield>
    </datafield>
    <datafield tag="852" ind1=" " ind2=" ">
      <subfield code="a">GY1</subfield>
      <subfield code="b">GY1</subfield>
      <subfield code="x">658210</subfield>
    </datafield>
    <datafield tag="852" ind1=" " ind2=" ">
      <subfield code="a">B10</subfield>
      <subfield code="b">0801</subfield>
      <subfield code="x">bibFSZ953928</subfield>
    </datafield>
    <datafield tag="852" ind1=" " ind2=" ">
      <subfield code="a">B11</subfield>
      <subfield code="b">B11</subfield>
      <subfield code="x">BMEOMIKK000452932</subfield>
    </datafield>
    <datafield tag="852" ind1=" " ind2=" ">
      <subfield code="a">B1</subfield>
      <subfield code="b">B1</subfield>
      <subfield code="x">2514982</subfield>
    </datafield>
    <datafield tag="852" ind1=" " ind2=" ">
      <subfield code="a">SZ4</subfield>
      <subfield code="b">SZ4</subfield>
      <subfield code="x">bibFSZ953928</subfield>
    </datafield>
    <datafield tag="852" ind1=" " ind2=" ">
      <subfield code="a">BCS1</subfield>
      <subfield code="b">BCS1</subfield>
      <subfield code="x">bibBMK00016972</subfield>
    </datafield>
    <datafield tag="852" ind1=" " ind2=" ">
      <subfield code="a">SZL1</subfield>
      <subfield code="b">SZL1</subfield>
      <subfield code="x">bibVFK00249673</subfield>
    </datafield>
    <datafield tag="852" ind1=" " ind2=" ">
      <subfield code="a">SZ1</subfield>
      <subfield code="b">SZ1/B3</subfield>
      <subfield code="b">SZ1/17</subfield>
      <subfield code="x">bibKLT00342080</subfield>
    </datafield>
    <datafield tag="852" ind1=" " ind2=" ">
      <subfield code="a">M1</subfield>
      <subfield code="b">M1</subfield>
      <subfield code="x">192314</subfield>
    </datafield>
    <datafield tag="852" ind1=" " ind2=" ">
      <subfield code="a">D1</subfield>
      <subfield code="B">D1/NY</subfield>
      <subfield code="b">D1/TP</subfield>
      <subfield code="x">000002608308</subfield>
    </datafield>
    <datafield tag="852" ind1=" " ind2=" ">
      <subfield code="a">SZO1</subfield>
      <subfield code="b">SZO1</subfield>
      <subfield code="x">150593418</subfield>
    </datafield>
    <datafield tag="852" ind1=" " ind2=" ">
      <subfield code="a">B7</subfield>
      <subfield code="b">B7</subfield>
      <subfield code="x">223746</subfield>
    </datafield>
    <datafield tag="852" ind1=" " ind2=" ">
      <subfield code="a">P1</subfield>
      <subfield code="b">P1/FK</subfield>
      <subfield code="b">P1/2S</subfield>
      <subfield code="b">P1/2T</subfield>
      <subfield code="x">bibKLT00342080</subfield>
    </datafield>
    <datafield tag="852" ind1=" " ind2=" ">
      <subfield code="a">B9</subfield>
      <subfield code="b">B9</subfield>
      <subfield code="x">21146</subfield>
    </datafield>
  </record>
  <record>
    <leader>00704nam  2200205   4500</leader>
    <controlfield tag="001">MOKKAN0004347243  </controlfield>
    <controlfield tag="005">20070412231209.0</controlfield>
    <controlfield tag="008">      s2006                        eng d</controlfield>
    <datafield tag="020" ind1=" " ind2=" ">
      <subfield code="a">(fűzött)</subfield>
      <subfield code="z">963-9357-27-8 :</subfield>
    </datafield>
    <datafield tag="035" ind1=" " ind2=" ">
      <subfield code="a">bibFSZ01347819</subfield>
    </datafield>
    <datafield tag="040" ind1=" " ind2=" ">
      <subfield code="a">FSZEK</subfield>
    </datafield>
    <datafield tag="041" ind1=" " ind2=" ">
      <subfield code="a">enghun</subfield>
    </datafield>
    <datafield tag="100" ind1="1" ind2=" ">
      <subfield code="a">Viczena Andrea</subfield>
    </datafield>
    <datafield tag="245" ind1="1" ind2="0">
      <subfield code="a">1000 questions, 1000 answers :</subfield>
      <subfield code="b">business English : [társalgási gyakorlatok a középfokú üzleti angol nyelvvizsgákra] /</subfield>
      <subfield code="c">Viczena Andrea, Szőke Andrea, Molnár Judit</subfield>
    </datafield>
    <datafield tag="260" ind1=" " ind2=" ">
      <subfield code="a">Székesfehérvár :</subfield>
      <subfield code="b">Lexika,</subfield>
      <subfield code="c">2003 [!2006]</subfield>
    </datafield>
    <datafield tag="300" ind1=" " ind2=" ">
      <subfield code="a">256 p. ;</subfield>
      <subfield code="c">20 cm</subfield>
    </datafield>
    <datafield tag="504" ind1=" " ind2=" ">
      <subfield code="a">Bibliogr.: p. 256.</subfield>
    </datafield>
    <datafield tag="700" ind1="1" ind2=" ">
      <subfield code="a">Szőke Andrea</subfield>
    </datafield>
    <datafield tag="700" ind1="1" ind2=" ">
      <subfield code="a">Molnár Judit</subfield>
    </datafield>
    <datafield tag="852" ind1=" " ind2=" ">
      <subfield code="a">B10</subfield>
      <subfield code="b">B10</subfield>
      <subfield code="x">bibFSZ01347819</subfield>
    </datafield>
  </record>
  <record>
    <leader>01174nam  2200289 i 4500</leader>
    <controlfield tag="001">MOKKAN0004046832  </controlfield>
    <controlfield tag="005">20090716080028.0</controlfield>
    <controlfield tag="008">061219s2006    hu            00010 hun d</controlfield>
    <datafield tag="020" ind1=" " ind2=" ">
      <subfield code="a">963 9357 60 X :</subfield>
    </datafield>
    <datafield tag="020" ind1=" " ind2=" ">
      <subfield code="a">963 9357 60 X</subfield>
    </datafield>
    <datafield tag="035" ind1=" " ind2=" ">
      <subfield code="a">bibDEK00614261</subfield>
    </datafield>
    <datafield tag="040" ind1=" " ind2=" ">
      <subfield code="a">DEENK</subfield>
    </datafield>
    <datafield tag="041" ind1="0" ind2=" ">
      <subfield code="a">hunfre</subfield>
    </datafield>
    <datafield tag="080" ind1=" " ind2="0">
      <subfield code="a">804.0(079.1)=945.11</subfield>
    </datafield>
    <datafield tag="100" ind1="1" ind2=" ">
      <subfield code="a">Vida Enikő</subfield>
    </datafield>
    <datafield tag="245" ind1="1" ind2="0">
      <subfield code="a">1000 questions 1000 réponses :</subfield>
      <subfield code="b">társalgási gyakorlatok a középszintű és emelt szintű érettségire és a közép- és felsőfokú nyelvvizsgákra : [A2-B1-B2-C1 szint] /</subfield>
      <subfield code="c">Vida Enikő</subfield>
    </datafield>
    <datafield tag="260" ind1=" " ind2=" ">
      <subfield code="a">Székesfehérvár :</subfield>
      <subfield code="v">Lexika Tankönyvkiadó,</subfield>
      <subfield code="c">2006</subfield>
    </datafield>
    <datafield tag="300" ind1=" " ind2=" ">
      <subfield code="a">352 p. ;</subfield>
      <subfield code="c">20 cm</subfield>
    </datafield>
    <datafield tag="650" ind1=" " ind2="4">
      <subfield code="a">Francia nyelv</subfield>
      <subfield code="x">tankönyvek idegen ajkúaknak</subfield>
      <subfield code="x">magyar</subfield>
    </datafield>
    <datafield tag="650" ind1=" " ind2="4">
      <subfield code="a">Francia nyelv</subfield>
      <subfield code="x">vizsgák, kérdések stb.</subfield>
    </datafield>
    <datafield tag="650" ind1=" " ind2="0">
      <subfield code="a">French language</subfield>
      <subfield code="x">Textbooks for foreign speakers</subfield>
      <subfield code="x">Hungarian.</subfield>
    </datafield>
    <datafield tag="650" ind1=" " ind2="0">
      <subfield code="a">French language</subfield>
      <subfield code="x">Examinations, questions, etc.</subfield>
    </datafield>
    <datafield tag="650" ind1=" " ind2="7">
      <subfield code="a">Francia nyelvkönyv</subfield>
      <subfield code="x">társalgási</subfield>
      <subfield code="x">gyakorlatok</subfield>
      <subfield code="2">szte</subfield>
    </datafield>
    <datafield tag="650" ind1=" " ind2="7">
      <subfield code="a">Nyelvvizsga</subfield>
      <subfield code="x">francia</subfield>
      <subfield code="x">társalgási gyakorlatok</subfield>
      <subfield code="2">szte</subfield>
    </datafield>
    <datafield tag="852" ind1=" " ind2=" ">
      <subfield code="a">D1</subfield>
      <subfield code="b">D1/NY</subfield>
      <subfield code="x">bibDEK00614261</subfield>
    </datafield>
    <datafield tag="852" ind1=" " ind2=" ">
      <subfield code="a">SZ1</subfield>
      <subfield code="b">SZ1/B3</subfield>
      <subfield code="x">MOKKAN0004046832</subfield>
    </datafield>
    <datafield tag="852" ind1=" " ind2=" ">
      <subfield code="a">B10</subfield>
      <subfield code="x">bibFSZ01422611</subfield>
    </datafield>
  </record>
  <record>
    <leader>01104nam  2200337 i 4500</leader>
    <controlfield tag="001">MOKKAN0004687411  </controlfield>
    <controlfield tag="005">20101126082750.0</controlfield>
    <controlfield tag="008">070606s2007    hu            000 0 fre d</controlfield>
    <datafield tag="020" ind1=" " ind2=" ">
      <subfield code="a">963-9357-60-X (fűzött)</subfield>
    </datafield>
    <datafield tag="035" ind1=" " ind2=" ">
      <subfield code="a">2658623</subfield>
    </datafield>
    <datafield tag="040" ind1=" " ind2=" ">
      <subfield code="a">OSZK</subfield>
    </datafield>
    <datafield tag="041" ind1="1" ind2=" ">
      <subfield code="a">frehunfrehun</subfield>
    </datafield>
    <datafield tag="080" ind1=" " ind2=" ">
      <subfield code="a">804.7</subfield>
    </datafield>
    <datafield tag="100" ind1="1" ind2=" ">
      <subfield code="a">Vida Enikő</subfield>
    </datafield>
    <datafield tag="245" ind1="1" ind2="0">
      <subfield code="a">1000 questions 1000 réponses : </subfield>
      <subfield code="b">társalgási gyakorlatok a középszintű és emelt szintű érettségire és a közép- és felsőfokú nyelvvizsgákra /</subfield>
      <subfield code="c">Vida Enikő</subfield>
    </datafield>
    <datafield tag="260" ind1=" " ind2=" ">
      <subfield code="a">Székesfehérvár :</subfield>
      <subfield code="b">Lexika,</subfield>
      <subfield code="c">2006 [!2007]</subfield>
    </datafield>
    <datafield tag="300" ind1=" " ind2=" ">
      <subfield code="a">352 p. ;</subfield>
      <subfield code="c">20 cm</subfield>
    </datafield>
    <datafield tag="650" ind1="1" ind2="7">
      <subfield code="a">francia nyelv</subfield>
      <subfield code="2">oszk</subfield>
    </datafield>
    <datafield tag="650" ind1="1" ind2="7">
      <subfield code="a">nyelvvizsga</subfield>
      <subfield code="2">oszk</subfield>
    </datafield>
    <datafield tag="650" ind1=" " ind2="7">
      <subfield code="a">Francia nyelvkönyv</subfield>
      <subfield code="x">társalgási gyakorlatok</subfield>
      <subfield code="2">szte</subfield>
    </datafield>
    <datafield tag="650" ind1=" " ind2="7">
      <subfield code="a">Nyelvvizsga</subfield>
      <subfield code="x">francia</subfield>
      <subfield code="x">társalgási gyakorlatok</subfield>
      <subfield code="2">szte</subfield>
    </datafield>
    <datafield tag="653" ind1=" " ind2=" ">
      <subfield code="a">francia nyelv</subfield>
    </datafield>
    <datafield tag="653" ind1=" " ind2=" ">
      <subfield code="a">kommunikáció</subfield>
    </datafield>
    <datafield tag="653" ind1=" " ind2=" ">
      <subfield code="a">nyelvkönyv</subfield>
    </datafield>
    <datafield tag="653" ind1=" " ind2=" ">
      <subfield code="a">nyelvvizsga</subfield>
    </datafield>
    <datafield tag="653" ind1=" " ind2=" ">
      <subfield code="a">példatár</subfield>
    </datafield>
    <datafield tag="653" ind1=" " ind2=" ">
      <subfield code="a">érettségi</subfield>
    </datafield>
    <datafield tag="852" ind1=" " ind2=" ">
      <subfield code="a">B1</subfield>
      <subfield code="b">B1</subfield>
      <subfield code="x">2658623</subfield>
    </datafield>
    <datafield tag="852" ind1=" " ind2=" ">
      <subfield code="a">SZ1</subfield>
      <subfield code="x">MOKKAN0004687411</subfield>
    </datafield>
    <datafield tag="852" ind1=" " ind2=" ">
      <subfield code="a">B9</subfield>
      <subfield code="b">B9</subfield>
      <subfield code="x">77345</subfield>
    </datafield>
    <datafield tag="852" ind1=" " ind2=" ">
      <subfield code="a">SZ1</subfield>
      <subfield code="b">SZ1/B3</subfield>
      <subfield code="x">bibJAT00801262</subfield>
    </datafield>
  </record>
  <record>
    <leader>00743nam  2200205 i 4500</leader>
    <controlfield tag="001">MOKKAZ0004082592  </controlfield>
    <controlfield tag="005">20080821120700.0</controlfield>
    <controlfield tag="008">010208s2000    hu            00010 hun n</controlfield>
    <datafield tag="020" ind1=" " ind2=" ">
      <subfield code="a">963 9092 94 0</subfield>
    </datafield>
    <datafield tag="035" ind1=" " ind2=" ">
      <subfield code="a">bibJAT00377197</subfield>
    </datafield>
    <datafield tag="040" ind1=" " ind2=" ">
      <subfield code="a">SZTE</subfield>
    </datafield>
    <datafield tag="041" ind1=" " ind2=" ">
      <subfield code="a">enghun</subfield>
    </datafield>
    <datafield tag="100" ind1="1" ind2=" ">
      <subfield code="a">Hock Ildikó, Némethné</subfield>
    </datafield>
    <datafield tag="245" ind1="1" ind2="0">
      <subfield code="a">1000 questions-1000 answers :</subfield>
      <subfield code="b">angol társalgási gyakorlatok az "A" típusú nyelvvizsgákra : [fonetikus jelekkel] /</subfield>
      <subfield code="c">Némethné Hock Ildikó</subfield>
    </datafield>
    <datafield tag="250" ind1=" " ind2=" ">
      <subfield code="a">Jav. kiad.</subfield>
    </datafield>
    <datafield tag="260" ind1=" " ind2=" ">
      <subfield code="a">Székesfehérvár :</subfield>
      <subfield code="b">Lexika,</subfield>
      <subfield code="c">[2000]</subfield>
    </datafield>
    <datafield tag="300" ind1=" " ind2=" ">
      <subfield code="a">253 p. ;</subfield>
      <subfield code="c">20 cm</subfield>
    </datafield>
    <datafield tag="650" ind1=" " ind2="7">
      <subfield code="a">Angol nyelvkönyv</subfield>
      <subfield code="x">társalgási gyakorlatok</subfield>
      <subfield code="2">szte</subfield>
    </datafield>
    <datafield tag="650" ind1=" " ind2="7">
      <subfield code="a">Nyelvvizsga</subfield>
      <subfield code="x">angol</subfield>
      <subfield code="x">társalgási</subfield>
      <subfield code="x">gyakorlatok</subfield>
      <subfield code="2">szte</subfield>
    </datafield>
    <datafield tag="852" ind1=" " ind2=" ">
      <subfield code="a">SZ1</subfield>
      <subfield code="b">SZ1/R1</subfield>
      <subfield code="b">SZ1/B3</subfield>
      <subfield code="x">bibJAT00377197</subfield>
    </datafield>
  </record>
  <record>
    <leader>00725aam  2200205   4500</leader>
    <controlfield tag="001">MOKKAZ0003801463  </controlfield>
    <controlfield tag="005">20040910001734.0</controlfield>
    <controlfield tag="008">920504 1992    hu                  eng  </controlfield>
    <datafield tag="020" ind1=" " ind2=" ">
      <subfield code="a">963 7693 02 5</subfield>
    </datafield>
    <datafield tag="035" ind1=" " ind2=" ">
      <subfield code="a">bibJAT00020765</subfield>
    </datafield>
    <datafield tag="040" ind1=" " ind2=" ">
      <subfield code="a">SZTE</subfield>
    </datafield>
    <datafield tag="041" ind1=" " ind2=" ">
      <subfield code="a">enghun</subfield>
    </datafield>
    <datafield tag="100" ind1="1" ind2=" ">
      <subfield code="a">Hock Ildikó, Némethné</subfield>
    </datafield>
    <datafield tag="245" ind1="1" ind2="0">
      <subfield code="a">1000 questions - 1000 answers :</subfield>
      <subfield code="b">Angol társalgási gyakorlatok az "A" típusú nyelvvizsgákra /</subfield>
      <subfield code="c">Némethné Hock Ildikó</subfield>
    </datafield>
    <datafield tag="260" ind1=" " ind2=" ">
      <subfield code="a">[Székesfehérvár] :</subfield>
      <subfield code="b">Lexika,</subfield>
      <subfield code="c">[1992]</subfield>
    </datafield>
    <datafield tag="300" ind1=" " ind2=" ">
      <subfield code="a">235 p. ;</subfield>
      <subfield code="c">25 cm</subfield>
    </datafield>
    <datafield tag="650" ind1=" " ind2="7">
      <subfield code="a">Angol nyelvkönyv</subfield>
      <subfield code="x">társalgási gyakorlatok</subfield>
      <subfield code="2">szte</subfield>
    </datafield>
    <datafield tag="650" ind1=" " ind2="7">
      <subfield code="a">Nyelvvizsga</subfield>
      <subfield code="x">angol</subfield>
      <subfield code="x">társalgási</subfield>
      <subfield code="x">gyakorlatok</subfield>
      <subfield code="2">szte</subfield>
    </datafield>
    <datafield tag="852" ind1=" " ind2=" ">
      <subfield code="a">SZ1</subfield>
      <subfield code="b">SZ1</subfield>
      <subfield code="x">bibJAT00020765</subfield>
    </datafield>
    <datafield tag="852" ind1=" " ind2=" ">
      <subfield code="a">S1</subfield>
      <subfield code="b">S1</subfield>
      <subfield code="x">bibJAT00020765</subfield>
    </datafield>
  </record>
  <record>
    <leader>00714aam  2200205 i 4500</leader>
    <controlfield tag="001">MOKKAZ0003823660  </controlfield>
    <controlfield tag="005">20071025164813.0</controlfield>
    <controlfield tag="008">941014 1994    hu            000   eng  </controlfield>
    <datafield tag="020" ind1=" " ind2=" ">
      <subfield code="a">963 7693 02 5</subfield>
    </datafield>
    <datafield tag="035" ind1=" " ind2=" ">
      <subfield code="a">bibJAT00045589</subfield>
    </datafield>
    <datafield tag="040" ind1=" " ind2=" ">
      <subfield code="a">SZTE</subfield>
    </datafield>
    <datafield tag="041" ind1=" " ind2=" ">
      <subfield code="a">enghun</subfield>
    </datafield>
    <datafield tag="100" ind1="1" ind2=" ">
      <subfield code="a">Hock Ildikó, Némethné</subfield>
    </datafield>
    <datafield tag="245" ind1="1" ind2="0">
      <subfield code="a">1000 questions - 1000 answers :</subfield>
      <subfield code="b">angol társalgási gyakorlatok az "A" típusú nyelvvizsgákra /</subfield>
      <subfield code="c">Némethné Hock Ildikó</subfield>
    </datafield>
    <datafield tag="250" ind1=" " ind2=" ">
      <subfield code="a">[Utánny.]</subfield>
    </datafield>
    <datafield tag="260" ind1=" " ind2=" ">
      <subfield code="a">Székesfehérvár :</subfield>
      <subfield code="b">Lexika,</subfield>
      <subfield code="c">[1994]</subfield>
    </datafield>
    <datafield tag="300" ind1=" " ind2=" ">
      <subfield code="a">235 p. ;</subfield>
      <subfield code="c">26 cm</subfield>
    </datafield>
    <datafield tag="650" ind1=" " ind2="7">
      <subfield code="a">Angol nyelvkönyv</subfield>
      <subfield code="x">társalgási gyakorlatok</subfield>
      <subfield code="2">szte</subfield>
    </datafield>
    <datafield tag="650" ind1=" " ind2="7">
      <subfield code="a">Nyelvvizsga</subfield>
      <subfield code="x">angol</subfield>
      <subfield code="x">társalgási</subfield>
      <subfield code="x">gyakorlatok</subfield>
      <subfield code="2">szte</subfield>
    </datafield>
    <datafield tag="852" ind1=" " ind2=" ">
      <subfield code="a">SZ1</subfield>
      <subfield code="b">SZ1/R3</subfield>
      <subfield code="x">bibJAT00045589</subfield>
    </datafield>
  </record>
  <record>
    <leader>00843fam  2200253   4500</leader>
    <controlfield tag="001">MOKKAZ0003994569  </controlfield>
    <controlfield tag="005">20040910015628.0</controlfield>
    <controlfield tag="008">970204 1996    hu            00010 eng  </controlfield>
    <datafield tag="020" ind1=" " ind2=" ">
      <subfield code="a">963 7693 26 2</subfield>
    </datafield>
    <datafield tag="035" ind1=" " ind2=" ">
      <subfield code="a">bibJAT00258724</subfield>
    </datafield>
    <datafield tag="040" ind1=" " ind2=" ">
      <subfield code="a">SZTE</subfield>
    </datafield>
    <datafield tag="100" ind1="1" ind2=" ">
      <subfield code="a">Hock Ildikó, Némethné</subfield>
    </datafield>
    <datafield tag="245" ind1="1" ind2="0">
      <subfield code="a">1000 questions - 1000 answers :</subfield>
      <subfield code="b">Angol társalgási gyakorlatok az "A" típusú nyelvvizsgákra /</subfield>
      <subfield code="c">Némethné Hock Ildikó</subfield>
    </datafield>
    <datafield tag="260" ind1=" " ind2=" ">
      <subfield code="a">Székesfehérvár :</subfield>
      <subfield code="b">Lexika,</subfield>
      <subfield code="c">[1996]</subfield>
    </datafield>
    <datafield tag="300" ind1=" " ind2=" ">
      <subfield code="a">253 p.</subfield>
    </datafield>
    <datafield tag="650" ind1=" " ind2="7">
      <subfield code="a">Angol nyelvkönyv</subfield>
      <subfield code="x">társalgási gyakorlatok</subfield>
      <subfield code="2">szte</subfield>
    </datafield>
    <datafield tag="650" ind1=" " ind2="7">
      <subfield code="a">Nyelvvizsga</subfield>
      <subfield code="x">angol</subfield>
      <subfield code="x">társalgási</subfield>
      <subfield code="x">gyakorlatok</subfield>
      <subfield code="2">szte</subfield>
    </datafield>
    <datafield tag="650" ind1=" " ind2="4">
      <subfield code="a">angol</subfield>
    </datafield>
    <datafield tag="650" ind1=" " ind2="4">
      <subfield code="a">feladatgyjtemény</subfield>
    </datafield>
    <datafield tag="650" ind1=" " ind2="4">
      <subfield code="a">nyelvkönyv</subfield>
    </datafield>
    <datafield tag="650" ind1=" " ind2="4">
      <subfield code="a">nyelvvizsga</subfield>
    </datafield>
    <datafield tag="852" ind1=" " ind2=" ">
      <subfield code="a">SZ1</subfield>
      <subfield code="b">SZ1</subfield>
      <subfield code="x">bibJAT00258724</subfield>
    </datafield>
    <datafield tag="852" ind1=" " ind2=" ">
      <subfield code="a">P1</subfield>
      <subfield code="b">P1/2T</subfield>
      <subfield code="x">bibJPT0032333</subfield>
    </datafield>
    <datafield tag="852" ind1=" " ind2=" ">
      <subfield code="a">G1</subfield>
      <subfield code="b">G1</subfield>
      <subfield code="x">GATE-T38-7451</subfield>
    </datafield>
  </record>
  <record>
    <leader>00677aam  2200193   4500</leader>
    <controlfield tag="001">MOKKAS0002398329  </controlfield>
    <controlfield tag="005">20060618094316.0</controlfield>
    <controlfield tag="008">941014 1994    hu                  eng  </controlfield>
    <datafield tag="035" ind1=" " ind2=" ">
      <subfield code="a">bibJAT00045589</subfield>
    </datafield>
    <datafield tag="040" ind1=" " ind2=" ">
      <subfield code="a">SK</subfield>
    </datafield>
    <datafield tag="041" ind1=" " ind2=" ">
      <subfield code="a">enghun</subfield>
    </datafield>
    <datafield tag="100" ind1="2" ind2=" ">
      <subfield code="a">Némethné Hock Ildikó</subfield>
    </datafield>
    <datafield tag="245" ind1="1" ind2="0">
      <subfield code="a">1000 questions - 1000 answers :</subfield>
      <subfield code="b">angol társalgási gyakorlatok az "A" típusú nyelvvizsgákra /</subfield>
      <subfield code="c">Némethné Hock Ildikó</subfield>
    </datafield>
    <datafield tag="250" ind1=" " ind2=" ">
      <subfield code="a">[Utánny.]</subfield>
    </datafield>
    <datafield tag="260" ind1=" " ind2=" ">
      <subfield code="a">Székesfehérvár :</subfield>
      <subfield code="b">Lexika,</subfield>
      <subfield code="c">[1994]</subfield>
    </datafield>
    <datafield tag="300" ind1=" " ind2=" ">
      <subfield code="a">235 p. ;</subfield>
      <subfield code="c">26 cm</subfield>
    </datafield>
    <datafield tag="650" ind1=" " ind2="7">
      <subfield code="a">Angol nyelvkönyv</subfield>
      <subfield code="x">társalgási gyakorlatok</subfield>
      <subfield code="2">szte</subfield>
    </datafield>
    <datafield tag="650" ind1=" " ind2="7">
      <subfield code="a">Nyelvvizsga</subfield>
      <subfield code="x">angol</subfield>
      <subfield code="x">társalgási gyakorlatok</subfield>
      <subfield code="2">szte</subfield>
    </datafield>
    <datafield tag="852" ind1=" " ind2=" ">
      <subfield code="a">SZ4</subfield>
      <subfield code="b">SZ4</subfield>
      <subfield code="x">bibJAT00045589</subfield>
    </datafield>
  </record>
  <record>
    <leader>00704nam  2200217   4500</leader>
    <controlfield tag="001">MOKKAZ0004907634  </controlfield>
    <controlfield tag="005">20040910114908.0</controlfield>
    <controlfield tag="008">010208s2001    hu            00010 hun n</controlfield>
    <datafield tag="020" ind1=" " ind2=" ">
      <subfield code="a">963 9092 94 0</subfield>
    </datafield>
    <datafield tag="035" ind1=" " ind2=" ">
      <subfield code="a">bibJPT00192904</subfield>
    </datafield>
    <datafield tag="040" ind1=" " ind2=" ">
      <subfield code="a">PTE</subfield>
    </datafield>
    <datafield tag="041" ind1=" " ind2=" ">
      <subfield code="a">enghun</subfield>
    </datafield>
    <datafield tag="100" ind1="2" ind2=" ">
      <subfield code="a">Némethné Hock Ildikó</subfield>
    </datafield>
    <datafield tag="245" ind1="1" ind2="0">
      <subfield code="a">1000 questions - 1000 answers :</subfield>
      <subfield code="b">Angol társalgási gyakorlatok az "A" típusú nyelvvizsgákra /</subfield>
      <subfield code="c">Némethné Hock Ildikó</subfield>
    </datafield>
    <datafield tag="246" ind1="1" ind2="4">
      <subfield code="a">Fonetikus jelekkel</subfield>
    </datafield>
    <datafield tag="250" ind1=" " ind2=" ">
      <subfield code="a">Jav. kiad.</subfield>
    </datafield>
    <datafield tag="260" ind1=" " ind2=" ">
      <subfield code="a">Székesfehérvár :</subfield>
      <subfield code="b">Lexika,</subfield>
      <subfield code="c">[20]01</subfield>
    </datafield>
    <datafield tag="300" ind1=" " ind2=" ">
      <subfield code="a">253, [3] p. ;</subfield>
      <subfield code="c">20 cm</subfield>
    </datafield>
    <datafield tag="695" ind1=" " ind2=" ">
      <subfield code="a">Nyelvvizsga anyag, angol</subfield>
    </datafield>
    <datafield tag="695" ind1=" " ind2=" ">
      <subfield code="a">Angol nyelvkönyv, társalgás</subfield>
    </datafield>
    <datafield tag="852" ind1=" " ind2=" ">
      <subfield code="a">P1</subfield>
      <subfield code="b">P1/FK</subfield>
      <subfield code="x">bibJPT00192904</subfield>
    </datafield>
  </record>
  <record>
    <leader>00662nam  2200229 i 4500</leader>
    <controlfield tag="001">MOKKAS0003654703  </controlfield>
    <controlfield tag="005">20091223063727.0</controlfield>
    <controlfield tag="008">980428s1996    ge            00010 eng d</controlfield>
    <datafield tag="020" ind1=" " ind2=" ">
      <subfield code="a">3-8228-8595-9</subfield>
    </datafield>
    <datafield tag="035" ind1=" " ind2=" ">
      <subfield code="a">bibSEF00009085</subfield>
    </datafield>
    <datafield tag="040" ind1=" " ind2=" ">
      <subfield code="a">NYME</subfield>
    </datafield>
    <datafield tag="245" ind1="0" ind2="0">
      <subfield code="a">1000 record covers /</subfield>
      <subfield code="c">intr.Michael Ochs</subfield>
    </datafield>
    <datafield tag="260" ind1=" " ind2=" ">
      <subfield code="a">Köln[et al.] :</subfield>
      <subfield code="b">Taschen,</subfield>
      <subfield code="c">1996</subfield>
    </datafield>
    <datafield tag="300" ind1=" " ind2=" ">
      <subfield code="a">767 p. :</subfield>
      <subfield code="b">ill. ;</subfield>
      <subfield code="c">20 cm</subfield>
    </datafield>
    <datafield tag="546" ind1=" " ind2=" ">
      <subfield code="a">bev.angol, német és francia nyelven</subfield>
    </datafield>
    <datafield tag="650" ind1=" " ind2="4">
      <subfield code="a">hanglemez</subfield>
    </datafield>
    <datafield tag="650" ind1=" " ind2="4">
      <subfield code="a">magángyűjtemény</subfield>
    </datafield>
    <datafield tag="650" ind1=" " ind2="4">
      <subfield code="a">hanglemezborító</subfield>
    </datafield>
    <datafield tag="650" ind1=" " ind2="4">
      <subfield code="a">20. század második fele</subfield>
    </datafield>
    <datafield tag="700" ind1="1" ind2=" ">
      <subfield code="a">Ochs, Michael</subfield>
    </datafield>
    <datafield tag="852" ind1=" " ind2=" ">
      <subfield code="a">S1</subfield>
      <subfield code="b">S1</subfield>
      <subfield code="x">bibSEF00009085</subfield>
    </datafield>
    <datafield tag="852" ind1=" " ind2=" ">
      <subfield code="a">B653</subfield>
      <subfield code="x">bibMKF00021438</subfield>
    </datafield>
  </record>
  <record>
    <leader>01939fam  2200625 i 4500</leader>
    <controlfield tag="001">MOKKAZ0006472221  </controlfield>
    <controlfield tag="005">20091224004556.0</controlfield>
    <controlfield tag="008">031222s2003    hu ar         001 0 hun d</controlfield>
    <datafield tag="020" ind1=" " ind2=" ">
      <subfield code="a">963-9519-08-1 (kötött) :</subfield>
      <subfield code="c">10260,- Ft</subfield>
    </datafield>
    <datafield tag="035" ind1=" " ind2=" ">
      <subfield code="a">1062165</subfield>
    </datafield>
    <datafield tag="040" ind1=" " ind2=" ">
      <subfield code="a">OSZK</subfield>
    </datafield>
    <datafield tag="041" ind1="1" ind2=" ">
      <subfield code="a">hunhun</subfield>
      <subfield code="h">eng</subfield>
    </datafield>
    <datafield tag="080" ind1=" " ind2=" ">
      <subfield code="a">75(4)(091</subfield>
    </datafield>
    <datafield tag="080" ind1=" " ind2="0">
      <subfield code="a">75(100)(084.1):030</subfield>
    </datafield>
    <datafield tag="100" ind1="1" ind2=" ">
      <subfield code="a">Beckett, Wendy</subfield>
    </datafield>
    <datafield tag="240" ind1="1" ind2="0">
      <subfield code="a">Sister Wendy's 1000 masterpieces</subfield>
      <subfield code="l">(magyar)</subfield>
    </datafield>
    <datafield tag="245" ind1="1" ind2="0">
      <subfield code="a">1000 remekmű /</subfield>
      <subfield code="c">Wendy Beckett nővér ; szakértő konzultáns Patricia Wright ; [ford. Zinner Judit]</subfield>
    </datafield>
    <datafield tag="260" ind1=" " ind2=" ">
      <subfield code="a">Budapest :</subfield>
      <subfield code="b">Mérték K.,</subfield>
      <subfield code="c">2003</subfield>
      <subfield code="e">(Szlovákia</subfield>
      <subfield code="f">TBB)</subfield>
    </datafield>
    <datafield tag="300" ind1=" " ind2=" ">
      <subfield code="a">512 p. :</subfield>
      <subfield code="b">ill., színes ;</subfield>
      <subfield code="c">31 cm</subfield>
    </datafield>
    <datafield tag="650" ind1=" " ind2="4">
      <subfield code="a">festészet - történet</subfield>
    </datafield>
    <datafield tag="650" ind1=" " ind2="4">
      <subfield code="a">festmények</subfield>
    </datafield>
    <datafield tag="650" ind1=" " ind2="4">
      <subfield code="a">képzőművészeti album</subfield>
    </datafield>
    <datafield tag="650" ind1=" " ind2="4">
      <subfield code="a">festészet</subfield>
    </datafield>
    <datafield tag="650" ind1=" " ind2="4">
      <subfield code="a">műelemzések</subfield>
    </datafield>
    <datafield tag="650" ind1=" " ind2="4">
      <subfield code="a">Festészet története</subfield>
    </datafield>
    <datafield tag="650" ind1=" " ind2="4">
      <subfield code="a">Műelemzés</subfield>
    </datafield>
    <datafield tag="650" ind1=" " ind2="4">
      <subfield code="a">Műelemzés, képzőművészeti</subfield>
    </datafield>
    <datafield tag="650" ind1=" " ind2="4">
      <subfield code="a">művészettörténet</subfield>
    </datafield>
    <datafield tag="650" ind1=" " ind2="4">
      <subfield code="a">életkép</subfield>
    </datafield>
    <datafield tag="650" ind1=" " ind2="4">
      <subfield code="a">tájkép</subfield>
    </datafield>
    <datafield tag="650" ind1=" " ind2="4">
      <subfield code="a">arckép</subfield>
    </datafield>
    <datafield tag="650" ind1=" " ind2="4">
      <subfield code="a">Krisztus-ábrázolás</subfield>
    </datafield>
    <datafield tag="650" ind1=" " ind2="4">
      <subfield code="a">szentek</subfield>
    </datafield>
    <datafield tag="650" ind1=" " ind2="4">
      <subfield code="a">Mária-ábrázolás</subfield>
    </datafield>
    <datafield tag="650" ind1=" " ind2="4">
      <subfield code="a">csendélet</subfield>
    </datafield>
    <datafield tag="650" ind1=" " ind2="4">
      <subfield code="a">műismertetés</subfield>
    </datafield>
    <datafield tag="651" ind1=" " ind2="4">
      <subfield code="a">Európa</subfield>
    </datafield>
    <datafield tag="653" ind1=" " ind2=" ">
      <subfield code="a">képzőművészeti album</subfield>
    </datafield>
    <datafield tag="695" ind1=" " ind2=" ">
      <subfield code="a">Művészettörténet, egyetemes</subfield>
    </datafield>
    <datafield tag="695" ind1=" " ind2=" ">
      <subfield code="a">Festészettörténet</subfield>
    </datafield>
    <datafield tag="695" ind1=" " ind2=" ">
      <subfield code="a">Kép elemzés</subfield>
    </datafield>
    <datafield tag="700" ind1="1" ind2=" ">
      <subfield code="a">Wright, Patricia</subfield>
      <subfield code="4">(közrem.)</subfield>
    </datafield>
    <datafield tag="700" ind1="1" ind2=" ">
      <subfield code="a">Zinner Judit</subfield>
      <subfield code="4">(ford.)</subfield>
    </datafield>
    <datafield tag="852" ind1=" " ind2=" ">
      <subfield code="a">B1</subfield>
      <subfield code="b">B1</subfield>
      <subfield code="x">1062165</subfield>
    </datafield>
    <datafield tag="852" ind1=" " ind2=" ">
      <subfield code="a">D1</subfield>
      <subfield code="b">D1/CA</subfield>
      <subfield code="x">bibFSZ954286</subfield>
    </datafield>
    <datafield tag="852" ind1=" " ind2=" ">
      <subfield code="a">B10</subfield>
      <subfield code="B">0801</subfield>
      <subfield code="b">1004</subfield>
      <subfield code="x">bibFSZ954286</subfield>
    </datafield>
    <datafield tag="852" ind1=" " ind2=" ">
      <subfield code="a">P1</subfield>
      <subfield code="b">P1/M</subfield>
      <subfield code="b">P1/F2</subfield>
      <subfield code="x">MOKKA9639519081</subfield>
    </datafield>
    <datafield tag="852" ind1=" " ind2=" ">
      <subfield code="a">BCS1</subfield>
      <subfield code="b">BCS1</subfield>
      <subfield code="x">bibBKO00266322</subfield>
    </datafield>
    <datafield tag="852" ind1=" " ind2=" ">
      <subfield code="a">SZO1</subfield>
      <subfield code="b">SZO1</subfield>
      <subfield code="x">150394791</subfield>
    </datafield>
    <datafield tag="852" ind1=" " ind2=" ">
      <subfield code="a">GY1</subfield>
      <subfield code="b">GY1</subfield>
      <subfield code="x">640214</subfield>
    </datafield>
    <datafield tag="852" ind1=" " ind2=" ">
      <subfield code="a">M2</subfield>
      <subfield code="b">M2</subfield>
      <subfield code="x">bibRFK00150647</subfield>
    </datafield>
    <datafield tag="852" ind1=" " ind2=" ">
      <subfield code="a">SZL1</subfield>
      <subfield code="b">SZL1</subfield>
      <subfield code="x">bibVFK00261513</subfield>
    </datafield>
    <datafield tag="852" ind1=" " ind2=" ">
      <subfield code="a">B8</subfield>
      <subfield code="b">B8</subfield>
      <subfield code="x">OGYK000089165</subfield>
    </datafield>
    <datafield tag="852" ind1=" " ind2=" ">
      <subfield code="a">GY1</subfield>
      <subfield code="b">GY1</subfield>
      <subfield code="x">KKMK640214</subfield>
    </datafield>
    <datafield tag="852" ind1=" " ind2=" ">
      <subfield code="a">B653</subfield>
      <subfield code="x">bibMKF00083211</subfield>
    </datafield>
  </record>
  <record>
    <leader>00693nam  2200217 i 4500</leader>
    <controlfield tag="001">MOKKAW0006073514  </controlfield>
    <controlfield tag="005">20080910100639.0</controlfield>
    <controlfield tag="008">080910 2008    hu            00010 hun d</controlfield>
    <datafield tag="020" ind1=" " ind2=" ">
      <subfield code="a">978 963 370 722 7</subfield>
    </datafield>
    <datafield tag="035" ind1=" " ind2=" ">
      <subfield code="a">bibJAT00741137</subfield>
    </datafield>
    <datafield tag="040" ind1=" " ind2=" ">
      <subfield code="a">SZTE</subfield>
    </datafield>
    <datafield tag="041" ind1=" " ind2=" ">
      <subfield code="a">hun</subfield>
      <subfield code="h">ger</subfield>
    </datafield>
    <datafield tag="100" ind1="1" ind2=" ">
      <subfield code="a">Isenberg, Hans G.</subfield>
    </datafield>
    <datafield tag="240" ind1="1" ind2="0">
      <subfield code="a">Polizei Fahrzeuge - aus aller Welt</subfield>
      <subfield code="l">(magyar)</subfield>
    </datafield>
    <datafield tag="245" ind1="1" ind2="0">
      <subfield code="a">1000 rendőrautó /</subfield>
      <subfield code="c">[szöveg és fotók Hans G. és Ursula Isenberg ; ford. Kántor Tamás]</subfield>
    </datafield>
    <datafield tag="260" ind1=" " ind2=" ">
      <subfield code="a">Pécs :</subfield>
      <subfield code="b">Alexandra,</subfield>
      <subfield code="c">2008</subfield>
    </datafield>
    <datafield tag="300" ind1=" " ind2=" ">
      <subfield code="a">335 p. :</subfield>
      <subfield code="b">ill. ;</subfield>
      <subfield code="c">31 cm</subfield>
    </datafield>
    <datafield tag="650" ind1=" " ind2="7">
      <subfield code="a">Rendőrség</subfield>
      <subfield code="x">világ országai</subfield>
      <subfield code="2">szte</subfield>
    </datafield>
    <datafield tag="700" ind1="1" ind2=" ">
      <subfield code="a">Kántor Tamás</subfield>
    </datafield>
    <datafield tag="700" ind1="1" ind2=" ">
      <subfield code="a">Isenberg, Ursula</subfield>
    </datafield>
    <datafield tag="852" ind1=" " ind2=" ">
      <subfield code="a">SZ1</subfield>
      <subfield code="b">SZ1</subfield>
      <subfield code="x">bibJAT00741137</subfield>
    </datafield>
  </record>
  <record>
    <leader>00731nam  2200193   4500</leader>
    <controlfield tag="001">MOKKAZ0004679797  </controlfield>
    <controlfield tag="005">20040910092209.0</controlfield>
    <controlfield tag="008">000211s1992                        ger d</controlfield>
    <datafield tag="020" ind1=" " ind2=" ">
      <subfield code="a">3-8118-1211-4 (kötött)</subfield>
    </datafield>
    <datafield tag="035" ind1=" " ind2=" ">
      <subfield code="a">bibFSZ669809</subfield>
    </datafield>
    <datafield tag="040" ind1=" " ind2=" ">
      <subfield code="a">FSZEK</subfield>
    </datafield>
    <datafield tag="041" ind1=" " ind2=" ">
      <subfield code="a">ger</subfield>
    </datafield>
    <datafield tag="245" ind1="0" ind2="0">
      <subfield code="a">1000 Spiele für gross und klein :</subfield>
      <subfield code="b">Gesellschaftsspiele mit Karten, Münzen, Würfeln, Streichhölzern, Worten, Bildern und Zahlen</subfield>
    </datafield>
    <datafield tag="260" ind1=" " ind2=" ">
      <subfield code="a">Rastatt :</subfield>
      <subfield code="b">Moewig,</subfield>
      <subfield code="c">1992</subfield>
    </datafield>
    <datafield tag="300" ind1=" " ind2=" ">
      <subfield code="a">798, [2] p. :</subfield>
      <subfield code="b">ill. ;</subfield>
      <subfield code="c">23 cm</subfield>
    </datafield>
    <datafield tag="680" ind1=" " ind2="0">
      <subfield code="a">kártyajátékok</subfield>
    </datafield>
    <datafield tag="680" ind1=" " ind2="0">
      <subfield code="a">találós kérdések, társasjátékok</subfield>
      <subfield code="a">társasjátékok, találós kérdések</subfield>
    </datafield>
    <datafield tag="680" ind1=" " ind2="0">
      <subfield code="a">kitalálós játék, rejtvény</subfield>
      <subfield code="a">rejtvény, kitalálós játék</subfield>
    </datafield>
    <datafield tag="852" ind1=" " ind2=" ">
      <subfield code="a">B10</subfield>
      <subfield code="b">2301</subfield>
      <subfield code="x">bibFSZ669809</subfield>
    </datafield>
  </record>
  <record>
    <leader>00490nam  2200157 i 4500</leader>
    <controlfield tag="001">MOKKAS0002259877  </controlfield>
    <controlfield tag="005">20060526234055.0</controlfield>
    <controlfield tag="008">990617s1981    hu a          00010 hun d</controlfield>
    <datafield tag="020" ind1=" " ind2=" ">
      <subfield code="a">(Fűzött)</subfield>
    </datafield>
    <datafield tag="035" ind1=" " ind2=" ">
      <subfield code="a">bibSOK00137489</subfield>
    </datafield>
    <datafield tag="040" ind1=" " ind2=" ">
      <subfield code="a">SK</subfield>
    </datafield>
    <datafield tag="245" ind1="0" ind2="0">
      <subfield code="a">1000 sziciliai miniatűr :</subfield>
      <subfield code="b">Levelezési sakkhíradó</subfield>
    </datafield>
    <datafield tag="260" ind1=" " ind2=" ">
      <subfield code="a">[Budapest] :</subfield>
      <subfield code="b">Magyar Sakkszövetség Levelezési Bizottság,</subfield>
      <subfield code="c">[1981]</subfield>
    </datafield>
    <datafield tag="300" ind1=" " ind2=" ">
      <subfield code="a">104 p. :</subfield>
      <subfield code="b">ill. ;</subfield>
      <subfield code="c">21 cm</subfield>
    </datafield>
    <datafield tag="650" ind1=" " ind2="7">
      <subfield code="a">Sakk</subfield>
      <subfield code="x">megnyitás</subfield>
      <subfield code="2">szte</subfield>
    </datafield>
    <datafield tag="852" ind1=" " ind2=" ">
      <subfield code="a">SZ4</subfield>
      <subfield code="b">SZ4</subfield>
      <subfield code="x">bibSOK00137489</subfield>
    </datafield>
  </record>
  <record>
    <leader>02006fam  2200625 i 4500</leader>
    <controlfield tag="001">MOKKAZ0006387302  </controlfield>
    <controlfield tag="005">20090709010605.0</controlfield>
    <controlfield tag="008">000104s1999    hu a          000 0 hun d</controlfield>
    <datafield tag="020" ind1=" " ind2=" ">
      <subfield code="a">963-9169-21-8 (fűzött) :</subfield>
      <subfield code="c">2450,- Ft</subfield>
    </datafield>
    <datafield tag="035" ind1=" " ind2=" ">
      <subfield code="a">404532</subfield>
    </datafield>
    <datafield tag="040" ind1=" " ind2=" ">
      <subfield code="a">OSZK</subfield>
    </datafield>
    <datafield tag="041" ind1="0" ind2=" ">
      <subfield code="a">hunhun</subfield>
    </datafield>
    <datafield tag="080" ind1=" " ind2=" ">
      <subfield code="a">336.7(031</subfield>
    </datafield>
    <datafield tag="100" ind1="1" ind2=" ">
      <subfield code="a">Lenkei Gábor</subfield>
      <subfield code="d">(1957-)</subfield>
    </datafield>
    <datafield tag="245" ind1="1" ind2="0">
      <subfield code="a">1000 szó a pénzről : </subfield>
      <subfield code="b">népszerű pénz- és tőkepiaci fogalomtár /</subfield>
      <subfield code="c">Lenkei Gábor</subfield>
    </datafield>
    <datafield tag="260" ind1=" " ind2=" ">
      <subfield code="a">[Budapest] :</subfield>
      <subfield code="b">Kávé K.,</subfield>
      <subfield code="c">1999</subfield>
      <subfield code="e">([S.l.]</subfield>
      <subfield code="f">Elvis BT)</subfield>
    </datafield>
    <datafield tag="300" ind1=" " ind2=" ">
      <subfield code="a">253 p. :</subfield>
      <subfield code="b">ill. ;</subfield>
      <subfield code="c">20 cm</subfield>
    </datafield>
    <datafield tag="650" ind1=" " ind2="4">
      <subfield code="a">Pénzügy</subfield>
      <subfield code="x">szótárak</subfield>
    </datafield>
    <datafield tag="650" ind1=" " ind2="0">
      <subfield code="a">Finance</subfield>
      <subfield code="x">Dictionaries.</subfield>
    </datafield>
    <datafield tag="650" ind1="0" ind2="4">
      <subfield code="a">pénzügy</subfield>
      <subfield code="x">fogalomtár</subfield>
    </datafield>
    <datafield tag="650" ind1="0" ind2="4">
      <subfield code="a">tőkepiac</subfield>
      <subfield code="x">fogalomtár</subfield>
    </datafield>
    <datafield tag="650" ind1=" " ind2="4">
      <subfield code="a">Pénzügyek</subfield>
      <subfield code="x">szótárak</subfield>
    </datafield>
    <datafield tag="650" ind1=" " ind2="4">
      <subfield code="a">Szótár</subfield>
    </datafield>
    <datafield tag="650" ind1=" " ind2="4">
      <subfield code="a">Pénzügy</subfield>
    </datafield>
    <datafield tag="650" ind1=" " ind2="4">
      <subfield code="a">pénzügy - lexikonok</subfield>
    </datafield>
    <datafield tag="650" ind1=" " ind2="7">
      <subfield code="a">Pénz</subfield>
      <subfield code="x">szaknyelv</subfield>
      <subfield code="x">magyar</subfield>
      <subfield code="x">értelmező szótár</subfield>
      <subfield code="2">szte</subfield>
    </datafield>
    <datafield tag="650" ind1=" " ind2="4">
      <subfield code="a">Értékpapírok</subfield>
    </datafield>
    <datafield tag="650" ind1=" " ind2="4">
      <subfield code="a">Értéktőzsde</subfield>
      <subfield code="z">Magyarország</subfield>
    </datafield>
    <datafield tag="650" ind1=" " ind2="4">
      <subfield code="a">Gazdaság</subfield>
      <subfield code="x">Fogalomtárak</subfield>
    </datafield>
    <datafield tag="650" ind1=" " ind2="4">
      <subfield code="a">Pénzügy</subfield>
      <subfield code="x">Fogalomtárak</subfield>
    </datafield>
    <datafield tag="650" ind1=" " ind2="4">
      <subfield code="a">Pénzpiac</subfield>
    </datafield>
    <datafield tag="650" ind1=" " ind2="4">
      <subfield code="a">Tőkepiac</subfield>
    </datafield>
    <datafield tag="650" ind1=" " ind2="4">
      <subfield code="a">Fogalomtár</subfield>
    </datafield>
    <datafield tag="650" ind1=" " ind2="4">
      <subfield code="a">gazdaság</subfield>
    </datafield>
    <datafield tag="650" ind1=" " ind2="4">
      <subfield code="a">értelmező szótár</subfield>
    </datafield>
    <datafield tag="650" ind1=" " ind2="4">
      <subfield code="a">fogalomtárak</subfield>
    </datafield>
    <datafield tag="852" ind1=" " ind2=" ">
      <subfield code="a">B1</subfield>
      <subfield code="b">B1</subfield>
      <subfield code="x">404532</subfield>
    </datafield>
    <datafield tag="852" ind1=" " ind2=" ">
      <subfield code="a">D1</subfield>
      <subfield code="b">D1/TP</subfield>
      <subfield code="x">bibKLT00252895</subfield>
    </datafield>
    <datafield tag="852" ind1=" " ind2=" ">
      <subfield code="a">B10</subfield>
      <subfield code="b">0801</subfield>
      <subfield code="b">1803</subfield>
      <subfield code="b">0401</subfield>
      <subfield code="b">1308</subfield>
      <subfield code="b">1304</subfield>
      <subfield code="b">0601</subfield>
      <subfield code="b">0703</subfield>
      <subfield code="b">1501</subfield>
      <subfield code="b">2201</subfield>
      <subfield code="b">1201</subfield>
      <subfield code="x">bibFSZ00273658</subfield>
    </datafield>
    <datafield tag="852" ind1=" " ind2=" ">
      <subfield code="a">B11</subfield>
      <subfield code="b">B11</subfield>
      <subfield code="x">BMEOMIKK000141546</subfield>
    </datafield>
    <datafield tag="852" ind1=" " ind2=" ">
      <subfield code="a">M1</subfield>
      <subfield code="b">M1</subfield>
      <subfield code="x">115119</subfield>
    </datafield>
    <datafield tag="852" ind1=" " ind2=" ">
      <subfield code="a">P1</subfield>
      <subfield code="b">P1/O</subfield>
      <subfield code="x">bibJPT00159820</subfield>
    </datafield>
    <datafield tag="852" ind1=" " ind2=" ">
      <subfield code="a">ST1</subfield>
      <subfield code="b">ST1</subfield>
      <subfield code="x">bibBBM118563</subfield>
    </datafield>
    <datafield tag="852" ind1=" " ind2=" ">
      <subfield code="a">BCS1</subfield>
      <subfield code="b">BCS1</subfield>
      <subfield code="x">bibBKO00269099</subfield>
    </datafield>
    <datafield tag="852" ind1=" " ind2=" ">
      <subfield code="a">B2</subfield>
      <subfield code="b">B2</subfield>
      <subfield code="b">B2/89</subfield>
      <subfield code="b">B2</subfield>
      <subfield code="x">90968</subfield>
    </datafield>
    <datafield tag="852" ind1=" " ind2=" ">
      <subfield code="a">SZ4</subfield>
      <subfield code="b">SZ4</subfield>
      <subfield code="x">bibSOK00068857</subfield>
    </datafield>
    <datafield tag="852" ind1=" " ind2=" ">
      <subfield code="a">SZK1</subfield>
      <subfield code="b">SZK1</subfield>
      <subfield code="x">404532</subfield>
    </datafield>
    <datafield tag="852" ind1=" " ind2=" ">
      <subfield code="a">H1</subfield>
      <subfield code="b">H1</subfield>
      <subfield code="x">NLVK92277</subfield>
    </datafield>
    <datafield tag="852" ind1=" " ind2=" ">
      <subfield code="a">SZL1</subfield>
      <subfield code="b">SZL1</subfield>
      <subfield code="x">bibVFK00213563</subfield>
    </datafield>
    <datafield tag="852" ind1=" " ind2=" ">
      <subfield code="a">SZO1</subfield>
      <subfield code="b">SZO1</subfield>
      <subfield code="x">150144624</subfield>
    </datafield>
    <datafield tag="852" ind1=" " ind2=" ">
      <subfield code="a">GY1</subfield>
      <subfield code="b">GY1</subfield>
      <subfield code="x">461993</subfield>
    </datafield>
    <datafield tag="852" ind1=" " ind2=" ">
      <subfield code="a">M2</subfield>
      <subfield code="b">M2</subfield>
      <subfield code="x">bibRFK00115693</subfield>
    </datafield>
    <datafield tag="852" ind1=" " ind2=" ">
      <subfield code="a">B12</subfield>
      <subfield code="b">B12</subfield>
      <subfield code="x">BCEKK351889</subfield>
    </datafield>
    <datafield tag="852" ind1=" " ind2=" ">
      <subfield code="a">B8</subfield>
      <subfield code="b">B8</subfield>
      <subfield code="x">OGYK000026653</subfield>
    </datafield>
    <datafield tag="852" ind1=" " ind2=" ">
      <subfield code="a">Gy1</subfield>
      <subfield code="b">GY1</subfield>
      <subfield code="x">KKMK461993</subfield>
    </datafield>
  </record>
  <record>
    <leader>00373cam  22001217  4500</leader>
    <controlfield tag="001">MOKKAZ0004335975  </controlfield>
    <controlfield tag="005">20040910062108.0</controlfield>
    <controlfield tag="008">      s1922                        und d</controlfield>
    <datafield tag="035" ind1=" " ind2=" ">
      <subfield code="a">bibFSZ00181947</subfield>
    </datafield>
    <datafield tag="040" ind1=" " ind2=" ">
      <subfield code="a">FSZEK</subfield>
    </datafield>
    <datafield tag="245" ind1="0" ind2="0">
      <subfield code="a">1000 szóból álló magyar-örmény szótár /</subfield>
      <subfield code="c">összeáll. Alexa Ferenc</subfield>
    </datafield>
    <datafield tag="260" ind1=" " ind2=" ">
      <subfield code="a">Erzsébetváros :</subfield>
      <subfield code="b">[S.n.],</subfield>
      <subfield code="c">1922</subfield>
    </datafield>
    <datafield tag="852" ind1=" " ind2=" ">
      <subfield code="a">B10</subfield>
      <subfield code="b">0801</subfield>
      <subfield code="x">bibFSZ00181947</subfield>
    </datafield>
  </record>
  <record>
    <leader>00347cam  22001217  4500</leader>
    <controlfield tag="001">MOKKAZ0004448589  </controlfield>
    <controlfield tag="005">20040910071806.0</controlfield>
    <controlfield tag="008">      s1957                        und d</controlfield>
    <datafield tag="035" ind1=" " ind2=" ">
      <subfield code="a">bibFSZ00294702</subfield>
    </datafield>
    <datafield tag="040" ind1=" " ind2=" ">
      <subfield code="a">FSZEK</subfield>
    </datafield>
    <datafield tag="245" ind1="0" ind2="0">
      <subfield code="a">1000 szó franciául /</subfield>
      <subfield code="c">Barczán Endre, Padányi Lajosné</subfield>
    </datafield>
    <datafield tag="260" ind1=" " ind2=" ">
      <subfield code="a">[S.l.] :</subfield>
      <subfield code="b">[S.n.],</subfield>
      <subfield code="c">1957</subfield>
    </datafield>
    <datafield tag="852" ind1=" " ind2=" ">
      <subfield code="a">B10</subfield>
      <subfield code="b">B10</subfield>
      <subfield code="x">bibFSZ00294702</subfield>
    </datafield>
  </record>
  <record>
    <leader>00762nama 22002411i 4500</leader>
    <controlfield tag="001">MOKKAS0000442889  </controlfield>
    <controlfield tag="005">20090622072740.0</controlfield>
    <controlfield tag="008">040607s1957    hu            000 0 hunod</controlfield>
    <datafield tag="035" ind1=" " ind2=" ">
      <subfield code="a">1201651</subfield>
    </datafield>
    <datafield tag="040" ind1=" " ind2=" ">
      <subfield code="a">OSZK</subfield>
    </datafield>
    <datafield tag="041" ind1="0" ind2=" ">
      <subfield code="a">hunhun</subfield>
    </datafield>
    <datafield tag="100" ind1="1" ind2=" ">
      <subfield code="a">Barczán Endre</subfield>
    </datafield>
    <datafield tag="245" ind1="1" ind2="0">
      <subfield code="a">1000 szó franciául /</subfield>
      <subfield code="c">[Barczán Endre, Padányi Lajosné]</subfield>
    </datafield>
    <datafield tag="260" ind1=" " ind2=" ">
      <subfield code="a">Budapest :</subfield>
      <subfield code="b">Tankönyvkiadó,</subfield>
      <subfield code="c">1957</subfield>
      <subfield code="e">(Budapest</subfield>
      <subfield code="f">Egyet. Ny.)</subfield>
    </datafield>
    <datafield tag="300" ind1=" " ind2=" ">
      <subfield code="a">278 p. ;</subfield>
      <subfield code="c">Har. 14 cm</subfield>
    </datafield>
    <datafield tag="490" ind1="1" ind2=" ">
      <subfield code="a">A VIT nyelvtanfolyamai</subfield>
    </datafield>
    <datafield tag="653" ind1=" " ind2=" ">
      <subfield code="a">francia nyelvkönyv</subfield>
    </datafield>
    <datafield tag="695" ind1=" " ind2=" ">
      <subfield code="a">Francia nyelv</subfield>
      <subfield code="x">szótár</subfield>
    </datafield>
    <datafield tag="700" ind1="2" ind2="0">
      <subfield code="a">Padányiné Rejtő Ilona</subfield>
      <subfield code="c">(cédulakatalógus alapján)</subfield>
    </datafield>
    <datafield tag="830" ind1=" " ind2="2">
      <subfield code="a">A VIT nyelvtanfolyamai</subfield>
    </datafield>
    <datafield tag="852" ind1=" " ind2=" ">
      <subfield code="a">B1</subfield>
      <subfield code="b">B1</subfield>
      <subfield code="x">1201651</subfield>
    </datafield>
    <datafield tag="852" ind1=" " ind2=" ">
      <subfield code="a">SZ4</subfield>
      <subfield code="b">SZ4</subfield>
      <subfield code="x">bibDRT00088069</subfield>
    </datafield>
    <datafield tag="852" ind1=" " ind2=" ">
      <subfield code="a">B8</subfield>
      <subfield code="b">B8</subfield>
      <subfield code="x">OGYK000244791</subfield>
    </datafield>
  </record>
  <record>
    <leader>00678cam  22002171  4500</leader>
    <controlfield tag="001">MOKKAS0003754939  </controlfield>
    <controlfield tag="005">20060615053713.0</controlfield>
    <controlfield tag="008">      s1968    hu                  hun d</controlfield>
    <datafield tag="020" ind1=" " ind2=" ">
      <subfield code="a">nincs (fűzött)</subfield>
    </datafield>
    <datafield tag="035" ind1=" " ind2=" ">
      <subfield code="a">bibFSZ00073474</subfield>
    </datafield>
    <datafield tag="040" ind1=" " ind2=" ">
      <subfield code="a">IGYUK</subfield>
    </datafield>
    <datafield tag="100" ind1="1" ind2=" ">
      <subfield code="a">Barczán Endre</subfield>
    </datafield>
    <datafield tag="245" ind1="1" ind2="0">
      <subfield code="a">1000 szó franciául /</subfield>
      <subfield code="c">[Barczán Endre, Padányi Lajosné]</subfield>
    </datafield>
    <datafield tag="250" ind1=" " ind2=" ">
      <subfield code="a">Bőv. és jav. kiad</subfield>
    </datafield>
    <datafield tag="260" ind1=" " ind2=" ">
      <subfield code="a">Budapest :</subfield>
      <subfield code="b">Tankönyvkiadó,</subfield>
      <subfield code="c">1968</subfield>
    </datafield>
    <datafield tag="300" ind1=" " ind2=" ">
      <subfield code="a">293 p. ;</subfield>
      <subfield code="c">14 cm</subfield>
    </datafield>
    <datafield tag="500" ind1=" " ind2=" ">
      <subfield code="a">Haránt alakú</subfield>
    </datafield>
    <datafield tag="650" ind1=" " ind2="4">
      <subfield code="a">Magyar nyelv</subfield>
      <subfield code="x">szótárak</subfield>
      <subfield code="x">francia</subfield>
    </datafield>
    <datafield tag="650" ind1=" " ind2="4">
      <subfield code="a">Francia nyelv</subfield>
      <subfield code="x">tankönyvek idegen ajkúaknak</subfield>
      <subfield code="x">magyar</subfield>
    </datafield>
    <datafield tag="700" ind1="1" ind2=" ">
      <subfield code="a">Padányi Lajosné</subfield>
    </datafield>
    <datafield tag="852" ind1=" " ind2=" ">
      <subfield code="a">SZK1</subfield>
      <subfield code="b">SZK1</subfield>
      <subfield code="x">bibFSZ00073474</subfield>
    </datafield>
  </record>
  <record>
    <leader>00733nama 22002291i 4500</leader>
    <controlfield tag="001">MOKKAS0000448822  </controlfield>
    <controlfield tag="005">20050923132810.0</controlfield>
    <controlfield tag="008">040607s1968    hu            000 0 hunod</controlfield>
    <datafield tag="020" ind1=" " ind2=" ">
      <subfield code="a">(fűzött) :</subfield>
      <subfield code="c">10,- Ft</subfield>
    </datafield>
    <datafield tag="035" ind1=" " ind2=" ">
      <subfield code="a">1207584</subfield>
    </datafield>
    <datafield tag="040" ind1=" " ind2=" ">
      <subfield code="a">OSZK</subfield>
    </datafield>
    <datafield tag="041" ind1="0" ind2=" ">
      <subfield code="a">hunfrehun</subfield>
    </datafield>
    <datafield tag="100" ind1="1" ind2=" ">
      <subfield code="a">Barczán Endre</subfield>
    </datafield>
    <datafield tag="245" ind1="1" ind2="0">
      <subfield code="a">1000 szó franciául /</subfield>
      <subfield code="c">[Barczán Endre, Padányi Lajosné]</subfield>
    </datafield>
    <datafield tag="250" ind1=" " ind2=" ">
      <subfield code="a">Bőv. és jav. kiad.</subfield>
    </datafield>
    <datafield tag="260" ind1=" " ind2=" ">
      <subfield code="a">Budapest :</subfield>
      <subfield code="b">Tankönyvkiadó,</subfield>
      <subfield code="c">1968</subfield>
      <subfield code="e">(Budapest</subfield>
      <subfield code="f">Zrínyi Ny.)</subfield>
    </datafield>
    <datafield tag="300" ind1=" " ind2=" ">
      <subfield code="a">293 p. ;</subfield>
      <subfield code="c">Har. 14 cm</subfield>
    </datafield>
    <datafield tag="700" ind1="2" ind2="0">
      <subfield code="a">Padányiné Rejtő Ilona</subfield>
      <subfield code="c">(cédulakatalógus alapján)</subfield>
    </datafield>
    <datafield tag="852" ind1=" " ind2=" ">
      <subfield code="a">B1</subfield>
      <subfield code="b">B1</subfield>
      <subfield code="x">1207584</subfield>
    </datafield>
    <datafield tag="852" ind1=" " ind2=" ">
      <subfield code="a">BCS1</subfield>
      <subfield code="b">BCS1</subfield>
      <subfield code="x">bibBKO00171169</subfield>
    </datafield>
    <datafield tag="852" ind1=" " ind2=" ">
      <subfield code="a">SZ4</subfield>
      <subfield code="b">SZ4</subfield>
      <subfield code="x">bibFSZ00073474</subfield>
    </datafield>
    <datafield tag="852" ind1=" " ind2=" ">
      <subfield code="a">B10</subfield>
      <subfield code="b">B10</subfield>
      <subfield code="x">bibFSZ00073474</subfield>
    </datafield>
  </record>
  <record>
    <leader>00798nama 22002531i 4500</leader>
    <controlfield tag="001">MOKKAS0000449461  </controlfield>
    <controlfield tag="005">20060117164006.0</controlfield>
    <controlfield tag="008">040607s1971    hu            000 0 hunod</controlfield>
    <datafield tag="020" ind1=" " ind2=" ">
      <subfield code="a">(fűzött) :</subfield>
      <subfield code="c">10,- Ft</subfield>
    </datafield>
    <datafield tag="035" ind1=" " ind2=" ">
      <subfield code="a">1208223</subfield>
    </datafield>
    <datafield tag="040" ind1=" " ind2=" ">
      <subfield code="a">OSZK</subfield>
    </datafield>
    <datafield tag="041" ind1="0" ind2=" ">
      <subfield code="a">hunfrehun</subfield>
    </datafield>
    <datafield tag="100" ind1="1" ind2=" ">
      <subfield code="a">Barczán Endre</subfield>
    </datafield>
    <datafield tag="245" ind1="1" ind2="0">
      <subfield code="a">1000 szó franciául /</subfield>
      <subfield code="c">[Barczán Endre, Padányi Lajosné]</subfield>
    </datafield>
    <datafield tag="250" ind1=" " ind2=" ">
      <subfield code="a">3. kiad.</subfield>
    </datafield>
    <datafield tag="260" ind1=" " ind2=" ">
      <subfield code="a">Budapest :</subfield>
      <subfield code="b">Tankönyvkiadó,</subfield>
      <subfield code="c">1971</subfield>
      <subfield code="e">(Budapest</subfield>
      <subfield code="f">Zrínyi Ny.)</subfield>
    </datafield>
    <datafield tag="300" ind1=" " ind2=" ">
      <subfield code="a">293 p. ;</subfield>
      <subfield code="c">Har. 14 cm</subfield>
    </datafield>
    <datafield tag="700" ind1="2" ind2="0">
      <subfield code="a">Padányiné Rejtő Ilona</subfield>
      <subfield code="c">(cédulakatalógus alapján)</subfield>
    </datafield>
    <datafield tag="852" ind1=" " ind2=" ">
      <subfield code="a">B1</subfield>
      <subfield code="b">B1</subfield>
      <subfield code="x">1208223</subfield>
    </datafield>
    <datafield tag="852" ind1=" " ind2=" ">
      <subfield code="a">GY1</subfield>
      <subfield code="b">GY1</subfield>
      <subfield code="x">292669</subfield>
    </datafield>
    <datafield tag="852" ind1=" " ind2=" ">
      <subfield code="a">B11</subfield>
      <subfield code="b">B11</subfield>
      <subfield code="x">BMEOMIKK000065679</subfield>
    </datafield>
    <datafield tag="852" ind1=" " ind2=" ">
      <subfield code="a">BCS1</subfield>
      <subfield code="b">BCS1</subfield>
      <subfield code="x">bibBKO00168630</subfield>
    </datafield>
    <datafield tag="852" ind1=" " ind2=" ">
      <subfield code="a">B10</subfield>
      <subfield code="b">B10</subfield>
      <subfield code="x">bibFSZ00071092</subfield>
    </datafield>
    <datafield tag="852" ind1=" " ind2=" ">
      <subfield code="a">P1</subfield>
      <subfield code="b">P1/FK</subfield>
      <subfield code="x">963 17 4657 7</subfield>
    </datafield>
  </record>
  <record>
    <leader>00769nama 22002411i 4500</leader>
    <controlfield tag="001">MOKKAS0000450178  </controlfield>
    <controlfield tag="005">20060117164219.0</controlfield>
    <controlfield tag="008">040607s1974    hu            000 0 hunod</controlfield>
    <datafield tag="020" ind1=" " ind2=" ">
      <subfield code="a">963-17-0087-9 (fűzött) :</subfield>
      <subfield code="c">10,- Ft</subfield>
    </datafield>
    <datafield tag="035" ind1=" " ind2=" ">
      <subfield code="a">1208940</subfield>
    </datafield>
    <datafield tag="040" ind1=" " ind2=" ">
      <subfield code="a">OSZK</subfield>
    </datafield>
    <datafield tag="041" ind1="0" ind2=" ">
      <subfield code="a">frehunhun</subfield>
    </datafield>
    <datafield tag="100" ind1="1" ind2=" ">
      <subfield code="a">Barczán Endre</subfield>
    </datafield>
    <datafield tag="245" ind1="1" ind2="0">
      <subfield code="a">1000 szó franciául /</subfield>
      <subfield code="c">[Barczán Endre, Padányi Lajosné]</subfield>
    </datafield>
    <datafield tag="250" ind1=" " ind2=" ">
      <subfield code="a">4. kiad.</subfield>
    </datafield>
    <datafield tag="260" ind1=" " ind2=" ">
      <subfield code="a">Budapest :</subfield>
      <subfield code="b">Tankönyvkiadó,</subfield>
      <subfield code="c">1974</subfield>
      <subfield code="e">(Budapest</subfield>
      <subfield code="f">Zrínyi Ny.)</subfield>
    </datafield>
    <datafield tag="300" ind1=" " ind2=" ">
      <subfield code="a">293 p. ;</subfield>
      <subfield code="c">Har 14 cm</subfield>
    </datafield>
    <datafield tag="650" ind1=" " ind2="4">
      <subfield code="a">Francia nyelv</subfield>
      <subfield code="x">Szótárak</subfield>
    </datafield>
    <datafield tag="700" ind1="2" ind2="0">
      <subfield code="a">Padányiné Rejtő Ilona</subfield>
      <subfield code="c">(cédulakatalógus alapján)</subfield>
    </datafield>
    <datafield tag="852" ind1=" " ind2=" ">
      <subfield code="a">B1</subfield>
      <subfield code="b">B1</subfield>
      <subfield code="x">1208940</subfield>
    </datafield>
    <datafield tag="852" ind1=" " ind2=" ">
      <subfield code="a">BCS1</subfield>
      <subfield code="b">BCS1</subfield>
      <subfield code="x">bibBKO00147287</subfield>
    </datafield>
    <datafield tag="852" ind1=" " ind2=" ">
      <subfield code="a">H1</subfield>
      <subfield code="b">H1</subfield>
      <subfield code="x">NLVK92283</subfield>
    </datafield>
    <datafield tag="852" ind1=" " ind2=" ">
      <subfield code="a">B10</subfield>
      <subfield code="b">B10</subfield>
      <subfield code="x">bibFSZ00051443</subfield>
    </datafield>
  </record>
  <record>
    <leader>00733nam  2200265 i 4500</leader>
    <controlfield tag="001">MOKKAS0002208203  </controlfield>
    <controlfield tag="005">20100204013525.0</controlfield>
    <controlfield tag="008">910902c1974    hu            00000 mul 1</controlfield>
    <datafield tag="020" ind1=" " ind2=" ">
      <subfield code="a">(Fűzött)</subfield>
    </datafield>
    <datafield tag="035" ind1=" " ind2=" ">
      <subfield code="a">bibSOK00065453</subfield>
    </datafield>
    <datafield tag="040" ind1=" " ind2=" ">
      <subfield code="a">SK</subfield>
    </datafield>
    <datafield tag="041" ind1=" " ind2=" ">
      <subfield code="a">hunfrehun</subfield>
    </datafield>
    <datafield tag="245" ind1="0" ind2="0">
      <subfield code="a">1000 szó franciául /</subfield>
      <subfield code="c">[a francia változat Barczán Endre és Padányi Lajosné munkája]</subfield>
    </datafield>
    <datafield tag="250" ind1=" " ind2=" ">
      <subfield code="a">4. kiad.</subfield>
    </datafield>
    <datafield tag="260" ind1=" " ind2=" ">
      <subfield code="a">Budapest :</subfield>
      <subfield code="b">Tankvk.,</subfield>
      <subfield code="c">1974</subfield>
    </datafield>
    <datafield tag="300" ind1=" " ind2=" ">
      <subfield code="a">293 p. ;</subfield>
      <subfield code="c">9x14 cm</subfield>
    </datafield>
    <datafield tag="653" ind1=" " ind2=" ">
      <subfield code="a">francia nyelv</subfield>
    </datafield>
    <datafield tag="653" ind1=" " ind2=" ">
      <subfield code="a">magyar nyelv</subfield>
    </datafield>
    <datafield tag="653" ind1=" " ind2=" ">
      <subfield code="a">szótár</subfield>
    </datafield>
    <datafield tag="695" ind1=" " ind2=" ">
      <subfield code="a">Francia nyelv</subfield>
      <subfield code="x">szótár</subfield>
    </datafield>
    <datafield tag="695" ind1=" " ind2=" ">
      <subfield code="a">xxx</subfield>
    </datafield>
    <datafield tag="700" ind1="1" ind2=" ">
      <subfield code="a">Barczán Endre</subfield>
    </datafield>
    <datafield tag="700" ind1="1" ind2=" ">
      <subfield code="a">Padányi Lajosné</subfield>
    </datafield>
    <datafield tag="852" ind1=" " ind2=" ">
      <subfield code="a">SZ4</subfield>
      <subfield code="b">SZ4</subfield>
      <subfield code="x">bibSOK00065453</subfield>
    </datafield>
    <datafield tag="852" ind1=" " ind2=" ">
      <subfield code="a">B9</subfield>
      <subfield code="b">B9</subfield>
      <subfield code="x">466905</subfield>
    </datafield>
  </record>
  <record>
    <leader>00953fam  2200325 i 4500</leader>
    <controlfield tag="001">MOKKAZ0006265695  </controlfield>
    <controlfield tag="005">20100507094432.0</controlfield>
    <controlfield tag="008">940510t19771976hu       d    000 0 fre d</controlfield>
    <datafield tag="020" ind1=" " ind2=" ">
      <subfield code="a">963-17-1707-0 (fűzött) :</subfield>
      <subfield code="c">10,- Ft</subfield>
    </datafield>
    <datafield tag="035" ind1=" " ind2=" ">
      <subfield code="a">631005</subfield>
    </datafield>
    <datafield tag="040" ind1=" " ind2=" ">
      <subfield code="a">OSZK</subfield>
    </datafield>
    <datafield tag="041" ind1="0" ind2=" ">
      <subfield code="a">frehunhun</subfield>
    </datafield>
    <datafield tag="100" ind1="1" ind2=" ">
      <subfield code="a">Barczán Endre</subfield>
    </datafield>
    <datafield tag="245" ind1="1" ind2="0">
      <subfield code="a">1000 szó franciául /</subfield>
      <subfield code="c">[... Barczán Endre, Padányi Lajosné munkája]</subfield>
    </datafield>
    <datafield tag="250" ind1=" " ind2=" ">
      <subfield code="a">5. kiad.</subfield>
    </datafield>
    <datafield tag="260" ind1=" " ind2=" ">
      <subfield code="a">Budapest :</subfield>
      <subfield code="b">Tankvk.,</subfield>
      <subfield code="c">1977</subfield>
      <subfield code="e">(Budapest</subfield>
      <subfield code="e">(Dabas</subfield>
      <subfield code="f">Dabasi Ny.)</subfield>
    </datafield>
    <datafield tag="300" ind1=" " ind2=" ">
      <subfield code="a">293 l. ;</subfield>
      <subfield code="c">10x14 cm</subfield>
    </datafield>
    <datafield tag="500" ind1=" " ind2=" ">
      <subfield code="a">51100</subfield>
    </datafield>
    <datafield tag="650" ind1=" " ind2="4">
      <subfield code="a">Francia nyelv</subfield>
      <subfield code="x">Szótárak</subfield>
    </datafield>
    <datafield tag="653" ind1=" " ind2=" ">
      <subfield code="a">francia nyelv</subfield>
    </datafield>
    <datafield tag="653" ind1=" " ind2=" ">
      <subfield code="a">nyelvkönyv</subfield>
    </datafield>
    <datafield tag="695" ind1=" " ind2=" ">
      <subfield code="a">Francia nyelv</subfield>
      <subfield code="x">szótár</subfield>
    </datafield>
    <datafield tag="695" ind1=" " ind2=" ">
      <subfield code="a">xxx</subfield>
    </datafield>
    <datafield tag="700" ind1="1" ind2="0">
      <subfield code="a">Padányi Lajosné</subfield>
    </datafield>
    <datafield tag="852" ind1=" " ind2=" ">
      <subfield code="a">B1</subfield>
      <subfield code="b">B1</subfield>
      <subfield code="x">631005</subfield>
    </datafield>
    <datafield tag="852" ind1=" " ind2=" ">
      <subfield code="a">B10</subfield>
      <subfield code="b">B10</subfield>
      <subfield code="x">bibFSZ00077503</subfield>
    </datafield>
    <datafield tag="852" ind1=" " ind2=" ">
      <subfield code="a">BCS1</subfield>
      <subfield code="b">BCS1</subfield>
      <subfield code="x">bibBKO00175256</subfield>
    </datafield>
    <datafield tag="852" ind1=" " ind2=" ">
      <subfield code="a">H1</subfield>
      <subfield code="b">H1</subfield>
      <subfield code="x">NLVK92281</subfield>
    </datafield>
    <datafield tag="852" ind1=" " ind2=" ">
      <subfield code="a">SZ4</subfield>
      <subfield code="b">SZ4</subfield>
      <subfield code="x">bibSOK00071983</subfield>
    </datafield>
    <datafield tag="852" ind1=" " ind2=" ">
      <subfield code="a">B9</subfield>
      <subfield code="b">B9</subfield>
      <subfield code="x">479372</subfield>
    </datafield>
  </record>
  <record>
    <leader>01046fam  2200361 i 4500</leader>
    <controlfield tag="001">MOKKAZ0006266378  </controlfield>
    <controlfield tag="005">20101028142357.0</controlfield>
    <controlfield tag="008">940510t19801979hu       d    000 0 hun d</controlfield>
    <datafield tag="020" ind1=" " ind2=" ">
      <subfield code="a">963-17-4657-7 (kötött) :</subfield>
      <subfield code="c">16,50 Ft</subfield>
    </datafield>
    <datafield tag="035" ind1=" " ind2=" ">
      <subfield code="a">632769</subfield>
    </datafield>
    <datafield tag="040" ind1=" " ind2=" ">
      <subfield code="a">OSZK</subfield>
    </datafield>
    <datafield tag="041" ind1="0" ind2=" ">
      <subfield code="a">hunfrehun</subfield>
    </datafield>
    <datafield tag="100" ind1="1" ind2=" ">
      <subfield code="a">Barczán Endre</subfield>
    </datafield>
    <datafield tag="245" ind1="1" ind2="0">
      <subfield code="a">1000 szó franciául /</subfield>
      <subfield code="c">[... Barczán Endre és Padányi Lajosné munkája]</subfield>
    </datafield>
    <datafield tag="250" ind1=" " ind2=" ">
      <subfield code="a">6. kiad.</subfield>
    </datafield>
    <datafield tag="260" ind1=" " ind2=" ">
      <subfield code="a">Budapest :</subfield>
      <subfield code="b">Tankvk.,</subfield>
      <subfield code="c">1980</subfield>
      <subfield code="e">(Budapest</subfield>
      <subfield code="e">(Dabas</subfield>
      <subfield code="f">Dabasi Ny.)</subfield>
    </datafield>
    <datafield tag="300" ind1=" " ind2=" ">
      <subfield code="a">293 l. ;</subfield>
      <subfield code="c">10x14 cm</subfield>
    </datafield>
    <datafield tag="500" ind1=" " ind2=" ">
      <subfield code="a">37000</subfield>
    </datafield>
    <datafield tag="650" ind1=" " ind2="4">
      <subfield code="a">Francia nyelv</subfield>
    </datafield>
    <datafield tag="650" ind1=" " ind2="4">
      <subfield code="a">Szótárak</subfield>
    </datafield>
    <datafield tag="650" ind1=" " ind2="4">
      <subfield code="a">nyelvkönyvek</subfield>
    </datafield>
    <datafield tag="650" ind1=" " ind2="4">
      <subfield code="a">magyar - francia</subfield>
    </datafield>
    <datafield tag="653" ind1=" " ind2=" ">
      <subfield code="a">francia nyelv</subfield>
    </datafield>
    <datafield tag="653" ind1=" " ind2=" ">
      <subfield code="a">magyar nyelv</subfield>
    </datafield>
    <datafield tag="653" ind1=" " ind2=" ">
      <subfield code="a">szótár</subfield>
    </datafield>
    <datafield tag="700" ind1="1" ind2="0">
      <subfield code="a">Padányi Lajosné</subfield>
    </datafield>
    <datafield tag="852" ind1=" " ind2=" ">
      <subfield code="a">B1</subfield>
      <subfield code="b">B1</subfield>
      <subfield code="x">632769</subfield>
    </datafield>
    <datafield tag="852" ind1=" " ind2=" ">
      <subfield code="a">D1</subfield>
      <subfield code="b">D1</subfield>
      <subfield code="x">963 17 4657 7</subfield>
    </datafield>
    <datafield tag="852" ind1=" " ind2=" ">
      <subfield code="a">B10</subfield>
      <subfield code="b">1308</subfield>
      <subfield code="x">bibFSZ00067858</subfield>
    </datafield>
    <datafield tag="852" ind1=" " ind2=" ">
      <subfield code="a">BCS1</subfield>
      <subfield code="b">BCS1</subfield>
      <subfield code="x">bibBKO00165119</subfield>
    </datafield>
    <datafield tag="852" ind1=" " ind2=" ">
      <subfield code="a">SZL1</subfield>
      <subfield code="b">SZL1</subfield>
      <subfield code="x">bibVFK00182094</subfield>
    </datafield>
    <datafield tag="852" ind1=" " ind2=" ">
      <subfield code="a">M2</subfield>
      <subfield code="b">M2</subfield>
      <subfield code="x">bibRFK00092872</subfield>
    </datafield>
    <datafield tag="852" ind1=" " ind2=" ">
      <subfield code="a">B9</subfield>
      <subfield code="b">B9</subfield>
      <subfield code="x">20736</subfield>
    </datafield>
  </record>
  <record>
    <leader>00777fam  2200253 i 4500</leader>
    <controlfield tag="001">MOKKAZ0006266851  </controlfield>
    <controlfield tag="005">20040915184103.0</controlfield>
    <controlfield tag="008">940510s1983    hu       d    000 0 hun d</controlfield>
    <datafield tag="020" ind1=" " ind2=" ">
      <subfield code="a">963-17-6773-6 (fűzött) :</subfield>
      <subfield code="c">16,50 Ft</subfield>
    </datafield>
    <datafield tag="035" ind1=" " ind2=" ">
      <subfield code="a">633887</subfield>
    </datafield>
    <datafield tag="040" ind1=" " ind2=" ">
      <subfield code="a">OSZK</subfield>
    </datafield>
    <datafield tag="041" ind1="0" ind2=" ">
      <subfield code="a">hunfrehun</subfield>
    </datafield>
    <datafield tag="100" ind1="1" ind2=" ">
      <subfield code="a">Barczán Endre</subfield>
    </datafield>
    <datafield tag="245" ind1="1" ind2="0">
      <subfield code="a">1000 szó franciául /</subfield>
      <subfield code="c">[... Barczán Endre és Padányi Lajosné munkája]</subfield>
    </datafield>
    <datafield tag="250" ind1=" " ind2=" ">
      <subfield code="a">7. utánny.</subfield>
    </datafield>
    <datafield tag="260" ind1=" " ind2=" ">
      <subfield code="a">Budapest :</subfield>
      <subfield code="b">Tankvk.,</subfield>
      <subfield code="c">1983</subfield>
      <subfield code="e">(Budapest [etc.]</subfield>
      <subfield code="f">Dabasi Ny.)</subfield>
    </datafield>
    <datafield tag="300" ind1=" " ind2=" ">
      <subfield code="a">293 p. ;</subfield>
      <subfield code="c">10x14 cm</subfield>
    </datafield>
    <datafield tag="500" ind1=" " ind2=" ">
      <subfield code="a">15000</subfield>
    </datafield>
    <datafield tag="700" ind1="1" ind2="0">
      <subfield code="a">Padányi Lajosné</subfield>
    </datafield>
    <datafield tag="852" ind1=" " ind2=" ">
      <subfield code="a">B1</subfield>
      <subfield code="b">B1</subfield>
      <subfield code="x">633887</subfield>
    </datafield>
    <datafield tag="852" ind1=" " ind2=" ">
      <subfield code="a">B10</subfield>
      <subfield code="B">0101</subfield>
      <subfield code="b">1201</subfield>
      <subfield code="x">bibFSZ00039590</subfield>
    </datafield>
    <datafield tag="852" ind1=" " ind2=" ">
      <subfield code="a">P1</subfield>
      <subfield code="b">P1</subfield>
      <subfield code="x">963 17 6773 6</subfield>
    </datafield>
    <datafield tag="852" ind1=" " ind2=" ">
      <subfield code="a">BCS1</subfield>
      <subfield code="b">BCS1</subfield>
      <subfield code="x">bibBKO00133916</subfield>
    </datafield>
    <datafield tag="852" ind1=" " ind2=" ">
      <subfield code="a">M2</subfield>
      <subfield code="b">M2</subfield>
      <subfield code="x">bibRFK00083687</subfield>
    </datafield>
  </record>
  <record>
    <leader>01736aam  2200469 i 4500</leader>
    <controlfield tag="001">MOKKAZ0006275978  </controlfield>
    <controlfield tag="005">20100609180722.0</controlfield>
    <controlfield tag="008">940510t19911991hu            000 0 fre d</controlfield>
    <datafield tag="020" ind1=" " ind2=" ">
      <subfield code="a">963-282-383-4 (fűzött) :</subfield>
      <subfield code="c">490,- Ft</subfield>
    </datafield>
    <datafield tag="035" ind1=" " ind2=" ">
      <subfield code="a">661201</subfield>
    </datafield>
    <datafield tag="040" ind1=" " ind2=" ">
      <subfield code="a">OSZK</subfield>
    </datafield>
    <datafield tag="041" ind1="0" ind2=" ">
      <subfield code="a">frehunfre</subfield>
    </datafield>
    <datafield tag="130" ind1="0" ind2="0">
      <subfield code="a">Dictionnaire des tout-petits : Mon livre des mots</subfield>
      <subfield code="l">magyar</subfield>
    </datafield>
    <datafield tag="245" ind1="1" ind2="0">
      <subfield code="a">1000 szó franciául : </subfield>
      <subfield code="b">Képes szótár gyermekeknek = Dictionnaire des tout-petits : Mon livre de [!des] mots : 1000 mots en images /</subfield>
      <subfield code="c">[a szótárrészt összeáll., bevezetőjét írta Fázsy Anikó]</subfield>
    </datafield>
    <datafield tag="246" ind1="1" ind2="1">
      <subfield code="a">Dictionnaire des tout-petits</subfield>
    </datafield>
    <datafield tag="260" ind1=" " ind2=" ">
      <subfield code="a">Budapest :</subfield>
      <subfield code="b">Gondolat,</subfield>
      <subfield code="c">1991</subfield>
      <subfield code="e">(Budapest</subfield>
      <subfield code="f">Athenaeum)</subfield>
    </datafield>
    <datafield tag="300" ind1=" " ind2=" ">
      <subfield code="a">138 p. :</subfield>
      <subfield code="b">ill., színes ;</subfield>
      <subfield code="c">31 cm</subfield>
    </datafield>
    <datafield tag="650" ind1="0" ind2="4">
      <subfield code="a">gyerekkönyv</subfield>
      <subfield code="z">francia</subfield>
    </datafield>
    <datafield tag="650" ind1=" " ind2="4">
      <subfield code="a">Francia nyelv</subfield>
    </datafield>
    <datafield tag="650" ind1=" " ind2="4">
      <subfield code="a">Szótárak</subfield>
    </datafield>
    <datafield tag="650" ind1=" " ind2="4">
      <subfield code="a">Képes szótár</subfield>
    </datafield>
    <datafield tag="650" ind1=" " ind2="4">
      <subfield code="a">Magyar nyelv</subfield>
      <subfield code="x">szótárak</subfield>
      <subfield code="x">francia</subfield>
    </datafield>
    <datafield tag="650" ind1=" " ind2="4">
      <subfield code="a">Francia nyelv</subfield>
      <subfield code="x">tankönyvek idegen ajkúaknak</subfield>
      <subfield code="x">magyar</subfield>
    </datafield>
    <datafield tag="650" ind1=" " ind2="4">
      <subfield code="a">Magyar nyelv</subfield>
    </datafield>
    <datafield tag="650" ind1=" " ind2="4">
      <subfield code="a">Nyelvtanulás</subfield>
    </datafield>
    <datafield tag="650" ind1=" " ind2="4">
      <subfield code="a">Szótár</subfield>
    </datafield>
    <datafield tag="650" ind1=" " ind2="4">
      <subfield code="a">Képszótár</subfield>
    </datafield>
    <datafield tag="650" ind1=" " ind2="4">
      <subfield code="a">Ifjúsági irodalom</subfield>
    </datafield>
    <datafield tag="695" ind1=" " ind2=" ">
      <subfield code="a">xxx</subfield>
    </datafield>
    <datafield tag="695" ind1=" " ind2=" ">
      <subfield code="a">Francia nyelv</subfield>
      <subfield code="x">szótár</subfield>
      <subfield code="x">gyerekeknek</subfield>
    </datafield>
    <datafield tag="700" ind1="1" ind2=" ">
      <subfield code="a">Fázsy Anikó</subfield>
      <subfield code="d">(1939-)</subfield>
      <subfield code="4">(közrem.)</subfield>
    </datafield>
    <datafield tag="852" ind1=" " ind2=" ">
      <subfield code="a">B1</subfield>
      <subfield code="b">B1</subfield>
      <subfield code="x">661201</subfield>
    </datafield>
    <datafield tag="852" ind1=" " ind2=" ">
      <subfield code="a">B2</subfield>
      <subfield code="b">B2</subfield>
      <subfield code="x">318158</subfield>
    </datafield>
    <datafield tag="852" ind1=" " ind2=" ">
      <subfield code="a">D1</subfield>
      <subfield code="b">D1</subfield>
      <subfield code="x">ISISFEF0009379</subfield>
    </datafield>
    <datafield tag="852" ind1=" " ind2=" ">
      <subfield code="a">BCS1</subfield>
      <subfield code="b">BCS1/BATS</subfield>
      <subfield code="b">BCS1</subfield>
      <subfield code="x">bibBKO00180570</subfield>
    </datafield>
    <datafield tag="852" ind1=" " ind2=" ">
      <subfield code="a">SZL1</subfield>
      <subfield code="b">SZL1</subfield>
      <subfield code="x">bibVFK00180316</subfield>
    </datafield>
    <datafield tag="852" ind1=" " ind2=" ">
      <subfield code="a">M2</subfield>
      <subfield code="b">M2</subfield>
      <subfield code="x">bibRFK00058071</subfield>
    </datafield>
    <datafield tag="852" ind1=" " ind2=" ">
      <subfield code="a">SZK1</subfield>
      <subfield code="b">SZK1</subfield>
      <subfield code="x">bibTMK104662</subfield>
    </datafield>
    <datafield tag="852" ind1=" " ind2=" ">
      <subfield code="a">B10</subfield>
      <subfield code="B">0101</subfield>
      <subfield code="B">0204</subfield>
      <subfield code="B">1903</subfield>
      <subfield code="B">2002</subfield>
      <subfield code="B">2103</subfield>
      <subfield code="B">2104</subfield>
      <subfield code="B">2105</subfield>
      <subfield code="B">1308</subfield>
      <subfield code="B">0602</subfield>
      <subfield code="B">1004</subfield>
      <subfield code="B">1602</subfield>
      <subfield code="B">1404</subfield>
      <subfield code="b">2101</subfield>
      <subfield code="x">bibFSZ00082440</subfield>
    </datafield>
    <datafield tag="852" ind1=" " ind2=" ">
      <subfield code="a">ST1</subfield>
      <subfield code="b">ST1</subfield>
      <subfield code="x">bibBBM108024</subfield>
    </datafield>
    <datafield tag="852" ind1=" " ind2=" ">
      <subfield code="a">SZ4</subfield>
      <subfield code="b">SZ4</subfield>
      <subfield code="x">bibSOK00051526</subfield>
    </datafield>
    <datafield tag="852" ind1=" " ind2=" ">
      <subfield code="a">B7</subfield>
      <subfield code="b">B7</subfield>
      <subfield code="x">5605</subfield>
    </datafield>
  </record>
  <record>
    <leader>00375nam  2200145 i 4500</leader>
    <controlfield tag="001">MOKKAS0003522778  </controlfield>
    <controlfield tag="005">20060606025307.0</controlfield>
    <controlfield tag="008">050714s1988                            d</controlfield>
    <datafield tag="020" ind1=" " ind2=" ">
      <subfield code="a">963 7222 23 5</subfield>
    </datafield>
    <datafield tag="035" ind1=" " ind2=" ">
      <subfield code="a">610112</subfield>
    </datafield>
    <datafield tag="040" ind1=" " ind2=" ">
      <subfield code="a">OIK</subfield>
    </datafield>
    <datafield tag="100" ind1="1" ind2=" ">
      <subfield code="a">Le Bigot-Macaux, Armelle</subfield>
    </datafield>
    <datafield tag="245" ind1="1" ind2="0">
      <subfield code="a">1000 szó képekben</subfield>
    </datafield>
    <datafield tag="260" ind1=" " ind2=" ">
      <subfield code="a">Budapest :</subfield>
      <subfield code="b">Interpress Kiadó,</subfield>
      <subfield code="c">1988</subfield>
    </datafield>
    <datafield tag="852" ind1=" " ind2=" ">
      <subfield code="a">B14</subfield>
      <subfield code="b">B14</subfield>
      <subfield code="x">610112</subfield>
    </datafield>
  </record>
  <record>
    <leader>00874fam  2200265 i 4500</leader>
    <controlfield tag="001">MOKKAZ0006367388  </controlfield>
    <controlfield tag="005">20100610155108.0</controlfield>
    <controlfield tag="008">980813s1990    hu a   d      001 0 hun d</controlfield>
    <datafield tag="035" ind1=" " ind2=" ">
      <subfield code="a">309890</subfield>
    </datafield>
    <datafield tag="040" ind1=" " ind2=" ">
      <subfield code="a">OSZK</subfield>
    </datafield>
    <datafield tag="041" ind1="0" ind2=" ">
      <subfield code="a">hunmulhun</subfield>
    </datafield>
    <datafield tag="100" ind1="1" ind2=" ">
      <subfield code="a">Békéssy Gábor</subfield>
    </datafield>
    <datafield tag="245" ind1="1" ind2="0">
      <subfield code="a">1000 szó magyarul : </subfield>
      <subfield code="b">jegyzet a magyar nyelv és beszéd tanulásához kezdőknek /</subfield>
      <subfield code="c">Békéssy Gábor, Mezei Lajos, Somos Béla ; [a rajz. kész. Tóth Péter]</subfield>
    </datafield>
    <datafield tag="260" ind1=" " ind2=" ">
      <subfield code="a">[Budapest] :</subfield>
      <subfield code="b">Tankvk.,</subfield>
      <subfield code="c">[1990]</subfield>
    </datafield>
    <datafield tag="300" ind1=" " ind2=" ">
      <subfield code="a">179 p. ;</subfield>
      <subfield code="c">29 cm</subfield>
    </datafield>
    <datafield tag="650" ind1=" " ind2="7">
      <subfield code="a">Magyar nyelvkönyv</subfield>
      <subfield code="x">alapfokú</subfield>
      <subfield code="x">jegyzet</subfield>
      <subfield code="2">szte</subfield>
    </datafield>
    <datafield tag="700" ind1="1" ind2="0">
      <subfield code="a">Mezei Lajos</subfield>
    </datafield>
    <datafield tag="700" ind1="1" ind2="0">
      <subfield code="a">Somos Béla</subfield>
    </datafield>
    <datafield tag="700" ind1="1" ind2=" ">
      <subfield code="a">Tóth Péter</subfield>
      <subfield code="4">(ill.)</subfield>
    </datafield>
    <datafield tag="852" ind1=" " ind2=" ">
      <subfield code="a">B1</subfield>
      <subfield code="b">B1</subfield>
      <subfield code="x">309890</subfield>
    </datafield>
    <datafield tag="852" ind1=" " ind2=" ">
      <subfield code="a">D1</subfield>
      <subfield code="b">D1</subfield>
      <subfield code="x">ISISIIF0006366</subfield>
    </datafield>
    <datafield tag="852" ind1=" " ind2=" ">
      <subfield code="a">SZ1</subfield>
      <subfield code="b">SZ1</subfield>
      <subfield code="x">bibJAT00044505</subfield>
    </datafield>
    <datafield tag="852" ind1=" " ind2=" ">
      <subfield code="a">B11</subfield>
      <subfield code="b">B11</subfield>
      <subfield code="x">BMEOMIKK000055629</subfield>
    </datafield>
    <datafield tag="852" ind1=" " ind2=" ">
      <subfield code="a">P1</subfield>
      <subfield code="b">P1</subfield>
      <subfield code="x">bibJPT0022901</subfield>
    </datafield>
    <datafield tag="852" ind1=" " ind2=" ">
      <subfield code="a">B7</subfield>
      <subfield code="b">B7</subfield>
      <subfield code="x">9225</subfield>
    </datafield>
  </record>
  <record>
    <leader>00687nama 22002411i 4500</leader>
    <controlfield tag="001">MOKKAS0000755023  </controlfield>
    <controlfield tag="005">20091221121822.0</controlfield>
    <controlfield tag="008">041124s1984    hu            000 0 hunod</controlfield>
    <datafield tag="035" ind1=" " ind2=" ">
      <subfield code="a">1514096</subfield>
    </datafield>
    <datafield tag="040" ind1=" " ind2=" ">
      <subfield code="a">OSZK</subfield>
    </datafield>
    <datafield tag="041" ind1="0" ind2=" ">
      <subfield code="a">hunhun</subfield>
    </datafield>
    <datafield tag="080" ind1=" " ind2=" ">
      <subfield code="a">809.451.1(075)</subfield>
    </datafield>
    <datafield tag="080" ind1=" " ind2=" ">
      <subfield code="a">894.511.1[37]</subfield>
    </datafield>
    <datafield tag="100" ind1="1" ind2=" ">
      <subfield code="a">Somos Béla</subfield>
    </datafield>
    <datafield tag="245" ind1="1" ind2="0">
      <subfield code="a">1000 szó magyarul /</subfield>
      <subfield code="c">Somos Béla, Mezei Lajos, Békéssy Gábor</subfield>
    </datafield>
    <datafield tag="260" ind1=" " ind2=" ">
      <subfield code="a">Budapest :</subfield>
      <subfield code="b">Tankönyvkiadó,</subfield>
      <subfield code="c">1984</subfield>
    </datafield>
    <datafield tag="300" ind1=" " ind2=" ">
      <subfield code="a">157 p. +</subfield>
      <subfield code="e">1 mell. (16 p.</subfield>
    </datafield>
    <datafield tag="500" ind1=" " ind2=" ">
      <subfield code="a">Melléklet: Módszertani útmutató</subfield>
    </datafield>
    <datafield tag="700" ind1="1" ind2="0">
      <subfield code="a">Mezei Lajos</subfield>
    </datafield>
    <datafield tag="700" ind1="1" ind2="0">
      <subfield code="a">Békéssy Gábor</subfield>
    </datafield>
    <datafield tag="852" ind1=" " ind2=" ">
      <subfield code="a">B1</subfield>
      <subfield code="b">B1</subfield>
      <subfield code="x">1514096</subfield>
    </datafield>
    <datafield tag="852" ind1=" " ind2=" ">
      <subfield code="a">B3</subfield>
      <subfield code="b">B3</subfield>
      <subfield code="x">000152029</subfield>
    </datafield>
    <datafield tag="852" ind1=" " ind2=" ">
      <subfield code="a">P1</subfield>
      <subfield code="b">P1</subfield>
      <subfield code="x">bibPTE00536490</subfield>
    </datafield>
  </record>
  <record>
    <leader>00808nama 22002651i 4500</leader>
    <controlfield tag="001">MOKKAS0000754921  </controlfield>
    <controlfield tag="005">20091109194056.0</controlfield>
    <controlfield tag="008">041124s1985    hu            000 0 hunod</controlfield>
    <datafield tag="035" ind1=" " ind2=" ">
      <subfield code="a">1513994</subfield>
    </datafield>
    <datafield tag="040" ind1=" " ind2=" ">
      <subfield code="a">OSZK</subfield>
    </datafield>
    <datafield tag="041" ind1="0" ind2=" ">
      <subfield code="a">hunhun</subfield>
    </datafield>
    <datafield tag="080" ind1=" " ind2=" ">
      <subfield code="a">894.511.1-07</subfield>
    </datafield>
    <datafield tag="100" ind1="1" ind2=" ">
      <subfield code="a">Somos Béla</subfield>
    </datafield>
    <datafield tag="245" ind1="1" ind2="0">
      <subfield code="a">1000 szó magyarul : </subfield>
      <subfield code="b">jegyzet a magyar nyelv és beszéd tanulásához kezdőknek /</subfield>
      <subfield code="c">Somos Béla, Mezei Lajos, Békéssy Gábor</subfield>
    </datafield>
    <datafield tag="250" ind1=" " ind2=" ">
      <subfield code="a">Utánny.</subfield>
    </datafield>
    <datafield tag="260" ind1=" " ind2=" ">
      <subfield code="a">Budapest :</subfield>
      <subfield code="b">Tankönyvkiadó,</subfield>
      <subfield code="c">1985</subfield>
    </datafield>
    <datafield tag="300" ind1=" " ind2=" ">
      <subfield code="a">159 p.</subfield>
    </datafield>
    <datafield tag="650" ind1=" " ind2="7">
      <subfield code="a">Magyar nyelvkönyv</subfield>
      <subfield code="x">alapfokú</subfield>
      <subfield code="x">jegyzet</subfield>
      <subfield code="2">szte</subfield>
    </datafield>
    <datafield tag="650" ind1=" " ind2="7">
      <subfield code="a">magyar nyelv</subfield>
      <subfield code="2">opkm</subfield>
    </datafield>
    <datafield tag="700" ind1="1" ind2="0">
      <subfield code="a">Békéssy Gábor</subfield>
    </datafield>
    <datafield tag="700" ind1="1" ind2="0">
      <subfield code="a">Mezei Lajos</subfield>
    </datafield>
    <datafield tag="852" ind1=" " ind2=" ">
      <subfield code="a">B1</subfield>
      <subfield code="b">B1</subfield>
      <subfield code="x">1513994</subfield>
    </datafield>
    <datafield tag="852" ind1=" " ind2=" ">
      <subfield code="a">SZ1</subfield>
      <subfield code="b">SZ1</subfield>
      <subfield code="x">bibJAT00367868</subfield>
    </datafield>
    <datafield tag="852" ind1=" " ind2=" ">
      <subfield code="a">P1</subfield>
      <subfield code="b">P1</subfield>
      <subfield code="x">bibPTE00520269</subfield>
    </datafield>
    <datafield tag="852" ind1=" " ind2=" ">
      <subfield code="a">B7</subfield>
      <subfield code="b">B7</subfield>
      <subfield code="x">206463</subfield>
    </datafield>
  </record>
  <record>
    <leader>00906cam  22002651i 4500</leader>
    <controlfield tag="001">MOKKAZ0003189132  </controlfield>
    <controlfield tag="005">20091221121817.0</controlfield>
    <controlfield tag="008">      s1986    hu a          000   hun0d</controlfield>
    <datafield tag="035" ind1=" " ind2=" ">
      <subfield code="a">ISISFEF0007084</subfield>
    </datafield>
    <datafield tag="040" ind1=" " ind2=" ">
      <subfield code="a">DEENK</subfield>
    </datafield>
    <datafield tag="080" ind1=" " ind2=" ">
      <subfield code="a">809.451.1[37]</subfield>
    </datafield>
    <datafield tag="100" ind1="1" ind2=" ">
      <subfield code="a">Somos Béla</subfield>
    </datafield>
    <datafield tag="245" ind1="1" ind2="0">
      <subfield code="a">1000 szó magyarul :</subfield>
      <subfield code="b">Jegyzet a magyar nyelv és beszéd tanulásához kezdőknek /</subfield>
      <subfield code="c">Somos Béla, Mezei Lajos, Békéssy Gábor</subfield>
    </datafield>
    <datafield tag="250" ind1=" " ind2=" ">
      <subfield code="a">2.kiad.</subfield>
    </datafield>
    <datafield tag="260" ind1=" " ind2=" ">
      <subfield code="a">Budapest :</subfield>
      <subfield code="b">Tankvk.,</subfield>
      <subfield code="c">1986</subfield>
    </datafield>
    <datafield tag="300" ind1=" " ind2=" ">
      <subfield code="a">159 p. :</subfield>
      <subfield code="b">ill. ;</subfield>
      <subfield code="c">29 cm</subfield>
    </datafield>
    <datafield tag="500" ind1=" " ind2=" ">
      <subfield code="a">Jegyzet. Budapest. Nemzetközi Előkészítő Intézet.</subfield>
    </datafield>
    <datafield tag="650" ind1=" " ind2="4">
      <subfield code="a">Magyar nyelv</subfield>
      <subfield code="x">tankönyvek idegen ajkúaknak</subfield>
    </datafield>
    <datafield tag="650" ind1=" " ind2="0">
      <subfield code="a">Hungarian language</subfield>
      <subfield code="x">Textbooks for foreign speakers.</subfield>
    </datafield>
    <datafield tag="650" ind1=" " ind2="7">
      <subfield code="a">magyar nyelv</subfield>
      <subfield code="2">opkm</subfield>
    </datafield>
    <datafield tag="700" ind1="1" ind2=" ">
      <subfield code="a">Mezei Lajos</subfield>
    </datafield>
    <datafield tag="700" ind1="1" ind2=" ">
      <subfield code="a">Békéssy Gábor</subfield>
    </datafield>
    <datafield tag="852" ind1=" " ind2=" ">
      <subfield code="a">D1</subfield>
      <subfield code="b">D1</subfield>
      <subfield code="x">ISISFEF0007084</subfield>
    </datafield>
    <datafield tag="852" ind1=" " ind2=" ">
      <subfield code="a">B7</subfield>
      <subfield code="b">B7</subfield>
      <subfield code="x">206472</subfield>
    </datafield>
    <datafield tag="852" ind1=" " ind2=" ">
      <subfield code="a">P1</subfield>
      <subfield code="b">P1</subfield>
      <subfield code="x">bibPTE00540861</subfield>
    </datafield>
  </record>
  <record>
    <leader>00862cam  2200253   4500</leader>
    <controlfield tag="001">MOKKAZ0003189134  </controlfield>
    <controlfield tag="005">20090918195953.0</controlfield>
    <controlfield tag="008">       1989                        hun  </controlfield>
    <datafield tag="035" ind1=" " ind2=" ">
      <subfield code="a">ISISFEF0007085</subfield>
    </datafield>
    <datafield tag="040" ind1=" " ind2=" ">
      <subfield code="a">DEENK</subfield>
    </datafield>
    <datafield tag="080" ind1=" " ind2=" ">
      <subfield code="a">894.511.1-07</subfield>
    </datafield>
    <datafield tag="100" ind1="1" ind2=" ">
      <subfield code="a">Somos Béla</subfield>
    </datafield>
    <datafield tag="245" ind1="0" ind2="0">
      <subfield code="a">1000 szó magyarul :</subfield>
      <subfield code="b">Jegyzet a magyar nyelv és beszéd tanulásához kezdőknek /</subfield>
      <subfield code="c">Somos Béla, Mezei Lajos, Békéssy Gábor ; [kiad. a] Nemzetközi Előkészítő Intézet</subfield>
    </datafield>
    <datafield tag="250" ind1=" " ind2=" ">
      <subfield code="a">3.kiad.</subfield>
    </datafield>
    <datafield tag="260" ind1=" " ind2=" ">
      <subfield code="a">Budapest :</subfield>
      <subfield code="b">Tankvk.,</subfield>
      <subfield code="c">1989</subfield>
    </datafield>
    <datafield tag="300" ind1=" " ind2=" ">
      <subfield code="a">159 p. :</subfield>
      <subfield code="b">ill. ;</subfield>
      <subfield code="c">28 cm</subfield>
    </datafield>
    <datafield tag="650" ind1=" " ind2="4">
      <subfield code="a">Magyar nyelvkönyvek</subfield>
    </datafield>
    <datafield tag="700" ind1="1" ind2=" ">
      <subfield code="a">Mezei Lajos</subfield>
    </datafield>
    <datafield tag="700" ind1="1" ind2=" ">
      <subfield code="a">Békéssy Gábor</subfield>
    </datafield>
    <datafield tag="710" ind1="2" ind2=" ">
      <subfield code="a">Nemzetközi Előkészítő Intézet (Budapest)</subfield>
    </datafield>
    <datafield tag="852" ind1=" " ind2=" ">
      <subfield code="a">D1</subfield>
      <subfield code="b">D1</subfield>
      <subfield code="x">ISISFEF0007085</subfield>
    </datafield>
    <datafield tag="852" ind1=" " ind2=" ">
      <subfield code="a">B14</subfield>
      <subfield code="b">B14</subfield>
      <subfield code="x">378770</subfield>
    </datafield>
    <datafield tag="852" ind1=" " ind2=" ">
      <subfield code="a">P1</subfield>
      <subfield code="b">P1/FK</subfield>
      <subfield code="x">bibJPT00129316</subfield>
    </datafield>
    <datafield tag="852" ind1=" " ind2=" ">
      <subfield code="a">S1</subfield>
      <subfield code="b">S1</subfield>
      <subfield code="x">bibJPT00129316</subfield>
    </datafield>
  </record>
  <record>
    <leader>00808fam  22002411  4500</leader>
    <controlfield tag="001">MOKKAZ0004252778  </controlfield>
    <controlfield tag="005">20040910053850.0</controlfield>
    <controlfield tag="008">      s1994                        und d</controlfield>
    <datafield tag="020" ind1=" " ind2=" ">
      <subfield code="a">963-18-6028-0 (fűzött) :</subfield>
      <subfield code="c">998,-Ft</subfield>
    </datafield>
    <datafield tag="035" ind1=" " ind2=" ">
      <subfield code="a">bibFSZ00098347</subfield>
    </datafield>
    <datafield tag="040" ind1=" " ind2=" ">
      <subfield code="a">FSZEK</subfield>
    </datafield>
    <datafield tag="100" ind1="1" ind2=" ">
      <subfield code="a">Somos Béla</subfield>
    </datafield>
    <datafield tag="245" ind1="1" ind2="0">
      <subfield code="a">1000 szó magyarul : </subfield>
      <subfield code="b">magyar nyelvkönyv kezdőknek /</subfield>
      <subfield code="c">Somos Béla ; [a rajzokat kész. Mekkey Péter]</subfield>
    </datafield>
    <datafield tag="260" ind1=" " ind2=" ">
      <subfield code="a">[Budapest] :</subfield>
      <subfield code="b">Nemzeti Tankönyvkiadó,</subfield>
      <subfield code="c">[1994]</subfield>
    </datafield>
    <datafield tag="300" ind1=" " ind2=" ">
      <subfield code="a">255 p. :</subfield>
      <subfield code="b">ill. ;</subfield>
      <subfield code="c">29 cm</subfield>
    </datafield>
    <datafield tag="650" ind1=" " ind2="4">
      <subfield code="a">Nyelvkönyvek</subfield>
    </datafield>
    <datafield tag="650" ind1=" " ind2="4">
      <subfield code="a">Magyar nyelvkönyv</subfield>
    </datafield>
    <datafield tag="650" ind1=" " ind2="4">
      <subfield code="a">Nyelvkönyv, magyar</subfield>
    </datafield>
    <datafield tag="700" ind1="1" ind2=" ">
      <subfield code="a">Mekkey Péter</subfield>
      <subfield code="4">ill.</subfield>
    </datafield>
    <datafield tag="852" ind1=" " ind2=" ">
      <subfield code="a">B10</subfield>
      <subfield code="B">1105</subfield>
      <subfield code="b">1004</subfield>
      <subfield code="x">bibFSZ00098347</subfield>
    </datafield>
    <datafield tag="852" ind1=" " ind2=" ">
      <subfield code="a">P1</subfield>
      <subfield code="b">P1/FK</subfield>
      <subfield code="x">bibJPT00158596</subfield>
    </datafield>
    <datafield tag="852" ind1=" " ind2=" ">
      <subfield code="a">SZL1</subfield>
      <subfield code="b">SZL1</subfield>
      <subfield code="x">bibVFK00123773</subfield>
    </datafield>
    <datafield tag="852" ind1=" " ind2=" ">
      <subfield code="a">BCS1</subfield>
      <subfield code="b">BCS1</subfield>
      <subfield code="x">bibBKO00193509</subfield>
    </datafield>
  </record>
  <record>
    <leader>00901fam  2200265 i 4500</leader>
    <controlfield tag="001">MOKKAZ0006411701  </controlfield>
    <controlfield tag="005">20040915201202.0</controlfield>
    <controlfield tag="008">011029s2000    hu a   c      000 0 hun d</controlfield>
    <datafield tag="020" ind1=" " ind2=" ">
      <subfield code="a">963-19-1118-7</subfield>
    </datafield>
    <datafield tag="035" ind1=" " ind2=" ">
      <subfield code="a">904721</subfield>
    </datafield>
    <datafield tag="040" ind1=" " ind2=" ">
      <subfield code="a">OSZK</subfield>
    </datafield>
    <datafield tag="041" ind1="0" ind2=" ">
      <subfield code="a">hunhun</subfield>
    </datafield>
    <datafield tag="100" ind1="1" ind2=" ">
      <subfield code="a">Somos Béla</subfield>
    </datafield>
    <datafield tag="245" ind1="1" ind2="0">
      <subfield code="a">1000 szó magyarul : </subfield>
      <subfield code="b">magyar nyelvkönyv kezdőknek /</subfield>
      <subfield code="c">Somos Béla ; [a szerző mtársai Sárkány Anna, Somos Péter, ... Mihálka Szabolcsné] ; [a rajzokat kész. Mekkey Péter].</subfield>
    </datafield>
    <datafield tag="250" ind1=" " ind2=" ">
      <subfield code="a">2. kiad.</subfield>
    </datafield>
    <datafield tag="260" ind1=" " ind2=" ">
      <subfield code="a">Budapest :</subfield>
      <subfield code="b">Nemz. Tankvk.,</subfield>
      <subfield code="c">2000</subfield>
    </datafield>
    <datafield tag="300" ind1=" " ind2=" ">
      <subfield code="a">224 p. :</subfield>
      <subfield code="b">ill. ;</subfield>
      <subfield code="c">30 cm</subfield>
    </datafield>
    <datafield tag="700" ind1="1" ind2=" ">
      <subfield code="a">Sárkány Anna</subfield>
      <subfield code="4">(közrem.)</subfield>
    </datafield>
    <datafield tag="700" ind1="1" ind2=" ">
      <subfield code="a">Mekkey Péter</subfield>
      <subfield code="4">(ill.)</subfield>
    </datafield>
    <datafield tag="700" ind1="1" ind2=" ">
      <subfield code="a">Somos Péter</subfield>
      <subfield code="4">(közrem.)</subfield>
    </datafield>
    <datafield tag="700" ind1="1" ind2=" ">
      <subfield code="a">Mihálka Szabolcsné</subfield>
      <subfield code="4">(közrem.)</subfield>
    </datafield>
    <datafield tag="852" ind1=" " ind2=" ">
      <subfield code="a">B1</subfield>
      <subfield code="b">B1</subfield>
      <subfield code="x">904721</subfield>
    </datafield>
    <datafield tag="852" ind1=" " ind2=" ">
      <subfield code="a">B10</subfield>
      <subfield code="b">0801</subfield>
      <subfield code="x">bibFSZ00351338</subfield>
    </datafield>
    <datafield tag="852" ind1=" " ind2=" ">
      <subfield code="a">P1</subfield>
      <subfield code="b">P1/FK</subfield>
      <subfield code="x">bibJPT00166528</subfield>
    </datafield>
    <datafield tag="852" ind1=" " ind2=" ">
      <subfield code="a">SZO1</subfield>
      <subfield code="b">SZO1</subfield>
      <subfield code="x">150151108</subfield>
    </datafield>
  </record>
  <record>
    <leader>00736nam  2200217 i 4500</leader>
    <controlfield tag="001">MOKKAN0004467911  </controlfield>
    <controlfield tag="005">20070426130924.0</controlfield>
    <controlfield tag="008">070301s2006    hu a   c      000 0 hun d</controlfield>
    <datafield tag="020" ind1=" " ind2=" ">
      <subfield code="a">963-18-6028-0 (fűzött)</subfield>
    </datafield>
    <datafield tag="035" ind1=" " ind2=" ">
      <subfield code="a">2643351</subfield>
    </datafield>
    <datafield tag="040" ind1=" " ind2=" ">
      <subfield code="a">OSZK</subfield>
    </datafield>
    <datafield tag="041" ind1="0" ind2=" ">
      <subfield code="a">hunhun</subfield>
    </datafield>
    <datafield tag="100" ind1="1" ind2=" ">
      <subfield code="a">Somos Béla</subfield>
      <subfield code="d">(1938-)</subfield>
    </datafield>
    <datafield tag="245" ind1="1" ind2="0">
      <subfield code="a">1000 szó magyarul : </subfield>
      <subfield code="b">magyar nyelvkönyv kezdőknek /</subfield>
      <subfield code="c">Somos Béla ; [a szerző mtársai Sárkány Anna, Somos Péter] ; [a rajzokat kész. Mekkey Péter].</subfield>
    </datafield>
    <datafield tag="260" ind1=" " ind2=" ">
      <subfield code="a">Budapest :</subfield>
      <subfield code="b">Nemz. Tankvk.,</subfield>
      <subfield code="c">2006</subfield>
    </datafield>
    <datafield tag="300" ind1=" " ind2=" ">
      <subfield code="a">224 p. :</subfield>
      <subfield code="b">ill. ;</subfield>
      <subfield code="c">29 cm</subfield>
    </datafield>
    <datafield tag="650" ind1="1" ind2="7">
      <subfield code="a">magyar nyelv</subfield>
      <subfield code="2">oszk</subfield>
    </datafield>
    <datafield tag="700" ind1="1" ind2=" ">
      <subfield code="a">Sárkány Anna</subfield>
      <subfield code="4">(közrem.)</subfield>
    </datafield>
    <datafield tag="700" ind1="1" ind2=" ">
      <subfield code="a">Mekkey Péter</subfield>
      <subfield code="4">(ill.)</subfield>
    </datafield>
    <datafield tag="700" ind1="1" ind2=" ">
      <subfield code="a">Somos Péter</subfield>
      <subfield code="4">(közrem.)</subfield>
    </datafield>
    <datafield tag="852" ind1=" " ind2=" ">
      <subfield code="a">B1</subfield>
      <subfield code="b">B1</subfield>
      <subfield code="x">2643351</subfield>
    </datafield>
  </record>
  <record>
    <leader>00474nam  2200157 i 4500</leader>
    <controlfield tag="001">MOKKAS0003239566  </controlfield>
    <controlfield tag="005">20060601111513.0</controlfield>
    <controlfield tag="008">050101s1984                            d</controlfield>
    <datafield tag="035" ind1=" " ind2=" ">
      <subfield code="a">129445</subfield>
    </datafield>
    <datafield tag="040" ind1=" " ind2=" ">
      <subfield code="a">KKMK</subfield>
    </datafield>
    <datafield tag="100" ind1="1" ind2=" ">
      <subfield code="a">Dšambadšancan Delgerdalajn</subfield>
    </datafield>
    <datafield tag="245" ind1="1" ind2="0">
      <subfield code="a">1000 szó mongolul /</subfield>
      <subfield code="c">Delgerdalajn Dšambadšancan ; Dulamin Sajndšargal</subfield>
    </datafield>
    <datafield tag="260" ind1=" " ind2=" ">
      <subfield code="a">Budapest :</subfield>
      <subfield code="b">Tankönyvkiadó,</subfield>
      <subfield code="c">1984</subfield>
    </datafield>
    <datafield tag="300" ind1=" " ind2=" ">
      <subfield code="a">390 p. ;</subfield>
      <subfield code="c">10x14 cm</subfield>
    </datafield>
    <datafield tag="700" ind1="1" ind2="0">
      <subfield code="a">Sajndšargal Dulamin</subfield>
    </datafield>
    <datafield tag="852" ind1=" " ind2=" ">
      <subfield code="a">GY1</subfield>
      <subfield code="b">GY1</subfield>
      <subfield code="x">129445</subfield>
    </datafield>
  </record>
  <record>
    <leader>01010cam  22003135i 4500</leader>
    <controlfield tag="001">MOKKAZ0005153581  </controlfield>
    <controlfield tag="005">20040910155052.0</controlfield>
    <controlfield tag="008">991117s1984    hu            00  0 hun d</controlfield>
    <datafield tag="020" ind1=" " ind2=" ">
      <subfield code="a">963-17-7035-4 (fűzött) :</subfield>
      <subfield code="c">26,- Ft</subfield>
    </datafield>
    <datafield tag="035" ind1=" " ind2=" ">
      <subfield code="a">31991</subfield>
    </datafield>
    <datafield tag="040" ind1=" " ind2=" ">
      <subfield code="a">ELTE</subfield>
    </datafield>
    <datafield tag="041" ind1="0" ind2=" ">
      <subfield code="a">hunmon</subfield>
    </datafield>
    <datafield tag="100" ind1="1" ind2=" ">
      <subfield code="a">Dzambadzancan, Delgerdalajn</subfield>
    </datafield>
    <datafield tag="245" ind1="1" ind2="0">
      <subfield code="a">1000 szó mongolul</subfield>
      <subfield code="c">/Delgerdalajn Dzsambadzsancan, Dulamin Szajndzsargal. -</subfield>
    </datafield>
    <datafield tag="260" ind1=" " ind2=" ">
      <subfield code="a">Budapest :</subfield>
      <subfield code="b">Tankönyvkiadó,</subfield>
      <subfield code="c">1984. -</subfield>
    </datafield>
    <datafield tag="300" ind1=" " ind2=" ">
      <subfield code="a">390,2 p. ;</subfield>
      <subfield code="c">10 cm. [haránt]</subfield>
    </datafield>
    <datafield tag="650" ind1="0" ind2="4">
      <subfield code="a">mongol nyelvkönyv</subfield>
      <subfield code="x">magyar nyelven</subfield>
    </datafield>
    <datafield tag="650" ind1=" " ind2="4">
      <subfield code="a">Mongol nyelv</subfield>
    </datafield>
    <datafield tag="650" ind1=" " ind2="4">
      <subfield code="a">Szótárak</subfield>
    </datafield>
    <datafield tag="650" ind1=" " ind2="4">
      <subfield code="a">Magyar nyelv</subfield>
      <subfield code="x">szótárak</subfield>
      <subfield code="x">mongol</subfield>
    </datafield>
    <datafield tag="650" ind1=" " ind2="4">
      <subfield code="a">Mongol nyelv</subfield>
      <subfield code="x">tankönyvek idegen ajkúaknak</subfield>
      <subfield code="x">magyar</subfield>
    </datafield>
    <datafield tag="695" ind1=" " ind2=" ">
      <subfield code="a">Mongol nyelv</subfield>
      <subfield code="x">szótár</subfield>
    </datafield>
    <datafield tag="695" ind1=" " ind2=" ">
      <subfield code="a">xxx</subfield>
    </datafield>
    <datafield tag="700" ind1="1" ind2=" ">
      <subfield code="a">Sajndzargal, Dulamin</subfield>
    </datafield>
    <datafield tag="852" ind1=" " ind2=" ">
      <subfield code="a">B2</subfield>
      <subfield code="b">B2</subfield>
      <subfield code="x">31991</subfield>
    </datafield>
    <datafield tag="852" ind1=" " ind2=" ">
      <subfield code="a">BCS1</subfield>
      <subfield code="b">BCS1</subfield>
      <subfield code="x">bibBKO00122660</subfield>
    </datafield>
    <datafield tag="852" ind1=" " ind2=" ">
      <subfield code="a">SZL1</subfield>
      <subfield code="b">SZL1</subfield>
      <subfield code="x">bibVFK00147646</subfield>
    </datafield>
    <datafield tag="852" ind1=" " ind2=" ">
      <subfield code="a">SZ4</subfield>
      <subfield code="b">SZ4</subfield>
      <subfield code="x">bibSOK00098207</subfield>
    </datafield>
    <datafield tag="852" ind1=" " ind2=" ">
      <subfield code="a">SZK1</subfield>
      <subfield code="b">SZK1</subfield>
      <subfield code="x">bibTMK125871</subfield>
    </datafield>
  </record>
  <record>
    <leader>00836fam  2200277 i 4500</leader>
    <controlfield tag="001">MOKKAZ0006266910  </controlfield>
    <controlfield tag="005">20091109220451.0</controlfield>
    <controlfield tag="008">940510t19841984hu       d    000 0 hun d</controlfield>
    <datafield tag="020" ind1=" " ind2=" ">
      <subfield code="a">963-17-7035-4 (fűzött)</subfield>
    </datafield>
    <datafield tag="035" ind1=" " ind2=" ">
      <subfield code="a">634011</subfield>
    </datafield>
    <datafield tag="040" ind1=" " ind2=" ">
      <subfield code="a">OSZK</subfield>
    </datafield>
    <datafield tag="041" ind1="0" ind2=" ">
      <subfield code="a">hunmonhun</subfield>
    </datafield>
    <datafield tag="100" ind1="1" ind2=" ">
      <subfield code="a">Dzhambadzhancan, Delgerdalajn</subfield>
    </datafield>
    <datafield tag="245" ind1="1" ind2="0">
      <subfield code="a">1000 szó mongolul /</subfield>
      <subfield code="c">Delgerdalajn Dzsambadzsancan, Dulamín Szajndzsargal</subfield>
    </datafield>
    <datafield tag="260" ind1=" " ind2=" ">
      <subfield code="a">Budapest :</subfield>
      <subfield code="b">Tankvk.,</subfield>
      <subfield code="c">1984</subfield>
      <subfield code="e">(Budapest</subfield>
      <subfield code="f">Egy. Ny.)</subfield>
    </datafield>
    <datafield tag="300" ind1=" " ind2=" ">
      <subfield code="a">390 p. ;</subfield>
      <subfield code="c">10x14 cm</subfield>
    </datafield>
    <datafield tag="500" ind1=" " ind2=" ">
      <subfield code="a">1900</subfield>
    </datafield>
    <datafield tag="650" ind1=" " ind2="7">
      <subfield code="a">mongol nyelv</subfield>
      <subfield code="2">opkm</subfield>
    </datafield>
    <datafield tag="650" ind1=" " ind2="7">
      <subfield code="a">magyar nyelv</subfield>
      <subfield code="2">opkm</subfield>
    </datafield>
    <datafield tag="653" ind1=" " ind2=" ">
      <subfield code="a">nyelvkalauz</subfield>
    </datafield>
    <datafield tag="700" ind1="1" ind2="0">
      <subfield code="a">Sajndzhargal, Dulamin</subfield>
    </datafield>
    <datafield tag="852" ind1=" " ind2=" ">
      <subfield code="a">B1</subfield>
      <subfield code="b">B1</subfield>
      <subfield code="x">634011</subfield>
    </datafield>
    <datafield tag="852" ind1=" " ind2=" ">
      <subfield code="a">B10</subfield>
      <subfield code="B">0801</subfield>
      <subfield code="B">2101</subfield>
      <subfield code="b">1201</subfield>
      <subfield code="x">bibFSZ00029520</subfield>
    </datafield>
    <datafield tag="852" ind1=" " ind2=" ">
      <subfield code="a">P1</subfield>
      <subfield code="b">P1</subfield>
      <subfield code="x">963 17 7035 4</subfield>
    </datafield>
    <datafield tag="852" ind1=" " ind2=" ">
      <subfield code="a">B8</subfield>
      <subfield code="b">B8</subfield>
      <subfield code="x">OGYK000132774</subfield>
    </datafield>
    <datafield tag="852" ind1=" " ind2=" ">
      <subfield code="a">B7</subfield>
      <subfield code="b">B7</subfield>
      <subfield code="x">218820</subfield>
    </datafield>
  </record>
  <record>
    <leader>00305nam  2200121 i 4500</leader>
    <controlfield tag="001">MOKKAS0001310618  </controlfield>
    <controlfield tag="005">20060112213107.0</controlfield>
    <controlfield tag="008">      b        hu            00010 hun d</controlfield>
    <datafield tag="035" ind1=" " ind2=" ">
      <subfield code="a">bibRFK00139272</subfield>
    </datafield>
    <datafield tag="040" ind1=" " ind2=" ">
      <subfield code="a">RFMK</subfield>
    </datafield>
    <datafield tag="245" ind1="0" ind2="0">
      <subfield code="a">1000 szó németül</subfield>
    </datafield>
    <datafield tag="852" ind1=" " ind2=" ">
      <subfield code="a">M2</subfield>
      <subfield code="b">M2</subfield>
      <subfield code="x">bibRFK00139272</subfield>
    </datafield>
    <datafield tag="852" ind1=" " ind2=" ">
      <subfield code="a">M2</subfield>
      <subfield code="b">M2</subfield>
      <subfield code="x">bibRFK00157515</subfield>
    </datafield>
  </record>
  <record>
    <leader>00679nama 22002291i 4500</leader>
    <controlfield tag="001">MOKKAS0000448819  </controlfield>
    <controlfield tag="005">20050923132809.0</controlfield>
    <controlfield tag="008">040607s1968    hu            000 0 hunod</controlfield>
    <datafield tag="020" ind1=" " ind2=" ">
      <subfield code="a">(fűzött) :</subfield>
      <subfield code="c">10,- Ft</subfield>
    </datafield>
    <datafield tag="035" ind1=" " ind2=" ">
      <subfield code="a">1207581</subfield>
    </datafield>
    <datafield tag="040" ind1=" " ind2=" ">
      <subfield code="a">OSZK</subfield>
    </datafield>
    <datafield tag="041" ind1="0" ind2=" ">
      <subfield code="a">hungerhun</subfield>
    </datafield>
    <datafield tag="100" ind1="1" ind2=" ">
      <subfield code="a">Szirmai Gina</subfield>
    </datafield>
    <datafield tag="245" ind1="1" ind2="0">
      <subfield code="a">1000 szó németül /</subfield>
      <subfield code="c">[Szirmai Gina, Verbényi László]</subfield>
    </datafield>
    <datafield tag="250" ind1=" " ind2=" ">
      <subfield code="a">2. átd. kiad.</subfield>
    </datafield>
    <datafield tag="260" ind1=" " ind2=" ">
      <subfield code="a">Budapest :</subfield>
      <subfield code="b">Tankönyvkiadó,</subfield>
      <subfield code="c">1968</subfield>
      <subfield code="e">(Budapest</subfield>
      <subfield code="f">Zrínyi Ny.)</subfield>
    </datafield>
    <datafield tag="300" ind1=" " ind2=" ">
      <subfield code="a">304 p. ;</subfield>
      <subfield code="c">Har. 14 cm</subfield>
    </datafield>
    <datafield tag="700" ind1="1" ind2="0">
      <subfield code="a">Verbényi László</subfield>
    </datafield>
    <datafield tag="852" ind1=" " ind2=" ">
      <subfield code="a">B1</subfield>
      <subfield code="b">B1</subfield>
      <subfield code="x">1207581</subfield>
    </datafield>
    <datafield tag="852" ind1=" " ind2=" ">
      <subfield code="a">GY1</subfield>
      <subfield code="b">GY1</subfield>
      <subfield code="x">300677</subfield>
    </datafield>
    <datafield tag="852" ind1=" " ind2=" ">
      <subfield code="a">BCS1</subfield>
      <subfield code="b">BCS1</subfield>
      <subfield code="x">bibBKO00171171</subfield>
    </datafield>
    <datafield tag="852" ind1=" " ind2=" ">
      <subfield code="a">B10</subfield>
      <subfield code="b">B10</subfield>
      <subfield code="x">bibFSZ00073476</subfield>
    </datafield>
  </record>
  <record>
    <leader>00673nama 22002291i 4500</leader>
    <controlfield tag="001">MOKKAS0000449372  </controlfield>
    <controlfield tag="005">20060117163945.0</controlfield>
    <controlfield tag="008">040607s1970    hu            000 0 hunod</controlfield>
    <datafield tag="020" ind1=" " ind2=" ">
      <subfield code="a">(fűzött) :</subfield>
      <subfield code="c">10,- Ft</subfield>
    </datafield>
    <datafield tag="035" ind1=" " ind2=" ">
      <subfield code="a">1208134</subfield>
    </datafield>
    <datafield tag="040" ind1=" " ind2=" ">
      <subfield code="a">OSZK</subfield>
    </datafield>
    <datafield tag="041" ind1="0" ind2=" ">
      <subfield code="a">gerhunhun</subfield>
    </datafield>
    <datafield tag="100" ind1="1" ind2=" ">
      <subfield code="a">Szirmai Gina</subfield>
    </datafield>
    <datafield tag="245" ind1="1" ind2="0">
      <subfield code="a">1000 szó németül /</subfield>
      <subfield code="c">[Szirmai Gina, Verbényi László]</subfield>
    </datafield>
    <datafield tag="250" ind1=" " ind2=" ">
      <subfield code="a">3. kiad.</subfield>
    </datafield>
    <datafield tag="260" ind1=" " ind2=" ">
      <subfield code="a">Budapest :</subfield>
      <subfield code="b">Tankönyvkiadó,</subfield>
      <subfield code="c">1970</subfield>
      <subfield code="e">(Budapest</subfield>
      <subfield code="f">Zrínyi Ny.)</subfield>
    </datafield>
    <datafield tag="300" ind1=" " ind2=" ">
      <subfield code="a">304 p. ;</subfield>
      <subfield code="c">Har. 14 cm</subfield>
    </datafield>
    <datafield tag="700" ind1="1" ind2="0">
      <subfield code="a">Verbényi László</subfield>
    </datafield>
    <datafield tag="852" ind1=" " ind2=" ">
      <subfield code="a">B1</subfield>
      <subfield code="b">B1</subfield>
      <subfield code="x">1208134</subfield>
    </datafield>
    <datafield tag="852" ind1=" " ind2=" ">
      <subfield code="a">GY1</subfield>
      <subfield code="b">GY1</subfield>
      <subfield code="x">211324</subfield>
    </datafield>
    <datafield tag="852" ind1=" " ind2=" ">
      <subfield code="a">BCS1</subfield>
      <subfield code="b">BCS1</subfield>
      <subfield code="x">bibBKO00143530</subfield>
    </datafield>
    <datafield tag="852" ind1=" " ind2=" ">
      <subfield code="a">B10</subfield>
      <subfield code="b">B10</subfield>
      <subfield code="x">bibFSZ00048041</subfield>
    </datafield>
  </record>
  <record>
    <leader>00805nama 22002651i 4500</leader>
    <controlfield tag="001">MOKKAS0000449888  </controlfield>
    <controlfield tag="005">20060117164122.0</controlfield>
    <controlfield tag="008">040607s1973    hu            000 0 hunod</controlfield>
    <datafield tag="020" ind1=" " ind2=" ">
      <subfield code="a">(fűzött) :</subfield>
      <subfield code="c">10,- Ft</subfield>
    </datafield>
    <datafield tag="035" ind1=" " ind2=" ">
      <subfield code="a">1208650</subfield>
    </datafield>
    <datafield tag="040" ind1=" " ind2=" ">
      <subfield code="a">OSZK</subfield>
    </datafield>
    <datafield tag="041" ind1="0" ind2=" ">
      <subfield code="a">gerhunhun</subfield>
    </datafield>
    <datafield tag="100" ind1="1" ind2=" ">
      <subfield code="a">Szirmai Gina</subfield>
    </datafield>
    <datafield tag="245" ind1="1" ind2="0">
      <subfield code="a">1000 szó németül /</subfield>
      <subfield code="c">[Szirmai Gina, Verbényi László]</subfield>
    </datafield>
    <datafield tag="250" ind1=" " ind2=" ">
      <subfield code="a">4. kiad.</subfield>
    </datafield>
    <datafield tag="260" ind1=" " ind2=" ">
      <subfield code="a">Budapest :</subfield>
      <subfield code="b">Tankönyvkiadó,</subfield>
      <subfield code="c">1973</subfield>
      <subfield code="e">(Budapest</subfield>
      <subfield code="f">Zrínyi Ny.)</subfield>
    </datafield>
    <datafield tag="300" ind1=" " ind2=" ">
      <subfield code="a">304 p. ;</subfield>
      <subfield code="c">Har. 14 cm</subfield>
    </datafield>
    <datafield tag="650" ind1="0" ind2="4">
      <subfield code="a">német nyelvkönyv</subfield>
      <subfield code="x">társalgás</subfield>
    </datafield>
    <datafield tag="650" ind1="0" ind2="4">
      <subfield code="a">társalgási nyelv</subfield>
      <subfield code="z">német</subfield>
    </datafield>
    <datafield tag="700" ind1="1" ind2="0">
      <subfield code="a">Verbényi László</subfield>
      <subfield code="d">(1910-)</subfield>
    </datafield>
    <datafield tag="852" ind1=" " ind2=" ">
      <subfield code="a">B1</subfield>
      <subfield code="b">B1</subfield>
      <subfield code="x">1208650</subfield>
    </datafield>
    <datafield tag="852" ind1=" " ind2=" ">
      <subfield code="a">H1</subfield>
      <subfield code="b">H1</subfield>
      <subfield code="x">NLVK92286</subfield>
    </datafield>
    <datafield tag="852" ind1=" " ind2=" ">
      <subfield code="a">BCS1</subfield>
      <subfield code="b">BCS1</subfield>
      <subfield code="x">bibBKO00160010</subfield>
    </datafield>
    <datafield tag="852" ind1=" " ind2=" ">
      <subfield code="a">M1</subfield>
      <subfield code="b">M1</subfield>
      <subfield code="x">112795</subfield>
    </datafield>
    <datafield tag="852" ind1=" " ind2=" ">
      <subfield code="a">B10</subfield>
      <subfield code="b">B10</subfield>
      <subfield code="x">bibFSZ00063254</subfield>
    </datafield>
  </record>
  <record>
    <leader>01146fam  2200349 i 4500</leader>
    <controlfield tag="001">MOKKAZ0006265672  </controlfield>
    <controlfield tag="005">20100301115135.0</controlfield>
    <controlfield tag="008">940510t19771976hu       d    000 0 hun d</controlfield>
    <datafield tag="020" ind1=" " ind2=" ">
      <subfield code="a">963-17-1651-1 (fűzött) :</subfield>
      <subfield code="c">10,- Ft</subfield>
    </datafield>
    <datafield tag="035" ind1=" " ind2=" ">
      <subfield code="a">630919</subfield>
    </datafield>
    <datafield tag="040" ind1=" " ind2=" ">
      <subfield code="a">OSZK</subfield>
    </datafield>
    <datafield tag="041" ind1="0" ind2=" ">
      <subfield code="a">hungerhun</subfield>
    </datafield>
    <datafield tag="100" ind1="1" ind2=" ">
      <subfield code="a">Szirmai Gina</subfield>
    </datafield>
    <datafield tag="245" ind1="1" ind2="0">
      <subfield code="a">1000 szó németül /</subfield>
      <subfield code="c">[... Szirmai Gina és Verbényi László munkája] ; [átdolgozta Verbényi László]</subfield>
    </datafield>
    <datafield tag="250" ind1=" " ind2=" ">
      <subfield code="a">5. kiad.</subfield>
    </datafield>
    <datafield tag="260" ind1=" " ind2=" ">
      <subfield code="a">Budapest :</subfield>
      <subfield code="b">Tankönyvkiadó,</subfield>
      <subfield code="c">1977</subfield>
      <subfield code="e">(Budapest</subfield>
      <subfield code="e">(Dabas</subfield>
      <subfield code="f">Dabasi Ny.)</subfield>
    </datafield>
    <datafield tag="300" ind1=" " ind2=" ">
      <subfield code="a">304 l. ;</subfield>
      <subfield code="c">10x14 cm</subfield>
    </datafield>
    <datafield tag="500" ind1=" " ind2=" ">
      <subfield code="a">103100</subfield>
    </datafield>
    <datafield tag="650" ind1=" " ind2="4">
      <subfield code="a">Német nyelv</subfield>
      <subfield code="x">szótárak</subfield>
      <subfield code="x">magyar</subfield>
    </datafield>
    <datafield tag="650" ind1=" " ind2="4">
      <subfield code="a">Magyar nyelv</subfield>
      <subfield code="x">szótárak</subfield>
      <subfield code="x">német</subfield>
    </datafield>
    <datafield tag="650" ind1=" " ind2="0">
      <subfield code="a">German language</subfield>
      <subfield code="x">Dictionaries</subfield>
      <subfield code="x">Hungarian.</subfield>
    </datafield>
    <datafield tag="650" ind1=" " ind2="0">
      <subfield code="a">Hungarian language</subfield>
      <subfield code="x">Dictionaries</subfield>
      <subfield code="x">German.</subfield>
    </datafield>
    <datafield tag="653" ind1=" " ind2=" ">
      <subfield code="a">magyar nyelv</subfield>
    </datafield>
    <datafield tag="653" ind1=" " ind2=" ">
      <subfield code="a">német nyelv</subfield>
    </datafield>
    <datafield tag="653" ind1=" " ind2=" ">
      <subfield code="a">szótár</subfield>
    </datafield>
    <datafield tag="700" ind1="1" ind2="0">
      <subfield code="a">Verbényi László</subfield>
    </datafield>
    <datafield tag="852" ind1=" " ind2=" ">
      <subfield code="a">B1</subfield>
      <subfield code="b">B1</subfield>
      <subfield code="x">630919</subfield>
    </datafield>
    <datafield tag="852" ind1=" " ind2=" ">
      <subfield code="a">D1</subfield>
      <subfield code="b">D108</subfield>
      <subfield code="x">bibKLT00341986</subfield>
    </datafield>
    <datafield tag="852" ind1=" " ind2=" ">
      <subfield code="a">B10</subfield>
      <subfield code="B">1302</subfield>
      <subfield code="b">1601</subfield>
      <subfield code="x">bibFSZ00077505</subfield>
    </datafield>
    <datafield tag="852" ind1=" " ind2=" ">
      <subfield code="a">BCS1</subfield>
      <subfield code="b">BCS1</subfield>
      <subfield code="x">bibBKO00175258</subfield>
    </datafield>
    <datafield tag="852" ind1=" " ind2=" ">
      <subfield code="a">M2</subfield>
      <subfield code="b">M2</subfield>
      <subfield code="x">bibRFK00101425</subfield>
    </datafield>
    <datafield tag="852" ind1=" " ind2=" ">
      <subfield code="a">B9</subfield>
      <subfield code="b">B9</subfield>
      <subfield code="x">477497</subfield>
    </datafield>
  </record>
  <record>
    <leader>01331fam  2200397 i 4500</leader>
    <controlfield tag="001">MOKKAZ0006266363  </controlfield>
    <controlfield tag="005">20100916170608.0</controlfield>
    <controlfield tag="008">940510t19801979hu       d    000 0 ger d</controlfield>
    <datafield tag="020" ind1=" " ind2=" ">
      <subfield code="a">963-17-4623-2 (fűzött)</subfield>
    </datafield>
    <datafield tag="035" ind1=" " ind2=" ">
      <subfield code="a">632751</subfield>
    </datafield>
    <datafield tag="040" ind1=" " ind2=" ">
      <subfield code="a">OSZK</subfield>
    </datafield>
    <datafield tag="041" ind1="0" ind2=" ">
      <subfield code="a">gerhunhun</subfield>
    </datafield>
    <datafield tag="080" ind1=" " ind2="0">
      <subfield code="a">803.0-318(078)=945.11</subfield>
    </datafield>
    <datafield tag="245" ind1="1" ind2="0">
      <subfield code="a">1000 szó németül /</subfield>
      <subfield code="c">[a német változat Szirmai Gina és Verbényi László munkája] ; [átdolgozta Verbényi László]</subfield>
    </datafield>
    <datafield tag="250" ind1=" " ind2=" ">
      <subfield code="a">6. kiad.</subfield>
    </datafield>
    <datafield tag="260" ind1=" " ind2=" ">
      <subfield code="a">Budapest :</subfield>
      <subfield code="b">Tankvk.,</subfield>
      <subfield code="c">1980</subfield>
      <subfield code="e">(Budapest</subfield>
      <subfield code="e">(Dabas</subfield>
      <subfield code="f">Dabasi Ny.)</subfield>
    </datafield>
    <datafield tag="300" ind1=" " ind2=" ">
      <subfield code="a">304 l. ;</subfield>
      <subfield code="c">10x14 cm</subfield>
    </datafield>
    <datafield tag="500" ind1=" " ind2=" ">
      <subfield code="a">24100</subfield>
    </datafield>
    <datafield tag="650" ind1=" " ind2="4">
      <subfield code="a">Német nyelv</subfield>
      <subfield code="x">szótárak</subfield>
      <subfield code="x">magyar</subfield>
    </datafield>
    <datafield tag="650" ind1=" " ind2="4">
      <subfield code="a">Magyar nyelv</subfield>
      <subfield code="x">szótárak</subfield>
      <subfield code="x">német</subfield>
    </datafield>
    <datafield tag="650" ind1=" " ind2="0">
      <subfield code="a">German language</subfield>
      <subfield code="x">Dictionaries</subfield>
      <subfield code="x">Hungarian.</subfield>
    </datafield>
    <datafield tag="650" ind1=" " ind2="0">
      <subfield code="a">Hungarian language</subfield>
      <subfield code="x">Dictionaries</subfield>
      <subfield code="x">German.</subfield>
    </datafield>
    <datafield tag="650" ind1=" " ind2="7">
      <subfield code="a">Német nyelvkönyv</subfield>
      <subfield code="2">szte</subfield>
    </datafield>
    <datafield tag="653" ind1=" " ind2=" ">
      <subfield code="a">magyar nyelv</subfield>
    </datafield>
    <datafield tag="653" ind1=" " ind2=" ">
      <subfield code="a">német nyelv</subfield>
    </datafield>
    <datafield tag="653" ind1=" " ind2=" ">
      <subfield code="a">szótár</subfield>
    </datafield>
    <datafield tag="700" ind1="1" ind2=" ">
      <subfield code="a">Szirmai Gina</subfield>
      <subfield code="4">(közrem.)</subfield>
    </datafield>
    <datafield tag="700" ind1="1" ind2=" ">
      <subfield code="a">Verbényi László</subfield>
      <subfield code="d">(1910-)</subfield>
      <subfield code="4">(közrem.)</subfield>
    </datafield>
    <datafield tag="852" ind1=" " ind2=" ">
      <subfield code="a">B1</subfield>
      <subfield code="b">B1</subfield>
      <subfield code="x">632751</subfield>
    </datafield>
    <datafield tag="852" ind1=" " ind2=" ">
      <subfield code="a">D1</subfield>
      <subfield code="b">D1</subfield>
      <subfield code="x">bibKLT00256060</subfield>
    </datafield>
    <datafield tag="852" ind1=" " ind2=" ">
      <subfield code="a">SZ1</subfield>
      <subfield code="b">SZ1</subfield>
      <subfield code="b">SZ1/R1</subfield>
      <subfield code="x">bibJAT00043592</subfield>
    </datafield>
    <datafield tag="852" ind1=" " ind2=" ">
      <subfield code="a">B10</subfield>
      <subfield code="b">B10</subfield>
      <subfield code="x">bibFSZ00056336</subfield>
    </datafield>
    <datafield tag="852" ind1=" " ind2=" ">
      <subfield code="a">P1</subfield>
      <subfield code="b">P1</subfield>
      <subfield code="x">963 17 4623 2</subfield>
    </datafield>
    <datafield tag="852" ind1=" " ind2=" ">
      <subfield code="a">BCS1</subfield>
      <subfield code="b">BCS1</subfield>
      <subfield code="x">bibBKO00152578</subfield>
    </datafield>
    <datafield tag="852" ind1=" " ind2=" ">
      <subfield code="a">S1</subfield>
      <subfield code="b">S1</subfield>
      <subfield code="x">bibFSZ00056336</subfield>
    </datafield>
    <datafield tag="852" ind1=" " ind2=" ">
      <subfield code="a">B9</subfield>
      <subfield code="b">B9</subfield>
      <subfield code="x">495384</subfield>
    </datafield>
  </record>
  <record>
    <leader>00959fam  2200289 i 4500</leader>
    <controlfield tag="001">MOKKAZ0006266613  </controlfield>
    <controlfield tag="005">20040915184055.0</controlfield>
    <controlfield tag="008">940510t19811981hu       d    000 0 hun d</controlfield>
    <datafield tag="020" ind1=" " ind2=" ">
      <subfield code="a">963-17-5752-8 (fűzött) :</subfield>
      <subfield code="c">17,- Ft</subfield>
    </datafield>
    <datafield tag="035" ind1=" " ind2=" ">
      <subfield code="a">633434</subfield>
    </datafield>
    <datafield tag="040" ind1=" " ind2=" ">
      <subfield code="a">OSZK</subfield>
    </datafield>
    <datafield tag="041" ind1="0" ind2=" ">
      <subfield code="a">hungerhun</subfield>
    </datafield>
    <datafield tag="100" ind1="1" ind2=" ">
      <subfield code="a">Szirmai Gina</subfield>
    </datafield>
    <datafield tag="245" ind1="1" ind2="0">
      <subfield code="a">1000 szó németül /</subfield>
      <subfield code="c">[a német változat Szirmai Gina és Verbényi László munkája] ; [átdolgozta Verbényi László]</subfield>
    </datafield>
    <datafield tag="250" ind1=" " ind2=" ">
      <subfield code="a">7. kiad.</subfield>
    </datafield>
    <datafield tag="260" ind1=" " ind2=" ">
      <subfield code="a">Budapest :</subfield>
      <subfield code="b">Tankvk.,</subfield>
      <subfield code="c">1981</subfield>
      <subfield code="e">(Budapest [etc.]</subfield>
      <subfield code="f">Dabasi Ny.)</subfield>
    </datafield>
    <datafield tag="300" ind1=" " ind2=" ">
      <subfield code="a">304 p. ;</subfield>
      <subfield code="c">10x14 cm</subfield>
    </datafield>
    <datafield tag="500" ind1=" " ind2=" ">
      <subfield code="a">22500</subfield>
    </datafield>
    <datafield tag="650" ind1=" " ind2="4">
      <subfield code="a">Német nyelv</subfield>
      <subfield code="x">szótárak</subfield>
      <subfield code="x">magyar</subfield>
    </datafield>
    <datafield tag="650" ind1=" " ind2="0">
      <subfield code="a">German language</subfield>
      <subfield code="x">Dictionaries</subfield>
      <subfield code="x">Hungarian.</subfield>
    </datafield>
    <datafield tag="700" ind1="1" ind2="0">
      <subfield code="a">Verbényi László</subfield>
    </datafield>
    <datafield tag="852" ind1=" " ind2=" ">
      <subfield code="a">B1</subfield>
      <subfield code="b">B1</subfield>
      <subfield code="x">633434</subfield>
    </datafield>
    <datafield tag="852" ind1=" " ind2=" ">
      <subfield code="a">D1</subfield>
      <subfield code="b">D1</subfield>
      <subfield code="x">963 17 5752 8</subfield>
    </datafield>
    <datafield tag="852" ind1=" " ind2=" ">
      <subfield code="a">B10</subfield>
      <subfield code="b">0602</subfield>
      <subfield code="x">bibFSZ00038255</subfield>
    </datafield>
    <datafield tag="852" ind1=" " ind2=" ">
      <subfield code="a">P1</subfield>
      <subfield code="b">P1</subfield>
      <subfield code="x">963 17 5752 8</subfield>
    </datafield>
    <datafield tag="852" ind1=" " ind2=" ">
      <subfield code="a">BCS1</subfield>
      <subfield code="b">BCS1</subfield>
      <subfield code="x">bibBKO00132548</subfield>
    </datafield>
    <datafield tag="852" ind1=" " ind2=" ">
      <subfield code="a">M2</subfield>
      <subfield code="b">M2</subfield>
      <subfield code="x">bibRFK00089681</subfield>
    </datafield>
  </record>
  <record>
    <leader>00827fam  2200265 i 4500</leader>
    <controlfield tag="001">MOKKAZ0006266831  </controlfield>
    <controlfield tag="005">20040915184102.0</controlfield>
    <controlfield tag="008">940510s1982    hu       d    000 0 hun d</controlfield>
    <datafield tag="020" ind1=" " ind2=" ">
      <subfield code="a">963-17-6670-5 (fűzött) :</subfield>
      <subfield code="c">17,- Ft</subfield>
    </datafield>
    <datafield tag="035" ind1=" " ind2=" ">
      <subfield code="a">633855</subfield>
    </datafield>
    <datafield tag="040" ind1=" " ind2=" ">
      <subfield code="a">OSZK</subfield>
    </datafield>
    <datafield tag="041" ind1="0" ind2=" ">
      <subfield code="a">hungerhun</subfield>
    </datafield>
    <datafield tag="100" ind1="1" ind2=" ">
      <subfield code="a">Szirmai Gina</subfield>
    </datafield>
    <datafield tag="245" ind1="1" ind2="0">
      <subfield code="a">1000 szó németül /</subfield>
      <subfield code="c">[... Szirmai Gina és Verbényi László munkája] ; [átd. Verbényi László]</subfield>
    </datafield>
    <datafield tag="250" ind1=" " ind2=" ">
      <subfield code="a">8. kiad.</subfield>
    </datafield>
    <datafield tag="260" ind1=" " ind2=" ">
      <subfield code="a">Budapest :</subfield>
      <subfield code="b">Tankvk.,</subfield>
      <subfield code="c">1982</subfield>
      <subfield code="e">([Budapest]</subfield>
      <subfield code="f">SKV)</subfield>
    </datafield>
    <datafield tag="300" ind1=" " ind2=" ">
      <subfield code="a">304 p. ;</subfield>
      <subfield code="c">10x14 cm</subfield>
    </datafield>
    <datafield tag="500" ind1=" " ind2=" ">
      <subfield code="a">53600</subfield>
    </datafield>
    <datafield tag="700" ind1="1" ind2="0">
      <subfield code="a">Verbényi László</subfield>
    </datafield>
    <datafield tag="852" ind1=" " ind2=" ">
      <subfield code="a">B1</subfield>
      <subfield code="b">B1</subfield>
      <subfield code="x">633855</subfield>
    </datafield>
    <datafield tag="852" ind1=" " ind2=" ">
      <subfield code="a">B10</subfield>
      <subfield code="b">B10</subfield>
      <subfield code="x">bibFSZ00042310</subfield>
    </datafield>
    <datafield tag="852" ind1=" " ind2=" ">
      <subfield code="a">P1</subfield>
      <subfield code="b">P1/FK</subfield>
      <subfield code="x">bibJPT00185648</subfield>
    </datafield>
    <datafield tag="852" ind1=" " ind2=" ">
      <subfield code="a">BCS1</subfield>
      <subfield code="b">BCS1</subfield>
      <subfield code="x">bibBKO00136795</subfield>
    </datafield>
    <datafield tag="852" ind1=" " ind2=" ">
      <subfield code="a">SZL1</subfield>
      <subfield code="b">SZL1</subfield>
      <subfield code="x">bibVFK00123687</subfield>
    </datafield>
    <datafield tag="852" ind1=" " ind2=" ">
      <subfield code="a">M2</subfield>
      <subfield code="b">M2</subfield>
      <subfield code="x">bibRFK00086526</subfield>
    </datafield>
  </record>
  <record>
    <leader>00969fam  2200289 i 4500</leader>
    <controlfield tag="001">MOKKAZ0006267684  </controlfield>
    <controlfield tag="005">20090505174952.0</controlfield>
    <controlfield tag="008">940510t19871987hu       d    000 0 hun d</controlfield>
    <datafield tag="020" ind1=" " ind2=" ">
      <subfield code="a">963-17-9964-6 (fűzött) :</subfield>
      <subfield code="c">26,- Ft</subfield>
    </datafield>
    <datafield tag="035" ind1=" " ind2=" ">
      <subfield code="a">635437</subfield>
    </datafield>
    <datafield tag="040" ind1=" " ind2=" ">
      <subfield code="a">OSZK</subfield>
    </datafield>
    <datafield tag="041" ind1="0" ind2=" ">
      <subfield code="a">hungerhun</subfield>
    </datafield>
    <datafield tag="100" ind1="1" ind2=" ">
      <subfield code="a">Szirmai Gina</subfield>
    </datafield>
    <datafield tag="245" ind1="1" ind2="0">
      <subfield code="a">1000 szó németül /</subfield>
      <subfield code="c">[... Szirmai Gina és Verbényi László munkája] ; [átd. Verbényi László]</subfield>
    </datafield>
    <datafield tag="250" ind1=" " ind2=" ">
      <subfield code="a">9. jav. kiad.</subfield>
    </datafield>
    <datafield tag="260" ind1=" " ind2=" ">
      <subfield code="a">Budapest :</subfield>
      <subfield code="b">Tankvk.,</subfield>
      <subfield code="c">1987</subfield>
      <subfield code="e">(Budapest [etc.]</subfield>
      <subfield code="f">Dabasi Ny.)</subfield>
    </datafield>
    <datafield tag="300" ind1=" " ind2=" ">
      <subfield code="a">304 p. ;</subfield>
      <subfield code="c">10x14 cm</subfield>
    </datafield>
    <datafield tag="500" ind1=" " ind2=" ">
      <subfield code="a">37000</subfield>
    </datafield>
    <datafield tag="650" ind1=" " ind2="7">
      <subfield code="a">Német nyelvkönyv</subfield>
      <subfield code="x">társalgási gyakorlatok</subfield>
      <subfield code="2">szte</subfield>
    </datafield>
    <datafield tag="700" ind1="1" ind2="0">
      <subfield code="a">Verbényi László</subfield>
      <subfield code="d">(1910-)</subfield>
    </datafield>
    <datafield tag="852" ind1=" " ind2=" ">
      <subfield code="a">B1</subfield>
      <subfield code="b">B1</subfield>
      <subfield code="x">635437</subfield>
    </datafield>
    <datafield tag="852" ind1=" " ind2=" ">
      <subfield code="a">SZ1</subfield>
      <subfield code="b">SZ1</subfield>
      <subfield code="b">SZ1/R1</subfield>
      <subfield code="x">bibJAT00039795</subfield>
    </datafield>
    <datafield tag="852" ind1=" " ind2=" ">
      <subfield code="a">B10</subfield>
      <subfield code="b">0204</subfield>
      <subfield code="x">bibFSZ00035585</subfield>
    </datafield>
    <datafield tag="852" ind1=" " ind2=" ">
      <subfield code="a">H1</subfield>
      <subfield code="b">H1</subfield>
      <subfield code="x">NLVK92288</subfield>
    </datafield>
    <datafield tag="852" ind1=" " ind2=" ">
      <subfield code="a">BCS1</subfield>
      <subfield code="b">BCS1</subfield>
      <subfield code="x">bibBKO00129645</subfield>
    </datafield>
    <datafield tag="852" ind1=" " ind2=" ">
      <subfield code="a">D1</subfield>
      <subfield code="b">D1</subfield>
      <subfield code="b">D1/TO</subfield>
      <subfield code="x">ISISFEF0009380</subfield>
    </datafield>
    <datafield tag="852" ind1=" " ind2=" ">
      <subfield code="a">SZL1</subfield>
      <subfield code="b">SZL1</subfield>
      <subfield code="x">bibVFK00187252</subfield>
    </datafield>
  </record>
  <record>
    <leader>00477nam  2200169 i 4500</leader>
    <controlfield tag="001">MOKKAS0003245279  </controlfield>
    <controlfield tag="005">20060601195629.0</controlfield>
    <controlfield tag="008">050101s1987                            d</controlfield>
    <datafield tag="035" ind1=" " ind2=" ">
      <subfield code="a">156964</subfield>
    </datafield>
    <datafield tag="040" ind1=" " ind2=" ">
      <subfield code="a">KKMK</subfield>
    </datafield>
    <datafield tag="100" ind1="1" ind2=" ">
      <subfield code="a">Szirmai Gina</subfield>
    </datafield>
    <datafield tag="245" ind1="1" ind2="0">
      <subfield code="a">1000 szó németül /</subfield>
      <subfield code="c">Szirmai Gina ; Verbényi László</subfield>
    </datafield>
    <datafield tag="250" ind1=" " ind2=" ">
      <subfield code="a">9. jav. kiad</subfield>
    </datafield>
    <datafield tag="260" ind1=" " ind2=" ">
      <subfield code="a">Budapest :</subfield>
      <subfield code="b">Tankönyvkiadó,</subfield>
      <subfield code="c">1987</subfield>
    </datafield>
    <datafield tag="300" ind1=" " ind2=" ">
      <subfield code="a">304 p. ;</subfield>
      <subfield code="c">10x14 cm</subfield>
    </datafield>
    <datafield tag="700" ind1="1" ind2="0">
      <subfield code="a">Verbényi László</subfield>
      <subfield code="d">(1910-)</subfield>
    </datafield>
    <datafield tag="852" ind1=" " ind2=" ">
      <subfield code="a">GY1</subfield>
      <subfield code="b">GY1</subfield>
      <subfield code="x">156964</subfield>
    </datafield>
  </record>
  <record>
    <leader>00495nama 22001691i 4500</leader>
    <controlfield tag="001">MOKKAS0000443013  </controlfield>
    <controlfield tag="005">20060117161923.0</controlfield>
    <controlfield tag="008">040607s1957    hu            000 0 hunod</controlfield>
    <datafield tag="035" ind1=" " ind2=" ">
      <subfield code="a">1201775</subfield>
    </datafield>
    <datafield tag="040" ind1=" " ind2=" ">
      <subfield code="a">OSZK</subfield>
    </datafield>
    <datafield tag="041" ind1="0" ind2=" ">
      <subfield code="a">hungerhun</subfield>
    </datafield>
    <datafield tag="100" ind1="1" ind2=" ">
      <subfield code="a">Verbényi László</subfield>
    </datafield>
    <datafield tag="245" ind1="1" ind2="0">
      <subfield code="a">1000 szó németül /</subfield>
      <subfield code="c">[Verbényi László, Szirmai Gina]</subfield>
    </datafield>
    <datafield tag="260" ind1=" " ind2=" ">
      <subfield code="a">Budapest :</subfield>
      <subfield code="b">Tankönyvkiadó,</subfield>
      <subfield code="c">1957</subfield>
      <subfield code="e">(Budapest</subfield>
      <subfield code="f">Athenaeum Ny.)</subfield>
    </datafield>
    <datafield tag="300" ind1=" " ind2=" ">
      <subfield code="a">295 p. ;</subfield>
      <subfield code="c">Har. 14 cm</subfield>
    </datafield>
    <datafield tag="700" ind1="1" ind2="0">
      <subfield code="a">Szirmai Gina</subfield>
    </datafield>
    <datafield tag="852" ind1=" " ind2=" ">
      <subfield code="a">B1</subfield>
      <subfield code="b">B1</subfield>
      <subfield code="x">1201775</subfield>
    </datafield>
  </record>
  <record>
    <leader>00657nama 22001931i 4500</leader>
    <controlfield tag="001">MOKKAS0000668378  </controlfield>
    <controlfield tag="005">20060616161034.0</controlfield>
    <controlfield tag="008">041105s1985    ba            000 0 hunod</controlfield>
    <datafield tag="035" ind1=" " ind2=" ">
      <subfield code="a">1427281</subfield>
    </datafield>
    <datafield tag="040" ind1=" " ind2=" ">
      <subfield code="a">OSZK</subfield>
    </datafield>
    <datafield tag="041" ind1="1" ind2=" ">
      <subfield code="a">hunhun</subfield>
      <subfield code="h">und</subfield>
    </datafield>
    <datafield tag="100" ind1="1" ind2=" ">
      <subfield code="a">Bubalo, Janko</subfield>
      <subfield code="c">(cédulakatalógus alapján)</subfield>
    </datafield>
    <datafield tag="240" ind1="1" ind2="0">
      <subfield code="a">Tisuću susreta s Gospom u Medjugorju</subfield>
      <subfield code="l">(magyar)</subfield>
    </datafield>
    <datafield tag="245" ind1="1" ind2="0">
      <subfield code="a">1000 találkozás a Szűzanyával Medjugorjéban /</subfield>
      <subfield code="c">[Janko Bubalo, Vicka Ivanković]</subfield>
    </datafield>
    <datafield tag="260" ind1=" " ind2=" ">
      <subfield code="a">Bijakovici</subfield>
      <subfield code="a">Jelsa :</subfield>
      <subfield code="b">Župni ured.,</subfield>
      <subfield code="c">1985</subfield>
    </datafield>
    <datafield tag="300" ind1=" " ind2=" ">
      <subfield code="a">175 p. :</subfield>
      <subfield code="b">ill. ;</subfield>
      <subfield code="c">20 cm</subfield>
    </datafield>
    <datafield tag="651" ind1=" " ind2="4">
      <subfield code="a">Medjugorje</subfield>
    </datafield>
    <datafield tag="700" ind1="1" ind2="0">
      <subfield code="a">Ivanković, Vicka</subfield>
      <subfield code="c">(cédulakatalógus alapján)</subfield>
    </datafield>
    <datafield tag="852" ind1=" " ind2=" ">
      <subfield code="a">B1</subfield>
      <subfield code="b">B1</subfield>
      <subfield code="x">1427281</subfield>
    </datafield>
  </record>
  <record>
    <leader>00598nam  2200217 i 4500</leader>
    <controlfield tag="001">MOKKAS0002074670  </controlfield>
    <controlfield tag="005">20091022133406.0</controlfield>
    <controlfield tag="008">040817t20032003hu            000 0 hun d</controlfield>
    <datafield tag="020" ind1=" " ind2=" ">
      <subfield code="a">963-9544-06-X (fűzött)</subfield>
    </datafield>
    <datafield tag="035" ind1=" " ind2=" ">
      <subfield code="a">2513423</subfield>
    </datafield>
    <datafield tag="040" ind1=" " ind2=" ">
      <subfield code="a">OSZK</subfield>
    </datafield>
    <datafield tag="041" ind1="0" ind2=" ">
      <subfield code="a">hunhun</subfield>
    </datafield>
    <datafield tag="245" ind1="0" ind2="0">
      <subfield code="a">1000 tanács</subfield>
    </datafield>
    <datafield tag="260" ind1=" " ind2=" ">
      <subfield code="a">[Tyukod] :</subfield>
      <subfield code="b">Black &amp; White,</subfield>
      <subfield code="c">cop. 2003</subfield>
    </datafield>
    <datafield tag="300" ind1=" " ind2=" ">
      <subfield code="a">232 p. ;</subfield>
      <subfield code="c">20 cm</subfield>
    </datafield>
    <datafield tag="650" ind1="1" ind2="7">
      <subfield code="a">háztartás</subfield>
      <subfield code="2">oszk</subfield>
    </datafield>
    <datafield tag="650" ind1=" " ind2="7">
      <subfield code="a">Háztartási tanácsok</subfield>
      <subfield code="2">szte</subfield>
    </datafield>
    <datafield tag="852" ind1=" " ind2=" ">
      <subfield code="a">B1</subfield>
      <subfield code="b">B1</subfield>
      <subfield code="x">2513423</subfield>
    </datafield>
    <datafield tag="852" ind1=" " ind2=" ">
      <subfield code="a">SZ4</subfield>
      <subfield code="b">SZ4</subfield>
      <subfield code="x">bibFSZ1065806</subfield>
    </datafield>
    <datafield tag="852" ind1=" " ind2=" ">
      <subfield code="a">B10</subfield>
      <subfield code="b">B10</subfield>
      <subfield code="x">bibFSZ1065806</subfield>
    </datafield>
    <datafield tag="852" ind1=" " ind2=" ">
      <subfield code="a">B11</subfield>
      <subfield code="b">B11</subfield>
      <subfield code="x">BMEOMIKK000462607</subfield>
    </datafield>
  </record>
  <record>
    <leader>00584nam  2200205 i 4500</leader>
    <controlfield tag="001">MOKKAN0004693354  </controlfield>
    <controlfield tag="005">20070703004145.0</controlfield>
    <controlfield tag="008">950418s1974    hu           u    j hun d</controlfield>
    <datafield tag="035" ind1=" " ind2=" ">
      <subfield code="a">KÉE40510</subfield>
    </datafield>
    <datafield tag="040" ind1=" " ind2=" ">
      <subfield code="a">BCEEFK</subfield>
    </datafield>
    <datafield tag="041" ind1="0" ind2=" ">
      <subfield code="a">hun</subfield>
    </datafield>
    <datafield tag="100" ind1="1" ind2=" ">
      <subfield code="a">Brizova, Joza</subfield>
    </datafield>
    <datafield tag="245" ind1="1" ind2="0">
      <subfield code="a">1000 tanács sorozatunk kedvelőinek /</subfield>
      <subfield code="c">Joza Brizova</subfield>
    </datafield>
    <datafield tag="260" ind1=" " ind2=" ">
      <subfield code="a">Bp.,</subfield>
      <subfield code="c">1974</subfield>
    </datafield>
    <datafield tag="300" ind1=" " ind2=" ">
      <subfield code="a">271 p.</subfield>
    </datafield>
    <datafield tag="490" ind1="1" ind2=" ">
      <subfield code="a">Kertünk, házunk, otthonunk</subfield>
      <subfield code="x">0324-3176</subfield>
    </datafield>
    <datafield tag="500" ind1=" " ind2=" ">
      <subfield code="a">Eredeti cím : 1000 rad pro domacnost</subfield>
    </datafield>
    <datafield tag="504" ind1=" " ind2=" ">
      <subfield code="a">Bibliogr. p. 265.</subfield>
    </datafield>
    <datafield tag="830" ind1=" " ind2="0">
      <subfield code="a">Kertünk, házunk, otthonunk</subfield>
    </datafield>
    <datafield tag="852" ind1=" " ind2=" ">
      <subfield code="a">B503</subfield>
      <subfield code="b">B503</subfield>
      <subfield code="x">KÉE40510</subfield>
    </datafield>
  </record>
  <record>
    <leader>02028nama 22005771i 4500</leader>
    <controlfield tag="001">MOKKAS0000510255  </controlfield>
    <controlfield tag="005">20090505174952.0</controlfield>
    <controlfield tag="008">040730s1974    hu            000 0 hunod</controlfield>
    <datafield tag="020" ind1=" " ind2=" ">
      <subfield code="a">963-230-453-5 (könyvtári kötés) :</subfield>
      <subfield code="c">26,50 Ft</subfield>
    </datafield>
    <datafield tag="035" ind1=" " ind2=" ">
      <subfield code="a">1269038</subfield>
    </datafield>
    <datafield tag="040" ind1=" " ind2=" ">
      <subfield code="a">OSZK</subfield>
    </datafield>
    <datafield tag="041" ind1="1" ind2=" ">
      <subfield code="a">hunhun</subfield>
      <subfield code="h">und</subfield>
    </datafield>
    <datafield tag="100" ind1="1" ind2=" ">
      <subfield code="a">Brizová, Joza</subfield>
      <subfield code="c">(cédulakatalógus alapján)</subfield>
    </datafield>
    <datafield tag="240" ind1="1" ind2="0">
      <subfield code="a">1000 rad pro domácnost</subfield>
      <subfield code="l">(magyar)</subfield>
    </datafield>
    <datafield tag="245" ind1="1" ind2="0">
      <subfield code="a">1000 tanács sorozatunk kedvelőinek /</subfield>
      <subfield code="c">Joza Brizová ; [ford. ifj. Tóth Tibor] ; [a magyar kiad. szerk. Lázár Ilona]</subfield>
    </datafield>
    <datafield tag="260" ind1=" " ind2=" ">
      <subfield code="a">Budapest :</subfield>
      <subfield code="b">Mezőgazd. Kiadó,</subfield>
      <subfield code="c">1974</subfield>
      <subfield code="e">(Debrecen</subfield>
      <subfield code="f">Alföldi Ny.)</subfield>
    </datafield>
    <datafield tag="300" ind1=" " ind2=" ">
      <subfield code="a">271 p. :</subfield>
      <subfield code="b">ill. ;</subfield>
      <subfield code="c">20 cm</subfield>
    </datafield>
    <datafield tag="490" ind1="1" ind2=" ">
      <subfield code="a">Kertünk, házunk, otthonunk</subfield>
    </datafield>
    <datafield tag="500" ind1=" " ind2=" ">
      <subfield code="a">Az eredeti átd. és kieg. kiadása</subfield>
    </datafield>
    <datafield tag="650" ind1=" " ind2="4">
      <subfield code="a">Háztartástan</subfield>
    </datafield>
    <datafield tag="650" ind1=" " ind2="4">
      <subfield code="a">Lakások</subfield>
      <subfield code="x">pszichológiai szempontok</subfield>
    </datafield>
    <datafield tag="650" ind1=" " ind2="4">
      <subfield code="a">Szobanövények</subfield>
    </datafield>
    <datafield tag="650" ind1=" " ind2="4">
      <subfield code="a">Háztartás</subfield>
    </datafield>
    <datafield tag="650" ind1=" " ind2="4">
      <subfield code="a">Lakás</subfield>
    </datafield>
    <datafield tag="650" ind1=" " ind2="4">
      <subfield code="a">Szobanövény</subfield>
    </datafield>
    <datafield tag="650" ind1=" " ind2="4">
      <subfield code="a">tanácsadás</subfield>
    </datafield>
    <datafield tag="650" ind1=" " ind2=" ">
      <subfield code="a">Háztartás</subfield>
      <subfield code="x">gyakorlati tanácsok</subfield>
    </datafield>
    <datafield tag="650" ind1=" " ind2=" ">
      <subfield code="a">Lakás</subfield>
      <subfield code="x">berendezés</subfield>
    </datafield>
    <datafield tag="650" ind1=" " ind2="4">
      <subfield code="a">Lakásberendezés</subfield>
    </datafield>
    <datafield tag="650" ind1=" " ind2="4">
      <subfield code="a">Gyógynövények</subfield>
    </datafield>
    <datafield tag="650" ind1=" " ind2="4">
      <subfield code="a">Konyhaművészet</subfield>
    </datafield>
    <datafield tag="650" ind1=" " ind2="4">
      <subfield code="a">Higiéne</subfield>
    </datafield>
    <datafield tag="650" ind1=" " ind2="4">
      <subfield code="a">Háztartás</subfield>
      <subfield code="x">Folyóirat</subfield>
    </datafield>
    <datafield tag="650" ind1=" " ind2="4">
      <subfield code="a">Lakás</subfield>
      <subfield code="x">Berendezés</subfield>
    </datafield>
    <datafield tag="695" ind1=" " ind2=" ">
      <subfield code="a">Háztartás</subfield>
    </datafield>
    <datafield tag="695" ind1=" " ind2=" ">
      <subfield code="a">Lakás</subfield>
      <subfield code="x">berendezés</subfield>
    </datafield>
    <datafield tag="695" ind1=" " ind2=" ">
      <subfield code="a">Szobanövények</subfield>
    </datafield>
    <datafield tag="700" ind1="1" ind2=" ">
      <subfield code="a">Lázár Ilona</subfield>
      <subfield code="4">(szerk.)</subfield>
    </datafield>
    <datafield tag="700" ind1="1" ind2=" ">
      <subfield code="a">Tóth Tibor</subfield>
      <subfield code="c">(ifj.)</subfield>
      <subfield code="c">(cédulakatalógus alapján)</subfield>
      <subfield code="4">(ford.)</subfield>
    </datafield>
    <datafield tag="830" ind1=" " ind2="0">
      <subfield code="a">Kertünk, házunk, otthonunk</subfield>
    </datafield>
    <datafield tag="852" ind1=" " ind2=" ">
      <subfield code="a">B1</subfield>
      <subfield code="b">B1</subfield>
      <subfield code="x">1269038</subfield>
    </datafield>
    <datafield tag="852" ind1=" " ind2=" ">
      <subfield code="a">SZ1</subfield>
      <subfield code="b">SZ1</subfield>
      <subfield code="x">bibHML00009633</subfield>
    </datafield>
    <datafield tag="852" ind1=" " ind2=" ">
      <subfield code="a">SZK1</subfield>
      <subfield code="b">SZK1</subfield>
      <subfield code="x">bibTMK00017455</subfield>
    </datafield>
    <datafield tag="852" ind1=" " ind2=" ">
      <subfield code="a">ST1</subfield>
      <subfield code="b">ST1</subfield>
      <subfield code="x">bibBBM204905</subfield>
    </datafield>
    <datafield tag="852" ind1=" " ind2=" ">
      <subfield code="a">SZ4</subfield>
      <subfield code="b">SZ4</subfield>
      <subfield code="x">bibSOK258681</subfield>
    </datafield>
    <datafield tag="852" ind1=" " ind2=" ">
      <subfield code="a">M2</subfield>
      <subfield code="b">M2</subfield>
      <subfield code="x">bibRFK00107075</subfield>
    </datafield>
    <datafield tag="852" ind1=" " ind2=" ">
      <subfield code="a">BCS1</subfield>
      <subfield code="b">BCS1</subfield>
      <subfield code="x">bibBKO00172131</subfield>
    </datafield>
    <datafield tag="852" ind1=" " ind2=" ">
      <subfield code="a">P1</subfield>
      <subfield code="b">P1</subfield>
      <subfield code="b">P1/MK</subfield>
      <subfield code="x">bibJPT00450756</subfield>
    </datafield>
    <datafield tag="852" ind1=" " ind2=" ">
      <subfield code="a">B10</subfield>
      <subfield code="b">1803</subfield>
      <subfield code="b">1903</subfield>
      <subfield code="b">2105</subfield>
      <subfield code="b">2301</subfield>
      <subfield code="b">0901</subfield>
      <subfield code="b">1308</subfield>
      <subfield code="b">0602</subfield>
      <subfield code="b">0702</subfield>
      <subfield code="b">2004</subfield>
      <subfield code="b">1104</subfield>
      <subfield code="b">0307C</subfield>
      <subfield code="b">2203</subfield>
      <subfield code="b">2101</subfield>
      <subfield code="b">1704</subfield>
      <subfield code="x">bibFSZ00074443</subfield>
    </datafield>
    <datafield tag="852" ind1=" " ind2=" ">
      <subfield code="a">SZL1</subfield>
      <subfield code="b">SZL1</subfield>
      <subfield code="x">bibVFK00114491</subfield>
    </datafield>
    <datafield tag="852" ind1=" " ind2=" ">
      <subfield code="a">H1</subfield>
      <subfield code="b">H1</subfield>
      <subfield code="x">NLVK92292</subfield>
    </datafield>
  </record>
  <record>
    <leader>00517nam  2200169 i 4500</leader>
    <controlfield tag="001">MOKKAS0003277562  </controlfield>
    <controlfield tag="005">20060602135823.0</controlfield>
    <controlfield tag="008">050101s1974                            d</controlfield>
    <datafield tag="035" ind1=" " ind2=" ">
      <subfield code="a">303766</subfield>
    </datafield>
    <datafield tag="040" ind1=" " ind2=" ">
      <subfield code="a">KKMK</subfield>
    </datafield>
    <datafield tag="100" ind1="1" ind2=" ">
      <subfield code="a">Brízová Joza</subfield>
    </datafield>
    <datafield tag="245" ind1="1" ind2="0">
      <subfield code="a">1000 tanács sorozatunk kedvelőinek /</subfield>
      <subfield code="c">Joza Brízová</subfield>
    </datafield>
    <datafield tag="260" ind1=" " ind2=" ">
      <subfield code="a">Budapest :</subfield>
      <subfield code="b">Mezőgazdasági Kiadó,</subfield>
      <subfield code="c">1974</subfield>
    </datafield>
    <datafield tag="300" ind1=" " ind2=" ">
      <subfield code="a">271 p. :</subfield>
      <subfield code="b">ill. ;</subfield>
      <subfield code="c">20 cm</subfield>
    </datafield>
    <datafield tag="490" ind1="1" ind2=" ">
      <subfield code="a">Kertünk, házunk, otthonunk</subfield>
      <subfield code="x">0324-3176</subfield>
    </datafield>
    <datafield tag="830" ind1=" " ind2="0">
      <subfield code="a">Kertünk, házunk, otthonunk</subfield>
    </datafield>
    <datafield tag="852" ind1=" " ind2=" ">
      <subfield code="a">GY1</subfield>
      <subfield code="b">GY1</subfield>
      <subfield code="x">303766</subfield>
    </datafield>
  </record>
  <record>
    <leader>02722nam  2200901 ir4500</leader>
    <controlfield tag="001">MOKKAN0004469314  </controlfield>
    <controlfield tag="005">20100603144331.0</controlfield>
    <controlfield tag="008">070214t20072007hu ar         00000 hun d</controlfield>
    <datafield tag="020" ind1=" " ind2=" ">
      <subfield code="a">963-9534-65-X (fűzött)</subfield>
      <subfield code="z">963-9534-65-0</subfield>
    </datafield>
    <datafield tag="020" ind1=" " ind2=" ">
      <subfield code="a">963 9534 65 X (fűzött)</subfield>
      <subfield code="z">963 9534 65 0</subfield>
    </datafield>
    <datafield tag="020" ind1=" " ind2=" ">
      <subfield code="a">963 9478 881 (kötött)</subfield>
    </datafield>
    <datafield tag="020" ind1=" " ind2=" ">
      <subfield code="a">963-9478-88-1</subfield>
    </datafield>
    <datafield tag="035" ind1=" " ind2=" ">
      <subfield code="a">2641300</subfield>
    </datafield>
    <datafield tag="040" ind1=" " ind2=" ">
      <subfield code="a">OSZK</subfield>
    </datafield>
    <datafield tag="041" ind1="1" ind2=" ">
      <subfield code="a">hunhun</subfield>
      <subfield code="h">eng</subfield>
    </datafield>
    <datafield tag="080" ind1=" " ind2="0">
      <subfield code="a">745.05</subfield>
    </datafield>
    <datafield tag="080" ind1=" " ind2="0">
      <subfield code="a">766</subfield>
    </datafield>
    <datafield tag="080" ind1=" " ind2=" ">
      <subfield code="a">658.512.2</subfield>
    </datafield>
    <datafield tag="100" ind1="1" ind2=" ">
      <subfield code="a">Eldridge, Kiki</subfield>
    </datafield>
    <datafield tag="240" ind1="1" ind2="0">
      <subfield code="a">1000 bags, tags &amp; labels</subfield>
      <subfield code="l">(magyar)</subfield>
    </datafield>
    <datafield tag="245" ind1="1" ind2="0">
      <subfield code="a">1000 táska, tasak, cédula és címke : </subfield>
      <subfield code="b">nyitott szemmel a csomagolás részleteire /</subfield>
      <subfield code="c">Kiki Eldridge ; [ford. Herhoff Katalin, Kovács Balázs]</subfield>
    </datafield>
    <datafield tag="260" ind1=" " ind2=" ">
      <subfield code="a">Budapest :</subfield>
      <subfield code="b">Scolar,</subfield>
      <subfield code="c">cop. 2007</subfield>
    </datafield>
    <datafield tag="300" ind1=" " ind2=" ">
      <subfield code="a">319 p. :</subfield>
      <subfield code="b">ill., színes ;</subfield>
      <subfield code="c">24 cm</subfield>
    </datafield>
    <datafield tag="490" ind1="1" ind2=" ">
      <subfield code="a">Scolar design</subfield>
      <subfield code="x">1788-5841</subfield>
    </datafield>
    <datafield tag="650" ind1="1" ind2="7">
      <subfield code="a">iparművészet</subfield>
      <subfield code="2">oszk</subfield>
    </datafield>
    <datafield tag="650" ind1="1" ind2="7">
      <subfield code="a">csomagolástechnika</subfield>
      <subfield code="2">oszk</subfield>
    </datafield>
    <datafield tag="650" ind1="1" ind2="7">
      <subfield code="a">termék</subfield>
      <subfield code="2">oszk</subfield>
    </datafield>
    <datafield tag="650" ind1="1" ind2="7">
      <subfield code="a">védjegy</subfield>
      <subfield code="2">oszk</subfield>
    </datafield>
    <datafield tag="650" ind1=" " ind2="7">
      <subfield code="a">Csomagolástechnika</subfield>
      <subfield code="2">szte</subfield>
    </datafield>
    <datafield tag="650" ind1=" " ind2="7">
      <subfield code="a">Grafika</subfield>
      <subfield code="x">alkalmazott</subfield>
      <subfield code="2">szte</subfield>
    </datafield>
    <datafield tag="650" ind1=" " ind2="7">
      <subfield code="a">Formatervezés</subfield>
      <subfield code="x">ipari</subfield>
      <subfield code="2">szte</subfield>
    </datafield>
    <datafield tag="650" ind1=" " ind2="4">
      <subfield code="a">CAP(Common Agricultural Policy)</subfield>
    </datafield>
    <datafield tag="650" ind1=" " ind2="4">
      <subfield code="a">EU-csatlakozás</subfield>
    </datafield>
    <datafield tag="650" ind1=" " ind2="4">
      <subfield code="a">európai integráció</subfield>
    </datafield>
    <datafield tag="650" ind1=" " ind2="4">
      <subfield code="a">Európai Unió</subfield>
    </datafield>
    <datafield tag="650" ind1=" " ind2="4">
      <subfield code="a">Európai Unió intézményei</subfield>
    </datafield>
    <datafield tag="650" ind1=" " ind2="4">
      <subfield code="a">gazdasági integráció</subfield>
    </datafield>
    <datafield tag="650" ind1=" " ind2="4">
      <subfield code="a">globalizáció</subfield>
    </datafield>
    <datafield tag="650" ind1=" " ind2="4">
      <subfield code="a">pénzügyi integráció</subfield>
    </datafield>
    <datafield tag="650" ind1=" " ind2="4">
      <subfield code="a">regionális politika</subfield>
    </datafield>
    <datafield tag="650" ind1=" " ind2="4">
      <subfield code="a">közös politika</subfield>
    </datafield>
    <datafield tag="650" ind1=" " ind2="4">
      <subfield code="a">külkereskedelem</subfield>
    </datafield>
    <datafield tag="650" ind1=" " ind2="4">
      <subfield code="a">nemzetközi kapcsolatok</subfield>
    </datafield>
    <datafield tag="650" ind1=" " ind2="4">
      <subfield code="a">Design</subfield>
    </datafield>
    <datafield tag="650" ind1=" " ind2="0">
      <subfield code="a">Design.</subfield>
    </datafield>
    <datafield tag="650" ind1=" " ind2="4">
      <subfield code="a">Csomagolás</subfield>
    </datafield>
    <datafield tag="650" ind1=" " ind2="4">
      <subfield code="a">Formatervezés</subfield>
    </datafield>
    <datafield tag="650" ind1=" " ind2="4">
      <subfield code="a">album</subfield>
    </datafield>
    <datafield tag="650" ind1=" " ind2="4">
      <subfield code="a">címke</subfield>
    </datafield>
    <datafield tag="650" ind1=" " ind2="4">
      <subfield code="a">iparművészet</subfield>
    </datafield>
    <datafield tag="650" ind1=" " ind2="4">
      <subfield code="a">termék</subfield>
    </datafield>
    <datafield tag="650" ind1=" " ind2="4">
      <subfield code="a">táska</subfield>
    </datafield>
    <datafield tag="650" ind1=" " ind2="4">
      <subfield code="a">védjegy</subfield>
    </datafield>
    <datafield tag="650" ind1=" " ind2="7">
      <subfield code="a">Design</subfield>
      <subfield code="2">lcsh//hun</subfield>
    </datafield>
    <datafield tag="650" ind1=" " ind2="4">
      <subfield code="a">díszítőművészet</subfield>
    </datafield>
    <datafield tag="650" ind1=" " ind2="4">
      <subfield code="a">alkalmazott grafika</subfield>
    </datafield>
    <datafield tag="653" ind1=" " ind2=" ">
      <subfield code="a">csomagolás</subfield>
    </datafield>
    <datafield tag="653" ind1=" " ind2=" ">
      <subfield code="a">iparművészet</subfield>
    </datafield>
    <datafield tag="653" ind1=" " ind2=" ">
      <subfield code="a">művészeti album</subfield>
    </datafield>
    <datafield tag="653" ind1=" " ind2=" ">
      <subfield code="a">védjegy</subfield>
    </datafield>
    <datafield tag="695" ind1=" " ind2=" ">
      <subfield code="a">Reklámgrafika</subfield>
    </datafield>
    <datafield tag="695" ind1=" " ind2=" ">
      <subfield code="a">Grafika, alkalmazott</subfield>
    </datafield>
    <datafield tag="695" ind1=" " ind2=" ">
      <subfield code="a">Csomagolás</subfield>
    </datafield>
    <datafield tag="700" ind1="1" ind2=" ">
      <subfield code="a">Herhoff Katalin</subfield>
      <subfield code="4">(ford.)</subfield>
    </datafield>
    <datafield tag="700" ind1="1" ind2=" ">
      <subfield code="a">Kovács Balázs</subfield>
      <subfield code="4">(ford.)</subfield>
    </datafield>
    <datafield tag="830" ind1=" " ind2="0">
      <subfield code="a">Scolar design</subfield>
    </datafield>
    <datafield tag="852" ind1=" " ind2=" ">
      <subfield code="a">B1</subfield>
      <subfield code="b">B1</subfield>
      <subfield code="x">2641300</subfield>
    </datafield>
    <datafield tag="852" ind1=" " ind2=" ">
      <subfield code="a">SZ1</subfield>
      <subfield code="b">SZ1/S1</subfield>
      <subfield code="x">MOKKAN0004469314</subfield>
    </datafield>
    <datafield tag="852" ind1=" " ind2=" ">
      <subfield code="a">G1</subfield>
      <subfield code="b">G1</subfield>
      <subfield code="x">297812</subfield>
    </datafield>
    <datafield tag="852" ind1=" " ind2=" ">
      <subfield code="a">B11</subfield>
      <subfield code="b">B11</subfield>
      <subfield code="x">BMEOMIKK000455199</subfield>
    </datafield>
    <datafield tag="852" ind1=" " ind2=" ">
      <subfield code="a">B9</subfield>
      <subfield code="b">B9</subfield>
      <subfield code="x">674281</subfield>
    </datafield>
    <datafield tag="852" ind1=" " ind2=" ">
      <subfield code="a">D1</subfield>
      <subfield code="b">HBO8</subfield>
      <subfield code="b">D1</subfield>
      <subfield code="x">MOKKAN0004345062</subfield>
    </datafield>
    <datafield tag="852" ind1=" " ind2=" ">
      <subfield code="a">B10</subfield>
      <subfield code="b">1803</subfield>
      <subfield code="x">bibFSZ01339791</subfield>
    </datafield>
    <datafield tag="852" ind1=" " ind2=" ">
      <subfield code="a">P1</subfield>
      <subfield code="b">P1</subfield>
      <subfield code="x">bibJPT00434013    JPTE</subfield>
    </datafield>
    <datafield tag="852" ind1=" " ind2=" ">
      <subfield code="a">B12</subfield>
      <subfield code="b">B12</subfield>
      <subfield code="x">BCEKK248672</subfield>
    </datafield>
    <datafield tag="852" ind1=" " ind2=" ">
      <subfield code="a">SZO1</subfield>
      <subfield code="b">SZO1</subfield>
      <subfield code="x">150645623</subfield>
    </datafield>
    <datafield tag="852" ind1=" " ind2=" ">
      <subfield code="a">S1</subfield>
      <subfield code="b">S1</subfield>
      <subfield code="x">bibFSZ01339791</subfield>
    </datafield>
    <datafield tag="852" ind1=" " ind2=" ">
      <subfield code="a">M2</subfield>
      <subfield code="b">M2</subfield>
      <subfield code="x">bibFSZ01339791</subfield>
    </datafield>
  </record>
  <record>
    <leader>00846nam  2200289 i 4500</leader>
    <controlfield tag="001">MOKKAS0003654706  </controlfield>
    <controlfield tag="005">20091224003246.0</controlfield>
    <controlfield tag="008">980428s1996    ge            00010 eng d</controlfield>
    <datafield tag="020" ind1=" " ind2=" ">
      <subfield code="a">3-8228-8592-4</subfield>
    </datafield>
    <datafield tag="035" ind1=" " ind2=" ">
      <subfield code="a">bibSEF00009089</subfield>
    </datafield>
    <datafield tag="040" ind1=" " ind2=" ">
      <subfield code="a">NYME</subfield>
    </datafield>
    <datafield tag="080" ind1=" " ind2=" ">
      <subfield code="a">74 :</subfield>
    </datafield>
    <datafield tag="080" ind1=" " ind2=" ">
      <subfield code="a">391.91</subfield>
    </datafield>
    <datafield tag="245" ind1="0" ind2="0">
      <subfield code="a">1000 tattoos /</subfield>
      <subfield code="c">ed.Henk Schiffmacher, Burkhard Riemschneider</subfield>
    </datafield>
    <datafield tag="260" ind1=" " ind2=" ">
      <subfield code="a">Köln [et al.] :</subfield>
      <subfield code="b">Taschen,</subfield>
      <subfield code="c">1996</subfield>
    </datafield>
    <datafield tag="300" ind1=" " ind2=" ">
      <subfield code="a">703 p. :</subfield>
      <subfield code="i">ll. ;</subfield>
      <subfield code="c">20</subfield>
    </datafield>
    <datafield tag="546" ind1=" " ind2=" ">
      <subfield code="a">bev.angol, német és francia nyelven</subfield>
    </datafield>
    <datafield tag="650" ind1=" " ind2="7">
      <subfield code="a">tetoválás</subfield>
      <subfield code="x">átfogó történet</subfield>
      <subfield code="x">fotó</subfield>
      <subfield code="2">szte</subfield>
    </datafield>
    <datafield tag="650" ind1=" " ind2="4">
      <subfield code="a">tetoválás</subfield>
    </datafield>
    <datafield tag="650" ind1=" " ind2="4">
      <subfield code="a">története</subfield>
    </datafield>
    <datafield tag="650" ind1=" " ind2="4">
      <subfield code="a">body art</subfield>
    </datafield>
    <datafield tag="650" ind1=" " ind2="4">
      <subfield code="a">fényképalbum</subfield>
    </datafield>
    <datafield tag="700" ind1="1" ind2=" ">
      <subfield code="a">Schiffmacher, Henk</subfield>
    </datafield>
    <datafield tag="700" ind1="1" ind2=" ">
      <subfield code="a">Riemschneider, Burkhard</subfield>
    </datafield>
    <datafield tag="852" ind1=" " ind2=" ">
      <subfield code="a">S1</subfield>
      <subfield code="b">S1</subfield>
      <subfield code="x">bibSEF00009089</subfield>
    </datafield>
    <datafield tag="852" ind1=" " ind2=" ">
      <subfield code="a">B646</subfield>
      <subfield code="b">B646</subfield>
      <subfield code="x">bibMIF22739</subfield>
    </datafield>
    <datafield tag="852" ind1=" " ind2=" ">
      <subfield code="a">B653</subfield>
      <subfield code="x">bibSEF00009089</subfield>
    </datafield>
  </record>
  <record>
    <leader>01364fam  2200397 ir4500</leader>
    <controlfield tag="001">MOKKAZ0006342676  </controlfield>
    <controlfield tag="005">20090505174953.0</controlfield>
    <controlfield tag="008">961113s1996    hu            000 0 hun d</controlfield>
    <datafield tag="020" ind1=" " ind2=" ">
      <subfield code="a">963-8455-34-9 (fűzött)</subfield>
    </datafield>
    <datafield tag="035" ind1=" " ind2=" ">
      <subfield code="a">203631</subfield>
    </datafield>
    <datafield tag="040" ind1=" " ind2=" ">
      <subfield code="a">OSZK</subfield>
    </datafield>
    <datafield tag="041" ind1="0" ind2=" ">
      <subfield code="a">hunhun</subfield>
    </datafield>
    <datafield tag="245" ind1="0" ind2="0">
      <subfield code="a">1000 tesztkérdés a gyermekgyógyászatból /</subfield>
      <subfield code="c">szerk. Czinner Antal ; [... szerzői Babosa Mária et al.]</subfield>
    </datafield>
    <datafield tag="260" ind1=" " ind2=" ">
      <subfield code="a">Budapest [etc.] :</subfield>
      <subfield code="b">Springer Hungarica,</subfield>
      <subfield code="c">1996</subfield>
      <subfield code="e">([Gyomaendrőd]</subfield>
      <subfield code="f">Gyomai Kner)</subfield>
    </datafield>
    <datafield tag="300" ind1=" " ind2=" ">
      <subfield code="a">178 p. ;</subfield>
      <subfield code="c">24 cm</subfield>
    </datafield>
    <datafield tag="490" ind1="1" ind2=" ">
      <subfield code="a">Háziorvos könyvek</subfield>
      <subfield code="x">1216-5204</subfield>
    </datafield>
    <datafield tag="650" ind1=" " ind2="4">
      <subfield code="a">Gyermekgyógyászat</subfield>
      <subfield code="x">feladatok, gyakorlatok stb.</subfield>
    </datafield>
    <datafield tag="650" ind1=" " ind2="0">
      <subfield code="a">Pediatrics</subfield>
      <subfield code="x">Problems, exercises, etc.</subfield>
    </datafield>
    <datafield tag="650" ind1=" " ind2="7">
      <subfield code="a">Gyermekgyógyászat</subfield>
      <subfield code="x">tesztek</subfield>
      <subfield code="2">szte</subfield>
    </datafield>
    <datafield tag="650" ind1=" " ind2="4">
      <subfield code="a">gyermekgyógyászat</subfield>
    </datafield>
    <datafield tag="650" ind1=" " ind2="2">
      <subfield code="a">Pediatrics</subfield>
      <subfield code="x">examination question</subfield>
    </datafield>
    <datafield tag="650" ind1="1" ind2="4">
      <subfield code="a">Gyermekgyógyászat</subfield>
    </datafield>
    <datafield tag="650" ind1="1" ind2="4">
      <subfield code="a">Pediatrics</subfield>
    </datafield>
    <datafield tag="650" ind1=" " ind2="4">
      <subfield code="a">egyetemi tankönyv</subfield>
    </datafield>
    <datafield tag="650" ind1=" " ind2="4">
      <subfield code="a">példatár</subfield>
    </datafield>
    <datafield tag="700" ind1="1" ind2=" ">
      <subfield code="a">Czinner Antal</subfield>
      <subfield code="d">(1946-)</subfield>
      <subfield code="4">(szerk.)</subfield>
    </datafield>
    <datafield tag="700" ind1="1" ind2=" ">
      <subfield code="a">Babosa Mária</subfield>
      <subfield code="4">(közrem.)</subfield>
    </datafield>
    <datafield tag="830" ind1=" " ind2="0">
      <subfield code="a">Háziorvos könyvek</subfield>
    </datafield>
    <datafield tag="852" ind1=" " ind2=" ">
      <subfield code="a">B1</subfield>
      <subfield code="b">B1</subfield>
      <subfield code="x">203631</subfield>
    </datafield>
    <datafield tag="852" ind1=" " ind2=" ">
      <subfield code="a">D1</subfield>
      <subfield code="b">D1</subfield>
      <subfield code="x">203631</subfield>
    </datafield>
    <datafield tag="852" ind1=" " ind2=" ">
      <subfield code="a">SZ1</subfield>
      <subfield code="b">SZ1</subfield>
      <subfield code="b">SZ1/R1</subfield>
      <subfield code="b">SZ1/131</subfield>
      <subfield code="b">SZ1/R4</subfield>
      <subfield code="b">SZ1/L4</subfield>
      <subfield code="x">203631</subfield>
    </datafield>
    <datafield tag="852" ind1=" " ind2=" ">
      <subfield code="a">P1</subfield>
      <subfield code="b">P1</subfield>
      <subfield code="x">bibPOT0002998</subfield>
    </datafield>
    <datafield tag="852" ind1=" " ind2=" ">
      <subfield code="a">D1</subfield>
      <subfield code="b">D2</subfield>
      <subfield code="x">bibDOT00002791</subfield>
    </datafield>
    <datafield tag="852" ind1=" " ind2=" ">
      <subfield code="a">B13</subfield>
      <subfield code="b">B13</subfield>
      <subfield code="x">8613</subfield>
    </datafield>
    <datafield tag="852" ind1=" " ind2=" ">
      <subfield code="a">SZO1</subfield>
      <subfield code="b">SZO1</subfield>
      <subfield code="x">150422572</subfield>
    </datafield>
    <datafield tag="852" ind1=" " ind2=" ">
      <subfield code="a">B10</subfield>
      <subfield code="b">0801</subfield>
      <subfield code="x">bibFSZ00102659</subfield>
    </datafield>
  </record>
  <record>
    <leader>00596nam  2200193   4500</leader>
    <controlfield tag="001">MOKKAS0002477924  </controlfield>
    <controlfield tag="005">20060617231113.0</controlfield>
    <controlfield tag="008">990120 1996    xx            00010 eng  </controlfield>
    <datafield tag="020" ind1=" " ind2=" ">
      <subfield code="a">3 8228 8856 7  f. :</subfield>
    </datafield>
    <datafield tag="035" ind1=" " ind2=" ">
      <subfield code="a">bibMIF00016551</subfield>
    </datafield>
    <datafield tag="040" ind1=" " ind2=" ">
      <subfield code="a">MOME</subfield>
    </datafield>
    <datafield tag="100" ind1="1" ind2=" ">
      <subfield code="a">Kitahara, Teruhisa</subfield>
    </datafield>
    <datafield tag="245" ind1="1" ind2="0">
      <subfield code="a">1000 tin toys /</subfield>
      <subfield code="c">Teruhisa Kitahara, Yukio Shimizu</subfield>
    </datafield>
    <datafield tag="260" ind1=" " ind2=" ">
      <subfield code="a">Köln [etc.] :</subfield>
      <subfield code="b">Taschen,</subfield>
      <subfield code="c">1996.</subfield>
    </datafield>
    <datafield tag="300" ind1=" " ind2=" ">
      <subfield code="a">704 p. :</subfield>
      <subfield code="b">ill.</subfield>
    </datafield>
    <datafield tag="650" ind1=" " ind2="7">
      <subfield code="a">bádogjáték</subfield>
      <subfield code="x">gyűjtemény</subfield>
      <subfield code="y">50-es évek</subfield>
      <subfield code="2">szte</subfield>
    </datafield>
    <datafield tag="650" ind1=" " ind2="7">
      <subfield code="a">tin toys</subfield>
      <subfield code="x">collection</subfield>
      <subfield code="y">fifties</subfield>
      <subfield code="2">szte</subfield>
    </datafield>
    <datafield tag="700" ind1="1" ind2=" ">
      <subfield code="a">Shimizu, Yukio</subfield>
    </datafield>
    <datafield tag="852" ind1=" " ind2=" ">
      <subfield code="a">B646</subfield>
      <subfield code="b">B646</subfield>
      <subfield code="x">bibMIF00016551</subfield>
    </datafield>
  </record>
  <record>
    <leader>00544nam  2200181 i 4500</leader>
    <controlfield tag="001">MOKKAS0003654705  </controlfield>
    <controlfield tag="005">20060614035202.0</controlfield>
    <controlfield tag="008">980428s1996    ge            00010 eng d</controlfield>
    <datafield tag="020" ind1=" " ind2=" ">
      <subfield code="a">3-8228-8856-7</subfield>
    </datafield>
    <datafield tag="035" ind1=" " ind2=" ">
      <subfield code="a">bibSEF00009086</subfield>
    </datafield>
    <datafield tag="040" ind1=" " ind2=" ">
      <subfield code="a">NYME</subfield>
    </datafield>
    <datafield tag="245" ind1="0" ind2="0">
      <subfield code="a">1000 tin toys /</subfield>
      <subfield code="c">[intr.]Teruhisa Kitahara, Yukio Shimizu</subfield>
    </datafield>
    <datafield tag="260" ind1=" " ind2=" ">
      <subfield code="a">Köln [et al.] :</subfield>
      <subfield code="b">Taschen, </subfield>
      <subfield code="c">1996</subfield>
    </datafield>
    <datafield tag="300" ind1=" " ind2=" ">
      <subfield code="a">701 p. :</subfield>
      <subfield code="b">ill. ;</subfield>
      <subfield code="c">20 cm</subfield>
    </datafield>
    <datafield tag="546" ind1=" " ind2=" ">
      <subfield code="a">bev. angol, német és francia nyelven</subfield>
    </datafield>
    <datafield tag="700" ind1="1" ind2=" ">
      <subfield code="a">Kitahara, Teruhisa</subfield>
    </datafield>
    <datafield tag="700" ind1="1" ind2=" ">
      <subfield code="a">Shimizu, Yukio</subfield>
    </datafield>
    <datafield tag="852" ind1=" " ind2=" ">
      <subfield code="a">S1</subfield>
      <subfield code="b">S1</subfield>
      <subfield code="x">bibSEF00009086</subfield>
    </datafield>
  </record>
  <record>
    <leader>00898nam  2200277 i 4500</leader>
    <controlfield tag="001">MOKKAN0004020298  </controlfield>
    <controlfield tag="005">20070329171305.0</controlfield>
    <controlfield tag="008">061027 2006    hu            000   hun  </controlfield>
    <datafield tag="020" ind1=" " ind2=" ">
      <subfield code="a">963 369 560 0</subfield>
    </datafield>
    <datafield tag="035" ind1=" " ind2=" ">
      <subfield code="a">bibJAT00693776</subfield>
    </datafield>
    <datafield tag="040" ind1=" " ind2=" ">
      <subfield code="a">SZTE</subfield>
    </datafield>
    <datafield tag="041" ind1=" " ind2=" ">
      <subfield code="a">hun</subfield>
      <subfield code="h">ger</subfield>
    </datafield>
    <datafield tag="130" ind1="0" ind2="0">
      <subfield code="a">1000 Traktoren</subfield>
      <subfield code="l">(magyar)</subfield>
    </datafield>
    <datafield tag="245" ind1="0" ind2="0">
      <subfield code="a">1000 traktor :</subfield>
      <subfield code="b">történelem, klasszikusok, technika : [a világ leghíresebb traktorai] /</subfield>
      <subfield code="c">[Udo Paulitz ; ford. Markwarth Zsófia, Horváth Judit]</subfield>
    </datafield>
    <datafield tag="260" ind1=" " ind2=" ">
      <subfield code="a">Pécs :</subfield>
      <subfield code="b">Alexandra,</subfield>
      <subfield code="c">2006</subfield>
    </datafield>
    <datafield tag="300" ind1=" " ind2=" ">
      <subfield code="a">336 p. :</subfield>
      <subfield code="b">ill. ;</subfield>
      <subfield code="c">30 cm</subfield>
    </datafield>
    <datafield tag="650" ind1=" " ind2="7">
      <subfield code="a">Traktor</subfield>
      <subfield code="x">lexikon</subfield>
      <subfield code="2">szte</subfield>
    </datafield>
    <datafield tag="650" ind1=" " ind2="4">
      <subfield code="a">Traktorok</subfield>
      <subfield code="x">történet</subfield>
    </datafield>
    <datafield tag="650" ind1=" " ind2="0">
      <subfield code="a">Farm tractors</subfield>
      <subfield code="x">History.</subfield>
    </datafield>
    <datafield tag="650" ind1=" " ind2="4">
      <subfield code="a">traktorok</subfield>
    </datafield>
    <datafield tag="700" ind1="1" ind2=" ">
      <subfield code="a">Markwarth Zsófia</subfield>
    </datafield>
    <datafield tag="700" ind1="1" ind2=" ">
      <subfield code="a">Horváth Judit</subfield>
    </datafield>
    <datafield tag="700" ind1="1" ind2=" ">
      <subfield code="a">Paulitz, Udo</subfield>
    </datafield>
    <datafield tag="852" ind1=" " ind2=" ">
      <subfield code="a">SZ1</subfield>
      <subfield code="b">SZ1/L4</subfield>
      <subfield code="x">bibJAT00693776</subfield>
    </datafield>
    <datafield tag="852" ind1=" " ind2=" ">
      <subfield code="a">D1</subfield>
      <subfield code="b">D1</subfield>
      <subfield code="x">MOKKAN0004020298</subfield>
    </datafield>
    <datafield tag="852" ind1=" " ind2=" ">
      <subfield code="a">BCS1</subfield>
      <subfield code="b">BCS1</subfield>
      <subfield code="x">bibBMK00015001</subfield>
    </datafield>
  </record>
  <record>
    <leader>00493nam  2200169 i 4500</leader>
    <controlfield tag="001">MOKKAW0005790748  </controlfield>
    <controlfield tag="005">20080418235656.0</controlfield>
    <controlfield tag="008">040304s2003    de            000 0 ger d</controlfield>
    <datafield tag="020" ind1=" " ind2=" ">
      <subfield code="a">3-625-10749-X</subfield>
    </datafield>
    <datafield tag="035" ind1=" " ind2=" ">
      <subfield code="a">BMEOMIKK000454464</subfield>
    </datafield>
    <datafield tag="040" ind1=" " ind2=" ">
      <subfield code="a">BMEOMIKK</subfield>
    </datafield>
    <datafield tag="041" ind1="0" ind2=" ">
      <subfield code="a">ger</subfield>
    </datafield>
    <datafield tag="100" ind1="1" ind2=" ">
      <subfield code="a">Paulitz, Udo</subfield>
    </datafield>
    <datafield tag="245" ind1="1" ind2="0">
      <subfield code="a">1000 Traktoren : </subfield>
      <subfield code="b">Geschichte, Klassiker, Technik /</subfield>
      <subfield code="c">[Autor Udo Paulitz]</subfield>
    </datafield>
    <datafield tag="260" ind1=" " ind2=" ">
      <subfield code="a">Köln :</subfield>
      <subfield code="b">Naumann &amp; Göbel,</subfield>
      <subfield code="c">[2003]</subfield>
    </datafield>
    <datafield tag="300" ind1=" " ind2=" ">
      <subfield code="a">336 p. ;</subfield>
      <subfield code="c">31 cm</subfield>
    </datafield>
    <datafield tag="852" ind1=" " ind2=" ">
      <subfield code="a">B11</subfield>
      <subfield code="b">B11</subfield>
      <subfield code="x">BMEOMIKK000454464</subfield>
    </datafield>
  </record>
  <record>
    <leader>00561nam  2200193 i 4500</leader>
    <controlfield tag="001">MOKKAW0005808751  </controlfield>
    <controlfield tag="005">20080419052125.0</controlfield>
    <controlfield tag="008">060629s2006    hu            000 0 hun d</controlfield>
    <datafield tag="020" ind1=" " ind2=" ">
      <subfield code="a">963-369-560-0</subfield>
    </datafield>
    <datafield tag="035" ind1=" " ind2=" ">
      <subfield code="a">BMEOMIKK000473871</subfield>
    </datafield>
    <datafield tag="040" ind1=" " ind2=" ">
      <subfield code="a">BMEOMIKK</subfield>
    </datafield>
    <datafield tag="041" ind1="1" ind2=" ">
      <subfield code="a">hun</subfield>
      <subfield code="h">ger</subfield>
    </datafield>
    <datafield tag="130" ind1="1" ind2="0">
      <subfield code="a">1000 Traktoren</subfield>
      <subfield code="l">magyar</subfield>
    </datafield>
    <datafield tag="245" ind1="1" ind2="0">
      <subfield code="a">1000 traktor : </subfield>
      <subfield code="b">történelem, klasszikusok, technika</subfield>
    </datafield>
    <datafield tag="260" ind1=" " ind2=" ">
      <subfield code="a">Pécs :</subfield>
      <subfield code="b">Alexandra,</subfield>
      <subfield code="c">2006</subfield>
    </datafield>
    <datafield tag="300" ind1=" " ind2=" ">
      <subfield code="a">335 p. ;</subfield>
      <subfield code="c">31 cm</subfield>
    </datafield>
    <datafield tag="500" ind1=" " ind2=" ">
      <subfield code="a">A kiadvány szerzője: Paulitz, Udo</subfield>
    </datafield>
    <datafield tag="700" ind1="1" ind2=" ">
      <subfield code="a">Paulitz, Udo</subfield>
    </datafield>
    <datafield tag="852" ind1=" " ind2=" ">
      <subfield code="a">B11</subfield>
      <subfield code="b">B11</subfield>
      <subfield code="x">BMEOMIKK000473871</subfield>
    </datafield>
  </record>
  <record>
    <leader>00383cam  22001337 r4500</leader>
    <controlfield tag="001">MOKKAZ0004167564  </controlfield>
    <controlfield tag="005">20040910045417.0</controlfield>
    <controlfield tag="008">      s1960                        und d</controlfield>
    <datafield tag="035" ind1=" " ind2=" ">
      <subfield code="a">bibFSZ00012939</subfield>
    </datafield>
    <datafield tag="040" ind1=" " ind2=" ">
      <subfield code="a">FSZEK</subfield>
    </datafield>
    <datafield tag="245" ind1="0" ind2="0">
      <subfield code="a">1000 tranzisztor és dióda adatai /</subfield>
      <subfield code="c">Házmán István, Hrabál László</subfield>
    </datafield>
    <datafield tag="260" ind1=" " ind2=" ">
      <subfield code="a">[S.l.] :</subfield>
      <subfield code="b">[S.n.],</subfield>
      <subfield code="c">1960</subfield>
    </datafield>
    <datafield tag="300" ind1=" " ind2=" ">
      <subfield code="a">2 db</subfield>
    </datafield>
    <datafield tag="852" ind1=" " ind2=" ">
      <subfield code="a">B10</subfield>
      <subfield code="b">B10</subfield>
      <subfield code="x">bibFSZ00012939</subfield>
    </datafield>
  </record>
  <record>
    <leader>00588cam  2200205 i 4500</leader>
    <controlfield tag="001">MOKKAZ0005355384  </controlfield>
    <controlfield tag="005">20070314061905.0</controlfield>
    <controlfield tag="008">031114s1960    hu a          00010 hun d</controlfield>
    <datafield tag="035" ind1=" " ind2=" ">
      <subfield code="a">185360</subfield>
    </datafield>
    <datafield tag="040" ind1=" " ind2=" ">
      <subfield code="a">MEKLM</subfield>
    </datafield>
    <datafield tag="041" ind1="0" ind2=" ">
      <subfield code="a">hun</subfield>
    </datafield>
    <datafield tag="100" ind1="1" ind2=" ">
      <subfield code="a">Házman István</subfield>
    </datafield>
    <datafield tag="245" ind1="1" ind2="0">
      <subfield code="a">1000 tranzisztor és dióda adatai /</subfield>
      <subfield code="c">Házman István, Hrabál László</subfield>
    </datafield>
    <datafield tag="260" ind1=" " ind2=" ">
      <subfield code="a">Bp. :</subfield>
      <subfield code="b">MHSZ,</subfield>
      <subfield code="c">1960</subfield>
    </datafield>
    <datafield tag="300" ind1=" " ind2=" ">
      <subfield code="a">2 db ;</subfield>
      <subfield code="c">20 cm</subfield>
    </datafield>
    <datafield tag="490" ind1="1" ind2=" ">
      <subfield code="a">(A Magyar Honvédelmi Sportszövetség rádióamatőr füzetei)</subfield>
    </datafield>
    <datafield tag="650" ind1="0" ind2="4">
      <subfield code="a">diódák</subfield>
    </datafield>
    <datafield tag="650" ind1="0" ind2="4">
      <subfield code="a">tranzisztorok</subfield>
    </datafield>
    <datafield tag="700" ind1="1" ind2=" ">
      <subfield code="a">Hrabál László</subfield>
    </datafield>
    <datafield tag="852" ind1=" " ind2=" ">
      <subfield code="a">M1</subfield>
      <subfield code="b">M1</subfield>
      <subfield code="x">185360</subfield>
    </datafield>
  </record>
  <record>
    <leader>00638nama 22002051ir4500</leader>
    <controlfield tag="001">MOKKAS0000478130  </controlfield>
    <controlfield tag="005">20060117181950.0</controlfield>
    <controlfield tag="008">040630s1960    hu            000 0 hunod</controlfield>
    <datafield tag="035" ind1=" " ind2=" ">
      <subfield code="a">1236905</subfield>
    </datafield>
    <datafield tag="040" ind1=" " ind2=" ">
      <subfield code="a">OSZK</subfield>
    </datafield>
    <datafield tag="041" ind1="0" ind2=" ">
      <subfield code="a">hunhun</subfield>
    </datafield>
    <datafield tag="100" ind1="1" ind2=" ">
      <subfield code="a">Házman István</subfield>
      <subfield code="c">(cédulakatalógus alapján)</subfield>
    </datafield>
    <datafield tag="245" ind1="1" ind2="0">
      <subfield code="a">1000 tranzisztor és dióda adatai /</subfield>
      <subfield code="c">Házman István, Hrabál László</subfield>
    </datafield>
    <datafield tag="260" ind1=" " ind2=" ">
      <subfield code="a">Budapest :</subfield>
      <subfield code="b">Rákóczi Lapkiadó,</subfield>
      <subfield code="c">1960</subfield>
      <subfield code="e">(Budapest</subfield>
      <subfield code="f">Zrínyi Ny.)</subfield>
    </datafield>
    <datafield tag="300" ind1=" " ind2=" ">
      <subfield code="a">2 db :</subfield>
      <subfield code="b">ill. ;</subfield>
      <subfield code="c">20 cm</subfield>
    </datafield>
    <datafield tag="650" ind1=" " ind2="4">
      <subfield code="a">tranzisztorok</subfield>
    </datafield>
    <datafield tag="650" ind1=" " ind2="4">
      <subfield code="a">diódák</subfield>
    </datafield>
    <datafield tag="700" ind1="1" ind2="0">
      <subfield code="a">Hrabál László</subfield>
    </datafield>
    <datafield tag="852" ind1=" " ind2=" ">
      <subfield code="a">B1</subfield>
      <subfield code="b">B1</subfield>
      <subfield code="x">1236905</subfield>
    </datafield>
    <datafield tag="852" ind1=" " ind2=" ">
      <subfield code="a">BCS1</subfield>
      <subfield code="b">BCS1</subfield>
      <subfield code="x">bibBKO00109381</subfield>
    </datafield>
  </record>
  <record>
    <leader>00659nam  2200193 ir4500</leader>
    <controlfield tag="001">MOKKAS0002339734  </controlfield>
    <controlfield tag="005">20060527091351.0</controlfield>
    <controlfield tag="008">900215c1960    hu a          00001 hun 1</controlfield>
    <datafield tag="035" ind1=" " ind2=" ">
      <subfield code="a">bibSOK277934</subfield>
    </datafield>
    <datafield tag="040" ind1=" " ind2=" ">
      <subfield code="a">SK</subfield>
    </datafield>
    <datafield tag="100" ind1="1" ind2=" ">
      <subfield code="a">Házman István</subfield>
    </datafield>
    <datafield tag="245" ind1="1" ind2="0">
      <subfield code="a">1000 tranzisztor és dióda adatai /</subfield>
      <subfield code="c">Házman István, Hrabál László</subfield>
    </datafield>
    <datafield tag="260" ind1=" " ind2=" ">
      <subfield code="a">Bp. :</subfield>
      <subfield code="b">Rákóczi Lapkiadó,</subfield>
      <subfield code="c">1960</subfield>
    </datafield>
    <datafield tag="300" ind1=" " ind2=" ">
      <subfield code="c">20 cm</subfield>
    </datafield>
    <datafield tag="490" ind1="1" ind2=" ">
      <subfield code="a">(Magyar Honvédelmi Sportszövetség rádióamatőr füzetei ;</subfield>
      <subfield code="v">13-14.)</subfield>
    </datafield>
    <datafield tag="695" ind1=" " ind2=" ">
      <subfield code="a">Elektronika</subfield>
      <subfield code="x">tranzisztor</subfield>
    </datafield>
    <datafield tag="695" ind1=" " ind2=" ">
      <subfield code="a">Elektronika</subfield>
      <subfield code="x">dióda</subfield>
    </datafield>
    <datafield tag="830" ind1=" " ind2="0">
      <subfield code="a">Magyar Honvédelmi Sportszövetség rádióamatőr füzetei</subfield>
    </datafield>
    <datafield tag="852" ind1=" " ind2=" ">
      <subfield code="a">SZ4</subfield>
      <subfield code="b">SZ4</subfield>
      <subfield code="x">bibSOK277934</subfield>
    </datafield>
  </record>
  <record>
    <leader>01045nam  2200301 i 4500</leader>
    <controlfield tag="001">MOKKAN0004216529  </controlfield>
    <controlfield tag="005">20080915063834.0</controlfield>
    <controlfield tag="008">060921s2006    hu     j      0000a hun d</controlfield>
    <datafield tag="020" ind1=" " ind2=" ">
      <subfield code="a">963-628-400-8 (kötött) :</subfield>
    </datafield>
    <datafield tag="020" ind1=" " ind2=" ">
      <subfield code="a">963-628-400-8 (kötött)</subfield>
    </datafield>
    <datafield tag="020" ind1=" " ind2=" ">
      <subfield code="a">963-628-400-8 :</subfield>
    </datafield>
    <datafield tag="035" ind1=" " ind2=" ">
      <subfield code="a">000002626009</subfield>
    </datafield>
    <datafield tag="040" ind1=" " ind2=" ">
      <subfield code="a">DEENK</subfield>
    </datafield>
    <datafield tag="041" ind1="1" ind2=" ">
      <subfield code="a">hun</subfield>
      <subfield code="h">ger</subfield>
    </datafield>
    <datafield tag="100" ind1="1" ind2=" ">
      <subfield code="a">Ullrich, Hortense</subfield>
    </datafield>
    <datafield tag="240" ind1="1" ind2="0">
      <subfield code="a">1000 Gründe, sich nicht zu verlieben</subfield>
      <subfield code="l">(magyar)</subfield>
    </datafield>
    <datafield tag="245" ind1="1" ind2="0">
      <subfield code="a">1000 tuti tipp..., miért ne legyél szerelmes /</subfield>
      <subfield code="c">Hortense Ullrich ; [ford. Hegyi Zsuzsa]</subfield>
    </datafield>
    <datafield tag="260" ind1=" " ind2=" ">
      <subfield code="a">Budapest :</subfield>
      <subfield code="b">Egmont-Hungary,</subfield>
      <subfield code="c">2006</subfield>
    </datafield>
    <datafield tag="300" ind1=" " ind2=" ">
      <subfield code="a">157 p. ;</subfield>
      <subfield code="c">22 cm</subfield>
    </datafield>
    <datafield tag="500" ind1=" " ind2=" ">
      <subfield code="a">A főcímben a ne szó áthúzva szerepel</subfield>
    </datafield>
    <datafield tag="500" ind1=" " ind2=" ">
      <subfield code="a">A sorozat 1. kötete</subfield>
    </datafield>
    <datafield tag="650" ind1=" " ind2="4">
      <subfield code="a">Ifjúsági regény, német</subfield>
      <subfield code="x">fordítások, magyar</subfield>
    </datafield>
    <datafield tag="650" ind1=" " ind2="0">
      <subfield code="a">Young adult fiction, German</subfield>
      <subfield code="x">Translations into Hungarian.</subfield>
    </datafield>
    <datafield tag="700" ind1="1" ind2=" ">
      <subfield code="a">Hegyi Zsuzsanna</subfield>
      <subfield code="4">ford.</subfield>
    </datafield>
    <datafield tag="852" ind1=" " ind2=" ">
      <subfield code="a">B10</subfield>
      <subfield code="b">B10</subfield>
      <subfield code="x">bibFSZ1313936</subfield>
    </datafield>
    <datafield tag="852" ind1=" " ind2=" ">
      <subfield code="a">D1</subfield>
      <subfield code="b">D1</subfield>
      <subfield code="x">000002626009</subfield>
    </datafield>
    <datafield tag="852" ind1=" " ind2=" ">
      <subfield code="a">H1</subfield>
      <subfield code="b">H1</subfield>
      <subfield code="x">NLVK782286</subfield>
    </datafield>
    <datafield tag="852" ind1=" " ind2=" ">
      <subfield code="a">BCS1</subfield>
      <subfield code="b">BCS1</subfield>
      <subfield code="x">bibBMK00018708</subfield>
    </datafield>
  </record>
  <record>
    <leader>00999nam  2200289   4500</leader>
    <controlfield tag="001">MOKKAN0004192408  </controlfield>
    <controlfield tag="005">20080915063835.0</controlfield>
    <controlfield tag="008">061026s2006    hu                  hun d</controlfield>
    <datafield tag="020" ind1=" " ind2=" ">
      <subfield code="a">963-628-401-6 (kötött)</subfield>
    </datafield>
    <datafield tag="020" ind1=" " ind2=" ">
      <subfield code="a">963-628-401-6</subfield>
    </datafield>
    <datafield tag="035" ind1=" " ind2=" ">
      <subfield code="a">bibSOK00400274</subfield>
    </datafield>
    <datafield tag="040" ind1=" " ind2=" ">
      <subfield code="a">SK</subfield>
    </datafield>
    <datafield tag="100" ind1="1" ind2=" ">
      <subfield code="a">Ullrich, Hortense</subfield>
    </datafield>
    <datafield tag="240" ind1="1" ind2="0">
      <subfield code="a">1000 Gründe nicht zu küssen</subfield>
      <subfield code="l">(magyar)</subfield>
    </datafield>
    <datafield tag="245" ind1="1" ind2="0">
      <subfield code="a">1000 tuti tipp miért (ne) csókolózz /</subfield>
      <subfield code="c">Hortense Ullrich ; [ford. Hegyi Zsuzsa]</subfield>
    </datafield>
    <datafield tag="260" ind1=" " ind2=" ">
      <subfield code="a">Budapest :</subfield>
      <subfield code="b">Egmont,</subfield>
      <subfield code="c">2006</subfield>
    </datafield>
    <datafield tag="300" ind1=" " ind2=" ">
      <subfield code="a">163 p. ;</subfield>
      <subfield code="c">22 cm</subfield>
    </datafield>
    <datafield tag="500" ind1=" " ind2=" ">
      <subfield code="a">Ifjúsági regény</subfield>
    </datafield>
    <datafield tag="650" ind1=" " ind2="4">
      <subfield code="a">Ifjúsági regény, német</subfield>
      <subfield code="x">fordítások, magyar</subfield>
    </datafield>
    <datafield tag="650" ind1=" " ind2="0">
      <subfield code="a">Young adult fiction, German</subfield>
      <subfield code="x">Translations into Hungarian.</subfield>
    </datafield>
    <datafield tag="700" ind1="1" ind2=" ">
      <subfield code="a">Hegyi Zsuzsanna</subfield>
      <subfield code="4">ford.</subfield>
    </datafield>
    <datafield tag="852" ind1=" " ind2=" ">
      <subfield code="a">SZ4</subfield>
      <subfield code="b">SZ4/F1</subfield>
      <subfield code="b">SZ4/F0</subfield>
      <subfield code="b">SZ4/K0</subfield>
      <subfield code="b">SZ4/F10</subfield>
      <subfield code="x">bibSOK00400274</subfield>
    </datafield>
    <datafield tag="852" ind1=" " ind2=" ">
      <subfield code="a">B10</subfield>
      <subfield code="b">B10</subfield>
      <subfield code="x">bibFSZ1313909</subfield>
    </datafield>
    <datafield tag="852" ind1=" " ind2=" ">
      <subfield code="a">SZO1</subfield>
      <subfield code="b">SZO1</subfield>
      <subfield code="x">150548671</subfield>
    </datafield>
    <datafield tag="852" ind1=" " ind2=" ">
      <subfield code="a">D1</subfield>
      <subfield code="b">D1</subfield>
      <subfield code="x">bibDEK00628770</subfield>
    </datafield>
    <datafield tag="852" ind1=" " ind2=" ">
      <subfield code="a">H1</subfield>
      <subfield code="b">H1</subfield>
      <subfield code="x">NLVK782289</subfield>
    </datafield>
    <datafield tag="852" ind1=" " ind2=" ">
      <subfield code="a">BCS1</subfield>
      <subfield code="b">BCS1</subfield>
      <subfield code="x">bibBMK00018709</subfield>
    </datafield>
  </record>
  <record>
    <leader>01057nam  2200301 i 4500</leader>
    <controlfield tag="001">MOKKAN0004216585  </controlfield>
    <controlfield tag="005">20080915063228.0</controlfield>
    <controlfield tag="008">070402s2006    hu     j      0000a hun d</controlfield>
    <datafield tag="020" ind1=" " ind2=" ">
      <subfield code="a">963-628-402-4 (kötött) :</subfield>
    </datafield>
    <datafield tag="020" ind1=" " ind2=" ">
      <subfield code="a">963-628-402-4</subfield>
    </datafield>
    <datafield tag="035" ind1=" " ind2=" ">
      <subfield code="a">bibDEK00628773</subfield>
    </datafield>
    <datafield tag="040" ind1=" " ind2=" ">
      <subfield code="a">DEENK</subfield>
    </datafield>
    <datafield tag="041" ind1="1" ind2=" ">
      <subfield code="a">hun</subfield>
      <subfield code="h">ger</subfield>
    </datafield>
    <datafield tag="100" ind1="1" ind2=" ">
      <subfield code="a">Ullrich, Hortense</subfield>
    </datafield>
    <datafield tag="240" ind1="1" ind2="0">
      <subfield code="a">1000 Gründe, keinen Liebeskummer zu haben</subfield>
      <subfield code="l">(magyar)</subfield>
    </datafield>
    <datafield tag="245" ind1="1" ind2="0">
      <subfield code="a">1000 tuti tipp..., miért ne legyen szerelmi bánatod /</subfield>
      <subfield code="c">Hortense Ullrich ; [ford. Hegyi Zsuzsa]</subfield>
    </datafield>
    <datafield tag="260" ind1=" " ind2=" ">
      <subfield code="a">Budapest :</subfield>
      <subfield code="b">Egmont-Hungary,</subfield>
      <subfield code="c">2006</subfield>
    </datafield>
    <datafield tag="300" ind1=" " ind2=" ">
      <subfield code="a">162 p. ;</subfield>
      <subfield code="c">22 cm</subfield>
    </datafield>
    <datafield tag="500" ind1=" " ind2=" ">
      <subfield code="a">A főcímben a ne szó áthúzva szerepel</subfield>
    </datafield>
    <datafield tag="500" ind1=" " ind2=" ">
      <subfield code="a">A sorozat 3. kötete</subfield>
    </datafield>
    <datafield tag="650" ind1=" " ind2="4">
      <subfield code="a">Ifjúsági regény, német</subfield>
      <subfield code="x">fordítások, magyar</subfield>
    </datafield>
    <datafield tag="650" ind1=" " ind2="0">
      <subfield code="a">Young adult fiction, German</subfield>
      <subfield code="x">Translations into Hungarian.</subfield>
    </datafield>
    <datafield tag="700" ind1="1" ind2=" ">
      <subfield code="a">Hegyi Zsuzsanna</subfield>
      <subfield code="4">ford.</subfield>
    </datafield>
    <datafield tag="852" ind1=" " ind2=" ">
      <subfield code="a">B10</subfield>
      <subfield code="b">B10</subfield>
      <subfield code="x">bibFSZ01324601</subfield>
    </datafield>
    <datafield tag="852" ind1=" " ind2=" ">
      <subfield code="a">SZO1</subfield>
      <subfield code="b">SZO1</subfield>
      <subfield code="x">150553361</subfield>
    </datafield>
    <datafield tag="852" ind1=" " ind2=" ">
      <subfield code="a">D1</subfield>
      <subfield code="b">D1</subfield>
      <subfield code="x">bibDEK00628773</subfield>
    </datafield>
    <datafield tag="852" ind1=" " ind2=" ">
      <subfield code="a">H1</subfield>
      <subfield code="b">H1</subfield>
      <subfield code="x">NLVK782361</subfield>
    </datafield>
    <datafield tag="852" ind1=" " ind2=" ">
      <subfield code="a">BCS1</subfield>
      <subfield code="b">BCS1</subfield>
      <subfield code="x">bibBMK00018608</subfield>
    </datafield>
  </record>
  <record>
    <leader>00418nam  2200157 i 4500</leader>
    <controlfield tag="001">MOKKAW0005555825  </controlfield>
    <controlfield tag="005">20080415045052.0</controlfield>
    <controlfield tag="008">000222s1999    hu            000 0 hun d</controlfield>
    <datafield tag="020" ind1=" " ind2=" ">
      <subfield code="a">963-85367-7-2</subfield>
    </datafield>
    <datafield tag="035" ind1=" " ind2=" ">
      <subfield code="a">BMEOMIKK000141300</subfield>
    </datafield>
    <datafield tag="040" ind1=" " ind2=" ">
      <subfield code="a">BMEOMIKK</subfield>
    </datafield>
    <datafield tag="041" ind1="0" ind2=" ">
      <subfield code="a">hun</subfield>
    </datafield>
    <datafield tag="245" ind1="0" ind2="0">
      <subfield code="a">1000 üzleti levélminta</subfield>
    </datafield>
    <datafield tag="260" ind1=" " ind2=" ">
      <subfield code="a">Budapest :</subfield>
      <subfield code="b">Jogi K.,</subfield>
      <subfield code="c">1999</subfield>
    </datafield>
    <datafield tag="300" ind1=" " ind2=" ">
      <subfield code="a">609 p. ;</subfield>
      <subfield code="c">20 cm +</subfield>
      <subfield code="e">CD-ROM</subfield>
    </datafield>
    <datafield tag="852" ind1=" " ind2=" ">
      <subfield code="a">B11</subfield>
      <subfield code="b">B11</subfield>
      <subfield code="x">BMEOMIKK000141300</subfield>
    </datafield>
  </record>
  <record>
    <leader>01381fam  2200397 ir4500</leader>
    <controlfield tag="001">MOKKAZ0006334376  </controlfield>
    <controlfield tag="005">20100415104738.0</controlfield>
    <controlfield tag="008">951228s1995    hu            000 0 hun d</controlfield>
    <datafield tag="020" ind1=" " ind2=" ">
      <subfield code="a">963-85242-2-7 (fűzött) :</subfield>
      <subfield code="c">1200,- Ft</subfield>
    </datafield>
    <datafield tag="035" ind1=" " ind2=" ">
      <subfield code="a">163503</subfield>
    </datafield>
    <datafield tag="040" ind1=" " ind2=" ">
      <subfield code="a">OSZK</subfield>
    </datafield>
    <datafield tag="041" ind1="0" ind2=" ">
      <subfield code="a">hunhun</subfield>
    </datafield>
    <datafield tag="080" ind1=" " ind2=" ">
      <subfield code="a">651.75(083.76)</subfield>
    </datafield>
    <datafield tag="245" ind1="0" ind2="0">
      <subfield code="a">1000 üzleti levélminta /</subfield>
      <subfield code="c">[szerk. Fehér István, Cseh Irén, Gál Tibor]</subfield>
    </datafield>
    <datafield tag="260" ind1=" " ind2=" ">
      <subfield code="a">Budapest :</subfield>
      <subfield code="b">Intermarkpress 2000,</subfield>
      <subfield code="c">[1995]</subfield>
      <subfield code="e">([Budapest]</subfield>
      <subfield code="f">Intermarkpress 2000)</subfield>
      <subfield code="f">Alfaprint)</subfield>
    </datafield>
    <datafield tag="300" ind1=" " ind2=" ">
      <subfield code="a">609 p. ;</subfield>
      <subfield code="c">20 cm</subfield>
    </datafield>
    <datafield tag="490" ind1="1" ind2=" ">
      <subfield code="a">Vállalkozók könyvtára</subfield>
      <subfield code="x">1218-4233</subfield>
    </datafield>
    <datafield tag="650" ind1=" " ind2="4">
      <subfield code="a">Üzleti kommunikáció</subfield>
    </datafield>
    <datafield tag="650" ind1=" " ind2="0">
      <subfield code="a">Business communication.</subfield>
    </datafield>
    <datafield tag="650" ind1=" " ind2="7">
      <subfield code="a">Kereskedelmi levelezés</subfield>
      <subfield code="x">szöveggyűjtemény</subfield>
      <subfield code="2">szte</subfield>
    </datafield>
    <datafield tag="650" ind1=" " ind2="4">
      <subfield code="a">üzleti levelezés</subfield>
    </datafield>
    <datafield tag="650" ind1=" " ind2="4">
      <subfield code="a">levélminták</subfield>
    </datafield>
    <datafield tag="650" ind1=" " ind2="4">
      <subfield code="a">Kereskedelmi levelezés</subfield>
    </datafield>
    <datafield tag="650" ind1=" " ind2="0">
      <subfield code="a">Commercial correspondence.</subfield>
    </datafield>
    <datafield tag="650" ind1=" " ind2="0">
      <subfield code="a">Commercial correspondence, Hungarian.</subfield>
    </datafield>
    <datafield tag="650" ind1=" " ind2="4">
      <subfield code="a">Kereskedelmi levelezés, magyar</subfield>
    </datafield>
    <datafield tag="695" ind1=" " ind2=" ">
      <subfield code="a">Üzleti levelezés</subfield>
    </datafield>
    <datafield tag="700" ind1="1" ind2=" ">
      <subfield code="a">Fehér István</subfield>
      <subfield code="d">(1929-)</subfield>
      <subfield code="4">(szerk.)</subfield>
    </datafield>
    <datafield tag="700" ind1="1" ind2=" ">
      <subfield code="a">Cseh Irén</subfield>
      <subfield code="4">(szerk.)</subfield>
    </datafield>
    <datafield tag="700" ind1="1" ind2=" ">
      <subfield code="a">Gál Tibor</subfield>
      <subfield code="4">(szerk.)</subfield>
    </datafield>
    <datafield tag="830" ind1=" " ind2="0">
      <subfield code="a">Vállalkozók könyvtára</subfield>
    </datafield>
    <datafield tag="852" ind1=" " ind2=" ">
      <subfield code="a">B1</subfield>
      <subfield code="b">B1</subfield>
      <subfield code="x">163503</subfield>
    </datafield>
    <datafield tag="852" ind1=" " ind2=" ">
      <subfield code="a">D1</subfield>
      <subfield code="b">D1/TP</subfield>
      <subfield code="x">163503</subfield>
    </datafield>
    <datafield tag="852" ind1=" " ind2=" ">
      <subfield code="a">SZ1</subfield>
      <subfield code="b">SZ1</subfield>
      <subfield code="x">bibJAT00252387</subfield>
    </datafield>
    <datafield tag="852" ind1=" " ind2=" ">
      <subfield code="a">P1</subfield>
      <subfield code="b">P1/O</subfield>
      <subfield code="b">P1/SZ</subfield>
      <subfield code="b">P1/2T</subfield>
      <subfield code="b">P1/K</subfield>
      <subfield code="B">P1/2T</subfield>
      <subfield code="x">bibJPT0029374</subfield>
    </datafield>
    <datafield tag="852" ind1=" " ind2=" ">
      <subfield code="a">M2</subfield>
      <subfield code="b">M2</subfield>
      <subfield code="x">bibRFK00044000</subfield>
    </datafield>
  </record>
  <record>
    <leader>00686nam  2200217 i 4500</leader>
    <controlfield tag="001">MOKKAS0001166922  </controlfield>
    <controlfield tag="005">20060114203244.0</controlfield>
    <controlfield tag="008">050903s1997    hu            00010 hun d</controlfield>
    <datafield tag="020" ind1=" " ind2=" ">
      <subfield code="a">963-85242-2-7</subfield>
    </datafield>
    <datafield tag="035" ind1=" " ind2=" ">
      <subfield code="a">bibBKO00204960</subfield>
    </datafield>
    <datafield tag="040" ind1=" " ind2=" ">
      <subfield code="a">BMK</subfield>
    </datafield>
    <datafield tag="245" ind1="0" ind2="0">
      <subfield code="a">1000 üzleti levélminta /</subfield>
      <subfield code="c">[szerk. Fehér István, Cseh Irén, Gál Tibor]</subfield>
    </datafield>
    <datafield tag="260" ind1=" " ind2=" ">
      <subfield code="a">Budapest :</subfield>
      <subfield code="b">Intermarkpress 2000,</subfield>
      <subfield code="c">[1997]</subfield>
    </datafield>
    <datafield tag="300" ind1=" " ind2=" ">
      <subfield code="a">609 p. ;</subfield>
      <subfield code="c">20 cm</subfield>
    </datafield>
    <datafield tag="490" ind1="1" ind2=" ">
      <subfield code="a">(Vállalkozók könyvtára,</subfield>
      <subfield code="x">1218-4233)</subfield>
    </datafield>
    <datafield tag="650" ind1=" " ind2="4">
      <subfield code="a">üzleti levelezés</subfield>
    </datafield>
    <datafield tag="700" ind1="1" ind2=" ">
      <subfield code="a">Fehér István</subfield>
      <subfield code="4">szerk.</subfield>
    </datafield>
    <datafield tag="700" ind1="1" ind2=" ">
      <subfield code="a">Cseh Irén</subfield>
      <subfield code="4">szerk.</subfield>
    </datafield>
    <datafield tag="700" ind1="1" ind2=" ">
      <subfield code="a">Gál Tibor</subfield>
      <subfield code="4">szerk.</subfield>
    </datafield>
    <datafield tag="830" ind1=" " ind2="0">
      <subfield code="a">Vállalkozók könyvtára</subfield>
    </datafield>
    <datafield tag="852" ind1=" " ind2=" ">
      <subfield code="a">BCS1</subfield>
      <subfield code="b">BCS1</subfield>
      <subfield code="x">bibBKO00204960</subfield>
    </datafield>
  </record>
  <record>
    <leader>00809nam  2200241   4500</leader>
    <controlfield tag="001">MOKKAS0003799714  </controlfield>
    <controlfield tag="005">20090505174954.0</controlfield>
    <controlfield tag="008">961022 1998    hu            00010 hun  </controlfield>
    <datafield tag="020" ind1=" " ind2=" ">
      <subfield code="a">963 85242 2 7</subfield>
    </datafield>
    <datafield tag="035" ind1=" " ind2=" ">
      <subfield code="a">bibJAT00326607</subfield>
    </datafield>
    <datafield tag="040" ind1=" " ind2=" ">
      <subfield code="a">SZTE</subfield>
    </datafield>
    <datafield tag="245" ind1="0" ind2="0">
      <subfield code="a">1000 üzleti levélminta /</subfield>
      <subfield code="c">[Szerk. Fehér István, Cseh Irén, Gál Tibor]</subfield>
    </datafield>
    <datafield tag="250" ind1=" " ind2=" ">
      <subfield code="a">[Utánny.]</subfield>
    </datafield>
    <datafield tag="260" ind1=" " ind2=" ">
      <subfield code="a">Bp. :</subfield>
      <subfield code="b">Intermarkpress 2000,</subfield>
      <subfield code="c">[1998]</subfield>
    </datafield>
    <datafield tag="300" ind1=" " ind2=" ">
      <subfield code="a">609 p. ;</subfield>
      <subfield code="c">20 cm +</subfield>
      <subfield code="e">1 floppy mell.</subfield>
    </datafield>
    <datafield tag="490" ind1="1" ind2=" ">
      <subfield code="a">(Vállalkozók Könyvtára ,</subfield>
      <subfield code="x">1218-4233)</subfield>
    </datafield>
    <datafield tag="650" ind1=" " ind2="7">
      <subfield code="a">Kereskedelmi levelezés</subfield>
      <subfield code="x">szöveggyűjtemény</subfield>
      <subfield code="2">szte</subfield>
    </datafield>
    <datafield tag="700" ind1="1" ind2=" ">
      <subfield code="a">Fehér István</subfield>
    </datafield>
    <datafield tag="700" ind1="1" ind2=" ">
      <subfield code="a">Cseh Irén</subfield>
    </datafield>
    <datafield tag="700" ind1="1" ind2=" ">
      <subfield code="a">Gál Tibor</subfield>
    </datafield>
    <datafield tag="830" ind1=" " ind2="0">
      <subfield code="a">Vállalkozók könyvtára</subfield>
    </datafield>
    <datafield tag="852" ind1=" " ind2=" ">
      <subfield code="a">SZ1</subfield>
      <subfield code="b">SZ1</subfield>
      <subfield code="b">SZ1/SZ3</subfield>
      <subfield code="b">SZ1/KOL</subfield>
      <subfield code="b">SZ1/R1</subfield>
      <subfield code="b">SZ1/S1</subfield>
      <subfield code="x">bibJAT00326607</subfield>
    </datafield>
    <datafield tag="852" ind1=" " ind2=" ">
      <subfield code="a">SZ4</subfield>
      <subfield code="b">SZ4</subfield>
      <subfield code="x">bibJAT00326607</subfield>
    </datafield>
  </record>
  <record>
    <leader>00669cam  22002297  4500</leader>
    <controlfield tag="001">MOKKAN0003981215  </controlfield>
    <controlfield tag="005">20061106044207.0</controlfield>
    <controlfield tag="008">991213q1999    hu            00010 hun d</controlfield>
    <datafield tag="020" ind1=" " ind2=" ">
      <subfield code="a">963 85242 2 7</subfield>
    </datafield>
    <datafield tag="035" ind1=" " ind2=" ">
      <subfield code="a">102772</subfield>
    </datafield>
    <datafield tag="040" ind1=" " ind2=" ">
      <subfield code="a">MEKLM</subfield>
    </datafield>
    <datafield tag="041" ind1="0" ind2=" ">
      <subfield code="a">hun</subfield>
    </datafield>
    <datafield tag="245" ind1="0" ind2="0">
      <subfield code="a">1000 üzleti levélminta /</subfield>
      <subfield code="c">[szerk. Fehér István, Cseh Irén, Gál Tibor]</subfield>
    </datafield>
    <datafield tag="260" ind1=" " ind2=" ">
      <subfield code="a">Bp. :</subfield>
      <subfield code="b">Intermarkpress 2000,</subfield>
      <subfield code="c">[1999]</subfield>
    </datafield>
    <datafield tag="300" ind1=" " ind2=" ">
      <subfield code="a">609 p. ;</subfield>
      <subfield code="c">20 cm</subfield>
    </datafield>
    <datafield tag="490" ind1="1" ind2=" ">
      <subfield code="a">(Vállalkozók könyvtára,</subfield>
      <subfield code="x">1218-4233)</subfield>
    </datafield>
    <datafield tag="650" ind1="0" ind2="4">
      <subfield code="a">levelezés</subfield>
      <subfield code="x">üzleti</subfield>
      <subfield code="x">minták</subfield>
    </datafield>
    <datafield tag="700" ind1="1" ind2=" ">
      <subfield code="a">Fehér István</subfield>
    </datafield>
    <datafield tag="700" ind1="1" ind2=" ">
      <subfield code="a">Cseh Irén</subfield>
    </datafield>
    <datafield tag="700" ind1="1" ind2=" ">
      <subfield code="a">Gál Tibor</subfield>
    </datafield>
    <datafield tag="830" ind1=" " ind2="0">
      <subfield code="a">Vállalkozók könyvtára</subfield>
    </datafield>
    <datafield tag="852" ind1=" " ind2=" ">
      <subfield code="a">M1</subfield>
      <subfield code="b">M1</subfield>
      <subfield code="x">102772</subfield>
    </datafield>
  </record>
  <record>
    <leader>00788cam  2200265 i 4500</leader>
    <controlfield tag="001">MOKKAZ0006387458  </controlfield>
    <controlfield tag="005">20040915195944.0</controlfield>
    <controlfield tag="008">000107t19991999hu            000 0 hun d</controlfield>
    <datafield tag="020" ind1=" " ind2=" ">
      <subfield code="a">963-85367-7-2 (fűzött)</subfield>
    </datafield>
    <datafield tag="035" ind1=" " ind2=" ">
      <subfield code="a">405241</subfield>
    </datafield>
    <datafield tag="040" ind1=" " ind2=" ">
      <subfield code="a">OSZK</subfield>
    </datafield>
    <datafield tag="041" ind1="0" ind2=" ">
      <subfield code="a">hunhun</subfield>
    </datafield>
    <datafield tag="072" ind1=" " ind2="1">
      <subfield code="a">X</subfield>
    </datafield>
    <datafield tag="245" ind1="0" ind2="0">
      <subfield code="a">1000 üzleti levélminta</subfield>
    </datafield>
    <datafield tag="250" ind1=" " ind2=" ">
      <subfield code="a">Utánny.</subfield>
    </datafield>
    <datafield tag="260" ind1=" " ind2=" ">
      <subfield code="a">Budapest :</subfield>
      <subfield code="b">Jogi K.,</subfield>
      <subfield code="c">cop. 1999</subfield>
      <subfield code="e">([Budapest]</subfield>
      <subfield code="f">Alfaprint Nyip. Kft.)</subfield>
    </datafield>
    <datafield tag="300" ind1=" " ind2=" ">
      <subfield code="a">609 p. ;</subfield>
      <subfield code="c">20 cm</subfield>
    </datafield>
    <datafield tag="500" ind1=" " ind2=" ">
      <subfield code="a">Szerk. Fehér István, Cseh Irén, Gál Tibor</subfield>
    </datafield>
    <datafield tag="650" ind1=" " ind2="4">
      <subfield code="a">Levelezés üzleti</subfield>
    </datafield>
    <datafield tag="650" ind1=" " ind2="4">
      <subfield code="a">Üzleti élet</subfield>
      <subfield code="x">Iratminták</subfield>
      <subfield code="x">Levelezés</subfield>
    </datafield>
    <datafield tag="700" ind1="1" ind2=" ">
      <subfield code="a">Fehér István</subfield>
      <subfield code="d">(1929-)</subfield>
      <subfield code="4">(szerk.)</subfield>
    </datafield>
    <datafield tag="700" ind1="1" ind2=" ">
      <subfield code="a">Cseh Irén</subfield>
      <subfield code="4">(szerk.)</subfield>
    </datafield>
    <datafield tag="700" ind1="1" ind2=" ">
      <subfield code="a">Gál Tibor</subfield>
      <subfield code="4">(szerk.)</subfield>
    </datafield>
    <datafield tag="852" ind1=" " ind2=" ">
      <subfield code="a">B1</subfield>
      <subfield code="b">B1</subfield>
      <subfield code="x">405241</subfield>
    </datafield>
    <datafield tag="852" ind1=" " ind2=" ">
      <subfield code="a">H1</subfield>
      <subfield code="b">H1</subfield>
      <subfield code="x">NLVK92298</subfield>
    </datafield>
  </record>
  <record>
    <leader>00817fmm  2200241 i 4500</leader>
    <controlfield tag="001">MOKKAZ0006388108  </controlfield>
    <controlfield tag="005">20040915200004.0</controlfield>
    <controlfield tag="008">000204t19991999hu                  hun d</controlfield>
    <datafield tag="035" ind1=" " ind2=" ">
      <subfield code="a">409692</subfield>
    </datafield>
    <datafield tag="040" ind1=" " ind2=" ">
      <subfield code="a">OSZK</subfield>
    </datafield>
    <datafield tag="041" ind1="0" ind2=" ">
      <subfield code="a">hunhun</subfield>
    </datafield>
    <datafield tag="245" ind1="0" ind2="0">
      <subfield code="a">1000 üzleti levélminta</subfield>
      <subfield code="h">elektronikus dok.</subfield>
    </datafield>
    <datafield tag="256" ind1=" " ind2=" ">
      <subfield code="a">Szöveg</subfield>
    </datafield>
    <datafield tag="260" ind1=" " ind2=" ">
      <subfield code="a">Budapest :</subfield>
      <subfield code="b">Jogi K.,</subfield>
      <subfield code="c">cop. 1999</subfield>
    </datafield>
    <datafield tag="300" ind1=" " ind2=" ">
      <subfield code="a">1 CD-R ;</subfield>
      <subfield code="c">12 cm</subfield>
    </datafield>
    <datafield tag="500" ind1=" " ind2=" ">
      <subfield code="a">Főcím a lemezcímkéről</subfield>
    </datafield>
    <datafield tag="500" ind1=" " ind2=" ">
      <subfield code="a">Szerk. Fehér István, Cseh Irén, Gál Tibor</subfield>
    </datafield>
    <datafield tag="538" ind1=" " ind2=" ">
      <subfield code="a">Működési követelmények: Windows alatt működő Word, ill. Write szövegszerkesztők vagy DOS rendszerben futó programok</subfield>
    </datafield>
    <datafield tag="700" ind1="1" ind2=" ">
      <subfield code="a">Fehér István</subfield>
      <subfield code="d">(1929-)</subfield>
      <subfield code="4">(szerk.)</subfield>
    </datafield>
    <datafield tag="700" ind1="1" ind2=" ">
      <subfield code="a">Cseh Irén</subfield>
      <subfield code="4">(szerk.)</subfield>
    </datafield>
    <datafield tag="700" ind1="1" ind2=" ">
      <subfield code="a">Gál Tibor</subfield>
      <subfield code="4">(szerk.)</subfield>
    </datafield>
    <datafield tag="852" ind1=" " ind2=" ">
      <subfield code="a">B1</subfield>
      <subfield code="b">B1</subfield>
      <subfield code="x">409692</subfield>
    </datafield>
    <datafield tag="852" ind1=" " ind2=" ">
      <subfield code="a">B11</subfield>
      <subfield code="b">B11</subfield>
      <subfield code="x">BMEOMIKK000141300</subfield>
    </datafield>
  </record>
  <record>
    <leader>00950nmm  2200253 i 4500</leader>
    <controlfield tag="001">MOKKAZ0003652466  </controlfield>
    <controlfield tag="005">20071114162707.0</controlfield>
    <controlfield tag="008">010307c1999    hu n       ua       hun d</controlfield>
    <datafield tag="035" ind1=" " ind2=" ">
      <subfield code="a">bibKLT00284727</subfield>
    </datafield>
    <datafield tag="040" ind1=" " ind2=" ">
      <subfield code="a">DEENK</subfield>
    </datafield>
    <datafield tag="245" ind1="0" ind2="0">
      <subfield code="a">1000 üzleti levélminta /</subfield>
      <subfield code="h">[elektronikus dokumentum] /</subfield>
      <subfield code="c">[szerk. Fehér István, Cseh Irén, Gál Tibor]</subfield>
    </datafield>
    <datafield tag="256" ind1=" " ind2=" ">
      <subfield code="a">Szöveg</subfield>
    </datafield>
    <datafield tag="260" ind1=" " ind2=" ">
      <subfield code="a">Budapest :</subfield>
      <subfield code="b">Jogi Kiadó,</subfield>
      <subfield code="c">cop. 1999</subfield>
    </datafield>
    <datafield tag="300" ind1=" " ind2=" ">
      <subfield code="a">1 CD-ROM ;</subfield>
      <subfield code="c">12 cm</subfield>
    </datafield>
    <datafield tag="500" ind1=" " ind2=" ">
      <subfield code="a">Főcím a disc címkéjéről</subfield>
    </datafield>
    <datafield tag="500" ind1=" " ind2=" ">
      <subfield code="a">A levélminták felhasználhatók a Windows alatt működő Word, (.doc) ill. Write (.wri) szövegszerkesztők, valamint a DOS (.txt) rendszerben futó programok segítségével.</subfield>
    </datafield>
    <datafield tag="650" ind1=" " ind2="4">
      <subfield code="a">Kereskedelmi jog</subfield>
    </datafield>
    <datafield tag="650" ind1=" " ind2="0">
      <subfield code="a">Commercial law.</subfield>
    </datafield>
    <datafield tag="650" ind1="0" ind2="4">
      <subfield code="a">levelezés</subfield>
      <subfield code="x">üzleti</subfield>
      <subfield code="x">minták</subfield>
    </datafield>
    <datafield tag="700" ind1="1" ind2=" ">
      <subfield code="a">Fehér István</subfield>
      <subfield code="d">(1929-)</subfield>
    </datafield>
    <datafield tag="700" ind1="1" ind2=" ">
      <subfield code="a">Cseh Irén</subfield>
    </datafield>
    <datafield tag="700" ind1="1" ind2=" ">
      <subfield code="a">Gál Tibor</subfield>
      <subfield code="d">(1947-)</subfield>
    </datafield>
    <datafield tag="852" ind1=" " ind2=" ">
      <subfield code="a">M1</subfield>
      <subfield code="b">M1</subfield>
      <subfield code="x">102772</subfield>
    </datafield>
    <datafield tag="852" ind1=" " ind2=" ">
      <subfield code="a">D1</subfield>
      <subfield code="b">D1/TP</subfield>
      <subfield code="x">bibKLT00284727</subfield>
    </datafield>
  </record>
  <record>
    <leader>00381nam  2200145 i 4500</leader>
    <controlfield tag="001">MOKKAS0001164827  </controlfield>
    <controlfield tag="005">20060114202310.0</controlfield>
    <controlfield tag="008">050903s1990    hu            00010 hun d</controlfield>
    <datafield tag="020" ind1=" " ind2=" ">
      <subfield code="a">963-7760-10-5</subfield>
    </datafield>
    <datafield tag="035" ind1=" " ind2=" ">
      <subfield code="a">bibBKO00203088</subfield>
    </datafield>
    <datafield tag="040" ind1=" " ind2=" ">
      <subfield code="a">BMK</subfield>
    </datafield>
    <datafield tag="245" ind1="0" ind2="0">
      <subfield code="a">1000 vicc a javából</subfield>
    </datafield>
    <datafield tag="250" ind1=" " ind2=" ">
      <subfield code="a">5. átd. kiad.</subfield>
    </datafield>
    <datafield tag="260" ind1=" " ind2=" ">
      <subfield code="a">[Budapest] :</subfield>
      <subfield code="b">Ikva Kiadó,</subfield>
      <subfield code="c">1990</subfield>
    </datafield>
    <datafield tag="852" ind1=" " ind2=" ">
      <subfield code="a">BCS1</subfield>
      <subfield code="b">BCS1</subfield>
      <subfield code="x">bibBKO00203088</subfield>
    </datafield>
  </record>
  <record>
    <leader>00638nama 22002171i 4500</leader>
    <controlfield tag="001">MOKKAS0000494844  </controlfield>
    <controlfield tag="005">20091021231631.0</controlfield>
    <controlfield tag="008">040730s1968    hu            000 0 hunod</controlfield>
    <datafield tag="020" ind1=" " ind2=" ">
      <subfield code="a">(fűzött) :</subfield>
      <subfield code="c">21,- Ft</subfield>
    </datafield>
    <datafield tag="035" ind1=" " ind2=" ">
      <subfield code="a">1253622</subfield>
    </datafield>
    <datafield tag="040" ind1=" " ind2=" ">
      <subfield code="a">OSZK</subfield>
    </datafield>
    <datafield tag="041" ind1="0" ind2=" ">
      <subfield code="a">hunhun</subfield>
    </datafield>
    <datafield tag="080" ind1=" " ind2=" ">
      <subfield code="a">398.94</subfield>
    </datafield>
    <datafield tag="100" ind1="1" ind2=" ">
      <subfield code="a">Kis Tódor</subfield>
    </datafield>
    <datafield tag="245" ind1="1" ind2="0">
      <subfield code="a">1000 vicc a javából /</subfield>
      <subfield code="c">[Kis Tódor] ; [ill. Tankó Béla]</subfield>
    </datafield>
    <datafield tag="260" ind1=" " ind2=" ">
      <subfield code="a">Budapest :</subfield>
      <subfield code="b">Minerva,</subfield>
      <subfield code="c">1968</subfield>
      <subfield code="e">(Debrecen</subfield>
      <subfield code="f">Alföldi Ny.)</subfield>
    </datafield>
    <datafield tag="300" ind1=" " ind2=" ">
      <subfield code="a">356 p. ;</subfield>
      <subfield code="c">18 cm</subfield>
    </datafield>
    <datafield tag="700" ind1="1" ind2=" ">
      <subfield code="a">Tankó Béla</subfield>
      <subfield code="d">(1885-1982)</subfield>
      <subfield code="4">(ill.)</subfield>
    </datafield>
    <datafield tag="852" ind1=" " ind2=" ">
      <subfield code="a">B1</subfield>
      <subfield code="b">B1</subfield>
      <subfield code="x">1253622</subfield>
    </datafield>
    <datafield tag="852" ind1=" " ind2=" ">
      <subfield code="a">BCS1</subfield>
      <subfield code="b">BCS1</subfield>
      <subfield code="x">bibBKO00170523</subfield>
    </datafield>
    <datafield tag="852" ind1=" " ind2=" ">
      <subfield code="a">B10</subfield>
      <subfield code="b">B10</subfield>
      <subfield code="x">bibFSZ00072835</subfield>
    </datafield>
  </record>
  <record>
    <leader>00736nama 22002531i 4500</leader>
    <controlfield tag="001">MOKKAS0000500002  </controlfield>
    <controlfield tag="005">20091021231632.0</controlfield>
    <controlfield tag="008">040730s1970    hu            000 0 hunod</controlfield>
    <datafield tag="020" ind1=" " ind2=" ">
      <subfield code="a">(fűzött) :</subfield>
      <subfield code="c">21,- Ft</subfield>
    </datafield>
    <datafield tag="035" ind1=" " ind2=" ">
      <subfield code="a">1258780</subfield>
    </datafield>
    <datafield tag="040" ind1=" " ind2=" ">
      <subfield code="a">OSZK</subfield>
    </datafield>
    <datafield tag="041" ind1="0" ind2=" ">
      <subfield code="a">hunhun</subfield>
    </datafield>
    <datafield tag="080" ind1=" " ind2=" ">
      <subfield code="a">398.94</subfield>
    </datafield>
    <datafield tag="100" ind1="1" ind2=" ">
      <subfield code="a">Kis Tódor</subfield>
    </datafield>
    <datafield tag="245" ind1="1" ind2="0">
      <subfield code="a">1000 vicc a javából /</subfield>
      <subfield code="c">[Kis Tódor] ; [ill. Tankó Béla]</subfield>
    </datafield>
    <datafield tag="250" ind1=" " ind2=" ">
      <subfield code="a">2. kiad.</subfield>
    </datafield>
    <datafield tag="260" ind1=" " ind2=" ">
      <subfield code="a">Budapest :</subfield>
      <subfield code="b">Minerva,</subfield>
      <subfield code="c">1970</subfield>
      <subfield code="e">(Debrecen</subfield>
      <subfield code="f">Alföldi Ny.)</subfield>
    </datafield>
    <datafield tag="300" ind1=" " ind2=" ">
      <subfield code="a">356 p. ;</subfield>
      <subfield code="c">19 cm</subfield>
    </datafield>
    <datafield tag="700" ind1="1" ind2=" ">
      <subfield code="a">Tankó Béla</subfield>
      <subfield code="d">(1885-1982)</subfield>
      <subfield code="4">(ill.)</subfield>
    </datafield>
    <datafield tag="852" ind1=" " ind2=" ">
      <subfield code="a">B1</subfield>
      <subfield code="b">B1</subfield>
      <subfield code="x">1258780</subfield>
    </datafield>
    <datafield tag="852" ind1=" " ind2=" ">
      <subfield code="a">M1</subfield>
      <subfield code="b">M1</subfield>
      <subfield code="x">75248</subfield>
    </datafield>
    <datafield tag="852" ind1=" " ind2=" ">
      <subfield code="a">SZL1</subfield>
      <subfield code="b">SZL1</subfield>
      <subfield code="x">bibVFK00245409</subfield>
    </datafield>
    <datafield tag="852" ind1=" " ind2=" ">
      <subfield code="a">BCS1</subfield>
      <subfield code="b">BCS1</subfield>
      <subfield code="x">bibBKO00146357</subfield>
    </datafield>
    <datafield tag="852" ind1=" " ind2=" ">
      <subfield code="a">B10</subfield>
      <subfield code="b">B10</subfield>
      <subfield code="x">bibFSZ00050521</subfield>
    </datafield>
  </record>
  <record>
    <leader>00727nama 22002531i 4500</leader>
    <controlfield tag="001">MOKKAS0000503751  </controlfield>
    <controlfield tag="005">20091021231640.0</controlfield>
    <controlfield tag="008">040730s1971    hu            000 0 hunod</controlfield>
    <datafield tag="020" ind1=" " ind2=" ">
      <subfield code="a">(fűzött) :</subfield>
      <subfield code="c">21,- Ft</subfield>
    </datafield>
    <datafield tag="035" ind1=" " ind2=" ">
      <subfield code="a">1262529</subfield>
    </datafield>
    <datafield tag="040" ind1=" " ind2=" ">
      <subfield code="a">OSZK</subfield>
    </datafield>
    <datafield tag="041" ind1="0" ind2=" ">
      <subfield code="a">hunhun</subfield>
    </datafield>
    <datafield tag="080" ind1=" " ind2=" ">
      <subfield code="a">398.94</subfield>
    </datafield>
    <datafield tag="100" ind1="1" ind2=" ">
      <subfield code="a">Kis Tódor</subfield>
    </datafield>
    <datafield tag="245" ind1="1" ind2="0">
      <subfield code="a">1000 vicc a javából /</subfield>
      <subfield code="c">[Kis Tódor] ; [ill. Tankó Béla]</subfield>
    </datafield>
    <datafield tag="250" ind1=" " ind2=" ">
      <subfield code="a">3. kiad.</subfield>
    </datafield>
    <datafield tag="260" ind1=" " ind2=" ">
      <subfield code="a">Budapest :</subfield>
      <subfield code="b">Minerva,</subfield>
      <subfield code="c">1971</subfield>
      <subfield code="e">(Debrecen</subfield>
      <subfield code="f">Alföldi Ny.)</subfield>
    </datafield>
    <datafield tag="300" ind1=" " ind2=" ">
      <subfield code="a">356 p. ;</subfield>
      <subfield code="c">19 cm</subfield>
    </datafield>
    <datafield tag="650" ind1="0" ind2="4">
      <subfield code="a">viccgyűjtemény</subfield>
    </datafield>
    <datafield tag="700" ind1="1" ind2=" ">
      <subfield code="a">Tankó Béla</subfield>
      <subfield code="d">(1885-1982)</subfield>
      <subfield code="4">(ill.)</subfield>
    </datafield>
    <datafield tag="852" ind1=" " ind2=" ">
      <subfield code="a">B1</subfield>
      <subfield code="b">B1</subfield>
      <subfield code="x">1262529</subfield>
    </datafield>
    <datafield tag="852" ind1=" " ind2=" ">
      <subfield code="a">B2</subfield>
      <subfield code="b">B2</subfield>
      <subfield code="x">249809</subfield>
    </datafield>
    <datafield tag="852" ind1=" " ind2=" ">
      <subfield code="a">BCS1</subfield>
      <subfield code="b">BCS1</subfield>
      <subfield code="x">bibBKO00169237</subfield>
    </datafield>
    <datafield tag="852" ind1=" " ind2=" ">
      <subfield code="a">B10</subfield>
      <subfield code="b">B10</subfield>
      <subfield code="x">bibFSZ00071683</subfield>
    </datafield>
  </record>
  <record>
    <leader>00765nama 22002651i 4500</leader>
    <controlfield tag="001">MOKKAS0000508496  </controlfield>
    <controlfield tag="005">20091021231643.0</controlfield>
    <controlfield tag="008">040730s1973    hu            000 0 hunod</controlfield>
    <datafield tag="020" ind1=" " ind2=" ">
      <subfield code="a">(fűzött) :</subfield>
      <subfield code="c">21,- Ft</subfield>
    </datafield>
    <datafield tag="035" ind1=" " ind2=" ">
      <subfield code="a">1267278</subfield>
    </datafield>
    <datafield tag="040" ind1=" " ind2=" ">
      <subfield code="a">OSZK</subfield>
    </datafield>
    <datafield tag="041" ind1="0" ind2=" ">
      <subfield code="a">hunhun</subfield>
    </datafield>
    <datafield tag="080" ind1=" " ind2=" ">
      <subfield code="a">398.94</subfield>
    </datafield>
    <datafield tag="100" ind1="1" ind2=" ">
      <subfield code="a">Kis Tódor</subfield>
    </datafield>
    <datafield tag="245" ind1="1" ind2="0">
      <subfield code="a">1000 vicc a javából /</subfield>
      <subfield code="c">[Kis Tódor] ; [ill. Tankó Béla]</subfield>
    </datafield>
    <datafield tag="250" ind1=" " ind2=" ">
      <subfield code="a">4. kiad.</subfield>
    </datafield>
    <datafield tag="260" ind1=" " ind2=" ">
      <subfield code="a">Budapest :</subfield>
      <subfield code="b">Gondolat,</subfield>
      <subfield code="c">1973</subfield>
      <subfield code="e">(Budapest</subfield>
      <subfield code="f">Franklin Ny.)</subfield>
    </datafield>
    <datafield tag="300" ind1=" " ind2=" ">
      <subfield code="a">356 p. ;</subfield>
      <subfield code="c">20 cm</subfield>
    </datafield>
    <datafield tag="650" ind1=" " ind2="4">
      <subfield code="a">Viccek</subfield>
    </datafield>
    <datafield tag="700" ind1="1" ind2=" ">
      <subfield code="a">Tankó Béla</subfield>
      <subfield code="d">(1885-1982)</subfield>
      <subfield code="4">(ill.)</subfield>
    </datafield>
    <datafield tag="852" ind1=" " ind2=" ">
      <subfield code="a">B1</subfield>
      <subfield code="b">B1</subfield>
      <subfield code="x">1267278</subfield>
    </datafield>
    <datafield tag="852" ind1=" " ind2=" ">
      <subfield code="a">H1</subfield>
      <subfield code="b">H1</subfield>
      <subfield code="x">NLVK406938</subfield>
    </datafield>
    <datafield tag="852" ind1=" " ind2=" ">
      <subfield code="a">BCS1</subfield>
      <subfield code="b">BCS1</subfield>
      <subfield code="x">bibBKO00168157</subfield>
    </datafield>
    <datafield tag="852" ind1=" " ind2=" ">
      <subfield code="a">SZL1</subfield>
      <subfield code="b">SZL1</subfield>
      <subfield code="x">bibVFK00179695</subfield>
    </datafield>
    <datafield tag="852" ind1=" " ind2=" ">
      <subfield code="a">B10</subfield>
      <subfield code="b">B10</subfield>
      <subfield code="x">bibFSZ00070620</subfield>
    </datafield>
  </record>
  <record>
    <leader>00680aam  2200241 i 4500</leader>
    <controlfield tag="001">MOKKAZ0006300355  </controlfield>
    <controlfield tag="005">20040915190216.0</controlfield>
    <controlfield tag="008">940511t19901990hu a          000 1 hun d</controlfield>
    <datafield tag="020" ind1=" " ind2=" ">
      <subfield code="a">963-7760-10-5 (fűzött) :</subfield>
      <subfield code="c">109,- Ft</subfield>
    </datafield>
    <datafield tag="035" ind1=" " ind2=" ">
      <subfield code="a">749006</subfield>
    </datafield>
    <datafield tag="040" ind1=" " ind2=" ">
      <subfield code="a">OSZK</subfield>
    </datafield>
    <datafield tag="041" ind1="0" ind2=" ">
      <subfield code="a">hunhun</subfield>
    </datafield>
    <datafield tag="072" ind1=" " ind2="1">
      <subfield code="a">5K</subfield>
    </datafield>
    <datafield tag="100" ind1="1" ind2=" ">
      <subfield code="a">Kis Tódor</subfield>
    </datafield>
    <datafield tag="245" ind1="1" ind2="0">
      <subfield code="a">1000 vicc a javából</subfield>
    </datafield>
    <datafield tag="246" ind1="1" ind2="4">
      <subfield code="a">Ezer vicc a javából</subfield>
    </datafield>
    <datafield tag="250" ind1=" " ind2=" ">
      <subfield code="a">5. átd. kiad.</subfield>
    </datafield>
    <datafield tag="260" ind1=" " ind2=" ">
      <subfield code="a">Budapest :</subfield>
      <subfield code="b">Ikva,</subfield>
      <subfield code="c">1990</subfield>
      <subfield code="e">(Budapest</subfield>
      <subfield code="f">Csapó és Tsai.)</subfield>
      <subfield code="f">Zrínyi)</subfield>
    </datafield>
    <datafield tag="300" ind1=" " ind2=" ">
      <subfield code="a">333 p. :</subfield>
      <subfield code="b">ill. ;</subfield>
      <subfield code="c">20 cm</subfield>
    </datafield>
    <datafield tag="500" ind1=" " ind2=" ">
      <subfield code="a">Összeáll. Kis Tódor</subfield>
    </datafield>
    <datafield tag="852" ind1=" " ind2=" ">
      <subfield code="a">B1</subfield>
      <subfield code="b">B1</subfield>
      <subfield code="x">749006</subfield>
    </datafield>
    <datafield tag="852" ind1=" " ind2=" ">
      <subfield code="a">D1</subfield>
      <subfield code="b">D1</subfield>
      <subfield code="x">ISISFEF0009381</subfield>
    </datafield>
    <datafield tag="852" ind1=" " ind2=" ">
      <subfield code="a">M2</subfield>
      <subfield code="b">M2</subfield>
      <subfield code="x">bibRFK00063285</subfield>
    </datafield>
  </record>
  <record>
    <leader>00924nam  2200265 i 4500</leader>
    <controlfield tag="001">MOKKAZ0006381643  </controlfield>
    <controlfield tag="005">20091230123236.0</controlfield>
    <controlfield tag="008">990729s1999    hu a          000 d hun d</controlfield>
    <datafield tag="020" ind1=" " ind2=" ">
      <subfield code="a">963-9133-53-1 (fűzött) :</subfield>
      <subfield code="c">520,-Ft</subfield>
    </datafield>
    <datafield tag="035" ind1=" " ind2=" ">
      <subfield code="a">374655</subfield>
    </datafield>
    <datafield tag="040" ind1=" " ind2=" ">
      <subfield code="a">OSZK</subfield>
    </datafield>
    <datafield tag="041" ind1="0" ind2=" ">
      <subfield code="a">hunhun</subfield>
    </datafield>
    <datafield tag="080" ind1=" " ind2="0">
      <subfield code="a">398.94(439)</subfield>
    </datafield>
    <datafield tag="100" ind1="1" ind2=" ">
      <subfield code="a">Kis Tódor</subfield>
    </datafield>
    <datafield tag="245" ind1="1" ind2="0">
      <subfield code="a">1000 vicc a javából /</subfield>
      <subfield code="c">[Kis Tódor] ; [ill. Tankó Béla]</subfield>
    </datafield>
    <datafield tag="246" ind1="1" ind2="3">
      <subfield code="a">Ezer vicc a javából (borító- és gerinccím)</subfield>
    </datafield>
    <datafield tag="250" ind1=" " ind2=" ">
      <subfield code="a">5. átd. kiad., utánny. /</subfield>
    </datafield>
    <datafield tag="260" ind1=" " ind2=" ">
      <subfield code="a">Budapest :</subfield>
      <subfield code="b">Paginarum,</subfield>
      <subfield code="c">[1999]</subfield>
      <subfield code="e">([Dunaújváros]</subfield>
      <subfield code="f">Text-Print Kft.)</subfield>
    </datafield>
    <datafield tag="300" ind1=" " ind2=" ">
      <subfield code="a">333 p. :</subfield>
      <subfield code="b">ill. ;</subfield>
      <subfield code="c">20 cm</subfield>
    </datafield>
    <datafield tag="650" ind1=" " ind2="4">
      <subfield code="a">Viccek</subfield>
    </datafield>
    <datafield tag="700" ind1="1" ind2=" ">
      <subfield code="a">Tankó Béla</subfield>
      <subfield code="d">(1885-1982)</subfield>
      <subfield code="4">(ill.)</subfield>
    </datafield>
    <datafield tag="852" ind1=" " ind2=" ">
      <subfield code="a">B1</subfield>
      <subfield code="b">B1</subfield>
      <subfield code="x">374655</subfield>
    </datafield>
    <datafield tag="852" ind1=" " ind2=" ">
      <subfield code="a">SZK1</subfield>
      <subfield code="b">SZK1</subfield>
      <subfield code="x">374655</subfield>
    </datafield>
    <datafield tag="852" ind1=" " ind2=" ">
      <subfield code="a">SZL1</subfield>
      <subfield code="b">SZL1</subfield>
      <subfield code="x">bibVFK00203044</subfield>
    </datafield>
    <datafield tag="852" ind1=" " ind2=" ">
      <subfield code="a">B10</subfield>
      <subfield code="b">0801G</subfield>
      <subfield code="b">1903</subfield>
      <subfield code="b">2101</subfield>
      <subfield code="b">1105</subfield>
      <subfield code="b">1106</subfield>
      <subfield code="b">0801</subfield>
      <subfield code="b">0403</subfield>
      <subfield code="b">1302</subfield>
      <subfield code="B">1302</subfield>
      <subfield code="B">0801</subfield>
      <subfield code="B">0801G</subfield>
      <subfield code="B">1903</subfield>
      <subfield code="B">2101</subfield>
      <subfield code="B">1105</subfield>
      <subfield code="x">bibFSZ00197013</subfield>
    </datafield>
  </record>
  <record>
    <leader>00769nama 22001931i 4500</leader>
    <controlfield tag="001">MOKKAS0000482651  </controlfield>
    <controlfield tag="005">20060117183703.0</controlfield>
    <controlfield tag="008">040630s1952    hu            000 0 hunod</controlfield>
    <datafield tag="035" ind1=" " ind2=" ">
      <subfield code="a">1241426</subfield>
    </datafield>
    <datafield tag="040" ind1=" " ind2=" ">
      <subfield code="a">OSZK</subfield>
    </datafield>
    <datafield tag="041" ind1="0" ind2=" ">
      <subfield code="a">hunhun</subfield>
    </datafield>
    <datafield tag="100" ind1="1" ind2=" ">
      <subfield code="a">Fábry József</subfield>
      <subfield code="c">(cédulakatalógus alapján)</subfield>
    </datafield>
    <datafield tag="245" ind1="1" ind2="0">
      <subfield code="a">1000 V-nál kisebb feszültségű földelt csillagpontú villamos hálózatra kapcsolt fogyasztóberendezések érintésvédelme /</subfield>
      <subfield code="c">Fábry József</subfield>
    </datafield>
    <datafield tag="260" ind1=" " ind2=" ">
      <subfield code="a">Budapest :</subfield>
      <subfield code="b">Közokt. Jegyzetell. soksz.,</subfield>
      <subfield code="c">1952</subfield>
    </datafield>
    <datafield tag="300" ind1=" " ind2=" ">
      <subfield code="a">36 p. :</subfield>
      <subfield code="b">ill. ;</subfield>
      <subfield code="c">20 cm</subfield>
    </datafield>
    <datafield tag="490" ind1="1" ind2=" ">
      <subfield code="a">Mérnöki Továbbképző Intézet előadássorozatából</subfield>
      <subfield code="v">Ép. VII.-2.</subfield>
    </datafield>
    <datafield tag="830" ind1=" " ind2="0">
      <subfield code="a">Mérnöki Továbbképző Intézet előadássorozatából</subfield>
    </datafield>
    <datafield tag="852" ind1=" " ind2=" ">
      <subfield code="a">B1</subfield>
      <subfield code="b">B1</subfield>
      <subfield code="x">1241426</subfield>
    </datafield>
    <datafield tag="852" ind1=" " ind2=" ">
      <subfield code="a">B11</subfield>
      <subfield code="b">B11</subfield>
      <subfield code="x">BMEOMIKK000151986</subfield>
    </datafield>
  </record>
  <record>
    <leader>00882nama 22002051i 4500</leader>
    <controlfield tag="001">MOKKAS0000459793  </controlfield>
    <controlfield tag="005">20060117171657.0</controlfield>
    <controlfield tag="008">040607s1954    hu            000 0 hunod</controlfield>
    <datafield tag="035" ind1=" " ind2=" ">
      <subfield code="a">1218566</subfield>
    </datafield>
    <datafield tag="040" ind1=" " ind2=" ">
      <subfield code="a">OSZK</subfield>
    </datafield>
    <datafield tag="041" ind1="0" ind2=" ">
      <subfield code="a">hunhun</subfield>
    </datafield>
    <datafield tag="100" ind1="1" ind2=" ">
      <subfield code="a">Fábry József</subfield>
      <subfield code="c">(cédulakatalógus alapján)</subfield>
    </datafield>
    <datafield tag="245" ind1="1" ind2="0">
      <subfield code="a">1000 V-nál kisebb feszültségű földelt csillagpontú villamos hálózatra kapcsolt fogyasztóberendezések érintésvédelme /</subfield>
      <subfield code="c">Fábry József</subfield>
    </datafield>
    <datafield tag="250" ind1=" " ind2=" ">
      <subfield code="a">[Új lenyomat]</subfield>
    </datafield>
    <datafield tag="260" ind1=" " ind2=" ">
      <subfield code="a">Budapest :</subfield>
      <subfield code="b">Közokt. Jegyzetell. soksz.,</subfield>
      <subfield code="c">1952 [!1954]</subfield>
    </datafield>
    <datafield tag="300" ind1=" " ind2=" ">
      <subfield code="a">36 p. ;</subfield>
      <subfield code="c">20 cm</subfield>
    </datafield>
    <datafield tag="490" ind1="1" ind2=" ">
      <subfield code="a">Mérnöki Továbbképző Intézet 1952-53. évi előadássorozatából</subfield>
      <subfield code="v">1845.</subfield>
    </datafield>
    <datafield tag="500" ind1=" " ind2=" ">
      <subfield code="a">A borítófedélen a megjelenés éve: 1953, a sokszorosító: Felsőokt. Jegyzetell. V.</subfield>
    </datafield>
    <datafield tag="830" ind1=" " ind2="0">
      <subfield code="a">Mérnöki Továbbképző Intézet 1952-53. évi előadássorozatából</subfield>
    </datafield>
    <datafield tag="852" ind1=" " ind2=" ">
      <subfield code="a">B1</subfield>
      <subfield code="b">B1</subfield>
      <subfield code="x">1218566</subfield>
    </datafield>
  </record>
  <record>
    <leader>00761nama 22001931i 4500</leader>
    <controlfield tag="001">MOKKAS0000457412  </controlfield>
    <controlfield tag="005">20060117170913.0</controlfield>
    <controlfield tag="008">040607s1953    hu            000 0 hunod</controlfield>
    <datafield tag="035" ind1=" " ind2=" ">
      <subfield code="a">1216185</subfield>
    </datafield>
    <datafield tag="040" ind1=" " ind2=" ">
      <subfield code="a">OSZK</subfield>
    </datafield>
    <datafield tag="041" ind1="0" ind2=" ">
      <subfield code="a">hunhun</subfield>
    </datafield>
    <datafield tag="100" ind1="1" ind2=" ">
      <subfield code="a">Fábry József</subfield>
      <subfield code="c">(cédulakatalógus alapján)</subfield>
    </datafield>
    <datafield tag="245" ind1="1" ind2="0">
      <subfield code="a">1000 V-nál kisebb feszültségű földelt csillapontú villamos hálózatra kapcsolt fogyasztóberendezések érintésvédelme /</subfield>
      <subfield code="c">Fábry József</subfield>
    </datafield>
    <datafield tag="260" ind1=" " ind2=" ">
      <subfield code="a">Budapest :</subfield>
      <subfield code="b">Felsőokt. Jegyzetell. soksz.,</subfield>
      <subfield code="c">1953</subfield>
    </datafield>
    <datafield tag="300" ind1=" " ind2=" ">
      <subfield code="a">36 p. ;</subfield>
      <subfield code="c">20 cm</subfield>
    </datafield>
    <datafield tag="490" ind1="1" ind2=" ">
      <subfield code="a">Mérnöki Továbbképző Intézet előadássorozatából</subfield>
      <subfield code="v">Ép. VII-2.</subfield>
    </datafield>
    <datafield tag="830" ind1=" " ind2="0">
      <subfield code="a">Mérnöki Továbbképző Intézet előadássorozatából</subfield>
    </datafield>
    <datafield tag="852" ind1=" " ind2=" ">
      <subfield code="a">B1</subfield>
      <subfield code="b">B1</subfield>
      <subfield code="x">1216185</subfield>
    </datafield>
    <datafield tag="852" ind1=" " ind2=" ">
      <subfield code="a">B11</subfield>
      <subfield code="b">B11</subfield>
      <subfield code="x">BMEOMIKK000151987</subfield>
    </datafield>
  </record>
  <record>
    <leader>00541nama 22001571i 4500</leader>
    <controlfield tag="001">MOKKAS0000465616  </controlfield>
    <controlfield tag="005">20060117173721.0</controlfield>
    <controlfield tag="008">040630s1955    hu            000 0 hunod</controlfield>
    <datafield tag="035" ind1=" " ind2=" ">
      <subfield code="a">1224391</subfield>
    </datafield>
    <datafield tag="040" ind1=" " ind2=" ">
      <subfield code="a">OSZK</subfield>
    </datafield>
    <datafield tag="041" ind1="0" ind2=" ">
      <subfield code="a">hunhun</subfield>
    </datafield>
    <datafield tag="100" ind1="1" ind2=" ">
      <subfield code="a">Fábry József</subfield>
      <subfield code="c">(cédulakatalógus alapján)</subfield>
    </datafield>
    <datafield tag="245" ind1="1" ind2="0">
      <subfield code="a">1000 voltnál kisebb feszültségű fogyasztóberendezések érintésvédelmének méretezése /</subfield>
      <subfield code="c">Fábry József</subfield>
    </datafield>
    <datafield tag="260" ind1=" " ind2=" ">
      <subfield code="a">Budapest :</subfield>
      <subfield code="b">Műszaki Kiadó,</subfield>
      <subfield code="c">1955</subfield>
      <subfield code="e">(Budapest</subfield>
      <subfield code="f">Egyet. Ny.)</subfield>
    </datafield>
    <datafield tag="300" ind1=" " ind2=" ">
      <subfield code="a">79 p., 3 t. ;</subfield>
      <subfield code="c">20 cm</subfield>
    </datafield>
    <datafield tag="852" ind1=" " ind2=" ">
      <subfield code="a">B1</subfield>
      <subfield code="b">B1</subfield>
      <subfield code="x">1224391</subfield>
    </datafield>
  </record>
  <record>
    <leader>01718fam  2200481 i 4500</leader>
    <controlfield tag="001">MOKKAZ0006347988  </controlfield>
    <controlfield tag="005">20091109103345.0</controlfield>
    <controlfield tag="008">970429s1997    hu       d    000 0 rus d</controlfield>
    <datafield tag="020" ind1=" " ind2=" ">
      <subfield code="a">963-7693-89-0 (fűzött) :</subfield>
      <subfield code="c">532,- Ft</subfield>
    </datafield>
    <datafield tag="035" ind1=" " ind2=" ">
      <subfield code="a">228352</subfield>
    </datafield>
    <datafield tag="040" ind1=" " ind2=" ">
      <subfield code="a">OSZK</subfield>
    </datafield>
    <datafield tag="041" ind1="0" ind2=" ">
      <subfield code="a">rushunrushun</subfield>
    </datafield>
    <datafield tag="080" ind1=" " ind2=" ">
      <subfield code="a">808.2(076.5)</subfield>
    </datafield>
    <datafield tag="100" ind1="1" ind2=" ">
      <subfield code="a">Fenyvesi István</subfield>
      <subfield code="d">(1931-)</subfield>
    </datafield>
    <datafield tag="245" ind1="1" ind2="0">
      <subfield code="a">1000 voprosov - 1000 otvetov : </subfield>
      <subfield code="b">orosz társalgási gyakorlatok az "A" típusú nyelvvizsgákra! /</subfield>
      <subfield code="c">[írta és szerk. Fenyvesi István]</subfield>
    </datafield>
    <datafield tag="260" ind1=" " ind2=" ">
      <subfield code="a">[Székesfehérvár] :</subfield>
      <subfield code="b">Lexika,</subfield>
      <subfield code="c">1997</subfield>
      <subfield code="e">([Dabas]</subfield>
      <subfield code="f">Reálszisztéma Dabasi Ny.)</subfield>
    </datafield>
    <datafield tag="300" ind1=" " ind2=" ">
      <subfield code="a">255 p. ;</subfield>
      <subfield code="c">21 cm</subfield>
    </datafield>
    <datafield tag="650" ind1=" " ind2="4">
      <subfield code="a">Orosz nyelv</subfield>
      <subfield code="x">vizsgák, kérdések stb.</subfield>
    </datafield>
    <datafield tag="650" ind1=" " ind2="4">
      <subfield code="a">Orosz nyelv</subfield>
      <subfield code="x">feladatok, gyakorlatok stb.</subfield>
    </datafield>
    <datafield tag="650" ind1=" " ind2="0">
      <subfield code="a">Russian language</subfield>
      <subfield code="x">Problems, exercises, etc.</subfield>
    </datafield>
    <datafield tag="650" ind1=" " ind2="0">
      <subfield code="a">Russian language</subfield>
      <subfield code="x">Examinations, questions, etc.</subfield>
    </datafield>
    <datafield tag="650" ind1=" " ind2="7">
      <subfield code="a">Orosz nyelvkönyv</subfield>
      <subfield code="x">társalgási gyakorlatok</subfield>
      <subfield code="2">szte</subfield>
    </datafield>
    <datafield tag="650" ind1=" " ind2="7">
      <subfield code="a">Nyelvvizsga</subfield>
      <subfield code="x">orosz</subfield>
      <subfield code="x">társalgási gyakorlatok</subfield>
      <subfield code="2">szte</subfield>
    </datafield>
    <datafield tag="650" ind1="0" ind2="4">
      <subfield code="a">orosz nyelvkönyv</subfield>
    </datafield>
    <datafield tag="650" ind1=" " ind2="4">
      <subfield code="a">orosz nyelv</subfield>
    </datafield>
    <datafield tag="650" ind1=" " ind2="4">
      <subfield code="a">nyelvkönyvek</subfield>
    </datafield>
    <datafield tag="650" ind1=" " ind2="7">
      <subfield code="a">nyelvvizsga</subfield>
      <subfield code="2">opkm</subfield>
    </datafield>
    <datafield tag="650" ind1=" " ind2="7">
      <subfield code="a">középiskola</subfield>
      <subfield code="2">opkm</subfield>
    </datafield>
    <datafield tag="650" ind1=" " ind2="7">
      <subfield code="a">középfokú oktatás</subfield>
      <subfield code="2">opkm</subfield>
    </datafield>
    <datafield tag="650" ind1=" " ind2="7">
      <subfield code="a">orosz nyelv tantárgy</subfield>
      <subfield code="2">opkm</subfield>
    </datafield>
    <datafield tag="650" ind1=" " ind2="7">
      <subfield code="a">társalgás</subfield>
      <subfield code="2">opkm</subfield>
    </datafield>
    <datafield tag="651" ind1=" " ind2="4">
      <subfield code="a">Magyarország</subfield>
    </datafield>
    <datafield tag="695" ind1=" " ind2=" ">
      <subfield code="a">Nyelvvizsga anyag, orosz</subfield>
    </datafield>
    <datafield tag="695" ind1=" " ind2=" ">
      <subfield code="a">Orosz nyelvkönyv, társalgás</subfield>
    </datafield>
    <datafield tag="852" ind1=" " ind2=" ">
      <subfield code="a">B1</subfield>
      <subfield code="b">B1</subfield>
      <subfield code="x">228352</subfield>
    </datafield>
    <datafield tag="852" ind1=" " ind2=" ">
      <subfield code="a">D1</subfield>
      <subfield code="b">D1</subfield>
      <subfield code="x">bibKLT00149420</subfield>
    </datafield>
    <datafield tag="852" ind1=" " ind2=" ">
      <subfield code="a">SZ1</subfield>
      <subfield code="b">SZ1</subfield>
      <subfield code="x">bibJAT00292842</subfield>
    </datafield>
    <datafield tag="852" ind1=" " ind2=" ">
      <subfield code="a">B10</subfield>
      <subfield code="B">2000</subfield>
      <subfield code="b">0801</subfield>
      <subfield code="x">bibFSZ00114121</subfield>
    </datafield>
    <datafield tag="852" ind1=" " ind2=" ">
      <subfield code="a">M1</subfield>
      <subfield code="b">M1</subfield>
      <subfield code="x">39351</subfield>
    </datafield>
    <datafield tag="852" ind1=" " ind2=" ">
      <subfield code="a">P1</subfield>
      <subfield code="b">P1/SZ</subfield>
      <subfield code="x">bibJPT00101427</subfield>
    </datafield>
    <datafield tag="852" ind1=" " ind2=" ">
      <subfield code="a">M2</subfield>
      <subfield code="b">M2</subfield>
      <subfield code="x">bibRFK00033274</subfield>
    </datafield>
    <datafield tag="852" ind1=" " ind2=" ">
      <subfield code="a">B3</subfield>
      <subfield code="b">B3</subfield>
      <subfield code="x">000148015</subfield>
    </datafield>
    <datafield tag="852" ind1=" " ind2=" ">
      <subfield code="a">B7</subfield>
      <subfield code="b">B7</subfield>
      <subfield code="x">147239</subfield>
    </datafield>
  </record>
  <record>
    <leader>00676nam  2200193 i 4500</leader>
    <controlfield tag="001">MOKKAS0002169954  </controlfield>
    <controlfield tag="005">20060526145450.0</controlfield>
    <controlfield tag="008">971006s1998    hu            00000 eng e</controlfield>
    <datafield tag="020" ind1=" " ind2=" ">
      <subfield code="a">963-7693-89-0 (fűzött)</subfield>
    </datafield>
    <datafield tag="035" ind1=" " ind2=" ">
      <subfield code="a">bibSOK00015808</subfield>
    </datafield>
    <datafield tag="040" ind1=" " ind2=" ">
      <subfield code="a">SK</subfield>
    </datafield>
    <datafield tag="041" ind1="1" ind2=" ">
      <subfield code="a">rushun</subfield>
    </datafield>
    <datafield tag="100" ind1="1" ind2=" ">
      <subfield code="a">Fenyvesi István</subfield>
    </datafield>
    <datafield tag="245" ind1="1" ind2="0">
      <subfield code="a">1000 voprosov - 1000 otvetov :</subfield>
      <subfield code="b">orosz társalgási gyakorlatok az "A" típusú nyelvvizsgákra /</subfield>
      <subfield code="c">Fenyvesi István</subfield>
    </datafield>
    <datafield tag="260" ind1=" " ind2=" ">
      <subfield code="a">Székesfehérvár :</subfield>
      <subfield code="b">Lexika,</subfield>
      <subfield code="c">[1998]</subfield>
    </datafield>
    <datafield tag="300" ind1=" " ind2=" ">
      <subfield code="a">255 p. ;</subfield>
      <subfield code="c">20 cm</subfield>
    </datafield>
    <datafield tag="650" ind1=" " ind2="7">
      <subfield code="a">Orosz nyelvkönyv</subfield>
      <subfield code="x">társalgási gyakorlatok</subfield>
      <subfield code="2">szte</subfield>
    </datafield>
    <datafield tag="650" ind1=" " ind2="7">
      <subfield code="a">Nyelvvizsga</subfield>
      <subfield code="x">orosz</subfield>
      <subfield code="x">társalgási gyakorlatok</subfield>
      <subfield code="2">szte</subfield>
    </datafield>
    <datafield tag="852" ind1=" " ind2=" ">
      <subfield code="a">SZ4</subfield>
      <subfield code="b">SZ4</subfield>
      <subfield code="x">bibSOK00015808</subfield>
    </datafield>
  </record>
  <record>
    <leader>01607fam  2200433 i 4500</leader>
    <controlfield tag="001">MOKKAZ0006367059  </controlfield>
    <controlfield tag="005">20091109070824.0</controlfield>
    <controlfield tag="008">980807s1998    hu       d    000 0 rus d</controlfield>
    <datafield tag="020" ind1=" " ind2=" ">
      <subfield code="a">963-9092-41-X (fűzött)</subfield>
    </datafield>
    <datafield tag="035" ind1=" " ind2=" ">
      <subfield code="a">308747</subfield>
    </datafield>
    <datafield tag="040" ind1=" " ind2=" ">
      <subfield code="a">OSZK</subfield>
    </datafield>
    <datafield tag="041" ind1="0" ind2=" ">
      <subfield code="a">rushunrushun</subfield>
    </datafield>
    <datafield tag="100" ind1="1" ind2=" ">
      <subfield code="a">Fenyvesi István</subfield>
      <subfield code="d">(1931-)</subfield>
    </datafield>
    <datafield tag="245" ind1="1" ind2="0">
      <subfield code="a">1000 voprosov - 1000 otvetov : </subfield>
      <subfield code="b">orosz társalgási gyakorlatok az "A" típusú nyelvvizsgákra! /</subfield>
      <subfield code="c">Fenyvesi István</subfield>
    </datafield>
    <datafield tag="260" ind1=" " ind2=" ">
      <subfield code="a">Székesfehérvár :</subfield>
      <subfield code="b">Lexika,</subfield>
      <subfield code="c">[1998]</subfield>
      <subfield code="e">([Dabas]</subfield>
      <subfield code="f">Reálszisztéma Dabasi Ny.)</subfield>
    </datafield>
    <datafield tag="300" ind1=" " ind2=" ">
      <subfield code="a">255 p. ;</subfield>
      <subfield code="c">21 cm</subfield>
    </datafield>
    <datafield tag="650" ind1=" " ind2="4">
      <subfield code="a">Orosz nyelv</subfield>
      <subfield code="x">vizsgák, kérdések stb.</subfield>
    </datafield>
    <datafield tag="650" ind1=" " ind2="4">
      <subfield code="a">Orosz nyelv</subfield>
      <subfield code="x">feladatok, gyakorlatok stb.</subfield>
    </datafield>
    <datafield tag="650" ind1=" " ind2="0">
      <subfield code="a">Russian language</subfield>
      <subfield code="x">Problems, exercises, etc.</subfield>
    </datafield>
    <datafield tag="650" ind1=" " ind2="0">
      <subfield code="a">Russian language</subfield>
      <subfield code="x">Examinations, questions, etc.</subfield>
    </datafield>
    <datafield tag="650" ind1=" " ind2="7">
      <subfield code="a">Orosz nyelvkönyv</subfield>
      <subfield code="x">társalgási gyakorlatok</subfield>
      <subfield code="2">szte</subfield>
    </datafield>
    <datafield tag="650" ind1=" " ind2="7">
      <subfield code="a">Nyelvvizsga</subfield>
      <subfield code="x">orosz</subfield>
      <subfield code="x">társalgási gyakorlatok</subfield>
      <subfield code="2">szte</subfield>
    </datafield>
    <datafield tag="650" ind1=" " ind2="4">
      <subfield code="a">Orosz nyelvkönyvek</subfield>
    </datafield>
    <datafield tag="650" ind1=" " ind2="4">
      <subfield code="a">Orosz kifejezések. Nyelsajátosságok (idiómák). Halandzsaszavak stb</subfield>
    </datafield>
    <datafield tag="650" ind1=" " ind2="4">
      <subfield code="a">Magyar nyelven</subfield>
    </datafield>
    <datafield tag="650" ind1=" " ind2="7">
      <subfield code="a">nyelvvizsga</subfield>
      <subfield code="2">opkm</subfield>
    </datafield>
    <datafield tag="650" ind1=" " ind2="7">
      <subfield code="a">középiskola</subfield>
      <subfield code="2">opkm</subfield>
    </datafield>
    <datafield tag="650" ind1=" " ind2="7">
      <subfield code="a">középfokú oktatás</subfield>
      <subfield code="2">opkm</subfield>
    </datafield>
    <datafield tag="650" ind1=" " ind2="7">
      <subfield code="a">orosz nyelv tantárgy</subfield>
      <subfield code="2">opkm</subfield>
    </datafield>
    <datafield tag="650" ind1=" " ind2="7">
      <subfield code="a">társalgás</subfield>
      <subfield code="2">opkm</subfield>
    </datafield>
    <datafield tag="651" ind1=" " ind2="4">
      <subfield code="a">Magyarország</subfield>
    </datafield>
    <datafield tag="852" ind1=" " ind2=" ">
      <subfield code="a">B1</subfield>
      <subfield code="b">B1</subfield>
      <subfield code="x">308747</subfield>
    </datafield>
    <datafield tag="852" ind1=" " ind2=" ">
      <subfield code="a">D1</subfield>
      <subfield code="b">D1</subfield>
      <subfield code="x">bibKLT00186918</subfield>
    </datafield>
    <datafield tag="852" ind1=" " ind2=" ">
      <subfield code="a">SZ1</subfield>
      <subfield code="b">SZ1</subfield>
      <subfield code="x">bibJAT00352988</subfield>
    </datafield>
    <datafield tag="852" ind1=" " ind2=" ">
      <subfield code="a">B10</subfield>
      <subfield code="B">0801</subfield>
      <subfield code="b">1304</subfield>
      <subfield code="x">bibFSZ00141208</subfield>
    </datafield>
    <datafield tag="852" ind1=" " ind2=" ">
      <subfield code="a">P1</subfield>
      <subfield code="b">P1/MK</subfield>
      <subfield code="x">bibJPT00176054</subfield>
    </datafield>
    <datafield tag="852" ind1=" " ind2=" ">
      <subfield code="a">SZ4</subfield>
      <subfield code="b">SZ4</subfield>
      <subfield code="x">bibJGY00076436</subfield>
    </datafield>
    <datafield tag="852" ind1=" " ind2=" ">
      <subfield code="a">B14</subfield>
      <subfield code="b">B14</subfield>
      <subfield code="x">OIK408927</subfield>
    </datafield>
    <datafield tag="852" ind1=" " ind2=" ">
      <subfield code="a">B7</subfield>
      <subfield code="b">B7</subfield>
      <subfield code="x">105520</subfield>
    </datafield>
  </record>
  <record>
    <leader>00673nam  2200193   4500</leader>
    <controlfield tag="001">MOKKAZ0004863227  </controlfield>
    <controlfield tag="005">20040910112329.0</controlfield>
    <controlfield tag="008">970604s1998    hu            00010 rus d</controlfield>
    <datafield tag="020" ind1=" " ind2=" ">
      <subfield code="a">963 9ö92 41 x</subfield>
    </datafield>
    <datafield tag="035" ind1=" " ind2=" ">
      <subfield code="a">bibJPT00141231</subfield>
    </datafield>
    <datafield tag="040" ind1=" " ind2=" ">
      <subfield code="a">PTE</subfield>
    </datafield>
    <datafield tag="041" ind1="0" ind2=" ">
      <subfield code="a">rushun</subfield>
    </datafield>
    <datafield tag="100" ind1="1" ind2=" ">
      <subfield code="a">Fenyvesi István</subfield>
      <subfield code="d">(1931-)</subfield>
    </datafield>
    <datafield tag="245" ind1="1" ind2="0">
      <subfield code="a">1000 voproszov - 1000 otvetov :</subfield>
      <subfield code="b">Orosz társalgási gyakorlatok az "A" típusú nyelvvizsgákra /</subfield>
      <subfield code="c">[írta és szerk.] Fenyvesi István</subfield>
    </datafield>
    <datafield tag="260" ind1=" " ind2=" ">
      <subfield code="a">Székesfehérvár :</subfield>
      <subfield code="b">Lexika Tankönyvkiadó,</subfield>
      <subfield code="c">[19]98</subfield>
    </datafield>
    <datafield tag="300" ind1=" " ind2=" ">
      <subfield code="a">255, [1] p. ;</subfield>
      <subfield code="c">20 cm</subfield>
    </datafield>
    <datafield tag="695" ind1=" " ind2=" ">
      <subfield code="a">Nyelvvizsga anyag, orosz</subfield>
    </datafield>
    <datafield tag="695" ind1=" " ind2=" ">
      <subfield code="a">Orosz nyelvkönyv, társalgás</subfield>
    </datafield>
    <datafield tag="852" ind1=" " ind2=" ">
      <subfield code="a">P1</subfield>
      <subfield code="b">P1/SZ</subfield>
      <subfield code="x">bibJPT00141231</subfield>
    </datafield>
  </record>
  <record>
    <leader>00639nam  2200205 i 4500</leader>
    <controlfield tag="001">MOKKAS0003413321  </controlfield>
    <controlfield tag="005">20060604124938.0</controlfield>
    <controlfield tag="008">050713s                            rus d</controlfield>
    <datafield tag="020" ind1=" " ind2=" ">
      <subfield code="a">963 7693 89 0</subfield>
    </datafield>
    <datafield tag="035" ind1=" " ind2=" ">
      <subfield code="a">255148</subfield>
    </datafield>
    <datafield tag="040" ind1=" " ind2=" ">
      <subfield code="a">OIK</subfield>
    </datafield>
    <datafield tag="041" ind1="0" ind2=" ">
      <subfield code="a">rushun</subfield>
    </datafield>
    <datafield tag="100" ind1="1" ind2=" ">
      <subfield code="a">Fenyvesi István</subfield>
    </datafield>
    <datafield tag="245" ind1="1" ind2="0">
      <subfield code="a">1000 voprosov - 1000 otvetov : </subfield>
      <subfield code="b">Orosz társalgási gyakorlatok az "A" típusú nyelvvizsgákra /</subfield>
      <subfield code="c">[írta és szerk. Fenyvesi István]</subfield>
    </datafield>
    <datafield tag="260" ind1=" " ind2=" ">
      <subfield code="a">Székesfehérvár :</subfield>
      <subfield code="b">Lexika,</subfield>
      <subfield code="c">[199?]</subfield>
    </datafield>
    <datafield tag="300" ind1=" " ind2=" ">
      <subfield code="a">255 p. ;</subfield>
      <subfield code="c">21 cm</subfield>
    </datafield>
    <datafield tag="650" ind1=" " ind2="4">
      <subfield code="a">Orosz nyelvkönyvek</subfield>
    </datafield>
    <datafield tag="650" ind1=" " ind2="4">
      <subfield code="a">Orosz kifejezések</subfield>
    </datafield>
    <datafield tag="650" ind1=" " ind2="4">
      <subfield code="a">Magyar nyelven</subfield>
    </datafield>
    <datafield tag="852" ind1=" " ind2=" ">
      <subfield code="a">B14</subfield>
      <subfield code="b">B14</subfield>
      <subfield code="x">255148</subfield>
    </datafield>
  </record>
  <record>
    <leader>00504nam  2200181 i 4500</leader>
    <controlfield tag="001">MOKKAS0003562469  </controlfield>
    <controlfield tag="005">20060606080237.0</controlfield>
    <controlfield tag="008">050714s1974                        rus d</controlfield>
    <datafield tag="035" ind1=" " ind2=" ">
      <subfield code="a">716715</subfield>
    </datafield>
    <datafield tag="040" ind1=" " ind2=" ">
      <subfield code="a">OIK</subfield>
    </datafield>
    <datafield tag="041" ind1="0" ind2=" ">
      <subfield code="a">rus</subfield>
    </datafield>
    <datafield tag="100" ind1="1" ind2=" ">
      <subfield code="a">Pukinskij, Bronislav Kazimirovič</subfield>
    </datafield>
    <datafield tag="245" ind1="1" ind2="0">
      <subfield code="a">1000 voprosov i otvetov o Leningrade /</subfield>
      <subfield code="c">B. K. Pukinskij</subfield>
    </datafield>
    <datafield tag="260" ind1=" " ind2=" ">
      <subfield code="a">Leningrad :</subfield>
      <subfield code="b">Lenizdat,</subfield>
      <subfield code="c">1974</subfield>
    </datafield>
    <datafield tag="300" ind1=" " ind2=" ">
      <subfield code="a">485 p. :</subfield>
      <subfield code="b">ill. ;</subfield>
      <subfield code="c">18 cm</subfield>
    </datafield>
    <datafield tag="500" ind1=" " ind2=" ">
      <subfield code="a">Cirill betűs</subfield>
    </datafield>
    <datafield tag="651" ind1=" " ind2="4">
      <subfield code="a">Sankt-Peterburg</subfield>
    </datafield>
    <datafield tag="852" ind1=" " ind2=" ">
      <subfield code="a">B14</subfield>
      <subfield code="b">B14</subfield>
      <subfield code="x">716715</subfield>
    </datafield>
  </record>
  <record>
    <leader>00862nam  2200229 i 4500</leader>
    <controlfield tag="001">MOKKAS0003797249  </controlfield>
    <controlfield tag="005">20091228162552.0</controlfield>
    <controlfield tag="008">970904s1997    hu            00010 rus d</controlfield>
    <datafield tag="020" ind1=" " ind2=" ">
      <subfield code="a">963 7693 89 0</subfield>
    </datafield>
    <datafield tag="035" ind1=" " ind2=" ">
      <subfield code="a">bibJAT00292842</subfield>
    </datafield>
    <datafield tag="040" ind1=" " ind2=" ">
      <subfield code="a">SZTE</subfield>
    </datafield>
    <datafield tag="041" ind1=" " ind2=" ">
      <subfield code="a">rushun</subfield>
    </datafield>
    <datafield tag="080" ind1=" " ind2=" ">
      <subfield code="a">808.2.7</subfield>
    </datafield>
    <datafield tag="100" ind1="1" ind2=" ">
      <subfield code="a">Fenyvesi István</subfield>
    </datafield>
    <datafield tag="245" ind1="1" ind2="0">
      <subfield code="a">1000 voprosov-1000 otvetov :</subfield>
      <subfield code="b">orosz társalgási gyakorlatok az "A" típusú nyelvvizsgákra! /</subfield>
      <subfield code="c">[írta, szerk. Fenyvesi István]</subfield>
    </datafield>
    <datafield tag="260" ind1=" " ind2=" ">
      <subfield code="a">Székesfehérvár :</subfield>
      <subfield code="b">Lexika,</subfield>
      <subfield code="c">[1997]</subfield>
    </datafield>
    <datafield tag="300" ind1=" " ind2=" ">
      <subfield code="a">255 p. ;</subfield>
      <subfield code="c">21 cm</subfield>
    </datafield>
    <datafield tag="650" ind1=" " ind2="7">
      <subfield code="a">Orosz nyelvkönyv</subfield>
      <subfield code="x">társalgási gyakorlatok</subfield>
    </datafield>
    <datafield tag="650" ind1=" " ind2="7">
      <subfield code="a">Nyelvvizsga</subfield>
      <subfield code="x">orosz</subfield>
      <subfield code="x">társalgási gyakorlatok</subfield>
    </datafield>
    <datafield tag="650" ind1=" " ind2="7">
      <subfield code="a">Orosz nyelvkönyv</subfield>
      <subfield code="x">társalgási gyakorlatok</subfield>
      <subfield code="2">szte</subfield>
    </datafield>
    <datafield tag="650" ind1=" " ind2="7">
      <subfield code="a">Nyelvvizsga</subfield>
      <subfield code="x">orosz</subfield>
      <subfield code="x">társalgási gyakorlatok</subfield>
      <subfield code="2">szte</subfield>
    </datafield>
    <datafield tag="852" ind1=" " ind2=" ">
      <subfield code="a">SZ1</subfield>
      <subfield code="b">SZ/87</subfield>
      <subfield code="b">SZ1/B3</subfield>
      <subfield code="b">SZ10/OR</subfield>
      <subfield code="b">SZ1/R1</subfield>
      <subfield code="b">SZ1/17</subfield>
      <subfield code="x">bibJAT00292842</subfield>
    </datafield>
  </record>
  <record>
    <leader>00580nam  2200169 i 4500</leader>
    <controlfield tag="001">MOKKAS0003759758  </controlfield>
    <controlfield tag="005">20060615061035.0</controlfield>
    <controlfield tag="008">980425s1986    ge a          00010 ger d</controlfield>
    <datafield tag="020" ind1=" " ind2=" ">
      <subfield code="a">3-924456-43-7 (kötött)</subfield>
    </datafield>
    <datafield tag="035" ind1=" " ind2=" ">
      <subfield code="a">bibTMK118037</subfield>
    </datafield>
    <datafield tag="040" ind1=" " ind2=" ">
      <subfield code="a">IGYUK</subfield>
    </datafield>
    <datafield tag="245" ind1="0" ind2="0">
      <subfield code="a">1000 Witze und Denkspiele :</subfield>
      <subfield code="b">für Jungen und Mädchen /</subfield>
      <subfield code="c">[gefüllt von Helmut Höfling] ; [bemalt mit vielen Bildern von Lilo Busch]</subfield>
    </datafield>
    <datafield tag="260" ind1=" " ind2=" ">
      <subfield code="a">Sauerland :</subfield>
      <subfield code="b">Edition Aktuell,</subfield>
      <subfield code="c">cop. 1986</subfield>
    </datafield>
    <datafield tag="300" ind1=" " ind2=" ">
      <subfield code="a">290 p. :</subfield>
      <subfield code="b">ill. ;</subfield>
      <subfield code="c">19 cm</subfield>
    </datafield>
    <datafield tag="650" ind1=" " ind2="4">
      <subfield code="a">Vicckönyvek</subfield>
    </datafield>
    <datafield tag="700" ind1="1" ind2=" ">
      <subfield code="a">Höfling, Helmut</subfield>
    </datafield>
    <datafield tag="852" ind1=" " ind2=" ">
      <subfield code="a">SZK1</subfield>
      <subfield code="b">SZK1</subfield>
      <subfield code="x">bibTMK118037</subfield>
    </datafield>
  </record>
  <record>
    <leader>02045aam  2200505 ir4500</leader>
    <controlfield tag="001">MOKKAZ0006296035  </controlfield>
    <controlfield tag="005">20100917201946.0</controlfield>
    <controlfield tag="008">940511t19881985hu            000 0 eng d</controlfield>
    <datafield tag="020" ind1=" " ind2=" ">
      <subfield code="a">963-7222-23-5 (kötött) :</subfield>
      <subfield code="c">119-, Ft</subfield>
    </datafield>
    <datafield tag="035" ind1=" " ind2=" ">
      <subfield code="a">734224</subfield>
    </datafield>
    <datafield tag="040" ind1=" " ind2=" ">
      <subfield code="a">OSZK</subfield>
    </datafield>
    <datafield tag="041" ind1="0" ind2=" ">
      <subfield code="a">engrusenghunrus</subfield>
      <subfield code="g">hun</subfield>
    </datafield>
    <datafield tag="080" ind1=" " ind2=" ">
      <subfield code="a">801.321.19=20=82</subfield>
    </datafield>
    <datafield tag="100" ind1="1" ind2=" ">
      <subfield code="a">Le Bigot-Macaux, Armelle</subfield>
    </datafield>
    <datafield tag="240" ind1="1" ind2="0">
      <subfield code="a">1000 mots en images</subfield>
      <subfield code="l">(angol, magyar, orosz)</subfield>
    </datafield>
    <datafield tag="245" ind1="1" ind2="0">
      <subfield code="a">1000 words in pictures = </subfield>
      <subfield code="b">1000 szó képekben = 1000 slov v kartinkah /</subfield>
      <subfield code="c">author Armelle Le Bigot-Macaux /</subfield>
      <subfield code="c">írta Armelle Le Bigot-Macaux /</subfield>
      <subfield code="c">avtor Armel' Le Bigo-Mako ; ill. Catherine Nouvelle ; ill. Catherine Nouvelle ; ill. Katrin Nuvel'</subfield>
    </datafield>
    <datafield tag="246" ind1="1" ind2="1">
      <subfield code="a">1000 szó képekben</subfield>
    </datafield>
    <datafield tag="246" ind1="1" ind2="1">
      <subfield code="a">1000 slov v kartinkah</subfield>
    </datafield>
    <datafield tag="246" ind1="1" ind2="4">
      <subfield code="a">1000 szó képekben, in English, po-russki</subfield>
    </datafield>
    <datafield tag="260" ind1=" " ind2=" ">
      <subfield code="a">Budapest :</subfield>
      <subfield code="b">Interpress,</subfield>
      <subfield code="c">1988</subfield>
      <subfield code="e">(Budapest</subfield>
      <subfield code="f">Kossuth)</subfield>
    </datafield>
    <datafield tag="300" ind1=" " ind2=" ">
      <subfield code="a">70 p. :</subfield>
      <subfield code="b">ill., színes ;</subfield>
      <subfield code="c">27 cm</subfield>
    </datafield>
    <datafield tag="490" ind1="1" ind2=" ">
      <subfield code="a">IPM könyvtár</subfield>
      <subfield code="x">0238-1710</subfield>
    </datafield>
    <datafield tag="500" ind1=" " ind2=" ">
      <subfield code="a">A képaláírások csak angol és orosz nyelven</subfield>
    </datafield>
    <datafield tag="650" ind1=" " ind2="4">
      <subfield code="a">angol nyelv</subfield>
    </datafield>
    <datafield tag="650" ind1=" " ind2="4">
      <subfield code="a">nyelvkönyvek</subfield>
    </datafield>
    <datafield tag="650" ind1=" " ind2="4">
      <subfield code="a">Orosz nyelv</subfield>
    </datafield>
    <datafield tag="650" ind1=" " ind2="4">
      <subfield code="a">Képeskönyvek gyermekeknek</subfield>
    </datafield>
    <datafield tag="650" ind1=" " ind2="4">
      <subfield code="a">Angol nyelv</subfield>
      <subfield code="x">szótárak</subfield>
      <subfield code="x">magyar</subfield>
    </datafield>
    <datafield tag="650" ind1=" " ind2="4">
      <subfield code="a">Orosz nyelv</subfield>
      <subfield code="x">szótárak</subfield>
      <subfield code="x">magyar</subfield>
    </datafield>
    <datafield tag="695" ind1=" " ind2=" ">
      <subfield code="a">xxx</subfield>
    </datafield>
    <datafield tag="695" ind1=" " ind2=" ">
      <subfield code="a">Angol nyelvkönyv</subfield>
      <subfield code="x">gyerekeknek</subfield>
    </datafield>
    <datafield tag="695" ind1=" " ind2=" ">
      <subfield code="a">Orosz nyelvkönyv</subfield>
      <subfield code="x">gyerekeknek</subfield>
    </datafield>
    <datafield tag="700" ind1="1" ind2=" ">
      <subfield code="a">Nouvelle, Catherine</subfield>
      <subfield code="4">(ill.)</subfield>
    </datafield>
    <datafield tag="830" ind1=" " ind2="0">
      <subfield code="a">IPM könyvtár</subfield>
    </datafield>
    <datafield tag="852" ind1=" " ind2=" ">
      <subfield code="a">B1</subfield>
      <subfield code="b">B1</subfield>
      <subfield code="x">734224</subfield>
    </datafield>
    <datafield tag="852" ind1=" " ind2=" ">
      <subfield code="a">P1</subfield>
      <subfield code="b">P1/FK</subfield>
      <subfield code="x">bibJPT00214892</subfield>
    </datafield>
    <datafield tag="852" ind1=" " ind2=" ">
      <subfield code="a">SZ4</subfield>
      <subfield code="b">SZ4</subfield>
      <subfield code="x">bibSOK00052740</subfield>
    </datafield>
    <datafield tag="852" ind1=" " ind2=" ">
      <subfield code="a">BCS1</subfield>
      <subfield code="b">BCS1</subfield>
      <subfield code="x">bibBKO00124443</subfield>
    </datafield>
    <datafield tag="852" ind1=" " ind2=" ">
      <subfield code="a">M2</subfield>
      <subfield code="b">M2</subfield>
      <subfield code="x">bibRFK00070242</subfield>
    </datafield>
    <datafield tag="852" ind1=" " ind2=" ">
      <subfield code="a">SZL1</subfield>
      <subfield code="b">SZL1</subfield>
      <subfield code="x">bibVFK00175424</subfield>
    </datafield>
    <datafield tag="852" ind1=" " ind2=" ">
      <subfield code="a">D1</subfield>
      <subfield code="b">HBO8</subfield>
      <subfield code="b">D1</subfield>
      <subfield code="x">963 7222 23 5</subfield>
    </datafield>
    <datafield tag="852" ind1=" " ind2=" ">
      <subfield code="a">SZK1</subfield>
      <subfield code="b">SZK1</subfield>
      <subfield code="x">bibTMK104391</subfield>
    </datafield>
    <datafield tag="852" ind1=" " ind2=" ">
      <subfield code="a">B10</subfield>
      <subfield code="b">0801G</subfield>
      <subfield code="b">1801</subfield>
      <subfield code="b">1803</subfield>
      <subfield code="b">1903</subfield>
      <subfield code="b">2002</subfield>
      <subfield code="b">2103</subfield>
      <subfield code="b">2104</subfield>
      <subfield code="b">2105</subfield>
      <subfield code="b">0902</subfield>
      <subfield code="b">1802</subfield>
      <subfield code="b">1308</subfield>
      <subfield code="b">0404</subfield>
      <subfield code="b">0401</subfield>
      <subfield code="b">0403</subfield>
      <subfield code="b">0602</subfield>
      <subfield code="b">1704</subfield>
      <subfield code="b">1004</subfield>
      <subfield code="b">1003</subfield>
      <subfield code="b">0802</subfield>
      <subfield code="b">1702</subfield>
      <subfield code="b">1601</subfield>
      <subfield code="b">2101</subfield>
      <subfield code="b">0101</subfield>
      <subfield code="b">1106</subfield>
      <subfield code="b">1105</subfield>
      <subfield code="b">1202</subfield>
      <subfield code="b">0307C</subfield>
      <subfield code="b">0204</subfield>
      <subfield code="b">1103</subfield>
      <subfield code="b">2203</subfield>
      <subfield code="b">0202</subfield>
      <subfield code="x">bibFSZ00030882</subfield>
    </datafield>
    <datafield tag="852" ind1=" " ind2=" ">
      <subfield code="a">B3</subfield>
      <subfield code="b">B3</subfield>
      <subfield code="x">000089894</subfield>
    </datafield>
    <datafield tag="852" ind1=" " ind2=" ">
      <subfield code="a">B7</subfield>
      <subfield code="b">B7</subfield>
      <subfield code="x">182014</subfield>
    </datafield>
  </record>
  <record>
    <leader>00664nam  2200229 i 4500</leader>
    <controlfield tag="001">MOKKAS0001318098  </controlfield>
    <controlfield tag="005">20060112220519.0</controlfield>
    <controlfield tag="008">      s1900    hu            00010 fre d</controlfield>
    <datafield tag="020" ind1=" " ind2=" ">
      <subfield code="a">(fűzött) :</subfield>
      <subfield code="c">20,- Ft</subfield>
    </datafield>
    <datafield tag="035" ind1=" " ind2=" ">
      <subfield code="a">bibRFK00146229</subfield>
    </datafield>
    <datafield tag="040" ind1=" " ind2=" ">
      <subfield code="a">RFMK</subfield>
    </datafield>
    <datafield tag="041" ind1=" " ind2=" ">
      <subfield code="a">freger</subfield>
    </datafield>
    <datafield tag="100" ind1="1" ind2=" ">
      <subfield code="a">Bouchholtz, Christian</subfield>
    </datafield>
    <datafield tag="245" ind1="1" ind2="0">
      <subfield code="a">1000 worte französisch /</subfield>
      <subfield code="c">Bearb. Christian Bouchholtz und Ernst Wallenberg</subfield>
    </datafield>
    <datafield tag="260" ind1=" " ind2=" ">
      <subfield code="a">Berlin :</subfield>
      <subfield code="b">Verlag Ullstein,</subfield>
      <subfield code="c">post 1900</subfield>
    </datafield>
    <datafield tag="300" ind1=" " ind2=" ">
      <subfield code="a">431 p. ;</subfield>
      <subfield code="c">21 cm</subfield>
    </datafield>
    <datafield tag="500" ind1=" " ind2=" ">
      <subfield code="a">rs</subfield>
    </datafield>
    <datafield tag="504" ind1=" " ind2=" ">
      <subfield code="a">13 db füzet közös tokban</subfield>
    </datafield>
    <datafield tag="650" ind1=" " ind2="4">
      <subfield code="a">francia nyelv</subfield>
    </datafield>
    <datafield tag="650" ind1=" " ind2="4">
      <subfield code="a">nyelvkönyvek</subfield>
    </datafield>
    <datafield tag="700" ind1="1" ind2=" ">
      <subfield code="a">Wallenberg, Ernst</subfield>
    </datafield>
    <datafield tag="852" ind1=" " ind2=" ">
      <subfield code="a">M2</subfield>
      <subfield code="b">M2</subfield>
      <subfield code="x">bibRFK00146229</subfield>
    </datafield>
  </record>
  <record>
    <leader>00499nama 22001451i 4500</leader>
    <controlfield tag="001">MOKKAS0000591894  </controlfield>
    <controlfield tag="005">20060118005628.0</controlfield>
    <controlfield tag="008">041001s195?    ch            000 0 gerod</controlfield>
    <datafield tag="035" ind1=" " ind2=" ">
      <subfield code="a">1350714</subfield>
    </datafield>
    <datafield tag="040" ind1=" " ind2=" ">
      <subfield code="a">OSZK</subfield>
    </datafield>
    <datafield tag="041" ind1="0" ind2=" ">
      <subfield code="a">gerger</subfield>
    </datafield>
    <datafield tag="245" ind1="0" ind2="0">
      <subfield code="a">1000 Worte ungarisch /</subfield>
      <subfield code="c">[hrsg. von der] Flüchtlingshilfe für Ungarn der Buchdruker-Fachschule</subfield>
    </datafield>
    <datafield tag="260" ind1=" " ind2=" ">
      <subfield code="a">Zürich :</subfield>
      <subfield code="b">Flüchtlingshilfe für Ungarn der Buchdrucker-Fachschule,</subfield>
      <subfield code="c">[195?]</subfield>
      <subfield code="e">(Zürich</subfield>
      <subfield code="f">[s.n.])</subfield>
    </datafield>
    <datafield tag="300" ind1=" " ind2=" ">
      <subfield code="a">35 p. ;</subfield>
      <subfield code="c">Har. 15 cm</subfield>
    </datafield>
    <datafield tag="852" ind1=" " ind2=" ">
      <subfield code="a">B1</subfield>
      <subfield code="b">B1</subfield>
      <subfield code="x">1350714</subfield>
    </datafield>
  </record>
  <record>
    <leader>01955njm  2200301 i 4500</leader>
    <controlfield tag="001">MOKKAZ0003609130  </controlfield>
    <controlfield tag="005">20061227110354.0</controlfield>
    <controlfield tag="008">000606s2000    hu   nn          1  eng d</controlfield>
    <datafield tag="028" ind1="0" ind2="0">
      <subfield code="a">HCD 16859</subfield>
      <subfield code="b">Hungaroton Classic</subfield>
    </datafield>
    <datafield tag="035" ind1=" " ind2=" ">
      <subfield code="a">bibKLT00266079</subfield>
    </datafield>
    <datafield tag="040" ind1=" " ind2=" ">
      <subfield code="a">DEENK</subfield>
    </datafield>
    <datafield tag="041" ind1=" " ind2=" ">
      <subfield code="g">enghun</subfield>
    </datafield>
    <datafield tag="245" ind1="0" ind2="0">
      <subfield code="a">1000 years +</subfield>
      <subfield code="h">[Hgf.] :</subfield>
      <subfield code="b">on the guitar /</subfield>
      <subfield code="c">arr. by Dániel Benkő</subfield>
    </datafield>
    <datafield tag="246" ind1="1" ind2="3">
      <subfield code="a">Ezer év gitáron</subfield>
    </datafield>
    <datafield tag="260" ind1=" " ind2=" ">
      <subfield code="a">[Budapest] :</subfield>
      <subfield code="b">Hungaroton Classic,</subfield>
      <subfield code="c">2000</subfield>
    </datafield>
    <datafield tag="300" ind1=" " ind2=" ">
      <subfield code="a">1 CD :</subfield>
      <subfield code="b">AAD, DDD ;</subfield>
      <subfield code="c">12 cm +</subfield>
      <subfield code="e">melléklet</subfield>
    </datafield>
    <datafield tag="306" ind1=" " ind2=" ">
      <subfield code="a">(62 min 03 s)</subfield>
    </datafield>
    <datafield tag="505" ind1="0" ind2="0">
      <subfield code="t">1000 év + gitáron.</subfield>
      <subfield code="g">1.</subfield>
      <subfield code="t">Blanka = Bianca /</subfield>
      <subfield code="r">Benkő +</subfield>
      <subfield code="g">2.</subfield>
      <subfield code="t">Mikor elindul a vonat = Traveller /</subfield>
      <subfield code="r">Demjén - Presser - Benkő +</subfield>
      <subfield code="g">3.</subfield>
      <subfield code="t">Szépek és bolondok = Foolish and beautiful /</subfield>
      <subfield code="r">Presser - Benkő +</subfield>
      <subfield code="g">4.</subfield>
      <subfield code="t">Orangerie /</subfield>
      <subfield code="r">Benkő +</subfield>
      <subfield code="g">5.</subfield>
      <subfield code="t">Könyörgés = Prayer /</subfield>
      <subfield code="r">Presser - Adamis - Benkő +</subfield>
      <subfield code="g">6.</subfield>
      <subfield code="t">Cavatina /</subfield>
      <subfield code="r">Myers - Benkő +</subfield>
      <subfield code="g">7.</subfield>
      <subfield code="t">Bahamas /</subfield>
      <subfield code="r">Benkő +</subfield>
      <subfield code="g">8.</subfield>
      <subfield code="t">Moult sui /</subfield>
      <subfield code="r">Machault - Benkő +</subfield>
      <subfield code="g">9.</subfield>
      <subfield code="t">Zsidó tánc = Jewish dance /</subfield>
      <subfield code="r">Neusidler - Benkő +</subfield>
      <subfield code="g">10.</subfield>
      <subfield code="t">Historikus szvit = Historical suite /</subfield>
      <subfield code="r">Ismeretlen - Benkő +</subfield>
      <subfield code="g">11.</subfield>
      <subfield code="t">Andante /</subfield>
      <subfield code="r">Vivaldi - Benkő</subfield>
    </datafield>
    <datafield tag="505" ind1="0" ind2="0">
      <subfield code="g">12.</subfield>
      <subfield code="t">Datolya = Dates /</subfield>
      <subfield code="r">Ismeretlen - Benkő +</subfield>
      <subfield code="g">13.</subfield>
      <subfield code="t">Brazil = Brasil /</subfield>
      <subfield code="r">Villa-Lobos - Benkő +</subfield>
      <subfield code="g">14.</subfield>
      <subfield code="t">Estrellita /</subfield>
      <subfield code="r">Ponce - Benkő +</subfield>
      <subfield code="g">15.</subfield>
      <subfield code="t">Tango /</subfield>
      <subfield code="r">Ismeretlen - Benkő +</subfield>
      <subfield code="g">16.</subfield>
      <subfield code="t">Románc = Romance /</subfield>
      <subfield code="r">Ismeretlen - Benkő +</subfield>
      <subfield code="g">17.</subfield>
      <subfield code="t">Matanzas /</subfield>
      <subfield code="r">Ismeretlen - Benkő +</subfield>
      <subfield code="g">18.</subfield>
      <subfield code="t">A 2000. év  = The Year 2000 /</subfield>
      <subfield code="r">Benkő +</subfield>
      <subfield code="g">19.</subfield>
      <subfield code="t">Körbe-körbe = Round around /</subfield>
      <subfield code="r">Benkő +</subfield>
      <subfield code="g">20.</subfield>
      <subfield code="t">Az álom hangja = Sound of dream /</subfield>
      <subfield code="r">Benkő +</subfield>
      <subfield code="g">21.</subfield>
      <subfield code="t">Latin nő = Latin woman /</subfield>
      <subfield code="r">Benkő +</subfield>
      <subfield code="g">22.</subfield>
      <subfield code="t">Az utolsó bossanova = Last bossanova /</subfield>
      <subfield code="r">Benkő</subfield>
    </datafield>
    <datafield tag="511" ind1="2" ind2=" ">
      <subfield code="a">Dániel Benkő (gitár)</subfield>
    </datafield>
    <datafield tag="695" ind1=" " ind2=" ">
      <subfield code="a">gitárművek</subfield>
      <subfield code="x">átirat</subfield>
    </datafield>
    <datafield tag="700" ind1="1" ind2=" ">
      <subfield code="a">Benkő Dániel</subfield>
      <subfield code="d">(1947-)</subfield>
    </datafield>
    <datafield tag="700" ind1="1" ind2=" ">
      <subfield code="a">Demjén Ferenc</subfield>
      <subfield code="d">(1946-)</subfield>
    </datafield>
    <datafield tag="700" ind1="1" ind2=" ">
      <subfield code="a">Presser Gábor</subfield>
      <subfield code="d">(1948-)</subfield>
    </datafield>
    <datafield tag="700" ind1="1" ind2=" ">
      <subfield code="a">Adamis Anna</subfield>
      <subfield code="d">(1943-)</subfield>
    </datafield>
    <datafield tag="700" ind1="1" ind2=" ">
      <subfield code="a">Vivaldi, Antonio</subfield>
      <subfield code="d">(1678-1741)</subfield>
    </datafield>
    <datafield tag="700" ind1="1" ind2=" ">
      <subfield code="a">Ponce, Manuel Maria</subfield>
      <subfield code="d">(1882-1948)</subfield>
    </datafield>
    <datafield tag="852" ind1=" " ind2=" ">
      <subfield code="a">D1</subfield>
      <subfield code="b">D1/Z</subfield>
      <subfield code="x">bibKLT00266079</subfield>
    </datafield>
  </record>
  <record>
    <leader>00387nama 22001451i 4500</leader>
    <controlfield tag="001">MOKKAS0000710700  </controlfield>
    <controlfield tag="005">20060118201018.0</controlfield>
    <controlfield tag="008">041105s1973    xxc           000 0 engod</controlfield>
    <datafield tag="035" ind1=" " ind2=" ">
      <subfield code="a">1469712</subfield>
    </datafield>
    <datafield tag="040" ind1=" " ind2=" ">
      <subfield code="a">OSZK</subfield>
    </datafield>
    <datafield tag="041" ind1="0" ind2=" ">
      <subfield code="a">engeng</subfield>
    </datafield>
    <datafield tag="245" ind1="0" ind2="0">
      <subfield code="a">1000 years of Hungarian Christianity</subfield>
    </datafield>
    <datafield tag="260" ind1=" " ind2=" ">
      <subfield code="a">Toronto :</subfield>
      <subfield code="b">Sovereign Press,</subfield>
      <subfield code="c">[1973]</subfield>
    </datafield>
    <datafield tag="300" ind1=" " ind2=" ">
      <subfield code="a">[22] fol. :</subfield>
      <subfield code="b">ill. ;</subfield>
      <subfield code="c">28 cm</subfield>
    </datafield>
    <datafield tag="852" ind1=" " ind2=" ">
      <subfield code="a">B1</subfield>
      <subfield code="b">B1</subfield>
      <subfield code="x">1469712</subfield>
    </datafield>
  </record>
  <record>
    <leader>00458nama 22001691i 4500</leader>
    <controlfield tag="001">MOKKAS0000607584  </controlfield>
    <controlfield tag="005">20060118024415.0</controlfield>
    <controlfield tag="008">041001s1958    us            000 0 engod</controlfield>
    <datafield tag="035" ind1=" " ind2=" ">
      <subfield code="a">1366408</subfield>
    </datafield>
    <datafield tag="040" ind1=" " ind2=" ">
      <subfield code="a">OSZK</subfield>
    </datafield>
    <datafield tag="041" ind1="0" ind2=" ">
      <subfield code="a">engeng</subfield>
    </datafield>
    <datafield tag="100" ind1="1" ind2=" ">
      <subfield code="a">Lengyel Emil</subfield>
      <subfield code="d">(1895-1985)</subfield>
    </datafield>
    <datafield tag="245" ind1="1" ind2="0">
      <subfield code="a">1,000 years of Hungary /</subfield>
      <subfield code="c">Emil Lengyel</subfield>
    </datafield>
    <datafield tag="260" ind1=" " ind2=" ">
      <subfield code="a">New York :</subfield>
      <subfield code="b">The John Day Co.,</subfield>
      <subfield code="c">1958</subfield>
    </datafield>
    <datafield tag="300" ind1=" " ind2=" ">
      <subfield code="a">312 p. ;</subfield>
      <subfield code="c">21cm</subfield>
    </datafield>
    <datafield tag="504" ind1=" " ind2=" ">
      <subfield code="a">Bibliogr.: p. 305-306.</subfield>
    </datafield>
    <datafield tag="852" ind1=" " ind2=" ">
      <subfield code="a">B1</subfield>
      <subfield code="b">B1</subfield>
      <subfield code="x">1366408</subfield>
    </datafield>
  </record>
  <record>
    <leader>00708nam  2200205   4500</leader>
    <controlfield tag="001">MOKKAN0004713432  </controlfield>
    <controlfield tag="005">20070706123346.0</controlfield>
    <controlfield tag="008">070704s1961                        eng d</controlfield>
    <datafield tag="020" ind1=" " ind2=" ">
      <subfield code="a">(fűzött) :</subfield>
    </datafield>
    <datafield tag="035" ind1=" " ind2=" ">
      <subfield code="a">bibFSZ01366943</subfield>
    </datafield>
    <datafield tag="040" ind1=" " ind2=" ">
      <subfield code="a">FSZEK</subfield>
    </datafield>
    <datafield tag="041" ind1=" " ind2=" ">
      <subfield code="a">eng</subfield>
    </datafield>
    <datafield tag="245" ind1="0" ind2="0">
      <subfield code="a">1000 years of Irish prose :</subfield>
      <subfield code="b">the literary revival /</subfield>
      <subfield code="c">ed. with an introd. by Vivian Mercier and David H. Greene</subfield>
    </datafield>
    <datafield tag="260" ind1=" " ind2=" ">
      <subfield code="a">New York :</subfield>
      <subfield code="b">Grosset &amp; Dunlap,</subfield>
      <subfield code="c">1961</subfield>
    </datafield>
    <datafield tag="300" ind1=" " ind2=" ">
      <subfield code="a">XXIX, 607, [3] p. ;</subfield>
      <subfield code="c">21 cm</subfield>
    </datafield>
    <datafield tag="490" ind1="1" ind2=" ">
      <subfield code="a">(Grosset's universal library ;</subfield>
      <subfield code="v">121.)</subfield>
    </datafield>
    <datafield tag="700" ind1="1" ind2=" ">
      <subfield code="a">Mercier, Vivian</subfield>
      <subfield code="d">(1919-1989)</subfield>
      <subfield code="4">szerk., bev.</subfield>
    </datafield>
    <datafield tag="700" ind1="1" ind2=" ">
      <subfield code="a">Greene, David H.</subfield>
      <subfield code="4">szerk., bev.</subfield>
    </datafield>
    <datafield tag="830" ind1=" " ind2="0">
      <subfield code="a">Grosset's universal library</subfield>
    </datafield>
    <datafield tag="852" ind1=" " ind2=" ">
      <subfield code="a">B10</subfield>
      <subfield code="b">B10</subfield>
      <subfield code="x">bibFSZ01366943</subfield>
    </datafield>
  </record>
  <record>
    <leader>00809nam  2200217 i 4500</leader>
    <controlfield tag="001">MOKKAZ0003736074  </controlfield>
    <controlfield tag="005">20040909214834.0</controlfield>
    <controlfield tag="008">030311s1996    yu a          00010 scc d</controlfield>
    <datafield tag="020" ind1=" " ind2=" ">
      <subfield code="a">8681453173</subfield>
    </datafield>
    <datafield tag="035" ind1=" " ind2=" ">
      <subfield code="a">bibKLT00330057</subfield>
    </datafield>
    <datafield tag="040" ind1=" " ind2=" ">
      <subfield code="a">DEENK</subfield>
    </datafield>
    <datafield tag="245" ind1="0" ind2="0">
      <subfield code="a">1000 zadataka :</subfield>
      <subfield code="b">sa matematickich takmicenja ucenika osnovnich skola :1986-1995. godine /</subfield>
      <subfield code="c">redaktori: Vojislav Andric [et al.]</subfield>
    </datafield>
    <datafield tag="246" ind1="1" ind2="4">
      <subfield code="a">Drustvo Matematicara Srbije. Materijali za mlade matematicare</subfield>
    </datafield>
    <datafield tag="260" ind1=" " ind2=" ">
      <subfield code="a">Beograd :</subfield>
      <subfield code="b">Drustvo Matematicara Srbije,</subfield>
      <subfield code="c">1996</subfield>
    </datafield>
    <datafield tag="300" ind1=" " ind2=" ">
      <subfield code="a">260 p. :</subfield>
      <subfield code="b">ill. ;</subfield>
      <subfield code="c">20 cm</subfield>
    </datafield>
    <datafield tag="650" ind1=" " ind2="4">
      <subfield code="a">Matematika</subfield>
      <subfield code="x">versenyek</subfield>
    </datafield>
    <datafield tag="650" ind1=" " ind2="4">
      <subfield code="a">Matematika</subfield>
      <subfield code="x">feladatok, gyakorlatok stb.</subfield>
    </datafield>
    <datafield tag="650" ind1=" " ind2="0">
      <subfield code="a">Mathematics</subfield>
      <subfield code="x">Competitions.</subfield>
    </datafield>
    <datafield tag="650" ind1=" " ind2="0">
      <subfield code="a">Mathematics</subfield>
      <subfield code="x">Problems, exercises, etc.</subfield>
    </datafield>
    <datafield tag="700" ind1="1" ind2=" ">
      <subfield code="a">Andric, Vojislav</subfield>
    </datafield>
    <datafield tag="852" ind1=" " ind2=" ">
      <subfield code="a">D1</subfield>
      <subfield code="b">D1/20</subfield>
      <subfield code="x">bibKLT00330057</subfield>
    </datafield>
  </record>
  <record>
    <leader>00765nam  2200253 i 4500</leader>
    <controlfield tag="001">MOKKAS0003493526  </controlfield>
    <controlfield tag="005">20060605221439.0</controlfield>
    <controlfield tag="008">050714s1964                        hun d</controlfield>
    <datafield tag="035" ind1=" " ind2=" ">
      <subfield code="a">521736</subfield>
    </datafield>
    <datafield tag="040" ind1=" " ind2=" ">
      <subfield code="a">OIK</subfield>
    </datafield>
    <datafield tag="041" ind1="0" ind2=" ">
      <subfield code="a">hun</subfield>
    </datafield>
    <datafield tag="100" ind1="1" ind2=" ">
      <subfield code="a">Tamás Aladár</subfield>
      <subfield code="d">(1899-1992)</subfield>
    </datafield>
    <datafield tag="245" ind1="1" ind2="0">
      <subfield code="a">100 %. 100 % repertórium</subfield>
    </datafield>
    <datafield tag="260" ind1=" " ind2=" ">
      <subfield code="a">Budapest :</subfield>
      <subfield code="b">Akadémiai Kiadó,</subfield>
      <subfield code="c">1964</subfield>
    </datafield>
    <datafield tag="300" ind1=" " ind2=" ">
      <subfield code="a">520 p., t.-k.</subfield>
    </datafield>
    <datafield tag="490" ind1="1" ind2=" ">
      <subfield code="a">Irodalom - szocializmus</subfield>
    </datafield>
    <datafield tag="600" ind1="1" ind2="4">
      <subfield code="a">Száz százalék</subfield>
    </datafield>
    <datafield tag="650" ind1=" " ind2="4">
      <subfield code="a">A sajtó jelentősége. Hírlapok, újságok szerkesztése, kiadása. Újságírás</subfield>
    </datafield>
    <datafield tag="650" ind1=" " ind2="4">
      <subfield code="a">Magyarország (Budapest)</subfield>
    </datafield>
    <datafield tag="650" ind1=" " ind2="4">
      <subfield code="a">Szocrealizmus</subfield>
    </datafield>
    <datafield tag="650" ind1=" " ind2="4">
      <subfield code="a">Magyar irodalomtörténet</subfield>
    </datafield>
    <datafield tag="740" ind1="0" ind2=" ">
      <subfield code="a">100 % repertórium</subfield>
    </datafield>
    <datafield tag="830" ind1=" " ind2="0">
      <subfield code="a">Irodalom - szocializmus</subfield>
    </datafield>
    <datafield tag="852" ind1=" " ind2=" ">
      <subfield code="a">B14</subfield>
      <subfield code="b">B14</subfield>
      <subfield code="x">521736</subfield>
    </datafield>
  </record>
  <record>
    <leader>00774nam  2200253 i 4500</leader>
    <controlfield tag="001">MOKKAW0005239175  </controlfield>
    <controlfield tag="005">20080407155856.0</controlfield>
    <controlfield tag="008">050714s1964                        hun d</controlfield>
    <datafield tag="035" ind1=" " ind2=" ">
      <subfield code="a">OIK521736</subfield>
    </datafield>
    <datafield tag="040" ind1=" " ind2=" ">
      <subfield code="a">OIK</subfield>
    </datafield>
    <datafield tag="041" ind1="0" ind2=" ">
      <subfield code="a">hun</subfield>
    </datafield>
    <datafield tag="100" ind1="1" ind2=" ">
      <subfield code="a">Tamás Aladár</subfield>
      <subfield code="d">(1899-1992)</subfield>
    </datafield>
    <datafield tag="245" ind1="1" ind2="0">
      <subfield code="a">100. 100 % repertórium</subfield>
    </datafield>
    <datafield tag="260" ind1=" " ind2=" ">
      <subfield code="a">Budapest :</subfield>
      <subfield code="b">Akadémiai Kiadó,</subfield>
      <subfield code="c">1964</subfield>
    </datafield>
    <datafield tag="300" ind1=" " ind2=" ">
      <subfield code="a">520 p., t.-k</subfield>
    </datafield>
    <datafield tag="490" ind1="1" ind2=" ">
      <subfield code="a">Irodalom - szocializmus</subfield>
    </datafield>
    <datafield tag="650" ind1=" " ind2="4">
      <subfield code="a">A sajtó jelentősége. Hírlapok, újságok szerkesztése, kiadása. Újságírás</subfield>
    </datafield>
    <datafield tag="650" ind1=" " ind2="4">
      <subfield code="a">Magyarország (Budapest</subfield>
    </datafield>
    <datafield tag="650" ind1=" " ind2="4">
      <subfield code="a">Szocrealizmus</subfield>
    </datafield>
    <datafield tag="650" ind1=" " ind2="4">
      <subfield code="a">Magyar irodalomtörténet</subfield>
    </datafield>
    <datafield tag="653" ind1=" " ind2=" ">
      <subfield code="a">100% - Száz százalék</subfield>
    </datafield>
    <datafield tag="740" ind1="1" ind2=" ">
      <subfield code="a">100 % repertórium</subfield>
    </datafield>
    <datafield tag="830" ind1=" " ind2="0">
      <subfield code="a">Irodalom - szocializmus</subfield>
    </datafield>
    <datafield tag="852" ind1=" " ind2=" ">
      <subfield code="a">B14</subfield>
      <subfield code="b">B14</subfield>
      <subfield code="x">OIK521736</subfield>
    </datafield>
  </record>
  <record>
    <leader>00493cam  2200169 ir4500</leader>
    <controlfield tag="001">MOKKAZ0005089611  </controlfield>
    <controlfield tag="005">20040910151542.0</controlfield>
    <controlfield tag="008">010424s1923    hu            00100 hun d</controlfield>
    <datafield tag="035" ind1=" " ind2=" ">
      <subfield code="a">119110</subfield>
    </datafield>
    <datafield tag="040" ind1=" " ind2=" ">
      <subfield code="a">ELTE</subfield>
    </datafield>
    <datafield tag="041" ind1="0" ind2=" ">
      <subfield code="a">hunlat</subfield>
    </datafield>
    <datafield tag="245" ind1="0" ind2="0">
      <subfield code="n">&#127;1. köt.&#127;</subfield>
      <subfield code="a">1001-1270</subfield>
    </datafield>
    <datafield tag="260" ind1=" " ind2=" ">
      <subfield code="c">1923-1930</subfield>
    </datafield>
    <datafield tag="300" ind1=" " ind2=" ">
      <subfield code="a">XIII, 576 p.</subfield>
    </datafield>
    <datafield tag="500" ind1=" " ind2=" ">
      <subfield code="a">Tékában.</subfield>
    </datafield>
    <datafield tag="773" ind1="0" ind2=" ">
      <subfield code="d">Budapest : MTA, 1923-1987</subfield>
      <subfield code="t">Regesta regum stirpis Arpadianae critico-diplomatica =</subfield>
      <subfield code="w">119109</subfield>
      <subfield code="z">963 05 5152 7</subfield>
    </datafield>
    <datafield tag="852" ind1=" " ind2=" ">
      <subfield code="a">B2</subfield>
      <subfield code="B">B2</subfield>
      <subfield code="B">B2/119</subfield>
      <subfield code="b">B2/61</subfield>
      <subfield code="x">119110</subfield>
    </datafield>
  </record>
  <record>
    <leader>00490cam  2200169 ir4500</leader>
    <controlfield tag="001">MOKKAZ0005100790  </controlfield>
    <controlfield tag="005">20040910152125.0</controlfield>
    <controlfield tag="008">020410r20011860hu            000 0 lat d</controlfield>
    <datafield tag="020" ind1=" " ind2=" ">
      <subfield code="a">963 00 8668 9</subfield>
    </datafield>
    <datafield tag="035" ind1=" " ind2=" ">
      <subfield code="a">142355</subfield>
    </datafield>
    <datafield tag="040" ind1=" " ind2=" ">
      <subfield code="a">ELTE</subfield>
    </datafield>
    <datafield tag="041" ind1="0" ind2=" ">
      <subfield code="a">hunlat</subfield>
    </datafield>
    <datafield tag="245" ind1="1" ind2="0">
      <subfield code="n">&#127;1. köt.,&#127;</subfield>
      <subfield code="a">1001-1235</subfield>
    </datafield>
    <datafield tag="260" ind1=" " ind2=" ">
      <subfield code="c">2001</subfield>
    </datafield>
    <datafield tag="300" ind1=" " ind2=" ">
      <subfield code="a">405, [1] p.</subfield>
    </datafield>
    <datafield tag="773" ind1="0" ind2=" ">
      <subfield code="b">Reprint</subfield>
      <subfield code="d">Pápa : Jókai Mór Városi Könyvtár, 2001-2003</subfield>
      <subfield code="t">Árpád-kori új okmánytár</subfield>
      <subfield code="w">142308</subfield>
      <subfield code="z">963 00 8667 0</subfield>
    </datafield>
    <datafield tag="852" ind1=" " ind2=" ">
      <subfield code="a">B2</subfield>
      <subfield code="B">B2</subfield>
      <subfield code="b">B2/78</subfield>
      <subfield code="x">142355</subfield>
    </datafield>
  </record>
  <record>
    <leader>00418nam  2200133 i 4500</leader>
    <controlfield tag="001">MOKKAW0006102565  </controlfield>
    <controlfield tag="005">20080915040239.0</controlfield>
    <controlfield tag="008">060613s1988    hu            00010 hun d</controlfield>
    <datafield tag="020" ind1=" " ind2=" ">
      <subfield code="a">963-592-767-3 (fűzött) :</subfield>
    </datafield>
    <datafield tag="035" ind1=" " ind2=" ">
      <subfield code="a">bibVFM00009589</subfield>
    </datafield>
    <datafield tag="040" ind1=" " ind2=" ">
      <subfield code="a">VFMK</subfield>
    </datafield>
    <datafield tag="245" ind1="0" ind2="0">
      <subfield code="a">1001/1 játék C 64 128 :</subfield>
      <subfield code="b">Graphics Basic</subfield>
    </datafield>
    <datafield tag="260" ind1=" " ind2=" ">
      <subfield code="a">Budapest :</subfield>
      <subfield code="b">LSI Alkalmazástechnikai Tanácsadó Szolgálat,</subfield>
      <subfield code="c">1988</subfield>
    </datafield>
    <datafield tag="852" ind1=" " ind2=" ">
      <subfield code="a">SZL1</subfield>
      <subfield code="b">SZL1</subfield>
      <subfield code="x">bibVFM00009589</subfield>
    </datafield>
  </record>
  <record>
    <leader>00566nam  2200205 i 4500</leader>
    <controlfield tag="001">MOKKAW0005263366  </controlfield>
    <controlfield tag="005">20080408233111.0</controlfield>
    <controlfield tag="008">031127s1989    hu           u    j hun d</controlfield>
    <datafield tag="035" ind1=" " ind2=" ">
      <subfield code="a">NLVK92329</subfield>
    </datafield>
    <datafield tag="040" ind1=" " ind2=" ">
      <subfield code="a">NLVK</subfield>
    </datafield>
    <datafield tag="041" ind1="0" ind2=" ">
      <subfield code="a">hun</subfield>
    </datafield>
    <datafield tag="100" ind1="1" ind2=" ">
      <subfield code="a">Erdős Iván</subfield>
    </datafield>
    <datafield tag="245" ind1="1" ind2="0">
      <subfield code="a">1001/1 játék C64/128 : </subfield>
      <subfield code="b">graphics Basic /</subfield>
      <subfield code="c">írta Erdős Iván, Schmidt Endre et al.</subfield>
    </datafield>
    <datafield tag="260" ind1=" " ind2=" ">
      <subfield code="a">Budapest :</subfield>
      <subfield code="b">LSI ATSZ,</subfield>
      <subfield code="c">1989</subfield>
    </datafield>
    <datafield tag="300" ind1=" " ind2=" ">
      <subfield code="a">115 p. :</subfield>
      <subfield code="b">21 cm</subfield>
    </datafield>
    <datafield tag="650" ind1=" " ind2="4">
      <subfield code="a">Commodore 64</subfield>
    </datafield>
    <datafield tag="650" ind1=" " ind2="4">
      <subfield code="a">Játék</subfield>
    </datafield>
    <datafield tag="650" ind1=" " ind2="4">
      <subfield code="a">Számítástechnika</subfield>
    </datafield>
    <datafield tag="700" ind1="1" ind2=" ">
      <subfield code="a">Schmidt Endre</subfield>
    </datafield>
    <datafield tag="852" ind1=" " ind2=" ">
      <subfield code="a">H1</subfield>
      <subfield code="b">H1</subfield>
      <subfield code="x">NLVK92329</subfield>
    </datafield>
  </record>
  <record>
    <leader>01064fam  2200277 i 4500</leader>
    <controlfield tag="001">MOKKAZ0006289928  </controlfield>
    <controlfield tag="005">20040915185347.0</controlfield>
    <controlfield tag="008">940510t19881988hu a          000 0 hun d</controlfield>
    <datafield tag="020" ind1=" " ind2=" ">
      <subfield code="a">963-592-627-8 (fűzött) :</subfield>
      <subfield code="c">100,- Ft</subfield>
    </datafield>
    <datafield tag="035" ind1=" " ind2=" ">
      <subfield code="a">711411</subfield>
    </datafield>
    <datafield tag="040" ind1=" " ind2=" ">
      <subfield code="a">OSZK</subfield>
    </datafield>
    <datafield tag="041" ind1="0" ind2=" ">
      <subfield code="a">hunhun</subfield>
    </datafield>
    <datafield tag="245" ind1="1" ind2="0">
      <subfield code="a">1001/1 játék C64/128 : </subfield>
      <subfield code="b">Graphics basic /</subfield>
      <subfield code="c">[... szerk. Székely László] /</subfield>
      <subfield code="c">[közread. az] LSI Alkalmazástechnikai Tanácsadó Szolgálat</subfield>
    </datafield>
    <datafield tag="260" ind1=" " ind2=" ">
      <subfield code="a">Budapest :</subfield>
      <subfield code="b">LSI ATSZ,</subfield>
      <subfield code="c">1988</subfield>
      <subfield code="e">(Gyál</subfield>
      <subfield code="f">Szabadság Mgtsz Ny.)</subfield>
    </datafield>
    <datafield tag="300" ind1=" " ind2=" ">
      <subfield code="a">115 p. :</subfield>
      <subfield code="b">ill. ;</subfield>
      <subfield code="c">24 cm</subfield>
    </datafield>
    <datafield tag="650" ind1=" " ind2="4">
      <subfield code="a">számítógépes játékok</subfield>
    </datafield>
    <datafield tag="650" ind1=" " ind2="4">
      <subfield code="a">Commodore (személyi számítógép)</subfield>
    </datafield>
    <datafield tag="653" ind1=" " ind2=" ">
      <subfield code="a">COMMODORE 64 személyi számítógép</subfield>
    </datafield>
    <datafield tag="653" ind1=" " ind2=" ">
      <subfield code="a">COMMODORE 128 személyi számítógép</subfield>
    </datafield>
    <datafield tag="653" ind1=" " ind2=" ">
      <subfield code="a">GRAPHICS BASIC programnyelv</subfield>
    </datafield>
    <datafield tag="653" ind1=" " ind2=" ">
      <subfield code="a">GRAPHICS BASIC program</subfield>
    </datafield>
    <datafield tag="700" ind1="1" ind2=" ">
      <subfield code="a">Székely László</subfield>
      <subfield code="4">(szerk.)</subfield>
    </datafield>
    <datafield tag="710" ind1="2" ind2=" ">
      <subfield code="a">LSI Alkalmazástechnikai Tanácsadó Szolgálat (Budapest)</subfield>
      <subfield code="4">közread.</subfield>
    </datafield>
    <datafield tag="852" ind1=" " ind2=" ">
      <subfield code="a">B1</subfield>
      <subfield code="b">B1</subfield>
      <subfield code="x">711411</subfield>
    </datafield>
    <datafield tag="852" ind1=" " ind2=" ">
      <subfield code="a">B11</subfield>
      <subfield code="b">B11</subfield>
      <subfield code="x">BMEOMIKK000325323</subfield>
    </datafield>
    <datafield tag="852" ind1=" " ind2=" ">
      <subfield code="a">M2</subfield>
      <subfield code="b">M2</subfield>
      <subfield code="x">bibRFK00069994</subfield>
    </datafield>
  </record>
  <record>
    <leader>00874fam  2200265 i 4500</leader>
    <controlfield tag="001">MOKKAZ0005741650  </controlfield>
    <controlfield tag="005">20090521144523.0</controlfield>
    <controlfield tag="008">040518s1989                 000 0  HUN d</controlfield>
    <datafield tag="020" ind1=" " ind2=" ">
      <subfield code="a">963 592 767 3</subfield>
    </datafield>
    <datafield tag="035" ind1=" " ind2=" ">
      <subfield code="a">7632</subfield>
    </datafield>
    <datafield tag="040" ind1=" " ind2=" ">
      <subfield code="a">BCE</subfield>
    </datafield>
    <datafield tag="041" ind1="0" ind2=" ">
      <subfield code="a">HUN</subfield>
    </datafield>
    <datafield tag="100" ind1="1" ind2=" ">
      <subfield code="a">Székely László</subfield>
    </datafield>
    <datafield tag="245" ind1="0" ind2="0">
      <subfield code="a">1001/1 játék C64/128 : </subfield>
      <subfield code="b">Graphics BASIC /</subfield>
      <subfield code="c">[szerk. Székely László] ; [közread. az] LSI Alkalmazástechnikai Tanácsadó Szolgálat</subfield>
    </datafield>
    <datafield tag="260" ind1=" " ind2=" ">
      <subfield code="a">Budapest :</subfield>
      <subfield code="b">LSI ATSZ,</subfield>
      <subfield code="c">1989</subfield>
    </datafield>
    <datafield tag="300" ind1=" " ind2=" ">
      <subfield code="a">115 p. ;</subfield>
      <subfield code="c">24 cm</subfield>
    </datafield>
    <datafield tag="650" ind1=" " ind2="4">
      <subfield code="a">Kvantitatív módszerek</subfield>
    </datafield>
    <datafield tag="650" ind1=" " ind2="4">
      <subfield code="a">Programnyelvek</subfield>
    </datafield>
    <datafield tag="650" ind1=" " ind2="4">
      <subfield code="a">Számítástechnika</subfield>
    </datafield>
    <datafield tag="653" ind1=" " ind2=" ">
      <subfield code="a">COMMODORE 64 személyi számítógép</subfield>
    </datafield>
    <datafield tag="653" ind1=" " ind2=" ">
      <subfield code="a">COMMODORE 128 személyi számítógép</subfield>
    </datafield>
    <datafield tag="653" ind1=" " ind2=" ">
      <subfield code="a">GRAPHICS BASIC programnyelv</subfield>
    </datafield>
    <datafield tag="653" ind1=" " ind2=" ">
      <subfield code="a">GRAPHICS BASIC program</subfield>
    </datafield>
    <datafield tag="852" ind1=" " ind2=" ">
      <subfield code="a">B11</subfield>
      <subfield code="b">B11</subfield>
      <subfield code="x">BMEOMIKK000359159</subfield>
    </datafield>
    <datafield tag="852" ind1=" " ind2=" ">
      <subfield code="a">B12</subfield>
      <subfield code="b">B12</subfield>
      <subfield code="x">BCEKK136476</subfield>
    </datafield>
  </record>
  <record>
    <leader>00616fam  2200193   4500</leader>
    <controlfield tag="001">MOKKAZ0003228424  </controlfield>
    <controlfield tag="005">20040909171435.0</controlfield>
    <controlfield tag="008">       1988                        hun  </controlfield>
    <datafield tag="020" ind1=" " ind2=" ">
      <subfield code="a">963 592 627 8</subfield>
    </datafield>
    <datafield tag="035" ind1=" " ind2=" ">
      <subfield code="a">ISISIIF0007523</subfield>
    </datafield>
    <datafield tag="040" ind1=" " ind2=" ">
      <subfield code="a">DEENK</subfield>
    </datafield>
    <datafield tag="100" ind1="1" ind2=" ">
      <subfield code="a">Erdős Iván</subfield>
    </datafield>
    <datafield tag="245" ind1="0" ind2="0">
      <subfield code="a">1001/1 Játék C 64/128 :</subfield>
      <subfield code="b">Graphics basic   /</subfield>
      <subfield code="c">Erdős Iván et al.]</subfield>
    </datafield>
    <datafield tag="260" ind1=" " ind2=" ">
      <subfield code="a">Budapest :</subfield>
      <subfield code="b">LSI Alkalmazástechnikai Tanácsadó Szolgálat,</subfield>
      <subfield code="c">1988.</subfield>
    </datafield>
    <datafield tag="300" ind1=" " ind2=" ">
      <subfield code="a">115 p. ;</subfield>
      <subfield code="c">24 cm</subfield>
    </datafield>
    <datafield tag="650" ind1="0" ind2="4">
      <subfield code="a">számítógép-program</subfield>
      <subfield code="x">játékok</subfield>
    </datafield>
    <datafield tag="650" ind1="0" ind2="4">
      <subfield code="a">programnyelv</subfield>
      <subfield code="x">Graphics Basic</subfield>
    </datafield>
    <datafield tag="852" ind1=" " ind2=" ">
      <subfield code="a">D1</subfield>
      <subfield code="b">D1</subfield>
      <subfield code="x">ISISIIF0007523</subfield>
    </datafield>
    <datafield tag="852" ind1=" " ind2=" ">
      <subfield code="a">M1</subfield>
      <subfield code="b">M1</subfield>
      <subfield code="x">185754</subfield>
    </datafield>
  </record>
  <record>
    <leader>00556cam  2200181 i 4500</leader>
    <controlfield tag="001">MOKKAZ0003193298  </controlfield>
    <controlfield tag="005">20040909165131.0</controlfield>
    <controlfield tag="008">      s1988    hu                  hun d</controlfield>
    <datafield tag="020" ind1=" " ind2=" ">
      <subfield code="a">963 592 994 3</subfield>
    </datafield>
    <datafield tag="035" ind1=" " ind2=" ">
      <subfield code="a">ISISFEF0009382</subfield>
    </datafield>
    <datafield tag="040" ind1=" " ind2=" ">
      <subfield code="a">DEENK</subfield>
    </datafield>
    <datafield tag="245" ind1="0" ind2="0">
      <subfield code="a">1001/1 játék C 64/128 :</subfield>
      <subfield code="b">Graphics Basic /</subfield>
      <subfield code="c">szerk. Székely László] ; [írta Erdős Iván et al.]</subfield>
    </datafield>
    <datafield tag="260" ind1=" " ind2=" ">
      <subfield code="a">Budapest :</subfield>
      <subfield code="b">LSI ATSZ,</subfield>
      <subfield code="c">1988</subfield>
    </datafield>
    <datafield tag="300" ind1=" " ind2=" ">
      <subfield code="a">115 p. :</subfield>
      <subfield code="b">ill. ;</subfield>
      <subfield code="c">24 cm</subfield>
    </datafield>
    <datafield tag="695" ind1=" " ind2=" ">
      <subfield code="a">Játékprogram</subfield>
    </datafield>
    <datafield tag="700" ind1="1" ind2=" ">
      <subfield code="a">Erdős Iván</subfield>
    </datafield>
    <datafield tag="700" ind1="1" ind2=" ">
      <subfield code="a">Székely László</subfield>
    </datafield>
    <datafield tag="852" ind1=" " ind2=" ">
      <subfield code="a">D1</subfield>
      <subfield code="b">D1</subfield>
      <subfield code="x">ISISFEF0009382</subfield>
    </datafield>
  </record>
  <record>
    <leader>00750fam  2200241   4500</leader>
    <controlfield tag="001">MOKKAZ0003193300  </controlfield>
    <controlfield tag="005">20040909165131.0</controlfield>
    <controlfield tag="008">       1989                        hun  </controlfield>
    <datafield tag="020" ind1=" " ind2=" ">
      <subfield code="a">963 592 767 3</subfield>
    </datafield>
    <datafield tag="035" ind1=" " ind2=" ">
      <subfield code="a">ISISFEF0009383</subfield>
    </datafield>
    <datafield tag="040" ind1=" " ind2=" ">
      <subfield code="a">DEENK</subfield>
    </datafield>
    <datafield tag="245" ind1="0" ind2="0">
      <subfield code="a">1001/1 játék C 64/128 :</subfield>
      <subfield code="b">Graphics basic /</subfield>
      <subfield code="c">Erdős Iván et al.]</subfield>
    </datafield>
    <datafield tag="260" ind1=" " ind2=" ">
      <subfield code="a">Budapest :</subfield>
      <subfield code="b">LSI alkalmazástechnikai Tanácsadó Szolg.,</subfield>
      <subfield code="c">1989</subfield>
    </datafield>
    <datafield tag="300" ind1=" " ind2=" ">
      <subfield code="a">115 p. ;</subfield>
      <subfield code="c">24 cm</subfield>
    </datafield>
    <datafield tag="650" ind1="0" ind2="4">
      <subfield code="a">számítógép-program</subfield>
      <subfield code="x">játékok</subfield>
    </datafield>
    <datafield tag="650" ind1="0" ind2="4">
      <subfield code="a">programnyelv</subfield>
      <subfield code="x">Graphics Basic</subfield>
    </datafield>
    <datafield tag="650" ind1=" " ind2="4">
      <subfield code="a">számítógépes játék</subfield>
    </datafield>
    <datafield tag="695" ind1=" " ind2=" ">
      <subfield code="a">Játékprogram</subfield>
    </datafield>
    <datafield tag="700" ind1="1" ind2=" ">
      <subfield code="a">Erdős Iván</subfield>
    </datafield>
    <datafield tag="852" ind1=" " ind2=" ">
      <subfield code="a">D1</subfield>
      <subfield code="b">D1</subfield>
      <subfield code="x">ISISFEF0009383</subfield>
    </datafield>
    <datafield tag="852" ind1=" " ind2=" ">
      <subfield code="a">M1</subfield>
      <subfield code="b">M1</subfield>
      <subfield code="x">172024</subfield>
    </datafield>
    <datafield tag="852" ind1=" " ind2=" ">
      <subfield code="a">G1</subfield>
      <subfield code="b">G1</subfield>
      <subfield code="x">GATE-C00046037</subfield>
    </datafield>
    <datafield tag="852" ind1=" " ind2=" ">
      <subfield code="a">G1</subfield>
      <subfield code="b">G1</subfield>
      <subfield code="x">71752</subfield>
    </datafield>
  </record>
  <record>
    <leader>00859nam  2200241 i 4500</leader>
    <controlfield tag="001">MOKKAW0005665423  </controlfield>
    <controlfield tag="005">20080417013858.0</controlfield>
    <controlfield tag="008">930720s1989    hu            000 0 hun d</controlfield>
    <datafield tag="020" ind1=" " ind2=" ">
      <subfield code="a">963-592-642-1</subfield>
    </datafield>
    <datafield tag="035" ind1=" " ind2=" ">
      <subfield code="a">BMEOMIKK000339494</subfield>
    </datafield>
    <datafield tag="040" ind1=" " ind2=" ">
      <subfield code="a">BMEOMIKK</subfield>
    </datafield>
    <datafield tag="041" ind1="0" ind2=" ">
      <subfield code="a">hun</subfield>
    </datafield>
    <datafield tag="044" ind1=" " ind2=" ">
      <subfield code="a">HU</subfield>
    </datafield>
    <datafield tag="100" ind1="1" ind2=" ">
      <subfield code="a">Schmidt Endre</subfield>
    </datafield>
    <datafield tag="245" ind1="1" ind2="0">
      <subfield code="a">1001/1 játék C 64/128 : </subfield>
      <subfield code="b">GEOS,NEWSROOM, GAME MAKER, PRINT SHOP, MUSIC MAKER /</subfield>
      <subfield code="c">készitették Schmidt Endre, Kiss László ;[közr. az] LSI Alkalmazástechnikai Tanácsadó Szolgálat</subfield>
    </datafield>
    <datafield tag="260" ind1=" " ind2=" ">
      <subfield code="a">Budapest :</subfield>
      <subfield code="b">LSI ATSZ,</subfield>
      <subfield code="c">[1989]</subfield>
    </datafield>
    <datafield tag="300" ind1=" " ind2=" ">
      <subfield code="a">134 p. ;</subfield>
      <subfield code="c">24 cm</subfield>
    </datafield>
    <datafield tag="653" ind1=" " ind2=" ">
      <subfield code="a">COMMODORE 64 személyi számítógép</subfield>
    </datafield>
    <datafield tag="653" ind1=" " ind2=" ">
      <subfield code="a">COMMODORE 128 személyi számítógép</subfield>
    </datafield>
    <datafield tag="653" ind1=" " ind2=" ">
      <subfield code="a">Program</subfield>
    </datafield>
    <datafield tag="700" ind1="1" ind2="0">
      <subfield code="a">Kiss László</subfield>
    </datafield>
    <datafield tag="710" ind1="2" ind2=" ">
      <subfield code="a">LSI Alkalmazástechnikai Tanácsadó Szolgálat (Budapest)</subfield>
    </datafield>
    <datafield tag="852" ind1=" " ind2=" ">
      <subfield code="a">B11</subfield>
      <subfield code="b">B11</subfield>
      <subfield code="x">BMEOMIKK000339494</subfield>
    </datafield>
  </record>
  <record>
    <leader>00944fam  2200253 i 4500</leader>
    <controlfield tag="001">MOKKAZ0006290003  </controlfield>
    <controlfield tag="005">20091015151146.0</controlfield>
    <controlfield tag="008">940510t19881988hu a          000 0 hun d</controlfield>
    <datafield tag="020" ind1=" " ind2=" ">
      <subfield code="a">963-592-767-3 (fűzött) :</subfield>
      <subfield code="c">100,- Ft</subfield>
    </datafield>
    <datafield tag="035" ind1=" " ind2=" ">
      <subfield code="a">711884</subfield>
    </datafield>
    <datafield tag="040" ind1=" " ind2=" ">
      <subfield code="a">OSZK</subfield>
    </datafield>
    <datafield tag="041" ind1="0" ind2=" ">
      <subfield code="a">hunhun</subfield>
    </datafield>
    <datafield tag="245" ind1="1" ind2="0">
      <subfield code="a">1001/1 játék C 64/128 : </subfield>
      <subfield code="b">Graphics BASIC /</subfield>
      <subfield code="c">[... szerk. Székely László] /</subfield>
      <subfield code="c">[közread. az] Alkalmazástechnikai Tanácsadó Szolgálat</subfield>
    </datafield>
    <datafield tag="250" ind1=" " ind2=" ">
      <subfield code="a">[Utánny.]</subfield>
    </datafield>
    <datafield tag="260" ind1=" " ind2=" ">
      <subfield code="a">Budapest :</subfield>
      <subfield code="b">LSI ATSZ,</subfield>
      <subfield code="c">1988</subfield>
      <subfield code="e">(Gyál</subfield>
      <subfield code="f">Szabadság Mgtsz Ny.)</subfield>
    </datafield>
    <datafield tag="300" ind1=" " ind2=" ">
      <subfield code="a">115 p. :</subfield>
      <subfield code="b">ill. ;</subfield>
      <subfield code="c">24 cm</subfield>
    </datafield>
    <datafield tag="650" ind1=" " ind2="4">
      <subfield code="a">számitógépes játékok</subfield>
    </datafield>
    <datafield tag="700" ind1="1" ind2=" ">
      <subfield code="a">Székely László</subfield>
      <subfield code="4">(szerk.)</subfield>
    </datafield>
    <datafield tag="710" ind1="2" ind2=" ">
      <subfield code="a">LSI Alkalmazástechnikai Tanácsadó Szolgálat (Budapest)</subfield>
      <subfield code="4">közread.</subfield>
    </datafield>
    <datafield tag="852" ind1=" " ind2=" ">
      <subfield code="a">B1</subfield>
      <subfield code="b">B1</subfield>
      <subfield code="x">711884</subfield>
    </datafield>
    <datafield tag="852" ind1=" " ind2=" ">
      <subfield code="a">B10</subfield>
      <subfield code="B">1105</subfield>
      <subfield code="B">0801</subfield>
      <subfield code="b">1704</subfield>
      <subfield code="x">bibFSZ00031021</subfield>
    </datafield>
    <datafield tag="852" ind1=" " ind2=" ">
      <subfield code="a">M2</subfield>
      <subfield code="b">M2</subfield>
      <subfield code="x">bibRFK00070007</subfield>
    </datafield>
    <datafield tag="852" ind1=" " ind2=" ">
      <subfield code="a">BCS1</subfield>
      <subfield code="b">BCS1/LEN</subfield>
      <subfield code="x">bibBKO00124585</subfield>
    </datafield>
    <datafield tag="852" ind1=" " ind2=" ">
      <subfield code="a">S1</subfield>
      <subfield code="b">SZFV53</subfield>
      <subfield code="x">MOKKAS0001149896</subfield>
    </datafield>
  </record>
  <record>
    <leader>00781fam  2200217 i 4500</leader>
    <controlfield tag="001">MOKKAZ0006290103  </controlfield>
    <controlfield tag="005">20040915185353.0</controlfield>
    <controlfield tag="008">940510t19891989hu a          000 0 hun d</controlfield>
    <datafield tag="020" ind1=" " ind2=" ">
      <subfield code="a">963-592-994-3 (fűzött)</subfield>
    </datafield>
    <datafield tag="020" ind1=" " ind2=" ">
      <subfield code="z">963 592 767 3</subfield>
    </datafield>
    <datafield tag="035" ind1=" " ind2=" ">
      <subfield code="a">712346</subfield>
    </datafield>
    <datafield tag="040" ind1=" " ind2=" ">
      <subfield code="a">OSZK</subfield>
    </datafield>
    <datafield tag="041" ind1="0" ind2=" ">
      <subfield code="a">hunhun</subfield>
    </datafield>
    <datafield tag="245" ind1="1" ind2="0">
      <subfield code="a">1001/1 játék C 64/128 : </subfield>
      <subfield code="b">Graphics BASIC /</subfield>
      <subfield code="c">[... szerk. Székely László] /</subfield>
      <subfield code="c">[közread. az] LSI Alkalmazástechnikai Tanácsadó Szolgálat</subfield>
    </datafield>
    <datafield tag="250" ind1=" " ind2=" ">
      <subfield code="a">[Utánny.]</subfield>
    </datafield>
    <datafield tag="260" ind1=" " ind2=" ">
      <subfield code="a">Budapest :</subfield>
      <subfield code="b">LSI ATSZ,</subfield>
      <subfield code="c">1988 [!1989]</subfield>
      <subfield code="e">(Gyál</subfield>
      <subfield code="f">Szabadság Mgtsz)</subfield>
    </datafield>
    <datafield tag="300" ind1=" " ind2=" ">
      <subfield code="a">115 p. :</subfield>
      <subfield code="b">ill. ;</subfield>
      <subfield code="c">24 cm</subfield>
    </datafield>
    <datafield tag="700" ind1="1" ind2=" ">
      <subfield code="a">Székely László</subfield>
      <subfield code="4">(szerk.)</subfield>
    </datafield>
    <datafield tag="710" ind1="2" ind2=" ">
      <subfield code="a">LSI Alkalmazástechnikai Tanácsadó Szolgálat (Budapest)</subfield>
      <subfield code="4">közread.</subfield>
    </datafield>
    <datafield tag="852" ind1=" " ind2=" ">
      <subfield code="a">B1</subfield>
      <subfield code="b">B1</subfield>
      <subfield code="x">712346</subfield>
    </datafield>
    <datafield tag="852" ind1=" " ind2=" ">
      <subfield code="a">D1</subfield>
      <subfield code="b">D1</subfield>
      <subfield code="x">963 592 994 3</subfield>
    </datafield>
  </record>
  <record>
    <leader>00723aam  2200205 i 4500</leader>
    <controlfield tag="001">MOKKAZ0006289338  </controlfield>
    <controlfield tag="005">20040915185329.0</controlfield>
    <controlfield tag="008">940510t19901990hu a          000 0 hun d</controlfield>
    <datafield tag="020" ind1=" " ind2=" ">
      <subfield code="a">963-576-045-0 (fűzött)</subfield>
    </datafield>
    <datafield tag="020" ind1=" " ind2=" ">
      <subfield code="z">963 592 767 3</subfield>
    </datafield>
    <datafield tag="035" ind1=" " ind2=" ">
      <subfield code="a">707595</subfield>
    </datafield>
    <datafield tag="040" ind1=" " ind2=" ">
      <subfield code="a">OSZK</subfield>
    </datafield>
    <datafield tag="041" ind1="0" ind2=" ">
      <subfield code="a">hunhun</subfield>
    </datafield>
    <datafield tag="072" ind1=" " ind2="1">
      <subfield code="a">UZ</subfield>
    </datafield>
    <datafield tag="245" ind1="1" ind2="0">
      <subfield code="a">1001/1 játék C 64/128 : </subfield>
      <subfield code="b">Graphics BASIC /</subfield>
      <subfield code="c">[... szerk. Székely László] /</subfield>
      <subfield code="c">[közread. az] LSI Alkalmazástechnikai Tanácsadó Szolgálat</subfield>
    </datafield>
    <datafield tag="260" ind1=" " ind2=" ">
      <subfield code="a">Budapest :</subfield>
      <subfield code="b">LSI ATSZ,</subfield>
      <subfield code="c">[1990]</subfield>
      <subfield code="e">(Gyál</subfield>
      <subfield code="f">Agro-print)</subfield>
    </datafield>
    <datafield tag="300" ind1=" " ind2=" ">
      <subfield code="a">115 p. :</subfield>
      <subfield code="b">ill. ;</subfield>
      <subfield code="c">24 cm</subfield>
    </datafield>
    <datafield tag="700" ind1="1" ind2=" ">
      <subfield code="a">Székely László</subfield>
      <subfield code="4">(szerk.)</subfield>
    </datafield>
    <datafield tag="710" ind1="2" ind2=" ">
      <subfield code="a">LSI Alkalmazástechnikai Tanácsadó Szolgálat (Budapest)</subfield>
      <subfield code="4">közread.</subfield>
    </datafield>
    <datafield tag="852" ind1=" " ind2=" ">
      <subfield code="a">B1</subfield>
      <subfield code="b">B1</subfield>
      <subfield code="x">707595</subfield>
    </datafield>
  </record>
  <record>
    <leader>00894cam  22002051  4500</leader>
    <controlfield tag="001">MOKKAZ0004185504  </controlfield>
    <controlfield tag="005">20040910050337.0</controlfield>
    <controlfield tag="008">      s1985                        und d</controlfield>
    <datafield tag="020" ind1=" " ind2=" ">
      <subfield code="a">963-592-555-7 (fűzött) :</subfield>
      <subfield code="c">100,- Ft</subfield>
    </datafield>
    <datafield tag="035" ind1=" " ind2=" ">
      <subfield code="a">bibFSZ00031022</subfield>
    </datafield>
    <datafield tag="040" ind1=" " ind2=" ">
      <subfield code="a">FSZEK</subfield>
    </datafield>
    <datafield tag="093" ind1=" " ind2=" ">
      <subfield code="e">861201</subfield>
    </datafield>
    <datafield tag="245" ind1="0" ind2="0">
      <subfield code="a">1001-1 játék és a Graphics BASIC Commodore 64-en /</subfield>
      <subfield code="c">[...szerk. Székely László] ; [közread. az] Alkalmazástechnikai Tanácsadó Szolgálat</subfield>
    </datafield>
    <datafield tag="260" ind1=" " ind2=" ">
      <subfield code="a">Budapest :</subfield>
      <subfield code="b">[Országos Műszaki Információs Központ és Könyvtár],</subfield>
      <subfield code="c">1985</subfield>
    </datafield>
    <datafield tag="300" ind1=" " ind2=" ">
      <subfield code="a">115 p. :</subfield>
      <subfield code="b">ill. ;</subfield>
      <subfield code="c">24 cm</subfield>
    </datafield>
    <datafield tag="680" ind1=" " ind2="0">
      <subfield code="a">program, számítógépes</subfield>
      <subfield code="a">szoftver</subfield>
      <subfield code="x">Commodore 64</subfield>
      <subfield code="a">programozási nyelvek</subfield>
      <subfield code="x">Graphics BASIC</subfield>
    </datafield>
    <datafield tag="700" ind1="1" ind2=" ">
      <subfield code="a">Székely László</subfield>
      <subfield code="4">szerk.</subfield>
    </datafield>
    <datafield tag="710" ind1="2" ind2=" ">
      <subfield code="a">LSI Alkalmazástechnikai Tanácsadó Szolgálat (Budapest)</subfield>
      <subfield code="4">közread.</subfield>
    </datafield>
    <datafield tag="852" ind1=" " ind2=" ">
      <subfield code="a">B10</subfield>
      <subfield code="B">0101</subfield>
      <subfield code="B">1105</subfield>
      <subfield code="b">1704</subfield>
      <subfield code="x">bibFSZ00031022</subfield>
    </datafield>
    <datafield tag="852" ind1=" " ind2=" ">
      <subfield code="a">BCS1</subfield>
      <subfield code="b">BCS1</subfield>
      <subfield code="x">bibBKO00124586</subfield>
    </datafield>
  </record>
  <record>
    <leader>00689nam  2200193 i 4500</leader>
    <controlfield tag="001">MOKKAN0004846616  </controlfield>
    <controlfield tag="005">20071018005329.0</controlfield>
    <controlfield tag="008">990828s1989                  000 0 hun d</controlfield>
    <datafield tag="020" ind1=" " ind2=" ">
      <subfield code="a">963-592-767-3</subfield>
    </datafield>
    <datafield tag="035" ind1=" " ind2=" ">
      <subfield code="a">BMEOMIKK000003873</subfield>
    </datafield>
    <datafield tag="040" ind1=" " ind2=" ">
      <subfield code="a">BMEOMIKK</subfield>
    </datafield>
    <datafield tag="041" ind1="0" ind2=" ">
      <subfield code="a">hun</subfield>
    </datafield>
    <datafield tag="245" ind1="0" ind2="0">
      <subfield code="a">1001/1 játék : </subfield>
      <subfield code="b">C 64/128 : Graphics Basic /</subfield>
      <subfield code="c">[témafelelős és szerk. Székely László] ; [kiad. az] LSI Alkalmazástechnikai Tanácsadó Szolgálat</subfield>
    </datafield>
    <datafield tag="246" ind1="1" ind2="3">
      <subfield code="a">C 64/128 : Graphics Basic</subfield>
    </datafield>
    <datafield tag="260" ind1=" " ind2=" ">
      <subfield code="a">Budapest :</subfield>
      <subfield code="b">LSI ATSZ,</subfield>
      <subfield code="c">1989</subfield>
    </datafield>
    <datafield tag="300" ind1=" " ind2=" ">
      <subfield code="a">115 p. ;</subfield>
      <subfield code="c">24 cm</subfield>
    </datafield>
    <datafield tag="700" ind1="1" ind2=" ">
      <subfield code="a">Székely László</subfield>
    </datafield>
    <datafield tag="710" ind1="2" ind2=" ">
      <subfield code="a">LSI Alkalmazástechnikai Tanácsadó Szolgálat (Budapest)</subfield>
    </datafield>
    <datafield tag="852" ind1=" " ind2=" ">
      <subfield code="a">B11</subfield>
      <subfield code="b">B11</subfield>
      <subfield code="x">BMEOMIKK000003873</subfield>
    </datafield>
  </record>
  <record>
    <leader>00591nam  2200217 i 4500</leader>
    <controlfield tag="001">MOKKAN0004714657  </controlfield>
    <controlfield tag="005">20070704230201.0</controlfield>
    <controlfield tag="008">930902s1987    hu           u    j hun d</controlfield>
    <datafield tag="020" ind1=" " ind2=" ">
      <subfield code="a">963 592 642 1 (fűzött)</subfield>
    </datafield>
    <datafield tag="035" ind1=" " ind2=" ">
      <subfield code="a">71757</subfield>
    </datafield>
    <datafield tag="040" ind1=" " ind2=" ">
      <subfield code="a">SZIEGTUK</subfield>
    </datafield>
    <datafield tag="041" ind1="0" ind2=" ">
      <subfield code="a">hun</subfield>
    </datafield>
    <datafield tag="100" ind1="1" ind2=" ">
      <subfield code="a">Schmidt Endre</subfield>
    </datafield>
    <datafield tag="245" ind1="1" ind2="0">
      <subfield code="a">[1001/2 játék C64/128] /</subfield>
      <subfield code="c">készítették Schmidt Endre, Kiss László</subfield>
    </datafield>
    <datafield tag="260" ind1=" " ind2=" ">
      <subfield code="a">Budapest :</subfield>
      <subfield code="b">LSI ATSZ,</subfield>
      <subfield code="c">1987</subfield>
    </datafield>
    <datafield tag="300" ind1=" " ind2=" ">
      <subfield code="a">134 p. ;</subfield>
      <subfield code="c">24 cm</subfield>
    </datafield>
    <datafield tag="650" ind1=" " ind2="4">
      <subfield code="a">Commodore 64</subfield>
    </datafield>
    <datafield tag="650" ind1=" " ind2="4">
      <subfield code="a">Commodore 128</subfield>
    </datafield>
    <datafield tag="650" ind1=" " ind2="4">
      <subfield code="a">játékprogram</subfield>
    </datafield>
    <datafield tag="700" ind1="1" ind2=" ">
      <subfield code="a">Kiss László</subfield>
    </datafield>
    <datafield tag="852" ind1=" " ind2=" ">
      <subfield code="a">G1</subfield>
      <subfield code="b">G1</subfield>
      <subfield code="x">71757</subfield>
    </datafield>
  </record>
  <record>
    <leader>00665cam  2200193 i 4500</leader>
    <controlfield tag="001">MOKKAZ0005292345  </controlfield>
    <controlfield tag="005">20070314060920.0</controlfield>
    <controlfield tag="008">020827s1987    hu a          00010 hun d</controlfield>
    <datafield tag="035" ind1=" " ind2=" ">
      <subfield code="a">185157</subfield>
    </datafield>
    <datafield tag="040" ind1=" " ind2=" ">
      <subfield code="a">MEKLM</subfield>
    </datafield>
    <datafield tag="041" ind1="0" ind2=" ">
      <subfield code="a">hun</subfield>
    </datafield>
    <datafield tag="100" ind1="1" ind2=" ">
      <subfield code="a">Schmidt Endre</subfield>
    </datafield>
    <datafield tag="245" ind1="1" ind2="0">
      <subfield code="a">1001/2 játék C64/128 :</subfield>
      <subfield code="b">[Geos, newsroom, game maker, print shop, music maker /</subfield>
      <subfield code="c">[készítették Schmidt Endre, Kiss László]</subfield>
    </datafield>
    <datafield tag="260" ind1=" " ind2=" ">
      <subfield code="a">Bp.:</subfield>
      <subfield code="b">LSI ATSZ,</subfield>
      <subfield code="c">1987</subfield>
    </datafield>
    <datafield tag="300" ind1=" " ind2=" ">
      <subfield code="a">134 p. :</subfield>
      <subfield code="b">ill. ;</subfield>
      <subfield code="c">24 cm</subfield>
    </datafield>
    <datafield tag="500" ind1=" " ind2=" ">
      <subfield code="a">Az 1001 játék és Graphics Basic C 64-en c. könyv folytatása.</subfield>
    </datafield>
    <datafield tag="650" ind1="0" ind2="4">
      <subfield code="a">számítógép-program</subfield>
      <subfield code="x">játékok</subfield>
    </datafield>
    <datafield tag="700" ind1="1" ind2=" ">
      <subfield code="a">Kiss László</subfield>
      <subfield code="c">(informatikus)</subfield>
    </datafield>
    <datafield tag="852" ind1=" " ind2=" ">
      <subfield code="a">M1</subfield>
      <subfield code="b">M1</subfield>
      <subfield code="x">185157</subfield>
    </datafield>
  </record>
  <record>
    <leader>00671cam  2200181   4500</leader>
    <controlfield tag="001">MOKKAZ0004796176  </controlfield>
    <controlfield tag="005">20040910103348.0</controlfield>
    <controlfield tag="008">      s1988                        hun  </controlfield>
    <datafield tag="020" ind1=" " ind2=" ">
      <subfield code="a">963 592 642 1 :</subfield>
    </datafield>
    <datafield tag="035" ind1=" " ind2=" ">
      <subfield code="a">bibJPT0040594</subfield>
    </datafield>
    <datafield tag="040" ind1=" " ind2=" ">
      <subfield code="a">PTE</subfield>
    </datafield>
    <datafield tag="100" ind1="1" ind2=" ">
      <subfield code="a">Schmidt Endre</subfield>
    </datafield>
    <datafield tag="245" ind1="1" ind2="0">
      <subfield code="a">1001/2 játék C64/128 :</subfield>
      <subfield code="b">Geos, Newsroom, Game Maker, Print Shop,  Music Maker /</subfield>
      <subfield code="c">[készítették Schmidt Endre, Kiss László]</subfield>
    </datafield>
    <datafield tag="260" ind1=" " ind2=" ">
      <subfield code="a">Budapest :</subfield>
      <subfield code="b">LSI Alkalmazástechnikai Tanácsadó Szolgálat,</subfield>
      <subfield code="c">1988</subfield>
    </datafield>
    <datafield tag="300" ind1=" " ind2=" ">
      <subfield code="a">134 p. :</subfield>
      <subfield code="b">ill. ;</subfield>
      <subfield code="c">24 cm</subfield>
    </datafield>
    <datafield tag="500" ind1=" " ind2=" ">
      <subfield code="a">Az "1001 játék és a Graphics Basic C-64-en" c. könyv folytatása</subfield>
    </datafield>
    <datafield tag="700" ind1="1" ind2=" ">
      <subfield code="a">Kiss László</subfield>
    </datafield>
    <datafield tag="852" ind1=" " ind2=" ">
      <subfield code="a">P1</subfield>
      <subfield code="b">P1</subfield>
      <subfield code="x">bibJPT0040594</subfield>
    </datafield>
  </record>
  <record>
    <leader>00610cam  2200193 i 4500</leader>
    <controlfield tag="001">MOKKAZ0005293341  </controlfield>
    <controlfield tag="005">20070314063856.0</controlfield>
    <controlfield tag="008">031215s1988    hu a          00010 hun d</controlfield>
    <datafield tag="020" ind1=" " ind2=" ">
      <subfield code="a">963 592 710 X</subfield>
    </datafield>
    <datafield tag="035" ind1=" " ind2=" ">
      <subfield code="a">186647</subfield>
    </datafield>
    <datafield tag="040" ind1=" " ind2=" ">
      <subfield code="a">MEKLM</subfield>
    </datafield>
    <datafield tag="041" ind1="0" ind2=" ">
      <subfield code="a">hun</subfield>
    </datafield>
    <datafield tag="100" ind1="1" ind2=" ">
      <subfield code="a">Schmidt Endre</subfield>
    </datafield>
    <datafield tag="245" ind1="1" ind2="0">
      <subfield code="a">1001/2 játék C64/128 :</subfield>
      <subfield code="b">Geos, newsroom, game maker, print shop, music maker /</subfield>
      <subfield code="c">készítették Schmidt Endre, Kiss László</subfield>
    </datafield>
    <datafield tag="260" ind1=" " ind2=" ">
      <subfield code="a">Bp.:</subfield>
      <subfield code="b">LSI ATSZ,</subfield>
      <subfield code="c">1988</subfield>
    </datafield>
    <datafield tag="300" ind1=" " ind2=" ">
      <subfield code="a">134 p. :</subfield>
      <subfield code="b">ill. ;</subfield>
      <subfield code="c">24 cm</subfield>
    </datafield>
    <datafield tag="650" ind1="0" ind2="4">
      <subfield code="a">számítógép-program</subfield>
      <subfield code="x">játékok</subfield>
    </datafield>
    <datafield tag="700" ind1="1" ind2=" ">
      <subfield code="a">Kiss László</subfield>
      <subfield code="c">(informatikus)</subfield>
    </datafield>
    <datafield tag="852" ind1=" " ind2=" ">
      <subfield code="a">M1</subfield>
      <subfield code="b">M1</subfield>
      <subfield code="x">186647</subfield>
    </datafield>
  </record>
  <record>
    <leader>00779cam  2200229 i 4500</leader>
    <controlfield tag="001">MOKKAN0004161435  </controlfield>
    <controlfield tag="005">20070314083816.0</controlfield>
    <controlfield tag="008">030814c19891988hu a          00010 hun d</controlfield>
    <datafield tag="020" ind1=" " ind2=" ">
      <subfield code="z">963 592 642 1</subfield>
      <subfield code="a">963-592-999-4</subfield>
    </datafield>
    <datafield tag="035" ind1=" " ind2=" ">
      <subfield code="a">191827</subfield>
    </datafield>
    <datafield tag="040" ind1=" " ind2=" ">
      <subfield code="a">MEKLM</subfield>
    </datafield>
    <datafield tag="041" ind1="0" ind2=" ">
      <subfield code="a">hun</subfield>
    </datafield>
    <datafield tag="100" ind1="1" ind2=" ">
      <subfield code="a">Schmidt Endre</subfield>
    </datafield>
    <datafield tag="245" ind1="1" ind2="0">
      <subfield code="a">1001/2 játék C64/128 :</subfield>
      <subfield code="b">Geos, Newsroom, Game maker, Print shop, Music maker /</subfield>
      <subfield code="c">kész. Schmidt Endre, Kiss László.</subfield>
    </datafield>
    <datafield tag="250" ind1=" " ind2=" ">
      <subfield code="a">[Utánny.]</subfield>
    </datafield>
    <datafield tag="260" ind1=" " ind2=" ">
      <subfield code="a">Bp. :</subfield>
      <subfield code="b">LSI ATSZ,</subfield>
      <subfield code="c">1988 [!1989]</subfield>
    </datafield>
    <datafield tag="300" ind1=" " ind2=" ">
      <subfield code="a">134 p. :</subfield>
      <subfield code="b">ill. ;</subfield>
      <subfield code="c">25 cm</subfield>
    </datafield>
    <datafield tag="580" ind1=" " ind2=" ">
      <subfield code="a">Előzm: 1001 játék és a Graphics Basic C-64-en.</subfield>
    </datafield>
    <datafield tag="650" ind1="0" ind2="4">
      <subfield code="a">számítógép-program</subfield>
      <subfield code="x">játékok</subfield>
    </datafield>
    <datafield tag="700" ind1="1" ind2=" ">
      <subfield code="a">Kiss László</subfield>
      <subfield code="c">(informatikus)</subfield>
    </datafield>
    <datafield tag="780" ind1="0" ind2="0">
      <subfield code="a">1001 játék és a Graphics Basic C-64-en</subfield>
    </datafield>
    <datafield tag="852" ind1=" " ind2=" ">
      <subfield code="a">M1</subfield>
      <subfield code="b">M1</subfield>
      <subfield code="x">191827</subfield>
    </datafield>
  </record>
  <record>
    <leader>01648fam  2200445 i 4500</leader>
    <controlfield tag="001">MOKKAZ0006289938  </controlfield>
    <controlfield tag="005">20090521205445.0</controlfield>
    <controlfield tag="008">940510t19871987hu a          000 0 hun d</controlfield>
    <datafield tag="020" ind1=" " ind2=" ">
      <subfield code="a">963-592-642-1 (fűzött) :</subfield>
      <subfield code="c">99,- Ft</subfield>
    </datafield>
    <datafield tag="035" ind1=" " ind2=" ">
      <subfield code="a">711527</subfield>
    </datafield>
    <datafield tag="040" ind1=" " ind2=" ">
      <subfield code="a">OSZK</subfield>
    </datafield>
    <datafield tag="041" ind1="0" ind2=" ">
      <subfield code="a">hunhun</subfield>
    </datafield>
    <datafield tag="100" ind1="1" ind2=" ">
      <subfield code="a">Schmidt Endre</subfield>
    </datafield>
    <datafield tag="245" ind1="1" ind2="0">
      <subfield code="a">1001/2 játék C 64/128 : </subfield>
      <subfield code="b">Geos, Newsroom, Game maker, Print shop, Music maker /</subfield>
      <subfield code="c">[kész. Schmidt Endre, Kiss László] ; [közread. az] LSI Alkalmazástechnikai Tanácsadó Szolgálat</subfield>
    </datafield>
    <datafield tag="260" ind1=" " ind2=" ">
      <subfield code="a">Budapest :</subfield>
      <subfield code="b">LSI ATSZ,</subfield>
      <subfield code="c">1987</subfield>
      <subfield code="e">([Budapest]</subfield>
      <subfield code="f">Ip. Informatikai Közp.)</subfield>
    </datafield>
    <datafield tag="300" ind1=" " ind2=" ">
      <subfield code="a">134 p. :</subfield>
      <subfield code="b">ill. ;</subfield>
      <subfield code="c">24 cm</subfield>
    </datafield>
    <datafield tag="500" ind1=" " ind2=" ">
      <subfield code="a">8000</subfield>
    </datafield>
    <datafield tag="650" ind1=" " ind2="4">
      <subfield code="a">Játék</subfield>
      <subfield code="x">Számítógépes</subfield>
    </datafield>
    <datafield tag="650" ind1=" " ind2="4">
      <subfield code="a">Számítógép</subfield>
      <subfield code="x">Játék</subfield>
    </datafield>
    <datafield tag="650" ind1=" " ind2="4">
      <subfield code="a">Számítógépes programok</subfield>
    </datafield>
    <datafield tag="653" ind1=" " ind2=" ">
      <subfield code="a">COMMODORE 64 személyi számítógép</subfield>
    </datafield>
    <datafield tag="653" ind1=" " ind2=" ">
      <subfield code="a">COMMODORE 128 személyi számítógép</subfield>
    </datafield>
    <datafield tag="653" ind1=" " ind2=" ">
      <subfield code="a">Programozás</subfield>
    </datafield>
    <datafield tag="695" ind1=" " ind2=" ">
      <subfield code="a">Játékprogramok</subfield>
    </datafield>
    <datafield tag="695" ind1=" " ind2=" ">
      <subfield code="a">Számítógép</subfield>
      <subfield code="x">játék</subfield>
    </datafield>
    <datafield tag="695" ind1=" " ind2=" ">
      <subfield code="a">Játék</subfield>
      <subfield code="x">számítógép</subfield>
    </datafield>
    <datafield tag="700" ind1="1" ind2="0">
      <subfield code="a">Kiss László</subfield>
    </datafield>
    <datafield tag="710" ind1="2" ind2=" ">
      <subfield code="a">LSI Alkalmazástechnikai Tanácsadó Szolgálat (Budapest)</subfield>
      <subfield code="4">közread.</subfield>
    </datafield>
    <datafield tag="852" ind1=" " ind2=" ">
      <subfield code="a">B1</subfield>
      <subfield code="b">B1</subfield>
      <subfield code="x">711527</subfield>
    </datafield>
    <datafield tag="852" ind1=" " ind2=" ">
      <subfield code="a">B11</subfield>
      <subfield code="b">B11</subfield>
      <subfield code="x">BMEOMIKK000325104</subfield>
    </datafield>
    <datafield tag="852" ind1=" " ind2=" ">
      <subfield code="a">S1</subfield>
      <subfield code="b">S1</subfield>
      <subfield code="x">bibSEF94300</subfield>
    </datafield>
    <datafield tag="852" ind1=" " ind2=" ">
      <subfield code="a">D1</subfield>
      <subfield code="b">D1</subfield>
      <subfield code="x">ISISFEF0000008</subfield>
    </datafield>
    <datafield tag="852" ind1=" " ind2=" ">
      <subfield code="a">B11</subfield>
      <subfield code="b">B11</subfield>
      <subfield code="x">BMEOMIKK000019680</subfield>
    </datafield>
    <datafield tag="852" ind1=" " ind2=" ">
      <subfield code="a">BCS1</subfield>
      <subfield code="b">BCS1</subfield>
      <subfield code="x">bibBKO00118102</subfield>
    </datafield>
    <datafield tag="852" ind1=" " ind2=" ">
      <subfield code="a">M2</subfield>
      <subfield code="b">M2</subfield>
      <subfield code="x">bibRFK00073302</subfield>
    </datafield>
    <datafield tag="852" ind1=" " ind2=" ">
      <subfield code="a">SZL1</subfield>
      <subfield code="b">SZL1</subfield>
      <subfield code="b">SZL1/GY</subfield>
      <subfield code="b">SZL1/FR</subfield>
      <subfield code="x">bibVFK00122705</subfield>
    </datafield>
    <datafield tag="852" ind1=" " ind2=" ">
      <subfield code="a">SZ4</subfield>
      <subfield code="b">SZ4</subfield>
      <subfield code="x">bibFSZ00025900</subfield>
    </datafield>
    <datafield tag="852" ind1=" " ind2=" ">
      <subfield code="a">B10</subfield>
      <subfield code="b">0801</subfield>
      <subfield code="b">1903</subfield>
      <subfield code="b">1308</subfield>
      <subfield code="b">1704</subfield>
      <subfield code="b">1501</subfield>
      <subfield code="b">0101</subfield>
      <subfield code="x">bibFSZ00025900</subfield>
    </datafield>
    <datafield tag="852" ind1=" " ind2=" ">
      <subfield code="a">H1</subfield>
      <subfield code="b">H1</subfield>
      <subfield code="x">NLVK92332</subfield>
    </datafield>
    <datafield tag="852" ind1=" " ind2=" ">
      <subfield code="a">B12</subfield>
      <subfield code="b">B12</subfield>
      <subfield code="x">BCEKK302116</subfield>
    </datafield>
  </record>
  <record>
    <leader>00683nam  2200169 i 4500</leader>
    <controlfield tag="001">MOKKAS0003235837  </controlfield>
    <controlfield tag="005">20060601074202.0</controlfield>
    <controlfield tag="008">050101s1987                            d</controlfield>
    <datafield tag="035" ind1=" " ind2=" ">
      <subfield code="a">110782</subfield>
    </datafield>
    <datafield tag="040" ind1=" " ind2=" ">
      <subfield code="a">KKMK</subfield>
    </datafield>
    <datafield tag="100" ind1="1" ind2=" ">
      <subfield code="a">Schmidt Endre</subfield>
    </datafield>
    <datafield tag="245" ind1="1" ind2="0">
      <subfield code="a">1001/2 játék C 64 128 : </subfield>
      <subfield code="b">Geos, Newsroom, Game maker, Print shop, Music maker /</subfield>
      <subfield code="c">Schmidt Endre ; Kiss László ; közread. LSI Alkalmazástechnikai Tanácsadó Szolgálat</subfield>
    </datafield>
    <datafield tag="260" ind1=" " ind2=" ">
      <subfield code="a">Budapest :</subfield>
      <subfield code="b">LSI Alkalmazástechnikai Tanácsadó Szolgálat,</subfield>
      <subfield code="c">1987</subfield>
    </datafield>
    <datafield tag="300" ind1=" " ind2=" ">
      <subfield code="a">134 p. :</subfield>
      <subfield code="b">ill. ;</subfield>
      <subfield code="c">24 cm</subfield>
    </datafield>
    <datafield tag="700" ind1="1" ind2="0">
      <subfield code="a">Kiss László</subfield>
      <subfield code="d">(1926-)</subfield>
    </datafield>
    <datafield tag="710" ind1="2" ind2="0">
      <subfield code="a">LSI Alkalmazástechnikai Tanácsadó Szolgálat (Budapest)</subfield>
      <subfield code="4">közread.</subfield>
    </datafield>
    <datafield tag="852" ind1=" " ind2=" ">
      <subfield code="a">GY1</subfield>
      <subfield code="b">GY1</subfield>
      <subfield code="x">110782</subfield>
    </datafield>
  </record>
  <record>
    <leader>01184aam  2200337 i 4500</leader>
    <controlfield tag="001">MOKKAZ0006289977  </controlfield>
    <controlfield tag="005">20040915185349.0</controlfield>
    <controlfield tag="008">940510t19881987hu a          000 0 hun d</controlfield>
    <datafield tag="020" ind1=" " ind2=" ">
      <subfield code="a">963-592-710-X (fűzött) :</subfield>
      <subfield code="c">99,- Ft</subfield>
    </datafield>
    <datafield tag="035" ind1=" " ind2=" ">
      <subfield code="a">711713</subfield>
    </datafield>
    <datafield tag="040" ind1=" " ind2=" ">
      <subfield code="a">OSZK</subfield>
    </datafield>
    <datafield tag="041" ind1="0" ind2=" ">
      <subfield code="a">hunhun</subfield>
    </datafield>
    <datafield tag="044" ind1=" " ind2=" ">
      <subfield code="a">HU</subfield>
    </datafield>
    <datafield tag="072" ind1=" " ind2="1">
      <subfield code="a">UZ</subfield>
    </datafield>
    <datafield tag="100" ind1="1" ind2=" ">
      <subfield code="a">Schmidt Endre</subfield>
    </datafield>
    <datafield tag="245" ind1="1" ind2="0">
      <subfield code="a">1001/2 játék C 64/128 : </subfield>
      <subfield code="b">Geos, Newsroom, Game maker, Print shop, Music maker /</subfield>
      <subfield code="c">kész. Schmidt Endre, Kiss László ; [közread. az] LSI Alkalmazástechnikai Tanácsadó Szolgálat</subfield>
    </datafield>
    <datafield tag="247" ind1="1" ind2="0">
      <subfield code="a">1001 játék és a Graphics BASIC Commodore 64-en</subfield>
    </datafield>
    <datafield tag="250" ind1=" " ind2=" ">
      <subfield code="a">Utánny.</subfield>
    </datafield>
    <datafield tag="260" ind1=" " ind2=" ">
      <subfield code="a">Budapest :</subfield>
      <subfield code="b">LSI ATSZ,</subfield>
      <subfield code="c">1988</subfield>
      <subfield code="e">([Budapest]</subfield>
      <subfield code="f">Vegyterv)</subfield>
    </datafield>
    <datafield tag="300" ind1=" " ind2=" ">
      <subfield code="a">134 p. :</subfield>
      <subfield code="b">ill. ;</subfield>
      <subfield code="c">24 cm</subfield>
    </datafield>
    <datafield tag="500" ind1=" " ind2=" ">
      <subfield code="a">4000</subfield>
    </datafield>
    <datafield tag="653" ind1=" " ind2=" ">
      <subfield code="a">COMMODORE 64 személyi számítógép</subfield>
    </datafield>
    <datafield tag="653" ind1=" " ind2=" ">
      <subfield code="a">COMMODORE 128 személyi számítógép</subfield>
    </datafield>
    <datafield tag="653" ind1=" " ind2=" ">
      <subfield code="a">Programozás</subfield>
    </datafield>
    <datafield tag="695" ind1=" " ind2=" ">
      <subfield code="a">játékprogram</subfield>
    </datafield>
    <datafield tag="700" ind1="1" ind2="0">
      <subfield code="a">Kiss László</subfield>
    </datafield>
    <datafield tag="710" ind1="2" ind2=" ">
      <subfield code="a">LSI Alkalmazástechnikai Tanácsadó Szolgálat (Budapest)</subfield>
      <subfield code="4">közread.</subfield>
    </datafield>
    <datafield tag="852" ind1=" " ind2=" ">
      <subfield code="a">B1</subfield>
      <subfield code="b">B1</subfield>
      <subfield code="x">711713</subfield>
    </datafield>
    <datafield tag="852" ind1=" " ind2=" ">
      <subfield code="a">D1</subfield>
      <subfield code="b">D1</subfield>
      <subfield code="x">bibKLT00265683</subfield>
    </datafield>
    <datafield tag="852" ind1=" " ind2=" ">
      <subfield code="a">M2</subfield>
      <subfield code="b">M2</subfield>
      <subfield code="x">bibRFK00069996</subfield>
    </datafield>
    <datafield tag="852" ind1=" " ind2=" ">
      <subfield code="a">B11</subfield>
      <subfield code="b">B11</subfield>
      <subfield code="x">BMEOMIKK000358631</subfield>
    </datafield>
  </record>
  <record>
    <leader>00881pam  2200241 i 4500</leader>
    <controlfield tag="001">MOKKAZ0006290105  </controlfield>
    <controlfield tag="005">20040915185353.0</controlfield>
    <controlfield tag="008">940510t19891989hu a          000 0 hun d</controlfield>
    <datafield tag="020" ind1=" " ind2=" ">
      <subfield code="a">963-592-999-4 (fűzött)</subfield>
    </datafield>
    <datafield tag="020" ind1=" " ind2=" ">
      <subfield code="z">963 592 642 1</subfield>
    </datafield>
    <datafield tag="035" ind1=" " ind2=" ">
      <subfield code="a">712355</subfield>
    </datafield>
    <datafield tag="040" ind1=" " ind2=" ">
      <subfield code="a">OSZK</subfield>
    </datafield>
    <datafield tag="041" ind1="0" ind2=" ">
      <subfield code="a">hunhun</subfield>
    </datafield>
    <datafield tag="072" ind1=" " ind2="1">
      <subfield code="a">ZU</subfield>
    </datafield>
    <datafield tag="100" ind1="1" ind2=" ">
      <subfield code="a">Schmidt Endre</subfield>
    </datafield>
    <datafield tag="245" ind1="1" ind2="0">
      <subfield code="a">1001/2 játék C 64/128 : </subfield>
      <subfield code="b">Geos, Newsroom, Game maker, Print shop, Music maker /</subfield>
      <subfield code="c">[kész. Schmidt Endre, Kiss László] ; [közread. az] LSI Alkalmazástechnikai Tanácsadó Szolgálat</subfield>
    </datafield>
    <datafield tag="247" ind1="1" ind2="0">
      <subfield code="a">1001 játék és a Graphics BASIC Commodore 64-en</subfield>
    </datafield>
    <datafield tag="250" ind1=" " ind2=" ">
      <subfield code="a">[Utánny.]</subfield>
    </datafield>
    <datafield tag="260" ind1=" " ind2=" ">
      <subfield code="a">Budapest :</subfield>
      <subfield code="b">LSI ATSZ,</subfield>
      <subfield code="c">1988 [!1989]</subfield>
      <subfield code="e">([Komárom]</subfield>
      <subfield code="f">KMNYV)</subfield>
    </datafield>
    <datafield tag="300" ind1=" " ind2=" ">
      <subfield code="a">134 p. :</subfield>
      <subfield code="b">ill. ;</subfield>
      <subfield code="c">24 cm</subfield>
    </datafield>
    <datafield tag="700" ind1="1" ind2="0">
      <subfield code="a">Kiss László</subfield>
    </datafield>
    <datafield tag="710" ind1="2" ind2=" ">
      <subfield code="a">LSI Alkalmazástechnikai Tanácsadó Szolgálat (Budapest)</subfield>
      <subfield code="4">közread.</subfield>
    </datafield>
    <datafield tag="852" ind1=" " ind2=" ">
      <subfield code="a">B1</subfield>
      <subfield code="b">B1</subfield>
      <subfield code="x">712355</subfield>
    </datafield>
  </record>
  <record>
    <leader>00695cam  2200205   4500</leader>
    <controlfield tag="001">MOKKAZ0003176275  </controlfield>
    <controlfield tag="005">20040909164111.0</controlfield>
    <controlfield tag="008">       1989                        hun  </controlfield>
    <datafield tag="020" ind1=" " ind2=" ">
      <subfield code="a">963 592 642 1</subfield>
    </datafield>
    <datafield tag="035" ind1=" " ind2=" ">
      <subfield code="a">ISISFEF0000009</subfield>
    </datafield>
    <datafield tag="040" ind1=" " ind2=" ">
      <subfield code="a">DEENK</subfield>
    </datafield>
    <datafield tag="100" ind1="1" ind2=" ">
      <subfield code="a">Schmidt Endre</subfield>
    </datafield>
    <datafield tag="245" ind1="0" ind2="0">
      <subfield code="a">1001/2 játék C 64/128 :</subfield>
      <subfield code="b">Geos, Newsrom, Game maker, Print shop, Music maker /</subfield>
      <subfield code="c">kész. Schmidt Endre, Kiss László]</subfield>
    </datafield>
    <datafield tag="260" ind1=" " ind2=" ">
      <subfield code="a">Budapest :</subfield>
      <subfield code="b">LSI ATSZ,</subfield>
      <subfield code="c">1989</subfield>
    </datafield>
    <datafield tag="300" ind1=" " ind2=" ">
      <subfield code="a">134 p. :</subfield>
      <subfield code="b">ill. ;</subfield>
      <subfield code="c">24 cm</subfield>
    </datafield>
    <datafield tag="500" ind1=" " ind2=" ">
      <subfield code="a">Előzmény : 1001 játék és a BASIC (GRAPHICS) Commodore-64-en</subfield>
    </datafield>
    <datafield tag="695" ind1=" " ind2=" ">
      <subfield code="a">játékprogram</subfield>
    </datafield>
    <datafield tag="700" ind1="1" ind2=" ">
      <subfield code="a">Kiss László</subfield>
    </datafield>
    <datafield tag="852" ind1=" " ind2=" ">
      <subfield code="a">D1</subfield>
      <subfield code="b">D1</subfield>
      <subfield code="x">ISISFEF0000009</subfield>
    </datafield>
    <datafield tag="852" ind1=" " ind2=" ">
      <subfield code="a">B11</subfield>
      <subfield code="b">B11</subfield>
      <subfield code="x">BMEOMIKK000020274</subfield>
    </datafield>
  </record>
  <record>
    <leader>00744cam  2200229 i 4500</leader>
    <controlfield tag="001">MOKKAZ0005278022  </controlfield>
    <controlfield tag="005">20090919061941.0</controlfield>
    <controlfield tag="008">020827c19881988hu a          00010 hun d</controlfield>
    <datafield tag="020" ind1=" " ind2=" ">
      <subfield code="a">963 592 784 3</subfield>
    </datafield>
    <datafield tag="035" ind1=" " ind2=" ">
      <subfield code="a">164710</subfield>
    </datafield>
    <datafield tag="040" ind1=" " ind2=" ">
      <subfield code="a">MEKLM</subfield>
    </datafield>
    <datafield tag="041" ind1="0" ind2=" ">
      <subfield code="a">hun</subfield>
    </datafield>
    <datafield tag="080" ind1=" " ind2=" ">
      <subfield code="a">681.3.06Commodore 64:794</subfield>
    </datafield>
    <datafield tag="100" ind1="1" ind2=" ">
      <subfield code="a">Kiss László</subfield>
      <subfield code="c">(informatikus)</subfield>
    </datafield>
    <datafield tag="245" ind1="1" ind2="0">
      <subfield code="a">1001/3 játék C64/128 :</subfield>
      <subfield code="b">Disk manager, Art studio, Shoot 'em up construction kit /</subfield>
      <subfield code="c">írta Kiss László, Szécsi György</subfield>
    </datafield>
    <datafield tag="260" ind1=" " ind2=" ">
      <subfield code="a">Bp. :</subfield>
      <subfield code="b">LSI ATSZ,</subfield>
      <subfield code="c">1988.</subfield>
    </datafield>
    <datafield tag="300" ind1=" " ind2=" ">
      <subfield code="a">161 p. :</subfield>
      <subfield code="b">ill. ;</subfield>
      <subfield code="c">24 cm</subfield>
    </datafield>
    <datafield tag="650" ind1="0" ind2="4">
      <subfield code="a">számítógép-program</subfield>
      <subfield code="x">játékok</subfield>
    </datafield>
    <datafield tag="695" ind1=" " ind2=" ">
      <subfield code="a">számítógép-programok</subfield>
      <subfield code="x">játékok</subfield>
    </datafield>
    <datafield tag="700" ind1="1" ind2=" ">
      <subfield code="a">Szécsi György</subfield>
    </datafield>
    <datafield tag="852" ind1=" " ind2=" ">
      <subfield code="a">M1</subfield>
      <subfield code="b">M1</subfield>
      <subfield code="x">164710</subfield>
    </datafield>
    <datafield tag="852" ind1=" " ind2=" ">
      <subfield code="a">S1</subfield>
      <subfield code="b">SZFV53</subfield>
      <subfield code="x">bibME164710</subfield>
    </datafield>
  </record>
  <record>
    <leader>00611cam  2200193 i 4500</leader>
    <controlfield tag="001">MOKKAN0004162006  </controlfield>
    <controlfield tag="005">20070314105634.0</controlfield>
    <controlfield tag="008">020827s1989    hu a          00010 hun d</controlfield>
    <datafield tag="020" ind1=" " ind2=" ">
      <subfield code="a">963 592 784 3</subfield>
    </datafield>
    <datafield tag="035" ind1=" " ind2=" ">
      <subfield code="a">192425</subfield>
    </datafield>
    <datafield tag="040" ind1=" " ind2=" ">
      <subfield code="a">MEKLM</subfield>
    </datafield>
    <datafield tag="041" ind1="0" ind2=" ">
      <subfield code="a">hun</subfield>
    </datafield>
    <datafield tag="100" ind1="1" ind2=" ">
      <subfield code="a">Kiss László</subfield>
      <subfield code="c">(informatikus)</subfield>
    </datafield>
    <datafield tag="245" ind1="1" ind2="0">
      <subfield code="a">1001/3 játék C64/128 :</subfield>
      <subfield code="b">Disk manager, Art studio, Shoot 'em up construction kit /</subfield>
      <subfield code="c">írta Kiss László, Szécsi György.</subfield>
    </datafield>
    <datafield tag="260" ind1=" " ind2=" ">
      <subfield code="a">Bp. :</subfield>
      <subfield code="b">LSI ATSZ,</subfield>
      <subfield code="c">1989</subfield>
    </datafield>
    <datafield tag="300" ind1=" " ind2=" ">
      <subfield code="a">161 p. :</subfield>
      <subfield code="b">ill. ;</subfield>
      <subfield code="c">24 cm</subfield>
    </datafield>
    <datafield tag="650" ind1="0" ind2="4">
      <subfield code="a">számítógép-program</subfield>
      <subfield code="x">játékok</subfield>
    </datafield>
    <datafield tag="700" ind1="1" ind2=" ">
      <subfield code="a">Szécsi György</subfield>
    </datafield>
    <datafield tag="852" ind1=" " ind2=" ">
      <subfield code="a">M1</subfield>
      <subfield code="b">M1</subfield>
      <subfield code="x">192425</subfield>
    </datafield>
  </record>
  <record>
    <leader>00370nam  2200121 i 4500</leader>
    <controlfield tag="001">MOKKAS0003315925  </controlfield>
    <controlfield tag="005">20060604010835.0</controlfield>
    <controlfield tag="008">050101s                                d</controlfield>
    <datafield tag="035" ind1=" " ind2=" ">
      <subfield code="a">444773</subfield>
    </datafield>
    <datafield tag="040" ind1=" " ind2=" ">
      <subfield code="a">KKMK</subfield>
    </datafield>
    <datafield tag="100" ind1="1" ind2=" ">
      <subfield code="a">Kiss László</subfield>
      <subfield code="d">(1959-)</subfield>
    </datafield>
    <datafield tag="245" ind1="1" ind2="0">
      <subfield code="a">1001/3 játék C 64/128 : </subfield>
      <subfield code="b">Disk manager art studio shoot 'em up construction kit /</subfield>
      <subfield code="c">Kiss László</subfield>
    </datafield>
    <datafield tag="852" ind1=" " ind2=" ">
      <subfield code="a">GY1</subfield>
      <subfield code="b">GY1</subfield>
      <subfield code="x">444773</subfield>
    </datafield>
  </record>
  <record>
    <leader>01631fam  2200481 i 4500</leader>
    <controlfield tag="001">MOKKAZ0006290012  </controlfield>
    <controlfield tag="005">20091023121024.0</controlfield>
    <controlfield tag="008">940510t19881988hu a          000 0 hun d</controlfield>
    <datafield tag="020" ind1=" " ind2=" ">
      <subfield code="a">963-592-784-3 (fűzött) :</subfield>
      <subfield code="c">155,- Ft</subfield>
    </datafield>
    <datafield tag="035" ind1=" " ind2=" ">
      <subfield code="a">711928</subfield>
    </datafield>
    <datafield tag="040" ind1=" " ind2=" ">
      <subfield code="a">OSZK</subfield>
    </datafield>
    <datafield tag="041" ind1="0" ind2=" ">
      <subfield code="a">hunhun</subfield>
    </datafield>
    <datafield tag="080" ind1=" " ind2=" ">
      <subfield code="a">519.688:794</subfield>
    </datafield>
    <datafield tag="100" ind1="1" ind2=" ">
      <subfield code="a">Kiss László</subfield>
    </datafield>
    <datafield tag="245" ind1="1" ind2="0">
      <subfield code="a">1001/3 játék C 64/128 : </subfield>
      <subfield code="b">Disk manager, Art studio, Shoot'em up construction kit /</subfield>
      <subfield code="c">írta Kiss László, Szécsi György</subfield>
    </datafield>
    <datafield tag="260" ind1=" " ind2=" ">
      <subfield code="a">Budapest :</subfield>
      <subfield code="b">LSI ATSZ,</subfield>
      <subfield code="c">1988</subfield>
      <subfield code="e">([Budapest]</subfield>
      <subfield code="f">Alfaprint)</subfield>
    </datafield>
    <datafield tag="300" ind1=" " ind2=" ">
      <subfield code="a">161 p. :</subfield>
      <subfield code="b">ill. ;</subfield>
      <subfield code="c">24 cm</subfield>
    </datafield>
    <datafield tag="500" ind1=" " ind2=" ">
      <subfield code="a">10000</subfield>
    </datafield>
    <datafield tag="650" ind1=" " ind2="7">
      <subfield code="a">Számítógépes játékok</subfield>
      <subfield code="2">szte</subfield>
    </datafield>
    <datafield tag="650" ind1=" " ind2="4">
      <subfield code="a">Játékok, számítógépes</subfield>
    </datafield>
    <datafield tag="650" ind1=" " ind2="4">
      <subfield code="a">Commodore (személyi számítógép)</subfield>
    </datafield>
    <datafield tag="650" ind1=" " ind2="4">
      <subfield code="a">számítógépes játékok</subfield>
    </datafield>
    <datafield tag="650" ind1=" " ind2="4">
      <subfield code="a">Játék</subfield>
      <subfield code="x">Számítógép</subfield>
    </datafield>
    <datafield tag="650" ind1=" " ind2="4">
      <subfield code="a">Számítástechnika</subfield>
    </datafield>
    <datafield tag="653" ind1=" " ind2=" ">
      <subfield code="a">COMMODORE 128 személyi számítógép</subfield>
    </datafield>
    <datafield tag="653" ind1=" " ind2=" ">
      <subfield code="a">Programozás</subfield>
    </datafield>
    <datafield tag="695" ind1=" " ind2=" ">
      <subfield code="a">Játékprogram</subfield>
    </datafield>
    <datafield tag="695" ind1=" " ind2=" ">
      <subfield code="a">Commodore</subfield>
    </datafield>
    <datafield tag="700" ind1="1" ind2="0">
      <subfield code="a">Szécsi György</subfield>
    </datafield>
    <datafield tag="710" ind1="2" ind2=" ">
      <subfield code="a">LSI Alkalmazástechnikai Tanácsadó Szolgálat (Budapest)</subfield>
      <subfield code="4">közread.</subfield>
    </datafield>
    <datafield tag="852" ind1=" " ind2=" ">
      <subfield code="a">B1</subfield>
      <subfield code="b">B1</subfield>
      <subfield code="x">711928</subfield>
    </datafield>
    <datafield tag="852" ind1=" " ind2=" ">
      <subfield code="a">D1</subfield>
      <subfield code="b">D1</subfield>
      <subfield code="x">ISISIIF0020704</subfield>
    </datafield>
    <datafield tag="852" ind1=" " ind2=" ">
      <subfield code="a">B10</subfield>
      <subfield code="b">0801</subfield>
      <subfield code="x">bibFSZ00031073</subfield>
    </datafield>
    <datafield tag="852" ind1=" " ind2=" ">
      <subfield code="a">B11</subfield>
      <subfield code="b">B11</subfield>
      <subfield code="x">BMEOMIKK000019946</subfield>
    </datafield>
    <datafield tag="852" ind1=" " ind2=" ">
      <subfield code="a">B11</subfield>
      <subfield code="b">B11</subfield>
      <subfield code="x">BMEOMIKK000325686</subfield>
    </datafield>
    <datafield tag="852" ind1=" " ind2=" ">
      <subfield code="a">P1</subfield>
      <subfield code="B">P1</subfield>
      <subfield code="b">P1/FK</subfield>
      <subfield code="x">963 592 784 3</subfield>
    </datafield>
    <datafield tag="852" ind1=" " ind2=" ">
      <subfield code="a">SZ1</subfield>
      <subfield code="b">SZ1/IG</subfield>
      <subfield code="x">bibJAT00036574</subfield>
    </datafield>
    <datafield tag="852" ind1=" " ind2=" ">
      <subfield code="a">SZL1</subfield>
      <subfield code="b">SZL1</subfield>
      <subfield code="x">bibVFK00115346</subfield>
    </datafield>
    <datafield tag="852" ind1=" " ind2=" ">
      <subfield code="a">P1</subfield>
      <subfield code="b">P1</subfield>
      <subfield code="x">bibJPT0024894</subfield>
    </datafield>
    <datafield tag="852" ind1=" " ind2=" ">
      <subfield code="a">BCS1</subfield>
      <subfield code="b">BCS1</subfield>
      <subfield code="x">bibBKO00124634</subfield>
    </datafield>
    <datafield tag="852" ind1=" " ind2=" ">
      <subfield code="a">M2</subfield>
      <subfield code="b">M2</subfield>
      <subfield code="x">bibRFK00151750</subfield>
    </datafield>
    <datafield tag="852" ind1=" " ind2=" ">
      <subfield code="a">H1</subfield>
      <subfield code="b">H1</subfield>
      <subfield code="x">NLVK92335</subfield>
    </datafield>
    <datafield tag="852" ind1=" " ind2=" ">
      <subfield code="a">B3</subfield>
      <subfield code="b">B3</subfield>
      <subfield code="x">000117624</subfield>
    </datafield>
  </record>
  <record>
    <leader>00701nam  2200193 i 4500</leader>
    <controlfield tag="001">MOKKAS0003240940  </controlfield>
    <controlfield tag="005">20060601134806.0</controlfield>
    <controlfield tag="008">050101s1988                            d</controlfield>
    <datafield tag="035" ind1=" " ind2=" ">
      <subfield code="a">135916</subfield>
    </datafield>
    <datafield tag="040" ind1=" " ind2=" ">
      <subfield code="a">KKMK</subfield>
    </datafield>
    <datafield tag="100" ind1="1" ind2=" ">
      <subfield code="a">Kiss László</subfield>
      <subfield code="d">(1926-)</subfield>
    </datafield>
    <datafield tag="245" ind1="1" ind2="0">
      <subfield code="a">1001-3 játék C 64-128 : </subfield>
      <subfield code="b">Disk manager, Art studio, Shoot'em up construction kit /</subfield>
      <subfield code="c">Kiss László ; Szécsi György. Disk manager. Art studio. Shoot'em up construction kit</subfield>
    </datafield>
    <datafield tag="260" ind1=" " ind2=" ">
      <subfield code="a">Budapest :</subfield>
      <subfield code="b">LSI Alkalmazástechnikai Tanácsadó Szolgálat,</subfield>
      <subfield code="c">1988</subfield>
    </datafield>
    <datafield tag="300" ind1=" " ind2=" ">
      <subfield code="a">161 p. :</subfield>
      <subfield code="b">ill. ;</subfield>
      <subfield code="c">24 cm</subfield>
    </datafield>
    <datafield tag="700" ind1="1" ind2="0">
      <subfield code="a">Szécsi György</subfield>
    </datafield>
    <datafield tag="740" ind1="0" ind2=" ">
      <subfield code="a">Disk manager</subfield>
    </datafield>
    <datafield tag="740" ind1="0" ind2=" ">
      <subfield code="a">Art studio</subfield>
    </datafield>
    <datafield tag="740" ind1="0" ind2=" ">
      <subfield code="a">Shoot'em up construction kit</subfield>
    </datafield>
    <datafield tag="852" ind1=" " ind2=" ">
      <subfield code="a">GY1</subfield>
      <subfield code="b">GY1</subfield>
      <subfield code="x">135916</subfield>
    </datafield>
  </record>
  <record>
    <leader>00857nam  2200217 i 4500</leader>
    <controlfield tag="001">MOKKAS0001363956  </controlfield>
    <controlfield tag="005">20060113012348.0</controlfield>
    <controlfield tag="008">      s1989    hu            00010 hun d</controlfield>
    <datafield tag="020" ind1=" " ind2=" ">
      <subfield code="a">963-592-784-3 [!ISBN 963-592-988-9] (fűzött) :</subfield>
      <subfield code="c">155,- Ft</subfield>
    </datafield>
    <datafield tag="035" ind1=" " ind2=" ">
      <subfield code="a">bibRFK00070202</subfield>
    </datafield>
    <datafield tag="040" ind1=" " ind2=" ">
      <subfield code="a">RFMK</subfield>
    </datafield>
    <datafield tag="041" ind1=" " ind2=" ">
      <subfield code="a">hun</subfield>
    </datafield>
    <datafield tag="100" ind1="1" ind2=" ">
      <subfield code="a">Kiss László</subfield>
    </datafield>
    <datafield tag="245" ind1="1" ind2="0">
      <subfield code="a">1001/3 játék C 64/128 :</subfield>
      <subfield code="b">Disk manager, Art studio, Shoot'em up construction kit /</subfield>
      <subfield code="c">írta Kiss László, Szécsi György ; [kiad. az] LSI Alkalmazástechnikai Tanácsadó Szolgálat</subfield>
    </datafield>
    <datafield tag="260" ind1=" " ind2=" ">
      <subfield code="a">Budapest :</subfield>
      <subfield code="b">LSI Alkalmazástechnikai Tanácsadó Szolgálat,</subfield>
      <subfield code="c">1989</subfield>
    </datafield>
    <datafield tag="300" ind1=" " ind2=" ">
      <subfield code="a">161 p. :</subfield>
      <subfield code="b">ill. ;</subfield>
      <subfield code="c">24 cm</subfield>
    </datafield>
    <datafield tag="500" ind1=" " ind2=" ">
      <subfield code="a">rs</subfield>
    </datafield>
    <datafield tag="650" ind1=" " ind2="4">
      <subfield code="a">számítógépes játékok</subfield>
    </datafield>
    <datafield tag="700" ind1="1" ind2=" ">
      <subfield code="a">Szécsi György</subfield>
    </datafield>
    <datafield tag="710" ind1="2" ind2=" ">
      <subfield code="a">LSI Alkalmazástechnikai Tanácsadó Szolgálat (Budapest)</subfield>
      <subfield code="4">közread.</subfield>
    </datafield>
    <datafield tag="852" ind1=" " ind2=" ">
      <subfield code="a">M2</subfield>
      <subfield code="b">M2</subfield>
      <subfield code="x">bibRFK00070202</subfield>
    </datafield>
  </record>
  <record>
    <leader>00807cam  2200241   4500</leader>
    <controlfield tag="001">MOKKAZ0003252196  </controlfield>
    <controlfield tag="005">20040909172725.0</controlfield>
    <controlfield tag="008">       1989                        hun  </controlfield>
    <datafield tag="020" ind1=" " ind2=" ">
      <subfield code="a">963 592 784 3</subfield>
    </datafield>
    <datafield tag="035" ind1=" " ind2=" ">
      <subfield code="a">ISISIIF0020705</subfield>
    </datafield>
    <datafield tag="040" ind1=" " ind2=" ">
      <subfield code="a">DEENK</subfield>
    </datafield>
    <datafield tag="041" ind1=" " ind2=" ">
      <subfield code="a">huneng</subfield>
    </datafield>
    <datafield tag="044" ind1=" " ind2=" ">
      <subfield code="a">hu</subfield>
    </datafield>
    <datafield tag="100" ind1="1" ind2=" ">
      <subfield code="a">Kiss László</subfield>
    </datafield>
    <datafield tag="245" ind1="0" ind2="0">
      <subfield code="a">1001/3 játék C 64/128 :</subfield>
      <subfield code="b">Disk manager, Art studio, Shoot' Em up constructio kit /</subfield>
      <subfield code="c">Irta Kiss László, Szécsi György</subfield>
    </datafield>
    <datafield tag="260" ind1=" " ind2=" ">
      <subfield code="a">Budapest :</subfield>
      <subfield code="b">LSI Alkalmazástechnikai Tanácsadó Szolgálat,</subfield>
      <subfield code="c">1989</subfield>
    </datafield>
    <datafield tag="300" ind1=" " ind2=" ">
      <subfield code="a">161 p. :</subfield>
      <subfield code="b">ill. ;</subfield>
      <subfield code="c">24 cm</subfield>
    </datafield>
    <datafield tag="653" ind1=" " ind2=" ">
      <subfield code="a">COMMODORE 64 személyi számítógép</subfield>
    </datafield>
    <datafield tag="653" ind1=" " ind2=" ">
      <subfield code="a">COMMODORE 128 személyi számítógép</subfield>
    </datafield>
    <datafield tag="653" ind1=" " ind2=" ">
      <subfield code="a">Programozás</subfield>
    </datafield>
    <datafield tag="700" ind1=" " ind2=" ">
      <subfield code="a">Szécsi György</subfield>
    </datafield>
    <datafield tag="852" ind1=" " ind2=" ">
      <subfield code="a">D1</subfield>
      <subfield code="b">D1</subfield>
      <subfield code="x">ISISIIF0020705</subfield>
    </datafield>
    <datafield tag="852" ind1=" " ind2=" ">
      <subfield code="a">B11</subfield>
      <subfield code="b">B11</subfield>
      <subfield code="x">BMEOMIKK000350835</subfield>
    </datafield>
  </record>
  <record>
    <leader>00821aam  2200229 i 4500</leader>
    <controlfield tag="001">MOKKAZ0006290099  </controlfield>
    <controlfield tag="005">20040915185353.0</controlfield>
    <controlfield tag="008">940510t19891989hu a          000 0 hun d</controlfield>
    <datafield tag="020" ind1=" " ind2=" ">
      <subfield code="a">963-592-988-9 (fűzött)</subfield>
    </datafield>
    <datafield tag="020" ind1=" " ind2=" ">
      <subfield code="z">963 592 784 3</subfield>
    </datafield>
    <datafield tag="035" ind1=" " ind2=" ">
      <subfield code="a">712336</subfield>
    </datafield>
    <datafield tag="040" ind1=" " ind2=" ">
      <subfield code="a">OSZK</subfield>
    </datafield>
    <datafield tag="041" ind1="0" ind2=" ">
      <subfield code="a">hunhun</subfield>
      <subfield code="g">eng</subfield>
    </datafield>
    <datafield tag="072" ind1=" " ind2="1">
      <subfield code="a">ZU</subfield>
    </datafield>
    <datafield tag="100" ind1="1" ind2=" ">
      <subfield code="a">Kiss László</subfield>
    </datafield>
    <datafield tag="245" ind1="1" ind2="0">
      <subfield code="a">1001/3 játék C 64/128 : </subfield>
      <subfield code="b">Disk manager, Art studio, Shoot 'em up construction kit /</subfield>
      <subfield code="c">írta Kiss László, Szécsi György ; [közread. az] LSI Alkalmazástechnikai Tanácsadó Szolgálat</subfield>
    </datafield>
    <datafield tag="260" ind1=" " ind2=" ">
      <subfield code="a">Budapest :</subfield>
      <subfield code="b">LSI ATSZ,</subfield>
      <subfield code="c">1989</subfield>
      <subfield code="e">(Komárom</subfield>
      <subfield code="f">Karton Gm)</subfield>
      <subfield code="f">KMNYV)</subfield>
    </datafield>
    <datafield tag="300" ind1=" " ind2=" ">
      <subfield code="a">161 p. :</subfield>
      <subfield code="b">ill. ;</subfield>
      <subfield code="c">24 cm</subfield>
    </datafield>
    <datafield tag="500" ind1=" " ind2=" ">
      <subfield code="a">3000</subfield>
    </datafield>
    <datafield tag="700" ind1="1" ind2="0">
      <subfield code="a">Szécsi György</subfield>
    </datafield>
    <datafield tag="710" ind1="2" ind2=" ">
      <subfield code="a">LSI Alkalmazástechnikai Tanácsadó Szolgálat (Budapest)</subfield>
      <subfield code="4">közread.</subfield>
    </datafield>
    <datafield tag="852" ind1=" " ind2=" ">
      <subfield code="a">B1</subfield>
      <subfield code="b">B1</subfield>
      <subfield code="x">712336</subfield>
    </datafield>
  </record>
  <record>
    <leader>00825nam  2200217 i 4500</leader>
    <controlfield tag="001">MOKKAN0004868743  </controlfield>
    <controlfield tag="005">20080312134500.0</controlfield>
    <controlfield tag="008">990828s1989                  000 0 hun d</controlfield>
    <datafield tag="035" ind1=" " ind2=" ">
      <subfield code="a">BMEOMIKK000020169</subfield>
    </datafield>
    <datafield tag="040" ind1=" " ind2=" ">
      <subfield code="a">BMEOMIKK</subfield>
    </datafield>
    <datafield tag="041" ind1="0" ind2=" ">
      <subfield code="a">hun</subfield>
    </datafield>
    <datafield tag="100" ind1="1" ind2=" ">
      <subfield code="a">Kiss László</subfield>
    </datafield>
    <datafield tag="245" ind1="1" ind2="0">
      <subfield code="a">1001/3 játék C 64/128 : </subfield>
      <subfield code="b">Disk manager, Art studio, Shoot'em up construction kit /</subfield>
      <subfield code="c">írta Kiss László, Szécsi György ; [kiad.az] LSI Alkalmazástechnikai Tanácsadó Szolgálat</subfield>
    </datafield>
    <datafield tag="246" ind1="1" ind2="3">
      <subfield code="a">Disk manager, Art studio, Shoot'em up construction kit</subfield>
    </datafield>
    <datafield tag="260" ind1=" " ind2=" ">
      <subfield code="a">Budapest :</subfield>
      <subfield code="b">LSI ATSZ,</subfield>
      <subfield code="c">1989</subfield>
    </datafield>
    <datafield tag="300" ind1=" " ind2=" ">
      <subfield code="a">161 p. ;</subfield>
      <subfield code="c">24 cm</subfield>
    </datafield>
    <datafield tag="650" ind1=" " ind2="4">
      <subfield code="a">számítógépes játék</subfield>
    </datafield>
    <datafield tag="700" ind1="1" ind2="0">
      <subfield code="a">Szécsi György</subfield>
    </datafield>
    <datafield tag="710" ind1="2" ind2=" ">
      <subfield code="a">LSI Alkalmazástechnikai Tanácsadó Szolgálat (Budapest)</subfield>
    </datafield>
    <datafield tag="852" ind1=" " ind2=" ">
      <subfield code="a">B11</subfield>
      <subfield code="b">B11</subfield>
      <subfield code="x">BMEOMIKK000020169</subfield>
    </datafield>
    <datafield tag="852" ind1=" " ind2=" ">
      <subfield code="a">G1</subfield>
      <subfield code="b">G1</subfield>
      <subfield code="x">GATE-C00046038</subfield>
    </datafield>
  </record>
  <record>
    <leader>00665cam  2200181   4500</leader>
    <controlfield tag="001">MOKKAZ0004796177  </controlfield>
    <controlfield tag="005">20040910103348.0</controlfield>
    <controlfield tag="008">      s1989    hu                  hun  </controlfield>
    <datafield tag="020" ind1=" " ind2=" ">
      <subfield code="a">963 592 867 X :</subfield>
    </datafield>
    <datafield tag="035" ind1=" " ind2=" ">
      <subfield code="a">bibJPT0040595</subfield>
    </datafield>
    <datafield tag="040" ind1=" " ind2=" ">
      <subfield code="a">PTE</subfield>
    </datafield>
    <datafield tag="100" ind1="1" ind2=" ">
      <subfield code="a">Fábián István</subfield>
    </datafield>
    <datafield tag="245" ind1="1" ind2="0">
      <subfield code="a">1001/4 játék C64/128 :</subfield>
      <subfield code="b">Maniac Mansion, Head over Heels, Impossible Mission II., Printfox, Disk Demon /</subfield>
      <subfield code="c">[készítették Fábián István, Honti Tamás, Nagy Olivér]</subfield>
    </datafield>
    <datafield tag="260" ind1=" " ind2=" ">
      <subfield code="a">Budapest :</subfield>
      <subfield code="b">LSI Alkalmazástechnikai Tanácsadó Szolgálat,</subfield>
      <subfield code="c">1989</subfield>
    </datafield>
    <datafield tag="300" ind1=" " ind2=" ">
      <subfield code="a">149 p. :</subfield>
      <subfield code="b">ill. ;</subfield>
      <subfield code="c">24 cm</subfield>
    </datafield>
    <datafield tag="700" ind1="1" ind2=" ">
      <subfield code="a">Honti Tamás</subfield>
    </datafield>
    <datafield tag="700" ind1="1" ind2=" ">
      <subfield code="a">Nagy Olivér</subfield>
    </datafield>
    <datafield tag="852" ind1=" " ind2=" ">
      <subfield code="a">P1</subfield>
      <subfield code="B">P1</subfield>
      <subfield code="b">P1/FK</subfield>
      <subfield code="x">bibJPT0040595</subfield>
    </datafield>
  </record>
  <record>
    <leader>00647cam  2200193 i 4500</leader>
    <controlfield tag="001">MOKKAZ0005281053  </controlfield>
    <controlfield tag="005">20070314014453.0</controlfield>
    <controlfield tag="008">021104s1989    hu a               hhund </controlfield>
    <datafield tag="020" ind1=" " ind2=" ">
      <subfield code="a">963 576 0388</subfield>
    </datafield>
    <datafield tag="035" ind1=" " ind2=" ">
      <subfield code="a">168887</subfield>
    </datafield>
    <datafield tag="040" ind1=" " ind2=" ">
      <subfield code="a">MEKLM</subfield>
    </datafield>
    <datafield tag="041" ind1="0" ind2=" ">
      <subfield code="a">hun</subfield>
    </datafield>
    <datafield tag="100" ind1="1" ind2="0">
      <subfield code="a">Fábián István</subfield>
    </datafield>
    <datafield tag="245" ind1="1" ind2="0">
      <subfield code="a">1001/4 játék C 64/128 Amiga :</subfield>
      <subfield code="b">Zak McKracken : Heroes of lance : Stealth fighter : Amica print : Macro assembler /</subfield>
      <subfield code="c">[kész. Fábián István, Kiss László]</subfield>
    </datafield>
    <datafield tag="260" ind1="0" ind2="1">
      <subfield code="a">Bp. :</subfield>
      <subfield code="b">LSI ATSZ,</subfield>
      <subfield code="c">1989</subfield>
    </datafield>
    <datafield tag="300" ind1=" " ind2=" ">
      <subfield code="a">219 p. :</subfield>
      <subfield code="b">ill. ;</subfield>
      <subfield code="c">24 cm</subfield>
    </datafield>
    <datafield tag="650" ind1="0" ind2="4">
      <subfield code="a">számítógép-program</subfield>
      <subfield code="x">játékok</subfield>
    </datafield>
    <datafield tag="700" ind1="1" ind2=" ">
      <subfield code="a">Kiss László</subfield>
      <subfield code="c">(informatikus)</subfield>
    </datafield>
    <datafield tag="852" ind1=" " ind2=" ">
      <subfield code="a">M1</subfield>
      <subfield code="b">M1</subfield>
      <subfield code="x">168887</subfield>
    </datafield>
  </record>
  <record>
    <leader>01812fam  2200481 i 4500</leader>
    <controlfield tag="001">MOKKAZ0006290046  </controlfield>
    <controlfield tag="005">20090919071545.0</controlfield>
    <controlfield tag="008">940510t19891989hu a          000 0 hun d</controlfield>
    <datafield tag="020" ind1=" " ind2=" ">
      <subfield code="a">963-592-867-X (fűzött) :</subfield>
      <subfield code="c">168,- Ft</subfield>
    </datafield>
    <datafield tag="035" ind1=" " ind2=" ">
      <subfield code="a">712026</subfield>
    </datafield>
    <datafield tag="040" ind1=" " ind2=" ">
      <subfield code="a">OSZK</subfield>
    </datafield>
    <datafield tag="041" ind1="0" ind2=" ">
      <subfield code="a">hunhun</subfield>
    </datafield>
    <datafield tag="080" ind1=" " ind2=" ">
      <subfield code="a">793/794:[681.323]:519.813 681.322COMMODORE</subfield>
    </datafield>
    <datafield tag="080" ind1=" " ind2=" ">
      <subfield code="a">681.32.009:5C64</subfield>
    </datafield>
    <datafield tag="080" ind1=" " ind2=" ">
      <subfield code="a">794:519.683.8</subfield>
    </datafield>
    <datafield tag="080" ind1=" " ind2=" ">
      <subfield code="a">519.683.8:794</subfield>
    </datafield>
    <datafield tag="100" ind1="1" ind2=" ">
      <subfield code="a">Fábián István</subfield>
    </datafield>
    <datafield tag="245" ind1="1" ind2="0">
      <subfield code="a">1001/4 játék C 64/128 : </subfield>
      <subfield code="b">Maniac mansion, Head over heels, Impossible mission II., Printfox, Disk demon /</subfield>
      <subfield code="c">[kész. Fábián István, Honti Tamás, Nagy Olivér] ; [kiad. az] LSI Alkalmazástechnikai Tanácsadó Szolgálat</subfield>
    </datafield>
    <datafield tag="260" ind1=" " ind2=" ">
      <subfield code="a">Budapest :</subfield>
      <subfield code="b">LSI ATSZ,</subfield>
      <subfield code="c">1989</subfield>
      <subfield code="e">(Budapest</subfield>
      <subfield code="f">LSI ATSZ)</subfield>
      <subfield code="e">(Gyál</subfield>
      <subfield code="f">Szabadság Mgtsz)</subfield>
    </datafield>
    <datafield tag="300" ind1=" " ind2=" ">
      <subfield code="a">149 p. :</subfield>
      <subfield code="b">ill. ;</subfield>
      <subfield code="c">24 cm</subfield>
    </datafield>
    <datafield tag="650" ind1=" " ind2="4">
      <subfield code="a">Commodore (személyi számítógép)</subfield>
    </datafield>
    <datafield tag="650" ind1=" " ind2="4">
      <subfield code="a">számítógépes játékok</subfield>
    </datafield>
    <datafield tag="650" ind1=" " ind2="4">
      <subfield code="a">számitógépes játékok</subfield>
    </datafield>
    <datafield tag="650" ind1="0" ind2="4">
      <subfield code="a">számítógép-program</subfield>
      <subfield code="x">játékok</subfield>
    </datafield>
    <datafield tag="650" ind1=" " ind2="4">
      <subfield code="a">Játék</subfield>
      <subfield code="x">Számítógép</subfield>
    </datafield>
    <datafield tag="650" ind1=" " ind2="4">
      <subfield code="a">Számítógép</subfield>
      <subfield code="x">Játék</subfield>
    </datafield>
    <datafield tag="653" ind1=" " ind2=" ">
      <subfield code="a">COMMODORE 64 személyi számítógép</subfield>
    </datafield>
    <datafield tag="653" ind1=" " ind2=" ">
      <subfield code="a">COMMODORE 128 személyi számítógép</subfield>
    </datafield>
    <datafield tag="653" ind1=" " ind2=" ">
      <subfield code="a">Programozás</subfield>
    </datafield>
    <datafield tag="695" ind1=" " ind2=" ">
      <subfield code="a">Játékprogram</subfield>
    </datafield>
    <datafield tag="700" ind1="1" ind2="0">
      <subfield code="a">Honti Tamás</subfield>
    </datafield>
    <datafield tag="700" ind1="1" ind2="0">
      <subfield code="a">Nagy Olivér</subfield>
    </datafield>
    <datafield tag="710" ind1="2" ind2=" ">
      <subfield code="a">LSI Alkalmazástechnikai Tanácsadó Szolgálat (Budapest)</subfield>
      <subfield code="4">közread.</subfield>
    </datafield>
    <datafield tag="852" ind1=" " ind2=" ">
      <subfield code="a">B1</subfield>
      <subfield code="b">B1</subfield>
      <subfield code="x">712026</subfield>
    </datafield>
    <datafield tag="852" ind1=" " ind2=" ">
      <subfield code="a">B10</subfield>
      <subfield code="B">2000</subfield>
      <subfield code="B">2103</subfield>
      <subfield code="B">0101</subfield>
      <subfield code="B">1105</subfield>
      <subfield code="b">1704</subfield>
      <subfield code="x">bibFSZ00026786</subfield>
    </datafield>
    <datafield tag="852" ind1=" " ind2=" ">
      <subfield code="a">B11</subfield>
      <subfield code="b">B11</subfield>
      <subfield code="x">BMEOMIKK000358708</subfield>
    </datafield>
    <datafield tag="852" ind1=" " ind2=" ">
      <subfield code="a">D1</subfield>
      <subfield code="b">D1</subfield>
      <subfield code="x">ISISIIF0009620</subfield>
    </datafield>
    <datafield tag="852" ind1=" " ind2=" ">
      <subfield code="a">SZL1</subfield>
      <subfield code="b">SZL1</subfield>
      <subfield code="x">bibVFK00181792</subfield>
    </datafield>
    <datafield tag="852" ind1=" " ind2=" ">
      <subfield code="a">M2</subfield>
      <subfield code="b">M2</subfield>
      <subfield code="x">bibRFK00066646</subfield>
    </datafield>
    <datafield tag="852" ind1=" " ind2=" ">
      <subfield code="a">BCS1</subfield>
      <subfield code="b">BCS1</subfield>
      <subfield code="x">bibBKO00119090</subfield>
    </datafield>
    <datafield tag="852" ind1=" " ind2=" ">
      <subfield code="a">M1</subfield>
      <subfield code="b">M1</subfield>
      <subfield code="x">192316</subfield>
    </datafield>
    <datafield tag="852" ind1=" " ind2=" ">
      <subfield code="a">H1</subfield>
      <subfield code="b">H1</subfield>
      <subfield code="x">NLVK419841</subfield>
    </datafield>
    <datafield tag="852" ind1=" " ind2=" ">
      <subfield code="a">S1</subfield>
      <subfield code="b">SZFV53</subfield>
      <subfield code="x">bibMTA000195294</subfield>
    </datafield>
  </record>
  <record>
    <leader>00757nam  2200181 i 4500</leader>
    <controlfield tag="001">MOKKAS0003236776  </controlfield>
    <controlfield tag="005">20060601084331.0</controlfield>
    <controlfield tag="008">050101s1989                            d</controlfield>
    <datafield tag="035" ind1=" " ind2=" ">
      <subfield code="a">115272</subfield>
    </datafield>
    <datafield tag="040" ind1=" " ind2=" ">
      <subfield code="a">KKMK</subfield>
    </datafield>
    <datafield tag="100" ind1="1" ind2=" ">
      <subfield code="a">Fábián István</subfield>
      <subfield code="d">(1953-)</subfield>
    </datafield>
    <datafield tag="245" ind1="1" ind2="0">
      <subfield code="a">1001/4 játék C 64/128 : </subfield>
      <subfield code="b">Maniac mansion, Head over heels, Impossible mission II., Printfox, Disk demon /</subfield>
      <subfield code="c">Fábián István ; Honti Tamás ; Nagy Olivér ; közread. LSI Alkalmazástechnikai Tanácsadó Szolgálat</subfield>
    </datafield>
    <datafield tag="260" ind1=" " ind2=" ">
      <subfield code="a">Budapest :</subfield>
      <subfield code="b">LSI Alkalmazástechnikai Tanácsadó Szolgálat,</subfield>
      <subfield code="c">1989</subfield>
    </datafield>
    <datafield tag="300" ind1=" " ind2=" ">
      <subfield code="a">149 p. :</subfield>
      <subfield code="b">ill. ;</subfield>
      <subfield code="c">24 cm</subfield>
    </datafield>
    <datafield tag="700" ind1="1" ind2="0">
      <subfield code="a">Honti Tamás</subfield>
    </datafield>
    <datafield tag="700" ind1="1" ind2="0">
      <subfield code="a">Nagy Olivér</subfield>
    </datafield>
    <datafield tag="710" ind1="2" ind2="0">
      <subfield code="a">LSI Alkalmazástechnikai Tanácsadó Szolgálat (Budapest)</subfield>
      <subfield code="4">közread.</subfield>
    </datafield>
    <datafield tag="852" ind1=" " ind2=" ">
      <subfield code="a">GY1</subfield>
      <subfield code="b">GY1</subfield>
      <subfield code="x">115272</subfield>
    </datafield>
  </record>
  <record>
    <leader>01187fam  2200313 i 4500</leader>
    <controlfield tag="001">MOKKAZ0006289332  </controlfield>
    <controlfield tag="005">20040915185329.0</controlfield>
    <controlfield tag="008">940510t19901990hu a          000 0 hun d</controlfield>
    <datafield tag="020" ind1=" " ind2=" ">
      <subfield code="a">963-576-038-8 (fűzött)</subfield>
    </datafield>
    <datafield tag="035" ind1=" " ind2=" ">
      <subfield code="a">707584</subfield>
    </datafield>
    <datafield tag="040" ind1=" " ind2=" ">
      <subfield code="a">OSZK</subfield>
    </datafield>
    <datafield tag="041" ind1="0" ind2=" ">
      <subfield code="a">hunhun</subfield>
    </datafield>
    <datafield tag="100" ind1="1" ind2=" ">
      <subfield code="a">Fábián István</subfield>
    </datafield>
    <datafield tag="245" ind1="1" ind2="0">
      <subfield code="a">1001/4 játék C 64/128 : </subfield>
      <subfield code="b">Maniac mansion, Head over heels, Impossible mission II., Printfox, Disk demon /</subfield>
      <subfield code="c">[kész. Fábián István, Honti Tamás, Nagy Olivér] ; [közread. az] LSI Alkalmazástechnikai Tanácsadó Szolgálat</subfield>
    </datafield>
    <datafield tag="250" ind1=" " ind2=" ">
      <subfield code="a">Utánny.</subfield>
    </datafield>
    <datafield tag="260" ind1=" " ind2=" ">
      <subfield code="a">Budapest :</subfield>
      <subfield code="b">LSI ATSZ,</subfield>
      <subfield code="c">1990</subfield>
      <subfield code="e">(Budapest</subfield>
      <subfield code="f">LSI ATSZ)</subfield>
      <subfield code="e">(Gyál</subfield>
      <subfield code="f">Agro-print)</subfield>
    </datafield>
    <datafield tag="300" ind1=" " ind2=" ">
      <subfield code="a">149 p. :</subfield>
      <subfield code="b">ill. ;</subfield>
      <subfield code="c">24 cm</subfield>
    </datafield>
    <datafield tag="653" ind1=" " ind2=" ">
      <subfield code="a">COMMODORE 64 személyi számítógép</subfield>
    </datafield>
    <datafield tag="653" ind1=" " ind2=" ">
      <subfield code="a">COMMODORE 128 személyi számítógép</subfield>
    </datafield>
    <datafield tag="653" ind1=" " ind2=" ">
      <subfield code="a">Programozás</subfield>
    </datafield>
    <datafield tag="700" ind1="1" ind2="0">
      <subfield code="a">Honti Tamás</subfield>
    </datafield>
    <datafield tag="700" ind1="1" ind2="0">
      <subfield code="a">Nagy Olivér</subfield>
    </datafield>
    <datafield tag="710" ind1="2" ind2=" ">
      <subfield code="a">LSI Alkalmazástechnikai Tanácsadó Szolgálat (Budapest)</subfield>
      <subfield code="4">közread.</subfield>
    </datafield>
    <datafield tag="852" ind1=" " ind2=" ">
      <subfield code="a">B1</subfield>
      <subfield code="b">B1</subfield>
      <subfield code="x">707584</subfield>
    </datafield>
    <datafield tag="852" ind1=" " ind2=" ">
      <subfield code="a">D1</subfield>
      <subfield code="b">D1</subfield>
      <subfield code="x">963 576 038 8</subfield>
    </datafield>
    <datafield tag="852" ind1=" " ind2=" ">
      <subfield code="a">B11</subfield>
      <subfield code="b">B11</subfield>
      <subfield code="x">BMEOMIKK000003824</subfield>
    </datafield>
    <datafield tag="852" ind1=" " ind2=" ">
      <subfield code="a">B11</subfield>
      <subfield code="b">B11</subfield>
      <subfield code="x">BMEOMIKK000348226</subfield>
    </datafield>
    <datafield tag="852" ind1=" " ind2=" ">
      <subfield code="a">M1</subfield>
      <subfield code="b">M1</subfield>
      <subfield code="x">2546</subfield>
    </datafield>
    <datafield tag="852" ind1=" " ind2=" ">
      <subfield code="a">BCS1</subfield>
      <subfield code="b">BCS1</subfield>
      <subfield code="x">bibBKO00256954</subfield>
    </datafield>
  </record>
  <record>
    <leader>00771fam  2200229   4500</leader>
    <controlfield tag="001">MOKKAZ0003232166  </controlfield>
    <controlfield tag="005">20091021071036.0</controlfield>
    <controlfield tag="008">       1989                        hun  </controlfield>
    <datafield tag="020" ind1=" " ind2=" ">
      <subfield code="a">963 593 052 6</subfield>
    </datafield>
    <datafield tag="035" ind1=" " ind2=" ">
      <subfield code="a">ISISIIF0009621</subfield>
    </datafield>
    <datafield tag="040" ind1=" " ind2=" ">
      <subfield code="a">DEENK</subfield>
    </datafield>
    <datafield tag="080" ind1=" " ind2=" ">
      <subfield code="a">681.32.009.5</subfield>
    </datafield>
    <datafield tag="080" ind1=" " ind2=" ">
      <subfield code="a">794:519.683.8</subfield>
    </datafield>
    <datafield tag="100" ind1="1" ind2=" ">
      <subfield code="a">Fábián István</subfield>
    </datafield>
    <datafield tag="245" ind1="0" ind2="0">
      <subfield code="a">1001/5 játék C64/128 Amiga :</subfield>
      <subfield code="b">Zak Mckracken, Heroes of lance, Stealth fighter, Amica Paint, Macro Assembler /</subfield>
      <subfield code="c">Fábián István, Kiss László]</subfield>
    </datafield>
    <datafield tag="260" ind1=" " ind2=" ">
      <subfield code="a">Budapest :</subfield>
      <subfield code="b">LSI Alkakmazástechnikai Tanácsadó szolgálat,</subfield>
      <subfield code="c">1989</subfield>
    </datafield>
    <datafield tag="300" ind1=" " ind2=" ">
      <subfield code="a">[176] p. ;</subfield>
      <subfield code="c">23 cm</subfield>
    </datafield>
    <datafield tag="695" ind1=" " ind2=" ">
      <subfield code="a">Játékprogram</subfield>
    </datafield>
    <datafield tag="700" ind1="1" ind2=" ">
      <subfield code="a">Kiss László</subfield>
    </datafield>
    <datafield tag="852" ind1=" " ind2=" ">
      <subfield code="a">D1</subfield>
      <subfield code="b">D1</subfield>
      <subfield code="x">ISISIIF0009621</subfield>
    </datafield>
    <datafield tag="852" ind1=" " ind2=" ">
      <subfield code="a">S1</subfield>
      <subfield code="b">SZFV53</subfield>
      <subfield code="x">bibMTA000028316</subfield>
    </datafield>
    <datafield tag="852" ind1=" " ind2=" ">
      <subfield code="a">B3</subfield>
      <subfield code="b">B3</subfield>
      <subfield code="x">000028316</subfield>
    </datafield>
  </record>
  <record>
    <leader>01748fam  2200505 i 4500</leader>
    <controlfield tag="001">MOKKAZ0006290126  </controlfield>
    <controlfield tag="005">20100428153227.0</controlfield>
    <controlfield tag="008">940510s1989    hu a          000 0 hun d</controlfield>
    <datafield tag="020" ind1=" " ind2=" ">
      <subfield code="a">963-593-052-6 (fűzött) :</subfield>
      <subfield code="c">256,- Ft</subfield>
    </datafield>
    <datafield tag="035" ind1=" " ind2=" ">
      <subfield code="a">712458</subfield>
    </datafield>
    <datafield tag="040" ind1=" " ind2=" ">
      <subfield code="a">OSZK</subfield>
    </datafield>
    <datafield tag="041" ind1="0" ind2=" ">
      <subfield code="a">hunhun</subfield>
    </datafield>
    <datafield tag="100" ind1="1" ind2=" ">
      <subfield code="a">Fábián István</subfield>
    </datafield>
    <datafield tag="245" ind1="1" ind2="0">
      <subfield code="a">1001/5 játék C 64/128 Amiga : </subfield>
      <subfield code="b">Zak McKracken Heroes of Lance, Stealth Fighter, Amica Paint, Macro Assembler /</subfield>
      <subfield code="c">[kész. Fábián István, Kiss László] /</subfield>
      <subfield code="c">[közread. az] LSI Alkalmazástechnikai Tanácsadó Szolgálat</subfield>
    </datafield>
    <datafield tag="260" ind1=" " ind2=" ">
      <subfield code="a">Budapest :</subfield>
      <subfield code="b">LSI ATSZ,</subfield>
      <subfield code="c">1989</subfield>
      <subfield code="e">([Budapest]</subfield>
      <subfield code="f">Bástya-Textprint)</subfield>
    </datafield>
    <datafield tag="300" ind1=" " ind2=" ">
      <subfield code="a">219 p. :</subfield>
      <subfield code="b">ill. ;</subfield>
      <subfield code="c">24 cm</subfield>
    </datafield>
    <datafield tag="650" ind1=" " ind2="4">
      <subfield code="a">Játékok, számítógépes</subfield>
    </datafield>
    <datafield tag="650" ind1=" " ind2="4">
      <subfield code="a">Commodore 64 [számítógép]</subfield>
    </datafield>
    <datafield tag="650" ind1=" " ind2="4">
      <subfield code="a">Commodore 128</subfield>
    </datafield>
    <datafield tag="650" ind1=" " ind2="4">
      <subfield code="a">számítógépek</subfield>
    </datafield>
    <datafield tag="650" ind1=" " ind2="4">
      <subfield code="a">játékok</subfield>
    </datafield>
    <datafield tag="650" ind1="0" ind2="4">
      <subfield code="a">számítógép-program</subfield>
      <subfield code="x">játékok</subfield>
    </datafield>
    <datafield tag="650" ind1=" " ind2="4">
      <subfield code="a">AMIGA</subfield>
    </datafield>
    <datafield tag="650" ind1=" " ind2="4">
      <subfield code="a">Játék</subfield>
      <subfield code="x">Elektronikus</subfield>
    </datafield>
    <datafield tag="650" ind1=" " ind2="4">
      <subfield code="a">Számítástechnika</subfield>
    </datafield>
    <datafield tag="653" ind1=" " ind2=" ">
      <subfield code="a">AMIGA személyi számítógép</subfield>
    </datafield>
    <datafield tag="653" ind1=" " ind2=" ">
      <subfield code="a">Programozás</subfield>
    </datafield>
    <datafield tag="653" ind1=" " ind2=" ">
      <subfield code="a">játék</subfield>
    </datafield>
    <datafield tag="653" ind1=" " ind2=" ">
      <subfield code="a">személyi számítógép</subfield>
    </datafield>
    <datafield tag="653" ind1=" " ind2=" ">
      <subfield code="a">számítástechnika</subfield>
    </datafield>
    <datafield tag="653" ind1=" " ind2=" ">
      <subfield code="a">számítógép</subfield>
    </datafield>
    <datafield tag="700" ind1="1" ind2="0">
      <subfield code="a">Kiss László</subfield>
    </datafield>
    <datafield tag="710" ind1="2" ind2=" ">
      <subfield code="a">LSI Alkalmazástechnikai Tanácsadó Szolgálat (Budapest)</subfield>
      <subfield code="4">közread.</subfield>
    </datafield>
    <datafield tag="852" ind1=" " ind2=" ">
      <subfield code="a">B1</subfield>
      <subfield code="b">B1</subfield>
      <subfield code="x">712458</subfield>
    </datafield>
    <datafield tag="852" ind1=" " ind2=" ">
      <subfield code="a">B10</subfield>
      <subfield code="b">2000</subfield>
      <subfield code="x">bibFSZ00082489</subfield>
    </datafield>
    <datafield tag="852" ind1=" " ind2=" ">
      <subfield code="a">B11</subfield>
      <subfield code="b">B11</subfield>
      <subfield code="x">BMEOMIKK000001544</subfield>
    </datafield>
    <datafield tag="852" ind1=" " ind2=" ">
      <subfield code="a">B11</subfield>
      <subfield code="b">B11</subfield>
      <subfield code="x">BMEOMIKK000354052</subfield>
    </datafield>
    <datafield tag="852" ind1=" " ind2=" ">
      <subfield code="a">P1</subfield>
      <subfield code="b">P1</subfield>
      <subfield code="x">bibJPT0021301</subfield>
    </datafield>
    <datafield tag="852" ind1=" " ind2=" ">
      <subfield code="a">GY1</subfield>
      <subfield code="b">GY1</subfield>
      <subfield code="x">338521</subfield>
    </datafield>
    <datafield tag="852" ind1=" " ind2=" ">
      <subfield code="a">BCS1</subfield>
      <subfield code="b">BCS1</subfield>
      <subfield code="x">bibBKO00180621</subfield>
    </datafield>
    <datafield tag="852" ind1=" " ind2=" ">
      <subfield code="a">SZL1</subfield>
      <subfield code="b">SZL1</subfield>
      <subfield code="x">bibVFK00115295</subfield>
    </datafield>
    <datafield tag="852" ind1=" " ind2=" ">
      <subfield code="a">M2</subfield>
      <subfield code="b">M2</subfield>
      <subfield code="x">bibRFK00066684</subfield>
    </datafield>
    <datafield tag="852" ind1=" " ind2=" ">
      <subfield code="a">M1</subfield>
      <subfield code="b">M1</subfield>
      <subfield code="x">191390</subfield>
    </datafield>
    <datafield tag="852" ind1=" " ind2=" ">
      <subfield code="a">H1</subfield>
      <subfield code="b">H1</subfield>
      <subfield code="x">NLVK92339</subfield>
    </datafield>
    <datafield tag="852" ind1=" " ind2=" ">
      <subfield code="a">B9</subfield>
      <subfield code="b">B9</subfield>
      <subfield code="x">203339</subfield>
    </datafield>
  </record>
  <record>
    <leader>00662nam  2200169 i 4500</leader>
    <controlfield tag="001">MOKKAS0000993018  </controlfield>
    <controlfield tag="005">20051215151017.0</controlfield>
    <controlfield tag="008">050903s1989    hu            00010 hun d</controlfield>
    <datafield tag="020" ind1=" " ind2=" ">
      <subfield code="a">963-593-052-6</subfield>
    </datafield>
    <datafield tag="035" ind1=" " ind2=" ">
      <subfield code="a">bibBKO00074609</subfield>
    </datafield>
    <datafield tag="040" ind1=" " ind2=" ">
      <subfield code="a">BMK</subfield>
    </datafield>
    <datafield tag="100" ind1="1" ind2=" ">
      <subfield code="a">Kiss László</subfield>
    </datafield>
    <datafield tag="245" ind1="1" ind2="0">
      <subfield code="a">1001/5 játék C 64/128 Amiga :</subfield>
      <subfield code="b">Zak McKracken Heroes of Lance, Stealth Fighter, Amica Paint, Macro Assembler /</subfield>
      <subfield code="c">[kész. Fábián István, Kiss László] ; [kiad. az] LSI Alkamazástechnikai Tanácsadó Szolgálat</subfield>
    </datafield>
    <datafield tag="260" ind1=" " ind2=" ">
      <subfield code="a">Budapest,</subfield>
      <subfield code="c">1989</subfield>
    </datafield>
    <datafield tag="300" ind1=" " ind2=" ">
      <subfield code="a">219 p. :</subfield>
      <subfield code="b">ill. ;</subfield>
      <subfield code="c">24 cm</subfield>
    </datafield>
    <datafield tag="504" ind1=" " ind2=" ">
      <subfield code="a">Előzm.: Fábián István: 1001/4 játék C 64/128</subfield>
    </datafield>
    <datafield tag="852" ind1=" " ind2=" ">
      <subfield code="a">BCS1</subfield>
      <subfield code="b">BCS1</subfield>
      <subfield code="x">bibBKO00074609</subfield>
    </datafield>
  </record>
  <record>
    <leader>00818cam  22002291  4500</leader>
    <controlfield tag="001">MOKKAZ0004353286  </controlfield>
    <controlfield tag="005">20070409013355.0</controlfield>
    <controlfield tag="008">      s1985                        hun d</controlfield>
    <datafield tag="035" ind1=" " ind2=" ">
      <subfield code="a">bibFSZ00199299</subfield>
    </datafield>
    <datafield tag="040" ind1=" " ind2=" ">
      <subfield code="a">FSZEK</subfield>
    </datafield>
    <datafield tag="245" ind1="0" ind2="0">
      <subfield code="a">100 (1886) és 75 (1911) éve történt :</subfield>
      <subfield code="b">adatok a testnevelés és sport tárgyköréből /</subfield>
      <subfield code="c">szerk. Szerbák Elek</subfield>
    </datafield>
    <datafield tag="260" ind1=" " ind2=" ">
      <subfield code="a">Budapest :</subfield>
      <subfield code="b">Sportpropaganda,</subfield>
      <subfield code="c">1985</subfield>
    </datafield>
    <datafield tag="300" ind1=" " ind2=" ">
      <subfield code="a">185 p. ;</subfield>
      <subfield code="c">23 cm</subfield>
    </datafield>
    <datafield tag="490" ind1="1" ind2=" ">
      <subfield code="a">(A Testnevelési és Sportmúzeum közleményei,</subfield>
      <subfield code="x">0231-0899 ;</subfield>
      <subfield code="v">3.)</subfield>
    </datafield>
    <datafield tag="651" ind1=" " ind2="4">
      <subfield code="a">Magyarország</subfield>
    </datafield>
    <datafield tag="695" ind1=" " ind2=" ">
      <subfield code="a">Sport története</subfield>
    </datafield>
    <datafield tag="695" ind1=" " ind2=" ">
      <subfield code="a">Művelődéstörténet</subfield>
    </datafield>
    <datafield tag="695" ind1=" " ind2=" ">
      <subfield code="a">Kronológia</subfield>
    </datafield>
    <datafield tag="700" ind1="1" ind2=" ">
      <subfield code="a">Szerbák Elek</subfield>
      <subfield code="4">szerk.</subfield>
    </datafield>
    <datafield tag="830" ind1=" " ind2="0">
      <subfield code="a">A Testnevelési és Sportmúzeum közleményei</subfield>
    </datafield>
    <datafield tag="852" ind1=" " ind2=" ">
      <subfield code="a">B10</subfield>
      <subfield code="B">0801</subfield>
      <subfield code="b">0801B</subfield>
      <subfield code="x">bibFSZ00199299</subfield>
    </datafield>
    <datafield tag="852" ind1=" " ind2=" ">
      <subfield code="a">P1</subfield>
      <subfield code="b">P1</subfield>
      <subfield code="x">bibJPT00449033    JPTE</subfield>
    </datafield>
  </record>
  <record>
    <leader>00594nam  2200193 i 4500</leader>
    <controlfield tag="001">MOKKAN0004571586  </controlfield>
    <controlfield tag="005">20070503005303.0</controlfield>
    <controlfield tag="008">020404s1985                        hun d</controlfield>
    <datafield tag="035" ind1=" " ind2=" ">
      <subfield code="a">150320465</subfield>
    </datafield>
    <datafield tag="040" ind1=" " ind2=" ">
      <subfield code="a">BDK</subfield>
    </datafield>
    <datafield tag="041" ind1="0" ind2=" ">
      <subfield code="a">hun</subfield>
    </datafield>
    <datafield tag="245" ind1="0" ind2="0">
      <subfield code="a">100 (1886) és 75 (1911) éve történt : </subfield>
      <subfield code="b">adatok a testnevelés és sport tárgyköréből /</subfield>
      <subfield code="c">szerk. Szerblák Elek [!Szerbák Elek]</subfield>
    </datafield>
    <datafield tag="260" ind1=" " ind2=" ">
      <subfield code="a">Budapest :</subfield>
      <subfield code="b">Testnev. és Sportmúz.,</subfield>
      <subfield code="c">1985</subfield>
    </datafield>
    <datafield tag="300" ind1=" " ind2=" ">
      <subfield code="a">185 p.</subfield>
    </datafield>
    <datafield tag="650" ind1=" " ind2="4">
      <subfield code="a">sport</subfield>
    </datafield>
    <datafield tag="650" ind1=" " ind2="4">
      <subfield code="a">testnevelés</subfield>
    </datafield>
    <datafield tag="650" ind1=" " ind2="4">
      <subfield code="a">történet</subfield>
    </datafield>
    <datafield tag="700" ind1="1" ind2=" ">
      <subfield code="a">Szerbák Elek</subfield>
      <subfield code="4">(szerk.)</subfield>
    </datafield>
    <datafield tag="852" ind1=" " ind2=" ">
      <subfield code="a">SZO1</subfield>
      <subfield code="b">SZO1</subfield>
      <subfield code="x">150320465</subfield>
    </datafield>
  </record>
  <record>
    <leader>00737nam  2200217 i 4500</leader>
    <controlfield tag="001">MOKKAS0001421956  </controlfield>
    <controlfield tag="005">20060113130255.0</controlfield>
    <controlfield tag="008">050903s1985    hu            00010 hun d</controlfield>
    <datafield tag="020" ind1=" " ind2=" ">
      <subfield code="a">(fűzött)</subfield>
    </datafield>
    <datafield tag="035" ind1=" " ind2=" ">
      <subfield code="a">bibVFK00235174</subfield>
    </datafield>
    <datafield tag="040" ind1=" " ind2=" ">
      <subfield code="a">VFMK</subfield>
    </datafield>
    <datafield tag="245" ind1="0" ind2="0">
      <subfield code="a">100 (1886) és 75 (1911) éve történt :</subfield>
      <subfield code="b">Adatok a testnevelés és sport tárgyköréből /</subfield>
      <subfield code="c">szerk. Szerbák Elek</subfield>
    </datafield>
    <datafield tag="260" ind1=" " ind2=" ">
      <subfield code="a">Budapest :</subfield>
      <subfield code="b">Testnevelési és Sportmúzeum,</subfield>
      <subfield code="c">1985</subfield>
    </datafield>
    <datafield tag="300" ind1=" " ind2=" ">
      <subfield code="a">185 p. ;</subfield>
      <subfield code="c">24 cm</subfield>
    </datafield>
    <datafield tag="490" ind1="1" ind2=" ">
      <subfield code="a">(A Testnevelési és Sportmúzeum közleményei ;</subfield>
      <subfield code="v">3.)</subfield>
    </datafield>
    <datafield tag="650" ind1=" " ind2="4">
      <subfield code="a">Sport</subfield>
    </datafield>
    <datafield tag="650" ind1=" " ind2="4">
      <subfield code="a">Testnevelés</subfield>
    </datafield>
    <datafield tag="650" ind1=" " ind2="4">
      <subfield code="a">Adatok</subfield>
    </datafield>
    <datafield tag="700" ind1="1" ind2=" ">
      <subfield code="a">Szerbák Elek</subfield>
      <subfield code="4">szerk.</subfield>
    </datafield>
    <datafield tag="830" ind1=" " ind2="2">
      <subfield code="a">A Testnevelési és Sportmúzeum közleményei</subfield>
    </datafield>
    <datafield tag="852" ind1=" " ind2=" ">
      <subfield code="a">SZL1</subfield>
      <subfield code="b">SZL1</subfield>
      <subfield code="x">bibVFK00235174</subfield>
    </datafield>
  </record>
  <record>
    <leader>00862aam  2200217 ir4500</leader>
    <controlfield tag="001">MOKKAZ0003386193  </controlfield>
    <controlfield tag="005">20040909184324.0</controlfield>
    <controlfield tag="008">861027c19861985hu            00000 hun d</controlfield>
    <datafield tag="020" ind1=" " ind2=" ">
      <subfield code="a">963 01 7083 3(fűzött)</subfield>
    </datafield>
    <datafield tag="035" ind1=" " ind2=" ">
      <subfield code="a">963 01 7083 3</subfield>
    </datafield>
    <datafield tag="040" ind1=" " ind2=" ">
      <subfield code="a">DEENK</subfield>
    </datafield>
    <datafield tag="245" ind1="1" ind2="0">
      <subfield code="a">100(1886) és 75(1911) éve történt :</subfield>
      <subfield code="b">adatok a testnevelés és sport tárgyköréből /</subfield>
      <subfield code="c">szerk. Szerblák Elek</subfield>
    </datafield>
    <datafield tag="246" ind1="1" ind2="4">
      <subfield code="a">100 és 75 éve történt</subfield>
    </datafield>
    <datafield tag="260" ind1=" " ind2=" ">
      <subfield code="a">Budapest :</subfield>
      <subfield code="b">Testnevelési és Sportmúz.,</subfield>
      <subfield code="c">1985 [!1986]</subfield>
      <subfield code="e">([Budapest] :</subfield>
      <subfield code="f">Sportprop.  Váll.)</subfield>
    </datafield>
    <datafield tag="300" ind1=" " ind2=" ">
      <subfield code="a">185 p. ;</subfield>
      <subfield code="c">24 cm</subfield>
    </datafield>
    <datafield tag="490" ind1="1" ind2=" ">
      <subfield code="a">(A Testnevelési és Sportmúzeum közleményei,</subfield>
      <subfield code="x">0231-0899 ;</subfield>
      <subfield code="v">3.)</subfield>
    </datafield>
    <datafield tag="695" ind1=" " ind2="1">
      <subfield code="a">szórakozás, játék, sport</subfield>
    </datafield>
    <datafield tag="700" ind1="1" ind2=" ">
      <subfield code="a">Szerblák Elek</subfield>
    </datafield>
    <datafield tag="810" ind1="2" ind2=" ">
      <subfield code="a">Testnevelési és Sportmúzeum (Budapest)</subfield>
    </datafield>
    <datafield tag="830" ind1=" " ind2="2">
      <subfield code="a">A Testnevelési és Sportmúzeum közleményei</subfield>
    </datafield>
    <datafield tag="852" ind1=" " ind2=" ">
      <subfield code="a">D1</subfield>
      <subfield code="b">D1</subfield>
      <subfield code="x">963 01 7083 3</subfield>
    </datafield>
  </record>
  <record>
    <leader>00621nam  2200169 i 4500</leader>
    <controlfield tag="001">MOKKAS0003337063  </controlfield>
    <controlfield tag="005">20060604110151.0</controlfield>
    <controlfield tag="008">050101s1985                            d</controlfield>
    <datafield tag="035" ind1=" " ind2=" ">
      <subfield code="a">516549</subfield>
    </datafield>
    <datafield tag="040" ind1=" " ind2=" ">
      <subfield code="a">KKMK</subfield>
    </datafield>
    <datafield tag="245" ind1="0" ind2="0">
      <subfield code="a">100/1886/ és 75/1911/ éve történt : </subfield>
      <subfield code="b">adatok a testnevelés és sport tárgyköréből /</subfield>
      <subfield code="c">szerk. Szerbák Elek</subfield>
    </datafield>
    <datafield tag="260" ind1=" " ind2=" ">
      <subfield code="a">Budapest :</subfield>
      <subfield code="b">Sportpropaganda Vállalat,</subfield>
      <subfield code="c">1985</subfield>
    </datafield>
    <datafield tag="300" ind1=" " ind2=" ">
      <subfield code="a">185 p. ;</subfield>
      <subfield code="c">24 cm</subfield>
    </datafield>
    <datafield tag="490" ind1="1" ind2=" ">
      <subfield code="a">A Testnevelési és Sportmúzeum közleményei</subfield>
      <subfield code="x">0231-0899</subfield>
      <subfield code="v">3.</subfield>
    </datafield>
    <datafield tag="700" ind1="1" ind2="0">
      <subfield code="a">Szerbák Elek</subfield>
      <subfield code="4">(szerk.)</subfield>
    </datafield>
    <datafield tag="830" ind1=" " ind2="2">
      <subfield code="a">A Testnevelési és Sportmúzeum közleményei</subfield>
    </datafield>
    <datafield tag="852" ind1=" " ind2=" ">
      <subfield code="a">GY1</subfield>
      <subfield code="b">GY1</subfield>
      <subfield code="x">516549</subfield>
    </datafield>
  </record>
  <record>
    <leader>00321cam  22001337 r4500</leader>
    <controlfield tag="001">MOKKAZ0004669527  </controlfield>
    <controlfield tag="005">20040910091640.0</controlfield>
    <controlfield tag="008">      s1927                        hun d</controlfield>
    <datafield tag="020" ind1=" " ind2=" ">
      <subfield code="a">in78121</subfield>
    </datafield>
    <datafield tag="035" ind1=" " ind2=" ">
      <subfield code="a">bibFSZ594574</subfield>
    </datafield>
    <datafield tag="040" ind1=" " ind2=" ">
      <subfield code="a">FSZEK</subfield>
    </datafield>
    <datafield tag="245" ind1="0" ind2="0">
      <subfield code="a">100 %</subfield>
    </datafield>
    <datafield tag="260" ind1=" " ind2=" ">
      <subfield code="a">[S.l.] :</subfield>
      <subfield code="b">[S.n.],</subfield>
      <subfield code="c">1927-28-</subfield>
    </datafield>
    <datafield tag="852" ind1=" " ind2=" ">
      <subfield code="a">B10</subfield>
      <subfield code="b">0801B</subfield>
      <subfield code="x">bibFSZ594574</subfield>
    </datafield>
  </record>
  <record>
    <leader>00314cam  22001217  4500</leader>
    <controlfield tag="001">MOKKAZ0004373640  </controlfield>
    <controlfield tag="005">20040910064011.0</controlfield>
    <controlfield tag="008">      s1944                        und d</controlfield>
    <datafield tag="035" ind1=" " ind2=" ">
      <subfield code="a">bibFSZ00219676</subfield>
    </datafield>
    <datafield tag="040" ind1=" " ind2=" ">
      <subfield code="a">FSZEK</subfield>
    </datafield>
    <datafield tag="245" ind1="0" ind2="0">
      <subfield code="a">100 % /</subfield>
      <subfield code="c">Upton Sinclair</subfield>
    </datafield>
    <datafield tag="260" ind1=" " ind2=" ">
      <subfield code="a">[S.l.] :</subfield>
      <subfield code="b">[S.n.],</subfield>
      <subfield code="c">1944</subfield>
    </datafield>
    <datafield tag="852" ind1=" " ind2=" ">
      <subfield code="a">B10</subfield>
      <subfield code="b">0801</subfield>
      <subfield code="x">bibFSZ00219676</subfield>
    </datafield>
  </record>
  <record>
    <leader>00295nam  2200121 i 4500</leader>
    <controlfield tag="001">MOKKAS0001394561  </controlfield>
    <controlfield tag="005">20060113102250.0</controlfield>
    <controlfield tag="008">050903s1964    hu            00010 hun d</controlfield>
    <datafield tag="035" ind1=" " ind2=" ">
      <subfield code="a">bibVFK00154039</subfield>
    </datafield>
    <datafield tag="040" ind1=" " ind2=" ">
      <subfield code="a">VFMK</subfield>
    </datafield>
    <datafield tag="245" ind1="0" ind2="0">
      <subfield code="a">100 % /</subfield>
      <subfield code="c">Upton Sinclair</subfield>
    </datafield>
    <datafield tag="260" ind1=" " ind2=" ">
      <subfield code="c">1964</subfield>
    </datafield>
    <datafield tag="852" ind1=" " ind2=" ">
      <subfield code="a">SZL1</subfield>
      <subfield code="b">SZL1</subfield>
      <subfield code="x">bibVFK00154039</subfield>
    </datafield>
  </record>
  <record>
    <leader>00388nam  2200133 i 4500</leader>
    <controlfield tag="001">MOKKAS0003235787  </controlfield>
    <controlfield tag="005">20060601074138.0</controlfield>
    <controlfield tag="008">050101s1987                            d</controlfield>
    <datafield tag="035" ind1=" " ind2=" ">
      <subfield code="a">110545</subfield>
    </datafield>
    <datafield tag="040" ind1=" " ind2=" ">
      <subfield code="a">KKMK</subfield>
    </datafield>
    <datafield tag="245" ind1="0" ind2="0">
      <subfield code="a">100 % : </subfield>
      <subfield code="b">Irodalmi és művészeti kultúrszemle, 1927-1928</subfield>
    </datafield>
    <datafield tag="260" ind1=" " ind2=" ">
      <subfield code="a">Budapest :</subfield>
      <subfield code="b">Kossuth Könyvkiadó,</subfield>
      <subfield code="c">1987</subfield>
    </datafield>
    <datafield tag="300" ind1=" " ind2=" ">
      <subfield code="a">368 p. :</subfield>
      <subfield code="b">ill. ;</subfield>
      <subfield code="c">24 cm</subfield>
    </datafield>
    <datafield tag="852" ind1=" " ind2=" ">
      <subfield code="a">GY1</subfield>
      <subfield code="b">GY1</subfield>
      <subfield code="x">110545</subfield>
    </datafield>
  </record>
  <record>
    <leader>01049aam  2200361   4500</leader>
    <controlfield tag="001">MOKKAS0002473340  </controlfield>
    <controlfield tag="005">20060617224129.0</controlfield>
    <controlfield tag="008">951212 1987                        eng  </controlfield>
    <datafield tag="020" ind1=" " ind2=" ">
      <subfield code="a">0486254099</subfield>
    </datafield>
    <datafield tag="035" ind1=" " ind2=" ">
      <subfield code="a">bibMIF00011045</subfield>
    </datafield>
    <datafield tag="040" ind1=" " ind2=" ">
      <subfield code="a">MOME</subfield>
    </datafield>
    <datafield tag="242" ind1=" " ind2="3">
      <subfield code="a">Az 1920-as és 1930-as évek hirdetései metszeteken</subfield>
    </datafield>
    <datafield tag="245" ind1="0" ind2="0">
      <subfield code="a">1001 advertising cuts from the twenties and thirties /</subfield>
      <subfield code="c">Comp. and arr. by Leslie Cabarga, Richard Greene and Marina Cruz</subfield>
    </datafield>
    <datafield tag="260" ind1=" " ind2=" ">
      <subfield code="a">New-York :</subfield>
      <subfield code="b">Dover,</subfield>
      <subfield code="c">cop. 1987</subfield>
    </datafield>
    <datafield tag="300" ind1=" " ind2=" ">
      <subfield code="a">108 p.</subfield>
      <subfield code="b">ill.</subfield>
    </datafield>
    <datafield tag="490" ind1="1" ind2=" ">
      <subfield code="a">(Dover pictural archives series)</subfield>
    </datafield>
    <datafield tag="500" ind1=" " ind2=" ">
      <subfield code="a">1001 hirdetés</subfield>
    </datafield>
    <datafield tag="695" ind1=" " ind2=" ">
      <subfield code="a">reklám</subfield>
    </datafield>
    <datafield tag="695" ind1=" " ind2=" ">
      <subfield code="a">metszet[grafika]</subfield>
    </datafield>
    <datafield tag="695" ind1=" " ind2=" ">
      <subfield code="a">gyerek</subfield>
    </datafield>
    <datafield tag="695" ind1=" " ind2=" ">
      <subfield code="a">felirat</subfield>
    </datafield>
    <datafield tag="695" ind1=" " ind2=" ">
      <subfield code="a">illusztráció[tematikus]</subfield>
    </datafield>
    <datafield tag="695" ind1=" " ind2=" ">
      <subfield code="a">ünnep</subfield>
    </datafield>
    <datafield tag="695" ind1=" " ind2=" ">
      <subfield code="a">nemek</subfield>
    </datafield>
    <datafield tag="695" ind1=" " ind2=" ">
      <subfield code="a">népcsoport</subfield>
    </datafield>
    <datafield tag="695" ind1=" " ind2=" ">
      <subfield code="a">étkezés</subfield>
    </datafield>
    <datafield tag="695" ind1=" " ind2=" ">
      <subfield code="a">1930</subfield>
    </datafield>
    <datafield tag="695" ind1=" " ind2=" ">
      <subfield code="a">1940</subfield>
    </datafield>
    <datafield tag="700" ind1="1" ind2=" ">
      <subfield code="a">Cabarga, Leslie</subfield>
    </datafield>
    <datafield tag="700" ind1="1" ind2=" ">
      <subfield code="a">Greene, Richard</subfield>
    </datafield>
    <datafield tag="700" ind1="1" ind2=" ">
      <subfield code="a">Cruz, Marina</subfield>
    </datafield>
    <datafield tag="830" ind1=" " ind2=" ">
      <subfield code="a">Dover pictorial archive series</subfield>
    </datafield>
    <datafield tag="852" ind1=" " ind2=" ">
      <subfield code="a">B646</subfield>
      <subfield code="b">B646</subfield>
      <subfield code="x">bibMIF00011045</subfield>
    </datafield>
  </record>
  <record>
    <leader>00722nam  2200217 i 4500</leader>
    <controlfield tag="001">MOKKAS0001433533  </controlfield>
    <controlfield tag="005">20060113142505.0</controlfield>
    <controlfield tag="008">050903s2003    hu            00010 hun d</controlfield>
    <datafield tag="020" ind1=" " ind2=" ">
      <subfield code="a">963-547-978-6 [!ISBN 963-547-985-9] (kötött) :</subfield>
      <subfield code="c">2380,-Ft</subfield>
    </datafield>
    <datafield tag="035" ind1=" " ind2=" ">
      <subfield code="a">bibVFK00253238</subfield>
    </datafield>
    <datafield tag="040" ind1=" " ind2=" ">
      <subfield code="a">VFMK</subfield>
    </datafield>
    <datafield tag="100" ind1="1" ind2=" ">
      <subfield code="a">Altman, Jack</subfield>
    </datafield>
    <datafield tag="240" ind1="1" ind2="0">
      <subfield code="a">1001 dreams (magyar)</subfield>
    </datafield>
    <datafield tag="245" ind1="1" ind2="0">
      <subfield code="a">1001 álom :</subfield>
      <subfield code="b">Illusztrált útikalauz az álmok világába /</subfield>
      <subfield code="c">Jack Altman ; [ford. Sziklai István]</subfield>
    </datafield>
    <datafield tag="260" ind1=" " ind2=" ">
      <subfield code="a">Budapest :</subfield>
      <subfield code="b">Magyar Könyvklub,</subfield>
      <subfield code="c">2003</subfield>
    </datafield>
    <datafield tag="300" ind1=" " ind2=" ">
      <subfield code="a">384 p. :</subfield>
      <subfield code="b">ill., részben színes ;</subfield>
      <subfield code="c">14 cm</subfield>
    </datafield>
    <datafield tag="650" ind1=" " ind2="4">
      <subfield code="a">Álom</subfield>
    </datafield>
    <datafield tag="650" ind1=" " ind2="4">
      <subfield code="a">Álomfejtés</subfield>
    </datafield>
    <datafield tag="650" ind1=" " ind2="4">
      <subfield code="a">Álomkutatás</subfield>
    </datafield>
    <datafield tag="700" ind1="1" ind2=" ">
      <subfield code="a">Sziklai István</subfield>
      <subfield code="4">ford.</subfield>
    </datafield>
    <datafield tag="852" ind1=" " ind2=" ">
      <subfield code="a">SZL1</subfield>
      <subfield code="b">SZL1</subfield>
      <subfield code="x">bibVFK00253238</subfield>
    </datafield>
  </record>
  <record>
    <leader>00743nam  2200253u  4500</leader>
    <controlfield tag="001">MOKKAZ0004750804  </controlfield>
    <controlfield tag="005">20090716144314.0</controlfield>
    <controlfield tag="008">      s2003                        hun d</controlfield>
    <datafield tag="020" ind1=" " ind2=" ">
      <subfield code="a">963-547-985-9 (kötött)</subfield>
      <subfield code="z">963-547-978-6 :</subfield>
    </datafield>
    <datafield tag="035" ind1=" " ind2=" ">
      <subfield code="a">bibFSZ959500</subfield>
    </datafield>
    <datafield tag="040" ind1=" " ind2=" ">
      <subfield code="a">FSZEK</subfield>
    </datafield>
    <datafield tag="041" ind1=" " ind2=" ">
      <subfield code="a">hun</subfield>
    </datafield>
    <datafield tag="080" ind1=" " ind2="0">
      <subfield code="a">159.963.3</subfield>
    </datafield>
    <datafield tag="100" ind1="1" ind2=" ">
      <subfield code="a">Altman, Jack</subfield>
    </datafield>
    <datafield tag="240" ind1=" " ind2="0">
      <subfield code="a">1001 dreams</subfield>
    </datafield>
    <datafield tag="245" ind1="1" ind2="0">
      <subfield code="a">1001 álom :</subfield>
      <subfield code="b">illusztrált útikalauz az álmok világába /</subfield>
      <subfield code="c">Jack Altman</subfield>
    </datafield>
    <datafield tag="260" ind1=" " ind2=" ">
      <subfield code="a">Budapest :</subfield>
      <subfield code="b">M. Kvklub,</subfield>
      <subfield code="c">2003</subfield>
    </datafield>
    <datafield tag="300" ind1=" " ind2=" ">
      <subfield code="a">384 p. :</subfield>
      <subfield code="b">ill. ;</subfield>
      <subfield code="c">14 cm</subfield>
    </datafield>
    <datafield tag="500" ind1=" " ind2=" ">
      <subfield code="a">Ford. Sziklai István</subfield>
    </datafield>
    <datafield tag="650" ind1=" " ind2="4">
      <subfield code="a">Álomfejtés</subfield>
    </datafield>
    <datafield tag="700" ind1="1" ind2=" ">
      <subfield code="a">Sziklai István</subfield>
      <subfield code="4">ford.</subfield>
    </datafield>
    <datafield tag="852" ind1=" " ind2=" ">
      <subfield code="a">B10</subfield>
      <subfield code="x">bibFSZ959500</subfield>
    </datafield>
    <datafield tag="852" ind1=" " ind2=" ">
      <subfield code="a">ST1</subfield>
      <subfield code="b">ST1</subfield>
      <subfield code="x">bibBBM253385</subfield>
    </datafield>
    <datafield tag="852" ind1=" " ind2=" ">
      <subfield code="a">SZO1</subfield>
      <subfield code="b">SZO1</subfield>
      <subfield code="x">150396204</subfield>
    </datafield>
  </record>
  <record>
    <leader>01496fam  2200397 i 4500</leader>
    <controlfield tag="001">MOKKAZ0006289326  </controlfield>
    <controlfield tag="005">20090505174955.0</controlfield>
    <controlfield tag="008">940510t19901990hu a          000 0 hun d</controlfield>
    <datafield tag="020" ind1=" " ind2=" ">
      <subfield code="a">963-576-019-1 (fűzött) :</subfield>
      <subfield code="c">253,- Ft</subfield>
    </datafield>
    <datafield tag="035" ind1=" " ind2=" ">
      <subfield code="a">707555</subfield>
    </datafield>
    <datafield tag="040" ind1=" " ind2=" ">
      <subfield code="a">OSZK</subfield>
    </datafield>
    <datafield tag="041" ind1="0" ind2=" ">
      <subfield code="a">hunhun</subfield>
      <subfield code="g">eng</subfield>
    </datafield>
    <datafield tag="100" ind1="1" ind2=" ">
      <subfield code="a">Malmarits Tamás</subfield>
    </datafield>
    <datafield tag="245" ind1="1" ind2="0">
      <subfield code="a">1001 Amiga : </subfield>
      <subfield code="b">Játék leírások, Amiga és Amiga DOS felhasználói programok /</subfield>
      <subfield code="c">[kész. Malmarits Tamás, Kiss László] ; [közread. az] LSI Oktatóközpont a Mikroelektronika Alkalmazásának Kultúrájáért Alapítvány</subfield>
    </datafield>
    <datafield tag="260" ind1=" " ind2=" ">
      <subfield code="a">Budapest :</subfield>
      <subfield code="b">LSI OMAK,</subfield>
      <subfield code="c">1990</subfield>
      <subfield code="e">(Budapest</subfield>
      <subfield code="f">LSI OMAK INFO)</subfield>
      <subfield code="f">Erfaterv)</subfield>
    </datafield>
    <datafield tag="300" ind1=" " ind2=" ">
      <subfield code="a">154 p. :</subfield>
      <subfield code="b">ill. ;</subfield>
      <subfield code="c">24 cm</subfield>
    </datafield>
    <datafield tag="500" ind1=" " ind2=" ">
      <subfield code="a">4000</subfield>
    </datafield>
    <datafield tag="650" ind1=" " ind2="4">
      <subfield code="a">Amiga</subfield>
    </datafield>
    <datafield tag="650" ind1=" " ind2="4">
      <subfield code="a">számítógépes játék</subfield>
    </datafield>
    <datafield tag="650" ind1="0" ind2="7">
      <subfield code="2">ag</subfield>
      <subfield code="a">számítógépes program</subfield>
      <subfield code="x">AMIGA</subfield>
    </datafield>
    <datafield tag="650" ind1=" " ind2="4">
      <subfield code="a">Játékok, számítógépes</subfield>
    </datafield>
    <datafield tag="650" ind1=" " ind2="4">
      <subfield code="a">játékok</subfield>
    </datafield>
    <datafield tag="650" ind1=" " ind2="4">
      <subfield code="a">számítógépek</subfield>
    </datafield>
    <datafield tag="700" ind1="1" ind2="0">
      <subfield code="a">Kiss László</subfield>
      <subfield code="d">(1967-)</subfield>
    </datafield>
    <datafield tag="710" ind1="2" ind2=" ">
      <subfield code="a">LSI Oktatóközpont a Mikroelektronika Alkalmazásának Kultúrájáért Alapítvány (Budapest)</subfield>
      <subfield code="4">közread.</subfield>
    </datafield>
    <datafield tag="852" ind1=" " ind2=" ">
      <subfield code="a">B1</subfield>
      <subfield code="b">B1</subfield>
      <subfield code="x">707555</subfield>
    </datafield>
    <datafield tag="852" ind1=" " ind2=" ">
      <subfield code="a">D1</subfield>
      <subfield code="b">D1</subfield>
      <subfield code="x">963 576 019 1</subfield>
    </datafield>
    <datafield tag="852" ind1=" " ind2=" ">
      <subfield code="a">B10</subfield>
      <subfield code="b">0801</subfield>
      <subfield code="b">0204</subfield>
      <subfield code="b">1704</subfield>
      <subfield code="x">bibFSZ00080845</subfield>
    </datafield>
    <datafield tag="852" ind1=" " ind2=" ">
      <subfield code="a">B11</subfield>
      <subfield code="b">B11</subfield>
      <subfield code="x">BMEOMIKK000003529</subfield>
    </datafield>
    <datafield tag="852" ind1=" " ind2=" ">
      <subfield code="a">G1</subfield>
      <subfield code="b">G1</subfield>
      <subfield code="x">GATE-C00045429</subfield>
    </datafield>
    <datafield tag="852" ind1=" " ind2=" ">
      <subfield code="a">B2</subfield>
      <subfield code="b">B2</subfield>
      <subfield code="b">B2/45</subfield>
      <subfield code="x">117641</subfield>
    </datafield>
    <datafield tag="852" ind1=" " ind2=" ">
      <subfield code="a">G1</subfield>
      <subfield code="b">G1</subfield>
      <subfield code="x">71750</subfield>
    </datafield>
    <datafield tag="852" ind1=" " ind2=" ">
      <subfield code="a">BCS1</subfield>
      <subfield code="b">BCS1</subfield>
      <subfield code="x">bibBKO00178845</subfield>
    </datafield>
    <datafield tag="852" ind1=" " ind2=" ">
      <subfield code="a">GY1</subfield>
      <subfield code="b">GY1</subfield>
      <subfield code="x">609919</subfield>
    </datafield>
    <datafield tag="852" ind1=" " ind2=" ">
      <subfield code="a">SZL1</subfield>
      <subfield code="b">SZL1</subfield>
      <subfield code="x">bibVFK00115450</subfield>
    </datafield>
    <datafield tag="852" ind1=" " ind2=" ">
      <subfield code="a">M2</subfield>
      <subfield code="b">M2</subfield>
      <subfield code="x">bibRFK00150144</subfield>
    </datafield>
  </record>
  <record>
    <leader>00860aam  2200253   4500</leader>
    <controlfield tag="001">MOKKAS0002464067  </controlfield>
    <controlfield tag="005">20060526100213.0</controlfield>
    <controlfield tag="008">951212 1986    hu                  hun  </controlfield>
    <datafield tag="020" ind1=" " ind2=" ">
      <subfield code="a">963716235</subfield>
    </datafield>
    <datafield tag="035" ind1=" " ind2=" ">
      <subfield code="a">bibMIF00001494</subfield>
    </datafield>
    <datafield tag="040" ind1=" " ind2=" ">
      <subfield code="a">MOME</subfield>
    </datafield>
    <datafield tag="041" ind1=" " ind2=" ">
      <subfield code="a">huneng</subfield>
    </datafield>
    <datafield tag="245" ind1="0" ind2="0">
      <subfield code="a">100 + 1 éves a magyar plakát :</subfield>
      <subfield code="b">A magyar plakátművészet története  1885-1986.  Műcsarnok, Budapest, Hősök tere 1986. május 23-szeptember 14 /</subfield>
      <subfield code="c">[A kiállítást rendezte Bakos Katalin és Kemény György]</subfield>
    </datafield>
    <datafield tag="260" ind1=" " ind2=" ">
      <subfield code="a">[s.l.] :</subfield>
      <subfield code="b">[s.n.],</subfield>
      <subfield code="c">[1986]</subfield>
    </datafield>
    <datafield tag="300" ind1=" " ind2=" ">
      <subfield code="a">204 p.</subfield>
      <subfield code="b">ill.</subfield>
    </datafield>
    <datafield tag="500" ind1=" " ind2=" ">
      <subfield code="a">Kb. 60, részben színes reprodukció</subfield>
    </datafield>
    <datafield tag="500" ind1=" " ind2=" ">
      <subfield code="a">Angol nyelvű rezümék</subfield>
    </datafield>
    <datafield tag="695" ind1=" " ind2=" ">
      <subfield code="a">plakát</subfield>
    </datafield>
    <datafield tag="700" ind1="1" ind2=" ">
      <subfield code="a">Bakos Katalin</subfield>
    </datafield>
    <datafield tag="700" ind1="1" ind2=" ">
      <subfield code="a">Kemény György</subfield>
    </datafield>
    <datafield tag="700" ind1="1" ind2=" ">
      <subfield code="a">Frank János</subfield>
    </datafield>
    <datafield tag="700" ind1="1" ind2=" ">
      <subfield code="a">Aradi Nóra</subfield>
    </datafield>
    <datafield tag="710" ind1="2" ind2=" ">
      <subfield code="a">Műcsarnok (Budapest)</subfield>
    </datafield>
    <datafield tag="852" ind1=" " ind2=" ">
      <subfield code="a">B646</subfield>
      <subfield code="b">B646</subfield>
      <subfield code="x">bibMIF00001494</subfield>
    </datafield>
  </record>
  <record>
    <leader>00353nim  2200133 i 4500</leader>
    <controlfield tag="001">MOKKAS0001017597  </controlfield>
    <controlfield tag="005">20051215155818.0</controlfield>
    <controlfield tag="008">050903b        hu            00010 hun d</controlfield>
    <datafield tag="035" ind1=" " ind2=" ">
      <subfield code="a">bibBKO00091396</subfield>
    </datafield>
    <datafield tag="040" ind1=" " ind2=" ">
      <subfield code="a">BMK</subfield>
    </datafield>
    <datafield tag="245" ind1="0" ind2="0">
      <subfield code="a">100%</subfield>
      <subfield code="h">[Hangfelvétel] :</subfield>
      <subfield code="b">Jackie Orszáczky</subfield>
    </datafield>
    <datafield tag="300" ind1=" " ind2=" ">
      <subfield code="a">1 db hangkazetta</subfield>
    </datafield>
    <datafield tag="306" ind1=" " ind2=" ">
      <subfield code="a">cca.50 min.</subfield>
    </datafield>
    <datafield tag="852" ind1=" " ind2=" ">
      <subfield code="a">BCS1</subfield>
      <subfield code="b">BCS1</subfield>
      <subfield code="x">bibBKO00091396</subfield>
    </datafield>
  </record>
  <record>
    <leader>00751nam  2200217 i 4500</leader>
    <controlfield tag="001">MOKKAW0005106846  </controlfield>
    <controlfield tag="005">20080311233020.0</controlfield>
    <controlfield tag="008">080111 1992    rm                  rum  </controlfield>
    <datafield tag="020" ind1=" " ind2=" ">
      <subfield code="a">973 9044 24 7</subfield>
    </datafield>
    <datafield tag="035" ind1=" " ind2=" ">
      <subfield code="a">bibSOK00427311</subfield>
    </datafield>
    <datafield tag="040" ind1=" " ind2=" ">
      <subfield code="a">SK</subfield>
    </datafield>
    <datafield tag="100" ind1="1" ind2=" ">
      <subfield code="a">Dumas, Alexandre</subfield>
      <subfield code="d">(1802-1870)</subfield>
      <subfield code="c">(pere)</subfield>
    </datafield>
    <datafield tag="240" ind1="1" ind2="4">
      <subfield code="a">Les mille et un fantomes</subfield>
      <subfield code="l">(román)</subfield>
    </datafield>
    <datafield tag="245" ind1="1" ind2="0">
      <subfield code="a">1001 de fantome ; Testamentul domnului De Chauvelin /</subfield>
      <subfield code="c">Alexandre Dumas</subfield>
    </datafield>
    <datafield tag="246" ind1="1" ind2="5">
      <subfield code="a">O mie si una de fantome</subfield>
    </datafield>
    <datafield tag="260" ind1=" " ind2=" ">
      <subfield code="a">Bucuresti :</subfield>
      <subfield code="b">Marc,</subfield>
      <subfield code="c">1992</subfield>
    </datafield>
    <datafield tag="300" ind1=" " ind2=" ">
      <subfield code="a">257 p. ;</subfield>
      <subfield code="c">20 cm</subfield>
    </datafield>
    <datafield tag="600" ind1="0" ind2="7">
      <subfield code="a">Napoleon</subfield>
      <subfield code="c">(Franciaország: császár),</subfield>
      <subfield code="b">I.</subfield>
    </datafield>
    <datafield tag="650" ind1=" " ind2="7">
      <subfield code="a">Franciaország története</subfield>
      <subfield code="y">18-19. sz.</subfield>
      <subfield code="x">irodalmi feldolgozás</subfield>
      <subfield code="2">szte</subfield>
    </datafield>
    <datafield tag="695" ind1=" " ind2=" ">
      <subfield code="a">Nemzetiségi Könyvtár</subfield>
    </datafield>
    <datafield tag="852" ind1=" " ind2=" ">
      <subfield code="a">SZ4</subfield>
      <subfield code="b">SZ4/K2</subfield>
      <subfield code="x">bibSOK00427311</subfield>
    </datafield>
  </record>
  <record>
    <leader>00946nam  2200265 i 4500</leader>
    <controlfield tag="001">MOKKAW0005322452  </controlfield>
    <controlfield tag="005">20091110164243.0</controlfield>
    <controlfield tag="008">080327 2007    hu            00010 hun  </controlfield>
    <datafield tag="020" ind1=" " ind2=" ">
      <subfield code="a">978 963 370 200 0</subfield>
    </datafield>
    <datafield tag="035" ind1=" " ind2=" ">
      <subfield code="a">bibJAT00727941</subfield>
    </datafield>
    <datafield tag="040" ind1=" " ind2=" ">
      <subfield code="a">SZTE</subfield>
    </datafield>
    <datafield tag="041" ind1=" " ind2=" ">
      <subfield code="a">hun</subfield>
      <subfield code="h">eng</subfield>
    </datafield>
    <datafield tag="240" ind1="0" ind2="0">
      <subfield code="a">1001 nights of passion and pleasure</subfield>
      <subfield code="l">(magyar)</subfield>
    </datafield>
    <datafield tag="245" ind1="0" ind2="0">
      <subfield code="a">1001 éjszaka a szerelem és a szenvedély birodalmában :</subfield>
      <subfield code="b">hogy éjszakáink sohase legyenek egyformák /</subfield>
      <subfield code="c">[szerk. Charlotte Wilson ; magyar változatot tervezte Garamvölgyi Gábor ; ford. Merényi Adrienn]</subfield>
    </datafield>
    <datafield tag="260" ind1=" " ind2=" ">
      <subfield code="a">Pécs :</subfield>
      <subfield code="b">Alexandra,</subfield>
      <subfield code="c">2007</subfield>
    </datafield>
    <datafield tag="300" ind1=" " ind2=" ">
      <subfield code="a">160 p. :</subfield>
      <subfield code="b">ill. ;</subfield>
      <subfield code="c">23 cm</subfield>
    </datafield>
    <datafield tag="500" ind1=" " ind2=" ">
      <subfield code="a">Hasított oldalas.</subfield>
    </datafield>
    <datafield tag="504" ind1=" " ind2=" ">
      <subfield code="a">Bibliogr.: p.</subfield>
    </datafield>
    <datafield tag="650" ind1=" " ind2="7">
      <subfield code="a">Nemi élet</subfield>
      <subfield code="x">képeskönyv</subfield>
      <subfield code="2">szte</subfield>
    </datafield>
    <datafield tag="650" ind1=" " ind2="7">
      <subfield code="a">Szexualitás</subfield>
      <subfield code="2">szte</subfield>
    </datafield>
    <datafield tag="650" ind1=" " ind2="7">
      <subfield code="a">Párkapcsolat</subfield>
      <subfield code="2">szte</subfield>
    </datafield>
    <datafield tag="700" ind1="1" ind2=" ">
      <subfield code="a">Garamvölgyi Gábor</subfield>
    </datafield>
    <datafield tag="700" ind1="1" ind2=" ">
      <subfield code="a">Merényi Adrienn</subfield>
    </datafield>
    <datafield tag="700" ind1="1" ind2=" ">
      <subfield code="a">Wilson, Charlotte</subfield>
    </datafield>
    <datafield tag="852" ind1=" " ind2=" ">
      <subfield code="a">SZ1</subfield>
      <subfield code="b">SZ1</subfield>
      <subfield code="x">bibJAT00727941</subfield>
    </datafield>
  </record>
  <record>
    <leader>00896nam  2200277 i 4500</leader>
    <controlfield tag="001">MOKKAW0005400894  </controlfield>
    <controlfield tag="005">20090622212434.0</controlfield>
    <controlfield tag="008">071120s2007    hu ar         00100 hun d</controlfield>
    <datafield tag="020" ind1=" " ind2=" ">
      <subfield code="a">978-963-370-200-0 (kötött)</subfield>
    </datafield>
    <datafield tag="035" ind1=" " ind2=" ">
      <subfield code="a">2688933</subfield>
    </datafield>
    <datafield tag="040" ind1=" " ind2=" ">
      <subfield code="a">OSZK</subfield>
      <subfield code="d">OSZK</subfield>
    </datafield>
    <datafield tag="041" ind1="1" ind2=" ">
      <subfield code="a">hunhun</subfield>
      <subfield code="h">eng</subfield>
    </datafield>
    <datafield tag="080" ind1=" " ind2=" ">
      <subfield code="a">613.88</subfield>
    </datafield>
    <datafield tag="130" ind1="0" ind2="0">
      <subfield code="a">1001 nights of passion and pleasure</subfield>
      <subfield code="l">magyar</subfield>
    </datafield>
    <datafield tag="245" ind1="1" ind2="0">
      <subfield code="a">1001 éjszaka a szerelem és a szenvedély birodalmában : </subfield>
      <subfield code="b">...hogy az éjszakáink sohase legyenek egyformák /</subfield>
      <subfield code="c">[szerk. Charlotte Wilson]</subfield>
    </datafield>
    <datafield tag="260" ind1=" " ind2=" ">
      <subfield code="a">Pécs :</subfield>
      <subfield code="b">Alexandra,</subfield>
      <subfield code="c">2007</subfield>
    </datafield>
    <datafield tag="300" ind1=" " ind2=" ">
      <subfield code="a">160 p. :</subfield>
      <subfield code="b">ill., színes ;</subfield>
      <subfield code="c">23 cm</subfield>
    </datafield>
    <datafield tag="500" ind1=" " ind2=" ">
      <subfield code="a">Ford. Merényi Adrienn</subfield>
    </datafield>
    <datafield tag="650" ind1="1" ind2="7">
      <subfield code="a">nemi élet</subfield>
      <subfield code="2">oszk</subfield>
    </datafield>
    <datafield tag="650" ind1=" " ind2="4">
      <subfield code="a">Szexualitás</subfield>
    </datafield>
    <datafield tag="650" ind1=" " ind2="0">
      <subfield code="a">Sex.</subfield>
    </datafield>
    <datafield tag="650" ind1=" " ind2="2">
      <subfield code="a">Sex</subfield>
    </datafield>
    <datafield tag="700" ind1="1" ind2=" ">
      <subfield code="a">Merényi Adrienn</subfield>
      <subfield code="4">(ford.)</subfield>
    </datafield>
    <datafield tag="700" ind1="1" ind2=" ">
      <subfield code="a">Wilson, Charlotte</subfield>
      <subfield code="4">(szerk.)</subfield>
    </datafield>
    <datafield tag="852" ind1=" " ind2=" ">
      <subfield code="a">B1</subfield>
      <subfield code="b">B1</subfield>
      <subfield code="x">2688933</subfield>
    </datafield>
    <datafield tag="852" ind1=" " ind2=" ">
      <subfield code="a">D1</subfield>
      <subfield code="b">D2/RK</subfield>
      <subfield code="x">bibDEK00673057</subfield>
    </datafield>
  </record>
  <record>
    <leader>00677nam  22002055p 4500</leader>
    <controlfield tag="001">MOKKAW0006008618  </controlfield>
    <controlfield tag="005">20080725184149.0</controlfield>
    <controlfield tag="008">071203s2007    hu                  hun d</controlfield>
    <datafield tag="020" ind1=" " ind2=" ">
      <subfield code="a">978 963 370 200 0</subfield>
    </datafield>
    <datafield tag="035" ind1=" " ind2=" ">
      <subfield code="a">716491</subfield>
    </datafield>
    <datafield tag="040" ind1=" " ind2=" ">
      <subfield code="a">KSHK</subfield>
    </datafield>
    <datafield tag="041" ind1="0" ind2=" ">
      <subfield code="a">hun</subfield>
    </datafield>
    <datafield tag="130" ind1="0" ind2="0">
      <subfield code="a">1001 nights of passion and pleasure</subfield>
      <subfield code="l">magyar</subfield>
    </datafield>
    <datafield tag="245" ind1="0" ind2="0">
      <subfield code="a">1001 éjszaka a szerelem és a szenvedély birodalmában : </subfield>
      <subfield code="b">... hogy az éjszakáink sohase legyenek egyformák /</subfield>
      <subfield code="c">[szerk. Charlotte Wilson]</subfield>
    </datafield>
    <datafield tag="260" ind1=" " ind2=" ">
      <subfield code="a">Pécs :</subfield>
      <subfield code="b">Alexandra,</subfield>
      <subfield code="c">2007</subfield>
    </datafield>
    <datafield tag="300" ind1=" " ind2=" ">
      <subfield code="a">160 p. :</subfield>
      <subfield code="b">ill., színes ;</subfield>
      <subfield code="c">23 cm</subfield>
    </datafield>
    <datafield tag="653" ind1=" " ind2=" ">
      <subfield code="a">magánélet</subfield>
    </datafield>
    <datafield tag="653" ind1=" " ind2=" ">
      <subfield code="a">szexológia</subfield>
    </datafield>
    <datafield tag="700" ind1="1" ind2="0">
      <subfield code="a">Wilson, Charlotte</subfield>
      <subfield code="4">(szerk.)</subfield>
    </datafield>
    <datafield tag="852" ind1=" " ind2=" ">
      <subfield code="a">B9</subfield>
      <subfield code="b">B9</subfield>
      <subfield code="x">716491</subfield>
    </datafield>
  </record>
  <record>
    <leader>00818nam  2200217 i 4500</leader>
    <controlfield tag="001">MOKKAN0004674571  </controlfield>
    <controlfield tag="005">20070612135757.0</controlfield>
    <controlfield tag="008">070612 2001    hu            00010 hun  </controlfield>
    <datafield tag="035" ind1=" " ind2=" ">
      <subfield code="a">bibJAT00709982</subfield>
    </datafield>
    <datafield tag="040" ind1=" " ind2=" ">
      <subfield code="a">SZTE</subfield>
    </datafield>
    <datafield tag="245" ind1="0" ind2="0">
      <subfield code="a">1001 éjszaka mese-konferencia :</subfield>
      <subfield code="b">Miskolci Egyetem, 1998 /</subfield>
      <subfield code="c">[szerk. Martin Iringó, Simonyi Zoltán]</subfield>
    </datafield>
    <datafield tag="260" ind1=" " ind2=" ">
      <subfield code="a">Miskolc :</subfield>
      <subfield code="b">Miskolci Egyetem,</subfield>
      <subfield code="c">2001</subfield>
    </datafield>
    <datafield tag="300" ind1=" " ind2=" ">
      <subfield code="a">100 p. ;</subfield>
      <subfield code="c">25 cm</subfield>
    </datafield>
    <datafield tag="504" ind1=" " ind2=" ">
      <subfield code="a">Bibliográfiákkal</subfield>
    </datafield>
    <datafield tag="650" ind1=" " ind2="7">
      <subfield code="a">Meseelemzés</subfield>
      <subfield code="x">tanulmányok</subfield>
      <subfield code="2">szte</subfield>
    </datafield>
    <datafield tag="650" ind1=" " ind2="7">
      <subfield code="a">Folklór</subfield>
      <subfield code="x">meseelemzés</subfield>
      <subfield code="x">tanulmányok</subfield>
      <subfield code="2">szte</subfield>
    </datafield>
    <datafield tag="700" ind1="1" ind2=" ">
      <subfield code="a">Martin Iringó</subfield>
    </datafield>
    <datafield tag="700" ind1="1" ind2=" ">
      <subfield code="a">Simonyi Zoltán</subfield>
    </datafield>
    <datafield tag="711" ind1="2" ind2=" ">
      <subfield code="a">1001 éjszaka mese-konferencia</subfield>
      <subfield code="c">(Miskolc)</subfield>
      <subfield code="d">(1998)</subfield>
    </datafield>
    <datafield tag="773" ind1="0" ind2=" ">
      <subfield code="t">Publicationes Universitatis Miskolciensis : sectio philosophica</subfield>
      <subfield code="g">Tom. VII. Fasc. 2.</subfield>
      <subfield code="w">bibJGYx24212</subfield>
    </datafield>
    <datafield tag="852" ind1=" " ind2=" ">
      <subfield code="a">SZ1</subfield>
      <subfield code="b">SZ1</subfield>
      <subfield code="x">bibJAT00709982</subfield>
    </datafield>
  </record>
  <record>
    <leader>01506fam  2200433 i 4500</leader>
    <controlfield tag="001">MOKKAZ0006295361  </controlfield>
    <controlfield tag="005">20091223053912.0</controlfield>
    <controlfield tag="008">940511s1986    hu       cj   000 0 hun d</controlfield>
    <datafield tag="020" ind1=" " ind2=" ">
      <subfield code="a">963-7162-35-6 (fűzött) :</subfield>
      <subfield code="c">200,- Ft</subfield>
    </datafield>
    <datafield tag="035" ind1=" " ind2=" ">
      <subfield code="a">730886</subfield>
    </datafield>
    <datafield tag="040" ind1=" " ind2=" ">
      <subfield code="a">OSZK</subfield>
    </datafield>
    <datafield tag="041" ind1="0" ind2=" ">
      <subfield code="a">hunenghun</subfield>
      <subfield code="b">ger</subfield>
    </datafield>
    <datafield tag="080" ind1=" " ind2=" ">
      <subfield code="a">061.4(439)"1986"</subfield>
    </datafield>
    <datafield tag="080" ind1=" " ind2=" ">
      <subfield code="a">766:659.133.1(439)"1885/1986"</subfield>
    </datafield>
    <datafield tag="080" ind1=" " ind2="0">
      <subfield code="a">769.91(439)"18/19"</subfield>
    </datafield>
    <datafield tag="245" ind1="1" ind2="0">
      <subfield code="a">100+1 éves a magyar plakát : </subfield>
      <subfield code="b">A magyar plakátművészet története, 1885-1986 : Műcsarnok, Budapest, ... 1986. május 23 - szeptember 14. /</subfield>
      <subfield code="c">[a kiállítást rend. Bakos Katalin és Kemény György]</subfield>
    </datafield>
    <datafield tag="260" ind1=" " ind2=" ">
      <subfield code="a">[Budapest] :</subfield>
      <subfield code="b">[Műcsarnok],</subfield>
      <subfield code="c">[1986]</subfield>
      <subfield code="e">([Budapest]</subfield>
      <subfield code="f">Mahír)</subfield>
    </datafield>
    <datafield tag="300" ind1=" " ind2=" ">
      <subfield code="a">208 p. :</subfield>
      <subfield code="b">ill., részben színes ;</subfield>
      <subfield code="c">29 cm</subfield>
    </datafield>
    <datafield tag="500" ind1=" " ind2=" ">
      <subfield code="a">Kiállítási katalógus</subfield>
    </datafield>
    <datafield tag="650" ind1=" " ind2="4">
      <subfield code="a">plakátok</subfield>
    </datafield>
    <datafield tag="650" ind1=" " ind2="4">
      <subfield code="a">alkalmazott grafika</subfield>
    </datafield>
    <datafield tag="650" ind1=" " ind2="4">
      <subfield code="a">kiállítások</subfield>
    </datafield>
    <datafield tag="650" ind1=" " ind2="4">
      <subfield code="a">1986</subfield>
    </datafield>
    <datafield tag="650" ind1=" " ind2="4">
      <subfield code="a">magyar</subfield>
    </datafield>
    <datafield tag="650" ind1=" " ind2="4">
      <subfield code="a">grafika</subfield>
    </datafield>
    <datafield tag="650" ind1=" " ind2="4">
      <subfield code="a">plakát</subfield>
    </datafield>
    <datafield tag="650" ind1=" " ind2="4">
      <subfield code="a">plakátművészet</subfield>
    </datafield>
    <datafield tag="650" ind1=" " ind2="4">
      <subfield code="a">története</subfield>
    </datafield>
    <datafield tag="650" ind1=" " ind2="4">
      <subfield code="a">kiállítási katalógus</subfield>
    </datafield>
    <datafield tag="651" ind1=" " ind2="4">
      <subfield code="a">Magyarország</subfield>
    </datafield>
    <datafield tag="700" ind1="1" ind2=" ">
      <subfield code="a">Bakos Katalin</subfield>
      <subfield code="d">(1952-)</subfield>
      <subfield code="4">(rend.)</subfield>
    </datafield>
    <datafield tag="700" ind1="1" ind2=" ">
      <subfield code="a">Kemény György</subfield>
      <subfield code="d">(1936-)</subfield>
      <subfield code="4">(rend.)</subfield>
    </datafield>
    <datafield tag="710" ind1="2" ind2=" ">
      <subfield code="a">Műcsarnok (Budapest)</subfield>
      <subfield code="4">rend., közread.</subfield>
    </datafield>
    <datafield tag="852" ind1=" " ind2=" ">
      <subfield code="a">B1</subfield>
      <subfield code="b">B1</subfield>
      <subfield code="x">730886</subfield>
    </datafield>
    <datafield tag="852" ind1=" " ind2=" ">
      <subfield code="a">P1</subfield>
      <subfield code="b">P1</subfield>
      <subfield code="b">P1/FK</subfield>
      <subfield code="x">963 7162 35 6</subfield>
    </datafield>
    <datafield tag="852" ind1=" " ind2=" ">
      <subfield code="a">B10</subfield>
      <subfield code="b">2203</subfield>
      <subfield code="b">1004</subfield>
      <subfield code="b">0801</subfield>
      <subfield code="b">0801B</subfield>
      <subfield code="B">1004</subfield>
      <subfield code="B">0801</subfield>
      <subfield code="x">bibFSZ00170437</subfield>
    </datafield>
    <datafield tag="852" ind1=" " ind2=" ">
      <subfield code="a">M2</subfield>
      <subfield code="b">M2</subfield>
      <subfield code="x">bibRFK00076747</subfield>
    </datafield>
    <datafield tag="852" ind1=" " ind2=" ">
      <subfield code="a">B3</subfield>
      <subfield code="b">B3</subfield>
      <subfield code="x">000113968</subfield>
    </datafield>
    <datafield tag="852" ind1=" " ind2=" ">
      <subfield code="a">B653</subfield>
      <subfield code="x">bibMKF00019752</subfield>
    </datafield>
  </record>
  <record>
    <leader>00900cam  22002171i 4500</leader>
    <controlfield tag="001">MOKKAS0001874865  </controlfield>
    <controlfield tag="005">20060530221141.0</controlfield>
    <controlfield tag="008">020416s1986    hu a          00  0 hun d</controlfield>
    <datafield tag="035" ind1=" " ind2=" ">
      <subfield code="a">54097</subfield>
    </datafield>
    <datafield tag="040" ind1=" " ind2=" ">
      <subfield code="a">ELTE</subfield>
    </datafield>
    <datafield tag="041" ind1="0" ind2=" ">
      <subfield code="a">hun</subfield>
      <subfield code="b">eng</subfield>
    </datafield>
    <datafield tag="245" ind1="0" ind2="0">
      <subfield code="a">100+1 éves a magyar plakát :</subfield>
      <subfield code="b">A magyar plakátművészet története 1885-1986 : Műcsarnok Budapest, 1986 május 23 - szeptember 14</subfield>
      <subfield code="c">/ [A kiállítást rendezte Bakos Katalin és Kemény György ; Az angol resümé-k fordítója: Veressné Deák Éva és Rozsnyai Krisztina]</subfield>
    </datafield>
    <datafield tag="246" ind1="0" ind2="3">
      <subfield code="a">Száz plusz egy éves a magyar plakát</subfield>
    </datafield>
    <datafield tag="260" ind1=" " ind2=" ">
      <subfield code="a">[Bp. :</subfield>
      <subfield code="b">Műcsarnok,</subfield>
      <subfield code="c">1986]</subfield>
    </datafield>
    <datafield tag="300" ind1=" " ind2=" ">
      <subfield code="a">208 p. :</subfield>
      <subfield code="b">ill. ;</subfield>
      <subfield code="c">29 cm</subfield>
    </datafield>
    <datafield tag="650" ind1="0" ind2="4">
      <subfield code="a">plakátművészet</subfield>
      <subfield code="y">1885-1986</subfield>
      <subfield code="z">magyar</subfield>
      <subfield code="x">kiállítási katalógus</subfield>
    </datafield>
    <datafield tag="700" ind1="1" ind2=" ">
      <subfield code="a">Bakos Katalin</subfield>
      <subfield code="d">(1952-)</subfield>
    </datafield>
    <datafield tag="700" ind1="1" ind2=" ">
      <subfield code="a">Kemény György</subfield>
    </datafield>
    <datafield tag="700" ind1="1" ind2=" ">
      <subfield code="a">Veressné Deák Éva</subfield>
      <subfield code="d">(1922-)</subfield>
    </datafield>
    <datafield tag="700" ind1="1" ind2=" ">
      <subfield code="a">Rozsnyai Krisztina</subfield>
    </datafield>
    <datafield tag="852" ind1=" " ind2=" ">
      <subfield code="a">B2</subfield>
      <subfield code="b">B2</subfield>
      <subfield code="x">54097</subfield>
    </datafield>
  </record>
  <record>
    <leader>00808nam  2200289 i 4500</leader>
    <controlfield tag="001">MOKKAW0005588826  </controlfield>
    <controlfield tag="005">20100203020149.0</controlfield>
    <controlfield tag="008">080924t20072007hu a          00000 hun d</controlfield>
    <datafield tag="020" ind1=" " ind2=" ">
      <subfield code="a">978-963-06-4007-7 (fűzött)</subfield>
    </datafield>
    <datafield tag="035" ind1=" " ind2=" ">
      <subfield code="a">2771302</subfield>
    </datafield>
    <datafield tag="040" ind1=" " ind2=" ">
      <subfield code="a">OSZK</subfield>
      <subfield code="d">OSZK</subfield>
    </datafield>
    <datafield tag="041" ind1="0" ind2=" ">
      <subfield code="a">hun</subfield>
    </datafield>
    <datafield tag="080" ind1=" " ind2=" ">
      <subfield code="a">794.1</subfield>
    </datafield>
    <datafield tag="100" ind1="1" ind2=" ">
      <subfield code="a">Honfi György</subfield>
      <subfield code="d">(1957-)</subfield>
    </datafield>
    <datafield tag="245" ind1="1" ind2="0">
      <subfield code="a">1001 feladat kezdő sakkozóknak /</subfield>
      <subfield code="c">Honfi György</subfield>
    </datafield>
    <datafield tag="260" ind1=" " ind2=" ">
      <subfield code="a">[Budapest] :</subfield>
      <subfield code="b">Szerző,</subfield>
      <subfield code="c">cop. 2007</subfield>
    </datafield>
    <datafield tag="300" ind1=" " ind2=" ">
      <subfield code="a">200 p. :</subfield>
      <subfield code="b">ill. ;</subfield>
      <subfield code="c">24 cm</subfield>
    </datafield>
    <datafield tag="650" ind1="1" ind2="7">
      <subfield code="a">sakk</subfield>
      <subfield code="2">oszk</subfield>
    </datafield>
    <datafield tag="650" ind1=" " ind2="4">
      <subfield code="a">sakk</subfield>
    </datafield>
    <datafield tag="650" ind1=" " ind2="4">
      <subfield code="a">példatár</subfield>
    </datafield>
    <datafield tag="650" ind1=" " ind2="7">
      <subfield code="a">Sakk</subfield>
      <subfield code="x">játékgyűjtemények</subfield>
      <subfield code="2">lcsh//hun</subfield>
    </datafield>
    <datafield tag="650" ind1=" " ind2="0">
      <subfield code="a">Chess</subfield>
      <subfield code="x">Collections of games.</subfield>
    </datafield>
    <datafield tag="653" ind1=" " ind2=" ">
      <subfield code="a">sakk</subfield>
    </datafield>
    <datafield tag="852" ind1=" " ind2=" ">
      <subfield code="a">B1</subfield>
      <subfield code="b">B1</subfield>
      <subfield code="x">2771302</subfield>
    </datafield>
    <datafield tag="852" ind1=" " ind2=" ">
      <subfield code="a">GY1</subfield>
      <subfield code="b">GY1</subfield>
      <subfield code="x">KKMK1685187</subfield>
    </datafield>
    <datafield tag="852" ind1=" " ind2=" ">
      <subfield code="a">D1</subfield>
      <subfield code="b">D1</subfield>
      <subfield code="x">bibDEK00735668</subfield>
    </datafield>
    <datafield tag="852" ind1=" " ind2=" ">
      <subfield code="a">B9</subfield>
      <subfield code="b">B9</subfield>
      <subfield code="x">788795</subfield>
    </datafield>
  </record>
  <record>
    <leader>01053nam  2200313 i 4500</leader>
    <controlfield tag="001">MOKKAW0005156724  </controlfield>
    <controlfield tag="005">20091109000525.0</controlfield>
    <controlfield tag="008">060807s2005    hu                  hun d</controlfield>
    <datafield tag="020" ind1=" " ind2=" ">
      <subfield code="a">963-7318-80-1 (kötött)</subfield>
    </datafield>
    <datafield tag="035" ind1=" " ind2=" ">
      <subfield code="a">KKMK1525672</subfield>
    </datafield>
    <datafield tag="040" ind1=" " ind2=" ">
      <subfield code="a">KKMK</subfield>
    </datafield>
    <datafield tag="041" ind1="1" ind2=" ">
      <subfield code="a">hun</subfield>
    </datafield>
    <datafield tag="080" ind1=" " ind2=" ">
      <subfield code="a">791.43(100)(048.8</subfield>
    </datafield>
    <datafield tag="240" ind1="1" ind2="0">
      <subfield code="a">1001 movies you must see before you die</subfield>
      <subfield code="l">(magyar)</subfield>
    </datafield>
    <datafield tag="245" ind1="0" ind2="0">
      <subfield code="a">1001 film amit látnod kell, mielőtt meghalsz /</subfield>
      <subfield code="c">Steven Jay Schneider főszerk ; [Geoff Andrew et al.] ; [ford. Bori Erzsébet et al.]</subfield>
    </datafield>
    <datafield tag="250" ind1=" " ind2=" ">
      <subfield code="a">Felújított kiad</subfield>
    </datafield>
    <datafield tag="260" ind1=" " ind2=" ">
      <subfield code="a">Budapest :</subfield>
      <subfield code="b">Gabo Könyvkiadó és Kereskedő Kft,</subfield>
      <subfield code="c">cop. 2005</subfield>
    </datafield>
    <datafield tag="300" ind1=" " ind2=" ">
      <subfield code="a">960 p :</subfield>
      <subfield code="b">ill ;</subfield>
      <subfield code="c">22 cm</subfield>
    </datafield>
    <datafield tag="650" ind1=" " ind2="4">
      <subfield code="a">filmográfia</subfield>
    </datafield>
    <datafield tag="650" ind1=" " ind2="4">
      <subfield code="a">filmművészet</subfield>
    </datafield>
    <datafield tag="650" ind1=" " ind2="4">
      <subfield code="a">tartalmi tömörítvény</subfield>
    </datafield>
    <datafield tag="650" ind1=" " ind2="4">
      <subfield code="a">kronológia</subfield>
    </datafield>
    <datafield tag="650" ind1=" " ind2="4">
      <subfield code="a">szaklexikon</subfield>
    </datafield>
    <datafield tag="650" ind1=" " ind2="4">
      <subfield code="a">filmtörténelem</subfield>
    </datafield>
    <datafield tag="653" ind1=" " ind2=" ">
      <subfield code="a">filmtörténet</subfield>
    </datafield>
    <datafield tag="700" ind1="1" ind2=" ">
      <subfield code="a">Andrew Geoff</subfield>
      <subfield code="4">(közrem)</subfield>
    </datafield>
    <datafield tag="700" ind1="2" ind2=" ">
      <subfield code="a">Schneider Steven Jay</subfield>
      <subfield code="d">(1974)</subfield>
      <subfield code="4">(főszerk)</subfield>
    </datafield>
    <datafield tag="700" ind1="1" ind2=" ">
      <subfield code="a">Bori Erzsébet</subfield>
      <subfield code="4">(ford.közrem)</subfield>
    </datafield>
    <datafield tag="852" ind1=" " ind2=" ">
      <subfield code="a">GY1</subfield>
      <subfield code="b">GY1</subfield>
      <subfield code="x">KKMK1525672</subfield>
    </datafield>
  </record>
  <record>
    <leader>01359nam  2200409 i 4500</leader>
    <controlfield tag="001">MOKKAS0003383167  </controlfield>
    <controlfield tag="005">20091109000505.0</controlfield>
    <controlfield tag="008">050101s2004                            d</controlfield>
    <datafield tag="020" ind1=" " ind2=" ">
      <subfield code="a">963-9526-58-4 :</subfield>
      <subfield code="c">9999,-Ft</subfield>
    </datafield>
    <datafield tag="035" ind1=" " ind2=" ">
      <subfield code="a">677434</subfield>
    </datafield>
    <datafield tag="040" ind1=" " ind2=" ">
      <subfield code="a">KKMK</subfield>
    </datafield>
    <datafield tag="080" ind1=" " ind2=" ">
      <subfield code="a">791.43(100)(048.8</subfield>
    </datafield>
    <datafield tag="245" ind1="0" ind2="0">
      <subfield code="a">1001 film amit látnod kell, mielőtt meghalsz /</subfield>
      <subfield code="c">főszerk. Steven Jay Schneider ; [közrem.,szerzőtárs] Geoff Andrew ; [m. kiad. összeáll.] Bori Erzsébet</subfield>
    </datafield>
    <datafield tag="260" ind1=" " ind2=" ">
      <subfield code="a">Budapest :</subfield>
      <subfield code="b">Gabo Könyvkiadó és Kereskedő Kft.,</subfield>
      <subfield code="c">cop. 2004</subfield>
    </datafield>
    <datafield tag="300" ind1=" " ind2=" ">
      <subfield code="a">960 p. :</subfield>
      <subfield code="b">ill. ;</subfield>
      <subfield code="c">22 cm</subfield>
    </datafield>
    <datafield tag="650" ind1=" " ind2="4">
      <subfield code="a">filmográfia</subfield>
    </datafield>
    <datafield tag="650" ind1=" " ind2="4">
      <subfield code="a">filmtörténelem</subfield>
    </datafield>
    <datafield tag="650" ind1=" " ind2="4">
      <subfield code="a">filmművészet</subfield>
    </datafield>
    <datafield tag="650" ind1=" " ind2="4">
      <subfield code="a">tartalmi tömörítvény</subfield>
    </datafield>
    <datafield tag="650" ind1=" " ind2="4">
      <subfield code="a">kronológia</subfield>
    </datafield>
    <datafield tag="650" ind1=" " ind2="4">
      <subfield code="a">filmművészet - lexikonok</subfield>
    </datafield>
    <datafield tag="650" ind1=" " ind2="4">
      <subfield code="a">adattár</subfield>
    </datafield>
    <datafield tag="650" ind1=" " ind2="4">
      <subfield code="a">filmkritika</subfield>
    </datafield>
    <datafield tag="650" ind1=" " ind2="4">
      <subfield code="a">filmtörténet</subfield>
    </datafield>
    <datafield tag="650" ind1=" " ind2="4">
      <subfield code="a">mozgókép</subfield>
    </datafield>
    <datafield tag="650" ind1=" " ind2="4">
      <subfield code="a">tartalmi kivonat</subfield>
    </datafield>
    <datafield tag="650" ind1=" " ind2="4">
      <subfield code="a">Film</subfield>
      <subfield code="x">Történet</subfield>
    </datafield>
    <datafield tag="653" ind1=" " ind2=" ">
      <subfield code="a">filmtörténet</subfield>
    </datafield>
    <datafield tag="700" ind1="2" ind2="0">
      <subfield code="a">Schneider Steven Jay</subfield>
      <subfield code="4">(főszerk.)</subfield>
    </datafield>
    <datafield tag="700" ind1="1" ind2="0">
      <subfield code="a">Andrew Geoff</subfield>
      <subfield code="4">([közrem.,szerzőtárs])</subfield>
    </datafield>
    <datafield tag="700" ind1="1" ind2="0">
      <subfield code="a">Bori Erzsébet</subfield>
      <subfield code="4">([m. kiad. összeáll.])</subfield>
    </datafield>
    <datafield tag="852" ind1=" " ind2=" ">
      <subfield code="a">GY1</subfield>
      <subfield code="b">GY1</subfield>
      <subfield code="x">677434</subfield>
    </datafield>
    <datafield tag="852" ind1=" " ind2=" ">
      <subfield code="a">BCS1</subfield>
      <subfield code="b">BCS1</subfield>
      <subfield code="x">bibBKO00266155</subfield>
    </datafield>
    <datafield tag="852" ind1=" " ind2=" ">
      <subfield code="a">SZO1</subfield>
      <subfield code="b">SZO1</subfield>
      <subfield code="x">150436010</subfield>
    </datafield>
    <datafield tag="852" ind1=" " ind2=" ">
      <subfield code="a">H1</subfield>
      <subfield code="b">H1</subfield>
      <subfield code="x">NLVK400102</subfield>
    </datafield>
    <datafield tag="852" ind1=" " ind2=" ">
      <subfield code="a">B11</subfield>
      <subfield code="b">B11</subfield>
      <subfield code="x">BMEOMIKK000462337</subfield>
    </datafield>
    <datafield tag="852" ind1=" " ind2=" ">
      <subfield code="a">GY1</subfield>
      <subfield code="b">GY1</subfield>
      <subfield code="x">KKMK677434</subfield>
    </datafield>
  </record>
  <record>
    <leader>01126nam  2200373 i 4500</leader>
    <controlfield tag="001">MOKKAN0004597163  </controlfield>
    <controlfield tag="005">20080725172123.0</controlfield>
    <controlfield tag="008">060518s2005    hu                  hun d</controlfield>
    <datafield tag="020" ind1=" " ind2=" ">
      <subfield code="a">963-7318-80-1</subfield>
    </datafield>
    <datafield tag="020" ind1=" " ind2=" ">
      <subfield code="a">963 7318 80 1</subfield>
    </datafield>
    <datafield tag="035" ind1=" " ind2=" ">
      <subfield code="a">150528077</subfield>
    </datafield>
    <datafield tag="040" ind1=" " ind2=" ">
      <subfield code="a">BDK</subfield>
    </datafield>
    <datafield tag="041" ind1="0" ind2=" ">
      <subfield code="a">hun</subfield>
    </datafield>
    <datafield tag="130" ind1="0" ind2="0">
      <subfield code="a">1001 movies you must see before you die</subfield>
      <subfield code="l">magyar</subfield>
    </datafield>
    <datafield tag="245" ind1="0" ind2="0">
      <subfield code="a">1001 film amit látnod kell, mielőtt meghalsz /</subfield>
      <subfield code="c">Steven Jay Schneider főszerk. ; [a magyar nyelvű kiadást összeáll. ... Bori Erzsébet]</subfield>
    </datafield>
    <datafield tag="260" ind1=" " ind2=" ">
      <subfield code="a">Budapest :</subfield>
      <subfield code="b">Gabo,</subfield>
      <subfield code="c">cop. 2005</subfield>
    </datafield>
    <datafield tag="300" ind1=" " ind2=" ">
      <subfield code="a">960 p. :</subfield>
      <subfield code="b">ill. ;</subfield>
      <subfield code="c">22 cm</subfield>
    </datafield>
    <datafield tag="650" ind1=" " ind2="4">
      <subfield code="a">adattár</subfield>
    </datafield>
    <datafield tag="650" ind1=" " ind2="4">
      <subfield code="a">filmkritika</subfield>
    </datafield>
    <datafield tag="650" ind1=" " ind2="4">
      <subfield code="a">filmtörténet</subfield>
    </datafield>
    <datafield tag="650" ind1=" " ind2="4">
      <subfield code="a">mozgókép</subfield>
    </datafield>
    <datafield tag="650" ind1=" " ind2="4">
      <subfield code="a">tartalmi kivonat</subfield>
    </datafield>
    <datafield tag="650" ind1=" " ind2="4">
      <subfield code="a">Film</subfield>
      <subfield code="x">Történet</subfield>
    </datafield>
    <datafield tag="651" ind1=" " ind2="4">
      <subfield code="a">világ</subfield>
    </datafield>
    <datafield tag="653" ind1=" " ind2=" ">
      <subfield code="a">1902-2003</subfield>
    </datafield>
    <datafield tag="653" ind1=" " ind2=" ">
      <subfield code="a">címtár</subfield>
    </datafield>
    <datafield tag="653" ind1=" " ind2=" ">
      <subfield code="a">enciklopédia</subfield>
    </datafield>
    <datafield tag="653" ind1=" " ind2=" ">
      <subfield code="a">filmművészet</subfield>
    </datafield>
    <datafield tag="653" ind1=" " ind2=" ">
      <subfield code="a">művészettörténet</subfield>
    </datafield>
    <datafield tag="700" ind1="1" ind2=" ">
      <subfield code="a">Schneider, Steven Jay</subfield>
      <subfield code="4">(főszerkesztő)</subfield>
    </datafield>
    <datafield tag="700" ind1="1" ind2=" ">
      <subfield code="a">Bori Erzsébet</subfield>
      <subfield code="4">(összeáll.)</subfield>
    </datafield>
    <datafield tag="852" ind1=" " ind2=" ">
      <subfield code="a">SZO1</subfield>
      <subfield code="b">SZO1</subfield>
      <subfield code="x">150528077</subfield>
    </datafield>
    <datafield tag="852" ind1=" " ind2=" ">
      <subfield code="a">H1</subfield>
      <subfield code="b">H1</subfield>
      <subfield code="x">NLVK734442</subfield>
    </datafield>
    <datafield tag="852" ind1=" " ind2=" ">
      <subfield code="a">B9</subfield>
      <subfield code="b">B9</subfield>
      <subfield code="x">99219</subfield>
    </datafield>
  </record>
  <record>
    <leader>00724nam  22002415p 4500</leader>
    <controlfield tag="001">MOKKAW0006012186  </controlfield>
    <controlfield tag="005">20080725194624.0</controlfield>
    <controlfield tag="008">080416s2007    hu                  hun d</controlfield>
    <datafield tag="020" ind1=" " ind2=" ">
      <subfield code="a">978 963 689 067 4</subfield>
    </datafield>
    <datafield tag="035" ind1=" " ind2=" ">
      <subfield code="a">750003</subfield>
    </datafield>
    <datafield tag="040" ind1=" " ind2=" ">
      <subfield code="a">KSHK</subfield>
    </datafield>
    <datafield tag="041" ind1="0" ind2=" ">
      <subfield code="a">hun</subfield>
    </datafield>
    <datafield tag="130" ind1="0" ind2="0">
      <subfield code="a">1001 movies you must see before you die</subfield>
    </datafield>
    <datafield tag="245" ind1="0" ind2="0">
      <subfield code="a">1001 film, amit látnod kell, mielőtt meghalsz /</subfield>
      <subfield code="c">Steven Jay Schneider főszerk.</subfield>
    </datafield>
    <datafield tag="260" ind1=" " ind2=" ">
      <subfield code="a">[Budapest] :</subfield>
      <subfield code="b">Gabo,</subfield>
      <subfield code="c">cop. 2007</subfield>
    </datafield>
    <datafield tag="300" ind1=" " ind2=" ">
      <subfield code="a">960 p. :</subfield>
      <subfield code="b">ill., főként színes ;</subfield>
      <subfield code="c">22 cm</subfield>
    </datafield>
    <datafield tag="653" ind1=" " ind2=" ">
      <subfield code="a">1902-2003</subfield>
    </datafield>
    <datafield tag="653" ind1=" " ind2=" ">
      <subfield code="a">címtár</subfield>
    </datafield>
    <datafield tag="653" ind1=" " ind2=" ">
      <subfield code="a">enciklopédia</subfield>
    </datafield>
    <datafield tag="653" ind1=" " ind2=" ">
      <subfield code="a">filmművészet</subfield>
    </datafield>
    <datafield tag="653" ind1=" " ind2=" ">
      <subfield code="a">művészettörténet</subfield>
    </datafield>
    <datafield tag="700" ind1="1" ind2="0">
      <subfield code="a">Schneider, Steven Jay</subfield>
      <subfield code="4">(szerk.)</subfield>
    </datafield>
    <datafield tag="852" ind1=" " ind2=" ">
      <subfield code="a">B9</subfield>
      <subfield code="b">B9</subfield>
      <subfield code="x">750003</subfield>
    </datafield>
  </record>
  <record>
    <leader>01588nam  2200457   4500</leader>
    <controlfield tag="001">MOKKAN0004243954  </controlfield>
    <controlfield tag="005">20100218111551.0</controlfield>
    <controlfield tag="008">040218s2004                        hun d</controlfield>
    <datafield tag="020" ind1=" " ind2=" ">
      <subfield code="a">963-9526-58-4 (kötött) :</subfield>
      <subfield code="c">6799,- Ft</subfield>
    </datafield>
    <datafield tag="035" ind1=" " ind2=" ">
      <subfield code="a">bibFSZ1059449</subfield>
    </datafield>
    <datafield tag="040" ind1=" " ind2=" ">
      <subfield code="a">FSZEK</subfield>
    </datafield>
    <datafield tag="041" ind1=" " ind2=" ">
      <subfield code="a">hun</subfield>
    </datafield>
    <datafield tag="080" ind1=" " ind2=" ">
      <subfield code="a">791.43(100)(084)</subfield>
    </datafield>
    <datafield tag="240" ind1=" " ind2="0">
      <subfield code="a">1001 movies you must see before you die</subfield>
    </datafield>
    <datafield tag="245" ind1="0" ind2="0">
      <subfield code="a">1001 film :</subfield>
      <subfield code="b">amit látnod kell, mielőtt meghalsz /</subfield>
      <subfield code="c">Steven Jay Schneider főszerk. ; [... szerzői: Geoff Andrew et al.] ; [ford. Császi Ádám et al.]</subfield>
    </datafield>
    <datafield tag="260" ind1=" " ind2=" ">
      <subfield code="a">[Budapest] :</subfield>
      <subfield code="b">Gabo,</subfield>
      <subfield code="c">cop. 2004</subfield>
    </datafield>
    <datafield tag="300" ind1=" " ind2=" ">
      <subfield code="a">960 p. :</subfield>
      <subfield code="b">ill. ;</subfield>
      <subfield code="c">22 cm</subfield>
    </datafield>
    <datafield tag="650" ind1=" " ind2="4">
      <subfield code="a">Filmek</subfield>
      <subfield code="x">enciklopédiák</subfield>
    </datafield>
    <datafield tag="650" ind1=" " ind2="0">
      <subfield code="a">Motion pictures</subfield>
      <subfield code="x">Encyclopedias.</subfield>
    </datafield>
    <datafield tag="650" ind1=" " ind2="4">
      <subfield code="a">Filmművészet</subfield>
    </datafield>
    <datafield tag="650" ind1=" " ind2="4">
      <subfield code="a">filmek</subfield>
    </datafield>
    <datafield tag="650" ind1=" " ind2="4">
      <subfield code="a">tömörítvények</subfield>
    </datafield>
    <datafield tag="650" ind1=" " ind2="7">
      <subfield code="a">Filmművészet története</subfield>
      <subfield code="x">képekkel</subfield>
      <subfield code="2">szte</subfield>
    </datafield>
    <datafield tag="650" ind1=" " ind2="7">
      <subfield code="a">Filmművészet</subfield>
      <subfield code="x">nemzetközi</subfield>
      <subfield code="y">1902-2003</subfield>
      <subfield code="x">képekkel</subfield>
      <subfield code="2">szte</subfield>
    </datafield>
    <datafield tag="650" ind1=" " ind2="4">
      <subfield code="a">Filmelemzések</subfield>
    </datafield>
    <datafield tag="650" ind1=" " ind2="4">
      <subfield code="a">Filmesztétika</subfield>
    </datafield>
    <datafield tag="650" ind1=" " ind2="4">
      <subfield code="a">filmtörténet</subfield>
    </datafield>
    <datafield tag="650" ind1=" " ind2="4">
      <subfield code="a">szaklexikon</subfield>
    </datafield>
    <datafield tag="650" ind1=" " ind2="7">
      <subfield code="a">Filmművészet</subfield>
      <subfield code="x">világ országai</subfield>
    </datafield>
    <datafield tag="695" ind1=" " ind2=" ">
      <subfield code="a">ODR 2004</subfield>
    </datafield>
    <datafield tag="700" ind1="1" ind2=" ">
      <subfield code="a">Schneider, Steven Jay</subfield>
      <subfield code="4">szerk.</subfield>
    </datafield>
    <datafield tag="700" ind1="1" ind2=" ">
      <subfield code="a">Andrew, Geoff</subfield>
      <subfield code="4">közrem.</subfield>
    </datafield>
    <datafield tag="700" ind1="1" ind2=" ">
      <subfield code="a">Császi Ádám</subfield>
      <subfield code="4">ford.</subfield>
    </datafield>
    <datafield tag="852" ind1=" " ind2=" ">
      <subfield code="a">B10</subfield>
      <subfield code="b">B10</subfield>
      <subfield code="x">bibFSZ1059449</subfield>
    </datafield>
    <datafield tag="852" ind1=" " ind2=" ">
      <subfield code="a">D1</subfield>
      <subfield code="B">D1</subfield>
      <subfield code="B">HBO8</subfield>
      <subfield code="B">D1/3</subfield>
      <subfield code="b">D1/P7</subfield>
      <subfield code="x">bibFSZ1059449</subfield>
    </datafield>
    <datafield tag="852" ind1=" " ind2=" ">
      <subfield code="a">ST1</subfield>
      <subfield code="b">ST1</subfield>
      <subfield code="x">bibBBM252701</subfield>
    </datafield>
    <datafield tag="852" ind1=" " ind2=" ">
      <subfield code="a">M2</subfield>
      <subfield code="b">M2</subfield>
      <subfield code="x">bibRFK00155329</subfield>
    </datafield>
    <datafield tag="852" ind1=" " ind2=" ">
      <subfield code="a">SZ4</subfield>
      <subfield code="b">SZ4</subfield>
      <subfield code="x">bibFSZ1059449</subfield>
    </datafield>
    <datafield tag="852" ind1=" " ind2=" ">
      <subfield code="a">SZL1</subfield>
      <subfield code="b">SZL1</subfield>
      <subfield code="x">bibVFK00259741</subfield>
    </datafield>
    <datafield tag="852" ind1=" " ind2=" ">
      <subfield code="a">B8</subfield>
      <subfield code="b">B8</subfield>
      <subfield code="x">OGYK000115199</subfield>
    </datafield>
    <datafield tag="852" ind1=" " ind2=" ">
      <subfield code="a">SZ1</subfield>
      <subfield code="b">SZ1/S1</subfield>
      <subfield code="b">SZ10/GYAK</subfield>
      <subfield code="x">bibFSZ1059449</subfield>
    </datafield>
  </record>
  <record>
    <leader>01170nam  2200325   4500</leader>
    <controlfield tag="001">MOKKAW0005116240  </controlfield>
    <controlfield tag="005">20100107085637.0</controlfield>
    <controlfield tag="008">080122s2004    hu                  hun d</controlfield>
    <datafield tag="020" ind1=" " ind2=" ">
      <subfield code="a">978-963-689-067-4 (kötött)</subfield>
    </datafield>
    <datafield tag="020" ind1=" " ind2=" ">
      <subfield code="a">978 963 689 067 4 (kötött) :</subfield>
    </datafield>
    <datafield tag="035" ind1=" " ind2=" ">
      <subfield code="a">bibSOK00427942</subfield>
    </datafield>
    <datafield tag="040" ind1=" " ind2=" ">
      <subfield code="a">SK</subfield>
    </datafield>
    <datafield tag="041" ind1=" " ind2=" ">
      <subfield code="a">hun</subfield>
    </datafield>
    <datafield tag="080" ind1=" " ind2=" ">
      <subfield code="a">791..43(100)</subfield>
    </datafield>
    <datafield tag="130" ind1="0" ind2=" ">
      <subfield code="a">1001 movies you must see before you die</subfield>
    </datafield>
    <datafield tag="245" ind1="1" ind2="0">
      <subfield code="a">1001 film :</subfield>
      <subfield code="b">amit látnod kell, mielőtt meghalsz /</subfield>
      <subfield code="c">Steven Jay Schneider főszerk. ; [... szerzői Geoff Andrew et al.] ; [ford. Császi Ádám et al.]</subfield>
    </datafield>
    <datafield tag="260" ind1=" " ind2=" ">
      <subfield code="a">[Budapest] :</subfield>
      <subfield code="b">Gabo,</subfield>
      <subfield code="c">cop. 2007</subfield>
    </datafield>
    <datafield tag="300" ind1=" " ind2=" ">
      <subfield code="a">960 p. :</subfield>
      <subfield code="b">ill. ;</subfield>
      <subfield code="c">22 cm</subfield>
    </datafield>
    <datafield tag="650" ind1=" " ind2="7">
      <subfield code="a">Filmművészet története</subfield>
      <subfield code="x">képekkel</subfield>
      <subfield code="2">szte</subfield>
    </datafield>
    <datafield tag="650" ind1=" " ind2="7">
      <subfield code="a">Filmművészet</subfield>
      <subfield code="x">nemzetközi</subfield>
      <subfield code="y">1902-2003</subfield>
      <subfield code="x">képekkel</subfield>
      <subfield code="2">szte</subfield>
    </datafield>
    <datafield tag="650" ind1=" " ind2="4">
      <subfield code="a">Filmek</subfield>
      <subfield code="x">enciklopédiák</subfield>
    </datafield>
    <datafield tag="650" ind1=" " ind2="0">
      <subfield code="a">Motion pictures</subfield>
      <subfield code="x">Encyclopedias.</subfield>
    </datafield>
    <datafield tag="695" ind1=" " ind2=" ">
      <subfield code="a">Filmművészet</subfield>
    </datafield>
    <datafield tag="695" ind1=" " ind2=" ">
      <subfield code="a">Játékfilm</subfield>
    </datafield>
    <datafield tag="700" ind1="1" ind2=" ">
      <subfield code="a">Schneider, Steven Jay</subfield>
      <subfield code="4">szerk.</subfield>
    </datafield>
    <datafield tag="700" ind1="1" ind2=" ">
      <subfield code="a">Andrew, Geoff</subfield>
      <subfield code="4">közrem.</subfield>
    </datafield>
    <datafield tag="700" ind1="1" ind2=" ">
      <subfield code="a">Császi Ádám</subfield>
      <subfield code="4">ford.</subfield>
    </datafield>
    <datafield tag="852" ind1=" " ind2=" ">
      <subfield code="a">SZ4</subfield>
      <subfield code="b">SZ4/K1</subfield>
      <subfield code="x">bibSOK00427942</subfield>
    </datafield>
    <datafield tag="852" ind1=" " ind2=" ">
      <subfield code="a">D1</subfield>
      <subfield code="b">D1</subfield>
      <subfield code="x">bibDEK00684489</subfield>
    </datafield>
    <datafield tag="852" ind1=" " ind2=" ">
      <subfield code="a">P1</subfield>
      <subfield code="b">P1/SZ</subfield>
      <subfield code="x">bibPTE00540316</subfield>
    </datafield>
  </record>
  <record>
    <leader>00774fam  2200229 i 4500</leader>
    <controlfield tag="001">MOKKAZ0006471152  </controlfield>
    <controlfield tag="005">20040915204302.0</controlfield>
    <controlfield tag="008">031127t20032003hu ar         001 0 hun d</controlfield>
    <datafield tag="020" ind1=" " ind2=" ">
      <subfield code="a">963-8475-89-7 (kötött)</subfield>
    </datafield>
    <datafield tag="035" ind1=" " ind2=" ">
      <subfield code="a">1054836</subfield>
    </datafield>
    <datafield tag="040" ind1=" " ind2=" ">
      <subfield code="a">OSZK</subfield>
    </datafield>
    <datafield tag="041" ind1="1" ind2=" ">
      <subfield code="a">hunhun</subfield>
      <subfield code="h">eng</subfield>
    </datafield>
    <datafield tag="130" ind1="0" ind2="0">
      <subfield code="a">1,001 DIY hints and tips</subfield>
      <subfield code="l">magyar</subfield>
    </datafield>
    <datafield tag="245" ind1="0" ind2="0">
      <subfield code="a">1001 fortély a ház körül /</subfield>
      <subfield code="c">[ford. Gordos Judit et al.]</subfield>
    </datafield>
    <datafield tag="260" ind1=" " ind2=" ">
      <subfield code="a">Budapest :</subfield>
      <subfield code="b">Reader's Digest K.,</subfield>
      <subfield code="c">cop. 2003</subfield>
      <subfield code="e">(Spain</subfield>
      <subfield code="f">Mateu Cromo)</subfield>
    </datafield>
    <datafield tag="300" ind1=" " ind2=" ">
      <subfield code="a">296 p. :</subfield>
      <subfield code="b">ill., színes ;</subfield>
      <subfield code="c">27 cm</subfield>
    </datafield>
    <datafield tag="650" ind1=" " ind2="4">
      <subfield code="a">Háztartások</subfield>
      <subfield code="x">karbantartás és javítás</subfield>
    </datafield>
    <datafield tag="650" ind1=" " ind2="0">
      <subfield code="a">Households</subfield>
      <subfield code="x">Maintenance and repair.</subfield>
    </datafield>
    <datafield tag="700" ind1="1" ind2=" ">
      <subfield code="a">Gordos Judit</subfield>
      <subfield code="4">(ford.)</subfield>
    </datafield>
    <datafield tag="852" ind1=" " ind2=" ">
      <subfield code="a">B1</subfield>
      <subfield code="b">B1</subfield>
      <subfield code="x">1054836</subfield>
    </datafield>
    <datafield tag="852" ind1=" " ind2=" ">
      <subfield code="a">D1</subfield>
      <subfield code="b">D1</subfield>
      <subfield code="x">bibJPT00223717</subfield>
    </datafield>
    <datafield tag="852" ind1=" " ind2=" ">
      <subfield code="a">P1</subfield>
      <subfield code="B">P1</subfield>
      <subfield code="b">P1/MK</subfield>
      <subfield code="x">bibJPT00223717</subfield>
    </datafield>
  </record>
  <record>
    <leader>01181nam  2200337   4500</leader>
    <controlfield tag="001">MOKKAZ0004735477  </controlfield>
    <controlfield tag="005">20040910095227.0</controlfield>
    <controlfield tag="008">      s2003                        hun d</controlfield>
    <datafield tag="020" ind1=" " ind2=" ">
      <subfield code="a">963-8475-89-7 (kötött) :</subfield>
      <subfield code="c">6990,-Ft</subfield>
    </datafield>
    <datafield tag="035" ind1=" " ind2=" ">
      <subfield code="a">bibFSZ880384</subfield>
    </datafield>
    <datafield tag="040" ind1=" " ind2=" ">
      <subfield code="a">FSZEK</subfield>
    </datafield>
    <datafield tag="041" ind1=" " ind2=" ">
      <subfield code="a">hun</subfield>
    </datafield>
    <datafield tag="240" ind1=" " ind2="0">
      <subfield code="a">1001 DIY hints and tips</subfield>
    </datafield>
    <datafield tag="245" ind1="0" ind2="0">
      <subfield code="a">1001 fortély a ház körül :</subfield>
      <subfield code="b">[trükkök, mesterfogások, bevált módszerek és egyéb szellemes ötletek külső és belső munkákhoz egyaránt] /</subfield>
      <subfield code="c">[szerk. Schlosser Tamás] ; [ford. Gordos Judit et al.]</subfield>
    </datafield>
    <datafield tag="260" ind1=" " ind2=" ">
      <subfield code="a">Budapest :</subfield>
      <subfield code="b">Reader's Digest,</subfield>
      <subfield code="c">cop. 2003</subfield>
    </datafield>
    <datafield tag="300" ind1=" " ind2=" ">
      <subfield code="a">296 p. :</subfield>
      <subfield code="b">ill. ;</subfield>
      <subfield code="c">27x27 cm</subfield>
    </datafield>
    <datafield tag="650" ind1=" " ind2="4">
      <subfield code="a">Barkácsolás</subfield>
    </datafield>
    <datafield tag="650" ind1=" " ind2="4">
      <subfield code="a">Lakásfelújítás</subfield>
    </datafield>
    <datafield tag="650" ind1=" " ind2="4">
      <subfield code="a">enciklopédia</subfield>
    </datafield>
    <datafield tag="650" ind1=" " ind2="4">
      <subfield code="a">háztartás</subfield>
    </datafield>
    <datafield tag="650" ind1=" " ind2="4">
      <subfield code="a">útmutató</subfield>
    </datafield>
    <datafield tag="680" ind1=" " ind2="1">
      <subfield code="a">barkácsolás</subfield>
    </datafield>
    <datafield tag="680" ind1=" " ind2="1">
      <subfield code="x">(083.13)</subfield>
      <subfield code="a">háztartás</subfield>
    </datafield>
    <datafield tag="680" ind1=" " ind2="0">
      <subfield code="a">kézikönyv, adattár</subfield>
      <subfield code="a">adattár, kézikönyv</subfield>
    </datafield>
    <datafield tag="700" ind1="1" ind2=" ">
      <subfield code="a">Schlosser Tamás</subfield>
      <subfield code="4">szerk.</subfield>
    </datafield>
    <datafield tag="700" ind1="1" ind2=" ">
      <subfield code="a">Gordos Judit</subfield>
      <subfield code="4">ford.</subfield>
    </datafield>
    <datafield tag="852" ind1=" " ind2=" ">
      <subfield code="a">B10</subfield>
      <subfield code="b">0801</subfield>
      <subfield code="x">bibFSZ880384</subfield>
    </datafield>
    <datafield tag="852" ind1=" " ind2=" ">
      <subfield code="a">SZL1</subfield>
      <subfield code="b">SZL1</subfield>
      <subfield code="x">bibVFK00248814</subfield>
    </datafield>
    <datafield tag="852" ind1=" " ind2=" ">
      <subfield code="a">SZO1</subfield>
      <subfield code="b">SZO1</subfield>
      <subfield code="x">150362678</subfield>
    </datafield>
    <datafield tag="852" ind1=" " ind2=" ">
      <subfield code="a">B11</subfield>
      <subfield code="b">B11</subfield>
      <subfield code="x">BMEOMIKK000475063</subfield>
    </datafield>
    <datafield tag="852" ind1=" " ind2=" ">
      <subfield code="a">GY1</subfield>
      <subfield code="b">GY1</subfield>
      <subfield code="x">608621</subfield>
    </datafield>
  </record>
  <record>
    <leader>00687cam  2200217 a 4500</leader>
    <controlfield tag="001">MOKKAZ0005365415  </controlfield>
    <controlfield tag="005">20040910174140.0</controlfield>
    <controlfield tag="008">970219         HU            000 0 hun d</controlfield>
    <datafield tag="020" ind1=" " ind2=" ">
      <subfield code="a">963-7881-43-3</subfield>
    </datafield>
    <datafield tag="035" ind1=" " ind2=" ">
      <subfield code="a">9412</subfield>
    </datafield>
    <datafield tag="040" ind1=" " ind2=" ">
      <subfield code="a">SEKK</subfield>
    </datafield>
    <datafield tag="041" ind1="0" ind2=" ">
      <subfield code="a">hun</subfield>
    </datafield>
    <datafield tag="100" ind1="1" ind2="0">
      <subfield code="a">Hartmann, Eberhard L.</subfield>
    </datafield>
    <datafield tag="245" ind1="1" ind2="0">
      <subfield code="a">1001 házi orvosság, hogy természetes úton nyerje vissza egészségét</subfield>
      <subfield code="b">/</subfield>
      <subfield code="c">Eberhard L. Hartmann</subfield>
    </datafield>
    <datafield tag="260" ind1="0" ind2="0">
      <subfield code="a">[Bp.?] :</subfield>
      <subfield code="b">R. A. Kft.,</subfield>
      <subfield code="c">[1996.]</subfield>
    </datafield>
    <datafield tag="300" ind1=" " ind2=" ">
      <subfield code="a">183 p. ;</subfield>
      <subfield code="c">21 cm.</subfield>
    </datafield>
    <datafield tag="490" ind1="1" ind2="0">
      <subfield code="a">(Betegségmegelőzés és öngyógyítás)</subfield>
    </datafield>
    <datafield tag="650" ind1="1" ind2="4">
      <subfield code="a">Természetgyógyászat</subfield>
    </datafield>
    <datafield tag="650" ind1="1" ind2="4">
      <subfield code="a">Alternative medicine</subfield>
    </datafield>
    <datafield tag="830" ind1=" " ind2="0">
      <subfield code="a">Betegségmegelőzés és öngyógyítás</subfield>
    </datafield>
    <datafield tag="852" ind1=" " ind2=" ">
      <subfield code="a">B13</subfield>
      <subfield code="b">B13</subfield>
      <subfield code="x">9412</subfield>
    </datafield>
  </record>
  <record>
    <leader>00846nam  2200253 i 4500</leader>
    <controlfield tag="001">MOKKAS0001281843  </controlfield>
    <controlfield tag="005">20060112192223.0</controlfield>
    <controlfield tag="008">      s199     hu            00010 hun d</controlfield>
    <datafield tag="020" ind1=" " ind2=" ">
      <subfield code="a">963-7881-43-3 (fűzött) :</subfield>
      <subfield code="c">600,-Ft</subfield>
    </datafield>
    <datafield tag="035" ind1=" " ind2=" ">
      <subfield code="a">bibRFK00112539</subfield>
    </datafield>
    <datafield tag="040" ind1=" " ind2=" ">
      <subfield code="a">RFMK</subfield>
    </datafield>
    <datafield tag="041" ind1=" " ind2=" ">
      <subfield code="a">hun</subfield>
    </datafield>
    <datafield tag="100" ind1="1" ind2=" ">
      <subfield code="a">Hartmann, Eberhard L.</subfield>
    </datafield>
    <datafield tag="240" ind1="1" ind2="4">
      <subfield code="a">Das Grosse Handbuch der Hausmittel (magyar)</subfield>
    </datafield>
    <datafield tag="245" ind1="1" ind2="0">
      <subfield code="a">1001 házi orvosság, hogy természetes úton nyerje vissza egészségét :</subfield>
      <subfield code="b">betegségmegelőzés és öngyógyítás /</subfield>
      <subfield code="c">Eberhard L. Hartmann ; [ford. Kicsák János]</subfield>
    </datafield>
    <datafield tag="260" ind1=" " ind2=" ">
      <subfield code="b">R.A. Kft.,</subfield>
      <subfield code="c">[199?]</subfield>
    </datafield>
    <datafield tag="300" ind1=" " ind2=" ">
      <subfield code="a">183 p. ;</subfield>
      <subfield code="c">21 cm</subfield>
    </datafield>
    <datafield tag="500" ind1=" " ind2=" ">
      <subfield code="a">rs</subfield>
    </datafield>
    <datafield tag="650" ind1=" " ind2="4">
      <subfield code="a">természetgyógyászat</subfield>
    </datafield>
    <datafield tag="650" ind1=" " ind2="4">
      <subfield code="a">gyógymódok</subfield>
    </datafield>
    <datafield tag="650" ind1=" " ind2="4">
      <subfield code="a">mentálhigiéné</subfield>
    </datafield>
    <datafield tag="650" ind1=" " ind2="4">
      <subfield code="a">útmutatók</subfield>
    </datafield>
    <datafield tag="700" ind1="1" ind2=" ">
      <subfield code="a">Kicsák Lóránt</subfield>
      <subfield code="d">(1971)</subfield>
      <subfield code="4">ford.</subfield>
    </datafield>
    <datafield tag="852" ind1=" " ind2=" ">
      <subfield code="a">M2</subfield>
      <subfield code="b">M2</subfield>
      <subfield code="x">bibRFK00112539</subfield>
    </datafield>
  </record>
  <record>
    <leader>00571nam  2200169 i 4500</leader>
    <controlfield tag="001">MOKKAS0001044100  </controlfield>
    <controlfield tag="005">20051215175311.0</controlfield>
    <controlfield tag="008">050903s1999    hu            00010 hun d</controlfield>
    <datafield tag="020" ind1=" " ind2=" ">
      <subfield code="a">963-7881-43-3</subfield>
    </datafield>
    <datafield tag="035" ind1=" " ind2=" ">
      <subfield code="a">bibBKO00223544</subfield>
    </datafield>
    <datafield tag="040" ind1=" " ind2=" ">
      <subfield code="a">BMK</subfield>
    </datafield>
    <datafield tag="100" ind1="1" ind2=" ">
      <subfield code="a">Hartmann, Eberhardt L.</subfield>
    </datafield>
    <datafield tag="245" ind1="1" ind2="0">
      <subfield code="a">1001 házi orvosság, hogy természetes úton nyerje vissza egészségét ; betegségmegelőzés és öngyógyitás /</subfield>
      <subfield code="c">Eberhardt L. Hartmann</subfield>
    </datafield>
    <datafield tag="260" ind1=" " ind2=" ">
      <subfield code="a">[Budapest] :</subfield>
      <subfield code="b">R. A. Kft,</subfield>
      <subfield code="c">[1999]</subfield>
    </datafield>
    <datafield tag="300" ind1=" " ind2=" ">
      <subfield code="a">183 p. ;</subfield>
      <subfield code="c">21 cm</subfield>
    </datafield>
    <datafield tag="650" ind1=" " ind2="4">
      <subfield code="a">öngyógyitás</subfield>
    </datafield>
    <datafield tag="852" ind1=" " ind2=" ">
      <subfield code="a">BCS1</subfield>
      <subfield code="b">BCS1</subfield>
      <subfield code="x">bibBKO00223544</subfield>
    </datafield>
  </record>
  <record>
    <leader>01031fam  2200289 i 4500</leader>
    <controlfield tag="001">MOKKAZ0006250444  </controlfield>
    <controlfield tag="005">20090505174956.0</controlfield>
    <controlfield tag="008">940510t19891989hu a          000 1 hun d</controlfield>
    <datafield tag="020" ind1=" " ind2=" ">
      <subfield code="a">963-09-3352-7 (fűzött) :</subfield>
      <subfield code="c">60,- Ft</subfield>
    </datafield>
    <datafield tag="035" ind1=" " ind2=" ">
      <subfield code="a">602508</subfield>
    </datafield>
    <datafield tag="040" ind1=" " ind2=" ">
      <subfield code="a">OSZK</subfield>
    </datafield>
    <datafield tag="041" ind1="0" ind2=" ">
      <subfield code="a">hunhun</subfield>
    </datafield>
    <datafield tag="100" ind1="1" ind2=" ">
      <subfield code="a">Sinkó Péter</subfield>
      <subfield code="d">(1949-)</subfield>
    </datafield>
    <datafield tag="245" ind1="1" ind2="0">
      <subfield code="a">1001 hülye tanács fogyókúrázóknak /</subfield>
      <subfield code="c">Sinkó Péter</subfield>
    </datafield>
    <datafield tag="260" ind1=" " ind2=" ">
      <subfield code="a">[Budapest] :</subfield>
      <subfield code="b">Béta,</subfield>
      <subfield code="c">1989</subfield>
      <subfield code="e">([Budapest]</subfield>
      <subfield code="f">NYIFÜ)</subfield>
      <subfield code="e">(Debrecen</subfield>
      <subfield code="f">Alföldi Ny.)</subfield>
    </datafield>
    <datafield tag="300" ind1=" " ind2=" ">
      <subfield code="a">202 p. :</subfield>
      <subfield code="b">ill. ;</subfield>
      <subfield code="c">18 cm</subfield>
    </datafield>
    <datafield tag="500" ind1=" " ind2=" ">
      <subfield code="a">Szatírák</subfield>
    </datafield>
    <datafield tag="695" ind1=" " ind2=" ">
      <subfield code="a">xxx</subfield>
    </datafield>
    <datafield tag="852" ind1=" " ind2=" ">
      <subfield code="a">B1</subfield>
      <subfield code="b">B1</subfield>
      <subfield code="x">602508</subfield>
    </datafield>
    <datafield tag="852" ind1=" " ind2=" ">
      <subfield code="a">B10</subfield>
      <subfield code="b">0801</subfield>
      <subfield code="b">1801</subfield>
      <subfield code="b">1803</subfield>
      <subfield code="b">1903</subfield>
      <subfield code="b">2103</subfield>
      <subfield code="b">2104</subfield>
      <subfield code="b">2105</subfield>
      <subfield code="b">0902</subfield>
      <subfield code="b">1308</subfield>
      <subfield code="b">0401</subfield>
      <subfield code="b">0101</subfield>
      <subfield code="b">1105</subfield>
      <subfield code="b">0204</subfield>
      <subfield code="b">0307C</subfield>
      <subfield code="b">0202</subfield>
      <subfield code="b">1004</subfield>
      <subfield code="b">1503</subfield>
      <subfield code="x">bibFSZ00035180</subfield>
    </datafield>
    <datafield tag="852" ind1=" " ind2=" ">
      <subfield code="a">BCS1</subfield>
      <subfield code="b">BCS1</subfield>
      <subfield code="x">bibBKO00129239</subfield>
    </datafield>
    <datafield tag="852" ind1=" " ind2=" ">
      <subfield code="a">SZL1</subfield>
      <subfield code="b">SZL1</subfield>
      <subfield code="x">bibVFK00154049</subfield>
    </datafield>
    <datafield tag="852" ind1=" " ind2=" ">
      <subfield code="a">SZK1</subfield>
      <subfield code="b">SZK1</subfield>
      <subfield code="x">963 09 3352 7</subfield>
    </datafield>
    <datafield tag="852" ind1=" " ind2=" ">
      <subfield code="a">D1</subfield>
      <subfield code="b">D1</subfield>
      <subfield code="x">bibKLT00007725</subfield>
    </datafield>
    <datafield tag="852" ind1=" " ind2=" ">
      <subfield code="a">P1</subfield>
      <subfield code="b">P1/FK</subfield>
      <subfield code="x">bibJPT00129846</subfield>
    </datafield>
    <datafield tag="852" ind1=" " ind2=" ">
      <subfield code="a">SZ4</subfield>
      <subfield code="b">SZ4</subfield>
      <subfield code="b">SZ4/K2</subfield>
      <subfield code="b">SZ4/R2</subfield>
      <subfield code="b">SZ4/F7</subfield>
      <subfield code="x">bibFSZ00035180</subfield>
    </datafield>
    <datafield tag="852" ind1=" " ind2=" ">
      <subfield code="a">M2</subfield>
      <subfield code="b">M2</subfield>
      <subfield code="x">bibRFK00064932</subfield>
    </datafield>
  </record>
  <record>
    <leader>00457nam  2200145 i 4500</leader>
    <controlfield tag="001">MOKKAS0003244880  </controlfield>
    <controlfield tag="005">20060601191912.0</controlfield>
    <controlfield tag="008">050101s1989                            d</controlfield>
    <datafield tag="035" ind1=" " ind2=" ">
      <subfield code="a">155012</subfield>
    </datafield>
    <datafield tag="040" ind1=" " ind2=" ">
      <subfield code="a">KKMK</subfield>
    </datafield>
    <datafield tag="100" ind1="1" ind2=" ">
      <subfield code="a">Sinkó Péter</subfield>
      <subfield code="d">(1949-)</subfield>
      <subfield code="c">(humorista)</subfield>
    </datafield>
    <datafield tag="245" ind1="1" ind2="0">
      <subfield code="a">1001 hülye tanács fogyókúrázóknak /</subfield>
      <subfield code="c">Sinkó Péter</subfield>
    </datafield>
    <datafield tag="260" ind1=" " ind2=" ">
      <subfield code="a">Budapest :</subfield>
      <subfield code="b">Béta Műszaki Könyvkiadó Ügynökség,</subfield>
      <subfield code="c">1989</subfield>
    </datafield>
    <datafield tag="300" ind1=" " ind2=" ">
      <subfield code="a">202 p. :</subfield>
      <subfield code="b">ill. ;</subfield>
      <subfield code="c">18 cm</subfield>
    </datafield>
    <datafield tag="852" ind1=" " ind2=" ">
      <subfield code="a">GY1</subfield>
      <subfield code="b">GY1</subfield>
      <subfield code="x">155012</subfield>
    </datafield>
  </record>
  <record>
    <leader>00476nam  2200169 i 4500</leader>
    <controlfield tag="001">MOKKAW0005383374  </controlfield>
    <controlfield tag="005">20080411223200.0</controlfield>
    <controlfield tag="008">990828s1993                  000 0 eng d</controlfield>
    <datafield tag="020" ind1=" " ind2=" ">
      <subfield code="a">1-85501-236-7</subfield>
    </datafield>
    <datafield tag="035" ind1=" " ind2=" ">
      <subfield code="a">BMEOMIKK000089199</subfield>
    </datafield>
    <datafield tag="040" ind1=" " ind2=" ">
      <subfield code="a">BMEOMIKK</subfield>
    </datafield>
    <datafield tag="041" ind1="0" ind2=" ">
      <subfield code="a">eng</subfield>
    </datafield>
    <datafield tag="245" ind1="0" ind2="0">
      <subfield code="a">1001 images of cars /</subfield>
      <subfield code="c">text by Jérome Bureau</subfield>
    </datafield>
    <datafield tag="260" ind1=" " ind2=" ">
      <subfield code="a">London :</subfield>
      <subfield code="b">Tiger Books Intern.,</subfield>
      <subfield code="c">cop. 1993</subfield>
    </datafield>
    <datafield tag="300" ind1=" " ind2=" ">
      <subfield code="a">125 p. ;</subfield>
      <subfield code="c">36 cm</subfield>
    </datafield>
    <datafield tag="700" ind1="1" ind2=" ">
      <subfield code="a">Bureau, Jérome</subfield>
    </datafield>
    <datafield tag="852" ind1=" " ind2=" ">
      <subfield code="a">B11</subfield>
      <subfield code="b">B11</subfield>
      <subfield code="x">BMEOMIKK000089199</subfield>
    </datafield>
  </record>
  <record>
    <leader>00475nam  2200169 i 4500</leader>
    <controlfield tag="001">MOKKAW0005383373  </controlfield>
    <controlfield tag="005">20080411223159.0</controlfield>
    <controlfield tag="008">990828s1993                  000 0 eng d</controlfield>
    <datafield tag="020" ind1=" " ind2=" ">
      <subfield code="a">1-85501-237-5</subfield>
    </datafield>
    <datafield tag="035" ind1=" " ind2=" ">
      <subfield code="a">BMEOMIKK000089198</subfield>
    </datafield>
    <datafield tag="040" ind1=" " ind2=" ">
      <subfield code="a">BMEOMIKK</subfield>
    </datafield>
    <datafield tag="041" ind1="0" ind2=" ">
      <subfield code="a">eng</subfield>
    </datafield>
    <datafield tag="245" ind1="0" ind2="0">
      <subfield code="a">1001 images of aircraft /</subfield>
      <subfield code="c">text by Francois Gross</subfield>
    </datafield>
    <datafield tag="260" ind1=" " ind2=" ">
      <subfield code="a">London :</subfield>
      <subfield code="b">Tiger Books Intern.,</subfield>
      <subfield code="c">1993</subfield>
    </datafield>
    <datafield tag="300" ind1=" " ind2=" ">
      <subfield code="a">127 p. ;</subfield>
      <subfield code="c">36 cm</subfield>
    </datafield>
    <datafield tag="700" ind1="1" ind2=" ">
      <subfield code="a">Gross, Francois</subfield>
    </datafield>
    <datafield tag="852" ind1=" " ind2=" ">
      <subfield code="a">B11</subfield>
      <subfield code="b">B11</subfield>
      <subfield code="x">BMEOMIKK000089198</subfield>
    </datafield>
  </record>
  <record>
    <leader>00822nama 22001931i 4500</leader>
    <controlfield tag="001">MOKKAS0000698446  </controlfield>
    <controlfield tag="005">20060616203010.0</controlfield>
    <controlfield tag="008">041105s1987    de            000 0 gerod</controlfield>
    <datafield tag="035" ind1=" " ind2=" ">
      <subfield code="a">1457396</subfield>
    </datafield>
    <datafield tag="040" ind1=" " ind2=" ">
      <subfield code="a">OSZK</subfield>
    </datafield>
    <datafield tag="041" ind1="0" ind2=" ">
      <subfield code="a">gerger</subfield>
    </datafield>
    <datafield tag="245" ind1="0" ind2="0">
      <subfield code="a">100+1 Jahr Plakat in Ungarn : </subfield>
      <subfield code="b">Galerie Am Weidendamm, Januar 1987 /</subfield>
      <subfield code="c">[Org.] Ministerium für Kultur, Zentrum für Kunstausstellungen der DDR ; [Katalog László Szirmai, Hubert Riedel]</subfield>
    </datafield>
    <datafield tag="260" ind1=" " ind2=" ">
      <subfield code="a">[Berlin] :</subfield>
      <subfield code="b">Zentrum f. Kunstausstellungen d. DDR,</subfield>
      <subfield code="c">[1987]</subfield>
    </datafield>
    <datafield tag="300" ind1=" " ind2=" ">
      <subfield code="a">21 p. :</subfield>
      <subfield code="b">ill. ;</subfield>
      <subfield code="c">24 cm</subfield>
    </datafield>
    <datafield tag="500" ind1=" " ind2=" ">
      <subfield code="a">Kiállítás</subfield>
    </datafield>
    <datafield tag="500" ind1=" " ind2=" ">
      <subfield code="a">Válogatás az 1986-ban Budapesten megrendezett 100+1 éves a magyar plakát c. kiállítás anyagából</subfield>
    </datafield>
    <datafield tag="700" ind1="1" ind2=" ">
      <subfield code="a">Szirmai László</subfield>
      <subfield code="4">(közrem.)</subfield>
    </datafield>
    <datafield tag="700" ind1="1" ind2=" ">
      <subfield code="a">Riedel, Hubert</subfield>
      <subfield code="c">(cédulakatalógus alapján)</subfield>
      <subfield code="4">(közrem.)</subfield>
    </datafield>
    <datafield tag="852" ind1=" " ind2=" ">
      <subfield code="a">B1</subfield>
      <subfield code="b">B1</subfield>
      <subfield code="x">1457396</subfield>
    </datafield>
  </record>
  <record>
    <leader>01037nam  2200229 i 4500</leader>
    <controlfield tag="001">MOKKAZ0006434356  </controlfield>
    <controlfield tag="005">20040915202330.0</controlfield>
    <controlfield tag="008">010227m19879999de rp          00 0 gerod</controlfield>
    <datafield tag="020" ind1=" " ind2=" ">
      <subfield code="a">3-924302-27-8</subfield>
    </datafield>
    <datafield tag="035" ind1=" " ind2=" ">
      <subfield code="a">838773</subfield>
    </datafield>
    <datafield tag="040" ind1=" " ind2=" ">
      <subfield code="a">OSZK</subfield>
    </datafield>
    <datafield tag="041" ind1="0" ind2=" ">
      <subfield code="a">gerger</subfield>
      <subfield code="h">hun</subfield>
    </datafield>
    <datafield tag="072" ind1=" " ind2="1">
      <subfield code="a">y</subfield>
    </datafield>
    <datafield tag="245" ind1="0" ind2="0">
      <subfield code="a">100+1 Jahre ungarische Plakatkunst : </subfield>
      <subfield code="b">eine Ausstellung im Rahmen der Auslandskulturtage der Stadt Dortmund mit der Volksrepublik Ungarn 24. Mai - 28. Juni 1987 /</subfield>
      <subfield code="c">[hrsg. ... vom Museum für Kunst und Kulturgeschichte der Stadt Dortmund u. dem Museum am Ostwall Dortmund] ; [Katalogkonzeption u. Text Katalin Bakos] ; [Red. Dietmar Elger] ; [Übers. Tamás Szá</subfield>
    </datafield>
    <datafield tag="260" ind1=" " ind2=" ">
      <subfield code="a">Dortmund :</subfield>
      <subfield code="b">Cramers,</subfield>
      <subfield code="c">1987</subfield>
    </datafield>
    <datafield tag="300" ind1=" " ind2=" ">
      <subfield code="a">70 p. :</subfield>
      <subfield code="b">ill., részben színes ;</subfield>
      <subfield code="c">30 cm</subfield>
    </datafield>
    <datafield tag="700" ind1="1" ind2=" ">
      <subfield code="a">Bakos Katalin</subfield>
      <subfield code="d">(1952-)</subfield>
      <subfield code="4">(összeáll.)</subfield>
    </datafield>
    <datafield tag="700" ind1="1" ind2=" ">
      <subfield code="a">Elger, Dietmar</subfield>
      <subfield code="4">(szerk.)</subfield>
    </datafield>
    <datafield tag="700" ind1="1" ind2=" ">
      <subfield code="a">Szántó Tamás</subfield>
      <subfield code="4">(ford.)</subfield>
    </datafield>
    <datafield tag="710" ind1="2" ind2=" ">
      <subfield code="a">Museum für Kunst und Kulturgeschichte (Dortmund)</subfield>
      <subfield code="4">közread.</subfield>
    </datafield>
    <datafield tag="710" ind1="2" ind2=" ">
      <subfield code="a">Museum am Ostwall (Dortmund)</subfield>
      <subfield code="4">közread.</subfield>
    </datafield>
    <datafield tag="852" ind1=" " ind2=" ">
      <subfield code="a">B1</subfield>
      <subfield code="b">B1</subfield>
      <subfield code="x">838773</subfield>
    </datafield>
  </record>
  <record>
    <leader>00612aam  2200181   4500</leader>
    <controlfield tag="001">MOKKAZ0003907902  </controlfield>
    <controlfield tag="005">20040910011205.0</controlfield>
    <controlfield tag="008">890317 1988                        hun  </controlfield>
    <datafield tag="020" ind1=" " ind2=" ">
      <subfield code="a">963 592 767 3</subfield>
    </datafield>
    <datafield tag="035" ind1=" " ind2=" ">
      <subfield code="a">bibJAT00137731</subfield>
    </datafield>
    <datafield tag="040" ind1=" " ind2=" ">
      <subfield code="a">SZTE</subfield>
    </datafield>
    <datafield tag="245" ind1="0" ind2="0">
      <subfield code="a">1001 játék. C 64/128. Graphics BASIC. (Szerk. Székely László). 1.  [köt.] (Kiad.) LSI Alkalmazástechnikai Tanácsadó Szolg.</subfield>
    </datafield>
    <datafield tag="260" ind1=" " ind2=" ">
      <subfield code="a">Bp,</subfield>
      <subfield code="c">[1988]</subfield>
    </datafield>
    <datafield tag="300" ind1=" " ind2=" ">
      <subfield code="a">115 p. ;</subfield>
      <subfield code="c">24 cm.</subfield>
    </datafield>
    <datafield tag="650" ind1=" " ind2="7">
      <subfield code="a">Számítógépes játékok</subfield>
      <subfield code="2">szte</subfield>
    </datafield>
    <datafield tag="650" ind1=" " ind2="7">
      <subfield code="a">Programozási nyelv</subfield>
      <subfield code="x">Graphics BASIC</subfield>
      <subfield code="2">szte</subfield>
    </datafield>
    <datafield tag="700" ind1="1" ind2=" ">
      <subfield code="a">Székely László</subfield>
    </datafield>
    <datafield tag="852" ind1=" " ind2=" ">
      <subfield code="a">SZ1</subfield>
      <subfield code="b">SZ1</subfield>
      <subfield code="x">bibJAT00137731</subfield>
    </datafield>
  </record>
  <record>
    <leader>01742fam  2200505 i 4500</leader>
    <controlfield tag="001">MOKKAZ0003700793  </controlfield>
    <controlfield tag="005">20091109221627.0</controlfield>
    <controlfield tag="008">010105s2000    hu a     b    000 0 hun d</controlfield>
    <datafield tag="020" ind1=" " ind2=" ">
      <subfield code="a">963 9123 82 X (fűzött)</subfield>
      <subfield code="3">480,- Ft</subfield>
    </datafield>
    <datafield tag="035" ind1=" " ind2=" ">
      <subfield code="a">bibJPT00177875</subfield>
    </datafield>
    <datafield tag="040" ind1=" " ind2=" ">
      <subfield code="a">DEENK</subfield>
    </datafield>
    <datafield tag="041" ind1="1" ind2=" ">
      <subfield code="a">hun</subfield>
      <subfield code="h">ger</subfield>
    </datafield>
    <datafield tag="080" ind1=" " ind2=" ">
      <subfield code="a">372.879.6(035):</subfield>
    </datafield>
    <datafield tag="080" ind1=" " ind2=" ">
      <subfield code="a">797.2(035)</subfield>
    </datafield>
    <datafield tag="130" ind1="0" ind2=" ">
      <subfield code="a">1001 Spiel- und Übungsformen im Schwimmen</subfield>
      <subfield code="l">(magyar)</subfield>
    </datafield>
    <datafield tag="245" ind1="1" ind2="0">
      <subfield code="a">1001 játék- és gyakorlatforma az úszásban :</subfield>
      <subfield code="b">[kézikönyv tanároknak, edzőknek, versenyzőknek] ; [+ búvárkodás] /</subfield>
      <subfield code="c">írta szerzői kollektíva ; szerk. Walter Bucher ; [ford. Major Mercedes]</subfield>
    </datafield>
    <datafield tag="260" ind1=" " ind2=" ">
      <subfield code="a">Budapest ;</subfield>
      <subfield code="a">Pécs :</subfield>
      <subfield code="b">Dialóg Campus,</subfield>
      <subfield code="c">2000</subfield>
      <subfield code="e">(Pécs :</subfield>
      <subfield code="f">G &amp; G Kft.)</subfield>
    </datafield>
    <datafield tag="300" ind1=" " ind2=" ">
      <subfield code="a">257 p. :</subfield>
      <subfield code="b">ill. ;</subfield>
      <subfield code="c">15x21 cm</subfield>
    </datafield>
    <datafield tag="490" ind1="1" ind2=" ">
      <subfield code="a">(Dialóg Campus szakkönyvek ,</subfield>
      <subfield code="x">1417-7986)</subfield>
    </datafield>
    <datafield tag="490" ind1="1" ind2=" ">
      <subfield code="a">(Dialóg Campus sport ,</subfield>
      <subfield code="x">1586-0973)</subfield>
    </datafield>
    <datafield tag="504" ind1=" " ind2=" ">
      <subfield code="a">Bibliogr.: [258]. p.</subfield>
    </datafield>
    <datafield tag="650" ind1=" " ind2="4">
      <subfield code="a">Úszás</subfield>
      <subfield code="x">kézikönyvek stb.</subfield>
    </datafield>
    <datafield tag="650" ind1=" " ind2="0">
      <subfield code="a">Swimmig</subfield>
      <subfield code="x">Handbooks, manuals, etc.</subfield>
    </datafield>
    <datafield tag="650" ind1=" " ind2="7">
      <subfield code="a">Úszás</subfield>
      <subfield code="x">gyakorlatok</subfield>
      <subfield code="2">szte</subfield>
    </datafield>
    <datafield tag="650" ind1=" " ind2="4">
      <subfield code="a">úszás</subfield>
    </datafield>
    <datafield tag="650" ind1=" " ind2="4">
      <subfield code="a">Úszás</subfield>
      <subfield code="x">Tanítás</subfield>
    </datafield>
    <datafield tag="650" ind1=" " ind2="4">
      <subfield code="a">edzés</subfield>
    </datafield>
    <datafield tag="650" ind1=" " ind2="4">
      <subfield code="a">sportoktatás</subfield>
    </datafield>
    <datafield tag="650" ind1=" " ind2="7">
      <subfield code="a">edzés</subfield>
      <subfield code="2">opkm</subfield>
    </datafield>
    <datafield tag="650" ind1=" " ind2="7">
      <subfield code="a">úszás</subfield>
      <subfield code="2">opkm</subfield>
    </datafield>
    <datafield tag="650" ind1=" " ind2="7">
      <subfield code="a">testnevelés</subfield>
      <subfield code="2">opkm</subfield>
    </datafield>
    <datafield tag="650" ind1=" " ind2="7">
      <subfield code="a">sportoktatás</subfield>
      <subfield code="2">opkm</subfield>
    </datafield>
    <datafield tag="695" ind1=" " ind2=" ">
      <subfield code="a">úszás</subfield>
      <subfield code="x">tanítás</subfield>
    </datafield>
    <datafield tag="700" ind1="1" ind2=" ">
      <subfield code="a">Bucher, Walter</subfield>
    </datafield>
    <datafield tag="700" ind1="1" ind2=" ">
      <subfield code="a">Major Mercedes</subfield>
    </datafield>
    <datafield tag="830" ind1=" " ind2="0">
      <subfield code="a">Dialóg Campus szakkönyvek</subfield>
    </datafield>
    <datafield tag="830" ind1=" " ind2="0">
      <subfield code="a">Dialóg Campus sport</subfield>
    </datafield>
    <datafield tag="852" ind1=" " ind2=" ">
      <subfield code="a">D1</subfield>
      <subfield code="b">D1</subfield>
      <subfield code="x">bibJPT00177875</subfield>
    </datafield>
    <datafield tag="852" ind1=" " ind2=" ">
      <subfield code="a">SZ1</subfield>
      <subfield code="b">SZ1</subfield>
      <subfield code="x">bibJPT00177875</subfield>
    </datafield>
    <datafield tag="852" ind1=" " ind2=" ">
      <subfield code="a">P1</subfield>
      <subfield code="b">P1</subfield>
      <subfield code="x">bibPOT53294</subfield>
    </datafield>
    <datafield tag="852" ind1=" " ind2=" ">
      <subfield code="a">H1</subfield>
      <subfield code="b">H1</subfield>
      <subfield code="x">NLVK92302</subfield>
    </datafield>
    <datafield tag="852" ind1=" " ind2=" ">
      <subfield code="a">BCS1</subfield>
      <subfield code="b">BCS1</subfield>
      <subfield code="x">bibBKO00246481</subfield>
    </datafield>
    <datafield tag="852" ind1=" " ind2=" ">
      <subfield code="a">SZO1</subfield>
      <subfield code="b">SZO1</subfield>
      <subfield code="x">150158870</subfield>
    </datafield>
    <datafield tag="852" ind1=" " ind2=" ">
      <subfield code="a">S1</subfield>
      <subfield code="b">S48</subfield>
      <subfield code="x">bibSEF47206</subfield>
    </datafield>
    <datafield tag="852" ind1=" " ind2=" ">
      <subfield code="a">B7</subfield>
      <subfield code="b">B7</subfield>
      <subfield code="x">219618</subfield>
    </datafield>
  </record>
  <record>
    <leader>00863fam  2200277 i 4500</leader>
    <controlfield tag="001">MOKKAZ0005701088  </controlfield>
    <controlfield tag="005">20090521213019.0</controlfield>
    <controlfield tag="008">040518s1985                 000 0  HUN d</controlfield>
    <datafield tag="020" ind1=" " ind2=" ">
      <subfield code="a">963 592 512 3</subfield>
    </datafield>
    <datafield tag="035" ind1=" " ind2=" ">
      <subfield code="a">208001</subfield>
    </datafield>
    <datafield tag="040" ind1=" " ind2=" ">
      <subfield code="a">BCE</subfield>
    </datafield>
    <datafield tag="041" ind1="0" ind2=" ">
      <subfield code="a">HUN</subfield>
    </datafield>
    <datafield tag="245" ind1="0" ind2="0">
      <subfield code="a">1001 játék és a Graphics Basic Commodore 64-en /</subfield>
      <subfield code="c">[írta Erdős Iván et al.]</subfield>
    </datafield>
    <datafield tag="260" ind1=" " ind2=" ">
      <subfield code="a">Budapest :</subfield>
      <subfield code="b">LSI ATSZ,</subfield>
      <subfield code="c">1985</subfield>
    </datafield>
    <datafield tag="300" ind1=" " ind2=" ">
      <subfield code="a">115 p. :</subfield>
      <subfield code="b">ill. ;</subfield>
      <subfield code="c">24 cm</subfield>
    </datafield>
    <datafield tag="650" ind1="0" ind2="4">
      <subfield code="a">számítógép-program</subfield>
      <subfield code="x">játékok</subfield>
    </datafield>
    <datafield tag="650" ind1=" " ind2="4">
      <subfield code="a">Programnyelvek</subfield>
    </datafield>
    <datafield tag="650" ind1=" " ind2="4">
      <subfield code="a">Számítógépes programok</subfield>
    </datafield>
    <datafield tag="700" ind1="1" ind2="0">
      <subfield code="a">Erdős Iván</subfield>
      <subfield code="4">(Szerző)</subfield>
    </datafield>
    <datafield tag="700" ind1="1" ind2="0">
      <subfield code="a">Schmidt Endre</subfield>
      <subfield code="4">(Szerző)</subfield>
    </datafield>
    <datafield tag="700" ind1="1" ind2="0">
      <subfield code="a">Németh István</subfield>
      <subfield code="4">(Szerző)</subfield>
    </datafield>
    <datafield tag="700" ind1="1" ind2="0">
      <subfield code="a">Székely László</subfield>
      <subfield code="4">(Szerző)</subfield>
    </datafield>
    <datafield tag="852" ind1=" " ind2=" ">
      <subfield code="a">B11</subfield>
      <subfield code="b">B11</subfield>
      <subfield code="x">BMEOMIKK000019004</subfield>
    </datafield>
    <datafield tag="852" ind1=" " ind2=" ">
      <subfield code="a">B11</subfield>
      <subfield code="b">B11</subfield>
      <subfield code="x">BMEOMIKK000330970</subfield>
    </datafield>
    <datafield tag="852" ind1=" " ind2=" ">
      <subfield code="a">M1</subfield>
      <subfield code="b">M1</subfield>
      <subfield code="x">181697</subfield>
    </datafield>
    <datafield tag="852" ind1=" " ind2=" ">
      <subfield code="a">B12</subfield>
      <subfield code="b">B12</subfield>
      <subfield code="x">BCEKK315346</subfield>
    </datafield>
  </record>
  <record>
    <leader>00711nam  2200193 i 4500</leader>
    <controlfield tag="001">MOKKAS0002203717  </controlfield>
    <controlfield tag="005">20060525210621.0</controlfield>
    <controlfield tag="008">860203s1985    hu a          00000 hun 1</controlfield>
    <datafield tag="020" ind1=" " ind2=" ">
      <subfield code="a">963-592-555-7 (fűzött)</subfield>
      <subfield code="z">963 592 512 3</subfield>
    </datafield>
    <datafield tag="035" ind1=" " ind2=" ">
      <subfield code="a">bibSOK00056461</subfield>
    </datafield>
    <datafield tag="040" ind1=" " ind2=" ">
      <subfield code="a">SK</subfield>
    </datafield>
    <datafield tag="245" ind1="0" ind2="0">
      <subfield code="a">1001 játék és a Graphics BASIC Commodore 64-en /</subfield>
      <subfield code="c">[... szerk. Székely László] ; [írta Erdős Iván et al.] ; [közread. az] LSI Alkalmazástechnikai Tanácsadó Szolgálat</subfield>
    </datafield>
    <datafield tag="260" ind1=" " ind2=" ">
      <subfield code="a">Bp. :</subfield>
      <subfield code="b">[OMIKK],</subfield>
      <subfield code="c">1985</subfield>
      <subfield code="e">([Bp.] :</subfield>
      <subfield code="f">Mátrainvest Ny.)</subfield>
    </datafield>
    <datafield tag="300" ind1=" " ind2=" ">
      <subfield code="a">115 p. :</subfield>
      <subfield code="b">ill. ;</subfield>
      <subfield code="c">24 cm</subfield>
    </datafield>
    <datafield tag="695" ind1=" " ind2=" ">
      <subfield code="a">Játék</subfield>
      <subfield code="x">számítógép</subfield>
    </datafield>
    <datafield tag="695" ind1=" " ind2=" ">
      <subfield code="a">xxx</subfield>
    </datafield>
    <datafield tag="700" ind1="1" ind2=" ">
      <subfield code="a">Erdős Iván</subfield>
    </datafield>
    <datafield tag="700" ind1="1" ind2=" ">
      <subfield code="a">Székely László</subfield>
    </datafield>
    <datafield tag="852" ind1=" " ind2=" ">
      <subfield code="a">SZ4</subfield>
      <subfield code="b">SZ4</subfield>
      <subfield code="x">bibSOK00056461</subfield>
    </datafield>
  </record>
  <record>
    <leader>00920nam  2200229 i 4500</leader>
    <controlfield tag="001">MOKKAS0001374494  </controlfield>
    <controlfield tag="005">20060113020553.0</controlfield>
    <controlfield tag="008">      s1985    hu            00010 hun d</controlfield>
    <datafield tag="020" ind1=" " ind2=" ">
      <subfield code="a">963-592-555-7* (fűzött) :</subfield>
      <subfield code="c">100,- Ft</subfield>
    </datafield>
    <datafield tag="035" ind1=" " ind2=" ">
      <subfield code="a">bibRFK00079506</subfield>
    </datafield>
    <datafield tag="040" ind1=" " ind2=" ">
      <subfield code="a">RFMK</subfield>
    </datafield>
    <datafield tag="041" ind1=" " ind2=" ">
      <subfield code="a">hun</subfield>
    </datafield>
    <datafield tag="100" ind1="1" ind2=" ">
      <subfield code="a">Erdős Iván</subfield>
    </datafield>
    <datafield tag="245" ind1="1" ind2="0">
      <subfield code="a">1001 játék és a Graphics BASIC Commodore 64-en /</subfield>
      <subfield code="c">[... szerk. Székely László] ; [közread. az] LSI Alkalmazástechnikai Tanácsadó Szolgálat ; [írta Erdős Iván et al.]</subfield>
    </datafield>
    <datafield tag="260" ind1=" " ind2=" ">
      <subfield code="a">Budapest :</subfield>
      <subfield code="b">[Országos Műszaki Információs Központ és Könyvtár],</subfield>
      <subfield code="c">1985</subfield>
      <subfield code="e">([Budapest] :</subfield>
      <subfield code="f">Mátrainvest Ny.)</subfield>
    </datafield>
    <datafield tag="300" ind1=" " ind2=" ">
      <subfield code="a">115 p. :</subfield>
      <subfield code="b">ill. ;</subfield>
      <subfield code="c">24 cm</subfield>
    </datafield>
    <datafield tag="700" ind1="1" ind2=" ">
      <subfield code="a">Schmidt Endre</subfield>
    </datafield>
    <datafield tag="700" ind1="1" ind2=" ">
      <subfield code="a">Németh István</subfield>
    </datafield>
    <datafield tag="700" ind1="1" ind2=" ">
      <subfield code="a">Székely László</subfield>
    </datafield>
    <datafield tag="700" ind1="1" ind2=" ">
      <subfield code="a">Székely László</subfield>
      <subfield code="4">szerk.</subfield>
    </datafield>
    <datafield tag="710" ind1="2" ind2=" ">
      <subfield code="a">LSI Alkalmazástechnikai Tanácsadó Szolgálat (Budapest)</subfield>
      <subfield code="4">közread.</subfield>
    </datafield>
    <datafield tag="852" ind1=" " ind2=" ">
      <subfield code="a">M2</subfield>
      <subfield code="b">M2</subfield>
      <subfield code="x">bibRFK00079506</subfield>
    </datafield>
  </record>
  <record>
    <leader>00868nam  2200253 i 4500</leader>
    <controlfield tag="001">MOKKAW0005263362  </controlfield>
    <controlfield tag="005">20080408233107.0</controlfield>
    <controlfield tag="008">031127s1985    hu           u    j hun d</controlfield>
    <datafield tag="020" ind1=" " ind2=" ">
      <subfield code="a">963-592-555-7 (fűzött)</subfield>
    </datafield>
    <datafield tag="035" ind1=" " ind2=" ">
      <subfield code="a">NLVK92307</subfield>
    </datafield>
    <datafield tag="040" ind1=" " ind2=" ">
      <subfield code="a">NLVK</subfield>
    </datafield>
    <datafield tag="041" ind1="0" ind2=" ">
      <subfield code="a">hun</subfield>
    </datafield>
    <datafield tag="110" ind1="2" ind2="0">
      <subfield code="a">LSI Alkalmazástechnikai Tanácsadó Szolgálat (Budapest)</subfield>
    </datafield>
    <datafield tag="245" ind1="1" ind2="0">
      <subfield code="a">1001 játék és a Graphics BASIC Commodore 64-en /</subfield>
      <subfield code="c">[... szerk. Székely László]  ; [írta Erdős Iván et al.] ; [közread. az] LSI Alkalmazástechnikai Tanácsadó Szolgálat</subfield>
    </datafield>
    <datafield tag="260" ind1=" " ind2=" ">
      <subfield code="a">Budapest :</subfield>
      <subfield code="b">[OMIKK],</subfield>
      <subfield code="c">1985</subfield>
    </datafield>
    <datafield tag="300" ind1=" " ind2=" ">
      <subfield code="a">115 p. :</subfield>
      <subfield code="b">ill. ;</subfield>
      <subfield code="c">24 cm</subfield>
    </datafield>
    <datafield tag="650" ind1=" " ind2="4">
      <subfield code="a">Játék</subfield>
      <subfield code="x">Elektronikus</subfield>
    </datafield>
    <datafield tag="650" ind1=" " ind2="4">
      <subfield code="a">Számítástechnika</subfield>
    </datafield>
    <datafield tag="700" ind1="1" ind2=" ">
      <subfield code="a">Székely László</subfield>
    </datafield>
    <datafield tag="700" ind1="1" ind2=" ">
      <subfield code="a">Erdős Iván</subfield>
    </datafield>
    <datafield tag="700" ind1="1" ind2=" ">
      <subfield code="a">Schmidt Endre</subfield>
    </datafield>
    <datafield tag="700" ind1="1" ind2=" ">
      <subfield code="a">Németh István</subfield>
    </datafield>
    <datafield tag="700" ind1="1" ind2=" ">
      <subfield code="a">Székely László</subfield>
    </datafield>
    <datafield tag="852" ind1=" " ind2=" ">
      <subfield code="a">H1</subfield>
      <subfield code="b">H1</subfield>
      <subfield code="x">NLVK92307</subfield>
    </datafield>
  </record>
  <record>
    <leader>01141fam  2200313 i 4500</leader>
    <controlfield tag="001">MOKKAZ0006400292  </controlfield>
    <controlfield tag="005">20040915200615.0</controlfield>
    <controlfield tag="008">010105s2000    hu a     b    000 0 hun d</controlfield>
    <datafield tag="020" ind1=" " ind2=" ">
      <subfield code="a">963-9123-82-X (fűzött)</subfield>
    </datafield>
    <datafield tag="035" ind1=" " ind2=" ">
      <subfield code="a">796668</subfield>
    </datafield>
    <datafield tag="040" ind1=" " ind2=" ">
      <subfield code="a">OSZK</subfield>
    </datafield>
    <datafield tag="041" ind1="1" ind2=" ">
      <subfield code="a">hunhun</subfield>
      <subfield code="h">ger</subfield>
    </datafield>
    <datafield tag="130" ind1="0" ind2="0">
      <subfield code="a">1001 Spiel- und Übungsformen im Schwimmen</subfield>
      <subfield code="l">magyar</subfield>
    </datafield>
    <datafield tag="245" ind1="0" ind2="0">
      <subfield code="a">1001 játék- és gyakorlatforma az úszásban : </subfield>
      <subfield code="b">[kézikönyv tanároknak, edzőknek, versenyzőknek] /</subfield>
      <subfield code="c">írta szerzői kollektíva ; szerk. Walter Bucher ; [ford. Major Mercedes]</subfield>
    </datafield>
    <datafield tag="260" ind1=" " ind2=" ">
      <subfield code="a">Budapest</subfield>
      <subfield code="a">Pécs :</subfield>
      <subfield code="b">Dialóg Campus,</subfield>
      <subfield code="c">2000</subfield>
      <subfield code="e">(Pécs</subfield>
      <subfield code="f">G &amp; G Kft.)</subfield>
    </datafield>
    <datafield tag="300" ind1=" " ind2=" ">
      <subfield code="a">257 p. :</subfield>
      <subfield code="b">ill. ;</subfield>
      <subfield code="c">15x21 cm</subfield>
    </datafield>
    <datafield tag="490" ind1="1" ind2=" ">
      <subfield code="a">Dialóg Campus szakkönyvek</subfield>
      <subfield code="x">1417-7986</subfield>
    </datafield>
    <datafield tag="490" ind1="1" ind2=" ">
      <subfield code="a">Dialóg Campus sport</subfield>
      <subfield code="x">1586-0973</subfield>
    </datafield>
    <datafield tag="504" ind1=" " ind2=" ">
      <subfield code="a">Bibliogr.: p. [258].</subfield>
    </datafield>
    <datafield tag="695" ind1=" " ind2=" ">
      <subfield code="a">Úszás</subfield>
    </datafield>
    <datafield tag="695" ind1=" " ind2=" ">
      <subfield code="a">Testnevelés</subfield>
    </datafield>
    <datafield tag="695" ind1=" " ind2=" ">
      <subfield code="a">Tanári kézikönyv</subfield>
    </datafield>
    <datafield tag="700" ind1="1" ind2=" ">
      <subfield code="a">Major Mercedes</subfield>
      <subfield code="4">(ford.)</subfield>
    </datafield>
    <datafield tag="700" ind1="1" ind2=" ">
      <subfield code="a">Bucher, Walter</subfield>
      <subfield code="4">(szerk.)</subfield>
    </datafield>
    <datafield tag="830" ind1=" " ind2="0">
      <subfield code="a">Dialóg Campus szakkönyvek</subfield>
    </datafield>
    <datafield tag="830" ind1=" " ind2="0">
      <subfield code="a">Dialóg Campus sport</subfield>
    </datafield>
    <datafield tag="852" ind1=" " ind2=" ">
      <subfield code="a">B1</subfield>
      <subfield code="b">B1</subfield>
      <subfield code="x">796668</subfield>
    </datafield>
    <datafield tag="852" ind1=" " ind2=" ">
      <subfield code="a">B10</subfield>
      <subfield code="b">0801</subfield>
      <subfield code="x">bibFSZ43728</subfield>
    </datafield>
    <datafield tag="852" ind1=" " ind2=" ">
      <subfield code="a">P1</subfield>
      <subfield code="b">P1/FK</subfield>
      <subfield code="x">bibJPT00177875</subfield>
    </datafield>
  </record>
  <record>
    <leader>01068fam  2200301 i 4500</leader>
    <controlfield tag="001">MOKKAZ0006289879  </controlfield>
    <controlfield tag="005">20040915185346.0</controlfield>
    <controlfield tag="008">940510s1985    hu a          000 0 hun d</controlfield>
    <datafield tag="020" ind1=" " ind2=" ">
      <subfield code="a">963-592-555-7 (fűzött)</subfield>
    </datafield>
    <datafield tag="035" ind1=" " ind2=" ">
      <subfield code="a">711191</subfield>
    </datafield>
    <datafield tag="040" ind1=" " ind2=" ">
      <subfield code="a">OSZK</subfield>
    </datafield>
    <datafield tag="041" ind1="0" ind2=" ">
      <subfield code="a">hunhun</subfield>
    </datafield>
    <datafield tag="245" ind1="1" ind2="0">
      <subfield code="a">1001 játék és a Graphics BASIC Commodore 64-en /</subfield>
      <subfield code="c">[... szerk. Székely László] /</subfield>
      <subfield code="c">[közread. az] LSI Alkalmazástechnikai Tanácsadó Szolgálat</subfield>
    </datafield>
    <datafield tag="260" ind1=" " ind2=" ">
      <subfield code="a">Budapest :</subfield>
      <subfield code="b">[OMIKK],</subfield>
      <subfield code="c">1985</subfield>
      <subfield code="e">([Budapest]</subfield>
      <subfield code="f">Mátrainvest Ny.)</subfield>
    </datafield>
    <datafield tag="300" ind1=" " ind2=" ">
      <subfield code="a">115 p. :</subfield>
      <subfield code="b">ill. ;</subfield>
      <subfield code="c">24 cm</subfield>
    </datafield>
    <datafield tag="650" ind1="0" ind2="4">
      <subfield code="a">számítógép-program</subfield>
      <subfield code="x">játékok</subfield>
    </datafield>
    <datafield tag="700" ind1="1" ind2=" ">
      <subfield code="a">Székely László</subfield>
      <subfield code="4">(szerk.)</subfield>
    </datafield>
    <datafield tag="700" ind1="1" ind2="3">
      <subfield code="a">Erdős Iván</subfield>
    </datafield>
    <datafield tag="700" ind1="1" ind2="3">
      <subfield code="a">Schmidt Endre</subfield>
    </datafield>
    <datafield tag="700" ind1="1" ind2="3">
      <subfield code="a">Németh István</subfield>
    </datafield>
    <datafield tag="700" ind1="1" ind2="3">
      <subfield code="a">Székely László</subfield>
    </datafield>
    <datafield tag="710" ind1="2" ind2=" ">
      <subfield code="a">LSI Alkalmazástechnikai Tanácsadó Szolgálat (Budapest)</subfield>
      <subfield code="4">közread.</subfield>
    </datafield>
    <datafield tag="852" ind1=" " ind2=" ">
      <subfield code="a">B1</subfield>
      <subfield code="b">B1</subfield>
      <subfield code="x">711191</subfield>
    </datafield>
    <datafield tag="852" ind1=" " ind2=" ">
      <subfield code="a">D1</subfield>
      <subfield code="b">D108</subfield>
      <subfield code="x">963 592 555 7</subfield>
    </datafield>
    <datafield tag="852" ind1=" " ind2=" ">
      <subfield code="a">B11</subfield>
      <subfield code="b">B11</subfield>
      <subfield code="x">BMEOMIKK000019004</subfield>
    </datafield>
    <datafield tag="852" ind1=" " ind2=" ">
      <subfield code="a">B11</subfield>
      <subfield code="b">B11</subfield>
      <subfield code="x">BMEOMIKK000330970</subfield>
    </datafield>
    <datafield tag="852" ind1=" " ind2=" ">
      <subfield code="a">M1</subfield>
      <subfield code="b">M1</subfield>
      <subfield code="x">181697</subfield>
    </datafield>
    <datafield tag="852" ind1=" " ind2=" ">
      <subfield code="a">P1</subfield>
      <subfield code="B">P1</subfield>
      <subfield code="b">P1/43</subfield>
      <subfield code="x">963 592 555 7</subfield>
    </datafield>
  </record>
  <record>
    <leader>00855nam  2200205 i 4500</leader>
    <controlfield tag="001">MOKKAS0001490155  </controlfield>
    <controlfield tag="005">20060113192338.0</controlfield>
    <controlfield tag="008">050903s1985    hu            00010 hun d</controlfield>
    <datafield tag="020" ind1=" " ind2=" ">
      <subfield code="a">963-592-555-7 (fűzött) :</subfield>
      <subfield code="c">100,- Ft</subfield>
    </datafield>
    <datafield tag="035" ind1=" " ind2=" ">
      <subfield code="a">bibVFK00114891</subfield>
    </datafield>
    <datafield tag="040" ind1=" " ind2=" ">
      <subfield code="a">VFMK</subfield>
    </datafield>
    <datafield tag="245" ind1="0" ind2="0">
      <subfield code="a">1001 játék és a Graphics BASIC Commodore 64-en /</subfield>
      <subfield code="c">[...szerk. Székely László] ; [közread. az] Alkalmazástechnikai Tanácsadó Szolgálat</subfield>
    </datafield>
    <datafield tag="260" ind1=" " ind2=" ">
      <subfield code="a">Budapest :</subfield>
      <subfield code="b">[Országos Műszaki Információs Központ és Könyvtár],</subfield>
      <subfield code="c">1985</subfield>
    </datafield>
    <datafield tag="300" ind1=" " ind2=" ">
      <subfield code="a">115 p. :</subfield>
      <subfield code="b">ill. ;</subfield>
      <subfield code="c">24 cm</subfield>
    </datafield>
    <datafield tag="650" ind1=" " ind2="4">
      <subfield code="a">Játékok, számítógépes</subfield>
    </datafield>
    <datafield tag="650" ind1=" " ind2="4">
      <subfield code="a">Commodore 64 [számítógép]</subfield>
    </datafield>
    <datafield tag="700" ind1="1" ind2=" ">
      <subfield code="a">Székely László</subfield>
      <subfield code="d">(1954-)</subfield>
      <subfield code="c">(filozófus)</subfield>
      <subfield code="4">szerk.</subfield>
    </datafield>
    <datafield tag="710" ind1="2" ind2=" ">
      <subfield code="a">LSI Alkalmazástechnikai Tanácsadó Szolgálat (Budapest)</subfield>
      <subfield code="4">közread.</subfield>
    </datafield>
    <datafield tag="852" ind1=" " ind2=" ">
      <subfield code="a">SZL1</subfield>
      <subfield code="b">SZL1</subfield>
      <subfield code="x">bibVFK00114891</subfield>
    </datafield>
    <datafield tag="852" ind1=" " ind2=" ">
      <subfield code="a">GY1</subfield>
      <subfield code="b">GY1</subfield>
      <subfield code="x">327856</subfield>
    </datafield>
  </record>
  <record>
    <leader>00956nam  2200277 i 4500</leader>
    <controlfield tag="001">MOKKAN0004867517  </controlfield>
    <controlfield tag="005">20091024143152.0</controlfield>
    <controlfield tag="008">930720s1985    hu            000 0 hun d</controlfield>
    <datafield tag="020" ind1=" " ind2=" ">
      <subfield code="z">963 592</subfield>
    </datafield>
    <datafield tag="035" ind1=" " ind2=" ">
      <subfield code="a">BMEOMIKK000330970</subfield>
    </datafield>
    <datafield tag="040" ind1=" " ind2=" ">
      <subfield code="a">BMEOMIKK</subfield>
    </datafield>
    <datafield tag="041" ind1="0" ind2=" ">
      <subfield code="a">hun</subfield>
    </datafield>
    <datafield tag="080" ind1=" " ind2=" ">
      <subfield code="a">681.32.009.5COMMODORE-64</subfield>
    </datafield>
    <datafield tag="080" ind1=" " ind2=" ">
      <subfield code="a">794:519.683.8</subfield>
    </datafield>
    <datafield tag="245" ind1="0" ind2="0">
      <subfield code="a">1001 játék és a Graphics BASIC Commodore 64-en /</subfield>
      <subfield code="c">[témafel. és szerk. Székely László] ; [közr. az] LSI Alkalmazástechnikai Tanácsadó Szolgálat</subfield>
    </datafield>
    <datafield tag="260" ind1=" " ind2=" ">
      <subfield code="a">Budapest :</subfield>
      <subfield code="b">LSI ATSZ,</subfield>
      <subfield code="c">1985</subfield>
    </datafield>
    <datafield tag="300" ind1=" " ind2=" ">
      <subfield code="a">115 p. ;</subfield>
      <subfield code="c">24 cm</subfield>
    </datafield>
    <datafield tag="650" ind1="0" ind2="4">
      <subfield code="a">számítógép-program</subfield>
      <subfield code="x">játékok</subfield>
    </datafield>
    <datafield tag="653" ind1=" " ind2=" ">
      <subfield code="a">GRAPHICS BASIC programnyelv</subfield>
    </datafield>
    <datafield tag="653" ind1=" " ind2=" ">
      <subfield code="a">GRAPHICS BASIC program</subfield>
    </datafield>
    <datafield tag="700" ind1="1" ind2=" ">
      <subfield code="a">Székely László</subfield>
    </datafield>
    <datafield tag="710" ind1="2" ind2=" ">
      <subfield code="a">LSI Alkalmazástechnikai Tanácsadó Szolgálat (Budapest)</subfield>
    </datafield>
    <datafield tag="852" ind1=" " ind2=" ">
      <subfield code="a">B11</subfield>
      <subfield code="b">B11</subfield>
      <subfield code="x">BMEOMIKK000019004</subfield>
    </datafield>
    <datafield tag="852" ind1=" " ind2=" ">
      <subfield code="a">B11</subfield>
      <subfield code="b">B11</subfield>
      <subfield code="x">BMEOMIKK000330970</subfield>
    </datafield>
    <datafield tag="852" ind1=" " ind2=" ">
      <subfield code="a">M1</subfield>
      <subfield code="b">M1</subfield>
      <subfield code="x">181697</subfield>
    </datafield>
    <datafield tag="852" ind1=" " ind2=" ">
      <subfield code="a">B3</subfield>
      <subfield code="b">B3</subfield>
      <subfield code="x">000151573</subfield>
    </datafield>
  </record>
  <record>
    <leader>00553aam  2200181  r4500</leader>
    <controlfield tag="001">MOKKAN0004640258  </controlfield>
    <controlfield tag="005">20070509164657.0</controlfield>
    <controlfield tag="008">880817 1988    hu                  hun  </controlfield>
    <datafield tag="020" ind1=" " ind2=" ">
      <subfield code="a">963 592 784 3</subfield>
    </datafield>
    <datafield tag="035" ind1=" " ind2=" ">
      <subfield code="a">bibJAT00036575</subfield>
    </datafield>
    <datafield tag="040" ind1=" " ind2=" ">
      <subfield code="a">SZTE</subfield>
    </datafield>
    <datafield tag="100" ind1="1" ind2=" ">
      <subfield code="a">Kiss László</subfield>
    </datafield>
    <datafield tag="245" ind1="1" ind2="0">
      <subfield code="a">1001 játék :</subfield>
      <subfield code="b">C-64/128 /</subfield>
      <subfield code="c">Kiss László, Szécsi György</subfield>
    </datafield>
    <datafield tag="260" ind1=" " ind2=" ">
      <subfield code="a">Bp. :</subfield>
      <subfield code="b">LSI Alkalmazástechnikai Tanácsadó Szolgálat</subfield>
    </datafield>
    <datafield tag="300" ind1=" " ind2=" ">
      <subfield code="c">23 cm</subfield>
    </datafield>
    <datafield tag="650" ind1=" " ind2="7">
      <subfield code="a">Számítógépes játékok</subfield>
      <subfield code="2">szte</subfield>
    </datafield>
    <datafield tag="700" ind1="1" ind2=" ">
      <subfield code="a">Szécsi György</subfield>
    </datafield>
    <datafield tag="852" ind1=" " ind2=" ">
      <subfield code="a">SZ1</subfield>
      <subfield code="b">SZ1/R2</subfield>
      <subfield code="b">SZ1/118</subfield>
      <subfield code="x">bibJAT00036575</subfield>
    </datafield>
  </record>
  <record>
    <leader>00918nim  2200265   4500</leader>
    <controlfield tag="001">MOKKAZ0004741586  </controlfield>
    <controlfield tag="005">20040910095602.0</controlfield>
    <controlfield tag="008">991029p20032000                    hun d</controlfield>
    <datafield tag="028" ind1=" " ind2=" ">
      <subfield code="a">2322/1-14</subfield>
    </datafield>
    <datafield tag="035" ind1=" " ind2=" ">
      <subfield code="a">bibFSZ907086</subfield>
    </datafield>
    <datafield tag="040" ind1=" " ind2=" ">
      <subfield code="a">FSZEK</subfield>
    </datafield>
    <datafield tag="100" ind1="1" ind2=" ">
      <subfield code="a">Raj Tamás</subfield>
      <subfield code="d">(1940-)</subfield>
    </datafield>
    <datafield tag="245" ind1="1" ind2="0">
      <subfield code="a">100+1 jiddis szó</subfield>
      <subfield code="h">[Hangfelvétel] :</subfield>
      <subfield code="b">zsidóságismeret új megközelítésben /</subfield>
      <subfield code="c">Raj Tamás ; [előadó:] Havas Judit</subfield>
    </datafield>
    <datafield tag="260" ind1=" " ind2=" ">
      <subfield code="a">[Budapest] :</subfield>
      <subfield code="b">[MVGYOSZ],</subfield>
      <subfield code="c">[2003], p. 2000</subfield>
    </datafield>
    <datafield tag="300" ind1=" " ind2=" ">
      <subfield code="a">14 hangk.</subfield>
    </datafield>
    <datafield tag="500" ind1=" " ind2=" ">
      <subfield code="a">Közös műanyag dobozban</subfield>
    </datafield>
    <datafield tag="550" ind1=" " ind2=" ">
      <subfield code="a">Közread. a Magyar Vakok és Gyengénlátók Országos Szövetsége</subfield>
    </datafield>
    <datafield tag="695" ind1=" " ind2="1">
      <subfield code="a">hangoskönyv</subfield>
    </datafield>
    <datafield tag="695" ind1=" " ind2="1">
      <subfield code="a">egyetemes művelődéstörténet</subfield>
    </datafield>
    <datafield tag="695" ind1=" " ind2="1">
      <subfield code="a">zsidóság</subfield>
    </datafield>
    <datafield tag="695" ind1=" " ind2="1">
      <subfield code="a">kuriózumok</subfield>
    </datafield>
    <datafield tag="695" ind1=" " ind2="1">
      <subfield code="a">anekdoták</subfield>
    </datafield>
    <datafield tag="700" ind1="1" ind2=" ">
      <subfield code="a">Havas Judit</subfield>
      <subfield code="4">előadó</subfield>
    </datafield>
    <datafield tag="710" ind1="2" ind2=" ">
      <subfield code="a">Magyar Vakok és Gyengénlátók Országos Szövetsége</subfield>
      <subfield code="4">közread.</subfield>
    </datafield>
    <datafield tag="852" ind1=" " ind2=" ">
      <subfield code="a">B10</subfield>
      <subfield code="b">0801</subfield>
      <subfield code="x">bibFSZ907086</subfield>
    </datafield>
  </record>
  <record>
    <leader>00663cam  2200181   4500</leader>
    <controlfield tag="001">MOKKAZ0003193254  </controlfield>
    <controlfield tag="005">20040909165129.0</controlfield>
    <controlfield tag="008">       1986                        hun  </controlfield>
    <datafield tag="020" ind1=" " ind2=" ">
      <subfield code="a">963 7162 35 6</subfield>
    </datafield>
    <datafield tag="035" ind1=" " ind2=" ">
      <subfield code="a">ISISFEF0009360</subfield>
    </datafield>
    <datafield tag="040" ind1=" " ind2=" ">
      <subfield code="a">DEENK</subfield>
    </datafield>
    <datafield tag="245" ind1="0" ind2="0">
      <subfield code="a">100 + 1 éves a magyar plakát :</subfield>
      <subfield code="b">A magyar plakátművészet története 1885-1986 : Műcarnok, Budapest 1986. május 23-szeptember 14. /</subfield>
      <subfield code="c">a kiállítást rendezte Bakos Katalin és Kemény György]</subfield>
    </datafield>
    <datafield tag="260" ind1=" " ind2=" ">
      <subfield code="a">Budapest :</subfield>
      <subfield code="b">[s.n.],</subfield>
      <subfield code="c">1986</subfield>
    </datafield>
    <datafield tag="300" ind1=" " ind2=" ">
      <subfield code="a">208 p. ;</subfield>
      <subfield code="c">29 cm</subfield>
    </datafield>
    <datafield tag="695" ind1=" " ind2=" ">
      <subfield code="a">Plakátművészet</subfield>
      <subfield code="z">magyar</subfield>
    </datafield>
    <datafield tag="700" ind1="1" ind2=" ">
      <subfield code="a">Kemény György</subfield>
    </datafield>
    <datafield tag="700" ind1="1" ind2=" ">
      <subfield code="a">Bakos Katalin</subfield>
      <subfield code="d">(1952-)</subfield>
    </datafield>
    <datafield tag="852" ind1=" " ind2=" ">
      <subfield code="a">D1</subfield>
      <subfield code="b">D1</subfield>
      <subfield code="x">ISISFEF0009360</subfield>
    </datafield>
  </record>
  <record>
    <leader>00483nam  2200181 i 4500</leader>
    <controlfield tag="001">MOKKAS0002411927  </controlfield>
    <controlfield tag="005">20060525040001.0</controlfield>
    <controlfield tag="008">000302s1999    hu               10 hun d</controlfield>
    <datafield tag="020" ind1=" " ind2=" ">
      <subfield code="a">963 85930 8 3</subfield>
    </datafield>
    <datafield tag="035" ind1=" " ind2=" ">
      <subfield code="a">bibBBM84785</subfield>
    </datafield>
    <datafield tag="040" ind1=" " ind2=" ">
      <subfield code="a">BBMK</subfield>
    </datafield>
    <datafield tag="041" ind1="0" ind2=" ">
      <subfield code="a">hun</subfield>
    </datafield>
    <datafield tag="100" ind1="1" ind2=" ">
      <subfield code="a">Szepesi János</subfield>
    </datafield>
    <datafield tag="245" ind1="1" ind2="0">
      <subfield code="a">1001 kérdés az asztrológiáról /</subfield>
      <subfield code="c">Szepesi János</subfield>
    </datafield>
    <datafield tag="260" ind1=" " ind2=" ">
      <subfield code="a">Budapest :</subfield>
      <subfield code="b">Sindbad K.,</subfield>
      <subfield code="c">1999</subfield>
    </datafield>
    <datafield tag="300" ind1=" " ind2=" ">
      <subfield code="a">180 p. ;</subfield>
      <subfield code="c">21 cm</subfield>
    </datafield>
    <datafield tag="650" ind1=" " ind2="4">
      <subfield code="a">Asztrológia</subfield>
    </datafield>
    <datafield tag="852" ind1=" " ind2=" ">
      <subfield code="a">ST1</subfield>
      <subfield code="b">ST1</subfield>
      <subfield code="x">bibBBM84785</subfield>
    </datafield>
  </record>
  <record>
    <leader>00911nam  2200253 i 4500</leader>
    <controlfield tag="001">MOKKAW0005111710  </controlfield>
    <controlfield tag="005">20080908144855.0</controlfield>
    <controlfield tag="008">071116 2007    hu            001   hun  </controlfield>
    <datafield tag="020" ind1=" " ind2=" ">
      <subfield code="a">963 963 689 075 9</subfield>
    </datafield>
    <datafield tag="035" ind1=" " ind2=" ">
      <subfield code="a">bibJAT00719388</subfield>
    </datafield>
    <datafield tag="040" ind1=" " ind2=" ">
      <subfield code="a">SZTE</subfield>
    </datafield>
    <datafield tag="041" ind1=" " ind2=" ">
      <subfield code="a">hun</subfield>
      <subfield code="h">eng</subfield>
    </datafield>
    <datafield tag="245" ind1="0" ind2="0">
      <subfield code="a">1001 könyv, amit el kell olvasnod, mielőtt meghalsz /</subfield>
      <subfield code="c">főszerk. Peter Boxal ; előszó Peter Ackroyd ; [ford. Beczásy Dorottya et al.]</subfield>
    </datafield>
    <datafield tag="260" ind1=" " ind2=" ">
      <subfield code="a">Budapest :</subfield>
      <subfield code="b">Gabo,</subfield>
      <subfield code="c">[2007]</subfield>
    </datafield>
    <datafield tag="300" ind1=" " ind2=" ">
      <subfield code="a">960 p. :</subfield>
      <subfield code="b">ill. ;</subfield>
      <subfield code="c">22 cm</subfield>
    </datafield>
    <datafield tag="650" ind1=" " ind2="7">
      <subfield code="a">Világirodalom</subfield>
      <subfield code="x">regény</subfield>
      <subfield code="x">tartalmi kivonat</subfield>
      <subfield code="2">szte</subfield>
    </datafield>
    <datafield tag="650" ind1=" " ind2="4">
      <subfield code="a">Irodalom</subfield>
      <subfield code="x">történetek, cselekmények stb.</subfield>
    </datafield>
    <datafield tag="650" ind1=" " ind2="0">
      <subfield code="a">Literature</subfield>
      <subfield code="x">Stories, plots, etc.</subfield>
    </datafield>
    <datafield tag="695" ind1=" " ind2=" ">
      <subfield code="a">Világirodalom</subfield>
      <subfield code="x">regény</subfield>
      <subfield code="x">tartalmi kivonat</subfield>
    </datafield>
    <datafield tag="700" ind1="1" ind2=" ">
      <subfield code="a">Boxal, Peter</subfield>
    </datafield>
    <datafield tag="700" ind1="1" ind2=" ">
      <subfield code="a">Ackroyd, Peter</subfield>
      <subfield code="d">(1949-)</subfield>
    </datafield>
    <datafield tag="700" ind1="1" ind2=" ">
      <subfield code="a">Beczásy Dorottya</subfield>
    </datafield>
    <datafield tag="852" ind1=" " ind2=" ">
      <subfield code="a">SZ1</subfield>
      <subfield code="b">SZ1/B3</subfield>
      <subfield code="x">bibJAT00719388</subfield>
    </datafield>
    <datafield tag="852" ind1=" " ind2=" ">
      <subfield code="a">D1</subfield>
      <subfield code="B">HBO8</subfield>
      <subfield code="b">D1</subfield>
      <subfield code="x">MOKKAW0005111710</subfield>
    </datafield>
  </record>
  <record>
    <leader>01523nam  2200397 i 4500</leader>
    <controlfield tag="001">MOKKAW0005107909  </controlfield>
    <controlfield tag="005">20091225071859.0</controlfield>
    <controlfield tag="008">080416t20072007hu ar         00100 hun d</controlfield>
    <datafield tag="020" ind1=" " ind2=" ">
      <subfield code="a">978-963-689-075-9 (kötött)</subfield>
    </datafield>
    <datafield tag="035" ind1=" " ind2=" ">
      <subfield code="a">2735698</subfield>
    </datafield>
    <datafield tag="040" ind1=" " ind2=" ">
      <subfield code="a">OSZK</subfield>
      <subfield code="d">OSZK</subfield>
    </datafield>
    <datafield tag="041" ind1="1" ind2=" ">
      <subfield code="a">hun</subfield>
      <subfield code="h">eng</subfield>
    </datafield>
    <datafield tag="080" ind1=" " ind2=" ">
      <subfield code="a">82(091)-31</subfield>
    </datafield>
    <datafield tag="130" ind1="0" ind2="0">
      <subfield code="a">1001 books</subfield>
      <subfield code="l">magyar</subfield>
    </datafield>
    <datafield tag="245" ind1="1" ind2="0">
      <subfield code="a">1001 könyv, amit el kell olvasnod, mielőtt meghalsz : </subfield>
      <subfield code="b">[a regény történetének teljes körű krónikája] /</subfield>
      <subfield code="c">főszerk. Peter Boxall ; előszó Peter Ackroyd ; [ford. Beczásy Dorottya et al.]</subfield>
    </datafield>
    <datafield tag="260" ind1=" " ind2=" ">
      <subfield code="a">[Budapest] :</subfield>
      <subfield code="b">Gabo,</subfield>
      <subfield code="c">cop. 2007</subfield>
    </datafield>
    <datafield tag="300" ind1=" " ind2=" ">
      <subfield code="a">960 p. :</subfield>
      <subfield code="b">ill., részben színes ;</subfield>
      <subfield code="c">22 cm</subfield>
    </datafield>
    <datafield tag="650" ind1="1" ind2="7">
      <subfield code="a">világirodalom története</subfield>
      <subfield code="2">oszk</subfield>
    </datafield>
    <datafield tag="650" ind1=" " ind2="7">
      <subfield code="a">Világirodalom</subfield>
      <subfield code="x">regény</subfield>
      <subfield code="2">szte</subfield>
    </datafield>
    <datafield tag="650" ind1=" " ind2="7">
      <subfield code="a">Regényelemzés</subfield>
      <subfield code="x">világirodalom</subfield>
      <subfield code="2">szte</subfield>
    </datafield>
    <datafield tag="650" ind1=" " ind2="4">
      <subfield code="a">világirodalom története</subfield>
    </datafield>
    <datafield tag="650" ind1=" " ind2="4">
      <subfield code="a">regény</subfield>
    </datafield>
    <datafield tag="650" ind1=" " ind2="4">
      <subfield code="a">irodalmi műfaj</subfield>
    </datafield>
    <datafield tag="650" ind1=" " ind2="4">
      <subfield code="a">szaklexikon</subfield>
    </datafield>
    <datafield tag="650" ind1=" " ind2="7">
      <subfield code="a">Világirodalom</subfield>
      <subfield code="x">regény</subfield>
      <subfield code="y">9-20. sz.</subfield>
      <subfield code="2">szte</subfield>
    </datafield>
    <datafield tag="650" ind1=" " ind2="7">
      <subfield code="a">Regényelemzés</subfield>
      <subfield code="x">világirodalom</subfield>
      <subfield code="y">9-20. sz.</subfield>
      <subfield code="2">szte</subfield>
    </datafield>
    <datafield tag="650" ind1=" " ind2="4">
      <subfield code="a">könyvismertetés</subfield>
    </datafield>
    <datafield tag="700" ind1="1" ind2=" ">
      <subfield code="a">Boxall, Peter</subfield>
      <subfield code="4">(szerk.)</subfield>
    </datafield>
    <datafield tag="700" ind1="1" ind2=" ">
      <subfield code="a">Ackroyd, Peter</subfield>
      <subfield code="d">(1949-)</subfield>
      <subfield code="4">(előszó)</subfield>
    </datafield>
    <datafield tag="700" ind1="1" ind2=" ">
      <subfield code="a">Beczásy Dorottya</subfield>
      <subfield code="4">(ford.)</subfield>
    </datafield>
    <datafield tag="852" ind1=" " ind2=" ">
      <subfield code="a">B1</subfield>
      <subfield code="b">B1</subfield>
      <subfield code="x">2735698</subfield>
    </datafield>
    <datafield tag="852" ind1=" " ind2=" ">
      <subfield code="a">SZ4</subfield>
      <subfield code="b">SZ4/K2</subfield>
      <subfield code="x">bibSOK00427366</subfield>
    </datafield>
    <datafield tag="852" ind1=" " ind2=" ">
      <subfield code="a">GY1</subfield>
      <subfield code="b">GY1</subfield>
      <subfield code="x">KKMK1634181</subfield>
    </datafield>
    <datafield tag="852" ind1=" " ind2=" ">
      <subfield code="a">B10</subfield>
      <subfield code="b">0801</subfield>
      <subfield code="b">0305</subfield>
      <subfield code="b">1105</subfield>
      <subfield code="b">1201</subfield>
      <subfield code="b">2203</subfield>
      <subfield code="b">1803</subfield>
      <subfield code="b">2002</subfield>
      <subfield code="b">0401</subfield>
      <subfield code="b">0403</subfield>
      <subfield code="b">0601</subfield>
      <subfield code="b">1304</subfield>
      <subfield code="b">1308</subfield>
      <subfield code="b">1602</subfield>
      <subfield code="b">1901</subfield>
      <subfield code="b">1004</subfield>
      <subfield code="x">bibFSZ01378622</subfield>
    </datafield>
    <datafield tag="852" ind1=" " ind2=" ">
      <subfield code="a">SZO1</subfield>
      <subfield code="b">SZO1</subfield>
      <subfield code="x">150628666</subfield>
    </datafield>
    <datafield tag="852" ind1=" " ind2=" ">
      <subfield code="a">B653</subfield>
      <subfield code="x">bibMKF00129291</subfield>
    </datafield>
  </record>
  <record>
    <leader>00697nama 22001691i 4500</leader>
    <controlfield tag="001">MOKKAS0000696728  </controlfield>
    <controlfield tag="005">20060616202108.0</controlfield>
    <controlfield tag="008">041105s1986    pl            000 0 polod</controlfield>
    <datafield tag="035" ind1=" " ind2=" ">
      <subfield code="a">1455677</subfield>
    </datafield>
    <datafield tag="040" ind1=" " ind2=" ">
      <subfield code="a">OSZK</subfield>
    </datafield>
    <datafield tag="041" ind1="0" ind2=" ">
      <subfield code="a">polpol</subfield>
    </datafield>
    <datafield tag="245" ind1="0" ind2="0">
      <subfield code="a">100 1 lat plakatu wegierskiego : </subfield>
      <subfield code="b">wystawa ze zbiorów wegierskich : Warszawa, Muzeum Plakatu w Wilanowie, [pazdziernik - grudzien 1986] : katalog /</subfield>
      <subfield code="c">[org.] Muzeum Plakatu w Wilanowie ; [oprac. Katalin Bakos] ; [tlum. Jan Gryglak]</subfield>
    </datafield>
    <datafield tag="260" ind1=" " ind2=" ">
      <subfield code="a">Warszawa :</subfield>
      <subfield code="b">Muzeum Plakatu,</subfield>
      <subfield code="c">1986</subfield>
    </datafield>
    <datafield tag="300" ind1=" " ind2=" ">
      <subfield code="a">35 p., 16 t. ;</subfield>
      <subfield code="c">22x22 cm</subfield>
    </datafield>
    <datafield tag="700" ind1="1" ind2=" ">
      <subfield code="a">Bakos Katalin</subfield>
      <subfield code="d">(1952-)</subfield>
      <subfield code="4">(szerk.)</subfield>
    </datafield>
    <datafield tag="700" ind1="1" ind2=" ">
      <subfield code="a">Gryglak, Jan</subfield>
      <subfield code="c">(cédulakatalógus alapján)</subfield>
      <subfield code="4">(közrem.)</subfield>
    </datafield>
    <datafield tag="852" ind1=" " ind2=" ">
      <subfield code="a">B1</subfield>
      <subfield code="b">B1</subfield>
      <subfield code="x">1455677</subfield>
    </datafield>
  </record>
  <record>
    <leader>01715nam  2200589 i 4500</leader>
    <controlfield tag="001">MOKKAN0004331296  </controlfield>
    <controlfield tag="005">20080915075316.0</controlfield>
    <controlfield tag="008">070626t20062006hu ar         00100 hun d</controlfield>
    <datafield tag="020" ind1=" " ind2=" ">
      <subfield code="a">963-9635-48-0 (kötött)</subfield>
    </datafield>
    <datafield tag="020" ind1=" " ind2=" ">
      <subfield code="a">963 9635 48 0</subfield>
    </datafield>
    <datafield tag="035" ind1=" " ind2=" ">
      <subfield code="a">2661776</subfield>
    </datafield>
    <datafield tag="040" ind1=" " ind2=" ">
      <subfield code="a">OSZK</subfield>
    </datafield>
    <datafield tag="041" ind1="1" ind2=" ">
      <subfield code="a">hunhun</subfield>
      <subfield code="h">eng</subfield>
    </datafield>
    <datafield tag="130" ind1="0" ind2="0">
      <subfield code="a">1001 albums you must hear before you die</subfield>
      <subfield code="l">magyar</subfield>
    </datafield>
    <datafield tag="245" ind1="1" ind2="0">
      <subfield code="a">1001 lemez, amit hallanod kell, mielőtt meghalsz /</subfield>
      <subfield code="c">főszerk. Robert Dimery ; előszó Michael Lydon ; [ford. Barna Emília et al.]</subfield>
    </datafield>
    <datafield tag="260" ind1=" " ind2=" ">
      <subfield code="a">[Budapest] :</subfield>
      <subfield code="b">Gabo,</subfield>
      <subfield code="c">cop. 2006</subfield>
    </datafield>
    <datafield tag="300" ind1=" " ind2=" ">
      <subfield code="a">960 p. :</subfield>
      <subfield code="b">ill., részben színes ;</subfield>
      <subfield code="c">22 cm</subfield>
    </datafield>
    <datafield tag="650" ind1="1" ind2="7">
      <subfield code="a">könnyűzene</subfield>
      <subfield code="2">oszk</subfield>
    </datafield>
    <datafield tag="650" ind1="1" ind2="7">
      <subfield code="a">zenetörténet</subfield>
      <subfield code="2">oszk</subfield>
    </datafield>
    <datafield tag="650" ind1="1" ind2="7">
      <subfield code="a">20. század</subfield>
      <subfield code="2">oszk</subfield>
    </datafield>
    <datafield tag="650" ind1="1" ind2="7">
      <subfield code="a">ezredforduló</subfield>
      <subfield code="2">oszk</subfield>
    </datafield>
    <datafield tag="650" ind1=" " ind2="4">
      <subfield code="a">adattár</subfield>
    </datafield>
    <datafield tag="650" ind1=" " ind2="4">
      <subfield code="a">hanglemez</subfield>
    </datafield>
    <datafield tag="650" ind1=" " ind2="4">
      <subfield code="a">könnyűzene</subfield>
    </datafield>
    <datafield tag="650" ind1=" " ind2="4">
      <subfield code="a">zenekritika</subfield>
    </datafield>
    <datafield tag="650" ind1=" " ind2="4">
      <subfield code="a">zenetörténet</subfield>
    </datafield>
    <datafield tag="650" ind1=" " ind2="4">
      <subfield code="a">Könnyűzene, nemzetközi</subfield>
    </datafield>
    <datafield tag="650" ind1=" " ind2="4">
      <subfield code="a">Beat</subfield>
    </datafield>
    <datafield tag="650" ind1=" " ind2="4">
      <subfield code="a">Rock</subfield>
    </datafield>
    <datafield tag="650" ind1=" " ind2="4">
      <subfield code="a">Kézikönyvek</subfield>
    </datafield>
    <datafield tag="650" ind1=" " ind2="4">
      <subfield code="a">Hanglemez</subfield>
    </datafield>
    <datafield tag="650" ind1=" " ind2="4">
      <subfield code="a">Popzene</subfield>
    </datafield>
    <datafield tag="650" ind1=" " ind2="4">
      <subfield code="a">Kritika, zenei</subfield>
    </datafield>
    <datafield tag="650" ind1=" " ind2="4">
      <subfield code="a">Diszkográfia</subfield>
    </datafield>
    <datafield tag="650" ind1=" " ind2="4">
      <subfield code="a">Zenészek</subfield>
    </datafield>
    <datafield tag="650" ind1=" " ind2="4">
      <subfield code="a">szaklexikon</subfield>
    </datafield>
    <datafield tag="651" ind1=" " ind2="4">
      <subfield code="a">világ</subfield>
    </datafield>
    <datafield tag="653" ind1=" " ind2=" ">
      <subfield code="a">195-2005</subfield>
    </datafield>
    <datafield tag="653" ind1=" " ind2=" ">
      <subfield code="a">címtár</subfield>
    </datafield>
    <datafield tag="653" ind1=" " ind2=" ">
      <subfield code="a">könnyűzene</subfield>
    </datafield>
    <datafield tag="653" ind1=" " ind2=" ">
      <subfield code="a">zene</subfield>
    </datafield>
    <datafield tag="653" ind1=" " ind2=" ">
      <subfield code="a">zenetörténet</subfield>
    </datafield>
    <datafield tag="653" ind1=" " ind2=" ">
      <subfield code="a">1955-2005</subfield>
    </datafield>
    <datafield tag="700" ind1="1" ind2=" ">
      <subfield code="a">Dimery, Robert</subfield>
      <subfield code="4">(szerk.)</subfield>
    </datafield>
    <datafield tag="700" ind1="1" ind2=" ">
      <subfield code="a">Barna Emília</subfield>
      <subfield code="4">(ford.)</subfield>
    </datafield>
    <datafield tag="700" ind1="1" ind2=" ">
      <subfield code="a">Lydon, Michael</subfield>
      <subfield code="4">(előszó)</subfield>
    </datafield>
    <datafield tag="852" ind1=" " ind2=" ">
      <subfield code="a">SZO1</subfield>
      <subfield code="b">SZO1</subfield>
      <subfield code="x">150548474</subfield>
    </datafield>
    <datafield tag="852" ind1=" " ind2=" ">
      <subfield code="a">B10</subfield>
      <subfield code="B">0801</subfield>
      <subfield code="B">1901</subfield>
      <subfield code="B">0401</subfield>
      <subfield code="B">2002</subfield>
      <subfield code="b">0801Z</subfield>
      <subfield code="x">bibFSZ1316683</subfield>
    </datafield>
    <datafield tag="852" ind1=" " ind2=" ">
      <subfield code="a">B1</subfield>
      <subfield code="b">B1</subfield>
      <subfield code="x">2661776</subfield>
    </datafield>
    <datafield tag="852" ind1=" " ind2=" ">
      <subfield code="a">B9</subfield>
      <subfield code="b">B9</subfield>
      <subfield code="x">99772</subfield>
    </datafield>
    <datafield tag="852" ind1=" " ind2=" ">
      <subfield code="a">SZL1</subfield>
      <subfield code="b">SZL1/FR</subfield>
      <subfield code="x">bibVFM00015623</subfield>
    </datafield>
    <datafield tag="852" ind1=" " ind2=" ">
      <subfield code="a">GY1</subfield>
      <subfield code="b">GY1</subfield>
      <subfield code="x">KKMK1542221</subfield>
    </datafield>
  </record>
  <record>
    <leader>00773nam  22002535p 4500</leader>
    <controlfield tag="001">MOKKAW0006012343  </controlfield>
    <controlfield tag="005">20080725194905.0</controlfield>
    <controlfield tag="008">080425s2007    hu                  hun d</controlfield>
    <datafield tag="020" ind1=" " ind2=" ">
      <subfield code="a">978 963 689 070 4</subfield>
    </datafield>
    <datafield tag="035" ind1=" " ind2=" ">
      <subfield code="a">751856</subfield>
    </datafield>
    <datafield tag="040" ind1=" " ind2=" ">
      <subfield code="a">KSHK</subfield>
    </datafield>
    <datafield tag="041" ind1="0" ind2=" ">
      <subfield code="a">hun</subfield>
    </datafield>
    <datafield tag="130" ind1="0" ind2="0">
      <subfield code="a">1001 albums you must hear before you die</subfield>
    </datafield>
    <datafield tag="245" ind1="0" ind2="0">
      <subfield code="a">1001 lemez, amit hallanod kell, mielőtt meghalsz /</subfield>
      <subfield code="c">főszerk. Robert Dimery ; előszó Michael Lydon</subfield>
    </datafield>
    <datafield tag="260" ind1=" " ind2=" ">
      <subfield code="a">[Budapest] :</subfield>
      <subfield code="b">Gabo,</subfield>
      <subfield code="c">cop. 2007</subfield>
    </datafield>
    <datafield tag="300" ind1=" " ind2=" ">
      <subfield code="a">960 p. :</subfield>
      <subfield code="b">ill., főként színes ;</subfield>
      <subfield code="c">22 cm</subfield>
    </datafield>
    <datafield tag="653" ind1=" " ind2=" ">
      <subfield code="a">195-2005</subfield>
    </datafield>
    <datafield tag="653" ind1=" " ind2=" ">
      <subfield code="a">címtár</subfield>
    </datafield>
    <datafield tag="653" ind1=" " ind2=" ">
      <subfield code="a">könnyűzene</subfield>
    </datafield>
    <datafield tag="653" ind1=" " ind2=" ">
      <subfield code="a">zene</subfield>
    </datafield>
    <datafield tag="653" ind1=" " ind2=" ">
      <subfield code="a">zenetörténet</subfield>
    </datafield>
    <datafield tag="700" ind1="1" ind2="0">
      <subfield code="a">Dimery, Robert</subfield>
      <subfield code="4">(főszerk.)</subfield>
    </datafield>
    <datafield tag="700" ind1="1" ind2="0">
      <subfield code="a">Lydon, Michael</subfield>
      <subfield code="4">(előszót írta)</subfield>
    </datafield>
    <datafield tag="852" ind1=" " ind2=" ">
      <subfield code="a">B9</subfield>
      <subfield code="b">B9</subfield>
      <subfield code="x">751856</subfield>
    </datafield>
  </record>
  <record>
    <leader>00544nam  2200169 i 4500</leader>
    <controlfield tag="001">MOKKAS0001134805  </controlfield>
    <controlfield tag="005">20051216193228.0</controlfield>
    <controlfield tag="008">050903s1976    hu            00010 hun d</controlfield>
    <datafield tag="020" ind1=" " ind2=" ">
      <subfield code="a">963-253-518-9</subfield>
    </datafield>
    <datafield tag="035" ind1=" " ind2=" ">
      <subfield code="a">bibBKO00173701</subfield>
    </datafield>
    <datafield tag="040" ind1=" " ind2=" ">
      <subfield code="a">BMK</subfield>
    </datafield>
    <datafield tag="100" ind1="1" ind2=" ">
      <subfield code="a">Lukács László</subfield>
    </datafield>
    <datafield tag="245" ind1="1" ind2="0">
      <subfield code="a">100+1 :</subfield>
      <subfield code="b">a magyar olimpiai aranyérmek története : 1896-1972 /</subfield>
      <subfield code="c">Lukács László, Szepesi György</subfield>
    </datafield>
    <datafield tag="260" ind1=" " ind2=" ">
      <subfield code="a">Budapest :</subfield>
      <subfield code="b">Sport Kiadó,</subfield>
      <subfield code="c">1976</subfield>
    </datafield>
    <datafield tag="300" ind1=" " ind2=" ">
      <subfield code="a">196 p., [18] t. :</subfield>
      <subfield code="b">ill. ;</subfield>
      <subfield code="c">22x24 cm</subfield>
    </datafield>
    <datafield tag="700" ind1="1" ind2=" ">
      <subfield code="a">Szepesi György</subfield>
    </datafield>
    <datafield tag="852" ind1=" " ind2=" ">
      <subfield code="a">BCS1</subfield>
      <subfield code="b">BCS1</subfield>
      <subfield code="x">bibBKO00173701</subfield>
    </datafield>
  </record>
  <record>
    <leader>00627nam  2200193   4500</leader>
    <controlfield tag="001">MOKKAS0002244757  </controlfield>
    <controlfield tag="005">20060526023142.0</controlfield>
    <controlfield tag="008">980610s1976    hu a          00010 hun d</controlfield>
    <datafield tag="020" ind1=" " ind2=" ">
      <subfield code="a">963 253 518 9</subfield>
    </datafield>
    <datafield tag="035" ind1=" " ind2=" ">
      <subfield code="a">bibJGY00056214</subfield>
    </datafield>
    <datafield tag="040" ind1=" " ind2=" ">
      <subfield code="a">SK</subfield>
    </datafield>
    <datafield tag="100" ind1="1" ind2=" ">
      <subfield code="a">Lukács László</subfield>
      <subfield code="d">(1914-1991)</subfield>
    </datafield>
    <datafield tag="245" ind1="1" ind2="0">
      <subfield code="a">100 + 1 :</subfield>
      <subfield code="b">a magyar olimpiai aranyérmek története, 1896-1972 /</subfield>
      <subfield code="c">Lukács László, Szepesi György</subfield>
    </datafield>
    <datafield tag="260" ind1=" " ind2=" ">
      <subfield code="a">Budapest :</subfield>
      <subfield code="b">Sport,</subfield>
      <subfield code="c">1976</subfield>
    </datafield>
    <datafield tag="300" ind1=" " ind2=" ">
      <subfield code="a">196, [4] p., 18 t. :</subfield>
      <subfield code="b">ill. ;</subfield>
      <subfield code="c">22x24 cm</subfield>
    </datafield>
    <datafield tag="695" ind1=" " ind2=" ">
      <subfield code="a">Olimpia</subfield>
      <subfield code="x">aranyérmesek</subfield>
      <subfield code="x">magyar</subfield>
    </datafield>
    <datafield tag="695" ind1=" " ind2=" ">
      <subfield code="a">xxx</subfield>
    </datafield>
    <datafield tag="700" ind1="1" ind2=" ">
      <subfield code="a">Szepesi György</subfield>
      <subfield code="d">(1922-)</subfield>
    </datafield>
    <datafield tag="852" ind1=" " ind2=" ">
      <subfield code="a">SZ4</subfield>
      <subfield code="b">SZ4</subfield>
      <subfield code="x">bibJGY00056214</subfield>
    </datafield>
  </record>
  <record>
    <leader>01853fam  2200481 i 4500</leader>
    <controlfield tag="001">MOKKAZ0006272125  </controlfield>
    <controlfield tag="005">20101122232155.0</controlfield>
    <controlfield tag="008">940510t19761976hu a          000 0 hun d</controlfield>
    <datafield tag="020" ind1=" " ind2=" ">
      <subfield code="a">963-253-518-9 (kötött) :</subfield>
      <subfield code="c">62,- Ft</subfield>
    </datafield>
    <datafield tag="035" ind1=" " ind2=" ">
      <subfield code="a">651574</subfield>
    </datafield>
    <datafield tag="040" ind1=" " ind2=" ">
      <subfield code="a">OSZK</subfield>
    </datafield>
    <datafield tag="041" ind1="0" ind2=" ">
      <subfield code="a">hunhun</subfield>
    </datafield>
    <datafield tag="080" ind1=" " ind2=" ">
      <subfield code="a">796.032.2(079.2)"1896/1972":929(439)</subfield>
    </datafield>
    <datafield tag="100" ind1="1" ind2=" ">
      <subfield code="a">Lukács László</subfield>
    </datafield>
    <datafield tag="245" ind1="1" ind2="0">
      <subfield code="a">100+1 : </subfield>
      <subfield code="b">A magyar olimpiai aranyérmek története : 1896-1972 /</subfield>
      <subfield code="c">Lukács László, Szepesi György</subfield>
    </datafield>
    <datafield tag="260" ind1=" " ind2=" ">
      <subfield code="a">Budapest :</subfield>
      <subfield code="b">Sport,</subfield>
      <subfield code="c">1976</subfield>
      <subfield code="e">(Gyoma</subfield>
      <subfield code="f">Kner Ny.)</subfield>
      <subfield code="e">(Budapest</subfield>
      <subfield code="f">Offset és J. Ny.)</subfield>
    </datafield>
    <datafield tag="300" ind1=" " ind2=" ">
      <subfield code="a">196 l., 18 t.l. :</subfield>
      <subfield code="b">ill. ;</subfield>
      <subfield code="c">22x24 cm</subfield>
    </datafield>
    <datafield tag="500" ind1=" " ind2=" ">
      <subfield code="a">24600</subfield>
    </datafield>
    <datafield tag="650" ind1="0" ind2="4">
      <subfield code="a">olimpiatörténet</subfield>
      <subfield code="y">1896-1972</subfield>
    </datafield>
    <datafield tag="650" ind1="0" ind2="4">
      <subfield code="a">olimpiai játékok</subfield>
      <subfield code="x">magyar aranyérmesek</subfield>
      <subfield code="y">1896-1972</subfield>
    </datafield>
    <datafield tag="650" ind1="0" ind2="4">
      <subfield code="a">olimpikonok</subfield>
      <subfield code="z">magyar</subfield>
      <subfield code="y">1896-1972</subfield>
    </datafield>
    <datafield tag="650" ind1="0" ind2="4">
      <subfield code="a">olimpiai bajnokok</subfield>
      <subfield code="z">magyar</subfield>
    </datafield>
    <datafield tag="650" ind1=" " ind2="4">
      <subfield code="a">Olimpia</subfield>
    </datafield>
    <datafield tag="650" ind1=" " ind2="4">
      <subfield code="a">Aranyérmesek, magyar</subfield>
    </datafield>
    <datafield tag="650" ind1=" " ind2="4">
      <subfield code="a">Történet 1896-1972</subfield>
    </datafield>
    <datafield tag="650" ind1=" " ind2="4">
      <subfield code="a">Olimpiák</subfield>
      <subfield code="x">Magyar aranyérmesek</subfield>
    </datafield>
    <datafield tag="650" ind1=" " ind2="4">
      <subfield code="a">Adattár</subfield>
    </datafield>
    <datafield tag="650" ind1=" " ind2="4">
      <subfield code="a">Magyarország</subfield>
    </datafield>
    <datafield tag="650" ind1=" " ind2="4">
      <subfield code="a">Sport</subfield>
    </datafield>
    <datafield tag="650" ind1=" " ind2="4">
      <subfield code="a">Történelem</subfield>
    </datafield>
    <datafield tag="650" ind1=" " ind2="7">
      <subfield code="a">sport</subfield>
      <subfield code="x">olimpiai játékok</subfield>
      <subfield code="x">történet</subfield>
      <subfield code="y">1896-1972</subfield>
      <subfield code="2">potesh</subfield>
    </datafield>
    <datafield tag="695" ind1=" " ind2=" ">
      <subfield code="a">Olimpia története</subfield>
    </datafield>
    <datafield tag="700" ind1="1" ind2="0">
      <subfield code="a">Szepesi György</subfield>
      <subfield code="d">(1922-)</subfield>
    </datafield>
    <datafield tag="852" ind1=" " ind2=" ">
      <subfield code="a">B1</subfield>
      <subfield code="b">B1</subfield>
      <subfield code="x">651574</subfield>
    </datafield>
    <datafield tag="852" ind1=" " ind2=" ">
      <subfield code="a">B10</subfield>
      <subfield code="b">0801</subfield>
      <subfield code="b">0801G</subfield>
      <subfield code="b">1803</subfield>
      <subfield code="b">1901</subfield>
      <subfield code="b">1903</subfield>
      <subfield code="b">2104</subfield>
      <subfield code="b">2105</subfield>
      <subfield code="b">2301</subfield>
      <subfield code="b">0901</subfield>
      <subfield code="b">0902</subfield>
      <subfield code="b">1802</subfield>
      <subfield code="b">1308</subfield>
      <subfield code="b">0401</subfield>
      <subfield code="b">0702</subfield>
      <subfield code="b">9999</subfield>
      <subfield code="b">0101</subfield>
      <subfield code="b">1105</subfield>
      <subfield code="b">1202</subfield>
      <subfield code="b">1201</subfield>
      <subfield code="b">0204</subfield>
      <subfield code="b">2201</subfield>
      <subfield code="b">2203</subfield>
      <subfield code="b">0302</subfield>
      <subfield code="b">0202</subfield>
      <subfield code="b">0305</subfield>
      <subfield code="b">2101</subfield>
      <subfield code="b">1704</subfield>
      <subfield code="b">1004</subfield>
      <subfield code="b">1401</subfield>
      <subfield code="b">1402</subfield>
      <subfield code="b">1601</subfield>
      <subfield code="b">1702</subfield>
      <subfield code="b">1501</subfield>
      <subfield code="b">1504</subfield>
      <subfield code="b">0305</subfield>
      <subfield code="b">0602</subfield>
      <subfield code="b">1504</subfield>
      <subfield code="b">1307</subfield>
      <subfield code="b">0903</subfield>
      <subfield code="x">bibFSZ00075957</subfield>
    </datafield>
    <datafield tag="852" ind1=" " ind2=" ">
      <subfield code="a">M1</subfield>
      <subfield code="b">M1</subfield>
      <subfield code="x">182430</subfield>
    </datafield>
    <datafield tag="852" ind1=" " ind2=" ">
      <subfield code="a">P1</subfield>
      <subfield code="b">P1/FK</subfield>
      <subfield code="b">P1</subfield>
      <subfield code="b">P1/SZ2</subfield>
      <subfield code="b">P1/MK</subfield>
      <subfield code="b">P10/K</subfield>
      <subfield code="x">963 253 518 9</subfield>
    </datafield>
    <datafield tag="852" ind1=" " ind2=" ">
      <subfield code="a">B2</subfield>
      <subfield code="b">B2</subfield>
      <subfield code="x">11845</subfield>
    </datafield>
    <datafield tag="852" ind1=" " ind2=" ">
      <subfield code="a">SZL1</subfield>
      <subfield code="b">SZL1</subfield>
      <subfield code="x">bibVFK00204831</subfield>
    </datafield>
    <datafield tag="852" ind1=" " ind2=" ">
      <subfield code="a">H1</subfield>
      <subfield code="b">H1</subfield>
      <subfield code="x">NLVK796392</subfield>
    </datafield>
    <datafield tag="852" ind1=" " ind2=" ">
      <subfield code="a">B12</subfield>
      <subfield code="b">B12</subfield>
      <subfield code="x">BCEKK356177</subfield>
    </datafield>
    <datafield tag="852" ind1=" " ind2=" ">
      <subfield code="a">B8</subfield>
      <subfield code="b">B8</subfield>
      <subfield code="x">OGYK000161341</subfield>
    </datafield>
    <datafield tag="852" ind1=" " ind2=" ">
      <subfield code="a">D1</subfield>
      <subfield code="b">D1</subfield>
      <subfield code="x">963 253 518 9</subfield>
    </datafield>
  </record>
  <record>
    <leader>00510nam  2200157 i 4500</leader>
    <controlfield tag="001">MOKKAS0003278686  </controlfield>
    <controlfield tag="005">20060602144830.0</controlfield>
    <controlfield tag="008">050101s1976                            d</controlfield>
    <datafield tag="035" ind1=" " ind2=" ">
      <subfield code="a">308457</subfield>
    </datafield>
    <datafield tag="040" ind1=" " ind2=" ">
      <subfield code="a">KKMK</subfield>
    </datafield>
    <datafield tag="100" ind1="1" ind2=" ">
      <subfield code="a">Lukács László</subfield>
      <subfield code="d">(1914-1991)</subfield>
    </datafield>
    <datafield tag="245" ind1="1" ind2="0">
      <subfield code="a">100+1 : </subfield>
      <subfield code="b">A magyar olimpiai aranyérmek története : 1896-1972 /</subfield>
      <subfield code="c">Lukács László ; Szepesi György</subfield>
    </datafield>
    <datafield tag="260" ind1=" " ind2=" ">
      <subfield code="a">Budapest :</subfield>
      <subfield code="b">Sport,</subfield>
      <subfield code="c">1976</subfield>
    </datafield>
    <datafield tag="300" ind1=" " ind2=" ">
      <subfield code="a">196, [4] p., [18] t. ;</subfield>
      <subfield code="c">22x24 c</subfield>
    </datafield>
    <datafield tag="700" ind1="1" ind2="0">
      <subfield code="a">Szepesi György</subfield>
      <subfield code="d">(1922-)</subfield>
    </datafield>
    <datafield tag="852" ind1=" " ind2=" ">
      <subfield code="a">GY1</subfield>
      <subfield code="b">GY1</subfield>
      <subfield code="x">308457</subfield>
    </datafield>
  </record>
  <record>
    <leader>00668nam  2200193 i 4500</leader>
    <controlfield tag="001">MOKKAS0003821566  </controlfield>
    <controlfield tag="005">20060616060712.0</controlfield>
    <controlfield tag="008">980610s1976    hu a          00010 hun d</controlfield>
    <datafield tag="035" ind1=" " ind2=" ">
      <subfield code="a">bibJGYx11013</subfield>
    </datafield>
    <datafield tag="040" ind1=" " ind2=" ">
      <subfield code="a">SZTE</subfield>
    </datafield>
    <datafield tag="100" ind1="1" ind2=" ">
      <subfield code="a">Lukács László</subfield>
      <subfield code="d">(1914-1991)</subfield>
    </datafield>
    <datafield tag="245" ind1="1" ind2="0">
      <subfield code="a">100 + 1 :</subfield>
      <subfield code="b">a magyar olimpiai aranyérmek története : 1896-1972 /</subfield>
      <subfield code="c">Lukács László, Szepesi György</subfield>
    </datafield>
    <datafield tag="260" ind1=" " ind2=" ">
      <subfield code="a">Budapest :</subfield>
      <subfield code="b">Sport,</subfield>
      <subfield code="c">1976</subfield>
    </datafield>
    <datafield tag="300" ind1=" " ind2=" ">
      <subfield code="a">196, [4] p., 18 t. :</subfield>
      <subfield code="b">ill. ;</subfield>
      <subfield code="c">22x24 cm</subfield>
    </datafield>
    <datafield tag="504" ind1=" " ind2=" ">
      <subfield code="a">Bibliogr.: p. 200.</subfield>
    </datafield>
    <datafield tag="650" ind1=" " ind2="7">
      <subfield code="a">Olimpiai érmesek</subfield>
      <subfield code="x">magyar</subfield>
      <subfield code="x">történet</subfield>
      <subfield code="2">szte</subfield>
    </datafield>
    <datafield tag="700" ind1="1" ind2=" ">
      <subfield code="a">Szepesi György</subfield>
      <subfield code="d">(1922-)</subfield>
    </datafield>
    <datafield tag="852" ind1=" " ind2=" ">
      <subfield code="a">SZ1</subfield>
      <subfield code="b">SZ1</subfield>
      <subfield code="x">bibJGYx11013</subfield>
    </datafield>
    <datafield tag="852" ind1=" " ind2=" ">
      <subfield code="a">B11</subfield>
      <subfield code="b">B11</subfield>
      <subfield code="x">BMEOMIKK000100816</subfield>
    </datafield>
  </record>
  <record>
    <leader>01174nam  2200397 ir4500</leader>
    <controlfield tag="001">MOKKAN0004635591  </controlfield>
    <controlfield tag="005">20091126104614.0</controlfield>
    <controlfield tag="008">070523s2007    hu            0000g hun d</controlfield>
    <datafield tag="020" ind1=" " ind2=" ">
      <subfield code="a">978-963-370-228-4 (kötött)</subfield>
      <subfield code="z">978-963-370-228-5</subfield>
    </datafield>
    <datafield tag="020" ind1=" " ind2=" ">
      <subfield code="a">978 963 370 228 5</subfield>
    </datafield>
    <datafield tag="020" ind1=" " ind2=" ">
      <subfield code="a">978 963 370 228 4</subfield>
    </datafield>
    <datafield tag="035" ind1=" " ind2=" ">
      <subfield code="a">2656495</subfield>
    </datafield>
    <datafield tag="040" ind1=" " ind2=" ">
      <subfield code="a">OSZK</subfield>
    </datafield>
    <datafield tag="041" ind1="0" ind2=" ">
      <subfield code="a">hunhun</subfield>
    </datafield>
    <datafield tag="080" ind1=" " ind2=" ">
      <subfield code="a">894.511-14Havasi</subfield>
    </datafield>
    <datafield tag="100" ind1="1" ind2=" ">
      <subfield code="a">Havasi Attila</subfield>
      <subfield code="d">(1972-)</subfield>
    </datafield>
    <datafield tag="245" ind1="1" ind2="0">
      <subfield code="a">1001 magányos rinocérosz : </subfield>
      <subfield code="b">korhatáros gyerekversek /</subfield>
      <subfield code="c">Havasi Attila</subfield>
    </datafield>
    <datafield tag="260" ind1=" " ind2=" ">
      <subfield code="a">Pécs :</subfield>
      <subfield code="b">Alexandra,</subfield>
      <subfield code="c">2007</subfield>
    </datafield>
    <datafield tag="300" ind1=" " ind2=" ">
      <subfield code="a">77, [3] p. ;</subfield>
      <subfield code="c">21 cm</subfield>
    </datafield>
    <datafield tag="490" ind1="1" ind2=" ">
      <subfield code="a">Szignatúra könyvek</subfield>
      <subfield code="x">1785-8798</subfield>
    </datafield>
    <datafield tag="650" ind1="1" ind2="7">
      <subfield code="a">magyar irodalom</subfield>
      <subfield code="2">oszk</subfield>
    </datafield>
    <datafield tag="650" ind1=" " ind2="7">
      <subfield code="a">Magyar irodalom</subfield>
      <subfield code="x">vers</subfield>
      <subfield code="2">szte</subfield>
    </datafield>
    <datafield tag="650" ind1=" " ind2="4">
      <subfield code="a">abszurd humor</subfield>
    </datafield>
    <datafield tag="650" ind1=" " ind2="4">
      <subfield code="a">magyar irodalom</subfield>
    </datafield>
    <datafield tag="650" ind1=" " ind2="4">
      <subfield code="a">vers</subfield>
    </datafield>
    <datafield tag="653" ind1=" " ind2=" ">
      <subfield code="a">magyar irodalom</subfield>
    </datafield>
    <datafield tag="653" ind1=" " ind2=" ">
      <subfield code="a">szépirodalom</subfield>
    </datafield>
    <datafield tag="653" ind1=" " ind2=" ">
      <subfield code="a">vers</subfield>
    </datafield>
    <datafield tag="695" ind1=" " ind2=" ">
      <subfield code="a">Magyar irodalom, vers</subfield>
    </datafield>
    <datafield tag="830" ind1=" " ind2="0">
      <subfield code="a">Szignatúra könyvek</subfield>
    </datafield>
    <datafield tag="852" ind1=" " ind2=" ">
      <subfield code="a">SZ1</subfield>
      <subfield code="b">SZ1</subfield>
      <subfield code="x">bibJAT00707443</subfield>
    </datafield>
    <datafield tag="852" ind1=" " ind2=" ">
      <subfield code="a">P1</subfield>
      <subfield code="b">P1</subfield>
      <subfield code="x">bibJAT00707443</subfield>
    </datafield>
    <datafield tag="852" ind1=" " ind2=" ">
      <subfield code="a">SZ4</subfield>
      <subfield code="b">SZ4/K2</subfield>
      <subfield code="x">bibSOK00417401</subfield>
    </datafield>
    <datafield tag="852" ind1=" " ind2=" ">
      <subfield code="a">B1</subfield>
      <subfield code="b">B1</subfield>
      <subfield code="x">2656495</subfield>
    </datafield>
    <datafield tag="852" ind1=" " ind2=" ">
      <subfield code="a">B9</subfield>
      <subfield code="b">B9</subfield>
      <subfield code="x">690815</subfield>
    </datafield>
    <datafield tag="852" ind1=" " ind2=" ">
      <subfield code="a">SZO1</subfield>
      <subfield code="b">SZO1</subfield>
      <subfield code="x">150599863</subfield>
    </datafield>
  </record>
  <record>
    <leader>00646nam  2200217 i 4500</leader>
    <controlfield tag="001">MOKKAN0004057254  </controlfield>
    <controlfield tag="005">20070111153225.0</controlfield>
    <controlfield tag="008">061120t20062006hu ar  j      0000i hun d</controlfield>
    <datafield tag="020" ind1=" " ind2=" ">
      <subfield code="a">963-9727-07-5 (kötött)</subfield>
    </datafield>
    <datafield tag="035" ind1=" " ind2=" ">
      <subfield code="a">000002632845</subfield>
    </datafield>
    <datafield tag="040" ind1=" " ind2=" ">
      <subfield code="a">DEENK</subfield>
    </datafield>
    <datafield tag="041" ind1="1" ind2=" ">
      <subfield code="a">hun</subfield>
      <subfield code="h">slv</subfield>
    </datafield>
    <datafield tag="100" ind1="1" ind2=" ">
      <subfield code="a">Prap, Lila</subfield>
    </datafield>
    <datafield tag="240" ind1="1" ind2="0">
      <subfield code="a">1001 pravljica</subfield>
      <subfield code="l">(magyar)</subfield>
    </datafield>
    <datafield tag="245" ind1="1" ind2="0">
      <subfield code="a">1001 mese /</subfield>
      <subfield code="c">[szöveg és ill.] Lila Prap ; [... ford. Demény Eszter]</subfield>
    </datafield>
    <datafield tag="260" ind1=" " ind2=" ">
      <subfield code="a">Budapest :</subfield>
      <subfield code="b">Pagony :</subfield>
      <subfield code="b">PxB,</subfield>
      <subfield code="c">cop. 2006</subfield>
    </datafield>
    <datafield tag="300" ind1=" " ind2=" ">
      <subfield code="a">[3], 28 p. :</subfield>
      <subfield code="b">ill., színes ;</subfield>
      <subfield code="c">25x25 cm</subfield>
    </datafield>
    <datafield tag="650" ind1=" " ind2="4">
      <subfield code="a">Mesék</subfield>
    </datafield>
    <datafield tag="650" ind1=" " ind2="0">
      <subfield code="a">Tales.</subfield>
    </datafield>
    <datafield tag="700" ind1="1" ind2=" ">
      <subfield code="a">Demény Eszter</subfield>
      <subfield code="4">(ford.)</subfield>
    </datafield>
    <datafield tag="852" ind1=" " ind2=" ">
      <subfield code="a">D1</subfield>
      <subfield code="b">HBO8</subfield>
      <subfield code="x">000002632845</subfield>
    </datafield>
  </record>
  <record>
    <leader>00780nam  2200253   4500</leader>
    <controlfield tag="001">MOKKAN0004147675  </controlfield>
    <controlfield tag="005">20080915094339.0</controlfield>
    <controlfield tag="008">070313s2006    hu                  hun d</controlfield>
    <datafield tag="020" ind1=" " ind2=" ">
      <subfield code="a">963-9727-07-5 (kötött)</subfield>
    </datafield>
    <datafield tag="035" ind1=" " ind2=" ">
      <subfield code="a">bibSOK00411272</subfield>
    </datafield>
    <datafield tag="040" ind1=" " ind2=" ">
      <subfield code="a">SK</subfield>
    </datafield>
    <datafield tag="100" ind1="1" ind2=" ">
      <subfield code="a">Prap, Lila</subfield>
    </datafield>
    <datafield tag="240" ind1="1" ind2="0">
      <subfield code="a">1001 pravljica</subfield>
      <subfield code="l">(magyar)</subfield>
    </datafield>
    <datafield tag="245" ind1="1" ind2="0">
      <subfield code="a">1001 mese /</subfield>
      <subfield code="c">[szöveg és ill.] Lila Prap ; [... ford... Demény Eszter]</subfield>
    </datafield>
    <datafield tag="260" ind1=" " ind2=" ">
      <subfield code="a">Budapest :</subfield>
      <subfield code="b">Pozsonyi Pagony :</subfield>
      <subfield code="b">PrintXBudavár,</subfield>
      <subfield code="c">cop. 2006</subfield>
    </datafield>
    <datafield tag="300" ind1=" " ind2=" ">
      <subfield code="a">28 p. :</subfield>
      <subfield code="b">ill. ;</subfield>
      <subfield code="c">25x25 cm</subfield>
    </datafield>
    <datafield tag="653" ind1=" " ind2=" ">
      <subfield code="a">délszláv irodalom</subfield>
    </datafield>
    <datafield tag="653" ind1=" " ind2=" ">
      <subfield code="a">mese</subfield>
    </datafield>
    <datafield tag="653" ind1=" " ind2=" ">
      <subfield code="a">szépirodalom</subfield>
    </datafield>
    <datafield tag="700" ind1="1" ind2=" ">
      <subfield code="a">Demény Eszter</subfield>
    </datafield>
    <datafield tag="852" ind1=" " ind2=" ">
      <subfield code="a">SZ4</subfield>
      <subfield code="b">SZ4/K0</subfield>
      <subfield code="x">bibSOK00411272</subfield>
    </datafield>
    <datafield tag="852" ind1=" " ind2=" ">
      <subfield code="a">B10</subfield>
      <subfield code="b">B10</subfield>
      <subfield code="x">bibFSZ01332961</subfield>
    </datafield>
    <datafield tag="852" ind1=" " ind2=" ">
      <subfield code="a">SZL1</subfield>
      <subfield code="b">SZL1</subfield>
      <subfield code="x">bibVFM00017946</subfield>
    </datafield>
    <datafield tag="852" ind1=" " ind2=" ">
      <subfield code="a">B9</subfield>
      <subfield code="b">B9</subfield>
      <subfield code="x">655420</subfield>
    </datafield>
  </record>
  <record>
    <leader>00474njm  2200169 i 4500</leader>
    <controlfield tag="001">MOKKAN0004604636  </controlfield>
    <controlfield tag="005">20070503110239.0</controlfield>
    <controlfield tag="008">020515s1999                            d</controlfield>
    <datafield tag="028" ind1="0" ind2=" ">
      <subfield code="a">3984-27319-2</subfield>
    </datafield>
    <datafield tag="035" ind1=" " ind2=" ">
      <subfield code="a">150323322</subfield>
    </datafield>
    <datafield tag="040" ind1=" " ind2=" ">
      <subfield code="a">BDK</subfield>
    </datafield>
    <datafield tag="100" ind1="1" ind2=" ">
      <subfield code="a">Khan, Mad Sheer</subfield>
    </datafield>
    <datafield tag="245" ind1="0" ind2="0">
      <subfield code="a">1001 nights [hangdok.] /</subfield>
      <subfield code="c">Mad Sheer Khan</subfield>
    </datafield>
    <datafield tag="260" ind1=" " ind2=" ">
      <subfield code="a">Germany :</subfield>
      <subfield code="b">Detour :</subfield>
      <subfield code="b">Erato,</subfield>
      <subfield code="c">cop. 1999</subfield>
    </datafield>
    <datafield tag="300" ind1=" " ind2=" ">
      <subfield code="a">1 CD : sztereó ;</subfield>
      <subfield code="c">12 cm</subfield>
    </datafield>
    <datafield tag="650" ind1=" " ind2="4">
      <subfield code="a">megzenésített mese</subfield>
    </datafield>
    <datafield tag="852" ind1=" " ind2=" ">
      <subfield code="a">SZO1</subfield>
      <subfield code="b">SZO1</subfield>
      <subfield code="x">150323322</subfield>
    </datafield>
  </record>
  <record>
    <leader>00692njm  2200205   4500</leader>
    <controlfield tag="001">MOKKAZ0004729078  </controlfield>
    <controlfield tag="005">20040910094904.0</controlfield>
    <controlfield tag="008">991029s1999                        ara d</controlfield>
    <datafield tag="028" ind1=" " ind2=" ">
      <subfield code="a">3984-27319-2</subfield>
    </datafield>
    <datafield tag="035" ind1=" " ind2=" ">
      <subfield code="a">bibFSZ849651</subfield>
    </datafield>
    <datafield tag="040" ind1=" " ind2=" ">
      <subfield code="a">FSZEK</subfield>
    </datafield>
    <datafield tag="041" ind1=" " ind2=" ">
      <subfield code="a">araafrhernavtibhinper</subfield>
    </datafield>
    <datafield tag="110" ind1="2" ind2=" ">
      <subfield code="a">Mad Sheer Khan</subfield>
    </datafield>
    <datafield tag="245" ind1="1" ind2="0">
      <subfield code="a">1001 nights</subfield>
      <subfield code="h">[Hangfelvétel] /</subfield>
      <subfield code="c">Mad Sheer Khan</subfield>
    </datafield>
    <datafield tag="260" ind1=" " ind2=" ">
      <subfield code="a">Paris :</subfield>
      <subfield code="b">Erato Disques,</subfield>
      <subfield code="c">cop. 1999</subfield>
    </datafield>
    <datafield tag="300" ind1=" " ind2=" ">
      <subfield code="a">1 CD (63 min 04 s) ;</subfield>
      <subfield code="c">12 cm +</subfield>
      <subfield code="e">1 füz.</subfield>
    </datafield>
    <datafield tag="505" ind1="0" ind2="0">
      <subfield code="t">Night of Algeria ;</subfield>
      <subfield code="t">Night of Gnawas ;</subfield>
      <subfield code="t">Night of Hebrews ;</subfield>
      <subfield code="t">Night of Navajos ;</subfield>
      <subfield code="t">Night of Tibet ;</subfield>
      <subfield code="t">Night of India ;</subfield>
      <subfield code="t">Night of Persia</subfield>
    </datafield>
    <datafield tag="695" ind1=" " ind2="1">
      <subfield code="a">világzene</subfield>
    </datafield>
    <datafield tag="695" ind1=" " ind2="1">
      <subfield code="a">folk</subfield>
    </datafield>
    <datafield tag="852" ind1=" " ind2=" ">
      <subfield code="a">B10</subfield>
      <subfield code="b">0601</subfield>
      <subfield code="x">bibFSZ849651</subfield>
    </datafield>
  </record>
  <record>
    <leader>00781nam  22002655p 4500</leader>
    <controlfield tag="001">MOKKAN0004826214  </controlfield>
    <controlfield tag="005">20080903111615.0</controlfield>
    <controlfield tag="008">061201s2006    hu                  hun d</controlfield>
    <datafield tag="020" ind1=" " ind2=" ">
      <subfield code="a">963 369 790 5</subfield>
    </datafield>
    <datafield tag="035" ind1=" " ind2=" ">
      <subfield code="a">656772</subfield>
    </datafield>
    <datafield tag="040" ind1=" " ind2=" ">
      <subfield code="a">KSHK</subfield>
    </datafield>
    <datafield tag="041" ind1="0" ind2=" ">
      <subfield code="a">hun</subfield>
    </datafield>
    <datafield tag="100" ind1="1" ind2=" ">
      <subfield code="a">Kaplinsky, Marion</subfield>
    </datafield>
    <datafield tag="240" ind1="1" ind2="0">
      <subfield code="a">1001 things to make you smile</subfield>
      <subfield code="l">(magyar)</subfield>
    </datafield>
    <datafield tag="245" ind1="0" ind2="0">
      <subfield code="a">1001 ok arra, hogy nevess : </subfield>
      <subfield code="b">hogyan legyünk megerőltetés nélkül vidámak /</subfield>
      <subfield code="c">Marion Kaplinsky</subfield>
    </datafield>
    <datafield tag="260" ind1=" " ind2=" ">
      <subfield code="a">Pécs :</subfield>
      <subfield code="b">Alexandra,</subfield>
      <subfield code="c">2006</subfield>
    </datafield>
    <datafield tag="300" ind1=" " ind2=" ">
      <subfield code="a">384 p. :</subfield>
      <subfield code="b">ill., színes ;</subfield>
      <subfield code="c">13 cm</subfield>
    </datafield>
    <datafield tag="650" ind1=" " ind2="4">
      <subfield code="a">Szellemesség és humor</subfield>
    </datafield>
    <datafield tag="650" ind1=" " ind2="0">
      <subfield code="a">Wit and humor.</subfield>
    </datafield>
    <datafield tag="653" ind1=" " ind2=" ">
      <subfield code="a">aforizma</subfield>
    </datafield>
    <datafield tag="653" ind1=" " ind2=" ">
      <subfield code="a">magatartás</subfield>
    </datafield>
    <datafield tag="653" ind1=" " ind2=" ">
      <subfield code="a">szatíra</subfield>
    </datafield>
    <datafield tag="653" ind1=" " ind2=" ">
      <subfield code="a">világirodalom</subfield>
    </datafield>
    <datafield tag="852" ind1=" " ind2=" ">
      <subfield code="a">B9</subfield>
      <subfield code="b">B9</subfield>
      <subfield code="x">656772</subfield>
    </datafield>
    <datafield tag="852" ind1=" " ind2=" ">
      <subfield code="a">D1</subfield>
      <subfield code="b">D1</subfield>
      <subfield code="x">MOKKAN0004826214</subfield>
    </datafield>
  </record>
  <record>
    <leader>01382fam  2200397 i 4500</leader>
    <controlfield tag="001">MOKKAZ0006320429  </controlfield>
    <controlfield tag="005">20040915191258.0</controlfield>
    <controlfield tag="008">941109s1994    hu a          000 0 hun d</controlfield>
    <datafield tag="020" ind1=" " ind2=" ">
      <subfield code="a">963-434-051-2 (fűzött) :</subfield>
      <subfield code="c">398,- Ft</subfield>
    </datafield>
    <datafield tag="035" ind1=" " ind2=" ">
      <subfield code="a">99783</subfield>
    </datafield>
    <datafield tag="040" ind1=" " ind2=" ">
      <subfield code="a">OSZK</subfield>
    </datafield>
    <datafield tag="041" ind1="1" ind2=" ">
      <subfield code="a">hunhun</subfield>
      <subfield code="h">eng</subfield>
    </datafield>
    <datafield tag="100" ind1="1" ind2=" ">
      <subfield code="a">Krueger, Caryl W.</subfield>
    </datafield>
    <datafield tag="240" ind1="1" ind2="0">
      <subfield code="a">1001 things to do with your kids</subfield>
      <subfield code="l">(magyar)</subfield>
    </datafield>
    <datafield tag="245" ind1="1" ind2="0">
      <subfield code="a">1001 ötlet szülőknek /</subfield>
      <subfield code="c">Caryl W. Krueger ; [ford. Váradi Judit]</subfield>
    </datafield>
    <datafield tag="260" ind1=" " ind2=" ">
      <subfield code="a">[Debrecen] :</subfield>
      <subfield code="b">Lap-ics,</subfield>
      <subfield code="c">1994</subfield>
      <subfield code="e">([Debrecen]</subfield>
      <subfield code="f">Kinizsi)</subfield>
    </datafield>
    <datafield tag="300" ind1=" " ind2=" ">
      <subfield code="a">303 p. :</subfield>
      <subfield code="b">ill. ;</subfield>
      <subfield code="c">21 cm</subfield>
    </datafield>
    <datafield tag="650" ind1=" " ind2="4">
      <subfield code="a">Pszichológia</subfield>
    </datafield>
    <datafield tag="650" ind1=" " ind2="4">
      <subfield code="a">Lélektan</subfield>
    </datafield>
    <datafield tag="650" ind1=" " ind2="4">
      <subfield code="a">Gyermeklélektan</subfield>
    </datafield>
    <datafield tag="650" ind1=" " ind2="4">
      <subfield code="a">Családi nevelés</subfield>
    </datafield>
    <datafield tag="650" ind1=" " ind2="4">
      <subfield code="a">Gyermeknevelés</subfield>
    </datafield>
    <datafield tag="695" ind1=" " ind2=" ">
      <subfield code="a">Gyermeknevelés</subfield>
      <subfield code="x">tanácsok</subfield>
      <subfield code="x">ötletek</subfield>
    </datafield>
    <datafield tag="695" ind1=" " ind2=" ">
      <subfield code="a">Családpedagógia</subfield>
      <subfield code="x">tanácsok</subfield>
    </datafield>
    <datafield tag="695" ind1=" " ind2=" ">
      <subfield code="a">gyermekpszichológia</subfield>
    </datafield>
    <datafield tag="695" ind1=" " ind2=" ">
      <subfield code="a">nevelés</subfield>
    </datafield>
    <datafield tag="700" ind1="1" ind2=" ">
      <subfield code="a">Váradi Judit</subfield>
      <subfield code="4">(ford.)</subfield>
    </datafield>
    <datafield tag="852" ind1=" " ind2=" ">
      <subfield code="a">B1</subfield>
      <subfield code="b">B1</subfield>
      <subfield code="x">99783</subfield>
    </datafield>
    <datafield tag="852" ind1=" " ind2=" ">
      <subfield code="a">D1</subfield>
      <subfield code="b">D1</subfield>
      <subfield code="x">bibKLT00063463</subfield>
    </datafield>
    <datafield tag="852" ind1=" " ind2=" ">
      <subfield code="a">B10</subfield>
      <subfield code="B">1105</subfield>
      <subfield code="B">0305</subfield>
      <subfield code="B">0101</subfield>
      <subfield code="B">1201</subfield>
      <subfield code="B">1103</subfield>
      <subfield code="B">0307C</subfield>
      <subfield code="B">2201</subfield>
      <subfield code="B">2203</subfield>
      <subfield code="B">0302</subfield>
      <subfield code="B">0202</subfield>
      <subfield code="B">0801</subfield>
      <subfield code="B">1801</subfield>
      <subfield code="B">1803</subfield>
      <subfield code="B">1903</subfield>
      <subfield code="B">1802</subfield>
      <subfield code="B">1308</subfield>
      <subfield code="B">1302</subfield>
      <subfield code="B">1501</subfield>
      <subfield code="B">1004</subfield>
      <subfield code="B">1401</subfield>
      <subfield code="B">1404</subfield>
      <subfield code="B">1601</subfield>
      <subfield code="B">1602</subfield>
      <subfield code="B">1503</subfield>
      <subfield code="b">1504</subfield>
      <subfield code="x">bibFSZ00094664</subfield>
    </datafield>
    <datafield tag="852" ind1=" " ind2=" ">
      <subfield code="a">GY1</subfield>
      <subfield code="b">GY1</subfield>
      <subfield code="x">373660</subfield>
    </datafield>
    <datafield tag="852" ind1=" " ind2=" ">
      <subfield code="a">ST1</subfield>
      <subfield code="b">ST1</subfield>
      <subfield code="x">bibBBM87226</subfield>
    </datafield>
    <datafield tag="852" ind1=" " ind2=" ">
      <subfield code="a">SZK1</subfield>
      <subfield code="b">SZK1</subfield>
      <subfield code="x">bibTMK131542</subfield>
    </datafield>
    <datafield tag="852" ind1=" " ind2=" ">
      <subfield code="a">M2</subfield>
      <subfield code="b">M2</subfield>
      <subfield code="x">bibRFK00045745</subfield>
    </datafield>
    <datafield tag="852" ind1=" " ind2=" ">
      <subfield code="a">SZ1</subfield>
      <subfield code="b">J</subfield>
      <subfield code="x">bibJGYx68603</subfield>
    </datafield>
    <datafield tag="852" ind1=" " ind2=" ">
      <subfield code="a">S1</subfield>
      <subfield code="b">S1</subfield>
      <subfield code="x">bibSEF46481</subfield>
    </datafield>
  </record>
  <record>
    <leader>00944cam  2200301   4500</leader>
    <controlfield tag="001">MOKKAZ0004775558  </controlfield>
    <controlfield tag="005">20091109032436.0</controlfield>
    <controlfield tag="008">      s1994                        hun  </controlfield>
    <datafield tag="020" ind1=" " ind2=" ">
      <subfield code="a">963-434-051-2 (fűzött) :</subfield>
      <subfield code="c">362,- + 10 %</subfield>
    </datafield>
    <datafield tag="035" ind1=" " ind2=" ">
      <subfield code="a">bibJPT0017254</subfield>
    </datafield>
    <datafield tag="040" ind1=" " ind2=" ">
      <subfield code="a">PTE</subfield>
    </datafield>
    <datafield tag="100" ind1="1" ind2=" ">
      <subfield code="a">Krueger, Caryl Waller</subfield>
    </datafield>
    <datafield tag="240" ind1=" " ind2="0">
      <subfield code="a">1001 things to do with your kids</subfield>
      <subfield code="l">(magyar)</subfield>
    </datafield>
    <datafield tag="245" ind1="1" ind2="0">
      <subfield code="a">1001 ötlet szülőknek /</subfield>
      <subfield code="c">Caryl W. Krueger ; [ford. Váradi Judit]</subfield>
    </datafield>
    <datafield tag="260" ind1=" " ind2=" ">
      <subfield code="a">[Budapest] :</subfield>
      <subfield code="b">LAP-ICS Kvk.,</subfield>
      <subfield code="c">1994</subfield>
    </datafield>
    <datafield tag="300" ind1=" " ind2=" ">
      <subfield code="a">303 p. ;</subfield>
      <subfield code="c">21 cm</subfield>
    </datafield>
    <datafield tag="650" ind1=" " ind2="4">
      <subfield code="a">Gyermeknevelés</subfield>
    </datafield>
    <datafield tag="650" ind1=" " ind2="7">
      <subfield code="a">családi nevelés</subfield>
      <subfield code="2">opkm</subfield>
    </datafield>
    <datafield tag="650" ind1=" " ind2="7">
      <subfield code="a">szülők számára</subfield>
      <subfield code="2">opkm</subfield>
    </datafield>
    <datafield tag="650" ind1=" " ind2="7">
      <subfield code="a">nevelési tanácsadás</subfield>
      <subfield code="2">opkm</subfield>
    </datafield>
    <datafield tag="695" ind1=" " ind2=" ">
      <subfield code="a">Játék</subfield>
    </datafield>
    <datafield tag="695" ind1=" " ind2=" ">
      <subfield code="a">Gyermeknevelés</subfield>
    </datafield>
    <datafield tag="695" ind1=" " ind2=" ">
      <subfield code="a">Családi nevelés</subfield>
    </datafield>
    <datafield tag="700" ind1="1" ind2=" ">
      <subfield code="a">Váradi Judit</subfield>
    </datafield>
    <datafield tag="852" ind1=" " ind2=" ">
      <subfield code="a">P1</subfield>
      <subfield code="b">P1/SZ</subfield>
      <subfield code="x">bibJPT0017254</subfield>
    </datafield>
    <datafield tag="852" ind1=" " ind2=" ">
      <subfield code="a">BCS1</subfield>
      <subfield code="b">BCS1</subfield>
      <subfield code="x">bibBKO00191555</subfield>
    </datafield>
    <datafield tag="852" ind1=" " ind2=" ">
      <subfield code="a">SZL1</subfield>
      <subfield code="b">SZL1</subfield>
      <subfield code="x">bibVFK00117879</subfield>
    </datafield>
    <datafield tag="852" ind1=" " ind2=" ">
      <subfield code="a">B7</subfield>
      <subfield code="b">B7</subfield>
      <subfield code="x">78913</subfield>
    </datafield>
  </record>
  <record>
    <leader>01078nam  2200337 i 4500</leader>
    <controlfield tag="001">MOKKAW0006065756  </controlfield>
    <controlfield tag="005">20080908154301.0</controlfield>
    <controlfield tag="008">080904s20082008hu ar         00100 hun d</controlfield>
    <datafield tag="020" ind1=" " ind2=" ">
      <subfield code="a">978-963-9707-25-2 (kötött)</subfield>
    </datafield>
    <datafield tag="020" ind1=" " ind2=" ">
      <subfield code="a">963-9707-252</subfield>
    </datafield>
    <datafield tag="035" ind1=" " ind2=" ">
      <subfield code="a">bibDEK00699757</subfield>
    </datafield>
    <datafield tag="040" ind1=" " ind2=" ">
      <subfield code="a">DEENK</subfield>
    </datafield>
    <datafield tag="041" ind1="0" ind2=" ">
      <subfield code="a">hun</subfield>
    </datafield>
    <datafield tag="050" ind1=" " ind2=" ">
      <subfield code="a">GR880</subfield>
    </datafield>
    <datafield tag="060" ind1=" " ind2=" ">
      <subfield code="a">WB 55</subfield>
      <subfield code="b">E99</subfield>
    </datafield>
    <datafield tag="130" ind1="0" ind2="0">
      <subfield code="a">1001 home remedies</subfield>
      <subfield code="l">(magyar)</subfield>
    </datafield>
    <datafield tag="245" ind1="1" ind2="0">
      <subfield code="a">1001 otthoni gyógyír :</subfield>
      <subfield code="b">megbízható gyógymódok hétköznapi betegségekre /</subfield>
      <subfield code="c">[szerk. Rácz Ildikó] ; [ford. Kiss Gábor]</subfield>
    </datafield>
    <datafield tag="260" ind1=" " ind2=" ">
      <subfield code="a">Budapest :</subfield>
      <subfield code="b">Reader's Digest Kiadó,</subfield>
      <subfield code="c">cop. 2008</subfield>
    </datafield>
    <datafield tag="300" ind1=" " ind2=" ">
      <subfield code="a">448 p. :</subfield>
      <subfield code="b">ill., színes ;</subfield>
      <subfield code="c">26 cm</subfield>
    </datafield>
    <datafield tag="500" ind1=" " ind2=" ">
      <subfield code="a">Index: p. 438-448.</subfield>
    </datafield>
    <datafield tag="650" ind1=" " ind2="4">
      <subfield code="a">Hagyományos orvoslás</subfield>
    </datafield>
    <datafield tag="650" ind1=" " ind2="4">
      <subfield code="a">Orvostudomány, népszerű</subfield>
    </datafield>
    <datafield tag="650" ind1=" " ind2="4">
      <subfield code="a">Egészségvédelem</subfield>
    </datafield>
    <datafield tag="650" ind1=" " ind2="0">
      <subfield code="a">Traditional medicine.</subfield>
    </datafield>
    <datafield tag="650" ind1=" " ind2="0">
      <subfield code="a">Medicine, Popular.</subfield>
    </datafield>
    <datafield tag="650" ind1=" " ind2="0">
      <subfield code="a">Self-care, Health.</subfield>
    </datafield>
    <datafield tag="650" ind1=" " ind2="2">
      <subfield code="a">Self Care</subfield>
    </datafield>
    <datafield tag="650" ind1=" " ind2="2">
      <subfield code="a">Medicine, Traditional</subfield>
    </datafield>
    <datafield tag="700" ind1="1" ind2=" ">
      <subfield code="a">Rácz Ildikó</subfield>
      <subfield code="4">(szerk.)</subfield>
    </datafield>
    <datafield tag="700" ind1="1" ind2=" ">
      <subfield code="a">Kiss Gábor</subfield>
      <subfield code="4">(ford.)</subfield>
    </datafield>
    <datafield tag="852" ind1=" " ind2=" ">
      <subfield code="a">D1</subfield>
      <subfield code="b">D2/PX</subfield>
      <subfield code="x">bibDEK00699757</subfield>
    </datafield>
  </record>
  <record>
    <leader>00588nam  2200181  r4500</leader>
    <controlfield tag="001">MOKKAZ0004843386  </controlfield>
    <controlfield tag="005">20090703125548.0</controlfield>
    <controlfield tag="008">930119s1983    au                  ger d</controlfield>
    <datafield tag="020" ind1=" " ind2=" ">
      <subfield code="a">3 222 11488 9</subfield>
    </datafield>
    <datafield tag="035" ind1=" " ind2=" ">
      <subfield code="a">bibJPT00113733</subfield>
    </datafield>
    <datafield tag="040" ind1=" " ind2=" ">
      <subfield code="a">PTE</subfield>
    </datafield>
    <datafield tag="100" ind1="1" ind2=" ">
      <subfield code="a">Weigel, Hans</subfield>
      <subfield code="d">(1908-1991)</subfield>
      <subfield code="c">(osztrák író)</subfield>
    </datafield>
    <datafield tag="245" ind1="1" ind2="0">
      <subfield code="a">1001 Premiere. Hymnen und Verrisse. Bd. 1. Von Aischylos  bis Molière.</subfield>
    </datafield>
    <datafield tag="260" ind1=" " ind2=" ">
      <subfield code="a">Graz - Wien - Köln :</subfield>
      <subfield code="b">Styria,</subfield>
      <subfield code="c">1983</subfield>
    </datafield>
    <datafield tag="300" ind1=" " ind2=" ">
      <subfield code="a">415 p. ;</subfield>
      <subfield code="c">21 cm.</subfield>
    </datafield>
    <datafield tag="695" ind1=" " ind2=" ">
      <subfield code="a">Színházi kritika, osztrák, 1946-1963</subfield>
    </datafield>
    <datafield tag="695" ind1=" " ind2=" ">
      <subfield code="a">Színházművészet</subfield>
    </datafield>
    <datafield tag="852" ind1=" " ind2=" ">
      <subfield code="a">P1</subfield>
      <subfield code="b">P1/OB</subfield>
      <subfield code="x">bibJPT00113733</subfield>
    </datafield>
  </record>
  <record>
    <leader>00992nam  2200277 ir4500</leader>
    <controlfield tag="001">MOKKAZ0003290045  </controlfield>
    <controlfield tag="005">20090703125549.0</controlfield>
    <controlfield tag="008">      m1983    au            00010 ger d</controlfield>
    <datafield tag="020" ind1=" " ind2=" ">
      <subfield code="a">3 222 11488 9 (1-2. Bd.)</subfield>
    </datafield>
    <datafield tag="035" ind1=" " ind2=" ">
      <subfield code="a">bibKLT00068047</subfield>
    </datafield>
    <datafield tag="040" ind1=" " ind2=" ">
      <subfield code="a">DEENK</subfield>
    </datafield>
    <datafield tag="100" ind1="1" ind2=" ">
      <subfield code="a">Weigel, Hans</subfield>
      <subfield code="d">(1908-1991)</subfield>
      <subfield code="c">(osztrák író)</subfield>
    </datafield>
    <datafield tag="245" ind1="1" ind2="0">
      <subfield code="a">1001 Premiere :</subfield>
      <subfield code="b">Hymnen und Verrisse /</subfield>
      <subfield code="c">Hans Weigel</subfield>
    </datafield>
    <datafield tag="260" ind1=" " ind2=" ">
      <subfield code="a">Graz ;</subfield>
      <subfield code="a">Wien ;</subfield>
      <subfield code="a">Köln :</subfield>
      <subfield code="b">Styria,</subfield>
      <subfield code="c">1983</subfield>
    </datafield>
    <datafield tag="300" ind1=" " ind2=" ">
      <subfield code="c">21 cm</subfield>
    </datafield>
    <datafield tag="490" ind1="1" ind2=" ">
      <subfield code="a">(Weigel für Anhänger)</subfield>
    </datafield>
    <datafield tag="500" ind1=" " ind2=" ">
      <subfield code="a">regiszter pp. 797-851.</subfield>
    </datafield>
    <datafield tag="650" ind1=" " ind2="4">
      <subfield code="a">Színház</subfield>
      <subfield code="z">Ausztria</subfield>
      <subfield code="x">recenziók</subfield>
    </datafield>
    <datafield tag="650" ind1=" " ind2="4">
      <subfield code="a">Színház</subfield>
      <subfield code="z">Ausztria</subfield>
      <subfield code="x">történet</subfield>
      <subfield code="y">20. század</subfield>
      <subfield code="x">források</subfield>
    </datafield>
    <datafield tag="650" ind1=" " ind2="0">
      <subfield code="a">Theater</subfield>
      <subfield code="z">Austria</subfield>
      <subfield code="x">Reviews.</subfield>
    </datafield>
    <datafield tag="650" ind1=" " ind2="0">
      <subfield code="a">Theater</subfield>
      <subfield code="z">Austria</subfield>
      <subfield code="x">History</subfield>
      <subfield code="y">20th century</subfield>
      <subfield code="x">Sources.</subfield>
    </datafield>
    <datafield tag="650" ind1=" " ind2="7">
      <subfield code="a">Színházi kritika</subfield>
      <subfield code="x">osztrák</subfield>
      <subfield code="y">1946-1963</subfield>
      <subfield code="2">szte</subfield>
    </datafield>
    <datafield tag="650" ind1=" " ind2="7">
      <subfield code="a">Színházművészet</subfield>
      <subfield code="x">osztrák</subfield>
      <subfield code="y">1946-1963</subfield>
      <subfield code="2">szte</subfield>
    </datafield>
    <datafield tag="830" ind1=" " ind2="0">
      <subfield code="a">Weigel für Anhänger</subfield>
    </datafield>
    <datafield tag="852" ind1=" " ind2=" ">
      <subfield code="a">D1</subfield>
      <subfield code="b">D1/OE</subfield>
      <subfield code="x">bibKLT00068047</subfield>
    </datafield>
    <datafield tag="852" ind1=" " ind2=" ">
      <subfield code="a">SZ1</subfield>
      <subfield code="b">SZ1</subfield>
      <subfield code="x">bibJAT00211087</subfield>
    </datafield>
  </record>
  <record>
    <leader>00532aam  2200169  r4500</leader>
    <controlfield tag="001">MOKKAZ0003973995  </controlfield>
    <controlfield tag="005">20040910014552.0</controlfield>
    <controlfield tag="008">930119 1983    au                  ger  </controlfield>
    <datafield tag="035" ind1=" " ind2=" ">
      <subfield code="a">bibJAT00211086</subfield>
    </datafield>
    <datafield tag="040" ind1=" " ind2=" ">
      <subfield code="a">SZTE</subfield>
    </datafield>
    <datafield tag="100" ind1="1" ind2=" ">
      <subfield code="a">Weigel, Hans</subfield>
    </datafield>
    <datafield tag="245" ind1="1" ind2="0">
      <subfield code="a">1001 Premiere :</subfield>
      <subfield code="b">Hymnen und Verrisse /</subfield>
      <subfield code="c">Hans Weigel</subfield>
    </datafield>
    <datafield tag="260" ind1=" " ind2=" ">
      <subfield code="a">Graz ;</subfield>
      <subfield code="a">Wien ;</subfield>
      <subfield code="a">Köln :</subfield>
      <subfield code="b">Styria,</subfield>
      <subfield code="c">1983-</subfield>
    </datafield>
    <datafield tag="300" ind1=" " ind2=" ">
      <subfield code="c">21 cm</subfield>
    </datafield>
    <datafield tag="650" ind1=" " ind2="7">
      <subfield code="a">Színházi kritika</subfield>
      <subfield code="x">osztrák</subfield>
      <subfield code="y">1946-1963</subfield>
      <subfield code="2">szte</subfield>
    </datafield>
    <datafield tag="650" ind1=" " ind2="7">
      <subfield code="a">Színházművészet</subfield>
      <subfield code="x">osztrák</subfield>
      <subfield code="y">1946-1963</subfield>
      <subfield code="2">szte</subfield>
    </datafield>
    <datafield tag="852" ind1=" " ind2=" ">
      <subfield code="a">SZ1</subfield>
      <subfield code="b">SZ1</subfield>
      <subfield code="x">bibJAT00211086</subfield>
    </datafield>
  </record>
  <record>
    <leader>00842cam  2200241 i 4500</leader>
    <controlfield tag="001">MOKKAN0004943065  </controlfield>
    <controlfield tag="005">20071113191022.0</controlfield>
    <controlfield tag="008">070619s2007    riu           001 0 eng d</controlfield>
    <datafield tag="020" ind1=" " ind2=" ">
      <subfield code="a">9780821842249</subfield>
    </datafield>
    <datafield tag="035" ind1=" " ind2=" ">
      <subfield code="a">bibDEK641267</subfield>
    </datafield>
    <datafield tag="040" ind1=" " ind2=" ">
      <subfield code="a">DEENK</subfield>
    </datafield>
    <datafield tag="041" ind1="1" ind2=" ">
      <subfield code="a">eng</subfield>
      <subfield code="h">fre</subfield>
    </datafield>
    <datafield tag="100" ind1="1" ind2=" ">
      <subfield code="a">Koninck, Jean Marie de</subfield>
      <subfield code="d">(1948-)</subfield>
    </datafield>
    <datafield tag="240" ind1="1" ind2="0">
      <subfield code="a">1001 problemes en théorie classique des nombres</subfield>
      <subfield code="l">(magyar)</subfield>
    </datafield>
    <datafield tag="245" ind1="1" ind2="0">
      <subfield code="a">1001 problems in classical number theory /</subfield>
      <subfield code="c">Jean-Marie De Koninck and Armel Mercier</subfield>
    </datafield>
    <datafield tag="260" ind1=" " ind2=" ">
      <subfield code="a">Providence, R.I. :</subfield>
      <subfield code="b">American Mathematical Society,</subfield>
      <subfield code="c">2007</subfield>
    </datafield>
    <datafield tag="300" ind1=" " ind2=" ">
      <subfield code="a">xii, 336 p. :</subfield>
      <subfield code="b">ill. ;</subfield>
      <subfield code="c">24 cm</subfield>
    </datafield>
    <datafield tag="500" ind1=" " ind2=" ">
      <subfield code="a">Index: p. 333-336</subfield>
    </datafield>
    <datafield tag="504" ind1=" " ind2=" ">
      <subfield code="a">Bibliogr.: p. 331-332</subfield>
    </datafield>
    <datafield tag="650" ind1=" " ind2="4">
      <subfield code="a">Számelmélet</subfield>
      <subfield code="x">feladatok, gyakorlatok stb.</subfield>
    </datafield>
    <datafield tag="650" ind1=" " ind2="0">
      <subfield code="a">Number theory</subfield>
      <subfield code="x">Problems, exercises, etc.</subfield>
    </datafield>
    <datafield tag="700" ind1="1" ind2=" ">
      <subfield code="a">Mercier, Armel</subfield>
    </datafield>
    <datafield tag="852" ind1=" " ind2=" ">
      <subfield code="a">D1</subfield>
      <subfield code="b">D1</subfield>
      <subfield code="x">bibDEK641267</subfield>
    </datafield>
  </record>
  <record>
    <leader>00529cam  2200193 ar4500</leader>
    <controlfield tag="001">MOKKAZ0005376876  </controlfield>
    <controlfield tag="005">20040910174731.0</controlfield>
    <controlfield tag="008">981118c        mdu           00010 eng d</controlfield>
    <datafield tag="020" ind1=" " ind2=" ">
      <subfield code="a">0-8391-1067-1</subfield>
    </datafield>
    <datafield tag="035" ind1=" " ind2=" ">
      <subfield code="a">22887</subfield>
    </datafield>
    <datafield tag="040" ind1=" " ind2=" ">
      <subfield code="a">SEKK</subfield>
    </datafield>
    <datafield tag="041" ind1="0" ind2=" ">
      <subfield code="a">eng</subfield>
    </datafield>
    <datafield tag="100" ind1="1" ind2="0">
      <subfield code="a">Bell, Roy</subfield>
    </datafield>
    <datafield tag="245" ind1="1" ind2="0">
      <subfield code="a">1001 questions about radiologic technology</subfield>
      <subfield code="b">/</subfield>
      <subfield code="c">Roy Bell</subfield>
    </datafield>
    <datafield tag="260" ind1="0" ind2="0">
      <subfield code="a">Rockville :</subfield>
      <subfield code="b">Aspen,</subfield>
      <subfield code="c">1980.</subfield>
    </datafield>
    <datafield tag="300" ind1=" " ind2=" ">
      <subfield code="a">(1 db.) ;</subfield>
      <subfield code="c">23 cm.</subfield>
    </datafield>
    <datafield tag="650" ind1="1" ind2="4">
      <subfield code="a">Radiology</subfield>
      <subfield code="x">Technology, medical</subfield>
    </datafield>
    <datafield tag="650" ind1="1" ind2="4">
      <subfield code="a">Radiológia</subfield>
      <subfield code="x">Orvostechnika</subfield>
    </datafield>
    <datafield tag="852" ind1=" " ind2=" ">
      <subfield code="a">B13</subfield>
      <subfield code="b">B13</subfield>
      <subfield code="x">22887</subfield>
    </datafield>
  </record>
  <record>
    <leader>01028cam  2200289 ir4500</leader>
    <controlfield tag="001">MOKKAN0004955465aa</controlfield>
    <controlfield tag="005">20071114062756.0</controlfield>
    <controlfield tag="008">      s19801985us       b      0   eng d</controlfield>
    <datafield tag="020" ind1=" " ind2=" ">
      <subfield code="a">0 8391 1607 1</subfield>
    </datafield>
    <datafield tag="035" ind1=" " ind2=" ">
      <subfield code="a">ISISDOT0004673</subfield>
    </datafield>
    <datafield tag="040" ind1=" " ind2=" ">
      <subfield code="a">DEENK</subfield>
    </datafield>
    <datafield tag="050" ind1="0" ind2=" ">
      <subfield code="a">RC78</subfield>
      <subfield code="b">.B393</subfield>
    </datafield>
    <datafield tag="060" ind1=" " ind2=" ">
      <subfield code="a">WN 18</subfield>
    </datafield>
    <datafield tag="082" ind1="0" ind2=" ">
      <subfield code="a">616.07/57/076</subfield>
      <subfield code="2">19</subfield>
    </datafield>
    <datafield tag="100" ind1="1" ind2=" ">
      <subfield code="a">Bell, Roy</subfield>
      <subfield code="d">(1930-)</subfield>
    </datafield>
    <datafield tag="245" ind1="1" ind2="0">
      <subfield code="a">1001 questions about radiologic technology /</subfield>
      <subfield code="c">Roy Bell</subfield>
    </datafield>
    <datafield tag="260" ind1=" " ind2=" ">
      <subfield code="a">Rockville ;</subfield>
      <subfield code="a">Baltimore :</subfield>
      <subfield code="b">Aspen :</subfield>
      <subfield code="b">University Park Press,</subfield>
      <subfield code="c">1980-1985.</subfield>
    </datafield>
    <datafield tag="300" ind1=" " ind2=" ">
      <subfield code="a">3 db ;</subfield>
      <subfield code="c">23 cm</subfield>
    </datafield>
    <datafield tag="504" ind1=" " ind2=" ">
      <subfield code="a">Bibliográfiát tartalmaz</subfield>
    </datafield>
    <datafield tag="650" ind1=" " ind2="2">
      <subfield code="a">Radiography</subfield>
      <subfield code="x">methods</subfield>
    </datafield>
    <datafield tag="650" ind1=" " ind2="2">
      <subfield code="a">Radiography</subfield>
      <subfield code="x">education</subfield>
    </datafield>
    <datafield tag="650" ind1=" " ind2="2">
      <subfield code="a">Technology, Radiologic</subfield>
      <subfield code="x">examination questions</subfield>
    </datafield>
    <datafield tag="650" ind1=" " ind2="4">
      <subfield code="a">Radiológia, orvosi</subfield>
      <subfield code="x">vizsgák, kérdések stb.</subfield>
    </datafield>
    <datafield tag="650" ind1=" " ind2="4">
      <subfield code="a">Orvosi technológia</subfield>
      <subfield code="x">vizsgék, kérdések stb.</subfield>
    </datafield>
    <datafield tag="650" ind1=" " ind2="0">
      <subfield code="a">Radiography, Medical</subfield>
      <subfield code="x">Examintaions, questions, etc.</subfield>
    </datafield>
    <datafield tag="650" ind1=" " ind2="0">
      <subfield code="a">Medical technology</subfield>
      <subfield code="x">Examinations, questions, etc.</subfield>
    </datafield>
    <datafield tag="852" ind1=" " ind2=" ">
      <subfield code="a">D1</subfield>
      <subfield code="B">D2</subfield>
      <subfield code="B">D2/PO</subfield>
      <subfield code="B">D2/RK</subfield>
      <subfield code="b">D2/35</subfield>
      <subfield code="x">ISISDOT0004673</subfield>
    </datafield>
  </record>
  <record>
    <leader>00616cam  2200181  r4500</leader>
    <controlfield tag="001">MOKKAZ0003764162  </controlfield>
    <controlfield tag="005">20090505174956.0</controlfield>
    <controlfield tag="008">       19801985us                  eng  </controlfield>
    <datafield tag="035" ind1=" " ind2=" ">
      <subfield code="a">ISISDOT0004673</subfield>
    </datafield>
    <datafield tag="040" ind1=" " ind2=" ">
      <subfield code="a">DEENK</subfield>
    </datafield>
    <datafield tag="100" ind1="1" ind2=" ">
      <subfield code="a">Bell, Roy</subfield>
      <subfield code="d">(1930-)</subfield>
    </datafield>
    <datafield tag="245" ind1="1" ind2="0">
      <subfield code="a">1001 questions about radiologic technology /</subfield>
      <subfield code="c">Roy Bell</subfield>
    </datafield>
    <datafield tag="260" ind1=" " ind2=" ">
      <subfield code="a">Rockville ;</subfield>
      <subfield code="a">Baltimore :</subfield>
      <subfield code="b">Aspen :</subfield>
      <subfield code="b">University Park Press,</subfield>
      <subfield code="c">1980-1985.</subfield>
    </datafield>
    <datafield tag="300" ind1=" " ind2=" ">
      <subfield code="a">3 db ;</subfield>
      <subfield code="c">23 cm</subfield>
    </datafield>
    <datafield tag="650" ind1=" " ind2="2">
      <subfield code="a">Radiography</subfield>
      <subfield code="x">methods</subfield>
    </datafield>
    <datafield tag="650" ind1=" " ind2="2">
      <subfield code="a">Radiography</subfield>
      <subfield code="x">education</subfield>
    </datafield>
    <datafield tag="650" ind1=" " ind2="2">
      <subfield code="a">Technology, Radiologic</subfield>
      <subfield code="x">examination questions</subfield>
    </datafield>
    <datafield tag="852" ind1=" " ind2=" ">
      <subfield code="a">D1</subfield>
      <subfield code="b">D2</subfield>
      <subfield code="b">D2/35</subfield>
      <subfield code="b">D2</subfield>
      <subfield code="b">D2/PO</subfield>
      <subfield code="b">D2/RK</subfield>
      <subfield code="x">ISISDOT0004673</subfield>
    </datafield>
  </record>
  <record>
    <leader>00885cam  2200253 i 4500</leader>
    <controlfield tag="001">MOKKAZ0003764221  </controlfield>
    <controlfield tag="005">20071114073515.0</controlfield>
    <controlfield tag="008">      s1982    us              0   eng d</controlfield>
    <datafield tag="020" ind1=" " ind2=" ">
      <subfield code="a">0 8391 1749 3</subfield>
    </datafield>
    <datafield tag="035" ind1=" " ind2=" ">
      <subfield code="a">ISISDOT0004737</subfield>
    </datafield>
    <datafield tag="040" ind1=" " ind2=" ">
      <subfield code="a">DEENK</subfield>
    </datafield>
    <datafield tag="041" ind1="0" ind2=" ">
      <subfield code="a">eng</subfield>
    </datafield>
    <datafield tag="050" ind1=" " ind2=" ">
      <subfield code="a">RC78.7.U4</subfield>
    </datafield>
    <datafield tag="060" ind1=" " ind2=" ">
      <subfield code="a">WB18</subfield>
    </datafield>
    <datafield tag="100" ind1="1" ind2=" ">
      <subfield code="a">Bell, Roy</subfield>
      <subfield code="d">(1930-)</subfield>
    </datafield>
    <datafield tag="245" ind1="1" ind2="0">
      <subfield code="a">1001 questions about diagnostic medical sonography /</subfield>
      <subfield code="c">Roy Bell, Deborah L. Brown Backo</subfield>
    </datafield>
    <datafield tag="260" ind1=" " ind2=" ">
      <subfield code="a">Baltimore :</subfield>
      <subfield code="b">University Park Press,</subfield>
      <subfield code="c">1982</subfield>
    </datafield>
    <datafield tag="300" ind1=" " ind2=" ">
      <subfield code="a">VII, 152 p ;</subfield>
      <subfield code="c">25 cm</subfield>
    </datafield>
    <datafield tag="650" ind1=" " ind2="2">
      <subfield code="a">Ultrasonics</subfield>
      <subfield code="x">diagnostic use</subfield>
      <subfield code="v">Examination Questions</subfield>
    </datafield>
    <datafield tag="650" ind1=" " ind2="4">
      <subfield code="a">Diagnózis, ultrahang</subfield>
      <subfield code="x">vizsgák, kérdések stb.</subfield>
    </datafield>
    <datafield tag="650" ind1=" " ind2="0">
      <subfield code="a">Diagnosis, Ultrasonic</subfield>
      <subfield code="x">Examinations, questions, etc.</subfield>
    </datafield>
    <datafield tag="650" ind1=" " ind2="2">
      <subfield code="a">Ultrasonics</subfield>
      <subfield code="x">diagnostic use</subfield>
      <subfield code="x">examination questions</subfield>
    </datafield>
    <datafield tag="700" ind1="2" ind2=" ">
      <subfield code="a">Brown Backo, Deborah L.</subfield>
    </datafield>
    <datafield tag="852" ind1=" " ind2=" ">
      <subfield code="a">D1</subfield>
      <subfield code="B">D2/RK</subfield>
      <subfield code="B">D2/PO</subfield>
      <subfield code="b">D2/35</subfield>
      <subfield code="x">ISISDOT0004737</subfield>
    </datafield>
  </record>
  <record>
    <leader>01061pam  2200301 a 4500</leader>
    <controlfield tag="001">MOKKAZ0003765051  </controlfield>
    <controlfield tag="003">OCoLC</controlfield>
    <controlfield tag="005">20090805150836.0</controlfield>
    <controlfield tag="008">820506s1982    mdu      b    000 0 eng  </controlfield>
    <datafield tag="010" ind1=" " ind2=" ">
      <subfield code="a">   82008364</subfield>
    </datafield>
    <datafield tag="020" ind1=" " ind2=" ">
      <subfield code="a">0839117566</subfield>
    </datafield>
    <datafield tag="035" ind1=" " ind2=" ">
      <subfield code="a">ocm08475475</subfield>
    </datafield>
    <datafield tag="040" ind1=" " ind2=" ">
      <subfield code="a">DEENK</subfield>
    </datafield>
    <datafield tag="050" ind1="1" ind2=" ">
      <subfield code="a">R896</subfield>
      <subfield code="b">.B44 1982</subfield>
    </datafield>
    <datafield tag="060" ind1=" " ind2=" ">
      <subfield code="a">WN 18 B435z</subfield>
    </datafield>
    <datafield tag="082" ind1="0" ind2=" ">
      <subfield code="a">616.07/57</subfield>
      <subfield code="2">19</subfield>
    </datafield>
    <datafield tag="100" ind1="1" ind2=" ">
      <subfield code="a">Bell, Roy</subfield>
      <subfield code="d">(1930-)</subfield>
    </datafield>
    <datafield tag="245" ind1="1" ind2="0">
      <subfield code="a">1001 questions about nuclear medicine technology /</subfield>
      <subfield code="c">Roy Bell and John E. Rapp</subfield>
    </datafield>
    <datafield tag="260" ind1=" " ind2=" ">
      <subfield code="a">Baltimore, Md. :</subfield>
      <subfield code="b">University Park Press,</subfield>
      <subfield code="c">c1982.</subfield>
    </datafield>
    <datafield tag="300" ind1=" " ind2=" ">
      <subfield code="a">vii, 162 p. ;</subfield>
      <subfield code="c">23 cm</subfield>
    </datafield>
    <datafield tag="504" ind1=" " ind2=" ">
      <subfield code="a">Bibliography: p. 153-155.</subfield>
    </datafield>
    <datafield tag="650" ind1=" " ind2="2">
      <subfield code="a">Nuclear Medicine</subfield>
      <subfield code="x">examination questions</subfield>
    </datafield>
    <datafield tag="650" ind1=" " ind2="7">
      <subfield code="a">Izotóptechnika</subfield>
      <subfield code="x">orvostudomány</subfield>
      <subfield code="x">kérdés-felelet</subfield>
      <subfield code="2">szte</subfield>
    </datafield>
    <datafield tag="650" ind1=" " ind2="7">
      <subfield code="a">Izotóptechnika</subfield>
      <subfield code="x">orvostudomány</subfield>
      <subfield code="x">kérdés-felelet</subfield>
    </datafield>
    <datafield tag="700" ind1="1" ind2=" ">
      <subfield code="a">Rapp, John E.</subfield>
    </datafield>
    <datafield tag="740" ind1="0" ind2="1">
      <subfield code="a">One thousand one questions about nuclear medicine technology</subfield>
    </datafield>
    <datafield tag="852" ind1=" " ind2=" ">
      <subfield code="a">D1</subfield>
      <subfield code="b">D2</subfield>
      <subfield code="x">ocm08475475</subfield>
    </datafield>
    <datafield tag="852" ind1=" " ind2=" ">
      <subfield code="a">SZ1</subfield>
      <subfield code="b">SZ2/33</subfield>
      <subfield code="b">SZ2/15</subfield>
      <subfield code="b">SZ2/4</subfield>
      <subfield code="b">SZ1/R2</subfield>
      <subfield code="b">SZ2/41</subfield>
      <subfield code="b">SZ2/55</subfield>
      <subfield code="b">SZ2/11</subfield>
      <subfield code="b">SZ1/L4</subfield>
      <subfield code="x">bibSZO00013834</subfield>
    </datafield>
  </record>
  <record>
    <leader>00545cam  2200193 ar4500</leader>
    <controlfield tag="001">MOKKAZ0005376879  </controlfield>
    <controlfield tag="005">20040910174732.0</controlfield>
    <controlfield tag="008">981118c        ohu           00010 eng d</controlfield>
    <datafield tag="020" ind1=" " ind2=" ">
      <subfield code="a">0-8391-2086-9</subfield>
    </datafield>
    <datafield tag="035" ind1=" " ind2=" ">
      <subfield code="a">22890</subfield>
    </datafield>
    <datafield tag="040" ind1=" " ind2=" ">
      <subfield code="a">SEKK</subfield>
    </datafield>
    <datafield tag="041" ind1="0" ind2=" ">
      <subfield code="a">eng</subfield>
    </datafield>
    <datafield tag="100" ind1="1" ind2="0">
      <subfield code="a">Bell, Roy</subfield>
    </datafield>
    <datafield tag="245" ind1="1" ind2="0">
      <subfield code="a">1001 questions about radiologic technology</subfield>
      <subfield code="b">/</subfield>
      <subfield code="c">Roy Bell</subfield>
    </datafield>
    <datafield tag="260" ind1="0" ind2="0">
      <subfield code="a">Baltimore :</subfield>
      <subfield code="b">University Park Press,</subfield>
      <subfield code="c">1985.</subfield>
    </datafield>
    <datafield tag="300" ind1=" " ind2=" ">
      <subfield code="a">(1 db.) ;</subfield>
      <subfield code="c">23 cm.</subfield>
    </datafield>
    <datafield tag="650" ind1="1" ind2="4">
      <subfield code="a">Radiology</subfield>
      <subfield code="x">Technology, medical</subfield>
    </datafield>
    <datafield tag="650" ind1="1" ind2="4">
      <subfield code="a">Radiológia</subfield>
      <subfield code="x">Orvostechnika</subfield>
    </datafield>
    <datafield tag="852" ind1=" " ind2=" ">
      <subfield code="a">B13</subfield>
      <subfield code="b">B13</subfield>
      <subfield code="x">22890</subfield>
    </datafield>
  </record>
  <record>
    <leader>00805cam  2200241  r4500</leader>
    <controlfield tag="001">MOKKAZ0003764222  </controlfield>
    <controlfield tag="005">20090806124008.0</controlfield>
    <controlfield tag="008">       1985                             </controlfield>
    <datafield tag="035" ind1=" " ind2=" ">
      <subfield code="a">ISISDOT0004738</subfield>
    </datafield>
    <datafield tag="040" ind1=" " ind2=" ">
      <subfield code="a">DEENK</subfield>
    </datafield>
    <datafield tag="080" ind1=" " ind2=" ">
      <subfield code="a">615.849</subfield>
    </datafield>
    <datafield tag="100" ind1="1" ind2=" ">
      <subfield code="a">Bell, Roy</subfield>
      <subfield code="d">(1930-)</subfield>
    </datafield>
    <datafield tag="245" ind1="0" ind2="0">
      <subfield code="a">1001 questions about radiologic technology /</subfield>
      <subfield code="c">Roy Bell</subfield>
    </datafield>
    <datafield tag="260" ind1=" " ind2=" ">
      <subfield code="a">Baltimore :</subfield>
      <subfield code="b">University Park Pres,</subfield>
      <subfield code="c">1985</subfield>
    </datafield>
    <datafield tag="650" ind1=" " ind2="2">
      <subfield code="a">Technology, Radiologic</subfield>
      <subfield code="x">examination questions</subfield>
    </datafield>
    <datafield tag="650" ind1=" " ind2="7">
      <subfield code="a">Radiológia</subfield>
    </datafield>
    <datafield tag="650" ind1=" " ind2="7">
      <subfield code="a">Radiológia</subfield>
      <subfield code="x">diagnosztika</subfield>
    </datafield>
    <datafield tag="650" ind1=" " ind2="7">
      <subfield code="a">Röntgendiagnosztika</subfield>
    </datafield>
    <datafield tag="650" ind1=" " ind2="7">
      <subfield code="a">Radiológia</subfield>
      <subfield code="x">röntgendiagnosztika</subfield>
    </datafield>
    <datafield tag="650" ind1=" " ind2="7">
      <subfield code="a">Radiológia</subfield>
      <subfield code="x">műszerek</subfield>
    </datafield>
    <datafield tag="650" ind1=" " ind2="7">
      <subfield code="a">Röntgen-készülékek</subfield>
    </datafield>
    <datafield tag="852" ind1=" " ind2=" ">
      <subfield code="a">D1</subfield>
      <subfield code="B">D2</subfield>
      <subfield code="b">D2/35</subfield>
      <subfield code="x">ISISDOT0004738</subfield>
    </datafield>
    <datafield tag="852" ind1=" " ind2=" ">
      <subfield code="a">SZ1</subfield>
      <subfield code="b">SZ2/33</subfield>
      <subfield code="b">SZ2/21</subfield>
      <subfield code="b">SZ2/11</subfield>
      <subfield code="b">SZ2/15</subfield>
      <subfield code="b">SZ2/4</subfield>
      <subfield code="b">SZ1/R2</subfield>
      <subfield code="x">bibSZO00012171</subfield>
    </datafield>
  </record>
  <record>
    <leader>00448nam  2200157 i 4500</leader>
    <controlfield tag="001">MOKKAN0004693355  </controlfield>
    <controlfield tag="005">20070703004146.0</controlfield>
    <controlfield tag="008">950515s1963                 u    j eng d</controlfield>
    <datafield tag="035" ind1=" " ind2=" ">
      <subfield code="a">KÉE40515</subfield>
    </datafield>
    <datafield tag="040" ind1=" " ind2=" ">
      <subfield code="a">BCEEFK</subfield>
    </datafield>
    <datafield tag="041" ind1="0" ind2=" ">
      <subfield code="a">eng</subfield>
    </datafield>
    <datafield tag="245" ind1="1" ind2="0">
      <subfield code="a">1001 questions answered about flowers /</subfield>
      <subfield code="c">ed. by Taylor Norman</subfield>
    </datafield>
    <datafield tag="260" ind1=" " ind2=" ">
      <subfield code="a">New York :</subfield>
      <subfield code="b">Dodd, Mead and Co.,</subfield>
      <subfield code="c">1963</subfield>
    </datafield>
    <datafield tag="300" ind1=" " ind2=" ">
      <subfield code="a">335 p., 8 t.</subfield>
    </datafield>
    <datafield tag="700" ind1="1" ind2=" ">
      <subfield code="a">Norman, Taylor</subfield>
      <subfield code="4">(szerk.)</subfield>
    </datafield>
    <datafield tag="852" ind1=" " ind2=" ">
      <subfield code="a">B503</subfield>
      <subfield code="b">B503</subfield>
      <subfield code="x">KÉE40515</subfield>
    </datafield>
  </record>
  <record>
    <leader>00464nam  2200169 i 4500</leader>
    <controlfield tag="001">MOKKAS0003404611  </controlfield>
    <controlfield tag="005">20060604080913.0</controlfield>
    <controlfield tag="008">050713s1959                        eng d</controlfield>
    <datafield tag="035" ind1=" " ind2=" ">
      <subfield code="a">216713</subfield>
    </datafield>
    <datafield tag="040" ind1=" " ind2=" ">
      <subfield code="a">OIK</subfield>
    </datafield>
    <datafield tag="041" ind1="0" ind2=" ">
      <subfield code="a">eng</subfield>
    </datafield>
    <datafield tag="100" ind1="1" ind2=" ">
      <subfield code="a">Woodbury, David O.</subfield>
    </datafield>
    <datafield tag="245" ind1="1" ind2="0">
      <subfield code="a">1001 questions answered about the new science /</subfield>
      <subfield code="c">David O. Woodbury</subfield>
    </datafield>
    <datafield tag="260" ind1=" " ind2=" ">
      <subfield code="a">London :</subfield>
      <subfield code="b">George G. Harrap and Co.,</subfield>
      <subfield code="c">1959</subfield>
    </datafield>
    <datafield tag="300" ind1=" " ind2=" ">
      <subfield code="a">313 p.</subfield>
    </datafield>
    <datafield tag="650" ind1=" " ind2="4">
      <subfield code="a">Angol nyelven</subfield>
    </datafield>
    <datafield tag="852" ind1=" " ind2=" ">
      <subfield code="a">B14</subfield>
      <subfield code="b">B14</subfield>
      <subfield code="x">216713</subfield>
    </datafield>
  </record>
  <record>
    <leader>00790fam  2200241 i 4500</leader>
    <controlfield tag="001">MOKKAZ0006381079  </controlfield>
    <controlfield tag="005">20040915195631.0</controlfield>
    <controlfield tag="008">990713t19991999hu a          000 0 hun d</controlfield>
    <datafield tag="020" ind1=" " ind2=" ">
      <subfield code="a">963-85939-7-0 (fűzött)</subfield>
    </datafield>
    <datafield tag="035" ind1=" " ind2=" ">
      <subfield code="a">371424</subfield>
    </datafield>
    <datafield tag="040" ind1=" " ind2=" ">
      <subfield code="a">OSZK</subfield>
    </datafield>
    <datafield tag="041" ind1="0" ind2=" ">
      <subfield code="a">hunhun</subfield>
    </datafield>
    <datafield tag="245" ind1="0" ind2="0">
      <subfield code="a">1001 quiz kérdés : </subfield>
      <subfield code="b">műveltség teszt /</subfield>
      <subfield code="c">[szerk. Damásdi Ildikó, Szöllősi Péter]</subfield>
    </datafield>
    <datafield tag="260" ind1=" " ind2=" ">
      <subfield code="a">[Kecskemét] :</subfield>
      <subfield code="b">Vagabund,</subfield>
      <subfield code="c">cop. 1999</subfield>
      <subfield code="e">([S.l.]</subfield>
      <subfield code="f">Regál BT)</subfield>
    </datafield>
    <datafield tag="300" ind1=" " ind2=" ">
      <subfield code="a">141 p. :</subfield>
      <subfield code="b">ill. ;</subfield>
      <subfield code="c">20 cm</subfield>
    </datafield>
    <datafield tag="650" ind1=" " ind2="4">
      <subfield code="a">általános műveltség</subfield>
    </datafield>
    <datafield tag="650" ind1=" " ind2="4">
      <subfield code="a">Játék, szellemi</subfield>
    </datafield>
    <datafield tag="700" ind1="1" ind2=" ">
      <subfield code="a">Damásdi Ildikó</subfield>
      <subfield code="4">(szerk.)</subfield>
    </datafield>
    <datafield tag="700" ind1="1" ind2=" ">
      <subfield code="a">Szöllősi Péter</subfield>
      <subfield code="4">(szerk.)</subfield>
    </datafield>
    <datafield tag="852" ind1=" " ind2=" ">
      <subfield code="a">B1</subfield>
      <subfield code="b">B1</subfield>
      <subfield code="x">371424</subfield>
    </datafield>
    <datafield tag="852" ind1=" " ind2=" ">
      <subfield code="a">B10</subfield>
      <subfield code="B">0204</subfield>
      <subfield code="B">0307C</subfield>
      <subfield code="b">0801</subfield>
      <subfield code="x">bibFSZ00188526</subfield>
    </datafield>
    <datafield tag="852" ind1=" " ind2=" ">
      <subfield code="a">BCS1</subfield>
      <subfield code="b">BCS1</subfield>
      <subfield code="x">bibBKO00226915</subfield>
    </datafield>
    <datafield tag="852" ind1=" " ind2=" ">
      <subfield code="a">H1</subfield>
      <subfield code="b">H1</subfield>
      <subfield code="x">NLVK92315</subfield>
    </datafield>
  </record>
  <record>
    <leader>02087fam  2200637 i 4500</leader>
    <controlfield tag="001">MOKKAZ0006382900  </controlfield>
    <controlfield tag="005">20040915195726.0</controlfield>
    <controlfield tag="008">990910s1999    hu a          001 j hun d</controlfield>
    <datafield tag="020" ind1=" " ind2=" ">
      <subfield code="a">963-7475-43-5 (fűzött) :</subfield>
      <subfield code="c">2400,- Ft</subfield>
    </datafield>
    <datafield tag="035" ind1=" " ind2=" ">
      <subfield code="a">382694</subfield>
    </datafield>
    <datafield tag="040" ind1=" " ind2=" ">
      <subfield code="a">OSZK</subfield>
    </datafield>
    <datafield tag="041" ind1="0" ind2=" ">
      <subfield code="a">hunhun</subfield>
    </datafield>
    <datafield tag="100" ind1="1" ind2=" ">
      <subfield code="a">Raj Tamás</subfield>
      <subfield code="d">(1940-)</subfield>
    </datafield>
    <datafield tag="245" ind1="1" ind2="0">
      <subfield code="a">100 + 1 jiddis szó : </subfield>
      <subfield code="b">zsidóságismeret új megközelítésben /</subfield>
      <subfield code="c">Raj Tamás</subfield>
    </datafield>
    <datafield tag="260" ind1=" " ind2=" ">
      <subfield code="a">Budapest :</subfield>
      <subfield code="b">Makkabi,</subfield>
      <subfield code="c">1999</subfield>
      <subfield code="e">(Vác</subfield>
      <subfield code="f">Váci Ny.)</subfield>
    </datafield>
    <datafield tag="300" ind1=" " ind2=" ">
      <subfield code="a">239 p. :</subfield>
      <subfield code="b">ill. ;</subfield>
      <subfield code="c">24 cm</subfield>
    </datafield>
    <datafield tag="650" ind1=" " ind2="4">
      <subfield code="a">Zsidók</subfield>
    </datafield>
    <datafield tag="650" ind1=" " ind2="4">
      <subfield code="a">Jiddis nyelv</subfield>
    </datafield>
    <datafield tag="650" ind1=" " ind2="0">
      <subfield code="a">Jews.</subfield>
    </datafield>
    <datafield tag="650" ind1=" " ind2="0">
      <subfield code="a">Yiddish language.</subfield>
    </datafield>
    <datafield tag="650" ind1=" " ind2="7">
      <subfield code="a">Adomák</subfield>
      <subfield code="x">folklór</subfield>
      <subfield code="x">zsidó</subfield>
      <subfield code="2">szte</subfield>
    </datafield>
    <datafield tag="650" ind1="0" ind2="4">
      <subfield code="a">művelődéstörténet</subfield>
      <subfield code="z">zsidó</subfield>
      <subfield code="x">anekdoták</subfield>
    </datafield>
    <datafield tag="650" ind1="0" ind2="4">
      <subfield code="a">jiddis nyelv</subfield>
    </datafield>
    <datafield tag="650" ind1=" " ind2="7">
      <subfield code="a">Folklór</subfield>
      <subfield code="x">zsidó</subfield>
      <subfield code="2">szte</subfield>
    </datafield>
    <datafield tag="650" ind1=" " ind2="7">
      <subfield code="a">Adoma</subfield>
      <subfield code="x">zsidó</subfield>
      <subfield code="2">szte</subfield>
    </datafield>
    <datafield tag="650" ind1=" " ind2="4">
      <subfield code="a">anekdota</subfield>
    </datafield>
    <datafield tag="650" ind1=" " ind2="4">
      <subfield code="a">hebraisztika</subfield>
    </datafield>
    <datafield tag="650" ind1=" " ind2="4">
      <subfield code="a">zsidó kultúrtörténet</subfield>
    </datafield>
    <datafield tag="650" ind1=" " ind2="4">
      <subfield code="a">Jiddis nyelv</subfield>
      <subfield code="x">Szómagyarázatok</subfield>
    </datafield>
    <datafield tag="650" ind1=" " ind2="4">
      <subfield code="a">Zsidóság</subfield>
      <subfield code="x">Művelődéstörténet</subfield>
    </datafield>
    <datafield tag="650" ind1=" " ind2="4">
      <subfield code="a">Művelődéstörténet (a kultúra és a civilizáció összefoglaló története)</subfield>
    </datafield>
    <datafield tag="650" ind1=" " ind2="4">
      <subfield code="a">Magyar nyelven</subfield>
    </datafield>
    <datafield tag="650" ind1=" " ind2="4">
      <subfield code="a">Zsidó (izraelita) vallás. Zsidóság (judaizmus)</subfield>
    </datafield>
    <datafield tag="650" ind1=" " ind2="4">
      <subfield code="a">művelődéstörténet</subfield>
    </datafield>
    <datafield tag="650" ind1=" " ind2="4">
      <subfield code="a">zsidó népszokások</subfield>
    </datafield>
    <datafield tag="650" ind1=" " ind2="4">
      <subfield code="a">szómagyarázatok</subfield>
    </datafield>
    <datafield tag="650" ind1=" " ind2="4">
      <subfield code="a">Művelődéstörténet, zsidó</subfield>
    </datafield>
    <datafield tag="650" ind1=" " ind2="4">
      <subfield code="a">Zsidó művelődéstörténet</subfield>
    </datafield>
    <datafield tag="650" ind1=" " ind2="4">
      <subfield code="a">Zsidó vallás</subfield>
    </datafield>
    <datafield tag="650" ind1=" " ind2="4">
      <subfield code="a">Kuriózumok</subfield>
    </datafield>
    <datafield tag="650" ind1=" " ind2="4">
      <subfield code="a">Anekdoták</subfield>
    </datafield>
    <datafield tag="650" ind1=" " ind2="4">
      <subfield code="a">Szótárak, értelmező</subfield>
    </datafield>
    <datafield tag="852" ind1=" " ind2=" ">
      <subfield code="a">B1</subfield>
      <subfield code="b">B1</subfield>
      <subfield code="x">382694</subfield>
    </datafield>
    <datafield tag="852" ind1=" " ind2=" ">
      <subfield code="a">D1</subfield>
      <subfield code="b">D1</subfield>
      <subfield code="x">382694</subfield>
    </datafield>
    <datafield tag="852" ind1=" " ind2=" ">
      <subfield code="a">SZ1</subfield>
      <subfield code="b">SZ1</subfield>
      <subfield code="x">bibJAT00347729</subfield>
    </datafield>
    <datafield tag="852" ind1=" " ind2=" ">
      <subfield code="a">M1</subfield>
      <subfield code="b">M1</subfield>
      <subfield code="x">110173</subfield>
    </datafield>
    <datafield tag="852" ind1=" " ind2=" ">
      <subfield code="a">P1</subfield>
      <subfield code="b">P1/SZ</subfield>
      <subfield code="x">382694</subfield>
    </datafield>
    <datafield tag="852" ind1=" " ind2=" ">
      <subfield code="a">SZK1</subfield>
      <subfield code="b">SZK1</subfield>
      <subfield code="x">382694</subfield>
    </datafield>
    <datafield tag="852" ind1=" " ind2=" ">
      <subfield code="a">SZ4</subfield>
      <subfield code="b">SZ4</subfield>
      <subfield code="x">bibJAT00347729</subfield>
    </datafield>
    <datafield tag="852" ind1=" " ind2=" ">
      <subfield code="a">GY1</subfield>
      <subfield code="b">GY1</subfield>
      <subfield code="x">KKMK429142</subfield>
    </datafield>
    <datafield tag="852" ind1=" " ind2=" ">
      <subfield code="a">GY1</subfield>
      <subfield code="b">GY1</subfield>
      <subfield code="x">429142</subfield>
    </datafield>
    <datafield tag="852" ind1=" " ind2=" ">
      <subfield code="a">H1</subfield>
      <subfield code="b">H1</subfield>
      <subfield code="x">NLVK91718</subfield>
    </datafield>
    <datafield tag="852" ind1=" " ind2=" ">
      <subfield code="a">B14</subfield>
      <subfield code="b">B14</subfield>
      <subfield code="x">655475</subfield>
    </datafield>
    <datafield tag="852" ind1=" " ind2=" ">
      <subfield code="a">M2</subfield>
      <subfield code="b">M2</subfield>
      <subfield code="x">bibRFK00112870</subfield>
    </datafield>
    <datafield tag="852" ind1=" " ind2=" ">
      <subfield code="a">SZL1</subfield>
      <subfield code="b">SZL1</subfield>
      <subfield code="x">bibVFK00215671</subfield>
    </datafield>
    <datafield tag="852" ind1=" " ind2=" ">
      <subfield code="a">B10</subfield>
      <subfield code="B">0401</subfield>
      <subfield code="B">1308</subfield>
      <subfield code="B">0703</subfield>
      <subfield code="B">0801</subfield>
      <subfield code="B">0801B</subfield>
      <subfield code="B">1803</subfield>
      <subfield code="B">0901</subfield>
      <subfield code="B">1004</subfield>
      <subfield code="b">1201</subfield>
      <subfield code="x">bibFSZ00212140</subfield>
    </datafield>
  </record>
  <record>
    <leader>00787nam  2200277 i 4500</leader>
    <controlfield tag="001">MOKKAW0005810604  </controlfield>
    <controlfield tag="005">20091127022922.0</controlfield>
    <controlfield tag="008">061011s2006    hu            000 0 hun d</controlfield>
    <datafield tag="020" ind1=" " ind2=" ">
      <subfield code="a">963-7475-43-5</subfield>
    </datafield>
    <datafield tag="035" ind1=" " ind2=" ">
      <subfield code="a">BMEOMIKK000475801</subfield>
    </datafield>
    <datafield tag="040" ind1=" " ind2=" ">
      <subfield code="a">BMEOMIKK</subfield>
    </datafield>
    <datafield tag="041" ind1="0" ind2=" ">
      <subfield code="a">hun</subfield>
    </datafield>
    <datafield tag="080" ind1=" " ind2=" ">
      <subfield code="a">296(089.3)</subfield>
    </datafield>
    <datafield tag="100" ind1="1" ind2=" ">
      <subfield code="a">Raj Tamás</subfield>
    </datafield>
    <datafield tag="245" ind1="1" ind2="0">
      <subfield code="a">100 + 1 jiddis szó : </subfield>
      <subfield code="b">zsidóságismeret új megközelítésben /</subfield>
      <subfield code="c">Raj Tamás</subfield>
    </datafield>
    <datafield tag="246" ind1="1" ind2="3">
      <subfield code="a">Zsidóságismeret új megközelítésben</subfield>
    </datafield>
    <datafield tag="250" ind1=" " ind2=" ">
      <subfield code="a">2. kiad.</subfield>
    </datafield>
    <datafield tag="260" ind1=" " ind2=" ">
      <subfield code="a">Budapest :</subfield>
      <subfield code="b">Makkabi,</subfield>
      <subfield code="c">2006</subfield>
    </datafield>
    <datafield tag="300" ind1=" " ind2=" ">
      <subfield code="a">239 p. ;</subfield>
      <subfield code="c">24 cm</subfield>
    </datafield>
    <datafield tag="650" ind1=" " ind2="4">
      <subfield code="a">jiddis nyelv</subfield>
    </datafield>
    <datafield tag="650" ind1=" " ind2="4">
      <subfield code="a">művelődéstörténet</subfield>
    </datafield>
    <datafield tag="650" ind1=" " ind2="4">
      <subfield code="a">zsidó vallás</subfield>
    </datafield>
    <datafield tag="650" ind1=" " ind2="4">
      <subfield code="a">zsidóság</subfield>
    </datafield>
    <datafield tag="653" ind1=" " ind2=" ">
      <subfield code="a">Aforizma</subfield>
    </datafield>
    <datafield tag="852" ind1=" " ind2=" ">
      <subfield code="a">B11</subfield>
      <subfield code="b">B11</subfield>
      <subfield code="x">BMEOMIKK000475801</subfield>
    </datafield>
    <datafield tag="852" ind1=" " ind2=" ">
      <subfield code="a">SZO1</subfield>
      <subfield code="b">SZO1</subfield>
      <subfield code="x">150638120</subfield>
    </datafield>
  </record>
  <record>
    <leader>00532nam  2200181   4500</leader>
    <controlfield tag="001">MOKKAN0004327328  </controlfield>
    <controlfield tag="005">20070412055420.0</controlfield>
    <controlfield tag="008">      s2006                        hun d</controlfield>
    <datafield tag="020" ind1=" " ind2=" ">
      <subfield code="a">(fűzött)</subfield>
      <subfield code="z">963-7475-43-5</subfield>
    </datafield>
    <datafield tag="035" ind1=" " ind2=" ">
      <subfield code="a">bibFSZ1308532</subfield>
    </datafield>
    <datafield tag="040" ind1=" " ind2=" ">
      <subfield code="a">FSZEK</subfield>
    </datafield>
    <datafield tag="041" ind1=" " ind2=" ">
      <subfield code="a">hun</subfield>
    </datafield>
    <datafield tag="100" ind1="1" ind2=" ">
      <subfield code="a">Raj Tamás</subfield>
      <subfield code="d">(1940-)</subfield>
    </datafield>
    <datafield tag="245" ind1="1" ind2="0">
      <subfield code="a">100 + 1 jiddis szó :</subfield>
      <subfield code="b">zsidóságismeret új megközelítésbaen /</subfield>
      <subfield code="c">Raj Tamás</subfield>
    </datafield>
    <datafield tag="250" ind1=" " ind2=" ">
      <subfield code="a">2. kiad.</subfield>
    </datafield>
    <datafield tag="260" ind1=" " ind2=" ">
      <subfield code="a">Budapest :</subfield>
      <subfield code="b">Makkabi,</subfield>
      <subfield code="c">2006</subfield>
    </datafield>
    <datafield tag="300" ind1=" " ind2=" ">
      <subfield code="a">239 p. :</subfield>
      <subfield code="b">ill. ;</subfield>
      <subfield code="c">24 cm</subfield>
    </datafield>
    <datafield tag="852" ind1=" " ind2=" ">
      <subfield code="a">B10</subfield>
      <subfield code="b">B10</subfield>
      <subfield code="x">bibFSZ1308532</subfield>
    </datafield>
  </record>
  <record>
    <leader>00548nam  2200181   4500</leader>
    <controlfield tag="001">MOKKAN0004260322  </controlfield>
    <controlfield tag="005">20070409003900.0</controlfield>
    <controlfield tag="008">050502s2004                        eng d</controlfield>
    <datafield tag="020" ind1=" " ind2=" ">
      <subfield code="a">1-58479-329-5 (kötött)</subfield>
    </datafield>
    <datafield tag="035" ind1=" " ind2=" ">
      <subfield code="a">bibFSZ01126428</subfield>
    </datafield>
    <datafield tag="040" ind1=" " ind2=" ">
      <subfield code="a">FSZEK</subfield>
    </datafield>
    <datafield tag="041" ind1=" " ind2=" ">
      <subfield code="a">eng</subfield>
    </datafield>
    <datafield tag="100" ind1="1" ind2=" ">
      <subfield code="a">Albright, Barbara</subfield>
    </datafield>
    <datafield tag="245" ind1="1" ind2="0">
      <subfield code="a">1,001 reasons to love chocolate /</subfield>
      <subfield code="c">Barbara Albright &amp; Mary Tiegreen</subfield>
    </datafield>
    <datafield tag="260" ind1=" " ind2=" ">
      <subfield code="a">New York :</subfield>
      <subfield code="b">Stewart, Tabori &amp; Chang,</subfield>
      <subfield code="c">2004</subfield>
    </datafield>
    <datafield tag="300" ind1=" " ind2=" ">
      <subfield code="a">312, [8] p. :</subfield>
      <subfield code="b">ill. ;</subfield>
      <subfield code="c">19 cm</subfield>
    </datafield>
    <datafield tag="700" ind1="1" ind2=" ">
      <subfield code="a">Tiegreen, Mary</subfield>
    </datafield>
    <datafield tag="852" ind1=" " ind2=" ">
      <subfield code="a">B10</subfield>
      <subfield code="b">0801</subfield>
      <subfield code="x">bibFSZ01126428</subfield>
    </datafield>
  </record>
  <record>
    <leader>00662aam  2200217   4500</leader>
    <controlfield tag="001">MOKKAS0002472507  </controlfield>
    <controlfield tag="005">20060617223702.0</controlfield>
    <controlfield tag="008">951212 1986                        eng  </controlfield>
    <datafield tag="020" ind1=" " ind2=" ">
      <subfield code="a">048625021</subfield>
    </datafield>
    <datafield tag="035" ind1=" " ind2=" ">
      <subfield code="a">bibMIF00010199</subfield>
    </datafield>
    <datafield tag="040" ind1=" " ind2=" ">
      <subfield code="a">MOME</subfield>
    </datafield>
    <datafield tag="242" ind1=" " ind2=" ">
      <subfield code="a">1001 újságrajz a huszas évekből</subfield>
    </datafield>
    <datafield tag="245" ind1="0" ind2="0">
      <subfield code="a">1001 spot illustrations of the lively twenties /</subfield>
      <subfield code="c">Ed.by Carol Belanger Grafton</subfield>
    </datafield>
    <datafield tag="260" ind1=" " ind2=" ">
      <subfield code="a">New York :</subfield>
      <subfield code="b">Dover Publ.,</subfield>
      <subfield code="c">1986</subfield>
    </datafield>
    <datafield tag="300" ind1=" " ind2=" ">
      <subfield code="a">123 p.</subfield>
      <subfield code="b">ill.</subfield>
    </datafield>
    <datafield tag="490" ind1="1" ind2=" ">
      <subfield code="a">(Dover pictorial archive)</subfield>
    </datafield>
    <datafield tag="500" ind1=" " ind2=" ">
      <subfield code="a">1009 rajz</subfield>
    </datafield>
    <datafield tag="695" ind1=" " ind2=" ">
      <subfield code="a">illusztráció</subfield>
    </datafield>
    <datafield tag="700" ind1="1" ind2=" ">
      <subfield code="a">Belenger Grafton, Carol</subfield>
    </datafield>
    <datafield tag="830" ind1=" " ind2=" ">
      <subfield code="a">Dover pictorial archive</subfield>
    </datafield>
    <datafield tag="852" ind1=" " ind2=" ">
      <subfield code="a">B646</subfield>
      <subfield code="b">B646</subfield>
      <subfield code="x">bibMIF00010199</subfield>
    </datafield>
  </record>
  <record>
    <leader>00662nam  2200193 i 4500</leader>
    <controlfield tag="001">MOKKAS0001271760  </controlfield>
    <controlfield tag="005">20060112183502.0</controlfield>
    <controlfield tag="008">      s1976    hu            00010 hun d</controlfield>
    <datafield tag="020" ind1=" " ind2=" ">
      <subfield code="a">963-253-518-9 :</subfield>
      <subfield code="c">62,- Ft</subfield>
    </datafield>
    <datafield tag="035" ind1=" " ind2=" ">
      <subfield code="a">bibRFK00103494</subfield>
    </datafield>
    <datafield tag="040" ind1=" " ind2=" ">
      <subfield code="a">RFMK</subfield>
    </datafield>
    <datafield tag="041" ind1=" " ind2=" ">
      <subfield code="a">hun</subfield>
    </datafield>
    <datafield tag="100" ind1="1" ind2=" ">
      <subfield code="a">Szepesi György</subfield>
      <subfield code="d">(1922)</subfield>
    </datafield>
    <datafield tag="245" ind1="1" ind2="0">
      <subfield code="a">100+1 :</subfield>
      <subfield code="b">A magyar olimpiai aranyérmek története : 1896-1972 /</subfield>
      <subfield code="c">Lukács László, Szepesi György</subfield>
    </datafield>
    <datafield tag="260" ind1=" " ind2=" ">
      <subfield code="a">Budapest :</subfield>
      <subfield code="b">Sport,</subfield>
      <subfield code="c">1976</subfield>
      <subfield code="e">(Gyoma :</subfield>
      <subfield code="f">Kner Ny. ;</subfield>
      <subfield code="e">Budapest :</subfield>
      <subfield code="f">Offset és J. Ny.)</subfield>
    </datafield>
    <datafield tag="300" ind1=" " ind2=" ">
      <subfield code="a">196 l., 18 t.l. :</subfield>
      <subfield code="b">ill. ;</subfield>
      <subfield code="c">22x24 cm</subfield>
    </datafield>
    <datafield tag="504" ind1=" " ind2=" ">
      <subfield code="a">24600</subfield>
    </datafield>
    <datafield tag="700" ind1="1" ind2=" ">
      <subfield code="a">Lukács László</subfield>
      <subfield code="d">(1906-1944)</subfield>
    </datafield>
    <datafield tag="852" ind1=" " ind2=" ">
      <subfield code="a">M2</subfield>
      <subfield code="b">M2</subfield>
      <subfield code="x">bibRFK00103494</subfield>
    </datafield>
  </record>
  <record>
    <leader>00581nmm  2200205 r 4500</leader>
    <controlfield tag="001">MOKKAW0005968173  </controlfield>
    <controlfield tag="005">20080828170514.0</controlfield>
    <controlfield tag="008">061103c2006    hu         j        hun 1</controlfield>
    <datafield tag="035" ind1=" " ind2=" ">
      <subfield code="a">MEK-04224</subfield>
    </datafield>
    <datafield tag="040" ind1=" " ind2=" ">
      <subfield code="a">MEK</subfield>
    </datafield>
    <datafield tag="100" ind1="1" ind2="0">
      <subfield code="a">Pável István</subfield>
    </datafield>
    <datafield tag="245" ind1="1" ind2="0">
      <subfield code="a">1001 szilánk</subfield>
      <subfield code="c">Pável István ; közrem. Szojka Emese</subfield>
    </datafield>
    <datafield tag="260" ind1="0" ind2=" ">
      <subfield code="c">2006</subfield>
    </datafield>
    <datafield tag="500" ind1=" " ind2=" ">
      <subfield code="a">vers(ek)</subfield>
    </datafield>
    <datafield tag="650" ind1=" " ind2=" ">
      <subfield code="a">Kortárs magyar irodalom</subfield>
    </datafield>
    <datafield tag="650" ind1=" " ind2=" ">
      <subfield code="a">magyar irodalom</subfield>
      <subfield code="d">20-21. sz.</subfield>
    </datafield>
    <datafield tag="700" ind1="1" ind2="1">
      <subfield code="a">Szojka Emese</subfield>
      <subfield code="4">közrem.</subfield>
    </datafield>
    <datafield tag="852" ind1=" " ind2=" ">
      <subfield code="a">B1</subfield>
      <subfield code="b">B1/2</subfield>
      <subfield code="x">MEK-04224</subfield>
    </datafield>
    <datafield tag="856" ind1="4" ind2=" ">
      <subfield code="u">http://mek.oszk.hu/04200/04224</subfield>
      <subfield code="x">MEK</subfield>
    </datafield>
    <datafield tag="856" ind1="4" ind2=" ">
      <subfield code="u">urn:nbn:hu-6220</subfield>
      <subfield code="x">MEK</subfield>
    </datafield>
  </record>
  <record>
    <leader>01437fam  2200433 i 4500</leader>
    <controlfield tag="001">MOKKAZ0006252361  </controlfield>
    <controlfield tag="005">20101117091119.0</controlfield>
    <controlfield tag="008">940510t19881988hu a     j    000 0 hun d</controlfield>
    <datafield tag="020" ind1=" " ind2=" ">
      <subfield code="a">963-10-7261-4 (fűzött) :</subfield>
      <subfield code="c">89,- Ft</subfield>
    </datafield>
    <datafield tag="035" ind1=" " ind2=" ">
      <subfield code="a">605222</subfield>
    </datafield>
    <datafield tag="040" ind1=" " ind2=" ">
      <subfield code="a">OSZK</subfield>
    </datafield>
    <datafield tag="041" ind1="0" ind2=" ">
      <subfield code="a">hunhun</subfield>
    </datafield>
    <datafield tag="080" ind1=" " ind2=" ">
      <subfield code="a">629.114.003</subfield>
    </datafield>
    <datafield tag="100" ind1="1" ind2=" ">
      <subfield code="a">Mészáros Ferenc</subfield>
    </datafield>
    <datafield tag="245" ind1="1" ind2="0">
      <subfield code="a">1001 tanács autósoknak /</subfield>
      <subfield code="c">Mészáros Ferenc</subfield>
    </datafield>
    <datafield tag="260" ind1=" " ind2=" ">
      <subfield code="a">Budapest :</subfield>
      <subfield code="b">Műszaki Kvk.,</subfield>
      <subfield code="c">1988</subfield>
      <subfield code="e">([Szombathely]</subfield>
      <subfield code="f">Sylvester)</subfield>
    </datafield>
    <datafield tag="300" ind1=" " ind2=" ">
      <subfield code="a">189 p. :</subfield>
      <subfield code="b">ill. ;</subfield>
      <subfield code="c">24 cm</subfield>
    </datafield>
    <datafield tag="650" ind1="0" ind2="4">
      <subfield code="a">személygépkocsi</subfield>
      <subfield code="x">karbantartás</subfield>
    </datafield>
    <datafield tag="650" ind1=" " ind2="4">
      <subfield code="a">Autók</subfield>
    </datafield>
    <datafield tag="650" ind1=" " ind2="4">
      <subfield code="a">Szerelés</subfield>
    </datafield>
    <datafield tag="650" ind1=" " ind2="4">
      <subfield code="a">autókarbantartás</subfield>
    </datafield>
    <datafield tag="650" ind1=" " ind2="4">
      <subfield code="a">Gépkocsi</subfield>
      <subfield code="x">Hibakeresés</subfield>
    </datafield>
    <datafield tag="650" ind1=" " ind2="4">
      <subfield code="a">Gépkocsijavítás</subfield>
    </datafield>
    <datafield tag="650" ind1=" " ind2="4">
      <subfield code="a">Gépkocsikarbantartás</subfield>
    </datafield>
    <datafield tag="653" ind1=" " ind2=" ">
      <subfield code="a">Személygépkocsi, karbantartás</subfield>
    </datafield>
    <datafield tag="695" ind1=" " ind2=" ">
      <subfield code="a">Gépkocsikarbantartás</subfield>
    </datafield>
    <datafield tag="695" ind1=" " ind2=" ">
      <subfield code="a">Gépkocsi</subfield>
      <subfield code="x">hibakeresés</subfield>
    </datafield>
    <datafield tag="852" ind1=" " ind2=" ">
      <subfield code="a">B1</subfield>
      <subfield code="b">B1</subfield>
      <subfield code="x">605222</subfield>
    </datafield>
    <datafield tag="852" ind1=" " ind2=" ">
      <subfield code="a">D1</subfield>
      <subfield code="b">D1</subfield>
      <subfield code="x">963 10 7261 4</subfield>
    </datafield>
    <datafield tag="852" ind1=" " ind2=" ">
      <subfield code="a">B10</subfield>
      <subfield code="B">1801</subfield>
      <subfield code="B">1803</subfield>
      <subfield code="B">2103</subfield>
      <subfield code="B">0902</subfield>
      <subfield code="B">1308</subfield>
      <subfield code="B">0601</subfield>
      <subfield code="B">0702</subfield>
      <subfield code="B">0101</subfield>
      <subfield code="B">1201</subfield>
      <subfield code="B">2201</subfield>
      <subfield code="B">2203</subfield>
      <subfield code="B">0302</subfield>
      <subfield code="B">0202</subfield>
      <subfield code="B">2004</subfield>
      <subfield code="B">1401</subfield>
      <subfield code="B">1402</subfield>
      <subfield code="b">1503</subfield>
      <subfield code="x">bibFSZ00031149</subfield>
    </datafield>
    <datafield tag="852" ind1=" " ind2=" ">
      <subfield code="a">B11</subfield>
      <subfield code="b">B11</subfield>
      <subfield code="x">BMEOMIKK000019873</subfield>
    </datafield>
    <datafield tag="852" ind1=" " ind2=" ">
      <subfield code="a">M1</subfield>
      <subfield code="b">M1</subfield>
      <subfield code="x">186898</subfield>
    </datafield>
    <datafield tag="852" ind1=" " ind2=" ">
      <subfield code="a">P1</subfield>
      <subfield code="b">P1/FK</subfield>
      <subfield code="x">963 10 7261 4</subfield>
    </datafield>
    <datafield tag="852" ind1=" " ind2=" ">
      <subfield code="a">BCS1</subfield>
      <subfield code="b">BCS1</subfield>
      <subfield code="x">bibBKO00124736</subfield>
    </datafield>
    <datafield tag="852" ind1=" " ind2=" ">
      <subfield code="a">SZL1</subfield>
      <subfield code="b">SZL1</subfield>
      <subfield code="x">bibVFK00113748</subfield>
    </datafield>
    <datafield tag="852" ind1=" " ind2=" ">
      <subfield code="a">M2</subfield>
      <subfield code="b">M2</subfield>
      <subfield code="x">bibRFK00068245</subfield>
    </datafield>
    <datafield tag="852" ind1=" " ind2=" ">
      <subfield code="a">SZ4</subfield>
      <subfield code="b">SZ4</subfield>
      <subfield code="x">963 10 7261 4</subfield>
    </datafield>
    <datafield tag="852" ind1=" " ind2=" ">
      <subfield code="a">H1</subfield>
      <subfield code="b">H1</subfield>
      <subfield code="x">NLVK92320</subfield>
    </datafield>
    <datafield tag="852" ind1=" " ind2=" ">
      <subfield code="a">S1</subfield>
      <subfield code="b">S1</subfield>
      <subfield code="x">MOKKAZ0006252361</subfield>
    </datafield>
  </record>
  <record>
    <leader>00418nam  2200145 i 4500</leader>
    <controlfield tag="001">MOKKAS0003241006  </controlfield>
    <controlfield tag="005">20060601134836.0</controlfield>
    <controlfield tag="008">050101s1988                            d</controlfield>
    <datafield tag="035" ind1=" " ind2=" ">
      <subfield code="a">136221</subfield>
    </datafield>
    <datafield tag="040" ind1=" " ind2=" ">
      <subfield code="a">KKMK</subfield>
    </datafield>
    <datafield tag="100" ind1="1" ind2=" ">
      <subfield code="a">Mészáros Ferenc</subfield>
      <subfield code="d">(1920-)</subfield>
    </datafield>
    <datafield tag="245" ind1="1" ind2="0">
      <subfield code="a">1001 tanács autósoknak /</subfield>
      <subfield code="c">Mészáros Ferenc</subfield>
    </datafield>
    <datafield tag="260" ind1=" " ind2=" ">
      <subfield code="a">Budapest :</subfield>
      <subfield code="b">Műszaki Könyvkiadó,</subfield>
      <subfield code="c">1988</subfield>
    </datafield>
    <datafield tag="300" ind1=" " ind2=" ">
      <subfield code="a">189 p. :</subfield>
      <subfield code="b">ill. ;</subfield>
      <subfield code="c">24 cm</subfield>
    </datafield>
    <datafield tag="852" ind1=" " ind2=" ">
      <subfield code="a">GY1</subfield>
      <subfield code="b">GY1</subfield>
      <subfield code="x">136221</subfield>
    </datafield>
  </record>
  <record>
    <leader>00802nam  2200241 i 4500</leader>
    <controlfield tag="001">MOKKAW0005769281  </controlfield>
    <controlfield tag="005">20080418131244.0</controlfield>
    <controlfield tag="008">990316s1999    hu            000 0 hun d</controlfield>
    <datafield tag="020" ind1=" " ind2=" ">
      <subfield code="a">963-8475-33-1</subfield>
    </datafield>
    <datafield tag="035" ind1=" " ind2=" ">
      <subfield code="a">BMEOMIKK000420464</subfield>
    </datafield>
    <datafield tag="040" ind1=" " ind2=" ">
      <subfield code="a">BMEOMIKK</subfield>
    </datafield>
    <datafield tag="041" ind1="1" ind2=" ">
      <subfield code="a">hun</subfield>
    </datafield>
    <datafield tag="130" ind1="0" ind2="0">
      <subfield code="a">1001 hints and tips for the garden</subfield>
      <subfield code="l">magyar</subfield>
    </datafield>
    <datafield tag="245" ind1="1" ind2="0">
      <subfield code="a">1001 tennivaló a kertben : </subfield>
      <subfield code="b">Reader's Digest válogatás /</subfield>
      <subfield code="c">[írta és összeáll. Jim Arbury et al.] ; [szerk. Janáky István, Garai Attila]</subfield>
    </datafield>
    <datafield tag="246" ind1="1" ind2="3">
      <subfield code="a">Reader's Digest válogatás</subfield>
    </datafield>
    <datafield tag="260" ind1=" " ind2=" ">
      <subfield code="a">Budapest :</subfield>
      <subfield code="b">Reader's Digest K.,</subfield>
      <subfield code="c">1999</subfield>
    </datafield>
    <datafield tag="300" ind1=" " ind2=" ">
      <subfield code="a">416 p. ;</subfield>
      <subfield code="c">26x26 cm</subfield>
    </datafield>
    <datafield tag="650" ind1=" " ind2="4">
      <subfield code="a">Kertészkedés</subfield>
    </datafield>
    <datafield tag="700" ind1="1" ind2=" ">
      <subfield code="a">Arbury, Jim</subfield>
    </datafield>
    <datafield tag="700" ind1="1" ind2=" ">
      <subfield code="a">Janáky István</subfield>
    </datafield>
    <datafield tag="700" ind1="1" ind2=" ">
      <subfield code="a">Garai Attila</subfield>
    </datafield>
    <datafield tag="852" ind1=" " ind2=" ">
      <subfield code="a">B11</subfield>
      <subfield code="b">B11</subfield>
      <subfield code="x">BMEOMIKK000420464</subfield>
    </datafield>
    <datafield tag="852" ind1=" " ind2=" ">
      <subfield code="a">B503</subfield>
      <subfield code="b">B503</subfield>
      <subfield code="x">KÉE40518</subfield>
    </datafield>
  </record>
  <record>
    <leader>01217nam  2200325 i 4500</leader>
    <controlfield tag="001">MOKKAZ0006374892  </controlfield>
    <controlfield tag="005">20040915195323.0</controlfield>
    <controlfield tag="008">990219t19991999hu r          001 0 hun d</controlfield>
    <datafield tag="020" ind1=" " ind2=" ">
      <subfield code="a">963-8475-33-1 (kötött) :</subfield>
      <subfield code="c">6290,- Ft</subfield>
    </datafield>
    <datafield tag="035" ind1=" " ind2=" ">
      <subfield code="a">342134</subfield>
    </datafield>
    <datafield tag="040" ind1=" " ind2=" ">
      <subfield code="a">OSZK</subfield>
    </datafield>
    <datafield tag="041" ind1="1" ind2=" ">
      <subfield code="a">hunhun</subfield>
      <subfield code="h">eng</subfield>
    </datafield>
    <datafield tag="072" ind1=" " ind2="1">
      <subfield code="a">V</subfield>
    </datafield>
    <datafield tag="130" ind1="0" ind2="0">
      <subfield code="a">1001 hints and tips for the garden</subfield>
      <subfield code="l">magyar</subfield>
    </datafield>
    <datafield tag="245" ind1="0" ind2="0">
      <subfield code="a">1001 tennivaló a kertben : Reader's Digest válogatás /</subfield>
      <subfield code="c">[főszerk. Csaba Emese] ; [szerk. Janáky István, Garai Attila] ; [ford. Gordos Judit, Janáky István] ; [a brit kiad. mtársai ... Jim Arbury et al.] ; [ill. Cy Baker et al.]</subfield>
    </datafield>
    <datafield tag="260" ind1=" " ind2=" ">
      <subfield code="a">Budapest :</subfield>
      <subfield code="b">Reader's Digest K.,</subfield>
      <subfield code="c">cop. 1999</subfield>
      <subfield code="e">(Belgium</subfield>
      <subfield code="f">Brepols)</subfield>
    </datafield>
    <datafield tag="300" ind1=" " ind2=" ">
      <subfield code="a">416 p. :</subfield>
      <subfield code="b">ill., színes ;</subfield>
      <subfield code="c">26x27 cm</subfield>
    </datafield>
    <datafield tag="650" ind1=" " ind2="4">
      <subfield code="a">házikert</subfield>
    </datafield>
    <datafield tag="650" ind1=" " ind2="4">
      <subfield code="a">kertészkedés</subfield>
    </datafield>
    <datafield tag="650" ind1=" " ind2="4">
      <subfield code="a">Mezőgazdaság, vadászat, halászat</subfield>
    </datafield>
    <datafield tag="700" ind1="1" ind2=" ">
      <subfield code="a">Csaba Emese</subfield>
      <subfield code="d">(1941-)</subfield>
      <subfield code="4">(szerk.)</subfield>
    </datafield>
    <datafield tag="700" ind1="1" ind2=" ">
      <subfield code="a">Janáky István</subfield>
      <subfield code="4">(szerk.)</subfield>
    </datafield>
    <datafield tag="700" ind1="1" ind2=" ">
      <subfield code="a">Garai Attila</subfield>
      <subfield code="4">(szerk.)</subfield>
    </datafield>
    <datafield tag="700" ind1="1" ind2=" ">
      <subfield code="a">Arbury, Jim</subfield>
      <subfield code="4">(közrem.)</subfield>
    </datafield>
    <datafield tag="700" ind1="1" ind2=" ">
      <subfield code="a">Gordos Judit</subfield>
      <subfield code="4">(ford.)</subfield>
    </datafield>
    <datafield tag="700" ind1="1" ind2=" ">
      <subfield code="a">Baker, Cy</subfield>
      <subfield code="4">(ill.)</subfield>
    </datafield>
    <datafield tag="852" ind1=" " ind2=" ">
      <subfield code="a">B1</subfield>
      <subfield code="b">B1</subfield>
      <subfield code="x">342134</subfield>
    </datafield>
    <datafield tag="852" ind1=" " ind2=" ">
      <subfield code="a">GY1</subfield>
      <subfield code="b">GY1</subfield>
      <subfield code="x">456813</subfield>
    </datafield>
    <datafield tag="852" ind1=" " ind2=" ">
      <subfield code="a">H1</subfield>
      <subfield code="b">H1</subfield>
      <subfield code="x">NLVK92324</subfield>
    </datafield>
    <datafield tag="852" ind1=" " ind2=" ">
      <subfield code="a">SZL1</subfield>
      <subfield code="b">SZL1</subfield>
      <subfield code="x">bibVFK00213551</subfield>
    </datafield>
  </record>
  <record>
    <leader>01127fam  2200349 i 4500</leader>
    <controlfield tag="001">MOKKAZ0003545982  </controlfield>
    <controlfield tag="005">20091022133407.0</controlfield>
    <controlfield tag="008">990428s1999    hu a          00010 hun d</controlfield>
    <datafield tag="020" ind1=" " ind2=" ">
      <subfield code="a">963 8475 33 1</subfield>
    </datafield>
    <datafield tag="035" ind1=" " ind2=" ">
      <subfield code="a">bibJAT00340065</subfield>
    </datafield>
    <datafield tag="040" ind1=" " ind2=" ">
      <subfield code="a">DEENK</subfield>
    </datafield>
    <datafield tag="130" ind1="0" ind2="0">
      <subfield code="a">1001 hints and tips for the garden</subfield>
      <subfield code="l">(magyar)</subfield>
    </datafield>
    <datafield tag="245" ind1="0" ind2="0">
      <subfield code="a">1001 tennivaló a kertben :</subfield>
      <subfield code="b">Reader's Digest válogatás /</subfield>
      <subfield code="c">[Szerk. Janáky István, Garai Attila ; ford. Gordos Judit, Janáky István]</subfield>
    </datafield>
    <datafield tag="260" ind1=" " ind2=" ">
      <subfield code="a">Budapest :</subfield>
      <subfield code="b">Reader's Digest,</subfield>
      <subfield code="c">[1999]</subfield>
    </datafield>
    <datafield tag="300" ind1=" " ind2=" ">
      <subfield code="a">416 p. ;</subfield>
      <subfield code="b">ill. ;</subfield>
      <subfield code="c">26x27 cm</subfield>
    </datafield>
    <datafield tag="650" ind1=" " ind2="4">
      <subfield code="a">Kertészet</subfield>
    </datafield>
    <datafield tag="650" ind1=" " ind2="0">
      <subfield code="a">Gardening.</subfield>
    </datafield>
    <datafield tag="650" ind1=" " ind2="7">
      <subfield code="a">Házikert</subfield>
      <subfield code="2">szte</subfield>
    </datafield>
    <datafield tag="650" ind1=" " ind2="7">
      <subfield code="a">Háztartási tanácsok</subfield>
      <subfield code="2">szte</subfield>
    </datafield>
    <datafield tag="650" ind1=" " ind2="4">
      <subfield code="a">Kertépítés</subfield>
    </datafield>
    <datafield tag="650" ind1=" " ind2="4">
      <subfield code="a">Növénytermesztés</subfield>
    </datafield>
    <datafield tag="650" ind1=" " ind2="4">
      <subfield code="a">Növényápolás</subfield>
    </datafield>
    <datafield tag="650" ind1=" " ind2="4">
      <subfield code="a">Növényvédelem</subfield>
    </datafield>
    <datafield tag="650" ind1=" " ind2="4">
      <subfield code="a">Háztartási tanács</subfield>
    </datafield>
    <datafield tag="700" ind1="1" ind2=" ">
      <subfield code="a">Garai Attila</subfield>
    </datafield>
    <datafield tag="700" ind1="1" ind2=" ">
      <subfield code="a">Gordos Judit</subfield>
    </datafield>
    <datafield tag="700" ind1="1" ind2=" ">
      <subfield code="a">Janáky István</subfield>
    </datafield>
    <datafield tag="852" ind1=" " ind2=" ">
      <subfield code="a">D1</subfield>
      <subfield code="b">D1</subfield>
      <subfield code="x">bibJAT00340065</subfield>
    </datafield>
    <datafield tag="852" ind1=" " ind2=" ">
      <subfield code="a">SZ1</subfield>
      <subfield code="b">SZ1</subfield>
      <subfield code="x">bibJAT00340065</subfield>
    </datafield>
    <datafield tag="852" ind1=" " ind2=" ">
      <subfield code="a">B10</subfield>
      <subfield code="b">0801</subfield>
      <subfield code="x">bibFSZ00152749</subfield>
    </datafield>
    <datafield tag="852" ind1=" " ind2=" ">
      <subfield code="a">B11</subfield>
      <subfield code="b">B11</subfield>
      <subfield code="x">BMEOMIKK000420464</subfield>
    </datafield>
    <datafield tag="852" ind1=" " ind2=" ">
      <subfield code="a">ST1</subfield>
      <subfield code="b">ST1</subfield>
      <subfield code="x">bibBBM131803</subfield>
    </datafield>
  </record>
  <record>
    <leader>01610nam  2200469   4500</leader>
    <controlfield tag="001">MOKKAN0004276279  </controlfield>
    <controlfield tag="005">20090619104828.0</controlfield>
    <controlfield tag="008">      s2005                        hun d</controlfield>
    <datafield tag="020" ind1=" " ind2=" ">
      <subfield code="a">963-7318-74-7 (kötött)</subfield>
    </datafield>
    <datafield tag="020" ind1=" " ind2=" ">
      <subfield code="a">963-7318-74-7</subfield>
    </datafield>
    <datafield tag="020" ind1=" " ind2=" ">
      <subfield code="a">963 7318 74 7</subfield>
    </datafield>
    <datafield tag="035" ind1=" " ind2=" ">
      <subfield code="a">bibFSZ1195601</subfield>
    </datafield>
    <datafield tag="040" ind1=" " ind2=" ">
      <subfield code="a">FSZEK</subfield>
    </datafield>
    <datafield tag="041" ind1=" " ind2=" ">
      <subfield code="a">hun</subfield>
    </datafield>
    <datafield tag="100" ind1="1" ind2=" ">
      <subfield code="a">Bright, Michael</subfield>
    </datafield>
    <datafield tag="240" ind1=" " ind2="0">
      <subfield code="a">1001 natural wonders you must see before you die</subfield>
    </datafield>
    <datafield tag="245" ind1="1" ind2="0">
      <subfield code="a">1001 természeti csoda, amit látnod kell, mielőtt meghalsz /</subfield>
      <subfield code="c">Michael Bright ; [képjegyz.: Doug Allan et al.] ; [ford. Kaplár F. Krisztina et al.]</subfield>
    </datafield>
    <datafield tag="260" ind1=" " ind2=" ">
      <subfield code="a">[Budapest] :</subfield>
      <subfield code="b">Gabo,</subfield>
      <subfield code="c">cop. 2005</subfield>
    </datafield>
    <datafield tag="300" ind1=" " ind2=" ">
      <subfield code="a">960 p. :</subfield>
      <subfield code="b">ill. ;</subfield>
      <subfield code="c">22 cm</subfield>
    </datafield>
    <datafield tag="500" ind1=" " ind2=" ">
      <subfield code="a">Közrem. Ashton, Rachel et al.</subfield>
    </datafield>
    <datafield tag="650" ind1=" " ind2="7">
      <subfield code="a">Természeti érték</subfield>
      <subfield code="x">világ országai</subfield>
      <subfield code="x">képekkel</subfield>
      <subfield code="2">szte</subfield>
    </datafield>
    <datafield tag="650" ind1=" " ind2="7">
      <subfield code="a">Természetvédelmi terület</subfield>
      <subfield code="x">világ országai</subfield>
      <subfield code="x">képekkel</subfield>
      <subfield code="2">szte</subfield>
    </datafield>
    <datafield tag="650" ind1=" " ind2="4">
      <subfield code="a">Természeti tájak</subfield>
      <subfield code="x">illusztrált művek</subfield>
    </datafield>
    <datafield tag="650" ind1=" " ind2="0">
      <subfield code="a">Natural areas</subfield>
      <subfield code="x">Pictorial works.</subfield>
    </datafield>
    <datafield tag="650" ind1=" " ind2="4">
      <subfield code="a">természeti környezet</subfield>
    </datafield>
    <datafield tag="650" ind1=" " ind2="4">
      <subfield code="a">természetvédelmi területek</subfield>
    </datafield>
    <datafield tag="650" ind1=" " ind2="4">
      <subfield code="a">nemzeti parkok</subfield>
    </datafield>
    <datafield tag="650" ind1=" " ind2="4">
      <subfield code="a">világ országai</subfield>
    </datafield>
    <datafield tag="650" ind1=" " ind2="4">
      <subfield code="a">fotóalbum</subfield>
    </datafield>
    <datafield tag="651" ind1=" " ind2="4">
      <subfield code="a">világ</subfield>
    </datafield>
    <datafield tag="653" ind1=" " ind2=" ">
      <subfield code="a">fotóalbum</subfield>
    </datafield>
    <datafield tag="653" ind1=" " ind2=" ">
      <subfield code="a">természeti földrajz</subfield>
    </datafield>
    <datafield tag="653" ind1=" " ind2=" ">
      <subfield code="a">útikönyv</subfield>
    </datafield>
    <datafield tag="700" ind1="1" ind2=" ">
      <subfield code="a">Ashton, Rachel</subfield>
      <subfield code="4">közrem.</subfield>
    </datafield>
    <datafield tag="700" ind1="1" ind2=" ">
      <subfield code="a">Allan, Doug</subfield>
      <subfield code="4">fotó</subfield>
    </datafield>
    <datafield tag="700" ind1="1" ind2=" ">
      <subfield code="a">Kaplár F. Krisztina</subfield>
      <subfield code="4">ford.</subfield>
    </datafield>
    <datafield tag="852" ind1=" " ind2=" ">
      <subfield code="a">B10</subfield>
      <subfield code="b">B10</subfield>
      <subfield code="x">bibFSZ1195601</subfield>
    </datafield>
    <datafield tag="852" ind1=" " ind2=" ">
      <subfield code="a">SZO1</subfield>
      <subfield code="b">SZO1</subfield>
      <subfield code="x">150491237</subfield>
    </datafield>
    <datafield tag="852" ind1=" " ind2=" ">
      <subfield code="a">SZ4</subfield>
      <subfield code="b">SZ4/K2</subfield>
      <subfield code="b">SZ4</subfield>
      <subfield code="x">bibSOK366657</subfield>
    </datafield>
    <datafield tag="852" ind1=" " ind2=" ">
      <subfield code="a">B9</subfield>
      <subfield code="b">B9</subfield>
      <subfield code="x">694436</subfield>
    </datafield>
    <datafield tag="852" ind1=" " ind2=" ">
      <subfield code="a">D1</subfield>
      <subfield code="b">D1</subfield>
      <subfield code="x">MOKKAS0002392777</subfield>
    </datafield>
    <datafield tag="852" ind1=" " ind2=" ">
      <subfield code="a">B8</subfield>
      <subfield code="b">B8</subfield>
      <subfield code="x">OGYK000122933</subfield>
    </datafield>
  </record>
  <record>
    <leader>00995nam  2200253   4500</leader>
    <controlfield tag="001">MOKKAW0006032896  </controlfield>
    <controlfield tag="005">20090919065624.0</controlfield>
    <controlfield tag="008">080811s2008    hu                  hun d</controlfield>
    <datafield tag="020" ind1=" " ind2=" ">
      <subfield code="a">978 963 7318 74 0 (kötött)</subfield>
    </datafield>
    <datafield tag="035" ind1=" " ind2=" ">
      <subfield code="a">bibSOK00437621</subfield>
    </datafield>
    <datafield tag="040" ind1=" " ind2=" ">
      <subfield code="a">SK</subfield>
    </datafield>
    <datafield tag="080" ind1=" " ind2=" ">
      <subfield code="a">502.4(100) :</subfield>
    </datafield>
    <datafield tag="080" ind1=" " ind2=" ">
      <subfield code="a">908.100(084.12)</subfield>
    </datafield>
    <datafield tag="100" ind1="1" ind2=" ">
      <subfield code="a">Bright, Michael</subfield>
    </datafield>
    <datafield tag="240" ind1="1" ind2="0">
      <subfield code="a">1001 natural wonders you must see before you die</subfield>
      <subfield code="l">(magyar)</subfield>
    </datafield>
    <datafield tag="245" ind1="1" ind2="0">
      <subfield code="a">1001 természeti csoda, amit látnod kell, mielőtt meghalsz /</subfield>
      <subfield code="c">Michael Bright ; [ford. Kaplár F. Krisztina et al.]</subfield>
    </datafield>
    <datafield tag="260" ind1=" " ind2=" ">
      <subfield code="a">[Budapest] :</subfield>
      <subfield code="b">Gabo,</subfield>
      <subfield code="c">cop. 2008</subfield>
    </datafield>
    <datafield tag="300" ind1=" " ind2=" ">
      <subfield code="a">960 p. :</subfield>
      <subfield code="b">ill. ;</subfield>
      <subfield code="c">22 cm</subfield>
    </datafield>
    <datafield tag="650" ind1=" " ind2="7">
      <subfield code="a">Természeti érték</subfield>
      <subfield code="x">világ országai</subfield>
      <subfield code="x">képekkel</subfield>
      <subfield code="2">szte</subfield>
    </datafield>
    <datafield tag="650" ind1=" " ind2="7">
      <subfield code="a">Természetvédelmi terület</subfield>
      <subfield code="x">világ országai</subfield>
      <subfield code="x">képekkel</subfield>
      <subfield code="2">szte</subfield>
    </datafield>
    <datafield tag="650" ind1=" " ind2="7">
      <subfield code="a">Természeti érték</subfield>
      <subfield code="x">világ országai</subfield>
      <subfield code="x">képekkel</subfield>
    </datafield>
    <datafield tag="650" ind1=" " ind2="7">
      <subfield code="a">Természetvédelmi terület</subfield>
      <subfield code="x">világ országai</subfield>
      <subfield code="x">képekkel</subfield>
    </datafield>
    <datafield tag="852" ind1=" " ind2=" ">
      <subfield code="a">SZ4</subfield>
      <subfield code="b">SZ4/K0</subfield>
      <subfield code="x">bibSOK00437621</subfield>
    </datafield>
    <datafield tag="852" ind1=" " ind2=" ">
      <subfield code="a">S1</subfield>
      <subfield code="b">S1</subfield>
      <subfield code="x">MOKKAW0006032896</subfield>
    </datafield>
  </record>
  <record>
    <leader>00856nam  2200277   4500</leader>
    <controlfield tag="001">MOKKAN0004258252  </controlfield>
    <controlfield tag="005">20070503073243.0</controlfield>
    <controlfield tag="008">050407s2005                        hun d</controlfield>
    <datafield tag="020" ind1=" " ind2=" ">
      <subfield code="a">80-249-0515-9 (kötött) :</subfield>
      <subfield code="c">2459,- Ft</subfield>
    </datafield>
    <datafield tag="020" ind1=" " ind2=" ">
      <subfield code="a">80-249-0515-9 (kötött) :</subfield>
      <subfield code="c">2459,- Ft</subfield>
    </datafield>
    <datafield tag="035" ind1=" " ind2=" ">
      <subfield code="a">bibFSZ1153531</subfield>
    </datafield>
    <datafield tag="040" ind1=" " ind2=" ">
      <subfield code="a">FSZEK</subfield>
    </datafield>
    <datafield tag="041" ind1=" " ind2=" ">
      <subfield code="a">hun</subfield>
    </datafield>
    <datafield tag="100" ind1="1" ind2=" ">
      <subfield code="a">Vukovic, Laurel</subfield>
    </datafield>
    <datafield tag="240" ind1=" " ind2="0">
      <subfield code="a">1001 natural remedies</subfield>
    </datafield>
    <datafield tag="245" ind1="1" ind2="0">
      <subfield code="a">1001 természetes házi patikaszer /</subfield>
      <subfield code="c">Laurel Vukovic ; [ford. Kiss Marianne]</subfield>
    </datafield>
    <datafield tag="260" ind1=" " ind2=" ">
      <subfield code="a">Prága :</subfield>
      <subfield code="b">Ikar ;</subfield>
      <subfield code="a">[Budapest] :</subfield>
      <subfield code="b">M-érték,</subfield>
      <subfield code="c">2005</subfield>
    </datafield>
    <datafield tag="300" ind1=" " ind2=" ">
      <subfield code="a">192 p. :</subfield>
      <subfield code="b">ill. ;</subfield>
      <subfield code="c">25 cm</subfield>
    </datafield>
    <datafield tag="650" ind1=" " ind2="4">
      <subfield code="a">gyógynövény</subfield>
    </datafield>
    <datafield tag="650" ind1=" " ind2="4">
      <subfield code="a">háztartás</subfield>
    </datafield>
    <datafield tag="650" ind1=" " ind2="4">
      <subfield code="a">kozmetika</subfield>
    </datafield>
    <datafield tag="650" ind1=" " ind2="4">
      <subfield code="a">természetgyógyászat</subfield>
    </datafield>
    <datafield tag="650" ind1=" " ind2="4">
      <subfield code="a">állattartás</subfield>
    </datafield>
    <datafield tag="700" ind1="1" ind2=" ">
      <subfield code="a">Kiss Marianne</subfield>
      <subfield code="4">ford.</subfield>
    </datafield>
    <datafield tag="852" ind1=" " ind2=" ">
      <subfield code="a">B10</subfield>
      <subfield code="b">B10</subfield>
      <subfield code="x">bibFSZ1153531</subfield>
    </datafield>
    <datafield tag="852" ind1=" " ind2=" ">
      <subfield code="a">SZO1</subfield>
      <subfield code="b">SZO1</subfield>
      <subfield code="x">150479184</subfield>
    </datafield>
  </record>
  <record>
    <leader>00648cam  2200229 i 4500</leader>
    <controlfield tag="001">MOKKAZ0005265837  </controlfield>
    <controlfield tag="005">20070313002046.0</controlfield>
    <controlfield tag="008">011120c19841984xxua          00010 eng d</controlfield>
    <datafield tag="020" ind1=" " ind2=" ">
      <subfield code="a">0 8306 0826 5</subfield>
    </datafield>
    <datafield tag="020" ind1=" " ind2=" ">
      <subfield code="a">0 8306 1826 0 (pbk.)</subfield>
    </datafield>
    <datafield tag="035" ind1=" " ind2=" ">
      <subfield code="a">146666</subfield>
    </datafield>
    <datafield tag="040" ind1=" " ind2=" ">
      <subfield code="a">MEKLM</subfield>
    </datafield>
    <datafield tag="041" ind1="0" ind2=" ">
      <subfield code="a">eng</subfield>
    </datafield>
    <datafield tag="100" ind1="1" ind2=" ">
      <subfield code="a">Sawusch, Mark R.</subfield>
    </datafield>
    <datafield tag="245" ind1="1" ind2="0">
      <subfield code="a">1001 things to do with your IBM PC /</subfield>
      <subfield code="c">by Mark R. Sawusch, Tan A. Summers</subfield>
    </datafield>
    <datafield tag="250" ind1=" " ind2=" ">
      <subfield code="a">3. print.</subfield>
    </datafield>
    <datafield tag="260" ind1=" " ind2=" ">
      <subfield code="a">Blue Ridge Summit :</subfield>
      <subfield code="b">Tab Bks.,</subfield>
      <subfield code="c">1984</subfield>
    </datafield>
    <datafield tag="300" ind1=" " ind2=" ">
      <subfield code="a">viii, 245 p. ;</subfield>
      <subfield code="c">23 cm</subfield>
    </datafield>
    <datafield tag="490" ind1="1" ind2=" ">
      <subfield code="a">(Tab book ;</subfield>
      <subfield code="v">1826. no.)</subfield>
    </datafield>
    <datafield tag="650" ind1="0" ind2="4">
      <subfield code="a">program</subfield>
      <subfield code="x">számítógépes</subfield>
    </datafield>
    <datafield tag="830" ind1=" " ind2="0">
      <subfield code="a">Tab book</subfield>
    </datafield>
    <datafield tag="852" ind1=" " ind2=" ">
      <subfield code="a">M1</subfield>
      <subfield code="b">M1</subfield>
      <subfield code="x">146666</subfield>
    </datafield>
  </record>
  <record>
    <leader>01010nam  2200349 ir4500</leader>
    <controlfield tag="001">MOKKAN0004662532  </controlfield>
    <controlfield tag="005">20090619095755.0</controlfield>
    <controlfield tag="008">070327s2006    hu            00100 hun d</controlfield>
    <datafield tag="020" ind1=" " ind2=" ">
      <subfield code="a">963-9313-61-0 (fűzött)</subfield>
    </datafield>
    <datafield tag="020" ind1=" " ind2=" ">
      <subfield code="a">963 9313 61 0</subfield>
    </datafield>
    <datafield tag="035" ind1=" " ind2=" ">
      <subfield code="a">2646695</subfield>
    </datafield>
    <datafield tag="040" ind1=" " ind2=" ">
      <subfield code="a">OSZK</subfield>
    </datafield>
    <datafield tag="041" ind1="0" ind2=" ">
      <subfield code="a">hunhun</subfield>
    </datafield>
    <datafield tag="100" ind1="1" ind2=" ">
      <subfield code="a">Siklósi Ágnes</subfield>
    </datafield>
    <datafield tag="245" ind1="1" ind2="0">
      <subfield code="a">100+1 tipp a számviteli törvény alkalmazásához /</subfield>
      <subfield code="c">[szerzők Siklósi Ágnes, Simon Szilvia, Miklósyné Ács Klára]</subfield>
    </datafield>
    <datafield tag="260" ind1=" " ind2=" ">
      <subfield code="a">Budapest :</subfield>
      <subfield code="b">Dashöfer,</subfield>
      <subfield code="c">2006</subfield>
    </datafield>
    <datafield tag="300" ind1=" " ind2=" ">
      <subfield code="a">228 p. ;</subfield>
      <subfield code="c">23 cm</subfield>
    </datafield>
    <datafield tag="490" ind1="1" ind2=" ">
      <subfield code="a">100+1 tipp sorozat</subfield>
    </datafield>
    <datafield tag="650" ind1="1" ind2="7">
      <subfield code="a">számvitel</subfield>
      <subfield code="2">oszk</subfield>
    </datafield>
    <datafield tag="650" ind1=" " ind2="4">
      <subfield code="a">számvitel</subfield>
    </datafield>
    <datafield tag="650" ind1=" " ind2="4">
      <subfield code="a">jogalkalmazás</subfield>
    </datafield>
    <datafield tag="650" ind1=" " ind2="4">
      <subfield code="a">útmutató</subfield>
    </datafield>
    <datafield tag="651" ind1=" " ind2="4">
      <subfield code="a">Magyarország</subfield>
    </datafield>
    <datafield tag="653" ind1=" " ind2=" ">
      <subfield code="a">joggyakorlat</subfield>
    </datafield>
    <datafield tag="653" ind1=" " ind2=" ">
      <subfield code="a">jogszabály</subfield>
    </datafield>
    <datafield tag="653" ind1=" " ind2=" ">
      <subfield code="a">számvitel-könyvvitel</subfield>
    </datafield>
    <datafield tag="700" ind1="1" ind2="0">
      <subfield code="a">Simon Szilvia</subfield>
    </datafield>
    <datafield tag="700" ind1="2" ind2="0">
      <subfield code="a">Miklósyné Ács Klára</subfield>
    </datafield>
    <datafield tag="830" ind1=" " ind2="0">
      <subfield code="a">100+1 tipp sorozat</subfield>
    </datafield>
    <datafield tag="852" ind1=" " ind2=" ">
      <subfield code="a">B1</subfield>
      <subfield code="b">B1</subfield>
      <subfield code="x">2646695</subfield>
    </datafield>
    <datafield tag="852" ind1=" " ind2=" ">
      <subfield code="a">B9</subfield>
      <subfield code="b">B9</subfield>
      <subfield code="x">681806</subfield>
    </datafield>
    <datafield tag="852" ind1=" " ind2=" ">
      <subfield code="a">B8</subfield>
      <subfield code="b">B8</subfield>
      <subfield code="x">OGYK000120958</subfield>
    </datafield>
  </record>
  <record>
    <leader>00762nam  22002415  4500</leader>
    <controlfield tag="001">MOKKAN0004834939  </controlfield>
    <controlfield tag="005">20071115022525.0</controlfield>
    <controlfield tag="008">070709s2006    hu                  hun d</controlfield>
    <datafield tag="020" ind1=" " ind2=" ">
      <subfield code="a">963 9313 61 0</subfield>
    </datafield>
    <datafield tag="035" ind1=" " ind2=" ">
      <subfield code="a">bibJPT00440714</subfield>
    </datafield>
    <datafield tag="040" ind1=" " ind2=" ">
      <subfield code="a">PTE</subfield>
    </datafield>
    <datafield tag="100" ind1="1" ind2=" ">
      <subfield code="a">Siklósi Ágnes</subfield>
    </datafield>
    <datafield tag="245" ind1="1" ind2="0">
      <subfield code="a">100+1 tipp a számviteli törvény alkalmazásához /</subfield>
      <subfield code="c">[szerzők Siklósi Ágnes, Simon Szilvia, Miklósyné Ács Klára]</subfield>
    </datafield>
    <datafield tag="260" ind1=" " ind2=" ">
      <subfield code="a">Budapest :</subfield>
      <subfield code="b">Verlag Dashöfer Szakkiadó,</subfield>
      <subfield code="c">2006</subfield>
    </datafield>
    <datafield tag="300" ind1=" " ind2=" ">
      <subfield code="a">228 p. ;</subfield>
      <subfield code="c">23 cm</subfield>
    </datafield>
    <datafield tag="490" ind1="1" ind2=" ">
      <subfield code="a">(100+1 Tipp sorozat)</subfield>
    </datafield>
    <datafield tag="695" ind1=" " ind2=" ">
      <subfield code="a">Számvitel</subfield>
    </datafield>
    <datafield tag="695" ind1=" " ind2=" ">
      <subfield code="a">Útmutató</subfield>
    </datafield>
    <datafield tag="700" ind1="1" ind2=" ">
      <subfield code="a">Simon Szilvia</subfield>
    </datafield>
    <datafield tag="700" ind1="1" ind2=" ">
      <subfield code="a">Miklósyné Ács Klára</subfield>
    </datafield>
    <datafield tag="830" ind1=" " ind2="0">
      <subfield code="a">100+1 Tipp sorozat</subfield>
    </datafield>
    <datafield tag="852" ind1=" " ind2=" ">
      <subfield code="a">P1</subfield>
      <subfield code="b">P1/2S</subfield>
      <subfield code="x">bibJPT00440714</subfield>
    </datafield>
    <datafield tag="852" ind1=" " ind2=" ">
      <subfield code="a">D1</subfield>
      <subfield code="b">D1</subfield>
      <subfield code="x">bibJPT00440714</subfield>
    </datafield>
  </record>
  <record>
    <leader>00687fam  2200241 i 4500</leader>
    <controlfield tag="001">MOKKAZ0006237151  </controlfield>
    <controlfield tag="005">20090621154410.0</controlfield>
    <controlfield tag="008">940509t19861986hu a          000 0 hun d</controlfield>
    <datafield tag="020" ind1=" " ind2=" ">
      <subfield code="a">963-02-3694-X (fűzött)</subfield>
    </datafield>
    <datafield tag="035" ind1=" " ind2=" ">
      <subfield code="a">538062</subfield>
    </datafield>
    <datafield tag="040" ind1=" " ind2=" ">
      <subfield code="a">OSZK</subfield>
    </datafield>
    <datafield tag="041" ind1="0" ind2=" ">
      <subfield code="a">hunhun</subfield>
    </datafield>
    <datafield tag="100" ind1="1" ind2=" ">
      <subfield code="a">Fülöp György</subfield>
    </datafield>
    <datafield tag="245" ind1="1" ind2="0">
      <subfield code="a">1001 vicc /</subfield>
      <subfield code="c">Fülöp György</subfield>
    </datafield>
    <datafield tag="260" ind1=" " ind2=" ">
      <subfield code="a">Budapest :</subfield>
      <subfield code="b">Lapk. Váll.,</subfield>
      <subfield code="c">[1986]</subfield>
      <subfield code="e">(Nyíregyháza</subfield>
      <subfield code="f">Nyírségi Ny.)</subfield>
    </datafield>
    <datafield tag="300" ind1=" " ind2=" ">
      <subfield code="a">[174] p. :</subfield>
      <subfield code="b">ill. ;</subfield>
      <subfield code="c">22 cm</subfield>
    </datafield>
    <datafield tag="653" ind1=" " ind2=" ">
      <subfield code="a">magyar viccek</subfield>
    </datafield>
    <datafield tag="695" ind1=" " ind2=" ">
      <subfield code="a">Karikatúra</subfield>
    </datafield>
    <datafield tag="852" ind1=" " ind2=" ">
      <subfield code="a">B1</subfield>
      <subfield code="b">B1</subfield>
      <subfield code="x">538062</subfield>
    </datafield>
    <datafield tag="852" ind1=" " ind2=" ">
      <subfield code="a">D1</subfield>
      <subfield code="b">D1</subfield>
      <subfield code="x">963 02 3694 X</subfield>
    </datafield>
    <datafield tag="852" ind1=" " ind2=" ">
      <subfield code="a">GY1</subfield>
      <subfield code="b">GY1</subfield>
      <subfield code="x">520999</subfield>
    </datafield>
    <datafield tag="852" ind1=" " ind2=" ">
      <subfield code="a">SZ4</subfield>
      <subfield code="b">SZ4</subfield>
      <subfield code="x">963 02 3694 X</subfield>
    </datafield>
    <datafield tag="852" ind1=" " ind2=" ">
      <subfield code="a">B8</subfield>
      <subfield code="b">B8</subfield>
      <subfield code="x">OGYK000215096</subfield>
    </datafield>
  </record>
  <record>
    <leader>00574nam  2200181 i 4500</leader>
    <controlfield tag="001">MOKKAS0001072052  </controlfield>
    <controlfield tag="005">20051215224736.0</controlfield>
    <controlfield tag="008">050903s1990    hu            00010 eng d</controlfield>
    <datafield tag="020" ind1=" " ind2=" ">
      <subfield code="a">0-14-013301-1</subfield>
    </datafield>
    <datafield tag="035" ind1=" " ind2=" ">
      <subfield code="a">bibBKO00248444</subfield>
    </datafield>
    <datafield tag="040" ind1=" " ind2=" ">
      <subfield code="a">BMK</subfield>
    </datafield>
    <datafield tag="100" ind1="1" ind2=" ">
      <subfield code="a">Vallely, Bernadette</subfield>
    </datafield>
    <datafield tag="245" ind1="1" ind2="0">
      <subfield code="a">1001 ways to save the planet /</subfield>
      <subfield code="c">Bernadette Vallely ; with cartoons by Angela Martin</subfield>
    </datafield>
    <datafield tag="260" ind1=" " ind2=" ">
      <subfield code="a">Harmondsworth :</subfield>
      <subfield code="b">Penguin Books Ltd,</subfield>
      <subfield code="c">1990</subfield>
    </datafield>
    <datafield tag="300" ind1=" " ind2=" ">
      <subfield code="a">336 p. :</subfield>
      <subfield code="b">ill. ;</subfield>
      <subfield code="c">20 cm</subfield>
    </datafield>
    <datafield tag="650" ind1=" " ind2="4">
      <subfield code="a">környezetvédelem</subfield>
    </datafield>
    <datafield tag="700" ind1="1" ind2=" ">
      <subfield code="a">Martin, Angela</subfield>
      <subfield code="4">illusztr.</subfield>
    </datafield>
    <datafield tag="852" ind1=" " ind2=" ">
      <subfield code="a">BCS1</subfield>
      <subfield code="b">BCS1</subfield>
      <subfield code="x">bibBKO00248444</subfield>
    </datafield>
  </record>
  <record>
    <leader>00687nam  2200217 i 4500</leader>
    <controlfield tag="001">MOKKAW0005643089  </controlfield>
    <controlfield tag="005">20080416141955.0</controlfield>
    <controlfield tag="008">930720s1983    hu            000 0 hun d</controlfield>
    <datafield tag="035" ind1=" " ind2=" ">
      <subfield code="a">BMEOMIKK000323186</subfield>
    </datafield>
    <datafield tag="040" ind1=" " ind2=" ">
      <subfield code="a">BMEOMIKK</subfield>
    </datafield>
    <datafield tag="041" ind1="0" ind2=" ">
      <subfield code="a">hun</subfield>
    </datafield>
    <datafield tag="044" ind1=" " ind2=" ">
      <subfield code="a">HU</subfield>
    </datafield>
    <datafield tag="245" ind1="0" ind2="0">
      <subfield code="a">100/200 Mbyte kapacitású mágneslemezes alrendszer : </subfield>
      <subfield code="b">Műszaki leírás 2 /</subfield>
      <subfield code="c">[közr.a] Paksi Atomerőmű Vállalat</subfield>
    </datafield>
    <datafield tag="260" ind1=" " ind2=" ">
      <subfield code="a">Budapest :</subfield>
      <subfield code="b">SKV,</subfield>
      <subfield code="c">1983</subfield>
    </datafield>
    <datafield tag="300" ind1=" " ind2=" ">
      <subfield code="a">71 p. ;</subfield>
      <subfield code="c">29 cm</subfield>
    </datafield>
    <datafield tag="653" ind1=" " ind2=" ">
      <subfield code="a">Mágneslemezes tároló</subfield>
    </datafield>
    <datafield tag="653" ind1=" " ind2=" ">
      <subfield code="a">Teszt-program</subfield>
    </datafield>
    <datafield tag="710" ind1="2" ind2=" ">
      <subfield code="a">Paksi Atomerőmű Vállalat</subfield>
    </datafield>
    <datafield tag="852" ind1=" " ind2=" ">
      <subfield code="a">B11</subfield>
      <subfield code="b">B11</subfield>
      <subfield code="x">BMEOMIKK000323186</subfield>
    </datafield>
    <datafield tag="852" ind1=" " ind2=" ">
      <subfield code="a">B11</subfield>
      <subfield code="b">B11</subfield>
      <subfield code="x">BMEOMIKK000323189</subfield>
    </datafield>
    <datafield tag="852" ind1=" " ind2=" ">
      <subfield code="a">B11</subfield>
      <subfield code="b">B11</subfield>
      <subfield code="x">BMEOMIKK000323188</subfield>
    </datafield>
  </record>
  <record>
    <leader>00602nam  2200193 i 4500</leader>
    <controlfield tag="001">MOKKAW0005643088  </controlfield>
    <controlfield tag="005">20080416141954.0</controlfield>
    <controlfield tag="008">930720s1983    hu            000 0 hun d</controlfield>
    <datafield tag="035" ind1=" " ind2=" ">
      <subfield code="a">BMEOMIKK000323185</subfield>
    </datafield>
    <datafield tag="040" ind1=" " ind2=" ">
      <subfield code="a">BMEOMIKK</subfield>
    </datafield>
    <datafield tag="041" ind1="0" ind2=" ">
      <subfield code="a">hun</subfield>
    </datafield>
    <datafield tag="044" ind1=" " ind2=" ">
      <subfield code="a">HU</subfield>
    </datafield>
    <datafield tag="245" ind1="0" ind2="0">
      <subfield code="a">100/200 Mbyte-os lemezcsomag teszt : </subfield>
      <subfield code="b">Leírás és felhasználói utasítás 1 /</subfield>
      <subfield code="c">[közr.a] Paksi Atomerőmű Vállalat</subfield>
    </datafield>
    <datafield tag="260" ind1=" " ind2=" ">
      <subfield code="a">Budapest :</subfield>
      <subfield code="b">SKV,</subfield>
      <subfield code="c">1983</subfield>
    </datafield>
    <datafield tag="300" ind1=" " ind2=" ">
      <subfield code="a">25 p. ;</subfield>
      <subfield code="c">29 cm</subfield>
    </datafield>
    <datafield tag="653" ind1=" " ind2=" ">
      <subfield code="a">Mágneslemezes tároló</subfield>
    </datafield>
    <datafield tag="653" ind1=" " ind2=" ">
      <subfield code="a">Teszt-program</subfield>
    </datafield>
    <datafield tag="710" ind1="2" ind2=" ">
      <subfield code="a">Paksi Atomerőmű Vállalat</subfield>
    </datafield>
    <datafield tag="852" ind1=" " ind2=" ">
      <subfield code="a">B11</subfield>
      <subfield code="b">B11</subfield>
      <subfield code="x">BMEOMIKK000323185</subfield>
    </datafield>
  </record>
  <record>
    <leader>00294njm  2200121 i 4500</leader>
    <controlfield tag="001">MOKKAS0001010809  </controlfield>
    <controlfield tag="005">20051215151344.0</controlfield>
    <controlfield tag="008">050903b        hu            00010 hun d</controlfield>
    <datafield tag="035" ind1=" " ind2=" ">
      <subfield code="a">bibBKO00097522</subfield>
    </datafield>
    <datafield tag="040" ind1=" " ind2=" ">
      <subfield code="a">BMK</subfield>
    </datafield>
    <datafield tag="245" ind1="0" ind2="0">
      <subfield code="a">1</subfield>
    </datafield>
    <datafield tag="852" ind1=" " ind2=" ">
      <subfield code="a">BCS1</subfield>
      <subfield code="b">BCS1</subfield>
      <subfield code="x">bibBKO00097522</subfield>
    </datafield>
    <datafield tag="852" ind1=" " ind2=" ">
      <subfield code="a">BCS1</subfield>
      <subfield code="b">BCS1</subfield>
      <subfield code="x">bibBKO00093488</subfield>
    </datafield>
  </record>
  <record>
    <leader>00511nama 22001691i 4500</leader>
    <controlfield tag="001">MOKKAS0000799743  </controlfield>
    <controlfield tag="005">20060617004913.0</controlfield>
    <controlfield tag="008">041124s1925    hu            000 0 hunod</controlfield>
    <datafield tag="035" ind1=" " ind2=" ">
      <subfield code="a">1558988</subfield>
    </datafield>
    <datafield tag="040" ind1=" " ind2=" ">
      <subfield code="a">OSZK</subfield>
    </datafield>
    <datafield tag="041" ind1="1" ind2=" ">
      <subfield code="a">hunhun</subfield>
      <subfield code="h">und</subfield>
    </datafield>
    <datafield tag="100" ind1="1" ind2=" ">
      <subfield code="a">Heller, Frank</subfield>
    </datafield>
    <datafield tag="245" ind1="1" ind2="0">
      <subfield code="a">1002 éjszaka : </subfield>
      <subfield code="b">regény /</subfield>
      <subfield code="c">Frank Heller ; ford. Újhelyi Nándor</subfield>
    </datafield>
    <datafield tag="260" ind1=" " ind2=" ">
      <subfield code="a">Budapest :</subfield>
      <subfield code="b">Légrády,</subfield>
      <subfield code="c">1925</subfield>
    </datafield>
    <datafield tag="300" ind1=" " ind2=" ">
      <subfield code="a">305, [1] p. ;</subfield>
      <subfield code="c">16 cm</subfield>
    </datafield>
    <datafield tag="700" ind1="1" ind2=" ">
      <subfield code="a">Újhelyi Nándor</subfield>
      <subfield code="c">(cédulakatalógus alapján)</subfield>
      <subfield code="4">(ford.)</subfield>
    </datafield>
    <datafield tag="852" ind1=" " ind2=" ">
      <subfield code="a">B1</subfield>
      <subfield code="b">B1</subfield>
      <subfield code="x">1558988</subfield>
    </datafield>
  </record>
  <record>
    <leader>00597nama 22001931i 4500</leader>
    <controlfield tag="001">MOKKAS0000793109  </controlfield>
    <controlfield tag="005">20060617003333.0</controlfield>
    <controlfield tag="008">041124s1925    hu            000 0 hunod</controlfield>
    <datafield tag="035" ind1=" " ind2=" ">
      <subfield code="a">1552340</subfield>
    </datafield>
    <datafield tag="040" ind1=" " ind2=" ">
      <subfield code="a">OSZK</subfield>
    </datafield>
    <datafield tag="041" ind1="1" ind2=" ">
      <subfield code="a">hunhun</subfield>
      <subfield code="h">und</subfield>
    </datafield>
    <datafield tag="100" ind1="1" ind2=" ">
      <subfield code="a">Heller, Frank</subfield>
    </datafield>
    <datafield tag="245" ind1="1" ind2="0">
      <subfield code="a">1002 éjszaka : </subfield>
      <subfield code="b">regény /</subfield>
      <subfield code="c">Frank Heller ; ford. Ujhelyi Nándor</subfield>
    </datafield>
    <datafield tag="260" ind1=" " ind2=" ">
      <subfield code="a">Budapest :</subfield>
      <subfield code="b">Légrády,</subfield>
      <subfield code="c">1925</subfield>
    </datafield>
    <datafield tag="300" ind1=" " ind2=" ">
      <subfield code="a">305 p. ;</subfield>
      <subfield code="c">17 cm</subfield>
    </datafield>
    <datafield tag="490" ind1="1" ind2=" ">
      <subfield code="a">Külföldi írók regénytára</subfield>
      <subfield code="n">B. sorozat</subfield>
      <subfield code="v">6.</subfield>
    </datafield>
    <datafield tag="700" ind1="1" ind2=" ">
      <subfield code="a">Ujhelyi Nándor</subfield>
      <subfield code="d">(1888-1933)</subfield>
      <subfield code="4">(ford.)</subfield>
    </datafield>
    <datafield tag="830" ind1=" " ind2="0">
      <subfield code="a">Külföldi írók regénytára</subfield>
    </datafield>
    <datafield tag="852" ind1=" " ind2=" ">
      <subfield code="a">B1</subfield>
      <subfield code="b">B1</subfield>
      <subfield code="x">1552340</subfield>
    </datafield>
  </record>
  <record>
    <leader>00443aam  2200181   4500</leader>
    <controlfield tag="001">MOKKAS0002463597  </controlfield>
    <controlfield tag="005">20060526095817.0</controlfield>
    <controlfield tag="008">951212                             und  </controlfield>
    <datafield tag="035" ind1=" " ind2=" ">
      <subfield code="a">bibMIF00001013</subfield>
    </datafield>
    <datafield tag="040" ind1=" " ind2=" ">
      <subfield code="a">MOME</subfield>
    </datafield>
    <datafield tag="245" ind1="0" ind2="0">
      <subfield code="a">1.</subfield>
    </datafield>
    <datafield tag="300" ind1=" " ind2=" ">
      <subfield code="a">106-213. p.</subfield>
      <subfield code="b">ill.</subfield>
    </datafield>
    <datafield tag="500" ind1=" " ind2=" ">
      <subfield code="a">Xerox másolat</subfield>
    </datafield>
    <datafield tag="695" ind1=" " ind2=" ">
      <subfield code="a">textília</subfield>
    </datafield>
    <datafield tag="695" ind1=" " ind2=" ">
      <subfield code="a">ruházat</subfield>
    </datafield>
    <datafield tag="695" ind1=" " ind2=" ">
      <subfield code="a">illusztráció</subfield>
    </datafield>
    <datafield tag="852" ind1=" " ind2=" ">
      <subfield code="a">B646</subfield>
      <subfield code="b">B646</subfield>
      <subfield code="x">bibMIF00001013</subfield>
    </datafield>
    <datafield tag="852" ind1=" " ind2=" ">
      <subfield code="a">B646</subfield>
      <subfield code="b">B646</subfield>
      <subfield code="x">bibMIF00001012</subfield>
    </datafield>
  </record>
  <record>
    <leader>01558nam  2200457 i 4500</leader>
    <controlfield tag="001">MOKKAZ0006400305  </controlfield>
    <controlfield tag="005">20040915200616.0</controlfield>
    <controlfield tag="008">010105s2000    hu a          000 0 hun d</controlfield>
    <datafield tag="020" ind1=" " ind2=" ">
      <subfield code="a">963-9123-81-1 (fűzött)</subfield>
    </datafield>
    <datafield tag="035" ind1=" " ind2=" ">
      <subfield code="a">796685</subfield>
    </datafield>
    <datafield tag="040" ind1=" " ind2=" ">
      <subfield code="a">OSZK</subfield>
    </datafield>
    <datafield tag="041" ind1="1" ind2=" ">
      <subfield code="a">hunhun</subfield>
      <subfield code="h">ger</subfield>
    </datafield>
    <datafield tag="072" ind1=" " ind2="1">
      <subfield code="a">Z</subfield>
    </datafield>
    <datafield tag="130" ind1="0" ind2="0">
      <subfield code="a">1003 Spiel- und Übungsformen in der Leichtathletik</subfield>
      <subfield code="l">magyar</subfield>
    </datafield>
    <datafield tag="245" ind1="0" ind2="0">
      <subfield code="a">1003 atlétika játék és gyakorlat : </subfield>
      <subfield code="b">[kézikönyv tanároknak, edzőknek, versenyzőknek] /</subfield>
      <subfield code="c">Kurt Murer szerk. ; [ford. Major Mercedes].</subfield>
    </datafield>
    <datafield tag="260" ind1=" " ind2=" ">
      <subfield code="a">Budapest</subfield>
      <subfield code="a">Pécs :</subfield>
      <subfield code="b">Dialóg Campus,</subfield>
      <subfield code="c">2000</subfield>
      <subfield code="e">(Pécs</subfield>
      <subfield code="f">G &amp; G Kft.)</subfield>
    </datafield>
    <datafield tag="300" ind1=" " ind2=" ">
      <subfield code="a">279 p. :</subfield>
      <subfield code="b">ill. ;</subfield>
      <subfield code="c">15x21 cm</subfield>
    </datafield>
    <datafield tag="490" ind1="1" ind2=" ">
      <subfield code="a">Dialóg Campus szakkönyvek</subfield>
      <subfield code="x">1417-7986</subfield>
    </datafield>
    <datafield tag="490" ind1="1" ind2=" ">
      <subfield code="a">Dialóg Campus sport</subfield>
      <subfield code="x">1586-0973</subfield>
    </datafield>
    <datafield tag="650" ind1=" " ind2="7">
      <subfield code="a">Atlétika</subfield>
      <subfield code="x">edzés</subfield>
      <subfield code="2">szte</subfield>
    </datafield>
    <datafield tag="650" ind1=" " ind2="7">
      <subfield code="a">Atlétika</subfield>
      <subfield code="x">gyakorlatok</subfield>
      <subfield code="2">szte</subfield>
    </datafield>
    <datafield tag="650" ind1=" " ind2="4">
      <subfield code="a">Atlétika</subfield>
      <subfield code="x">kézikönyvek</subfield>
    </datafield>
    <datafield tag="650" ind1=" " ind2="0">
      <subfield code="a">Athletics</subfield>
      <subfield code="x">Handbooks, manuals, etc.</subfield>
    </datafield>
    <datafield tag="650" ind1=" " ind2="4">
      <subfield code="a">atlétika</subfield>
    </datafield>
    <datafield tag="695" ind1=" " ind2=" ">
      <subfield code="a">Atlétika</subfield>
      <subfield code="x">kézikönyvek</subfield>
    </datafield>
    <datafield tag="695" ind1=" " ind2=" ">
      <subfield code="a">Atlétika</subfield>
    </datafield>
    <datafield tag="695" ind1=" " ind2=" ">
      <subfield code="a">Testnevelés</subfield>
    </datafield>
    <datafield tag="695" ind1=" " ind2=" ">
      <subfield code="a">Tanári kézikönyv</subfield>
    </datafield>
    <datafield tag="700" ind1="1" ind2=" ">
      <subfield code="a">Major Mercedes</subfield>
      <subfield code="4">(ford.)</subfield>
    </datafield>
    <datafield tag="700" ind1="1" ind2=" ">
      <subfield code="a">Murer, Kurt</subfield>
      <subfield code="4">(szerk.)</subfield>
    </datafield>
    <datafield tag="830" ind1=" " ind2="0">
      <subfield code="a">Dialóg Campus szakkönyvek</subfield>
    </datafield>
    <datafield tag="830" ind1=" " ind2="0">
      <subfield code="a">Dialóg Campus sport</subfield>
    </datafield>
    <datafield tag="852" ind1=" " ind2=" ">
      <subfield code="a">B1</subfield>
      <subfield code="b">B1</subfield>
      <subfield code="x">796685</subfield>
    </datafield>
    <datafield tag="852" ind1=" " ind2=" ">
      <subfield code="a">S1</subfield>
      <subfield code="b">S1</subfield>
      <subfield code="x">bibSEF47204</subfield>
    </datafield>
    <datafield tag="852" ind1=" " ind2=" ">
      <subfield code="a">SZ1</subfield>
      <subfield code="b">SZ1</subfield>
      <subfield code="x">bibJPT00177873</subfield>
    </datafield>
    <datafield tag="852" ind1=" " ind2=" ">
      <subfield code="a">SZ4</subfield>
      <subfield code="b">SZ4</subfield>
      <subfield code="x">bibJPT00177873</subfield>
    </datafield>
    <datafield tag="852" ind1=" " ind2=" ">
      <subfield code="a">P1</subfield>
      <subfield code="b">P1/FK</subfield>
      <subfield code="x">bibJPT00177873</subfield>
    </datafield>
    <datafield tag="852" ind1=" " ind2=" ">
      <subfield code="a">B1</subfield>
      <subfield code="b">B1</subfield>
      <subfield code="x">944930</subfield>
    </datafield>
    <datafield tag="852" ind1=" " ind2=" ">
      <subfield code="a">D1</subfield>
      <subfield code="b">D1</subfield>
      <subfield code="x">bibJPT00177873</subfield>
    </datafield>
    <datafield tag="852" ind1=" " ind2=" ">
      <subfield code="a">B10</subfield>
      <subfield code="b">0801</subfield>
      <subfield code="x">bibFSZ43595</subfield>
    </datafield>
    <datafield tag="852" ind1=" " ind2=" ">
      <subfield code="a">P1</subfield>
      <subfield code="b">P1</subfield>
      <subfield code="x">bibPOT53363</subfield>
    </datafield>
  </record>
  <record>
    <leader>01522nam  2200469 i 4500</leader>
    <controlfield tag="001">MOKKAS0001435660  </controlfield>
    <controlfield tag="005">20100121201534.0</controlfield>
    <controlfield tag="008">050903s2000    hu            00010 hun d</controlfield>
    <datafield tag="020" ind1=" " ind2=" ">
      <subfield code="a">963-9123-81-1 (fűzött) :</subfield>
      <subfield code="c">3480,-Ft</subfield>
    </datafield>
    <datafield tag="035" ind1=" " ind2=" ">
      <subfield code="a">bibVFK00254600</subfield>
    </datafield>
    <datafield tag="040" ind1=" " ind2=" ">
      <subfield code="a">VFMK</subfield>
    </datafield>
    <datafield tag="080" ind1=" " ind2=" ">
      <subfield code="a">796.42/.43</subfield>
    </datafield>
    <datafield tag="080" ind1=" " ind2=" ">
      <subfield code="a">372.879.6(072</subfield>
    </datafield>
    <datafield tag="130" ind1="0" ind2="1">
      <subfield code="a">1003 Spiel- und übungsformen in der Leichtathletik (magyar)</subfield>
    </datafield>
    <datafield tag="245" ind1="0" ind2="0">
      <subfield code="a">1003 atlétika játék és gyakorlat :</subfield>
      <subfield code="b">[Kézikönyv tanároknak, edzőknek, versenyzőknek] /</subfield>
      <subfield code="c">Kurt Murer szerk. ; [ford. Major Mercedes]</subfield>
    </datafield>
    <datafield tag="260" ind1=" " ind2=" ">
      <subfield code="a">Budapest ;</subfield>
      <subfield code="a">Pécs :</subfield>
      <subfield code="b">Dialóg Campus Kiadó,</subfield>
      <subfield code="c">2000</subfield>
    </datafield>
    <datafield tag="300" ind1=" " ind2=" ">
      <subfield code="a">279 p. :</subfield>
      <subfield code="b">ill. ;</subfield>
      <subfield code="c">15x21 cm</subfield>
    </datafield>
    <datafield tag="490" ind1="1" ind2=" ">
      <subfield code="a">(Dialóg Campus szakkönyvek. Sport,</subfield>
      <subfield code="x">1417-7986)</subfield>
    </datafield>
    <datafield tag="650" ind1=" " ind2="4">
      <subfield code="a">Sport</subfield>
    </datafield>
    <datafield tag="650" ind1=" " ind2="4">
      <subfield code="a">Atlétika</subfield>
    </datafield>
    <datafield tag="650" ind1=" " ind2="4">
      <subfield code="a">Játékok, atlétikai</subfield>
    </datafield>
    <datafield tag="650" ind1=" " ind2="4">
      <subfield code="a">Tanári kézikönyv</subfield>
    </datafield>
    <datafield tag="650" ind1=" " ind2="4">
      <subfield code="a">Játékok, mozgásos</subfield>
    </datafield>
    <datafield tag="650" ind1=" " ind2="4">
      <subfield code="a">Atlétika</subfield>
      <subfield code="x">Tanítás</subfield>
    </datafield>
    <datafield tag="650" ind1=" " ind2="4">
      <subfield code="a">edzés</subfield>
    </datafield>
    <datafield tag="650" ind1=" " ind2="4">
      <subfield code="a">sportoktatás</subfield>
    </datafield>
    <datafield tag="650" ind1=" " ind2="7">
      <subfield code="a">edzés</subfield>
      <subfield code="2">opkm</subfield>
    </datafield>
    <datafield tag="650" ind1=" " ind2="7">
      <subfield code="a">atlétika</subfield>
      <subfield code="2">opkm</subfield>
    </datafield>
    <datafield tag="650" ind1=" " ind2="7">
      <subfield code="a">testnevelés</subfield>
      <subfield code="2">opkm</subfield>
    </datafield>
    <datafield tag="650" ind1=" " ind2="7">
      <subfield code="a">sportoktatás</subfield>
      <subfield code="2">opkm</subfield>
    </datafield>
    <datafield tag="650" ind1=" " ind2="4">
      <subfield code="a">játék</subfield>
    </datafield>
    <datafield tag="650" ind1=" " ind2="4">
      <subfield code="a">torna</subfield>
    </datafield>
    <datafield tag="650" ind1=" " ind2="4">
      <subfield code="a">oktatási segédlet</subfield>
    </datafield>
    <datafield tag="700" ind1="1" ind2=" ">
      <subfield code="a">Murer, Kurt</subfield>
      <subfield code="4">szerk.</subfield>
    </datafield>
    <datafield tag="700" ind1="1" ind2=" ">
      <subfield code="a">Major Mercedes</subfield>
      <subfield code="4">ford.</subfield>
    </datafield>
    <datafield tag="830" ind1=" " ind2="0">
      <subfield code="a">Dialóg Campus szakkönyvek. Sport</subfield>
    </datafield>
    <datafield tag="852" ind1=" " ind2=" ">
      <subfield code="a">SZL1</subfield>
      <subfield code="b">SZL1</subfield>
      <subfield code="x">bibVFK00254600</subfield>
    </datafield>
    <datafield tag="852" ind1=" " ind2=" ">
      <subfield code="a">H1</subfield>
      <subfield code="b">H1</subfield>
      <subfield code="x">NLVK92342</subfield>
    </datafield>
    <datafield tag="852" ind1=" " ind2=" ">
      <subfield code="a">BCS1</subfield>
      <subfield code="b">BCS1</subfield>
      <subfield code="x">bibBKO00109434</subfield>
    </datafield>
    <datafield tag="852" ind1=" " ind2=" ">
      <subfield code="a">SZO1</subfield>
      <subfield code="b">SZO1</subfield>
      <subfield code="x">150158869</subfield>
    </datafield>
    <datafield tag="852" ind1=" " ind2=" ">
      <subfield code="a">B7</subfield>
      <subfield code="b">B7</subfield>
      <subfield code="x">219619</subfield>
    </datafield>
    <datafield tag="852" ind1=" " ind2=" ">
      <subfield code="a">GY1</subfield>
      <subfield code="b">GY1</subfield>
      <subfield code="x">KKMK1801100</subfield>
    </datafield>
  </record>
  <record>
    <leader>00525cam  2200181 i 4500</leader>
    <controlfield tag="001">MOKKAZ0005354023  </controlfield>
    <controlfield tag="005">20070313233942.0</controlfield>
    <controlfield tag="008">020925m19889999hu a          00010 hun d</controlfield>
    <datafield tag="020" ind1=" " ind2=" ">
      <subfield code="a">963 592 962 5</subfield>
    </datafield>
    <datafield tag="035" ind1=" " ind2=" ">
      <subfield code="a">165837</subfield>
    </datafield>
    <datafield tag="040" ind1=" " ind2=" ">
      <subfield code="a">MEKLM</subfield>
    </datafield>
    <datafield tag="041" ind1="0" ind2=" ">
      <subfield code="a">hun</subfield>
    </datafield>
    <datafield tag="245" ind1="0" ind2="0">
      <subfield code="a">100+4 :</subfield>
      <subfield code="b">Játékok és felhasználói programok C16-Plus/4</subfield>
    </datafield>
    <datafield tag="260" ind1=" " ind2=" ">
      <subfield code="a">Bp. :</subfield>
      <subfield code="b">LSI ATSZ,</subfield>
      <subfield code="c">1988 [!1989]</subfield>
    </datafield>
    <datafield tag="300" ind1=" " ind2=" ">
      <subfield code="c">23 cm</subfield>
    </datafield>
    <datafield tag="650" ind1="0" ind2="4">
      <subfield code="a">számítógép-program</subfield>
      <subfield code="x">játékok</subfield>
    </datafield>
    <datafield tag="740" ind1="0" ind2=" ">
      <subfield code="a">Játékok és felhasználói programok C16-Plus/4</subfield>
    </datafield>
    <datafield tag="852" ind1=" " ind2=" ">
      <subfield code="a">M1</subfield>
      <subfield code="b">M1</subfield>
      <subfield code="x">165837</subfield>
    </datafield>
  </record>
  <record>
    <leader>00845nam  2200241 i 4500</leader>
    <controlfield tag="001">MOKKAW0005648269  </controlfield>
    <controlfield tag="005">20080416183205.0</controlfield>
    <controlfield tag="008">930720s1988    hu            000 0 hun d</controlfield>
    <datafield tag="020" ind1=" " ind2=" ">
      <subfield code="a">963-592-798-4</subfield>
    </datafield>
    <datafield tag="035" ind1=" " ind2=" ">
      <subfield code="a">BMEOMIKK000325876</subfield>
    </datafield>
    <datafield tag="040" ind1=" " ind2=" ">
      <subfield code="a">BMEOMIKK</subfield>
    </datafield>
    <datafield tag="041" ind1="0" ind2=" ">
      <subfield code="a">hun</subfield>
    </datafield>
    <datafield tag="044" ind1=" " ind2=" ">
      <subfield code="a">HU</subfield>
    </datafield>
    <datafield tag="100" ind1="1" ind2=" ">
      <subfield code="a">Szabó Szilárd</subfield>
    </datafield>
    <datafield tag="245" ind1="1" ind2="0">
      <subfield code="a">100+4/2 játékok és felhasználói programok : </subfield>
      <subfield code="b">C16-PLUS/4 /</subfield>
      <subfield code="c">[írta Szabó Szilárd, Gál József] ; [közr. az] LSI Alkalmazástechnikai Tanácsadó Szolgálat</subfield>
    </datafield>
    <datafield tag="260" ind1=" " ind2=" ">
      <subfield code="a">Budapest :</subfield>
      <subfield code="b">LSI ATSZ,</subfield>
      <subfield code="c">1988</subfield>
    </datafield>
    <datafield tag="300" ind1=" " ind2=" ">
      <subfield code="a">209 p. ;</subfield>
      <subfield code="c">24 cm</subfield>
    </datafield>
    <datafield tag="653" ind1=" " ind2=" ">
      <subfield code="a">COMMODORE 16 személyi számítógép</subfield>
    </datafield>
    <datafield tag="653" ind1=" " ind2=" ">
      <subfield code="a">COMMODORE PLUS/4 személyi számítógép</subfield>
    </datafield>
    <datafield tag="653" ind1=" " ind2=" ">
      <subfield code="a">Programozás</subfield>
    </datafield>
    <datafield tag="700" ind1="1" ind2="0">
      <subfield code="a">Gál József</subfield>
    </datafield>
    <datafield tag="710" ind1="2" ind2=" ">
      <subfield code="a">LSI Alkalmazástechnikai Tanácsadó Szolgálat (Budapest)</subfield>
    </datafield>
    <datafield tag="852" ind1=" " ind2=" ">
      <subfield code="a">B11</subfield>
      <subfield code="b">B11</subfield>
      <subfield code="x">BMEOMIKK000325876</subfield>
    </datafield>
  </record>
  <record>
    <leader>00577cam  2200181   4500</leader>
    <controlfield tag="001">MOKKAZ0003193258  </controlfield>
    <controlfield tag="005">20040909165129.0</controlfield>
    <controlfield tag="008">       1988                        hun  </controlfield>
    <datafield tag="020" ind1=" " ind2=" ">
      <subfield code="a">963 592 835 1</subfield>
    </datafield>
    <datafield tag="035" ind1=" " ind2=" ">
      <subfield code="a">ISISFEF0009362</subfield>
    </datafield>
    <datafield tag="040" ind1=" " ind2=" ">
      <subfield code="a">DEENK</subfield>
    </datafield>
    <datafield tag="100" ind1="1" ind2=" ">
      <subfield code="a">Szabó Szilárd</subfield>
    </datafield>
    <datafield tag="245" ind1="0" ind2="0">
      <subfield code="a">100+4/2 :</subfield>
      <subfield code="b">Játékok és felhasználói programok : C 16-PLUS/4 /</subfield>
      <subfield code="c">Szabó Szilárd, Gál József</subfield>
    </datafield>
    <datafield tag="260" ind1=" " ind2=" ">
      <subfield code="a">Budapest :</subfield>
      <subfield code="b">LSI Alkalmazástechnikai Tanácsadó Szolg.,</subfield>
      <subfield code="c">1988</subfield>
    </datafield>
    <datafield tag="300" ind1=" " ind2=" ">
      <subfield code="a">209 p. ;</subfield>
      <subfield code="c">24 cm</subfield>
    </datafield>
    <datafield tag="695" ind1=" " ind2=" ">
      <subfield code="a">Játékprogram</subfield>
    </datafield>
    <datafield tag="700" ind1="1" ind2=" ">
      <subfield code="a">Gál József</subfield>
    </datafield>
    <datafield tag="852" ind1=" " ind2=" ">
      <subfield code="a">D1</subfield>
      <subfield code="b">D1</subfield>
      <subfield code="x">ISISFEF0009362</subfield>
    </datafield>
  </record>
  <record>
    <leader>00945nam  2200253 i 4500</leader>
    <controlfield tag="001">MOKKAW0005670428  </controlfield>
    <controlfield tag="005">20080417023949.0</controlfield>
    <controlfield tag="008">930720s1989    hu            000 0 hun d</controlfield>
    <datafield tag="020" ind1=" " ind2=" ">
      <subfield code="a">963-592-963-3</subfield>
    </datafield>
    <datafield tag="020" ind1=" " ind2=" ">
      <subfield code="a">963-592-962-5</subfield>
    </datafield>
    <datafield tag="035" ind1=" " ind2=" ">
      <subfield code="a">BMEOMIKK000343386</subfield>
    </datafield>
    <datafield tag="040" ind1=" " ind2=" ">
      <subfield code="a">BMEOMIKK</subfield>
    </datafield>
    <datafield tag="041" ind1="0" ind2=" ">
      <subfield code="a">hun</subfield>
    </datafield>
    <datafield tag="044" ind1=" " ind2=" ">
      <subfield code="a">HU</subfield>
    </datafield>
    <datafield tag="100" ind1="1" ind2=" ">
      <subfield code="a">Ollós László</subfield>
    </datafield>
    <datafield tag="245" ind1="1" ind2="0">
      <subfield code="a">100+4/3 játékok és felhasználói programok : </subfield>
      <subfield code="b">C16-PLUS/4 : Aliens, Storm, Tir Na Nog, Tedpaint, Easy Script, Sys Cracker /</subfield>
      <subfield code="c">[készítették Ollós László, Kiss László] ; [közr. az] LSI Alkalmazástechnikai Tanácsadó Szolgálat</subfield>
    </datafield>
    <datafield tag="260" ind1=" " ind2=" ">
      <subfield code="a">Budapest :</subfield>
      <subfield code="b">LSI ATSZ,</subfield>
      <subfield code="c">1989</subfield>
    </datafield>
    <datafield tag="300" ind1=" " ind2=" ">
      <subfield code="a">110 p. ;</subfield>
      <subfield code="c">24 cm</subfield>
    </datafield>
    <datafield tag="653" ind1=" " ind2=" ">
      <subfield code="a">COMMODORE 16 személyi számítógép</subfield>
    </datafield>
    <datafield tag="653" ind1=" " ind2=" ">
      <subfield code="a">COMMODORE PLUS/4 személyi számítógép</subfield>
    </datafield>
    <datafield tag="653" ind1=" " ind2=" ">
      <subfield code="a">Program</subfield>
    </datafield>
    <datafield tag="700" ind1="1" ind2="0">
      <subfield code="a">Kiss László</subfield>
    </datafield>
    <datafield tag="710" ind1="2" ind2=" ">
      <subfield code="a">LSI Alkalmazástechnikai Tanácsadó Szolgálat (Budapest)</subfield>
    </datafield>
    <datafield tag="852" ind1=" " ind2=" ">
      <subfield code="a">B11</subfield>
      <subfield code="b">B11</subfield>
      <subfield code="x">BMEOMIKK000343386</subfield>
    </datafield>
  </record>
  <record>
    <leader>00466nam  22001691  4500</leader>
    <controlfield tag="001">MOKKAS0002367380  </controlfield>
    <controlfield tag="005">20060527135600.0</controlfield>
    <controlfield tag="008">011115q1935    hu a         000010 hun d</controlfield>
    <datafield tag="035" ind1=" " ind2=" ">
      <subfield code="a">bibRET26808</subfield>
    </datafield>
    <datafield tag="040" ind1=" " ind2=" ">
      <subfield code="a">SK</subfield>
    </datafield>
    <datafield tag="100" ind1="1" ind2=" ">
      <subfield code="a">Mohácsy József</subfield>
    </datafield>
    <datafield tag="245" ind1="1" ind2="0">
      <subfield code="a">1.004.772 /</subfield>
      <subfield code="c">Mohácsy József ; [ill. Szemes István]</subfield>
    </datafield>
    <datafield tag="260" ind1=" " ind2=" ">
      <subfield code="a">Budapest :</subfield>
      <subfield code="b">Általános Nyomda,</subfield>
      <subfield code="c">[1935]</subfield>
    </datafield>
    <datafield tag="300" ind1=" " ind2=" ">
      <subfield code="a">195 p. ;</subfield>
      <subfield code="c">20 cm</subfield>
    </datafield>
    <datafield tag="695" ind1=" " ind2=" ">
      <subfield code="a">yyy</subfield>
    </datafield>
    <datafield tag="700" ind1="1" ind2=" ">
      <subfield code="a">Szemes István</subfield>
    </datafield>
    <datafield tag="852" ind1=" " ind2=" ">
      <subfield code="a">SZ4</subfield>
      <subfield code="b">SZ4</subfield>
      <subfield code="x">bibRET26808</subfield>
    </datafield>
  </record>
  <record>
    <leader>00863nam  2200241 i 4500</leader>
    <controlfield tag="001">MOKKAW0005686686  </controlfield>
    <controlfield tag="005">20080417064922.0</controlfield>
    <controlfield tag="008">940613s1987    hu            000 0 hun d</controlfield>
    <datafield tag="020" ind1=" " ind2=" ">
      <subfield code="a">963-592-698-7</subfield>
    </datafield>
    <datafield tag="035" ind1=" " ind2=" ">
      <subfield code="a">BMEOMIKK000357769</subfield>
    </datafield>
    <datafield tag="040" ind1=" " ind2=" ">
      <subfield code="a">BMEOMIKK</subfield>
    </datafield>
    <datafield tag="041" ind1="0" ind2=" ">
      <subfield code="a">hun</subfield>
    </datafield>
    <datafield tag="044" ind1=" " ind2=" ">
      <subfield code="a">HU</subfield>
    </datafield>
    <datafield tag="100" ind1="1" ind2=" ">
      <subfield code="a">Szabó Szilárd</subfield>
    </datafield>
    <datafield tag="245" ind1="1" ind2="0">
      <subfield code="a">100+4 játékok és felhasználói programok, C16-PLUS/4 /</subfield>
      <subfield code="c">[irta Szabó Szilárd, Tóthné Máriássy Éva] ; [közr. az] LSI Alkalmazástechnikai Tanácsadó Szolgálat</subfield>
    </datafield>
    <datafield tag="260" ind1=" " ind2=" ">
      <subfield code="a">Budapest :</subfield>
      <subfield code="b">LSI ATSZ,</subfield>
      <subfield code="c">1987</subfield>
    </datafield>
    <datafield tag="300" ind1=" " ind2=" ">
      <subfield code="a">184 p. ;</subfield>
      <subfield code="c">24 cm</subfield>
    </datafield>
    <datafield tag="653" ind1=" " ind2=" ">
      <subfield code="a">COMMODORE 16 személyi számítógép</subfield>
    </datafield>
    <datafield tag="653" ind1=" " ind2=" ">
      <subfield code="a">COMMODORE PLUS/4 személyi számítógép</subfield>
    </datafield>
    <datafield tag="653" ind1=" " ind2=" ">
      <subfield code="a">Programozás</subfield>
    </datafield>
    <datafield tag="700" ind1="2" ind2="0">
      <subfield code="a">Tóthné Máriássy Éva</subfield>
    </datafield>
    <datafield tag="710" ind1="2" ind2=" ">
      <subfield code="a">LSI Alkalmazástechnikai Tanácsadó Szolgálat (Budapest)</subfield>
    </datafield>
    <datafield tag="852" ind1=" " ind2=" ">
      <subfield code="a">B11</subfield>
      <subfield code="b">B11</subfield>
      <subfield code="x">BMEOMIKK000357769</subfield>
    </datafield>
  </record>
  <record>
    <leader>00774nam  2200217 i 4500</leader>
    <controlfield tag="001">MOKKAW0005665428  </controlfield>
    <controlfield tag="005">20080417013903.0</controlfield>
    <controlfield tag="008">930720s1988    hu            000 0 hun d</controlfield>
    <datafield tag="035" ind1=" " ind2=" ">
      <subfield code="a">BMEOMIKK000339501</subfield>
    </datafield>
    <datafield tag="040" ind1=" " ind2=" ">
      <subfield code="a">BMEOMIKK</subfield>
    </datafield>
    <datafield tag="041" ind1="0" ind2=" ">
      <subfield code="a">hun</subfield>
    </datafield>
    <datafield tag="044" ind1=" " ind2=" ">
      <subfield code="a">HU</subfield>
    </datafield>
    <datafield tag="100" ind1="1" ind2=" ">
      <subfield code="a">Szabó Szilárd</subfield>
    </datafield>
    <datafield tag="245" ind1="1" ind2="0">
      <subfield code="a">100+4 játékok és felhasználói programok, C16-PLUS/4 /</subfield>
      <subfield code="c">[irta Szabó Szilárd, Tóthné Máriássy Éva] ; [közr. az] LSI Alkalmazástechnikai Tanácsadó Szolgálat</subfield>
    </datafield>
    <datafield tag="260" ind1=" " ind2=" ">
      <subfield code="a">Budapest :</subfield>
      <subfield code="b">LSI ATSZ,</subfield>
      <subfield code="c">1988</subfield>
    </datafield>
    <datafield tag="300" ind1=" " ind2=" ">
      <subfield code="a">184 p. ;</subfield>
      <subfield code="c">24 cm</subfield>
    </datafield>
    <datafield tag="653" ind1=" " ind2=" ">
      <subfield code="a">COMMODORE PLUS/4 személyi számítógép</subfield>
    </datafield>
    <datafield tag="653" ind1=" " ind2=" ">
      <subfield code="a">Program</subfield>
    </datafield>
    <datafield tag="700" ind1="2" ind2="0">
      <subfield code="a">Tóthné Máriássy Éva</subfield>
    </datafield>
    <datafield tag="710" ind1="2" ind2=" ">
      <subfield code="a">LSI Alkalmazástechnikai Tanácsadó Szolgálat (Budapest)</subfield>
    </datafield>
    <datafield tag="852" ind1=" " ind2=" ">
      <subfield code="a">B11</subfield>
      <subfield code="b">B11</subfield>
      <subfield code="x">BMEOMIKK000339501</subfield>
    </datafield>
  </record>
  <record>
    <leader>00716nam  2200205 i 4500</leader>
    <controlfield tag="001">MOKKAN0004866915  </controlfield>
    <controlfield tag="005">20080312091112.0</controlfield>
    <controlfield tag="008">990828m19881989              000 0 hun d</controlfield>
    <datafield tag="020" ind1=" " ind2=" ">
      <subfield code="a">963-592-963-3</subfield>
    </datafield>
    <datafield tag="035" ind1=" " ind2=" ">
      <subfield code="a">BMEOMIKK000017794</subfield>
    </datafield>
    <datafield tag="040" ind1=" " ind2=" ">
      <subfield code="a">BMEOMIKK</subfield>
    </datafield>
    <datafield tag="041" ind1="0" ind2=" ">
      <subfield code="a">hun</subfield>
    </datafield>
    <datafield tag="245" ind1="0" ind2="0">
      <subfield code="a">100+4 : </subfield>
      <subfield code="b">Játékok és felhasználói programok : C16-Plus/4 /</subfield>
      <subfield code="c">[kiad. az] LSI Alkalmazástechnikai Tanácsadó Szolgálat</subfield>
    </datafield>
    <datafield tag="246" ind1="1" ind2="3">
      <subfield code="a">Játékok és felhasználói programok : C16-Plus/4</subfield>
    </datafield>
    <datafield tag="260" ind1=" " ind2=" ">
      <subfield code="a">Budapest :</subfield>
      <subfield code="b">LSI ATSZ,</subfield>
      <subfield code="c">1988-1989</subfield>
    </datafield>
    <datafield tag="300" ind1=" " ind2=" ">
      <subfield code="a">3 db ;</subfield>
      <subfield code="c">24 cm</subfield>
    </datafield>
    <datafield tag="700" ind1="1" ind2=" ">
      <subfield code="a">Kiss László</subfield>
    </datafield>
    <datafield tag="700" ind1="1" ind2=" ">
      <subfield code="a">Ollós László</subfield>
    </datafield>
    <datafield tag="710" ind1="2" ind2=" ">
      <subfield code="a">LSI Alkalmazástechnikai Tanácsadó Szolgálat (Budapest)</subfield>
    </datafield>
    <datafield tag="852" ind1=" " ind2=" ">
      <subfield code="a">B11</subfield>
      <subfield code="b">B11</subfield>
      <subfield code="x">BMEOMIKK000017794</subfield>
    </datafield>
  </record>
  <record>
    <leader>00686aam  2200193 ir4500</leader>
    <controlfield tag="001">MOKKAZ0006290035  </controlfield>
    <controlfield tag="005">20040915185351.0</controlfield>
    <controlfield tag="008">940510m19889999hu            000 0 hun d</controlfield>
    <datafield tag="020" ind1=" " ind2=" ">
      <subfield code="a">963-592-834-3</subfield>
    </datafield>
    <datafield tag="035" ind1=" " ind2=" ">
      <subfield code="a">711991</subfield>
    </datafield>
    <datafield tag="040" ind1=" " ind2=" ">
      <subfield code="a">OSZK</subfield>
    </datafield>
    <datafield tag="041" ind1="0" ind2=" ">
      <subfield code="a">hun</subfield>
    </datafield>
    <datafield tag="072" ind1=" " ind2="1">
      <subfield code="a">UZ</subfield>
    </datafield>
    <datafield tag="245" ind1="1" ind2="0">
      <subfield code="a">100+4 : </subfield>
      <subfield code="b">Játékok és felhasználói programok : C16-PLUS/4 /</subfield>
      <subfield code="c">[közread. az] LSI Alkalmazástechnikai Tanácsadó Szolgálat</subfield>
    </datafield>
    <datafield tag="260" ind1=" " ind2=" ">
      <subfield code="a">Budapest :</subfield>
      <subfield code="b">LSI ATSZ,</subfield>
      <subfield code="c">1988-</subfield>
    </datafield>
    <datafield tag="300" ind1=" " ind2=" ">
      <subfield code="a">23 cm</subfield>
    </datafield>
    <datafield tag="500" ind1=" " ind2=" ">
      <subfield code="a">Az 1. köt. kötetjelzés nélkül jelent meg, monografikus leírása: ISBN 963 592 698 7</subfield>
    </datafield>
    <datafield tag="710" ind1="2" ind2=" ">
      <subfield code="a">LSI Alkalmazástechnikai Tanácsadó Szolgálat (Budapest)</subfield>
      <subfield code="4">közread.</subfield>
    </datafield>
    <datafield tag="852" ind1=" " ind2=" ">
      <subfield code="a">B1</subfield>
      <subfield code="b">B1</subfield>
      <subfield code="x">711991</subfield>
    </datafield>
  </record>
  <record>
    <leader>00615aam  2200193 ir4500</leader>
    <controlfield tag="001">MOKKAZ0006290104  </controlfield>
    <controlfield tag="005">20040915185353.0</controlfield>
    <controlfield tag="008">940510m19899999hu            000 0 hun d</controlfield>
    <datafield tag="020" ind1=" " ind2=" ">
      <subfield code="a">963-592-996-X</subfield>
    </datafield>
    <datafield tag="035" ind1=" " ind2=" ">
      <subfield code="a">712350</subfield>
    </datafield>
    <datafield tag="040" ind1=" " ind2=" ">
      <subfield code="a">OSZK</subfield>
    </datafield>
    <datafield tag="041" ind1="0" ind2=" ">
      <subfield code="a">hun</subfield>
    </datafield>
    <datafield tag="072" ind1=" " ind2="1">
      <subfield code="a">ZU</subfield>
    </datafield>
    <datafield tag="245" ind1="1" ind2="0">
      <subfield code="a">100+4 : </subfield>
      <subfield code="b">Játékok és felhasználói programok : C16-PLUS/4 /</subfield>
      <subfield code="c">[közread. az] LSI Alkalmazástechnikai Tanácsadó Szolgálat</subfield>
    </datafield>
    <datafield tag="250" ind1=" " ind2=" ">
      <subfield code="a">[Utánny.]</subfield>
    </datafield>
    <datafield tag="260" ind1=" " ind2=" ">
      <subfield code="a">Budapest :</subfield>
      <subfield code="b">LSI ATSZ,</subfield>
      <subfield code="c">1988 [!1989]-</subfield>
    </datafield>
    <datafield tag="300" ind1=" " ind2=" ">
      <subfield code="a">24 cm</subfield>
    </datafield>
    <datafield tag="710" ind1="2" ind2=" ">
      <subfield code="a">LSI Alkalmazástechnikai Tanácsadó Szolgálat (Budapest)</subfield>
      <subfield code="4">közread.</subfield>
    </datafield>
    <datafield tag="852" ind1=" " ind2=" ">
      <subfield code="a">B1</subfield>
      <subfield code="b">B1</subfield>
      <subfield code="x">712350</subfield>
    </datafield>
  </record>
  <record>
    <leader>00785nam  2200241  r4500</leader>
    <controlfield tag="001">MOKKAS0002280113  </controlfield>
    <controlfield tag="005">20060527024543.0</controlfield>
    <controlfield tag="008">890804 1987    hu                  hun  </controlfield>
    <datafield tag="020" ind1=" " ind2=" ">
      <subfield code="a">963 592 963 3</subfield>
    </datafield>
    <datafield tag="035" ind1=" " ind2=" ">
      <subfield code="a">bibSOK00149936</subfield>
    </datafield>
    <datafield tag="040" ind1=" " ind2=" ">
      <subfield code="a">SK</subfield>
    </datafield>
    <datafield tag="100" ind1="1" ind2=" ">
      <subfield code="a">Ollós László</subfield>
    </datafield>
    <datafield tag="245" ind1="1" ind2="0">
      <subfield code="a">100 + 4 :</subfield>
      <subfield code="b">játékok és felhasználói programok : C16-PLUS/4 /</subfield>
      <subfield code="c">[közread. az] LSI Alkalmazástechnikai Tanácsadó Szolgálat</subfield>
    </datafield>
    <datafield tag="260" ind1=" " ind2=" ">
      <subfield code="a">Bp. :</subfield>
      <subfield code="b">LSI ATSZ,</subfield>
      <subfield code="c">1987-</subfield>
    </datafield>
    <datafield tag="300" ind1=" " ind2=" ">
      <subfield code="a">1- ;</subfield>
      <subfield code="c">24 cm</subfield>
    </datafield>
    <datafield tag="695" ind1=" " ind2=" ">
      <subfield code="a">Commodore 16</subfield>
      <subfield code="x">számítógép</subfield>
      <subfield code="x">játékok</subfield>
    </datafield>
    <datafield tag="695" ind1=" " ind2=" ">
      <subfield code="a">Számítógép</subfield>
      <subfield code="x">Commodore Plus 4</subfield>
      <subfield code="x">játékok</subfield>
    </datafield>
    <datafield tag="700" ind1="1" ind2=" ">
      <subfield code="a">Ollós László</subfield>
    </datafield>
    <datafield tag="700" ind1="1" ind2=" ">
      <subfield code="a">Kiss László</subfield>
    </datafield>
    <datafield tag="700" ind1="1" ind2=" ">
      <subfield code="a">Szabó Szilárd</subfield>
    </datafield>
    <datafield tag="700" ind1="1" ind2=" ">
      <subfield code="a">Gál József</subfield>
    </datafield>
    <datafield tag="700" ind1="2" ind2=" ">
      <subfield code="a">Tóthné Máriássy Éva</subfield>
    </datafield>
    <datafield tag="852" ind1=" " ind2=" ">
      <subfield code="a">SZ4</subfield>
      <subfield code="b">SZ4</subfield>
      <subfield code="x">bibSOK00149936</subfield>
    </datafield>
  </record>
  <record>
    <leader>00656nam  2200193 ir4500</leader>
    <controlfield tag="001">MOKKAS0001021044  </controlfield>
    <controlfield tag="005">20051215161830.0</controlfield>
    <controlfield tag="008">050903s1988    hu            00010 hun d</controlfield>
    <datafield tag="020" ind1=" " ind2=" ">
      <subfield code="a">963-592-996-X</subfield>
    </datafield>
    <datafield tag="035" ind1=" " ind2=" ">
      <subfield code="a">bibBKO00099838</subfield>
    </datafield>
    <datafield tag="040" ind1=" " ind2=" ">
      <subfield code="a">BMK</subfield>
    </datafield>
    <datafield tag="245" ind1="0" ind2="0">
      <subfield code="a">100+4 :</subfield>
      <subfield code="b">játékok és felhasználói programok : C16-PLUS/4 /</subfield>
      <subfield code="c">[közread. az] LSI Alkalmazástechnikai Tanácsadó Szolgálat</subfield>
    </datafield>
    <datafield tag="250" ind1=" " ind2=" ">
      <subfield code="a">[Utánny.]</subfield>
    </datafield>
    <datafield tag="260" ind1=" " ind2=" ">
      <subfield code="a">Budapest :</subfield>
      <subfield code="b">LSI ATSZ,</subfield>
      <subfield code="c">1988 [!1989]-</subfield>
    </datafield>
    <datafield tag="300" ind1=" " ind2=" ">
      <subfield code="c">24 cm</subfield>
    </datafield>
    <datafield tag="700" ind1="1" ind2=" ">
      <subfield code="a">Ollós László</subfield>
    </datafield>
    <datafield tag="700" ind1="1" ind2=" ">
      <subfield code="a">Kiss László</subfield>
    </datafield>
    <datafield tag="710" ind1="2" ind2=" ">
      <subfield code="a">LSI Alkalmazástechnikai Tanácsadó Szolgálat (Budapest)</subfield>
      <subfield code="4">közread.</subfield>
    </datafield>
    <datafield tag="852" ind1=" " ind2=" ">
      <subfield code="a">BCS1</subfield>
      <subfield code="b">BCS1</subfield>
      <subfield code="x">bibBKO00099838</subfield>
    </datafield>
  </record>
  <record>
    <leader>00364nam  2200145 i 4500</leader>
    <controlfield tag="001">MOKKAS0003241169  </controlfield>
    <controlfield tag="005">20060601140649.0</controlfield>
    <controlfield tag="008">050101s                                d</controlfield>
    <datafield tag="035" ind1=" " ind2=" ">
      <subfield code="a">136976</subfield>
    </datafield>
    <datafield tag="040" ind1=" " ind2=" ">
      <subfield code="a">KKMK</subfield>
    </datafield>
    <datafield tag="100" ind1="1" ind2=" ">
      <subfield code="a">Szabó Szilárd</subfield>
    </datafield>
    <datafield tag="245" ind1="1" ind2="0">
      <subfield code="a">100+4 /</subfield>
      <subfield code="c">Szabó Szilárd ; Gál József</subfield>
    </datafield>
    <datafield tag="300" ind1=" " ind2=" ">
      <subfield code="a">209 p. :</subfield>
      <subfield code="b">ill.</subfield>
    </datafield>
    <datafield tag="700" ind1="1" ind2="0">
      <subfield code="a">Gál József</subfield>
    </datafield>
    <datafield tag="852" ind1=" " ind2=" ">
      <subfield code="a">GY1</subfield>
      <subfield code="b">GY1</subfield>
      <subfield code="x">136976</subfield>
    </datafield>
  </record>
  <record>
    <leader>00900fam  2200241 i 4500</leader>
    <controlfield tag="001">MOKKAZ0006289973  </controlfield>
    <controlfield tag="005">20040915185349.0</controlfield>
    <controlfield tag="008">940510s1987    hu a          000 0 hun d</controlfield>
    <datafield tag="020" ind1=" " ind2=" ">
      <subfield code="a">963-592-698-7 (fűzött)</subfield>
    </datafield>
    <datafield tag="035" ind1=" " ind2=" ">
      <subfield code="a">711705</subfield>
    </datafield>
    <datafield tag="040" ind1=" " ind2=" ">
      <subfield code="a">OSZK</subfield>
    </datafield>
    <datafield tag="041" ind1="0" ind2=" ">
      <subfield code="a">hunhun</subfield>
    </datafield>
    <datafield tag="100" ind1="1" ind2=" ">
      <subfield code="a">Szabó Szilárd</subfield>
    </datafield>
    <datafield tag="245" ind1="1" ind2="0">
      <subfield code="a">100+4 : </subfield>
      <subfield code="b">Játékok és felhasználói programok : C16-PLUS 4 /</subfield>
      <subfield code="c">[írta Szabó Szilárd, Tóthné Máriássy Éva] ; [közread. az] LSI Alkalmazástechnikai Tanácsadó Szolgálat</subfield>
    </datafield>
    <datafield tag="260" ind1=" " ind2=" ">
      <subfield code="a">Budapest :</subfield>
      <subfield code="b">LSI ATSZ,</subfield>
      <subfield code="c">1987</subfield>
      <subfield code="e">([Budapest]</subfield>
      <subfield code="f">Karton GM)</subfield>
    </datafield>
    <datafield tag="300" ind1=" " ind2=" ">
      <subfield code="a">184 p. :</subfield>
      <subfield code="b">ill. ;</subfield>
      <subfield code="c">24 cm</subfield>
    </datafield>
    <datafield tag="650" ind1="0" ind2="4">
      <subfield code="a">számítógép-program</subfield>
      <subfield code="x">játékok</subfield>
    </datafield>
    <datafield tag="700" ind1="1" ind2="0">
      <subfield code="a">Tóthné Máriássy Éva</subfield>
    </datafield>
    <datafield tag="710" ind1="2" ind2=" ">
      <subfield code="a">LSI Alkalmazástechnikai Tanácsadó Szolgálat (Budapest)</subfield>
      <subfield code="4">közread.</subfield>
    </datafield>
    <datafield tag="852" ind1=" " ind2=" ">
      <subfield code="a">B1</subfield>
      <subfield code="b">B1</subfield>
      <subfield code="x">711705</subfield>
    </datafield>
    <datafield tag="852" ind1=" " ind2=" ">
      <subfield code="a">D1</subfield>
      <subfield code="b">D1</subfield>
      <subfield code="x">ISISFEF0008604</subfield>
    </datafield>
    <datafield tag="852" ind1=" " ind2=" ">
      <subfield code="a">P1</subfield>
      <subfield code="b">P1</subfield>
      <subfield code="x">963 592 698 7</subfield>
    </datafield>
    <datafield tag="852" ind1=" " ind2=" ">
      <subfield code="a">M1</subfield>
      <subfield code="b">M1</subfield>
      <subfield code="x">185417</subfield>
    </datafield>
  </record>
  <record>
    <leader>00674nam  2200193 i 4500</leader>
    <controlfield tag="001">MOKKAN0004868847  </controlfield>
    <controlfield tag="005">20080312135818.0</controlfield>
    <controlfield tag="008">990828s19881989              000 0 hun d</controlfield>
    <datafield tag="035" ind1=" " ind2=" ">
      <subfield code="a">BMEOMIKK000020273</subfield>
    </datafield>
    <datafield tag="040" ind1=" " ind2=" ">
      <subfield code="a">BMEOMIKK</subfield>
    </datafield>
    <datafield tag="041" ind1="0" ind2=" ">
      <subfield code="a">hun</subfield>
    </datafield>
    <datafield tag="245" ind1="0" ind2="0">
      <subfield code="a">100+4 : </subfield>
      <subfield code="b">Játékok és felhasználói programok : C16-Plus/4 /</subfield>
      <subfield code="c">[kiad. az] LSI Alkalmazástechnikai Tanácsadó Szolgálat</subfield>
    </datafield>
    <datafield tag="246" ind1="1" ind2="3">
      <subfield code="a">Játékok és felhasználói programok : C16-Plus/4</subfield>
    </datafield>
    <datafield tag="260" ind1=" " ind2=" ">
      <subfield code="c">1988-1989</subfield>
    </datafield>
    <datafield tag="300" ind1=" " ind2=" ">
      <subfield code="a">3 db ;</subfield>
      <subfield code="c">24 cm</subfield>
    </datafield>
    <datafield tag="700" ind1="1" ind2=" ">
      <subfield code="a">Szabó Szilárd</subfield>
    </datafield>
    <datafield tag="700" ind1="1" ind2=" ">
      <subfield code="a">Tóthné Máriássy Éva</subfield>
    </datafield>
    <datafield tag="710" ind1="2" ind2=" ">
      <subfield code="a">LSI Alkalmazástechnikai Tanácsadó Szolgálat (Budapest)</subfield>
    </datafield>
    <datafield tag="852" ind1=" " ind2=" ">
      <subfield code="a">B11</subfield>
      <subfield code="b">B11</subfield>
      <subfield code="x">BMEOMIKK000020273</subfield>
    </datafield>
  </record>
  <record>
    <leader>01631cam  22003131 r4500</leader>
    <controlfield tag="001">MOKKAZ0004155054  </controlfield>
    <controlfield tag="005">20040910044713.0</controlfield>
    <controlfield tag="008">      s1988                        und d</controlfield>
    <datafield tag="020" ind1=" " ind2=" ">
      <subfield code="a">963-592-834-3</subfield>
    </datafield>
    <datafield tag="035" ind1=" " ind2=" ">
      <subfield code="a">bibFSZ00000373</subfield>
    </datafield>
    <datafield tag="040" ind1=" " ind2=" ">
      <subfield code="a">FSZEK</subfield>
    </datafield>
    <datafield tag="100" ind1="1" ind2=" ">
      <subfield code="a">Szabó Szilárd</subfield>
    </datafield>
    <datafield tag="245" ind1="1" ind2="0">
      <subfield code="a">100+4 : </subfield>
      <subfield code="b">Játékok és felhasználói programok : C16-PLUS 4 /</subfield>
      <subfield code="c">[közread. az] LSI alkalmazástechnikai Tanácsadó Szolgálat</subfield>
    </datafield>
    <datafield tag="260" ind1=" " ind2=" ">
      <subfield code="a">Budapest :</subfield>
      <subfield code="b">LSI Alkalmazástechnikai Tanácsadó Szolgálat,</subfield>
      <subfield code="c">1988-</subfield>
    </datafield>
    <datafield tag="300" ind1=" " ind2=" ">
      <subfield code="c">23 cm</subfield>
    </datafield>
    <datafield tag="500" ind1=" " ind2=" ">
      <subfield code="a">Az 1. köt. kötetjelzés nélkül "Játékok és felhasználói programok : C16-PLUS 4" c. jelent meg</subfield>
    </datafield>
    <datafield tag="650" ind1=" " ind2="4">
      <subfield code="a">számitógépes játékok</subfield>
    </datafield>
    <datafield tag="650" ind1=" " ind2="4">
      <subfield code="a">számitógépes program</subfield>
    </datafield>
    <datafield tag="650" ind1=" " ind2="4">
      <subfield code="a">Commodore (személyi számítógép)</subfield>
    </datafield>
    <datafield tag="650" ind1=" " ind2="4">
      <subfield code="a">számítógépes játékok</subfield>
    </datafield>
    <datafield tag="650" ind1=" " ind2="4">
      <subfield code="a">számítógépes programok</subfield>
    </datafield>
    <datafield tag="680" ind1=" " ind2="0">
      <subfield code="a">számítástechnika</subfield>
      <subfield code="a">elektronikus adatfeldolgozás</subfield>
      <subfield code="a">elektronikus számítógép</subfield>
      <subfield code="x">Commodore 16.06</subfield>
      <subfield code="a">asztali játékok</subfield>
      <subfield code="a">ostáblajátékok</subfield>
      <subfield code="a">gondolkodási (fejtörő) játékok</subfield>
      <subfield code="a">ügyességi játékok</subfield>
      <subfield code="a">szerencsejátékok</subfield>
    </datafield>
    <datafield tag="680" ind1=" " ind2="0">
      <subfield code="a">számítástechnika</subfield>
      <subfield code="a">elektronikus adatfeldolgozás</subfield>
      <subfield code="a">elektronikus számítógép</subfield>
      <subfield code="x">PLUS/4.06</subfield>
      <subfield code="a">asztali játékok</subfield>
      <subfield code="a">ostáblajátékok</subfield>
      <subfield code="a">gondolkodási (fejtörő) játékok</subfield>
      <subfield code="a">ügyességi játékok</subfield>
      <subfield code="a">szerencsejátékok</subfield>
    </datafield>
    <datafield tag="700" ind1="1" ind2=" ">
      <subfield code="a">Gál József</subfield>
    </datafield>
    <datafield tag="710" ind1="2" ind2=" ">
      <subfield code="a">LSI Alkalmazástechnikai Tanácsadó Szolgálat (Budapest)</subfield>
      <subfield code="4">közread.</subfield>
    </datafield>
    <datafield tag="740" ind1=" " ind2=" ">
      <subfield code="a">Játékok és felhasználói programok : C16-PLUS 4</subfield>
    </datafield>
    <datafield tag="852" ind1=" " ind2=" ">
      <subfield code="a">B10</subfield>
      <subfield code="B">0101</subfield>
      <subfield code="B">0307</subfield>
      <subfield code="B">2301</subfield>
      <subfield code="B">0801</subfield>
      <subfield code="b">1401</subfield>
      <subfield code="x">bibFSZ00000373</subfield>
    </datafield>
    <datafield tag="852" ind1=" " ind2=" ">
      <subfield code="a">BCS1</subfield>
      <subfield code="b">BCS1</subfield>
      <subfield code="x">bibBKO00099257</subfield>
    </datafield>
    <datafield tag="852" ind1=" " ind2=" ">
      <subfield code="a">M2</subfield>
      <subfield code="b">M2</subfield>
      <subfield code="x">bibRFK00023564</subfield>
    </datafield>
  </record>
  <record>
    <leader>00545cam  2200169   4500</leader>
    <controlfield tag="001">MOKKAZ0003191847  </controlfield>
    <controlfield tag="005">20040909165046.0</controlfield>
    <controlfield tag="008">       1988                        hun  </controlfield>
    <datafield tag="020" ind1=" " ind2=" ">
      <subfield code="a">963 592 835 1</subfield>
    </datafield>
    <datafield tag="035" ind1=" " ind2=" ">
      <subfield code="a">ISISFEF0008605</subfield>
    </datafield>
    <datafield tag="040" ind1=" " ind2=" ">
      <subfield code="a">DEENK</subfield>
    </datafield>
    <datafield tag="100" ind1="1" ind2=" ">
      <subfield code="a">Szabó Szilárd</subfield>
    </datafield>
    <datafield tag="245" ind1="0" ind2="0">
      <subfield code="a">100+4  :</subfield>
      <subfield code="b">Játékok és felhasználói programok : C 16-PLUS/4 /</subfield>
      <subfield code="c">Szabó Szilárd, Gál József</subfield>
    </datafield>
    <datafield tag="260" ind1=" " ind2=" ">
      <subfield code="a">Budapest :</subfield>
      <subfield code="b">LSI Alkalmazástechnikai Tanácsadó Szolg.,</subfield>
      <subfield code="c">1988</subfield>
    </datafield>
    <datafield tag="300" ind1=" " ind2=" ">
      <subfield code="a">209 p. ;</subfield>
      <subfield code="c">24 cm</subfield>
    </datafield>
    <datafield tag="700" ind1="1" ind2=" ">
      <subfield code="a">Gál József</subfield>
    </datafield>
    <datafield tag="852" ind1=" " ind2=" ">
      <subfield code="a">D1</subfield>
      <subfield code="b">D1</subfield>
      <subfield code="x">ISISFEF0008605</subfield>
    </datafield>
  </record>
  <record>
    <leader>01124fam  2200313  r4500</leader>
    <controlfield tag="001">MOKKAZ0003193256  </controlfield>
    <controlfield tag="005">20040909165129.0</controlfield>
    <controlfield tag="008">       1988                        hun  </controlfield>
    <datafield tag="020" ind1=" " ind2=" ">
      <subfield code="a">963 592 996 X (össz.)</subfield>
    </datafield>
    <datafield tag="020" ind1=" " ind2=" ">
      <subfield code="a">963 592 998 6 (1.köt.)</subfield>
    </datafield>
    <datafield tag="020" ind1=" " ind2=" ">
      <subfield code="a">963 592 997 8 (2. köt.)</subfield>
    </datafield>
    <datafield tag="020" ind1=" " ind2=" ">
      <subfield code="a">963 592 962 5 (3. köt.)</subfield>
    </datafield>
    <datafield tag="035" ind1=" " ind2=" ">
      <subfield code="a">ISISFEF0009361</subfield>
    </datafield>
    <datafield tag="040" ind1=" " ind2=" ">
      <subfield code="a">DEENK</subfield>
    </datafield>
    <datafield tag="245" ind1="0" ind2="0">
      <subfield code="a">100+4 :</subfield>
      <subfield code="b">Játékok és felhasználói programok : C16-PLUS/4 /</subfield>
      <subfield code="c">közread. az] ISI Alkalmazástechnikai Tanácsadó Szolgálat</subfield>
    </datafield>
    <datafield tag="250" ind1=" " ind2=" ">
      <subfield code="a">[Utánny.]</subfield>
    </datafield>
    <datafield tag="260" ind1=" " ind2=" ">
      <subfield code="a">Budapest :</subfield>
      <subfield code="b">LSI ATSZ,</subfield>
      <subfield code="c">1988</subfield>
    </datafield>
    <datafield tag="650" ind1=" " ind2="4">
      <subfield code="a">Commodore (személyi számítógép)</subfield>
    </datafield>
    <datafield tag="650" ind1=" " ind2="4">
      <subfield code="a">játékok</subfield>
    </datafield>
    <datafield tag="695" ind1=" " ind2=" ">
      <subfield code="a">Játékprogram</subfield>
    </datafield>
    <datafield tag="700" ind1="1" ind2=" ">
      <subfield code="a">Szabó Szilárd</subfield>
    </datafield>
    <datafield tag="700" ind1=" " ind2=" ">
      <subfield code="a">Tóthné Máriássy Éva</subfield>
    </datafield>
    <datafield tag="700" ind1="1" ind2=" ">
      <subfield code="a">Gál József</subfield>
    </datafield>
    <datafield tag="700" ind1=" " ind2=" ">
      <subfield code="a">Ollós László</subfield>
    </datafield>
    <datafield tag="700" ind1="1" ind2=" ">
      <subfield code="a">Kiss László</subfield>
    </datafield>
    <datafield tag="710" ind1="2" ind2=" ">
      <subfield code="a">Országos Műszaki Információs Központ és Könyvtár (Budapest).</subfield>
      <subfield code="b">LSI Alkalmazástechnikai Tanácsadó Szolgálat</subfield>
    </datafield>
    <datafield tag="852" ind1=" " ind2=" ">
      <subfield code="a">D1</subfield>
      <subfield code="b">D1</subfield>
      <subfield code="x">ISISFEF0009361</subfield>
    </datafield>
    <datafield tag="852" ind1=" " ind2=" ">
      <subfield code="a">B10</subfield>
      <subfield code="B">0801</subfield>
      <subfield code="B">1401</subfield>
      <subfield code="B">1106</subfield>
      <subfield code="B">0101</subfield>
      <subfield code="B">1103</subfield>
      <subfield code="b">0305</subfield>
      <subfield code="x">bibFSZ00000587</subfield>
    </datafield>
    <datafield tag="852" ind1=" " ind2=" ">
      <subfield code="a">M2</subfield>
      <subfield code="b">M2</subfield>
      <subfield code="x">bibRFK00023568</subfield>
    </datafield>
  </record>
  <record>
    <leader>00675nam  2200205 i 4500</leader>
    <controlfield tag="001">MOKKAS0002428424  </controlfield>
    <controlfield tag="005">20060617112329.0</controlfield>
    <controlfield tag="008">001130s1988    hu a             10 hun d</controlfield>
    <datafield tag="035" ind1=" " ind2=" ">
      <subfield code="a">bibBBM132123</subfield>
    </datafield>
    <datafield tag="040" ind1=" " ind2=" ">
      <subfield code="a">BBMK</subfield>
    </datafield>
    <datafield tag="041" ind1="0" ind2=" ">
      <subfield code="a">hun</subfield>
    </datafield>
    <datafield tag="100" ind1="1" ind2=" ">
      <subfield code="a">Szabó Szilárd</subfield>
    </datafield>
    <datafield tag="245" ind1="1" ind2="0">
      <subfield code="a">100+4 :</subfield>
      <subfield code="b">Játékok és felhasználói programok C16-PLUS/4 /</subfield>
      <subfield code="c">[Szabó Szilárd, Tóthné Máriássy Éva]</subfield>
    </datafield>
    <datafield tag="260" ind1=" " ind2=" ">
      <subfield code="a">Bp. :</subfield>
      <subfield code="b">LSI Alkalmazástechnikai Tanácsadó Szolg.,</subfield>
      <subfield code="c">1988</subfield>
    </datafield>
    <datafield tag="300" ind1=" " ind2=" ">
      <subfield code="a">184 p. :</subfield>
      <subfield code="b">ill. ;</subfield>
      <subfield code="c">24 cm</subfield>
    </datafield>
    <datafield tag="650" ind1=" " ind2="4">
      <subfield code="a">Számítástechnika</subfield>
    </datafield>
    <datafield tag="650" ind1=" " ind2="4">
      <subfield code="a">Számítógépes program</subfield>
    </datafield>
    <datafield tag="650" ind1=" " ind2="4">
      <subfield code="a">Számítógépes játék</subfield>
    </datafield>
    <datafield tag="700" ind1="2" ind2=" ">
      <subfield code="a">Tóthné Máriássy Éva</subfield>
    </datafield>
    <datafield tag="852" ind1=" " ind2=" ">
      <subfield code="a">ST1</subfield>
      <subfield code="b">ST1</subfield>
      <subfield code="x">bibBBM132123</subfield>
    </datafield>
  </record>
  <record>
    <leader>01914nam  2200577 i 4500</leader>
    <controlfield tag="001">MOKKAZ0004087380  </controlfield>
    <controlfield tag="005">20100428153317.0</controlfield>
    <controlfield tag="008">010105s2000    hu a     b    000 0 hun d</controlfield>
    <datafield tag="020" ind1=" " ind2=" ">
      <subfield code="a">963-9123-84-6 (fűzött) :</subfield>
      <subfield code="c">3480,-Ft</subfield>
    </datafield>
    <datafield tag="035" ind1=" " ind2=" ">
      <subfield code="a">bibJPT00177871</subfield>
    </datafield>
    <datafield tag="040" ind1=" " ind2=" ">
      <subfield code="a">SZTE</subfield>
    </datafield>
    <datafield tag="041" ind1="1" ind2=" ">
      <subfield code="a">hun</subfield>
      <subfield code="h">ger</subfield>
    </datafield>
    <datafield tag="130" ind1="0" ind2="0">
      <subfield code="a">1005 Spiel- und Übungsformen im Volleyball</subfield>
      <subfield code="l">(magyar)</subfield>
    </datafield>
    <datafield tag="245" ind1="0" ind2="0">
      <subfield code="a">1005 röplabda játék és gyakorlat :</subfield>
      <subfield code="b">[kézikönyv tanároknak, edzőknek, versenyzőknek] ; [+ strandröplabda : + miniröplabda] /</subfield>
      <subfield code="c">írta szerzői kollektíva ; szerk. Edi és Martin Bachmann ; [ford. Major Mercedes]</subfield>
    </datafield>
    <datafield tag="260" ind1=" " ind2=" ">
      <subfield code="a">Budapest ;</subfield>
      <subfield code="a">Pécs :</subfield>
      <subfield code="b">Dialóg Campus,</subfield>
      <subfield code="c">2000</subfield>
    </datafield>
    <datafield tag="300" ind1=" " ind2=" ">
      <subfield code="a">344 p. :</subfield>
      <subfield code="b">ill. ;</subfield>
      <subfield code="c">15x21 cm</subfield>
    </datafield>
    <datafield tag="490" ind1="1" ind2=" ">
      <subfield code="a">(Dialóg Campus szakkönyvek ,</subfield>
      <subfield code="x">1417-7986)</subfield>
    </datafield>
    <datafield tag="490" ind1="1" ind2=" ">
      <subfield code="a">(Dialóg Campus sport ,</subfield>
      <subfield code="x">1586-0973)</subfield>
    </datafield>
    <datafield tag="504" ind1=" " ind2=" ">
      <subfield code="a">Bibliogr.: p. 345.</subfield>
    </datafield>
    <datafield tag="650" ind1=" " ind2="7">
      <subfield code="a">Röplabda</subfield>
      <subfield code="x">gyakorlatok</subfield>
      <subfield code="2">szte</subfield>
    </datafield>
    <datafield tag="650" ind1=" " ind2="4">
      <subfield code="a">Röplabda</subfield>
      <subfield code="x">Tanítás</subfield>
    </datafield>
    <datafield tag="650" ind1=" " ind2="4">
      <subfield code="a">röplabdázás</subfield>
    </datafield>
    <datafield tag="650" ind1=" " ind2="4">
      <subfield code="a">röplabda</subfield>
    </datafield>
    <datafield tag="650" ind1=" " ind2="4">
      <subfield code="a">edzés</subfield>
    </datafield>
    <datafield tag="650" ind1=" " ind2="4">
      <subfield code="a">sportoktatás</subfield>
    </datafield>
    <datafield tag="650" ind1=" " ind2="4">
      <subfield code="a">Labdajátékok</subfield>
    </datafield>
    <datafield tag="650" ind1=" " ind2="4">
      <subfield code="a">Strandröplabda</subfield>
    </datafield>
    <datafield tag="650" ind1=" " ind2="4">
      <subfield code="a">Miniröplabda</subfield>
    </datafield>
    <datafield tag="650" ind1=" " ind2="4">
      <subfield code="a">Játékok, mozgásos</subfield>
    </datafield>
    <datafield tag="650" ind1=" " ind2="4">
      <subfield code="a">Tanári kézikönyv</subfield>
    </datafield>
    <datafield tag="650" ind1=" " ind2="7">
      <subfield code="a">edzés</subfield>
      <subfield code="2">opkm</subfield>
    </datafield>
    <datafield tag="650" ind1=" " ind2="7">
      <subfield code="a">röplabda</subfield>
      <subfield code="2">opkm</subfield>
    </datafield>
    <datafield tag="650" ind1=" " ind2="7">
      <subfield code="a">testnevelés</subfield>
      <subfield code="2">opkm</subfield>
    </datafield>
    <datafield tag="650" ind1=" " ind2="7">
      <subfield code="a">sportoktatás</subfield>
      <subfield code="2">opkm</subfield>
    </datafield>
    <datafield tag="653" ind1=" " ind2=" ">
      <subfield code="a">labdajáték</subfield>
    </datafield>
    <datafield tag="653" ind1=" " ind2=" ">
      <subfield code="a">oktatási segédlet</subfield>
    </datafield>
    <datafield tag="653" ind1=" " ind2=" ">
      <subfield code="a">sport</subfield>
    </datafield>
    <datafield tag="700" ind1="1" ind2=" ">
      <subfield code="a">Bachmann, Edi</subfield>
    </datafield>
    <datafield tag="700" ind1="1" ind2=" ">
      <subfield code="a">Bachmann, Martin</subfield>
    </datafield>
    <datafield tag="700" ind1="1" ind2=" ">
      <subfield code="a">Major Mercedes</subfield>
    </datafield>
    <datafield tag="830" ind1=" " ind2="0">
      <subfield code="a">Dialóg Campus szakkönyvek</subfield>
    </datafield>
    <datafield tag="830" ind1=" " ind2="0">
      <subfield code="a">Dialóg Campus sport</subfield>
    </datafield>
    <datafield tag="852" ind1=" " ind2=" ">
      <subfield code="a">SZ1</subfield>
      <subfield code="b">SZ1</subfield>
      <subfield code="x">bibJPT00177871</subfield>
    </datafield>
    <datafield tag="852" ind1=" " ind2=" ">
      <subfield code="a">H1</subfield>
      <subfield code="b">H1</subfield>
      <subfield code="x">NLVK92345</subfield>
    </datafield>
    <datafield tag="852" ind1=" " ind2=" ">
      <subfield code="a">BCS1</subfield>
      <subfield code="b">BCS1</subfield>
      <subfield code="x">bibBKO00109436</subfield>
    </datafield>
    <datafield tag="852" ind1=" " ind2=" ">
      <subfield code="a">P1</subfield>
      <subfield code="b">P1</subfield>
      <subfield code="x">bibPOT53318</subfield>
    </datafield>
    <datafield tag="852" ind1=" " ind2=" ">
      <subfield code="a">SZO1</subfield>
      <subfield code="b">SZO1</subfield>
      <subfield code="x">150158871</subfield>
    </datafield>
    <datafield tag="852" ind1=" " ind2=" ">
      <subfield code="a">SZ4</subfield>
      <subfield code="b">SZ4</subfield>
      <subfield code="x">bibJPT00177871</subfield>
    </datafield>
    <datafield tag="852" ind1=" " ind2=" ">
      <subfield code="a">SZL1</subfield>
      <subfield code="b">SZL1</subfield>
      <subfield code="x">bibVFK00254961</subfield>
    </datafield>
    <datafield tag="852" ind1=" " ind2=" ">
      <subfield code="a">B7</subfield>
      <subfield code="b">B7</subfield>
      <subfield code="x">219616</subfield>
    </datafield>
    <datafield tag="852" ind1=" " ind2=" ">
      <subfield code="a">B9</subfield>
      <subfield code="b">B9</subfield>
      <subfield code="x">266535</subfield>
    </datafield>
  </record>
  <record>
    <leader>01439nam  2200409 i 4500</leader>
    <controlfield tag="001">MOKKAZ0006400313  </controlfield>
    <controlfield tag="005">20040915200616.0</controlfield>
    <controlfield tag="008">010105s2000    hu a     b    000 0 hun d</controlfield>
    <datafield tag="020" ind1=" " ind2=" ">
      <subfield code="a">963-9123-84-6 (fűzött)</subfield>
    </datafield>
    <datafield tag="035" ind1=" " ind2=" ">
      <subfield code="a">796691</subfield>
    </datafield>
    <datafield tag="040" ind1=" " ind2=" ">
      <subfield code="a">OSZK</subfield>
    </datafield>
    <datafield tag="041" ind1="1" ind2=" ">
      <subfield code="a">hunhun</subfield>
      <subfield code="h">ger</subfield>
    </datafield>
    <datafield tag="072" ind1=" " ind2="1">
      <subfield code="a">Z</subfield>
    </datafield>
    <datafield tag="130" ind1="0" ind2="0">
      <subfield code="a">1005 Spiel- und Übungsformen im Volleyball</subfield>
      <subfield code="l">magyar</subfield>
    </datafield>
    <datafield tag="245" ind1="0" ind2="0">
      <subfield code="a">1005 röplabda játék és gyakorlat : </subfield>
      <subfield code="b">[kézikönyv tanároknak, edzőknek, versenyzőknek] /</subfield>
      <subfield code="c">írta szerzői kollektíva ; szerk. Edi és Martin Bachmann ; [ford. Major Mercedes].</subfield>
    </datafield>
    <datafield tag="260" ind1=" " ind2=" ">
      <subfield code="a">Budapest</subfield>
      <subfield code="a">Pécs :</subfield>
      <subfield code="b">Dialóg Campus,</subfield>
      <subfield code="c">2000</subfield>
      <subfield code="e">(Pécs</subfield>
      <subfield code="f">G &amp; G Kft.)</subfield>
    </datafield>
    <datafield tag="300" ind1=" " ind2=" ">
      <subfield code="a">344 p. :</subfield>
      <subfield code="b">ill. ;</subfield>
      <subfield code="c">15x21 cm</subfield>
    </datafield>
    <datafield tag="490" ind1="1" ind2=" ">
      <subfield code="a">Dialóg Campus szakkönyvek</subfield>
      <subfield code="x">1417-7986</subfield>
    </datafield>
    <datafield tag="490" ind1="1" ind2=" ">
      <subfield code="a">Dialóg Campus sport</subfield>
      <subfield code="x">1586-0973</subfield>
    </datafield>
    <datafield tag="504" ind1=" " ind2=" ">
      <subfield code="a">Bibliogr.: p. [345].</subfield>
    </datafield>
    <datafield tag="650" ind1=" " ind2="4">
      <subfield code="a">Röplabda</subfield>
      <subfield code="x">kézikönyvek</subfield>
    </datafield>
    <datafield tag="650" ind1=" " ind2="0">
      <subfield code="a">Volleyball</subfield>
      <subfield code="x">Handbooks, manuals, etc.</subfield>
    </datafield>
    <datafield tag="695" ind1=" " ind2="4">
      <subfield code="a">Röplabda</subfield>
      <subfield code="x">kézikönyvek</subfield>
    </datafield>
    <datafield tag="695" ind1=" " ind2=" ">
      <subfield code="a">Röplabda</subfield>
    </datafield>
    <datafield tag="695" ind1=" " ind2=" ">
      <subfield code="a">Testnevelés</subfield>
    </datafield>
    <datafield tag="695" ind1=" " ind2=" ">
      <subfield code="a">Kézikönyv</subfield>
    </datafield>
    <datafield tag="700" ind1="1" ind2=" ">
      <subfield code="a">Major Mercedes</subfield>
      <subfield code="4">(ford.)</subfield>
    </datafield>
    <datafield tag="700" ind1="1" ind2=" ">
      <subfield code="a">Bachmann, Edi</subfield>
      <subfield code="4">(szerk.)</subfield>
    </datafield>
    <datafield tag="700" ind1="1" ind2=" ">
      <subfield code="a">Bachmann, Martin</subfield>
      <subfield code="4">(szerk.)</subfield>
    </datafield>
    <datafield tag="830" ind1=" " ind2="0">
      <subfield code="a">Dialóg Campus szakkönyvek</subfield>
    </datafield>
    <datafield tag="830" ind1=" " ind2="0">
      <subfield code="a">Dialóg Campus sport</subfield>
    </datafield>
    <datafield tag="852" ind1=" " ind2=" ">
      <subfield code="a">B1</subfield>
      <subfield code="b">B1</subfield>
      <subfield code="x">796691</subfield>
    </datafield>
    <datafield tag="852" ind1=" " ind2=" ">
      <subfield code="a">S1</subfield>
      <subfield code="b">S1</subfield>
      <subfield code="x">bibSEF47197</subfield>
    </datafield>
    <datafield tag="852" ind1=" " ind2=" ">
      <subfield code="a">P1</subfield>
      <subfield code="b">P1/FK</subfield>
      <subfield code="x">bibJPT00177871</subfield>
    </datafield>
    <datafield tag="852" ind1=" " ind2=" ">
      <subfield code="a">B1</subfield>
      <subfield code="b">B1</subfield>
      <subfield code="x">1047780</subfield>
    </datafield>
    <datafield tag="852" ind1=" " ind2=" ">
      <subfield code="a">D1</subfield>
      <subfield code="b">D1</subfield>
      <subfield code="x">bibJPT00177871</subfield>
    </datafield>
    <datafield tag="852" ind1=" " ind2=" ">
      <subfield code="a">B10</subfield>
      <subfield code="b">0801</subfield>
      <subfield code="x">bibFSZ43637</subfield>
    </datafield>
  </record>
  <record>
    <leader>00472nama 22001571i 4500</leader>
    <controlfield tag="001">MOKKAS0000608416  </controlfield>
    <controlfield tag="005">20060614163318.0</controlfield>
    <controlfield tag="008">041001s1959    ro            000 0 hunod</controlfield>
    <datafield tag="035" ind1=" " ind2=" ">
      <subfield code="a">1367240</subfield>
    </datafield>
    <datafield tag="040" ind1=" " ind2=" ">
      <subfield code="a">OSZK</subfield>
    </datafield>
    <datafield tag="041" ind1="0" ind2=" ">
      <subfield code="a">hunhun</subfield>
    </datafield>
    <datafield tag="100" ind1="1" ind2=" ">
      <subfield code="a">Szmuk Irén</subfield>
      <subfield code="c">(cédulakatalógus alapján)</subfield>
    </datafield>
    <datafield tag="245" ind1="1" ind2="0">
      <subfield code="a">1006 ételrecept egészségeseknek és betegeknek /</subfield>
      <subfield code="c">Szmuk Irén</subfield>
    </datafield>
    <datafield tag="260" ind1=" " ind2=" ">
      <subfield code="a">Bukarest :</subfield>
      <subfield code="b">Technikai Kiadó,</subfield>
      <subfield code="c">[1959]</subfield>
    </datafield>
    <datafield tag="300" ind1=" " ind2=" ">
      <subfield code="a">363 p. :</subfield>
      <subfield code="b">ill. ;</subfield>
      <subfield code="c">21 cm</subfield>
    </datafield>
    <datafield tag="852" ind1=" " ind2=" ">
      <subfield code="a">B1</subfield>
      <subfield code="b">B1</subfield>
      <subfield code="x">1367240</subfield>
    </datafield>
  </record>
  <record>
    <leader>00661nama 22002291i 4500</leader>
    <controlfield tag="001">MOKKAS0000610863  </controlfield>
    <controlfield tag="005">20070201120734.0</controlfield>
    <controlfield tag="008">041001s1960    ro            000 0 hunod</controlfield>
    <datafield tag="020" ind1=" " ind2=" ">
      <subfield code="a">0387905170</subfield>
    </datafield>
    <datafield tag="035" ind1=" " ind2=" ">
      <subfield code="a">1369688</subfield>
    </datafield>
    <datafield tag="040" ind1=" " ind2=" ">
      <subfield code="a">OSZK</subfield>
    </datafield>
    <datafield tag="041" ind1="0" ind2=" ">
      <subfield code="a">hunhun</subfield>
    </datafield>
    <datafield tag="100" ind1="1" ind2=" ">
      <subfield code="a">Szmuk Irén</subfield>
      <subfield code="c">(cédulakatalógus alapján)</subfield>
    </datafield>
    <datafield tag="245" ind1="1" ind2="0">
      <subfield code="a">1006 ételrecept egészségeseknek és betegeknek /</subfield>
      <subfield code="c">Szmuk Irén</subfield>
    </datafield>
    <datafield tag="250" ind1=" " ind2=" ">
      <subfield code="a">2. kiad.</subfield>
    </datafield>
    <datafield tag="260" ind1=" " ind2=" ">
      <subfield code="a">Bukarest :</subfield>
      <subfield code="b">Technikai Kiadó,</subfield>
      <subfield code="c">1960</subfield>
    </datafield>
    <datafield tag="300" ind1=" " ind2=" ">
      <subfield code="a">360 p. ;</subfield>
      <subfield code="c">20 cm</subfield>
    </datafield>
    <datafield tag="650" ind1=" " ind2="7">
      <subfield code="a">Algebrai számelmélet</subfield>
      <subfield code="2">szte</subfield>
    </datafield>
    <datafield tag="650" ind1=" " ind2="7">
      <subfield code="a">Algebrai test</subfield>
      <subfield code="2">szte</subfield>
    </datafield>
    <datafield tag="650" ind1=" " ind2="7">
      <subfield code="a">Modulus</subfield>
      <subfield code="2">szte</subfield>
    </datafield>
    <datafield tag="852" ind1=" " ind2=" ">
      <subfield code="a">B1</subfield>
      <subfield code="b">B1</subfield>
      <subfield code="x">1369688</subfield>
    </datafield>
    <datafield tag="852" ind1=" " ind2=" ">
      <subfield code="a">SZ1</subfield>
      <subfield code="b">SZ1/1</subfield>
      <subfield code="x">1369688</subfield>
    </datafield>
  </record>
  <record>
    <leader>00586nama 22001811i 4500</leader>
    <controlfield tag="001">MOKKAS0000614315  </controlfield>
    <controlfield tag="005">20060614170312.0</controlfield>
    <controlfield tag="008">041001s1962    ro            000 0 hunod</controlfield>
    <datafield tag="035" ind1=" " ind2=" ">
      <subfield code="a">1373141</subfield>
    </datafield>
    <datafield tag="040" ind1=" " ind2=" ">
      <subfield code="a">OSZK</subfield>
    </datafield>
    <datafield tag="041" ind1="0" ind2=" ">
      <subfield code="a">hunhun</subfield>
    </datafield>
    <datafield tag="100" ind1="1" ind2=" ">
      <subfield code="a">Szmuk Irén</subfield>
      <subfield code="c">(cédulakatalógus alapján)</subfield>
    </datafield>
    <datafield tag="245" ind1="1" ind2="0">
      <subfield code="a">1006 ételrecept egészségeseknek és betegeknek /</subfield>
      <subfield code="c">Szmuk Irén</subfield>
    </datafield>
    <datafield tag="250" ind1=" " ind2=" ">
      <subfield code="a">3. kiad.</subfield>
    </datafield>
    <datafield tag="260" ind1=" " ind2=" ">
      <subfield code="a">Bukarest :</subfield>
      <subfield code="b">Techn. Kiadó,</subfield>
      <subfield code="c">1962</subfield>
    </datafield>
    <datafield tag="300" ind1=" " ind2=" ">
      <subfield code="a">362 p. ;</subfield>
      <subfield code="c">21 cm</subfield>
    </datafield>
    <datafield tag="500" ind1=" " ind2=" ">
      <subfield code="a">A mű 4. kiadása 1235 ételrecept egészségeseknek és betegeknek címen jelent meg</subfield>
    </datafield>
    <datafield tag="852" ind1=" " ind2=" ">
      <subfield code="a">B1</subfield>
      <subfield code="b">B1</subfield>
      <subfield code="x">1373141</subfield>
    </datafield>
  </record>
  <record>
    <leader>01040nam  2200265 i 4500</leader>
    <controlfield tag="001">MOKKAS0003672970  </controlfield>
    <controlfield tag="005">20060614053632.0</controlfield>
    <controlfield tag="008">010625s2001    hu a     b    000 0 hun d</controlfield>
    <datafield tag="020" ind1=" " ind2=" ">
      <subfield code="a">963-9123-85-4 (fűzött)</subfield>
    </datafield>
    <datafield tag="035" ind1=" " ind2=" ">
      <subfield code="a">bibSEF53914</subfield>
    </datafield>
    <datafield tag="040" ind1=" " ind2=" ">
      <subfield code="a">NYME</subfield>
    </datafield>
    <datafield tag="041" ind1="1" ind2=" ">
      <subfield code="a">hun</subfield>
      <subfield code="h">ger</subfield>
    </datafield>
    <datafield tag="130" ind1="0" ind2=" ">
      <subfield code="a">1006 Spiel- und Übungsformen im Basketball</subfield>
      <subfield code="l">(magyar)</subfield>
    </datafield>
    <datafield tag="245" ind1="1" ind2="0">
      <subfield code="a">1006 játék- és gyakorlatforma a kosárlabdában :</subfield>
      <subfield code="b">[kézikönyv tanároknak, edzőknek, versenyzőknek] /</subfield>
      <subfield code="c">szerk. Peter Vary ; szerzői kollektíva Barbara Nüesch [et al.] ; [ford. Major Mercedes]</subfield>
    </datafield>
    <datafield tag="260" ind1=" " ind2=" ">
      <subfield code="a">Budapest ;</subfield>
      <subfield code="a">Pécs :</subfield>
      <subfield code="b">Dialóg Campus,</subfield>
      <subfield code="c">2001</subfield>
    </datafield>
    <datafield tag="300" ind1=" " ind2=" ">
      <subfield code="a">317, [2] p. :</subfield>
      <subfield code="b">ill. ;</subfield>
      <subfield code="c">15x21 cm</subfield>
    </datafield>
    <datafield tag="490" ind1="1" ind2=" ">
      <subfield code="a">(Dialóg Campus szakkönyvek,</subfield>
      <subfield code="x">1417-7986)</subfield>
    </datafield>
    <datafield tag="490" ind1="1" ind2=" ">
      <subfield code="a">(Dialóg Campus sport,</subfield>
      <subfield code="x">[1586-0973])</subfield>
    </datafield>
    <datafield tag="695" ind1=" " ind2=" ">
      <subfield code="a">Kosárlabda</subfield>
      <subfield code="x">tanulás és tanítás</subfield>
      <subfield code="x">kézikönyvek stb.</subfield>
    </datafield>
    <datafield tag="700" ind1="1" ind2=" ">
      <subfield code="a">Major Mercedes</subfield>
    </datafield>
    <datafield tag="700" ind1="1" ind2=" ">
      <subfield code="a">Nüesch, Barbara</subfield>
    </datafield>
    <datafield tag="700" ind1="1" ind2=" ">
      <subfield code="a">Vary, Peter</subfield>
    </datafield>
    <datafield tag="830" ind1=" " ind2="0">
      <subfield code="a">Dialóg Campus szakkönyvek</subfield>
    </datafield>
    <datafield tag="830" ind1=" " ind2="0">
      <subfield code="a">Dialóg Campus sport</subfield>
    </datafield>
    <datafield tag="852" ind1=" " ind2=" ">
      <subfield code="a">S1</subfield>
      <subfield code="b">S1</subfield>
      <subfield code="x">bibSEF53914</subfield>
    </datafield>
  </record>
  <record>
    <leader>01083nam  2200313 i 4500</leader>
    <controlfield tag="001">MOKKAZ0004966823  </controlfield>
    <controlfield tag="005">20091109221625.0</controlfield>
    <controlfield tag="008">010309s2001    hu a                hun d</controlfield>
    <datafield tag="020" ind1=" " ind2=" ">
      <subfield code="a">963-9123-85-4</subfield>
    </datafield>
    <datafield tag="035" ind1=" " ind2=" ">
      <subfield code="a">bibPOT70150</subfield>
    </datafield>
    <datafield tag="040" ind1=" " ind2=" ">
      <subfield code="a">PTE</subfield>
    </datafield>
    <datafield tag="041" ind1=" " ind2=" ">
      <subfield code="a">hun</subfield>
      <subfield code="h">ger</subfield>
    </datafield>
    <datafield tag="130" ind1="0" ind2=" ">
      <subfield code="a">1006 Spiel- und Übungsformen im Baskettball</subfield>
      <subfield code="l">(magyar)</subfield>
    </datafield>
    <datafield tag="245" ind1="1" ind2="0">
      <subfield code="a">1006 játék- és gyakorlatforma a kosárlabdában :</subfield>
      <subfield code="b">[kézikönyv tanároknak, edzőknek, versenyzőknek] /</subfield>
      <subfield code="c">szezői kollektíva Barbara Nüesch [et al.] ; szerk. Peter Vary</subfield>
    </datafield>
    <datafield tag="260" ind1=" " ind2=" ">
      <subfield code="a">Budapest ;Pécs :</subfield>
      <subfield code="b">Dialóg Campus,</subfield>
      <subfield code="c">2001</subfield>
    </datafield>
    <datafield tag="300" ind1=" " ind2=" ">
      <subfield code="a">317 p. :</subfield>
      <subfield code="b">ill. ;</subfield>
      <subfield code="c">15x21 cm</subfield>
    </datafield>
    <datafield tag="490" ind1="1" ind2=" ">
      <subfield code="a">(Dialóg Campus szakkönyvek,</subfield>
      <subfield code="x">1417-7986)</subfield>
    </datafield>
    <datafield tag="490" ind1="1" ind2=" ">
      <subfield code="a">Dialóg Campus sport,</subfield>
      <subfield code="x">1586-0973)</subfield>
    </datafield>
    <datafield tag="650" ind1=" " ind2="4">
      <subfield code="a">kosárlabda</subfield>
    </datafield>
    <datafield tag="650" ind1=" " ind2="7">
      <subfield code="a">edzés</subfield>
      <subfield code="2">opkm</subfield>
    </datafield>
    <datafield tag="650" ind1=" " ind2="7">
      <subfield code="a">kosárlabda</subfield>
      <subfield code="2">opkm</subfield>
    </datafield>
    <datafield tag="650" ind1=" " ind2="7">
      <subfield code="a">testnevelés</subfield>
      <subfield code="2">opkm</subfield>
    </datafield>
    <datafield tag="650" ind1=" " ind2="7">
      <subfield code="a">sportoktatás</subfield>
      <subfield code="2">opkm</subfield>
    </datafield>
    <datafield tag="700" ind1="1" ind2=" ">
      <subfield code="a">Nüesch, Barbara</subfield>
    </datafield>
    <datafield tag="700" ind1="1" ind2=" ">
      <subfield code="a">Vary, Peter</subfield>
    </datafield>
    <datafield tag="830" ind1=" " ind2="0">
      <subfield code="a">Dialóg Campus szakkönyvek</subfield>
    </datafield>
    <datafield tag="830" ind1=" " ind2="0">
      <subfield code="a">Dialóg Campus sport</subfield>
    </datafield>
    <datafield tag="852" ind1=" " ind2=" ">
      <subfield code="a">P1</subfield>
      <subfield code="b">P1</subfield>
      <subfield code="x">bibPOT70150</subfield>
    </datafield>
    <datafield tag="852" ind1=" " ind2=" ">
      <subfield code="a">B7</subfield>
      <subfield code="b">B7</subfield>
      <subfield code="x">219615</subfield>
    </datafield>
  </record>
  <record>
    <leader>02256nam  2200637 i 4500</leader>
    <controlfield tag="001">MOKKAZ0006407136  </controlfield>
    <controlfield tag="005">20101015140634.0</controlfield>
    <controlfield tag="008">010625s2001    hu a          000 0 hun d</controlfield>
    <datafield tag="020" ind1=" " ind2=" ">
      <subfield code="a">963-9123-85-4 (fűzött) :</subfield>
      <subfield code="c">3480,- Ft</subfield>
    </datafield>
    <datafield tag="035" ind1=" " ind2=" ">
      <subfield code="a">806344</subfield>
    </datafield>
    <datafield tag="040" ind1=" " ind2=" ">
      <subfield code="a">OSZK</subfield>
    </datafield>
    <datafield tag="041" ind1="1" ind2=" ">
      <subfield code="a">hunhun</subfield>
      <subfield code="h">ger</subfield>
    </datafield>
    <datafield tag="080" ind1=" " ind2=" ">
      <subfield code="a">372.879.6(072)</subfield>
    </datafield>
    <datafield tag="080" ind1=" " ind2=" ">
      <subfield code="a">796.323(072)</subfield>
    </datafield>
    <datafield tag="130" ind1="0" ind2="0">
      <subfield code="a">1006 Spiel- und Übungsformen im Basketball</subfield>
      <subfield code="l">magyar</subfield>
    </datafield>
    <datafield tag="245" ind1="0" ind2="0">
      <subfield code="a">1006 játék- és gyakorlatforma a kosárlabdában : </subfield>
      <subfield code="b">[kézikönyv tanároknak, edzőknek, versenyzőknek] /</subfield>
      <subfield code="c">szerk. Peter Vary ; szerzői kollektíva Barbara Nüesch [et al.] ; [ford. Major Mercedes]</subfield>
    </datafield>
    <datafield tag="246" ind1="1" ind2="3">
      <subfield code="a">1006 kosárlabda játék és gyakorlat (borító- és gerinccím)</subfield>
    </datafield>
    <datafield tag="260" ind1=" " ind2=" ">
      <subfield code="a">Budapest</subfield>
      <subfield code="a">Pécs :</subfield>
      <subfield code="b">Dialóg Campus,</subfield>
      <subfield code="c">2001</subfield>
      <subfield code="e">(Pécs</subfield>
      <subfield code="f">G &amp; G)</subfield>
    </datafield>
    <datafield tag="300" ind1=" " ind2=" ">
      <subfield code="a">317, [2] p. :</subfield>
      <subfield code="b">ill. ;</subfield>
      <subfield code="c">15x21 cm</subfield>
    </datafield>
    <datafield tag="490" ind1="1" ind2=" ">
      <subfield code="a">Dialóg Campus szakkönyvek</subfield>
      <subfield code="x">1417-7986</subfield>
    </datafield>
    <datafield tag="490" ind1="1" ind2=" ">
      <subfield code="a">Dialóg Campus sport</subfield>
      <subfield code="x">1586-0973</subfield>
    </datafield>
    <datafield tag="650" ind1=" " ind2="4">
      <subfield code="a">Kosárlabdázás</subfield>
    </datafield>
    <datafield tag="650" ind1=" " ind2="4">
      <subfield code="a">kosárlabda</subfield>
    </datafield>
    <datafield tag="650" ind1=" " ind2="4">
      <subfield code="a">edzés</subfield>
    </datafield>
    <datafield tag="650" ind1=" " ind2="4">
      <subfield code="a">sportoktatás</subfield>
    </datafield>
    <datafield tag="650" ind1=" " ind2="4">
      <subfield code="a">Bemelegítő játékok</subfield>
    </datafield>
    <datafield tag="650" ind1=" " ind2="4">
      <subfield code="a">Tanári kézikönyv</subfield>
    </datafield>
    <datafield tag="650" ind1=" " ind2="7">
      <subfield code="a">Kosárlabda</subfield>
      <subfield code="x">gyakorlatok</subfield>
      <subfield code="2">szte</subfield>
    </datafield>
    <datafield tag="650" ind1=" " ind2="4">
      <subfield code="a">Kosárlabda</subfield>
      <subfield code="x">tanulás és tanítás</subfield>
      <subfield code="x">kézikönyvek stb.</subfield>
    </datafield>
    <datafield tag="650" ind1=" " ind2="0">
      <subfield code="a">Bascketball</subfield>
      <subfield code="x">Study and teaching</subfield>
      <subfield code="x">Handbooks, manuals, etc.</subfield>
    </datafield>
    <datafield tag="650" ind1=" " ind2="7">
      <subfield code="a">Kosárlabda</subfield>
      <subfield code="x">gyakorlat</subfield>
      <subfield code="2">szte</subfield>
    </datafield>
    <datafield tag="653" ind1=" " ind2=" ">
      <subfield code="a">labdajáték</subfield>
    </datafield>
    <datafield tag="653" ind1=" " ind2=" ">
      <subfield code="a">oktatási segédlet</subfield>
    </datafield>
    <datafield tag="653" ind1=" " ind2=" ">
      <subfield code="a">sport</subfield>
    </datafield>
    <datafield tag="695" ind1=" " ind2=" ">
      <subfield code="a">Testnevelés</subfield>
    </datafield>
    <datafield tag="695" ind1=" " ind2=" ">
      <subfield code="a">Kézikönyv</subfield>
    </datafield>
    <datafield tag="695" ind1=" " ind2=" ">
      <subfield code="a">Kosárlabda</subfield>
    </datafield>
    <datafield tag="700" ind1="1" ind2=" ">
      <subfield code="a">Vary, Peter</subfield>
      <subfield code="4">(szerk.)</subfield>
    </datafield>
    <datafield tag="700" ind1="1" ind2=" ">
      <subfield code="a">Nüesch, Barbara</subfield>
      <subfield code="4">(közrem.)</subfield>
    </datafield>
    <datafield tag="700" ind1="1" ind2=" ">
      <subfield code="a">Major Mercedes</subfield>
      <subfield code="4">(közrem.)</subfield>
    </datafield>
    <datafield tag="830" ind1=" " ind2="0">
      <subfield code="a">Dialóg Campus szakkönyvek</subfield>
    </datafield>
    <datafield tag="830" ind1=" " ind2="0">
      <subfield code="a">Dialóg Campus sport</subfield>
    </datafield>
    <datafield tag="852" ind1=" " ind2=" ">
      <subfield code="a">B1</subfield>
      <subfield code="b">B1</subfield>
      <subfield code="x">806344</subfield>
    </datafield>
    <datafield tag="852" ind1=" " ind2=" ">
      <subfield code="a">H1</subfield>
      <subfield code="b">H1</subfield>
      <subfield code="x">NLVK92348</subfield>
    </datafield>
    <datafield tag="852" ind1=" " ind2=" ">
      <subfield code="a">GY1</subfield>
      <subfield code="b">GY1</subfield>
      <subfield code="x">530539</subfield>
    </datafield>
    <datafield tag="852" ind1=" " ind2=" ">
      <subfield code="a">BCS1</subfield>
      <subfield code="b">BCS1</subfield>
      <subfield code="x">bibBKO00109439</subfield>
    </datafield>
    <datafield tag="852" ind1=" " ind2=" ">
      <subfield code="a">SZO1</subfield>
      <subfield code="b">SZO1</subfield>
      <subfield code="x">150170800</subfield>
    </datafield>
    <datafield tag="852" ind1=" " ind2=" ">
      <subfield code="a">SZL1</subfield>
      <subfield code="b">SZL1</subfield>
      <subfield code="x">bibVFK00228322</subfield>
    </datafield>
    <datafield tag="852" ind1=" " ind2=" ">
      <subfield code="a">SZ4</subfield>
      <subfield code="b">SZ4</subfield>
      <subfield code="x">bibJPT00188469</subfield>
    </datafield>
    <datafield tag="852" ind1=" " ind2=" ">
      <subfield code="a">M2</subfield>
      <subfield code="b">M2</subfield>
      <subfield code="x">bibRFK00124625</subfield>
    </datafield>
    <datafield tag="852" ind1=" " ind2=" ">
      <subfield code="a">B1</subfield>
      <subfield code="b">B1</subfield>
      <subfield code="x">953437</subfield>
    </datafield>
    <datafield tag="852" ind1=" " ind2=" ">
      <subfield code="a">D1</subfield>
      <subfield code="b">D1</subfield>
      <subfield code="x">bibJPT00188469</subfield>
    </datafield>
    <datafield tag="852" ind1=" " ind2=" ">
      <subfield code="a">SZ1</subfield>
      <subfield code="b">SZ1</subfield>
      <subfield code="x">bibJPT00188469</subfield>
    </datafield>
    <datafield tag="852" ind1=" " ind2=" ">
      <subfield code="a">B10</subfield>
      <subfield code="b">0801</subfield>
      <subfield code="x">bibFSZ162292</subfield>
    </datafield>
    <datafield tag="852" ind1=" " ind2=" ">
      <subfield code="a">P1</subfield>
      <subfield code="b">P1/FK</subfield>
      <subfield code="b">P1/51</subfield>
      <subfield code="x">bibJPT00188469</subfield>
    </datafield>
    <datafield tag="852" ind1=" " ind2=" ">
      <subfield code="a">B9</subfield>
      <subfield code="b">B9</subfield>
      <subfield code="x">271099</subfield>
    </datafield>
  </record>
  <record>
    <leader>00652nam  2200217 i 4500</leader>
    <controlfield tag="001">MOKKAN0004571587  </controlfield>
    <controlfield tag="005">20070503005305.0</controlfield>
    <controlfield tag="008">020404s1982                        hun d</controlfield>
    <datafield tag="020" ind1=" " ind2=" ">
      <subfield code="a">963 01 4370 4</subfield>
    </datafield>
    <datafield tag="035" ind1=" " ind2=" ">
      <subfield code="a">150320466</subfield>
    </datafield>
    <datafield tag="040" ind1=" " ind2=" ">
      <subfield code="a">BDK</subfield>
    </datafield>
    <datafield tag="041" ind1="0" ind2=" ">
      <subfield code="a">hun</subfield>
    </datafield>
    <datafield tag="245" ind1="0" ind2="0">
      <subfield code="a">100, 75, 50 éve történt : </subfield>
      <subfield code="b">adatok a testnevelés és sport tárgyköréből /</subfield>
      <subfield code="c">szerk. Szerbák Elek, Adorján Gábor</subfield>
    </datafield>
    <datafield tag="260" ind1=" " ind2=" ">
      <subfield code="a">Budapest :</subfield>
      <subfield code="b">Testnev. és Sportmúz.,</subfield>
      <subfield code="c">1982</subfield>
    </datafield>
    <datafield tag="300" ind1=" " ind2=" ">
      <subfield code="a">137 p.</subfield>
    </datafield>
    <datafield tag="650" ind1=" " ind2="4">
      <subfield code="a">sport</subfield>
    </datafield>
    <datafield tag="650" ind1=" " ind2="4">
      <subfield code="a">testnevelés</subfield>
    </datafield>
    <datafield tag="650" ind1=" " ind2="4">
      <subfield code="a">történet</subfield>
    </datafield>
    <datafield tag="700" ind1="1" ind2=" ">
      <subfield code="a">Szerbák Elek</subfield>
      <subfield code="4">(szerk.)</subfield>
    </datafield>
    <datafield tag="700" ind1="1" ind2=" ">
      <subfield code="a">Adorján Gábor</subfield>
      <subfield code="4">(szerk.)</subfield>
    </datafield>
    <datafield tag="852" ind1=" " ind2=" ">
      <subfield code="a">SZO1</subfield>
      <subfield code="b">SZO1</subfield>
      <subfield code="x">150320466</subfield>
    </datafield>
  </record>
  <record>
    <leader>00990fam  2200241 ir4500</leader>
    <controlfield tag="001">MOKKAZ0006218334  </controlfield>
    <controlfield tag="005">20090621044530.0</controlfield>
    <controlfield tag="008">940509s1982    hu            000 0 hun d</controlfield>
    <datafield tag="020" ind1=" " ind2=" ">
      <subfield code="a">963-01-4370-4 (fűzött)</subfield>
    </datafield>
    <datafield tag="035" ind1=" " ind2=" ">
      <subfield code="a">786046</subfield>
    </datafield>
    <datafield tag="040" ind1=" " ind2=" ">
      <subfield code="a">OSZK</subfield>
    </datafield>
    <datafield tag="041" ind1="0" ind2=" ">
      <subfield code="a">hunhun</subfield>
    </datafield>
    <datafield tag="245" ind1="1" ind2="0">
      <subfield code="a">100, 75, 50 éve történt : </subfield>
      <subfield code="b">Adatok a testnevelés és sport tárgyköréből /</subfield>
      <subfield code="c">szerk. Szerbák Elek és Adorján Gábor</subfield>
    </datafield>
    <datafield tag="260" ind1=" " ind2=" ">
      <subfield code="a">Budapest :</subfield>
      <subfield code="b">Testnevelési és Sportmúz.,</subfield>
      <subfield code="c">1982</subfield>
      <subfield code="e">([Budapest]</subfield>
      <subfield code="f">Sportprop. Soksz.)</subfield>
    </datafield>
    <datafield tag="300" ind1=" " ind2=" ">
      <subfield code="a">137 p. ;</subfield>
      <subfield code="c">24 cm</subfield>
    </datafield>
    <datafield tag="490" ind1="1" ind2=" ">
      <subfield code="a">A Testnevelési és Sportmúzeum közleményei</subfield>
      <subfield code="x">0231-0899</subfield>
      <subfield code="v">1.</subfield>
    </datafield>
    <datafield tag="653" ind1=" " ind2=" ">
      <subfield code="a">adalékok magyar sport és testnevelés történetéhez</subfield>
    </datafield>
    <datafield tag="700" ind1="1" ind2=" ">
      <subfield code="a">Szerbák Elek</subfield>
      <subfield code="4">(szerk.)</subfield>
    </datafield>
    <datafield tag="700" ind1="1" ind2=" ">
      <subfield code="a">Adorján Gábor</subfield>
      <subfield code="4">(szerk.)</subfield>
    </datafield>
    <datafield tag="830" ind1=" " ind2="2">
      <subfield code="a">A Testnevelési és Sportmúzeum közleményei</subfield>
    </datafield>
    <datafield tag="852" ind1=" " ind2=" ">
      <subfield code="a">B1</subfield>
      <subfield code="b">B1</subfield>
      <subfield code="x">786046</subfield>
    </datafield>
    <datafield tag="852" ind1=" " ind2=" ">
      <subfield code="a">B10</subfield>
      <subfield code="b">1308</subfield>
      <subfield code="b">0801</subfield>
      <subfield code="b">0801B</subfield>
      <subfield code="b">1803</subfield>
      <subfield code="b">1901</subfield>
      <subfield code="b">0901</subfield>
      <subfield code="b">0802</subfield>
      <subfield code="b">0101</subfield>
      <subfield code="b">1201</subfield>
      <subfield code="b">1105</subfield>
      <subfield code="b">0801B</subfield>
      <subfield code="b">1105</subfield>
      <subfield code="x">bibFSZ00173775</subfield>
    </datafield>
    <datafield tag="852" ind1=" " ind2=" ">
      <subfield code="a">B8</subfield>
      <subfield code="b">B8</subfield>
      <subfield code="x">OGYK000198526</subfield>
    </datafield>
  </record>
  <record>
    <leader>00998nam  2200265 i 4500</leader>
    <controlfield tag="001">MOKKAS0001318471  </controlfield>
    <controlfield tag="005">20060112220709.0</controlfield>
    <controlfield tag="008">      s2003    hu            00010 hun d</controlfield>
    <datafield tag="020" ind1=" " ind2=" ">
      <subfield code="a">963-9310-93-X (fűzött) :</subfield>
      <subfield code="c">2436,- Ft</subfield>
    </datafield>
    <datafield tag="035" ind1=" " ind2=" ">
      <subfield code="a">bibRFK00146559</subfield>
    </datafield>
    <datafield tag="040" ind1=" " ind2=" ">
      <subfield code="a">RFMK</subfield>
    </datafield>
    <datafield tag="041" ind1=" " ind2=" ">
      <subfield code="a">hun</subfield>
    </datafield>
    <datafield tag="130" ind1="0" ind2="1">
      <subfield code="a">1008 Spiel- und Übungsformen im Gerätturnen (magyar)</subfield>
    </datafield>
    <datafield tag="245" ind1="0" ind2="0">
      <subfield code="a">1008 torna , játék és gyakorlat :</subfield>
      <subfield code="b">[kézikönyv tanároknak, edzőknek, versenyzőknek] /</subfield>
      <subfield code="c">Ursula Häberling-Spöhel (szerk.) ; Lisbeth Boltshauser [et al.] ; [ford. Major Mercedes]</subfield>
    </datafield>
    <datafield tag="260" ind1=" " ind2=" ">
      <subfield code="a">Budapest :</subfield>
      <subfield code="b">Dialóg Campus Kiadó,</subfield>
      <subfield code="c">2003</subfield>
    </datafield>
    <datafield tag="300" ind1=" " ind2=" ">
      <subfield code="a">271 p. :</subfield>
      <subfield code="b">ill. ;</subfield>
      <subfield code="c">15x21 cm</subfield>
    </datafield>
    <datafield tag="490" ind1="1" ind2=" ">
      <subfield code="a">(Dialóg Campus szakkönyvek,</subfield>
      <subfield code="x">1417-7986)</subfield>
    </datafield>
    <datafield tag="500" ind1=" " ind2=" ">
      <subfield code="a">rs</subfield>
    </datafield>
    <datafield tag="504" ind1=" " ind2=" ">
      <subfield code="a">Bibliogr.: 271. p.</subfield>
    </datafield>
    <datafield tag="650" ind1=" " ind2="4">
      <subfield code="a">tornaoktatás</subfield>
    </datafield>
    <datafield tag="700" ind1="2" ind2=" ">
      <subfield code="a">Häberling-Spöhel, Ursula</subfield>
      <subfield code="4">szerk.</subfield>
    </datafield>
    <datafield tag="700" ind1="1" ind2=" ">
      <subfield code="a">Boltshauser, Lisbeth</subfield>
      <subfield code="4">közrem.</subfield>
    </datafield>
    <datafield tag="700" ind1="1" ind2=" ">
      <subfield code="a">Major Mercedes</subfield>
      <subfield code="4">ford.</subfield>
    </datafield>
    <datafield tag="830" ind1=" " ind2="0">
      <subfield code="a">Dialóg Campus szakkönyvek</subfield>
    </datafield>
    <datafield tag="852" ind1=" " ind2=" ">
      <subfield code="a">M2</subfield>
      <subfield code="b">M2</subfield>
      <subfield code="x">bibRFK00146559</subfield>
    </datafield>
  </record>
  <record>
    <leader>01047nam  2200265 i 4500</leader>
    <controlfield tag="001">MOKKAS0001435872  </controlfield>
    <controlfield tag="005">20060113144240.0</controlfield>
    <controlfield tag="008">050903s2003    hu            00010 hun d</controlfield>
    <datafield tag="020" ind1=" " ind2=" ">
      <subfield code="a">963-9310-93-X (fűzött) :</subfield>
      <subfield code="c">3480,-Ft</subfield>
    </datafield>
    <datafield tag="035" ind1=" " ind2=" ">
      <subfield code="a">bibVFK00254958</subfield>
    </datafield>
    <datafield tag="040" ind1=" " ind2=" ">
      <subfield code="a">VFMK</subfield>
    </datafield>
    <datafield tag="130" ind1="0" ind2="1">
      <subfield code="a">1008 Spiel- und Übungsformen in Gerätturnen (magyar)</subfield>
    </datafield>
    <datafield tag="245" ind1="0" ind2="0">
      <subfield code="a">1008 torna játék és gyakorlat :</subfield>
      <subfield code="b">[Kézikönyv tanároknak, edzőknek, versenyzőknek] /</subfield>
      <subfield code="c">[szerzők] Lisbeth Boltshauser et al. ; [szerk. Ursula Häberling-Spöhel] ; [ford. Major Mercedes]</subfield>
    </datafield>
    <datafield tag="260" ind1=" " ind2=" ">
      <subfield code="a">Budapest ;</subfield>
      <subfield code="a">Pécs :</subfield>
      <subfield code="b">Dialóg Campus Kiadó,</subfield>
      <subfield code="c">2003</subfield>
    </datafield>
    <datafield tag="300" ind1=" " ind2=" ">
      <subfield code="a">271 p. :</subfield>
      <subfield code="b">ill. ;</subfield>
      <subfield code="c">15x21 cm</subfield>
    </datafield>
    <datafield tag="490" ind1="1" ind2=" ">
      <subfield code="a">(Dialóg Campus szakkönyvek. Sport,</subfield>
      <subfield code="x">1417-7986)</subfield>
    </datafield>
    <datafield tag="504" ind1=" " ind2=" ">
      <subfield code="a">Bibliogr.: p. 271.</subfield>
    </datafield>
    <datafield tag="650" ind1=" " ind2="4">
      <subfield code="a">Gimnasztika</subfield>
    </datafield>
    <datafield tag="650" ind1=" " ind2="4">
      <subfield code="a">Torna</subfield>
    </datafield>
    <datafield tag="650" ind1=" " ind2="4">
      <subfield code="a">Tanári kézikönyv</subfield>
    </datafield>
    <datafield tag="700" ind1="1" ind2=" ">
      <subfield code="a">Boltshauser, Lisbeth</subfield>
      <subfield code="4">közrem.</subfield>
    </datafield>
    <datafield tag="700" ind1="2" ind2=" ">
      <subfield code="a">Häberling-Spöhel Ursula</subfield>
      <subfield code="4">szerk.</subfield>
    </datafield>
    <datafield tag="700" ind1="1" ind2=" ">
      <subfield code="a">Major Mercedes</subfield>
      <subfield code="4">ford.</subfield>
    </datafield>
    <datafield tag="830" ind1=" " ind2="0">
      <subfield code="a">Dialóg Campus szakkönyvek. Sport</subfield>
    </datafield>
    <datafield tag="852" ind1=" " ind2=" ">
      <subfield code="a">SZL1</subfield>
      <subfield code="b">SZL1</subfield>
      <subfield code="x">bibVFK00254958</subfield>
    </datafield>
  </record>
  <record>
    <leader>02042fam  2200601 i 4500</leader>
    <controlfield tag="001">MOKKAZ0006461269  </controlfield>
    <controlfield tag="005">20091109214501.0</controlfield>
    <controlfield tag="008">030702s2003    hu a     b    000 0 hun d</controlfield>
    <datafield tag="020" ind1=" " ind2=" ">
      <subfield code="a">963-9310-93-X (fűzött)</subfield>
    </datafield>
    <datafield tag="035" ind1=" " ind2=" ">
      <subfield code="a">1030731</subfield>
    </datafield>
    <datafield tag="040" ind1=" " ind2=" ">
      <subfield code="a">OSZK</subfield>
    </datafield>
    <datafield tag="041" ind1="1" ind2=" ">
      <subfield code="a">hunhun</subfield>
      <subfield code="h">ger</subfield>
    </datafield>
    <datafield tag="130" ind1="0" ind2="0">
      <subfield code="a">1008 Spiel- und Übungsformen im Gerätturnen</subfield>
      <subfield code="l">magyar</subfield>
    </datafield>
    <datafield tag="245" ind1="0" ind2="0">
      <subfield code="a">1008 torna játék és gyakorlat : </subfield>
      <subfield code="b">[kézikönyv tanároknak, edzőknek, versenyzőknek] /</subfield>
      <subfield code="c">Ursula Häberling-Spöhel szerk. ; [írta] Lisbeth Boltshauser [et al.] ; [ford. Major Mercedes].</subfield>
    </datafield>
    <datafield tag="260" ind1=" " ind2=" ">
      <subfield code="a">Budapest</subfield>
      <subfield code="a">Pécs :</subfield>
      <subfield code="b">Dialóg Campus,</subfield>
      <subfield code="c">2003</subfield>
      <subfield code="e">(Pécs</subfield>
      <subfield code="f">Bornus)</subfield>
    </datafield>
    <datafield tag="300" ind1=" " ind2=" ">
      <subfield code="a">271 p. :</subfield>
      <subfield code="b">ill. ;</subfield>
      <subfield code="c">15x21 cm</subfield>
    </datafield>
    <datafield tag="490" ind1="1" ind2=" ">
      <subfield code="a">Dialóg Campus szakkönyvek</subfield>
      <subfield code="x">1417-7986</subfield>
    </datafield>
    <datafield tag="490" ind1="1" ind2=" ">
      <subfield code="a">Dialóg Campus sport</subfield>
      <subfield code="x">1586-0973</subfield>
    </datafield>
    <datafield tag="504" ind1=" " ind2=" ">
      <subfield code="a">Bibliogr.: p. 271.</subfield>
    </datafield>
    <datafield tag="650" ind1=" " ind2="4">
      <subfield code="a">Gimnasztika</subfield>
      <subfield code="x">tanulás és tanítás</subfield>
    </datafield>
    <datafield tag="650" ind1=" " ind2="0">
      <subfield code="a">Gymnastics</subfield>
      <subfield code="x">Study and teaching.</subfield>
    </datafield>
    <datafield tag="650" ind1=" " ind2="4">
      <subfield code="a">gimnasztika</subfield>
    </datafield>
    <datafield tag="650" ind1=" " ind2="4">
      <subfield code="a">torna</subfield>
    </datafield>
    <datafield tag="650" ind1=" " ind2="4">
      <subfield code="a">játék</subfield>
    </datafield>
    <datafield tag="650" ind1=" " ind2="4">
      <subfield code="a">képességfejlesztés</subfield>
    </datafield>
    <datafield tag="650" ind1=" " ind2="4">
      <subfield code="a">oktatási segédlet</subfield>
    </datafield>
    <datafield tag="650" ind1=" " ind2="7">
      <subfield code="a">Torna</subfield>
      <subfield code="x">gyakorlatok</subfield>
      <subfield code="2">szte</subfield>
    </datafield>
    <datafield tag="650" ind1=" " ind2="4">
      <subfield code="a">Gyermekek</subfield>
      <subfield code="x">Torna</subfield>
    </datafield>
    <datafield tag="650" ind1=" " ind2="4">
      <subfield code="a">Mozgás</subfield>
      <subfield code="x">Gyermekek</subfield>
    </datafield>
    <datafield tag="650" ind1=" " ind2="4">
      <subfield code="a">Testnevelés</subfield>
    </datafield>
    <datafield tag="650" ind1=" " ind2="4">
      <subfield code="a">Testnevelés</subfield>
      <subfield code="x">Tanítás</subfield>
    </datafield>
    <datafield tag="650" ind1=" " ind2="7">
      <subfield code="a">edzés</subfield>
      <subfield code="2">opkm</subfield>
    </datafield>
    <datafield tag="650" ind1=" " ind2="7">
      <subfield code="a">gimnasztika</subfield>
      <subfield code="2">opkm</subfield>
    </datafield>
    <datafield tag="650" ind1=" " ind2="7">
      <subfield code="a">torna</subfield>
      <subfield code="2">opkm</subfield>
    </datafield>
    <datafield tag="650" ind1=" " ind2="7">
      <subfield code="a">testnevelés</subfield>
      <subfield code="2">opkm</subfield>
    </datafield>
    <datafield tag="650" ind1=" " ind2="7">
      <subfield code="a">sportoktatás</subfield>
      <subfield code="2">opkm</subfield>
    </datafield>
    <datafield tag="695" ind1=" " ind2=" ">
      <subfield code="a">Gimnasztika</subfield>
      <subfield code="x">tanulás és tanítás</subfield>
    </datafield>
    <datafield tag="695" ind1=" " ind2=" ">
      <subfield code="a">Torna</subfield>
    </datafield>
    <datafield tag="700" ind1="2" ind2=" ">
      <subfield code="a">Häberling-Spöhel, Ursula</subfield>
      <subfield code="4">(szerk.)</subfield>
    </datafield>
    <datafield tag="700" ind1="1" ind2=" ">
      <subfield code="a">Boltshauser, Lisbeth</subfield>
      <subfield code="4">(közrem.)</subfield>
    </datafield>
    <datafield tag="700" ind1="1" ind2=" ">
      <subfield code="a">Major Mercedes</subfield>
      <subfield code="4">(ford.)</subfield>
    </datafield>
    <datafield tag="830" ind1=" " ind2="0">
      <subfield code="a">Dialóg Campus szakkönyvek</subfield>
    </datafield>
    <datafield tag="830" ind1=" " ind2="0">
      <subfield code="a">Dialóg Campus sport</subfield>
    </datafield>
    <datafield tag="852" ind1=" " ind2=" ">
      <subfield code="a">B1</subfield>
      <subfield code="b">B1</subfield>
      <subfield code="x">1030731</subfield>
    </datafield>
    <datafield tag="852" ind1=" " ind2=" ">
      <subfield code="a">D1</subfield>
      <subfield code="b">D1</subfield>
      <subfield code="x">bibJPT00226616</subfield>
    </datafield>
    <datafield tag="852" ind1=" " ind2=" ">
      <subfield code="a">B10</subfield>
      <subfield code="b">0801</subfield>
      <subfield code="x">bibFSZ885040</subfield>
    </datafield>
    <datafield tag="852" ind1=" " ind2=" ">
      <subfield code="a">P1</subfield>
      <subfield code="b">P1/FK</subfield>
      <subfield code="x">bibJPT00226616</subfield>
    </datafield>
    <datafield tag="852" ind1=" " ind2=" ">
      <subfield code="a">BCS1</subfield>
      <subfield code="b">BCS1</subfield>
      <subfield code="x">bibBKO00259377</subfield>
    </datafield>
    <datafield tag="852" ind1=" " ind2=" ">
      <subfield code="a">GY1</subfield>
      <subfield code="b">GY1</subfield>
      <subfield code="x">624706</subfield>
    </datafield>
    <datafield tag="852" ind1=" " ind2=" ">
      <subfield code="a">SZ4</subfield>
      <subfield code="b">SZ4</subfield>
      <subfield code="x">bibFSZ885040</subfield>
    </datafield>
    <datafield tag="852" ind1=" " ind2=" ">
      <subfield code="a">H1</subfield>
      <subfield code="b">H1</subfield>
      <subfield code="x">NLVK92352</subfield>
    </datafield>
    <datafield tag="852" ind1=" " ind2=" ">
      <subfield code="a">S1</subfield>
      <subfield code="b">S1</subfield>
      <subfield code="x">bibJPT00226616</subfield>
    </datafield>
    <datafield tag="852" ind1=" " ind2=" ">
      <subfield code="a">B7</subfield>
      <subfield code="b">B7</subfield>
      <subfield code="x">217517</subfield>
    </datafield>
  </record>
  <record>
    <leader>00971aam  2200397   4500</leader>
    <controlfield tag="001">MOKKAS0002465752  </controlfield>
    <controlfield tag="005">20060526101729.0</controlfield>
    <controlfield tag="008">951212                             hun  </controlfield>
    <datafield tag="035" ind1=" " ind2=" ">
      <subfield code="a">bibMIF00003211</subfield>
    </datafield>
    <datafield tag="040" ind1=" " ind2=" ">
      <subfield code="a">MOME</subfield>
    </datafield>
    <datafield tag="245" ind1="0" ind2="0">
      <subfield code="a">1.</subfield>
    </datafield>
    <datafield tag="300" ind1=" " ind2=" ">
      <subfield code="a">167 p.</subfield>
      <subfield code="b">ill.</subfield>
    </datafield>
    <datafield tag="500" ind1=" " ind2=" ">
      <subfield code="a">34 ábra és fotó</subfield>
    </datafield>
    <datafield tag="504" ind1=" " ind2=" ">
      <subfield code="a">Bibliogr. 159-164. p.</subfield>
    </datafield>
    <datafield tag="695" ind1=" " ind2=" ">
      <subfield code="a">faipar</subfield>
    </datafield>
    <datafield tag="695" ind1=" " ind2=" ">
      <subfield code="a">ergonómia</subfield>
    </datafield>
    <datafield tag="695" ind1=" " ind2=" ">
      <subfield code="a">erdészet</subfield>
    </datafield>
    <datafield tag="695" ind1=" " ind2=" ">
      <subfield code="a">ember</subfield>
    </datafield>
    <datafield tag="695" ind1=" " ind2=" ">
      <subfield code="a">gép és gépi berendezés</subfield>
    </datafield>
    <datafield tag="695" ind1=" " ind2=" ">
      <subfield code="a">környezet</subfield>
    </datafield>
    <datafield tag="695" ind1=" " ind2=" ">
      <subfield code="a">munkafiziológia</subfield>
    </datafield>
    <datafield tag="695" ind1=" " ind2=" ">
      <subfield code="a">munkaszervezés</subfield>
    </datafield>
    <datafield tag="695" ind1=" " ind2=" ">
      <subfield code="a">üzemszervezés</subfield>
    </datafield>
    <datafield tag="695" ind1=" " ind2=" ">
      <subfield code="a">pihenés</subfield>
    </datafield>
    <datafield tag="695" ind1=" " ind2=" ">
      <subfield code="a">stressz</subfield>
    </datafield>
    <datafield tag="695" ind1=" " ind2=" ">
      <subfield code="a">munkavédelem</subfield>
    </datafield>
    <datafield tag="695" ind1=" " ind2=" ">
      <subfield code="a">faipar</subfield>
    </datafield>
    <datafield tag="695" ind1=" " ind2=" ">
      <subfield code="a">munkahely</subfield>
    </datafield>
    <datafield tag="695" ind1=" " ind2=" ">
      <subfield code="a">technológia</subfield>
    </datafield>
    <datafield tag="695" ind1=" " ind2=" ">
      <subfield code="a">Magyarország</subfield>
    </datafield>
    <datafield tag="695" ind1=" " ind2=" ">
      <subfield code="a">tankönyv</subfield>
    </datafield>
    <datafield tag="695" ind1=" " ind2=" ">
      <subfield code="a">fizikai munkahely</subfield>
    </datafield>
    <datafield tag="695" ind1=" " ind2=" ">
      <subfield code="a">energiaveszteség[ember]</subfield>
    </datafield>
    <datafield tag="695" ind1=" " ind2=" ">
      <subfield code="a">zajártalom</subfield>
    </datafield>
    <datafield tag="695" ind1=" " ind2=" ">
      <subfield code="a">vibrációártalom</subfield>
    </datafield>
    <datafield tag="852" ind1=" " ind2=" ">
      <subfield code="a">B646</subfield>
      <subfield code="b">B646</subfield>
      <subfield code="x">bibMIF00003211</subfield>
    </datafield>
  </record>
  <record>
    <leader>01343nam  2200361 i 4500</leader>
    <controlfield tag="001">MOKKAS0001435876  </controlfield>
    <controlfield tag="005">20091109221626.0</controlfield>
    <controlfield tag="008">050903s2001    hu            00010 hun d</controlfield>
    <datafield tag="020" ind1=" " ind2=" ">
      <subfield code="a">963-9123-83-8 (fűzött) :</subfield>
      <subfield code="c">3480,-Ft</subfield>
    </datafield>
    <datafield tag="035" ind1=" " ind2=" ">
      <subfield code="a">bibVFK00254962</subfield>
    </datafield>
    <datafield tag="040" ind1=" " ind2=" ">
      <subfield code="a">VFMK</subfield>
    </datafield>
    <datafield tag="130" ind1="0" ind2="1">
      <subfield code="a">1009 Spiel- und Übungsformen im Fussball (magyar)</subfield>
    </datafield>
    <datafield tag="245" ind1="0" ind2="0">
      <subfield code="a">1009 játék- és gyakorlatforma a labdarúgásban :</subfield>
      <subfield code="b">[Kézikönyv tanároknak, edzőknek, pályaedzőknek, versenyzőknek] /</subfield>
      <subfield code="c">[szerzők] Werner Birchmeier [et al.] ; [szerk.] Bernhard Bruggmann ; [ford. Major Mercedes]</subfield>
    </datafield>
    <datafield tag="260" ind1=" " ind2=" ">
      <subfield code="a">Budapest ;</subfield>
      <subfield code="a">Pécs :</subfield>
      <subfield code="b">Dialóg Campus Kiadó,</subfield>
      <subfield code="c">2001</subfield>
    </datafield>
    <datafield tag="300" ind1=" " ind2=" ">
      <subfield code="a">243, [3] p. :</subfield>
      <subfield code="b">ill. ;</subfield>
      <subfield code="c">15x21 cm</subfield>
    </datafield>
    <datafield tag="490" ind1="1" ind2=" ">
      <subfield code="a">(Dialóg Campus szakkönyvek. Sport,</subfield>
      <subfield code="x">1417-7986)</subfield>
    </datafield>
    <datafield tag="504" ind1=" " ind2=" ">
      <subfield code="a">Bibliogr.: p. [246].</subfield>
    </datafield>
    <datafield tag="650" ind1=" " ind2="4">
      <subfield code="a">Labdarúgás</subfield>
    </datafield>
    <datafield tag="650" ind1=" " ind2="4">
      <subfield code="a">Játékok, mozgásos</subfield>
    </datafield>
    <datafield tag="650" ind1=" " ind2="4">
      <subfield code="a">Tanári kézikönyv</subfield>
    </datafield>
    <datafield tag="650" ind1=" " ind2="4">
      <subfield code="a">edzés</subfield>
    </datafield>
    <datafield tag="650" ind1=" " ind2="4">
      <subfield code="a">sportoktatás</subfield>
    </datafield>
    <datafield tag="650" ind1=" " ind2="7">
      <subfield code="a">edzés</subfield>
      <subfield code="2">opkm</subfield>
    </datafield>
    <datafield tag="650" ind1=" " ind2="7">
      <subfield code="a">labdarúgás</subfield>
      <subfield code="2">opkm</subfield>
    </datafield>
    <datafield tag="650" ind1=" " ind2="7">
      <subfield code="a">testnevelés</subfield>
      <subfield code="2">opkm</subfield>
    </datafield>
    <datafield tag="650" ind1=" " ind2="7">
      <subfield code="a">sportoktatás</subfield>
      <subfield code="2">opkm</subfield>
    </datafield>
    <datafield tag="700" ind1="1" ind2=" ">
      <subfield code="a">Birchmeier, Werner</subfield>
      <subfield code="4">közrem.</subfield>
    </datafield>
    <datafield tag="700" ind1="1" ind2=" ">
      <subfield code="a">Bruggmann, Bernhard</subfield>
      <subfield code="4">szerk.</subfield>
    </datafield>
    <datafield tag="700" ind1="1" ind2=" ">
      <subfield code="a">Major Mercedes</subfield>
      <subfield code="4">ford.</subfield>
    </datafield>
    <datafield tag="830" ind1=" " ind2="0">
      <subfield code="a">Dialóg Campus szakkönyvek. Sport</subfield>
    </datafield>
    <datafield tag="852" ind1=" " ind2=" ">
      <subfield code="a">SZL1</subfield>
      <subfield code="b">SZL1</subfield>
      <subfield code="x">bibVFK00254962</subfield>
    </datafield>
    <datafield tag="852" ind1=" " ind2=" ">
      <subfield code="a">SZO1</subfield>
      <subfield code="b">SZO1</subfield>
      <subfield code="x">150165833</subfield>
    </datafield>
    <datafield tag="852" ind1=" " ind2=" ">
      <subfield code="a">B7</subfield>
      <subfield code="b">B7</subfield>
      <subfield code="x">219617</subfield>
    </datafield>
  </record>
  <record>
    <leader>02167nam  2200613 i 4500</leader>
    <controlfield tag="001">MOKKAZ0006403901  </controlfield>
    <controlfield tag="005">20100121201351.0</controlfield>
    <controlfield tag="008">010402s2001    hu a     b    000 0 hun d</controlfield>
    <datafield tag="020" ind1=" " ind2=" ">
      <subfield code="a">963-9123-83-8 (fűzött) :</subfield>
      <subfield code="c">3480,- Ft</subfield>
    </datafield>
    <datafield tag="035" ind1=" " ind2=" ">
      <subfield code="a">801968</subfield>
    </datafield>
    <datafield tag="040" ind1=" " ind2=" ">
      <subfield code="a">OSZK</subfield>
    </datafield>
    <datafield tag="041" ind1="1" ind2=" ">
      <subfield code="a">hunhun</subfield>
      <subfield code="h">ger</subfield>
    </datafield>
    <datafield tag="080" ind1=" " ind2=" ">
      <subfield code="a">372.879.6(072)(035)</subfield>
    </datafield>
    <datafield tag="080" ind1=" " ind2=" ">
      <subfield code="a">796.332(035)</subfield>
    </datafield>
    <datafield tag="130" ind1="0" ind2="0">
      <subfield code="a">1009 Spiel- und Übungsformen im Fussball</subfield>
      <subfield code="l">magyar</subfield>
    </datafield>
    <datafield tag="245" ind1="0" ind2="0">
      <subfield code="a">1009 játék- és gyakorlatforma a labdarúgásban : </subfield>
      <subfield code="b">[kézikönyv tanároknak, edzőknek, pályaedzőknek, versenyzőknek] /</subfield>
      <subfield code="c">Werner Birchmeier [et al.] ; Bernhard Bruggmann Red. ; [ford. Major Mercedes].</subfield>
    </datafield>
    <datafield tag="246" ind1="1" ind2="4">
      <subfield code="a">1009 labdarúgás játék és gyakorlat</subfield>
    </datafield>
    <datafield tag="260" ind1=" " ind2=" ">
      <subfield code="a">Budapest</subfield>
      <subfield code="a">Pécs :</subfield>
      <subfield code="b">Dialóg Campus,</subfield>
      <subfield code="c">2001</subfield>
      <subfield code="e">(Pécs</subfield>
      <subfield code="f">G&amp;G Kft.)</subfield>
    </datafield>
    <datafield tag="300" ind1=" " ind2=" ">
      <subfield code="a">243, [3] p. :</subfield>
      <subfield code="b">ill. ;</subfield>
      <subfield code="c">15x21 cm</subfield>
    </datafield>
    <datafield tag="490" ind1="1" ind2=" ">
      <subfield code="a">Dialóg Campus szakkönyvek</subfield>
      <subfield code="x">1417-7986</subfield>
    </datafield>
    <datafield tag="490" ind1="1" ind2=" ">
      <subfield code="a">Dialóg Campus sport</subfield>
      <subfield code="x">1586-0973</subfield>
    </datafield>
    <datafield tag="504" ind1=" " ind2=" ">
      <subfield code="a">Bibliogr.: p. [246].</subfield>
    </datafield>
    <datafield tag="650" ind1=" " ind2="4">
      <subfield code="a">labdarúgás</subfield>
    </datafield>
    <datafield tag="650" ind1=" " ind2="4">
      <subfield code="a">gyakorlatok</subfield>
    </datafield>
    <datafield tag="650" ind1=" " ind2="7">
      <subfield code="a">Labdarúgás</subfield>
      <subfield code="x">gyakorlatok</subfield>
      <subfield code="2">szte</subfield>
    </datafield>
    <datafield tag="650" ind1=" " ind2="4">
      <subfield code="a">Labdarúgás</subfield>
      <subfield code="x">kézikönyvek stb.</subfield>
    </datafield>
    <datafield tag="650" ind1=" " ind2="0">
      <subfield code="a">Football</subfield>
      <subfield code="x">Handbooks, manuals, etc.</subfield>
    </datafield>
    <datafield tag="650" ind1=" " ind2="7">
      <subfield code="a">Labdarúgás</subfield>
      <subfield code="x">edzés</subfield>
      <subfield code="2">szte</subfield>
    </datafield>
    <datafield tag="650" ind1=" " ind2="7">
      <subfield code="a">Labdarúgás</subfield>
      <subfield code="x">kézikönyvek stb.</subfield>
      <subfield code="2">lcsh//hun</subfield>
    </datafield>
    <datafield tag="650" ind1=" " ind2="4">
      <subfield code="a">torna</subfield>
    </datafield>
    <datafield tag="650" ind1=" " ind2="4">
      <subfield code="a">játék</subfield>
    </datafield>
    <datafield tag="650" ind1=" " ind2="4">
      <subfield code="a">edzés</subfield>
    </datafield>
    <datafield tag="695" ind1=" " ind2=" ">
      <subfield code="a">Labdarúgás</subfield>
    </datafield>
    <datafield tag="695" ind1=" " ind2=" ">
      <subfield code="a">Testnevelés</subfield>
    </datafield>
    <datafield tag="695" ind1=" " ind2=" ">
      <subfield code="a">Tanári kézikönyv</subfield>
    </datafield>
    <datafield tag="695" ind1=" " ind2=" ">
      <subfield code="a">Labdarúgás</subfield>
      <subfield code="x">kézikönyvek stb.</subfield>
    </datafield>
    <datafield tag="700" ind1="1" ind2=" ">
      <subfield code="a">Bruggmann, Bernhard</subfield>
      <subfield code="4">(szerk.)</subfield>
    </datafield>
    <datafield tag="700" ind1="1" ind2=" ">
      <subfield code="a">Birchmeier, Werner</subfield>
      <subfield code="4">(közrem.)</subfield>
    </datafield>
    <datafield tag="700" ind1="1" ind2=" ">
      <subfield code="a">Major Mercedes</subfield>
      <subfield code="4">(ford.)</subfield>
    </datafield>
    <datafield tag="830" ind1=" " ind2="0">
      <subfield code="a">Dialóg Campus szakkönyvek</subfield>
    </datafield>
    <datafield tag="830" ind1=" " ind2="0">
      <subfield code="a">Dialóg Campus sport</subfield>
    </datafield>
    <datafield tag="852" ind1=" " ind2=" ">
      <subfield code="a">B1</subfield>
      <subfield code="b">B1</subfield>
      <subfield code="x">801968</subfield>
    </datafield>
    <datafield tag="852" ind1=" " ind2=" ">
      <subfield code="a">GY1</subfield>
      <subfield code="b">GY1</subfield>
      <subfield code="x">519538</subfield>
    </datafield>
    <datafield tag="852" ind1=" " ind2=" ">
      <subfield code="a">BCS1</subfield>
      <subfield code="b">BCS1</subfield>
      <subfield code="x">bibBKO00248862</subfield>
    </datafield>
    <datafield tag="852" ind1=" " ind2=" ">
      <subfield code="a">P1</subfield>
      <subfield code="b">P1/FK</subfield>
      <subfield code="x">bibJPT00179467</subfield>
    </datafield>
    <datafield tag="852" ind1=" " ind2=" ">
      <subfield code="a">S1</subfield>
      <subfield code="b">S1</subfield>
      <subfield code="x">bibSEF47132</subfield>
    </datafield>
    <datafield tag="852" ind1=" " ind2=" ">
      <subfield code="a">M2</subfield>
      <subfield code="b">M2</subfield>
      <subfield code="x">bibRFK00122890</subfield>
    </datafield>
    <datafield tag="852" ind1=" " ind2=" ">
      <subfield code="a">SZ4</subfield>
      <subfield code="b">SZ4</subfield>
      <subfield code="x">bibJGY00093051</subfield>
    </datafield>
    <datafield tag="852" ind1=" " ind2=" ">
      <subfield code="a">B1</subfield>
      <subfield code="b">B1</subfield>
      <subfield code="x">950690</subfield>
    </datafield>
    <datafield tag="852" ind1=" " ind2=" ">
      <subfield code="a">D1</subfield>
      <subfield code="b">D1</subfield>
      <subfield code="b">HBO8</subfield>
      <subfield code="x">bibJGY00093051</subfield>
    </datafield>
    <datafield tag="852" ind1=" " ind2=" ">
      <subfield code="a">SZ1</subfield>
      <subfield code="b">SZ1</subfield>
      <subfield code="x">bibFSZ103906</subfield>
    </datafield>
    <datafield tag="852" ind1=" " ind2=" ">
      <subfield code="a">B10</subfield>
      <subfield code="b">0801</subfield>
      <subfield code="x">bibFSZ103906</subfield>
    </datafield>
    <datafield tag="852" ind1=" " ind2=" ">
      <subfield code="a">P1</subfield>
      <subfield code="b">P1</subfield>
      <subfield code="x">000000801968</subfield>
    </datafield>
    <datafield tag="852" ind1=" " ind2=" ">
      <subfield code="a">GY1</subfield>
      <subfield code="b">GY1</subfield>
      <subfield code="x">KKMK519538</subfield>
    </datafield>
  </record>
  <record>
    <leader>00654nama 22001811i 4500</leader>
    <controlfield tag="001">MOKKAS0000478169  </controlfield>
    <controlfield tag="005">20060117181954.0</controlfield>
    <controlfield tag="008">040630s1959    hu            000 0 hunod</controlfield>
    <datafield tag="035" ind1=" " ind2=" ">
      <subfield code="a">1236944</subfield>
    </datafield>
    <datafield tag="040" ind1=" " ind2=" ">
      <subfield code="a">OSZK</subfield>
    </datafield>
    <datafield tag="041" ind1="0" ind2=" ">
      <subfield code="a">hunhun</subfield>
    </datafield>
    <datafield tag="100" ind1="1" ind2=" ">
      <subfield code="a">Lakatos István</subfield>
    </datafield>
    <datafield tag="245" ind1="1" ind2="0">
      <subfield code="a">100 activ (acut, chronicus) tüdőtbc-s endometriumának szövettani és tenyésztéses bacteriologiai vizsgálata /</subfield>
      <subfield code="c">Lakatos István, Szendi Balázs</subfield>
    </datafield>
    <datafield tag="260" ind1=" " ind2=" ">
      <subfield code="a">Budapest :</subfield>
      <subfield code="b">Felsőokt. Jegyzetell. soksz.,</subfield>
      <subfield code="c">1959</subfield>
    </datafield>
    <datafield tag="300" ind1=" " ind2=" ">
      <subfield code="a">p. 225-231. ;</subfield>
      <subfield code="c">21 cm</subfield>
    </datafield>
    <datafield tag="580" ind1=" " ind2=" ">
      <subfield code="a">Klny. az Állami Fodor József Tbc-Gyógyintézet Közleményeiből</subfield>
    </datafield>
    <datafield tag="700" ind1="1" ind2="0">
      <subfield code="a">Szendi Balázs</subfield>
    </datafield>
    <datafield tag="852" ind1=" " ind2=" ">
      <subfield code="a">B1</subfield>
      <subfield code="b">B1</subfield>
      <subfield code="x">1236944</subfield>
    </datafield>
  </record>
  <record>
    <leader>00597nama 22001811i 4500</leader>
    <controlfield tag="001">MOKKAS0000572009  </controlfield>
    <controlfield tag="005">20060117234900.0</controlfield>
    <controlfield tag="008">041001s1959    hu            000 0 hunod</controlfield>
    <datafield tag="035" ind1=" " ind2=" ">
      <subfield code="a">1330811</subfield>
    </datafield>
    <datafield tag="040" ind1=" " ind2=" ">
      <subfield code="a">OSZK</subfield>
    </datafield>
    <datafield tag="041" ind1="0" ind2=" ">
      <subfield code="a">hunhun</subfield>
    </datafield>
    <datafield tag="100" ind1="1" ind2=" ">
      <subfield code="a">Lakatos István</subfield>
    </datafield>
    <datafield tag="245" ind1="1" ind2="0">
      <subfield code="a">100 activ (acut, chronikus) tüdő tbc.-s endometriumának szövettani és tenyésztéses bacteriologiai vizsgálata /</subfield>
      <subfield code="c">Lakatos István, Szendi Balázs</subfield>
    </datafield>
    <datafield tag="260" ind1=" " ind2=" ">
      <subfield code="a">[Budapest] :</subfield>
      <subfield code="b">Révai Ny.,</subfield>
      <subfield code="c">[1959]</subfield>
    </datafield>
    <datafield tag="300" ind1=" " ind2=" ">
      <subfield code="a">fol. 7-9. ;</subfield>
      <subfield code="c">30 cm</subfield>
    </datafield>
    <datafield tag="580" ind1=" " ind2=" ">
      <subfield code="a">Klny. a Tuberkulózisból</subfield>
    </datafield>
    <datafield tag="700" ind1="1" ind2="0">
      <subfield code="a">Szendi Balázs</subfield>
    </datafield>
    <datafield tag="852" ind1=" " ind2=" ">
      <subfield code="a">B1</subfield>
      <subfield code="b">B1</subfield>
      <subfield code="x">1330811</subfield>
    </datafield>
  </record>
  <record>
    <leader>00661nam  2200193   4500</leader>
    <controlfield tag="001">MOKKAS0002289248  </controlfield>
    <controlfield tag="005">20060527035200.0</controlfield>
    <controlfield tag="008">670905 1967    hu                  hun  </controlfield>
    <datafield tag="035" ind1=" " ind2=" ">
      <subfield code="a">bibSOK00154704</subfield>
    </datafield>
    <datafield tag="040" ind1=" " ind2=" ">
      <subfield code="a">SK</subfield>
    </datafield>
    <datafield tag="245" ind1="0" ind2="0">
      <subfield code="a">100 adat, 100 tény Csongrád megye ifjúságáról /</subfield>
      <subfield code="c">szerk. Fehér Kálmán et.al.</subfield>
    </datafield>
    <datafield tag="260" ind1=" " ind2=" ">
      <subfield code="a">[Szeged] :</subfield>
      <subfield code="b">[KISZ Csongrád Megyei Biz.],</subfield>
      <subfield code="c">[1967]</subfield>
    </datafield>
    <datafield tag="300" ind1=" " ind2=" ">
      <subfield code="a">[32] p. :</subfield>
      <subfield code="b">ill. ;</subfield>
      <subfield code="c">14 cm</subfield>
    </datafield>
    <datafield tag="650" ind1=" " ind2="7">
      <subfield code="a">Csongrád megye</subfield>
      <subfield code="2">szte</subfield>
    </datafield>
    <datafield tag="695" ind1=" " ind2=" ">
      <subfield code="a">KISZ</subfield>
      <subfield code="x">Csongrád megye</subfield>
      <subfield code="y">1961-1966</subfield>
    </datafield>
    <datafield tag="695" ind1=" " ind2=" ">
      <subfield code="a">Csongrád megye</subfield>
      <subfield code="x">ifjúság helyzete</subfield>
    </datafield>
    <datafield tag="695" ind1=" " ind2=" ">
      <subfield code="a">Ifjúság helyzete</subfield>
      <subfield code="x">Csongrád megye</subfield>
    </datafield>
    <datafield tag="700" ind1="1" ind2=" ">
      <subfield code="a">Fehér Kálmán</subfield>
    </datafield>
    <datafield tag="852" ind1=" " ind2=" ">
      <subfield code="a">SZ4</subfield>
      <subfield code="b">SZ4</subfield>
      <subfield code="x">bibSOK00154704</subfield>
    </datafield>
  </record>
  <record>
    <leader>00541nama 22001571i 4500</leader>
    <controlfield tag="001">MOKKAS0000530979  </controlfield>
    <controlfield tag="005">20060117212707.0</controlfield>
    <controlfield tag="008">040903s1959    hu            000 0 hunod</controlfield>
    <datafield tag="035" ind1=" " ind2=" ">
      <subfield code="a">1289772</subfield>
    </datafield>
    <datafield tag="040" ind1=" " ind2=" ">
      <subfield code="a">OSZK</subfield>
    </datafield>
    <datafield tag="041" ind1="0" ind2=" ">
      <subfield code="a">hunhun</subfield>
    </datafield>
    <datafield tag="100" ind1="1" ind2=" ">
      <subfield code="a">Kőhidai János</subfield>
      <subfield code="c">(cédulakatalógus alapján)</subfield>
    </datafield>
    <datafield tag="245" ind1="1" ind2="0">
      <subfield code="a">100 ágyon aluli intézményekben tejkonyha szervezése kórházi csecsemőosztály, bölcsőde, idénybölcsőde /</subfield>
      <subfield code="c">Kőhidai János</subfield>
    </datafield>
    <datafield tag="260" ind1=" " ind2=" ">
      <subfield code="a">[Budapest] :</subfield>
      <subfield code="b">[Révai Ny.],</subfield>
      <subfield code="c">[1959]</subfield>
    </datafield>
    <datafield tag="300" ind1=" " ind2=" ">
      <subfield code="a">fol. 129-132. ;</subfield>
      <subfield code="c">25 cm</subfield>
    </datafield>
    <datafield tag="852" ind1=" " ind2=" ">
      <subfield code="a">B1</subfield>
      <subfield code="b">B1</subfield>
      <subfield code="x">1289772</subfield>
    </datafield>
  </record>
  <record>
    <leader>00325cam  22001217  4500</leader>
    <controlfield tag="001">MOKKAZ0004635797  </controlfield>
    <controlfield tag="005">20040910085555.0</controlfield>
    <controlfield tag="008">      s1927                        hun d</controlfield>
    <datafield tag="035" ind1=" " ind2=" ">
      <subfield code="a">bibFSZ130248</subfield>
    </datafield>
    <datafield tag="040" ind1=" " ind2=" ">
      <subfield code="a">FSZEK</subfield>
    </datafield>
    <datafield tag="245" ind1="0" ind2="0">
      <subfield code="a">100-ak könyve /</subfield>
      <subfield code="c">írta a Nemzeti Sport Szerkesztősége</subfield>
    </datafield>
    <datafield tag="260" ind1=" " ind2=" ">
      <subfield code="c">1927</subfield>
    </datafield>
    <datafield tag="852" ind1=" " ind2=" ">
      <subfield code="a">B10</subfield>
      <subfield code="b">0801B</subfield>
      <subfield code="x">bibFSZ130248</subfield>
    </datafield>
  </record>
  <record>
    <leader>00622nam  2200193 i 4500</leader>
    <controlfield tag="001">MOKKAS0001424932  </controlfield>
    <controlfield tag="005">20060113132319.0</controlfield>
    <controlfield tag="008">050903s1927    hu            00010 hun d</controlfield>
    <datafield tag="020" ind1=" " ind2=" ">
      <subfield code="a">(kötött)</subfield>
    </datafield>
    <datafield tag="035" ind1=" " ind2=" ">
      <subfield code="a">bibVFK00240747</subfield>
    </datafield>
    <datafield tag="040" ind1=" " ind2=" ">
      <subfield code="a">VFMK</subfield>
    </datafield>
    <datafield tag="245" ind1="0" ind2="0">
      <subfield code="a">100-ak könyve :</subfield>
      <subfield code="b">Száz magyar versenyző írásban és képben /</subfield>
      <subfield code="c">írta a Nemzeti Sport Szerk.</subfield>
    </datafield>
    <datafield tag="260" ind1=" " ind2=" ">
      <subfield code="a">Budapest :</subfield>
      <subfield code="b">Nemzeti Sport Lapkiadó Rt.,</subfield>
      <subfield code="c">1927</subfield>
    </datafield>
    <datafield tag="300" ind1=" " ind2=" ">
      <subfield code="a">108 p. ;</subfield>
      <subfield code="c">15 cm</subfield>
    </datafield>
    <datafield tag="490" ind1="1" ind2=" ">
      <subfield code="a">(Nemzeti Sportkönyvtár ;</subfield>
      <subfield code="v">23.)</subfield>
    </datafield>
    <datafield tag="650" ind1=" " ind2="4">
      <subfield code="a">Sport, magyar</subfield>
    </datafield>
    <datafield tag="650" ind1=" " ind2="4">
      <subfield code="a">Sportolók, magyar</subfield>
    </datafield>
    <datafield tag="830" ind1=" " ind2="0">
      <subfield code="a">Nemzeti Sportkönyvtár</subfield>
    </datafield>
    <datafield tag="852" ind1=" " ind2=" ">
      <subfield code="a">SZL1</subfield>
      <subfield code="b">SZL1</subfield>
      <subfield code="x">bibVFK00240747</subfield>
    </datafield>
  </record>
  <record>
    <leader>00590nam  2200169 i 4500</leader>
    <controlfield tag="001">MOKKAS0003337070  </controlfield>
    <controlfield tag="005">20060604110156.0</controlfield>
    <controlfield tag="008">050101s1927                            d</controlfield>
    <datafield tag="035" ind1=" " ind2=" ">
      <subfield code="a">516564</subfield>
    </datafield>
    <datafield tag="040" ind1=" " ind2=" ">
      <subfield code="a">KKMK</subfield>
    </datafield>
    <datafield tag="245" ind1="0" ind2="0">
      <subfield code="a">100-ak könyve : </subfield>
      <subfield code="b">száz magyar versenyző írásban és képben /</subfield>
      <subfield code="c">írta Nemzeti Sport Szerkesztősége</subfield>
    </datafield>
    <datafield tag="260" ind1=" " ind2=" ">
      <subfield code="a">Budapest :</subfield>
      <subfield code="b">Nemzeti Sport Lapkiadó és Szolgáltató Kft.,</subfield>
      <subfield code="c">1927</subfield>
    </datafield>
    <datafield tag="300" ind1=" " ind2=" ">
      <subfield code="a">108 p. ;</subfield>
      <subfield code="c">15 cm</subfield>
    </datafield>
    <datafield tag="490" ind1="1" ind2=" ">
      <subfield code="a">Nemzeti Sportkönyvtár</subfield>
      <subfield code="v">23.</subfield>
    </datafield>
    <datafield tag="710" ind1="2" ind2="0">
      <subfield code="a">Nemzeti Sport Szerkesztősége</subfield>
      <subfield code="4">írta</subfield>
    </datafield>
    <datafield tag="830" ind1=" " ind2="0">
      <subfield code="a">Nemzeti Sportkönyvtár</subfield>
    </datafield>
    <datafield tag="852" ind1=" " ind2=" ">
      <subfield code="a">GY1</subfield>
      <subfield code="b">GY1</subfield>
      <subfield code="x">516564</subfield>
    </datafield>
  </record>
  <record>
    <leader>00678nam  2200205 i 4500</leader>
    <controlfield tag="001">MOKKAW0005513295  </controlfield>
    <controlfield tag="005">20080414083103.0</controlfield>
    <controlfield tag="008">041019s2004    hu a          0000  hunod</controlfield>
    <datafield tag="020" ind1=" " ind2=" ">
      <subfield code="a">963-9166-79-0 (kötött)</subfield>
    </datafield>
    <datafield tag="035" ind1=" " ind2=" ">
      <subfield code="a">NLVK388226</subfield>
    </datafield>
    <datafield tag="040" ind1=" " ind2=" ">
      <subfield code="a">NLVK</subfield>
    </datafield>
    <datafield tag="041" ind1="1" ind2=" ">
      <subfield code="a">hun</subfield>
    </datafield>
    <datafield tag="100" ind1="1" ind2=" ">
      <subfield code="a">Hibbert, Adam</subfield>
      <subfield code="d">(1968-)</subfield>
    </datafield>
    <datafield tag="245" ind1="1" ind2="0">
      <subfield code="a">100 állomás - 100 kaland : </subfield>
      <subfield code="b">a világ csodái /</subfield>
      <subfield code="c">[magyar szöveg Mattenheim Gréta]</subfield>
    </datafield>
    <datafield tag="260" ind1=" " ind2=" ">
      <subfield code="a">[Budapest] :</subfield>
      <subfield code="b">Lilliput,</subfield>
      <subfield code="c">2004</subfield>
      <subfield code="e">(Budapest</subfield>
      <subfield code="f">Kossuth Ny.)</subfield>
    </datafield>
    <datafield tag="300" ind1=" " ind2=" ">
      <subfield code="a">48 p. :</subfield>
      <subfield code="b">ill., színes ;</subfield>
      <subfield code="c">31 cm</subfield>
    </datafield>
    <datafield tag="500" ind1=" " ind2=" ">
      <subfield code="a">Szerző Hibbert, Adam</subfield>
    </datafield>
    <datafield tag="650" ind1=" " ind2="4">
      <subfield code="a">Művelődéstörténet [Gyermekirod.]</subfield>
    </datafield>
    <datafield tag="700" ind1="1" ind2=" ">
      <subfield code="a">Mattenheim Gréta</subfield>
      <subfield code="4">(ford.)</subfield>
    </datafield>
    <datafield tag="852" ind1=" " ind2=" ">
      <subfield code="a">H1</subfield>
      <subfield code="b">H1</subfield>
      <subfield code="x">NLVK388226</subfield>
    </datafield>
  </record>
  <record>
    <leader>00645nam  2200205 i 4500</leader>
    <controlfield tag="001">MOKKAW0005522555  </controlfield>
    <controlfield tag="005">20080414134718.0</controlfield>
    <controlfield tag="008">050128s2004                        hun d</controlfield>
    <datafield tag="020" ind1=" " ind2=" ">
      <subfield code="a">963-9166-92-8 (kötött)</subfield>
    </datafield>
    <datafield tag="035" ind1=" " ind2=" ">
      <subfield code="a">NLVK407996</subfield>
    </datafield>
    <datafield tag="040" ind1=" " ind2=" ">
      <subfield code="a">NLVK</subfield>
    </datafield>
    <datafield tag="041" ind1="0" ind2=" ">
      <subfield code="a">hun</subfield>
    </datafield>
    <datafield tag="100" ind1="1" ind2=" ">
      <subfield code="a">Johnson, Jinny</subfield>
    </datafield>
    <datafield tag="245" ind1="1" ind2="0">
      <subfield code="a">100 állomás - 100 kaland : </subfield>
      <subfield code="b">emlősök /</subfield>
      <subfield code="c">[ford. Csorba Gábor]</subfield>
    </datafield>
    <datafield tag="260" ind1=" " ind2=" ">
      <subfield code="a">[Budapest] :</subfield>
      <subfield code="b">Lilliput,</subfield>
      <subfield code="c">2004</subfield>
      <subfield code="e">([Budapest]</subfield>
      <subfield code="f">Kossuth Ny.)</subfield>
    </datafield>
    <datafield tag="300" ind1=" " ind2=" ">
      <subfield code="a">47 p. :</subfield>
      <subfield code="b">ill., színes ;</subfield>
      <subfield code="c">30 cm</subfield>
    </datafield>
    <datafield tag="500" ind1=" " ind2=" ">
      <subfield code="a">Szerző Johnson, Jinny</subfield>
    </datafield>
    <datafield tag="650" ind1=" " ind2="4">
      <subfield code="a">Emlősök [Gyermekirod.]</subfield>
    </datafield>
    <datafield tag="700" ind1="1" ind2=" ">
      <subfield code="a">Csorba Gábor</subfield>
      <subfield code="d">(1961-)</subfield>
      <subfield code="4">(ford.)</subfield>
    </datafield>
    <datafield tag="852" ind1=" " ind2=" ">
      <subfield code="a">H1</subfield>
      <subfield code="b">H1</subfield>
      <subfield code="x">NLVK407996</subfield>
    </datafield>
  </record>
  <record>
    <leader>00609nam  2200193 i 4500</leader>
    <controlfield tag="001">MOKKAW0005567878  </controlfield>
    <controlfield tag="005">20080415093544.0</controlfield>
    <controlfield tag="008">060228s20052005hu            00000 hun d</controlfield>
    <datafield tag="020" ind1=" " ind2=" ">
      <subfield code="a">963-9166-62-6 (kötött)</subfield>
    </datafield>
    <datafield tag="035" ind1=" " ind2=" ">
      <subfield code="a">NLVK711901</subfield>
    </datafield>
    <datafield tag="040" ind1=" " ind2=" ">
      <subfield code="a">NLVK</subfield>
    </datafield>
    <datafield tag="041" ind1="0" ind2=" ">
      <subfield code="a">hun</subfield>
    </datafield>
    <datafield tag="100" ind1="1" ind2=" ">
      <subfield code="a">Langley, Andrew</subfield>
    </datafield>
    <datafield tag="245" ind1="0" ind2="0">
      <subfield code="a">100 állomás - 100 kaland : </subfield>
      <subfield code="b">kalózok /</subfield>
      <subfield code="c">[Andrew Langley]  ;  [magyar szöveg Mattenheim Gréta]</subfield>
    </datafield>
    <datafield tag="260" ind1=" " ind2=" ">
      <subfield code="a">[Budapest] :</subfield>
      <subfield code="b">Lilliput,</subfield>
      <subfield code="c">2005</subfield>
    </datafield>
    <datafield tag="300" ind1=" " ind2=" ">
      <subfield code="a">48 p. :</subfield>
      <subfield code="b">ill., színes, részben térk. ;</subfield>
      <subfield code="c">31 cm</subfield>
    </datafield>
    <datafield tag="650" ind1=" " ind2="4">
      <subfield code="a">Kalózok</subfield>
    </datafield>
    <datafield tag="700" ind1="1" ind2=" ">
      <subfield code="a">Mattenheim Gréta</subfield>
      <subfield code="4">(ford.)</subfield>
    </datafield>
    <datafield tag="852" ind1=" " ind2=" ">
      <subfield code="a">H1</subfield>
      <subfield code="b">H1</subfield>
      <subfield code="x">NLVK711901</subfield>
    </datafield>
  </record>
  <record>
    <leader>00626nam  2200205 i 4500</leader>
    <controlfield tag="001">MOKKAW0005570018  </controlfield>
    <controlfield tag="005">20080415104459.0</controlfield>
    <controlfield tag="008">060412s2006    hu a          0000  hunod</controlfield>
    <datafield tag="020" ind1=" " ind2=" ">
      <subfield code="a">963-9619-18-3 (kötött)</subfield>
    </datafield>
    <datafield tag="035" ind1=" " ind2=" ">
      <subfield code="a">NLVK722565</subfield>
    </datafield>
    <datafield tag="040" ind1=" " ind2=" ">
      <subfield code="a">NLVK</subfield>
    </datafield>
    <datafield tag="041" ind1="1" ind2=" ">
      <subfield code="a">hun</subfield>
    </datafield>
    <datafield tag="100" ind1="1" ind2=" ">
      <subfield code="a">MacDonald, Fiona</subfield>
    </datafield>
    <datafield tag="245" ind1="1" ind2="0">
      <subfield code="a">100 állomás - 100 kaland : </subfield>
      <subfield code="b">vikingek /</subfield>
      <subfield code="c">[magyar szöveg Rácz Hilda]</subfield>
    </datafield>
    <datafield tag="260" ind1=" " ind2=" ">
      <subfield code="a">[Budapest] :</subfield>
      <subfield code="b">Lilliput,</subfield>
      <subfield code="c">2006</subfield>
      <subfield code="e">(Győr</subfield>
      <subfield code="f">Széchenyi Ny.)</subfield>
    </datafield>
    <datafield tag="300" ind1=" " ind2=" ">
      <subfield code="a">48 p. :</subfield>
      <subfield code="b">ill., színes ;</subfield>
      <subfield code="c">31 cm</subfield>
    </datafield>
    <datafield tag="500" ind1=" " ind2=" ">
      <subfield code="a">Szerző Macdonald, Fiona</subfield>
    </datafield>
    <datafield tag="650" ind1=" " ind2="4">
      <subfield code="a">Vikingek</subfield>
    </datafield>
    <datafield tag="700" ind1="1" ind2=" ">
      <subfield code="a">Rácz Hilda</subfield>
      <subfield code="4">(ford.)</subfield>
    </datafield>
    <datafield tag="852" ind1=" " ind2=" ">
      <subfield code="a">H1</subfield>
      <subfield code="b">H1</subfield>
      <subfield code="x">NLVK722565</subfield>
    </datafield>
  </record>
  <record>
    <leader>00762nam  2200205 i 4500</leader>
    <controlfield tag="001">MOKKAW0005523675  </controlfield>
    <controlfield tag="005">20080414141850.0</controlfield>
    <controlfield tag="008">050212s2004                        hun d</controlfield>
    <datafield tag="020" ind1=" " ind2=" ">
      <subfield code="a">963-9166-87-1 (kötött)</subfield>
    </datafield>
    <datafield tag="035" ind1=" " ind2=" ">
      <subfield code="a">NLVK410022</subfield>
    </datafield>
    <datafield tag="040" ind1=" " ind2=" ">
      <subfield code="a">NLVK</subfield>
    </datafield>
    <datafield tag="041" ind1="0" ind2=" ">
      <subfield code="a">hun</subfield>
    </datafield>
    <datafield tag="100" ind1="1" ind2=" ">
      <subfield code="a">Mattenheim Gréta</subfield>
      <subfield code="d">(1976-)</subfield>
    </datafield>
    <datafield tag="245" ind1="1" ind2="0">
      <subfield code="a">100 állomás - 100 kaland : </subfield>
      <subfield code="b">kuruc kor /</subfield>
      <subfield code="c">[írta Mattenheim Gréta]  ;  [ill. Veres László]</subfield>
    </datafield>
    <datafield tag="260" ind1=" " ind2=" ">
      <subfield code="a">[Budapest] :</subfield>
      <subfield code="b">Lilliput,</subfield>
      <subfield code="c">2004</subfield>
      <subfield code="e">(Budapest</subfield>
      <subfield code="f">Kossuth Ny.)</subfield>
    </datafield>
    <datafield tag="300" ind1=" " ind2=" ">
      <subfield code="a">48 p. :</subfield>
      <subfield code="b">ill., színes, részben térk. ;</subfield>
      <subfield code="c">31 cm</subfield>
    </datafield>
    <datafield tag="650" ind1=" " ind2="4">
      <subfield code="a">Magyarország</subfield>
      <subfield code="x">Történelem 17-18. sz. [Gyermekirod.]</subfield>
    </datafield>
    <datafield tag="650" ind1=" " ind2="4">
      <subfield code="a">Történelem</subfield>
      <subfield code="x">Magyarország 17-18. sz. [Gyermekirod.]</subfield>
    </datafield>
    <datafield tag="700" ind1="1" ind2=" ">
      <subfield code="a">Veres László</subfield>
      <subfield code="d">(1956-)</subfield>
      <subfield code="4">(ill.)</subfield>
    </datafield>
    <datafield tag="852" ind1=" " ind2=" ">
      <subfield code="a">H1</subfield>
      <subfield code="b">H1</subfield>
      <subfield code="x">NLVK410022</subfield>
    </datafield>
  </record>
  <record>
    <leader>00729nam  2200205 i 4500</leader>
    <controlfield tag="001">MOKKAW0005563855  </controlfield>
    <controlfield tag="005">20080415073436.0</controlfield>
    <controlfield tag="008">051207s2005                        hun d</controlfield>
    <datafield tag="020" ind1=" " ind2=" ">
      <subfield code="a">963-9619-05-1 (kötött)</subfield>
    </datafield>
    <datafield tag="035" ind1=" " ind2=" ">
      <subfield code="a">NLVK694484</subfield>
    </datafield>
    <datafield tag="040" ind1=" " ind2=" ">
      <subfield code="a">NLVK</subfield>
    </datafield>
    <datafield tag="041" ind1="0" ind2=" ">
      <subfield code="a">hun</subfield>
    </datafield>
    <datafield tag="100" ind1="1" ind2=" ">
      <subfield code="a">Mattenheim Gréta</subfield>
      <subfield code="d">(1976-)</subfield>
    </datafield>
    <datafield tag="245" ind1="1" ind2="0">
      <subfield code="a">100 állomás - 100 kaland : </subfield>
      <subfield code="b">Mátyás és a Hunyadiak /</subfield>
      <subfield code="c">[írta Mattenheim Gréta]  ;  [ill. Veres László]</subfield>
    </datafield>
    <datafield tag="260" ind1=" " ind2=" ">
      <subfield code="a">[Budapest] :</subfield>
      <subfield code="b">Lilliput,</subfield>
      <subfield code="c">2005</subfield>
    </datafield>
    <datafield tag="300" ind1=" " ind2=" ">
      <subfield code="a">48 p. :</subfield>
      <subfield code="b">ill., színes ;</subfield>
      <subfield code="c">31 cm</subfield>
    </datafield>
    <datafield tag="650" ind1=" " ind2="4">
      <subfield code="a">Magyarország</subfield>
      <subfield code="x">Történelem 15. sz. [Gyermekirod.]</subfield>
    </datafield>
    <datafield tag="650" ind1=" " ind2="4">
      <subfield code="a">Történelem</subfield>
      <subfield code="x">Magyarország 15. sz. [Gyermekirod.]</subfield>
    </datafield>
    <datafield tag="700" ind1="1" ind2=" ">
      <subfield code="a">Veres László</subfield>
      <subfield code="d">(1956-)</subfield>
      <subfield code="4">(ill.)</subfield>
    </datafield>
    <datafield tag="852" ind1=" " ind2=" ">
      <subfield code="a">H1</subfield>
      <subfield code="b">H1</subfield>
      <subfield code="x">NLVK694484</subfield>
    </datafield>
  </record>
  <record>
    <leader>00710nam  2200205 i 4500</leader>
    <controlfield tag="001">MOKKAW0005587168  </controlfield>
    <controlfield tag="005">20080415193837.0</controlfield>
    <controlfield tag="008">070208s2006                        hun d</controlfield>
    <datafield tag="020" ind1=" " ind2=" ">
      <subfield code="a">963-9619-20-5 (kötött)</subfield>
    </datafield>
    <datafield tag="035" ind1=" " ind2=" ">
      <subfield code="a">NLVK797186</subfield>
    </datafield>
    <datafield tag="040" ind1=" " ind2=" ">
      <subfield code="a">NLVK</subfield>
    </datafield>
    <datafield tag="041" ind1="1" ind2=" ">
      <subfield code="a">hun</subfield>
    </datafield>
    <datafield tag="100" ind1="1" ind2=" ">
      <subfield code="a">Mattenheim Gréta</subfield>
      <subfield code="d">(1976-)</subfield>
    </datafield>
    <datafield tag="245" ind1="1" ind2="0">
      <subfield code="a">100 állomás - 100 kaland : </subfield>
      <subfield code="b">Magyarország /</subfield>
      <subfield code="c">[írta Mattenheim Gréta] ; [ill. Veres László és Sipos Norbert]</subfield>
    </datafield>
    <datafield tag="260" ind1=" " ind2=" ">
      <subfield code="a">[Budapest] :</subfield>
      <subfield code="b">Lilliput,</subfield>
      <subfield code="c">2006</subfield>
    </datafield>
    <datafield tag="300" ind1=" " ind2=" ">
      <subfield code="a">48 p. :</subfield>
      <subfield code="b">ill., színes, részben térk. ;</subfield>
      <subfield code="c">31 cm</subfield>
    </datafield>
    <datafield tag="650" ind1=" " ind2="4">
      <subfield code="a">Magyarország</subfield>
      <subfield code="x">Honismeret [Szépirod.]</subfield>
    </datafield>
    <datafield tag="700" ind1="1" ind2=" ">
      <subfield code="a">Veres László</subfield>
      <subfield code="d">(1956-)</subfield>
      <subfield code="4">(ill.)</subfield>
    </datafield>
    <datafield tag="700" ind1="1" ind2=" ">
      <subfield code="a">Sipos Norbert</subfield>
      <subfield code="4">(ill.)</subfield>
    </datafield>
    <datafield tag="852" ind1=" " ind2=" ">
      <subfield code="a">H1</subfield>
      <subfield code="b">H1</subfield>
      <subfield code="x">NLVK797186</subfield>
    </datafield>
  </record>
  <record>
    <leader>00613nam  2200205 i 4500</leader>
    <controlfield tag="001">MOKKAW0005587166  </controlfield>
    <controlfield tag="005">20080415193835.0</controlfield>
    <controlfield tag="008">070208s2006    hu           u    j hun d</controlfield>
    <datafield tag="020" ind1=" " ind2=" ">
      <subfield code="a">963-9619-23-X (kötött)</subfield>
    </datafield>
    <datafield tag="035" ind1=" " ind2=" ">
      <subfield code="a">NLVK797168</subfield>
    </datafield>
    <datafield tag="040" ind1=" " ind2=" ">
      <subfield code="a">NLVK</subfield>
    </datafield>
    <datafield tag="041" ind1="1" ind2=" ">
      <subfield code="a">hun</subfield>
    </datafield>
    <datafield tag="100" ind1="1" ind2=" ">
      <subfield code="a">Matthews, Rupert</subfield>
    </datafield>
    <datafield tag="245" ind1="1" ind2="0">
      <subfield code="a">100 állomás - 100 kaland : </subfield>
      <subfield code="b">őslények /</subfield>
      <subfield code="c">[ford. Morvay Petra]</subfield>
    </datafield>
    <datafield tag="260" ind1=" " ind2=" ">
      <subfield code="a">[Budapest] :</subfield>
      <subfield code="b">Lilliput,</subfield>
      <subfield code="c">2006</subfield>
    </datafield>
    <datafield tag="300" ind1=" " ind2=" ">
      <subfield code="a">48 p. :</subfield>
      <subfield code="b">ill., színes ;</subfield>
      <subfield code="c">31 cm</subfield>
    </datafield>
    <datafield tag="500" ind1=" " ind2=" ">
      <subfield code="a">Szerző Rupert Matthews</subfield>
    </datafield>
    <datafield tag="650" ind1=" " ind2="4">
      <subfield code="a">Őslénytan [Gyermekirod.]</subfield>
    </datafield>
    <datafield tag="700" ind1="1" ind2=" ">
      <subfield code="a">Morvay Petra</subfield>
      <subfield code="4">(ford.)</subfield>
    </datafield>
    <datafield tag="852" ind1=" " ind2=" ">
      <subfield code="a">H1</subfield>
      <subfield code="b">H1</subfield>
      <subfield code="x">NLVK797168</subfield>
    </datafield>
  </record>
  <record>
    <leader>00606nam  2200205 i 4500</leader>
    <controlfield tag="001">MOKKAW0005262874  </controlfield>
    <controlfield tag="005">20080408231641.0</controlfield>
    <controlfield tag="008">031127s2002    hu           u    j hun d</controlfield>
    <datafield tag="020" ind1=" " ind2=" ">
      <subfield code="a">963-9166-32-4 (kötött)</subfield>
    </datafield>
    <datafield tag="035" ind1=" " ind2=" ">
      <subfield code="a">NLVK91721</subfield>
    </datafield>
    <datafield tag="040" ind1=" " ind2=" ">
      <subfield code="a">NLVK</subfield>
    </datafield>
    <datafield tag="041" ind1="0" ind2=" ">
      <subfield code="a">hun</subfield>
    </datafield>
    <datafield tag="100" ind1="1" ind2=" ">
      <subfield code="a">Parker, Steve</subfield>
    </datafield>
    <datafield tag="245" ind1="1" ind2="0">
      <subfield code="a">100 állomás - 100 kaland : </subfield>
      <subfield code="b">dinoszauruszok /</subfield>
      <subfield code="c">[ford. Toronyi Gyöngyi]</subfield>
    </datafield>
    <datafield tag="260" ind1=" " ind2=" ">
      <subfield code="a">[Budapest] :</subfield>
      <subfield code="b">Lilliput,</subfield>
      <subfield code="c">2002</subfield>
    </datafield>
    <datafield tag="300" ind1=" " ind2=" ">
      <subfield code="a">48 p. :</subfield>
      <subfield code="b">ill., színes ;</subfield>
      <subfield code="c">31 cm</subfield>
    </datafield>
    <datafield tag="500" ind1=" " ind2=" ">
      <subfield code="a">Szerző Parker, Steve</subfield>
    </datafield>
    <datafield tag="650" ind1=" " ind2="4">
      <subfield code="a">Dinoszauruszok</subfield>
    </datafield>
    <datafield tag="700" ind1="1" ind2=" ">
      <subfield code="a">Toronyi Gyöngyi</subfield>
      <subfield code="4">(ford.)</subfield>
    </datafield>
    <datafield tag="852" ind1=" " ind2=" ">
      <subfield code="a">H1</subfield>
      <subfield code="b">H1</subfield>
      <subfield code="x">NLVK91721</subfield>
    </datafield>
  </record>
  <record>
    <leader>00584nam  2200181 i 4500</leader>
    <controlfield tag="001">MOKKAW0005563856  </controlfield>
    <controlfield tag="005">20080415073436.0</controlfield>
    <controlfield tag="008">051207s20052005hu            00000 hun d</controlfield>
    <datafield tag="020" ind1=" " ind2=" ">
      <subfield code="a">963-9619-06-X (kötött)</subfield>
    </datafield>
    <datafield tag="035" ind1=" " ind2=" ">
      <subfield code="a">NLVK694489</subfield>
    </datafield>
    <datafield tag="040" ind1=" " ind2=" ">
      <subfield code="a">NLVK</subfield>
    </datafield>
    <datafield tag="041" ind1="0" ind2=" ">
      <subfield code="a">hun</subfield>
    </datafield>
    <datafield tag="100" ind1="1" ind2=" ">
      <subfield code="a">Szabó Péter</subfield>
      <subfield code="d">(1959-)</subfield>
    </datafield>
    <datafield tag="245" ind1="0" ind2="0">
      <subfield code="a">100 állomás - 100 kaland : </subfield>
      <subfield code="b">nagy utazók /</subfield>
      <subfield code="c">[magyar szöveg Szabó Péter]</subfield>
    </datafield>
    <datafield tag="260" ind1=" " ind2=" ">
      <subfield code="a">[Budapest] :</subfield>
      <subfield code="b">Lilliput,</subfield>
      <subfield code="c">2005</subfield>
    </datafield>
    <datafield tag="300" ind1=" " ind2=" ">
      <subfield code="a">48 p. :</subfield>
      <subfield code="b">ill., színes, részben térk. ;</subfield>
      <subfield code="c">31 cm</subfield>
    </datafield>
    <datafield tag="650" ind1=" " ind2="4">
      <subfield code="a">Felfedezések, földrajzi [Gyermekirod.]</subfield>
    </datafield>
    <datafield tag="852" ind1=" " ind2=" ">
      <subfield code="a">H1</subfield>
      <subfield code="b">H1</subfield>
      <subfield code="x">NLVK694489</subfield>
    </datafield>
  </record>
  <record>
    <leader>00753nam  2200229 i 4500</leader>
    <controlfield tag="001">MOKKAW0005262875  </controlfield>
    <controlfield tag="005">20080408231642.0</controlfield>
    <controlfield tag="008">031127s2002    hu           u    j hun d</controlfield>
    <datafield tag="020" ind1=" " ind2=" ">
      <subfield code="a">963-9166-31-6 (kötött)</subfield>
    </datafield>
    <datafield tag="035" ind1=" " ind2=" ">
      <subfield code="a">NLVK91724</subfield>
    </datafield>
    <datafield tag="040" ind1=" " ind2=" ">
      <subfield code="a">NLVK</subfield>
    </datafield>
    <datafield tag="041" ind1="0" ind2=" ">
      <subfield code="a">hun</subfield>
    </datafield>
    <datafield tag="100" ind1="1" ind2=" ">
      <subfield code="a">Walker, Jane</subfield>
    </datafield>
    <datafield tag="245" ind1="1" ind2="0">
      <subfield code="a">100 állomás - 100 kaland : </subfield>
      <subfield code="b">lovagkor /</subfield>
      <subfield code="c">[magyar szöveg Mattenheim Gréta]</subfield>
    </datafield>
    <datafield tag="260" ind1=" " ind2=" ">
      <subfield code="a">[Budapest] :</subfield>
      <subfield code="b">Lilliput,</subfield>
      <subfield code="c">2002</subfield>
    </datafield>
    <datafield tag="300" ind1=" " ind2=" ">
      <subfield code="a">48 p. :</subfield>
      <subfield code="b">ill., színes ;</subfield>
      <subfield code="c">31 cm</subfield>
    </datafield>
    <datafield tag="500" ind1=" " ind2=" ">
      <subfield code="a">Szerző Walker, Jane</subfield>
    </datafield>
    <datafield tag="650" ind1=" " ind2="4">
      <subfield code="a">Lovagok</subfield>
      <subfield code="x">Középkor</subfield>
      <subfield code="x">Művelődéstörténet</subfield>
    </datafield>
    <datafield tag="650" ind1=" " ind2="4">
      <subfield code="a">Művelődéstörténet</subfield>
      <subfield code="x">Középkor</subfield>
      <subfield code="x">Lovagok</subfield>
    </datafield>
    <datafield tag="650" ind1=" " ind2="4">
      <subfield code="a">Világtörténelem 13-14. sz.</subfield>
      <subfield code="x">Lovagok</subfield>
    </datafield>
    <datafield tag="700" ind1="1" ind2=" ">
      <subfield code="a">Mattenheim Gréta</subfield>
      <subfield code="4">(ford.)</subfield>
    </datafield>
    <datafield tag="852" ind1=" " ind2=" ">
      <subfield code="a">H1</subfield>
      <subfield code="b">H1</subfield>
      <subfield code="x">NLVK91724</subfield>
    </datafield>
  </record>
  <record>
    <leader>00703nam  2200205 i 4500</leader>
    <controlfield tag="001">MOKKAW0005567876  </controlfield>
    <controlfield tag="005">20080415093542.0</controlfield>
    <controlfield tag="008">060228s2003                        hun d</controlfield>
    <datafield tag="020" ind1=" " ind2=" ">
      <subfield code="a">963-9166-63-4 (kötött)</subfield>
    </datafield>
    <datafield tag="035" ind1=" " ind2=" ">
      <subfield code="a">NLVK711890</subfield>
    </datafield>
    <datafield tag="040" ind1=" " ind2=" ">
      <subfield code="a">NLVK</subfield>
    </datafield>
    <datafield tag="041" ind1="0" ind2=" ">
      <subfield code="a">hun</subfield>
    </datafield>
    <datafield tag="100" ind1="1" ind2=" ">
      <subfield code="a">Walker, Jane</subfield>
    </datafield>
    <datafield tag="245" ind1="1" ind2="0">
      <subfield code="a">100 állomás - 100 kaland : </subfield>
      <subfield code="b">Egyiptom /</subfield>
      <subfield code="c">[Jane Walker]  ;  [magyar szöveg Mattenheim Gréta]</subfield>
    </datafield>
    <datafield tag="260" ind1=" " ind2=" ">
      <subfield code="a">[Budapest] :</subfield>
      <subfield code="b">Lilliput,</subfield>
      <subfield code="c">2003</subfield>
    </datafield>
    <datafield tag="300" ind1=" " ind2=" ">
      <subfield code="a">48 p. :</subfield>
      <subfield code="b">ill., színes ;</subfield>
      <subfield code="c">31 cm</subfield>
    </datafield>
    <datafield tag="650" ind1=" " ind2="4">
      <subfield code="a">Művelődéstörténet</subfield>
      <subfield code="x">Ókor [Gyermekirod.]</subfield>
      <subfield code="x">Egyiptom</subfield>
    </datafield>
    <datafield tag="650" ind1=" " ind2="4">
      <subfield code="a">Egyiptom</subfield>
      <subfield code="x">Ókor [Gyermekirod.]</subfield>
      <subfield code="x">Művelődéstörténet</subfield>
    </datafield>
    <datafield tag="700" ind1="1" ind2=" ">
      <subfield code="a">Mattenheim Gréta</subfield>
      <subfield code="4">(ford.)</subfield>
    </datafield>
    <datafield tag="852" ind1=" " ind2=" ">
      <subfield code="a">H1</subfield>
      <subfield code="b">H1</subfield>
      <subfield code="x">NLVK711890</subfield>
    </datafield>
  </record>
  <record>
    <leader>00699nam  2200217 i 4500</leader>
    <controlfield tag="001">MOKKAS0001504835  </controlfield>
    <controlfield tag="005">20060113203820.0</controlfield>
    <controlfield tag="008">050903s1994    hu            00010 hun d</controlfield>
    <datafield tag="020" ind1=" " ind2=" ">
      <subfield code="a">963-8308-16-8 (fűzött) :</subfield>
      <subfield code="c">295,-Ft</subfield>
    </datafield>
    <datafield tag="035" ind1=" " ind2=" ">
      <subfield code="a">bibVFK00177943</subfield>
    </datafield>
    <datafield tag="040" ind1=" " ind2=" ">
      <subfield code="a">VFMK</subfield>
    </datafield>
    <datafield tag="100" ind1="1" ind2=" ">
      <subfield code="a">Robert, Aurette Simeon de</subfield>
    </datafield>
    <datafield tag="245" ind1="1" ind2="0">
      <subfield code="a">100 almarecept /</subfield>
      <subfield code="c">Aurette Simeon de Robert ; ford. Rappai Zsuzsa ; fotók J. L. Syren</subfield>
    </datafield>
    <datafield tag="260" ind1=" " ind2=" ">
      <subfield code="a">Bp. :</subfield>
      <subfield code="b">Delta 2000 Kvk.,</subfield>
      <subfield code="c">[1994]</subfield>
    </datafield>
    <datafield tag="300" ind1=" " ind2=" ">
      <subfield code="a">95 p. :</subfield>
      <subfield code="b">ill., színes ;</subfield>
      <subfield code="c">22 cm</subfield>
    </datafield>
    <datafield tag="650" ind1=" " ind2="4">
      <subfield code="a">Alma</subfield>
    </datafield>
    <datafield tag="650" ind1=" " ind2="4">
      <subfield code="a">Szakácskönyvek</subfield>
    </datafield>
    <datafield tag="700" ind1="1" ind2=" ">
      <subfield code="a">Rappai Zsuzsa</subfield>
      <subfield code="4">ford.</subfield>
    </datafield>
    <datafield tag="700" ind1="1" ind2=" ">
      <subfield code="a">Syren, Jean-Luc</subfield>
      <subfield code="4">fotó</subfield>
    </datafield>
    <datafield tag="852" ind1=" " ind2=" ">
      <subfield code="a">SZL1</subfield>
      <subfield code="b">SZL1</subfield>
      <subfield code="x">bibVFK00177943</subfield>
    </datafield>
    <datafield tag="852" ind1=" " ind2=" ">
      <subfield code="a">BCS1</subfield>
      <subfield code="b">BCS1</subfield>
      <subfield code="x">bibBKO00191015</subfield>
    </datafield>
  </record>
  <record>
    <leader>00926fam  2200265 i 4500</leader>
    <controlfield tag="001">MOKKAZ0006317095  </controlfield>
    <controlfield tag="005">20040915191117.0</controlfield>
    <controlfield tag="008">940712s1994    hu r          000 0 hun d</controlfield>
    <datafield tag="020" ind1=" " ind2=" ">
      <subfield code="a">963-8308-16-8 (fűzött) :</subfield>
      <subfield code="c">295,- Ft</subfield>
    </datafield>
    <datafield tag="035" ind1=" " ind2=" ">
      <subfield code="a">83799</subfield>
    </datafield>
    <datafield tag="040" ind1=" " ind2=" ">
      <subfield code="a">OSZK</subfield>
    </datafield>
    <datafield tag="041" ind1="1" ind2=" ">
      <subfield code="a">hunhun</subfield>
      <subfield code="h">fre</subfield>
    </datafield>
    <datafield tag="100" ind1="2" ind2=" ">
      <subfield code="a">Simeon de Robert, Aurette</subfield>
    </datafield>
    <datafield tag="240" ind1="1" ind2="0">
      <subfield code="a">100 recettes de pommes</subfield>
      <subfield code="l">(magyar)</subfield>
    </datafield>
    <datafield tag="245" ind1="1" ind2="0">
      <subfield code="a">100 almarecept /</subfield>
      <subfield code="c">Aurette Simeon de Robert</subfield>
    </datafield>
    <datafield tag="260" ind1=" " ind2=" ">
      <subfield code="a">Budapest :</subfield>
      <subfield code="b">Delta 2000,</subfield>
      <subfield code="c">1994</subfield>
      <subfield code="e">([Budapest]</subfield>
      <subfield code="f">Tokai G.)</subfield>
      <subfield code="e">([Franciaország]</subfield>
      <subfield code="f">C.E.E.)</subfield>
    </datafield>
    <datafield tag="300" ind1=" " ind2=" ">
      <subfield code="a">95 p. :</subfield>
      <subfield code="b">ill., színes ;</subfield>
      <subfield code="c">22 cm</subfield>
    </datafield>
    <datafield tag="695" ind1=" " ind2=" ">
      <subfield code="a">Szakácskönyvek</subfield>
      <subfield code="x">receptek, alma</subfield>
    </datafield>
    <datafield tag="695" ind1=" " ind2=" ">
      <subfield code="a">xxx</subfield>
    </datafield>
    <datafield tag="700" ind1="1" ind2=" ">
      <subfield code="a">Rappai Zsuzsa</subfield>
      <subfield code="4">(ford.)</subfield>
    </datafield>
    <datafield tag="700" ind1="1" ind2=" ">
      <subfield code="a">Syren, Jean-Luc</subfield>
      <subfield code="4">(fotó)</subfield>
    </datafield>
    <datafield tag="852" ind1=" " ind2=" ">
      <subfield code="a">B1</subfield>
      <subfield code="b">B1</subfield>
      <subfield code="x">83799</subfield>
    </datafield>
    <datafield tag="852" ind1=" " ind2=" ">
      <subfield code="a">B10</subfield>
      <subfield code="B">0801</subfield>
      <subfield code="B">0901</subfield>
      <subfield code="B">0902</subfield>
      <subfield code="B">1308</subfield>
      <subfield code="B">0401</subfield>
      <subfield code="B">0601</subfield>
      <subfield code="B">0502</subfield>
      <subfield code="B">1106</subfield>
      <subfield code="B">1201</subfield>
      <subfield code="B">2201</subfield>
      <subfield code="B">2203</subfield>
      <subfield code="b">0302</subfield>
      <subfield code="x">bibFSZ00091917</subfield>
    </datafield>
    <datafield tag="852" ind1=" " ind2=" ">
      <subfield code="a">M2</subfield>
      <subfield code="b">M2</subfield>
      <subfield code="x">bibRFK00048401</subfield>
    </datafield>
    <datafield tag="852" ind1=" " ind2=" ">
      <subfield code="a">SZ4</subfield>
      <subfield code="b">SZ4</subfield>
      <subfield code="x">bibSOK00131342</subfield>
    </datafield>
  </record>
  <record>
    <leader>00739nam  2200229 i 4500</leader>
    <controlfield tag="001">MOKKAS0003564539  </controlfield>
    <controlfield tag="005">20060606082713.0</controlfield>
    <controlfield tag="008">050715s1993                        eng d</controlfield>
    <datafield tag="020" ind1=" " ind2=" ">
      <subfield code="a">962 07 1057 6 (fűzött)</subfield>
    </datafield>
    <datafield tag="035" ind1=" " ind2=" ">
      <subfield code="a">723245</subfield>
    </datafield>
    <datafield tag="040" ind1=" " ind2=" ">
      <subfield code="a">OIK</subfield>
    </datafield>
    <datafield tag="041" ind1="0" ind2=" ">
      <subfield code="a">engchi</subfield>
    </datafield>
    <datafield tag="245" ind1="1" ind2="0">
      <subfield code="a">100 ancient Chinese fables : </subfield>
      <subfield code="b">Chinese-English /</subfield>
      <subfield code="c">[transl.]  K. L. Kiu</subfield>
    </datafield>
    <datafield tag="260" ind1=" " ind2=" ">
      <subfield code="a">Hongkong :</subfield>
      <subfield code="b">[Joint Publishing Co.],</subfield>
      <subfield code="c">1993</subfield>
    </datafield>
    <datafield tag="300" ind1=" " ind2=" ">
      <subfield code="a">224 p. ;</subfield>
      <subfield code="c">19 cm</subfield>
    </datafield>
    <datafield tag="500" ind1=" " ind2=" ">
      <subfield code="a">Bibliogr.: p. 222-224. - Kínai és angol nyelven</subfield>
    </datafield>
    <datafield tag="650" ind1=" " ind2="4">
      <subfield code="a">Kínai nyelven</subfield>
    </datafield>
    <datafield tag="650" ind1=" " ind2="4">
      <subfield code="a">A népi próza műfajai. Elbeszélések. Mesék, népmese, monda, legenda. Tréfák. Néph</subfield>
    </datafield>
    <datafield tag="650" ind1=" " ind2="4">
      <subfield code="a">Népmesék</subfield>
    </datafield>
    <datafield tag="650" ind1=" " ind2="4">
      <subfield code="a">Angol nyelven</subfield>
    </datafield>
    <datafield tag="650" ind1=" " ind2="4">
      <subfield code="a">Kína</subfield>
    </datafield>
    <datafield tag="852" ind1=" " ind2=" ">
      <subfield code="a">B14</subfield>
      <subfield code="b">B14</subfield>
      <subfield code="x">723245</subfield>
    </datafield>
  </record>
  <record>
    <leader>02780fam  2200769 ir4500</leader>
    <controlfield tag="001">MOKKAZ0006335270  </controlfield>
    <controlfield tag="005">20100917093522.0</controlfield>
    <controlfield tag="008">960130t19961996hu            001 0 hun d</controlfield>
    <datafield tag="020" ind1=" " ind2=" ">
      <subfield code="a">963-85509-0-2 (fűzött) :</subfield>
      <subfield code="c">1493,- Ft</subfield>
    </datafield>
    <datafield tag="035" ind1=" " ind2=" ">
      <subfield code="a">168088</subfield>
    </datafield>
    <datafield tag="040" ind1=" " ind2=" ">
      <subfield code="a">OSZK</subfield>
    </datafield>
    <datafield tag="041" ind1="1" ind2=" ">
      <subfield code="a">enghunhun</subfield>
      <subfield code="h">engger</subfield>
    </datafield>
    <datafield tag="080" ind1=" " ind2="0">
      <subfield code="a">802.0(078)=945.11</subfield>
    </datafield>
    <datafield tag="080" ind1=" " ind2="0">
      <subfield code="a">651.7(083.76)</subfield>
    </datafield>
    <datafield tag="080" ind1=" " ind2=" ">
      <subfield code="a">651.75(083.76):</subfield>
    </datafield>
    <datafield tag="080" ind1=" " ind2=" ">
      <subfield code="a">802.0</subfield>
    </datafield>
    <datafield tag="080" ind1=" " ind2=" ">
      <subfield code="a">339.5:</subfield>
    </datafield>
    <datafield tag="100" ind1="1" ind2=" ">
      <subfield code="a">Abegg, Birgit</subfield>
    </datafield>
    <datafield tag="240" ind1="1" ind2="0">
      <subfield code="a">100 Briefe Englisch</subfield>
      <subfield code="l">(magyar)</subfield>
    </datafield>
    <datafield tag="245" ind1="1" ind2="0">
      <subfield code="a">100 angol üzleti levél /</subfield>
      <subfield code="c">Birgit Abegg, Michael Benford munkája ; ford. Janssen Kristóf</subfield>
    </datafield>
    <datafield tag="260" ind1=" " ind2=" ">
      <subfield code="a">[Budapest etc.] :</subfield>
      <subfield code="b">Pannonart,</subfield>
      <subfield code="c">cop. 1996</subfield>
      <subfield code="e">([Szeged]</subfield>
      <subfield code="f">abc Stúdió)</subfield>
      <subfield code="f">Szegedi Ny.)</subfield>
    </datafield>
    <datafield tag="300" ind1=" " ind2=" ">
      <subfield code="a">160 p. ;</subfield>
      <subfield code="c">22 cm</subfield>
    </datafield>
    <datafield tag="490" ind1="1" ind2=" ">
      <subfield code="a">Export-import</subfield>
      <subfield code="x">1219-0195</subfield>
    </datafield>
    <datafield tag="650" ind1=" " ind2="4">
      <subfield code="a">Levélírás</subfield>
    </datafield>
    <datafield tag="650" ind1=" " ind2="4">
      <subfield code="a">Kereskedelmi levelezés, angol</subfield>
      <subfield code="x">kézikönyvek stb.</subfield>
    </datafield>
    <datafield tag="650" ind1=" " ind2="4">
      <subfield code="a">Levélminták</subfield>
    </datafield>
    <datafield tag="650" ind1=" " ind2="4">
      <subfield code="a">Angol nyelv</subfield>
      <subfield code="x">üzleti angol</subfield>
      <subfield code="x">kézikönyvek stb.</subfield>
    </datafield>
    <datafield tag="650" ind1=" " ind2="0">
      <subfield code="a">Letter-writing.</subfield>
    </datafield>
    <datafield tag="650" ind1=" " ind2="0">
      <subfield code="a">Commercial correspondence</subfield>
      <subfield code="x">Handbooks, manuals, etc.</subfield>
    </datafield>
    <datafield tag="650" ind1=" " ind2="0">
      <subfield code="a">Form letters.</subfield>
    </datafield>
    <datafield tag="650" ind1=" " ind2="0">
      <subfield code="a">English language</subfield>
      <subfield code="x">Business English</subfield>
      <subfield code="x">Handbooks, manuals, etc.</subfield>
    </datafield>
    <datafield tag="650" ind1="0" ind2="4">
      <subfield code="a">üzleti levelezés</subfield>
      <subfield code="z">angol</subfield>
    </datafield>
    <datafield tag="650" ind1=" " ind2="4">
      <subfield code="a">üzleti levelezés</subfield>
    </datafield>
    <datafield tag="650" ind1=" " ind2="4">
      <subfield code="a">levelezés, üzleti ld. üzleti levelezés</subfield>
    </datafield>
    <datafield tag="650" ind1=" " ind2="4">
      <subfield code="a">Angol nyelv</subfield>
      <subfield code="x">Üzleti levelek</subfield>
    </datafield>
    <datafield tag="650" ind1=" " ind2="4">
      <subfield code="a">angol nyelv</subfield>
    </datafield>
    <datafield tag="650" ind1=" " ind2="4">
      <subfield code="a">Angol nyelvkönyvek</subfield>
    </datafield>
    <datafield tag="650" ind1=" " ind2="4">
      <subfield code="a">Kereskedelmi, üzleti levelezés</subfield>
    </datafield>
    <datafield tag="650" ind1=" " ind2="4">
      <subfield code="a">Kereskedelem. Nemzetközi gazdasági kapcsolatok. Világgazdaság</subfield>
    </datafield>
    <datafield tag="650" ind1=" " ind2="4">
      <subfield code="a">Üzleti élet</subfield>
    </datafield>
    <datafield tag="650" ind1=" " ind2="7">
      <subfield code="a">Üzleti nyelv</subfield>
      <subfield code="x">angol</subfield>
      <subfield code="x">szöveggyűjtemény</subfield>
      <subfield code="2">szte</subfield>
    </datafield>
    <datafield tag="650" ind1=" " ind2="7">
      <subfield code="a">Angol nyelv</subfield>
      <subfield code="x">levelezés</subfield>
      <subfield code="x">kereskedelmi</subfield>
      <subfield code="x">szöveggyűjtemény</subfield>
      <subfield code="2">szte</subfield>
    </datafield>
    <datafield tag="650" ind1=" " ind2="7">
      <subfield code="a">Külkereskedelmi levelezés</subfield>
      <subfield code="x">angol</subfield>
      <subfield code="x">szöveggyűjtemény</subfield>
      <subfield code="2">szte</subfield>
    </datafield>
    <datafield tag="650" ind1=" " ind2="7">
      <subfield code="a">Kereskedelmi nyelv</subfield>
      <subfield code="x">angol</subfield>
      <subfield code="2">szte</subfield>
    </datafield>
    <datafield tag="650" ind1=" " ind2="7">
      <subfield code="a">Angol nyelv</subfield>
      <subfield code="x">levelezés</subfield>
      <subfield code="x">kereskedelmi</subfield>
      <subfield code="2">szte</subfield>
    </datafield>
    <datafield tag="650" ind1=" " ind2="7">
      <subfield code="a">Üzleti nyelv</subfield>
      <subfield code="x">angol</subfield>
      <subfield code="2">szte</subfield>
    </datafield>
    <datafield tag="695" ind1=" " ind2=" ">
      <subfield code="a">Üzleti levelezés, angol</subfield>
    </datafield>
    <datafield tag="695" ind1=" " ind2=" ">
      <subfield code="a">Üzleti nyelv, angol</subfield>
    </datafield>
    <datafield tag="700" ind1="1" ind2="0">
      <subfield code="a">Benford, Michael</subfield>
    </datafield>
    <datafield tag="700" ind1="1" ind2=" ">
      <subfield code="a">Janssen Kristóf</subfield>
      <subfield code="4">(ford.)</subfield>
    </datafield>
    <datafield tag="830" ind1=" " ind2="0">
      <subfield code="a">Export-import</subfield>
    </datafield>
    <datafield tag="852" ind1=" " ind2=" ">
      <subfield code="a">B1</subfield>
      <subfield code="b">B1</subfield>
      <subfield code="x">168088</subfield>
    </datafield>
    <datafield tag="852" ind1=" " ind2=" ">
      <subfield code="a">D1</subfield>
      <subfield code="b">D1/TP</subfield>
      <subfield code="b">D1/20</subfield>
      <subfield code="b">D1/TP</subfield>
      <subfield code="b">D1/20</subfield>
      <subfield code="x">168088</subfield>
    </datafield>
    <datafield tag="852" ind1=" " ind2=" ">
      <subfield code="a">M1</subfield>
      <subfield code="b">M1</subfield>
      <subfield code="x">48449</subfield>
    </datafield>
    <datafield tag="852" ind1=" " ind2=" ">
      <subfield code="a">B11</subfield>
      <subfield code="b">B11</subfield>
      <subfield code="x">BMEOMIKK000119542</subfield>
    </datafield>
    <datafield tag="852" ind1=" " ind2=" ">
      <subfield code="a">BCS1</subfield>
      <subfield code="b">BCS1</subfield>
      <subfield code="x">bibBKO00187438</subfield>
    </datafield>
    <datafield tag="852" ind1=" " ind2=" ">
      <subfield code="a">H1</subfield>
      <subfield code="b">H1</subfield>
      <subfield code="x">NLVK91729</subfield>
    </datafield>
    <datafield tag="852" ind1=" " ind2=" ">
      <subfield code="a">M2</subfield>
      <subfield code="b">M2</subfield>
      <subfield code="x">bibRFK00039547</subfield>
    </datafield>
    <datafield tag="852" ind1=" " ind2=" ">
      <subfield code="a">B14</subfield>
      <subfield code="b">B14</subfield>
      <subfield code="x">694569</subfield>
    </datafield>
    <datafield tag="852" ind1=" " ind2=" ">
      <subfield code="a">SZL1</subfield>
      <subfield code="b">SZL1</subfield>
      <subfield code="x">bibVFK00218503</subfield>
    </datafield>
    <datafield tag="852" ind1=" " ind2=" ">
      <subfield code="a">SZ1</subfield>
      <subfield code="b">SZ1</subfield>
      <subfield code="b">SZ1/R2</subfield>
      <subfield code="b">SZ1/R1</subfield>
      <subfield code="x">bibJAT00256808</subfield>
    </datafield>
    <datafield tag="852" ind1=" " ind2=" ">
      <subfield code="a">SZ4</subfield>
      <subfield code="b">SZ4</subfield>
      <subfield code="x">bibSOK00012945</subfield>
    </datafield>
    <datafield tag="852" ind1=" " ind2=" ">
      <subfield code="a">B10</subfield>
      <subfield code="b">0801</subfield>
      <subfield code="x">bibFSZ00097533</subfield>
    </datafield>
    <datafield tag="852" ind1=" " ind2=" ">
      <subfield code="a">P1</subfield>
      <subfield code="b">P1/2S</subfield>
      <subfield code="b">P1/1L</subfield>
      <subfield code="x">bibJPT0030483</subfield>
    </datafield>
    <datafield tag="852" ind1=" " ind2=" ">
      <subfield code="a">S1</subfield>
      <subfield code="b">S1</subfield>
      <subfield code="x">bibSEF00028134</subfield>
    </datafield>
    <datafield tag="852" ind1=" " ind2=" ">
      <subfield code="a">S1</subfield>
      <subfield code="b">S1</subfield>
      <subfield code="x">bibSEF00028135</subfield>
    </datafield>
    <datafield tag="852" ind1=" " ind2=" ">
      <subfield code="a">B14</subfield>
      <subfield code="b">B14</subfield>
      <subfield code="x">OIK694569</subfield>
    </datafield>
  </record>
  <record>
    <leader>01109nam  2200325 i 4500</leader>
    <controlfield tag="001">MOKKAZ0003739644  </controlfield>
    <controlfield tag="005">20071114055340.0</controlfield>
    <controlfield tag="008">960326c20021996hu            00100 hun1d</controlfield>
    <datafield tag="020" ind1=" " ind2=" ">
      <subfield code="a">963-85509-0-2(fűzött)</subfield>
    </datafield>
    <datafield tag="035" ind1=" " ind2=" ">
      <subfield code="a">bibKLT00332687</subfield>
    </datafield>
    <datafield tag="040" ind1=" " ind2=" ">
      <subfield code="a">DEENK</subfield>
    </datafield>
    <datafield tag="041" ind1="1" ind2=" ">
      <subfield code="a">enghun</subfield>
      <subfield code="h">engger</subfield>
    </datafield>
    <datafield tag="100" ind1="1" ind2=" ">
      <subfield code="a">Abegg, Birgit</subfield>
    </datafield>
    <datafield tag="240" ind1="1" ind2="0">
      <subfield code="a">100 Briefe Englisch</subfield>
      <subfield code="l">(magyar)</subfield>
    </datafield>
    <datafield tag="245" ind1="1" ind2="0">
      <subfield code="a">100 angol üzleti levél /</subfield>
      <subfield code="c">Birgit Abegg, Michael Benford munkája ; ford. Janssen Kristóf</subfield>
    </datafield>
    <datafield tag="260" ind1="0" ind2=" ">
      <subfield code="a">[Budapest etc.] :</subfield>
      <subfield code="b">Pannonart,</subfield>
      <subfield code="c">2002</subfield>
    </datafield>
    <datafield tag="300" ind1=" " ind2=" ">
      <subfield code="a">160 p. ;</subfield>
      <subfield code="c">21 cm</subfield>
    </datafield>
    <datafield tag="490" ind1="1" ind2=" ">
      <subfield code="a">(Export-import,</subfield>
      <subfield code="x">1219-0195)</subfield>
    </datafield>
    <datafield tag="650" ind1=" " ind2="4">
      <subfield code="a">Levélírás</subfield>
    </datafield>
    <datafield tag="650" ind1=" " ind2="4">
      <subfield code="a">Kereskedelmi levelezés, angol</subfield>
      <subfield code="x">kézikönyvek stb.</subfield>
    </datafield>
    <datafield tag="650" ind1=" " ind2="4">
      <subfield code="a">Levélminták</subfield>
    </datafield>
    <datafield tag="650" ind1=" " ind2="4">
      <subfield code="a">Angol nyelv</subfield>
      <subfield code="x">üzleti angol</subfield>
      <subfield code="x">kézikönyvek stb.</subfield>
    </datafield>
    <datafield tag="650" ind1=" " ind2="0">
      <subfield code="a">Letter-writing.</subfield>
    </datafield>
    <datafield tag="650" ind1=" " ind2="0">
      <subfield code="a">Commercial correspondence</subfield>
      <subfield code="x">Handbooks, manuals, etc.</subfield>
    </datafield>
    <datafield tag="650" ind1=" " ind2="0">
      <subfield code="a">Form letters.</subfield>
    </datafield>
    <datafield tag="650" ind1=" " ind2="0">
      <subfield code="a">English language</subfield>
      <subfield code="x">Business English</subfield>
      <subfield code="x">Handbooks, manuals, etc.</subfield>
    </datafield>
    <datafield tag="700" ind1="1" ind2=" ">
      <subfield code="a">Benford, Michael</subfield>
    </datafield>
    <datafield tag="700" ind1="1" ind2=" ">
      <subfield code="a">Janssen Kristóf</subfield>
    </datafield>
    <datafield tag="830" ind1=" " ind2="0">
      <subfield code="a">Export-import</subfield>
    </datafield>
    <datafield tag="852" ind1=" " ind2=" ">
      <subfield code="a">D1</subfield>
      <subfield code="b">D1/TP</subfield>
      <subfield code="x">bibKLT00332687</subfield>
    </datafield>
  </record>
  <record>
    <leader>01518fam  2200505 ir4500</leader>
    <controlfield tag="001">MOKKAZ0006456625  </controlfield>
    <controlfield tag="005">20100513111048.0</controlfield>
    <controlfield tag="008">030307s2002    hu            001 0 hun d</controlfield>
    <datafield tag="020" ind1=" " ind2=" ">
      <subfield code="a">963-86292-0-7 (fűzött)</subfield>
    </datafield>
    <datafield tag="035" ind1=" " ind2=" ">
      <subfield code="a">954903</subfield>
    </datafield>
    <datafield tag="040" ind1=" " ind2=" ">
      <subfield code="a">OSZK</subfield>
    </datafield>
    <datafield tag="041" ind1="1" ind2=" ">
      <subfield code="a">hunhunhun</subfield>
      <subfield code="h">engger</subfield>
    </datafield>
    <datafield tag="080" ind1=" " ind2=" ">
      <subfield code="a">802.0(075.4):</subfield>
    </datafield>
    <datafield tag="080" ind1=" " ind2=" ">
      <subfield code="a">651.75</subfield>
    </datafield>
    <datafield tag="100" ind1="1" ind2=" ">
      <subfield code="a">Abegg, Birgit</subfield>
    </datafield>
    <datafield tag="240" ind1="1" ind2="0">
      <subfield code="a">100 Briefe Englisch</subfield>
      <subfield code="l">(magyar)</subfield>
    </datafield>
    <datafield tag="245" ind1="1" ind2="0">
      <subfield code="a">100 angol üzleti levél /</subfield>
      <subfield code="c">Birgit Abegg és Michael Benford munkája ; [ford. Janssen Kristóf].</subfield>
    </datafield>
    <datafield tag="260" ind1=" " ind2=" ">
      <subfield code="a">[Budapest] :</subfield>
      <subfield code="b">Interbooks,</subfield>
      <subfield code="c">2002</subfield>
      <subfield code="e">(Budapest</subfield>
      <subfield code="f">Kőpress)</subfield>
    </datafield>
    <datafield tag="300" ind1=" " ind2=" ">
      <subfield code="a">160 p. ;</subfield>
      <subfield code="c">22 cm</subfield>
    </datafield>
    <datafield tag="490" ind1="1" ind2=" ">
      <subfield code="a">Export-import</subfield>
      <subfield code="x">1219-0195</subfield>
    </datafield>
    <datafield tag="490" ind1="1" ind2=" ">
      <subfield code="a">Külkereskedelmi levélminták</subfield>
    </datafield>
    <datafield tag="650" ind1=" " ind2="4">
      <subfield code="a">Angol nyelv</subfield>
    </datafield>
    <datafield tag="650" ind1=" " ind2="4">
      <subfield code="a">Levelezés</subfield>
    </datafield>
    <datafield tag="650" ind1=" " ind2="4">
      <subfield code="a">Üzlet</subfield>
    </datafield>
    <datafield tag="650" ind1=" " ind2="4">
      <subfield code="a">Külkereskedelem</subfield>
    </datafield>
    <datafield tag="650" ind1=" " ind2="4">
      <subfield code="a">Iratminták</subfield>
    </datafield>
    <datafield tag="650" ind1=" " ind2="4">
      <subfield code="a">Üzleti levelezés</subfield>
    </datafield>
    <datafield tag="653" ind1=" " ind2=" ">
      <subfield code="a">levelezés</subfield>
    </datafield>
    <datafield tag="653" ind1=" " ind2=" ">
      <subfield code="a">példatár</subfield>
    </datafield>
    <datafield tag="653" ind1=" " ind2=" ">
      <subfield code="a">vállalkozás</subfield>
    </datafield>
    <datafield tag="653" ind1=" " ind2=" ">
      <subfield code="a">ügyvitelszervezés</subfield>
    </datafield>
    <datafield tag="653" ind1=" " ind2=" ">
      <subfield code="a">üzletkötés</subfield>
    </datafield>
    <datafield tag="695" ind1=" " ind2=" ">
      <subfield code="a">Levelezés, üzleti</subfield>
    </datafield>
    <datafield tag="695" ind1=" " ind2=" ">
      <subfield code="a">Angol nyelvkönyv, levelezés</subfield>
    </datafield>
    <datafield tag="695" ind1=" " ind2=" ">
      <subfield code="a">ODR 2003</subfield>
    </datafield>
    <datafield tag="700" ind1="1" ind2="0">
      <subfield code="a">Benford, Michael</subfield>
    </datafield>
    <datafield tag="700" ind1="1" ind2=" ">
      <subfield code="a">Janssen Kristóf</subfield>
      <subfield code="4">(ford.)</subfield>
    </datafield>
    <datafield tag="830" ind1=" " ind2="0">
      <subfield code="a">Export-import</subfield>
    </datafield>
    <datafield tag="830" ind1=" " ind2="0">
      <subfield code="a">Külkereskedelmi levélminták</subfield>
    </datafield>
    <datafield tag="852" ind1=" " ind2=" ">
      <subfield code="a">B1</subfield>
      <subfield code="b">B1</subfield>
      <subfield code="x">954903</subfield>
    </datafield>
    <datafield tag="852" ind1=" " ind2=" ">
      <subfield code="a">B11</subfield>
      <subfield code="b">B11</subfield>
      <subfield code="x">BMEOMIKK000441731</subfield>
    </datafield>
    <datafield tag="852" ind1=" " ind2=" ">
      <subfield code="a">P1</subfield>
      <subfield code="b">P1/SZ</subfield>
      <subfield code="b">P1/2S</subfield>
      <subfield code="b">P1/2T</subfield>
      <subfield code="b">P1/FK</subfield>
      <subfield code="x">bibJPT00219752</subfield>
    </datafield>
    <datafield tag="852" ind1=" " ind2=" ">
      <subfield code="a">ST1</subfield>
      <subfield code="b">ST1</subfield>
      <subfield code="x">bibBBM233243</subfield>
    </datafield>
    <datafield tag="852" ind1=" " ind2=" ">
      <subfield code="a">B9</subfield>
      <subfield code="b">B9</subfield>
      <subfield code="x">1802</subfield>
    </datafield>
    <datafield tag="852" ind1=" " ind2=" ">
      <subfield code="a">B12</subfield>
      <subfield code="b">B12</subfield>
      <subfield code="x">BCEKK259180</subfield>
    </datafield>
  </record>
  <record>
    <leader>00599nama 22001931i 4500</leader>
    <controlfield tag="001">MOKKAS0000702406  </controlfield>
    <controlfield tag="005">20060616205015.0</controlfield>
    <controlfield tag="008">041105s1958    it            000 0 itaod</controlfield>
    <datafield tag="035" ind1=" " ind2=" ">
      <subfield code="a">1461417</subfield>
    </datafield>
    <datafield tag="040" ind1=" " ind2=" ">
      <subfield code="a">OSZK</subfield>
    </datafield>
    <datafield tag="041" ind1="0" ind2=" ">
      <subfield code="a">itaita</subfield>
    </datafield>
    <datafield tag="100" ind1="1" ind2=" ">
      <subfield code="a">Nasi, Franco</subfield>
      <subfield code="c">(cédulakatalógus alapján)</subfield>
    </datafield>
    <datafield tag="245" ind1="1" ind2="0">
      <subfield code="a">100 anni di quotidiani milanesi /</subfield>
      <subfield code="c">Franco Nasi</subfield>
    </datafield>
    <datafield tag="260" ind1=" " ind2=" ">
      <subfield code="a">Milano :</subfield>
      <subfield code="b">Comune di Milano,</subfield>
      <subfield code="c">1958</subfield>
    </datafield>
    <datafield tag="300" ind1=" " ind2=" ">
      <subfield code="a">VIII, 148 p., 26 t. ;</subfield>
      <subfield code="c">27 cm</subfield>
    </datafield>
    <datafield tag="490" ind1="1" ind2=" ">
      <subfield code="a">Quaderni della "Città di Milano"</subfield>
      <subfield code="v">5.</subfield>
    </datafield>
    <datafield tag="504" ind1=" " ind2=" ">
      <subfield code="a">Bibliogr.: p. 127-148.</subfield>
    </datafield>
    <datafield tag="830" ind1=" " ind2="0">
      <subfield code="a">Quaderni della "Città di Milano"</subfield>
    </datafield>
    <datafield tag="852" ind1=" " ind2=" ">
      <subfield code="a">B1</subfield>
      <subfield code="b">B1</subfield>
      <subfield code="x">1461417</subfield>
    </datafield>
  </record>
  <record>
    <leader>00711njm  2200241 i 4500</leader>
    <controlfield tag="001">MOKKAS0001220531  </controlfield>
    <controlfield tag="005">20060112152429.0</controlfield>
    <controlfield tag="008">      s1999    hu            00010 spa d</controlfield>
    <datafield tag="020" ind1=" " ind2=" ">
      <subfield code="c">3539, - Ft</subfield>
    </datafield>
    <datafield tag="028" ind1="0" ind2="0">
      <subfield code="a">5 56925 2</subfield>
    </datafield>
    <datafield tag="035" ind1=" " ind2=" ">
      <subfield code="a">bibRFK00002810</subfield>
    </datafield>
    <datafield tag="040" ind1=" " ind2=" ">
      <subfield code="a">RFMK</subfield>
    </datafield>
    <datafield tag="041" ind1=" " ind2=" ">
      <subfield code="a">spa</subfield>
    </datafield>
    <datafield tag="245" ind1="0" ind2="0">
      <subfield code="a">100 años de Mariachi</subfield>
      <subfield code="h">[Hangfelvétel] /</subfield>
      <subfield code="c">Dir. Bebu Silvetti ; Placido Domingo, T. ; VVC Symphonic Orchestra [et al.]</subfield>
    </datafield>
    <datafield tag="260" ind1=" " ind2=" ">
      <subfield code="b">EMI,</subfield>
      <subfield code="c">cop. 1999</subfield>
    </datafield>
    <datafield tag="300" ind1=" " ind2=" ">
      <subfield code="a">1 db CD ;</subfield>
      <subfield code="c">12 cm</subfield>
    </datafield>
    <datafield tag="306" ind1=" " ind2=" ">
      <subfield code="a">57 min. 29 sec.</subfield>
    </datafield>
    <datafield tag="650" ind1=" " ind2="5">
      <subfield code="a">dal</subfield>
    </datafield>
    <datafield tag="650" ind1=" " ind2="5">
      <subfield code="a">mexikói zene</subfield>
    </datafield>
    <datafield tag="650" ind1=" " ind2="5">
      <subfield code="a">gitár</subfield>
    </datafield>
    <datafield tag="650" ind1=" " ind2="5">
      <subfield code="a">zenekar</subfield>
    </datafield>
    <datafield tag="700" ind1="1" ind2=" ">
      <subfield code="a">Domingo, Placido</subfield>
      <subfield code="d">(1941)</subfield>
      <subfield code="c">(operaénekes)</subfield>
      <subfield code="4">énekes szólista, T.</subfield>
    </datafield>
    <datafield tag="852" ind1=" " ind2=" ">
      <subfield code="a">M2</subfield>
      <subfield code="b">M2</subfield>
      <subfield code="x">bibRFK00002810</subfield>
    </datafield>
  </record>
  <record>
    <leader>00746nam  2200241   4500</leader>
    <controlfield tag="001">MOKKAZ0004833263  </controlfield>
    <controlfield tag="005">20090716105827.0</controlfield>
    <controlfield tag="008">971210s1997    hu a          00010 fre d</controlfield>
    <datafield tag="020" ind1=" " ind2=" ">
      <subfield code="a">(Kötött)</subfield>
    </datafield>
    <datafield tag="035" ind1=" " ind2=" ">
      <subfield code="a">bibJPT00110386</subfield>
    </datafield>
    <datafield tag="040" ind1=" " ind2=" ">
      <subfield code="a">PTE</subfield>
    </datafield>
    <datafield tag="100" ind1="1" ind2=" ">
      <subfield code="a">Petrov, Raiko</subfield>
    </datafield>
    <datafield tag="245" ind1="1" ind2="0">
      <subfield code="a">100 ans de lutte olympique /</subfield>
      <subfield code="c">Raiko Petrov</subfield>
    </datafield>
    <datafield tag="260" ind1=" " ind2=" ">
      <subfield code="a">Budapest :</subfield>
      <subfield code="b">5WERK,</subfield>
      <subfield code="c">1997</subfield>
    </datafield>
    <datafield tag="300" ind1=" " ind2=" ">
      <subfield code="a">160 p. :</subfield>
      <subfield code="b">ill. ;</subfield>
      <subfield code="c">29 cm</subfield>
    </datafield>
    <datafield tag="650" ind1=" " ind2="7">
      <subfield code="a">Olimpiai játékok története</subfield>
      <subfield code="x">képekkel</subfield>
      <subfield code="2">szte</subfield>
    </datafield>
    <datafield tag="650" ind1=" " ind2="7">
      <subfield code="a">Sporttörténet</subfield>
      <subfield code="x">képekkel</subfield>
      <subfield code="2">szte</subfield>
    </datafield>
    <datafield tag="650" ind1=" " ind2="7">
      <subfield code="a">Birkózás</subfield>
      <subfield code="x">története</subfield>
      <subfield code="x">képekkel</subfield>
      <subfield code="2">szte</subfield>
    </datafield>
    <datafield tag="695" ind1=" " ind2=" ">
      <subfield code="a">Olimpia</subfield>
    </datafield>
    <datafield tag="695" ind1=" " ind2=" ">
      <subfield code="a">Birkózás</subfield>
    </datafield>
    <datafield tag="650" ind1=" " ind2="7">
      <subfield code="a">Sport története</subfield>
      <subfield code="x">képekkel</subfield>
      <subfield code="2">szte</subfield>
    </datafield>
    <datafield tag="852" ind1=" " ind2=" ">
      <subfield code="a">P1</subfield>
      <subfield code="B">P1</subfield>
      <subfield code="b">P1/FK</subfield>
      <subfield code="x">bibJPT00110386</subfield>
    </datafield>
    <datafield tag="852" ind1=" " ind2=" ">
      <subfield code="a">SZ4</subfield>
      <subfield code="b">SZ4</subfield>
      <subfield code="x">bibSOK00127704</subfield>
    </datafield>
  </record>
  <record>
    <leader>00595nam  2200193 i 4500</leader>
    <controlfield tag="001">MOKKAW0005262877  </controlfield>
    <controlfield tag="005">20080408231643.0</controlfield>
    <controlfield tag="008">031127s1922                 u    j hun d</controlfield>
    <datafield tag="035" ind1=" " ind2=" ">
      <subfield code="a">NLVK91734</subfield>
    </datafield>
    <datafield tag="040" ind1=" " ind2=" ">
      <subfield code="a">NLVK</subfield>
    </datafield>
    <datafield tag="041" ind1="0" ind2=" ">
      <subfield code="a">hun</subfield>
    </datafield>
    <datafield tag="100" ind1="1" ind2=" ">
      <subfield code="a">Fejérváry József</subfield>
      <subfield code="d">(1874-1960)</subfield>
    </datafield>
    <datafield tag="245" ind1="1" ind2="0">
      <subfield code="a">100 apróbetűs /</subfield>
      <subfield code="c">Fejérváry József</subfield>
    </datafield>
    <datafield tag="260" ind1=" " ind2=" ">
      <subfield code="a">Hódmezővásárhely :</subfield>
      <subfield code="b">Reggeli Újság nyomdája,</subfield>
      <subfield code="c">1922</subfield>
    </datafield>
    <datafield tag="300" ind1=" " ind2=" ">
      <subfield code="a">104 p. ;</subfield>
      <subfield code="c">15 cm</subfield>
    </datafield>
    <datafield tag="500" ind1=" " ind2=" ">
      <subfield code="a">Karcolatok, tárcák gyűjteménye.</subfield>
    </datafield>
    <datafield tag="650" ind1=" " ind2="4">
      <subfield code="a">Hódmezővásárhely</subfield>
      <subfield code="x">Nyomdák</subfield>
    </datafield>
    <datafield tag="650" ind1=" " ind2="4">
      <subfield code="a">Nyomdák</subfield>
      <subfield code="x">Hódmezővásárhely</subfield>
    </datafield>
    <datafield tag="852" ind1=" " ind2=" ">
      <subfield code="a">H1</subfield>
      <subfield code="b">H1</subfield>
      <subfield code="x">NLVK91734</subfield>
    </datafield>
  </record>
  <record>
    <leader>00918nmm  2200253 i 4500</leader>
    <controlfield tag="001">MOKKAW0005508137  </controlfield>
    <controlfield tag="005">20080414203531.0</controlfield>
    <controlfield tag="006">                  </controlfield>
    <controlfield tag="008">080328s2008    hu         m        hun d</controlfield>
    <datafield tag="035" ind1=" " ind2=" ">
      <subfield code="a">bibDEK00680523</subfield>
    </datafield>
    <datafield tag="040" ind1=" " ind2=" ">
      <subfield code="a">DEENK</subfield>
    </datafield>
    <datafield tag="100" ind1="1" ind2=" ">
      <subfield code="a">Hegedűs László</subfield>
      <subfield code="d">(1950-)</subfield>
      <subfield code="c">(képzőművész)</subfield>
    </datafield>
    <datafield tag="245" ind1="1" ind2="0">
      <subfield code="a">100artbooks : Budapest Galéria Kiállítóháza 2008 /</subfield>
      <subfield code="c">Hegedűs 2 László H2</subfield>
    </datafield>
    <datafield tag="256" ind1=" " ind2=" ">
      <subfield code="a">Szöveg és képek</subfield>
    </datafield>
    <datafield tag="260" ind1=" " ind2=" ">
      <subfield code="a">Budapest :</subfield>
      <subfield code="b">Budapest Galéria Kiállítóháza,</subfield>
      <subfield code="c">[2008]</subfield>
    </datafield>
    <datafield tag="300" ind1=" " ind2=" ">
      <subfield code="a">1 db CD-ROM ;</subfield>
      <subfield code="c">12 cm</subfield>
    </datafield>
    <datafield tag="500" ind1=" " ind2=" ">
      <subfield code="a">Főcím a borítóról</subfield>
    </datafield>
    <datafield tag="538" ind1=" " ind2=" ">
      <subfield code="a">A dokumentum rendszerkövetelményeket nem tartalmaz</subfield>
    </datafield>
    <datafield tag="650" ind1=" " ind2="4">
      <subfield code="a">Kiállítások</subfield>
      <subfield code="z">Magyarország</subfield>
      <subfield code="z">Budapest</subfield>
    </datafield>
    <datafield tag="650" ind1=" " ind2="4">
      <subfield code="a">Művészkönyvek</subfield>
      <subfield code="z">Magyarország</subfield>
    </datafield>
    <datafield tag="650" ind1=" " ind2="0">
      <subfield code="a">Exhibitions</subfield>
      <subfield code="z">Hungary</subfield>
      <subfield code="z">Budapest.</subfield>
    </datafield>
    <datafield tag="650" ind1=" " ind2="0">
      <subfield code="a">Artists' books</subfield>
      <subfield code="z">Hungary.</subfield>
    </datafield>
    <datafield tag="710" ind1="2" ind2=" ">
      <subfield code="a">Budapest Galéria Kiállítóháza</subfield>
    </datafield>
    <datafield tag="852" ind1=" " ind2=" ">
      <subfield code="a">D1</subfield>
      <subfield code="b">D1/M</subfield>
      <subfield code="x">bibDEK00680523</subfield>
    </datafield>
  </record>
  <record>
    <leader>00494ncm  2200169 i 4500</leader>
    <controlfield tag="001">MOKKAS0003622591  </controlfield>
    <controlfield tag="005">20060606182745.0</controlfield>
    <controlfield tag="008">050716s                                d</controlfield>
    <datafield tag="035" ind1=" " ind2=" ">
      <subfield code="a">920024</subfield>
    </datafield>
    <datafield tag="040" ind1=" " ind2=" ">
      <subfield code="a">OIK</subfield>
    </datafield>
    <datafield tag="100" ind1="1" ind2=" ">
      <subfield code="a">Panufnik, Andrzej</subfield>
      <subfield code="d">(1914-)</subfield>
    </datafield>
    <datafield tag="245" ind1="1" ind2="0">
      <subfield code="a">100 ar svensk pianomusik</subfield>
      <subfield code="h">nyomtatott kotta /</subfield>
      <subfield code="c">iurvaloch red. av Herbert Connor</subfield>
    </datafield>
    <datafield tag="254" ind1=" " ind2=" ">
      <subfield code="a">Szóló</subfield>
    </datafield>
    <datafield tag="260" ind1=" " ind2=" ">
      <subfield code="a">Stockholm :</subfield>
      <subfield code="b">Suecia,</subfield>
      <subfield code="c">19??</subfield>
    </datafield>
    <datafield tag="300" ind1=" " ind2=" ">
      <subfield code="a">126 p. ;</subfield>
      <subfield code="c">31 cm</subfield>
    </datafield>
    <datafield tag="700" ind1="1" ind2=" ">
      <subfield code="a">Connor, Herbert</subfield>
      <subfield code="4">(szerk.)</subfield>
    </datafield>
    <datafield tag="852" ind1=" " ind2=" ">
      <subfield code="a">B14</subfield>
      <subfield code="b">B14</subfield>
      <subfield code="x">920024</subfield>
    </datafield>
  </record>
  <record>
    <leader>01046nam  2200277 i 4500</leader>
    <controlfield tag="001">MOKKAN0004207859  </controlfield>
    <controlfield tag="005">20070330004950.0</controlfield>
    <controlfield tag="008">       2006    au a                ger d</controlfield>
    <datafield tag="020" ind1=" " ind2=" ">
      <subfield code="a">3 200 00750 8</subfield>
    </datafield>
    <datafield tag="020" ind1=" " ind2=" ">
      <subfield code="a">978 3 200 00750 5</subfield>
    </datafield>
    <datafield tag="035" ind1=" " ind2=" ">
      <subfield code="a">bibDEK00620176</subfield>
    </datafield>
    <datafield tag="040" ind1=" " ind2=" ">
      <subfield code="a">DEENK</subfield>
    </datafield>
    <datafield tag="041" ind1="1" ind2=" ">
      <subfield code="a">gereng</subfield>
    </datafield>
    <datafield tag="245" ind1="0" ind2="0">
      <subfield code="a">100 Artists-in-Residence, quartier 21 - MQ - 2002-2006 /</subfield>
      <subfield code="c">[hrsg. vom MudeumsQuartier Errichtungs- und BetriebsgesmbH] ; [[Red. Patricia Grzonka, Linda Klösel]</subfield>
    </datafield>
    <datafield tag="260" ind1=" " ind2=" ">
      <subfield code="a">Wien :</subfield>
      <subfield code="b">Remaprint Druck-und Velagsges.,</subfield>
      <subfield code="c">[2005]</subfield>
    </datafield>
    <datafield tag="300" ind1=" " ind2=" ">
      <subfield code="a">99 p. :</subfield>
      <subfield code="b">ill. ;</subfield>
      <subfield code="c">23 cm</subfield>
    </datafield>
    <datafield tag="650" ind1=" " ind2="4">
      <subfield code="a">Művészet, modern</subfield>
      <subfield code="y">20. század</subfield>
      <subfield code="x">katalógusok</subfield>
    </datafield>
    <datafield tag="650" ind1=" " ind2="4">
      <subfield code="a">Művészet</subfield>
      <subfield code="y">21. század</subfield>
      <subfield code="x">katalógusok</subfield>
    </datafield>
    <datafield tag="650" ind1=" " ind2="4">
      <subfield code="a">Digitális művészet</subfield>
      <subfield code="x">kiállítások</subfield>
    </datafield>
    <datafield tag="650" ind1=" " ind2="0">
      <subfield code="a">Art, Modern</subfield>
      <subfield code="y">20th century</subfield>
      <subfield code="x">Catalogs.</subfield>
    </datafield>
    <datafield tag="650" ind1=" " ind2="0">
      <subfield code="a">Art</subfield>
      <subfield code="y">21st century</subfield>
      <subfield code="x">Catalogs.</subfield>
    </datafield>
    <datafield tag="650" ind1=" " ind2="0">
      <subfield code="a">Digital art</subfield>
      <subfield code="x">Exhibitions.</subfield>
    </datafield>
    <datafield tag="700" ind1="1" ind2=" ">
      <subfield code="a">Grzonka, Patricia</subfield>
    </datafield>
    <datafield tag="700" ind1="1" ind2=" ">
      <subfield code="a">Klösel, Linda</subfield>
    </datafield>
    <datafield tag="710" ind1="2" ind2=" ">
      <subfield code="a">MuseumsQuartier Errichtungs- und BetriebsgesmbH (Wien)</subfield>
    </datafield>
    <datafield tag="852" ind1=" " ind2=" ">
      <subfield code="a">D1</subfield>
      <subfield code="b">D1/OE</subfield>
      <subfield code="x">bibDEK00620176</subfield>
    </datafield>
  </record>
  <record>
    <leader>00343nam  2200133 i 4500</leader>
    <controlfield tag="001">MOKKAS0003851764  </controlfield>
    <controlfield tag="005">20060616105355.0</controlfield>
    <controlfield tag="008">060220 1968    gw            000   ger  </controlfield>
    <datafield tag="035" ind1=" " ind2=" ">
      <subfield code="a">bibJAT00660421</subfield>
    </datafield>
    <datafield tag="040" ind1=" " ind2=" ">
      <subfield code="a">SZTE</subfield>
    </datafield>
    <datafield tag="100" ind1="1" ind2=" ">
      <subfield code="a">Steinhaus, Hugo</subfield>
    </datafield>
    <datafield tag="245" ind1="1" ind2="0">
      <subfield code="a">100 Aufgaben /</subfield>
      <subfield code="c">Steinhaus, Hugo</subfield>
    </datafield>
    <datafield tag="260" ind1=" " ind2=" ">
      <subfield code="a">Leipzig,</subfield>
      <subfield code="c">1968</subfield>
    </datafield>
    <datafield tag="852" ind1=" " ind2=" ">
      <subfield code="a">SZ1</subfield>
      <subfield code="b">SZ1</subfield>
      <subfield code="x">bibJAT00660421</subfield>
    </datafield>
  </record>
  <record>
    <leader>00436cam  22001337  4500</leader>
    <controlfield tag="001">MOKKAZ0004483275  </controlfield>
    <controlfield tag="005">20040910073547.0</controlfield>
    <controlfield tag="008">      s1940                        und d</controlfield>
    <datafield tag="035" ind1=" " ind2=" ">
      <subfield code="a">bibFSZ00329462</subfield>
    </datafield>
    <datafield tag="040" ind1=" " ind2=" ">
      <subfield code="a">FSZEK</subfield>
    </datafield>
    <datafield tag="245" ind1="0" ind2="0">
      <subfield code="a">100 Aufgaben zum Übersetzen aus d. deutschen ins französische /</subfield>
      <subfield code="c">Ausgew. u. erläutert von K. Teubner</subfield>
    </datafield>
    <datafield tag="260" ind1=" " ind2=" ">
      <subfield code="a">[S.l.] :</subfield>
      <subfield code="b">[S.n.],</subfield>
      <subfield code="c">1940</subfield>
    </datafield>
    <datafield tag="700" ind1="1" ind2=" ">
      <subfield code="a">Teubner, Karl</subfield>
      <subfield code="4">összeáll.</subfield>
    </datafield>
    <datafield tag="852" ind1=" " ind2=" ">
      <subfield code="a">B10</subfield>
      <subfield code="b">B10</subfield>
      <subfield code="x">bibFSZ00329462</subfield>
    </datafield>
  </record>
  <record>
    <leader>00649ncm  2200181 i 4500</leader>
    <controlfield tag="001">MOKKAN0004964474  </controlfield>
    <controlfield tag="005">20071114160813.0</controlfield>
    <controlfield tag="008">070906n19??    ge                  ger d</controlfield>
    <datafield tag="028" ind1="3" ind2="0">
      <subfield code="a">A.J.B 4215</subfield>
      <subfield code="b">Anton J. Benjamin, Hamburg</subfield>
    </datafield>
    <datafield tag="035" ind1=" " ind2=" ">
      <subfield code="a">bibDEK00652273</subfield>
    </datafield>
    <datafield tag="040" ind1=" " ind2=" ">
      <subfield code="a">DEENK</subfield>
    </datafield>
    <datafield tag="041" ind1=" " ind2=" ">
      <subfield code="a">ger</subfield>
    </datafield>
    <datafield tag="245" ind1="0" ind2="0">
      <subfield code="a">100 Ausgewählte Volkslieder I.</subfield>
      <subfield code="h">[Nyomtatott kotta] :</subfield>
      <subfield code="b">aus alter und neuer Zeit für eine Singstimme zur laute oder Gitarre /</subfield>
      <subfield code="c">Ausg. Alberto Bracony</subfield>
    </datafield>
    <datafield tag="254" ind1=" " ind2=" ">
      <subfield code="a">Szóló (ének)</subfield>
    </datafield>
    <datafield tag="260" ind1=" " ind2=" ">
      <subfield code="a">Hamburg :</subfield>
      <subfield code="b">Anton J. Benjamin,</subfield>
      <subfield code="c">[s. a]</subfield>
    </datafield>
    <datafield tag="300" ind1=" " ind2=" ">
      <subfield code="a">56 p. ;</subfield>
      <subfield code="c">32 cm</subfield>
    </datafield>
    <datafield tag="695" ind1=" " ind2=" ">
      <subfield code="a">vokális zene</subfield>
      <subfield code="x">dalok (gitár kísérettel)</subfield>
    </datafield>
    <datafield tag="852" ind1=" " ind2=" ">
      <subfield code="a">D1</subfield>
      <subfield code="b">D1/Z</subfield>
      <subfield code="x">bibDEK00652273</subfield>
    </datafield>
  </record>
  <record>
    <leader>00696ncm  2200193 i 4500</leader>
    <controlfield tag="001">MOKKAN0004964480ab</controlfield>
    <controlfield tag="005">20071114160816.0</controlfield>
    <controlfield tag="008">070906n19??    ge                  ger d</controlfield>
    <datafield tag="028" ind1="3" ind2="0">
      <subfield code="a">A.J.B 4320</subfield>
      <subfield code="b">Anton J. Benjamin, Hamburg</subfield>
    </datafield>
    <datafield tag="035" ind1=" " ind2=" ">
      <subfield code="a">bibDEK00652275</subfield>
    </datafield>
    <datafield tag="040" ind1=" " ind2=" ">
      <subfield code="a">DEENK</subfield>
    </datafield>
    <datafield tag="041" ind1=" " ind2=" ">
      <subfield code="a">ger</subfield>
    </datafield>
    <datafield tag="245" ind1="0" ind2="0">
      <subfield code="a">100 Ausgewählte Volkslieder II.</subfield>
      <subfield code="h">[Nyomtatott kotta] :</subfield>
      <subfield code="b">aus alter und neuer Zeit für eine Singstimme zur laute oder Gitarre /</subfield>
      <subfield code="c">Ausg. Alberto Bracony</subfield>
    </datafield>
    <datafield tag="254" ind1=" " ind2=" ">
      <subfield code="a">Szóló (ének)</subfield>
    </datafield>
    <datafield tag="260" ind1=" " ind2=" ">
      <subfield code="a">Hamburg :</subfield>
      <subfield code="b">Anton J. Benjamin,</subfield>
      <subfield code="c">[s. a]</subfield>
    </datafield>
    <datafield tag="300" ind1=" " ind2=" ">
      <subfield code="a">54 p. ;</subfield>
      <subfield code="c">32 cm</subfield>
    </datafield>
    <datafield tag="695" ind1=" " ind2=" ">
      <subfield code="a">vokális zene</subfield>
      <subfield code="x">dalok (gitár kísérettel)</subfield>
    </datafield>
    <datafield tag="852" ind1=" " ind2=" ">
      <subfield code="a">D1</subfield>
      <subfield code="B">D2/RA</subfield>
      <subfield code="b">D1</subfield>
      <subfield code="x">ISISFEF0002886</subfield>
    </datafield>
    <datafield tag="852" ind1=" " ind2=" ">
      <subfield code="a">D1</subfield>
      <subfield code="b">D1/Z</subfield>
      <subfield code="x">bibDEK00652275</subfield>
    </datafield>
  </record>
  <record>
    <leader>00674cam  22002057  4500</leader>
    <controlfield tag="001">MOKKAZ0004378631  </controlfield>
    <controlfield tag="005">20040910064242.0</controlfield>
    <controlfield tag="008">      s1931                        ger d</controlfield>
    <datafield tag="035" ind1=" " ind2=" ">
      <subfield code="a">bibFSZ00224670</subfield>
    </datafield>
    <datafield tag="040" ind1=" " ind2=" ">
      <subfield code="a">FSZEK</subfield>
    </datafield>
    <datafield tag="245" ind1="0" ind2="0">
      <subfield code="a">100 Autoren gegen Einstein /</subfield>
      <subfield code="c">hg. von Hans Israel, Erich Ruckhaber, Rudolf Weinmann</subfield>
    </datafield>
    <datafield tag="260" ind1=" " ind2=" ">
      <subfield code="a">Leipzig :</subfield>
      <subfield code="b">Voigtländer,</subfield>
      <subfield code="c">1931</subfield>
    </datafield>
    <datafield tag="300" ind1=" " ind2=" ">
      <subfield code="a">104 p.</subfield>
    </datafield>
    <datafield tag="500" ind1=" " ind2=" ">
      <subfield code="a">Bibliogr.: p. 75-75.</subfield>
    </datafield>
    <datafield tag="680" ind1=" " ind2="1">
      <subfield code="a">Abszolutizmus és relativizmus / ismeretelmélet</subfield>
    </datafield>
    <datafield tag="680" ind1=" " ind2="1">
      <subfield code="x">1 </subfield>
      <subfield code="x">Einstein, Albert</subfield>
      <subfield code="a">tanulmány</subfield>
    </datafield>
    <datafield tag="700" ind1="1" ind2=" ">
      <subfield code="a">Israel, Hans</subfield>
      <subfield code="4">szerk.</subfield>
    </datafield>
    <datafield tag="700" ind1="1" ind2=" ">
      <subfield code="a">Ruckhaber, Erich</subfield>
      <subfield code="4">szerk.</subfield>
    </datafield>
    <datafield tag="700" ind1="1" ind2=" ">
      <subfield code="a">Weinmann, Rudolf</subfield>
      <subfield code="4">szerk.</subfield>
    </datafield>
    <datafield tag="852" ind1=" " ind2=" ">
      <subfield code="a">B10</subfield>
      <subfield code="b">0801</subfield>
      <subfield code="x">bibFSZ00224670</subfield>
    </datafield>
  </record>
  <record>
    <leader>00376cam  22001337  4500</leader>
    <controlfield tag="001">MOKKAZ0004399501  </controlfield>
    <controlfield tag="005">20040910065315.0</controlfield>
    <controlfield tag="008">      s1970                        und d</controlfield>
    <datafield tag="035" ind1=" " ind2=" ">
      <subfield code="a">bibFSZ00245564</subfield>
    </datafield>
    <datafield tag="040" ind1=" " ind2=" ">
      <subfield code="a">FSZEK</subfield>
    </datafield>
    <datafield tag="100" ind1="1" ind2=" ">
      <subfield code="a">Schmarbeck, Wolfgang</subfield>
    </datafield>
    <datafield tag="245" ind1="1" ind2="0">
      <subfield code="a">100 Auto-Museen in Europa /</subfield>
      <subfield code="c">Wolfgang Schmarbeck</subfield>
    </datafield>
    <datafield tag="260" ind1=" " ind2=" ">
      <subfield code="a">[S.l.] :</subfield>
      <subfield code="b">[S.n.],</subfield>
      <subfield code="c">1970</subfield>
    </datafield>
    <datafield tag="852" ind1=" " ind2=" ">
      <subfield code="a">B10</subfield>
      <subfield code="b">0801</subfield>
      <subfield code="x">bibFSZ00245564</subfield>
    </datafield>
  </record>
  <record>
    <leader>00487nam  2200169 i 4500</leader>
    <controlfield tag="001">MOKKAS0003580072  </controlfield>
    <controlfield tag="005">20060606110314.0</controlfield>
    <controlfield tag="008">050715s1966                        rus d</controlfield>
    <datafield tag="035" ind1=" " ind2=" ">
      <subfield code="a">773122</subfield>
    </datafield>
    <datafield tag="040" ind1=" " ind2=" ">
      <subfield code="a">OIK</subfield>
    </datafield>
    <datafield tag="041" ind1="0" ind2=" ">
      <subfield code="a">rus</subfield>
    </datafield>
    <datafield tag="100" ind1="1" ind2=" ">
      <subfield code="a">Entelis, Leonid Arnol'dovič</subfield>
    </datafield>
    <datafield tag="245" ind1="1" ind2="0">
      <subfield code="a">100 baletnyh libretto /</subfield>
      <subfield code="c">[sost. ... L. A. Éntelis]</subfield>
    </datafield>
    <datafield tag="260" ind1=" " ind2=" ">
      <subfield code="a">Moskva ; Leningrad :</subfield>
      <subfield code="b">Muzyka,</subfield>
      <subfield code="c">1966</subfield>
    </datafield>
    <datafield tag="300" ind1=" " ind2=" ">
      <subfield code="a">303 p., [32] t. :</subfield>
      <subfield code="b">ill., fotók ;</subfield>
      <subfield code="c">21 cm</subfield>
    </datafield>
    <datafield tag="500" ind1=" " ind2=" ">
      <subfield code="a">Cirill betűs</subfield>
    </datafield>
    <datafield tag="852" ind1=" " ind2=" ">
      <subfield code="a">B14</subfield>
      <subfield code="b">B14</subfield>
      <subfield code="x">773122</subfield>
    </datafield>
  </record>
  <record>
    <leader>00394nam  2200157 i 4500</leader>
    <controlfield tag="001">MOKKAS0003571613  </controlfield>
    <controlfield tag="005">20060606093447.0</controlfield>
    <controlfield tag="008">050715s1971                            d</controlfield>
    <datafield tag="035" ind1=" " ind2=" ">
      <subfield code="a">744653</subfield>
    </datafield>
    <datafield tag="040" ind1=" " ind2=" ">
      <subfield code="a">OIK</subfield>
    </datafield>
    <datafield tag="100" ind1="1" ind2=" ">
      <subfield code="a">Entelis, Leonid Arnol'dovič</subfield>
    </datafield>
    <datafield tag="245" ind1="1" ind2="0">
      <subfield code="a">100 baletnyh libretto</subfield>
    </datafield>
    <datafield tag="260" ind1=" " ind2=" ">
      <subfield code="a">Leningrad :</subfield>
      <subfield code="b">Muzyka,</subfield>
      <subfield code="c">1971</subfield>
    </datafield>
    <datafield tag="300" ind1=" " ind2=" ">
      <subfield code="a">303 p.</subfield>
    </datafield>
    <datafield tag="500" ind1=" " ind2=" ">
      <subfield code="a">Cirill betűs</subfield>
    </datafield>
    <datafield tag="852" ind1=" " ind2=" ">
      <subfield code="a">B14</subfield>
      <subfield code="b">B14</subfield>
      <subfield code="x">744653</subfield>
    </datafield>
  </record>
  <record>
    <leader>00265nam  2200109 i 4500</leader>
    <controlfield tag="001">MOKKAS0001332887  </controlfield>
    <controlfield tag="005">20060112231031.0</controlfield>
    <controlfield tag="008">      b        hu            00010 hun d</controlfield>
    <datafield tag="035" ind1=" " ind2=" ">
      <subfield code="a">bibRFK00159964</subfield>
    </datafield>
    <datafield tag="040" ind1=" " ind2=" ">
      <subfield code="a">RFMK</subfield>
    </datafield>
    <datafield tag="245" ind1="0" ind2="0">
      <subfield code="a">100 baromfi-recept</subfield>
    </datafield>
    <datafield tag="852" ind1=" " ind2=" ">
      <subfield code="a">M2</subfield>
      <subfield code="b">M2</subfield>
      <subfield code="x">bibRFK00159964</subfield>
    </datafield>
  </record>
  <record>
    <leader>00584cam  22002051i 4500</leader>
    <controlfield tag="001">MOKKAS0003764944  </controlfield>
    <controlfield tag="005">20060615064610.0</controlfield>
    <controlfield tag="008">      s1969    hu a          00010 hun d</controlfield>
    <datafield tag="020" ind1=" " ind2=" ">
      <subfield code="a">nincs (fűzött)</subfield>
    </datafield>
    <datafield tag="035" ind1=" " ind2=" ">
      <subfield code="a">bibTMK135941</subfield>
    </datafield>
    <datafield tag="040" ind1=" " ind2=" ">
      <subfield code="a">IGYUK</subfield>
    </datafield>
    <datafield tag="041" ind1="0" ind2=" ">
      <subfield code="a">hun</subfield>
    </datafield>
    <datafield tag="100" ind1="1" ind2=" ">
      <subfield code="a">Bozsik Valéria</subfield>
      <subfield code="d">(1932-)</subfield>
    </datafield>
    <datafield tag="245" ind1="1" ind2="0">
      <subfield code="a">100 baromfirecept /</subfield>
      <subfield code="c">Bozsik Valéria ; [ill. Gábor Éva]</subfield>
    </datafield>
    <datafield tag="260" ind1=" " ind2=" ">
      <subfield code="a">Budapest :</subfield>
      <subfield code="b">Minerva,</subfield>
      <subfield code="c">1969</subfield>
    </datafield>
    <datafield tag="300" ind1=" " ind2=" ">
      <subfield code="a">117, [3] p. :</subfield>
      <subfield code="b">ill. ;</subfield>
      <subfield code="c">20 cm</subfield>
    </datafield>
    <datafield tag="650" ind1=" " ind2="4">
      <subfield code="a">Szakácsművészet</subfield>
    </datafield>
    <datafield tag="695" ind1=" " ind2=" ">
      <subfield code="a">Baromfi</subfield>
      <subfield code="x">receptek</subfield>
    </datafield>
    <datafield tag="700" ind1="1" ind2=" ">
      <subfield code="a">Gábor Éva</subfield>
    </datafield>
    <datafield tag="852" ind1=" " ind2=" ">
      <subfield code="a">SZK1</subfield>
      <subfield code="b">SZK1</subfield>
      <subfield code="x">bibTMK135941</subfield>
    </datafield>
  </record>
  <record>
    <leader>00900nama 22003011i 4500</leader>
    <controlfield tag="001">MOKKAS0000498225  </controlfield>
    <controlfield tag="005">20060117193411.0</controlfield>
    <controlfield tag="008">040730s1969    hu            000 0 hunod</controlfield>
    <datafield tag="020" ind1=" " ind2=" ">
      <subfield code="a">(fűzött) :</subfield>
    </datafield>
    <datafield tag="035" ind1=" " ind2=" ">
      <subfield code="a">1257003</subfield>
    </datafield>
    <datafield tag="040" ind1=" " ind2=" ">
      <subfield code="a">OSZK</subfield>
    </datafield>
    <datafield tag="041" ind1="0" ind2=" ">
      <subfield code="a">hunhun</subfield>
    </datafield>
    <datafield tag="100" ind1="1" ind2=" ">
      <subfield code="a">Bozsik Valéria</subfield>
      <subfield code="d">(1932-)</subfield>
    </datafield>
    <datafield tag="245" ind1="1" ind2="0">
      <subfield code="a">100 baromfirecept /</subfield>
      <subfield code="c">Bozsik Valéria ; [ill. Gábor Éva]</subfield>
    </datafield>
    <datafield tag="260" ind1=" " ind2=" ">
      <subfield code="a">Budapest :</subfield>
      <subfield code="b">Minerva,</subfield>
      <subfield code="c">1969</subfield>
      <subfield code="e">(Debrecen</subfield>
      <subfield code="f">Alföldi Ny.)</subfield>
    </datafield>
    <datafield tag="300" ind1=" " ind2=" ">
      <subfield code="a">117 p. ;</subfield>
      <subfield code="c">20 cm</subfield>
    </datafield>
    <datafield tag="650" ind1=" " ind2="4">
      <subfield code="a">Szakácskönyv</subfield>
    </datafield>
    <datafield tag="650" ind1=" " ind2="4">
      <subfield code="a">baromfiételek</subfield>
    </datafield>
    <datafield tag="650" ind1=" " ind2="4">
      <subfield code="a">szakácskönyv - baromfiételek</subfield>
    </datafield>
    <datafield tag="695" ind1=" " ind2=" ">
      <subfield code="a">Baromfi</subfield>
      <subfield code="x">receptek</subfield>
    </datafield>
    <datafield tag="695" ind1=" " ind2=" ">
      <subfield code="a">Szakácskönyv</subfield>
    </datafield>
    <datafield tag="700" ind1="1" ind2=" ">
      <subfield code="a">Gábor Éva</subfield>
      <subfield code="4">(ill.)</subfield>
    </datafield>
    <datafield tag="852" ind1=" " ind2=" ">
      <subfield code="a">B1</subfield>
      <subfield code="b">B1</subfield>
      <subfield code="x">1257003</subfield>
    </datafield>
    <datafield tag="852" ind1=" " ind2=" ">
      <subfield code="a">GY1</subfield>
      <subfield code="b">GY1</subfield>
      <subfield code="x">306983</subfield>
    </datafield>
    <datafield tag="852" ind1=" " ind2=" ">
      <subfield code="a">H1</subfield>
      <subfield code="b">H1</subfield>
      <subfield code="x">NLVK91740</subfield>
    </datafield>
    <datafield tag="852" ind1=" " ind2=" ">
      <subfield code="a">SZ4</subfield>
      <subfield code="b">SZ4</subfield>
      <subfield code="x">bibFSZ00075531</subfield>
    </datafield>
    <datafield tag="852" ind1=" " ind2=" ">
      <subfield code="a">BCS1</subfield>
      <subfield code="b">BCS1</subfield>
      <subfield code="x">bibBKO00173272</subfield>
    </datafield>
    <datafield tag="852" ind1=" " ind2=" ">
      <subfield code="a">B10</subfield>
      <subfield code="B">1308</subfield>
      <subfield code="B">1104</subfield>
      <subfield code="b">1702</subfield>
      <subfield code="x">bibFSZ00075531</subfield>
    </datafield>
  </record>
  <record>
    <leader>00592fam  2200205 i 4500</leader>
    <controlfield tag="001">MOKKAZ0006454746  </controlfield>
    <controlfield tag="005">20040915203423.0</controlfield>
    <controlfield tag="008">030130t20022002hu            001 0 hun d</controlfield>
    <datafield tag="020" ind1=" " ind2=" ">
      <subfield code="a">963-9452-36-X (fűzött)</subfield>
    </datafield>
    <datafield tag="035" ind1=" " ind2=" ">
      <subfield code="a">949437</subfield>
    </datafield>
    <datafield tag="040" ind1=" " ind2=" ">
      <subfield code="a">OSZK</subfield>
    </datafield>
    <datafield tag="041" ind1="0" ind2=" ">
      <subfield code="a">hunhun</subfield>
    </datafield>
    <datafield tag="100" ind1="1" ind2=" ">
      <subfield code="a">Bozsik Valéria</subfield>
      <subfield code="d">(1932-)</subfield>
    </datafield>
    <datafield tag="245" ind1="1" ind2="0">
      <subfield code="a">100 baromfirecept /</subfield>
      <subfield code="c">Bozsik Valéria.</subfield>
    </datafield>
    <datafield tag="260" ind1=" " ind2=" ">
      <subfield code="a">[Tyukod] :</subfield>
      <subfield code="b">Black &amp; White,</subfield>
      <subfield code="c">cop. 2002</subfield>
      <subfield code="e">([Debrecen]</subfield>
      <subfield code="f">Kinizsi)</subfield>
    </datafield>
    <datafield tag="300" ind1=" " ind2=" ">
      <subfield code="a">94 p. ;</subfield>
      <subfield code="c">20 cm</subfield>
    </datafield>
    <datafield tag="650" ind1=" " ind2="4">
      <subfield code="a">Szakácsművészet (baromfi)</subfield>
    </datafield>
    <datafield tag="650" ind1=" " ind2="0">
      <subfield code="a">Cookery (Poultry).</subfield>
    </datafield>
    <datafield tag="852" ind1=" " ind2=" ">
      <subfield code="a">B1</subfield>
      <subfield code="b">B1</subfield>
      <subfield code="x">949437</subfield>
    </datafield>
    <datafield tag="852" ind1=" " ind2=" ">
      <subfield code="a">D1</subfield>
      <subfield code="b">D1</subfield>
      <subfield code="x">949437</subfield>
    </datafield>
  </record>
  <record>
    <leader>00733njm  2200181   4500</leader>
    <controlfield tag="001">MOKKAN0004238188  </controlfield>
    <controlfield tag="005">20070408032731.0</controlfield>
    <controlfield tag="008">000211s2002                        und d</controlfield>
    <datafield tag="028" ind1=" " ind2=" ">
      <subfield code="a">TCD 2663</subfield>
    </datafield>
    <datafield tag="035" ind1=" " ind2=" ">
      <subfield code="a">bibFSZ1043360</subfield>
    </datafield>
    <datafield tag="040" ind1=" " ind2=" ">
      <subfield code="a">FSZEK</subfield>
    </datafield>
    <datafield tag="245" ind1="0" ind2="0">
      <subfield code="a">100 % belly dance</subfield>
      <subfield code="h">[Hangfelvétel] :</subfield>
      <subfield code="b">the magic of oriental music /</subfield>
      <subfield code="c">Hamdy Said [et al.]</subfield>
    </datafield>
    <datafield tag="260" ind1=" " ind2=" ">
      <subfield code="a">Cairo :</subfield>
      <subfield code="b">Pyramedia,</subfield>
      <subfield code="c">cop. 2002</subfield>
    </datafield>
    <datafield tag="300" ind1=" " ind2=" ">
      <subfield code="a">1 CD (70 min 40 s) :</subfield>
      <subfield code="b">ADD ;</subfield>
      <subfield code="c">12 cm +</subfield>
      <subfield code="e">1 t.</subfield>
    </datafield>
    <datafield tag="505" ind1="0" ind2="0">
      <subfield code="t">Egyptian queen ;</subfield>
      <subfield code="t">Nile rhythms ;</subfield>
      <subfield code="t">Kalthoumiat ;</subfield>
      <subfield code="t">Habibi hawaya ;</subfield>
      <subfield code="t">Etawet alek ;</subfield>
      <subfield code="t">Zeina ;</subfield>
      <subfield code="t">Rakasni yalla ;</subfield>
      <subfield code="t">Eshk elhob ;</subfield>
      <subfield code="t">Agmal haga ;</subfield>
      <subfield code="t">Anphora ;</subfield>
      <subfield code="t">Enta omri ;</subfield>
      <subfield code="t">Haleemiat ;</subfield>
      <subfield code="t">Alf leila</subfield>
    </datafield>
    <datafield tag="695" ind1=" " ind2="1">
      <subfield code="a">hastánc zene</subfield>
    </datafield>
    <datafield tag="700" ind1="1" ind2=" ">
      <subfield code="a">Said, Hamdy</subfield>
      <subfield code="4">közrem.</subfield>
    </datafield>
    <datafield tag="852" ind1=" " ind2=" ">
      <subfield code="a">B10</subfield>
      <subfield code="b">B10</subfield>
      <subfield code="x">bibFSZ1043360</subfield>
    </datafield>
  </record>
  <record>
    <leader>01869njm  2200205 i 4500</leader>
    <controlfield tag="001">MOKKAS0001019130  </controlfield>
    <controlfield tag="005">20051215160645.0</controlfield>
    <controlfield tag="008">050903s2003    hu            00010 hun d</controlfield>
    <datafield tag="028" ind1="0" ind2="0">
      <subfield code="a">HCD 71164</subfield>
    </datafield>
    <datafield tag="035" ind1=" " ind2=" ">
      <subfield code="a">bibBKO00096266</subfield>
    </datafield>
    <datafield tag="040" ind1=" " ind2=" ">
      <subfield code="a">BMK</subfield>
    </datafield>
    <datafield tag="245" ind1="0" ind2="0">
      <subfield code="a">100 % blues</subfield>
      <subfield code="h">[Hangfelvétel]</subfield>
    </datafield>
    <datafield tag="260" ind1=" " ind2=" ">
      <subfield code="a">[Budapest] :</subfield>
      <subfield code="b">Hungaroton,</subfield>
      <subfield code="c">2003</subfield>
    </datafield>
    <datafield tag="300" ind1=" " ind2=" ">
      <subfield code="a">1 db CD lemez +</subfield>
      <subfield code="e">1 db</subfield>
    </datafield>
    <datafield tag="306" ind1=" " ind2=" ">
      <subfield code="a">65 min 24 s</subfield>
    </datafield>
    <datafield tag="504" ind1=" " ind2=" ">
      <subfield code="a">Az eredeti felvételek digitálisan újrakeverve</subfield>
    </datafield>
    <datafield tag="505" ind1="0" ind2="0">
      <subfield code="g">1.</subfield>
      <subfield code="t">Szegény ember blues /</subfield>
      <subfield code="r">Gál Gábor, Takáts Tamás ; Takáts Tamás DBB--</subfield>
      <subfield code="g">2.</subfield>
      <subfield code="t">Topis blues /</subfield>
      <subfield code="r">Nagy Feró ; Beatrice--</subfield>
      <subfield code="g">3.</subfield>
      <subfield code="t">Kőbánya blues /</subfield>
      <subfield code="r">Póka Egon, Deák Bill Gyula, Földes László ; Deák Bill Gyula ; közrem. Hobo Blues Band--</subfield>
      <subfield code="g">4.</subfield>
      <subfield code="t">Közép-Európai Hobo Blues No. 2 /</subfield>
      <subfield code="r">Póka Egon, Földes László ; Hobo Blues Band--</subfield>
      <subfield code="g">5.</subfield>
      <subfield code="t">Közép-Európai Hobo Blues No. 3 /</subfield>
      <subfield code="r">Póka Egon, Tátrai Tibor, Deák Bill Gyula, Földes László ; Deák Bill Gyula [et al.]--</subfield>
      <subfield code="g">6.</subfield>
      <subfield code="t">Sziszifuszi blues /</subfield>
      <subfield code="r">Presser Gábor, Sztevanovity Dusán ; LGT--</subfield>
      <subfield code="g">7.</subfield>
      <subfield code="t">Rolling Stones blues /</subfield>
      <subfield code="r">Póka Egon, Földes László ; Hobo Blues Band--</subfield>
      <subfield code="g">8.</subfield>
      <subfield code="t">Békés express blues /</subfield>
      <subfield code="r">Berki Tamás ; Berki Team--</subfield>
      <subfield code="g">9.</subfield>
      <subfield code="t">Füstös éjszaka blues /</subfield>
      <subfield code="r">Zámbó Imre, Horváth Attila ; Zámbó Jimmy--</subfield>
      <subfield code="g">10.</subfield>
      <subfield code="t">3:20-as blues /</subfield>
      <subfield code="r">Póka Egon, Földes László ; Hobo Blues Band--</subfield>
      <subfield code="g">11.</subfield>
      <subfield code="t">A szerény macskafarka blues /</subfield>
      <subfield code="r">Tátrai Tibor ; Tátrai Tibor git.--</subfield>
      <subfield code="g">12.</subfield>
      <subfield code="t">Banális blues /</subfield>
      <subfield code="r">Presser Gábor ; LGT--</subfield>
      <subfield code="g">13.</subfield>
      <subfield code="t">Országút blues /</subfield>
      <subfield code="r">Pálmai Zoltán, Deák Bill Gyula, Földes László ; Hobo Blues Band--</subfield>
      <subfield code="g">14.</subfield>
      <subfield code="t">Szalmonella blues /</subfield>
      <subfield code="r">Vas Zoltán, Muszty Bea, Dobay András ; Muszta Bea, Dobay András é., git.--</subfield>
      <subfield code="g">15.</subfield>
      <subfield code="t">Alkohol blues /</subfield>
      <subfield code="r">Zeffer András, Kékesi László [et al.] ; P. Mobil--</subfield>
      <subfield code="g">16.</subfield>
      <subfield code="t">Mindhalálig blues /</subfield>
      <subfield code="r">Deák Bill Gyula, Jenei Szilveszter [et al.] ; Deák Bill Gyula</subfield>
    </datafield>
    <datafield tag="650" ind1=" " ind2="5">
      <subfield code="a">popzene</subfield>
    </datafield>
    <datafield tag="650" ind1=" " ind2="5">
      <subfield code="a">rockzene</subfield>
    </datafield>
    <datafield tag="852" ind1=" " ind2=" ">
      <subfield code="a">BCS1</subfield>
      <subfield code="b">BCS1</subfield>
      <subfield code="x">bibBKO00096266</subfield>
    </datafield>
  </record>
  <record>
    <leader>01025njm  2200205 i 4500</leader>
    <controlfield tag="001">MOKKAZ0003746736  </controlfield>
    <controlfield tag="005">20040909215445.0</controlfield>
    <controlfield tag="008">030829s2003    hu   nn          1  hun d</controlfield>
    <datafield tag="028" ind1=" " ind2=" ">
      <subfield code="a">HCD 71164</subfield>
      <subfield code="b">Hungaroton</subfield>
    </datafield>
    <datafield tag="028" ind1=" " ind2=" ">
      <subfield code="a">HCD 71164</subfield>
      <subfield code="b">Hungaroton</subfield>
    </datafield>
    <datafield tag="035" ind1=" " ind2=" ">
      <subfield code="a">bibKLT00337834</subfield>
    </datafield>
    <datafield tag="040" ind1=" " ind2=" ">
      <subfield code="a">DEENK</subfield>
    </datafield>
    <datafield tag="041" ind1=" " ind2=" ">
      <subfield code="d">hun</subfield>
      <subfield code="g">hun</subfield>
    </datafield>
    <datafield tag="245" ind1="0" ind2="0">
      <subfield code="a">100% blues</subfield>
      <subfield code="h">[Hgf.]</subfield>
    </datafield>
    <datafield tag="260" ind1=" " ind2=" ">
      <subfield code="a">[Hungary] :</subfield>
      <subfield code="b">Hungaroton,</subfield>
      <subfield code="c">2003</subfield>
    </datafield>
    <datafield tag="300" ind1=" " ind2=" ">
      <subfield code="a">1 CD ;</subfield>
      <subfield code="c">12 cm +</subfield>
      <subfield code="e">melléklet</subfield>
    </datafield>
    <datafield tag="505" ind1="0" ind2="0">
      <subfield code="t">Szegényember blues +</subfield>
      <subfield code="t">Topis blues +</subfield>
      <subfield code="t">Kőbánya blues +</subfield>
      <subfield code="t">Közép-európai hobo blues no.2 +</subfield>
      <subfield code="t">Közép-európai hobo blues no.3 +</subfield>
      <subfield code="t">Sziszifuszi blues +</subfield>
      <subfield code="t">Rolling Stones blues +</subfield>
      <subfield code="t">Békés express blues +</subfield>
      <subfield code="t">Füstös éjszaka blues +</subfield>
      <subfield code="t">3.20-as blues +</subfield>
      <subfield code="t">Szerény macskafarka blues +</subfield>
      <subfield code="t">Banális blues +</subfield>
      <subfield code="t">Országút blues +</subfield>
      <subfield code="t">Szalmonella blues +</subfield>
      <subfield code="t">Alkohol blues +</subfield>
      <subfield code="t">Mindhalálig blues</subfield>
    </datafield>
    <datafield tag="511" ind1="2" ind2=" ">
      <subfield code="a">Takáts Tamás DBB ; Beatrice ; Deák Bill Gyula ; Hobo Blues Band ; LGT ; Berki Team ; Zámbó Jimmy ; Tátrai Tibor ; Muszty-Dobay ; P.Mobil</subfield>
    </datafield>
    <datafield tag="695" ind1=" " ind2=" ">
      <subfield code="a">blues</subfield>
    </datafield>
    <datafield tag="852" ind1=" " ind2=" ">
      <subfield code="a">D1</subfield>
      <subfield code="b">D1/Z</subfield>
      <subfield code="x">bibKLT00337834</subfield>
    </datafield>
  </record>
  <record>
    <leader>02550njm  2200253 ir4500</leader>
    <controlfield tag="001">MOKKAS0001567347  </controlfield>
    <controlfield tag="005">20060113211719.0</controlfield>
    <controlfield tag="008">050903s1995    hu            00010 eng d</controlfield>
    <datafield tag="028" ind1="0" ind2="0">
      <subfield code="a">VAR021 - VAR024</subfield>
    </datafield>
    <datafield tag="035" ind1=" " ind2=" ">
      <subfield code="a">bibVFK00003737</subfield>
    </datafield>
    <datafield tag="040" ind1=" " ind2=" ">
      <subfield code="a">VFMK</subfield>
    </datafield>
    <datafield tag="245" ind1="0" ind2="0">
      <subfield code="a">100 Blues 'n' soul greats</subfield>
      <subfield code="h">[Hangfelvétel] /</subfield>
      <subfield code="c">John Lee Hooker [és mások]</subfield>
    </datafield>
    <datafield tag="260" ind1=" " ind2=" ">
      <subfield code="a">[s.l.] :</subfield>
      <subfield code="b">Tring Int. Plc.,</subfield>
      <subfield code="c">cop. [1995?]</subfield>
    </datafield>
    <datafield tag="300" ind1=" " ind2=" ">
      <subfield code="a">4 db CD :</subfield>
      <subfield code="b">sztereó ;</subfield>
      <subfield code="c">12 cm</subfield>
    </datafield>
    <datafield tag="306" ind1=" " ind2=" ">
      <subfield code="a">288 min 50 s</subfield>
    </datafield>
    <datafield tag="504" ind1=" " ind2=" ">
      <subfield code="a">Cím-, szerzőségi és ea. adatok kieg. a borítóról</subfield>
    </datafield>
    <datafield tag="504" ind1=" " ind2=" ">
      <subfield code="a">Válogatás</subfield>
    </datafield>
    <datafield tag="505" ind1="0" ind2="0">
      <subfield code="g">1.</subfield>
      <subfield code="r">[ea.] John Lee Hooker, git., é.--</subfield>
      <subfield code="g">2.</subfield>
      <subfield code="r">[ea.] Howlin' Wolf, é.--</subfield>
      <subfield code="g">3.</subfield>
      <subfield code="t">Nothin' from nothin' blues /</subfield>
      <subfield code="r">[ea.] Joe Turner, é.--</subfield>
      <subfield code="g">4.</subfield>
      <subfield code="r">[ea.] Billie Holiday, é.--</subfield>
      <subfield code="g">5.</subfield>
      <subfield code="r">[ea.] Muddy Waters, é.--</subfield>
      <subfield code="g">6.</subfield>
      <subfield code="r">[ea.] Gatemouth Moore, é.--</subfield>
      <subfield code="g">7.</subfield>
      <subfield code="r">[ea.] Roy Milton. é.--</subfield>
      <subfield code="g">8.</subfield>
      <subfield code="r">[ea.] B. B. King, é.--</subfield>
      <subfield code="g">9.</subfield>
      <subfield code="t">I'm leaving you now /</subfield>
      <subfield code="r">[ea.] Lightnin' Hopkins, é.--</subfield>
      <subfield code="g">10.</subfield>
      <subfield code="t">Poor Howard green corn /</subfield>
      <subfield code="r">[ea.] Leadbelly, é.--</subfield>
      <subfield code="g">11.</subfield>
      <subfield code="r">[ea.] Elmore James, é.--</subfield>
      <subfield code="g">12.</subfield>
      <subfield code="t">Say /</subfield>
      <subfield code="r">[ea.] Joe Simon, é.--</subfield>
      <subfield code="g">13.</subfield>
      <subfield code="r">[ea.] Howlin' Wolf, é.--</subfield>
      <subfield code="g">14.</subfield>
      <subfield code="r">[ea.] John Lee Hooker, é.--</subfield>
      <subfield code="g">15.</subfield>
      <subfield code="r">[ea.] Billie Holiday, é.--</subfield>
      <subfield code="g">16.</subfield>
      <subfield code="r">[ea.] Muddy Waters, é.--</subfield>
      <subfield code="g">17.</subfield>
      <subfield code="r">[ea.] Gatemouth Moore, é.--</subfield>
      <subfield code="g">18.</subfield>
      <subfield code="r">[ea.] Lightnin' Hopkins, é.--</subfield>
      <subfield code="g">19.</subfield>
      <subfield code="r">[ea.] B. B. King, é.--</subfield>
      <subfield code="g">20.</subfield>
      <subfield code="r">[ea.] Leadbelly, é.--</subfield>
      <subfield code="g">21.</subfield>
      <subfield code="t">Look on Yonder wall /</subfield>
      <subfield code="r">[ea.] Elmore James, é.--</subfield>
      <subfield code="g">22.</subfield>
      <subfield code="t">Information blues /</subfield>
      <subfield code="r">[ea.] Roy Milton, é.--</subfield>
      <subfield code="g">23.</subfield>
      <subfield code="t">Little rain /</subfield>
      <subfield code="r">[ea.] Jimmy Reed, é.--</subfield>
      <subfield code="g">24.</subfield>
      <subfield code="r">[ea.] Muddy Waters, é.--</subfield>
      <subfield code="g">25.</subfield>
      <subfield code="r">[ea.] John Lee Hooker, é.--</subfield>
      <subfield code="g">26.</subfield>
      <subfield code="r">[ea.] Howlin' Wolf, é.--</subfield>
      <subfield code="g">27.</subfield>
      <subfield code="r">[ea.] Billie Holiday, é.--</subfield>
      <subfield code="g">28.</subfield>
      <subfield code="r">[ea.] Gatemouth Moore, é.--</subfield>
      <subfield code="g">29.</subfield>
      <subfield code="t">Mojo hand /</subfield>
      <subfield code="r">[ea.] Lightnin' Hopkins, é.--</subfield>
      <subfield code="g">30.</subfield>
      <subfield code="r">[ea.] Leadbelly, é.--</subfield>
      <subfield code="g">31.</subfield>
      <subfield code="r">[ea.] Ray Charles, é.--</subfield>
      <subfield code="g">32.</subfield>
      <subfield code="t">Wee baby blues /</subfield>
      <subfield code="r">[ea.] Joe Turner, é.--</subfield>
      <subfield code="g">33.</subfield>
      <subfield code="t">It hurts me too /</subfield>
      <subfield code="r">[ea.] Elmore James, é.--</subfield>
      <subfield code="g">34.</subfield>
      <subfield code="t">Everyday /</subfield>
      <subfield code="r">[ea.] B. B. King, é.--</subfield>
      <subfield code="g">35.</subfield>
      <subfield code="t">Mean old world /</subfield>
      <subfield code="r">[ea.] Little Walter, é.--</subfield>
      <subfield code="g">36.</subfield>
      <subfield code="t">Where can you be /</subfield>
      <subfield code="r">[ea.] Jimmy Reed, é.--</subfield>
      <subfield code="g">37.</subfield>
      <subfield code="r">[ea.] John Lee Hooker, git., é.--</subfield>
      <subfield code="g">38.</subfield>
      <subfield code="r">[ea.] Billie Holiday, é.--</subfield>
      <subfield code="g">39.</subfield>
      <subfield code="t">Hold onto your money /</subfield>
      <subfield code="r">[ea.] Howlin' Wolf, é.--</subfield>
      <subfield code="g">40.</subfield>
      <subfield code="r">[ea.] B. B. King, é.--</subfield>
      <subfield code="g">41.</subfield>
      <subfield code="r">[ea.] Lightnin' Hopkins, é.--</subfield>
      <subfield code="g">42.</subfield>
      <subfield code="r">[ea.] Gatemouth Moore, é.--</subfield>
      <subfield code="g">43.</subfield>
      <subfield code="r">[ea.] Ray Charles, é.--</subfield>
      <subfield code="g">44.</subfield>
      <subfield code="r">[ea.] Leadbelly, é.--</subfield>
      <subfield code="g">45.</subfield>
      <subfield code="t">I got a big fat mama /</subfield>
      <subfield code="r">[ea.] Roy Milton. é.--</subfield>
      <subfield code="g">46.</subfield>
      <subfield code="t">Coming home /</subfield>
      <subfield code="r">[ea.] Elmore James, é.--</subfield>
      <subfield code="g">47.</subfield>
      <subfield code="r">[ea.] Muddy Waters, é.</subfield>
    </datafield>
    <datafield tag="650" ind1=" " ind2="4">
      <subfield code="a">Amerikai</subfield>
    </datafield>
    <datafield tag="650" ind1=" " ind2="5">
      <subfield code="a">Jazz</subfield>
    </datafield>
    <datafield tag="650" ind1=" " ind2="5">
      <subfield code="a">Blues zene</subfield>
    </datafield>
    <datafield tag="650" ind1=" " ind2="5">
      <subfield code="a">Soul-zene</subfield>
    </datafield>
    <datafield tag="650" ind1=" " ind2="6">
      <subfield code="a">Jazz</subfield>
    </datafield>
    <datafield tag="852" ind1=" " ind2=" ">
      <subfield code="a">SZL1</subfield>
      <subfield code="b">SZL1</subfield>
      <subfield code="x">bibVFK00003737</subfield>
    </datafield>
  </record>
  <record>
    <leader>00921njm  2200181   4500</leader>
    <controlfield tag="001">MOKKAZ0004745431  </controlfield>
    <controlfield tag="005">20040910095815.0</controlfield>
    <controlfield tag="008">000211s2003                        hun d</controlfield>
    <datafield tag="028" ind1=" " ind2=" ">
      <subfield code="a">HCD 71164</subfield>
    </datafield>
    <datafield tag="035" ind1=" " ind2=" ">
      <subfield code="a">bibFSZ933705</subfield>
    </datafield>
    <datafield tag="040" ind1=" " ind2=" ">
      <subfield code="a">FSZEK</subfield>
    </datafield>
    <datafield tag="245" ind1="0" ind2="0">
      <subfield code="a">100% blues</subfield>
      <subfield code="h">[Hangfelvétel] /</subfield>
      <subfield code="c">Takáts Tamás Dirty Blues Band [et al.]</subfield>
    </datafield>
    <datafield tag="260" ind1=" " ind2=" ">
      <subfield code="a">[Budapest] :</subfield>
      <subfield code="b">Hungaroton,</subfield>
      <subfield code="c">cop. 2003</subfield>
    </datafield>
    <datafield tag="300" ind1=" " ind2=" ">
      <subfield code="a">1 CD (65 min 26 s) ;</subfield>
      <subfield code="c">12 cm +</subfield>
      <subfield code="e">1 füz.</subfield>
    </datafield>
    <datafield tag="505" ind1="0" ind2="0">
      <subfield code="t">Szegény ember blues ;</subfield>
      <subfield code="t">Topis blues ;</subfield>
      <subfield code="t">Kőbánya blues ;</subfield>
      <subfield code="t">Közép-európai hobo blues No. 2 ;</subfield>
      <subfield code="t">Közép-európai hobo blues No. 3 ;</subfield>
      <subfield code="t">Sziszifuszi blues ;</subfield>
      <subfield code="t">Rolling Stones blues ;</subfield>
      <subfield code="t">Békés express blues ;</subfield>
      <subfield code="t">Füstös éjszaka blues ;</subfield>
      <subfield code="t">3.20-as blues ;</subfield>
      <subfield code="t">A szerény macskafarka blues ;</subfield>
      <subfield code="t">Banális blues ;</subfield>
      <subfield code="t">Országút blues ;</subfield>
      <subfield code="t">Szalmonella blues ;</subfield>
      <subfield code="t">Alkohol blues ;</subfield>
      <subfield code="t">Mindhalálig blues</subfield>
    </datafield>
    <datafield tag="695" ind1=" " ind2="1">
      <subfield code="a">blues</subfield>
    </datafield>
    <datafield tag="710" ind1="2" ind2=" ">
      <subfield code="a">Takáts Tamás Dirty Blues Band</subfield>
      <subfield code="4">közrem.</subfield>
    </datafield>
    <datafield tag="852" ind1=" " ind2=" ">
      <subfield code="a">B10</subfield>
      <subfield code="b">1308</subfield>
      <subfield code="x">bibFSZ933705</subfield>
    </datafield>
  </record>
  <record>
    <leader>00848njm  2200181   4500</leader>
    <controlfield tag="001">MOKKAN0004234174  </controlfield>
    <controlfield tag="005">20070407214137.0</controlfield>
    <controlfield tag="008">991029s2004                        por d</controlfield>
    <datafield tag="028" ind1=" " ind2=" ">
      <subfield code="a">TCD 2765</subfield>
    </datafield>
    <datafield tag="035" ind1=" " ind2=" ">
      <subfield code="a">bibFSZ1032868</subfield>
    </datafield>
    <datafield tag="040" ind1=" " ind2=" ">
      <subfield code="a">FSZEK</subfield>
    </datafield>
    <datafield tag="245" ind1="0" ind2="0">
      <subfield code="a">100 % bossa nova</subfield>
      <subfield code="h">[Hangfelvétel] :</subfield>
      <subfield code="b">the sound of the Copa Cobana /</subfield>
      <subfield code="c">Stan Getz [et al.]</subfield>
    </datafield>
    <datafield tag="260" ind1=" " ind2=" ">
      <subfield code="a">[S.l.] :</subfield>
      <subfield code="b">[S.n.],</subfield>
      <subfield code="c">[2004]</subfield>
    </datafield>
    <datafield tag="300" ind1=" " ind2=" ">
      <subfield code="a">1 CD (62 min) ;</subfield>
      <subfield code="c">12 cm +</subfield>
      <subfield code="e">1 t.</subfield>
    </datafield>
    <datafield tag="505" ind1="0" ind2="0">
      <subfield code="t">Desafinado ;</subfield>
      <subfield code="t">Samba saravah ;</subfield>
      <subfield code="t">Garota de ipanema ;</subfield>
      <subfield code="t">Samba de veloso ;</subfield>
      <subfield code="t">Triste ;</subfield>
      <subfield code="t">Chega de saudade ;</subfield>
      <subfield code="t">A felicidade ;</subfield>
      <subfield code="t">Saudade vem correndo ;</subfield>
      <subfield code="t">Vailevando ;</subfield>
      <subfield code="t">Travessia ;</subfield>
      <subfield code="t">Agua de beber ;</subfield>
      <subfield code="t">Incerteza ;</subfield>
      <subfield code="t">Morena flor ;</subfield>
      <subfield code="t">Wave ;</subfield>
      <subfield code="t">Aguas de marco ;</subfield>
      <subfield code="t">Embola a bola ;</subfield>
      <subfield code="t">Carolina ;</subfield>
      <subfield code="t">Rapaz de bem ;</subfield>
      <subfield code="t">Corcovado</subfield>
    </datafield>
    <datafield tag="695" ind1=" " ind2="1">
      <subfield code="a">jazz</subfield>
    </datafield>
    <datafield tag="700" ind1="1" ind2=" ">
      <subfield code="a">Getz, Stan</subfield>
      <subfield code="c">(dzsesszzenész)</subfield>
      <subfield code="d">(1927-1991)</subfield>
      <subfield code="4">közrem.</subfield>
    </datafield>
    <datafield tag="852" ind1=" " ind2=" ">
      <subfield code="a">B10</subfield>
      <subfield code="b">B10</subfield>
      <subfield code="x">bibFSZ1032868</subfield>
    </datafield>
  </record>
  <record>
    <leader>00706nam  2200217 i 4500</leader>
    <controlfield tag="001">MOKKAZ0004855387  </controlfield>
    <controlfield tag="005">20040910111009.0</controlfield>
    <controlfield tag="008">      s1997    gw            00010 ger d</controlfield>
    <datafield tag="020" ind1=" " ind2=" ">
      <subfield code="a">3 468 41112 X</subfield>
    </datafield>
    <datafield tag="035" ind1=" " ind2=" ">
      <subfield code="a">bibJPT00132237</subfield>
    </datafield>
    <datafield tag="040" ind1=" " ind2=" ">
      <subfield code="a">PTE</subfield>
    </datafield>
    <datafield tag="041" ind1="0" ind2=" ">
      <subfield code="a">ger</subfield>
      <subfield code="b">engfrespa</subfield>
    </datafield>
    <datafield tag="245" ind1="0" ind2="0">
      <subfield code="a">100 Briefe Deutsch für Export und Import /</subfield>
      <subfield code="c">Neubearb. von Birgit Abegg</subfield>
    </datafield>
    <datafield tag="260" ind1="0" ind2=" ">
      <subfield code="a">Berlin [etc.] :</subfield>
      <subfield code="b">Langenscheidt,</subfield>
      <subfield code="c">1997</subfield>
    </datafield>
    <datafield tag="300" ind1=" " ind2=" ">
      <subfield code="a">160 p. ;</subfield>
      <subfield code="c">21 cm</subfield>
    </datafield>
    <datafield tag="490" ind1="1" ind2=" ">
      <subfield code="a">(Langenscheidts Musterbriefe)</subfield>
    </datafield>
    <datafield tag="546" ind1=" " ind2=" ">
      <subfield code="a">Szakkifejezések angol, francia, spanyol nyelven</subfield>
    </datafield>
    <datafield tag="695" ind1=" " ind2=" ">
      <subfield code="a">Német nyelvkönyv, levelezés</subfield>
    </datafield>
    <datafield tag="700" ind1="1" ind2=" ">
      <subfield code="a">Abegg, Birgit</subfield>
    </datafield>
    <datafield tag="830" ind1=" " ind2="0">
      <subfield code="a">Langenscheidts Musterbriefe</subfield>
    </datafield>
    <datafield tag="852" ind1=" " ind2=" ">
      <subfield code="a">P1</subfield>
      <subfield code="B">P1/1L</subfield>
      <subfield code="b">P1/2N</subfield>
      <subfield code="x">bibJPT00132237</subfield>
    </datafield>
  </record>
  <record>
    <leader>00767nam  2200229 i 4500</leader>
    <controlfield tag="001">MOKKAS0002217668  </controlfield>
    <controlfield tag="005">20060617192323.0</controlfield>
    <controlfield tag="008">990111s1999    gw a          00010 ger d</controlfield>
    <datafield tag="020" ind1=" " ind2=" ">
      <subfield code="a">3 468 41112 X (fűzött)</subfield>
    </datafield>
    <datafield tag="035" ind1=" " ind2=" ">
      <subfield code="a">bibSOK00087987</subfield>
    </datafield>
    <datafield tag="040" ind1=" " ind2=" ">
      <subfield code="a">SK</subfield>
    </datafield>
    <datafield tag="100" ind1="1" ind2=" ">
      <subfield code="a">Abegg, Birgit</subfield>
    </datafield>
    <datafield tag="245" ind1="1" ind2="0">
      <subfield code="a">100 Briefe Deutsch :</subfield>
      <subfield code="b">für Export und Import /</subfield>
      <subfield code="c">von Birgit Abegg</subfield>
    </datafield>
    <datafield tag="260" ind1=" " ind2=" ">
      <subfield code="a">Berlin [etc.] :</subfield>
      <subfield code="b">Langenscheidt,</subfield>
      <subfield code="c">[1999]</subfield>
    </datafield>
    <datafield tag="300" ind1=" " ind2=" ">
      <subfield code="a">160 p. ;</subfield>
      <subfield code="b">ill. ;</subfield>
      <subfield code="c">22 cm</subfield>
    </datafield>
    <datafield tag="490" ind1="1" ind2=" ">
      <subfield code="a">(Langenscheidts Musterbriefe)</subfield>
    </datafield>
    <datafield tag="650" ind1=" " ind2="7">
      <subfield code="a">Német nyelv</subfield>
      <subfield code="x">levelezés</subfield>
      <subfield code="x">kereskedelmi</subfield>
      <subfield code="2">szte</subfield>
    </datafield>
    <datafield tag="650" ind1=" " ind2="7">
      <subfield code="a">Kereskedelmi nyelv</subfield>
      <subfield code="x">német</subfield>
      <subfield code="2">szte</subfield>
    </datafield>
    <datafield tag="650" ind1=" " ind2="7">
      <subfield code="a">Üzleti nyelv</subfield>
      <subfield code="x">német</subfield>
      <subfield code="2">szte</subfield>
    </datafield>
    <datafield tag="695" ind1=" " ind2=" ">
      <subfield code="a">A Goethe Institut ajándéka</subfield>
    </datafield>
    <datafield tag="830" ind1=" " ind2="0">
      <subfield code="a">Langenscheidts Musterbriefe</subfield>
    </datafield>
    <datafield tag="852" ind1=" " ind2=" ">
      <subfield code="a">SZ4</subfield>
      <subfield code="b">SZ4</subfield>
      <subfield code="x">bibSOK00087987</subfield>
    </datafield>
  </record>
  <record>
    <leader>00889nam  2200301 i 4500</leader>
    <controlfield tag="001">MOKKAS0001279592  </controlfield>
    <controlfield tag="005">20090521145653.0</controlfield>
    <controlfield tag="008">      s1983    hu            00010 ger d</controlfield>
    <datafield tag="020" ind1=" " ind2=" ">
      <subfield code="a">3-468-41111-1 (fűzött) :</subfield>
      <subfield code="c">128,- Ft</subfield>
    </datafield>
    <datafield tag="035" ind1=" " ind2=" ">
      <subfield code="a">bibRFK00110474</subfield>
    </datafield>
    <datafield tag="040" ind1=" " ind2=" ">
      <subfield code="a">RFMK</subfield>
    </datafield>
    <datafield tag="041" ind1=" " ind2=" ">
      <subfield code="a">ger</subfield>
    </datafield>
    <datafield tag="245" ind1="0" ind2="0">
      <subfield code="a">100 Briefe Deutsch für Export und Import /</subfield>
      <subfield code="c">Neubearb von Wolfgang Manekeller</subfield>
    </datafield>
    <datafield tag="250" ind1=" " ind2=" ">
      <subfield code="a">2. Aufl.</subfield>
    </datafield>
    <datafield tag="260" ind1=" " ind2=" ">
      <subfield code="a">Berlin [etc.] :</subfield>
      <subfield code="b">Langenscheidt,</subfield>
      <subfield code="c">cop. 1983</subfield>
    </datafield>
    <datafield tag="300" ind1=" " ind2=" ">
      <subfield code="a">160 p. ;</subfield>
      <subfield code="c">21 cm</subfield>
    </datafield>
    <datafield tag="490" ind1="1" ind2=" ">
      <subfield code="a">(Langenscheidts Musterbriefe)</subfield>
    </datafield>
    <datafield tag="500" ind1=" " ind2=" ">
      <subfield code="a">rs</subfield>
    </datafield>
    <datafield tag="650" ind1=" " ind2="4">
      <subfield code="a">levélminták</subfield>
    </datafield>
    <datafield tag="650" ind1=" " ind2="4">
      <subfield code="a">üzleti levelezés</subfield>
    </datafield>
    <datafield tag="650" ind1=" " ind2="4">
      <subfield code="a">német nyelv</subfield>
    </datafield>
    <datafield tag="650" ind1=" " ind2="4">
      <subfield code="a">Iratminták</subfield>
    </datafield>
    <datafield tag="650" ind1=" " ind2="4">
      <subfield code="a">Külgazdaság</subfield>
    </datafield>
    <datafield tag="650" ind1=" " ind2="4">
      <subfield code="a">Külkereskedelem</subfield>
    </datafield>
    <datafield tag="700" ind1="1" ind2=" ">
      <subfield code="a">Manekeller, Wolfgang</subfield>
      <subfield code="4">átd.</subfield>
    </datafield>
    <datafield tag="830" ind1=" " ind2="0">
      <subfield code="a">Langenscheidts Musterbriefe</subfield>
    </datafield>
    <datafield tag="852" ind1=" " ind2=" ">
      <subfield code="a">M2</subfield>
      <subfield code="b">M2</subfield>
      <subfield code="x">bibRFK00110474</subfield>
    </datafield>
    <datafield tag="852" ind1=" " ind2=" ">
      <subfield code="a">B12</subfield>
      <subfield code="b">B12</subfield>
      <subfield code="x">BCEKK140255</subfield>
    </datafield>
  </record>
  <record>
    <leader>00622nam  2200217 i 4500</leader>
    <controlfield tag="001">MOKKAZ0006411934  </controlfield>
    <controlfield tag="005">20040915201209.0</controlfield>
    <controlfield tag="008">900418m19879999de             00 0 gerod</controlfield>
    <datafield tag="020" ind1=" " ind2=" ">
      <subfield code="a">3-468-41111-1</subfield>
    </datafield>
    <datafield tag="035" ind1=" " ind2=" ">
      <subfield code="a">810123</subfield>
    </datafield>
    <datafield tag="040" ind1=" " ind2=" ">
      <subfield code="a">OSZK</subfield>
    </datafield>
    <datafield tag="041" ind1="0" ind2=" ">
      <subfield code="a">gerger</subfield>
    </datafield>
    <datafield tag="072" ind1=" " ind2="1">
      <subfield code="a">x</subfield>
    </datafield>
    <datafield tag="100" ind1="1" ind2=" ">
      <subfield code="a">Manekeller, Wolfgang</subfield>
    </datafield>
    <datafield tag="245" ind1="1" ind2="0">
      <subfield code="a">100 Briefe Deutsch für Export und Import /</subfield>
      <subfield code="c">Neubearb. von Wolfgang Manekeller</subfield>
    </datafield>
    <datafield tag="250" ind1=" " ind2=" ">
      <subfield code="a">5. Aufl.</subfield>
    </datafield>
    <datafield tag="260" ind1=" " ind2=" ">
      <subfield code="a">Berlin, [W.] [etc.] :</subfield>
      <subfield code="b">Langenscheidt,</subfield>
      <subfield code="c">1987</subfield>
    </datafield>
    <datafield tag="300" ind1=" " ind2=" ">
      <subfield code="a">160 p. ;</subfield>
      <subfield code="c">21 cm</subfield>
    </datafield>
    <datafield tag="490" ind1="1" ind2=" ">
      <subfield code="a">Langenscheidts Musterbriefe</subfield>
    </datafield>
    <datafield tag="830" ind1=" " ind2="0">
      <subfield code="a">Langenscheidts Musterbriefe</subfield>
    </datafield>
    <datafield tag="852" ind1=" " ind2=" ">
      <subfield code="a">B1</subfield>
      <subfield code="b">B1</subfield>
      <subfield code="x">810123</subfield>
    </datafield>
  </record>
  <record>
    <leader>00612nam  2200181 i 4500</leader>
    <controlfield tag="001">MOKKAS0003297607  </controlfield>
    <controlfield tag="005">20060603205450.0</controlfield>
    <controlfield tag="008">050101s1991                            d</controlfield>
    <datafield tag="020" ind1=" " ind2=" ">
      <subfield code="a">3-468-41111-1</subfield>
    </datafield>
    <datafield tag="035" ind1=" " ind2=" ">
      <subfield code="a">378175</subfield>
    </datafield>
    <datafield tag="040" ind1=" " ind2=" ">
      <subfield code="a">KKMK</subfield>
    </datafield>
    <datafield tag="245" ind1="0" ind2="0">
      <subfield code="a">100 Briefe Deutsch für Export und Import /</subfield>
      <subfield code="c">neubearb. Wolfgang Manekeller</subfield>
    </datafield>
    <datafield tag="260" ind1=" " ind2=" ">
      <subfield code="a">München :</subfield>
      <subfield code="b">Langenscheidt KG,</subfield>
      <subfield code="c">1991</subfield>
    </datafield>
    <datafield tag="650" ind1=" " ind2="4">
      <subfield code="a">Kereskedelmi levelezés, német</subfield>
      <subfield code="x">kézikönyvek stb.</subfield>
    </datafield>
    <datafield tag="650" ind1=" " ind2="4">
      <subfield code="a">Német nyelv</subfield>
      <subfield code="x">üzleti német</subfield>
      <subfield code="x">kézikönyvek stb.</subfield>
    </datafield>
    <datafield tag="700" ind1="1" ind2="0">
      <subfield code="a">Manekeller Wolfgang</subfield>
      <subfield code="4">(neubearb.)</subfield>
    </datafield>
    <datafield tag="852" ind1=" " ind2=" ">
      <subfield code="a">GY1</subfield>
      <subfield code="b">GY1</subfield>
      <subfield code="x">378175</subfield>
    </datafield>
    <datafield tag="852" ind1=" " ind2=" ">
      <subfield code="a">SZK1</subfield>
      <subfield code="b">SZK1</subfield>
      <subfield code="x">bibTMK136388</subfield>
    </datafield>
  </record>
  <record>
    <leader>01228nam  2200349 i 4500</leader>
    <controlfield tag="001">MOKKAZ0003275141  </controlfield>
    <controlfield tag="005">20100521180102.0</controlfield>
    <controlfield tag="008">      s1992    gw            00010 ger d</controlfield>
    <datafield tag="020" ind1=" " ind2=" ">
      <subfield code="a">3 468 41111 1</subfield>
    </datafield>
    <datafield tag="035" ind1=" " ind2=" ">
      <subfield code="a">bibKLT00057768</subfield>
    </datafield>
    <datafield tag="040" ind1=" " ind2=" ">
      <subfield code="a">DEENK</subfield>
    </datafield>
    <datafield tag="041" ind1="1" ind2=" ">
      <subfield code="a">ger</subfield>
      <subfield code="b">engfreita</subfield>
    </datafield>
    <datafield tag="080" ind1=" " ind2=" ">
      <subfield code="a">339.16:</subfield>
    </datafield>
    <datafield tag="080" ind1=" " ind2=" ">
      <subfield code="a">803.0[37]</subfield>
    </datafield>
    <datafield tag="080" ind1=" " ind2=" ">
      <subfield code="a">651.7[803.0]:</subfield>
    </datafield>
    <datafield tag="245" ind1="0" ind2="0">
      <subfield code="a">100 Briefe Deutsch für Export und Import</subfield>
    </datafield>
    <datafield tag="250" ind1=" " ind2=" ">
      <subfield code="a">Neuaufl. /</subfield>
      <subfield code="b">Neubearb. von Wolfgang Manekeller</subfield>
    </datafield>
    <datafield tag="260" ind1=" " ind2=" ">
      <subfield code="a">Berlin [etc.] :</subfield>
      <subfield code="b">Langenscheidt,</subfield>
      <subfield code="c">1992</subfield>
    </datafield>
    <datafield tag="300" ind1=" " ind2=" ">
      <subfield code="a">160 p. ;</subfield>
      <subfield code="c">21 cm</subfield>
    </datafield>
    <datafield tag="490" ind1="1" ind2=" ">
      <subfield code="a">(Langenscheidts Musterbriefe)</subfield>
    </datafield>
    <datafield tag="534" ind1=" " ind2=" ">
      <subfield code="a">1. lenyomat:</subfield>
      <subfield code="c">1983</subfield>
    </datafield>
    <datafield tag="650" ind1=" " ind2="4">
      <subfield code="a">Kereskedelmi levelezés, német</subfield>
      <subfield code="x">kézikönyvek stb.</subfield>
    </datafield>
    <datafield tag="650" ind1=" " ind2="4">
      <subfield code="a">Német nyelv</subfield>
      <subfield code="x">üzleti német</subfield>
      <subfield code="x">kézikönyvek stb.</subfield>
    </datafield>
    <datafield tag="650" ind1=" " ind2="0">
      <subfield code="a">Commercial correspondence, German</subfield>
      <subfield code="x">Handbooks, manuals, etc.</subfield>
    </datafield>
    <datafield tag="650" ind1=" " ind2="0">
      <subfield code="a">German language</subfield>
      <subfield code="x">Business German</subfield>
      <subfield code="x">Handbooks, manuals, etc.</subfield>
    </datafield>
    <datafield tag="695" ind1=" " ind2=" ">
      <subfield code="a">Üzleti levelezés</subfield>
      <subfield code="x">német</subfield>
    </datafield>
    <datafield tag="695" ind1=" " ind2=" ">
      <subfield code="a">üzleti levelezés, német</subfield>
    </datafield>
    <datafield tag="700" ind1="1" ind2=" ">
      <subfield code="a">Manekeller, Wolfgang</subfield>
    </datafield>
    <datafield tag="830" ind1=" " ind2="0">
      <subfield code="a">Langenscheidts Musterbriefe</subfield>
    </datafield>
    <datafield tag="852" ind1=" " ind2=" ">
      <subfield code="a">D1</subfield>
      <subfield code="b">D1/OE</subfield>
      <subfield code="x">bibKLT00057768</subfield>
    </datafield>
    <datafield tag="852" ind1=" " ind2=" ">
      <subfield code="a">SZ4</subfield>
      <subfield code="b">SZ4</subfield>
      <subfield code="x">bibJPT0008427</subfield>
    </datafield>
    <datafield tag="852" ind1=" " ind2=" ">
      <subfield code="a">P1</subfield>
      <subfield code="b">P1/O</subfield>
      <subfield code="b">P1/2S</subfield>
      <subfield code="b">P1/OB</subfield>
      <subfield code="b">P1/DB</subfield>
      <subfield code="B">P1/2S</subfield>
      <subfield code="B">P1/OB</subfield>
      <subfield code="x">bibJPT0008427</subfield>
    </datafield>
  </record>
  <record>
    <leader>00858nam  2200241 i 4500</leader>
    <controlfield tag="001">MOKKAS0003531808  </controlfield>
    <controlfield tag="005">20060606040634.0</controlfield>
    <controlfield tag="008">050714s1972                        ger d</controlfield>
    <datafield tag="020" ind1=" " ind2=" ">
      <subfield code="a">3 468 41120 0</subfield>
    </datafield>
    <datafield tag="035" ind1=" " ind2=" ">
      <subfield code="a">632473</subfield>
    </datafield>
    <datafield tag="040" ind1=" " ind2=" ">
      <subfield code="a">OIK</subfield>
    </datafield>
    <datafield tag="041" ind1="0" ind2=" ">
      <subfield code="a">gereng</subfield>
    </datafield>
    <datafield tag="100" ind1="1" ind2=" ">
      <subfield code="a">Anderson, B.</subfield>
    </datafield>
    <datafield tag="245" ind1="1" ind2="0">
      <subfield code="a">100 Briefe Englisch für Export und Import /</subfield>
      <subfield code="c">... von B. Anderson und M. Morth</subfield>
    </datafield>
    <datafield tag="260" ind1=" " ind2=" ">
      <subfield code="a">Berlin ; München ; Zürich :</subfield>
      <subfield code="b">Langenscheidt GK,</subfield>
      <subfield code="c">1972</subfield>
    </datafield>
    <datafield tag="300" ind1=" " ind2=" ">
      <subfield code="a">142 p. ;</subfield>
      <subfield code="c">20 cm</subfield>
    </datafield>
    <datafield tag="650" ind1=" " ind2="4">
      <subfield code="a">Angol nyelvkönyvek</subfield>
    </datafield>
    <datafield tag="650" ind1=" " ind2="4">
      <subfield code="a">Levelezés. Közlemények. Jelentések</subfield>
    </datafield>
    <datafield tag="650" ind1=" " ind2="4">
      <subfield code="a">Külkereskedelem. Nemzetközi kereskedelem. Külkereskedelmi politika. Vámok. Vámpo</subfield>
    </datafield>
    <datafield tag="650" ind1=" " ind2="4">
      <subfield code="a">Külkereskedelem. Nemzetközi kereskedelem. Külkereskedelmi politika. Vámok. Vámpolitika</subfield>
    </datafield>
    <datafield tag="700" ind1="1" ind2=" ">
      <subfield code="a">North, M.</subfield>
    </datafield>
    <datafield tag="852" ind1=" " ind2=" ">
      <subfield code="a">B14</subfield>
      <subfield code="b">B14</subfield>
      <subfield code="x">632473</subfield>
    </datafield>
    <datafield tag="852" ind1=" " ind2=" ">
      <subfield code="a">B14</subfield>
      <subfield code="b">B14</subfield>
      <subfield code="x">OIK632473</subfield>
    </datafield>
  </record>
  <record>
    <leader>00859nam  2200277 i 4500</leader>
    <controlfield tag="001">MOKKAS0001311525  </controlfield>
    <controlfield tag="005">20060112213457.0</controlfield>
    <controlfield tag="008">      s1985    hu            00010 eng d</controlfield>
    <datafield tag="020" ind1=" " ind2=" ">
      <subfield code="a">3-468-41120-0 (fűzött) :</subfield>
      <subfield code="c">180,- Ft</subfield>
    </datafield>
    <datafield tag="035" ind1=" " ind2=" ">
      <subfield code="a">bibRFK00140113</subfield>
    </datafield>
    <datafield tag="040" ind1=" " ind2=" ">
      <subfield code="a">RFMK</subfield>
    </datafield>
    <datafield tag="041" ind1=" " ind2=" ">
      <subfield code="a">engger</subfield>
    </datafield>
    <datafield tag="245" ind1="0" ind2="0">
      <subfield code="a">100 Briefe English für Export und Import /</subfield>
      <subfield code="c">Neubearb. von B. Anderson, M. North</subfield>
    </datafield>
    <datafield tag="250" ind1=" " ind2=" ">
      <subfield code="a">11. Aufl.</subfield>
    </datafield>
    <datafield tag="260" ind1=" " ind2=" ">
      <subfield code="a">Berlin ;</subfield>
      <subfield code="a">München :</subfield>
      <subfield code="b">Langenscheidt,</subfield>
      <subfield code="c">1985</subfield>
    </datafield>
    <datafield tag="300" ind1=" " ind2=" ">
      <subfield code="a">143 p. ;</subfield>
      <subfield code="c">21 cm</subfield>
    </datafield>
    <datafield tag="490" ind1="1" ind2=" ">
      <subfield code="a">(Langenscheidts Musterbriefe)</subfield>
    </datafield>
    <datafield tag="500" ind1=" " ind2=" ">
      <subfield code="a">rn</subfield>
      <subfield code="a">n</subfield>
    </datafield>
    <datafield tag="650" ind1=" " ind2="4">
      <subfield code="a">külkereskedelem</subfield>
    </datafield>
    <datafield tag="650" ind1=" " ind2="4">
      <subfield code="a">kereskedelmi levelezés</subfield>
    </datafield>
    <datafield tag="650" ind1=" " ind2="4">
      <subfield code="a">levélminták</subfield>
    </datafield>
    <datafield tag="650" ind1=" " ind2="4">
      <subfield code="a">angol - német</subfield>
    </datafield>
    <datafield tag="700" ind1="1" ind2=" ">
      <subfield code="a">Anderson, Blaine Aislinn</subfield>
      <subfield code="4">összeáll.</subfield>
    </datafield>
    <datafield tag="700" ind1="1" ind2=" ">
      <subfield code="a">North, M.</subfield>
      <subfield code="4">összeáll.</subfield>
    </datafield>
    <datafield tag="830" ind1=" " ind2="0">
      <subfield code="a">Langenscheidts Musterbriefe</subfield>
    </datafield>
    <datafield tag="852" ind1=" " ind2=" ">
      <subfield code="a">M2</subfield>
      <subfield code="b">M2</subfield>
      <subfield code="x">bibRFK00140113</subfield>
    </datafield>
  </record>
  <record>
    <leader>00591nam  2200205 i 4500</leader>
    <controlfield tag="001">MOKKAW0005235248  </controlfield>
    <controlfield tag="005">20080404122927.0</controlfield>
    <controlfield tag="008">050714s1957                        ger d</controlfield>
    <datafield tag="035" ind1=" " ind2=" ">
      <subfield code="a">OIK458268</subfield>
    </datafield>
    <datafield tag="040" ind1=" " ind2=" ">
      <subfield code="a">OIK</subfield>
    </datafield>
    <datafield tag="041" ind1="0" ind2=" ">
      <subfield code="a">ger</subfield>
    </datafield>
    <datafield tag="245" ind1="1" ind2="0">
      <subfield code="a">100 Briefe Englisch für Export und Import /</subfield>
      <subfield code="c">Zgest. v. J. Libis</subfield>
    </datafield>
    <datafield tag="250" ind1=" " ind2=" ">
      <subfield code="a">12. Aufl</subfield>
    </datafield>
    <datafield tag="260" ind1=" " ind2=" ">
      <subfield code="a">Berlin</subfield>
      <subfield code="a">Schöneberg :</subfield>
      <subfield code="b">Langenscheidt KG,</subfield>
      <subfield code="c">1957</subfield>
    </datafield>
    <datafield tag="300" ind1=" " ind2=" ">
      <subfield code="a">139 p</subfield>
    </datafield>
    <datafield tag="650" ind1=" " ind2="4">
      <subfield code="a">Angol nyelvkönyvek</subfield>
    </datafield>
    <datafield tag="650" ind1=" " ind2="4">
      <subfield code="a">Kereskedelmi, üzleti levelezés</subfield>
    </datafield>
    <datafield tag="700" ind1="1" ind2=" ">
      <subfield code="a">Libis John</subfield>
      <subfield code="4">(összeáll)</subfield>
    </datafield>
    <datafield tag="852" ind1=" " ind2=" ">
      <subfield code="a">B14</subfield>
      <subfield code="b">B14</subfield>
      <subfield code="x">OIK458268</subfield>
    </datafield>
    <datafield tag="852" ind1=" " ind2=" ">
      <subfield code="a">B14</subfield>
      <subfield code="b">B14</subfield>
      <subfield code="x">458268</subfield>
    </datafield>
  </record>
  <record>
    <leader>00822nama 22002291i 4500</leader>
    <controlfield tag="001">MOKKAS0000625104  </controlfield>
    <controlfield tag="005">20060614180727.0</controlfield>
    <controlfield tag="008">041001s1969    de            000 0 gerod</controlfield>
    <datafield tag="035" ind1=" " ind2=" ">
      <subfield code="a">1383979</subfield>
    </datafield>
    <datafield tag="040" ind1=" " ind2=" ">
      <subfield code="a">OSZK</subfield>
    </datafield>
    <datafield tag="041" ind1="0" ind2=" ">
      <subfield code="a">gerger</subfield>
    </datafield>
    <datafield tag="100" ind1="1" ind2=" ">
      <subfield code="a">Libis, John</subfield>
      <subfield code="c">(cédulakatalógus alapján)</subfield>
    </datafield>
    <datafield tag="245" ind1="1" ind2="0">
      <subfield code="a">100 Briefe Englisch für Export und Import /</subfield>
      <subfield code="c">[John Libis, John Carr] ; neubearb. von B. Anderson, M. North</subfield>
    </datafield>
    <datafield tag="250" ind1=" " ind2=" ">
      <subfield code="a">2. Aufl.</subfield>
    </datafield>
    <datafield tag="260" ind1=" " ind2=" ">
      <subfield code="a">Berlin</subfield>
      <subfield code="a">München</subfield>
      <subfield code="a">Zürich :</subfield>
      <subfield code="b">Langenscheidt,</subfield>
      <subfield code="c">1969</subfield>
    </datafield>
    <datafield tag="300" ind1=" " ind2=" ">
      <subfield code="a">143 p. ;</subfield>
      <subfield code="c">22 cm</subfield>
    </datafield>
    <datafield tag="490" ind1="1" ind2=" ">
      <subfield code="a">Langenscheidts Musterbriefe</subfield>
    </datafield>
    <datafield tag="700" ind1="1" ind2="0">
      <subfield code="a">Carr, John</subfield>
      <subfield code="c">(cédulakatalógus alapján)</subfield>
    </datafield>
    <datafield tag="700" ind1="1" ind2=" ">
      <subfield code="a">Anderson, B.</subfield>
      <subfield code="c">(cédulakatalógus alapján)</subfield>
      <subfield code="4">(átd.)</subfield>
    </datafield>
    <datafield tag="700" ind1="1" ind2=" ">
      <subfield code="a">North, M.</subfield>
      <subfield code="c">(cédulakatalógus alapján)</subfield>
      <subfield code="4">(átd.)</subfield>
    </datafield>
    <datafield tag="830" ind1=" " ind2="0">
      <subfield code="a">Langenscheidts Musterbriefe</subfield>
    </datafield>
    <datafield tag="852" ind1=" " ind2=" ">
      <subfield code="a">B1</subfield>
      <subfield code="b">B1</subfield>
      <subfield code="x">1383979</subfield>
    </datafield>
  </record>
  <record>
    <leader>00789nama 22002171i 4500</leader>
    <controlfield tag="001">MOKKAS0000625105  </controlfield>
    <controlfield tag="005">20060614180728.0</controlfield>
    <controlfield tag="008">041001s1970    de            000 0 gerod</controlfield>
    <datafield tag="035" ind1=" " ind2=" ">
      <subfield code="a">1383980</subfield>
    </datafield>
    <datafield tag="040" ind1=" " ind2=" ">
      <subfield code="a">OSZK</subfield>
    </datafield>
    <datafield tag="041" ind1="0" ind2=" ">
      <subfield code="a">gerger</subfield>
    </datafield>
    <datafield tag="245" ind1="0" ind2="0">
      <subfield code="a">100 Briefe Französisch für Export und Import /</subfield>
      <subfield code="c">bearb. von John Libis ; [mitarb.] Lucien Janin, Charles Brun</subfield>
    </datafield>
    <datafield tag="250" ind1=" " ind2=" ">
      <subfield code="a">14. Aufl.</subfield>
    </datafield>
    <datafield tag="260" ind1=" " ind2=" ">
      <subfield code="a">Berlin</subfield>
      <subfield code="a">München</subfield>
      <subfield code="a">Zürich :</subfield>
      <subfield code="b">Langenscheidt,</subfield>
      <subfield code="c">1970</subfield>
    </datafield>
    <datafield tag="300" ind1=" " ind2=" ">
      <subfield code="a">152 p. ;</subfield>
      <subfield code="c">22 cm</subfield>
    </datafield>
    <datafield tag="490" ind1="1" ind2=" ">
      <subfield code="a">Langenscheidts Musterbriefe</subfield>
    </datafield>
    <datafield tag="700" ind1="1" ind2=" ">
      <subfield code="a">Janin, Lucien</subfield>
      <subfield code="c">(cédulakatalógus alapján)</subfield>
      <subfield code="4">(közrem.)</subfield>
    </datafield>
    <datafield tag="700" ind1="1" ind2=" ">
      <subfield code="a">Libis, John</subfield>
      <subfield code="c">(cédulakatalógus alapján)</subfield>
      <subfield code="4">(átd.)</subfield>
    </datafield>
    <datafield tag="700" ind1="1" ind2=" ">
      <subfield code="a">Brun, Charles</subfield>
      <subfield code="c">(cédulakatalógus alapján)</subfield>
      <subfield code="4">(közrem.)</subfield>
    </datafield>
    <datafield tag="830" ind1=" " ind2="0">
      <subfield code="a">Langenscheidts Musterbriefe</subfield>
    </datafield>
    <datafield tag="852" ind1=" " ind2=" ">
      <subfield code="a">B1</subfield>
      <subfield code="b">B1</subfield>
      <subfield code="x">1383980</subfield>
    </datafield>
  </record>
  <record>
    <leader>00411nam  2200157 i 4500</leader>
    <controlfield tag="001">MOKKAS0003499770  </controlfield>
    <controlfield tag="005">20060605232604.0</controlfield>
    <controlfield tag="008">050714s1958                        fre d</controlfield>
    <datafield tag="035" ind1=" " ind2=" ">
      <subfield code="a">541228</subfield>
    </datafield>
    <datafield tag="040" ind1=" " ind2=" ">
      <subfield code="a">OIK</subfield>
    </datafield>
    <datafield tag="041" ind1="0" ind2=" ">
      <subfield code="a">fre</subfield>
    </datafield>
    <datafield tag="100" ind1="1" ind2=" ">
      <subfield code="a">Libis, John</subfield>
    </datafield>
    <datafield tag="245" ind1="1" ind2="0">
      <subfield code="a">100 Briefe französisch für Export und Import</subfield>
    </datafield>
    <datafield tag="260" ind1=" " ind2=" ">
      <subfield code="a">Berlin-Schöneberg :</subfield>
      <subfield code="b">Langenscheidt GK,</subfield>
      <subfield code="c">1958</subfield>
    </datafield>
    <datafield tag="300" ind1=" " ind2=" ">
      <subfield code="a">152 p.</subfield>
    </datafield>
    <datafield tag="852" ind1=" " ind2=" ">
      <subfield code="a">B14</subfield>
      <subfield code="b">B14</subfield>
      <subfield code="x">541228</subfield>
    </datafield>
  </record>
  <record>
    <leader>00582nama 22001811i 4500</leader>
    <controlfield tag="001">MOKKAS0000641514  </controlfield>
    <controlfield tag="005">20060614194025.0</controlfield>
    <controlfield tag="008">041001s1975    de            000 0 gerod</controlfield>
    <datafield tag="035" ind1=" " ind2=" ">
      <subfield code="a">1400397</subfield>
    </datafield>
    <datafield tag="040" ind1=" " ind2=" ">
      <subfield code="a">OSZK</subfield>
    </datafield>
    <datafield tag="041" ind1="0" ind2=" ">
      <subfield code="a">gerger</subfield>
    </datafield>
    <datafield tag="245" ind1="0" ind2="0">
      <subfield code="a">100 Briefe Italienisch für Export und Import /</subfield>
      <subfield code="c">neubearb. von Giuseppe Patruno</subfield>
    </datafield>
    <datafield tag="260" ind1=" " ind2=" ">
      <subfield code="a">Berlin [etc.] :</subfield>
      <subfield code="b">Langenscheidt,</subfield>
      <subfield code="c">1975</subfield>
    </datafield>
    <datafield tag="300" ind1=" " ind2=" ">
      <subfield code="a">158 p. ;</subfield>
      <subfield code="c">21 cm</subfield>
    </datafield>
    <datafield tag="490" ind1="1" ind2=" ">
      <subfield code="a">Langenscheidts Musterbriefe</subfield>
    </datafield>
    <datafield tag="700" ind1="1" ind2=" ">
      <subfield code="a">Patruno, Giuseppe</subfield>
      <subfield code="c">(cédulakatalógus alapján)</subfield>
      <subfield code="4">(átd.)</subfield>
    </datafield>
    <datafield tag="830" ind1=" " ind2="0">
      <subfield code="a">Langenscheidts Musterbriefe</subfield>
    </datafield>
    <datafield tag="852" ind1=" " ind2=" ">
      <subfield code="a">B1</subfield>
      <subfield code="b">B1</subfield>
      <subfield code="x">1400397</subfield>
    </datafield>
  </record>
  <record>
    <leader>00787nam  2200253 i 4500</leader>
    <controlfield tag="001">MOKKAS0001315967  </controlfield>
    <controlfield tag="005">20060112215422.0</controlfield>
    <controlfield tag="008">      s1989    hu            00010 ger d</controlfield>
    <datafield tag="020" ind1=" " ind2=" ">
      <subfield code="a">3-468-41181-2 (fűzött) :</subfield>
      <subfield code="c">305,- Ft</subfield>
    </datafield>
    <datafield tag="035" ind1=" " ind2=" ">
      <subfield code="a">bibRFK00144263</subfield>
    </datafield>
    <datafield tag="040" ind1=" " ind2=" ">
      <subfield code="a">RFMK</subfield>
    </datafield>
    <datafield tag="041" ind1=" " ind2=" ">
      <subfield code="a">gerita</subfield>
    </datafield>
    <datafield tag="245" ind1="0" ind2="0">
      <subfield code="a">100 Briefe Italienisch für Export und Import /</subfield>
      <subfield code="c">Bearbeitet von Giuseppe Patruno</subfield>
    </datafield>
    <datafield tag="250" ind1=" " ind2=" ">
      <subfield code="a">7. Aufl.</subfield>
    </datafield>
    <datafield tag="260" ind1=" " ind2=" ">
      <subfield code="a">Berlin ;</subfield>
      <subfield code="a">München ;</subfield>
      <subfield code="a">Wien :</subfield>
      <subfield code="b">Langenscheidt,</subfield>
      <subfield code="c">1989, cop. 1975</subfield>
    </datafield>
    <datafield tag="300" ind1=" " ind2=" ">
      <subfield code="a">158 p. ;</subfield>
      <subfield code="c">21 cm</subfield>
    </datafield>
    <datafield tag="490" ind1="1" ind2=" ">
      <subfield code="a">(Langenscheidts Musterbriefe)</subfield>
    </datafield>
    <datafield tag="500" ind1=" " ind2=" ">
      <subfield code="a">rs</subfield>
    </datafield>
    <datafield tag="650" ind1=" " ind2="4">
      <subfield code="a">olasz nyelv</subfield>
    </datafield>
    <datafield tag="650" ind1=" " ind2="4">
      <subfield code="a">kereskedelmi levelezés</subfield>
    </datafield>
    <datafield tag="650" ind1=" " ind2="4">
      <subfield code="a">levélminták</subfield>
    </datafield>
    <datafield tag="700" ind1="1" ind2=" ">
      <subfield code="a">Patruno, Giuseppe</subfield>
      <subfield code="4">szerk.</subfield>
    </datafield>
    <datafield tag="830" ind1=" " ind2="0">
      <subfield code="a">Langenscheidts Musterbriefe</subfield>
    </datafield>
    <datafield tag="852" ind1=" " ind2=" ">
      <subfield code="a">M2</subfield>
      <subfield code="b">M2</subfield>
      <subfield code="x">bibRFK00144263</subfield>
    </datafield>
  </record>
  <record>
    <leader>01126fam  2200301 i 4500</leader>
    <controlfield tag="001">MOKKAZ0003691014  </controlfield>
    <controlfield tag="005">20100916101541.0</controlfield>
    <controlfield tag="008">011204s1999    hu            00010 hun d</controlfield>
    <datafield tag="020" ind1=" " ind2=" ">
      <subfield code="a">2 921916 09 6</subfield>
    </datafield>
    <datafield tag="035" ind1=" " ind2=" ">
      <subfield code="a">bibKLT00302001</subfield>
    </datafield>
    <datafield tag="040" ind1=" " ind2=" ">
      <subfield code="a">DEENK</subfield>
    </datafield>
    <datafield tag="080" ind1=" " ind2=" ">
      <subfield code="a">343.85</subfield>
    </datafield>
    <datafield tag="100" ind1="1" ind2=" ">
      <subfield code="a">Waller, Irvin</subfield>
    </datafield>
    <datafield tag="245" ind1="1" ind2="0">
      <subfield code="a">100 bűnmegelőzési program :</subfield>
      <subfield code="b">amely szerte a világon további cselekvésre ösztönöz /</subfield>
      <subfield code="c">Irvin Waller irányítása alatt kész. Lily-Ann Gauthier [et al.] ; [közread. az] International Centre for the Prevention of Crime ; [előszó Miriam Ezratty]</subfield>
    </datafield>
    <datafield tag="260" ind1=" " ind2=" ">
      <subfield code="a">Budapest :</subfield>
      <subfield code="b">Országos Bűnmegelőzési Tanács,</subfield>
      <subfield code="c">1999</subfield>
    </datafield>
    <datafield tag="300" ind1=" " ind2=" ">
      <subfield code="a">146 p. ;</subfield>
      <subfield code="c">30 cm</subfield>
    </datafield>
    <datafield tag="650" ind1=" " ind2="4">
      <subfield code="a">Bűnmegelőzés</subfield>
    </datafield>
    <datafield tag="650" ind1=" " ind2="0">
      <subfield code="a">Crime prevention.</subfield>
    </datafield>
    <datafield tag="650" ind1=" " ind2="4">
      <subfield code="a">nemzetközi szervezetek</subfield>
    </datafield>
    <datafield tag="650" ind1=" " ind2="4">
      <subfield code="a">programok</subfield>
    </datafield>
    <datafield tag="695" ind1=" " ind2=" ">
      <subfield code="a">bűnmegelőzés</subfield>
    </datafield>
    <datafield tag="695" ind1=" " ind2=" ">
      <subfield code="a">Nemzetközi Bűnmegelőzési Központ</subfield>
    </datafield>
    <datafield tag="700" ind1="1" ind2=" ">
      <subfield code="a">Gauthier, Lily-Ann</subfield>
    </datafield>
    <datafield tag="700" ind1="1" ind2=" ">
      <subfield code="a">Ezratty, Miriam</subfield>
    </datafield>
    <datafield tag="710" ind1="2" ind2=" ">
      <subfield code="a">International Centre for the Prevention of Crime (Montreal)</subfield>
    </datafield>
    <datafield tag="852" ind1=" " ind2=" ">
      <subfield code="a">D1</subfield>
      <subfield code="b">D1/TP</subfield>
      <subfield code="x">bibKLT00302001</subfield>
    </datafield>
    <datafield tag="852" ind1=" " ind2=" ">
      <subfield code="a">B8</subfield>
      <subfield code="b">B8</subfield>
      <subfield code="x">OGYK000076044</subfield>
    </datafield>
    <datafield tag="852" ind1=" " ind2=" ">
      <subfield code="a">S1</subfield>
      <subfield code="b">S48</subfield>
      <subfield code="x">bibHPA104752</subfield>
    </datafield>
  </record>
  <record>
    <leader>01396fam  2200397 i 4500</leader>
    <controlfield tag="001">MOKKAZ0006372793  </controlfield>
    <controlfield tag="005">20040915195108.0</controlfield>
    <controlfield tag="008">981216t19981998hu r     b    001 0 hun d</controlfield>
    <datafield tag="020" ind1=" " ind2=" ">
      <subfield code="a">963-9031-28-3 (kötött) :</subfield>
      <subfield code="c">2680,- Ft</subfield>
    </datafield>
    <datafield tag="035" ind1=" " ind2=" ">
      <subfield code="a">332973</subfield>
    </datafield>
    <datafield tag="040" ind1=" " ind2=" ">
      <subfield code="a">OSZK</subfield>
    </datafield>
    <datafield tag="041" ind1="1" ind2=" ">
      <subfield code="a">hunhun</subfield>
      <subfield code="h">eng</subfield>
    </datafield>
    <datafield tag="100" ind1="1" ind2=" ">
      <subfield code="a">Adair, Ian</subfield>
    </datafield>
    <datafield tag="240" ind1="1" ind2="0">
      <subfield code="a">100 magic tricks</subfield>
      <subfield code="l">(magyar)</subfield>
    </datafield>
    <datafield tag="245" ind1="1" ind2="0">
      <subfield code="a">100 bűvésztrükk /</subfield>
      <subfield code="c">Ian Adair ; [ford. Tóth Krisztina] ; [ill. Rob Shone] ; [fényképész Tim Cox]</subfield>
    </datafield>
    <datafield tag="260" ind1=" " ind2=" ">
      <subfield code="a">[Budapest] :</subfield>
      <subfield code="b">Új Ex Libris,</subfield>
      <subfield code="c">cop. 1998</subfield>
      <subfield code="e">(Singapore</subfield>
      <subfield code="f">Star)</subfield>
    </datafield>
    <datafield tag="300" ind1=" " ind2=" ">
      <subfield code="a">128 p. :</subfield>
      <subfield code="b">ill., főként színes ;</subfield>
      <subfield code="c">29 cm</subfield>
    </datafield>
    <datafield tag="504" ind1=" " ind2=" ">
      <subfield code="a">Bibliogr.: p. 122-123.</subfield>
    </datafield>
    <datafield tag="650" ind1=" " ind2="4">
      <subfield code="a">Bűvészmutatványok</subfield>
      <subfield code="x">technika</subfield>
    </datafield>
    <datafield tag="650" ind1=" " ind2="0">
      <subfield code="a">Magic tricks</subfield>
      <subfield code="x">Technique.</subfield>
    </datafield>
    <datafield tag="650" ind1=" " ind2="4">
      <subfield code="a">bűvészet</subfield>
    </datafield>
    <datafield tag="650" ind1=" " ind2="4">
      <subfield code="a">bűvészkedés</subfield>
    </datafield>
    <datafield tag="650" ind1=" " ind2="4">
      <subfield code="a">Bűvészmutatványok</subfield>
    </datafield>
    <datafield tag="650" ind1=" " ind2="7">
      <subfield code="a">Bűvészmutatvány</subfield>
      <subfield code="x">képeskönyv</subfield>
      <subfield code="2">szte</subfield>
    </datafield>
    <datafield tag="650" ind1=" " ind2="7">
      <subfield code="a">Bűvészkedés</subfield>
      <subfield code="x">képeskönyv</subfield>
      <subfield code="2">szte</subfield>
    </datafield>
    <datafield tag="700" ind1="1" ind2=" ">
      <subfield code="a">Tóth Krisztina</subfield>
      <subfield code="4">(ford.)</subfield>
    </datafield>
    <datafield tag="700" ind1="1" ind2=" ">
      <subfield code="a">Shone, Rob</subfield>
      <subfield code="4">(ill.)</subfield>
    </datafield>
    <datafield tag="700" ind1="1" ind2=" ">
      <subfield code="a">Cox, Tim</subfield>
      <subfield code="4">(fotó)</subfield>
    </datafield>
    <datafield tag="852" ind1=" " ind2=" ">
      <subfield code="a">B1</subfield>
      <subfield code="b">B1</subfield>
      <subfield code="x">332973</subfield>
    </datafield>
    <datafield tag="852" ind1=" " ind2=" ">
      <subfield code="a">D1</subfield>
      <subfield code="b">D1</subfield>
      <subfield code="x">332973</subfield>
    </datafield>
    <datafield tag="852" ind1=" " ind2=" ">
      <subfield code="a">B10</subfield>
      <subfield code="B">0801</subfield>
      <subfield code="B">0801G</subfield>
      <subfield code="B">1803</subfield>
      <subfield code="B">1308</subfield>
      <subfield code="B">1302</subfield>
      <subfield code="B">1305</subfield>
      <subfield code="B">1307</subfield>
      <subfield code="B">0602</subfield>
      <subfield code="B">1105</subfield>
      <subfield code="B">1103</subfield>
      <subfield code="B">1404</subfield>
      <subfield code="B">1704</subfield>
      <subfield code="b">1501</subfield>
      <subfield code="x">bibFSZ00147726</subfield>
    </datafield>
    <datafield tag="852" ind1=" " ind2=" ">
      <subfield code="a">BCS1</subfield>
      <subfield code="b">BCS1</subfield>
      <subfield code="x">bibBKO00220655</subfield>
    </datafield>
    <datafield tag="852" ind1=" " ind2=" ">
      <subfield code="a">GY1</subfield>
      <subfield code="b">GY1</subfield>
      <subfield code="x">408709</subfield>
    </datafield>
    <datafield tag="852" ind1=" " ind2=" ">
      <subfield code="a">H1</subfield>
      <subfield code="b">H1</subfield>
      <subfield code="x">NLVK91746</subfield>
    </datafield>
    <datafield tag="852" ind1=" " ind2=" ">
      <subfield code="a">SZL1</subfield>
      <subfield code="b">SZL1</subfield>
      <subfield code="x">bibVFK00198269</subfield>
    </datafield>
    <datafield tag="852" ind1=" " ind2=" ">
      <subfield code="a">SZ4</subfield>
      <subfield code="b">SZ4</subfield>
      <subfield code="x">bibSOK00010099</subfield>
    </datafield>
  </record>
  <record>
    <leader>01066cam  2200325.i 4500</leader>
    <controlfield tag="001">MOKKAW0005525916  </controlfield>
    <controlfield tag="005">20080415124821.0</controlfield>
    <controlfield tag="008">080409s2000    enka          001 0 eng d</controlfield>
    <datafield tag="020" ind1=" " ind2=" ">
      <subfield code="a">9780340677025</subfield>
    </datafield>
    <datafield tag="020" ind1=" " ind2=" ">
      <subfield code="a">0340677023</subfield>
    </datafield>
    <datafield tag="035" ind1=" " ind2=" ">
      <subfield code="a">bibDEK00681919</subfield>
    </datafield>
    <datafield tag="040" ind1=" " ind2=" ">
      <subfield code="a">DEENK</subfield>
    </datafield>
    <datafield tag="041" ind1="0" ind2=" ">
      <subfield code="a">eng</subfield>
    </datafield>
    <datafield tag="050" ind1=" " ind2=" ">
      <subfield code="a">RC66</subfield>
    </datafield>
    <datafield tag="060" ind1="1" ind2="0">
      <subfield code="a">WB 102</subfield>
    </datafield>
    <datafield tag="082" ind1="0" ind2="4">
      <subfield code="a">616.09</subfield>
      <subfield code="2">21</subfield>
    </datafield>
    <datafield tag="100" ind1="1" ind2=" ">
      <subfield code="a">Rees, John</subfield>
      <subfield code="d">(1949-)</subfield>
    </datafield>
    <datafield tag="245" ind1="1" ind2="0">
      <subfield code="a">100 cases in clinical medicine /</subfield>
      <subfield code="c">J. Rees, J. M. Pattison, and Gwyn Williams</subfield>
    </datafield>
    <datafield tag="246" ind1="1" ind2="3">
      <subfield code="a">One hundred cases in clinical medicine</subfield>
    </datafield>
    <datafield tag="260" ind1=" " ind2=" ">
      <subfield code="a">London :</subfield>
      <subfield code="b">Arnold ;</subfield>
      <subfield code="a">New York :</subfield>
      <subfield code="b">Co-published in the USA by Oxford University Press,</subfield>
      <subfield code="c">2000</subfield>
    </datafield>
    <datafield tag="300" ind1=" " ind2=" ">
      <subfield code="a">271 p. :</subfield>
      <subfield code="b">ill. ;</subfield>
      <subfield code="c">24 cm</subfield>
    </datafield>
    <datafield tag="500" ind1=" " ind2=" ">
      <subfield code="a">Indexet tartalmaz</subfield>
    </datafield>
    <datafield tag="650" ind1=" " ind2="2">
      <subfield code="a">Clinical Medicine</subfield>
    </datafield>
    <datafield tag="650" ind1=" " ind2="4">
      <subfield code="a">Klinikai orvostudomány</subfield>
      <subfield code="x">esettanulmányok</subfield>
    </datafield>
    <datafield tag="650" ind1=" " ind2="0">
      <subfield code="a">Clinical medicine</subfield>
      <subfield code="x">Case studies.</subfield>
    </datafield>
    <datafield tag="650" ind1=" " ind2="2">
      <subfield code="a">Clinical Medicine</subfield>
      <subfield code="v">Case Reports</subfield>
    </datafield>
    <datafield tag="650" ind1=" " ind2="2">
      <subfield code="a">Clinical Medicine</subfield>
      <subfield code="v">Problems and exercises</subfield>
    </datafield>
    <datafield tag="700" ind1="1" ind2=" ">
      <subfield code="a">Pattison, James M.</subfield>
    </datafield>
    <datafield tag="700" ind1="1" ind2=" ">
      <subfield code="a">Williams, Daniel Gwyn</subfield>
    </datafield>
    <datafield tag="852" ind1=" " ind2=" ">
      <subfield code="a">D1</subfield>
      <subfield code="b">D2/PO</subfield>
      <subfield code="x">bibDEK00681919</subfield>
    </datafield>
  </record>
  <record>
    <leader>00783ncm  2200217 i 4500</leader>
    <controlfield tag="001">MOKKAZ0003725175  </controlfield>
    <controlfield tag="005">20040909214303.0</controlfield>
    <controlfield tag="008">020530n18      it             n 1  ita d</controlfield>
    <datafield tag="028" ind1="3" ind2="0">
      <subfield code="a">[lemezszám nélkül]</subfield>
      <subfield code="b">R. Stabilimento Ricordi Milano</subfield>
    </datafield>
    <datafield tag="035" ind1=" " ind2=" ">
      <subfield code="a">bibKLT00312738</subfield>
    </datafield>
    <datafield tag="040" ind1=" " ind2=" ">
      <subfield code="a">DEENK</subfield>
    </datafield>
    <datafield tag="041" ind1=" " ind2=" ">
      <subfield code="a">ita</subfield>
    </datafield>
    <datafield tag="242" ind1="0" ind2="0">
      <subfield code="a">100 Olasz dal</subfield>
    </datafield>
    <datafield tag="245" ind1="0" ind2="0">
      <subfield code="a">100 celebri Canzoni</subfield>
      <subfield code="h">[Nyomtatott kotta] :</subfield>
      <subfield code="b">Popolari Napolitane per canto e pianoforte /</subfield>
      <subfield code="c">raccolte dal maestro Vincenzo de Meglio</subfield>
    </datafield>
    <datafield tag="254" ind1=" " ind2=" ">
      <subfield code="a">Szóló (ének)</subfield>
    </datafield>
    <datafield tag="260" ind1=" " ind2=" ">
      <subfield code="a">Milano :</subfield>
      <subfield code="b">R. Stabilimento Ricordi,</subfield>
      <subfield code="c">[s. a]</subfield>
    </datafield>
    <datafield tag="300" ind1=" " ind2=" ">
      <subfield code="a">133 p. ;</subfield>
      <subfield code="c">28 cm</subfield>
    </datafield>
    <datafield tag="500" ind1=" " ind2=" ">
      <subfield code="a">Erősen rongálódott</subfield>
    </datafield>
    <datafield tag="500" ind1=" " ind2=" ">
      <subfield code="a">AZ R.Z 83551/A raktári számú példány csak a 80. oldalig van</subfield>
    </datafield>
    <datafield tag="695" ind1=" " ind2=" ">
      <subfield code="a">vokális zene</subfield>
      <subfield code="x">dal (olasz)</subfield>
    </datafield>
    <datafield tag="852" ind1=" " ind2=" ">
      <subfield code="a">D1</subfield>
      <subfield code="b">D1/Z</subfield>
      <subfield code="x">bibKLT00312738</subfield>
    </datafield>
  </record>
  <record>
    <leader>00343ncm  2200121 i 4500</leader>
    <controlfield tag="001">MOKKAS0003624411  </controlfield>
    <controlfield tag="005">20060606184427.0</controlfield>
    <controlfield tag="008">050716s                                d</controlfield>
    <datafield tag="035" ind1=" " ind2=" ">
      <subfield code="a">925261</subfield>
    </datafield>
    <datafield tag="040" ind1=" " ind2=" ">
      <subfield code="a">OIK</subfield>
    </datafield>
    <datafield tag="100" ind1="1" ind2=" ">
      <subfield code="a">Rimskij-Korsakov, Nikolaj Andreevič</subfield>
      <subfield code="d">(1844-1908)</subfield>
    </datafield>
    <datafield tag="245" ind1="1" ind2="0">
      <subfield code="a">100 chants populaires russ.</subfield>
      <subfield code="h">nyomtatott kotta</subfield>
    </datafield>
    <datafield tag="852" ind1=" " ind2=" ">
      <subfield code="a">B14</subfield>
      <subfield code="b">B14</subfield>
      <subfield code="x">925261</subfield>
    </datafield>
  </record>
  <record>
    <leader>01068njm  2200181   4500</leader>
    <controlfield tag="001">MOKKAN0004265692  </controlfield>
    <controlfield tag="005">20070409020943.0</controlfield>
    <controlfield tag="008">991029s2004                        fre d</controlfield>
    <datafield tag="028" ind1=" " ind2=" ">
      <subfield code="a">TCD 2545</subfield>
    </datafield>
    <datafield tag="035" ind1=" " ind2=" ">
      <subfield code="a">bibFSZ1167835</subfield>
    </datafield>
    <datafield tag="040" ind1=" " ind2=" ">
      <subfield code="a">FSZEK</subfield>
    </datafield>
    <datafield tag="245" ind1="0" ind2="0">
      <subfield code="a">100 % chanson de Paris</subfield>
      <subfield code="h">[Hangfelvétel] /</subfield>
      <subfield code="c">avec Charles Trenet [et al.]</subfield>
    </datafield>
    <datafield tag="260" ind1=" " ind2=" ">
      <subfield code="a">[S.l.] :</subfield>
      <subfield code="b">[S.n.],</subfield>
      <subfield code="c">[2004]</subfield>
    </datafield>
    <datafield tag="300" ind1=" " ind2=" ">
      <subfield code="a">1 CD (57 min 38 s) :</subfield>
      <subfield code="b">AAD ;</subfield>
      <subfield code="c">12 cm +</subfield>
      <subfield code="e">1 t.</subfield>
    </datafield>
    <datafield tag="505" ind1="0" ind2="0">
      <subfield code="t">Les oiseaux de Paris ;</subfield>
      <subfield code="t">Fleur de Paris ;</subfield>
      <subfield code="t">Paris chéri ;</subfield>
      <subfield code="t">Gosse de Paris ;</subfield>
      <subfield code="t">Sur les quais du vieux Paris ;</subfield>
      <subfield code="t">Si tu vas a Paris ;</subfield>
      <subfield code="t">Paris, je t'aime d'amour ;</subfield>
      <subfield code="t">Sous les toits de Paris ;</subfield>
      <subfield code="t">Paris voici Paris ;</subfield>
      <subfield code="t">Paris sera toujours Paris ;</subfield>
      <subfield code="t">La romance de Paris ;</subfield>
      <subfield code="t">Depuis que je suis a Paris ;</subfield>
      <subfield code="t">C'est papa c'est parisien ;</subfield>
      <subfield code="t">Paris méditerranée ;</subfield>
      <subfield code="t">Sur les quais du vieux Paris ;</subfield>
      <subfield code="t">En parlant un peu de Paris ;</subfield>
      <subfield code="t">Oui je t'aime, ô Paris ;</subfield>
      <subfield code="t">Paris, tu n'as pas changé ;</subfield>
      <subfield code="t">On danse a Paris ;</subfield>
      <subfield code="t">Dans les squares a Paris, au printemps ;</subfield>
      <subfield code="t">La mer</subfield>
    </datafield>
    <datafield tag="695" ind1=" " ind2="1">
      <subfield code="a">sanzon</subfield>
    </datafield>
    <datafield tag="700" ind1="1" ind2=" ">
      <subfield code="a">Trénet, Charles</subfield>
      <subfield code="d">(1913-2001)</subfield>
      <subfield code="4">közrem.</subfield>
    </datafield>
    <datafield tag="852" ind1=" " ind2=" ">
      <subfield code="a">B10</subfield>
      <subfield code="b">B10</subfield>
      <subfield code="x">bibFSZ1167835</subfield>
    </datafield>
  </record>
  <record>
    <leader>00687nam  2200205 i 4500</leader>
    <controlfield tag="001">MOKKAS0002479877  </controlfield>
    <controlfield tag="005">20060617232517.0</controlfield>
    <controlfield tag="008">011218s1996     gea                fre d</controlfield>
    <datafield tag="020" ind1=" " ind2=" ">
      <subfield code="a">3 9804070 4 7</subfield>
      <subfield code="a">3000,- Ft</subfield>
    </datafield>
    <datafield tag="035" ind1=" " ind2=" ">
      <subfield code="a">bibMIF20213</subfield>
    </datafield>
    <datafield tag="040" ind1=" " ind2=" ">
      <subfield code="a">MOME</subfield>
    </datafield>
    <datafield tag="041" ind1=" " ind2=" ">
      <subfield code="a">fre</subfield>
    </datafield>
    <datafield tag="245" ind1="0" ind2=" ">
      <subfield code="a">100 chefs-d'oeuvre de la collection du Vitra Design Museum /</subfield>
      <subfield code="c">at. Alexander von Vegesack et al.</subfield>
    </datafield>
    <datafield tag="260" ind1="0" ind2=" ">
      <subfield code="a">Weil am Rhein :</subfield>
      <subfield code="b">Vitra Design Museum,</subfield>
      <subfield code="c">1996</subfield>
    </datafield>
    <datafield tag="300" ind1=" " ind2=" ">
      <subfield code="a">270 p. :</subfield>
      <subfield code="b">ill. ;</subfield>
      <subfield code="c">30 cm</subfield>
    </datafield>
    <datafield tag="504" ind1=" " ind2=" ">
      <subfield code="a">Bibliogr.: p. 255-268.</subfield>
    </datafield>
    <datafield tag="610" ind1="2" ind2=" ">
      <subfield code="a">Vitra Design Museum (Weil am Rhein)</subfield>
      <subfield code="x">gyűjtemény</subfield>
    </datafield>
    <datafield tag="650" ind1=" " ind2="7">
      <subfield code="a">szék</subfield>
      <subfield code="y">20. század</subfield>
      <subfield code="2">szte</subfield>
    </datafield>
    <datafield tag="700" ind1="1" ind2=" ">
      <subfield code="a">Vegesack, Alexander von</subfield>
    </datafield>
    <datafield tag="852" ind1=" " ind2=" ">
      <subfield code="a">B646</subfield>
      <subfield code="b">B646</subfield>
      <subfield code="x">bibMIF20213</subfield>
    </datafield>
  </record>
  <record>
    <leader>00534ncm  2200169   4500</leader>
    <controlfield tag="001">MOKKAN0004640999  </controlfield>
    <controlfield tag="005">20070614130645.0</controlfield>
    <controlfield tag="008">070417s2006                        eng d</controlfield>
    <datafield tag="028" ind1=" " ind2=" ">
      <subfield code="a">3612055</subfield>
    </datafield>
    <datafield tag="035" ind1=" " ind2=" ">
      <subfield code="a">bibFSZ01356111</subfield>
    </datafield>
    <datafield tag="040" ind1=" " ind2=" ">
      <subfield code="a">FSZEK</subfield>
    </datafield>
    <datafield tag="245" ind1="0" ind2="0">
      <subfield code="a">100 classic melodies</subfield>
      <subfield code="h">[Nyomtatott kotta] :</subfield>
      <subfield code="b">a collection of the world's most beautiful themes descant recorder</subfield>
    </datafield>
    <datafield tag="254" ind1=" " ind2=" ">
      <subfield code="a">[Szóló]</subfield>
    </datafield>
    <datafield tag="260" ind1=" " ind2=" ">
      <subfield code="a">Buxhall :</subfield>
      <subfield code="b">Kevin Mayhew,</subfield>
      <subfield code="c">2006</subfield>
    </datafield>
    <datafield tag="300" ind1=" " ind2=" ">
      <subfield code="a">66 p. ;</subfield>
      <subfield code="c">15x21 cm</subfield>
    </datafield>
    <datafield tag="852" ind1=" " ind2=" ">
      <subfield code="a">B10</subfield>
      <subfield code="b">B10</subfield>
      <subfield code="x">bibFSZ01359815</subfield>
    </datafield>
    <datafield tag="852" ind1=" " ind2=" ">
      <subfield code="a">B10</subfield>
      <subfield code="b">0801Z</subfield>
      <subfield code="x">bibFSZ01356111</subfield>
    </datafield>
  </record>
  <record>
    <leader>00311ncm  2200121 i 4500</leader>
    <controlfield tag="001">MOKKAS0003613805  </controlfield>
    <controlfield tag="005">20060606170721.0</controlfield>
    <controlfield tag="008">050716s                                d</controlfield>
    <datafield tag="035" ind1=" " ind2=" ">
      <subfield code="a">895910</subfield>
    </datafield>
    <datafield tag="040" ind1=" " ind2=" ">
      <subfield code="a">OIK</subfield>
    </datafield>
    <datafield tag="100" ind1="1" ind2=" ">
      <subfield code="a">Vester, Frans</subfield>
    </datafield>
    <datafield tag="245" ind1="1" ind2="0">
      <subfield code="a">100 classical studies for flute</subfield>
      <subfield code="h">nyomtatott kotta</subfield>
    </datafield>
    <datafield tag="852" ind1=" " ind2=" ">
      <subfield code="a">B14</subfield>
      <subfield code="b">B14</subfield>
      <subfield code="x">895910</subfield>
    </datafield>
  </record>
  <record>
    <leader>00890nam  2200229   4500</leader>
    <controlfield tag="001">MOKKAZ0004647004  </controlfield>
    <controlfield tag="005">20040910090246.0</controlfield>
    <controlfield tag="008">000211s2000                        eng d</controlfield>
    <datafield tag="020" ind1=" " ind2=" ">
      <subfield code="a">1-84038-562-6 (fűzött)</subfield>
    </datafield>
    <datafield tag="035" ind1=" " ind2=" ">
      <subfield code="a">bibFSZ525113</subfield>
    </datafield>
    <datafield tag="040" ind1=" " ind2=" ">
      <subfield code="a">FSZEK</subfield>
    </datafield>
    <datafield tag="041" ind1=" " ind2=" ">
      <subfield code="a">eng</subfield>
    </datafield>
    <datafield tag="245" ind1="0" ind2="0">
      <subfield code="a">100 clever crafts :</subfield>
      <subfield code="b">[over 100 beautiful easy-to-make projects] /</subfield>
      <subfield code="c">[publ. Joanna Lorenz] ; [project editor Penelope Cream] ; [ill. Vana Haggerty]</subfield>
    </datafield>
    <datafield tag="260" ind1=" " ind2=" ">
      <subfield code="a">London :</subfield>
      <subfield code="b">Hermes House,</subfield>
      <subfield code="c">cop.2000</subfield>
    </datafield>
    <datafield tag="300" ind1=" " ind2=" ">
      <subfield code="a">128 p. :</subfield>
      <subfield code="b">ill. ;</subfield>
      <subfield code="c">30 cm</subfield>
    </datafield>
    <datafield tag="680" ind1=" " ind2="1">
      <subfield code="a">díszítési cikkek</subfield>
      <subfield code="a">díszek</subfield>
      <subfield code="a">iparművészet</subfield>
      <subfield code="a">díszítőművészet</subfield>
    </datafield>
    <datafield tag="680" ind1=" " ind2="0">
      <subfield code="a">kézimunka / gyermekfoglalkozás</subfield>
      <subfield code="a">hajtogatás / gyermekfoglalkozás</subfield>
      <subfield code="a">mintázás / gyermekfoglalkozás</subfield>
    </datafield>
    <datafield tag="680" ind1=" " ind2="1">
      <subfield code="a">barkácsolás</subfield>
    </datafield>
    <datafield tag="700" ind1="1" ind2=" ">
      <subfield code="a">Lorenz, Joanna</subfield>
      <subfield code="4">szerk.</subfield>
    </datafield>
    <datafield tag="700" ind1="1" ind2=" ">
      <subfield code="a">Cream, Penelope</subfield>
      <subfield code="4">szerk.</subfield>
    </datafield>
    <datafield tag="700" ind1="1" ind2=" ">
      <subfield code="a">Haggerty, Vana</subfield>
      <subfield code="4">ill.</subfield>
    </datafield>
    <datafield tag="852" ind1=" " ind2=" ">
      <subfield code="a">B10</subfield>
      <subfield code="b">0801</subfield>
      <subfield code="x">bibFSZ525113</subfield>
    </datafield>
  </record>
  <record>
    <leader>00834cjm  22001811  4500</leader>
    <controlfield tag="001">MOKKAZ0004600055  </controlfield>
    <controlfield tag="005">20040910083716.0</controlfield>
    <controlfield tag="008">      s1998                        und d</controlfield>
    <datafield tag="028" ind1="4" ind2="2">
      <subfield code="a">7243 8 23140 2 8</subfield>
    </datafield>
    <datafield tag="035" ind1=" " ind2=" ">
      <subfield code="a">bibFSZ00446274</subfield>
    </datafield>
    <datafield tag="040" ind1=" " ind2=" ">
      <subfield code="a">FSZEK</subfield>
    </datafield>
    <datafield tag="110" ind1="2" ind2=" ">
      <subfield code="a">Fun Lovin' Criminals</subfield>
    </datafield>
    <datafield tag="245" ind1="1" ind2="0">
      <subfield code="a">100% Colombian</subfield>
      <subfield code="h">[Hangfelvétel] /</subfield>
      <subfield code="c">Fun Lovin' Criminals</subfield>
    </datafield>
    <datafield tag="260" ind1=" " ind2=" ">
      <subfield code="a">[S.l.] :</subfield>
      <subfield code="b">Capitol Records,</subfield>
      <subfield code="c">1998</subfield>
    </datafield>
    <datafield tag="300" ind1=" " ind2=" ">
      <subfield code="a">1 CD :</subfield>
      <subfield code="b">sztereó ;</subfield>
      <subfield code="c">12 cm</subfield>
      <subfield code="e">1 mell.</subfield>
    </datafield>
    <datafield tag="306" ind1=" " ind2=" ">
      <subfield code="a">52 min 03 s</subfield>
    </datafield>
    <datafield tag="505" ind1="0" ind2=" ">
      <subfield code="g">1.,</subfield>
      <subfield code="t">Up On The Hill</subfield>
      <subfield code="g">2.,</subfield>
      <subfield code="t">Love Unlimited</subfield>
      <subfield code="g">3.,</subfield>
      <subfield code="t">The View Belongs To Everyone</subfield>
      <subfield code="g">4.,</subfield>
      <subfield code="t">Korean Bodega</subfield>
      <subfield code="g">5.,</subfield>
      <subfield code="t">Back On The Block</subfield>
      <subfield code="g">6.,</subfield>
      <subfield code="t">10th Street</subfield>
      <subfield code="g">7.,</subfield>
      <subfield code="t">Sugar</subfield>
      <subfield code="g">8.,</subfield>
      <subfield code="t">Southside</subfield>
      <subfield code="g">9.,</subfield>
      <subfield code="t">We Are All Very Worried About You</subfield>
      <subfield code="g">10.,</subfield>
      <subfield code="t">All For Self</subfield>
      <subfield code="g">11.,</subfield>
      <subfield code="t">All My Time Is Gone</subfield>
      <subfield code="g">12.,</subfield>
      <subfield code="t">Big Night Out</subfield>
      <subfield code="g">13.,</subfield>
      <subfield code="t">Mini Bar Blues</subfield>
    </datafield>
    <datafield tag="852" ind1=" " ind2=" ">
      <subfield code="a">B10</subfield>
      <subfield code="B">0601</subfield>
      <subfield code="B">0401</subfield>
      <subfield code="B">2203</subfield>
      <subfield code="b">0801</subfield>
      <subfield code="x">bibFSZ00446274</subfield>
    </datafield>
  </record>
  <record>
    <leader>00783cjm  22001691  4500</leader>
    <controlfield tag="001">MOKKAZ0004604003  </controlfield>
    <controlfield tag="005">20040910083917.0</controlfield>
    <controlfield tag="008">      s1998                        und d</controlfield>
    <datafield tag="028" ind1="4" ind2="2">
      <subfield code="a">7243 8 23140 4 2</subfield>
    </datafield>
    <datafield tag="035" ind1=" " ind2=" ">
      <subfield code="a">bibFSZ00450218</subfield>
    </datafield>
    <datafield tag="040" ind1=" " ind2=" ">
      <subfield code="a">FSZEK</subfield>
    </datafield>
    <datafield tag="110" ind1="2" ind2=" ">
      <subfield code="a">Fun Lovin' Criminals</subfield>
    </datafield>
    <datafield tag="245" ind1="1" ind2="0">
      <subfield code="a">100% Colombian</subfield>
      <subfield code="h">[Hangfelvétel] /</subfield>
      <subfield code="c">Fun Lovin' Criminals</subfield>
    </datafield>
    <datafield tag="260" ind1=" " ind2=" ">
      <subfield code="a">[S.l.] :</subfield>
      <subfield code="b">Capitol Records,</subfield>
      <subfield code="c">1998</subfield>
    </datafield>
    <datafield tag="300" ind1=" " ind2=" ">
      <subfield code="a">1 hangk. :</subfield>
      <subfield code="b">sztereó</subfield>
      <subfield code="e">1 mell.</subfield>
    </datafield>
    <datafield tag="505" ind1="0" ind2=" ">
      <subfield code="g">1.,</subfield>
      <subfield code="t">Up On The Hill</subfield>
      <subfield code="g">2.,</subfield>
      <subfield code="t">Love Unlimited</subfield>
      <subfield code="g">3.,</subfield>
      <subfield code="t">The View Belongs To Everyone</subfield>
      <subfield code="g">4.,</subfield>
      <subfield code="t">Korean Bodega</subfield>
      <subfield code="g">5.,</subfield>
      <subfield code="t">Back On The Block</subfield>
      <subfield code="g">6.,</subfield>
      <subfield code="t">10th Street</subfield>
      <subfield code="g">7.,</subfield>
      <subfield code="t">Sugar</subfield>
      <subfield code="g">8.,</subfield>
      <subfield code="t">Southside</subfield>
      <subfield code="g">9.,</subfield>
      <subfield code="t">We Are All Very Worried About You</subfield>
      <subfield code="g">10.,</subfield>
      <subfield code="t">All For Self</subfield>
      <subfield code="g">11.,</subfield>
      <subfield code="t">All My Time Is Gone</subfield>
      <subfield code="g">12.,</subfield>
      <subfield code="t">Big Night Out</subfield>
      <subfield code="g">13.,</subfield>
      <subfield code="t">Mini Bar Blues</subfield>
    </datafield>
    <datafield tag="852" ind1=" " ind2=" ">
      <subfield code="a">B10</subfield>
      <subfield code="b">0401</subfield>
      <subfield code="x">bibFSZ00450218</subfield>
    </datafield>
  </record>
  <record>
    <leader>00833nam  2200217 i 4500</leader>
    <controlfield tag="001">MOKKAS0001053717  </controlfield>
    <controlfield tag="005">20051215183329.0</controlfield>
    <controlfield tag="008">050903s1947    hu            00010 eng d</controlfield>
    <datafield tag="035" ind1=" " ind2=" ">
      <subfield code="a">bibBKO00232331</subfield>
    </datafield>
    <datafield tag="040" ind1=" " ind2=" ">
      <subfield code="a">BMK</subfield>
    </datafield>
    <datafield tag="245" ind1="0" ind2="0">
      <subfield code="a">100 contemporary American Jewish painters and sculptors /</subfield>
      <subfield code="c">with an essay by Louis Lozowick</subfield>
    </datafield>
    <datafield tag="260" ind1=" " ind2=" ">
      <subfield code="a">New York :</subfield>
      <subfield code="b">Ykuf Art Section,</subfield>
      <subfield code="c">cop. 1947</subfield>
    </datafield>
    <datafield tag="300" ind1=" " ind2=" ">
      <subfield code="a">15, 207 p. :</subfield>
      <subfield code="b">ill. ;</subfield>
      <subfield code="c">31 cm</subfield>
    </datafield>
    <datafield tag="504" ind1=" " ind2=" ">
      <subfield code="a">Héber nyelven is</subfield>
    </datafield>
    <datafield tag="650" ind1=" " ind2="4">
      <subfield code="a">Jankay hagyaték</subfield>
    </datafield>
    <datafield tag="650" ind1=" " ind2="4">
      <subfield code="a">festőművészek, amerikai zsidó</subfield>
    </datafield>
    <datafield tag="650" ind1=" " ind2="4">
      <subfield code="a">szobrászművészek, amerikai zsidó</subfield>
    </datafield>
    <datafield tag="650" ind1=" " ind2="4">
      <subfield code="a">amerikai zsidó festőművészek ld. festőművészek, amerikai zsidó</subfield>
    </datafield>
    <datafield tag="650" ind1=" " ind2="4">
      <subfield code="a">amerikai zsidó szobrászművészek ld. szobrászművészek, amerikai zsidó</subfield>
    </datafield>
    <datafield tag="700" ind1="1" ind2=" ">
      <subfield code="a">Lozowick, Louis</subfield>
      <subfield code="4">közrem.</subfield>
    </datafield>
    <datafield tag="852" ind1=" " ind2=" ">
      <subfield code="a">BCS1</subfield>
      <subfield code="b">BCS1</subfield>
      <subfield code="x">bibBKO00232331</subfield>
    </datafield>
  </record>
  <record>
    <leader>00439cam  22001455  4500</leader>
    <controlfield tag="001">MOKKAZ0004648425  </controlfield>
    <controlfield tag="005">20040910090339.0</controlfield>
    <controlfield tag="008">000211s2001                        eng d</controlfield>
    <datafield tag="020" ind1=" " ind2=" ">
      <subfield code="a">1-85669-228-0</subfield>
    </datafield>
    <datafield tag="035" ind1=" " ind2=" ">
      <subfield code="a">bibFSZ539287</subfield>
    </datafield>
    <datafield tag="040" ind1=" " ind2=" ">
      <subfield code="a">FSZEK</subfield>
    </datafield>
    <datafield tag="245" ind1="0" ind2="0">
      <subfield code="a">100% cotton /</subfield>
      <subfield code="c">Helen Walters</subfield>
    </datafield>
    <datafield tag="260" ind1=" " ind2=" ">
      <subfield code="a">[s. l.] :</subfield>
      <subfield code="b">Laurence King Publishing,</subfield>
      <subfield code="c">2001</subfield>
    </datafield>
    <datafield tag="852" ind1=" " ind2=" ">
      <subfield code="a">B10</subfield>
      <subfield code="b">B10</subfield>
      <subfield code="x">bibFSZ539287</subfield>
    </datafield>
    <datafield tag="866" ind1=" " ind2=" ">
      <subfield code="a">KülfPr 0108, Laurence King 2001 spring, törölték (0109)</subfield>
    </datafield>
  </record>
  <record>
    <leader>00598cam  2200205 i 4500</leader>
    <controlfield tag="001">MOKKAS0001956138  </controlfield>
    <controlfield tag="005">20090505174959.0</controlfield>
    <controlfield tag="008">040218c2002    uk a   f      001 0 eng d</controlfield>
    <datafield tag="020" ind1=" " ind2=" ">
      <subfield code="a">0-439-01686-X</subfield>
    </datafield>
    <datafield tag="035" ind1=" " ind2=" ">
      <subfield code="a">212546</subfield>
    </datafield>
    <datafield tag="040" ind1=" " ind2=" ">
      <subfield code="a">ELTE</subfield>
    </datafield>
    <datafield tag="041" ind1="0" ind2=" ">
      <subfield code="a">eng</subfield>
    </datafield>
    <datafield tag="100" ind1="1" ind2=" ">
      <subfield code="a">Glover, David</subfield>
    </datafield>
    <datafield tag="245" ind1="1" ind2="0">
      <subfield code="a">100 Cross-curricular maths lessons :</subfield>
      <subfield code="b">Years 1 &amp; 2</subfield>
      <subfield code="c">/ David &amp; Penny Glover</subfield>
    </datafield>
    <datafield tag="260" ind1=" " ind2=" ">
      <subfield code="a">Leamington :</subfield>
      <subfield code="b">Scholastic,</subfield>
      <subfield code="c">cop. 2002</subfield>
    </datafield>
    <datafield tag="300" ind1=" " ind2=" ">
      <subfield code="a">176 p. :</subfield>
      <subfield code="b">ill. ;</subfield>
      <subfield code="c">30 cm</subfield>
    </datafield>
    <datafield tag="650" ind1="0" ind2="7">
      <subfield code="2">af</subfield>
      <subfield code="a">Education</subfield>
      <subfield code="x">Mathematics</subfield>
    </datafield>
    <datafield tag="650" ind1="0" ind2="7">
      <subfield code="2">af</subfield>
      <subfield code="a">oktatás</subfield>
      <subfield code="x">matematika</subfield>
    </datafield>
    <datafield tag="700" ind1="1" ind2=" ">
      <subfield code="a">Glover, Penny</subfield>
    </datafield>
    <datafield tag="852" ind1=" " ind2=" ">
      <subfield code="a">B2</subfield>
      <subfield code="b">B2</subfield>
      <subfield code="b">B2/42</subfield>
      <subfield code="x">212546</subfield>
    </datafield>
  </record>
  <record>
    <leader>00598cam  2200205 i 4500</leader>
    <controlfield tag="001">MOKKAS0001956140  </controlfield>
    <controlfield tag="005">20090505174959.0</controlfield>
    <controlfield tag="008">040218c2002    uk a   f      001 0 eng d</controlfield>
    <datafield tag="020" ind1=" " ind2=" ">
      <subfield code="a">0-439-98345-2</subfield>
    </datafield>
    <datafield tag="035" ind1=" " ind2=" ">
      <subfield code="a">212549</subfield>
    </datafield>
    <datafield tag="040" ind1=" " ind2=" ">
      <subfield code="a">ELTE</subfield>
    </datafield>
    <datafield tag="041" ind1="0" ind2=" ">
      <subfield code="a">eng</subfield>
    </datafield>
    <datafield tag="100" ind1="1" ind2=" ">
      <subfield code="a">Glover, David</subfield>
    </datafield>
    <datafield tag="245" ind1="1" ind2="0">
      <subfield code="a">100 Cross-curricular maths lessons :</subfield>
      <subfield code="b">Years 3 &amp; 4</subfield>
      <subfield code="c">/ David &amp; Penny Glover</subfield>
    </datafield>
    <datafield tag="260" ind1=" " ind2=" ">
      <subfield code="a">Leamington :</subfield>
      <subfield code="b">Scholastic,</subfield>
      <subfield code="c">cop. 2002</subfield>
    </datafield>
    <datafield tag="300" ind1=" " ind2=" ">
      <subfield code="a">176 p. :</subfield>
      <subfield code="b">ill. ;</subfield>
      <subfield code="c">30 cm</subfield>
    </datafield>
    <datafield tag="650" ind1="0" ind2="7">
      <subfield code="2">af</subfield>
      <subfield code="a">Education</subfield>
      <subfield code="x">Mathematics</subfield>
    </datafield>
    <datafield tag="650" ind1="0" ind2="7">
      <subfield code="2">af</subfield>
      <subfield code="a">oktatás</subfield>
      <subfield code="x">matematika</subfield>
    </datafield>
    <datafield tag="700" ind1="1" ind2=" ">
      <subfield code="a">Glover, Penny</subfield>
    </datafield>
    <datafield tag="852" ind1=" " ind2=" ">
      <subfield code="a">B2</subfield>
      <subfield code="b">B2</subfield>
      <subfield code="b">B2/42</subfield>
      <subfield code="x">212549</subfield>
    </datafield>
  </record>
  <record>
    <leader>00598cam  2200205 i 4500</leader>
    <controlfield tag="001">MOKKAS0001956141  </controlfield>
    <controlfield tag="005">20090505174959.0</controlfield>
    <controlfield tag="008">040218c2002    uk a   f      001 0 eng d</controlfield>
    <datafield tag="020" ind1=" " ind2=" ">
      <subfield code="a">0-439-98346-0</subfield>
    </datafield>
    <datafield tag="035" ind1=" " ind2=" ">
      <subfield code="a">212550</subfield>
    </datafield>
    <datafield tag="040" ind1=" " ind2=" ">
      <subfield code="a">ELTE</subfield>
    </datafield>
    <datafield tag="041" ind1="0" ind2=" ">
      <subfield code="a">eng</subfield>
    </datafield>
    <datafield tag="100" ind1="1" ind2=" ">
      <subfield code="a">Glover, David</subfield>
    </datafield>
    <datafield tag="245" ind1="1" ind2="0">
      <subfield code="a">100 Cross-curricular maths lessons :</subfield>
      <subfield code="b">Years 5 &amp; 6</subfield>
      <subfield code="c">/ David &amp; Penny Glover</subfield>
    </datafield>
    <datafield tag="260" ind1=" " ind2=" ">
      <subfield code="a">Leamington :</subfield>
      <subfield code="b">Scholastic,</subfield>
      <subfield code="c">cop. 2002</subfield>
    </datafield>
    <datafield tag="300" ind1=" " ind2=" ">
      <subfield code="a">176 p. :</subfield>
      <subfield code="b">ill. ;</subfield>
      <subfield code="c">30 cm</subfield>
    </datafield>
    <datafield tag="650" ind1="0" ind2="7">
      <subfield code="2">af</subfield>
      <subfield code="a">Education</subfield>
      <subfield code="x">Mathematics</subfield>
    </datafield>
    <datafield tag="650" ind1="0" ind2="7">
      <subfield code="2">af</subfield>
      <subfield code="a">oktatás</subfield>
      <subfield code="x">matematika</subfield>
    </datafield>
    <datafield tag="700" ind1="1" ind2=" ">
      <subfield code="a">Glover, Penny</subfield>
    </datafield>
    <datafield tag="852" ind1=" " ind2=" ">
      <subfield code="a">B2</subfield>
      <subfield code="b">B2</subfield>
      <subfield code="b">B2/42</subfield>
      <subfield code="x">212550</subfield>
    </datafield>
  </record>
  <record>
    <leader>00735fam  2200217 i 4500</leader>
    <controlfield tag="001">MOKKAZ0006388653  </controlfield>
    <controlfield tag="005">20040915200021.0</controlfield>
    <controlfield tag="008">000215s1999    hu ar         000 0 hun d</controlfield>
    <datafield tag="020" ind1=" " ind2=" ">
      <subfield code="a">963-03-8417-5 (kötött)</subfield>
    </datafield>
    <datafield tag="035" ind1=" " ind2=" ">
      <subfield code="a">411877</subfield>
    </datafield>
    <datafield tag="040" ind1=" " ind2=" ">
      <subfield code="a">OSZK</subfield>
    </datafield>
    <datafield tag="041" ind1="0" ind2=" ">
      <subfield code="a">hunhun</subfield>
    </datafield>
    <datafield tag="100" ind1="1" ind2=" ">
      <subfield code="a">Deák János</subfield>
    </datafield>
    <datafield tag="245" ind1="1" ind2="0">
      <subfield code="a">100 csoda : </subfield>
      <subfield code="b">újdonságok az autótechnikában /</subfield>
      <subfield code="c">[írta Deák János] ; [kiad. az] Európa Mobil</subfield>
    </datafield>
    <datafield tag="260" ind1=" " ind2=" ">
      <subfield code="a">Budapest :</subfield>
      <subfield code="b">Európa Mobil,</subfield>
      <subfield code="c">[1999]</subfield>
      <subfield code="e">([S.l.]</subfield>
      <subfield code="f">Text kft.)</subfield>
    </datafield>
    <datafield tag="300" ind1=" " ind2=" ">
      <subfield code="a">205 p. :</subfield>
      <subfield code="b">ill., főként színes ;</subfield>
      <subfield code="c">22 cm</subfield>
    </datafield>
    <datafield tag="710" ind1="2" ind2=" ">
      <subfield code="a">Európa Mobil BT (Budapest)</subfield>
      <subfield code="4">közread.</subfield>
    </datafield>
    <datafield tag="852" ind1=" " ind2=" ">
      <subfield code="a">B1</subfield>
      <subfield code="b">B1</subfield>
      <subfield code="x">411877</subfield>
    </datafield>
    <datafield tag="852" ind1=" " ind2=" ">
      <subfield code="a">B10</subfield>
      <subfield code="b">0801</subfield>
      <subfield code="x">bibFSZ00287265</subfield>
    </datafield>
    <datafield tag="852" ind1=" " ind2=" ">
      <subfield code="a">B11</subfield>
      <subfield code="b">B11</subfield>
      <subfield code="x">BMEOMIKK000140806</subfield>
    </datafield>
    <datafield tag="852" ind1=" " ind2=" ">
      <subfield code="a">P1</subfield>
      <subfield code="b">P1/MK</subfield>
      <subfield code="x">bibJPT00154117</subfield>
    </datafield>
  </record>
  <record>
    <leader>00561nam  2200193 i 4500</leader>
    <controlfield tag="001">MOKKAW0005771097  </controlfield>
    <controlfield tag="005">20080418150256.0</controlfield>
    <controlfield tag="008">020825s2000    HU            000 0     d</controlfield>
    <datafield tag="020" ind1=" " ind2=" ">
      <subfield code="a">963-03-8417-5</subfield>
    </datafield>
    <datafield tag="035" ind1=" " ind2=" ">
      <subfield code="a">BMEOMIKK000423629</subfield>
    </datafield>
    <datafield tag="040" ind1=" " ind2=" ">
      <subfield code="a">BMEOMIKK</subfield>
    </datafield>
    <datafield tag="041" ind1="0" ind2=" ">
      <subfield code="a">hun</subfield>
    </datafield>
    <datafield tag="044" ind1=" " ind2=" ">
      <subfield code="a">HU</subfield>
    </datafield>
    <datafield tag="100" ind1="1" ind2=" ">
      <subfield code="a">Deák János</subfield>
    </datafield>
    <datafield tag="245" ind1="1" ind2="0">
      <subfield code="a">100 csoda : </subfield>
      <subfield code="b">újdonságok az autótechnikában /</subfield>
      <subfield code="c">[írta Deák Jánosg</subfield>
    </datafield>
    <datafield tag="246" ind1="1" ind2="3">
      <subfield code="a">Újdonságok az autótechnikában</subfield>
    </datafield>
    <datafield tag="260" ind1=" " ind2=" ">
      <subfield code="a">Budapest :</subfield>
      <subfield code="b">Európa Mobil,</subfield>
      <subfield code="c">[2000]</subfield>
    </datafield>
    <datafield tag="300" ind1=" " ind2=" ">
      <subfield code="a">205 p. ;</subfield>
      <subfield code="c">21 cm</subfield>
    </datafield>
    <datafield tag="852" ind1=" " ind2=" ">
      <subfield code="a">B11</subfield>
      <subfield code="b">B11</subfield>
      <subfield code="x">BMEOMIKK000423629</subfield>
    </datafield>
  </record>
  <record>
    <leader>00729nam  22002655p 4500</leader>
    <controlfield tag="001">MOKKAW0006012503  </controlfield>
    <controlfield tag="005">20080725195132.0</controlfield>
    <controlfield tag="008">080505s2007    hu                  hun d</controlfield>
    <datafield tag="020" ind1=" " ind2=" ">
      <subfield code="a">978 963 09 5522 5</subfield>
    </datafield>
    <datafield tag="035" ind1=" " ind2=" ">
      <subfield code="a">753142</subfield>
    </datafield>
    <datafield tag="040" ind1=" " ind2=" ">
      <subfield code="a">KSHK</subfield>
    </datafield>
    <datafield tag="041" ind1="0" ind2=" ">
      <subfield code="a">hun</subfield>
    </datafield>
    <datafield tag="130" ind1="0" ind2="0">
      <subfield code="a">100 wonders of China</subfield>
      <subfield code="l">magyar</subfield>
    </datafield>
    <datafield tag="245" ind1="0" ind2="0">
      <subfield code="a">100 csoda Kínában /</subfield>
      <subfield code="c">[ford. és kieg.: Antóni Csaba]</subfield>
    </datafield>
    <datafield tag="260" ind1=" " ind2=" ">
      <subfield code="a">[Budapest] :</subfield>
      <subfield code="b">Kossuth,</subfield>
      <subfield code="c">cop. 2007</subfield>
    </datafield>
    <datafield tag="300" ind1=" " ind2=" ">
      <subfield code="a">208 p. :</subfield>
      <subfield code="b">ill., színes ;</subfield>
      <subfield code="c">35 cm</subfield>
    </datafield>
    <datafield tag="653" ind1=" " ind2=" ">
      <subfield code="a">falu</subfield>
    </datafield>
    <datafield tag="653" ind1=" " ind2=" ">
      <subfield code="a">fotó</subfield>
    </datafield>
    <datafield tag="653" ind1=" " ind2=" ">
      <subfield code="a">műemlék</subfield>
    </datafield>
    <datafield tag="653" ind1=" " ind2=" ">
      <subfield code="a">művelődéstörténet</subfield>
    </datafield>
    <datafield tag="653" ind1=" " ind2=" ">
      <subfield code="a">nagyváros</subfield>
    </datafield>
    <datafield tag="653" ind1=" " ind2=" ">
      <subfield code="a">természeti földrajz</subfield>
    </datafield>
    <datafield tag="653" ind1=" " ind2=" ">
      <subfield code="a">várostörténet</subfield>
    </datafield>
    <datafield tag="700" ind1="1" ind2="0">
      <subfield code="a">Antóni Csaba</subfield>
      <subfield code="4">(ford.)</subfield>
    </datafield>
    <datafield tag="852" ind1=" " ind2=" ">
      <subfield code="a">B9</subfield>
      <subfield code="b">B9</subfield>
      <subfield code="x">753142</subfield>
    </datafield>
  </record>
  <record>
    <leader>01199nam  2200325   4500</leader>
    <controlfield tag="001">MOKKAW0005144054  </controlfield>
    <controlfield tag="005">20080531041842.0</controlfield>
    <controlfield tag="008">080221s2007    hu     f            hun d</controlfield>
    <datafield tag="020" ind1=" " ind2=" ">
      <subfield code="a">978-963-09-5522-5 (kötött)</subfield>
    </datafield>
    <datafield tag="020" ind1=" " ind2=" ">
      <subfield code="a">978 963 09 5522 5 (kötött)</subfield>
    </datafield>
    <datafield tag="035" ind1=" " ind2=" ">
      <subfield code="a">bibSOK00430205</subfield>
    </datafield>
    <datafield tag="040" ind1=" " ind2=" ">
      <subfield code="a">SK</subfield>
    </datafield>
    <datafield tag="130" ind1="0" ind2=" ">
      <subfield code="a">100 wonders of China</subfield>
      <subfield code="l">(magyar)</subfield>
    </datafield>
    <datafield tag="245" ind1="0" ind2="0">
      <subfield code="a">100 csoda Kínában /</subfield>
      <subfield code="c">[szerzők Wang Zhen et al.] ; [ford. és a magyar vált. kibővítette Antóni Csaba] ; [a fképeket kész. Mei Sheng et al.] et al.]</subfield>
    </datafield>
    <datafield tag="260" ind1=" " ind2=" ">
      <subfield code="a">[Budapest] :</subfield>
      <subfield code="b">Kossuth,</subfield>
      <subfield code="c">cop. 2007</subfield>
    </datafield>
    <datafield tag="300" ind1=" " ind2=" ">
      <subfield code="a">208 p. :</subfield>
      <subfield code="b">ill. ;</subfield>
      <subfield code="c">35 cm</subfield>
    </datafield>
    <datafield tag="650" ind1=" " ind2="7">
      <subfield code="a">Természeti érték</subfield>
      <subfield code="x">Kína</subfield>
      <subfield code="x">képeskönyv</subfield>
      <subfield code="2">szte</subfield>
    </datafield>
    <datafield tag="650" ind1=" " ind2="7">
      <subfield code="a">Műemlék</subfield>
      <subfield code="x">Kína</subfield>
      <subfield code="x">képeskönyv</subfield>
      <subfield code="2">szte</subfield>
    </datafield>
    <datafield tag="650" ind1=" " ind2="7">
      <subfield code="a">Építészettörténet</subfield>
      <subfield code="x">Kína</subfield>
      <subfield code="x">képeskönyv</subfield>
      <subfield code="2">szte</subfield>
    </datafield>
    <datafield tag="650" ind1=" " ind2="7">
      <subfield code="a">Művelődéstörténet</subfield>
      <subfield code="x">Kína</subfield>
      <subfield code="x">képeskönyv</subfield>
      <subfield code="2">szte</subfield>
    </datafield>
    <datafield tag="650" ind1=" " ind2="7">
      <subfield code="a">Kína</subfield>
      <subfield code="2">szte</subfield>
    </datafield>
    <datafield tag="651" ind1=" " ind2="4">
      <subfield code="a">Kína</subfield>
      <subfield code="x">illusztrált művek</subfield>
    </datafield>
    <datafield tag="651" ind1=" " ind2="0">
      <subfield code="a">China</subfield>
      <subfield code="x">Pictorial works.</subfield>
    </datafield>
    <datafield tag="700" ind1="1" ind2=" ">
      <subfield code="a">Zhen, Wang</subfield>
    </datafield>
    <datafield tag="700" ind1="1" ind2=" ">
      <subfield code="a">Sheng, Mei</subfield>
    </datafield>
    <datafield tag="700" ind1="1" ind2=" ">
      <subfield code="a">Antóni Csaba</subfield>
    </datafield>
    <datafield tag="852" ind1=" " ind2=" ">
      <subfield code="a">SZ4</subfield>
      <subfield code="b">SZ4/K2</subfield>
      <subfield code="x">bibSOK00430205</subfield>
    </datafield>
    <datafield tag="852" ind1=" " ind2=" ">
      <subfield code="a">SZ1</subfield>
      <subfield code="b">SZ1</subfield>
      <subfield code="x">bibSOK00430205</subfield>
    </datafield>
    <datafield tag="852" ind1=" " ind2=" ">
      <subfield code="a">B10</subfield>
      <subfield code="b">B10</subfield>
      <subfield code="x">bibFSZ01380674</subfield>
    </datafield>
    <datafield tag="852" ind1=" " ind2=" ">
      <subfield code="a">D1</subfield>
      <subfield code="b">D1</subfield>
      <subfield code="x">MOKKAW0005144054</subfield>
    </datafield>
  </record>
  <record>
    <leader>00592nam  2200181 i 4500</leader>
    <controlfield tag="001">MOKKAW0005806904  </controlfield>
    <controlfield tag="005">20080419045106.0</controlfield>
    <controlfield tag="008">060407s20042004hu            000 0 hun d</controlfield>
    <datafield tag="020" ind1=" " ind2=" ">
      <subfield code="a">963-09-4242-9</subfield>
    </datafield>
    <datafield tag="035" ind1=" " ind2=" ">
      <subfield code="a">BMEOMIKK000471888</subfield>
    </datafield>
    <datafield tag="040" ind1=" " ind2=" ">
      <subfield code="a">BMEOMIKK</subfield>
    </datafield>
    <datafield tag="041" ind1="1" ind2=" ">
      <subfield code="a">hun</subfield>
      <subfield code="h">dut</subfield>
    </datafield>
    <datafield tag="130" ind1="1" ind2="0">
      <subfield code="a">100 wereld wonderen</subfield>
      <subfield code="l">magyar</subfield>
    </datafield>
    <datafield tag="245" ind1="1" ind2="0">
      <subfield code="a">100 csoda öt földrészen : </subfield>
      <subfield code="b">öt világrész emberalkotta és természeti kincsei</subfield>
    </datafield>
    <datafield tag="246" ind1="1" ind2="3">
      <subfield code="a">Öt világrész emberalkotta és természeti kincsei</subfield>
    </datafield>
    <datafield tag="260" ind1=" " ind2=" ">
      <subfield code="a">[Budapest] :</subfield>
      <subfield code="b">Kossuth,</subfield>
      <subfield code="c">cop. 2004</subfield>
    </datafield>
    <datafield tag="300" ind1=" " ind2=" ">
      <subfield code="a">207 p. ;</subfield>
      <subfield code="c">35 cm</subfield>
    </datafield>
    <datafield tag="852" ind1=" " ind2=" ">
      <subfield code="a">B11</subfield>
      <subfield code="b">B11</subfield>
      <subfield code="x">BMEOMIKK000471888</subfield>
    </datafield>
  </record>
  <record>
    <leader>01855fam  2200577 i 4500</leader>
    <controlfield tag="001">MOKKAZ0006437034  </controlfield>
    <controlfield tag="005">20091223223125.0</controlfield>
    <controlfield tag="008">011126t20012001hu ar         000 0 hun d</controlfield>
    <datafield tag="020" ind1=" " ind2=" ">
      <subfield code="a">963-09-4242-9 (kötött) :</subfield>
      <subfield code="c">6990,-Ft</subfield>
    </datafield>
    <datafield tag="035" ind1=" " ind2=" ">
      <subfield code="a">907054</subfield>
    </datafield>
    <datafield tag="040" ind1=" " ind2=" ">
      <subfield code="a">OSZK</subfield>
    </datafield>
    <datafield tag="041" ind1="1" ind2=" ">
      <subfield code="a">hunhun</subfield>
      <subfield code="h">dut</subfield>
    </datafield>
    <datafield tag="080" ind1=" " ind2=" ">
      <subfield code="a">72(100)(084)</subfield>
    </datafield>
    <datafield tag="080" ind1=" " ind2=" ">
      <subfield code="a">502.72(100)(084)</subfield>
    </datafield>
    <datafield tag="130" ind1="0" ind2="0">
      <subfield code="a">100 wereld wonderen</subfield>
      <subfield code="l">magyar</subfield>
    </datafield>
    <datafield tag="245" ind1="0" ind2="0">
      <subfield code="a">100 csoda öt földrészen : </subfield>
      <subfield code="b">öt világrész emberalkotta és természeti kincsei /</subfield>
      <subfield code="c">[ford. Sz. Érdi Éva]</subfield>
    </datafield>
    <datafield tag="260" ind1=" " ind2=" ">
      <subfield code="a">[Budapest] :</subfield>
      <subfield code="b">Kossuth,</subfield>
      <subfield code="c">cop. 2001</subfield>
      <subfield code="e">([S.l.]</subfield>
      <subfield code="f">[s.n.])</subfield>
    </datafield>
    <datafield tag="300" ind1=" " ind2=" ">
      <subfield code="a">207 p. :</subfield>
      <subfield code="b">ill., színes ;</subfield>
      <subfield code="c">35 cm</subfield>
    </datafield>
    <datafield tag="650" ind1=" " ind2="4">
      <subfield code="a">Nemzeti parkok és rezervátumok</subfield>
    </datafield>
    <datafield tag="650" ind1=" " ind2="4">
      <subfield code="a">Építészet</subfield>
    </datafield>
    <datafield tag="650" ind1=" " ind2="0">
      <subfield code="a">National parks and reserves.</subfield>
    </datafield>
    <datafield tag="650" ind1=" " ind2="0">
      <subfield code="a">Architecture.</subfield>
    </datafield>
    <datafield tag="650" ind1=" " ind2="7">
      <subfield code="a">Természeti érték</subfield>
      <subfield code="x">világ országai</subfield>
      <subfield code="2">szte</subfield>
    </datafield>
    <datafield tag="650" ind1=" " ind2="7">
      <subfield code="a">Műemlék</subfield>
      <subfield code="x">világ országai</subfield>
      <subfield code="2">szte</subfield>
    </datafield>
    <datafield tag="650" ind1="0" ind2="4">
      <subfield code="a">természeti tájak</subfield>
      <subfield code="x">fotóalbum</subfield>
    </datafield>
    <datafield tag="650" ind1="0" ind2="4">
      <subfield code="a">építészet</subfield>
      <subfield code="x">fotóalbum</subfield>
    </datafield>
    <datafield tag="650" ind1="0" ind2="4">
      <subfield code="a">művelődéstörténet</subfield>
      <subfield code="x">fotóalbum</subfield>
    </datafield>
    <datafield tag="650" ind1=" " ind2="4">
      <subfield code="a">Művelődéstörténet</subfield>
    </datafield>
    <datafield tag="650" ind1=" " ind2="7">
      <subfield code="a">Természeti érték</subfield>
      <subfield code="x">világ országai</subfield>
      <subfield code="x">képekkel</subfield>
      <subfield code="2">szte</subfield>
    </datafield>
    <datafield tag="650" ind1=" " ind2="7">
      <subfield code="a">Műemlék</subfield>
      <subfield code="x">világ országai</subfield>
      <subfield code="x">képekkel</subfield>
      <subfield code="2">szte</subfield>
    </datafield>
    <datafield tag="650" ind1=" " ind2="4">
      <subfield code="a">világföldrajz</subfield>
    </datafield>
    <datafield tag="650" ind1=" " ind2="4">
      <subfield code="a">természet</subfield>
    </datafield>
    <datafield tag="650" ind1=" " ind2="4">
      <subfield code="a">nemzeti park</subfield>
    </datafield>
    <datafield tag="650" ind1=" " ind2="4">
      <subfield code="a">műemlék</subfield>
    </datafield>
    <datafield tag="650" ind1=" " ind2="4">
      <subfield code="a">épületfotó</subfield>
    </datafield>
    <datafield tag="650" ind1=" " ind2="4">
      <subfield code="a">tájfotó</subfield>
    </datafield>
    <datafield tag="651" ind1=" " ind2="4">
      <subfield code="a">Amerika</subfield>
    </datafield>
    <datafield tag="651" ind1=" " ind2="4">
      <subfield code="a">Európa</subfield>
    </datafield>
    <datafield tag="651" ind1=" " ind2="4">
      <subfield code="a">Ázsia</subfield>
    </datafield>
    <datafield tag="651" ind1=" " ind2="4">
      <subfield code="a">Ausztrália</subfield>
    </datafield>
    <datafield tag="651" ind1=" " ind2="4">
      <subfield code="a">Afrika</subfield>
    </datafield>
    <datafield tag="700" ind1="1" ind2=" ">
      <subfield code="a">Érdi Éva, Sz</subfield>
      <subfield code="4">(ford.)</subfield>
    </datafield>
    <datafield tag="730" ind1="0" ind2=" ">
      <subfield code="a">100 wereld wonderen</subfield>
    </datafield>
    <datafield tag="852" ind1=" " ind2=" ">
      <subfield code="a">B1</subfield>
      <subfield code="b">B1</subfield>
      <subfield code="x">907054</subfield>
    </datafield>
    <datafield tag="852" ind1=" " ind2=" ">
      <subfield code="a">D1</subfield>
      <subfield code="b">D1</subfield>
      <subfield code="x">bibFSZ632365</subfield>
    </datafield>
    <datafield tag="852" ind1=" " ind2=" ">
      <subfield code="a">SZ1</subfield>
      <subfield code="b">SZ1</subfield>
      <subfield code="x">bibFSZ632365</subfield>
    </datafield>
    <datafield tag="852" ind1=" " ind2=" ">
      <subfield code="a">B10</subfield>
      <subfield code="B">0801</subfield>
      <subfield code="b">1308</subfield>
      <subfield code="x">bibFSZ632365</subfield>
    </datafield>
    <datafield tag="852" ind1=" " ind2=" ">
      <subfield code="a">M1</subfield>
      <subfield code="b">M1</subfield>
      <subfield code="x">180977</subfield>
    </datafield>
    <datafield tag="852" ind1=" " ind2=" ">
      <subfield code="a">SZL1</subfield>
      <subfield code="b">SZL1</subfield>
      <subfield code="x">bibVFK00231773</subfield>
    </datafield>
    <datafield tag="852" ind1=" " ind2=" ">
      <subfield code="a">SZ4</subfield>
      <subfield code="b">SZ4</subfield>
      <subfield code="x">bibFSZ632365</subfield>
    </datafield>
    <datafield tag="852" ind1=" " ind2=" ">
      <subfield code="a">B653</subfield>
      <subfield code="x">bibFSZ632365</subfield>
    </datafield>
  </record>
  <record>
    <leader>00742nam  2200217 i 4500</leader>
    <controlfield tag="001">MOKKAW0005518351  </controlfield>
    <controlfield tag="005">20080414112706.0</controlfield>
    <controlfield tag="008">041215s2004    hu a          0000  hunod</controlfield>
    <datafield tag="020" ind1=" " ind2=" ">
      <subfield code="a">963-09-4242-9 (kötött)</subfield>
    </datafield>
    <datafield tag="035" ind1=" " ind2=" ">
      <subfield code="a">NLVK400062</subfield>
    </datafield>
    <datafield tag="040" ind1=" " ind2=" ">
      <subfield code="a">NLVK</subfield>
    </datafield>
    <datafield tag="041" ind1="1" ind2=" ">
      <subfield code="a">hun</subfield>
    </datafield>
    <datafield tag="245" ind1="1" ind2="0">
      <subfield code="a">100 csoda öt földrészen : </subfield>
      <subfield code="b">öt világrész emberalkotta és természeti kincsei /</subfield>
      <subfield code="c">[ford. Sz. Érdi Éva]</subfield>
    </datafield>
    <datafield tag="260" ind1=" " ind2=" ">
      <subfield code="a">[Budapest] :</subfield>
      <subfield code="b">Kossuth,</subfield>
      <subfield code="c">2004</subfield>
    </datafield>
    <datafield tag="300" ind1=" " ind2=" ">
      <subfield code="a">207 p. :</subfield>
      <subfield code="b">ill., színes ;</subfield>
      <subfield code="c">35 cm</subfield>
    </datafield>
    <datafield tag="650" ind1=" " ind2="4">
      <subfield code="a">Műemlékek</subfield>
      <subfield code="x">Világ országai</subfield>
    </datafield>
    <datafield tag="650" ind1=" " ind2="4">
      <subfield code="a">Építészet</subfield>
      <subfield code="x">Világ országai</subfield>
    </datafield>
    <datafield tag="650" ind1=" " ind2="4">
      <subfield code="a">Természeti értékek</subfield>
      <subfield code="x">Világ országai</subfield>
    </datafield>
    <datafield tag="650" ind1=" " ind2="4">
      <subfield code="a">Nemzeti parkok</subfield>
      <subfield code="x">Világ országai</subfield>
    </datafield>
    <datafield tag="700" ind1="1" ind2=" ">
      <subfield code="a">Érdi Éva, Sz.</subfield>
      <subfield code="4">(ford.)</subfield>
    </datafield>
    <datafield tag="852" ind1=" " ind2=" ">
      <subfield code="a">H1</subfield>
      <subfield code="b">H1</subfield>
      <subfield code="x">NLVK400062</subfield>
    </datafield>
  </record>
  <record>
    <leader>00700nam  2200205   4500</leader>
    <controlfield tag="001">MOKKAN0004243644  </controlfield>
    <controlfield tag="005">20070408085245.0</controlfield>
    <controlfield tag="008">000211s2004                        hun d</controlfield>
    <datafield tag="020" ind1=" " ind2=" ">
      <subfield code="a">(kötött)</subfield>
      <subfield code="z">963-09-4242-9</subfield>
    </datafield>
    <datafield tag="035" ind1=" " ind2=" ">
      <subfield code="a">bibFSZ1058480</subfield>
    </datafield>
    <datafield tag="040" ind1=" " ind2=" ">
      <subfield code="a">FSZEK</subfield>
    </datafield>
    <datafield tag="041" ind1=" " ind2=" ">
      <subfield code="a">hun</subfield>
    </datafield>
    <datafield tag="240" ind1=" " ind2="0">
      <subfield code="a">100 wereld wonderen</subfield>
    </datafield>
    <datafield tag="245" ind1="0" ind2="0">
      <subfield code="a">100 csoda öt földrészen :</subfield>
      <subfield code="b">öt világrész emberalkotta és természeti kincsei /</subfield>
      <subfield code="c">[ford. Sz. Érdi Éva] ; [a fotók ...: Milan Horacek et al.]</subfield>
    </datafield>
    <datafield tag="260" ind1=" " ind2=" ">
      <subfield code="a">[Budapest] :</subfield>
      <subfield code="b">Kossuth,</subfield>
      <subfield code="c">cop. 2004</subfield>
    </datafield>
    <datafield tag="300" ind1=" " ind2=" ">
      <subfield code="a">207, [1] p. :</subfield>
      <subfield code="b">ill. ;</subfield>
      <subfield code="c">35 cm</subfield>
    </datafield>
    <datafield tag="504" ind1=" " ind2=" ">
      <subfield code="a">Bibliogr.: p. 205.</subfield>
    </datafield>
    <datafield tag="700" ind1="1" ind2=" ">
      <subfield code="a">Érdi Éva, Sz.</subfield>
      <subfield code="4">ford.</subfield>
    </datafield>
    <datafield tag="700" ind1="1" ind2=" ">
      <subfield code="a">Horacek, Milan</subfield>
      <subfield code="4">fotó</subfield>
    </datafield>
    <datafield tag="852" ind1=" " ind2=" ">
      <subfield code="a">B10</subfield>
      <subfield code="b">B10</subfield>
      <subfield code="x">bibFSZ1058480</subfield>
    </datafield>
  </record>
  <record>
    <leader>00635nam  2200193 i 4500</leader>
    <controlfield tag="001">MOKKAS0001093562  </controlfield>
    <controlfield tag="005">20051216001356.0</controlfield>
    <controlfield tag="008">050903s2004    hu            00010 hun d</controlfield>
    <datafield tag="020" ind1=" " ind2=" ">
      <subfield code="a">963-09-4242-9 :</subfield>
      <subfield code="c">6990,-Ft</subfield>
    </datafield>
    <datafield tag="035" ind1=" " ind2=" ">
      <subfield code="a">bibBKO00267650</subfield>
    </datafield>
    <datafield tag="040" ind1=" " ind2=" ">
      <subfield code="a">BMK</subfield>
    </datafield>
    <datafield tag="245" ind1="0" ind2="0">
      <subfield code="a">100 csoda öt földrészen :</subfield>
      <subfield code="b">öt világrész emberalkotta és természeti kincsei /</subfield>
      <subfield code="c">[fotók Milan Horacek et al.]</subfield>
    </datafield>
    <datafield tag="260" ind1=" " ind2=" ">
      <subfield code="a">[Budapest] :</subfield>
      <subfield code="b">Kossuth,</subfield>
      <subfield code="c">cop.2004</subfield>
    </datafield>
    <datafield tag="300" ind1=" " ind2=" ">
      <subfield code="a">207 p. :</subfield>
      <subfield code="b">ill. ;</subfield>
      <subfield code="c">35 cm</subfield>
    </datafield>
    <datafield tag="650" ind1=" " ind2="4">
      <subfield code="a">épitészet</subfield>
    </datafield>
    <datafield tag="650" ind1=" " ind2="4">
      <subfield code="a">épületek</subfield>
    </datafield>
    <datafield tag="650" ind1=" " ind2="4">
      <subfield code="a">természetvédelmi területek</subfield>
    </datafield>
    <datafield tag="700" ind1="1" ind2=" ">
      <subfield code="a">Horacek, Milan</subfield>
      <subfield code="4">fotó</subfield>
    </datafield>
    <datafield tag="852" ind1=" " ind2=" ">
      <subfield code="a">BCS1</subfield>
      <subfield code="b">BCS1</subfield>
      <subfield code="x">bibBKO00267650</subfield>
    </datafield>
  </record>
  <record>
    <leader>00535nam  2200169 i 4500</leader>
    <controlfield tag="001">MOKKAW0005806527  </controlfield>
    <controlfield tag="005">20080419044449.0</controlfield>
    <controlfield tag="008">060320s20032003hu            000 0 hun d</controlfield>
    <datafield tag="020" ind1=" " ind2=" ">
      <subfield code="a">963-09-4452-9</subfield>
    </datafield>
    <datafield tag="035" ind1=" " ind2=" ">
      <subfield code="a">BMEOMIKK000471458</subfield>
    </datafield>
    <datafield tag="040" ind1=" " ind2=" ">
      <subfield code="a">BMEOMIKK</subfield>
    </datafield>
    <datafield tag="041" ind1="1" ind2=" ">
      <subfield code="a">hun</subfield>
      <subfield code="h">ger</subfield>
    </datafield>
    <datafield tag="130" ind1="4" ind2="0">
      <subfield code="a">Die 100 schönsten Städte der Welt</subfield>
      <subfield code="l">magyar</subfield>
    </datafield>
    <datafield tag="245" ind1="1" ind2="0">
      <subfield code="a">100 csodálatos város a világon : </subfield>
      <subfield code="b">felejthetetlen utazások öt földrészen</subfield>
    </datafield>
    <datafield tag="260" ind1=" " ind2=" ">
      <subfield code="a">[Budapest] :</subfield>
      <subfield code="b">Kossuth,</subfield>
      <subfield code="c">cop. 2003</subfield>
    </datafield>
    <datafield tag="300" ind1=" " ind2=" ">
      <subfield code="a">208 p. ;</subfield>
      <subfield code="c">35 cm</subfield>
    </datafield>
    <datafield tag="852" ind1=" " ind2=" ">
      <subfield code="a">B11</subfield>
      <subfield code="b">B11</subfield>
      <subfield code="x">BMEOMIKK000471458</subfield>
    </datafield>
  </record>
  <record>
    <leader>00914fam  2200277 i 4500</leader>
    <controlfield tag="001">MOKKAZ0006464124  </controlfield>
    <controlfield tag="005">20040915203908.0</controlfield>
    <controlfield tag="008">030924t20032003hu aro        000 0 hun d</controlfield>
    <datafield tag="020" ind1=" " ind2=" ">
      <subfield code="a">963-09-4452-9 (kötött) :</subfield>
      <subfield code="c">4893,-Ft</subfield>
    </datafield>
    <datafield tag="035" ind1=" " ind2=" ">
      <subfield code="a">1040134</subfield>
    </datafield>
    <datafield tag="040" ind1=" " ind2=" ">
      <subfield code="a">OSZK</subfield>
    </datafield>
    <datafield tag="041" ind1="1" ind2=" ">
      <subfield code="a">hunhun</subfield>
      <subfield code="h">ger</subfield>
    </datafield>
    <datafield tag="130" ind1="4" ind2="0">
      <subfield code="a">Die 100 schönsten Städte der Welt</subfield>
      <subfield code="l">magyar</subfield>
    </datafield>
    <datafield tag="245" ind1="0" ind2="0">
      <subfield code="a">100 csodálatos város a világon : </subfield>
      <subfield code="b">felejthetetlen utazások öt földrészen /</subfield>
      <subfield code="c">[ford. Sz. Érdi Éva].</subfield>
    </datafield>
    <datafield tag="260" ind1=" " ind2=" ">
      <subfield code="a">[Budapest] :</subfield>
      <subfield code="b">Kossuth,</subfield>
      <subfield code="c">cop. 2003</subfield>
      <subfield code="e">([S.l.]</subfield>
      <subfield code="f">[s.n.])</subfield>
    </datafield>
    <datafield tag="300" ind1=" " ind2=" ">
      <subfield code="a">208 p. :</subfield>
      <subfield code="b">ill., színes ;</subfield>
      <subfield code="c">35 cm</subfield>
    </datafield>
    <datafield tag="650" ind1=" " ind2="4">
      <subfield code="a">Városok</subfield>
    </datafield>
    <datafield tag="650" ind1=" " ind2="4">
      <subfield code="a">Építészet</subfield>
    </datafield>
    <datafield tag="650" ind1=" " ind2="0">
      <subfield code="a">Cities and towns.</subfield>
    </datafield>
    <datafield tag="650" ind1=" " ind2="0">
      <subfield code="a">Architecture.</subfield>
    </datafield>
    <datafield tag="650" ind1=" " ind2="4">
      <subfield code="a">Világ városai</subfield>
    </datafield>
    <datafield tag="700" ind1="1" ind2=" ">
      <subfield code="a">Érdi Éva, Sz</subfield>
      <subfield code="4">(ford.)</subfield>
    </datafield>
    <datafield tag="852" ind1=" " ind2=" ">
      <subfield code="a">B1</subfield>
      <subfield code="b">B1</subfield>
      <subfield code="x">1040134</subfield>
    </datafield>
    <datafield tag="852" ind1=" " ind2=" ">
      <subfield code="a">D1</subfield>
      <subfield code="b">D1</subfield>
      <subfield code="x">bibFSZ926303</subfield>
    </datafield>
    <datafield tag="852" ind1=" " ind2=" ">
      <subfield code="a">B10</subfield>
      <subfield code="B">0801</subfield>
      <subfield code="b">0801G</subfield>
      <subfield code="x">bibFSZ926303</subfield>
    </datafield>
    <datafield tag="852" ind1=" " ind2=" ">
      <subfield code="a">SZL1</subfield>
      <subfield code="b">SZL1</subfield>
      <subfield code="x">bibVFK00254401</subfield>
    </datafield>
  </record>
  <record>
    <leader>00864nam  2200241 i 4500</leader>
    <controlfield tag="001">MOKKAS0001499561  </controlfield>
    <controlfield tag="005">20060113201321.0</controlfield>
    <controlfield tag="008">050903s1997    hu            00010 hun d</controlfield>
    <datafield tag="020" ind1=" " ind2=" ">
      <subfield code="a">963-9020-50-8 (fűzött) :</subfield>
      <subfield code="c">490,- Ft</subfield>
    </datafield>
    <datafield tag="035" ind1=" " ind2=" ">
      <subfield code="a">bibVFK00189840</subfield>
    </datafield>
    <datafield tag="040" ind1=" " ind2=" ">
      <subfield code="a">VFMK</subfield>
    </datafield>
    <datafield tag="100" ind1="1" ind2=" ">
      <subfield code="a">Rejtő Jenő</subfield>
      <subfield code="d">(1905-1943)</subfield>
    </datafield>
    <datafield tag="245" ind1="1" ind2="0">
      <subfield code="a">100 csóknak is egy a vége /</subfield>
      <subfield code="c">Rejtő Jenő, Nádassy László ; [vál. és szerk. Zsiga László]</subfield>
    </datafield>
    <datafield tag="260" ind1=" " ind2=" ">
      <subfield code="a">Szeged :</subfield>
      <subfield code="b">Szukits Könyvkiadó,</subfield>
      <subfield code="c">[1997]</subfield>
    </datafield>
    <datafield tag="300" ind1=" " ind2=" ">
      <subfield code="a">194, [2] p. ;</subfield>
      <subfield code="c">20 cm</subfield>
    </datafield>
    <datafield tag="490" ind1="1" ind2=" ">
      <subfield code="a">(Szórakoztató regénytár,</subfield>
      <subfield code="x">1217-2081, Rejtő Jenő művei, 963-8199-51-2)</subfield>
    </datafield>
    <datafield tag="504" ind1=" " ind2=" ">
      <subfield code="a">Bohózatok, tréfák</subfield>
    </datafield>
    <datafield tag="700" ind1="1" ind2=" ">
      <subfield code="a">Nádassy László</subfield>
      <subfield code="d">(1907-1978)</subfield>
    </datafield>
    <datafield tag="700" ind1="1" ind2=" ">
      <subfield code="a">Zsiga László</subfield>
      <subfield code="4">vál.</subfield>
    </datafield>
    <datafield tag="830" ind1=" " ind2="0">
      <subfield code="a">Szórakoztató regénytár</subfield>
    </datafield>
    <datafield tag="830" ind1=" " ind2="0">
      <subfield code="a">Rejtő Jenő művei</subfield>
    </datafield>
    <datafield tag="852" ind1=" " ind2=" ">
      <subfield code="a">SZL1</subfield>
      <subfield code="b">SZL1</subfield>
      <subfield code="x">bibVFK00189840</subfield>
    </datafield>
    <datafield tag="852" ind1=" " ind2=" ">
      <subfield code="a">GY1</subfield>
      <subfield code="b">GY1</subfield>
      <subfield code="x">347000</subfield>
    </datafield>
  </record>
  <record>
    <leader>01172fam  2200301 ir4500</leader>
    <controlfield tag="001">MOKKAZ0006349855  </controlfield>
    <controlfield tag="005">20040915193838.0</controlfield>
    <controlfield tag="008">970624s1997    hu            000 b hun d</controlfield>
    <datafield tag="020" ind1=" " ind2=" ">
      <subfield code="a">963-9020-50-8 (fűzött) :</subfield>
      <subfield code="c">490,- Ft</subfield>
    </datafield>
    <datafield tag="035" ind1=" " ind2=" ">
      <subfield code="a">237106</subfield>
    </datafield>
    <datafield tag="040" ind1=" " ind2=" ">
      <subfield code="a">OSZK</subfield>
    </datafield>
    <datafield tag="041" ind1="0" ind2=" ">
      <subfield code="a">hunhun</subfield>
    </datafield>
    <datafield tag="100" ind1="1" ind2=" ">
      <subfield code="a">Rejtő Jenő</subfield>
      <subfield code="d">(1905-1943)</subfield>
    </datafield>
    <datafield tag="245" ind1="1" ind2="0">
      <subfield code="a">100 csóknak is egy a vége /</subfield>
      <subfield code="c">Rejtő Jenő, Nádassy László ; [vál. és szerk. Zsiga László]</subfield>
    </datafield>
    <datafield tag="260" ind1=" " ind2=" ">
      <subfield code="a">Szeged :</subfield>
      <subfield code="b">Szukits,</subfield>
      <subfield code="c">[1997]</subfield>
      <subfield code="e">([Szeged]</subfield>
      <subfield code="f">Szegedi Kossuth)</subfield>
    </datafield>
    <datafield tag="300" ind1=" " ind2=" ">
      <subfield code="a">194, [2] p. ;</subfield>
      <subfield code="c">20 cm</subfield>
    </datafield>
    <datafield tag="490" ind1="1" ind2=" ">
      <subfield code="a">Szórakoztató regénytár</subfield>
      <subfield code="x">1217-2081</subfield>
      <subfield code="v">30.</subfield>
    </datafield>
    <datafield tag="490" ind1="1" ind2=" ">
      <subfield code="a">Rejtő Jenő művei</subfield>
      <subfield code="x">963-8199-51-</subfield>
    </datafield>
    <datafield tag="500" ind1=" " ind2=" ">
      <subfield code="a">Bohózatok, tréfák</subfield>
    </datafield>
    <datafield tag="700" ind1="1" ind2="0">
      <subfield code="a">Nádassy László</subfield>
      <subfield code="d">(1907-1978)</subfield>
    </datafield>
    <datafield tag="700" ind1="1" ind2=" ">
      <subfield code="a">Zsiga László</subfield>
      <subfield code="4">(vál.)</subfield>
    </datafield>
    <datafield tag="830" ind1=" " ind2="0">
      <subfield code="a">Szórakoztató regénytár</subfield>
    </datafield>
    <datafield tag="830" ind1=" " ind2="0">
      <subfield code="a">Rejtő Jenő művei</subfield>
    </datafield>
    <datafield tag="852" ind1=" " ind2=" ">
      <subfield code="a">B1</subfield>
      <subfield code="b">B1</subfield>
      <subfield code="x">237106</subfield>
    </datafield>
    <datafield tag="852" ind1=" " ind2=" ">
      <subfield code="a">D1</subfield>
      <subfield code="b">D1</subfield>
      <subfield code="x">237106</subfield>
    </datafield>
    <datafield tag="852" ind1=" " ind2=" ">
      <subfield code="a">B10</subfield>
      <subfield code="B">1801</subfield>
      <subfield code="B">1802</subfield>
      <subfield code="B">1803</subfield>
      <subfield code="B">1901</subfield>
      <subfield code="B">1903</subfield>
      <subfield code="B">2002</subfield>
      <subfield code="B">2004</subfield>
      <subfield code="B">2101</subfield>
      <subfield code="B">2103</subfield>
      <subfield code="B">2104</subfield>
      <subfield code="B">2105</subfield>
      <subfield code="B">2301</subfield>
      <subfield code="B">1308</subfield>
      <subfield code="B">0401</subfield>
      <subfield code="B">1105</subfield>
      <subfield code="B">1104</subfield>
      <subfield code="B">1201</subfield>
      <subfield code="B">0204</subfield>
      <subfield code="B">0307C</subfield>
      <subfield code="B">0305</subfield>
      <subfield code="B">1003</subfield>
      <subfield code="B">1004</subfield>
      <subfield code="B">1402</subfield>
      <subfield code="B">1404</subfield>
      <subfield code="B">1601</subfield>
      <subfield code="B">1602</subfield>
      <subfield code="b">1704</subfield>
      <subfield code="x">bibFSZ00115951</subfield>
    </datafield>
    <datafield tag="852" ind1=" " ind2=" ">
      <subfield code="a">H1</subfield>
      <subfield code="b">H1</subfield>
      <subfield code="x">NLVK464261</subfield>
    </datafield>
    <datafield tag="852" ind1=" " ind2=" ">
      <subfield code="a">M2</subfield>
      <subfield code="b">M2</subfield>
      <subfield code="x">bibRFK00034584</subfield>
    </datafield>
  </record>
  <record>
    <leader>00398cam  22001217  4500</leader>
    <controlfield tag="001">MOKKAZ0004622426  </controlfield>
    <controlfield tag="005">20040910084850.0</controlfield>
    <controlfield tag="008">000211s1944                  00    hun d</controlfield>
    <datafield tag="035" ind1=" " ind2=" ">
      <subfield code="a">bibFSZ83413</subfield>
    </datafield>
    <datafield tag="040" ind1=" " ind2=" ">
      <subfield code="a">FSZEK</subfield>
    </datafield>
    <datafield tag="245" ind1="0" ind2="0">
      <subfield code="a">100. csoportkiállítás :</subfield>
      <subfield code="b">Duray Tibor [et al.] /</subfield>
      <subfield code="c">[közread. a] Nemzeti Szalon</subfield>
    </datafield>
    <datafield tag="260" ind1=" " ind2=" ">
      <subfield code="a">Budapest :</subfield>
      <subfield code="b">Nemzeti Szalon Művészeti Egyesület</subfield>
      <subfield code="c">1944</subfield>
    </datafield>
    <datafield tag="852" ind1=" " ind2=" ">
      <subfield code="a">B10</subfield>
      <subfield code="b">0801B</subfield>
      <subfield code="x">bibFSZ83413</subfield>
    </datafield>
  </record>
  <record>
    <leader>02388nam  2200733 i 4500</leader>
    <controlfield tag="001">MOKKAW0005217883  </controlfield>
    <controlfield tag="005">20100927143725.0</controlfield>
    <controlfield tag="008">100519s2007    hu a          00000dhun d</controlfield>
    <datafield tag="020" ind1=" " ind2=" ">
      <subfield code="a">978-963-06-3235-5 (kötött)</subfield>
    </datafield>
    <datafield tag="035" ind1=" " ind2=" ">
      <subfield code="a">2928143</subfield>
    </datafield>
    <datafield tag="040" ind1=" " ind2=" ">
      <subfield code="a">OSZK</subfield>
    </datafield>
    <datafield tag="041" ind1="0" ind2=" ">
      <subfield code="a">hunenggerfre</subfield>
    </datafield>
    <datafield tag="080" ind1=" " ind2=" ">
      <subfield code="a">76(439)(092)Cziráki_L.</subfield>
    </datafield>
    <datafield tag="080" ind1=" " ind2=" ">
      <subfield code="a">069.017(439)Paár</subfield>
    </datafield>
    <datafield tag="080" ind1=" " ind2=" ">
      <subfield code="a">76(439)Cziráki L.=00</subfield>
    </datafield>
    <datafield tag="080" ind1=" " ind2=" ">
      <subfield code="a">92Cziráki L</subfield>
    </datafield>
    <datafield tag="080" ind1=" " ind2=" ">
      <subfield code="a">099.3Cziráki Lajosné</subfield>
    </datafield>
    <datafield tag="080" ind1=" " ind2=" ">
      <subfield code="a">929:75(439)Cziráki Lajos</subfield>
    </datafield>
    <datafield tag="080" ind1=" " ind2=" ">
      <subfield code="a">741(439)Cziráki</subfield>
    </datafield>
    <datafield tag="080" ind1=" " ind2=" ">
      <subfield code="a">7.074(439)Paár-gyűjtemény</subfield>
    </datafield>
    <datafield tag="100" ind1="1" ind2=" ">
      <subfield code="a">Cziráki Lajos</subfield>
      <subfield code="d">(1917-2003)</subfield>
    </datafield>
    <datafield tag="245" ind1="1" ind2="0">
      <subfield code="a">100 Cziráki grafika a Paár gyűjteményben /</subfield>
      <subfield code="c">[... szerk. Paár Attila, Horváth Tamás, Cziráki Lajosné]</subfield>
    </datafield>
    <datafield tag="246" ind1="1" ind2="1">
      <subfield code="a">100 Cziráki drawings in the Paár collection</subfield>
    </datafield>
    <datafield tag="246" ind1="1" ind2="1">
      <subfield code="a">100 Cziráki-Graphiken in der Paár-Sammlung</subfield>
    </datafield>
    <datafield tag="246" ind1="1" ind2="1">
      <subfield code="a">100 graphique de Cziráki dans la collection Paár</subfield>
    </datafield>
    <datafield tag="260" ind1=" " ind2=" ">
      <subfield code="a">Győr :</subfield>
      <subfield code="b">3W Stúdió,</subfield>
      <subfield code="c">2007</subfield>
    </datafield>
    <datafield tag="300" ind1=" " ind2=" ">
      <subfield code="a">[114] p. :</subfield>
      <subfield code="b">ill. ;</subfield>
      <subfield code="c">23x30 cm</subfield>
    </datafield>
    <datafield tag="600" ind1="1" ind2="4">
      <subfield code="a">Cziráki Lajos</subfield>
      <subfield code="d">(1917-2003)</subfield>
    </datafield>
    <datafield tag="600" ind1="1" ind2="4">
      <subfield code="a">Paár Attila</subfield>
      <subfield code="d">(1974)</subfield>
    </datafield>
    <datafield tag="600" ind1="1" ind2="4">
      <subfield code="a">Paár Attila</subfield>
    </datafield>
    <datafield tag="650" ind1="1" ind2="7">
      <subfield code="a">grafikus</subfield>
      <subfield code="2">oszk</subfield>
    </datafield>
    <datafield tag="650" ind1="1" ind2="7">
      <subfield code="a">magángyűjtemény</subfield>
      <subfield code="2">oszk</subfield>
    </datafield>
    <datafield tag="650" ind1="1" ind2="7">
      <subfield code="a">20. század</subfield>
      <subfield code="2">oszk</subfield>
    </datafield>
    <datafield tag="650" ind1=" " ind2="4">
      <subfield code="a">képzőművész</subfield>
    </datafield>
    <datafield tag="650" ind1=" " ind2="4">
      <subfield code="a">grafikus</subfield>
    </datafield>
    <datafield tag="650" ind1=" " ind2="4">
      <subfield code="a">magángyűjtemény</subfield>
    </datafield>
    <datafield tag="650" ind1=" " ind2="4">
      <subfield code="a">dedikáció</subfield>
    </datafield>
    <datafield tag="650" ind1=" " ind2="4">
      <subfield code="a">többnyelvű dokumentum</subfield>
    </datafield>
    <datafield tag="650" ind1=" " ind2="4">
      <subfield code="a">grafika</subfield>
    </datafield>
    <datafield tag="650" ind1=" " ind2="4">
      <subfield code="a">képzőművészeti album</subfield>
    </datafield>
    <datafield tag="650" ind1=" " ind2="4">
      <subfield code="a">grafikai album</subfield>
    </datafield>
    <datafield tag="650" ind1=" " ind2="4">
      <subfield code="a">művészkönyv</subfield>
    </datafield>
    <datafield tag="650" ind1=" " ind2="7">
      <subfield code="a">Grafikai művészetek</subfield>
      <subfield code="z">Magyarország</subfield>
      <subfield code="y">20. század</subfield>
      <subfield code="2">lcsh//hun</subfield>
    </datafield>
    <datafield tag="650" ind1=" " ind2="7">
      <subfield code="a">Rajz</subfield>
      <subfield code="z">Magyarország</subfield>
      <subfield code="y">20. század</subfield>
      <subfield code="2">lcsh//hun</subfield>
    </datafield>
    <datafield tag="650" ind1=" " ind2="0">
      <subfield code="a">Graphic arts</subfield>
      <subfield code="z">Hungary</subfield>
      <subfield code="y">20th century.</subfield>
    </datafield>
    <datafield tag="650" ind1=" " ind2="0">
      <subfield code="a">Drawing</subfield>
      <subfield code="z">Hungary</subfield>
      <subfield code="y">20th century.</subfield>
    </datafield>
    <datafield tag="651" ind1=" " ind2="4">
      <subfield code="a">Magyarország</subfield>
    </datafield>
    <datafield tag="653" ind1=" " ind2=" ">
      <subfield code="a">helyi személy</subfield>
    </datafield>
    <datafield tag="653" ind1=" " ind2=" ">
      <subfield code="a">helyi közreműködő</subfield>
    </datafield>
    <datafield tag="653" ind1=" " ind2=" ">
      <subfield code="a">képzőművészeti album</subfield>
    </datafield>
    <datafield tag="653" ind1=" " ind2=" ">
      <subfield code="a">20. sz.</subfield>
    </datafield>
    <datafield tag="653" ind1=" " ind2=" ">
      <subfield code="a">grafika</subfield>
    </datafield>
    <datafield tag="653" ind1=" " ind2=" ">
      <subfield code="a">gyűjtemény</subfield>
    </datafield>
    <datafield tag="695" ind1=" " ind2=" ">
      <subfield code="a">Grafikus, magyar</subfield>
    </datafield>
    <datafield tag="695" ind1=" " ind2=" ">
      <subfield code="a">Rajzművészet, magyar</subfield>
    </datafield>
    <datafield tag="695" ind1=" " ind2=" ">
      <subfield code="a">Magángyűjtemény, magyar</subfield>
    </datafield>
    <datafield tag="700" ind1="1" ind2=" ">
      <subfield code="a">Paár Attila</subfield>
      <subfield code="4">(szerk.)</subfield>
    </datafield>
    <datafield tag="700" ind1="1" ind2=" ">
      <subfield code="a">Horváth Tamás</subfield>
      <subfield code="4">(szerk.)</subfield>
    </datafield>
    <datafield tag="700" ind1="1" ind2=" ">
      <subfield code="a">Cziráki Lajosné</subfield>
      <subfield code="4">(szerk.)</subfield>
    </datafield>
    <datafield tag="852" ind1=" " ind2=" ">
      <subfield code="a">B1</subfield>
      <subfield code="b">B1</subfield>
      <subfield code="x">2928143</subfield>
    </datafield>
    <datafield tag="852" ind1=" " ind2=" ">
      <subfield code="a">GY1</subfield>
      <subfield code="b">GY1</subfield>
      <subfield code="x">KKMK1673642</subfield>
    </datafield>
    <datafield tag="852" ind1=" " ind2=" ">
      <subfield code="a">D1</subfield>
      <subfield code="b">D1</subfield>
      <subfield code="x">MOKKAW0005217883</subfield>
    </datafield>
    <datafield tag="852" ind1=" " ind2=" ">
      <subfield code="a">B9</subfield>
      <subfield code="b">B9</subfield>
      <subfield code="x">918950</subfield>
    </datafield>
    <datafield tag="852" ind1=" " ind2=" ">
      <subfield code="a">P1</subfield>
      <subfield code="b">P1/M</subfield>
      <subfield code="x">bibPTE00557050</subfield>
    </datafield>
  </record>
  <record>
    <leader>00522nama 22001451ir4500</leader>
    <controlfield tag="001">MOKKAS0000684690  </controlfield>
    <controlfield tag="005">20060118153846.0</controlfield>
    <controlfield tag="008">041105s1977    ro            000 0 rumod</controlfield>
    <datafield tag="035" ind1=" " ind2=" ">
      <subfield code="a">1443639</subfield>
    </datafield>
    <datafield tag="040" ind1=" " ind2=" ">
      <subfield code="a">OSZK</subfield>
    </datafield>
    <datafield tag="041" ind1="0" ind2=" ">
      <subfield code="a">rumrum</subfield>
    </datafield>
    <datafield tag="245" ind1="0" ind2="0">
      <subfield code="a">100 de ani de la naterea lui Sextil Pucariu : </subfield>
      <subfield code="b">1877-1948 : simpozion : [Cluj-Napoca, 14 ianuarie 1977] : [comunicările] /</subfield>
      <subfield code="c">[org. Universitatea "Babe-Bolyai", Centrul academiei Cluj-Napoca]</subfield>
    </datafield>
    <datafield tag="260" ind1=" " ind2=" ">
      <subfield code="a">Cluj-Napoca :</subfield>
      <subfield code="b">Univ.,</subfield>
      <subfield code="c">1977</subfield>
    </datafield>
    <datafield tag="300" ind1=" " ind2=" ">
      <subfield code="a">133 p. ;</subfield>
      <subfield code="c">23 cm</subfield>
    </datafield>
    <datafield tag="852" ind1=" " ind2=" ">
      <subfield code="a">B1</subfield>
      <subfield code="b">B1</subfield>
      <subfield code="x">1443639</subfield>
    </datafield>
  </record>
  <record>
    <leader>00613nam  2200181 i 4500</leader>
    <controlfield tag="001">MOKKAS0003824906  </controlfield>
    <controlfield tag="005">20060616063417.0</controlfield>
    <controlfield tag="008">040510s1982    rm            00010 mul d</controlfield>
    <datafield tag="035" ind1=" " ind2=" ">
      <subfield code="a">bibJGYx72825</subfield>
    </datafield>
    <datafield tag="040" ind1=" " ind2=" ">
      <subfield code="a">SZTE</subfield>
    </datafield>
    <datafield tag="041" ind1="1" ind2=" ">
      <subfield code="a">rumeng</subfield>
    </datafield>
    <datafield tag="245" ind1="0" ind2="0">
      <subfield code="a">100 de ani de poezie romanesca = 100 years of Romanian poetry :</subfield>
      <subfield code="b">editie biblingva /</subfield>
      <subfield code="c">cuvint inainte de Stavros Deligiorgis ; trad. de Ioana Deligiorgis</subfield>
    </datafield>
    <datafield tag="260" ind1=" " ind2=" ">
      <subfield code="a">Iasi :</subfield>
      <subfield code="b">Junimea,</subfield>
      <subfield code="c">1982</subfield>
    </datafield>
    <datafield tag="500" ind1=" " ind2=" ">
      <subfield code="a">Párhuzamos szöveggel</subfield>
    </datafield>
    <datafield tag="650" ind1=" " ind2="7">
      <subfield code="a">Román irodalom</subfield>
      <subfield code="x">vers</subfield>
      <subfield code="2">szte</subfield>
    </datafield>
    <datafield tag="700" ind1="1" ind2=" ">
      <subfield code="a">Deligiorgis, Stavros</subfield>
    </datafield>
    <datafield tag="700" ind1="1" ind2=" ">
      <subfield code="a">Deligiorgis, Ioana</subfield>
    </datafield>
    <datafield tag="852" ind1=" " ind2=" ">
      <subfield code="a">SZ1</subfield>
      <subfield code="b">SZ1</subfield>
      <subfield code="x">bibJGYx72825</subfield>
    </datafield>
  </record>
  <record>
    <leader>00675nam  2200205 i 4500</leader>
    <controlfield tag="001">MOKKAS0001094376  </controlfield>
    <controlfield tag="005">20051216001730.0</controlfield>
    <controlfield tag="008">050903s2003    hu            00010 rum d</controlfield>
    <datafield tag="020" ind1=" " ind2=" ">
      <subfield code="a">973-684-506-0</subfield>
    </datafield>
    <datafield tag="035" ind1=" " ind2=" ">
      <subfield code="a">bibBKO00268230</subfield>
    </datafield>
    <datafield tag="040" ind1=" " ind2=" ">
      <subfield code="a">BMK</subfield>
    </datafield>
    <datafield tag="245" ind1="0" ind2="0">
      <subfield code="a">100 de personalitati ale secolului XX :</subfield>
      <subfield code="b">pictori /</subfield>
      <subfield code="c">Annegret Boelke-Heinrichs [et al.]</subfield>
    </datafield>
    <datafield tag="260" ind1=" " ind2=" ">
      <subfield code="a">Bucuresti :</subfield>
      <subfield code="b">All Educational,</subfield>
      <subfield code="c">2003</subfield>
    </datafield>
    <datafield tag="300" ind1=" " ind2=" ">
      <subfield code="a">208 p. :</subfield>
      <subfield code="b">ill. ;</subfield>
      <subfield code="c">20 cm</subfield>
    </datafield>
    <datafield tag="490" ind1="1" ind2=" ">
      <subfield code="a">(100 de personalitati)</subfield>
    </datafield>
    <datafield tag="504" ind1=" " ind2=" ">
      <subfield code="a">Gerinccim: Pictori</subfield>
    </datafield>
    <datafield tag="650" ind1=" " ind2="4">
      <subfield code="a">festőművészek 20. sz. - lexikonok</subfield>
    </datafield>
    <datafield tag="700" ind1="2" ind2=" ">
      <subfield code="a">Boelke-Heinrichs, Annegret</subfield>
      <subfield code="4">közrem.</subfield>
    </datafield>
    <datafield tag="830" ind1=" " ind2="0">
      <subfield code="a">100 de personalitati</subfield>
    </datafield>
    <datafield tag="852" ind1=" " ind2=" ">
      <subfield code="a">BCS1</subfield>
      <subfield code="b">BCS1</subfield>
      <subfield code="x">bibBKO00268230</subfield>
    </datafield>
  </record>
  <record>
    <leader>00657nam  2200205 i 4500</leader>
    <controlfield tag="001">MOKKAS0001094379  </controlfield>
    <controlfield tag="005">20051216001730.0</controlfield>
    <controlfield tag="008">050903s2003    hu            00010 rum d</controlfield>
    <datafield tag="020" ind1=" " ind2=" ">
      <subfield code="a">973-684-514-1</subfield>
    </datafield>
    <datafield tag="035" ind1=" " ind2=" ">
      <subfield code="a">bibBKO00268232</subfield>
    </datafield>
    <datafield tag="040" ind1=" " ind2=" ">
      <subfield code="a">BMK</subfield>
    </datafield>
    <datafield tag="245" ind1="0" ind2="0">
      <subfield code="a">100 de personalitati ale secolului XX :</subfield>
      <subfield code="b">compozitori /</subfield>
      <subfield code="c">Björn Cecatka [et al.]</subfield>
    </datafield>
    <datafield tag="260" ind1=" " ind2=" ">
      <subfield code="a">Bucuresti :</subfield>
      <subfield code="b">All Educational,</subfield>
      <subfield code="c">2003</subfield>
    </datafield>
    <datafield tag="300" ind1=" " ind2=" ">
      <subfield code="a">208 p. :</subfield>
      <subfield code="b">ill. ;</subfield>
      <subfield code="c">20 cm</subfield>
    </datafield>
    <datafield tag="490" ind1="1" ind2=" ">
      <subfield code="a">(100 de personalitati)</subfield>
    </datafield>
    <datafield tag="504" ind1=" " ind2=" ">
      <subfield code="a">Gerinccim: Compozitori</subfield>
    </datafield>
    <datafield tag="650" ind1=" " ind2="4">
      <subfield code="a">zeneszerzők 20. sz. - lexikonok</subfield>
    </datafield>
    <datafield tag="700" ind1="1" ind2=" ">
      <subfield code="a">Cecatka, Björn</subfield>
      <subfield code="4">közrem.</subfield>
    </datafield>
    <datafield tag="830" ind1=" " ind2="0">
      <subfield code="a">100 de personalitati</subfield>
    </datafield>
    <datafield tag="852" ind1=" " ind2=" ">
      <subfield code="a">BCS1</subfield>
      <subfield code="b">BCS1</subfield>
      <subfield code="x">bibBKO00268232</subfield>
    </datafield>
  </record>
  <record>
    <leader>00728nam  2200229 i 4500</leader>
    <controlfield tag="001">MOKKAS0001094380  </controlfield>
    <controlfield tag="005">20051216001730.0</controlfield>
    <controlfield tag="008">050903s2000    hu            00010 rum d</controlfield>
    <datafield tag="020" ind1=" " ind2=" ">
      <subfield code="a">973-684-141-3</subfield>
    </datafield>
    <datafield tag="035" ind1=" " ind2=" ">
      <subfield code="a">bibBKO00268233</subfield>
    </datafield>
    <datafield tag="040" ind1=" " ind2=" ">
      <subfield code="a">BMK</subfield>
    </datafield>
    <datafield tag="100" ind1="1" ind2=" ">
      <subfield code="a">Czock, Attila</subfield>
    </datafield>
    <datafield tag="245" ind1="1" ind2="0">
      <subfield code="a">100 de personalitati ale secolului :</subfield>
      <subfield code="b">scriitori /</subfield>
      <subfield code="c">Attila Czock, Jasper Kalldewey, Ursula Klee-Bender</subfield>
    </datafield>
    <datafield tag="260" ind1=" " ind2=" ">
      <subfield code="a">Bucuresti :</subfield>
      <subfield code="b">All Educational,</subfield>
      <subfield code="c">2000</subfield>
    </datafield>
    <datafield tag="300" ind1=" " ind2=" ">
      <subfield code="a">208 p. :</subfield>
      <subfield code="b">ill. ;</subfield>
      <subfield code="c">20 cm</subfield>
    </datafield>
    <datafield tag="490" ind1="1" ind2=" ">
      <subfield code="a">(100 de personalitati)</subfield>
    </datafield>
    <datafield tag="504" ind1=" " ind2=" ">
      <subfield code="a">Gerinccim: Scriitori</subfield>
    </datafield>
    <datafield tag="650" ind1=" " ind2="4">
      <subfield code="a">irók 20. sz. - lexikonok</subfield>
    </datafield>
    <datafield tag="700" ind1="1" ind2=" ">
      <subfield code="a">Kalldewey, Jasper</subfield>
    </datafield>
    <datafield tag="700" ind1="2" ind2=" ">
      <subfield code="a">Klee-Bender, Ursula</subfield>
    </datafield>
    <datafield tag="830" ind1=" " ind2="0">
      <subfield code="a">100 de personalitati</subfield>
    </datafield>
    <datafield tag="852" ind1=" " ind2=" ">
      <subfield code="a">BCS1</subfield>
      <subfield code="b">BCS1</subfield>
      <subfield code="x">bibBKO00268233</subfield>
    </datafield>
  </record>
  <record>
    <leader>00678nam  2200217 i 4500</leader>
    <controlfield tag="001">MOKKAS0001094377  </controlfield>
    <controlfield tag="005">20051216001730.0</controlfield>
    <controlfield tag="008">050903s2000    hu            00010 rum d</controlfield>
    <datafield tag="020" ind1=" " ind2=" ">
      <subfield code="a">973-684-306-8</subfield>
    </datafield>
    <datafield tag="035" ind1=" " ind2=" ">
      <subfield code="a">bibBKO00268231</subfield>
    </datafield>
    <datafield tag="040" ind1=" " ind2=" ">
      <subfield code="a">BMK</subfield>
    </datafield>
    <datafield tag="100" ind1="1" ind2=" ">
      <subfield code="a">Jordan, Bernd</subfield>
    </datafield>
    <datafield tag="245" ind1="1" ind2="0">
      <subfield code="a">100 de personalitati ale secolului :</subfield>
      <subfield code="b">politicieni /</subfield>
      <subfield code="c">Bernd Jordan, Alexander Lenz</subfield>
    </datafield>
    <datafield tag="260" ind1=" " ind2=" ">
      <subfield code="a">Bucuresti :</subfield>
      <subfield code="b">All Educational,</subfield>
      <subfield code="c">2000</subfield>
    </datafield>
    <datafield tag="300" ind1=" " ind2=" ">
      <subfield code="a">208 p. :</subfield>
      <subfield code="b">ill. ;</subfield>
      <subfield code="c">20 cm</subfield>
    </datafield>
    <datafield tag="490" ind1="1" ind2=" ">
      <subfield code="a">(100 de personalitati)</subfield>
    </datafield>
    <datafield tag="504" ind1=" " ind2=" ">
      <subfield code="a">Gerinccim: Politicieni</subfield>
    </datafield>
    <datafield tag="650" ind1=" " ind2="4">
      <subfield code="a">politikusok 20. sz. - lexikonok</subfield>
    </datafield>
    <datafield tag="700" ind1="1" ind2=" ">
      <subfield code="a">Lenz, Alexander</subfield>
    </datafield>
    <datafield tag="830" ind1=" " ind2="0">
      <subfield code="a">100 de personalitati</subfield>
    </datafield>
    <datafield tag="852" ind1=" " ind2=" ">
      <subfield code="a">BCS1</subfield>
      <subfield code="b">BCS1</subfield>
      <subfield code="x">bibBKO00268231</subfield>
    </datafield>
  </record>
  <record>
    <leader>00512nam  2200193 i 4500</leader>
    <controlfield tag="001">MOKKAS0003416204  </controlfield>
    <controlfield tag="005">20060604140145.0</controlfield>
    <controlfield tag="008">050713s1991                            d</controlfield>
    <datafield tag="020" ind1=" " ind2=" ">
      <subfield code="a">973 95046 1 2</subfield>
    </datafield>
    <datafield tag="035" ind1=" " ind2=" ">
      <subfield code="a">265284</subfield>
    </datafield>
    <datafield tag="040" ind1=" " ind2=" ">
      <subfield code="a">OIK</subfield>
    </datafield>
    <datafield tag="100" ind1="1" ind2=" ">
      <subfield code="a">Blandiana, Ana</subfield>
      <subfield code="d">(1942-)</subfield>
    </datafield>
    <datafield tag="245" ind1="1" ind2="0">
      <subfield code="a">100 de poeme /</subfield>
      <subfield code="c">Ana Blandiana</subfield>
    </datafield>
    <datafield tag="260" ind1=" " ind2=" ">
      <subfield code="a">Bucureşti :</subfield>
      <subfield code="b">Tinerama,</subfield>
      <subfield code="c">1991</subfield>
    </datafield>
    <datafield tag="300" ind1=" " ind2=" ">
      <subfield code="a">125 p. ;</subfield>
      <subfield code="c">21 cm</subfield>
    </datafield>
    <datafield tag="490" ind1="1" ind2=" ">
      <subfield code="a">Scriitori români</subfield>
    </datafield>
    <datafield tag="650" ind1=" " ind2="4">
      <subfield code="a">Román költészet</subfield>
    </datafield>
    <datafield tag="830" ind1=" " ind2="0">
      <subfield code="a">Scriitori români</subfield>
    </datafield>
    <datafield tag="852" ind1=" " ind2=" ">
      <subfield code="a">B14</subfield>
      <subfield code="b">B14</subfield>
      <subfield code="x">265284</subfield>
    </datafield>
  </record>
  <record>
    <leader>00585ncm  2200181 i 4500</leader>
    <controlfield tag="001">MOKKAZ0003723885  </controlfield>
    <controlfield tag="005">20040909214224.0</controlfield>
    <controlfield tag="008">020916n19      ge             n 1  ger d</controlfield>
    <datafield tag="028" ind1="3" ind2="0">
      <subfield code="a">P.J.T 1473</subfield>
      <subfield code="b">P.J. Tonger Köln</subfield>
    </datafield>
    <datafield tag="035" ind1=" " ind2=" ">
      <subfield code="a">bibKLT00319523</subfield>
    </datafield>
    <datafield tag="040" ind1=" " ind2=" ">
      <subfield code="a">DEENK</subfield>
    </datafield>
    <datafield tag="041" ind1=" " ind2=" ">
      <subfield code="a">ger</subfield>
    </datafield>
    <datafield tag="245" ind1="0" ind2="4">
      <subfield code="a">100 der Schönsten Volks-lieder</subfield>
      <subfield code="h">[Nyomtatott kotta] :</subfield>
      <subfield code="b">eine mittlere singstimme mit leichter Klavierbegleitung</subfield>
    </datafield>
    <datafield tag="254" ind1=" " ind2=" ">
      <subfield code="a">Szóló (ének)</subfield>
    </datafield>
    <datafield tag="260" ind1=" " ind2=" ">
      <subfield code="a">Köln :</subfield>
      <subfield code="b">P. J. Tonger,</subfield>
      <subfield code="c">[s. a]</subfield>
    </datafield>
    <datafield tag="300" ind1=" " ind2=" ">
      <subfield code="a">185 p. ;</subfield>
      <subfield code="c">13 cm</subfield>
    </datafield>
    <datafield tag="695" ind1=" " ind2=" ">
      <subfield code="a">vokális zene</subfield>
      <subfield code="x">népdal (német)</subfield>
    </datafield>
    <datafield tag="852" ind1=" " ind2=" ">
      <subfield code="a">D1</subfield>
      <subfield code="b">D1/Z</subfield>
      <subfield code="x">bibKLT00319523</subfield>
    </datafield>
  </record>
  <record>
    <leader>00798cam  22002051  4500</leader>
    <controlfield tag="001">MOKKAZ0004210188  </controlfield>
    <controlfield tag="005">20040910051642.0</controlfield>
    <controlfield tag="008">      s1999                        eng d</controlfield>
    <datafield tag="020" ind1=" " ind2=" ">
      <subfield code="a">2-88046-442-0 (fűzött)</subfield>
    </datafield>
    <datafield tag="035" ind1=" " ind2=" ">
      <subfield code="a">bibFSZ00055716</subfield>
    </datafield>
    <datafield tag="040" ind1=" " ind2=" ">
      <subfield code="a">FSZEK</subfield>
    </datafield>
    <datafield tag="100" ind1="1" ind2=" ">
      <subfield code="a">Byars, Mel</subfield>
    </datafield>
    <datafield tag="245" ind1="1" ind2="0">
      <subfield code="a">100 designs/100 years : </subfield>
      <subfield code="b">innovative designs of the 20th century /</subfield>
      <subfield code="c">Mel Byars with Arlette Barré-Despond</subfield>
    </datafield>
    <datafield tag="260" ind1=" " ind2=" ">
      <subfield code="a">Crans-Près-Céligny :</subfield>
      <subfield code="b">Rotovision,</subfield>
      <subfield code="c">cop. 1999</subfield>
    </datafield>
    <datafield tag="300" ind1=" " ind2=" ">
      <subfield code="a">215 p. :</subfield>
      <subfield code="b">ill. ;</subfield>
      <subfield code="c">19 cm</subfield>
    </datafield>
    <datafield tag="500" ind1=" " ind2=" ">
      <subfield code="a">Bibliogr.: p. 213-215.</subfield>
    </datafield>
    <datafield tag="680" ind1=" " ind2="0">
      <subfield code="a">díszítőművészet</subfield>
      <subfield code="a">történeti tárgyalásmód</subfield>
      <subfield code="y">20. század</subfield>
    </datafield>
    <datafield tag="680" ind1=" " ind2="0">
      <subfield code="a">gyártmánytervezés, formatervezés</subfield>
      <subfield code="a">formatervezés, gyártmánytervezés</subfield>
      <subfield code="a">díszítőművészet</subfield>
    </datafield>
    <datafield tag="700" ind1="1" ind2=" ">
      <subfield code="a">Barré-Despond, Arlette</subfield>
    </datafield>
    <datafield tag="852" ind1=" " ind2=" ">
      <subfield code="a">B10</subfield>
      <subfield code="b">0801</subfield>
      <subfield code="x">bibFSZ00055716</subfield>
    </datafield>
  </record>
  <record>
    <leader>00683nam  2200217   4500</leader>
    <controlfield tag="001">MOKKAZ0004929620  </controlfield>
    <controlfield tag="005">20040910120037.0</controlfield>
    <controlfield tag="008">030324s2000    hu            00010 ger d</controlfield>
    <datafield tag="020" ind1=" " ind2=" ">
      <subfield code="a">963 9059 36 6</subfield>
    </datafield>
    <datafield tag="035" ind1=" " ind2=" ">
      <subfield code="a">bibJPT00217278</subfield>
    </datafield>
    <datafield tag="040" ind1=" " ind2=" ">
      <subfield code="a">PTE</subfield>
    </datafield>
    <datafield tag="245" ind1="0" ind2="0">
      <subfield code="a">100 deutsche Kinderlieder für Klavier mit Liedertexten /</subfield>
      <subfield code="c">Bearb. von István Máriássy ; Ill. von Claudia Faber</subfield>
    </datafield>
    <datafield tag="260" ind1=" " ind2=" ">
      <subfield code="a">Budapest :</subfield>
      <subfield code="b">Könemann Music,</subfield>
      <subfield code="c">2000</subfield>
    </datafield>
    <datafield tag="300" ind1=" " ind2=" ">
      <subfield code="a">151 p. :</subfield>
      <subfield code="b">ill. ;</subfield>
      <subfield code="c">26 cm</subfield>
    </datafield>
    <datafield tag="490" ind1="1" ind2=" ">
      <subfield code="a">(Könemann Music ;</subfield>
      <subfield code="v">K 148.)</subfield>
    </datafield>
    <datafield tag="695" ind1=" " ind2=" ">
      <subfield code="a">Gyermekdal</subfield>
    </datafield>
    <datafield tag="695" ind1=" " ind2=" ">
      <subfield code="a">Kotta</subfield>
    </datafield>
    <datafield tag="700" ind1="1" ind2=" ">
      <subfield code="a">Máriássy István</subfield>
    </datafield>
    <datafield tag="700" ind1="1" ind2=" ">
      <subfield code="a">Faber, Claudia</subfield>
      <subfield code="d">(1968-)</subfield>
    </datafield>
    <datafield tag="830" ind1=" " ind2="0">
      <subfield code="a">Könemann Music</subfield>
    </datafield>
    <datafield tag="852" ind1=" " ind2=" ">
      <subfield code="a">P1</subfield>
      <subfield code="b">P1/DB</subfield>
      <subfield code="x">bibJPT00217278</subfield>
    </datafield>
  </record>
  <record>
    <leader>00711ncm  2200205   4500</leader>
    <controlfield tag="001">MOKKAZ0004753347  </controlfield>
    <controlfield tag="005">20090611083409.0</controlfield>
    <controlfield tag="008">031110s2000                        ger d</controlfield>
    <datafield tag="020" ind1=" " ind2=" ">
      <subfield code="a">963-9059-36-6 (kötött) :</subfield>
    </datafield>
    <datafield tag="035" ind1=" " ind2=" ">
      <subfield code="a">bibFSZ953104</subfield>
    </datafield>
    <datafield tag="040" ind1=" " ind2=" ">
      <subfield code="a">FSZEK</subfield>
    </datafield>
    <datafield tag="041" ind1=" " ind2=" ">
      <subfield code="a">ger</subfield>
      <subfield code="b">ger</subfield>
    </datafield>
    <datafield tag="245" ind1="0" ind2="0">
      <subfield code="a">100 deutsche Kinderlieder</subfield>
      <subfield code="h">[Nyomtatott kotta] :</subfield>
      <subfield code="b">für Klavier mit Liedertexten /</subfield>
      <subfield code="c">bearb. von István Máriássy ; ill. von Claudia Faber</subfield>
    </datafield>
    <datafield tag="254" ind1=" " ind2=" ">
      <subfield code="a">[Szóló]</subfield>
    </datafield>
    <datafield tag="260" ind1="1" ind2=" ">
      <subfield code="a">Budapest :</subfield>
      <subfield code="b">Könemann Music Budapest,</subfield>
      <subfield code="c">cop. 2000</subfield>
    </datafield>
    <datafield tag="300" ind1=" " ind2=" ">
      <subfield code="a">150 p. :</subfield>
      <subfield code="b">ill. ;</subfield>
      <subfield code="c">26 cm</subfield>
    </datafield>
    <datafield tag="500" ind1=" " ind2=" ">
      <subfield code="a">Akkordjelzésekkel</subfield>
    </datafield>
    <datafield tag="700" ind1="1" ind2=" ">
      <subfield code="a">Máriássy István</subfield>
      <subfield code="d">(1936-2009)</subfield>
      <subfield code="4">szerk.</subfield>
    </datafield>
    <datafield tag="700" ind1="1" ind2=" ">
      <subfield code="a">Faber, Claudia</subfield>
      <subfield code="4">ill.</subfield>
    </datafield>
    <datafield tag="852" ind1=" " ind2=" ">
      <subfield code="a">B10</subfield>
      <subfield code="b">0801Z</subfield>
      <subfield code="x">bibFSZ953104</subfield>
    </datafield>
  </record>
  <record>
    <leader>00576nam  2200193 ir4500</leader>
    <controlfield tag="001">MOKKAN0004615634  </controlfield>
    <controlfield tag="005">20070503113709.0</controlfield>
    <controlfield tag="008">000222s1987                            d</controlfield>
    <datafield tag="035" ind1=" " ind2=" ">
      <subfield code="a">150144365</subfield>
    </datafield>
    <datafield tag="040" ind1=" " ind2=" ">
      <subfield code="a">BDK</subfield>
    </datafield>
    <datafield tag="100" ind1="1" ind2=" ">
      <subfield code="a">Silova, K. A.</subfield>
    </datafield>
    <datafield tag="245" ind1="0" ind2="0">
      <subfield code="a">100 dialogov po telefonu [hangdok.] /</subfield>
      <subfield code="c">K. A. Silova, E. E. Usmanova, I. Bakoni</subfield>
    </datafield>
    <datafield tag="260" ind1=" " ind2=" ">
      <subfield code="a">[Moskva] :</subfield>
      <subfield code="b">Melodiâ,</subfield>
      <subfield code="c">1987</subfield>
    </datafield>
    <datafield tag="300" ind1=" " ind2=" ">
      <subfield code="a">1 hangk. : sztereó + 1 könyvmell.</subfield>
    </datafield>
    <datafield tag="650" ind1=" " ind2="4">
      <subfield code="a">nyelvlecke</subfield>
    </datafield>
    <datafield tag="650" ind1=" " ind2="4">
      <subfield code="a">orosz nyelv</subfield>
    </datafield>
    <datafield tag="700" ind1="1" ind2=" ">
      <subfield code="a">Usmanova, E. E.</subfield>
      <subfield code="4">(író)</subfield>
    </datafield>
    <datafield tag="700" ind1="1" ind2=" ">
      <subfield code="a">Bakoni, I.</subfield>
      <subfield code="4">(író)</subfield>
    </datafield>
    <datafield tag="852" ind1=" " ind2=" ">
      <subfield code="a">SZO1</subfield>
      <subfield code="b">SZO1</subfield>
      <subfield code="x">150144365</subfield>
    </datafield>
  </record>
  <record>
    <leader>00712nim  2200217 i 4500</leader>
    <controlfield tag="001">MOKKAS0001018313  </controlfield>
    <controlfield tag="005">20051215160212.0</controlfield>
    <controlfield tag="008">050903s1987    hu            00010 rus d</controlfield>
    <datafield tag="028" ind1="0" ind2="0">
      <subfield code="a">SM 01629</subfield>
    </datafield>
    <datafield tag="035" ind1=" " ind2=" ">
      <subfield code="a">bibBKO00093316</subfield>
    </datafield>
    <datafield tag="040" ind1=" " ind2=" ">
      <subfield code="a">BMK</subfield>
    </datafield>
    <datafield tag="100" ind1="1" ind2=" ">
      <subfield code="a">Silova, K.A.</subfield>
    </datafield>
    <datafield tag="245" ind1="1" ind2="0">
      <subfield code="a">100 dialogov po telefonu</subfield>
      <subfield code="h">[Hangfelvétel] =</subfield>
      <subfield code="b">100 párbeszéd telefonon /</subfield>
      <subfield code="c">Silova K.A., Usmanova E.E., Bakonyi I.</subfield>
    </datafield>
    <datafield tag="260" ind1=" " ind2=" ">
      <subfield code="a">Budapest ;</subfield>
      <subfield code="a">Moszkva :</subfield>
      <subfield code="b">Tankönyvkiadó Vállalat :</subfield>
      <subfield code="b">Russzkij Jazik,</subfield>
      <subfield code="c">1987</subfield>
    </datafield>
    <datafield tag="300" ind1=" " ind2=" ">
      <subfield code="a">1 db hangkazetta +</subfield>
      <subfield code="e">1 db könyv</subfield>
    </datafield>
    <datafield tag="306" ind1=" " ind2=" ">
      <subfield code="a">cca 60 min.</subfield>
    </datafield>
    <datafield tag="504" ind1=" " ind2=" ">
      <subfield code="a">Közös tokban</subfield>
    </datafield>
    <datafield tag="650" ind1=" " ind2="4">
      <subfield code="a">Nyelvlecke - orosz nyelv</subfield>
    </datafield>
    <datafield tag="700" ind1="1" ind2=" ">
      <subfield code="a">Usmanova, E.E.</subfield>
    </datafield>
    <datafield tag="700" ind1="1" ind2=" ">
      <subfield code="a">Bakonyi I.</subfield>
    </datafield>
    <datafield tag="852" ind1=" " ind2=" ">
      <subfield code="a">BCS1</subfield>
      <subfield code="b">BCS1</subfield>
      <subfield code="x">bibBKO00093316</subfield>
    </datafield>
  </record>
  <record>
    <leader>00756nam  22002291i 4500</leader>
    <controlfield tag="001">MOKKAZ0004911392  </controlfield>
    <controlfield tag="005">20040910115107.0</controlfield>
    <controlfield tag="008">      s1987    rur           00010 rus0d</controlfield>
    <datafield tag="020" ind1=" " ind2=" ">
      <subfield code="a">963 18 0735 5</subfield>
    </datafield>
    <datafield tag="035" ind1=" " ind2=" ">
      <subfield code="a">bibJPT00198939</subfield>
    </datafield>
    <datafield tag="040" ind1=" " ind2=" ">
      <subfield code="a">PTE</subfield>
    </datafield>
    <datafield tag="041" ind1=" " ind2=" ">
      <subfield code="a">rushun</subfield>
    </datafield>
    <datafield tag="100" ind1="1" ind2=" ">
      <subfield code="a">Silova, Klara Aleksandrovna</subfield>
    </datafield>
    <datafield tag="245" ind1="1" ind2="0">
      <subfield code="a">100 dialogov po telefony =</subfield>
      <subfield code="b">100 párbeszéd telefonon /</subfield>
      <subfield code="c">K. A. Silova, E. E. Ustanova, Bakoni I.</subfield>
    </datafield>
    <datafield tag="260" ind1=" " ind2=" ">
      <subfield code="a">Moskva :</subfield>
      <subfield code="b">Russkij Âzyk ;</subfield>
      <subfield code="a">Budapest :</subfield>
      <subfield code="b">Tankönyvkiadó,</subfield>
      <subfield code="c">1987</subfield>
    </datafield>
    <datafield tag="300" ind1=" " ind2=" ">
      <subfield code="a">237, [3] p. ;</subfield>
      <subfield code="c">17 cm+</subfield>
      <subfield code="e">1 kazetta</subfield>
    </datafield>
    <datafield tag="695" ind1=" " ind2=" ">
      <subfield code="a">Orosz nyelv</subfield>
    </datafield>
    <datafield tag="695" ind1=" " ind2=" ">
      <subfield code="a">Orosz nyelvkönyv</subfield>
    </datafield>
    <datafield tag="700" ind1="1" ind2="0">
      <subfield code="a">Usmanova, Elena Eduardovna</subfield>
    </datafield>
    <datafield tag="700" ind1="1" ind2=" ">
      <subfield code="a">Bakonyi István</subfield>
      <subfield code="d">(1952-)</subfield>
    </datafield>
    <datafield tag="740" ind1="0" ind2=" ">
      <subfield code="a">Sto dialogov po telefony</subfield>
    </datafield>
    <datafield tag="852" ind1=" " ind2=" ">
      <subfield code="a">P1</subfield>
      <subfield code="b">P1/FK</subfield>
      <subfield code="x">bibJPT00198939</subfield>
    </datafield>
  </record>
  <record>
    <leader>00807aam  2200241 i 4500</leader>
    <controlfield tag="001">MOKKAZ0006267944  </controlfield>
    <controlfield tag="005">20040915184136.0</controlfield>
    <controlfield tag="008">940510t19881987hu            000 0 rus d</controlfield>
    <datafield tag="020" ind1=" " ind2=" ">
      <subfield code="a">963-18-0735-5 (fűzött)</subfield>
    </datafield>
    <datafield tag="035" ind1=" " ind2=" ">
      <subfield code="a">636080</subfield>
    </datafield>
    <datafield tag="040" ind1=" " ind2=" ">
      <subfield code="a">OSZK</subfield>
    </datafield>
    <datafield tag="041" ind1="0" ind2=" ">
      <subfield code="a">rusrushun</subfield>
      <subfield code="g">hun</subfield>
    </datafield>
    <datafield tag="072" ind1=" " ind2="1">
      <subfield code="a">L</subfield>
    </datafield>
    <datafield tag="100" ind1="1" ind2=" ">
      <subfield code="a">Silova, Klara Aleksandrovna</subfield>
    </datafield>
    <datafield tag="245" ind1="1" ind2="0">
      <subfield code="a">100 dialogov po telefonu = </subfield>
      <subfield code="b">100 párbeszéd telefonon /</subfield>
      <subfield code="c">K. A. Silova, E. E. Usmanova, Bakoni I.</subfield>
    </datafield>
    <datafield tag="246" ind1="1" ind2="1">
      <subfield code="a">100 párbeszéd telefonon</subfield>
    </datafield>
    <datafield tag="260" ind1=" " ind2=" ">
      <subfield code="a">Budapest :</subfield>
      <subfield code="b">Tankvk.</subfield>
      <subfield code="a">Moskva :</subfield>
      <subfield code="b">Russkij âzyk,</subfield>
      <subfield code="c">1987 [!1988]</subfield>
      <subfield code="e">([Moskva]</subfield>
      <subfield code="f">[s.n.])</subfield>
    </datafield>
    <datafield tag="300" ind1=" " ind2=" ">
      <subfield code="a">237 p. :</subfield>
      <subfield code="b">ill., színes ;</subfield>
      <subfield code="c">17 cm +</subfield>
      <subfield code="e">1 kazetta</subfield>
    </datafield>
    <datafield tag="500" ind1=" " ind2=" ">
      <subfield code="a">Dobozban</subfield>
    </datafield>
    <datafield tag="500" ind1=" " ind2=" ">
      <subfield code="a">Csak orosz nyelven</subfield>
    </datafield>
    <datafield tag="700" ind1="1" ind2="0">
      <subfield code="a">Usmanova, Elena Èduardovna</subfield>
    </datafield>
    <datafield tag="700" ind1="1" ind2="0">
      <subfield code="a">Bakonyi István</subfield>
      <subfield code="d">(1939-)</subfield>
    </datafield>
    <datafield tag="852" ind1=" " ind2=" ">
      <subfield code="a">B1</subfield>
      <subfield code="b">B1</subfield>
      <subfield code="x">636080</subfield>
    </datafield>
  </record>
  <record>
    <leader>00821cjm  22002291  4500</leader>
    <controlfield tag="001">MOKKAZ0004601966  </controlfield>
    <controlfield tag="005">20090716045107.0</controlfield>
    <controlfield tag="008">      s1987    ru                  rus d</controlfield>
    <datafield tag="028" ind1="4" ind2="2">
      <subfield code="a">CM 01629</subfield>
    </datafield>
    <datafield tag="035" ind1=" " ind2=" ">
      <subfield code="a">bibFSZ00448179</subfield>
    </datafield>
    <datafield tag="040" ind1=" " ind2=" ">
      <subfield code="a">FSZEK</subfield>
    </datafield>
    <datafield tag="100" ind1="1" ind2=" ">
      <subfield code="a">Silova, Klara Aleksandrovna</subfield>
    </datafield>
    <datafield tag="245" ind1="1" ind2="0">
      <subfield code="a">100 dialogov po telefonu</subfield>
      <subfield code="h">[Hangfelvétel] =</subfield>
      <subfield code="b">[100 párbeszéd telefonon] /</subfield>
      <subfield code="c">K.A. Silova, E.J. Uszmanova, Bakonyi I.</subfield>
    </datafield>
    <datafield tag="246" ind1=" " ind2="1">
      <subfield code="a">100 párbeszéd telefonon</subfield>
    </datafield>
    <datafield tag="260" ind1=" " ind2=" ">
      <subfield code="a">[Moskva] :</subfield>
      <subfield code="b">Russkij Âzyk ;</subfield>
      <subfield code="a">[Budapest] :</subfield>
      <subfield code="b">[Tankvk.],</subfield>
      <subfield code="c">1987</subfield>
    </datafield>
    <datafield tag="300" ind1=" " ind2=" ">
      <subfield code="a">1 hangk. +</subfield>
      <subfield code="e">1 t.</subfield>
    </datafield>
    <datafield tag="500" ind1=" " ind2=" ">
      <subfield code="a">Az azonos c. tankönyv melléklete</subfield>
    </datafield>
    <datafield tag="695" ind1=" " ind2="1">
      <subfield code="a">nyelvoktató</subfield>
    </datafield>
    <datafield tag="695" ind1=" " ind2="1">
      <subfield code="a">orosz</subfield>
    </datafield>
    <datafield tag="700" ind1="1" ind2=" ">
      <subfield code="a">Uszmanova, Elena Eduardovna</subfield>
    </datafield>
    <datafield tag="700" ind1="1" ind2=" ">
      <subfield code="a">Bakonyi István</subfield>
      <subfield code="d">(1939-)</subfield>
      <subfield code="c">(pedagógiai szakíró, szlavista)</subfield>
    </datafield>
    <datafield tag="852" ind1=" " ind2=" ">
      <subfield code="a">B10</subfield>
      <subfield code="b">1105</subfield>
      <subfield code="b">1004</subfield>
      <subfield code="b">0602</subfield>
      <subfield code="x">bibFSZ00448179</subfield>
    </datafield>
  </record>
  <record>
    <leader>00724nam  2200229 i 4500</leader>
    <controlfield tag="001">MOKKAW0005244290  </controlfield>
    <controlfield tag="005">20080408025727.0</controlfield>
    <controlfield tag="008">050714s1987                        rus d</controlfield>
    <datafield tag="035" ind1=" " ind2=" ">
      <subfield code="a">OIK607381</subfield>
    </datafield>
    <datafield tag="040" ind1=" " ind2=" ">
      <subfield code="a">OIK</subfield>
    </datafield>
    <datafield tag="041" ind1="0" ind2=" ">
      <subfield code="a">rushun</subfield>
    </datafield>
    <datafield tag="100" ind1="1" ind2=" ">
      <subfield code="a">Šilova Klara Aleksandrovna</subfield>
    </datafield>
    <datafield tag="245" ind1="1" ind2="0">
      <subfield code="a">100 dialogov po telefonu /</subfield>
      <subfield code="c">K. A. Šilova, E. E. Usmanova, Bakoni I</subfield>
    </datafield>
    <datafield tag="246" ind1="1" ind2="1">
      <subfield code="a">100 párbeszéd telefonon</subfield>
    </datafield>
    <datafield tag="260" ind1=" " ind2=" ">
      <subfield code="a">Moskva</subfield>
      <subfield code="a">Budapest :</subfield>
      <subfield code="b">Russkij âzyk :</subfield>
      <subfield code="b">Tankönyvkiadó,</subfield>
      <subfield code="c">1987</subfield>
    </datafield>
    <datafield tag="300" ind1=" " ind2=" ">
      <subfield code="a">237 p :</subfield>
      <subfield code="b">ill ;</subfield>
      <subfield code="c">17 cm +</subfield>
      <subfield code="e">hangkazetta</subfield>
    </datafield>
    <datafield tag="500" ind1=" " ind2=" ">
      <subfield code="a">Részben ciril betűs</subfield>
    </datafield>
    <datafield tag="650" ind1=" " ind2="4">
      <subfield code="a">Orosz nyelvkönyvek</subfield>
    </datafield>
    <datafield tag="700" ind1="1" ind2="0">
      <subfield code="a">Usmanova Elena Eduardovna</subfield>
    </datafield>
    <datafield tag="700" ind1="1" ind2="0">
      <subfield code="a">Bakonyi István</subfield>
    </datafield>
    <datafield tag="852" ind1=" " ind2=" ">
      <subfield code="a">B14</subfield>
      <subfield code="b">B14</subfield>
      <subfield code="x">OIK607381</subfield>
    </datafield>
    <datafield tag="852" ind1=" " ind2=" ">
      <subfield code="a">B14</subfield>
      <subfield code="b">B14</subfield>
      <subfield code="x">607381</subfield>
    </datafield>
  </record>
  <record>
    <leader>00564cam  2200205 i 4500</leader>
    <controlfield tag="001">MOKKAS0001986132  </controlfield>
    <controlfield tag="005">20060531210716.0</controlfield>
    <controlfield tag="008">050712c1990    be            000 0 fre d</controlfield>
    <datafield tag="020" ind1=" " ind2=" ">
      <subfield code="a">2501013506</subfield>
    </datafield>
    <datafield tag="035" ind1=" " ind2=" ">
      <subfield code="a">301415</subfield>
    </datafield>
    <datafield tag="040" ind1=" " ind2=" ">
      <subfield code="a">ELTE</subfield>
    </datafield>
    <datafield tag="041" ind1="0" ind2=" ">
      <subfield code="a">fre</subfield>
    </datafield>
    <datafield tag="100" ind1="1" ind2=" ">
      <subfield code="a">Franlain</subfield>
    </datafield>
    <datafield tag="245" ind1="1" ind2="0">
      <subfield code="a">100 dictées pieges /</subfield>
      <subfield code="c">Franlain</subfield>
    </datafield>
    <datafield tag="260" ind1=" " ind2=" ">
      <subfield code="a">[Alleur] :</subfield>
      <subfield code="b">Marabout,</subfield>
      <subfield code="c">cop. 1990</subfield>
    </datafield>
    <datafield tag="300" ind1=" " ind2=" ">
      <subfield code="a">209 p. ;</subfield>
      <subfield code="c">18 cm</subfield>
    </datafield>
    <datafield tag="490" ind1="1" ind2=" ">
      <subfield code="a">(Marabout Service : Parascolaire formation permanente ;</subfield>
      <subfield code="v">96.)</subfield>
    </datafield>
    <datafield tag="650" ind1="0" ind2="4">
      <subfield code="a">helyesírás</subfield>
      <subfield code="z">francia</subfield>
    </datafield>
    <datafield tag="830" ind1=" " ind2="0">
      <subfield code="a">Marabout service</subfield>
    </datafield>
    <datafield tag="852" ind1=" " ind2=" ">
      <subfield code="a">B2</subfield>
      <subfield code="b">B2</subfield>
      <subfield code="x">301415</subfield>
    </datafield>
  </record>
  <record>
    <leader>00369cam  22001217  4500</leader>
    <controlfield tag="001">MOKKAZ0004607342  </controlfield>
    <controlfield tag="005">20040910084059.0</controlfield>
    <controlfield tag="008">000211s1934                  00    hun d</controlfield>
    <datafield tag="035" ind1=" " ind2=" ">
      <subfield code="a">bibFSZ24528</subfield>
    </datafield>
    <datafield tag="040" ind1=" " ind2=" ">
      <subfield code="a">FSZEK</subfield>
    </datafield>
    <datafield tag="245" ind1="0" ind2="0">
      <subfield code="a">100 diétás recept és étrend :</subfield>
      <subfield code="c">irta és összeáll. Szekeres Józsefné</subfield>
    </datafield>
    <datafield tag="260" ind1=" " ind2=" ">
      <subfield code="a">Budapest :</subfield>
      <subfield code="b">Cserépfalvy,</subfield>
      <subfield code="c">1934</subfield>
    </datafield>
    <datafield tag="852" ind1=" " ind2=" ">
      <subfield code="a">B10</subfield>
      <subfield code="b">0801B</subfield>
      <subfield code="x">bibFSZ24528</subfield>
    </datafield>
  </record>
  <record>
    <leader>00564nama 22001811i 4500</leader>
    <controlfield tag="001">MOKKAS0000811399  </controlfield>
    <controlfield tag="005">20060617012404.0</controlfield>
    <controlfield tag="008">041124s1934    hu            000 0 hunod</controlfield>
    <datafield tag="035" ind1=" " ind2=" ">
      <subfield code="a">1570677</subfield>
    </datafield>
    <datafield tag="040" ind1=" " ind2=" ">
      <subfield code="a">OSZK</subfield>
    </datafield>
    <datafield tag="041" ind1="0" ind2=" ">
      <subfield code="a">hunhun</subfield>
    </datafield>
    <datafield tag="100" ind1="1" ind2=" ">
      <subfield code="a">Szekeres Józsefné</subfield>
      <subfield code="c">bánokszentgyörgyi</subfield>
      <subfield code="c">(cédulakatalógus alapján)</subfield>
    </datafield>
    <datafield tag="245" ind1="1" ind2="0">
      <subfield code="a">100 diétás recept és étrend /</subfield>
      <subfield code="c">bánokszentgyörgyi Szekeres Józsefné</subfield>
    </datafield>
    <datafield tag="260" ind1=" " ind2=" ">
      <subfield code="a">Budapest :</subfield>
      <subfield code="b">Cserépfalvi,</subfield>
      <subfield code="c">1934</subfield>
    </datafield>
    <datafield tag="300" ind1=" " ind2=" ">
      <subfield code="a">107, [5] p. ;</subfield>
      <subfield code="c">16 cm</subfield>
    </datafield>
    <datafield tag="490" ind1="1" ind2=" ">
      <subfield code="a">Francia konyha</subfield>
    </datafield>
    <datafield tag="830" ind1=" " ind2="0">
      <subfield code="a">Francia konyha</subfield>
    </datafield>
    <datafield tag="852" ind1=" " ind2=" ">
      <subfield code="a">B1</subfield>
      <subfield code="b">B1</subfield>
      <subfield code="x">1570677</subfield>
    </datafield>
  </record>
  <record>
    <leader>00663nam  2200205 i 4500</leader>
    <controlfield tag="001">MOKKAS0003522033  </controlfield>
    <controlfield tag="005">20060606024511.0</controlfield>
    <controlfield tag="008">050714s1966                            d</controlfield>
    <datafield tag="035" ind1=" " ind2=" ">
      <subfield code="a">608108</subfield>
    </datafield>
    <datafield tag="040" ind1=" " ind2=" ">
      <subfield code="a">OIK</subfield>
    </datafield>
    <datafield tag="100" ind1="1" ind2=" ">
      <subfield code="a">Pavletić, Vlatko</subfield>
      <subfield code="d">(1930-)</subfield>
    </datafield>
    <datafield tag="245" ind1="1" ind2="0">
      <subfield code="a">100 djela književnosti jugoslovenskih naroda</subfield>
    </datafield>
    <datafield tag="260" ind1=" " ind2=" ">
      <subfield code="a">Zagreb :</subfield>
      <subfield code="b">Stvarnost,</subfield>
      <subfield code="c">1966</subfield>
    </datafield>
    <datafield tag="300" ind1=" " ind2=" ">
      <subfield code="a">586 p.</subfield>
    </datafield>
    <datafield tag="650" ind1=" " ind2="4">
      <subfield code="a">Délszláv irodalom</subfield>
    </datafield>
    <datafield tag="650" ind1=" " ind2="4">
      <subfield code="a">Több szerző műveiből készült gyűjtemény. Antológia</subfield>
    </datafield>
    <datafield tag="650" ind1=" " ind2="4">
      <subfield code="a">Irodalomtörténet. Irodalomtörténet általában. Egyetemes irodalomtörténet</subfield>
    </datafield>
    <datafield tag="650" ind1=" " ind2="4">
      <subfield code="a">Horvát nyelven</subfield>
    </datafield>
    <datafield tag="852" ind1=" " ind2=" ">
      <subfield code="a">B14</subfield>
      <subfield code="b">B14</subfield>
      <subfield code="x">608108</subfield>
    </datafield>
    <datafield tag="852" ind1=" " ind2=" ">
      <subfield code="a">B14</subfield>
      <subfield code="b">B14</subfield>
      <subfield code="x">OIK608108</subfield>
    </datafield>
  </record>
  <record>
    <leader>00336cam  22001217  4500</leader>
    <controlfield tag="001">MOKKAZ0004459048  </controlfield>
    <controlfield tag="005">20040910072330.0</controlfield>
    <controlfield tag="008">      s1940                        und d</controlfield>
    <datafield tag="035" ind1=" " ind2=" ">
      <subfield code="a">bibFSZ00305177</subfield>
    </datafield>
    <datafield tag="040" ind1=" " ind2=" ">
      <subfield code="a">FSZEK</subfield>
    </datafield>
    <datafield tag="245" ind1="0" ind2="0">
      <subfield code="a">100 Dokumente zur Vorgeschichte des Krieges</subfield>
    </datafield>
    <datafield tag="260" ind1=" " ind2=" ">
      <subfield code="a">[S.l.] :</subfield>
      <subfield code="b">[S.n.],</subfield>
      <subfield code="c">[1940]</subfield>
    </datafield>
    <datafield tag="852" ind1=" " ind2=" ">
      <subfield code="a">B10</subfield>
      <subfield code="b">0801</subfield>
      <subfield code="x">bibFSZ00305177</subfield>
    </datafield>
  </record>
  <record>
    <leader>00650nam  2200217 i 4500</leader>
    <controlfield tag="001">MOKKAZ0006269700  </controlfield>
    <controlfield tag="005">20040915184229.0</controlfield>
    <controlfield tag="008">940510t19901990hu            000 1 hun d</controlfield>
    <datafield tag="020" ind1=" " ind2=" ">
      <subfield code="a">963-211-873-1 (fűzött)</subfield>
    </datafield>
    <datafield tag="035" ind1=" " ind2=" ">
      <subfield code="a">643705</subfield>
    </datafield>
    <datafield tag="040" ind1=" " ind2=" ">
      <subfield code="a">OSZK</subfield>
    </datafield>
    <datafield tag="041" ind1="0" ind2=" ">
      <subfield code="a">hunhun</subfield>
      <subfield code="h">eng</subfield>
    </datafield>
    <datafield tag="072" ind1=" " ind2="1">
      <subfield code="a">4</subfield>
    </datafield>
    <datafield tag="100" ind1="1" ind2=" ">
      <subfield code="a">Gover, Robert</subfield>
    </datafield>
    <datafield tag="240" ind1="1" ind2="0">
      <subfield code="a">One hundred dollar misunderstanding</subfield>
      <subfield code="l">(magyar)</subfield>
    </datafield>
    <datafield tag="245" ind1="1" ind2="0">
      <subfield code="a">100 dolláros félreértés /</subfield>
      <subfield code="c">Robert Gover ; [ford. F. Nagy Piroska]</subfield>
    </datafield>
    <datafield tag="260" ind1=" " ind2=" ">
      <subfield code="a">Budapest :</subfield>
      <subfield code="b">Móra,</subfield>
      <subfield code="c">1990</subfield>
      <subfield code="e">(Budapest</subfield>
      <subfield code="f">Athenaeum)</subfield>
    </datafield>
    <datafield tag="300" ind1=" " ind2=" ">
      <subfield code="a">206 p. ;</subfield>
      <subfield code="c">21 cm</subfield>
    </datafield>
    <datafield tag="500" ind1=" " ind2=" ">
      <subfield code="a">Regény</subfield>
    </datafield>
    <datafield tag="700" ind1="1" ind2=" ">
      <subfield code="a">Nagy Piroska, F.</subfield>
      <subfield code="d">(1947-)</subfield>
      <subfield code="4">(ford.)</subfield>
    </datafield>
    <datafield tag="852" ind1=" " ind2=" ">
      <subfield code="a">B1</subfield>
      <subfield code="b">B1</subfield>
      <subfield code="x">643705</subfield>
    </datafield>
  </record>
  <record>
    <leader>00616ncm  2200205 i 4500</leader>
    <controlfield tag="001">MOKKAN0004952955  </controlfield>
    <controlfield tag="005">20071114035650.0</controlfield>
    <controlfield tag="008">070724s1885    ge                  ger d</controlfield>
    <datafield tag="028" ind1="3" ind2="0">
      <subfield code="a">987</subfield>
      <subfield code="b">J. G. Seeling, Dresden</subfield>
    </datafield>
    <datafield tag="035" ind1=" " ind2=" ">
      <subfield code="a">bibDEK00645483</subfield>
    </datafield>
    <datafield tag="040" ind1=" " ind2=" ">
      <subfield code="a">DEENK</subfield>
    </datafield>
    <datafield tag="041" ind1=" " ind2=" ">
      <subfield code="a">ger</subfield>
    </datafield>
    <datafield tag="100" ind1="1" ind2=" ">
      <subfield code="a">Franz, Oscar</subfield>
      <subfield code="c">(kürt-tanár)</subfield>
    </datafield>
    <datafield tag="245" ind1="1" ind2="4">
      <subfield code="a">100 Duetten II.</subfield>
      <subfield code="h">[Nyomtatott kotta] :</subfield>
      <subfield code="b">Zwei Waldhörner /</subfield>
      <subfield code="c">Oscar Franz</subfield>
    </datafield>
    <datafield tag="254" ind1=" " ind2=" ">
      <subfield code="a">Szóló (kürt)</subfield>
    </datafield>
    <datafield tag="260" ind1=" " ind2=" ">
      <subfield code="a">Dresden :</subfield>
      <subfield code="b">J. G. Seeling,</subfield>
      <subfield code="c">[s. a]</subfield>
    </datafield>
    <datafield tag="300" ind1=" " ind2=" ">
      <subfield code="a">53 p. ;</subfield>
      <subfield code="c">35 cm</subfield>
    </datafield>
    <datafield tag="505" ind1="0" ind2="0">
      <subfield code="t">No. 54-100</subfield>
    </datafield>
    <datafield tag="695" ind1=" " ind2=" ">
      <subfield code="a">kürtművek</subfield>
      <subfield code="x">duett</subfield>
      <subfield code="x">kürtduett</subfield>
    </datafield>
    <datafield tag="852" ind1=" " ind2=" ">
      <subfield code="a">D1</subfield>
      <subfield code="b">D1/Z</subfield>
      <subfield code="x">bibDEK00645483</subfield>
    </datafield>
  </record>
  <record>
    <leader>00754nama 22002051i 4500</leader>
    <controlfield tag="001">MOKKAS0000628326  </controlfield>
    <controlfield tag="005">20060614182510.0</controlfield>
    <controlfield tag="008">041001s1973    lv            000 0 undod</controlfield>
    <datafield tag="035" ind1=" " ind2=" ">
      <subfield code="a">1387202</subfield>
    </datafield>
    <datafield tag="040" ind1=" " ind2=" ">
      <subfield code="a">OSZK</subfield>
    </datafield>
    <datafield tag="041" ind1="1" ind2=" ">
      <subfield code="a">undund</subfield>
      <subfield code="h">hun</subfield>
    </datafield>
    <datafield tag="100" ind1="1" ind2=" ">
      <subfield code="a">Petőfi Sándor</subfield>
      <subfield code="d">(1823-1849)</subfield>
    </datafield>
    <datafield tag="245" ind1="1" ind2="0">
      <subfield code="a">100 dzejoli /</subfield>
      <subfield code="c">Sandors Petefi ; [sastadijusi Pauline Palmeosa] ; [no ungaru valodas atdzejojis Laimonis Kamara] ; [makslinieks Sergejs Adamovics]</subfield>
    </datafield>
    <datafield tag="260" ind1=" " ind2=" ">
      <subfield code="a">Riga :</subfield>
      <subfield code="b">Liesma,</subfield>
      <subfield code="c">1973</subfield>
    </datafield>
    <datafield tag="300" ind1=" " ind2=" ">
      <subfield code="a">212 p., 6 t. ;</subfield>
      <subfield code="c">18 cm</subfield>
    </datafield>
    <datafield tag="700" ind1="1" ind2=" ">
      <subfield code="a">Kamara, Laimonis</subfield>
      <subfield code="c">(cédulakatalógus alapján)</subfield>
      <subfield code="4">(ford.)</subfield>
    </datafield>
    <datafield tag="700" ind1="1" ind2=" ">
      <subfield code="a">Palmeos, Pauline</subfield>
      <subfield code="4">(összeáll.)</subfield>
    </datafield>
    <datafield tag="700" ind1="1" ind2=" ">
      <subfield code="a">Adamovič, Sergej</subfield>
      <subfield code="c">(cédulakatalógus alapján)</subfield>
      <subfield code="4">(közrem.)</subfield>
    </datafield>
    <datafield tag="852" ind1=" " ind2=" ">
      <subfield code="a">B1</subfield>
      <subfield code="b">B1</subfield>
      <subfield code="x">1387202</subfield>
    </datafield>
    <datafield tag="852" ind1=" " ind2=" ">
      <subfield code="a">B2</subfield>
      <subfield code="b">B2</subfield>
      <subfield code="x">258289</subfield>
    </datafield>
  </record>
  <record>
    <leader>00322ncm  2200121 i 4500</leader>
    <controlfield tag="001">MOKKAS0003601687  </controlfield>
    <controlfield tag="005">20060606150753.0</controlfield>
    <controlfield tag="008">050716s                                d</controlfield>
    <datafield tag="035" ind1=" " ind2=" ">
      <subfield code="a">864125</subfield>
    </datafield>
    <datafield tag="040" ind1=" " ind2=" ">
      <subfield code="a">OIK</subfield>
    </datafield>
    <datafield tag="100" ind1="1" ind2=" ">
      <subfield code="a">Melngailis, Emilis</subfield>
      <subfield code="d">(1874.02.15-1954.12.20)</subfield>
    </datafield>
    <datafield tag="245" ind1="1" ind2="0">
      <subfield code="a">100 dziesmas</subfield>
      <subfield code="h">nyomtatott kotta</subfield>
    </datafield>
    <datafield tag="852" ind1=" " ind2=" ">
      <subfield code="a">B14</subfield>
      <subfield code="b">B14</subfield>
      <subfield code="x">864125</subfield>
    </datafield>
  </record>
  <record>
    <leader>00642nam  2200241   4500</leader>
    <controlfield tag="001">MOKKAS0002385942  </controlfield>
    <controlfield tag="005">20060527160955.0</controlfield>
    <controlfield tag="008">040218s2005    hu                  hun d</controlfield>
    <datafield tag="020" ind1=" " ind2=" ">
      <subfield code="a">963-460-743-8 (fűzött) :</subfield>
      <subfield code="c">1420,- Ft</subfield>
    </datafield>
    <datafield tag="035" ind1=" " ind2=" ">
      <subfield code="a">bibFSZ1143423</subfield>
    </datafield>
    <datafield tag="040" ind1=" " ind2=" ">
      <subfield code="a">SK</subfield>
    </datafield>
    <datafield tag="041" ind1=" " ind2=" ">
      <subfield code="a">hun</subfield>
    </datafield>
    <datafield tag="100" ind1="1" ind2=" ">
      <subfield code="a">Angeli Levente</subfield>
    </datafield>
    <datafield tag="245" ind1="1" ind2="0">
      <subfield code="a">100% élet /</subfield>
      <subfield code="c">Levi Angeli</subfield>
    </datafield>
    <datafield tag="246" ind1=" " ind2="3">
      <subfield code="a">100 % élet</subfield>
    </datafield>
    <datafield tag="260" ind1=" " ind2=" ">
      <subfield code="a">Budapest :</subfield>
      <subfield code="b">Angeli L.,</subfield>
      <subfield code="c">2005</subfield>
    </datafield>
    <datafield tag="300" ind1=" " ind2=" ">
      <subfield code="a">220 p. ;</subfield>
      <subfield code="c">21 cm</subfield>
    </datafield>
    <datafield tag="500" ind1=" " ind2=" ">
      <subfield code="a">Regény</subfield>
    </datafield>
    <datafield tag="650" ind1=" " ind2="4">
      <subfield code="a">kalandregény</subfield>
    </datafield>
    <datafield tag="650" ind1=" " ind2="4">
      <subfield code="a">magyar irodalom</subfield>
    </datafield>
    <datafield tag="852" ind1=" " ind2=" ">
      <subfield code="a">SZ4</subfield>
      <subfield code="b">SZ4</subfield>
      <subfield code="x">bibFSZ1143423</subfield>
    </datafield>
    <datafield tag="852" ind1=" " ind2=" ">
      <subfield code="a">M2</subfield>
      <subfield code="b">M2</subfield>
      <subfield code="x">bibFSZ1143423</subfield>
    </datafield>
    <datafield tag="852" ind1=" " ind2=" ">
      <subfield code="a">SZO1</subfield>
      <subfield code="b">SZO1</subfield>
      <subfield code="x">150478013</subfield>
    </datafield>
  </record>
  <record>
    <leader>00695nam  2200217 i 4500</leader>
    <controlfield tag="001">MOKKAZ0006415811  </controlfield>
    <controlfield tag="005">20040915201407.0</controlfield>
    <controlfield tag="008">921124m19899999at b           00 0 hunod</controlfield>
    <datafield tag="035" ind1=" " ind2=" ">
      <subfield code="a">815019</subfield>
    </datafield>
    <datafield tag="040" ind1=" " ind2=" ">
      <subfield code="a">OSZK</subfield>
    </datafield>
    <datafield tag="041" ind1="0" ind2=" ">
      <subfield code="a">hunhun</subfield>
      <subfield code="h">fre</subfield>
    </datafield>
    <datafield tag="072" ind1=" " ind2="1">
      <subfield code="a">hc</subfield>
    </datafield>
    <datafield tag="100" ind1="1" ind2=" ">
      <subfield code="a">Aerens, Luc</subfield>
    </datafield>
    <datafield tag="240" ind1="1" ind2="0">
      <subfield code="a">100 techniques d'animation spirituelle pour vivre Dieu</subfield>
      <subfield code="l">(magyar)</subfield>
    </datafield>
    <datafield tag="245" ind1="1" ind2="0">
      <subfield code="a">100 eljárásmód a keresztény csoportmunkához /</subfield>
      <subfield code="c">Luc Aerens ; [ford. Szánthó Erzsébet]</subfield>
    </datafield>
    <datafield tag="260" ind1=" " ind2=" ">
      <subfield code="a">Eisenstadt :</subfield>
      <subfield code="b">Prugg,</subfield>
      <subfield code="c">1989</subfield>
    </datafield>
    <datafield tag="300" ind1=" " ind2=" ">
      <subfield code="a">152 p. :</subfield>
      <subfield code="b">ill. ;</subfield>
      <subfield code="c">21 cm</subfield>
    </datafield>
    <datafield tag="650" ind1=" " ind2="7">
      <subfield code="a">Hitoktatás</subfield>
      <subfield code="x">keresztény</subfield>
      <subfield code="2">szte</subfield>
    </datafield>
    <datafield tag="700" ind1="1" ind2=" ">
      <subfield code="a">Szánthó Erzsébet</subfield>
      <subfield code="4">(ford.)</subfield>
    </datafield>
    <datafield tag="852" ind1=" " ind2=" ">
      <subfield code="a">B1</subfield>
      <subfield code="b">B1</subfield>
      <subfield code="x">815019</subfield>
    </datafield>
    <datafield tag="852" ind1=" " ind2=" ">
      <subfield code="a">SZ4</subfield>
      <subfield code="b">SZ4</subfield>
      <subfield code="x">bibRTA00017023</subfield>
    </datafield>
  </record>
  <record>
    <leader>00325cam  22001217  4500</leader>
    <controlfield tag="001">MOKKAZ0004519157  </controlfield>
    <controlfield tag="005">20040910075435.0</controlfield>
    <controlfield tag="008">      s194?                        und d</controlfield>
    <datafield tag="035" ind1=" " ind2=" ">
      <subfield code="a">bibFSZ00365412</subfield>
    </datafield>
    <datafield tag="040" ind1=" " ind2=" ">
      <subfield code="a">FSZEK</subfield>
    </datafield>
    <datafield tag="245" ind1="0" ind2="0">
      <subfield code="a">100 Endspiele /</subfield>
      <subfield code="c">A.S. Selesnieff</subfield>
    </datafield>
    <datafield tag="260" ind1=" " ind2=" ">
      <subfield code="a">[S.l.] :</subfield>
      <subfield code="b">[S.n.],</subfield>
      <subfield code="c">[194?]</subfield>
    </datafield>
    <datafield tag="852" ind1=" " ind2=" ">
      <subfield code="a">B10</subfield>
      <subfield code="b">0801</subfield>
      <subfield code="x">bibFSZ00365412</subfield>
    </datafield>
  </record>
  <record>
    <leader>00819nam  2200241 i 4500</leader>
    <controlfield tag="001">MOKKAZ0003656736  </controlfield>
    <controlfield tag="005">20040909210723.0</controlfield>
    <controlfield tag="008">990714c1998    hu            00010 eng d</controlfield>
    <datafield tag="020" ind1=" " ind2=" ">
      <subfield code="a">963 04 9677 1</subfield>
    </datafield>
    <datafield tag="035" ind1=" " ind2=" ">
      <subfield code="a">bibJGY00073928</subfield>
    </datafield>
    <datafield tag="040" ind1=" " ind2=" ">
      <subfield code="a">DEENK</subfield>
    </datafield>
    <datafield tag="245" ind1="0" ind2="0">
      <subfield code="a">100 english tests for beginners :</subfield>
      <subfield code="b">level one /</subfield>
      <subfield code="c">[comp. by P. Alexandre]</subfield>
    </datafield>
    <datafield tag="246" ind1="1" ind2="4">
      <subfield code="b">Level 1 : elementary</subfield>
    </datafield>
    <datafield tag="260" ind1=" " ind2=" ">
      <subfield code="a">Budapest :</subfield>
      <subfield code="b">Malex,</subfield>
      <subfield code="c">cop. 1998</subfield>
    </datafield>
    <datafield tag="300" ind1=" " ind2=" ">
      <subfield code="a">77, VIII p. ;</subfield>
      <subfield code="c">21 cm</subfield>
    </datafield>
    <datafield tag="490" ind1="1" ind2=" ">
      <subfield code="a">(Five test-book series)</subfield>
    </datafield>
    <datafield tag="650" ind1=" " ind2="4">
      <subfield code="a">Angol nyelv</subfield>
      <subfield code="x">feladatok, gyakorlatok stb.</subfield>
    </datafield>
    <datafield tag="650" ind1=" " ind2="4">
      <subfield code="a">Angol nyelv</subfield>
      <subfield code="x">tankönyvek idegen ajkúaknak</subfield>
    </datafield>
    <datafield tag="650" ind1=" " ind2="0">
      <subfield code="a">English language</subfield>
      <subfield code="x">Problems, exercises, etc.</subfield>
    </datafield>
    <datafield tag="650" ind1=" " ind2="0">
      <subfield code="a">English language</subfield>
      <subfield code="x">Textbooks for foreign speakers.</subfield>
    </datafield>
    <datafield tag="700" ind1="1" ind2=" ">
      <subfield code="a">Alexandre, P.</subfield>
    </datafield>
    <datafield tag="830" ind1=" " ind2="0">
      <subfield code="a">Five test-book series</subfield>
    </datafield>
    <datafield tag="852" ind1=" " ind2=" ">
      <subfield code="a">D1</subfield>
      <subfield code="b">D1</subfield>
      <subfield code="x">bibJGY00073928</subfield>
    </datafield>
  </record>
  <record>
    <leader>00515nam  2200181 ir4500</leader>
    <controlfield tag="001">MOKKAS0001240465  </controlfield>
    <controlfield tag="005">20060112160433.0</controlfield>
    <controlfield tag="008">      s1998    hu            00010 hun d</controlfield>
    <datafield tag="035" ind1=" " ind2=" ">
      <subfield code="a">bibRFK00025876</subfield>
    </datafield>
    <datafield tag="040" ind1=" " ind2=" ">
      <subfield code="a">RFMK</subfield>
    </datafield>
    <datafield tag="245" ind1="0" ind2="0">
      <subfield code="a">100 English tests for beginners</subfield>
    </datafield>
    <datafield tag="260" ind1=" " ind2=" ">
      <subfield code="a">Budapest :</subfield>
      <subfield code="b">MALEX,</subfield>
      <subfield code="c">cop. 1998</subfield>
    </datafield>
    <datafield tag="500" ind1=" " ind2=" ">
      <subfield code="a">rs</subfield>
      <subfield code="a">rs</subfield>
      <subfield code="a">ét</subfield>
      <subfield code="a">ét</subfield>
    </datafield>
    <datafield tag="650" ind1=" " ind2="4">
      <subfield code="a">angol nyelv</subfield>
      <subfield code="3">[1].</subfield>
    </datafield>
    <datafield tag="650" ind1=" " ind2="4">
      <subfield code="a">angol nyelvtan</subfield>
      <subfield code="3">[1].</subfield>
    </datafield>
    <datafield tag="650" ind1=" " ind2="4">
      <subfield code="a">feladatgyűjtemények</subfield>
      <subfield code="3">[1].</subfield>
    </datafield>
    <datafield tag="700" ind1="1" ind2=" ">
      <subfield code="a">Alexandre, P.</subfield>
      <subfield code="4">összeáll.</subfield>
    </datafield>
    <datafield tag="852" ind1=" " ind2=" ">
      <subfield code="a">M2</subfield>
      <subfield code="b">M2</subfield>
      <subfield code="x">bibRFK00025876</subfield>
    </datafield>
  </record>
  <record>
    <leader>00846cam  22002538  4500</leader>
    <controlfield tag="001">MOKKAZ0004364289  </controlfield>
    <controlfield tag="005">20040910063527.0</controlfield>
    <controlfield tag="008">      s1998                        und d</controlfield>
    <datafield tag="020" ind1=" " ind2=" ">
      <subfield code="a">963-04-9677-1 (fűzött)</subfield>
    </datafield>
    <datafield tag="035" ind1=" " ind2=" ">
      <subfield code="a">bibFSZ00210314</subfield>
    </datafield>
    <datafield tag="040" ind1=" " ind2=" ">
      <subfield code="a">FSZEK</subfield>
    </datafield>
    <datafield tag="245" ind1="0" ind2="0">
      <subfield code="a">100 English tests for beginners : </subfield>
      <subfield code="b">level one : [elementary] /</subfield>
      <subfield code="c">[comp. by P. Alexandre]</subfield>
    </datafield>
    <datafield tag="260" ind1=" " ind2=" ">
      <subfield code="a">[Budapest] :</subfield>
      <subfield code="b">Malex Kft.,</subfield>
      <subfield code="c">cop. 1998</subfield>
    </datafield>
    <datafield tag="300" ind1=" " ind2=" ">
      <subfield code="a">79 p., VIII t. ;</subfield>
      <subfield code="c">21 cm</subfield>
    </datafield>
    <datafield tag="490" ind1="1" ind2=" ">
      <subfield code="a">(Five test-book series / Malex Kft.)</subfield>
    </datafield>
    <datafield tag="650" ind1="0" ind2="4">
      <subfield code="a">angol nyelvkönyv</subfield>
    </datafield>
    <datafield tag="650" ind1=" " ind2="4">
      <subfield code="a">angol nyelv</subfield>
    </datafield>
    <datafield tag="680" ind1=" " ind2="0">
      <subfield code="a">angol nyelv</subfield>
      <subfield code="a">feladatgyűjtemény, példatár</subfield>
      <subfield code="a">magyar nyelven</subfield>
    </datafield>
    <datafield tag="700" ind1="1" ind2=" ">
      <subfield code="a">Alexandre, P. V.</subfield>
      <subfield code="4">összeáll.</subfield>
    </datafield>
    <datafield tag="810" ind1="2" ind2=" ">
      <subfield code="a">Malex Kft. (Budapest)</subfield>
    </datafield>
    <datafield tag="830" ind1=" " ind2=" ">
      <subfield code="a">Five test-book series</subfield>
    </datafield>
    <datafield tag="852" ind1=" " ind2=" ">
      <subfield code="a">B10</subfield>
      <subfield code="b">0801</subfield>
      <subfield code="x">bibFSZ00210314</subfield>
    </datafield>
    <datafield tag="852" ind1=" " ind2=" ">
      <subfield code="a">M1</subfield>
      <subfield code="b">M1</subfield>
      <subfield code="x">46636</subfield>
    </datafield>
    <datafield tag="852" ind1=" " ind2=" ">
      <subfield code="a">G1</subfield>
      <subfield code="b">G1</subfield>
      <subfield code="x">71367</subfield>
    </datafield>
  </record>
  <record>
    <leader>00526nama 22001571i 4500</leader>
    <controlfield tag="001">MOKKAW0006080019  </controlfield>
    <controlfield tag="005">20080912182715.0</controlfield>
    <controlfield tag="008">080912s1953    hu            000 0 hunod</controlfield>
    <datafield tag="035" ind1=" " ind2=" ">
      <subfield code="a">bibSOK00439360</subfield>
    </datafield>
    <datafield tag="040" ind1=" " ind2=" ">
      <subfield code="a">SK</subfield>
    </datafield>
    <datafield tag="245" ind1="0" ind2="0">
      <subfield code="a">100 építőipari újítás /</subfield>
      <subfield code="c">[közread. az] Építésügyi Minisztérium Műszaki Főosztálya ; [szerk Jakó Sándor]</subfield>
    </datafield>
    <datafield tag="260" ind1=" " ind2=" ">
      <subfield code="a">Budapest :</subfield>
      <subfield code="b">Építésügyi Kiadó,</subfield>
      <subfield code="c">1953</subfield>
    </datafield>
    <datafield tag="300" ind1=" " ind2=" ">
      <subfield code="a">127 p. :</subfield>
      <subfield code="b">ill. ;</subfield>
      <subfield code="c">20 cm</subfield>
    </datafield>
    <datafield tag="695" ind1=" " ind2=" ">
      <subfield code="a">Építőipar</subfield>
    </datafield>
    <datafield tag="700" ind1="1" ind2=" ">
      <subfield code="a">Jakó Sándor</subfield>
    </datafield>
    <datafield tag="852" ind1=" " ind2=" ">
      <subfield code="a">SZ4</subfield>
      <subfield code="b">SZ4/R2</subfield>
      <subfield code="x">bibSOK00439360</subfield>
    </datafield>
  </record>
  <record>
    <leader>00370cam  22001331  4500</leader>
    <controlfield tag="001">MOKKAZ0004658249  </controlfield>
    <controlfield tag="005">20040910090846.0</controlfield>
    <controlfield tag="008">      s1889                        hun d</controlfield>
    <datafield tag="020" ind1=" " ind2=" ">
      <subfield code="a">in68252</subfield>
    </datafield>
    <datafield tag="035" ind1=" " ind2=" ">
      <subfield code="a">bibFSZ00563694</subfield>
    </datafield>
    <datafield tag="040" ind1=" " ind2=" ">
      <subfield code="a">FSZEK</subfield>
    </datafield>
    <datafield tag="245" ind1="0" ind2="0">
      <subfield code="a">100 eredeti magyar népdal /</subfield>
      <subfield code="c">írta Baloghy Dezső</subfield>
    </datafield>
    <datafield tag="260" ind1=" " ind2=" ">
      <subfield code="a">B.-Gyarmat :</subfield>
      <subfield code="b">[S.n.],</subfield>
      <subfield code="c">1889</subfield>
    </datafield>
    <datafield tag="852" ind1=" " ind2=" ">
      <subfield code="a">B10</subfield>
      <subfield code="b">0801B</subfield>
      <subfield code="x">bibFSZ00563694</subfield>
    </datafield>
  </record>
  <record>
    <leader>00957fam  2200265 ir4500</leader>
    <controlfield tag="001">MOKKAZ0006218432  </controlfield>
    <controlfield tag="005">20040915181439.0</controlfield>
    <controlfield tag="008">940509t19841985hu            000 0 hun d</controlfield>
    <datafield tag="020" ind1=" " ind2=" ">
      <subfield code="a">963-01-6437-X (fűzött)</subfield>
    </datafield>
    <datafield tag="035" ind1=" " ind2=" ">
      <subfield code="a">786144</subfield>
    </datafield>
    <datafield tag="040" ind1=" " ind2=" ">
      <subfield code="a">OSZK</subfield>
    </datafield>
    <datafield tag="041" ind1="0" ind2=" ">
      <subfield code="a">hunhun</subfield>
    </datafield>
    <datafield tag="245" ind1="1" ind2="0">
      <subfield code="a">100 és 75 éve történt : </subfield>
      <subfield code="b">Adatok a testnevelés és sport tárgyköréből /</subfield>
      <subfield code="c">szerk. Szerbák Elek</subfield>
    </datafield>
    <datafield tag="260" ind1=" " ind2=" ">
      <subfield code="a">Budapest :</subfield>
      <subfield code="b">Testnev. és Sportmúz.,</subfield>
      <subfield code="c">[1985]</subfield>
      <subfield code="e">([Budapest]</subfield>
      <subfield code="f">Sportprop. Soksz.)</subfield>
    </datafield>
    <datafield tag="300" ind1=" " ind2=" ">
      <subfield code="a">80 p. ;</subfield>
      <subfield code="c">24 cm</subfield>
    </datafield>
    <datafield tag="490" ind1="1" ind2=" ">
      <subfield code="a">A Testnevelési és Sportmúzeum közleményei</subfield>
      <subfield code="x">0231-0899</subfield>
      <subfield code="v">2.</subfield>
    </datafield>
    <datafield tag="650" ind1=" " ind2="7">
      <subfield code="a">Sport</subfield>
      <subfield code="y">1886</subfield>
      <subfield code="x">adattár</subfield>
      <subfield code="2">szte</subfield>
    </datafield>
    <datafield tag="650" ind1=" " ind2="7">
      <subfield code="a">Sport</subfield>
      <subfield code="y">1911</subfield>
      <subfield code="x">adattár</subfield>
      <subfield code="2">szte</subfield>
    </datafield>
    <datafield tag="700" ind1="1" ind2=" ">
      <subfield code="a">Szerbák Elek</subfield>
      <subfield code="4">(szerk.)</subfield>
    </datafield>
    <datafield tag="830" ind1=" " ind2="2">
      <subfield code="a">A Testnevelési és Sportmúzeum közleményei</subfield>
    </datafield>
    <datafield tag="852" ind1=" " ind2=" ">
      <subfield code="a">B1</subfield>
      <subfield code="b">B1</subfield>
      <subfield code="x">786144</subfield>
    </datafield>
    <datafield tag="852" ind1=" " ind2=" ">
      <subfield code="a">D1</subfield>
      <subfield code="b">D1</subfield>
      <subfield code="x">963 01 6437 X</subfield>
    </datafield>
    <datafield tag="852" ind1=" " ind2=" ">
      <subfield code="a">B10</subfield>
      <subfield code="B">0801</subfield>
      <subfield code="b">0801B</subfield>
      <subfield code="x">bibFSZ00203225</subfield>
    </datafield>
    <datafield tag="852" ind1=" " ind2=" ">
      <subfield code="a">M2</subfield>
      <subfield code="b">M2</subfield>
      <subfield code="x">bibRFK00079860</subfield>
    </datafield>
    <datafield tag="852" ind1=" " ind2=" ">
      <subfield code="a">SZ4</subfield>
      <subfield code="b">SZ4</subfield>
      <subfield code="x">963 01 6437 X</subfield>
    </datafield>
  </record>
  <record>
    <leader>01016aam  2200277 ir4500</leader>
    <controlfield tag="001">MOKKAZ0006218466  </controlfield>
    <controlfield tag="005">20090621044531.0</controlfield>
    <controlfield tag="008">940509t19861985hu            000 0 hun d</controlfield>
    <datafield tag="020" ind1=" " ind2=" ">
      <subfield code="a">963-01-7083-3* (fűzött) :</subfield>
      <subfield code="c">50,- Ft</subfield>
    </datafield>
    <datafield tag="035" ind1=" " ind2=" ">
      <subfield code="a">786179</subfield>
    </datafield>
    <datafield tag="040" ind1=" " ind2=" ">
      <subfield code="a">OSZK</subfield>
    </datafield>
    <datafield tag="041" ind1="0" ind2=" ">
      <subfield code="a">hunhun</subfield>
    </datafield>
    <datafield tag="245" ind1="1" ind2="0">
      <subfield code="a">100 és 75 éve történt : </subfield>
      <subfield code="b">Adatok a testnevelés és sport tárgyköréből /</subfield>
      <subfield code="c">szerk. Szerblák Elek</subfield>
    </datafield>
    <datafield tag="260" ind1=" " ind2=" ">
      <subfield code="a">Budapest :</subfield>
      <subfield code="b">Testnevelési és Sportmúz.,</subfield>
      <subfield code="c">1985 [!1986]</subfield>
      <subfield code="e">([Budapest]</subfield>
      <subfield code="f">Sportprop. Váll.)</subfield>
    </datafield>
    <datafield tag="300" ind1=" " ind2=" ">
      <subfield code="a">185 p. ;</subfield>
      <subfield code="c">24 cm</subfield>
    </datafield>
    <datafield tag="490" ind1="1" ind2=" ">
      <subfield code="a">A Testnevelési és Sportmúzeum közleményei</subfield>
      <subfield code="x">0231-0899</subfield>
      <subfield code="v">3.</subfield>
    </datafield>
    <datafield tag="650" ind1=" " ind2="4">
      <subfield code="a">sporttörténet</subfield>
    </datafield>
    <datafield tag="650" ind1=" " ind2="4">
      <subfield code="a">1886</subfield>
    </datafield>
    <datafield tag="650" ind1=" " ind2="4">
      <subfield code="a">1911</subfield>
    </datafield>
    <datafield tag="650" ind1=" " ind2="4">
      <subfield code="a">eseménynaptárak</subfield>
    </datafield>
    <datafield tag="653" ind1=" " ind2=" ">
      <subfield code="a">testnevelés és sportügyek dokumentumai 1886-os és 1911-es évből Magyarországon</subfield>
    </datafield>
    <datafield tag="700" ind1="1" ind2=" ">
      <subfield code="a">Szerblák Elek</subfield>
      <subfield code="4">(szerk.)</subfield>
    </datafield>
    <datafield tag="830" ind1=" " ind2="2">
      <subfield code="a">A Testnevelési és Sportmúzeum közleményei</subfield>
    </datafield>
    <datafield tag="852" ind1=" " ind2=" ">
      <subfield code="a">B1</subfield>
      <subfield code="b">B1</subfield>
      <subfield code="x">786179</subfield>
    </datafield>
    <datafield tag="852" ind1=" " ind2=" ">
      <subfield code="a">M2</subfield>
      <subfield code="b">M2</subfield>
      <subfield code="x">bibRFK00073825</subfield>
    </datafield>
    <datafield tag="852" ind1=" " ind2=" ">
      <subfield code="a">B8</subfield>
      <subfield code="b">B8</subfield>
      <subfield code="x">OGYK000198528</subfield>
    </datafield>
  </record>
  <record>
    <leader>00499cam  2200181 i 4500</leader>
    <controlfield tag="001">MOKKAN0004001559  </controlfield>
    <controlfield tag="005">20061106090704.0</controlfield>
    <controlfield tag="008">010105c19981998enka          00010 eng d</controlfield>
    <datafield tag="020" ind1=" " ind2=" ">
      <subfield code="a">0 19 877592 X</subfield>
    </datafield>
    <datafield tag="035" ind1=" " ind2=" ">
      <subfield code="a">126588</subfield>
    </datafield>
    <datafield tag="040" ind1=" " ind2=" ">
      <subfield code="a">MEKLM</subfield>
    </datafield>
    <datafield tag="041" ind1="0" ind2=" ">
      <subfield code="a">eng</subfield>
    </datafield>
    <datafield tag="100" ind1="1" ind2=" ">
      <subfield code="a">Jowsey, Ernie</subfield>
    </datafield>
    <datafield tag="245" ind1="1" ind2="0">
      <subfield code="a">100 essay plans for economics /</subfield>
      <subfield code="c">Ernie Jowsey</subfield>
    </datafield>
    <datafield tag="260" ind1=" " ind2=" ">
      <subfield code="a">Oxford :</subfield>
      <subfield code="b">Oxford Univ. Pr.,</subfield>
      <subfield code="c">1998</subfield>
    </datafield>
    <datafield tag="300" ind1=" " ind2=" ">
      <subfield code="a">xii, 259 p. :</subfield>
      <subfield code="b">ill. ;</subfield>
      <subfield code="c">25 cm</subfield>
    </datafield>
    <datafield tag="650" ind1="0" ind2="4">
      <subfield code="a">közgazdaságtan</subfield>
      <subfield code="x">tanulmányok</subfield>
    </datafield>
    <datafield tag="852" ind1=" " ind2=" ">
      <subfield code="a">M1</subfield>
      <subfield code="b">M1</subfield>
      <subfield code="x">126588</subfield>
    </datafield>
  </record>
  <record>
    <leader>00328cam  22001217  4500</leader>
    <controlfield tag="001">MOKKAZ0004502039  </controlfield>
    <controlfield tag="005">20040910074553.0</controlfield>
    <controlfield tag="008">      s1903                        und d</controlfield>
    <datafield tag="035" ind1=" " ind2=" ">
      <subfield code="a">bibFSZ00348252</subfield>
    </datafield>
    <datafield tag="040" ind1=" " ind2=" ">
      <subfield code="a">FSZEK</subfield>
    </datafield>
    <datafield tag="245" ind1="0" ind2="0">
      <subfield code="a">100 esti levél /</subfield>
      <subfield code="c">Tóth Béla</subfield>
    </datafield>
    <datafield tag="260" ind1=" " ind2=" ">
      <subfield code="a">[S.l.] :</subfield>
      <subfield code="b">[S.n.],</subfield>
      <subfield code="c">1903</subfield>
    </datafield>
    <datafield tag="852" ind1=" " ind2=" ">
      <subfield code="a">B10</subfield>
      <subfield code="B">0801</subfield>
      <subfield code="b">0801B</subfield>
      <subfield code="x">bibFSZ00348252</subfield>
    </datafield>
  </record>
  <record>
    <leader>00869cam  22002891i 4500</leader>
    <controlfield tag="001">MOKKAS0001949828  </controlfield>
    <controlfield tag="005">20100816125748.0</controlfield>
    <controlfield tag="008">990223s1903    hu     e      00010 hun d</controlfield>
    <datafield tag="035" ind1=" " ind2=" ">
      <subfield code="a">191154</subfield>
    </datafield>
    <datafield tag="040" ind1=" " ind2=" ">
      <subfield code="a">ELTE</subfield>
    </datafield>
    <datafield tag="041" ind1="0" ind2=" ">
      <subfield code="a">hun</subfield>
    </datafield>
    <datafield tag="080" ind1=" " ind2=" ">
      <subfield code="a">81-43"187/192" T 7</subfield>
    </datafield>
    <datafield tag="100" ind1="1" ind2=" ">
      <subfield code="a">Tóth Béla</subfield>
      <subfield code="d">(1857-1907)</subfield>
    </datafield>
    <datafield tag="245" ind1="1" ind2="0">
      <subfield code="a">100 esti levél /</subfield>
      <subfield code="c">írta Tóth Béla</subfield>
    </datafield>
    <datafield tag="260" ind1=" " ind2=" ">
      <subfield code="a">Budapest :</subfield>
      <subfield code="b">Lampel,</subfield>
      <subfield code="c">[1903]</subfield>
    </datafield>
    <datafield tag="300" ind1=" " ind2=" ">
      <subfield code="a">408 p. ;</subfield>
      <subfield code="c">20 cm</subfield>
    </datafield>
    <datafield tag="561" ind1=" " ind2=" ">
      <subfield code="a">61</subfield>
      <subfield code="5">J A 167947</subfield>
    </datafield>
    <datafield tag="561" ind1=" " ind2=" ">
      <subfield code="a">André Kostolany gyűjtemény</subfield>
      <subfield code="5">J A 167947</subfield>
    </datafield>
    <datafield tag="561" ind1=" " ind2=" ">
      <subfield code="a">Pecsét</subfield>
      <subfield code="5">D1 (z72339862)</subfield>
    </datafield>
    <datafield tag="650" ind1=" " ind2="7">
      <subfield code="a">Publicisztika</subfield>
      <subfield code="x">magyar</subfield>
      <subfield code="y">1900-es évek</subfield>
      <subfield code="2">szte</subfield>
    </datafield>
    <datafield tag="695" ind1=" " ind2=" ">
      <subfield code="a">yyy</subfield>
    </datafield>
    <datafield tag="695" ind1=" " ind2=" ">
      <subfield code="a">Publicisztika</subfield>
      <subfield code="x">magyar</subfield>
      <subfield code="y">1900-as évek</subfield>
    </datafield>
    <datafield tag="852" ind1=" " ind2=" ">
      <subfield code="a">B2</subfield>
      <subfield code="b">B2</subfield>
      <subfield code="x">191154</subfield>
    </datafield>
    <datafield tag="852" ind1=" " ind2=" ">
      <subfield code="a">BCS1</subfield>
      <subfield code="b">BCS1</subfield>
      <subfield code="x">bibBKO00214960</subfield>
    </datafield>
    <datafield tag="852" ind1=" " ind2=" ">
      <subfield code="a">SZ4</subfield>
      <subfield code="b">SZ4</subfield>
      <subfield code="x">MOKKAX0003438380</subfield>
    </datafield>
    <datafield tag="852" ind1=" " ind2=" ">
      <subfield code="a">SZ1</subfield>
      <subfield code="b">SZ1/R1</subfield>
      <subfield code="x">MOKKAX0003438380</subfield>
    </datafield>
    <datafield tag="852" ind1=" " ind2=" ">
      <subfield code="a">D1</subfield>
      <subfield code="x">MOKKAS0001949828</subfield>
    </datafield>
  </record>
  <record>
    <leader>00401nama 22001571i 4500</leader>
    <controlfield tag="001">MOKKAS0000815837  </controlfield>
    <controlfield tag="005">20060119111942.0</controlfield>
    <controlfield tag="008">041124s1904    hu            000 0 hunod</controlfield>
    <datafield tag="035" ind1=" " ind2=" ">
      <subfield code="a">1575115</subfield>
    </datafield>
    <datafield tag="040" ind1=" " ind2=" ">
      <subfield code="a">OSZK</subfield>
    </datafield>
    <datafield tag="041" ind1="0" ind2=" ">
      <subfield code="a">hunhun</subfield>
    </datafield>
    <datafield tag="100" ind1="1" ind2=" ">
      <subfield code="a">Tóth Béla</subfield>
      <subfield code="d">(1857-1907)</subfield>
    </datafield>
    <datafield tag="245" ind1="1" ind2="0">
      <subfield code="a">100 esti levél /</subfield>
      <subfield code="c">Tóth Béla</subfield>
    </datafield>
    <datafield tag="260" ind1=" " ind2=" ">
      <subfield code="a">Budapest :</subfield>
      <subfield code="b">Lampel,</subfield>
      <subfield code="c">1904</subfield>
    </datafield>
    <datafield tag="300" ind1=" " ind2=" ">
      <subfield code="a">408 p. ;</subfield>
      <subfield code="c">19 cm</subfield>
    </datafield>
    <datafield tag="852" ind1=" " ind2=" ">
      <subfield code="a">B1</subfield>
      <subfield code="b">B1</subfield>
      <subfield code="x">1575115</subfield>
    </datafield>
  </record>
  <record>
    <leader>00510nama 22001931i 4500</leader>
    <controlfield tag="001">MOKKAS0000815838  </controlfield>
    <controlfield tag="005">20060119111942.0</controlfield>
    <controlfield tag="008">041124s        hu            000 0 hunod</controlfield>
    <datafield tag="035" ind1=" " ind2=" ">
      <subfield code="a">1575116</subfield>
    </datafield>
    <datafield tag="040" ind1=" " ind2=" ">
      <subfield code="a">OSZK</subfield>
    </datafield>
    <datafield tag="041" ind1="0" ind2=" ">
      <subfield code="a">hunhun</subfield>
    </datafield>
    <datafield tag="100" ind1="1" ind2=" ">
      <subfield code="a">Tóth Béla</subfield>
      <subfield code="d">(1857-1907)</subfield>
    </datafield>
    <datafield tag="245" ind1="1" ind2="0">
      <subfield code="a">100 esti levél /</subfield>
      <subfield code="c">Tóth Béla</subfield>
    </datafield>
    <datafield tag="260" ind1=" " ind2=" ">
      <subfield code="a">Budapest :</subfield>
      <subfield code="b">Lampel,</subfield>
      <subfield code="c">[s.a.]</subfield>
    </datafield>
    <datafield tag="300" ind1=" " ind2=" ">
      <subfield code="a">408 p. ;</subfield>
      <subfield code="c">19 cm</subfield>
    </datafield>
    <datafield tag="650" ind1="0" ind2="4">
      <subfield code="a">magyar irodalom</subfield>
      <subfield code="x">antológia</subfield>
    </datafield>
    <datafield tag="852" ind1=" " ind2=" ">
      <subfield code="a">B1</subfield>
      <subfield code="b">B1</subfield>
      <subfield code="x">1575116</subfield>
    </datafield>
    <datafield tag="852" ind1=" " ind2=" ">
      <subfield code="a">GY1</subfield>
      <subfield code="b">GY1</subfield>
      <subfield code="x">410318</subfield>
    </datafield>
    <datafield tag="852" ind1=" " ind2=" ">
      <subfield code="a">M1</subfield>
      <subfield code="b">M1</subfield>
      <subfield code="x">82430</subfield>
    </datafield>
  </record>
  <record>
    <leader>00687nama 22002051i 4500</leader>
    <controlfield tag="001">MOKKAS0000561606  </controlfield>
    <controlfield tag="005">20060117231356.0</controlfield>
    <controlfield tag="008">040903s1969    hu            000 0 hunod</controlfield>
    <datafield tag="035" ind1=" " ind2=" ">
      <subfield code="a">1320402</subfield>
    </datafield>
    <datafield tag="040" ind1=" " ind2=" ">
      <subfield code="a">OSZK</subfield>
    </datafield>
    <datafield tag="041" ind1="0" ind2=" ">
      <subfield code="a">hunhun</subfield>
    </datafield>
    <datafield tag="100" ind1="1" ind2=" ">
      <subfield code="a">Antall József</subfield>
    </datafield>
    <datafield tag="245" ind1="1" ind2="0">
      <subfield code="a">100 esztendős a népiskolai törvény : </subfield>
      <subfield code="b">Eötvös József és az 1868. évi népiskolai törvény országgyűlési vitája /</subfield>
      <subfield code="c">Antall József</subfield>
    </datafield>
    <datafield tag="260" ind1=" " ind2=" ">
      <subfield code="a">Budapest :</subfield>
      <subfield code="b">Akad. Ny.,</subfield>
      <subfield code="c">1969</subfield>
    </datafield>
    <datafield tag="300" ind1=" " ind2=" ">
      <subfield code="a">p. 414-433. ;</subfield>
      <subfield code="c">24 cm</subfield>
    </datafield>
    <datafield tag="580" ind1=" " ind2=" ">
      <subfield code="a">Klny.: Magyar Pedagógia 1968.</subfield>
    </datafield>
    <datafield tag="600" ind1="1" ind2="4">
      <subfield code="a">Eötvös József</subfield>
      <subfield code="d">(1813-1871)</subfield>
    </datafield>
    <datafield tag="650" ind1="0" ind2="4">
      <subfield code="a">népisjkolai törvény</subfield>
      <subfield code="y">1868</subfield>
      <subfield code="z">magyar</subfield>
    </datafield>
    <datafield tag="852" ind1=" " ind2=" ">
      <subfield code="a">B1</subfield>
      <subfield code="b">B1</subfield>
      <subfield code="x">1320402</subfield>
    </datafield>
    <datafield tag="852" ind1=" " ind2=" ">
      <subfield code="a">B2</subfield>
      <subfield code="b">B2</subfield>
      <subfield code="x">66801</subfield>
    </datafield>
  </record>
  <record>
    <leader>00847nam  2200229 i 4500</leader>
    <controlfield tag="001">MOKKAZ0006388541  </controlfield>
    <controlfield tag="005">20090919022026.0</controlfield>
    <controlfield tag="008">000214s1998    hu arc        000 0dhun d</controlfield>
    <datafield tag="020" ind1=" " ind2=" ">
      <subfield code="a">963-85649-8-9 (kötött)</subfield>
    </datafield>
    <datafield tag="035" ind1=" " ind2=" ">
      <subfield code="a">411446</subfield>
    </datafield>
    <datafield tag="040" ind1=" " ind2=" ">
      <subfield code="a">OSZK</subfield>
    </datafield>
    <datafield tag="041" ind1="0" ind2=" ">
      <subfield code="a">hunhun</subfield>
    </datafield>
    <datafield tag="245" ind1="0" ind2="0">
      <subfield code="a">100 esztendő a gyapjúminősítés szolgálatában /</subfield>
      <subfield code="c">[szerk. Megyerné Nagy Judit].</subfield>
    </datafield>
    <datafield tag="260" ind1=" " ind2=" ">
      <subfield code="a">Budapest :</subfield>
      <subfield code="b">[OMMI],</subfield>
      <subfield code="c">1998</subfield>
      <subfield code="e">([S.l.]</subfield>
      <subfield code="f">Hungapig)</subfield>
    </datafield>
    <datafield tag="300" ind1=" " ind2=" ">
      <subfield code="a">73 p. :</subfield>
      <subfield code="b">ill., részben színes ;</subfield>
      <subfield code="c">18x24 cm +</subfield>
      <subfield code="e">mell.</subfield>
    </datafield>
    <datafield tag="500" ind1=" " ind2=" ">
      <subfield code="a">Közread. az Országos Mezőgazdasági Minősítő Intézet</subfield>
    </datafield>
    <datafield tag="500" ind1=" " ind2=" ">
      <subfield code="a">Példányszám: 200</subfield>
    </datafield>
    <datafield tag="504" ind1=" " ind2=" ">
      <subfield code="a">Bibliogr.: p. 56-65.</subfield>
      <subfield code="b">72-73.</subfield>
    </datafield>
    <datafield tag="700" ind1="2" ind2=" ">
      <subfield code="a">Megyerné Nagy Judit</subfield>
      <subfield code="4">(szerk.)</subfield>
    </datafield>
    <datafield tag="710" ind1="2" ind2=" ">
      <subfield code="a">Országos Mezőgazdasági Minősítő Intézet (Budapest)</subfield>
      <subfield code="4">közread.</subfield>
    </datafield>
    <datafield tag="852" ind1=" " ind2=" ">
      <subfield code="a">B1</subfield>
      <subfield code="b">B1</subfield>
      <subfield code="x">411446</subfield>
    </datafield>
    <datafield tag="852" ind1=" " ind2=" ">
      <subfield code="a">S1</subfield>
      <subfield code="b">Mo1</subfield>
      <subfield code="b">MO1</subfield>
      <subfield code="x">MOKKAZ0006388541</subfield>
    </datafield>
  </record>
  <record>
    <leader>01019fam  2200301 i 4500</leader>
    <controlfield tag="001">MOKKAZ0006456229  </controlfield>
    <controlfield tag="005">20101020093709.0</controlfield>
    <controlfield tag="008">030226t20022002hu aro        000 0 hun d</controlfield>
    <datafield tag="020" ind1=" " ind2=" ">
      <subfield code="a">963-9497-04-5 (kötött)</subfield>
    </datafield>
    <datafield tag="035" ind1=" " ind2=" ">
      <subfield code="a">952852</subfield>
    </datafield>
    <datafield tag="040" ind1=" " ind2=" ">
      <subfield code="a">OSZK</subfield>
    </datafield>
    <datafield tag="041" ind1="0" ind2=" ">
      <subfield code="a">hunhun</subfield>
    </datafield>
    <datafield tag="080" ind1=" " ind2=" ">
      <subfield code="a">641.5(083.1):635.21</subfield>
    </datafield>
    <datafield tag="100" ind1="1" ind2=" ">
      <subfield code="a">Unger Károly</subfield>
      <subfield code="d">(1939-)</subfield>
    </datafield>
    <datafield tag="245" ind1="1" ind2="0">
      <subfield code="a">100 étel Farm Frites burgonyából : </subfield>
      <subfield code="b">könnyen, gyorsan, ízesen /</subfield>
      <subfield code="c">Unger Károly ; [fotó Patyi Árpád]</subfield>
    </datafield>
    <datafield tag="260" ind1=" " ind2=" ">
      <subfield code="a">Budapest :</subfield>
      <subfield code="b">Könyvmíves Kvk.,</subfield>
      <subfield code="c">cop. 2002</subfield>
      <subfield code="e">(Pécs</subfield>
      <subfield code="f">G&amp;G Kft.)</subfield>
    </datafield>
    <datafield tag="300" ind1=" " ind2=" ">
      <subfield code="a">63 p. :</subfield>
      <subfield code="b">ill., színes ;</subfield>
      <subfield code="c">25 cm</subfield>
    </datafield>
    <datafield tag="650" ind1=" " ind2="7">
      <subfield code="a">Szakácskönyv</subfield>
      <subfield code="x">burgonyaételek</subfield>
      <subfield code="2">szte</subfield>
    </datafield>
    <datafield tag="650" ind1=" " ind2="7">
      <subfield code="a">Burgonyaételek</subfield>
      <subfield code="x">receptek</subfield>
      <subfield code="2">szte</subfield>
    </datafield>
    <datafield tag="650" ind1=" " ind2="7">
      <subfield code="a">Szakácskönyv</subfield>
      <subfield code="x">burgonyaétel</subfield>
      <subfield code="2">szte</subfield>
    </datafield>
    <datafield tag="650" ind1=" " ind2="4">
      <subfield code="a">burgonya</subfield>
    </datafield>
    <datafield tag="650" ind1=" " ind2="4">
      <subfield code="a">szakácskönyv</subfield>
    </datafield>
    <datafield tag="700" ind1="1" ind2=" ">
      <subfield code="a">Patyi Árpád</subfield>
      <subfield code="d">(1948-)</subfield>
      <subfield code="4">(fotó)</subfield>
    </datafield>
    <datafield tag="852" ind1=" " ind2=" ">
      <subfield code="a">B1</subfield>
      <subfield code="b">B1</subfield>
      <subfield code="x">952852</subfield>
    </datafield>
    <datafield tag="852" ind1=" " ind2=" ">
      <subfield code="a">SZ1</subfield>
      <subfield code="b">SZ1/R2</subfield>
      <subfield code="x">bibFSZ839967</subfield>
    </datafield>
    <datafield tag="852" ind1=" " ind2=" ">
      <subfield code="a">B10</subfield>
      <subfield code="b">0801</subfield>
      <subfield code="x">bibFSZ839967</subfield>
    </datafield>
    <datafield tag="852" ind1=" " ind2=" ">
      <subfield code="a">SZ4</subfield>
      <subfield code="b">SZ4</subfield>
      <subfield code="x">bibFSZ839967</subfield>
    </datafield>
    <datafield tag="852" ind1=" " ind2=" ">
      <subfield code="a">SZO1</subfield>
      <subfield code="b">SZO1</subfield>
      <subfield code="x">150677975</subfield>
    </datafield>
  </record>
  <record>
    <leader>00953nama 22003011i 4500</leader>
    <controlfield tag="001">MOKKAS0000450114  </controlfield>
    <controlfield tag="005">20100506201916.0</controlfield>
    <controlfield tag="008">040607s1974    hu            000 0 hunod</controlfield>
    <datafield tag="035" ind1=" " ind2=" ">
      <subfield code="a">1208876</subfield>
    </datafield>
    <datafield tag="040" ind1=" " ind2=" ">
      <subfield code="a">OSZK</subfield>
    </datafield>
    <datafield tag="041" ind1="0" ind2=" ">
      <subfield code="a">hunhun</subfield>
    </datafield>
    <datafield tag="080" ind1=" " ind2=" ">
      <subfield code="a">351.78(439Kapuvár)"1874/1974"</subfield>
    </datafield>
    <datafield tag="080" ind1=" " ind2=" ">
      <subfield code="a">614.84(439Kapuvár)"1874/1974"</subfield>
    </datafield>
    <datafield tag="100" ind1="1" ind2=" ">
      <subfield code="a">Faragó Sándor</subfield>
    </datafield>
    <datafield tag="245" ind1="1" ind2="0">
      <subfield code="a">100 év a tűzoltás szolgálatában Kapuvárott : </subfield>
      <subfield code="b">1874-1974 /</subfield>
      <subfield code="c">Faragó Sándor ; [kiad.] Kapuvár Város Tanácsa</subfield>
    </datafield>
    <datafield tag="260" ind1=" " ind2=" ">
      <subfield code="a">[Kapuvár] :</subfield>
      <subfield code="b">Kapuvár Város Tanácsa,</subfield>
      <subfield code="c">1974</subfield>
      <subfield code="e">(Sopron</subfield>
      <subfield code="f">Sopron M. Ny.)</subfield>
    </datafield>
    <datafield tag="300" ind1=" " ind2=" ">
      <subfield code="a">79 p. :</subfield>
      <subfield code="b">ill. ;</subfield>
      <subfield code="c">17 cm</subfield>
    </datafield>
    <datafield tag="610" ind1="1" ind2="4">
      <subfield code="a">Önkéntes Tűzoltó Testület (Kapuvár)</subfield>
    </datafield>
    <datafield tag="650" ind1=" " ind2="4">
      <subfield code="a">helyi szakíró</subfield>
    </datafield>
    <datafield tag="650" ind1=" " ind2="4">
      <subfield code="a">tűzoltóság</subfield>
    </datafield>
    <datafield tag="650" ind1=" " ind2="4">
      <subfield code="a">helytörténet</subfield>
    </datafield>
    <datafield tag="650" ind1=" " ind2="4">
      <subfield code="a">jubileum</subfield>
    </datafield>
    <datafield tag="651" ind1=" " ind2="4">
      <subfield code="a">Kapuvár</subfield>
    </datafield>
    <datafield tag="653" ind1=" " ind2=" ">
      <subfield code="a">1874-1974</subfield>
    </datafield>
    <datafield tag="653" ind1=" " ind2=" ">
      <subfield code="a">helyi szakíró</subfield>
    </datafield>
    <datafield tag="852" ind1=" " ind2=" ">
      <subfield code="a">B1</subfield>
      <subfield code="b">B1</subfield>
      <subfield code="x">1208876</subfield>
    </datafield>
    <datafield tag="852" ind1=" " ind2=" ">
      <subfield code="a">GY1</subfield>
      <subfield code="b">GY1</subfield>
      <subfield code="x">440380</subfield>
    </datafield>
    <datafield tag="852" ind1=" " ind2=" ">
      <subfield code="a">GY1</subfield>
      <subfield code="b">GY1</subfield>
      <subfield code="x">KKMK440380</subfield>
    </datafield>
  </record>
  <record>
    <leader>00841nam  2200217   4500</leader>
    <controlfield tag="001">MOKKAN0004662099  </controlfield>
    <controlfield tag="005">20070531105223.0</controlfield>
    <controlfield tag="008">      s2000           f            hun d</controlfield>
    <datafield tag="020" ind1=" " ind2=" ">
      <subfield code="a">963-9299-00-6 (fűzött)</subfield>
    </datafield>
    <datafield tag="035" ind1=" " ind2=" ">
      <subfield code="a">bibFSZ01362672</subfield>
    </datafield>
    <datafield tag="040" ind1=" " ind2=" ">
      <subfield code="a">FSZEK</subfield>
    </datafield>
    <datafield tag="041" ind1=" " ind2=" ">
      <subfield code="a">hun</subfield>
    </datafield>
    <datafield tag="245" ind1="0" ind2="0">
      <subfield code="a">100 év az elektrotechnika szolgálatában :</subfield>
      <subfield code="b">a Magyar Elektrotechnikai Egyesület története /</subfield>
      <subfield code="c">[... szerk. Barki Kálmán] ; [szerzők: Barki Kálmán et al.] ; [közread. a Magyar Elektrotechnikai Egyesület]</subfield>
    </datafield>
    <datafield tag="260" ind1=" " ind2=" ">
      <subfield code="a">Budapest :</subfield>
      <subfield code="b">MEE,</subfield>
      <subfield code="c">[2000]</subfield>
    </datafield>
    <datafield tag="300" ind1=" " ind2=" ">
      <subfield code="a">164 p. :</subfield>
      <subfield code="b">ill. ;</subfield>
      <subfield code="c">23 cm</subfield>
    </datafield>
    <datafield tag="500" ind1=" " ind2=" ">
      <subfield code="a">Lezárva 1999. dec. 30.</subfield>
    </datafield>
    <datafield tag="504" ind1=" " ind2=" ">
      <subfield code="a">Bibliogr.: p. 163.</subfield>
    </datafield>
    <datafield tag="610" ind1="2" ind2=" ">
      <subfield code="a">Magyar Elektrotechnikai Egyesület</subfield>
    </datafield>
    <datafield tag="700" ind1="1" ind2=" ">
      <subfield code="a">Barki Kálmán</subfield>
      <subfield code="4">szerk., közrem.</subfield>
    </datafield>
    <datafield tag="710" ind1="2" ind2=" ">
      <subfield code="a">Magyar Elektrotechnikai Egyesület</subfield>
      <subfield code="4">közread.</subfield>
    </datafield>
    <datafield tag="852" ind1=" " ind2=" ">
      <subfield code="a">B10</subfield>
      <subfield code="b">B10</subfield>
      <subfield code="x">bibFSZ01362672</subfield>
    </datafield>
  </record>
  <record>
    <leader>01179nam  2200349 i 4500</leader>
    <controlfield tag="001">MOKKAZ0006401320  </controlfield>
    <controlfield tag="005">20090618004738.0</controlfield>
    <controlfield tag="008">010122s2000    hu aro        000 0 hun d</controlfield>
    <datafield tag="020" ind1=" " ind2=" ">
      <subfield code="a">963-00-2762-3 (kötött)</subfield>
    </datafield>
    <datafield tag="035" ind1=" " ind2=" ">
      <subfield code="a">797955</subfield>
    </datafield>
    <datafield tag="040" ind1=" " ind2=" ">
      <subfield code="a">OSZK</subfield>
    </datafield>
    <datafield tag="041" ind1="0" ind2=" ">
      <subfield code="a">hunhun</subfield>
    </datafield>
    <datafield tag="100" ind1="2" ind2=" ">
      <subfield code="a">Erky-Nagy Tibor</subfield>
    </datafield>
    <datafield tag="245" ind1="1" ind2="0">
      <subfield code="a">100 év Dombóváron, 1900-2000 /</subfield>
      <subfield code="c">Erky-Nagy Tibor ; [kiad. a Dombóvári Városi Könyvtár].</subfield>
    </datafield>
    <datafield tag="260" ind1=" " ind2=" ">
      <subfield code="a">[Dombóvár] :</subfield>
      <subfield code="b">Dombóvári Vár. Kvt.,</subfield>
      <subfield code="c">2000</subfield>
      <subfield code="e">(Pécs</subfield>
      <subfield code="f">Reproflex)</subfield>
    </datafield>
    <datafield tag="300" ind1=" " ind2=" ">
      <subfield code="a">119 p. :</subfield>
      <subfield code="b">ill., részben színes ;</subfield>
      <subfield code="c">22x23 cm</subfield>
    </datafield>
    <datafield tag="541" ind1=" " ind2=" ">
      <subfield code="a">OSZK</subfield>
      <subfield code="c">köteles</subfield>
      <subfield code="d">20010305</subfield>
      <subfield code="e">500.984</subfield>
      <subfield code="h">1.450,-Ft</subfield>
      <subfield code="n">1</subfield>
    </datafield>
    <datafield tag="650" ind1=" " ind2="7">
      <subfield code="a">fényképalbumok</subfield>
      <subfield code="2">szte</subfield>
    </datafield>
    <datafield tag="650" ind1=" " ind2="7">
      <subfield code="a">Dombóvár</subfield>
      <subfield code="x">honismeret</subfield>
      <subfield code="2">szte</subfield>
    </datafield>
    <datafield tag="650" ind1=" " ind2="4">
      <subfield code="a">helytörténet</subfield>
    </datafield>
    <datafield tag="650" ind1=" " ind2="4">
      <subfield code="a">fotóalbum</subfield>
    </datafield>
    <datafield tag="650" ind1=" " ind2="4">
      <subfield code="a">20. század</subfield>
    </datafield>
    <datafield tag="651" ind1=" " ind2="4">
      <subfield code="a">Dombóvár</subfield>
    </datafield>
    <datafield tag="651" ind1=" " ind2="4">
      <subfield code="a">Dombóvár (Tolna megye)</subfield>
      <subfield code="x">illusztrált művek</subfield>
    </datafield>
    <datafield tag="651" ind1=" " ind2="0">
      <subfield code="a">Dombóvár (Hungary)</subfield>
      <subfield code="x">Pictorial works.</subfield>
    </datafield>
    <datafield tag="651" ind1=" " ind2="4">
      <subfield code="a">Tolna (megye)</subfield>
    </datafield>
    <datafield tag="651" ind1=" " ind2="4">
      <subfield code="a">Tolna</subfield>
      <subfield code="c">megye</subfield>
    </datafield>
    <datafield tag="710" ind1="2" ind2=" ">
      <subfield code="a">Dombóvári Városi Könyvtár</subfield>
      <subfield code="4">közread.</subfield>
    </datafield>
    <datafield tag="852" ind1=" " ind2=" ">
      <subfield code="a">B1</subfield>
      <subfield code="b">B1</subfield>
      <subfield code="x">797955</subfield>
    </datafield>
    <datafield tag="852" ind1=" " ind2=" ">
      <subfield code="a">D1</subfield>
      <subfield code="b">D1</subfield>
      <subfield code="x">bibKLT00293796</subfield>
    </datafield>
    <datafield tag="852" ind1=" " ind2=" ">
      <subfield code="a">SZ1</subfield>
      <subfield code="b">SZ1</subfield>
      <subfield code="x">MOKKAZ0005023777</subfield>
    </datafield>
    <datafield tag="852" ind1=" " ind2=" ">
      <subfield code="a">B8</subfield>
      <subfield code="b">B8</subfield>
      <subfield code="x">OGYK000043542</subfield>
    </datafield>
  </record>
  <record>
    <leader>00749nam  2200193   4500</leader>
    <controlfield tag="001">MOKKAS0003715484  </controlfield>
    <controlfield tag="005">20060615005849.0</controlfield>
    <controlfield tag="008">001114s2000    hu ao         00010 hun d</controlfield>
    <datafield tag="020" ind1=" " ind2=" ">
      <subfield code="a">963 00 2762 3 (kötött)</subfield>
    </datafield>
    <datafield tag="035" ind1=" " ind2=" ">
      <subfield code="a">bibTMK00009346</subfield>
    </datafield>
    <datafield tag="040" ind1=" " ind2=" ">
      <subfield code="a">IGYUK</subfield>
    </datafield>
    <datafield tag="100" ind1="2" ind2=" ">
      <subfield code="a">Erky-Nagy Tibor</subfield>
    </datafield>
    <datafield tag="245" ind1="1" ind2="0">
      <subfield code="a">100 év Dombóváron /</subfield>
      <subfield code="c">[a képeket és a szövegeket vál., képmagyarázatokat írta, a kötetet szerk. és tervezte] Erky-Nagy Tibor</subfield>
    </datafield>
    <datafield tag="260" ind1=" " ind2=" ">
      <subfield code="a">[Dombóvár] :</subfield>
      <subfield code="b">[Városi Könyvtár],</subfield>
      <subfield code="c">[2000]</subfield>
    </datafield>
    <datafield tag="300" ind1=" " ind2=" ">
      <subfield code="a">119 p. :</subfield>
      <subfield code="b">ill., főként színes ;</subfield>
      <subfield code="c">21x22 cm</subfield>
    </datafield>
    <datafield tag="500" ind1=" " ind2=" ">
      <subfield code="a">Fotóalbum képmagyarázatokkal</subfield>
    </datafield>
    <datafield tag="651" ind1=" " ind2="4">
      <subfield code="a">Dombóvár (Tolna megye)</subfield>
      <subfield code="x">történet</subfield>
      <subfield code="y">20 század</subfield>
      <subfield code="x">fotóalbum</subfield>
    </datafield>
    <datafield tag="695" ind1=" " ind2=" ">
      <subfield code="a">képes album</subfield>
      <subfield code="z">Dombóvár</subfield>
    </datafield>
    <datafield tag="852" ind1=" " ind2=" ">
      <subfield code="a">SZK1</subfield>
      <subfield code="b">SZK1</subfield>
      <subfield code="x">bibTMK00009346</subfield>
    </datafield>
  </record>
  <record>
    <leader>00616nam  2200193 i 4500</leader>
    <controlfield tag="001">MOKKAZ0006334940  </controlfield>
    <controlfield tag="005">20040915193026.0</controlfield>
    <controlfield tag="008">960118s1993    hu aoc        000 0dhun d</controlfield>
    <datafield tag="020" ind1=" " ind2=" ">
      <subfield code="a">963-04-3311-7 (fűzött)</subfield>
    </datafield>
    <datafield tag="035" ind1=" " ind2=" ">
      <subfield code="a">166429</subfield>
    </datafield>
    <datafield tag="040" ind1=" " ind2=" ">
      <subfield code="a">OSZK</subfield>
    </datafield>
    <datafield tag="041" ind1="0" ind2=" ">
      <subfield code="a">hunhun</subfield>
    </datafield>
    <datafield tag="072" ind1=" " ind2="1">
      <subfield code="a">H</subfield>
    </datafield>
    <datafield tag="110" ind1="2" ind2="0">
      <subfield code="a">Bezerédj Általános Iskola (Paks)</subfield>
    </datafield>
    <datafield tag="245" ind1="1" ind2="0">
      <subfield code="a">100 éve alapították a paksi polgárit</subfield>
    </datafield>
    <datafield tag="260" ind1=" " ind2=" ">
      <subfield code="a">Paks :</subfield>
      <subfield code="b">Bezerédj Ált. Isk.,</subfield>
      <subfield code="c">1993</subfield>
      <subfield code="e">([Paks]</subfield>
      <subfield code="f">[Bezerédj Ált. Isk.])</subfield>
    </datafield>
    <datafield tag="300" ind1=" " ind2=" ">
      <subfield code="a">63 p. :</subfield>
      <subfield code="b">ill. ;</subfield>
      <subfield code="c">30 cm</subfield>
    </datafield>
    <datafield tag="500" ind1=" " ind2=" ">
      <subfield code="a">Szemfüles : a paksi Bezerédj Általános Iskola lapja, 1993-as ksz.</subfield>
    </datafield>
    <datafield tag="852" ind1=" " ind2=" ">
      <subfield code="a">B1</subfield>
      <subfield code="b">B1</subfield>
      <subfield code="x">166429</subfield>
    </datafield>
  </record>
  <record>
    <leader>00772nam  2200229 i 4500</leader>
    <controlfield tag="001">MOKKAZ0006321102  </controlfield>
    <controlfield tag="005">20040915191318.0</controlfield>
    <controlfield tag="008">941201s1993    hu ao         000 0 hun d</controlfield>
    <datafield tag="020" ind1=" " ind2=" ">
      <subfield code="a">963-03-3691-X* (fűzött) :</subfield>
      <subfield code="c">100,- Ft</subfield>
    </datafield>
    <datafield tag="035" ind1=" " ind2=" ">
      <subfield code="a">102677</subfield>
    </datafield>
    <datafield tag="040" ind1=" " ind2=" ">
      <subfield code="a">OSZK</subfield>
    </datafield>
    <datafield tag="041" ind1="0" ind2=" ">
      <subfield code="a">hunhun</subfield>
    </datafield>
    <datafield tag="072" ind1=" " ind2="1">
      <subfield code="a">T</subfield>
    </datafield>
    <datafield tag="100" ind1="1" ind2=" ">
      <subfield code="a">Csőglei István</subfield>
      <subfield code="d">(1930-)</subfield>
    </datafield>
    <datafield tag="245" ind1="1" ind2="0">
      <subfield code="a">100 éve alakult a Tolna megyei Tűzoltószövetség, 1893-1993 /</subfield>
      <subfield code="c">írta Csőglei István</subfield>
    </datafield>
    <datafield tag="260" ind1=" " ind2="1">
      <subfield code="a">[Szekszárd] :</subfield>
      <subfield code="b">[Tolna M. Tűzoltószöv.],</subfield>
      <subfield code="c">1993</subfield>
      <subfield code="e">([Paks]</subfield>
      <subfield code="f">PA Rt.)</subfield>
    </datafield>
    <datafield tag="300" ind1=" " ind2=" ">
      <subfield code="a">72 p. :</subfield>
      <subfield code="b">ill. ;</subfield>
      <subfield code="c">25 cm</subfield>
    </datafield>
    <datafield tag="610" ind1="2" ind2="4">
      <subfield code="a">Tolna Megyei Tűzoltószövetség</subfield>
    </datafield>
    <datafield tag="650" ind1=" " ind2="4">
      <subfield code="a">tűzrendészet-történet</subfield>
    </datafield>
    <datafield tag="710" ind1="2" ind2=" ">
      <subfield code="a">Tolna Megyei Tűzoltószövetség</subfield>
      <subfield code="4">közread.</subfield>
    </datafield>
    <datafield tag="852" ind1=" " ind2=" ">
      <subfield code="a">B1</subfield>
      <subfield code="b">B1</subfield>
      <subfield code="x">102677</subfield>
    </datafield>
    <datafield tag="852" ind1=" " ind2=" ">
      <subfield code="a">M2</subfield>
      <subfield code="b">M2</subfield>
      <subfield code="x">bibRFK00049359</subfield>
    </datafield>
  </record>
  <record>
    <leader>01019nam  2200241   4500</leader>
    <controlfield tag="001">MOKKAS0003715457  </controlfield>
    <controlfield tag="005">20060615005837.0</controlfield>
    <controlfield tag="008">001113s1993    hu a     b    00010 hun d</controlfield>
    <datafield tag="020" ind1=" " ind2=" ">
      <subfield code="a">nincs (fűzött)</subfield>
    </datafield>
    <datafield tag="035" ind1=" " ind2=" ">
      <subfield code="a">bibTMK00009317</subfield>
    </datafield>
    <datafield tag="040" ind1=" " ind2=" ">
      <subfield code="a">IGYUK</subfield>
    </datafield>
    <datafield tag="100" ind1="1" ind2=" ">
      <subfield code="a">Csőglei István</subfield>
      <subfield code="d">(1930-)</subfield>
      <subfield code="c">(tűzoltó)</subfield>
    </datafield>
    <datafield tag="245" ind1="1" ind2="0">
      <subfield code="a">100 éve alakult a Tolna Megyei Tűzoltószövetség, 1893-1993. /</subfield>
      <subfield code="c">Csőglei István</subfield>
    </datafield>
    <datafield tag="260" ind1=" " ind2=" ">
      <subfield code="c">[1993]. -</subfield>
      <subfield code="e">(Paks :</subfield>
      <subfield code="f">Paksi Atomerőmű Rt. Nyomdaüzem)</subfield>
    </datafield>
    <datafield tag="300" ind1=" " ind2=" ">
      <subfield code="a">72 p. :</subfield>
      <subfield code="b">ill. ;</subfield>
      <subfield code="c">25 cm</subfield>
    </datafield>
    <datafield tag="500" ind1=" " ind2=" ">
      <subfield code="a">A 311219 lelt. sz. kiadvány dedikált példány</subfield>
    </datafield>
    <datafield tag="504" ind1=" " ind2=" ">
      <subfield code="a">Bibliogr. a jelzetekben : p. 53-55.</subfield>
    </datafield>
    <datafield tag="610" ind1="2" ind2=" ">
      <subfield code="a">Tolna Megyei Tűzoltószövetség</subfield>
    </datafield>
    <datafield tag="650" ind1=" " ind2="4">
      <subfield code="a">Tűzoltás</subfield>
      <subfield code="z">Magyarország</subfield>
      <subfield code="z">Tolna megye</subfield>
      <subfield code="x">történet</subfield>
    </datafield>
    <datafield tag="650" ind1=" " ind2="4">
      <subfield code="a">Tűzoltóság</subfield>
      <subfield code="z">Magyarország</subfield>
      <subfield code="z">Tolna megye</subfield>
      <subfield code="x">történet</subfield>
    </datafield>
    <datafield tag="651" ind1=" " ind2="4">
      <subfield code="a">Tolna megye</subfield>
      <subfield code="x">tűzoltás</subfield>
    </datafield>
    <datafield tag="695" ind1=" " ind2=" ">
      <subfield code="a">önkéntes és hivatásos tűzoltóságok ; tűzoltó szövetségek és egyesületek</subfield>
      <subfield code="z">Magyarország</subfield>
      <subfield code="z">Tolna megye</subfield>
      <subfield code="x">történet</subfield>
    </datafield>
    <datafield tag="852" ind1=" " ind2=" ">
      <subfield code="a">SZK1</subfield>
      <subfield code="b">SZK1</subfield>
      <subfield code="x">bibTMK00009317</subfield>
    </datafield>
  </record>
  <record>
    <leader>00551nam  2200169   4500</leader>
    <controlfield tag="001">MOKKAZ0003264701  </controlfield>
    <controlfield tag="005">20040909173447.0</controlfield>
    <controlfield tag="008">      s1993    hu a          00010 hun d</controlfield>
    <datafield tag="035" ind1=" " ind2=" ">
      <subfield code="a">bibKLT00017242</subfield>
    </datafield>
    <datafield tag="040" ind1=" " ind2=" ">
      <subfield code="a">DEENK</subfield>
    </datafield>
    <datafield tag="100" ind1="1" ind2=" ">
      <subfield code="a">Csőglei István</subfield>
    </datafield>
    <datafield tag="245" ind1="1" ind2="0">
      <subfield code="a">100 éve alakult a Tolna megyei Tűzoltószövetség 1893-1993 /</subfield>
      <subfield code="c">írta Csőglei István</subfield>
    </datafield>
    <datafield tag="260" ind1="1" ind2=" ">
      <subfield code="a">[S.l.] :</subfield>
      <subfield code="b">[s.n],</subfield>
      <subfield code="c">1993</subfield>
    </datafield>
    <datafield tag="300" ind1=" " ind2=" ">
      <subfield code="a">72 p. :</subfield>
      <subfield code="b">ill. ;</subfield>
      <subfield code="c">25 cm</subfield>
    </datafield>
    <datafield tag="691" ind1="1" ind2=" ">
      <subfield code="a">Tolna Megyei Tűzoltószövetség</subfield>
    </datafield>
    <datafield tag="695" ind1=" " ind2=" ">
      <subfield code="a">tüzoltóság</subfield>
      <subfield code="z">Tolna megye</subfield>
      <subfield code="y">1893-1993</subfield>
    </datafield>
    <datafield tag="852" ind1=" " ind2=" ">
      <subfield code="a">D1</subfield>
      <subfield code="b">D1</subfield>
      <subfield code="x">bibKLT00017242</subfield>
    </datafield>
  </record>
  <record>
    <leader>00849nam  2200217 i 4500</leader>
    <controlfield tag="001">MOKKAS0003764680  </controlfield>
    <controlfield tag="005">20060615064414.0</controlfield>
    <controlfield tag="008">000208s1993    hu a            010 hun d</controlfield>
    <datafield tag="020" ind1=" " ind2=" ">
      <subfield code="a">nincs (fűzött)</subfield>
    </datafield>
    <datafield tag="035" ind1=" " ind2=" ">
      <subfield code="a">bibTMK135120</subfield>
    </datafield>
    <datafield tag="040" ind1=" " ind2=" ">
      <subfield code="a">IGYUK</subfield>
    </datafield>
    <datafield tag="245" ind1="0" ind2="0">
      <subfield code="a">100 éve alapították a paksi polgárit /</subfield>
      <subfield code="c">[felelős szerk. Kern Józsefné]</subfield>
    </datafield>
    <datafield tag="260" ind1=" " ind2=" ">
      <subfield code="a">Paks :</subfield>
      <subfield code="b">[Bezerédj Általános Iskola],</subfield>
      <subfield code="c">1993</subfield>
    </datafield>
    <datafield tag="300" ind1=" " ind2=" ">
      <subfield code="a">63 p. :</subfield>
      <subfield code="b">ill. ;</subfield>
      <subfield code="c">29 cm</subfield>
    </datafield>
    <datafield tag="500" ind1=" " ind2=" ">
      <subfield code="a">A szemfüles (a Paksi Bezerédj Általános Iskola lapja) ünnepi különszáma</subfield>
    </datafield>
    <datafield tag="610" ind1="2" ind2=" ">
      <subfield code="a">Bezerédj Általános Iskola (Paks)</subfield>
    </datafield>
    <datafield tag="650" ind1=" " ind2="4">
      <subfield code="a">Általános iskolák</subfield>
      <subfield code="z">Magyarország</subfield>
      <subfield code="z">Paks</subfield>
      <subfield code="x">történet</subfield>
    </datafield>
    <datafield tag="651" ind1=" " ind2="4">
      <subfield code="a">Paks (Tolna megye)</subfield>
      <subfield code="x">iskolák</subfield>
    </datafield>
    <datafield tag="695" ind1=" " ind2=" ">
      <subfield code="a">általános iskola</subfield>
      <subfield code="x">oktatás, sport</subfield>
      <subfield code="x">történet</subfield>
      <subfield code="z">Paks (Tolna megye)</subfield>
      <subfield code="x">évkönyv</subfield>
    </datafield>
    <datafield tag="700" ind1="1" ind2=" ">
      <subfield code="a">Kern Józsefné</subfield>
    </datafield>
    <datafield tag="852" ind1=" " ind2=" ">
      <subfield code="a">SZK1</subfield>
      <subfield code="b">SZK1</subfield>
      <subfield code="x">bibTMK135120</subfield>
    </datafield>
  </record>
  <record>
    <leader>01465nam  2200385   4500</leader>
    <controlfield tag="001">MOKKAZ0004750876  </controlfield>
    <controlfield tag="005">20040910100117.0</controlfield>
    <controlfield tag="008">      s2003                        hun d</controlfield>
    <datafield tag="020" ind1=" " ind2=" ">
      <subfield code="a">963-212-546-0 (fűzött)</subfield>
    </datafield>
    <datafield tag="035" ind1=" " ind2=" ">
      <subfield code="a">bibFSZ960680</subfield>
    </datafield>
    <datafield tag="040" ind1=" " ind2=" ">
      <subfield code="a">FSZEK</subfield>
    </datafield>
    <datafield tag="041" ind1=" " ind2=" ">
      <subfield code="a">hun</subfield>
    </datafield>
    <datafield tag="245" ind1="0" ind2="0">
      <subfield code="a">100 éve együtt :</subfield>
      <subfield code="b">a Nemzeti Sport első évszázadának históriáskönyve : [Nemzeti Sport, 1903-2003] /</subfield>
      <subfield code="c">[szerk. L. Pap István] ; [... szerzői: Budai Miklós et al.]</subfield>
    </datafield>
    <datafield tag="260" ind1=" " ind2=" ">
      <subfield code="a">Budapest :</subfield>
      <subfield code="b">Ringier,</subfield>
      <subfield code="c">2003</subfield>
    </datafield>
    <datafield tag="300" ind1=" " ind2=" ">
      <subfield code="a">215 p. :</subfield>
      <subfield code="b">ill. ;</subfield>
      <subfield code="c">32 cm</subfield>
    </datafield>
    <datafield tag="630" ind1="0" ind2=" ">
      <subfield code="a">Nemzeti Sport</subfield>
    </datafield>
    <datafield tag="650" ind1=" " ind2="4">
      <subfield code="a">sporttörténet</subfield>
    </datafield>
    <datafield tag="650" ind1=" " ind2="4">
      <subfield code="a">sajtótörténet</subfield>
    </datafield>
    <datafield tag="650" ind1=" " ind2="4">
      <subfield code="a">Nemzeti Sport - történet 1903-2003</subfield>
    </datafield>
    <datafield tag="650" ind1=" " ind2="4">
      <subfield code="a">folyóiratok - Nemzeti Sport</subfield>
    </datafield>
    <datafield tag="650" ind1=" " ind2="4">
      <subfield code="a">Népsport ld. Nemzeti Sport</subfield>
    </datafield>
    <datafield tag="650" ind1=" " ind2="7">
      <subfield code="a">Sport</subfield>
      <subfield code="x">Magyarország</subfield>
      <subfield code="y">20. sz.</subfield>
      <subfield code="2">szte</subfield>
    </datafield>
    <datafield tag="650" ind1=" " ind2="7">
      <subfield code="a">Újságírás</subfield>
      <subfield code="x">sport</subfield>
      <subfield code="x">Magyarország</subfield>
      <subfield code="y">20. sz.</subfield>
      <subfield code="2">szte</subfield>
    </datafield>
    <datafield tag="651" ind1=" " ind2="4">
      <subfield code="a">Magyarország</subfield>
    </datafield>
    <datafield tag="653" ind1=" " ind2=" ">
      <subfield code="a">20. sz.</subfield>
    </datafield>
    <datafield tag="653" ind1=" " ind2=" ">
      <subfield code="a">Nemzeti Sport [napilap]</subfield>
    </datafield>
    <datafield tag="680" ind1=" " ind2="0">
      <subfield code="a">sportágak</subfield>
      <subfield code="a">történeti tárgyalásmód</subfield>
      <subfield code="a">magyarok</subfield>
      <subfield code="a">magyarság</subfield>
      <subfield code="y">20. század</subfield>
    </datafield>
    <datafield tag="680" ind1=" " ind2="0">
      <subfield code="a">folyóirat, periodika</subfield>
      <subfield code="a">időszaki kiadvány</subfield>
      <subfield code="a">periodika</subfield>
      <subfield code="a">Magyarország</subfield>
      <subfield code="y">1903-2003</subfield>
      <subfield code="x">Nemzeti Sport</subfield>
    </datafield>
    <datafield tag="700" ind1="1" ind2=" ">
      <subfield code="a">Pap István, L.</subfield>
      <subfield code="4">szerk.</subfield>
    </datafield>
    <datafield tag="700" ind1="1" ind2=" ">
      <subfield code="a">Budai Miklós</subfield>
      <subfield code="4">közrem.</subfield>
    </datafield>
    <datafield tag="852" ind1=" " ind2=" ">
      <subfield code="a">B10</subfield>
      <subfield code="B">0902</subfield>
      <subfield code="B">0801</subfield>
      <subfield code="B">1004</subfield>
      <subfield code="b">1503</subfield>
      <subfield code="x">bibFSZ960680</subfield>
    </datafield>
    <datafield tag="852" ind1=" " ind2=" ">
      <subfield code="a">SZO1</subfield>
      <subfield code="b">SZO1</subfield>
      <subfield code="x">150397882</subfield>
    </datafield>
    <datafield tag="852" ind1=" " ind2=" ">
      <subfield code="a">GY1</subfield>
      <subfield code="b">GY1</subfield>
      <subfield code="x">670240</subfield>
    </datafield>
    <datafield tag="852" ind1=" " ind2=" ">
      <subfield code="a">BCS1</subfield>
      <subfield code="b">BCS1</subfield>
      <subfield code="x">bibBKO00262677</subfield>
    </datafield>
    <datafield tag="852" ind1=" " ind2=" ">
      <subfield code="a">SZ4</subfield>
      <subfield code="b">SZ4</subfield>
      <subfield code="x">bibFSZ960680</subfield>
    </datafield>
  </record>
  <record>
    <leader>00846nam  2200253 i 4500</leader>
    <controlfield tag="001">MOKKAS0001434734  </controlfield>
    <controlfield tag="005">20060113143411.0</controlfield>
    <controlfield tag="008">050903s2003    hu            00010 hun d</controlfield>
    <datafield tag="020" ind1=" " ind2=" ">
      <subfield code="a">963-212-546-0 (fűzött) :</subfield>
      <subfield code="c">3000,-Ft</subfield>
    </datafield>
    <datafield tag="035" ind1=" " ind2=" ">
      <subfield code="a">bibVFK00254077</subfield>
    </datafield>
    <datafield tag="040" ind1=" " ind2=" ">
      <subfield code="a">VFMK</subfield>
    </datafield>
    <datafield tag="245" ind1="0" ind2="0">
      <subfield code="a">100 éve együtt :</subfield>
      <subfield code="b">A Nemzeti Sport első évszázadának históriáskönyve : [Nemzeti Sport, 1903-2003] /</subfield>
      <subfield code="c">[szerk. L. Pap István] ; [szerk. Budai Miklós et al.]</subfield>
    </datafield>
    <datafield tag="260" ind1=" " ind2=" ">
      <subfield code="a">Budapest :</subfield>
      <subfield code="b">Ringier,</subfield>
      <subfield code="c">2003</subfield>
    </datafield>
    <datafield tag="300" ind1=" " ind2=" ">
      <subfield code="a">215 p. :</subfield>
      <subfield code="b">ill. ;</subfield>
      <subfield code="c">32 cm</subfield>
    </datafield>
    <datafield tag="650" ind1=" " ind2="4">
      <subfield code="a">Sport</subfield>
    </datafield>
    <datafield tag="650" ind1=" " ind2="4">
      <subfield code="a">Sport, magyar</subfield>
    </datafield>
    <datafield tag="650" ind1=" " ind2="4">
      <subfield code="a">Újságírás</subfield>
    </datafield>
    <datafield tag="650" ind1=" " ind2="4">
      <subfield code="a">Újságírók</subfield>
    </datafield>
    <datafield tag="650" ind1=" " ind2="4">
      <subfield code="a">Sportújságírás</subfield>
    </datafield>
    <datafield tag="650" ind1=" " ind2="4">
      <subfield code="a">Nemzeti Sport</subfield>
    </datafield>
    <datafield tag="650" ind1=" " ind2="4">
      <subfield code="a">Történet 1903-2003</subfield>
    </datafield>
    <datafield tag="700" ind1="2" ind2=" ">
      <subfield code="a">Papp István, L.</subfield>
      <subfield code="4">szerk.</subfield>
    </datafield>
    <datafield tag="700" ind1="1" ind2=" ">
      <subfield code="a">Budai Miklós</subfield>
      <subfield code="4">közrem.</subfield>
    </datafield>
    <datafield tag="852" ind1=" " ind2=" ">
      <subfield code="a">SZL1</subfield>
      <subfield code="b">SZL1</subfield>
      <subfield code="x">bibVFK00254077</subfield>
    </datafield>
  </record>
  <record>
    <leader>00750nam  2200205   4500</leader>
    <controlfield tag="001">MOKKAN0004302459  </controlfield>
    <controlfield tag="005">20090505174959.0</controlfield>
    <controlfield tag="008">050302s1998                        hun d</controlfield>
    <datafield tag="020" ind1=" " ind2=" ">
      <subfield code="a">(fűzött)</subfield>
    </datafield>
    <datafield tag="035" ind1=" " ind2=" ">
      <subfield code="a">bibFSZ1215542</subfield>
    </datafield>
    <datafield tag="040" ind1=" " ind2=" ">
      <subfield code="a">FSZEK</subfield>
    </datafield>
    <datafield tag="041" ind1=" " ind2=" ">
      <subfield code="a">hun</subfield>
    </datafield>
    <datafield tag="245" ind1="0" ind2="0">
      <subfield code="a">100 éve indult útjára a Budapest Budafoki Helyiérdekű Villamos Vasút /</subfield>
      <subfield code="c">[közread. a Budapesti Közlekedési Részvénytársaság]</subfield>
    </datafield>
    <datafield tag="260" ind1=" " ind2=" ">
      <subfield code="a">[Budapest] :</subfield>
      <subfield code="b">BKV Rt.,</subfield>
      <subfield code="c">[1998]</subfield>
    </datafield>
    <datafield tag="300" ind1=" " ind2=" ">
      <subfield code="a">[20] p. :</subfield>
      <subfield code="b">ill. ;</subfield>
      <subfield code="c">30 cm</subfield>
    </datafield>
    <datafield tag="610" ind1="2" ind2=" ">
      <subfield code="a">Budapesti Közlekedési Vállalat.</subfield>
      <subfield code="b">Metró és HÉV Igazgatóság</subfield>
    </datafield>
    <datafield tag="651" ind1=" " ind2=" ">
      <subfield code="a">Budapest.</subfield>
      <subfield code="b">22. kerület</subfield>
    </datafield>
    <datafield tag="651" ind1=" " ind2=" ">
      <subfield code="a">Budapest.</subfield>
      <subfield code="b">XXII. kerület</subfield>
    </datafield>
    <datafield tag="710" ind1="2" ind2=" ">
      <subfield code="a">Budapesti Közlekedési Vállalat</subfield>
      <subfield code="4">közread.</subfield>
    </datafield>
    <datafield tag="852" ind1=" " ind2=" ">
      <subfield code="a">B10</subfield>
      <subfield code="b">2203</subfield>
      <subfield code="b">B10</subfield>
      <subfield code="x">bibFSZ1215542</subfield>
    </datafield>
  </record>
  <record>
    <leader>01263fam  2200301 i 4500</leader>
    <controlfield tag="001">MOKKAZ0006346091  </controlfield>
    <controlfield tag="005">20040915193642.0</controlfield>
    <controlfield tag="008">970227s1996    hu orb        000 0 hun d</controlfield>
    <datafield tag="020" ind1=" " ind2=" ">
      <subfield code="a">963-8155-54-X (kötött) :</subfield>
      <subfield code="c">800,- Ft</subfield>
    </datafield>
    <datafield tag="035" ind1=" " ind2=" ">
      <subfield code="a">218307</subfield>
    </datafield>
    <datafield tag="040" ind1=" " ind2=" ">
      <subfield code="a">OSZK</subfield>
    </datafield>
    <datafield tag="041" ind1="0" ind2=" ">
      <subfield code="a">hunhun</subfield>
      <subfield code="b">engger</subfield>
    </datafield>
    <datafield tag="245" ind1="0" ind2="0">
      <subfield code="a">100 éve kezdődött.. : </subfield>
      <subfield code="b">a vízszolgáltatás centenáriuma Veszprém megyében /</subfield>
      <subfield code="c">[a szöveget írta, a kötetet szerk. Laki Pál] ; [a ... felvételeket és a reprodukciókat kész. Szelényi Károly] ; [közread. a] Bakonykarszt Víz- és Csatornamű Rt.</subfield>
    </datafield>
    <datafield tag="260" ind1=" " ind2=" ">
      <subfield code="a">Veszprém :</subfield>
      <subfield code="b">F. Szelényi Ház,</subfield>
      <subfield code="c">[1996]</subfield>
      <subfield code="e">(Veszprém</subfield>
      <subfield code="f">Prospektus)</subfield>
    </datafield>
    <datafield tag="300" ind1=" " ind2=" ">
      <subfield code="a">40 p., [16] t. :</subfield>
      <subfield code="b">ill. ;</subfield>
      <subfield code="c">31 cm</subfield>
    </datafield>
    <datafield tag="500" ind1=" " ind2=" ">
      <subfield code="a">Összefoglalás angol és német nyelven</subfield>
    </datafield>
    <datafield tag="650" ind1=" " ind2="4">
      <subfield code="a">Vízellátás</subfield>
      <subfield code="z">Magyarország</subfield>
      <subfield code="z">Veszprém (megye)</subfield>
      <subfield code="x">történet</subfield>
    </datafield>
    <datafield tag="650" ind1=" " ind2="0">
      <subfield code="a">Water-supply</subfield>
      <subfield code="x">Hungary</subfield>
      <subfield code="z">Veszprém Megye</subfield>
      <subfield code="x">History.</subfield>
    </datafield>
    <datafield tag="650" ind1=" " ind2="4">
      <subfield code="a">vízművek</subfield>
    </datafield>
    <datafield tag="650" ind1=" " ind2="4">
      <subfield code="a">vízszolgáltatás</subfield>
    </datafield>
    <datafield tag="650" ind1=" " ind2="4">
      <subfield code="a">1896-1996</subfield>
    </datafield>
    <datafield tag="700" ind1="1" ind2=" ">
      <subfield code="a">Laki Pál</subfield>
      <subfield code="4">(szerk.)</subfield>
    </datafield>
    <datafield tag="700" ind1="1" ind2=" ">
      <subfield code="a">Szelényi Károly</subfield>
      <subfield code="d">(1943-)</subfield>
      <subfield code="4">(fotó)</subfield>
    </datafield>
    <datafield tag="710" ind1="2" ind2=" ">
      <subfield code="a">Bakonykarszt Víz- és Csatornamű Rt (Veszprém)</subfield>
      <subfield code="4">közread.</subfield>
    </datafield>
    <datafield tag="852" ind1=" " ind2=" ">
      <subfield code="a">B1</subfield>
      <subfield code="b">B1</subfield>
      <subfield code="x">218307</subfield>
    </datafield>
    <datafield tag="852" ind1=" " ind2=" ">
      <subfield code="a">D1</subfield>
      <subfield code="b">D1</subfield>
      <subfield code="x">218307</subfield>
    </datafield>
    <datafield tag="852" ind1=" " ind2=" ">
      <subfield code="a">P1</subfield>
      <subfield code="b">P1</subfield>
      <subfield code="x">bibJPT00115813</subfield>
    </datafield>
    <datafield tag="852" ind1=" " ind2=" ">
      <subfield code="a">M2</subfield>
      <subfield code="b">M2</subfield>
      <subfield code="x">bibRFK00038820</subfield>
    </datafield>
  </record>
  <record>
    <leader>01282nam  2200349 i 4500</leader>
    <controlfield tag="001">MOKKAS0003385131  </controlfield>
    <controlfield tag="005">20060605132835.0</controlfield>
    <controlfield tag="008">050101s2005                            d</controlfield>
    <datafield tag="020" ind1=" " ind2=" ">
      <subfield code="a">963217870-X (kötött)</subfield>
    </datafield>
    <datafield tag="035" ind1=" " ind2=" ">
      <subfield code="a">684903</subfield>
    </datafield>
    <datafield tag="040" ind1=" " ind2=" ">
      <subfield code="a">KKMK</subfield>
    </datafield>
    <datafield tag="245" ind1="0" ind2="0">
      <subfield code="a">100 éve lendületben : </subfield>
      <subfield code="b">Graboplast /</subfield>
      <subfield code="c">[szerk.] Hajba Ferenc ; [szerk.] Maróti Zsuzsanna ; [szerk.] Mónus Ágnes ; [közrem. fotók] Katona Miklós ; [közrem., fotók] Matusz Károly</subfield>
    </datafield>
    <datafield tag="246" ind1="1" ind2="4">
      <subfield code="a">1905-2005 : Graboplast Rt.</subfield>
    </datafield>
    <datafield tag="260" ind1=" " ind2=" ">
      <subfield code="a">Győr :</subfield>
      <subfield code="b">Ad-Art Stúdió,</subfield>
      <subfield code="c">2005</subfield>
      <subfield code="e">(Győr</subfield>
      <subfield code="f">Palatia Ny.)</subfield>
    </datafield>
    <datafield tag="300" ind1=" " ind2=" ">
      <subfield code="a">65, [1] p. :</subfield>
      <subfield code="b">ill., főként színes ;</subfield>
      <subfield code="c">29 cm</subfield>
    </datafield>
    <datafield tag="500" ind1=" " ind2=" ">
      <subfield code="a">Borítócím: 1905-2005 : Graboplast Rt. - Bibliogr.: p. [66].</subfield>
    </datafield>
    <datafield tag="610" ind1="2" ind2="4">
      <subfield code="a">Graboplast Rt. (Győr)</subfield>
    </datafield>
    <datafield tag="610" ind1="2" ind2="4">
      <subfield code="a">Graboplast Rt (Győr)</subfield>
    </datafield>
    <datafield tag="650" ind1=" " ind2="4">
      <subfield code="a">helyi közreműködő</subfield>
    </datafield>
    <datafield tag="650" ind1=" " ind2="4">
      <subfield code="a">műbőrgyártó ipar</subfield>
    </datafield>
    <datafield tag="650" ind1=" " ind2="4">
      <subfield code="a">helyi személy</subfield>
    </datafield>
    <datafield tag="650" ind1=" " ind2="4">
      <subfield code="a">ipartörténet</subfield>
    </datafield>
    <datafield tag="650" ind1=" " ind2="4">
      <subfield code="a">könnyűipar</subfield>
    </datafield>
    <datafield tag="650" ind1=" " ind2="4">
      <subfield code="a">dedikáció</subfield>
    </datafield>
    <datafield tag="651" ind1=" " ind2="4">
      <subfield code="a">Győr</subfield>
    </datafield>
    <datafield tag="653" ind1=" " ind2=" ">
      <subfield code="a">1905-2005</subfield>
    </datafield>
    <datafield tag="700" ind1="1" ind2="0">
      <subfield code="a">Hajba Ferenc</subfield>
      <subfield code="4">([szerk.])</subfield>
    </datafield>
    <datafield tag="700" ind1="1" ind2="0">
      <subfield code="a">Maróti Zsuzsanna</subfield>
      <subfield code="4">([szerk.])</subfield>
    </datafield>
    <datafield tag="700" ind1="1" ind2="0">
      <subfield code="a">Mónus Ágnes</subfield>
      <subfield code="4">([szerk.])</subfield>
    </datafield>
    <datafield tag="700" ind1="1" ind2="0">
      <subfield code="a">Katona Miklós</subfield>
      <subfield code="4">([közrem. fotók])</subfield>
    </datafield>
    <datafield tag="700" ind1="1" ind2="0">
      <subfield code="a">Matusz Károly</subfield>
      <subfield code="c">(fotóművész)</subfield>
      <subfield code="4">([közrem., fotók])</subfield>
    </datafield>
    <datafield tag="852" ind1=" " ind2=" ">
      <subfield code="a">GY1</subfield>
      <subfield code="b">GY1</subfield>
      <subfield code="x">684903</subfield>
    </datafield>
  </record>
  <record>
    <leader>00844nam  2200265 i 4500</leader>
    <controlfield tag="001">MOKKAW0006088684  </controlfield>
    <controlfield tag="005">20080914234821.0</controlfield>
    <controlfield tag="008">060227s1992    hu            00010 hun d</controlfield>
    <datafield tag="020" ind1=" " ind2=" ">
      <subfield code="a">(fűzött) :</subfield>
    </datafield>
    <datafield tag="035" ind1=" " ind2=" ">
      <subfield code="a">bibVFM00004074</subfield>
    </datafield>
    <datafield tag="040" ind1=" " ind2=" ">
      <subfield code="a">VFMK</subfield>
    </datafield>
    <datafield tag="100" ind1="1" ind2=" ">
      <subfield code="a">Szilágyi Miklós</subfield>
      <subfield code="c">dr.</subfield>
      <subfield code="d">(1939-)</subfield>
      <subfield code="c">(néprajzkutató)</subfield>
    </datafield>
    <datafield tag="245" ind1="1" ind2="0">
      <subfield code="a">100 év építkezési gyakorlatának változásai egy kisújszállási gazda emlékezetében /</subfield>
      <subfield code="c">Szilágyi Miklós</subfield>
    </datafield>
    <datafield tag="260" ind1=" " ind2=" ">
      <subfield code="a">Szentendre :</subfield>
      <subfield code="b">[Szentendrei Skanzen],</subfield>
      <subfield code="c">1992</subfield>
    </datafield>
    <datafield tag="300" ind1=" " ind2=" ">
      <subfield code="a">237-250.p. ;</subfield>
      <subfield code="c">29 cm</subfield>
    </datafield>
    <datafield tag="504" ind1=" " ind2=" ">
      <subfield code="a">Bibliogr.: p. 248.</subfield>
    </datafield>
    <datafield tag="546" ind1=" " ind2=" ">
      <subfield code="a">Német és angol nyelvű összefoglalóval</subfield>
    </datafield>
    <datafield tag="650" ind1=" " ind2="6">
      <subfield code="a">Népi építészet</subfield>
    </datafield>
    <datafield tag="650" ind1=" " ind2="6">
      <subfield code="a">Tanyák</subfield>
    </datafield>
    <datafield tag="650" ind1=" " ind2="6">
      <subfield code="a">Kutak</subfield>
    </datafield>
    <datafield tag="650" ind1=" " ind2="6">
      <subfield code="a">Kemence</subfield>
    </datafield>
    <datafield tag="650" ind1=" " ind2="6">
      <subfield code="a">Szélmalmok</subfield>
    </datafield>
    <datafield tag="650" ind1=" " ind2="6">
      <subfield code="a">Vályogvetés</subfield>
    </datafield>
    <datafield tag="651" ind1=" " ind2="4">
      <subfield code="a">Kisújszállás</subfield>
    </datafield>
    <datafield tag="852" ind1=" " ind2=" ">
      <subfield code="a">SZL1</subfield>
      <subfield code="b">SZL1</subfield>
      <subfield code="x">bibVFM00004074</subfield>
    </datafield>
  </record>
  <record>
    <leader>00368cam  22001217  4500</leader>
    <controlfield tag="001">MOKKAZ0004614080  </controlfield>
    <controlfield tag="005">20040910084431.0</controlfield>
    <controlfield tag="008">000211s1964                  00    hun d</controlfield>
    <datafield tag="035" ind1=" " ind2=" ">
      <subfield code="a">bibFSZ56828</subfield>
    </datafield>
    <datafield tag="040" ind1=" " ind2=" ">
      <subfield code="a">FSZEK</subfield>
    </datafield>
    <datafield tag="245" ind1="0" ind2="0">
      <subfield code="a">100 éves a Budapesti Bútorgyár :</subfield>
      <subfield code="b">(1864-1964) :</subfield>
      <subfield code="c">szerk. biz. Fóris Zoltán [et al.]</subfield>
    </datafield>
    <datafield tag="260" ind1=" " ind2=" ">
      <subfield code="a">[Budapest] :</subfield>
      <subfield code="c">1964</subfield>
    </datafield>
    <datafield tag="852" ind1=" " ind2=" ">
      <subfield code="a">B10</subfield>
      <subfield code="b">0801B</subfield>
      <subfield code="x">bibFSZ56828</subfield>
    </datafield>
  </record>
  <record>
    <leader>00376nam  2200133 i 4500</leader>
    <controlfield tag="001">MOKKAS0003260675  </controlfield>
    <controlfield tag="005">20060602071143.0</controlfield>
    <controlfield tag="008">050101s1968                            d</controlfield>
    <datafield tag="035" ind1=" " ind2=" ">
      <subfield code="a">229458</subfield>
    </datafield>
    <datafield tag="040" ind1=" " ind2=" ">
      <subfield code="a">KKMK</subfield>
    </datafield>
    <datafield tag="245" ind1="0" ind2="0">
      <subfield code="a">100 éves a kötelező népoktatás : </subfield>
      <subfield code="b">Tanulmányok</subfield>
    </datafield>
    <datafield tag="260" ind1=" " ind2=" ">
      <subfield code="a">Budapest :</subfield>
      <subfield code="b">Tankönyvkiadó,</subfield>
      <subfield code="c">1968</subfield>
    </datafield>
    <datafield tag="300" ind1=" " ind2=" ">
      <subfield code="a">243 p. :</subfield>
      <subfield code="b">ill. ;</subfield>
      <subfield code="c">24 cm</subfield>
    </datafield>
    <datafield tag="852" ind1=" " ind2=" ">
      <subfield code="a">GY1</subfield>
      <subfield code="b">GY1</subfield>
      <subfield code="x">229458</subfield>
    </datafield>
  </record>
  <record>
    <leader>00553cam  2200133   4500</leader>
    <controlfield tag="001">MOKKAZ0004542219  </controlfield>
    <controlfield tag="005">20040910080617.0</controlfield>
    <controlfield tag="008">      s1969                        und d</controlfield>
    <datafield tag="035" ind1=" " ind2=" ">
      <subfield code="a">bibFSZ00388672</subfield>
    </datafield>
    <datafield tag="040" ind1=" " ind2=" ">
      <subfield code="a">FSZEK</subfield>
    </datafield>
    <datafield tag="245" ind1="0" ind2="0">
      <subfield code="a">100 éves a Földtani Intézet /</subfield>
      <subfield code="c">szerk. Fülöp József, Tasnádi Kubacska András</subfield>
    </datafield>
    <datafield tag="260" ind1=" " ind2=" ">
      <subfield code="a">[S.l.] :</subfield>
      <subfield code="b">[S.n.],</subfield>
      <subfield code="c">1969</subfield>
    </datafield>
    <datafield tag="680" ind1=" " ind2="1">
      <subfield code="a">általános és történelmi geológia</subfield>
      <subfield code="a">geológia, általános és történelmi</subfield>
      <subfield code="a">tudományos intézet</subfield>
      <subfield code="a">kutatóintézet</subfield>
      <subfield code="a">tudományos munkaközösség</subfield>
      <subfield code="a">Magyarország</subfield>
    </datafield>
    <datafield tag="852" ind1=" " ind2=" ">
      <subfield code="a">B10</subfield>
      <subfield code="b">B10</subfield>
      <subfield code="x">bibFSZ00388672</subfield>
    </datafield>
  </record>
  <record>
    <leader>00311cam  22001217  4500</leader>
    <controlfield tag="001">MOKKAZ0004615202  </controlfield>
    <controlfield tag="005">20040910084506.0</controlfield>
    <controlfield tag="008">010116s1972                        hun d</controlfield>
    <datafield tag="035" ind1=" " ind2=" ">
      <subfield code="a">bibFSZ61064</subfield>
    </datafield>
    <datafield tag="040" ind1=" " ind2=" ">
      <subfield code="a">FSZEK</subfield>
    </datafield>
    <datafield tag="245" ind1="0" ind2="0">
      <subfield code="a">100 éves a Budai Hegypálya /</subfield>
      <subfield code="c">Petrik Ottó</subfield>
    </datafield>
    <datafield tag="260" ind1=" " ind2=" ">
      <subfield code="c">1972</subfield>
    </datafield>
    <datafield tag="852" ind1=" " ind2=" ">
      <subfield code="a">B10</subfield>
      <subfield code="b">0801B</subfield>
      <subfield code="x">bibFSZ61064</subfield>
    </datafield>
  </record>
  <record>
    <leader>00342cam  22001217  4500</leader>
    <controlfield tag="001">MOKKAZ0004615525  </controlfield>
    <controlfield tag="005">20040910084516.0</controlfield>
    <controlfield tag="008">010116s1974                        hun d</controlfield>
    <datafield tag="035" ind1=" " ind2=" ">
      <subfield code="a">bibFSZ62143</subfield>
    </datafield>
    <datafield tag="040" ind1=" " ind2=" ">
      <subfield code="a">FSZEK</subfield>
    </datafield>
    <datafield tag="245" ind1="0" ind2="0">
      <subfield code="a">100 éves a Fogaskerekű Vasút /</subfield>
      <subfield code="c">[közread. a] Budapesti Közlekedési V.</subfield>
    </datafield>
    <datafield tag="260" ind1=" " ind2=" ">
      <subfield code="c">1974</subfield>
    </datafield>
    <datafield tag="852" ind1=" " ind2=" ">
      <subfield code="a">B10</subfield>
      <subfield code="b">0801B</subfield>
      <subfield code="x">bibFSZ62143</subfield>
    </datafield>
  </record>
  <record>
    <leader>00581nam  2200181 i 4500</leader>
    <controlfield tag="001">MOKKAW0005710145  </controlfield>
    <controlfield tag="005">20080417180818.0</controlfield>
    <controlfield tag="008">020825s1979    hu            000 0     d</controlfield>
    <datafield tag="035" ind1=" " ind2=" ">
      <subfield code="a">BMEOMIKK000371505</subfield>
    </datafield>
    <datafield tag="040" ind1=" " ind2=" ">
      <subfield code="a">BMEOMIKK</subfield>
    </datafield>
    <datafield tag="041" ind1="0" ind2=" ">
      <subfield code="a">hun</subfield>
    </datafield>
    <datafield tag="044" ind1=" " ind2=" ">
      <subfield code="a">HU</subfield>
    </datafield>
    <datafield tag="245" ind1="0" ind2="0">
      <subfield code="a">100 éves a Ganz Villamossági Művek és a magyar erősáramú ipar : </subfield>
      <subfield code="b">tudományos konferencia anyaga : 1978.nov. 14-16.</subfield>
    </datafield>
    <datafield tag="260" ind1=" " ind2=" ">
      <subfield code="a">Budapest :</subfield>
      <subfield code="b">GVM,</subfield>
      <subfield code="c">[1979]</subfield>
    </datafield>
    <datafield tag="300" ind1=" " ind2=" ">
      <subfield code="a">188 p. ;</subfield>
      <subfield code="c">29 cm</subfield>
    </datafield>
    <datafield tag="610" ind1="2" ind2="4">
      <subfield code="a">Ganz Villamossági Művek</subfield>
    </datafield>
    <datafield tag="653" ind1=" " ind2=" ">
      <subfield code="a">Erősáramú ipar, történet</subfield>
    </datafield>
    <datafield tag="852" ind1=" " ind2=" ">
      <subfield code="a">B11</subfield>
      <subfield code="b">B11</subfield>
      <subfield code="x">BMEOMIKK000371505</subfield>
    </datafield>
  </record>
  <record>
    <leader>00609nam  2200181 i 4500</leader>
    <controlfield tag="001">MOKKAW0005655919  </controlfield>
    <controlfield tag="005">20080416221954.0</controlfield>
    <controlfield tag="008">930720s1985    hu            000 0 hun d</controlfield>
    <datafield tag="035" ind1=" " ind2=" ">
      <subfield code="a">BMEOMIKK000330465</subfield>
    </datafield>
    <datafield tag="040" ind1=" " ind2=" ">
      <subfield code="a">BMEOMIKK</subfield>
    </datafield>
    <datafield tag="041" ind1="0" ind2=" ">
      <subfield code="a">hun</subfield>
    </datafield>
    <datafield tag="044" ind1=" " ind2=" ">
      <subfield code="a">HU</subfield>
    </datafield>
    <datafield tag="245" ind1="0" ind2="0">
      <subfield code="a">100 éves a transzformátorgyártás : </subfield>
      <subfield code="b">Jubileumi tudományos konferencia előadásainak szöveges gyűjteménye : Budapest, 1985. jún. 18-21</subfield>
    </datafield>
    <datafield tag="260" ind1=" " ind2=" ">
      <subfield code="a">[Budapest] :</subfield>
      <subfield code="b">MEE,</subfield>
      <subfield code="c">[1985]</subfield>
    </datafield>
    <datafield tag="300" ind1=" " ind2=" ">
      <subfield code="a">516 p. ;</subfield>
      <subfield code="c">29 cm</subfield>
    </datafield>
    <datafield tag="504" ind1=" " ind2=" ">
      <subfield code="a">Bibliogr.: egyes cikkek végén</subfield>
    </datafield>
    <datafield tag="653" ind1=" " ind2=" ">
      <subfield code="a">Transzformátor, konferencia</subfield>
    </datafield>
    <datafield tag="852" ind1=" " ind2=" ">
      <subfield code="a">B11</subfield>
      <subfield code="b">B11</subfield>
      <subfield code="x">BMEOMIKK000330465</subfield>
    </datafield>
  </record>
  <record>
    <leader>00669aam  2200205 i 4500</leader>
    <controlfield tag="001">MOKKAZ0006296254  </controlfield>
    <controlfield tag="005">20040915185700.0</controlfield>
    <controlfield tag="008">940511s1987    hu a          000 0 hun d</controlfield>
    <datafield tag="020" ind1=" " ind2=" ">
      <subfield code="a">963-7250-00-X (fűzött)</subfield>
    </datafield>
    <datafield tag="035" ind1=" " ind2=" ">
      <subfield code="a">735107</subfield>
    </datafield>
    <datafield tag="040" ind1=" " ind2=" ">
      <subfield code="a">OSZK</subfield>
    </datafield>
    <datafield tag="041" ind1="0" ind2=" ">
      <subfield code="a">hunhun</subfield>
    </datafield>
    <datafield tag="072" ind1=" " ind2="1">
      <subfield code="a">X</subfield>
    </datafield>
    <datafield tag="245" ind1="1" ind2="0">
      <subfield code="a">100 éves a Pécsi Postaigazgatóság, 1887-1987</subfield>
    </datafield>
    <datafield tag="260" ind1=" " ind2=" ">
      <subfield code="a">[Pécs] :</subfield>
      <subfield code="b">[Baranya M. Lapk. Váll.],</subfield>
      <subfield code="c">1987</subfield>
      <subfield code="e">([Pécs]</subfield>
      <subfield code="f">Pécsi Szikra)</subfield>
    </datafield>
    <datafield tag="300" ind1=" " ind2=" ">
      <subfield code="a">24 p. :</subfield>
      <subfield code="b">ill. ;</subfield>
      <subfield code="c">29 cm</subfield>
    </datafield>
    <datafield tag="500" ind1=" " ind2=" ">
      <subfield code="a">Postás híradó : a Pécsi Postaigazgatóság híradója ; 12. évf. 3. sz. (1987. aug.)</subfield>
    </datafield>
    <datafield tag="500" ind1=" " ind2=" ">
      <subfield code="a">2000</subfield>
    </datafield>
    <datafield tag="610" ind1="2" ind2="4">
      <subfield code="a">Magyar Posta</subfield>
      <subfield code="a">Pécsi Postaigazgatóság</subfield>
    </datafield>
    <datafield tag="852" ind1=" " ind2=" ">
      <subfield code="a">B1</subfield>
      <subfield code="b">B1</subfield>
      <subfield code="x">735107</subfield>
    </datafield>
  </record>
  <record>
    <leader>00372cam  22001217  4500</leader>
    <controlfield tag="001">MOKKAZ0004607630  </controlfield>
    <controlfield tag="005">20040910084108.0</controlfield>
    <controlfield tag="008">000211s1987                  00    hun d</controlfield>
    <datafield tag="035" ind1=" " ind2=" ">
      <subfield code="a">bibFSZ27226</subfield>
    </datafield>
    <datafield tag="040" ind1=" " ind2=" ">
      <subfield code="a">FSZEK</subfield>
    </datafield>
    <datafield tag="245" ind1="0" ind2="0">
      <subfield code="a">100 éves a magyar mentés /</subfield>
      <subfield code="c">szerk. Pap Zoltán</subfield>
    </datafield>
    <datafield tag="260" ind1=" " ind2=" ">
      <subfield code="a">Budapest :</subfield>
      <subfield code="b">Magyar Mentésügyi Tudományos Társaság,</subfield>
      <subfield code="c">1987</subfield>
    </datafield>
    <datafield tag="852" ind1=" " ind2=" ">
      <subfield code="a">B10</subfield>
      <subfield code="b">0801B</subfield>
      <subfield code="x">bibFSZ27226</subfield>
    </datafield>
  </record>
  <record>
    <leader>00413cam  22001217  4500</leader>
    <controlfield tag="001">MOKKAZ0004610828  </controlfield>
    <controlfield tag="005">20040910084250.0</controlfield>
    <controlfield tag="008">000211s1988                  00    hun d</controlfield>
    <datafield tag="035" ind1=" " ind2=" ">
      <subfield code="a">bibFSZ40773</subfield>
    </datafield>
    <datafield tag="040" ind1=" " ind2=" ">
      <subfield code="a">FSZEK</subfield>
    </datafield>
    <datafield tag="245" ind1="0" ind2="0">
      <subfield code="a">100 éves a magyarországi villamosenergia szolgáltatás 1888-1988 /</subfield>
      <subfield code="c">szerk. Berényi Endre - Petri Pál - Péti Szilveszter</subfield>
    </datafield>
    <datafield tag="260" ind1=" " ind2=" ">
      <subfield code="a">Budapest :</subfield>
      <subfield code="b">[S.n.],</subfield>
      <subfield code="c">1988</subfield>
    </datafield>
    <datafield tag="852" ind1=" " ind2=" ">
      <subfield code="a">B10</subfield>
      <subfield code="b">0801B</subfield>
      <subfield code="x">bibFSZ40773</subfield>
    </datafield>
  </record>
  <record>
    <leader>00573nam  2200169 i 4500</leader>
    <controlfield tag="001">MOKKAS0003336505  </controlfield>
    <controlfield tag="005">20060604105342.0</controlfield>
    <controlfield tag="008">050101s1990                            d</controlfield>
    <datafield tag="035" ind1=" " ind2=" ">
      <subfield code="a">514560</subfield>
    </datafield>
    <datafield tag="040" ind1=" " ind2=" ">
      <subfield code="a">KKMK</subfield>
    </datafield>
    <datafield tag="245" ind1="0" ind2="0">
      <subfield code="a">100 éves a Fertőszentmiklósi Önkéntes Tűzoltóegyesület : </subfield>
      <subfield code="b">1889-1989</subfield>
    </datafield>
    <datafield tag="260" ind1=" " ind2=" ">
      <subfield code="a">Sopron :</subfield>
      <subfield code="b">Városi Tűzoltóparancsnokság,</subfield>
      <subfield code="c">[1990]</subfield>
    </datafield>
    <datafield tag="300" ind1=" " ind2=" ">
      <subfield code="a">14 p. :</subfield>
      <subfield code="b">ill. ;</subfield>
      <subfield code="c">21 cm</subfield>
    </datafield>
    <datafield tag="500" ind1=" " ind2=" ">
      <subfield code="a">Címlap a borító</subfield>
    </datafield>
    <datafield tag="610" ind1="2" ind2="4">
      <subfield code="a">Fertőszentmiklósi Önkéntes Tűzoltóegyesület (Fertőszentmiklós)</subfield>
    </datafield>
    <datafield tag="651" ind1=" " ind2="4">
      <subfield code="a">Fertőszentmiklós</subfield>
    </datafield>
    <datafield tag="852" ind1=" " ind2=" ">
      <subfield code="a">GY1</subfield>
      <subfield code="b">GY1</subfield>
      <subfield code="x">514560</subfield>
    </datafield>
  </record>
  <record>
    <leader>01031cam  22002051  4500</leader>
    <controlfield tag="001">MOKKAZ0004286053  </controlfield>
    <controlfield tag="005">20040910055547.0</controlfield>
    <controlfield tag="008">      s1991                        hun d</controlfield>
    <datafield tag="020" ind1=" " ind2=" ">
      <subfield code="a">963-04-2779-6 :</subfield>
    </datafield>
    <datafield tag="035" ind1=" " ind2=" ">
      <subfield code="a">bibFSZ00131659</subfield>
    </datafield>
    <datafield tag="040" ind1=" " ind2=" ">
      <subfield code="a">FSZEK</subfield>
    </datafield>
    <datafield tag="245" ind1="0" ind2="0">
      <subfield code="a">100 éves a Balaton-kutatás : </subfield>
      <subfield code="b">33. Hidrológusnapok, Tihany, 191</subfield>
    </datafield>
    <datafield tag="260" ind1=" " ind2=" ">
      <subfield code="a">[S.l.] :</subfield>
      <subfield code="b">[S.n.],</subfield>
      <subfield code="c">1991</subfield>
    </datafield>
    <datafield tag="300" ind1=" " ind2=" ">
      <subfield code="a">276 p. ;</subfield>
      <subfield code="c">25 cm</subfield>
    </datafield>
    <datafield tag="500" ind1=" " ind2=" ">
      <subfield code="a">Bibliogr. tanulmányonként</subfield>
    </datafield>
    <datafield tag="680" ind1=" " ind2="1">
      <subfield code="a">tavak hidrológiája</subfield>
      <subfield code="a">állóvizek hidrológiája</subfield>
      <subfield code="a">hidrológia, tavak, állóvizek</subfield>
      <subfield code="x">(285 )</subfield>
      <subfield code="x">Balaton</subfield>
    </datafield>
    <datafield tag="680" ind1=" " ind2="1">
      <subfield code="a">ökológia</subfield>
      <subfield code="a">élet általános feltételei</subfield>
      <subfield code="a">élőlények és környezet viszonya</subfield>
      <subfield code="a">környezet és élőlények viszonya</subfield>
      <subfield code="x">(439.071 )</subfield>
      <subfield code="x">Tihany</subfield>
      <subfield code="y">1991</subfield>
      <subfield code="a">előadások</subfield>
      <subfield code="a">beszédek</subfield>
      <subfield code="a">felolvasások</subfield>
    </datafield>
    <datafield tag="680" ind1=" " ind2="1">
      <subfield code="a">ökológia</subfield>
      <subfield code="a">élet általános feltételei</subfield>
      <subfield code="a">élőlények és környezet viszonya</subfield>
      <subfield code="a">környezet és élőlények viszonya</subfield>
      <subfield code="x">(285 )</subfield>
      <subfield code="x">Balaton</subfield>
      <subfield code="a">történet</subfield>
      <subfield code="a">történelmi megközelítés</subfield>
    </datafield>
    <datafield tag="711" ind1="2" ind2=" ">
      <subfield code="a">Hidrológusnapok</subfield>
      <subfield code="d">(1991)</subfield>
      <subfield code="n">33)</subfield>
      <subfield code="c">Tihany</subfield>
      <subfield code="4">mt.</subfield>
    </datafield>
    <datafield tag="852" ind1=" " ind2=" ">
      <subfield code="a">B10</subfield>
      <subfield code="b">0801</subfield>
      <subfield code="x">bibFSZ00131659</subfield>
    </datafield>
  </record>
  <record>
    <leader>00679nam  2200217 i 4500</leader>
    <controlfield tag="001">MOKKAN0004693319  </controlfield>
    <controlfield tag="005">20070703004100.0</controlfield>
    <controlfield tag="008">940728s1992                 u    j hun d</controlfield>
    <datafield tag="020" ind1=" " ind2=" ">
      <subfield code="a">963 04 00278</subfield>
    </datafield>
    <datafield tag="035" ind1=" " ind2=" ">
      <subfield code="a">KÉE40338</subfield>
    </datafield>
    <datafield tag="040" ind1=" " ind2=" ">
      <subfield code="a">BCEEFK</subfield>
    </datafield>
    <datafield tag="041" ind1="0" ind2=" ">
      <subfield code="a">hun</subfield>
    </datafield>
    <datafield tag="111" ind1="2" ind2="0">
      <subfield code="a">Hidrobiológus Napok</subfield>
      <subfield code="n">33.</subfield>
      <subfield code="d">1991</subfield>
      <subfield code="c">Tihany</subfield>
    </datafield>
    <datafield tag="245" ind1="1" ind2="0">
      <subfield code="a">100 éves a Balaton-kutatás : </subfield>
      <subfield code="b">XXXIII. Hidrobiológus Napok. Tihany, 1991. /</subfield>
      <subfield code="c">[szerk. Bíró Péter]</subfield>
    </datafield>
    <datafield tag="260" ind1=" " ind2=" ">
      <subfield code="a">Tihany :</subfield>
      <subfield code="b">MHT Limnológiai Szakosztály [etc.],</subfield>
      <subfield code="c">1992</subfield>
    </datafield>
    <datafield tag="300" ind1=" " ind2=" ">
      <subfield code="a">276 p.</subfield>
    </datafield>
    <datafield tag="504" ind1=" " ind2=" ">
      <subfield code="a">Bibliogr. a tanulmányok végén</subfield>
    </datafield>
    <datafield tag="650" ind1=" " ind2="4">
      <subfield code="a">Balaton</subfield>
    </datafield>
    <datafield tag="650" ind1=" " ind2="4">
      <subfield code="a">Balatonkutatás</subfield>
    </datafield>
    <datafield tag="650" ind1=" " ind2="4">
      <subfield code="a">Hidrobiológia</subfield>
    </datafield>
    <datafield tag="852" ind1=" " ind2=" ">
      <subfield code="a">B503</subfield>
      <subfield code="b">B503</subfield>
      <subfield code="x">KÉE40338</subfield>
    </datafield>
  </record>
  <record>
    <leader>00584nam  2200193 i 4500</leader>
    <controlfield tag="001">MOKKAZ0006334941  </controlfield>
    <controlfield tag="005">20040915193026.0</controlfield>
    <controlfield tag="008">960118s1992    hu            000 0 hun d</controlfield>
    <datafield tag="020" ind1=" " ind2=" ">
      <subfield code="a">963-7450-83-1 (fűzött)</subfield>
    </datafield>
    <datafield tag="035" ind1=" " ind2=" ">
      <subfield code="a">166431</subfield>
    </datafield>
    <datafield tag="040" ind1=" " ind2=" ">
      <subfield code="a">OSZK</subfield>
    </datafield>
    <datafield tag="041" ind1="0" ind2=" ">
      <subfield code="a">hunhun</subfield>
    </datafield>
    <datafield tag="072" ind1=" " ind2="1">
      <subfield code="a">H</subfield>
    </datafield>
    <datafield tag="245" ind1="0" ind2="0">
      <subfield code="a">100 éves a Magyar pedagógia, 1892-1992</subfield>
    </datafield>
    <datafield tag="260" ind1=" " ind2=" ">
      <subfield code="a">[Budapest] :</subfield>
      <subfield code="b">MTA Ped. Biz.,</subfield>
      <subfield code="c">[1992]</subfield>
      <subfield code="e">([Szeged]</subfield>
      <subfield code="f">JATE)</subfield>
      <subfield code="e">([Budapest]</subfield>
      <subfield code="f">Alfaprint)</subfield>
    </datafield>
    <datafield tag="300" ind1=" " ind2=" ">
      <subfield code="a">103 p. ;</subfield>
      <subfield code="c">24 cm</subfield>
    </datafield>
    <datafield tag="500" ind1=" " ind2=" ">
      <subfield code="a">Tanulmányok</subfield>
    </datafield>
    <datafield tag="500" ind1=" " ind2=" ">
      <subfield code="a">A Magyar pedagógia, ISSN 0025-0260, 1992. évi 1. száma</subfield>
    </datafield>
    <datafield tag="852" ind1=" " ind2=" ">
      <subfield code="a">B1</subfield>
      <subfield code="b">B1</subfield>
      <subfield code="x">166431</subfield>
    </datafield>
  </record>
  <record>
    <leader>00655fam  2200193 i 4500</leader>
    <controlfield tag="001">MOKKAZ0006341133  </controlfield>
    <controlfield tag="005">20090505174959.0</controlfield>
    <controlfield tag="008">961004s1996    hu oc         000 0 hun d</controlfield>
    <datafield tag="020" ind1=" " ind2=" ">
      <subfield code="a">963-04-6392-X (fűzött)</subfield>
    </datafield>
    <datafield tag="035" ind1=" " ind2=" ">
      <subfield code="a">197087</subfield>
    </datafield>
    <datafield tag="040" ind1=" " ind2=" ">
      <subfield code="a">OSZK</subfield>
    </datafield>
    <datafield tag="041" ind1="0" ind2=" ">
      <subfield code="a">hunenghun</subfield>
    </datafield>
    <datafield tag="245" ind1="0" ind2="0">
      <subfield code="a">100 éves a szabadalmi rendszer Magyarországon</subfield>
    </datafield>
    <datafield tag="260" ind1=" " ind2=" ">
      <subfield code="a">[Budapest] :</subfield>
      <subfield code="b">MIE,</subfield>
      <subfield code="c">1996</subfield>
      <subfield code="e">([Dabas]</subfield>
      <subfield code="f">Reálszisztéma Dabasi Ny.)</subfield>
    </datafield>
    <datafield tag="300" ind1=" " ind2=" ">
      <subfield code="a">178 p. :</subfield>
      <subfield code="b">ill. ;</subfield>
      <subfield code="c">22 cm</subfield>
    </datafield>
    <datafield tag="500" ind1=" " ind2=" ">
      <subfield code="a">A Magyar Iparjogvédelmi Egyesület közleményei, ISSN 0324-4350, 1996 évi kszáma</subfield>
    </datafield>
    <datafield tag="504" ind1=" " ind2=" ">
      <subfield code="a">Bibliogr. a jegyzetekben</subfield>
    </datafield>
    <datafield tag="852" ind1=" " ind2=" ">
      <subfield code="a">B1</subfield>
      <subfield code="b">B1</subfield>
      <subfield code="x">197087</subfield>
    </datafield>
    <datafield tag="852" ind1=" " ind2=" ">
      <subfield code="a">D1</subfield>
      <subfield code="b">D1/F</subfield>
      <subfield code="b">D1/TR</subfield>
      <subfield code="x">bibKLT00338478</subfield>
    </datafield>
  </record>
  <record>
    <leader>00542nam  2200157 i 4500</leader>
    <controlfield tag="001">MOKKAS0002345313  </controlfield>
    <controlfield tag="005">20060618052532.0</controlfield>
    <controlfield tag="008">      s2003    hu            00010 hun d</controlfield>
    <datafield tag="035" ind1=" " ind2=" ">
      <subfield code="a">bibSOK291963</subfield>
    </datafield>
    <datafield tag="040" ind1=" " ind2=" ">
      <subfield code="a">SK</subfield>
    </datafield>
    <datafield tag="245" ind1="0" ind2="0">
      <subfield code="a">100 éves a nagykállói középiskolai kollégium :</subfield>
      <subfield code="b">centenáriumi emlékkönyv</subfield>
    </datafield>
    <datafield tag="260" ind1="0" ind2=" ">
      <subfield code="a">[Nagykálló] :</subfield>
      <subfield code="b">[Budai Kollégium],</subfield>
      <subfield code="c">2003</subfield>
    </datafield>
    <datafield tag="300" ind1=" " ind2=" ">
      <subfield code="a">112 p. :</subfield>
      <subfield code="b">ill. ;</subfield>
      <subfield code="c">21 cm</subfield>
    </datafield>
    <datafield tag="610" ind1="2" ind2="7">
      <subfield code="a">Budai Kollégium (Nagykálló)</subfield>
    </datafield>
    <datafield tag="650" ind1=" " ind2="7">
      <subfield code="a">Nagykálló</subfield>
      <subfield code="x">kollégium</subfield>
      <subfield code="x">középiskolai</subfield>
      <subfield code="y">1903-2003</subfield>
      <subfield code="2">szte</subfield>
    </datafield>
    <datafield tag="852" ind1=" " ind2=" ">
      <subfield code="a">SZ4</subfield>
      <subfield code="b">SZ4</subfield>
      <subfield code="x">bibSOK291963</subfield>
    </datafield>
  </record>
  <record>
    <leader>00695nam  2200169 i 4500</leader>
    <controlfield tag="001">MOKKAS0002224192  </controlfield>
    <controlfield tag="005">20060617194927.0</controlfield>
    <controlfield tag="008">850128c19841984hu a          00000 hun 1</controlfield>
    <datafield tag="020" ind1=" " ind2=" ">
      <subfield code="a">963-01-5953-8 (fűzött)</subfield>
    </datafield>
    <datafield tag="035" ind1=" " ind2=" ">
      <subfield code="a">bibSOK00101356</subfield>
    </datafield>
    <datafield tag="040" ind1=" " ind2=" ">
      <subfield code="a">SK</subfield>
    </datafield>
    <datafield tag="245" ind1="0" ind2="0">
      <subfield code="a">100 éves a szakmunkásképzés Orosházán :</subfield>
      <subfield code="b">1884-1984 /</subfield>
      <subfield code="c">[összeáll. és írta ... Antali Gábor et al.] ; [kiad. a 612. Ipari Szakmunkásképző Intézet...]</subfield>
    </datafield>
    <datafield tag="260" ind1=" " ind2=" ">
      <subfield code="a">Orosháza :</subfield>
      <subfield code="b">612. Ipari Szakmunkásképző Intézet,</subfield>
      <subfield code="c">1984</subfield>
    </datafield>
    <datafield tag="300" ind1=" " ind2=" ">
      <subfield code="a">61 p. :</subfield>
      <subfield code="b">ill. ;</subfield>
      <subfield code="c">20 cm</subfield>
    </datafield>
    <datafield tag="650" ind1=" " ind2="7">
      <subfield code="a">Szakmunkásképzés</subfield>
      <subfield code="x">Orosháza</subfield>
      <subfield code="y">1884-1984</subfield>
      <subfield code="2">szte</subfield>
    </datafield>
    <datafield tag="710" ind1="2" ind2=" ">
      <subfield code="a">612. Ipari Szakmunkásképző Intézet (Orosháza)</subfield>
    </datafield>
    <datafield tag="852" ind1=" " ind2=" ">
      <subfield code="a">SZ4</subfield>
      <subfield code="b">SZ4</subfield>
      <subfield code="x">bibSOK00101356</subfield>
    </datafield>
  </record>
  <record>
    <leader>01019nam  22002415p 4500</leader>
    <controlfield tag="001">MOKKAW0006011198  </controlfield>
    <controlfield tag="005">20080725192841.0</controlfield>
    <controlfield tag="008">080226s2007                        hun d</controlfield>
    <datafield tag="020" ind1=" " ind2=" ">
      <subfield code="a">978 963 06 3371 0</subfield>
    </datafield>
    <datafield tag="035" ind1=" " ind2=" ">
      <subfield code="a">737102</subfield>
    </datafield>
    <datafield tag="040" ind1=" " ind2=" ">
      <subfield code="a">KSHK</subfield>
    </datafield>
    <datafield tag="041" ind1="0" ind2=" ">
      <subfield code="a">hun</subfield>
    </datafield>
    <datafield tag="245" ind1="0" ind2="0">
      <subfield code="a">100 éves a régi Ady iskola /</subfield>
      <subfield code="c">... az Ady Endre Általános Iskola, Gimnázium és Alapfokú Művészetoktatási Intézmény kiadásában jelent meg</subfield>
    </datafield>
    <datafield tag="260" ind1=" " ind2=" ">
      <subfield code="a">Zalaegerszeg :</subfield>
      <subfield code="b">Ady Ált. Isk., Gimn. és Alapfokú Művészetokt. Intézmény,</subfield>
      <subfield code="c">2007</subfield>
    </datafield>
    <datafield tag="300" ind1=" " ind2=" ">
      <subfield code="a">[6] p., 43 t. :</subfield>
      <subfield code="b">ill. ;</subfield>
      <subfield code="c">16x21 cm</subfield>
    </datafield>
    <datafield tag="610" ind1="2" ind2="4">
      <subfield code="a">Ady Endre Általános Iskola, Gimnázium és Alapfokú Művészetoktatási Intézmény (Zalaegerszeg)</subfield>
    </datafield>
    <datafield tag="653" ind1=" " ind2=" ">
      <subfield code="a">alapfokú oktatási intézmény</subfield>
    </datafield>
    <datafield tag="653" ind1=" " ind2=" ">
      <subfield code="a">fotóalbum</subfield>
    </datafield>
    <datafield tag="653" ind1=" " ind2=" ">
      <subfield code="a">iskolatörténet</subfield>
    </datafield>
    <datafield tag="653" ind1=" " ind2=" ">
      <subfield code="a">középfokú oktatási intézmény</subfield>
    </datafield>
    <datafield tag="653" ind1=" " ind2=" ">
      <subfield code="a">művészet</subfield>
    </datafield>
    <datafield tag="710" ind1="2" ind2="0">
      <subfield code="a">Ady Endre Általános Iskola, Gimnázium és Alapfokú Művészetoktatási Intézmény (Zalaegerszeg)</subfield>
      <subfield code="4">közread.</subfield>
    </datafield>
    <datafield tag="852" ind1=" " ind2=" ">
      <subfield code="a">B9</subfield>
      <subfield code="b">B9</subfield>
      <subfield code="x">737102</subfield>
    </datafield>
  </record>
  <record>
    <leader>01320nam  2200373 i 4500</leader>
    <controlfield tag="001">MOKKAW0005262880  </controlfield>
    <controlfield tag="005">20080408231644.0</controlfield>
    <controlfield tag="008">031127s1995                 u    j hun d</controlfield>
    <datafield tag="035" ind1=" " ind2=" ">
      <subfield code="a">NLVK91754</subfield>
    </datafield>
    <datafield tag="040" ind1=" " ind2=" ">
      <subfield code="a">NLVK</subfield>
    </datafield>
    <datafield tag="041" ind1="0" ind2=" ">
      <subfield code="a">hun</subfield>
    </datafield>
    <datafield tag="100" ind1="1" ind2=" ">
      <subfield code="a">Agócs János</subfield>
    </datafield>
    <datafield tag="245" ind1="1" ind2="0">
      <subfield code="a">100 éves a dél-alföldi áramszolgáltatás /</subfield>
      <subfield code="c">[szerk. Petri Pál]  ; [kiad. Délmagyarországi Áramszolgáltató Rt.] ; [szerzők Agócs János et al.]</subfield>
    </datafield>
    <datafield tag="260" ind1=" " ind2=" ">
      <subfield code="a">Szeged :</subfield>
      <subfield code="b">Démász,</subfield>
      <subfield code="c">1995</subfield>
    </datafield>
    <datafield tag="300" ind1=" " ind2=" ">
      <subfield code="a">472 p. :</subfield>
      <subfield code="b">ill. ;</subfield>
      <subfield code="c">30 cm</subfield>
    </datafield>
    <datafield tag="650" ind1=" " ind2="4">
      <subfield code="a">Alföld</subfield>
      <subfield code="x">Gazdaság</subfield>
    </datafield>
    <datafield tag="650" ind1=" " ind2="4">
      <subfield code="a">Áramszolgáltatás</subfield>
      <subfield code="x">Dél-Alföld</subfield>
    </datafield>
    <datafield tag="650" ind1=" " ind2="4">
      <subfield code="a">Áramszolgáltatás</subfield>
      <subfield code="x">Hódmezővásárhely</subfield>
    </datafield>
    <datafield tag="650" ind1=" " ind2="4">
      <subfield code="a">Energia, villamos</subfield>
    </datafield>
    <datafield tag="650" ind1=" " ind2="4">
      <subfield code="a">Energia, villamos</subfield>
      <subfield code="x">Szolgáltatás</subfield>
    </datafield>
    <datafield tag="650" ind1=" " ind2="4">
      <subfield code="a">Gazdaság</subfield>
      <subfield code="x">Alföld</subfield>
    </datafield>
    <datafield tag="650" ind1=" " ind2="4">
      <subfield code="a">Gazdaság</subfield>
      <subfield code="x">Hódmezővásárhely</subfield>
    </datafield>
    <datafield tag="650" ind1=" " ind2="4">
      <subfield code="a">Hódmezővásárhely</subfield>
      <subfield code="x">Urbanisztika</subfield>
    </datafield>
    <datafield tag="650" ind1=" " ind2="4">
      <subfield code="a">Ipar</subfield>
      <subfield code="x">Alföld</subfield>
    </datafield>
    <datafield tag="650" ind1=" " ind2="4">
      <subfield code="a">Ipar</subfield>
      <subfield code="x">Dél-Alföld</subfield>
    </datafield>
    <datafield tag="650" ind1=" " ind2="4">
      <subfield code="a">Urbanisztika</subfield>
    </datafield>
    <datafield tag="650" ind1=" " ind2="4">
      <subfield code="a">Urbanisztika</subfield>
      <subfield code="x">Hódmezővásárhely</subfield>
    </datafield>
    <datafield tag="650" ind1=" " ind2="4">
      <subfield code="a">Városiasodás</subfield>
      <subfield code="x">Hódmezővásárhely</subfield>
    </datafield>
    <datafield tag="650" ind1=" " ind2="4">
      <subfield code="a">Villamosenergia</subfield>
      <subfield code="x">Alföld</subfield>
    </datafield>
    <datafield tag="650" ind1=" " ind2="4">
      <subfield code="a">Villamosítás</subfield>
      <subfield code="x">Alföld</subfield>
    </datafield>
    <datafield tag="650" ind1=" " ind2="4">
      <subfield code="a">Villamosítás</subfield>
      <subfield code="x">Hódmezővásárhely</subfield>
    </datafield>
    <datafield tag="700" ind1="1" ind2=" ">
      <subfield code="a">Petri Pál</subfield>
      <subfield code="4">(szerk.)</subfield>
    </datafield>
    <datafield tag="710" ind1="2" ind2=" ">
      <subfield code="a">Délmagyarországi Áramszolgáltató Rt (Szeged)</subfield>
    </datafield>
    <datafield tag="852" ind1=" " ind2=" ">
      <subfield code="a">H1</subfield>
      <subfield code="b">H1</subfield>
      <subfield code="x">NLVK91754</subfield>
    </datafield>
  </record>
  <record>
    <leader>00999fam  2200253 i 4500</leader>
    <controlfield tag="001">MOKKAZ0006310512  </controlfield>
    <controlfield tag="005">20040915190756.0</controlfield>
    <controlfield tag="008">931104s1992    hu areh       000 0 hun d</controlfield>
    <datafield tag="020" ind1=" " ind2=" ">
      <subfield code="a">963-02-9380-3 (fűzött)</subfield>
    </datafield>
    <datafield tag="035" ind1=" " ind2=" ">
      <subfield code="a">53199</subfield>
    </datafield>
    <datafield tag="040" ind1=" " ind2=" ">
      <subfield code="a">OSZK</subfield>
    </datafield>
    <datafield tag="041" ind1="0" ind2=" ">
      <subfield code="a">hunslohunslo</subfield>
      <subfield code="b">hunslogereng</subfield>
    </datafield>
    <datafield tag="245" ind1="0" ind2="0">
      <subfield code="a">100 éves a komáromi Erzsébet-híd /</subfield>
      <subfield code="c">[... szerzői Agócs Zoltán et al.] ; [... kiad. Tatabányai Közúti Igazgatóság]</subfield>
    </datafield>
    <datafield tag="246" ind1="1" ind2="1">
      <subfield code="a">Dunajský most v Komárne 100 rocný</subfield>
    </datafield>
    <datafield tag="246" ind1="1" ind2="4">
      <subfield code="a">Erzsébet-híd Komárom = Dunajský most Komárno, 1892-1992</subfield>
    </datafield>
    <datafield tag="260" ind1=" " ind2="1">
      <subfield code="a">[Tatabánya] :</subfield>
      <subfield code="b">Tatabányai Közúti Ig.,</subfield>
      <subfield code="c">[1992]</subfield>
      <subfield code="e">([Komárom]</subfield>
      <subfield code="f">Komáromi Ny.)</subfield>
    </datafield>
    <datafield tag="300" ind1=" " ind2=" ">
      <subfield code="a">76 p. :</subfield>
      <subfield code="b">ill., részben színes ;</subfield>
      <subfield code="c">21 cm</subfield>
    </datafield>
    <datafield tag="500" ind1=" " ind2=" ">
      <subfield code="a">Összefoglalás magyar, szlovák, német és angol nyelven</subfield>
    </datafield>
    <datafield tag="651" ind1=" " ind2="4">
      <subfield code="a">Komárom</subfield>
    </datafield>
    <datafield tag="700" ind1="1" ind2=" ">
      <subfield code="a">Agócs Zoltán</subfield>
      <subfield code="4">(közrem.)</subfield>
    </datafield>
    <datafield tag="710" ind1="1" ind2=" ">
      <subfield code="a">Tatabányai Közúti Igazgatóság</subfield>
      <subfield code="4">közread.</subfield>
    </datafield>
    <datafield tag="852" ind1=" " ind2=" ">
      <subfield code="a">B1</subfield>
      <subfield code="b">B1</subfield>
      <subfield code="x">53199</subfield>
    </datafield>
    <datafield tag="852" ind1=" " ind2=" ">
      <subfield code="a">D1</subfield>
      <subfield code="b">D1</subfield>
      <subfield code="x">53199</subfield>
    </datafield>
    <datafield tag="852" ind1=" " ind2=" ">
      <subfield code="a">B11</subfield>
      <subfield code="b">B11</subfield>
      <subfield code="x">BMEOMIKK000073226</subfield>
    </datafield>
  </record>
  <record>
    <leader>00756nam  2200229 i 4500</leader>
    <controlfield tag="001">MOKKAW0005327883  </controlfield>
    <controlfield tag="005">20091020131119.0</controlfield>
    <controlfield tag="008">990828s1992                  000 0 hun d</controlfield>
    <datafield tag="035" ind1=" " ind2=" ">
      <subfield code="a">BMEOMIKK000073226</subfield>
    </datafield>
    <datafield tag="040" ind1=" " ind2=" ">
      <subfield code="a">BMEOMIKK</subfield>
    </datafield>
    <datafield tag="041" ind1="0" ind2=" ">
      <subfield code="a">slahun</subfield>
    </datafield>
    <datafield tag="080" ind1=" " ind2=" ">
      <subfield code="a">725.95(439.115Komárom)"1892/1992"</subfield>
    </datafield>
    <datafield tag="245" ind1="0" ind2="0">
      <subfield code="a">100 éves a komáromi Erzsébet-híd /</subfield>
      <subfield code="c">[a kötet szerzői Agócs Zoltán et al.]</subfield>
    </datafield>
    <datafield tag="246" ind1="1" ind2="1">
      <subfield code="a">Dunajsky most v Komárne 100 ročny</subfield>
    </datafield>
    <datafield tag="260" ind1=" " ind2=" ">
      <subfield code="a">[Tatabánya] :</subfield>
      <subfield code="b">Tatabányai Közúti Ig.,</subfield>
      <subfield code="c">[1992]</subfield>
    </datafield>
    <datafield tag="300" ind1=" " ind2=" ">
      <subfield code="a">76 p. ;</subfield>
      <subfield code="c">21 cm</subfield>
    </datafield>
    <datafield tag="500" ind1=" " ind2=" ">
      <subfield code="a">Cseh, német és angol kiv. is</subfield>
    </datafield>
    <datafield tag="504" ind1=" " ind2=" ">
      <subfield code="a">Bibliogr.: 62. p.</subfield>
    </datafield>
    <datafield tag="546" ind1=" " ind2=" ">
      <subfield code="a">Cseh</subfield>
      <subfield code="b">német és angol kiv. is</subfield>
    </datafield>
    <datafield tag="700" ind1="1" ind2=" ">
      <subfield code="a">Agócs Zoltán</subfield>
    </datafield>
    <datafield tag="852" ind1=" " ind2=" ">
      <subfield code="a">B11</subfield>
      <subfield code="b">B11</subfield>
      <subfield code="x">BMEOMIKK000073226</subfield>
    </datafield>
    <datafield tag="852" ind1=" " ind2=" ">
      <subfield code="a">B3</subfield>
      <subfield code="b">B3</subfield>
      <subfield code="x">000003252</subfield>
    </datafield>
  </record>
  <record>
    <leader>00840aam  2200217 i 4500</leader>
    <controlfield tag="001">MOKKAZ0006236860  </controlfield>
    <controlfield tag="005">20090621123419.0</controlfield>
    <controlfield tag="008">940509t19841983hu            000 0 hun d</controlfield>
    <datafield tag="020" ind1=" " ind2=" ">
      <subfield code="a">963-02-3216-2 (fűzött)</subfield>
    </datafield>
    <datafield tag="035" ind1=" " ind2=" ">
      <subfield code="a">536893</subfield>
    </datafield>
    <datafield tag="040" ind1=" " ind2=" ">
      <subfield code="a">OSZK</subfield>
    </datafield>
    <datafield tag="041" ind1="0" ind2=" ">
      <subfield code="a">hunhun</subfield>
    </datafield>
    <datafield tag="100" ind1="1" ind2=" ">
      <subfield code="a">Ajtai István</subfield>
    </datafield>
    <datafield tag="245" ind1="1" ind2="0">
      <subfield code="a">100 éves a MÁV Bevételellenőrzési, Visszatérítési és Kártérítési Hivatal, 1884-1984 /</subfield>
      <subfield code="c">[írta, szerk. és összeáll. Ajtai István]</subfield>
    </datafield>
    <datafield tag="260" ind1=" " ind2=" ">
      <subfield code="a">[Budapest] :</subfield>
      <subfield code="b">MÁV,</subfield>
      <subfield code="c">1984</subfield>
      <subfield code="e">([Budapest]</subfield>
      <subfield code="f">MÁV Jegyny.)</subfield>
    </datafield>
    <datafield tag="300" ind1=" " ind2=" ">
      <subfield code="a">57 p. ;</subfield>
      <subfield code="c">21 cm</subfield>
    </datafield>
    <datafield tag="610" ind1="2" ind2="4">
      <subfield code="a">Magyar Államvasutak</subfield>
      <subfield code="a">Bevételellenőrzési, Visszatérítési és Kártérítési Hivatal (Budapest)</subfield>
    </datafield>
    <datafield tag="653" ind1=" " ind2=" ">
      <subfield code="a">MÁV története</subfield>
    </datafield>
    <datafield tag="710" ind1="2" ind2=" ">
      <subfield code="a">Magyar Államvasutak</subfield>
      <subfield code="a">Vezérigazgatóság (Budapest)</subfield>
      <subfield code="4">közread.</subfield>
    </datafield>
    <datafield tag="852" ind1=" " ind2=" ">
      <subfield code="a">B1</subfield>
      <subfield code="b">B1</subfield>
      <subfield code="x">536893</subfield>
    </datafield>
    <datafield tag="852" ind1=" " ind2=" ">
      <subfield code="a">B8</subfield>
      <subfield code="b">B8</subfield>
      <subfield code="x">OGYK000210381</subfield>
    </datafield>
  </record>
  <record>
    <leader>01341aam  2200325 i 4500</leader>
    <controlfield tag="001">MOKKAZ0006232690  </controlfield>
    <controlfield tag="005">20090621131507.0</controlfield>
    <controlfield tag="008">940509t19841984hu a          000 0 hun d</controlfield>
    <datafield tag="020" ind1=" " ind2=" ">
      <subfield code="a">963-01-5953-8 (fűzött)</subfield>
    </datafield>
    <datafield tag="035" ind1=" " ind2=" ">
      <subfield code="a">520585</subfield>
    </datafield>
    <datafield tag="040" ind1=" " ind2=" ">
      <subfield code="a">OSZK</subfield>
    </datafield>
    <datafield tag="041" ind1="0" ind2=" ">
      <subfield code="a">hunhun</subfield>
    </datafield>
    <datafield tag="245" ind1="1" ind2="0">
      <subfield code="a">100 éves a szakmunkásképzés Orosházán : </subfield>
      <subfield code="b">1884-1984 /</subfield>
      <subfield code="c">[összeáll. és írta ... Antali Gábor et al.] ; [kiad. a 612. Ipari Szakmunkásképző Intézet Orosháza]</subfield>
    </datafield>
    <datafield tag="260" ind1=" " ind2=" ">
      <subfield code="a">Orosháza :</subfield>
      <subfield code="b">612. Ip. Szakmunkásképző Int.,</subfield>
      <subfield code="c">1984</subfield>
      <subfield code="e">([Szeged]</subfield>
      <subfield code="f">Nagyalföldi Kőolaj- és Földgáztermelő Váll. Ny.)</subfield>
    </datafield>
    <datafield tag="300" ind1=" " ind2=" ">
      <subfield code="a">61 p. :</subfield>
      <subfield code="b">ill. ;</subfield>
      <subfield code="c">20 cm</subfield>
    </datafield>
    <datafield tag="500" ind1=" " ind2=" ">
      <subfield code="a">500</subfield>
    </datafield>
    <datafield tag="650" ind1=" " ind2="6">
      <subfield code="a">612. sz. Ipari Szakmunkásképző Intézet (Orosháza)</subfield>
    </datafield>
    <datafield tag="650" ind1=" " ind2="6">
      <subfield code="a">szakképzés - Orosháza</subfield>
    </datafield>
    <datafield tag="650" ind1=" " ind2="6">
      <subfield code="a">iskolák - 612. sz. Ipari Szakmunkásképző Intézet (Orosháza)</subfield>
    </datafield>
    <datafield tag="651" ind1=" " ind2="4">
      <subfield code="a">Orosháza</subfield>
    </datafield>
    <datafield tag="653" ind1=" " ind2=" ">
      <subfield code="a">szakmunkásképzés története Orosházán</subfield>
    </datafield>
    <datafield tag="700" ind1="1" ind2=" ">
      <subfield code="a">Antali Gábor</subfield>
      <subfield code="4">(összeáll.)</subfield>
    </datafield>
    <datafield tag="700" ind1="1" ind2="3">
      <subfield code="a">Pusztai Ádám</subfield>
      <subfield code="4">(összeáll.)</subfield>
    </datafield>
    <datafield tag="700" ind1="1" ind2="3">
      <subfield code="a">Vetésiné Petrányi Erzsébet</subfield>
      <subfield code="4">(összeáll.)</subfield>
    </datafield>
    <datafield tag="700" ind1="1" ind2="3">
      <subfield code="a">Baranyai István</subfield>
      <subfield code="4">(összeáll.)</subfield>
    </datafield>
    <datafield tag="700" ind1="1" ind2="3">
      <subfield code="a">Gulyás Gyula</subfield>
      <subfield code="4">(összeáll.)</subfield>
    </datafield>
    <datafield tag="710" ind1="2" ind2=" ">
      <subfield code="a">Ipari Szakmunkásképző Intézet (Orosháza)</subfield>
      <subfield code="4">közread.</subfield>
    </datafield>
    <datafield tag="852" ind1=" " ind2=" ">
      <subfield code="a">B1</subfield>
      <subfield code="b">B1</subfield>
      <subfield code="x">520585</subfield>
    </datafield>
    <datafield tag="852" ind1=" " ind2=" ">
      <subfield code="a">BCS1</subfield>
      <subfield code="b">BCS1</subfield>
      <subfield code="x">bibBKO00242915</subfield>
    </datafield>
    <datafield tag="852" ind1=" " ind2=" ">
      <subfield code="a">B8</subfield>
      <subfield code="b">B8</subfield>
      <subfield code="x">OGYK000211409</subfield>
    </datafield>
  </record>
  <record>
    <leader>00593nama 22001811i 4500</leader>
    <controlfield tag="001">MOKKAS0000560585  </controlfield>
    <controlfield tag="005">20060117231001.0</controlfield>
    <controlfield tag="008">040903s1968    hu            000 0 hunod</controlfield>
    <datafield tag="035" ind1=" " ind2=" ">
      <subfield code="a">1319381</subfield>
    </datafield>
    <datafield tag="040" ind1=" " ind2=" ">
      <subfield code="a">OSZK</subfield>
    </datafield>
    <datafield tag="041" ind1="0" ind2=" ">
      <subfield code="a">hunhun</subfield>
    </datafield>
    <datafield tag="245" ind1="0" ind2="0">
      <subfield code="a">100 éves a kötelező népoktatás : </subfield>
      <subfield code="b">tanulmányok /</subfield>
      <subfield code="c">[szerk. Arató Ferenc] ; [bev. Lugossy Jenő]</subfield>
    </datafield>
    <datafield tag="260" ind1=" " ind2=" ">
      <subfield code="a">Budapest :</subfield>
      <subfield code="b">[s.n.],</subfield>
      <subfield code="c">1968</subfield>
    </datafield>
    <datafield tag="300" ind1=" " ind2=" ">
      <subfield code="a">243 p. :</subfield>
      <subfield code="b">ill. ;</subfield>
      <subfield code="c">24 cm</subfield>
    </datafield>
    <datafield tag="504" ind1=" " ind2=" ">
      <subfield code="a">Bibliogr. a fejezetek végén</subfield>
    </datafield>
    <datafield tag="700" ind1="1" ind2=" ">
      <subfield code="a">Arató Ferenc</subfield>
      <subfield code="4">(szerk.)</subfield>
    </datafield>
    <datafield tag="700" ind1="1" ind2=" ">
      <subfield code="a">Lugossy Jenő</subfield>
      <subfield code="c">(cédulakatalógus alapján)</subfield>
      <subfield code="4">(bev.)</subfield>
    </datafield>
    <datafield tag="852" ind1=" " ind2=" ">
      <subfield code="a">B1</subfield>
      <subfield code="b">B1</subfield>
      <subfield code="x">1319381</subfield>
    </datafield>
  </record>
  <record>
    <leader>01248nam  2200361 i 4500</leader>
    <controlfield tag="001">MOKKAZ0004026713  </controlfield>
    <controlfield tag="005">20100505113522.0</controlfield>
    <controlfield tag="008">980417 1968    hu            00010 hun  </controlfield>
    <datafield tag="020" ind1=" " ind2=" ">
      <subfield code="a">(fűzött) :</subfield>
      <subfield code="c">28,- Ft</subfield>
    </datafield>
    <datafield tag="035" ind1=" " ind2=" ">
      <subfield code="a">bibJAT00307858</subfield>
    </datafield>
    <datafield tag="040" ind1=" " ind2=" ">
      <subfield code="a">SZTE</subfield>
    </datafield>
    <datafield tag="080" ind1=" " ind2=" ">
      <subfield code="a">37.014(439)"1868/1968"(082)</subfield>
    </datafield>
    <datafield tag="080" ind1=" " ind2=" ">
      <subfield code="a">373.3(439)(091)</subfield>
    </datafield>
    <datafield tag="245" ind1="0" ind2="0">
      <subfield code="a">100 éves a kötelező népoktatás :</subfield>
      <subfield code="b">tanulmányok /</subfield>
      <subfield code="c">[szerk. Arató Ferenc]</subfield>
    </datafield>
    <datafield tag="260" ind1=" " ind2=" ">
      <subfield code="a">Budapest :</subfield>
      <subfield code="b">Tankönyvkiadó,</subfield>
      <subfield code="c">1968</subfield>
    </datafield>
    <datafield tag="300" ind1=" " ind2=" ">
      <subfield code="a">243 p. :</subfield>
      <subfield code="b">ill. ;</subfield>
      <subfield code="c">24 cm</subfield>
    </datafield>
    <datafield tag="504" ind1=" " ind2=" ">
      <subfield code="a">Bibliográfiákkal</subfield>
    </datafield>
    <datafield tag="650" ind1=" " ind2="7">
      <subfield code="a">Oktatásügy</subfield>
      <subfield code="x">Magyarország</subfield>
      <subfield code="x">története</subfield>
      <subfield code="x">tanulmányok</subfield>
      <subfield code="2">szte</subfield>
    </datafield>
    <datafield tag="653" ind1=" " ind2=" ">
      <subfield code="a">tanulmányok, magyar népoktatás</subfield>
    </datafield>
    <datafield tag="695" ind1=" " ind2=" ">
      <subfield code="a">Népoktatás</subfield>
      <subfield code="x">történet</subfield>
      <subfield code="x">tanulmányok</subfield>
    </datafield>
    <datafield tag="695" ind1=" " ind2=" ">
      <subfield code="a">xxx</subfield>
    </datafield>
    <datafield tag="695" ind1=" " ind2=" ">
      <subfield code="a">ZZZ</subfield>
    </datafield>
    <datafield tag="695" ind1=" " ind2=" ">
      <subfield code="a">Oktatásügy</subfield>
      <subfield code="x">Magyarország</subfield>
      <subfield code="x">története</subfield>
      <subfield code="x">tanulmányok</subfield>
    </datafield>
    <datafield tag="695" ind1=" " ind2=" ">
      <subfield code="a">Közoktatás</subfield>
    </datafield>
    <datafield tag="700" ind1="1" ind2=" ">
      <subfield code="a">Arató Ferenc</subfield>
    </datafield>
    <datafield tag="852" ind1=" " ind2=" ">
      <subfield code="a">B10</subfield>
      <subfield code="B">0801</subfield>
      <subfield code="B">2000</subfield>
      <subfield code="B">1803</subfield>
      <subfield code="B">1308</subfield>
      <subfield code="B">1704</subfield>
      <subfield code="b">1105</subfield>
      <subfield code="x">bibFSZ00053346</subfield>
    </datafield>
    <datafield tag="852" ind1=" " ind2=" ">
      <subfield code="a">P1</subfield>
      <subfield code="b">P1/FK</subfield>
      <subfield code="x">bibJPT00178439</subfield>
    </datafield>
    <datafield tag="852" ind1=" " ind2=" ">
      <subfield code="a">SZ1</subfield>
      <subfield code="b">SZ1/R3</subfield>
      <subfield code="b">SZ1/R2</subfield>
      <subfield code="x">bibJAT00307858</subfield>
    </datafield>
    <datafield tag="852" ind1=" " ind2=" ">
      <subfield code="a">BCS1</subfield>
      <subfield code="b">BCS1</subfield>
      <subfield code="x">bibBKO00149438</subfield>
    </datafield>
    <datafield tag="852" ind1=" " ind2=" ">
      <subfield code="a">SZ4</subfield>
      <subfield code="b">SZ4</subfield>
      <subfield code="x">bibSOK00062081</subfield>
    </datafield>
    <datafield tag="852" ind1=" " ind2=" ">
      <subfield code="a">SZL1</subfield>
      <subfield code="b">SZL1</subfield>
      <subfield code="x">bibVFK00136982</subfield>
    </datafield>
    <datafield tag="852" ind1=" " ind2=" ">
      <subfield code="a">B8</subfield>
      <subfield code="b">B8</subfield>
      <subfield code="x">OGYK000125334</subfield>
    </datafield>
    <datafield tag="852" ind1=" " ind2=" ">
      <subfield code="a">S1</subfield>
      <subfield code="b">S48</subfield>
      <subfield code="x">bibJAT00307858</subfield>
    </datafield>
  </record>
  <record>
    <leader>01226nam  22002771i 4500</leader>
    <controlfield tag="001">MOKKAS0003650263  </controlfield>
    <controlfield tag="005">20060614032208.0</controlfield>
    <controlfield tag="008">      s1991    hu            10010 hun d</controlfield>
    <datafield tag="035" ind1=" " ind2=" ">
      <subfield code="a">bibSEF00001915</subfield>
    </datafield>
    <datafield tag="040" ind1=" " ind2=" ">
      <subfield code="a">NYME</subfield>
    </datafield>
    <datafield tag="245" ind1="0" ind2="0">
      <subfield code="a">100 éves a Magyar Biológiai Társaság Botanikai Szakosztálya /</subfield>
      <subfield code="c">[szerk. Babos Károly et al.]</subfield>
    </datafield>
    <datafield tag="260" ind1=" " ind2=" ">
      <subfield code="a">Budapest :</subfield>
      <subfield code="b">Magyar Biológiai Társaság :</subfield>
      <subfield code="b">Magyar Természettudományi Mózeum ;</subfield>
      <subfield code="a">Szombathely :</subfield>
      <subfield code="b">Berzsenyi Dániel Tanárképző Főiskola,</subfield>
      <subfield code="c">1991.</subfield>
    </datafield>
    <datafield tag="300" ind1=" " ind2=" ">
      <subfield code="a">72 p. ;</subfield>
      <subfield code="c">24 cm</subfield>
    </datafield>
    <datafield tag="490" ind1="1" ind2=" ">
      <subfield code="a">(Bio tár / Berzsenyi Dániel Tanárképző Főiskola,</subfield>
      <subfield code="x">0239-2724[!][0239-1724] ;</subfield>
      <subfield code="v">7. [Haynaldia])</subfield>
    </datafield>
    <datafield tag="500" ind1=" " ind2=" ">
      <subfield code="a">Konferencia: Szombathely[?], 1991. augusztus 21-23.</subfield>
    </datafield>
    <datafield tag="700" ind1="1" ind2=" ">
      <subfield code="a">Babos Károly</subfield>
    </datafield>
    <datafield tag="700" ind1="2" ind2=" ">
      <subfield code="a">Kis Keve Tihamér</subfield>
    </datafield>
    <datafield tag="700" ind1="1" ind2=" ">
      <subfield code="a">Kovács J. Attila</subfield>
    </datafield>
    <datafield tag="700" ind1="1" ind2=" ">
      <subfield code="a">Pintér István</subfield>
    </datafield>
    <datafield tag="700" ind1="1" ind2=" ">
      <subfield code="a">Takács Béla</subfield>
    </datafield>
    <datafield tag="700" ind1="1" ind2=" ">
      <subfield code="a">Szabó T. Attila</subfield>
    </datafield>
    <datafield tag="810" ind1="2" ind2=" ">
      <subfield code="a">Magyar Biológiai Társaság</subfield>
      <subfield code="b">Botanikai Szakosztály</subfield>
    </datafield>
    <datafield tag="810" ind1="2" ind2=" ">
      <subfield code="a">Magyar Természettudományi Mázeum (Budapest)</subfield>
      <subfield code="b">Növénytár (Budapest)</subfield>
    </datafield>
    <datafield tag="810" ind1="2" ind2=" ">
      <subfield code="a">Berzsenyi Dániel Tanárképző Főiskola (Szombathely)</subfield>
    </datafield>
    <datafield tag="830" ind1=" " ind2="0">
      <subfield code="a">Bio tár (Berzsenyi Dániel Tanárképző Főiskola, Szombathely)</subfield>
    </datafield>
    <datafield tag="852" ind1=" " ind2=" ">
      <subfield code="a">S1</subfield>
      <subfield code="b">S1</subfield>
      <subfield code="x">bibSEF00001915</subfield>
    </datafield>
  </record>
  <record>
    <leader>00811nam  2200217 i 4500</leader>
    <controlfield tag="001">MOKKAN0004564387  </controlfield>
    <controlfield tag="005">20070502233511.0</controlfield>
    <controlfield tag="008">020207s1991                            d</controlfield>
    <datafield tag="035" ind1=" " ind2=" ">
      <subfield code="a">150203710</subfield>
    </datafield>
    <datafield tag="040" ind1=" " ind2=" ">
      <subfield code="a">BDK</subfield>
    </datafield>
    <datafield tag="100" ind1="1" ind2=" ">
      <subfield code="a">Babos Károly</subfield>
    </datafield>
    <datafield tag="245" ind1="0" ind2="0">
      <subfield code="a">100 éves a Magyar Biológiai Társaság Botanikai Szakosztálya = [Hundredth anniversary of the Hungarian Botanical Society] : </subfield>
      <subfield code="b">[1891-1991] /</subfield>
      <subfield code="c">szerk.: Babos Károly, Kiss Keve Tihamér</subfield>
    </datafield>
    <datafield tag="260" ind1=" " ind2=" ">
      <subfield code="a">Budapest ; Szombathely :</subfield>
      <subfield code="b">MBT BSZ MTM;BDTF,</subfield>
      <subfield code="c">1991</subfield>
    </datafield>
    <datafield tag="300" ind1=" " ind2=" ">
      <subfield code="c">72 p.</subfield>
    </datafield>
    <datafield tag="490" ind1="1" ind2=" ">
      <subfield code="a">Bio tár; 7.</subfield>
      <subfield code="x">0239-2724</subfield>
    </datafield>
    <datafield tag="500" ind1=" " ind2=" ">
      <subfield code="a">Helyi szerzök elöadásainak illetve helyi témájú elöadások kivonataival is.</subfield>
    </datafield>
    <datafield tag="653" ind1=" " ind2=" ">
      <subfield code="a">Vas megye</subfield>
    </datafield>
    <datafield tag="653" ind1=" " ind2=" ">
      <subfield code="a">növénytan</subfield>
    </datafield>
    <datafield tag="700" ind1="2" ind2=" ">
      <subfield code="a">Kiss Keve Tihamér</subfield>
      <subfield code="4">(szerk.)</subfield>
    </datafield>
    <datafield tag="830" ind1=" " ind2="0">
      <subfield code="a">Bio tár; 7.</subfield>
    </datafield>
    <datafield tag="852" ind1=" " ind2=" ">
      <subfield code="a">SZO1</subfield>
      <subfield code="b">SZO1</subfield>
      <subfield code="x">150203710</subfield>
    </datafield>
  </record>
  <record>
    <leader>01168nam  2200301 i 4500</leader>
    <controlfield tag="001">MOKKAZ0003397040  </controlfield>
    <controlfield tag="005">20100412110421.0</controlfield>
    <controlfield tag="008">970129q19911995hu            10110 hun d</controlfield>
    <datafield tag="035" ind1=" " ind2=" ">
      <subfield code="a">bibKLT00128172</subfield>
    </datafield>
    <datafield tag="040" ind1=" " ind2=" ">
      <subfield code="a">DEENK</subfield>
    </datafield>
    <datafield tag="041" ind1="1" ind2=" ">
      <subfield code="a">hun</subfield>
      <subfield code="f">eng</subfield>
    </datafield>
    <datafield tag="080" ind1=" " ind2=" ">
      <subfield code="a">061.75:58(439)(063)</subfield>
    </datafield>
    <datafield tag="245" ind1="0" ind2="0">
      <subfield code="a">100 éves a Magyar Biológiai Társaság Botanikai Szakosztálya =</subfield>
      <subfield code="b">Hundredth anniversary of the Hungarian Botanical Society, 1891-1991 /</subfield>
      <subfield code="c">[szerkbiz. Babos Károly et al.]</subfield>
    </datafield>
    <datafield tag="260" ind1=" " ind2=" ">
      <subfield code="a">Szombathely :</subfield>
      <subfield code="b">Berzsenyi Dániel Tanárképző Főiskola,</subfield>
      <subfield code="c">[199?]</subfield>
    </datafield>
    <datafield tag="300" ind1=" " ind2=" ">
      <subfield code="a">72 p. ;</subfield>
      <subfield code="c">25 cm</subfield>
    </datafield>
    <datafield tag="490" ind1="1" ind2=" ">
      <subfield code="a">(BIO tár,</subfield>
      <subfield code="x">0239-2724 ;</subfield>
      <subfield code="v">7.)</subfield>
    </datafield>
    <datafield tag="500" ind1=" " ind2=" ">
      <subfield code="a">Mutató: p. 69-71.</subfield>
    </datafield>
    <datafield tag="546" ind1=" " ind2=" ">
      <subfield code="a">Csak magyarul</subfield>
    </datafield>
    <datafield tag="546" ind1=" " ind2=" ">
      <subfield code="a">Tartalomjegyzék angol és magyar nyelven</subfield>
    </datafield>
    <datafield tag="610" ind1="2" ind2=" ">
      <subfield code="a">Magyar Biológiai Társaság.</subfield>
      <subfield code="b">Botanikai Szakosztály</subfield>
    </datafield>
    <datafield tag="650" ind1=" " ind2="7">
      <subfield code="a">Növénytan</subfield>
      <subfield code="2">lcsh//hun</subfield>
    </datafield>
    <datafield tag="650" ind1=" " ind2="0">
      <subfield code="a">Botany</subfield>
      <subfield code="x">Addresses, essays, lectures.</subfield>
    </datafield>
    <datafield tag="650" ind1=" " ind2="4">
      <subfield code="a">Növénytan</subfield>
    </datafield>
    <datafield tag="700" ind1="1" ind2=" ">
      <subfield code="a">Babos Károly</subfield>
    </datafield>
    <datafield tag="710" ind1="2" ind2=" ">
      <subfield code="a">Berzsenyi Dániel Tanárképző Főiskola (Szombathely)</subfield>
    </datafield>
    <datafield tag="740" ind1="0" ind2="1">
      <subfield code="a">Száz éves a Magyar Biológiai Társaság Botanikai Szakosztálya</subfield>
    </datafield>
    <datafield tag="830" ind1=" " ind2="0">
      <subfield code="a">Bio tár</subfield>
    </datafield>
    <datafield tag="852" ind1=" " ind2=" ">
      <subfield code="a">D1</subfield>
      <subfield code="b">D2/RK</subfield>
      <subfield code="b">D1</subfield>
      <subfield code="x">bibKLT00128172</subfield>
    </datafield>
  </record>
  <record>
    <leader>00668fam  2200193 i 4500</leader>
    <controlfield tag="001">MOKKAZ0006388369  </controlfield>
    <controlfield tag="005">20040915200012.0</controlfield>
    <controlfield tag="008">000210s1999    hu a          000 0 hun d</controlfield>
    <datafield tag="020" ind1=" " ind2=" ">
      <subfield code="a">963-03-9371-9 (fűzött)</subfield>
    </datafield>
    <datafield tag="035" ind1=" " ind2=" ">
      <subfield code="a">410966</subfield>
    </datafield>
    <datafield tag="040" ind1=" " ind2=" ">
      <subfield code="a">OSZK</subfield>
    </datafield>
    <datafield tag="245" ind1="0" ind2="0">
      <subfield code="a">100 éves a Magyar Fotográfiai Egyesület /</subfield>
      <subfield code="c">[a tanulmányt írta és szerk. Baki Péter]</subfield>
    </datafield>
    <datafield tag="260" ind1=" " ind2=" ">
      <subfield code="a">[Budapest] :</subfield>
      <subfield code="b">M. Fotográfiai Egyes.,</subfield>
      <subfield code="c">1999</subfield>
      <subfield code="e">([S.l.]</subfield>
      <subfield code="f">[s.n.])</subfield>
    </datafield>
    <datafield tag="300" ind1=" " ind2=" ">
      <subfield code="a">31 p. :</subfield>
      <subfield code="b">ill. ;</subfield>
      <subfield code="c">15x19 cm</subfield>
    </datafield>
    <datafield tag="610" ind1="2" ind2="4">
      <subfield code="a">Magyar Fotográfiai Egyesület</subfield>
    </datafield>
    <datafield tag="700" ind1="1" ind2=" ">
      <subfield code="a">Baki Péter</subfield>
      <subfield code="4">(szerk.)</subfield>
    </datafield>
    <datafield tag="710" ind1="2" ind2=" ">
      <subfield code="a">Magyar Fotográfiai Egyesület</subfield>
      <subfield code="4">közread.</subfield>
    </datafield>
    <datafield tag="852" ind1=" " ind2=" ">
      <subfield code="a">B1</subfield>
      <subfield code="b">B1</subfield>
      <subfield code="x">410966</subfield>
    </datafield>
    <datafield tag="852" ind1=" " ind2=" ">
      <subfield code="a">B10</subfield>
      <subfield code="b">0801B</subfield>
      <subfield code="x">bibFSZ00290366</subfield>
    </datafield>
  </record>
  <record>
    <leader>00981fam  2200265 i 4500</leader>
    <controlfield tag="001">MOKKAZ0003662296  </controlfield>
    <controlfield tag="005">20090618005537.0</controlfield>
    <controlfield tag="008">010517s2000    hu ao         00010 hun d</controlfield>
    <datafield tag="035" ind1=" " ind2=" ">
      <subfield code="a">bibKLT00289250</subfield>
    </datafield>
    <datafield tag="040" ind1=" " ind2=" ">
      <subfield code="a">DEENK</subfield>
    </datafield>
    <datafield tag="245" ind1="0" ind2="0">
      <subfield code="a">100 éves a Közlekedési Műszergyártó Rt. /</subfield>
      <subfield code="c">[... közrem. Bányai György és Kálmán László]</subfield>
    </datafield>
    <datafield tag="260" ind1=" " ind2=" ">
      <subfield code="a">[Budapest] :</subfield>
      <subfield code="b">Közlekedési Műszergyártó Rt.,</subfield>
      <subfield code="c">[2000]</subfield>
    </datafield>
    <datafield tag="300" ind1=" " ind2=" ">
      <subfield code="a">63 p., [4] t. :</subfield>
      <subfield code="b">ill., színes ;</subfield>
      <subfield code="c">22 cm</subfield>
    </datafield>
    <datafield tag="610" ind1="2" ind2=" ">
      <subfield code="a">Közlekedési Műszergyártó Rt. (Budapest)</subfield>
    </datafield>
    <datafield tag="650" ind1=" " ind2="4">
      <subfield code="a">Műszeripar</subfield>
      <subfield code="x">történet</subfield>
    </datafield>
    <datafield tag="650" ind1=" " ind2="4">
      <subfield code="a">Kommunikáció és közlekedés</subfield>
      <subfield code="x">felszerelés és eszközállomány</subfield>
    </datafield>
    <datafield tag="650" ind1=" " ind2="0">
      <subfield code="a">Instrument industry</subfield>
      <subfield code="x">History.</subfield>
    </datafield>
    <datafield tag="650" ind1=" " ind2="0">
      <subfield code="a">Communication and traffic</subfield>
      <subfield code="x">Equipment and supplies.</subfield>
    </datafield>
    <datafield tag="650" ind1=" " ind2="4">
      <subfield code="a">ipartörténet</subfield>
    </datafield>
    <datafield tag="650" ind1=" " ind2="4">
      <subfield code="a">műszergyártás</subfield>
    </datafield>
    <datafield tag="650" ind1=" " ind2="4">
      <subfield code="a">20. század</subfield>
    </datafield>
    <datafield tag="700" ind1="1" ind2=" ">
      <subfield code="a">Bányai György</subfield>
    </datafield>
    <datafield tag="700" ind1="1" ind2=" ">
      <subfield code="a">Kálmán László</subfield>
      <subfield code="d">(1957-)</subfield>
    </datafield>
    <datafield tag="852" ind1=" " ind2=" ">
      <subfield code="a">D1</subfield>
      <subfield code="b">D1</subfield>
      <subfield code="x">bibKLT00289250</subfield>
    </datafield>
    <datafield tag="852" ind1=" " ind2=" ">
      <subfield code="a">B8</subfield>
      <subfield code="b">B8</subfield>
      <subfield code="x">OGYK000043829</subfield>
    </datafield>
  </record>
  <record>
    <leader>00791nam  2200193 i 4500</leader>
    <controlfield tag="001">MOKKAS0003353971  </controlfield>
    <controlfield tag="005">20060604201306.0</controlfield>
    <controlfield tag="008">050101s1997                            d</controlfield>
    <datafield tag="020" ind1=" " ind2=" ">
      <subfield code="a">963-04-7676-2</subfield>
    </datafield>
    <datafield tag="035" ind1=" " ind2=" ">
      <subfield code="a">575547</subfield>
    </datafield>
    <datafield tag="040" ind1=" " ind2=" ">
      <subfield code="a">KKMK</subfield>
    </datafield>
    <datafield tag="110" ind1="2" ind2="0">
      <subfield code="a">Baross Gábor Közgazdasági Szakközépiskola (Győr)</subfield>
    </datafield>
    <datafield tag="245" ind1="1" ind2="0">
      <subfield code="a">100 éves a Baross Gábor Közgazdasági Szakközépiskola, 1897-1997 : </subfield>
      <subfield code="b">[jubileumi évkönyv] /</subfield>
      <subfield code="c">Baross Gábor Közgazdasági Szakközépiskola ; szerk. Takács Zoltán ; közrem. Nagyné Gyurós Katalin</subfield>
    </datafield>
    <datafield tag="260" ind1=" " ind2=" ">
      <subfield code="a">Győr :</subfield>
      <subfield code="b">SZÖVIN Kft.,</subfield>
      <subfield code="c">[1997]</subfield>
    </datafield>
    <datafield tag="300" ind1=" " ind2=" ">
      <subfield code="a">204 p. :</subfield>
      <subfield code="b">ill. ;</subfield>
      <subfield code="c">24 cm</subfield>
    </datafield>
    <datafield tag="610" ind1="2" ind2="4">
      <subfield code="a">Baross Gábor Közgazdasági Szakközépiskola (Győr)</subfield>
    </datafield>
    <datafield tag="700" ind1="1" ind2="0">
      <subfield code="a">Takács Zoltán</subfield>
      <subfield code="4">(szerk.)</subfield>
    </datafield>
    <datafield tag="700" ind1="2" ind2="0">
      <subfield code="a">Nagyné Gyurós Katalin</subfield>
      <subfield code="4">(közrem.)</subfield>
    </datafield>
    <datafield tag="852" ind1=" " ind2=" ">
      <subfield code="a">GY1</subfield>
      <subfield code="b">GY1</subfield>
      <subfield code="x">575547</subfield>
    </datafield>
  </record>
  <record>
    <leader>01355nam  2200313 i 4500</leader>
    <controlfield tag="001">MOKKAN0004567371  </controlfield>
    <controlfield tag="005">20100126174421.0</controlfield>
    <controlfield tag="008">020207s1973                            d</controlfield>
    <datafield tag="035" ind1=" " ind2=" ">
      <subfield code="a">150292086</subfield>
    </datafield>
    <datafield tag="040" ind1=" " ind2=" ">
      <subfield code="a">BDK</subfield>
    </datafield>
    <datafield tag="100" ind1="1" ind2=" ">
      <subfield code="a">Bencze Károly</subfield>
      <subfield code="c">(betöltött szerző)</subfield>
    </datafield>
    <datafield tag="245" ind1="0" ind2="0">
      <subfield code="a">100 éves a szombathelyi gázgyártás /</subfield>
      <subfield code="c">közrem.: Bencze Károly, EMRESZ Tibor, Hetényi Lajos, Koltay László, Steiner Rezső ; összeáll.: Bencze Károly, EMRESZ Tibor, Hetényi Lajos, Koltay László, Pálfalvi József, Steiner Rezső</subfield>
    </datafield>
    <datafield tag="260" ind1=" " ind2=" ">
      <subfield code="a">Szombathely,</subfield>
      <subfield code="c">1973</subfield>
    </datafield>
    <datafield tag="300" ind1=" " ind2=" ">
      <subfield code="c">79 p.,2 t.</subfield>
    </datafield>
    <datafield tag="653" ind1=" " ind2=" ">
      <subfield code="a">Szombathely</subfield>
    </datafield>
    <datafield tag="653" ind1=" " ind2=" ">
      <subfield code="a">centenárium</subfield>
    </datafield>
    <datafield tag="653" ind1=" " ind2=" ">
      <subfield code="a">gázellátás, gázszolgáltatás</subfield>
    </datafield>
    <datafield tag="653" ind1=" " ind2=" ">
      <subfield code="a">ÉGÁZ Rt.</subfield>
    </datafield>
    <datafield tag="653" ind1=" " ind2=" ">
      <subfield code="a">évforduló</subfield>
    </datafield>
    <datafield tag="700" ind1="1" ind2=" ">
      <subfield code="a">EMRESZ Tibor</subfield>
      <subfield code="c">(betöltött szerző)</subfield>
      <subfield code="4">(összeáll.)</subfield>
    </datafield>
    <datafield tag="700" ind1="1" ind2=" ">
      <subfield code="a">EMRESZ Tibor</subfield>
      <subfield code="c">(betöltött szerző)</subfield>
      <subfield code="4">(közrem.)</subfield>
    </datafield>
    <datafield tag="700" ind1="1" ind2=" ">
      <subfield code="a">Hetényi Lajos</subfield>
      <subfield code="c">(betöltött szerző)</subfield>
      <subfield code="4">(összeáll.)</subfield>
    </datafield>
    <datafield tag="700" ind1="1" ind2=" ">
      <subfield code="a">Hetényi Lajos</subfield>
      <subfield code="c">(betöltött szerző)</subfield>
      <subfield code="4">(közrem.)</subfield>
    </datafield>
    <datafield tag="700" ind1="1" ind2=" ">
      <subfield code="a">Koltay László</subfield>
      <subfield code="c">(betöltött szerző)</subfield>
      <subfield code="4">(összeáll.)</subfield>
    </datafield>
    <datafield tag="700" ind1="1" ind2=" ">
      <subfield code="a">Koltay László</subfield>
      <subfield code="c">(betöltött szerző)</subfield>
      <subfield code="4">(közrem.)</subfield>
    </datafield>
    <datafield tag="700" ind1="1" ind2=" ">
      <subfield code="a">Pálfalvi József</subfield>
      <subfield code="d">(1948-)</subfield>
      <subfield code="4">(összeáll.)</subfield>
    </datafield>
    <datafield tag="700" ind1="1" ind2=" ">
      <subfield code="a">Steiner Rezső</subfield>
      <subfield code="c">(betöltött szerző)</subfield>
      <subfield code="4">(összeáll.)</subfield>
    </datafield>
    <datafield tag="700" ind1="1" ind2=" ">
      <subfield code="a">Steiner Rezső</subfield>
      <subfield code="c">(betöltött szerző)</subfield>
      <subfield code="4">(közrem.)</subfield>
    </datafield>
    <datafield tag="852" ind1=" " ind2=" ">
      <subfield code="a">SZO1</subfield>
      <subfield code="b">SZO1</subfield>
      <subfield code="x">150292086</subfield>
    </datafield>
  </record>
  <record>
    <leader>00658nama 22001571i 4500</leader>
    <controlfield tag="001">MOKKAS0000565845  </controlfield>
    <controlfield tag="005">20060117232819.0</controlfield>
    <controlfield tag="008">040903s1973    hu            000 0 hunod</controlfield>
    <datafield tag="035" ind1=" " ind2=" ">
      <subfield code="a">1324641</subfield>
    </datafield>
    <datafield tag="040" ind1=" " ind2=" ">
      <subfield code="a">OSZK</subfield>
    </datafield>
    <datafield tag="041" ind1="0" ind2=" ">
      <subfield code="a">hunhun</subfield>
    </datafield>
    <datafield tag="245" ind1="0" ind2="0">
      <subfield code="a">100 éves a szombathelyi gázgyártás : </subfield>
      <subfield code="b">Északdunántúli Gázgyártó és Szolgáltató Vállalat jubileumi kiadványa /</subfield>
      <subfield code="c">[összeáll. Bencze Károly et al.]</subfield>
    </datafield>
    <datafield tag="260" ind1=" " ind2=" ">
      <subfield code="a">[Szombathely] :</subfield>
      <subfield code="b">Északdunántúli Gázgyártó és Szolgáltató Vállalat,</subfield>
      <subfield code="c">1973</subfield>
      <subfield code="e">([Szombathely]</subfield>
      <subfield code="f">Vas M. Ny.)</subfield>
    </datafield>
    <datafield tag="300" ind1=" " ind2=" ">
      <subfield code="a">79 p., 2 t. ;</subfield>
      <subfield code="c">24 cm</subfield>
    </datafield>
    <datafield tag="700" ind1="1" ind2=" ">
      <subfield code="a">Bencze Károly</subfield>
      <subfield code="c">(cédulakatalógus alapján)</subfield>
      <subfield code="4">(összeáll.)</subfield>
    </datafield>
    <datafield tag="852" ind1=" " ind2=" ">
      <subfield code="a">B1</subfield>
      <subfield code="b">B1</subfield>
      <subfield code="x">1324641</subfield>
    </datafield>
  </record>
  <record>
    <leader>00673cam  2200193 i 4500</leader>
    <controlfield tag="001">MOKKAN0003904521  </controlfield>
    <controlfield tag="005">20061210040711.0</controlfield>
    <controlfield tag="008">      s1988    hu a          000   hun d</controlfield>
    <datafield tag="020" ind1=" " ind2=" ">
      <subfield code="a">963 02 5763 7</subfield>
    </datafield>
    <datafield tag="035" ind1=" " ind2=" ">
      <subfield code="a">ISISFEF0009350</subfield>
    </datafield>
    <datafield tag="040" ind1=" " ind2=" ">
      <subfield code="a">DEENK</subfield>
    </datafield>
    <datafield tag="245" ind1="0" ind2="0">
      <subfield code="a">100 éves a magyarországi villamosenergia szolgáltatás :</subfield>
      <subfield code="b">1888-1988 /</subfield>
      <subfield code="c">szerk. Berényi Endre, Petri Pál, Péti Szilveszter]</subfield>
    </datafield>
    <datafield tag="260" ind1=" " ind2=" ">
      <subfield code="a">Budapest :</subfield>
      <subfield code="b">Magyar Villamos Művek Tröszt,</subfield>
      <subfield code="c">1988</subfield>
    </datafield>
    <datafield tag="300" ind1=" " ind2=" ">
      <subfield code="a">54 p. :</subfield>
      <subfield code="b">ill. ;</subfield>
      <subfield code="c">28 cm</subfield>
    </datafield>
    <datafield tag="700" ind1="1" ind2=" ">
      <subfield code="a">Berényi Endre</subfield>
    </datafield>
    <datafield tag="700" ind1="1" ind2=" ">
      <subfield code="a">Petri Pál</subfield>
    </datafield>
    <datafield tag="700" ind1=" " ind2=" ">
      <subfield code="a">Péti Szilveszter</subfield>
    </datafield>
    <datafield tag="710" ind1="2" ind2=" ">
      <subfield code="a">Magyar Villamos Művek Tröszt (Budapest)</subfield>
      <subfield code="d">(1963-1992)</subfield>
    </datafield>
    <datafield tag="852" ind1=" " ind2=" ">
      <subfield code="a">D1</subfield>
      <subfield code="b">D1</subfield>
      <subfield code="x">ISISFEF0009350</subfield>
    </datafield>
  </record>
  <record>
    <leader>00818fam  2200217 i 4500</leader>
    <controlfield tag="001">MOKKAZ0006238362  </controlfield>
    <controlfield tag="005">20040915182612.0</controlfield>
    <controlfield tag="008">940509t19881988hu            010 0 hun d</controlfield>
    <datafield tag="020" ind1=" " ind2=" ">
      <subfield code="a">963-02-5763-7 (fűzött)</subfield>
    </datafield>
    <datafield tag="035" ind1=" " ind2=" ">
      <subfield code="a">542101</subfield>
    </datafield>
    <datafield tag="040" ind1=" " ind2=" ">
      <subfield code="a">OSZK</subfield>
    </datafield>
    <datafield tag="041" ind1="0" ind2=" ">
      <subfield code="a">hunhun</subfield>
    </datafield>
    <datafield tag="245" ind1="1" ind2="0">
      <subfield code="a">100 éves a magyarországi villamosenergia szolgáltatás : </subfield>
      <subfield code="b">1888-1988 /</subfield>
      <subfield code="c">[szerk. Berényi Endre, Petri Pál, Péti Szilveszter] ; [közread. a] Magyar Villamos Művek Tröszt</subfield>
    </datafield>
    <datafield tag="260" ind1=" " ind2=" ">
      <subfield code="a">[Budapest] :</subfield>
      <subfield code="b">MVMT,</subfield>
      <subfield code="c">1988</subfield>
      <subfield code="e">([Eger]</subfield>
      <subfield code="f">Révai)</subfield>
    </datafield>
    <datafield tag="300" ind1=" " ind2=" ">
      <subfield code="a">54 p. :</subfield>
      <subfield code="b">ill., részben színes ;</subfield>
      <subfield code="c">28 cm</subfield>
    </datafield>
    <datafield tag="700" ind1="1" ind2=" ">
      <subfield code="a">Berényi Endre</subfield>
      <subfield code="4">(szerk.)</subfield>
    </datafield>
    <datafield tag="700" ind1="1" ind2=" ">
      <subfield code="a">Petri Pál</subfield>
      <subfield code="4">(szerk.)</subfield>
    </datafield>
    <datafield tag="700" ind1="1" ind2=" ">
      <subfield code="a">Péti Szilveszter</subfield>
      <subfield code="4">(szerk.)</subfield>
    </datafield>
    <datafield tag="710" ind1="2" ind2=" ">
      <subfield code="a">Magyar Villamos Művek Tröszt (Budapest)</subfield>
      <subfield code="4">közread.</subfield>
    </datafield>
    <datafield tag="852" ind1=" " ind2=" ">
      <subfield code="a">B1</subfield>
      <subfield code="b">B1</subfield>
      <subfield code="x">542101</subfield>
    </datafield>
    <datafield tag="852" ind1=" " ind2=" ">
      <subfield code="a">D1</subfield>
      <subfield code="b">D1</subfield>
      <subfield code="x">ISISFEF0009350</subfield>
    </datafield>
  </record>
  <record>
    <leader>01138nam  2200277 i 4500</leader>
    <controlfield tag="001">MOKKAS0003384096  </controlfield>
    <controlfield tag="005">20060605124421.0</controlfield>
    <controlfield tag="008">050101s1988                            d</controlfield>
    <datafield tag="035" ind1=" " ind2=" ">
      <subfield code="a">681118</subfield>
    </datafield>
    <datafield tag="040" ind1=" " ind2=" ">
      <subfield code="a">KKMK</subfield>
    </datafield>
    <datafield tag="245" ind1="0" ind2="0">
      <subfield code="a">100 éves a magyarországi villamosenergia szolgáltatás, 1888-1988 : </subfield>
      <subfield code="b">100 éves a magyarországi villamosenergia szolgáltatás 1888-1988 /</subfield>
      <subfield code="c">[szerk.] Berényi Endre ; [szerk.] Petri Pál ; [szerk.] Péti Szilveszter ; [közread.] Magyar Villamos Művek Tröszt ; [közrem., fotó] Csordás Gábor</subfield>
    </datafield>
    <datafield tag="260" ind1=" " ind2=" ">
      <subfield code="a">Budapest :</subfield>
      <subfield code="b">Magyar Villamos Művek Rt.,</subfield>
      <subfield code="c">[1988]</subfield>
    </datafield>
    <datafield tag="300" ind1=" " ind2=" ">
      <subfield code="a">54 p. :</subfield>
      <subfield code="b">ill., főként színes ;</subfield>
      <subfield code="c">28 cm</subfield>
    </datafield>
    <datafield tag="500" ind1=" " ind2=" ">
      <subfield code="a">Győr-Sopron megyei adatokkal</subfield>
    </datafield>
    <datafield tag="610" ind1="2" ind2="4">
      <subfield code="a">Magyar Villamos Művek Tröszt</subfield>
    </datafield>
    <datafield tag="650" ind1=" " ind2="4">
      <subfield code="a">villamosipar</subfield>
    </datafield>
    <datafield tag="650" ind1=" " ind2="4">
      <subfield code="a">ipartörténet</subfield>
    </datafield>
    <datafield tag="651" ind1=" " ind2="4">
      <subfield code="a">Magyarország</subfield>
    </datafield>
    <datafield tag="651" ind1=" " ind2="4">
      <subfield code="a">Győr-Sopron megye</subfield>
    </datafield>
    <datafield tag="653" ind1=" " ind2=" ">
      <subfield code="a">1888-1988</subfield>
    </datafield>
    <datafield tag="700" ind1="1" ind2="0">
      <subfield code="a">Berényi Endre</subfield>
      <subfield code="4">([szerk.])</subfield>
    </datafield>
    <datafield tag="700" ind1="1" ind2="0">
      <subfield code="a">Petri Pál</subfield>
      <subfield code="4">([szerk.])</subfield>
    </datafield>
    <datafield tag="700" ind1="1" ind2="0">
      <subfield code="a">Péti Szilveszter</subfield>
      <subfield code="4">([szerk.])</subfield>
    </datafield>
    <datafield tag="700" ind1="1" ind2="0">
      <subfield code="a">Csordás Gábor</subfield>
      <subfield code="4">([közrem., fotó])</subfield>
    </datafield>
    <datafield tag="710" ind1="2" ind2="0">
      <subfield code="a">Magyar Villamos Művek Tröszt</subfield>
      <subfield code="4">[közread.]</subfield>
    </datafield>
    <datafield tag="852" ind1=" " ind2=" ">
      <subfield code="a">GY1</subfield>
      <subfield code="b">GY1</subfield>
      <subfield code="x">681118</subfield>
    </datafield>
  </record>
  <record>
    <leader>01101fam  2200289 i 4500</leader>
    <controlfield tag="001">MOKKAZ0006332503  </controlfield>
    <controlfield tag="005">20040915192911.0</controlfield>
    <controlfield tag="008">951019s1994    hu aro        000 0 hun d</controlfield>
    <datafield tag="020" ind1=" " ind2=" ">
      <subfield code="a">963-04-4877-7* (bársony) :</subfield>
      <subfield code="c">200,- Ft</subfield>
    </datafield>
    <datafield tag="035" ind1=" " ind2=" ">
      <subfield code="a">154520</subfield>
    </datafield>
    <datafield tag="040" ind1=" " ind2=" ">
      <subfield code="a">OSZK</subfield>
    </datafield>
    <datafield tag="041" ind1="0" ind2=" ">
      <subfield code="a">hunhun</subfield>
    </datafield>
    <datafield tag="100" ind1="1" ind2=" ">
      <subfield code="a">Beszteri József</subfield>
    </datafield>
    <datafield tag="245" ind1="1" ind2="0">
      <subfield code="a">100 éves a közcélú villamosenergia-szolgáltatás Észak-Magyarországon : </subfield>
      <subfield code="b">1894-1994 /</subfield>
      <subfield code="c">[... szerzője Beszteri József] ; [... kiad. az Észak-magyarországi Áramszolgáltató Részvénytársaság]</subfield>
    </datafield>
    <datafield tag="260" ind1=" " ind2=" ">
      <subfield code="a">[Miskolc] :</subfield>
      <subfield code="b">ÉMÁSZ,</subfield>
      <subfield code="c">1994</subfield>
      <subfield code="e">([Miskolc]</subfield>
      <subfield code="f">ÉMÁSZ Ny.)</subfield>
    </datafield>
    <datafield tag="300" ind1=" " ind2=" ">
      <subfield code="a">177 p. :</subfield>
      <subfield code="b">ill., részben színes ;</subfield>
      <subfield code="c">24 cm</subfield>
    </datafield>
    <datafield tag="500" ind1=" " ind2=" ">
      <subfield code="a">Példányszám: 4000</subfield>
    </datafield>
    <datafield tag="610" ind1="2" ind2="4">
      <subfield code="a">Észak-magyarországi Áramszolgáltató Rt. (Miskolc)</subfield>
    </datafield>
    <datafield tag="650" ind1=" " ind2="4">
      <subfield code="a">villamos energia</subfield>
    </datafield>
    <datafield tag="650" ind1=" " ind2="4">
      <subfield code="a">1894-1994</subfield>
    </datafield>
    <datafield tag="650" ind1=" " ind2="4">
      <subfield code="a">energiaellátás</subfield>
    </datafield>
    <datafield tag="650" ind1=" " ind2="4">
      <subfield code="a">ipartörténet</subfield>
    </datafield>
    <datafield tag="651" ind1=" " ind2="4">
      <subfield code="a">Észak-Magyarország</subfield>
    </datafield>
    <datafield tag="710" ind1="2" ind2=" ">
      <subfield code="a">Észak-magyarországi Áramszolgáltató Rt (Miskolc)</subfield>
      <subfield code="4">közread.</subfield>
    </datafield>
    <datafield tag="852" ind1=" " ind2=" ">
      <subfield code="a">B1</subfield>
      <subfield code="b">B1</subfield>
      <subfield code="x">154520</subfield>
    </datafield>
    <datafield tag="852" ind1=" " ind2=" ">
      <subfield code="a">D1</subfield>
      <subfield code="b">D1</subfield>
      <subfield code="x">bibKLT00062977</subfield>
    </datafield>
    <datafield tag="852" ind1=" " ind2=" ">
      <subfield code="a">M2</subfield>
      <subfield code="b">M2</subfield>
      <subfield code="x">bibRFK00044847</subfield>
    </datafield>
  </record>
  <record>
    <leader>00801nam  2200205 i 4500</leader>
    <controlfield tag="001">MOKKAS0002430059  </controlfield>
    <controlfield tag="005">20060617113243.0</controlfield>
    <controlfield tag="008">010213s1994    hu a             10 hun d</controlfield>
    <datafield tag="035" ind1=" " ind2=" ">
      <subfield code="a">bibBBM135383</subfield>
    </datafield>
    <datafield tag="040" ind1=" " ind2=" ">
      <subfield code="a">BBMK</subfield>
    </datafield>
    <datafield tag="100" ind1="1" ind2=" ">
      <subfield code="a">Beszteri József</subfield>
    </datafield>
    <datafield tag="245" ind1="1" ind2="0">
      <subfield code="a">100 éves a közcélú villamosenergia - szolgáltatás Észak - Magyarországon :</subfield>
      <subfield code="b">1894-1994 /</subfield>
      <subfield code="c">[Beszteri József] ; [szerk. Ónodvári Miklós] ; [kiad. az Észak - Magyarországi Áramszolgáltató Részvénytársaság]</subfield>
    </datafield>
    <datafield tag="260" ind1=" " ind2=" ">
      <subfield code="a">Miskolc :</subfield>
      <subfield code="b">ÉMÁSZ RT.,</subfield>
      <subfield code="c">1994</subfield>
    </datafield>
    <datafield tag="300" ind1=" " ind2=" ">
      <subfield code="a">177 p. :</subfield>
      <subfield code="b">ill. ;</subfield>
      <subfield code="c">24 cm</subfield>
    </datafield>
    <datafield tag="650" ind1=" " ind2="4">
      <subfield code="a">Energia</subfield>
    </datafield>
    <datafield tag="650" ind1=" " ind2="4">
      <subfield code="a">Ipartörténet</subfield>
    </datafield>
    <datafield tag="651" ind1=" " ind2="4">
      <subfield code="a">Észak-Magyarország</subfield>
    </datafield>
    <datafield tag="700" ind1="1" ind2=" ">
      <subfield code="a">Ónodvári Miklós</subfield>
    </datafield>
    <datafield tag="710" ind1="1" ind2=" ">
      <subfield code="a">Észak-magyarországi Áramszolgáltató Részvénytársaság (Miskolc)</subfield>
    </datafield>
    <datafield tag="852" ind1=" " ind2=" ">
      <subfield code="a">ST1</subfield>
      <subfield code="b">ST1</subfield>
      <subfield code="x">bibBBM135383</subfield>
    </datafield>
  </record>
  <record>
    <leader>00574nam  2200169 i 4500</leader>
    <controlfield tag="001">MOKKAZ0005848816  </controlfield>
    <controlfield tag="005">20040911005409.0</controlfield>
    <controlfield tag="008">990828s1994                  000 0 hun d</controlfield>
    <datafield tag="035" ind1=" " ind2=" ">
      <subfield code="a">BMEOMIKK000095946</subfield>
    </datafield>
    <datafield tag="036" ind1=" " ind2=" ">
      <subfield code="a">0095946</subfield>
      <subfield code="b">BMEKK</subfield>
    </datafield>
    <datafield tag="040" ind1=" " ind2=" ">
      <subfield code="a">BMEOMIKK</subfield>
    </datafield>
    <datafield tag="041" ind1="0" ind2=" ">
      <subfield code="a">hun</subfield>
    </datafield>
    <datafield tag="100" ind1="1" ind2=" ">
      <subfield code="a">Beszteri József</subfield>
    </datafield>
    <datafield tag="245" ind1="1" ind2="0">
      <subfield code="a">100 éves a közcélú villamosenergia-szolgáltatás Észak-Magyarországon, 1894-1994 /</subfield>
      <subfield code="c">[a köt. szerzője Beszteri József]</subfield>
    </datafield>
    <datafield tag="260" ind1=" " ind2=" ">
      <subfield code="a">Miskolc :</subfield>
      <subfield code="b">Észak-magyarországi Áramszolg. Rt.,</subfield>
      <subfield code="c">1994</subfield>
    </datafield>
    <datafield tag="300" ind1=" " ind2=" ">
      <subfield code="a">177 p. ;</subfield>
      <subfield code="c">24 cm</subfield>
    </datafield>
    <datafield tag="852" ind1=" " ind2=" ">
      <subfield code="a">B11</subfield>
      <subfield code="b">B11</subfield>
      <subfield code="x">BMEOMIKK000095946</subfield>
    </datafield>
  </record>
  <record>
    <leader>00878cam  2200253 i 4500</leader>
    <controlfield tag="001">MOKKAS0001970160  </controlfield>
    <controlfield tag="005">20060531174257.0</controlfield>
    <controlfield tag="008">041108s1991    h  a   f      100 0 hun d</controlfield>
    <datafield tag="020" ind1=" " ind2=" ">
      <subfield code="a">963 04 27799 6</subfield>
    </datafield>
    <datafield tag="035" ind1=" " ind2=" ">
      <subfield code="a">239300</subfield>
    </datafield>
    <datafield tag="040" ind1=" " ind2=" ">
      <subfield code="a">ELTE</subfield>
    </datafield>
    <datafield tag="041" ind1="0" ind2=" ">
      <subfield code="a">hun</subfield>
    </datafield>
    <datafield tag="111" ind1="2" ind2=" ">
      <subfield code="a">Hidrobiológus Napok</subfield>
      <subfield code="n">(33.)</subfield>
      <subfield code="d">(1991)</subfield>
      <subfield code="c">(Tihany)</subfield>
    </datafield>
    <datafield tag="245" ind1="1" ind2="0">
      <subfield code="a">100 éves a Balaton-kutatás :</subfield>
      <subfield code="b">XXXIII. Hidrobiológus Napok, Tihany, 1991</subfield>
      <subfield code="c">/ [Bíró Péter et al.]</subfield>
    </datafield>
    <datafield tag="260" ind1=" " ind2=" ">
      <subfield code="a">Nemesvámos :</subfield>
      <subfield code="b">Reproprint,</subfield>
      <subfield code="c">1991</subfield>
    </datafield>
    <datafield tag="300" ind1=" " ind2=" ">
      <subfield code="a">276 p. :</subfield>
      <subfield code="b">ill. ;</subfield>
      <subfield code="c">25 cm</subfield>
    </datafield>
    <datafield tag="650" ind1="0" ind2="7">
      <subfield code="2">ar</subfield>
      <subfield code="a">hidrobiológia</subfield>
      <subfield code="z">Balaton</subfield>
      <subfield code="x">tanulmányok</subfield>
    </datafield>
    <datafield tag="650" ind1="0" ind2="7">
      <subfield code="2">ar</subfield>
      <subfield code="a">geokémia</subfield>
      <subfield code="z">Balaton</subfield>
      <subfield code="x">tanulmányok</subfield>
    </datafield>
    <datafield tag="650" ind1="0" ind2="7">
      <subfield code="2">ar</subfield>
      <subfield code="a">geomorfológia</subfield>
      <subfield code="z">Balaton</subfield>
      <subfield code="x">tanulmányok</subfield>
    </datafield>
    <datafield tag="650" ind1="0" ind2="7">
      <subfield code="2">ar</subfield>
      <subfield code="a">földtan</subfield>
      <subfield code="z">Balaton</subfield>
      <subfield code="x">tanulmányok</subfield>
    </datafield>
    <datafield tag="650" ind1="0" ind2="7">
      <subfield code="2">ar</subfield>
      <subfield code="a">angolnapusztulás</subfield>
      <subfield code="z">Balaton</subfield>
      <subfield code="x">tanulmányok</subfield>
    </datafield>
    <datafield tag="651" ind1=" " ind2="4">
      <subfield code="a">Balaton</subfield>
    </datafield>
    <datafield tag="700" ind1="1" ind2=" ">
      <subfield code="a">Bíró Péter</subfield>
      <subfield code="d">(1943-)</subfield>
    </datafield>
    <datafield tag="852" ind1=" " ind2=" ">
      <subfield code="a">B2</subfield>
      <subfield code="b">B2</subfield>
      <subfield code="x">239300</subfield>
    </datafield>
  </record>
  <record>
    <leader>00726nam  2200193 i 4500</leader>
    <controlfield tag="001">MOKKAS0003328806  </controlfield>
    <controlfield tag="005">20060604065142.0</controlfield>
    <controlfield tag="008">050101s1991                            d</controlfield>
    <datafield tag="020" ind1=" " ind2=" ">
      <subfield code="a">963-04-2779-6</subfield>
    </datafield>
    <datafield tag="035" ind1=" " ind2=" ">
      <subfield code="a">487850</subfield>
    </datafield>
    <datafield tag="040" ind1=" " ind2=" ">
      <subfield code="a">KKMK</subfield>
    </datafield>
    <datafield tag="245" ind1="0" ind2="0">
      <subfield code="a">100 éves a Balaton-kutatás : </subfield>
      <subfield code="b">XXXIII. Hidrobiológus   Napok /</subfield>
      <subfield code="c">[rend.] MTA Balatoni Limnológiai Kutatóintézet ; [szerk.] Biró Péter</subfield>
    </datafield>
    <datafield tag="260" ind1=" " ind2=" ">
      <subfield code="a">Tihany :</subfield>
      <subfield code="b">MTA Balatoni Limnológia Kutató Intézet,</subfield>
      <subfield code="c">1991 [!1992]</subfield>
    </datafield>
    <datafield tag="300" ind1=" " ind2=" ">
      <subfield code="a">276 p. :</subfield>
      <subfield code="b">ill. ;</subfield>
      <subfield code="c">25 cm</subfield>
    </datafield>
    <datafield tag="500" ind1=" " ind2=" ">
      <subfield code="a">Bibliogr. az előadások végén</subfield>
    </datafield>
    <datafield tag="611" ind1="2" ind2="4">
      <subfield code="a">Hidrobiológus Napok</subfield>
      <subfield code="n">33.</subfield>
      <subfield code="d">(1991)</subfield>
      <subfield code="c">(Tihany)</subfield>
    </datafield>
    <datafield tag="700" ind1="1" ind2="0">
      <subfield code="a">Biró Péter</subfield>
      <subfield code="d">(1930-)</subfield>
      <subfield code="4">([szerk.])</subfield>
    </datafield>
    <datafield tag="710" ind1="2" ind2=" ">
      <subfield code="a">Magyar (Tihany)</subfield>
      <subfield code="4">[rend.]</subfield>
    </datafield>
    <datafield tag="852" ind1=" " ind2=" ">
      <subfield code="a">GY1</subfield>
      <subfield code="b">GY1</subfield>
      <subfield code="x">487850</subfield>
    </datafield>
  </record>
  <record>
    <leader>00731cam  22002051  4500</leader>
    <controlfield tag="001">MOKKAZ0003247821  </controlfield>
    <controlfield tag="005">20040909172456.0</controlfield>
    <controlfield tag="008">      s1992    hu            00    hun d</controlfield>
    <datafield tag="020" ind1=" " ind2=" ">
      <subfield code="a">963 04 0027 8</subfield>
    </datafield>
    <datafield tag="035" ind1=" " ind2=" ">
      <subfield code="a">ISISIIF0018334</subfield>
    </datafield>
    <datafield tag="040" ind1=" " ind2=" ">
      <subfield code="a">DEENK</subfield>
    </datafield>
    <datafield tag="245" ind1="0" ind2="0">
      <subfield code="a">100 éves a Balaton-kutatás :</subfield>
      <subfield code="b">XXXIII. Hidrobiológus napok, Tihany, 1991 /</subfield>
      <subfield code="c">szerk. Biró Péter et al.]</subfield>
    </datafield>
    <datafield tag="260" ind1=" " ind2=" ">
      <subfield code="a">[S.l.] :</subfield>
      <subfield code="b">M.Hidr.Társ.,</subfield>
      <subfield code="c">1992</subfield>
    </datafield>
    <datafield tag="300" ind1=" " ind2=" ">
      <subfield code="a">276 p. ;</subfield>
      <subfield code="c">25 cm</subfield>
    </datafield>
    <datafield tag="651" ind1=" " ind2="4">
      <subfield code="a">Balaton (Magyarország)</subfield>
      <subfield code="x">kutatás</subfield>
    </datafield>
    <datafield tag="651" ind1=" " ind2="0">
      <subfield code="a">Balaton, Lake (Hungary)</subfield>
      <subfield code="x">Research.</subfield>
    </datafield>
    <datafield tag="700" ind1="1" ind2=" ">
      <subfield code="a">Biró Péter</subfield>
    </datafield>
    <datafield tag="710" ind1="2" ind2=" ">
      <subfield code="a">Magyar Hidrológiai Társaság.</subfield>
      <subfield code="b">Limnológiai Szakosztály.</subfield>
    </datafield>
    <datafield tag="711" ind1="2" ind2=" ">
      <subfield code="a">Hidrobiológus Napok.</subfield>
      <subfield code="n">(33.)</subfield>
      <subfield code="d">(1991)</subfield>
      <subfield code="c">(Tihany)</subfield>
    </datafield>
    <datafield tag="852" ind1=" " ind2=" ">
      <subfield code="a">D1</subfield>
      <subfield code="b">D1</subfield>
      <subfield code="x">ISISIIF0018334</subfield>
    </datafield>
  </record>
  <record>
    <leader>00965nam  2200265 i 4500</leader>
    <controlfield tag="001">MOKKAZ0004037859  </controlfield>
    <controlfield tag="005">20101011154824.0</controlfield>
    <controlfield tag="008">981006s1992    hu            0001  hun d</controlfield>
    <datafield tag="020" ind1=" " ind2=" ">
      <subfield code="a">963 04 2779 6</subfield>
    </datafield>
    <datafield tag="035" ind1=" " ind2=" ">
      <subfield code="a">bibJAT00322895</subfield>
    </datafield>
    <datafield tag="040" ind1=" " ind2=" ">
      <subfield code="a">SZTE</subfield>
    </datafield>
    <datafield tag="080" ind1=" " ind2=" ">
      <subfield code="a">556.55(439.11:285.2B)(061.3)</subfield>
    </datafield>
    <datafield tag="080" ind1=" " ind2=" ">
      <subfield code="a">577.472(285.2B:439.11)(061.3)</subfield>
    </datafield>
    <datafield tag="245" ind1="0" ind2="0">
      <subfield code="a">100 éves a Balaton-kutatás :</subfield>
      <subfield code="b">33. Hidrobiológus napok : Tihany, 1991. [előadáskivonatok] /</subfield>
      <subfield code="c">[szerk. Bíró Péter]</subfield>
    </datafield>
    <datafield tag="260" ind1=" " ind2=" ">
      <subfield code="a">Tihany :</subfield>
      <subfield code="b">MHT,</subfield>
      <subfield code="c">1992</subfield>
    </datafield>
    <datafield tag="300" ind1=" " ind2=" ">
      <subfield code="a">276 p. :</subfield>
      <subfield code="b">ill. ;</subfield>
      <subfield code="c">25 cm</subfield>
    </datafield>
    <datafield tag="504" ind1=" " ind2=" ">
      <subfield code="a">Bibliográfiákkal</subfield>
    </datafield>
    <datafield tag="650" ind1=" " ind2="7">
      <subfield code="a">Balaton</subfield>
      <subfield code="x">hidrológia</subfield>
      <subfield code="x">tanulmányok</subfield>
      <subfield code="2">szte</subfield>
    </datafield>
    <datafield tag="650" ind1=" " ind2="7">
      <subfield code="a">Balaton</subfield>
      <subfield code="x">élővilág</subfield>
      <subfield code="x">tanulmányok</subfield>
      <subfield code="2">szte</subfield>
    </datafield>
    <datafield tag="651" ind1=" " ind2="7">
      <subfield code="a">Balaton</subfield>
      <subfield code="x">hidrológia</subfield>
      <subfield code="x">tanulmányok</subfield>
      <subfield code="2">szte</subfield>
    </datafield>
    <datafield tag="651" ind1=" " ind2="7">
      <subfield code="a">Balaton</subfield>
      <subfield code="x">élővilág</subfield>
      <subfield code="x">tanulmányok</subfield>
      <subfield code="2">szte</subfield>
    </datafield>
    <datafield tag="700" ind1="1" ind2=" ">
      <subfield code="a">Bíró Péter</subfield>
    </datafield>
    <datafield tag="711" ind1="2" ind2=" ">
      <subfield code="a">Hidrobiológus napok</subfield>
      <subfield code="n">(33.)</subfield>
      <subfield code="c">(Tihany)</subfield>
      <subfield code="d">(1991)</subfield>
    </datafield>
    <datafield tag="852" ind1=" " ind2=" ">
      <subfield code="a">SZ1</subfield>
      <subfield code="b">SZ1/R2</subfield>
      <subfield code="x">bibJAT00322895</subfield>
    </datafield>
    <datafield tag="852" ind1=" " ind2=" ">
      <subfield code="a">SZ4</subfield>
      <subfield code="b">SZ4</subfield>
      <subfield code="x">bibJAT00322895</subfield>
    </datafield>
  </record>
  <record>
    <leader>00665cam  2200205   4500</leader>
    <controlfield tag="001">MOKKAZ0004769379  </controlfield>
    <controlfield tag="005">20040910101723.0</controlfield>
    <controlfield tag="008">      s1992                        hun  </controlfield>
    <datafield tag="020" ind1=" " ind2=" ">
      <subfield code="a">963 04 2779 6 :</subfield>
    </datafield>
    <datafield tag="035" ind1=" " ind2=" ">
      <subfield code="a">bibJPT0010333</subfield>
    </datafield>
    <datafield tag="040" ind1=" " ind2=" ">
      <subfield code="a">PTE</subfield>
    </datafield>
    <datafield tag="245" ind1="0" ind2="0">
      <subfield code="a">100 éves a Balaton-kutatás :</subfield>
      <subfield code="b">XXXIII. Hidrobiológus Napok, Tihany 1991 /</subfield>
      <subfield code="c">[szerk. Bíró Péter]</subfield>
    </datafield>
    <datafield tag="260" ind1=" " ind2=" ">
      <subfield code="a">Tihany :</subfield>
      <subfield code="b">MTA Balatoni Limnológiai Kutatóintézete,</subfield>
      <subfield code="c">1992</subfield>
    </datafield>
    <datafield tag="300" ind1=" " ind2=" ">
      <subfield code="a">276 p. :</subfield>
      <subfield code="b">ill. ;</subfield>
      <subfield code="c">25 cm</subfield>
    </datafield>
    <datafield tag="504" ind1=" " ind2=" ">
      <subfield code="a">Bibliogr. egyes tanulmányok végén</subfield>
    </datafield>
    <datafield tag="695" ind1=" " ind2=" ">
      <subfield code="a">Balaton</subfield>
    </datafield>
    <datafield tag="695" ind1=" " ind2=" ">
      <subfield code="a">Hidrobiológia</subfield>
    </datafield>
    <datafield tag="700" ind1="1" ind2=" ">
      <subfield code="a">Bíró Péter</subfield>
    </datafield>
    <datafield tag="852" ind1=" " ind2=" ">
      <subfield code="a">P1</subfield>
      <subfield code="b">P1</subfield>
      <subfield code="x">bibJPT0010333</subfield>
    </datafield>
    <datafield tag="852" ind1=" " ind2=" ">
      <subfield code="a">S1</subfield>
      <subfield code="b">S1</subfield>
      <subfield code="x">bibSEF81830</subfield>
    </datafield>
  </record>
  <record>
    <leader>00807nam  2200265 i 4500</leader>
    <controlfield tag="001">MOKKAZ0003524599  </controlfield>
    <controlfield tag="005">20091025080337.0</controlfield>
    <controlfield tag="008">971118s1998    hu            00010 hun d</controlfield>
    <datafield tag="035" ind1=" " ind2=" ">
      <subfield code="a">bibKLT00211025</subfield>
    </datafield>
    <datafield tag="040" ind1=" " ind2=" ">
      <subfield code="a">DEENK</subfield>
    </datafield>
    <datafield tag="041" ind1=" " ind2=" ">
      <subfield code="a">hun</subfield>
      <subfield code="b">eng</subfield>
    </datafield>
    <datafield tag="080" ind1=" " ind2=" ">
      <subfield code="a">327.39(=924)"18/19"(023)</subfield>
    </datafield>
    <datafield tag="245" ind1="0" ind2="0">
      <subfield code="a">100 éves a cionista mozgalom /</subfield>
      <subfield code="c">[szerk. Bódog Gyula]</subfield>
    </datafield>
    <datafield tag="260" ind1=" " ind2=" ">
      <subfield code="a">[S.l.] :</subfield>
      <subfield code="b">Bethlen téri Oneg Sábbát Klub,</subfield>
      <subfield code="c">1997</subfield>
    </datafield>
    <datafield tag="300" ind1=" " ind2=" ">
      <subfield code="a">143 p. ;</subfield>
      <subfield code="c">20 cm</subfield>
    </datafield>
    <datafield tag="490" ind1="1" ind2=" ">
      <subfield code="a">(Bethlen téri füzetek ;</subfield>
      <subfield code="v">6.)</subfield>
    </datafield>
    <datafield tag="546" ind1=" " ind2=" ">
      <subfield code="a">Összfoglalók angol nyelven</subfield>
    </datafield>
    <datafield tag="650" ind1=" " ind2="4">
      <subfield code="a">Cionizmus</subfield>
      <subfield code="x">történet</subfield>
    </datafield>
    <datafield tag="650" ind1=" " ind2="4">
      <subfield code="a">Cionisták</subfield>
      <subfield code="x">életrajz</subfield>
    </datafield>
    <datafield tag="650" ind1=" " ind2="0">
      <subfield code="a">Zionism</subfield>
      <subfield code="x">History.</subfield>
    </datafield>
    <datafield tag="650" ind1=" " ind2="0">
      <subfield code="a">Zionists</subfield>
      <subfield code="x">Biography.</subfield>
    </datafield>
    <datafield tag="700" ind1="1" ind2=" ">
      <subfield code="a">Bódog Gyula</subfield>
    </datafield>
    <datafield tag="830" ind1=" " ind2="0">
      <subfield code="a">Bethlen téri füzetek</subfield>
    </datafield>
    <datafield tag="852" ind1=" " ind2=" ">
      <subfield code="a">D1</subfield>
      <subfield code="b">D1</subfield>
      <subfield code="x">bibKLT00211025</subfield>
    </datafield>
    <datafield tag="852" ind1=" " ind2=" ">
      <subfield code="a">B3</subfield>
      <subfield code="b">B3</subfield>
      <subfield code="x">000182894</subfield>
    </datafield>
  </record>
  <record>
    <leader>00664nam  2200217 i 4500</leader>
    <controlfield tag="001">MOKKAS0003307730  </controlfield>
    <controlfield tag="005">20060603231702.0</controlfield>
    <controlfield tag="008">050101s1998                            d</controlfield>
    <datafield tag="035" ind1=" " ind2=" ">
      <subfield code="a">416739</subfield>
    </datafield>
    <datafield tag="040" ind1=" " ind2=" ">
      <subfield code="a">KKMK</subfield>
    </datafield>
    <datafield tag="245" ind1="0" ind2="0">
      <subfield code="a">100 éves a cionista mozgalom /</subfield>
      <subfield code="c">szerk. Bódog Gyula</subfield>
    </datafield>
    <datafield tag="260" ind1=" " ind2=" ">
      <subfield code="a">Budapest :</subfield>
      <subfield code="b">Bethlen Téri Oneg Sábbát Klub,</subfield>
      <subfield code="c">1998</subfield>
    </datafield>
    <datafield tag="300" ind1=" " ind2=" ">
      <subfield code="a">143 p. :</subfield>
      <subfield code="b">ill. ;</subfield>
      <subfield code="c">21 cm</subfield>
    </datafield>
    <datafield tag="490" ind1="1" ind2=" ">
      <subfield code="a">Bethlen Téri Füzetek</subfield>
    </datafield>
    <datafield tag="500" ind1=" " ind2=" ">
      <subfield code="a">Részben angol nyelven . - Előadások</subfield>
    </datafield>
    <datafield tag="600" ind1="1" ind2="4">
      <subfield code="a">Herzl Theodor</subfield>
      <subfield code="d">(1860-1904)</subfield>
    </datafield>
    <datafield tag="650" ind1=" " ind2="4">
      <subfield code="a">cionizmus</subfield>
    </datafield>
    <datafield tag="651" ind1=" " ind2="4">
      <subfield code="a">Magyarország</subfield>
    </datafield>
    <datafield tag="700" ind1="1" ind2="0">
      <subfield code="a">Bódog Gyula</subfield>
      <subfield code="4">(szerk.)</subfield>
    </datafield>
    <datafield tag="830" ind1=" " ind2="0">
      <subfield code="a">Bethlen Téri Füzetek</subfield>
    </datafield>
    <datafield tag="852" ind1=" " ind2=" ">
      <subfield code="a">GY1</subfield>
      <subfield code="b">GY1</subfield>
      <subfield code="x">416739</subfield>
    </datafield>
  </record>
  <record>
    <leader>01444nam  2200445 i 4500</leader>
    <controlfield tag="001">MOKKAN0003891245  </controlfield>
    <controlfield tag="005">20090617144706.0</controlfield>
    <controlfield tag="008">971118s1998    hu            0001  hun d</controlfield>
    <datafield tag="020" ind1=" " ind2=" ">
      <subfield code="a">(fűzött)</subfield>
    </datafield>
    <datafield tag="035" ind1=" " ind2=" ">
      <subfield code="a">bibKLT00211025</subfield>
    </datafield>
    <datafield tag="040" ind1=" " ind2=" ">
      <subfield code="a">SZTE</subfield>
    </datafield>
    <datafield tag="041" ind1=" " ind2=" ">
      <subfield code="a">hun</subfield>
      <subfield code="b">eng</subfield>
    </datafield>
    <datafield tag="245" ind1="0" ind2="0">
      <subfield code="a">100 éves a cionista mozgalom /</subfield>
      <subfield code="c">[szerk. Bódog Gyula]</subfield>
    </datafield>
    <datafield tag="260" ind1=" " ind2=" ">
      <subfield code="a">Bp. :</subfield>
      <subfield code="b">Bethlen téri Oneg Sábbát Klub,</subfield>
      <subfield code="c">1998</subfield>
    </datafield>
    <datafield tag="300" ind1=" " ind2=" ">
      <subfield code="a">143 p. :</subfield>
      <subfield code="b">ill. ;</subfield>
      <subfield code="c">20 cm</subfield>
    </datafield>
    <datafield tag="490" ind1="1" ind2=" ">
      <subfield code="a">(Bethlen téri füzetek ;</subfield>
      <subfield code="v">6.)</subfield>
    </datafield>
    <datafield tag="600" ind1="1" ind2="7">
      <subfield code="a">Herzl, Theodor</subfield>
    </datafield>
    <datafield tag="650" ind1=" " ind2="7">
      <subfield code="a">Cionizmus története</subfield>
      <subfield code="x">tanulmányok</subfield>
      <subfield code="2">szte</subfield>
    </datafield>
    <datafield tag="650" ind1=" " ind2="4">
      <subfield code="a">Cionizmus</subfield>
    </datafield>
    <datafield tag="650" ind1=" " ind2="4">
      <subfield code="a">Egyesülési mozgalmak</subfield>
    </datafield>
    <datafield tag="650" ind1=" " ind2="4">
      <subfield code="a">Magyar nyelven</subfield>
    </datafield>
    <datafield tag="650" ind1=" " ind2="4">
      <subfield code="a">Nemzeti mozgalmak (etnikai vagy nyelvi alapon). Nemzetiségi kérdés. Nemzeti kisebbségek</subfield>
    </datafield>
    <datafield tag="650" ind1=" " ind2="4">
      <subfield code="a">Cionizmus</subfield>
      <subfield code="x">történet</subfield>
    </datafield>
    <datafield tag="650" ind1=" " ind2="4">
      <subfield code="a">Cionisták</subfield>
      <subfield code="x">életrajz</subfield>
    </datafield>
    <datafield tag="650" ind1=" " ind2="0">
      <subfield code="a">Zionism</subfield>
      <subfield code="x">History.</subfield>
    </datafield>
    <datafield tag="650" ind1=" " ind2="0">
      <subfield code="a">Zionists</subfield>
      <subfield code="x">Biography.</subfield>
    </datafield>
    <datafield tag="650" ind1=" " ind2="4">
      <subfield code="a">mozgalmak</subfield>
    </datafield>
    <datafield tag="650" ind1=" " ind2="4">
      <subfield code="a">zsidóság</subfield>
    </datafield>
    <datafield tag="650" ind1=" " ind2="4">
      <subfield code="a">nemzettudat</subfield>
    </datafield>
    <datafield tag="651" ind1=" " ind2="4">
      <subfield code="a">Magyarország</subfield>
    </datafield>
    <datafield tag="700" ind1="1" ind2=" ">
      <subfield code="a">Bódog Gyula</subfield>
    </datafield>
    <datafield tag="700" ind1="1" ind2=" ">
      <subfield code="a">Herzl, Theodor</subfield>
    </datafield>
    <datafield tag="830" ind1=" " ind2="0">
      <subfield code="a">Bethlen téri füzetek</subfield>
    </datafield>
    <datafield tag="852" ind1=" " ind2=" ">
      <subfield code="a">SZ1</subfield>
      <subfield code="b">SZ1/R1</subfield>
      <subfield code="b">SZ1/TEGY</subfield>
      <subfield code="x">bibKLT00211025</subfield>
    </datafield>
    <datafield tag="852" ind1=" " ind2=" ">
      <subfield code="a">ST1</subfield>
      <subfield code="b">ST1</subfield>
      <subfield code="x">bibBBM78417</subfield>
    </datafield>
    <datafield tag="852" ind1=" " ind2=" ">
      <subfield code="a">B14</subfield>
      <subfield code="b">B14</subfield>
      <subfield code="x">535763</subfield>
    </datafield>
    <datafield tag="852" ind1=" " ind2=" ">
      <subfield code="a">B10</subfield>
      <subfield code="b">1308</subfield>
      <subfield code="b">0703</subfield>
      <subfield code="b">1004</subfield>
      <subfield code="b">0601</subfield>
      <subfield code="b">0801</subfield>
      <subfield code="b">1004</subfield>
      <subfield code="b">0801</subfield>
      <subfield code="x">bibFSZ00147156</subfield>
    </datafield>
    <datafield tag="852" ind1=" " ind2=" ">
      <subfield code="a">BCS1</subfield>
      <subfield code="b">BCS1</subfield>
      <subfield code="x">bibBKO00225660</subfield>
    </datafield>
    <datafield tag="852" ind1=" " ind2=" ">
      <subfield code="a">P1</subfield>
      <subfield code="b">P1</subfield>
      <subfield code="b">P1/TT</subfield>
      <subfield code="x">bibJPT00143786</subfield>
    </datafield>
    <datafield tag="852" ind1=" " ind2=" ">
      <subfield code="a">B8</subfield>
      <subfield code="b">B8</subfield>
      <subfield code="x">OGYK000020249</subfield>
    </datafield>
  </record>
  <record>
    <leader>00741nam  2200229 i 4500</leader>
    <controlfield tag="001">MOKKAN0004711028  </controlfield>
    <controlfield tag="005">20070703042003.0</controlfield>
    <controlfield tag="008">040930s2004                        hun d</controlfield>
    <datafield tag="020" ind1=" " ind2=" ">
      <subfield code="a">963 430 612 8</subfield>
    </datafield>
    <datafield tag="035" ind1=" " ind2=" ">
      <subfield code="a">KÉE189048</subfield>
    </datafield>
    <datafield tag="040" ind1=" " ind2=" ">
      <subfield code="a">BCEEFK</subfield>
    </datafield>
    <datafield tag="041" ind1="0" ind2=" ">
      <subfield code="a">hun</subfield>
    </datafield>
    <datafield tag="100" ind1="1" ind2=" ">
      <subfield code="a">Böngyik Árpád,</subfield>
      <subfield code="c">Egyházaskéri</subfield>
    </datafield>
    <datafield tag="245" ind1="1" ind2="0">
      <subfield code="a">100 éves a Bajai Kertészképző : </subfield>
      <subfield code="b">1904-2004 /</subfield>
      <subfield code="c">Egyházaskéri Böngyik Árpád</subfield>
    </datafield>
    <datafield tag="250" ind1=" " ind2=" ">
      <subfield code="a">2. átd. kiad.</subfield>
    </datafield>
    <datafield tag="260" ind1=" " ind2=" ">
      <subfield code="a">Baja :</subfield>
      <subfield code="b">Bajai Kertészképző,</subfield>
      <subfield code="c">[2004]</subfield>
    </datafield>
    <datafield tag="300" ind1=" " ind2=" ">
      <subfield code="a">356 p. :</subfield>
      <subfield code="b">ill.</subfield>
    </datafield>
    <datafield tag="500" ind1=" " ind2=" ">
      <subfield code="a">A könyvben válogatott dokumentumok találhatók könyvtárunkból és levéltárunkból</subfield>
    </datafield>
    <datafield tag="504" ind1=" " ind2=" ">
      <subfield code="a">Bibliogr. p. 347-349</subfield>
    </datafield>
    <datafield tag="650" ind1=" " ind2="4">
      <subfield code="a">Kertészképzés</subfield>
    </datafield>
    <datafield tag="650" ind1=" " ind2="4">
      <subfield code="a">Baja</subfield>
    </datafield>
    <datafield tag="852" ind1=" " ind2=" ">
      <subfield code="a">B503</subfield>
      <subfield code="b">B503</subfield>
      <subfield code="x">KÉE189048</subfield>
    </datafield>
  </record>
  <record>
    <leader>00697nam  2200229 i 4500</leader>
    <controlfield tag="001">MOKKAS0002069740  </controlfield>
    <controlfield tag="005">20060617061410.0</controlfield>
    <controlfield tag="008">040409s2004    hu a     b    000 0 hun d</controlfield>
    <datafield tag="020" ind1=" " ind2=" ">
      <subfield code="a">963-430-612-8 (fűzött)</subfield>
    </datafield>
    <datafield tag="035" ind1=" " ind2=" ">
      <subfield code="a">1074905</subfield>
    </datafield>
    <datafield tag="040" ind1=" " ind2=" ">
      <subfield code="a">OSZK</subfield>
    </datafield>
    <datafield tag="100" ind1="1" ind2=" ">
      <subfield code="a">Böngyik Árpád</subfield>
      <subfield code="d">(1930-)</subfield>
    </datafield>
    <datafield tag="245" ind1="1" ind2="0">
      <subfield code="a">100 éves a bajai kertészképző, 1904-2004 /</subfield>
      <subfield code="c">Egyházaskéri Böngyik Árpád</subfield>
    </datafield>
    <datafield tag="250" ind1=" " ind2=" ">
      <subfield code="a">2. átd. kiad.</subfield>
    </datafield>
    <datafield tag="260" ind1=" " ind2=" ">
      <subfield code="a">Baja :</subfield>
      <subfield code="b">Szerző,</subfield>
      <subfield code="c">[2004]</subfield>
    </datafield>
    <datafield tag="300" ind1=" " ind2=" ">
      <subfield code="a">356 p. :</subfield>
      <subfield code="b">ill. ;</subfield>
      <subfield code="c">24 cm</subfield>
    </datafield>
    <datafield tag="504" ind1=" " ind2=" ">
      <subfield code="a">Bibliogr.: p. 347-349.</subfield>
    </datafield>
    <datafield tag="610" ind1="2" ind2="4">
      <subfield code="a">Bereczki Máté Szakközépiskola (Baja)</subfield>
    </datafield>
    <datafield tag="650" ind1="1" ind2="7">
      <subfield code="a">szakközépiskola</subfield>
      <subfield code="2">oszk</subfield>
    </datafield>
    <datafield tag="650" ind1="1" ind2="7">
      <subfield code="a">kertészet</subfield>
      <subfield code="2">oszk</subfield>
    </datafield>
    <datafield tag="651" ind1=" " ind2="4">
      <subfield code="a">Baja</subfield>
    </datafield>
    <datafield tag="852" ind1=" " ind2=" ">
      <subfield code="a">B1</subfield>
      <subfield code="b">B1</subfield>
      <subfield code="x">1074905</subfield>
    </datafield>
  </record>
  <record>
    <leader>00849nam  2200229 i 4500</leader>
    <controlfield tag="001">MOKKAN0004693320  </controlfield>
    <controlfield tag="005">20070703004101.0</controlfield>
    <controlfield tag="008">981020s1998    hu           u    j hun d</controlfield>
    <datafield tag="020" ind1=" " ind2=" ">
      <subfield code="a">963 7349 154</subfield>
    </datafield>
    <datafield tag="035" ind1=" " ind2=" ">
      <subfield code="a">KÉE40344</subfield>
    </datafield>
    <datafield tag="040" ind1=" " ind2=" ">
      <subfield code="a">BCEEFK</subfield>
    </datafield>
    <datafield tag="041" ind1="0" ind2=" ">
      <subfield code="a">hun</subfield>
    </datafield>
    <datafield tag="245" ind1="1" ind2="0">
      <subfield code="a">100 éves a M. Kir. Erdészeti Kísérleti Állomás - a M. Kir. Erdészeti Kutató Intézet - az Erdészeti Tudományos Intézet : </subfield>
      <subfield code="b">Selmecbánya - Sopron - Budapest : 1898-1998 /</subfield>
      <subfield code="c">[szerk. Borovics Attila et al.]</subfield>
    </datafield>
    <datafield tag="260" ind1=" " ind2=" ">
      <subfield code="a">[Budapest] :</subfield>
      <subfield code="b">ERTI,</subfield>
      <subfield code="c">1998</subfield>
    </datafield>
    <datafield tag="300" ind1=" " ind2=" ">
      <subfield code="a">92 p. :</subfield>
      <subfield code="b">ill.</subfield>
    </datafield>
    <datafield tag="490" ind1="1" ind2=" ">
      <subfield code="a">Erdészeti Tudományos Intézet kiadványai</subfield>
      <subfield code="v">7.</subfield>
    </datafield>
    <datafield tag="504" ind1=" " ind2=" ">
      <subfield code="a">Bibliogr. p. 92.</subfield>
    </datafield>
    <datafield tag="650" ind1=" " ind2="4">
      <subfield code="a">Erdészeti Tudományos Intézet</subfield>
    </datafield>
    <datafield tag="650" ind1=" " ind2="4">
      <subfield code="a">Jubileum</subfield>
    </datafield>
    <datafield tag="700" ind1="1" ind2=" ">
      <subfield code="a">Borovics Attila</subfield>
      <subfield code="4">(szerk.)</subfield>
    </datafield>
    <datafield tag="830" ind1=" " ind2="0">
      <subfield code="a">Erdészeti Tudományos Intézet kiadványai</subfield>
    </datafield>
    <datafield tag="852" ind1=" " ind2=" ">
      <subfield code="a">B503</subfield>
      <subfield code="b">B503</subfield>
      <subfield code="x">KÉE40344</subfield>
    </datafield>
  </record>
  <record>
    <leader>00759nam  2200217 i 4500</leader>
    <controlfield tag="001">MOKKAZ0006376939  </controlfield>
    <controlfield tag="005">20040915195425.0</controlfield>
    <controlfield tag="008">990402s1998    hu a     b    100 0 hun d</controlfield>
    <datafield tag="020" ind1=" " ind2=" ">
      <subfield code="a">963-03-6822-6 (fűzött)</subfield>
    </datafield>
    <datafield tag="035" ind1=" " ind2=" ">
      <subfield code="a">350890</subfield>
    </datafield>
    <datafield tag="040" ind1=" " ind2=" ">
      <subfield code="a">OSZK</subfield>
    </datafield>
    <datafield tag="041" ind1="0" ind2=" ">
      <subfield code="a">hunhun</subfield>
    </datafield>
    <datafield tag="072" ind1=" " ind2="1">
      <subfield code="a">A</subfield>
    </datafield>
    <datafield tag="072" ind1=" " ind2="1">
      <subfield code="a">V</subfield>
    </datafield>
    <datafield tag="100" ind1="1" ind2=" ">
      <subfield code="a">Borsos János</subfield>
      <subfield code="d">(1936-)</subfield>
    </datafield>
    <datafield tag="245" ind1="1" ind2="0">
      <subfield code="a">100 éves a debreceni dohánykutatás, 1898-1998 : </subfield>
      <subfield code="b">Dohánytermesztési Tudományos Konferencia, 1998. november 5., Debrecen ... /</subfield>
      <subfield code="c">[... összeáll. Borsos János]</subfield>
    </datafield>
    <datafield tag="260" ind1=" " ind2=" ">
      <subfield code="a">[Budapest] :</subfield>
      <subfield code="b">Dohány Terméktanács,</subfield>
      <subfield code="c">1998</subfield>
      <subfield code="e">(Debrecen</subfield>
      <subfield code="f">Piremon)</subfield>
    </datafield>
    <datafield tag="300" ind1=" " ind2=" ">
      <subfield code="a">71 p. :</subfield>
      <subfield code="b">ill. ;</subfield>
      <subfield code="c">21 cm</subfield>
    </datafield>
    <datafield tag="500" ind1=" " ind2=" ">
      <subfield code="a">A Magyar dohányújság, 106. évf. (1998) 3-4. száma</subfield>
    </datafield>
    <datafield tag="504" ind1=" " ind2=" ">
      <subfield code="a">Bibliogr.: p. 71.</subfield>
    </datafield>
    <datafield tag="852" ind1=" " ind2=" ">
      <subfield code="a">B1</subfield>
      <subfield code="b">B1</subfield>
      <subfield code="x">350890</subfield>
    </datafield>
  </record>
  <record>
    <leader>00888nam  2200229 i 4500</leader>
    <controlfield tag="001">MOKKAW0005770525  </controlfield>
    <controlfield tag="005">20080418143839.0</controlfield>
    <controlfield tag="008">020825s1998    hu            100 0     d</controlfield>
    <datafield tag="035" ind1=" " ind2=" ">
      <subfield code="a">BMEOMIKK000422801</subfield>
    </datafield>
    <datafield tag="040" ind1=" " ind2=" ">
      <subfield code="a">BMEOMIKK</subfield>
    </datafield>
    <datafield tag="041" ind1="0" ind2=" ">
      <subfield code="a">hun</subfield>
    </datafield>
    <datafield tag="245" ind1="0" ind2="0">
      <subfield code="a">100 éves a debreceni dohánykutatás, 1898-1998 /</subfield>
      <subfield code="c">[szerk. Borsos János]</subfield>
    </datafield>
    <datafield tag="260" ind1=" " ind2=" ">
      <subfield code="a">Budapest :</subfield>
      <subfield code="b">DMI,</subfield>
      <subfield code="c">1998</subfield>
    </datafield>
    <datafield tag="300" ind1=" " ind2=" ">
      <subfield code="a">56 p. ;</subfield>
      <subfield code="c">29 cm +</subfield>
      <subfield code="e">71 p.</subfield>
    </datafield>
    <datafield tag="490" ind1="1" ind2=" ">
      <subfield code="a">Magyar dohányújság</subfield>
      <subfield code="v">106. évf., 3-4. sz. 1998</subfield>
    </datafield>
    <datafield tag="500" ind1=" " ind2=" ">
      <subfield code="a">A melléklet tartalmazza a Dohánytermesztési tudományos konferencia anyagát. A konferencia rendezésének helye és ideje: Debrecen, 1998.nov.5.</subfield>
    </datafield>
    <datafield tag="500" ind1=" " ind2=" ">
      <subfield code="a">Előszó angol nyelven is</subfield>
    </datafield>
    <datafield tag="504" ind1=" " ind2=" ">
      <subfield code="a">Bibliogr.: mell. 71. p.</subfield>
    </datafield>
    <datafield tag="700" ind1="1" ind2=" ">
      <subfield code="a">Borsos János</subfield>
    </datafield>
    <datafield tag="711" ind1="2" ind2=" ">
      <subfield code="a">Dohánytermesztési tudományos konferencia</subfield>
      <subfield code="d">1998</subfield>
      <subfield code="c">Debrecen</subfield>
    </datafield>
    <datafield tag="830" ind1=" " ind2="0">
      <subfield code="a">Magyar dohányújság</subfield>
    </datafield>
    <datafield tag="852" ind1=" " ind2=" ">
      <subfield code="a">B11</subfield>
      <subfield code="b">B11</subfield>
      <subfield code="x">BMEOMIKK000422801</subfield>
    </datafield>
  </record>
  <record>
    <leader>01291fam  2200349 i 4500</leader>
    <controlfield tag="001">MOKKAZ0006378452  </controlfield>
    <controlfield tag="005">20090617154428.0</controlfield>
    <controlfield tag="008">990505s1998    hu a          000 0 hun d</controlfield>
    <datafield tag="020" ind1=" " ind2=" ">
      <subfield code="a">963-03-6356-9 (kötött)</subfield>
    </datafield>
    <datafield tag="035" ind1=" " ind2=" ">
      <subfield code="a">357443</subfield>
    </datafield>
    <datafield tag="040" ind1=" " ind2=" ">
      <subfield code="a">OSZK</subfield>
    </datafield>
    <datafield tag="041" ind1="0" ind2=" ">
      <subfield code="a">hunhun</subfield>
    </datafield>
    <datafield tag="100" ind1="1" ind2=" ">
      <subfield code="a">Bozzay Lajosné</subfield>
    </datafield>
    <datafield tag="245" ind1="1" ind2="0">
      <subfield code="a">100 éves a Szombathelyi Vízmű : </subfield>
      <subfield code="b">1898-1998 /</subfield>
      <subfield code="c">[írta Bozzay Lajosné, Petrenszki István és Tóth László] ; [a fényképeket és a reprodukciókat kész. Németh József és Dallos László] ; [Vasivíz Rt. kiadványa]</subfield>
    </datafield>
    <datafield tag="260" ind1=" " ind2=" ">
      <subfield code="a">[Szombathely] :</subfield>
      <subfield code="b">Vasivíz Rt.,</subfield>
      <subfield code="c">1998</subfield>
      <subfield code="e">([Szombathely]</subfield>
      <subfield code="f">Szignatúra)</subfield>
    </datafield>
    <datafield tag="300" ind1=" " ind2=" ">
      <subfield code="a">[2], 53 p. :</subfield>
      <subfield code="b">ill. ;</subfield>
      <subfield code="c">24 cm</subfield>
    </datafield>
    <datafield tag="500" ind1=" " ind2=" ">
      <subfield code="a">Példányszám: 1000</subfield>
    </datafield>
    <datafield tag="610" ind1="2" ind2="4">
      <subfield code="a">Vas Megyei Víz- és Csatornamű Rt. (Szombathely)</subfield>
    </datafield>
    <datafield tag="650" ind1=" " ind2="7">
      <subfield code="a">helytörténet</subfield>
      <subfield code="2">szte</subfield>
    </datafield>
    <datafield tag="650" ind1=" " ind2="4">
      <subfield code="a">vízközmű</subfield>
    </datafield>
    <datafield tag="650" ind1=" " ind2="4">
      <subfield code="a">helytörténet</subfield>
    </datafield>
    <datafield tag="650" ind1=" " ind2="4">
      <subfield code="a">emlékkönyv</subfield>
    </datafield>
    <datafield tag="651" ind1=" " ind2="4">
      <subfield code="a">Szombathely</subfield>
    </datafield>
    <datafield tag="700" ind1="1" ind2="0">
      <subfield code="a">Petrenszky István</subfield>
    </datafield>
    <datafield tag="700" ind1="1" ind2="0">
      <subfield code="a">Tóth László</subfield>
    </datafield>
    <datafield tag="700" ind1="1" ind2=" ">
      <subfield code="a">Németh József</subfield>
      <subfield code="4">(fotó)</subfield>
    </datafield>
    <datafield tag="700" ind1="1" ind2=" ">
      <subfield code="a">Dallos László</subfield>
      <subfield code="d">(1946-)</subfield>
      <subfield code="4">(fotó)</subfield>
    </datafield>
    <datafield tag="710" ind1="2" ind2=" ">
      <subfield code="a">Vas Megyei Víz- és Csatornamű Rt (Szombathely)</subfield>
      <subfield code="4">közread.</subfield>
    </datafield>
    <datafield tag="852" ind1=" " ind2=" ">
      <subfield code="a">B1</subfield>
      <subfield code="b">B1</subfield>
      <subfield code="x">357443</subfield>
    </datafield>
    <datafield tag="852" ind1=" " ind2=" ">
      <subfield code="a">D1</subfield>
      <subfield code="b">D1</subfield>
      <subfield code="x">bibKLT00239828</subfield>
    </datafield>
    <datafield tag="852" ind1=" " ind2=" ">
      <subfield code="a">B11</subfield>
      <subfield code="b">B11</subfield>
      <subfield code="x">BMEOMIKK000137849</subfield>
    </datafield>
    <datafield tag="852" ind1=" " ind2=" ">
      <subfield code="a">B8</subfield>
      <subfield code="b">B8</subfield>
      <subfield code="x">OGYK000022158</subfield>
    </datafield>
  </record>
  <record>
    <leader>00826nam  2200205 i 4500</leader>
    <controlfield tag="001">MOKKAZ0006464960  </controlfield>
    <controlfield tag="005">20040915203943.0</controlfield>
    <controlfield tag="008">031015s2003    hu a          000 0 hun d</controlfield>
    <datafield tag="035" ind1=" " ind2=" ">
      <subfield code="a">1042865</subfield>
    </datafield>
    <datafield tag="040" ind1=" " ind2=" ">
      <subfield code="a">OSZK</subfield>
    </datafield>
    <datafield tag="041" ind1="0" ind2=" ">
      <subfield code="a">hunhun</subfield>
    </datafield>
    <datafield tag="072" ind1=" " ind2="1">
      <subfield code="a">H</subfield>
    </datafield>
    <datafield tag="245" ind1="0" ind2="0">
      <subfield code="a">100 éves a nagykállói középiskolai kollégium : </subfield>
      <subfield code="b">centenáriumi emlékkönyv, 2003</subfield>
    </datafield>
    <datafield tag="260" ind1=" " ind2=" ">
      <subfield code="a">[Nagykálló] :</subfield>
      <subfield code="b">[Budai Nagy A. Szakközépisk. Kollégium],</subfield>
      <subfield code="c">2003</subfield>
      <subfield code="e">(Nyíregyháza</subfield>
      <subfield code="f">Color Pack)</subfield>
    </datafield>
    <datafield tag="300" ind1=" " ind2=" ">
      <subfield code="a">112 p. :</subfield>
      <subfield code="b">ill. ;</subfield>
      <subfield code="c">21 cm</subfield>
    </datafield>
    <datafield tag="500" ind1=" " ind2=" ">
      <subfield code="a">Közread. a Budai Nagy Antal Szakközépiskola Kollégiuma</subfield>
    </datafield>
    <datafield tag="610" ind1="2" ind2="4">
      <subfield code="a">Budai Nagy Antal Szakközépiskola (Nagykálló).</subfield>
      <subfield code="b">Kollégium</subfield>
    </datafield>
    <datafield tag="610" ind1="2" ind2="4">
      <subfield code="a">Korányi Frigyes Gimnázium (Nagykálló).</subfield>
      <subfield code="b">Kollégium</subfield>
    </datafield>
    <datafield tag="710" ind1="2" ind2=" ">
      <subfield code="a">Budai Nagy Antal Szakközépiskola (Nagykálló).</subfield>
      <subfield code="b">Kollégium</subfield>
      <subfield code="4">közread.</subfield>
    </datafield>
    <datafield tag="852" ind1=" " ind2=" ">
      <subfield code="a">B1</subfield>
      <subfield code="b">B1</subfield>
      <subfield code="x">1042865</subfield>
    </datafield>
  </record>
  <record>
    <leader>00714nam  2200217 i 4500</leader>
    <controlfield tag="001">MOKKAW0005693900  </controlfield>
    <controlfield tag="005">20090622162143.0</controlfield>
    <controlfield tag="008">940814s1964    hu            000 0 hun d</controlfield>
    <datafield tag="035" ind1=" " ind2=" ">
      <subfield code="a">BMEOMIKK000362996</subfield>
    </datafield>
    <datafield tag="040" ind1=" " ind2=" ">
      <subfield code="a">BMEOMIKK</subfield>
    </datafield>
    <datafield tag="041" ind1="0" ind2=" ">
      <subfield code="a">hun</subfield>
    </datafield>
    <datafield tag="110" ind1="2" ind2="0">
      <subfield code="a">Budapesti Bútorgyár</subfield>
    </datafield>
    <datafield tag="245" ind1="1" ind2="0">
      <subfield code="a">100 éves a Budapesti Bútorgyár, 1864/1964 /</subfield>
      <subfield code="c">[szerk. biz. Fóris Zoltán, Kozári László et al.]</subfield>
    </datafield>
    <datafield tag="260" ind1=" " ind2=" ">
      <subfield code="a">Budapest :</subfield>
      <subfield code="b">Ságvári ny.,</subfield>
      <subfield code="c">1964</subfield>
    </datafield>
    <datafield tag="300" ind1=" " ind2=" ">
      <subfield code="a">81, [2] p. ;</subfield>
      <subfield code="c">30 cm</subfield>
    </datafield>
    <datafield tag="653" ind1=" " ind2=" ">
      <subfield code="a">Budapesti Bútorgyár</subfield>
    </datafield>
    <datafield tag="653" ind1=" " ind2=" ">
      <subfield code="a">ipari telephely tört., magyar bútoripar története,</subfield>
    </datafield>
    <datafield tag="700" ind1="1" ind2=" ">
      <subfield code="a">Fóris Zoltán</subfield>
    </datafield>
    <datafield tag="700" ind1="1" ind2=" ">
      <subfield code="a">Kozári László</subfield>
    </datafield>
    <datafield tag="852" ind1=" " ind2=" ">
      <subfield code="a">B11</subfield>
      <subfield code="b">B11</subfield>
      <subfield code="x">BMEOMIKK000362996</subfield>
    </datafield>
    <datafield tag="852" ind1=" " ind2=" ">
      <subfield code="a">B8</subfield>
      <subfield code="b">B8</subfield>
      <subfield code="x">OGYK000263011</subfield>
    </datafield>
  </record>
  <record>
    <leader>00940nem  2200241 i 4500</leader>
    <controlfield tag="001">MOKKAZ0006471548  </controlfield>
    <controlfield tag="005">20040915204314.0</controlfield>
    <controlfield tag="007">ajocanza</controlfield>
    <controlfield tag="008">031204s2003    hu bg               hun d</controlfield>
    <datafield tag="035" ind1=" " ind2=" ">
      <subfield code="a">1057524</subfield>
    </datafield>
    <datafield tag="040" ind1=" " ind2=" ">
      <subfield code="a">OSZK</subfield>
    </datafield>
    <datafield tag="072" ind1=" " ind2="1">
      <subfield code="a">6</subfield>
    </datafield>
    <datafield tag="130" ind1="0" ind2="0">
      <subfield code="a">Világ</subfield>
      <subfield code="k">kultúrtörténeti térkép</subfield>
      <subfield code="f">1903/2003</subfield>
    </datafield>
    <datafield tag="245" ind1="1" ind2="0">
      <subfield code="a">100 éves a repülés /</subfield>
      <subfield code="c">prod.  by National Geographic Maps ; Allen Carroll chief cartographer ; tervezte: Charles W. Berry ; útvonal-térképek és domborzat: Tibor G. Tóth</subfield>
    </datafield>
    <datafield tag="260" ind1=" " ind2=" ">
      <subfield code="a">Budapest :</subfield>
      <subfield code="b">Geographia,</subfield>
      <subfield code="c">2003</subfield>
    </datafield>
    <datafield tag="300" ind1=" " ind2=" ">
      <subfield code="a">1 térkl. :</subfield>
      <subfield code="b">színes ;</subfield>
      <subfield code="c">50,9x78,6 cm</subfield>
    </datafield>
    <datafield tag="500" ind1=" " ind2=" ">
      <subfield code="a">Repüléstörténeti térkép</subfield>
    </datafield>
    <datafield tag="580" ind1=" " ind2=" ">
      <subfield code="a">A National Geographic Magyarország 2003. decemberi számának melléklete</subfield>
    </datafield>
    <datafield tag="700" ind1="1" ind2=" ">
      <subfield code="a">Carroll, Allen</subfield>
      <subfield code="4">(szerk.)</subfield>
    </datafield>
    <datafield tag="700" ind1="1" ind2=" ">
      <subfield code="a">Berry, Charles W.</subfield>
      <subfield code="4">(szerk.)</subfield>
    </datafield>
    <datafield tag="700" ind1="1" ind2=" ">
      <subfield code="a">Tóth, Tibor G.</subfield>
      <subfield code="4">(szerk.)</subfield>
    </datafield>
    <datafield tag="710" ind1="2" ind2=" ">
      <subfield code="a">National Geographic Maps (Washington D. C)</subfield>
      <subfield code="4">kész.</subfield>
    </datafield>
    <datafield tag="852" ind1=" " ind2=" ">
      <subfield code="a">B1</subfield>
      <subfield code="b">B1</subfield>
      <subfield code="x">1057524</subfield>
    </datafield>
  </record>
  <record>
    <leader>00454nam  2200157 i 4500</leader>
    <controlfield tag="001">MOKKAN0004866978  </controlfield>
    <controlfield tag="005">20080312091130.0</controlfield>
    <controlfield tag="008">990828s1989                  000 0 hun d</controlfield>
    <datafield tag="035" ind1=" " ind2=" ">
      <subfield code="a">BMEOMIKK000018458</subfield>
    </datafield>
    <datafield tag="040" ind1=" " ind2=" ">
      <subfield code="a">BMEOMIKK</subfield>
    </datafield>
    <datafield tag="041" ind1="0" ind2=" ">
      <subfield code="a">hun</subfield>
    </datafield>
    <datafield tag="110" ind1="2" ind2="0">
      <subfield code="a">Csavaripari Vállalat</subfield>
    </datafield>
    <datafield tag="245" ind1="1" ind2="0">
      <subfield code="a">100 éves a Csavaripari Vállalat /</subfield>
      <subfield code="c">szerk. Korompay János</subfield>
    </datafield>
    <datafield tag="260" ind1=" " ind2=" ">
      <subfield code="a">[Budapest] :</subfield>
      <subfield code="b">Mercurius,</subfield>
      <subfield code="c">1989</subfield>
    </datafield>
    <datafield tag="300" ind1=" " ind2=" ">
      <subfield code="a">112p. ;</subfield>
      <subfield code="c">24 cm</subfield>
    </datafield>
    <datafield tag="852" ind1=" " ind2=" ">
      <subfield code="a">B11</subfield>
      <subfield code="b">B11</subfield>
      <subfield code="x">BMEOMIKK000018458</subfield>
    </datafield>
  </record>
  <record>
    <leader>00564nama 22001691i 4500</leader>
    <controlfield tag="001">MOKKAS0000528559  </controlfield>
    <controlfield tag="005">20060117211904.0</controlfield>
    <controlfield tag="008">040903s1958    hu            000 0 hunod</controlfield>
    <datafield tag="035" ind1=" " ind2=" ">
      <subfield code="a">1287352</subfield>
    </datafield>
    <datafield tag="040" ind1=" " ind2=" ">
      <subfield code="a">OSZK</subfield>
    </datafield>
    <datafield tag="041" ind1="0" ind2=" ">
      <subfield code="a">hunhun</subfield>
    </datafield>
    <datafield tag="100" ind1="1" ind2=" ">
      <subfield code="a">Csonka Pál</subfield>
      <subfield code="d">(1896-1987)</subfield>
    </datafield>
    <datafield tag="245" ind1="1" ind2="0">
      <subfield code="a">100 évesek a Clapeyron-féle egyenletek /</subfield>
      <subfield code="c">Csonka Pál</subfield>
    </datafield>
    <datafield tag="260" ind1=" " ind2=" ">
      <subfield code="a">Budapest :</subfield>
      <subfield code="b">Akad. Kiadó,</subfield>
      <subfield code="c">1958</subfield>
      <subfield code="e">(Budapest</subfield>
      <subfield code="f">Akad. Ny.)</subfield>
    </datafield>
    <datafield tag="300" ind1=" " ind2=" ">
      <subfield code="a">p. 65-66. ;</subfield>
      <subfield code="c">25 cm</subfield>
    </datafield>
    <datafield tag="580" ind1=" " ind2=" ">
      <subfield code="a">Klny. a Magyar Tudományos Akadémia Műszaki Tudományok Osztályának Közleményeiből</subfield>
    </datafield>
    <datafield tag="852" ind1=" " ind2=" ">
      <subfield code="a">B1</subfield>
      <subfield code="b">B1</subfield>
      <subfield code="x">1287352</subfield>
    </datafield>
  </record>
  <record>
    <leader>00534nam  2200169 i 4500</leader>
    <controlfield tag="001">MOKKAW0005569447  </controlfield>
    <controlfield tag="005">20080415102552.0</controlfield>
    <controlfield tag="008">001002s1993                  000 0 hun d</controlfield>
    <datafield tag="035" ind1=" " ind2=" ">
      <subfield code="a">BMEOMIKK000145832</subfield>
    </datafield>
    <datafield tag="040" ind1=" " ind2=" ">
      <subfield code="a">BMEOMIKK</subfield>
    </datafield>
    <datafield tag="041" ind1="0" ind2=" ">
      <subfield code="a">hun</subfield>
    </datafield>
    <datafield tag="245" ind1="0" ind2="0">
      <subfield code="a">100 éves a Magyar Evezős Szövetség, 1893-1993 /</subfield>
      <subfield code="c">[... összeáll. és szerk. Dávid Imre [et al.]</subfield>
    </datafield>
    <datafield tag="260" ind1=" " ind2=" ">
      <subfield code="a">Budapest :</subfield>
      <subfield code="b">[s.n.],</subfield>
      <subfield code="c">1993</subfield>
    </datafield>
    <datafield tag="300" ind1=" " ind2=" ">
      <subfield code="a">150 p., [53] t. ;</subfield>
      <subfield code="c">29 cm</subfield>
    </datafield>
    <datafield tag="610" ind1="2" ind2="4">
      <subfield code="a">Magyar Evezős Szövetség</subfield>
    </datafield>
    <datafield tag="700" ind1="1" ind2=" ">
      <subfield code="a">Dávid Imre</subfield>
    </datafield>
    <datafield tag="852" ind1=" " ind2=" ">
      <subfield code="a">B11</subfield>
      <subfield code="b">B11</subfield>
      <subfield code="x">BMEOMIKK000145832</subfield>
    </datafield>
  </record>
  <record>
    <leader>00893nam  2200241 i 4500</leader>
    <controlfield tag="001">MOKKAS0001068578  </controlfield>
    <controlfield tag="005">20051215223210.0</controlfield>
    <controlfield tag="008">050903s1995    hu            00010 hun d</controlfield>
    <datafield tag="035" ind1=" " ind2=" ">
      <subfield code="a">bibBKO00245379</subfield>
    </datafield>
    <datafield tag="040" ind1=" " ind2=" ">
      <subfield code="a">BMK</subfield>
    </datafield>
    <datafield tag="245" ind1="0" ind2="0">
      <subfield code="a">100 éves a dél-alföldi áramszolgáltatás :</subfield>
      <subfield code="b">1895-1995 /</subfield>
      <subfield code="c">[kiad. a] DÉMÁSZ Rt.</subfield>
    </datafield>
    <datafield tag="260" ind1=" " ind2=" ">
      <subfield code="a">Szeged :</subfield>
      <subfield code="b">DÉMÁSZ,</subfield>
      <subfield code="c">[1995]</subfield>
    </datafield>
    <datafield tag="300" ind1=" " ind2=" ">
      <subfield code="a">14 p. :</subfield>
      <subfield code="b">ill., szines ;</subfield>
      <subfield code="c">30 cm</subfield>
    </datafield>
    <datafield tag="504" ind1=" " ind2=" ">
      <subfield code="a">A bevezetőt Dervarics Attila irta</subfield>
    </datafield>
    <datafield tag="504" ind1=" " ind2=" ">
      <subfield code="a">Megyei adatokkal</subfield>
    </datafield>
    <datafield tag="650" ind1=" " ind2="6">
      <subfield code="a">Délmagyarországi Áramszolgáltató Vállalat (Szeged)</subfield>
    </datafield>
    <datafield tag="650" ind1=" " ind2="6">
      <subfield code="a">áramszolgáltatás - Dél-Alföld - történet</subfield>
    </datafield>
    <datafield tag="650" ind1=" " ind2="6">
      <subfield code="a">áramszolgáltatás - Békés megye - történet</subfield>
    </datafield>
    <datafield tag="651" ind1=" " ind2="4">
      <subfield code="a">Békés megye</subfield>
    </datafield>
    <datafield tag="651" ind1=" " ind2="4">
      <subfield code="a">Dél-Alföld</subfield>
    </datafield>
    <datafield tag="700" ind1="1" ind2=" ">
      <subfield code="a">Dervarics Attila</subfield>
      <subfield code="4">bev.</subfield>
    </datafield>
    <datafield tag="710" ind1="2" ind2=" ">
      <subfield code="a">Délmagyarországi Áramszolgáltató Vállalat (Szeged)</subfield>
      <subfield code="4">közread.</subfield>
    </datafield>
    <datafield tag="852" ind1=" " ind2=" ">
      <subfield code="a">BCS1</subfield>
      <subfield code="b">BCS1</subfield>
      <subfield code="x">bibBKO00245379</subfield>
    </datafield>
  </record>
  <record>
    <leader>01296nam  2200325 i 4500</leader>
    <controlfield tag="001">MOKKAW0005130328  </controlfield>
    <controlfield tag="005">20100803202200.0</controlfield>
    <controlfield tag="008">050101s1996    hu                  hun d</controlfield>
    <datafield tag="035" ind1=" " ind2=" ">
      <subfield code="a">KKMK573520</subfield>
    </datafield>
    <datafield tag="040" ind1=" " ind2=" ">
      <subfield code="a">KKMK</subfield>
    </datafield>
    <datafield tag="041" ind1="0" ind2=" ">
      <subfield code="a">hun</subfield>
    </datafield>
    <datafield tag="080" ind1=" " ind2=" ">
      <subfield code="a">338.45:629.4(439Győr)(091)"1896/1996"</subfield>
    </datafield>
    <datafield tag="080" ind1=" " ind2=" ">
      <subfield code="a">061.5[338.45:629.4(439Győr)(091)"1896/1996"]</subfield>
    </datafield>
    <datafield tag="245" ind1="0" ind2="0">
      <subfield code="a">100 éves a Rába, [1896-1996] /</subfield>
      <subfield code="c">közrem. szerzőtárs Dusza András ; archív dok., képek Vida László ; közrem. szerzőtárs Markó Tamás ; közrem. szerzőtárs Heller László ; közrem. szerzőtárs Baudentisztl Ferenc</subfield>
    </datafield>
    <datafield tag="260" ind1=" " ind2=" ">
      <subfield code="a">Győr :</subfield>
      <subfield code="b">Rába Magyar Vagon- és Gépgyár Rt,</subfield>
      <subfield code="c">1996</subfield>
      <subfield code="e">(</subfield>
      <subfield code="f">Rába Rt. Nyomda)</subfield>
    </datafield>
    <datafield tag="300" ind1=" " ind2=" ">
      <subfield code="a">81 p :</subfield>
      <subfield code="b">ill ;</subfield>
      <subfield code="c">24 cm</subfield>
    </datafield>
    <datafield tag="610" ind1="2" ind2="4">
      <subfield code="a">Rába Magyar Vagon- és Gépgyár Rt (Győr)</subfield>
    </datafield>
    <datafield tag="650" ind1=" " ind2="4">
      <subfield code="a">jubileum</subfield>
    </datafield>
    <datafield tag="650" ind1=" " ind2="4">
      <subfield code="a">iparvállalat</subfield>
    </datafield>
    <datafield tag="650" ind1=" " ind2="4">
      <subfield code="a">ipartörténet</subfield>
    </datafield>
    <datafield tag="650" ind1=" " ind2="4">
      <subfield code="a">helytörténet</subfield>
    </datafield>
    <datafield tag="650" ind1=" " ind2="4">
      <subfield code="a">emlékkönyv</subfield>
    </datafield>
    <datafield tag="651" ind1=" " ind2="4">
      <subfield code="a">Győr</subfield>
    </datafield>
    <datafield tag="653" ind1=" " ind2=" ">
      <subfield code="a">1896-1996</subfield>
    </datafield>
    <datafield tag="700" ind1="1" ind2=" ">
      <subfield code="a">Dusza András</subfield>
      <subfield code="d">(1945)</subfield>
      <subfield code="4">(közrem. szerzőtárs)</subfield>
    </datafield>
    <datafield tag="700" ind1="1" ind2=" ">
      <subfield code="a">Vida László</subfield>
      <subfield code="c">(könyvtáros)</subfield>
      <subfield code="4">(archív dok., képek)</subfield>
    </datafield>
    <datafield tag="700" ind1="1" ind2=" ">
      <subfield code="a">Markó Tamás</subfield>
      <subfield code="4">(közrem. szerzőtárs)</subfield>
    </datafield>
    <datafield tag="700" ind1="1" ind2=" ">
      <subfield code="a">Heller László</subfield>
      <subfield code="4">(közrem., szerzőtárs)</subfield>
    </datafield>
    <datafield tag="700" ind1="1" ind2=" ">
      <subfield code="a">Baudentisztl Ferenc</subfield>
      <subfield code="4">(közrem. szerzőtárs)</subfield>
    </datafield>
    <datafield tag="852" ind1=" " ind2=" ">
      <subfield code="a">GY1</subfield>
      <subfield code="b">GY1</subfield>
      <subfield code="x">KKMK573520</subfield>
    </datafield>
  </record>
  <record>
    <leader>00954aam  2200241 i 4500</leader>
    <controlfield tag="001">MOKKAZ0006221611  </controlfield>
    <controlfield tag="005">20091129002721.0</controlfield>
    <controlfield tag="008">940510s1983    hu a          000 0 hun d</controlfield>
    <datafield tag="020" ind1=" " ind2=" ">
      <subfield code="a">963-241-325-3 (fűzött)</subfield>
    </datafield>
    <datafield tag="035" ind1=" " ind2=" ">
      <subfield code="a">790356</subfield>
    </datafield>
    <datafield tag="040" ind1=" " ind2=" ">
      <subfield code="a">OSZK</subfield>
    </datafield>
    <datafield tag="041" ind1="0" ind2=" ">
      <subfield code="a">hunhunlat</subfield>
      <subfield code="b">eng</subfield>
    </datafield>
    <datafield tag="100" ind1="1" ind2=" ">
      <subfield code="a">Endrőczi Elemér</subfield>
      <subfield code="d">(1927-)</subfield>
    </datafield>
    <datafield tag="245" ind1="1" ind2="0">
      <subfield code="a">100 éves a magyar orvostovábbképzés : </subfield>
      <subfield code="b">1883-1983 /</subfield>
      <subfield code="c">[írták Endrőczi Elemér, Farádi László, Kádár Tibor] ; [az előszót írta Schultheisz Emil]</subfield>
    </datafield>
    <datafield tag="260" ind1=" " ind2=" ">
      <subfield code="a">Budapest :</subfield>
      <subfield code="b">Medicina,</subfield>
      <subfield code="c">1983</subfield>
      <subfield code="e">(Eger</subfield>
      <subfield code="f">Révai)</subfield>
    </datafield>
    <datafield tag="300" ind1=" " ind2=" ">
      <subfield code="a">74 p. :</subfield>
      <subfield code="b">ill. ;</subfield>
      <subfield code="c">25 cm</subfield>
    </datafield>
    <datafield tag="500" ind1=" " ind2=" ">
      <subfield code="a">A tartalomjegyzék angol, francia, német és orosz nyelven is</subfield>
    </datafield>
    <datafield tag="650" ind1=" " ind2="7">
      <subfield code="a">orvostovábbképzés</subfield>
      <subfield code="x">történet</subfield>
      <subfield code="z">Magyarország</subfield>
      <subfield code="y">1883-1983</subfield>
      <subfield code="2">potesh</subfield>
    </datafield>
    <datafield tag="700" ind1="1" ind2="0">
      <subfield code="a">Farádi László</subfield>
      <subfield code="d">(1909-1993)</subfield>
    </datafield>
    <datafield tag="700" ind1="1" ind2="0">
      <subfield code="a">Kádár Tibor</subfield>
      <subfield code="d">(1912-)</subfield>
    </datafield>
    <datafield tag="700" ind1="1" ind2=" ">
      <subfield code="a">Schultheisz Emil</subfield>
      <subfield code="d">(1923-)</subfield>
      <subfield code="4">(előszó)</subfield>
    </datafield>
    <datafield tag="852" ind1=" " ind2=" ">
      <subfield code="a">B1</subfield>
      <subfield code="b">B1</subfield>
      <subfield code="x">790356</subfield>
    </datafield>
    <datafield tag="852" ind1=" " ind2=" ">
      <subfield code="a">P1</subfield>
      <subfield code="b">P10/R</subfield>
      <subfield code="b">P10/K</subfield>
      <subfield code="x">MOKKAZ0006221611</subfield>
    </datafield>
  </record>
  <record>
    <leader>01117cam  2200277 a 4500</leader>
    <controlfield tag="001">MOKKAZ0005368989  </controlfield>
    <controlfield tag="005">20040910174329.0</controlfield>
    <controlfield tag="008">980318c        hu            00010 hun d</controlfield>
    <datafield tag="035" ind1=" " ind2=" ">
      <subfield code="a">14879</subfield>
    </datafield>
    <datafield tag="040" ind1=" " ind2=" ">
      <subfield code="a">SEKK</subfield>
    </datafield>
    <datafield tag="041" ind1="0" ind2=" ">
      <subfield code="a">hun</subfield>
    </datafield>
    <datafield tag="100" ind1="1" ind2="0">
      <subfield code="a">Endrőczi Elemér</subfield>
    </datafield>
    <datafield tag="245" ind1="1" ind2="0">
      <subfield code="a">100 éves a magyar orvostovábbképzés, 1883-1983 :</subfield>
      <subfield code="b">With a summary in english /</subfield>
      <subfield code="c">[Endrőczi Elemér, Farádi László, Kádár Tibor], ; [közread. az Orvostovábbképző Intézet, Semmelweis Orvostörténeti Múzeum, Könyvtár és Levéltár, Magyar Orvostörténelmi Társaság]</subfield>
    </datafield>
    <datafield tag="260" ind1="0" ind2="0">
      <subfield code="a">Budapest :</subfield>
      <subfield code="b">[Medicina],</subfield>
      <subfield code="c">1983.</subfield>
    </datafield>
    <datafield tag="300" ind1=" " ind2=" ">
      <subfield code="a">74 p. ;</subfield>
      <subfield code="c">25 cm.</subfield>
    </datafield>
    <datafield tag="490" ind1=" " ind2="0">
      <subfield code="a">(0301-1968)</subfield>
    </datafield>
    <datafield tag="650" ind1="1" ind2="4">
      <subfield code="a">Medical education</subfield>
    </datafield>
    <datafield tag="650" ind1="1" ind2="4">
      <subfield code="a">Orvosképzés</subfield>
    </datafield>
    <datafield tag="650" ind1="1" ind2="4">
      <subfield code="a">Általános orvostan</subfield>
      <subfield code="x">Történet</subfield>
      <subfield code="x">Orvostörténet</subfield>
    </datafield>
    <datafield tag="650" ind1="1" ind2="4">
      <subfield code="a">Medicine</subfield>
      <subfield code="x">History</subfield>
      <subfield code="x">History of medicine</subfield>
    </datafield>
    <datafield tag="700" ind1="1" ind2="0">
      <subfield code="a">Farádi László</subfield>
    </datafield>
    <datafield tag="700" ind1="1" ind2="0">
      <subfield code="a">Kádár Tibor</subfield>
    </datafield>
    <datafield tag="710" ind1="2" ind2="0">
      <subfield code="a">Orvostovábbképző Intézet (Bp.)</subfield>
    </datafield>
    <datafield tag="710" ind1="2" ind2="0">
      <subfield code="a">Semmelweis Orvostörténeti Múzeum, Könyvtár és Levéltár (Bp.)</subfield>
    </datafield>
    <datafield tag="710" ind1="2" ind2="0">
      <subfield code="a">Magyar Orvostörténelmi Társaság (Bp.)</subfield>
    </datafield>
    <datafield tag="852" ind1=" " ind2=" ">
      <subfield code="a">B13</subfield>
      <subfield code="b">B13</subfield>
      <subfield code="x">14879</subfield>
    </datafield>
  </record>
  <record>
    <leader>00900nam  2200217 i 4500</leader>
    <controlfield tag="001">MOKKAS0003655426  </controlfield>
    <controlfield tag="005">20060614035720.0</controlfield>
    <controlfield tag="008">980721s1998    hu            00010 hun d</controlfield>
    <datafield tag="020" ind1=" " ind2=" ">
      <subfield code="a">963 7349 154</subfield>
    </datafield>
    <datafield tag="035" ind1=" " ind2=" ">
      <subfield code="a">bibSEF00010914</subfield>
    </datafield>
    <datafield tag="040" ind1=" " ind2=" ">
      <subfield code="a">NYME</subfield>
    </datafield>
    <datafield tag="110" ind1="2" ind2=" ">
      <subfield code="a">Erdészeti Tudományos Intézet (Budapest)</subfield>
    </datafield>
    <datafield tag="245" ind1="1" ind2="0">
      <subfield code="a">100 éves A M. Kir. Erdészeti Kísérleti Állomás - A M. Kir. Erdészeti Kutató Intézet - Az Erdészeti Kutató Intézet :</subfield>
      <subfield code="b">Selmecbánya - Sopron - Budapest : 1898 - 1998 /</subfield>
      <subfield code="c">[kiad. az] Erdészeti Tudományos Intézet ; [főszerk. Führer Ernő]</subfield>
    </datafield>
    <datafield tag="260" ind1=" " ind2=" ">
      <subfield code="a">Budapest :</subfield>
      <subfield code="b">ERTI,</subfield>
      <subfield code="c">1998</subfield>
    </datafield>
    <datafield tag="300" ind1=" " ind2=" ">
      <subfield code="a">92 p. ;</subfield>
      <subfield code="c">23 cm</subfield>
    </datafield>
    <datafield tag="490" ind1="1" ind2=" ">
      <subfield code="a">(Erdészeti Tudományos Intézet kiadványai ;</subfield>
      <subfield code="v">7.)</subfield>
    </datafield>
    <datafield tag="584" ind1=" " ind2=" ">
      <subfield code="x">KT 1998/7-8</subfield>
    </datafield>
    <datafield tag="700" ind1="1" ind2=" ">
      <subfield code="a">Führer Ernő</subfield>
    </datafield>
    <datafield tag="710" ind1="2" ind2=" ">
      <subfield code="a">Erdészeti Tudományos Intézet (Budapest)</subfield>
    </datafield>
    <datafield tag="830" ind1=" " ind2="0">
      <subfield code="a">Erdészeti Tudományos Intézet kiadványai</subfield>
    </datafield>
    <datafield tag="852" ind1=" " ind2=" ">
      <subfield code="a">S1</subfield>
      <subfield code="b">S1</subfield>
      <subfield code="x">bibSEF00010914</subfield>
    </datafield>
  </record>
  <record>
    <leader>01106nam  2200277 i 4500</leader>
    <controlfield tag="001">MOKKAN0004714596  </controlfield>
    <controlfield tag="005">20070704230044.0</controlfield>
    <controlfield tag="008">010528s1999    hu           u    j hun d</controlfield>
    <datafield tag="020" ind1=" " ind2=" ">
      <subfield code="a">963 7349 154 (fűzött)</subfield>
    </datafield>
    <datafield tag="035" ind1=" " ind2=" ">
      <subfield code="a">71390</subfield>
    </datafield>
    <datafield tag="040" ind1=" " ind2=" ">
      <subfield code="a">SZIEGTUK</subfield>
    </datafield>
    <datafield tag="041" ind1="0" ind2=" ">
      <subfield code="a">hun</subfield>
    </datafield>
    <datafield tag="110" ind1="2" ind2="0">
      <subfield code="a">Erdészeti Tudományos Intézet (Budapest)</subfield>
    </datafield>
    <datafield tag="245" ind1="1" ind2="0">
      <subfield code="a">100 éves a M. Kir. Erdészeti Kísérleti Állomás - a M. Kir. Erdészeti Kutató Intézet - az Erdészeti Tudományos Intézet : </subfield>
      <subfield code="b">Selmecbánya - Sopron - Budapest 1898-1998 /</subfield>
      <subfield code="c">[főszerk. Führer Ernő] ; [szerk. biz. Borovics Attila et al.] ; [kiad. Erdészeti Tudományos Intézet]</subfield>
    </datafield>
    <datafield tag="260" ind1=" " ind2=" ">
      <subfield code="a">Budapest :</subfield>
      <subfield code="b">ERTI,</subfield>
      <subfield code="c">1999</subfield>
    </datafield>
    <datafield tag="300" ind1=" " ind2=" ">
      <subfield code="a">92 p. :</subfield>
      <subfield code="b">ill. ;</subfield>
      <subfield code="c">24 cm</subfield>
    </datafield>
    <datafield tag="490" ind1="1" ind2=" ">
      <subfield code="a">Erdészeti Tudományos Intézet kiadványai</subfield>
      <subfield code="x">1417-5495</subfield>
      <subfield code="v">7.</subfield>
    </datafield>
    <datafield tag="504" ind1=" " ind2=" ">
      <subfield code="a">Bibliogr.: p. 92.</subfield>
    </datafield>
    <datafield tag="650" ind1=" " ind2="4">
      <subfield code="a">erdészet</subfield>
    </datafield>
    <datafield tag="650" ind1=" " ind2="4">
      <subfield code="a">Erdészeti Tudományos Intézet</subfield>
    </datafield>
    <datafield tag="650" ind1=" " ind2="4">
      <subfield code="a">kutatás</subfield>
    </datafield>
    <datafield tag="650" ind1=" " ind2="4">
      <subfield code="a">Magyarország</subfield>
    </datafield>
    <datafield tag="700" ind1="1" ind2=" ">
      <subfield code="a">Führer Ernő</subfield>
      <subfield code="d">(1953-)</subfield>
      <subfield code="4">(szerk.)</subfield>
    </datafield>
    <datafield tag="700" ind1="1" ind2=" ">
      <subfield code="a">Borovics Attila</subfield>
      <subfield code="4">(szerk.)</subfield>
    </datafield>
    <datafield tag="830" ind1=" " ind2="0">
      <subfield code="a">Erdészeti Tudományos Intézet kiadványai</subfield>
    </datafield>
    <datafield tag="852" ind1=" " ind2=" ">
      <subfield code="a">G1</subfield>
      <subfield code="b">G1</subfield>
      <subfield code="x">71390</subfield>
    </datafield>
  </record>
  <record>
    <leader>00967fam  2200253 i 4500</leader>
    <controlfield tag="001">MOKKAZ0006457149  </controlfield>
    <controlfield tag="005">20070919082559.0</controlfield>
    <controlfield tag="008">030320s2002    hu       b    000 0 hun d</controlfield>
    <datafield tag="020" ind1=" " ind2=" ">
      <subfield code="a">963-8471-32-8 (fűzött)</subfield>
    </datafield>
    <datafield tag="020" ind1=" " ind2=" ">
      <subfield code="a">963 8471 32 8 (fűzött)</subfield>
    </datafield>
    <datafield tag="035" ind1=" " ind2=" ">
      <subfield code="a">959001</subfield>
    </datafield>
    <datafield tag="040" ind1=" " ind2=" ">
      <subfield code="a">OSZK</subfield>
    </datafield>
    <datafield tag="041" ind1="0" ind2=" ">
      <subfield code="a">hunenghun</subfield>
    </datafield>
    <datafield tag="245" ind1="0" ind2="0">
      <subfield code="a">100 éves a Magyar Tudományos Akadémia Pszichológiai Kutatóintézete /</subfield>
      <subfield code="c">[szerk. Erős Ferenc, Farkas András]</subfield>
    </datafield>
    <datafield tag="260" ind1=" " ind2=" ">
      <subfield code="a">Budapest :</subfield>
      <subfield code="b">MTA Pszichológiai Kutatóint.,</subfield>
      <subfield code="c">2002</subfield>
      <subfield code="e">([S.l.]</subfield>
      <subfield code="f">Kiss)</subfield>
    </datafield>
    <datafield tag="300" ind1=" " ind2=" ">
      <subfield code="a">48 p. ;</subfield>
      <subfield code="c">25 cm</subfield>
    </datafield>
    <datafield tag="504" ind1=" " ind2=" ">
      <subfield code="a">Bibliogr. a jegyzetekben</subfield>
    </datafield>
    <datafield tag="610" ind1="2" ind2="4">
      <subfield code="a">Magyar Tudományos Akadémia (Budapest).</subfield>
      <subfield code="b">Pszichológiai Kutatóintézet</subfield>
    </datafield>
    <datafield tag="700" ind1="1" ind2=" ">
      <subfield code="a">Erős Ferenc</subfield>
      <subfield code="d">(1946-)</subfield>
      <subfield code="4">(szerk.)</subfield>
    </datafield>
    <datafield tag="700" ind1="1" ind2=" ">
      <subfield code="a">Farkas András</subfield>
      <subfield code="d">(1944-)</subfield>
      <subfield code="4">(szerk.)</subfield>
    </datafield>
    <datafield tag="710" ind1="2" ind2=" ">
      <subfield code="a">Magyar Tudományos Akadémia (Budapest).</subfield>
      <subfield code="b">Pszichológiai Kutatóintézet</subfield>
      <subfield code="4">közread.</subfield>
    </datafield>
    <datafield tag="852" ind1=" " ind2=" ">
      <subfield code="a">B1</subfield>
      <subfield code="b">B1</subfield>
      <subfield code="x">959001</subfield>
    </datafield>
    <datafield tag="852" ind1=" " ind2=" ">
      <subfield code="a">D1</subfield>
      <subfield code="b">D1</subfield>
      <subfield code="x">959001</subfield>
    </datafield>
    <datafield tag="852" ind1=" " ind2=" ">
      <subfield code="a">SZ1</subfield>
      <subfield code="b">SZ1</subfield>
      <subfield code="x">MOKKAZ0006457149</subfield>
    </datafield>
  </record>
  <record>
    <leader>00731nam  2200205 i 4500</leader>
    <controlfield tag="001">MOKKAZ0003666127  </controlfield>
    <controlfield tag="005">20040909211209.0</controlfield>
    <controlfield tag="008">010601s2000    hu            00010 hun d</controlfield>
    <datafield tag="020" ind1=" " ind2=" ">
      <subfield code="a">963 86137 0 X</subfield>
    </datafield>
    <datafield tag="035" ind1=" " ind2=" ">
      <subfield code="a">bibKLT00290508</subfield>
    </datafield>
    <datafield tag="040" ind1=" " ind2=" ">
      <subfield code="a">DEENK</subfield>
    </datafield>
    <datafield tag="110" ind1="2" ind2=" ">
      <subfield code="a">Erzsébet Kórház (Miskolc)</subfield>
    </datafield>
    <datafield tag="245" ind1="0" ind2="0">
      <subfield code="a">100 éves a miskolci Erzsébet-Semmelweis Kórház :</subfield>
      <subfield code="b">[jubileumi évkönyv] /</subfield>
      <subfield code="c">[szerk. Sallai Zsolt ; fotók Csorba Zoltánné</subfield>
    </datafield>
    <datafield tag="260" ind1=" " ind2=" ">
      <subfield code="a">Miskolc :</subfield>
      <subfield code="b">Semmelweis Kórház,</subfield>
      <subfield code="c">2000</subfield>
    </datafield>
    <datafield tag="300" ind1=" " ind2=" ">
      <subfield code="a">206 p. :</subfield>
      <subfield code="b">ill., fotók, részben színes ;</subfield>
      <subfield code="c">31 cm</subfield>
    </datafield>
    <datafield tag="650" ind1=" " ind2="4">
      <subfield code="a">Kórházak</subfield>
      <subfield code="z">Magyarország</subfield>
      <subfield code="x">történet</subfield>
    </datafield>
    <datafield tag="650" ind1=" " ind2="0">
      <subfield code="a">Hospitals</subfield>
      <subfield code="z">Hungary</subfield>
      <subfield code="x">History.</subfield>
    </datafield>
    <datafield tag="700" ind1="1" ind2=" ">
      <subfield code="a">Sallai Zsolt</subfield>
    </datafield>
    <datafield tag="700" ind1="1" ind2=" ">
      <subfield code="a">Csorba Zoltánné</subfield>
    </datafield>
    <datafield tag="852" ind1=" " ind2=" ">
      <subfield code="a">D1</subfield>
      <subfield code="b">D1</subfield>
      <subfield code="x">bibKLT00290508</subfield>
    </datafield>
  </record>
  <record>
    <leader>00760nam  2200205 i 4500</leader>
    <controlfield tag="001">MOKKAW0005711364  </controlfield>
    <controlfield tag="005">20080417183802.0</controlfield>
    <controlfield tag="008">940814s1973    hu            000 0 hun d</controlfield>
    <datafield tag="035" ind1=" " ind2=" ">
      <subfield code="a">BMEOMIKK000372281</subfield>
    </datafield>
    <datafield tag="040" ind1=" " ind2=" ">
      <subfield code="a">BMEOMIKK</subfield>
    </datafield>
    <datafield tag="041" ind1="0" ind2=" ">
      <subfield code="a">hun</subfield>
    </datafield>
    <datafield tag="044" ind1=" " ind2=" ">
      <subfield code="a">HU</subfield>
    </datafield>
    <datafield tag="110" ind1="2" ind2="0">
      <subfield code="a">Északdunántúli Gázgyártó és Szolgáltató Vállalat</subfield>
    </datafield>
    <datafield tag="245" ind1="1" ind2="0">
      <subfield code="a">100 éves a szombathelyi gázgyártás, 1873-1973 : </subfield>
      <subfield code="b">jubileumi kiadvány /</subfield>
      <subfield code="c">[összeáll. Bencze Károly et al.] ; [közr. az] Északdunántúli Gázgyártó és Szolgáltató Vállalat</subfield>
    </datafield>
    <datafield tag="260" ind1=" " ind2=" ">
      <subfield code="a">[Szombathely] :</subfield>
      <subfield code="b">ÉDGÁZ,</subfield>
      <subfield code="c">1973</subfield>
    </datafield>
    <datafield tag="300" ind1=" " ind2=" ">
      <subfield code="a">79 p., [1] t. ;</subfield>
      <subfield code="c">24 cm</subfield>
    </datafield>
    <datafield tag="504" ind1=" " ind2=" ">
      <subfield code="a">Bibliogr.: p. 77.</subfield>
    </datafield>
    <datafield tag="653" ind1=" " ind2=" ">
      <subfield code="a">Gépgyártás, történet, magyar</subfield>
    </datafield>
    <datafield tag="700" ind1="1" ind2=" ">
      <subfield code="a">Bencze Károly</subfield>
    </datafield>
    <datafield tag="852" ind1=" " ind2=" ">
      <subfield code="a">B11</subfield>
      <subfield code="b">B11</subfield>
      <subfield code="x">BMEOMIKK000372281</subfield>
    </datafield>
  </record>
  <record>
    <leader>00625nama 22001931i 4500</leader>
    <controlfield tag="001">MOKKAS0000589046  </controlfield>
    <controlfield tag="005">20060118004600.0</controlfield>
    <controlfield tag="008">041001s1973    hu            000 0 hunod</controlfield>
    <datafield tag="035" ind1=" " ind2=" ">
      <subfield code="a">1347855</subfield>
    </datafield>
    <datafield tag="040" ind1=" " ind2=" ">
      <subfield code="a">OSZK</subfield>
    </datafield>
    <datafield tag="041" ind1="0" ind2=" ">
      <subfield code="a">hunhun</subfield>
    </datafield>
    <datafield tag="100" ind1="1" ind2=" ">
      <subfield code="a">Falk Alfréd</subfield>
      <subfield code="c">(cédulakatalógus alapján)</subfield>
    </datafield>
    <datafield tag="245" ind1="1" ind2="0">
      <subfield code="a">100 éves a mozdonygyártás /</subfield>
      <subfield code="c">Falk Alfréd, Pál József, Villányi György</subfield>
    </datafield>
    <datafield tag="260" ind1=" " ind2=" ">
      <subfield code="a">[Budapest] :</subfield>
      <subfield code="b">Ganz-Mávag,</subfield>
      <subfield code="c">[1973]</subfield>
      <subfield code="e">([Budapest]</subfield>
      <subfield code="f">[Révai Ny.])</subfield>
    </datafield>
    <datafield tag="300" ind1=" " ind2=" ">
      <subfield code="a">p. 5-62. :</subfield>
      <subfield code="b">ill. ;</subfield>
      <subfield code="c">29 cm</subfield>
    </datafield>
    <datafield tag="580" ind1=" " ind2=" ">
      <subfield code="a">Klny.: Ganz-Mávag Közlemények</subfield>
    </datafield>
    <datafield tag="700" ind1="1" ind2="0">
      <subfield code="a">Villányi György</subfield>
    </datafield>
    <datafield tag="700" ind1="1" ind2="0">
      <subfield code="a">Pál József</subfield>
    </datafield>
    <datafield tag="852" ind1=" " ind2=" ">
      <subfield code="a">B1</subfield>
      <subfield code="b">B1</subfield>
      <subfield code="x">1347855</subfield>
    </datafield>
  </record>
  <record>
    <leader>00512nama 22001571i 4500</leader>
    <controlfield tag="001">MOKKAS0000580186  </controlfield>
    <controlfield tag="005">20060118001627.0</controlfield>
    <controlfield tag="008">041001s1964    hu            000 0 hunod</controlfield>
    <datafield tag="035" ind1=" " ind2=" ">
      <subfield code="a">1338989</subfield>
    </datafield>
    <datafield tag="040" ind1=" " ind2=" ">
      <subfield code="a">OSZK</subfield>
    </datafield>
    <datafield tag="041" ind1="0" ind2=" ">
      <subfield code="a">hunhun</subfield>
    </datafield>
    <datafield tag="245" ind1="0" ind2="0">
      <subfield code="a">100 éves a Budapesti Bútorgyár : </subfield>
      <subfield code="b">1864-1964 /</subfield>
      <subfield code="c">[szerk. biz. Fóris Zoltán et al.]</subfield>
    </datafield>
    <datafield tag="260" ind1=" " ind2=" ">
      <subfield code="a">[Budapest] :</subfield>
      <subfield code="b">Budapesti Bútorgyár,</subfield>
      <subfield code="c">[1964]</subfield>
      <subfield code="e">([Budapest]</subfield>
      <subfield code="f">Ságvári Ny.)</subfield>
    </datafield>
    <datafield tag="300" ind1=" " ind2=" ">
      <subfield code="a">81 p. :</subfield>
      <subfield code="b">ill. ;</subfield>
      <subfield code="c">29 cm</subfield>
    </datafield>
    <datafield tag="700" ind1="1" ind2=" ">
      <subfield code="a">Fóris Zoltán</subfield>
      <subfield code="4">(szerk.)</subfield>
    </datafield>
    <datafield tag="852" ind1=" " ind2=" ">
      <subfield code="a">B1</subfield>
      <subfield code="b">B1</subfield>
      <subfield code="x">1338989</subfield>
    </datafield>
  </record>
  <record>
    <leader>01172nam  2200265 i 4500</leader>
    <controlfield tag="001">MOKKAZ0003500223  </controlfield>
    <controlfield tag="005">20040909194335.0</controlfield>
    <controlfield tag="008">981007s1998    hu a     b    00010 hun d</controlfield>
    <datafield tag="020" ind1=" " ind2=" ">
      <subfield code="a">963 7249 15 4</subfield>
    </datafield>
    <datafield tag="035" ind1=" " ind2=" ">
      <subfield code="a">bibKLT00188151</subfield>
    </datafield>
    <datafield tag="040" ind1=" " ind2=" ">
      <subfield code="a">DEENK</subfield>
    </datafield>
    <datafield tag="245" ind1="0" ind2="0">
      <subfield code="a">100 éves a M. Kir. Erdészeti Kísérleti Állomás - a M. Kir. Erdészeti Kutató Intézet - az Erdészeti Tudományos Intézet /</subfield>
      <subfield code="c">[főszerk. Führer Ernő]</subfield>
    </datafield>
    <datafield tag="260" ind1=" " ind2=" ">
      <subfield code="a">Selmecbánya ;</subfield>
      <subfield code="a">Sopron ;</subfield>
      <subfield code="a">Budapest :</subfield>
      <subfield code="b">Erdészeti Tudományos Intézet,</subfield>
      <subfield code="c">1998</subfield>
    </datafield>
    <datafield tag="300" ind1=" " ind2=" ">
      <subfield code="a">92 p. :</subfield>
      <subfield code="b">ill., ill. ;</subfield>
      <subfield code="c">24 cm</subfield>
    </datafield>
    <datafield tag="490" ind1="1" ind2=" ">
      <subfield code="a">(Erdészeti Tudományos Intézet kiadványai,</subfield>
      <subfield code="x">1417-5495 ;</subfield>
      <subfield code="v">7.)</subfield>
    </datafield>
    <datafield tag="504" ind1=" " ind2=" ">
      <subfield code="a">Bibliogr.: p. 92.</subfield>
    </datafield>
    <datafield tag="610" ind1="2" ind2=" ">
      <subfield code="a">Magyar Királyi Erdészeti Kísérleti Állomás (Selmecbánya)</subfield>
    </datafield>
    <datafield tag="610" ind1="2" ind2=" ">
      <subfield code="a">Magyar Királyi Erdészeti Kutató Intézet (Sopron)</subfield>
    </datafield>
    <datafield tag="610" ind1="2" ind2=" ">
      <subfield code="a">Erdészeti Tudományos Intézet (Budapest, Sopron)</subfield>
    </datafield>
    <datafield tag="650" ind1=" " ind2="4">
      <subfield code="a">Erdők és erdészet</subfield>
      <subfield code="z">Magyarország</subfield>
      <subfield code="x">kutatás</subfield>
    </datafield>
    <datafield tag="650" ind1=" " ind2="0">
      <subfield code="a">Forests and forestry</subfield>
      <subfield code="z">Hungary</subfield>
      <subfield code="x">Research.</subfield>
    </datafield>
    <datafield tag="700" ind1="1" ind2=" ">
      <subfield code="a">Führer Ernő</subfield>
    </datafield>
    <datafield tag="710" ind1="2" ind2=" ">
      <subfield code="a">Erdészeti Tudományos Intézet (Budapest)</subfield>
    </datafield>
    <datafield tag="830" ind1=" " ind2="0">
      <subfield code="a">Erdészeti Tudományos Intézet kiadványai</subfield>
    </datafield>
    <datafield tag="852" ind1=" " ind2=" ">
      <subfield code="a">D1</subfield>
      <subfield code="b">D1</subfield>
      <subfield code="x">bibKLT00188151</subfield>
    </datafield>
  </record>
  <record>
    <leader>01349nam  2200325 i 4500</leader>
    <controlfield tag="001">MOKKAS0001281836  </controlfield>
    <controlfield tag="005">20091025071112.0</controlfield>
    <controlfield tag="008">      s1998    hu            00010 hun d</controlfield>
    <datafield tag="020" ind1=" " ind2=" ">
      <subfield code="a">963-7349-154 (fűzött) :</subfield>
      <subfield code="c">600,-Ft</subfield>
    </datafield>
    <datafield tag="035" ind1=" " ind2=" ">
      <subfield code="a">bibRFK00112534</subfield>
    </datafield>
    <datafield tag="040" ind1=" " ind2=" ">
      <subfield code="a">RFMK</subfield>
    </datafield>
    <datafield tag="041" ind1=" " ind2=" ">
      <subfield code="a">hun</subfield>
    </datafield>
    <datafield tag="080" ind1=" " ind2=" ">
      <subfield code="a">634.0(439):061.6"1898/1998"</subfield>
    </datafield>
    <datafield tag="245" ind1="0" ind2="0">
      <subfield code="a">100 éves a M. Kir. Erdészeti Kisérleti Állomás - a M. Kir. Erdészeti Kutató Intézet - az Erdészeti Tudományos Intézet /</subfield>
      <subfield code="c">[főszerk. Führer Ernő] ; [kiad. az Erdészeti Tudományos Intézet]</subfield>
    </datafield>
    <datafield tag="260" ind1=" " ind2=" ">
      <subfield code="a">Selmecbánya ;</subfield>
      <subfield code="a">Sopron ;</subfield>
      <subfield code="a">Budapest :</subfield>
      <subfield code="b">Erdészeti Tudományos Intézet,</subfield>
      <subfield code="c">1998</subfield>
    </datafield>
    <datafield tag="300" ind1=" " ind2=" ">
      <subfield code="a">92 p. :</subfield>
      <subfield code="b">ill., részben színes ;</subfield>
      <subfield code="c">24 cm</subfield>
    </datafield>
    <datafield tag="490" ind1="1" ind2=" ">
      <subfield code="a">(Erdészeti Tudományos Intézet kiadványai,</subfield>
      <subfield code="x">1417-5495 ;</subfield>
      <subfield code="v">7)</subfield>
    </datafield>
    <datafield tag="500" ind1=" " ind2=" ">
      <subfield code="a">rs</subfield>
    </datafield>
    <datafield tag="504" ind1=" " ind2=" ">
      <subfield code="a">Bibliogr.: p. 92.</subfield>
    </datafield>
    <datafield tag="610" ind1="2" ind2=" ">
      <subfield code="a">Erdészeti Tudományos Intézet (Budapest)</subfield>
    </datafield>
    <datafield tag="610" ind1="2" ind2=" ">
      <subfield code="a">Magyar Királyi Erdészeti Kisérleti Állomás (Selmecbánya)</subfield>
    </datafield>
    <datafield tag="610" ind1="2" ind2=" ">
      <subfield code="a">Magyar Királyi Erdészeti Kutató Intézet (Sopron)</subfield>
    </datafield>
    <datafield tag="650" ind1=" " ind2="4">
      <subfield code="a">erdészet</subfield>
    </datafield>
    <datafield tag="650" ind1=" " ind2="4">
      <subfield code="a">tudományos intézmények</subfield>
    </datafield>
    <datafield tag="650" ind1=" " ind2="4">
      <subfield code="a">1898-1998</subfield>
    </datafield>
    <datafield tag="700" ind1="1" ind2=" ">
      <subfield code="a">Führer Ernő</subfield>
      <subfield code="4">szerk.</subfield>
    </datafield>
    <datafield tag="710" ind1="2" ind2=" ">
      <subfield code="a">Erdészeti Tudományos Intézet (Budapest)</subfield>
      <subfield code="4">közread.</subfield>
    </datafield>
    <datafield tag="830" ind1=" " ind2="0">
      <subfield code="a">Erdészeti Tudományos Intézet kiadványai</subfield>
    </datafield>
    <datafield tag="852" ind1=" " ind2=" ">
      <subfield code="a">M2</subfield>
      <subfield code="b">M2</subfield>
      <subfield code="x">bibRFK00112534</subfield>
    </datafield>
    <datafield tag="852" ind1=" " ind2=" ">
      <subfield code="a">B3</subfield>
      <subfield code="b">B3</subfield>
      <subfield code="x">000180492</subfield>
    </datafield>
  </record>
  <record>
    <leader>00994fam  2200229 ir4500</leader>
    <controlfield tag="001">MOKKAZ0006365671  </controlfield>
    <controlfield tag="005">20040915194713.0</controlfield>
    <controlfield tag="008">980714s1998    hu ao    b    000 0 hun d</controlfield>
    <datafield tag="020" ind1=" " ind2=" ">
      <subfield code="a">963-7349-15-4 (fűzött)</subfield>
    </datafield>
    <datafield tag="035" ind1=" " ind2=" ">
      <subfield code="a">302744</subfield>
    </datafield>
    <datafield tag="040" ind1=" " ind2=" ">
      <subfield code="a">OSZK</subfield>
    </datafield>
    <datafield tag="041" ind1="0" ind2=" ">
      <subfield code="a">hunhun</subfield>
    </datafield>
    <datafield tag="245" ind1="0" ind2="0">
      <subfield code="a">100 éves a M. Kir. Erdészeti Kísérleti Állomás - a M. Kir. Erdészeti Kutató Intézet - az Erdészeti Tudományos Intézet : </subfield>
      <subfield code="b">Selmecbánya - Sopron - Budapest, 1898-1998 /</subfield>
      <subfield code="c">[főszerk. Führer Ernő] ; [szerkbiz. Borovics Attila et al.]</subfield>
    </datafield>
    <datafield tag="260" ind1=" " ind2=" ">
      <subfield code="a">[Budapest] :</subfield>
      <subfield code="b">Erti,</subfield>
      <subfield code="c">1998</subfield>
      <subfield code="e">([Budapest]</subfield>
      <subfield code="f">OMMI soksz.)</subfield>
    </datafield>
    <datafield tag="300" ind1=" " ind2=" ">
      <subfield code="a">92 p. :</subfield>
      <subfield code="b">ill., főként színes ;</subfield>
      <subfield code="c">24 cm</subfield>
    </datafield>
    <datafield tag="490" ind1="1" ind2=" ">
      <subfield code="a">Erdészeti Tudományos Intézet kiadványai</subfield>
      <subfield code="x">1417-5495</subfield>
      <subfield code="v">7.</subfield>
    </datafield>
    <datafield tag="500" ind1=" " ind2=" ">
      <subfield code="a">Példányszám: 800</subfield>
    </datafield>
    <datafield tag="610" ind1="2" ind2="4">
      <subfield code="a">Erdészeti Tudományos Intézet (Budapest)</subfield>
    </datafield>
    <datafield tag="700" ind1="1" ind2=" ">
      <subfield code="a">Führer Ernő</subfield>
      <subfield code="d">(1953-)</subfield>
      <subfield code="4">(szerk.)</subfield>
    </datafield>
    <datafield tag="700" ind1="1" ind2=" ">
      <subfield code="a">Borovics Attila</subfield>
      <subfield code="d">(1971-)</subfield>
      <subfield code="4">(szerk.)</subfield>
    </datafield>
    <datafield tag="830" ind1=" " ind2="0">
      <subfield code="a">Erdészeti Tudományos Intézet kiadványai</subfield>
    </datafield>
    <datafield tag="852" ind1=" " ind2=" ">
      <subfield code="a">B1</subfield>
      <subfield code="b">B1</subfield>
      <subfield code="x">302744</subfield>
    </datafield>
  </record>
  <record>
    <leader>00731cam  2200205 i 4500</leader>
    <controlfield tag="001">MOKKAS0001973161  </controlfield>
    <controlfield tag="005">20090620013755.0</controlfield>
    <controlfield tag="008">041231s1969    hu co  f      000 0dhun d</controlfield>
    <datafield tag="035" ind1=" " ind2=" ">
      <subfield code="a">244400</subfield>
    </datafield>
    <datafield tag="040" ind1=" " ind2=" ">
      <subfield code="a">ELTE</subfield>
    </datafield>
    <datafield tag="041" ind1="0" ind2=" ">
      <subfield code="a">hun</subfield>
    </datafield>
    <datafield tag="245" ind1="0" ind2="0">
      <subfield code="a">100 éves a Magyar Földtani intézet</subfield>
      <subfield code="c">/ szerkesztette Fülöp József és Tasnádi Kubacska András</subfield>
    </datafield>
    <datafield tag="260" ind1=" " ind2=" ">
      <subfield code="a">Bp. :</subfield>
      <subfield code="b">Műszaki K.,</subfield>
      <subfield code="c">1969</subfield>
    </datafield>
    <datafield tag="300" ind1=" " ind2=" ">
      <subfield code="a">274 p. :</subfield>
      <subfield code="b">foto ill. ;</subfield>
      <subfield code="c">23 cm</subfield>
    </datafield>
    <datafield tag="610" ind1="2" ind2="4">
      <subfield code="2">ar</subfield>
      <subfield code="a">Magyar Állami Földtani Intézet (Budapest)</subfield>
      <subfield code="d">(1868-1968)</subfield>
    </datafield>
    <datafield tag="653" ind1=" " ind2=" ">
      <subfield code="a">földtani kutatások, kutatóintézet tört. Magyarországon 19. sz.-tól</subfield>
    </datafield>
    <datafield tag="700" ind1="1" ind2=" ">
      <subfield code="a">Fülöp József</subfield>
    </datafield>
    <datafield tag="700" ind1="1" ind2=" ">
      <subfield code="a">Tasnádi Kubacska András</subfield>
      <subfield code="d">(1902-1977)</subfield>
    </datafield>
    <datafield tag="852" ind1=" " ind2=" ">
      <subfield code="a">B2</subfield>
      <subfield code="b">B2</subfield>
      <subfield code="x">244400</subfield>
    </datafield>
    <datafield tag="852" ind1=" " ind2=" ">
      <subfield code="a">B8</subfield>
      <subfield code="b">B8</subfield>
      <subfield code="x">OGYK000149722</subfield>
    </datafield>
  </record>
  <record>
    <leader>00549cam  22001697  4500</leader>
    <controlfield tag="001">MOKKAS0002297710  </controlfield>
    <controlfield tag="005">20060527044349.0</controlfield>
    <controlfield tag="008">      s1969    hu                  hun d</controlfield>
    <datafield tag="035" ind1=" " ind2=" ">
      <subfield code="a">bibSOK174020</subfield>
    </datafield>
    <datafield tag="040" ind1=" " ind2=" ">
      <subfield code="a">SK</subfield>
    </datafield>
    <datafield tag="245" ind1="0" ind2="0">
      <subfield code="a">100 éves a Magyar Állami Földtani Intézet /</subfield>
      <subfield code="c">szerk. Fülöp József, Tasnádi Kubacska András</subfield>
    </datafield>
    <datafield tag="260" ind1=" " ind2=" ">
      <subfield code="a">Bp. :</subfield>
      <subfield code="b">Műzaki Kiad.,</subfield>
      <subfield code="c">1969</subfield>
    </datafield>
    <datafield tag="300" ind1=" " ind2=" ">
      <subfield code="a">274 p. :</subfield>
      <subfield code="b">ill. ;</subfield>
      <subfield code="c">25 cm</subfield>
    </datafield>
    <datafield tag="695" ind1=" " ind2=" ">
      <subfield code="a">Magyar Állami Földtani Intézet</subfield>
    </datafield>
    <datafield tag="700" ind1="1" ind2=" ">
      <subfield code="a">Fülöp József</subfield>
    </datafield>
    <datafield tag="700" ind1="2" ind2=" ">
      <subfield code="a">Tasnádi Kubacska András</subfield>
    </datafield>
    <datafield tag="852" ind1=" " ind2=" ">
      <subfield code="a">SZ4</subfield>
      <subfield code="b">SZ4</subfield>
      <subfield code="x">bibSOK174020</subfield>
    </datafield>
  </record>
  <record>
    <leader>00491cam  22001457  4500</leader>
    <controlfield tag="001">MOKKAZ0004384898  </controlfield>
    <controlfield tag="005">20040910064552.0</controlfield>
    <controlfield tag="008">      s1969                        und d</controlfield>
    <datafield tag="035" ind1=" " ind2=" ">
      <subfield code="a">bibFSZ00230947</subfield>
    </datafield>
    <datafield tag="040" ind1=" " ind2=" ">
      <subfield code="a">FSZEK</subfield>
    </datafield>
    <datafield tag="245" ind1="0" ind2="0">
      <subfield code="a">100 éves a Magyar Állami Földtani Intézet /</subfield>
      <subfield code="c">szerk. Fülöp József, Tasnádi Kubacska András</subfield>
    </datafield>
    <datafield tag="260" ind1=" " ind2=" ">
      <subfield code="a">[S.l.] :</subfield>
      <subfield code="b">[S.n.],</subfield>
      <subfield code="c">1969</subfield>
    </datafield>
    <datafield tag="700" ind1="1" ind2=" ">
      <subfield code="a">Fülöp József</subfield>
      <subfield code="4">szerk.</subfield>
    </datafield>
    <datafield tag="700" ind1="2" ind2=" ">
      <subfield code="a">Tasnádi Kubacska András</subfield>
      <subfield code="d">(1902-1977)</subfield>
    </datafield>
    <datafield tag="852" ind1=" " ind2=" ">
      <subfield code="a">B10</subfield>
      <subfield code="B">0801</subfield>
      <subfield code="b">0801B</subfield>
      <subfield code="x">bibFSZ00230947</subfield>
    </datafield>
  </record>
  <record>
    <leader>00962fam  2200229 ir4500</leader>
    <controlfield tag="001">MOKKAZ0006237301  </controlfield>
    <controlfield tag="005">20040915182540.0</controlfield>
    <controlfield tag="008">940509t19851985hu a          100 0 hun d</controlfield>
    <datafield tag="020" ind1=" " ind2=" ">
      <subfield code="a">963-02-3957-4 (fűzött)</subfield>
    </datafield>
    <datafield tag="020" ind1=" " ind2=" ">
      <subfield code="a">963-8141-48-4</subfield>
    </datafield>
    <datafield tag="035" ind1=" " ind2=" ">
      <subfield code="a">538603</subfield>
    </datafield>
    <datafield tag="040" ind1=" " ind2=" ">
      <subfield code="a">OSZK</subfield>
    </datafield>
    <datafield tag="041" ind1="0" ind2=" ">
      <subfield code="a">hunhun</subfield>
    </datafield>
    <datafield tag="245" ind1="1" ind2="0">
      <subfield code="a">100 éves a transzformátorgyártás : </subfield>
      <subfield code="b">Jubileumi tudományos konferencia előadásainak szöveges gyűjteménye : Budapest, 1985. június 18-21. /</subfield>
      <subfield code="c">[rend., közr. a Ganz Villamossági Művek, Magyar Elektrotechnikai Egyesület]</subfield>
    </datafield>
    <datafield tag="260" ind1=" " ind2=" ">
      <subfield code="a">[Budapest] :</subfield>
      <subfield code="b">Ganz Villamossági Művek :</subfield>
      <subfield code="b">MEE,</subfield>
      <subfield code="c">[1985]</subfield>
      <subfield code="e">([Budapest]</subfield>
      <subfield code="f">Cooprint)</subfield>
    </datafield>
    <datafield tag="300" ind1=" " ind2=" ">
      <subfield code="a">516 p. :</subfield>
      <subfield code="b">ill. ;</subfield>
      <subfield code="c">29 cm</subfield>
    </datafield>
    <datafield tag="650" ind1="0" ind2="4">
      <subfield code="a">transzformátorok</subfield>
      <subfield code="x">konferencia</subfield>
    </datafield>
    <datafield tag="650" ind1="0" ind2="4">
      <subfield code="a">transzformátorgyártás</subfield>
      <subfield code="x">konferencia</subfield>
    </datafield>
    <datafield tag="710" ind1="2" ind2=" ">
      <subfield code="a">Ganz Villamossági Művek (Budapest)</subfield>
      <subfield code="4">rend., közread.</subfield>
    </datafield>
    <datafield tag="710" ind1="2" ind2=" ">
      <subfield code="a">Magyar Elektrotechnikai Egyesület</subfield>
      <subfield code="4">rend., közread.</subfield>
    </datafield>
    <datafield tag="852" ind1=" " ind2=" ">
      <subfield code="a">B1</subfield>
      <subfield code="b">B1</subfield>
      <subfield code="x">538603</subfield>
    </datafield>
    <datafield tag="852" ind1=" " ind2=" ">
      <subfield code="a">M1</subfield>
      <subfield code="b">M1</subfield>
      <subfield code="x">181293</subfield>
    </datafield>
  </record>
  <record>
    <leader>01221nam  2200253 i 4500</leader>
    <controlfield tag="001">MOKKAN0004869679  </controlfield>
    <controlfield tag="005">20080312160635.0</controlfield>
    <controlfield tag="008">990828s1985                  100 0 hun d</controlfield>
    <datafield tag="035" ind1=" " ind2=" ">
      <subfield code="a">BMEOMIKK000021075</subfield>
    </datafield>
    <datafield tag="040" ind1=" " ind2=" ">
      <subfield code="a">BMEOMIKK</subfield>
    </datafield>
    <datafield tag="041" ind1="0" ind2=" ">
      <subfield code="a">hun</subfield>
    </datafield>
    <datafield tag="245" ind1="0" ind2="0">
      <subfield code="a">100 éves a transzformátorgyártás : </subfield>
      <subfield code="b">Jubileumi tudományos konferencia előadásainak szöveges gyűjteménye, Budapest, 1985. junius 18-21 /</subfield>
      <subfield code="c">[rend., közr. a Ganz Villamossági Művek, Magyar Elektrotechnikai Egyesület]</subfield>
    </datafield>
    <datafield tag="246" ind1="1" ind2="3">
      <subfield code="a">Jubileumi tudományos konferencia előadásainak szöveges gyűjteménye, Budapest, 1985. junius 18-21</subfield>
    </datafield>
    <datafield tag="260" ind1=" " ind2=" ">
      <subfield code="a">[Budapest] :</subfield>
      <subfield code="b">Ganz [etc.],</subfield>
      <subfield code="c">[1985]</subfield>
    </datafield>
    <datafield tag="300" ind1=" " ind2=" ">
      <subfield code="a">519 p. ;</subfield>
      <subfield code="c">29 cm +</subfield>
      <subfield code="e">1 mell. (80 p.</subfield>
    </datafield>
    <datafield tag="500" ind1=" " ind2=" ">
      <subfield code="a">A mell. alcíme: Jubileumi tudományos konferencia hozzászólásainak szöveges gyűjteménye</subfield>
    </datafield>
    <datafield tag="504" ind1=" " ind2=" ">
      <subfield code="a">Bibliogr. az egyes tanulmányok végén</subfield>
    </datafield>
    <datafield tag="650" ind1="0" ind2="4">
      <subfield code="a">transzformátorok</subfield>
      <subfield code="x">konferencia</subfield>
    </datafield>
    <datafield tag="650" ind1="0" ind2="4">
      <subfield code="a">transzformátorgyártás</subfield>
      <subfield code="x">konferencia</subfield>
    </datafield>
    <datafield tag="710" ind1="2" ind2=" ">
      <subfield code="a">Ganz Villamossági Művek</subfield>
    </datafield>
    <datafield tag="710" ind1="2" ind2=" ">
      <subfield code="a">Magyar Elektrotechnikai Egyesület</subfield>
    </datafield>
    <datafield tag="711" ind1="2" ind2="0">
      <subfield code="a">100 éves a transzformátorgyártás</subfield>
      <subfield code="e">Jubileumi tudományos konferencia</subfield>
      <subfield code="d">1985</subfield>
      <subfield code="c">Budapest</subfield>
    </datafield>
    <datafield tag="852" ind1=" " ind2=" ">
      <subfield code="a">B11</subfield>
      <subfield code="b">B11</subfield>
      <subfield code="x">BMEOMIKK000021075</subfield>
    </datafield>
    <datafield tag="852" ind1=" " ind2=" ">
      <subfield code="a">M1</subfield>
      <subfield code="b">M1</subfield>
      <subfield code="x">181293</subfield>
    </datafield>
  </record>
  <record>
    <leader>00782aam  2200205   4500</leader>
    <controlfield tag="001">MOKKAZ0003877588  </controlfield>
    <controlfield tag="005">20040910005617.0</controlfield>
    <controlfield tag="008">840223 1981    hu                  hun  </controlfield>
    <datafield tag="020" ind1=" " ind2=" ">
      <subfield code="a">963 01 3425</subfield>
    </datafield>
    <datafield tag="035" ind1=" " ind2=" ">
      <subfield code="a">bibJAT00103906</subfield>
    </datafield>
    <datafield tag="040" ind1=" " ind2=" ">
      <subfield code="a">SZTE</subfield>
    </datafield>
    <datafield tag="245" ind1="0" ind2="0">
      <subfield code="a">100 éves a Vöröskereszt : dokumentumok a szervezet Hajdú-Bihar megyei történetéből /</subfield>
      <subfield code="c">szerk. Gazdag István</subfield>
    </datafield>
    <datafield tag="260" ind1=" " ind2=" ">
      <subfield code="a">Debrecen,</subfield>
      <subfield code="c">1981</subfield>
    </datafield>
    <datafield tag="300" ind1=" " ind2=" ">
      <subfield code="a">67 p. ;</subfield>
      <subfield code="c">24 cm</subfield>
    </datafield>
    <datafield tag="490" ind1="1" ind2=" ">
      <subfield code="a">(A Hajdú-Bihar Megyei Levéltár közleményei ;</subfield>
      <subfield code="v">16.)</subfield>
    </datafield>
    <datafield tag="650" ind1=" " ind2="7">
      <subfield code="a">Vöröskereszt</subfield>
      <subfield code="x">Hajdu-Bihar m.</subfield>
      <subfield code="y">1881-1981</subfield>
      <subfield code="x">forrás</subfield>
      <subfield code="2">szte</subfield>
    </datafield>
    <datafield tag="650" ind1=" " ind2="7">
      <subfield code="a">Hajdu-Bihar megye</subfield>
      <subfield code="x">Vöröskereszt története</subfield>
      <subfield code="y">1881-1981</subfield>
      <subfield code="x">forrás</subfield>
      <subfield code="2">szte</subfield>
    </datafield>
    <datafield tag="700" ind1="1" ind2=" ">
      <subfield code="a">Gazdag István</subfield>
    </datafield>
    <datafield tag="830" ind1=" " ind2="2">
      <subfield code="a">A Hajdú-Bihar Megyei Levéltár közleményei</subfield>
    </datafield>
    <datafield tag="852" ind1=" " ind2=" ">
      <subfield code="a">SZ1</subfield>
      <subfield code="b">SZ1</subfield>
      <subfield code="x">bibJAT00103906</subfield>
    </datafield>
  </record>
  <record>
    <leader>01355aam  2200349 ir4500</leader>
    <controlfield tag="001">MOKKAZ0006231251  </controlfield>
    <controlfield tag="005">20090620121830.0</controlfield>
    <controlfield tag="008">940509t19811981hu            000 0 hun d</controlfield>
    <datafield tag="020" ind1=" " ind2=" ">
      <subfield code="a">963-01-3425-X (fűzött)</subfield>
    </datafield>
    <datafield tag="020" ind1=" " ind2=" ">
      <subfield code="z">963 01 3425</subfield>
    </datafield>
    <datafield tag="035" ind1=" " ind2=" ">
      <subfield code="a">514342</subfield>
    </datafield>
    <datafield tag="040" ind1=" " ind2=" ">
      <subfield code="a">OSZK</subfield>
    </datafield>
    <datafield tag="041" ind1="0" ind2=" ">
      <subfield code="a">hunhun</subfield>
    </datafield>
    <datafield tag="245" ind1="1" ind2="0">
      <subfield code="a">100 éves a Vöröskereszt : </subfield>
      <subfield code="b">Dokumentumok a szervezet Hajdú-Bihar megyei történetéből /</subfield>
      <subfield code="c">szerk. Gazdag István</subfield>
    </datafield>
    <datafield tag="260" ind1=" " ind2=" ">
      <subfield code="a">Debrecen :</subfield>
      <subfield code="b">Hajdú-Bihar m. Lvt.,</subfield>
      <subfield code="c">1981</subfield>
      <subfield code="e">(Debrecen</subfield>
      <subfield code="f">Mozi Ny.)</subfield>
    </datafield>
    <datafield tag="300" ind1=" " ind2=" ">
      <subfield code="a">67 p. ;</subfield>
      <subfield code="c">24 cm</subfield>
    </datafield>
    <datafield tag="490" ind1="1" ind2=" ">
      <subfield code="a">A Hajdú-Bihar Megyei Levéltár közleményei</subfield>
      <subfield code="x">0133-8676</subfield>
      <subfield code="v">16.</subfield>
    </datafield>
    <datafield tag="500" ind1=" " ind2=" ">
      <subfield code="a">500</subfield>
    </datafield>
    <datafield tag="610" ind1="2" ind2="4">
      <subfield code="a">Magyar Vöröskereszt</subfield>
    </datafield>
    <datafield tag="650" ind1=" " ind2="4">
      <subfield code="a">Vöröskereszt és vörösfélhold</subfield>
      <subfield code="z">magyarország</subfield>
      <subfield code="z">Hajdú-Bihar megye</subfield>
      <subfield code="x">történet</subfield>
    </datafield>
    <datafield tag="650" ind1=" " ind2="0">
      <subfield code="a">Red Cross and Red Crescent</subfield>
      <subfield code="z">Hungary</subfield>
      <subfield code="z">Hajdú-Bihar Megye</subfield>
      <subfield code="x">History.</subfield>
    </datafield>
    <datafield tag="653" ind1=" " ind2=" ">
      <subfield code="a">Vöröskereszt hazai története, Hajdú-Bihar megye története</subfield>
    </datafield>
    <datafield tag="700" ind1="1" ind2=" ">
      <subfield code="a">Gazdag István</subfield>
      <subfield code="d">(1928-)</subfield>
      <subfield code="4">(szerk.)</subfield>
    </datafield>
    <datafield tag="700" ind1="1" ind2="3">
      <subfield code="a">Kormos Miklós</subfield>
      <subfield code="4">(közrem.)</subfield>
    </datafield>
    <datafield tag="700" ind1="1" ind2="3">
      <subfield code="a">Mervó Zoltánné</subfield>
      <subfield code="4">(közrem.)</subfield>
    </datafield>
    <datafield tag="700" ind1="1" ind2="3">
      <subfield code="a">Pásti Judit</subfield>
      <subfield code="4">(közrem.)</subfield>
    </datafield>
    <datafield tag="700" ind1="1" ind2="3">
      <subfield code="a">Virágos Márta</subfield>
      <subfield code="4">(közrem.)</subfield>
    </datafield>
    <datafield tag="830" ind1=" " ind2="2">
      <subfield code="a">A Hajdú-Bihar Megyei Levéltár közleményei</subfield>
    </datafield>
    <datafield tag="852" ind1=" " ind2=" ">
      <subfield code="a">B1</subfield>
      <subfield code="b">B1</subfield>
      <subfield code="x">514342</subfield>
    </datafield>
    <datafield tag="852" ind1=" " ind2=" ">
      <subfield code="a">B10</subfield>
      <subfield code="b">0801</subfield>
      <subfield code="x">bibFSZ00202015</subfield>
    </datafield>
    <datafield tag="852" ind1=" " ind2=" ">
      <subfield code="a">D1</subfield>
      <subfield code="b">D2/PO</subfield>
      <subfield code="x">963 01 3425 X</subfield>
    </datafield>
    <datafield tag="852" ind1=" " ind2=" ">
      <subfield code="a">B8</subfield>
      <subfield code="b">B8</subfield>
      <subfield code="x">OGYK000173136</subfield>
    </datafield>
  </record>
  <record>
    <leader>00737aam  2200205   4500</leader>
    <controlfield tag="001">MOKKAZ0004973822  </controlfield>
    <controlfield tag="005">20040910122725.0</controlfield>
    <controlfield tag="008">840223 1981    hu                  hun  </controlfield>
    <datafield tag="020" ind1=" " ind2=" ">
      <subfield code="a">963 01 3425</subfield>
    </datafield>
    <datafield tag="035" ind1=" " ind2=" ">
      <subfield code="a">bibJAT00103906</subfield>
    </datafield>
    <datafield tag="040" ind1=" " ind2=" ">
      <subfield code="a">PTE</subfield>
    </datafield>
    <datafield tag="245" ind1="0" ind2="0">
      <subfield code="a">100 éves a Vöröskereszt : dokumentumok a szervezet Hajdú-Bihar megyei történetéből /</subfield>
      <subfield code="c">szerk. Gazdag István</subfield>
    </datafield>
    <datafield tag="260" ind1=" " ind2=" ">
      <subfield code="a">Debrecen :</subfield>
      <subfield code="b">Megyei Levélt.,</subfield>
      <subfield code="c">1981</subfield>
    </datafield>
    <datafield tag="300" ind1=" " ind2=" ">
      <subfield code="a">67 p. ;</subfield>
      <subfield code="c">24 cm</subfield>
    </datafield>
    <datafield tag="490" ind1="1" ind2=" ">
      <subfield code="a">(A Hajdú-Bihar Megyei Levéltár közleményei ;</subfield>
      <subfield code="v">16.)</subfield>
    </datafield>
    <datafield tag="610" ind1="2" ind2=" ">
      <subfield code="a">Magyar Vöröskereszt</subfield>
      <subfield code="x">történet</subfield>
    </datafield>
    <datafield tag="650" ind1=" " ind2="4">
      <subfield code="a">Vöröskereszt</subfield>
      <subfield code="z">Hajdu-Bihar megye</subfield>
    </datafield>
    <datafield tag="700" ind1="1" ind2=" ">
      <subfield code="a">Gazdag István</subfield>
    </datafield>
    <datafield tag="830" ind1=" " ind2="2">
      <subfield code="a">A Hajdú-Bihar Megyei Levéltár közleményei</subfield>
    </datafield>
    <datafield tag="852" ind1=" " ind2=" ">
      <subfield code="a">P1</subfield>
      <subfield code="b">P1</subfield>
      <subfield code="x">bibJAT00103906</subfield>
    </datafield>
  </record>
  <record>
    <leader>00730cam  2200217 a 4500</leader>
    <controlfield tag="001">MOKKAZ0005369409  </controlfield>
    <controlfield tag="005">20040910174342.0</controlfield>
    <controlfield tag="008">980424c        hu            00010 hun d</controlfield>
    <datafield tag="020" ind1=" " ind2=" ">
      <subfield code="a">963-01-3425</subfield>
    </datafield>
    <datafield tag="035" ind1=" " ind2=" ">
      <subfield code="a">15314</subfield>
    </datafield>
    <datafield tag="040" ind1=" " ind2=" ">
      <subfield code="a">SEKK</subfield>
    </datafield>
    <datafield tag="041" ind1="0" ind2=" ">
      <subfield code="a">hun</subfield>
    </datafield>
    <datafield tag="245" ind1="1" ind2="0">
      <subfield code="a">100 éves a vöröskereszt</subfield>
      <subfield code="b">Dokumentumok a szervezet Hajdú- Bihar megyei történetéből /</subfield>
      <subfield code="c">szerk. Gazdag István</subfield>
    </datafield>
    <datafield tag="260" ind1="0" ind2="0">
      <subfield code="a">Debrecen :</subfield>
      <subfield code="b">Mozi Nyomda,</subfield>
      <subfield code="c">1981.</subfield>
    </datafield>
    <datafield tag="300" ind1=" " ind2=" ">
      <subfield code="a">67 p. ;</subfield>
      <subfield code="c">24 cm.</subfield>
    </datafield>
    <datafield tag="490" ind1="1" ind2="0">
      <subfield code="a">(A Hajdú-Bihar megyei levéltár közleményei,</subfield>
      <subfield code="x">0133-8676 ;</subfield>
      <subfield code="v">16.)</subfield>
    </datafield>
    <datafield tag="650" ind1="1" ind2="4">
      <subfield code="a">Red Cross</subfield>
      <subfield code="x">History</subfield>
    </datafield>
    <datafield tag="650" ind1="1" ind2="4">
      <subfield code="a">Vöröskereszt</subfield>
      <subfield code="x">Történet</subfield>
    </datafield>
    <datafield tag="700" ind1="1" ind2="0">
      <subfield code="a">Gazdag István</subfield>
    </datafield>
    <datafield tag="830" ind1=" " ind2="0">
      <subfield code="a">A Hajdú-Bihar megyei levéltár közleményei</subfield>
    </datafield>
    <datafield tag="852" ind1=" " ind2=" ">
      <subfield code="a">B13</subfield>
      <subfield code="b">B13</subfield>
      <subfield code="x">15314</subfield>
    </datafield>
  </record>
  <record>
    <leader>00881nam  2200229 i 4500</leader>
    <controlfield tag="001">MOKKAS0001348615  </controlfield>
    <controlfield tag="005">20060113001852.0</controlfield>
    <controlfield tag="008">      s1990    hu            00010 hun d</controlfield>
    <datafield tag="020" ind1=" " ind2=" ">
      <subfield code="a">963-02-8974-1 (fűzött)</subfield>
    </datafield>
    <datafield tag="035" ind1=" " ind2=" ">
      <subfield code="a">bibRFK00056993</subfield>
    </datafield>
    <datafield tag="040" ind1=" " ind2=" ">
      <subfield code="a">RFMK</subfield>
    </datafield>
    <datafield tag="041" ind1=" " ind2=" ">
      <subfield code="a">hun</subfield>
    </datafield>
    <datafield tag="245" ind1="0" ind2="0">
      <subfield code="a">100 éves a MÁV Debreceni Igazgatósága :</subfield>
      <subfield code="b">1890-1990 /</subfield>
      <subfield code="c">[szerk. Gazdag István] ; [... szerzői Bényei Miklós et al.] ; [a grafikát kész. Botrágyi Károly]</subfield>
    </datafield>
    <datafield tag="260" ind1=" " ind2=" ">
      <subfield code="a">Debrecen :</subfield>
      <subfield code="b">Magyar Államvasútak. Debreceni Igazgatóság,</subfield>
      <subfield code="c">1990 [!1991]</subfield>
    </datafield>
    <datafield tag="300" ind1=" " ind2=" ">
      <subfield code="a">181 p. :</subfield>
      <subfield code="b">ill. ;</subfield>
      <subfield code="c">24 cm +</subfield>
      <subfield code="e">5 térk. mell.</subfield>
    </datafield>
    <datafield tag="500" ind1=" " ind2=" ">
      <subfield code="a">r</subfield>
    </datafield>
    <datafield tag="610" ind1="2" ind2=" ">
      <subfield code="a">Magyar Államvasútak.</subfield>
      <subfield code="b">Debreceni Igazgatóság</subfield>
    </datafield>
    <datafield tag="650" ind1=" " ind2="4">
      <subfield code="a">vasúttörténet</subfield>
    </datafield>
    <datafield tag="650" ind1=" " ind2="4">
      <subfield code="a">1890-1990</subfield>
    </datafield>
    <datafield tag="700" ind1="1" ind2=" ">
      <subfield code="a">Gazdag István</subfield>
      <subfield code="d">(1928)</subfield>
      <subfield code="4">szerk.</subfield>
    </datafield>
    <datafield tag="710" ind1="2" ind2=" ">
      <subfield code="a">Magyar Államvasútak.</subfield>
      <subfield code="b">Debreceni Igazgatóság</subfield>
      <subfield code="4">közread.</subfield>
    </datafield>
    <datafield tag="852" ind1=" " ind2=" ">
      <subfield code="a">M2</subfield>
      <subfield code="b">M2</subfield>
      <subfield code="x">bibRFK00056993</subfield>
    </datafield>
  </record>
  <record>
    <leader>00893fam  2200241 i 4500</leader>
    <controlfield tag="001">MOKKAZ0006240245  </controlfield>
    <controlfield tag="005">20040915182709.0</controlfield>
    <controlfield tag="008">940509t19911991hu ac    bj   000 0 hun d</controlfield>
    <datafield tag="020" ind1=" " ind2=" ">
      <subfield code="a">963-02-8974-1 (fűzött)</subfield>
    </datafield>
    <datafield tag="035" ind1=" " ind2=" ">
      <subfield code="a">548355</subfield>
    </datafield>
    <datafield tag="040" ind1=" " ind2=" ">
      <subfield code="a">OSZK</subfield>
    </datafield>
    <datafield tag="041" ind1="0" ind2=" ">
      <subfield code="a">hunhun</subfield>
    </datafield>
    <datafield tag="245" ind1="1" ind2="0">
      <subfield code="a">100 éves a MÁV Debreceni Igazgatósága : </subfield>
      <subfield code="b">1890-1990 /</subfield>
      <subfield code="c">[szerk. Gazdag István]</subfield>
    </datafield>
    <datafield tag="260" ind1=" " ind2=" ">
      <subfield code="a">Debrecen :</subfield>
      <subfield code="b">MÁV Debreceni Ig.,</subfield>
      <subfield code="c">1990 [!1991]</subfield>
      <subfield code="e">([Debrecen]</subfield>
      <subfield code="f">Kinizsi)</subfield>
    </datafield>
    <datafield tag="300" ind1=" " ind2=" ">
      <subfield code="a">181 p. :</subfield>
      <subfield code="b">ill. ;</subfield>
      <subfield code="c">24 cm +</subfield>
      <subfield code="e">mell. (5 térk.</subfield>
    </datafield>
    <datafield tag="504" ind1=" " ind2=" ">
      <subfield code="a">Bibliogr. a jegyzetekben és p. 165-167.</subfield>
    </datafield>
    <datafield tag="610" ind1="2" ind2="4">
      <subfield code="a">Magyar Államvasútak</subfield>
      <subfield code="a">Debreceni Igazgatóság</subfield>
    </datafield>
    <datafield tag="650" ind1="0" ind2="4">
      <subfield code="a">vasúttörténet</subfield>
      <subfield code="y">1890-1990</subfield>
      <subfield code="x">tanulmányok</subfield>
    </datafield>
    <datafield tag="700" ind1="1" ind2=" ">
      <subfield code="a">Gazdag István</subfield>
      <subfield code="d">(1928-)</subfield>
      <subfield code="4">(szerk.)</subfield>
    </datafield>
    <datafield tag="710" ind1="2" ind2=" ">
      <subfield code="a">Magyar Államvasútak</subfield>
      <subfield code="a">Debreceni Igazgatóság</subfield>
      <subfield code="4">közread.</subfield>
    </datafield>
    <datafield tag="852" ind1=" " ind2=" ">
      <subfield code="a">B1</subfield>
      <subfield code="b">B1</subfield>
      <subfield code="x">548355</subfield>
    </datafield>
    <datafield tag="852" ind1=" " ind2=" ">
      <subfield code="a">D1</subfield>
      <subfield code="b">D1</subfield>
      <subfield code="x">ISISFEF0009351</subfield>
    </datafield>
    <datafield tag="852" ind1=" " ind2=" ">
      <subfield code="a">M1</subfield>
      <subfield code="b">M1</subfield>
      <subfield code="x">122408</subfield>
    </datafield>
  </record>
  <record>
    <leader>00975cam  22002051  4500</leader>
    <controlfield tag="001">MOKKAZ0004256928  </controlfield>
    <controlfield tag="005">20040910054058.0</controlfield>
    <controlfield tag="008">      s1996                        hun d</controlfield>
    <datafield tag="020" ind1=" " ind2=" ">
      <subfield code="a">963-04-7373-9* (fűzött)</subfield>
    </datafield>
    <datafield tag="035" ind1=" " ind2=" ">
      <subfield code="a">bibFSZ00102499</subfield>
    </datafield>
    <datafield tag="040" ind1=" " ind2=" ">
      <subfield code="a">FSZEK</subfield>
    </datafield>
    <datafield tag="245" ind1="0" ind2="0">
      <subfield code="a">100 éves a Svetits, 1896-1996 /</subfield>
      <subfield code="c">[szerk. Géczy M. Erzsébet] ; [fotó: Lépes M. Katalin] ; [kiad. a ... Svetits Katolikus Elemi Iskola és Gimnázium]</subfield>
    </datafield>
    <datafield tag="260" ind1=" " ind2=" ">
      <subfield code="a">Debrecen :</subfield>
      <subfield code="b">Svetits Katolikus Elemi Iskola és Gimnázium,</subfield>
      <subfield code="c">[1996]</subfield>
    </datafield>
    <datafield tag="300" ind1=" " ind2=" ">
      <subfield code="a">35 p. :</subfield>
      <subfield code="b">ill. ;</subfield>
      <subfield code="c">23 cm</subfield>
    </datafield>
    <datafield tag="610" ind1="2" ind2=" ">
      <subfield code="a">Svetits Katolikus Elemi Iskola és Gimnázium (Debrecen)</subfield>
    </datafield>
    <datafield tag="680" ind1=" " ind2="0">
      <subfield code="a">felekezeti oktatásügy</subfield>
      <subfield code="a">egyházi oktatásügy</subfield>
      <subfield code="a">oktatásügy, egyházi</subfield>
      <subfield code="a">Magyarország települései</subfield>
      <subfield code="x">Debrecen</subfield>
      <subfield code="a">történeti tárgyalásmód</subfield>
      <subfield code="y">1896-1996</subfield>
    </datafield>
    <datafield tag="700" ind1="1" ind2=" ">
      <subfield code="a">Géczy M. Erzsébet</subfield>
      <subfield code="4">szerk.</subfield>
    </datafield>
    <datafield tag="700" ind1="1" ind2=" ">
      <subfield code="a">Lépes M. Katalin</subfield>
      <subfield code="4">fotó</subfield>
    </datafield>
    <datafield tag="710" ind1="2" ind2=" ">
      <subfield code="a">Svetits Katolikus Elemi Iskola és Gimnázium (Debrecen)</subfield>
      <subfield code="4">közread.</subfield>
    </datafield>
    <datafield tag="852" ind1=" " ind2=" ">
      <subfield code="a">B10</subfield>
      <subfield code="b">B10</subfield>
      <subfield code="x">bibFSZ00102499</subfield>
    </datafield>
  </record>
  <record>
    <leader>00875nam  2200265 i 4500</leader>
    <controlfield tag="001">MOKKAZ0006442592  </controlfield>
    <controlfield tag="005">20040915202741.0</controlfield>
    <controlfield tag="008">020419s1996    hu a          000 0 hun d</controlfield>
    <datafield tag="035" ind1=" " ind2=" ">
      <subfield code="a">919419</subfield>
    </datafield>
    <datafield tag="040" ind1=" " ind2=" ">
      <subfield code="a">OSZK</subfield>
    </datafield>
    <datafield tag="041" ind1="0" ind2=" ">
      <subfield code="a">hunhun</subfield>
    </datafield>
    <datafield tag="072" ind1=" " ind2="1">
      <subfield code="a">C</subfield>
    </datafield>
    <datafield tag="245" ind1="0" ind2="0">
      <subfield code="a">100 éves a Körmendi Kolping-család, 1896-1996 /</subfield>
      <subfield code="c">[összeáll. Gyürki László].</subfield>
    </datafield>
    <datafield tag="260" ind1=" " ind2=" ">
      <subfield code="a">[Körmend] :</subfield>
      <subfield code="b">Körmendi Kolping Család,</subfield>
      <subfield code="c">1996</subfield>
      <subfield code="e">(Körmend</subfield>
      <subfield code="f">Vár. Művel. és Ifj. Közp. Kontúr Reklámstúdió)</subfield>
    </datafield>
    <datafield tag="300" ind1=" " ind2=" ">
      <subfield code="a">36 p. :</subfield>
      <subfield code="b">ill. ;</subfield>
      <subfield code="c">21 cm</subfield>
    </datafield>
    <datafield tag="650" ind1=" " ind2="4">
      <subfield code="a">Körmend</subfield>
    </datafield>
    <datafield tag="650" ind1=" " ind2="4">
      <subfield code="a">Körmendi Kolping Család</subfield>
    </datafield>
    <datafield tag="650" ind1=" " ind2="4">
      <subfield code="a">egyesület</subfield>
    </datafield>
    <datafield tag="650" ind1=" " ind2="4">
      <subfield code="a">helyismereti kiadvány</subfield>
    </datafield>
    <datafield tag="650" ind1=" " ind2="4">
      <subfield code="a">katolikus egyház</subfield>
    </datafield>
    <datafield tag="650" ind1=" " ind2="4">
      <subfield code="a">testülettörténet</subfield>
    </datafield>
    <datafield tag="700" ind1="1" ind2=" ">
      <subfield code="a">Gyürki László</subfield>
      <subfield code="d">(1932-)</subfield>
      <subfield code="4">(összeáll.)</subfield>
    </datafield>
    <datafield tag="710" ind1="2" ind2=" ">
      <subfield code="a">Körmendi Kolping Család</subfield>
      <subfield code="4">közread.</subfield>
    </datafield>
    <datafield tag="852" ind1=" " ind2=" ">
      <subfield code="a">B1</subfield>
      <subfield code="b">B1</subfield>
      <subfield code="x">919419</subfield>
    </datafield>
    <datafield tag="852" ind1=" " ind2=" ">
      <subfield code="a">SZO1</subfield>
      <subfield code="b">SZO1</subfield>
      <subfield code="x">150166780</subfield>
    </datafield>
  </record>
  <record>
    <leader>01227fam  2200301 i 4500</leader>
    <controlfield tag="001">MOKKAZ0006394977  </controlfield>
    <controlfield tag="005">20040915200334.0</controlfield>
    <controlfield tag="008">000829s2000    hu aro        000 0 hun d</controlfield>
    <datafield tag="020" ind1=" " ind2=" ">
      <subfield code="a">963-00-4057-3 (kötött)</subfield>
    </datafield>
    <datafield tag="035" ind1=" " ind2=" ">
      <subfield code="a">443020</subfield>
    </datafield>
    <datafield tag="040" ind1=" " ind2=" ">
      <subfield code="a">OSZK</subfield>
    </datafield>
    <datafield tag="100" ind1="1" ind2=" ">
      <subfield code="a">Halbritter Mátyás</subfield>
    </datafield>
    <datafield tag="245" ind1="1" ind2="0">
      <subfield code="a">100 éves a győri kekszgyártás, 1900-2000 /</subfield>
      <subfield code="c">[írta és szerk. Halbritter Mátyás, Andorka Zsolt] ; [fotó Andorka Zsolt et al.].</subfield>
    </datafield>
    <datafield tag="260" ind1=" " ind2=" ">
      <subfield code="a">Győr :</subfield>
      <subfield code="b">[Győri Keksz Kft.],</subfield>
      <subfield code="c">2000</subfield>
      <subfield code="e">(Győr</subfield>
      <subfield code="f">Széchenyi)</subfield>
    </datafield>
    <datafield tag="300" ind1=" " ind2=" ">
      <subfield code="a">57, [2] p. :</subfield>
      <subfield code="b">ill., részben színes ;</subfield>
      <subfield code="c">31 cm</subfield>
    </datafield>
    <datafield tag="500" ind1=" " ind2=" ">
      <subfield code="a">Közread. a Győri Keksz Kft.</subfield>
    </datafield>
    <datafield tag="610" ind1="2" ind2="4">
      <subfield code="a">Győri Keksz Kft.</subfield>
    </datafield>
    <datafield tag="650" ind1=" " ind2="4">
      <subfield code="a">Kekszgyártás</subfield>
      <subfield code="z">Magyarország</subfield>
      <subfield code="z">Győr</subfield>
      <subfield code="x">történet</subfield>
    </datafield>
    <datafield tag="650" ind1=" " ind2="4">
      <subfield code="a">Gyártási folyamatok</subfield>
      <subfield code="x">tervezés és kivitelezés</subfield>
      <subfield code="z">Magyarország</subfield>
      <subfield code="z">Győr</subfield>
    </datafield>
    <datafield tag="650" ind1=" " ind2="0">
      <subfield code="a">Biscuit industry</subfield>
      <subfield code="z">Hungary</subfield>
      <subfield code="z">Győr</subfield>
      <subfield code="x">History.</subfield>
    </datafield>
    <datafield tag="650" ind1=" " ind2="0">
      <subfield code="a">Manufacturing processes</subfield>
      <subfield code="x">Design and construction</subfield>
      <subfield code="z">Hungary</subfield>
      <subfield code="z">Győr</subfield>
    </datafield>
    <datafield tag="650" ind1=" " ind2="0">
      <subfield code="a">Manufacturing process</subfield>
      <subfield code="x">Design and construction</subfield>
      <subfield code="z">Hungary</subfield>
      <subfield code="z">Győr</subfield>
    </datafield>
    <datafield tag="700" ind1="1" ind2="0">
      <subfield code="a">Andorka Zsolt</subfield>
    </datafield>
    <datafield tag="710" ind1="2" ind2=" ">
      <subfield code="a">Győri Keksz Kft</subfield>
      <subfield code="4">közread.</subfield>
    </datafield>
    <datafield tag="852" ind1=" " ind2=" ">
      <subfield code="a">B1</subfield>
      <subfield code="b">B1</subfield>
      <subfield code="x">443020</subfield>
    </datafield>
    <datafield tag="852" ind1=" " ind2=" ">
      <subfield code="a">D1</subfield>
      <subfield code="b">D1</subfield>
      <subfield code="x">bibKLT00276168</subfield>
    </datafield>
    <datafield tag="852" ind1=" " ind2=" ">
      <subfield code="a">B11</subfield>
      <subfield code="b">B11</subfield>
      <subfield code="x">BMEOMIKK000145920</subfield>
    </datafield>
    <datafield tag="852" ind1=" " ind2=" ">
      <subfield code="a">P1</subfield>
      <subfield code="b">P1/TT</subfield>
      <subfield code="x">bibKLT00276168</subfield>
    </datafield>
  </record>
  <record>
    <leader>00804nam  2200277 i 4500</leader>
    <controlfield tag="001">MOKKAW0005569731  </controlfield>
    <controlfield tag="005">20080415103915.0</controlfield>
    <controlfield tag="008">001009s2000                  000 0 hun d</controlfield>
    <datafield tag="035" ind1=" " ind2=" ">
      <subfield code="a">BMEOMIKK000145920</subfield>
    </datafield>
    <datafield tag="040" ind1=" " ind2=" ">
      <subfield code="a">BMEOMIKK</subfield>
    </datafield>
    <datafield tag="041" ind1="0" ind2=" ">
      <subfield code="a">hun</subfield>
    </datafield>
    <datafield tag="100" ind1="1" ind2=" ">
      <subfield code="a">Halbritter Mátyás</subfield>
    </datafield>
    <datafield tag="245" ind1="1" ind2="0">
      <subfield code="a">100 éves a győri kekszgyártás, 1900-2000 /</subfield>
      <subfield code="c">[írta és szerk. Halbritter Mátyás, Andorka Zsolt]</subfield>
    </datafield>
    <datafield tag="260" ind1=" " ind2=" ">
      <subfield code="a">Győr :</subfield>
      <subfield code="b">Győri Keksz Kft.,</subfield>
      <subfield code="c">2000</subfield>
    </datafield>
    <datafield tag="300" ind1=" " ind2=" ">
      <subfield code="a">64 p. ;</subfield>
      <subfield code="c">31 cm</subfield>
    </datafield>
    <datafield tag="610" ind1="2" ind2="4">
      <subfield code="a">Győri Keksz- és Ostyagyár</subfield>
    </datafield>
    <datafield tag="650" ind1=" " ind2="4">
      <subfield code="a">helyi szakíró</subfield>
    </datafield>
    <datafield tag="650" ind1=" " ind2="4">
      <subfield code="a">élelmiszeripar</subfield>
    </datafield>
    <datafield tag="650" ind1=" " ind2="4">
      <subfield code="a">ipartörténet</subfield>
    </datafield>
    <datafield tag="650" ind1=" " ind2="4">
      <subfield code="a">édesipar</subfield>
    </datafield>
    <datafield tag="651" ind1=" " ind2="4">
      <subfield code="a">Győr</subfield>
    </datafield>
    <datafield tag="651" ind1=" " ind2="4">
      <subfield code="a">Jánossomorja</subfield>
    </datafield>
    <datafield tag="653" ind1=" " ind2=" ">
      <subfield code="a">1900-2000</subfield>
    </datafield>
    <datafield tag="700" ind1="1" ind2="0">
      <subfield code="a">Andorka Zsolt</subfield>
    </datafield>
    <datafield tag="852" ind1=" " ind2=" ">
      <subfield code="a">B11</subfield>
      <subfield code="b">B11</subfield>
      <subfield code="x">BMEOMIKK000145920</subfield>
    </datafield>
    <datafield tag="852" ind1=" " ind2=" ">
      <subfield code="a">GY1</subfield>
      <subfield code="b">GY1</subfield>
      <subfield code="x">476478</subfield>
    </datafield>
  </record>
  <record>
    <leader>01695nam  2200541   4500</leader>
    <controlfield tag="001">MOKKAS0002292866  </controlfield>
    <controlfield tag="005">20090619162144.0</controlfield>
    <controlfield tag="008">951212s1971    hu o                hun d</controlfield>
    <datafield tag="035" ind1=" " ind2=" ">
      <subfield code="a">bibJPT00118302</subfield>
    </datafield>
    <datafield tag="040" ind1=" " ind2=" ">
      <subfield code="a">SK</subfield>
    </datafield>
    <datafield tag="041" ind1=" " ind2=" ">
      <subfield code="a">hun</subfield>
      <subfield code="b">engger</subfield>
    </datafield>
    <datafield tag="245" ind1="0" ind2="0">
      <subfield code="a">100 éves a Pécsi Porcelángyár :</subfield>
      <subfield code="b">Tanulmánykötet a gyár százéves fennállásának tiszteletére 1968. okt. 14-16-án, Pécsett rendezett tudományos ülésszak anyagából /</subfield>
      <subfield code="c">[szerk. Hárs Éva, Mándoki László]</subfield>
    </datafield>
    <datafield tag="260" ind1=" " ind2=" ">
      <subfield code="a">Pécs :</subfield>
      <subfield code="b">FIM Pécsi Porcelángyár :</subfield>
      <subfield code="b">Janus Pannonius Múzeum,</subfield>
      <subfield code="c">1971</subfield>
    </datafield>
    <datafield tag="300" ind1=" " ind2=" ">
      <subfield code="a">190 p., [5] t. :</subfield>
      <subfield code="b">ill. ;</subfield>
      <subfield code="c">24 cm</subfield>
    </datafield>
    <datafield tag="500" ind1=" " ind2=" ">
      <subfield code="a">Összefoglalók németül vagy angolul</subfield>
    </datafield>
    <datafield tag="504" ind1=" " ind2=" ">
      <subfield code="a">Bibliogr. lábjegyzetben, ill. az egyes fejezetek végén</subfield>
    </datafield>
    <datafield tag="651" ind1=" " ind2="4">
      <subfield code="a">Pécs</subfield>
    </datafield>
    <datafield tag="653" ind1=" " ind2=" ">
      <subfield code="a">ipartört. Magyarországon, Zsolnay porcelángyár, Pécs tört.</subfield>
    </datafield>
    <datafield tag="695" ind1=" " ind2=" ">
      <subfield code="a">Pécs</subfield>
    </datafield>
    <datafield tag="695" ind1=" " ind2=" ">
      <subfield code="a">Porcelángyártás</subfield>
    </datafield>
    <datafield tag="695" ind1=" " ind2=" ">
      <subfield code="a">Kerámiaipar</subfield>
    </datafield>
    <datafield tag="695" ind1=" " ind2=" ">
      <subfield code="a">gyár</subfield>
    </datafield>
    <datafield tag="695" ind1=" " ind2=" ">
      <subfield code="a">porcelán</subfield>
    </datafield>
    <datafield tag="695" ind1=" " ind2=" ">
      <subfield code="a">történelem</subfield>
    </datafield>
    <datafield tag="695" ind1=" " ind2=" ">
      <subfield code="a">Magyarország</subfield>
    </datafield>
    <datafield tag="695" ind1=" " ind2=" ">
      <subfield code="a">kiöntőedény</subfield>
    </datafield>
    <datafield tag="695" ind1=" " ind2=" ">
      <subfield code="a">csésze</subfield>
    </datafield>
    <datafield tag="695" ind1=" " ind2=" ">
      <subfield code="a">dísz</subfield>
    </datafield>
    <datafield tag="695" ind1=" " ind2=" ">
      <subfield code="a">tetőcserép</subfield>
    </datafield>
    <datafield tag="695" ind1=" " ind2=" ">
      <subfield code="a">tál</subfield>
    </datafield>
    <datafield tag="695" ind1=" " ind2=" ">
      <subfield code="a">hagyomány</subfield>
    </datafield>
    <datafield tag="695" ind1=" " ind2=" ">
      <subfield code="a">kerámiatechnológia</subfield>
    </datafield>
    <datafield tag="695" ind1=" " ind2=" ">
      <subfield code="a">cégjelzés</subfield>
    </datafield>
    <datafield tag="695" ind1=" " ind2=" ">
      <subfield code="a">váza</subfield>
    </datafield>
    <datafield tag="695" ind1=" " ind2=" ">
      <subfield code="a">recept</subfield>
    </datafield>
    <datafield tag="695" ind1=" " ind2=" ">
      <subfield code="a">Pécsi Porcelángyár(1868-1968)</subfield>
    </datafield>
    <datafield tag="695" ind1=" " ind2=" ">
      <subfield code="a">Zsolnay gyár</subfield>
    </datafield>
    <datafield tag="695" ind1=" " ind2=" ">
      <subfield code="a">eozin</subfield>
    </datafield>
    <datafield tag="695" ind1=" " ind2=" ">
      <subfield code="a">pirogránit</subfield>
    </datafield>
    <datafield tag="695" ind1=" " ind2=" ">
      <subfield code="a">flambémáz</subfield>
    </datafield>
    <datafield tag="695" ind1=" " ind2=" ">
      <subfield code="a">19.század</subfield>
    </datafield>
    <datafield tag="695" ind1=" " ind2=" ">
      <subfield code="a">20. század</subfield>
    </datafield>
    <datafield tag="695" ind1=" " ind2=" ">
      <subfield code="a">szobor</subfield>
    </datafield>
    <datafield tag="700" ind1="1" ind2=" ">
      <subfield code="a">Hárs Éva</subfield>
    </datafield>
    <datafield tag="700" ind1="1" ind2=" ">
      <subfield code="a">Mándoki László</subfield>
    </datafield>
    <datafield tag="852" ind1=" " ind2=" ">
      <subfield code="a">SZ4</subfield>
      <subfield code="b">SZ4</subfield>
      <subfield code="x">bibJPT00118302</subfield>
    </datafield>
    <datafield tag="852" ind1=" " ind2=" ">
      <subfield code="a">B646</subfield>
      <subfield code="b">B646</subfield>
      <subfield code="x">bibMIF00000257</subfield>
    </datafield>
    <datafield tag="852" ind1=" " ind2=" ">
      <subfield code="a">B8</subfield>
      <subfield code="b">B8</subfield>
      <subfield code="x">OGYK000135158</subfield>
    </datafield>
  </record>
  <record>
    <leader>00793nama 22001811i 4500</leader>
    <controlfield tag="001">MOKKAS0000562557  </controlfield>
    <controlfield tag="005">20060117231718.0</controlfield>
    <controlfield tag="008">040903s1971    hu            000 0 hunod</controlfield>
    <datafield tag="035" ind1=" " ind2=" ">
      <subfield code="a">1321353</subfield>
    </datafield>
    <datafield tag="040" ind1=" " ind2=" ">
      <subfield code="a">OSZK</subfield>
    </datafield>
    <datafield tag="041" ind1="0" ind2=" ">
      <subfield code="a">hunhun</subfield>
    </datafield>
    <datafield tag="245" ind1="0" ind2="0">
      <subfield code="a">100 éves a Pécsi Porcelángyár : </subfield>
      <subfield code="b">tanulmánykötet /</subfield>
      <subfield code="c">[szerk. Hárs Éva, Mándoki László] ; [kiad. a Pécsi Porcelángyár, Janus Pannonius Múzeum]</subfield>
    </datafield>
    <datafield tag="260" ind1=" " ind2=" ">
      <subfield code="a">Pécs :</subfield>
      <subfield code="b">[Pécsi Porcelángyár] :</subfield>
      <subfield code="b">[Janus Pannonius Múzeum],</subfield>
      <subfield code="c">1971</subfield>
      <subfield code="e">(Pécs</subfield>
      <subfield code="f">Pécsi Szikra Ny.)</subfield>
    </datafield>
    <datafield tag="300" ind1=" " ind2=" ">
      <subfield code="a">190 p., 5 t. ;</subfield>
      <subfield code="c">24 cm</subfield>
    </datafield>
    <datafield tag="500" ind1=" " ind2=" ">
      <subfield code="a">A gyár százéves fennállásának tiszteletére 1968. október 14-16-án, Pécsett rendezett tudományos ülésszak anyaga</subfield>
    </datafield>
    <datafield tag="700" ind1="1" ind2=" ">
      <subfield code="a">Hárs Éva</subfield>
      <subfield code="d">(1928-)</subfield>
      <subfield code="4">(szerk.)</subfield>
    </datafield>
    <datafield tag="700" ind1="1" ind2=" ">
      <subfield code="a">Mándoki László</subfield>
      <subfield code="4">(szerk.)</subfield>
    </datafield>
    <datafield tag="852" ind1=" " ind2=" ">
      <subfield code="a">B1</subfield>
      <subfield code="b">B1</subfield>
      <subfield code="x">1321353</subfield>
    </datafield>
  </record>
  <record>
    <leader>00924nam  2200241 i 4500</leader>
    <controlfield tag="001">MOKKAW0005734673  </controlfield>
    <controlfield tag="005">20080418015133.0</controlfield>
    <controlfield tag="008">940814s1971    hu            000 0 hun d</controlfield>
    <datafield tag="035" ind1=" " ind2=" ">
      <subfield code="a">BMEOMIKK000388411</subfield>
    </datafield>
    <datafield tag="040" ind1=" " ind2=" ">
      <subfield code="a">BMEOMIKK</subfield>
    </datafield>
    <datafield tag="041" ind1="0" ind2=" ">
      <subfield code="a">hunengger</subfield>
    </datafield>
    <datafield tag="245" ind1="0" ind2="0">
      <subfield code="a">100 éves a Pécsi Porcelángyár : </subfield>
      <subfield code="b">tanulmánykötet a gyár százéves fennállásának tiszteletére 1968. okt. 14-16-án Pécsett rendezett tudományos ülésszak anyagából /</subfield>
      <subfield code="c">szerk. Hárs Éva, Mándoki László</subfield>
    </datafield>
    <datafield tag="260" ind1=" " ind2=" ">
      <subfield code="a">Pécs :</subfield>
      <subfield code="b">PP,</subfield>
      <subfield code="c">1971</subfield>
    </datafield>
    <datafield tag="300" ind1=" " ind2=" ">
      <subfield code="a">190 p., 5 t. ;</subfield>
      <subfield code="c">24 cm</subfield>
    </datafield>
    <datafield tag="500" ind1=" " ind2=" ">
      <subfield code="a">A rendezvény adatai: 1968, Pécs</subfield>
    </datafield>
    <datafield tag="504" ind1=" " ind2=" ">
      <subfield code="a">Bibliogr.: egyes cikkek végén és lábjegyzetként</subfield>
    </datafield>
    <datafield tag="546" ind1=" " ind2=" ">
      <subfield code="a">Cikkek német ill. angol nyelven is</subfield>
    </datafield>
    <datafield tag="653" ind1=" " ind2=" ">
      <subfield code="a">Porcelángyár</subfield>
    </datafield>
    <datafield tag="700" ind1="1" ind2=" ">
      <subfield code="a">Hárs Éva</subfield>
    </datafield>
    <datafield tag="700" ind1="1" ind2=" ">
      <subfield code="a">Mándoki László</subfield>
    </datafield>
    <datafield tag="710" ind1="2" ind2=" ">
      <subfield code="a">Pécsi Porcelángyár</subfield>
    </datafield>
    <datafield tag="852" ind1=" " ind2=" ">
      <subfield code="a">B11</subfield>
      <subfield code="b">B11</subfield>
      <subfield code="x">BMEOMIKK000388411</subfield>
    </datafield>
    <datafield tag="852" ind1=" " ind2=" ">
      <subfield code="a">P1</subfield>
      <subfield code="B">P1/FK</subfield>
      <subfield code="b">P1</subfield>
      <subfield code="x">bibJPT00118302</subfield>
    </datafield>
  </record>
  <record>
    <leader>00907nam  2200253 i 4500</leader>
    <controlfield tag="001">MOKKAS0002176892  </controlfield>
    <controlfield tag="005">20060617172236.0</controlfield>
    <controlfield tag="008">971118s1998    hu            00010 hun d</controlfield>
    <datafield tag="020" ind1=" " ind2=" ">
      <subfield code="a">(Fűzött)</subfield>
    </datafield>
    <datafield tag="035" ind1=" " ind2=" ">
      <subfield code="a">bibSOK00024142</subfield>
    </datafield>
    <datafield tag="040" ind1=" " ind2=" ">
      <subfield code="a">SK</subfield>
    </datafield>
    <datafield tag="245" ind1="0" ind2="0">
      <subfield code="a">100 éves a cionista mozgalom /</subfield>
      <subfield code="c">[szerk. Bódog Gyula]</subfield>
    </datafield>
    <datafield tag="260" ind1=" " ind2=" ">
      <subfield code="a">Budapest :</subfield>
      <subfield code="b">Bethlen téri Oneg Sábbát Klub,</subfield>
      <subfield code="c">1998</subfield>
    </datafield>
    <datafield tag="300" ind1=" " ind2=" ">
      <subfield code="a">143 p. :</subfield>
      <subfield code="b">ill. ;</subfield>
      <subfield code="c">20 cm</subfield>
    </datafield>
    <datafield tag="490" ind1="1" ind2=" ">
      <subfield code="a">(Bethlen téri füzetek ;</subfield>
      <subfield code="v">6.)</subfield>
    </datafield>
    <datafield tag="500" ind1=" " ind2=" ">
      <subfield code="a">Az 1997. szeptember 2-4. között, a Magyarországi Cionista Szövetség által rendezett konferencia anyaga</subfield>
    </datafield>
    <datafield tag="546" ind1=" " ind2=" ">
      <subfield code="a">Összfoglalók angol nyelven</subfield>
    </datafield>
    <datafield tag="600" ind1="1" ind2="7">
      <subfield code="a">Herzl, Theodor</subfield>
      <subfield code="d">(1860-1904)</subfield>
    </datafield>
    <datafield tag="650" ind1=" " ind2="7">
      <subfield code="a">Cionizmus</subfield>
      <subfield code="x">tanulmányok</subfield>
      <subfield code="2">szte</subfield>
    </datafield>
    <datafield tag="700" ind1="1" ind2=" ">
      <subfield code="a">Herzl, Theodor</subfield>
      <subfield code="d">(1860-1904)</subfield>
    </datafield>
    <datafield tag="700" ind1="1" ind2=" ">
      <subfield code="a">Bódog Gyula</subfield>
    </datafield>
    <datafield tag="710" ind1="2" ind2=" ">
      <subfield code="a">Magyarországi Cionista Szövetség</subfield>
    </datafield>
    <datafield tag="830" ind1=" " ind2="0">
      <subfield code="a">Bethlen téri füzetek</subfield>
    </datafield>
    <datafield tag="852" ind1=" " ind2=" ">
      <subfield code="a">SZ4</subfield>
      <subfield code="b">SZ4</subfield>
      <subfield code="x">bibSOK00024142</subfield>
    </datafield>
  </record>
  <record>
    <leader>00895nam  2200241   4500</leader>
    <controlfield tag="001">MOKKAZ0004046937  </controlfield>
    <controlfield tag="005">20040910022317.0</controlfield>
    <controlfield tag="008">990311 1997    hu            00010 hun  </controlfield>
    <datafield tag="035" ind1=" " ind2=" ">
      <subfield code="a">bibJAT00336030</subfield>
    </datafield>
    <datafield tag="040" ind1=" " ind2=" ">
      <subfield code="a">SZTE</subfield>
    </datafield>
    <datafield tag="245" ind1="0" ind2="0">
      <subfield code="a">100 éves a bábaképzés Szombathelyen :</subfield>
      <subfield code="b">A bábaképző és bábaképzés múltja, jelene és a képzés jövője /</subfield>
      <subfield code="c">Szerk. Horváth Boldizsár</subfield>
    </datafield>
    <datafield tag="260" ind1=" " ind2=" ">
      <subfield code="a">Szombathely :</subfield>
      <subfield code="b">Szignatúra Ny.,</subfield>
      <subfield code="c">[1997]</subfield>
    </datafield>
    <datafield tag="300" ind1=" " ind2=" ">
      <subfield code="a">72 p. :</subfield>
      <subfield code="b">ill. ;</subfield>
      <subfield code="c">24 cm</subfield>
    </datafield>
    <datafield tag="504" ind1=" " ind2=" ">
      <subfield code="a">Bibl. a jegyzetekben</subfield>
    </datafield>
    <datafield tag="650" ind1=" " ind2="7">
      <subfield code="a">Szülészet</subfield>
      <subfield code="x">képzés</subfield>
      <subfield code="x">Magyarország</subfield>
      <subfield code="x">története</subfield>
      <subfield code="2">szte</subfield>
    </datafield>
    <datafield tag="650" ind1=" " ind2="7">
      <subfield code="a">Szombathely</subfield>
      <subfield code="x">egészségügy</subfield>
      <subfield code="y">20. sz.</subfield>
      <subfield code="2">szte</subfield>
    </datafield>
    <datafield tag="650" ind1="1" ind2="4">
      <subfield code="a">Évkönyvek</subfield>
      <subfield code="x">Statisztika</subfield>
    </datafield>
    <datafield tag="650" ind1="1" ind2="4">
      <subfield code="a">Almanacs</subfield>
      <subfield code="x">Statistics</subfield>
    </datafield>
    <datafield tag="650" ind1="0" ind2="4">
      <subfield code="a">szülésznőképzés</subfield>
      <subfield code="y">19-20. sz.</subfield>
      <subfield code="z">Szombathely</subfield>
    </datafield>
    <datafield tag="700" ind1="1" ind2=" ">
      <subfield code="a">Horváth Boldizsár</subfield>
    </datafield>
    <datafield tag="852" ind1=" " ind2=" ">
      <subfield code="a">SZ1</subfield>
      <subfield code="b">SZ1</subfield>
      <subfield code="x">bibJAT00336030</subfield>
    </datafield>
    <datafield tag="852" ind1=" " ind2=" ">
      <subfield code="a">B13</subfield>
      <subfield code="b">B13</subfield>
      <subfield code="x">14887</subfield>
    </datafield>
    <datafield tag="852" ind1=" " ind2=" ">
      <subfield code="a">B2</subfield>
      <subfield code="b">B2</subfield>
      <subfield code="x">38938</subfield>
    </datafield>
  </record>
  <record>
    <leader>01100nam  2200313 i 4500</leader>
    <controlfield tag="001">MOKKAN0004566271  </controlfield>
    <controlfield tag="005">20070503004247.0</controlfield>
    <controlfield tag="008">020309s1997                            d</controlfield>
    <datafield tag="035" ind1=" " ind2=" ">
      <subfield code="a">150317882</subfield>
    </datafield>
    <datafield tag="040" ind1=" " ind2=" ">
      <subfield code="a">BDK</subfield>
    </datafield>
    <datafield tag="100" ind1="1" ind2=" ">
      <subfield code="a">Horváth Boldizsár</subfield>
      <subfield code="c">helyi szerző</subfield>
    </datafield>
    <datafield tag="245" ind1="0" ind2="0">
      <subfield code="a">100 éves a bábaképzés Szombathelyen : </subfield>
      <subfield code="b">a Bábaképző és bábaképzés múltja, jelene és a képzés jövője /</subfield>
      <subfield code="c">közrem.: Horváth Boldizsár ; szerk.: Horváth Boldizsár</subfield>
    </datafield>
    <datafield tag="260" ind1=" " ind2=" ">
      <subfield code="a">Szombathely :</subfield>
      <subfield code="b">Vas Megyei Markusovszky Kórház,</subfield>
      <subfield code="c">1997</subfield>
    </datafield>
    <datafield tag="300" ind1=" " ind2=" ">
      <subfield code="c">72 p. : ill.</subfield>
    </datafield>
    <datafield tag="500" ind1=" " ind2=" ">
      <subfield code="a">Az egyes fejezeteket írták Illei György, Kneffel Pál, Horváth Boldizsár.</subfield>
    </datafield>
    <datafield tag="653" ind1=" " ind2=" ">
      <subfield code="a">Illei György</subfield>
    </datafield>
    <datafield tag="653" ind1=" " ind2=" ">
      <subfield code="a">Kneffel Pál</subfield>
    </datafield>
    <datafield tag="653" ind1=" " ind2=" ">
      <subfield code="a">Szombathely</subfield>
    </datafield>
    <datafield tag="653" ind1=" " ind2=" ">
      <subfield code="a">bábaképzés, Bábaképző Intézet</subfield>
    </datafield>
    <datafield tag="653" ind1=" " ind2=" ">
      <subfield code="a">centenárium</subfield>
    </datafield>
    <datafield tag="653" ind1=" " ind2=" ">
      <subfield code="a">oktatástörténet</subfield>
    </datafield>
    <datafield tag="653" ind1=" " ind2=" ">
      <subfield code="a">szakképzés</subfield>
    </datafield>
    <datafield tag="653" ind1=" " ind2=" ">
      <subfield code="a">szülésznőképzés</subfield>
    </datafield>
    <datafield tag="653" ind1=" " ind2=" ">
      <subfield code="a">évforduló</subfield>
    </datafield>
    <datafield tag="653" ind1=" " ind2=" ">
      <subfield code="a">Budai Rózsa</subfield>
    </datafield>
    <datafield tag="653" ind1=" " ind2=" ">
      <subfield code="a">Vas Népe (napilap)</subfield>
    </datafield>
    <datafield tag="653" ind1=" " ind2=" ">
      <subfield code="a">könyvismertetés</subfield>
    </datafield>
    <datafield tag="852" ind1=" " ind2=" ">
      <subfield code="a">SZO1</subfield>
      <subfield code="b">SZO1</subfield>
      <subfield code="x">150264375</subfield>
    </datafield>
    <datafield tag="852" ind1=" " ind2=" ">
      <subfield code="a">SZO1</subfield>
      <subfield code="b">SZO1</subfield>
      <subfield code="x">150317882</subfield>
    </datafield>
  </record>
  <record>
    <leader>00559nam  2200169 i 4500</leader>
    <controlfield tag="001">MOKKAW0005576922  </controlfield>
    <controlfield tag="005">20080415143331.0</controlfield>
    <controlfield tag="008">010129s2000                  000 0 hun d</controlfield>
    <datafield tag="035" ind1=" " ind2=" ">
      <subfield code="a">BMEOMIKK000148447</subfield>
    </datafield>
    <datafield tag="040" ind1=" " ind2=" ">
      <subfield code="a">BMEOMIKK</subfield>
    </datafield>
    <datafield tag="041" ind1="0" ind2=" ">
      <subfield code="a">hun</subfield>
    </datafield>
    <datafield tag="245" ind1="0" ind2="0">
      <subfield code="a">100 éves a Közlekedési Műszergyártó Rt.</subfield>
    </datafield>
    <datafield tag="260" ind1=" " ind2=" ">
      <subfield code="a">Budapest :</subfield>
      <subfield code="b">Közlekedési Műszergyártó Részvénytársaság,</subfield>
      <subfield code="c">2000</subfield>
    </datafield>
    <datafield tag="300" ind1=" " ind2=" ">
      <subfield code="a">63 p., [4] t. ;</subfield>
      <subfield code="c">22 cm</subfield>
    </datafield>
    <datafield tag="700" ind1="1" ind2=" ">
      <subfield code="a">Horváth Péter</subfield>
    </datafield>
    <datafield tag="710" ind1="2" ind2=" ">
      <subfield code="a">Közlekedési Műszergyártó Részvénytársaság (Budapest)</subfield>
    </datafield>
    <datafield tag="852" ind1=" " ind2=" ">
      <subfield code="a">B11</subfield>
      <subfield code="b">B11</subfield>
      <subfield code="x">BMEOMIKK000148447</subfield>
    </datafield>
  </record>
  <record>
    <leader>00534nam  2200157 i 4500</leader>
    <controlfield tag="001">MOKKAZ0003717806  </controlfield>
    <controlfield tag="005">20040909213919.0</controlfield>
    <controlfield tag="008">020621s2001    hu ao         00010 hun d</controlfield>
    <datafield tag="035" ind1=" " ind2=" ">
      <subfield code="a">bibKLT00313939</subfield>
    </datafield>
    <datafield tag="040" ind1=" " ind2=" ">
      <subfield code="a">DEENK</subfield>
    </datafield>
    <datafield tag="245" ind1="0" ind2="0">
      <subfield code="a">100 éves a Zárda /</subfield>
      <subfield code="c">[felelős kiadó Horváth Tamás igazgató ; fotó Mészáros József]</subfield>
    </datafield>
    <datafield tag="260" ind1=" " ind2=" ">
      <subfield code="a">[Siklós] :</subfield>
      <subfield code="b">Szent Imre Általános Iskola és Gimnázium,</subfield>
      <subfield code="c">2001</subfield>
    </datafield>
    <datafield tag="300" ind1=" " ind2=" ">
      <subfield code="a">44 p. :</subfield>
      <subfield code="b">ill., fotó ;</subfield>
      <subfield code="c">30 cm</subfield>
    </datafield>
    <datafield tag="700" ind1="1" ind2=" ">
      <subfield code="a">Horváth Tamás</subfield>
    </datafield>
    <datafield tag="700" ind1="1" ind2=" ">
      <subfield code="a">Mészáros József</subfield>
    </datafield>
    <datafield tag="852" ind1=" " ind2=" ">
      <subfield code="a">D1</subfield>
      <subfield code="b">D1</subfield>
      <subfield code="x">bibKLT00313939</subfield>
    </datafield>
  </record>
  <record>
    <leader>01463nam  2200361 i 4500</leader>
    <controlfield tag="001">MOKKAZ0006360261  </controlfield>
    <controlfield tag="005">20100906183009.0</controlfield>
    <controlfield tag="008">980323s1998    hu ac    b    000 0 hun d</controlfield>
    <datafield tag="020" ind1=" " ind2=" ">
      <subfield code="a">963-03-4484-X (fűzött)</subfield>
    </datafield>
    <datafield tag="035" ind1=" " ind2=" ">
      <subfield code="a">281180</subfield>
    </datafield>
    <datafield tag="040" ind1=" " ind2=" ">
      <subfield code="a">OSZK</subfield>
    </datafield>
    <datafield tag="041" ind1="0" ind2=" ">
      <subfield code="a">hunhun</subfield>
    </datafield>
    <datafield tag="080" ind1=" " ind2=" ">
      <subfield code="a">614.253.58(439.111)(091)</subfield>
    </datafield>
    <datafield tag="100" ind1="1" ind2=" ">
      <subfield code="a">Illei György</subfield>
      <subfield code="d">(1932-)</subfield>
    </datafield>
    <datafield tag="245" ind1="1" ind2="0">
      <subfield code="a">100 éves a bábaképzés Szombathelyen : </subfield>
      <subfield code="b">a bábaképző és bábaképzés múltja, jelene és a képzés jövője /</subfield>
      <subfield code="c">... írták Illei György ..., Kneffel Pál ..., Horváth Boldizsár ... ; szerk. Horváth Boldizsár</subfield>
    </datafield>
    <datafield tag="260" ind1=" " ind2=" ">
      <subfield code="a">[Budapest] :</subfield>
      <subfield code="b">[Schering Kft.],</subfield>
      <subfield code="c">[1998]</subfield>
      <subfield code="e">(Szombathely</subfield>
      <subfield code="f">Szignatúra Ny.)</subfield>
    </datafield>
    <datafield tag="300" ind1=" " ind2=" ">
      <subfield code="a">72 p. :</subfield>
      <subfield code="b">ill. ;</subfield>
      <subfield code="c">24 cm</subfield>
    </datafield>
    <datafield tag="500" ind1=" " ind2=" ">
      <subfield code="a">Közread. a Schering Kft.</subfield>
    </datafield>
    <datafield tag="504" ind1=" " ind2=" ">
      <subfield code="a">Bibliogr. a jegyzetekben</subfield>
    </datafield>
    <datafield tag="610" ind1="2" ind2="4">
      <subfield code="a">Szombathelyi M. Kir. Bábaképző Intézet</subfield>
    </datafield>
    <datafield tag="650" ind1=" " ind2="4">
      <subfield code="a">Szülésznők</subfield>
      <subfield code="z">Magyarország</subfield>
      <subfield code="z">Szombathely</subfield>
      <subfield code="x">történet</subfield>
    </datafield>
    <datafield tag="650" ind1=" " ind2="0">
      <subfield code="a">Midwives</subfield>
      <subfield code="z">Hungary</subfield>
      <subfield code="z">Szombathely</subfield>
      <subfield code="x">History.</subfield>
    </datafield>
    <datafield tag="650" ind1=" " ind2="4">
      <subfield code="a">Szülésznők</subfield>
      <subfield code="z">Magyarország</subfield>
      <subfield code="z">Szombathely</subfield>
    </datafield>
    <datafield tag="650" ind1=" " ind2="0">
      <subfield code="a">Midwives</subfield>
      <subfield code="z">Hungary</subfield>
      <subfield code="z">Szombathely.</subfield>
    </datafield>
    <datafield tag="650" ind1=" " ind2="4">
      <subfield code="a">orvostörténet</subfield>
      <subfield code="x">szülészet</subfield>
    </datafield>
    <datafield tag="650" ind1=" " ind2="7">
      <subfield code="a">Szülésznők</subfield>
      <subfield code="z">Magyarország</subfield>
      <subfield code="z">Szombathely</subfield>
      <subfield code="x">történet</subfield>
      <subfield code="2">lcsh//hun</subfield>
    </datafield>
    <datafield tag="650" ind1=" " ind2="2">
      <subfield code="a">Midwifery</subfield>
      <subfield code="x">history</subfield>
      <subfield code="z">Hungary</subfield>
    </datafield>
    <datafield tag="700" ind1="1" ind2="0">
      <subfield code="a">Kneffel Pál</subfield>
    </datafield>
    <datafield tag="700" ind1="1" ind2="0">
      <subfield code="a">Horváth Boldizsár</subfield>
    </datafield>
    <datafield tag="710" ind1="2" ind2=" ">
      <subfield code="a">Schering Kft (Budapest)</subfield>
      <subfield code="4">közread.</subfield>
    </datafield>
    <datafield tag="852" ind1=" " ind2=" ">
      <subfield code="a">B1</subfield>
      <subfield code="b">B1</subfield>
      <subfield code="x">281180</subfield>
    </datafield>
    <datafield tag="852" ind1=" " ind2=" ">
      <subfield code="a">P1</subfield>
      <subfield code="b">P1</subfield>
      <subfield code="x">bibPOT0003929</subfield>
    </datafield>
    <datafield tag="852" ind1=" " ind2=" ">
      <subfield code="a">D1</subfield>
      <subfield code="b">D2/RK</subfield>
      <subfield code="x">bibKLT00182178</subfield>
    </datafield>
  </record>
  <record>
    <leader>00910aam  2200241 i 4500</leader>
    <controlfield tag="001">MOKKAZ0006234759  </controlfield>
    <controlfield tag="005">20040915182417.0</controlfield>
    <controlfield tag="008">940509t19891989hu a          010 0 hun d</controlfield>
    <datafield tag="020" ind1=" " ind2=" ">
      <subfield code="a">963-01-9246-2 (fűzött)</subfield>
    </datafield>
    <datafield tag="035" ind1=" " ind2=" ">
      <subfield code="a">529566</subfield>
    </datafield>
    <datafield tag="040" ind1=" " ind2=" ">
      <subfield code="a">OSZK</subfield>
    </datafield>
    <datafield tag="041" ind1="0" ind2=" ">
      <subfield code="a">hunhun</subfield>
    </datafield>
    <datafield tag="072" ind1=" " ind2="1">
      <subfield code="a">H</subfield>
    </datafield>
    <datafield tag="110" ind1="2" ind2="0">
      <subfield code="a">Ipari Szakmunkásképző Intézet (Kunszentmárton)</subfield>
    </datafield>
    <datafield tag="245" ind1="1" ind2="0">
      <subfield code="a">100 éves a szakmai képzés Kunszentmártonban : </subfield>
      <subfield code="b">A 628. sz. Ipari Szakmunkásképző Intézet jubileumi évkönyve /</subfield>
      <subfield code="c">[szerk. ... Kasza József ... és Józsa László ...]</subfield>
    </datafield>
    <datafield tag="260" ind1=" " ind2=" ">
      <subfield code="a">Kunszentmárton :</subfield>
      <subfield code="b">628. sz. Ip. Szakmunkásképző Int.,</subfield>
      <subfield code="c">1989</subfield>
      <subfield code="e">([Szeged]</subfield>
      <subfield code="f">Szegedi Ny.)</subfield>
    </datafield>
    <datafield tag="300" ind1=" " ind2=" ">
      <subfield code="a">144 p. :</subfield>
      <subfield code="b">ill. ;</subfield>
      <subfield code="c">20 cm</subfield>
    </datafield>
    <datafield tag="500" ind1=" " ind2=" ">
      <subfield code="a">2000</subfield>
    </datafield>
    <datafield tag="610" ind1="2" ind2="4">
      <subfield code="a">Ipari Szakmunkásképző Intézet (Kunszentmárton)</subfield>
    </datafield>
    <datafield tag="700" ind1="1" ind2=" ">
      <subfield code="a">Kasza József</subfield>
      <subfield code="4">(szerk.)</subfield>
    </datafield>
    <datafield tag="700" ind1="1" ind2=" ">
      <subfield code="a">Józsa László</subfield>
      <subfield code="4">(szerk.)</subfield>
    </datafield>
    <datafield tag="852" ind1=" " ind2=" ">
      <subfield code="a">B1</subfield>
      <subfield code="b">B1</subfield>
      <subfield code="x">529566</subfield>
    </datafield>
    <datafield tag="852" ind1=" " ind2=" ">
      <subfield code="a">M2</subfield>
      <subfield code="b">M2</subfield>
      <subfield code="x">bibRFK00063868</subfield>
    </datafield>
  </record>
  <record>
    <leader>00965nam  2200241 i 4500</leader>
    <controlfield tag="001">MOKKAS0001431905  </controlfield>
    <controlfield tag="005">20060113141303.0</controlfield>
    <controlfield tag="008">050903s2002    hu            00010 hun d</controlfield>
    <datafield tag="020" ind1=" " ind2=" ">
      <subfield code="a">(fűzött) :</subfield>
      <subfield code="c">100,-Ft</subfield>
    </datafield>
    <datafield tag="035" ind1=" " ind2=" ">
      <subfield code="a">bibVFK00249962</subfield>
    </datafield>
    <datafield tag="040" ind1=" " ind2=" ">
      <subfield code="a">VFMK</subfield>
    </datafield>
    <datafield tag="245" ind1="0" ind2="0">
      <subfield code="a">100 éves a Szolnoki Művésztelep :</subfield>
      <subfield code="b">A Szolnoki Művészeti Egyesület centenáriumi programja</subfield>
    </datafield>
    <datafield tag="260" ind1=" " ind2=" ">
      <subfield code="a">Szolnok :</subfield>
      <subfield code="b">Szolnoki Művészeti Egyesület,</subfield>
      <subfield code="c">2002</subfield>
      <subfield code="f">(Tisza Nyomda Kft.)</subfield>
    </datafield>
    <datafield tag="300" ind1=" " ind2=" ">
      <subfield code="a">12 p. :</subfield>
      <subfield code="b">ill. ;</subfield>
      <subfield code="c">15x15 cm</subfield>
    </datafield>
    <datafield tag="610" ind1="2" ind2=" ">
      <subfield code="a">Szolnoki Művésztelep (Szolnok)</subfield>
    </datafield>
    <datafield tag="650" ind1=" " ind2="6">
      <subfield code="a">Jubileum</subfield>
    </datafield>
    <datafield tag="650" ind1=" " ind2="6">
      <subfield code="a">Rendezvények, kulturális</subfield>
    </datafield>
    <datafield tag="651" ind1=" " ind2="4">
      <subfield code="a">Szolnok</subfield>
    </datafield>
    <datafield tag="700" ind1="1" ind2=" ">
      <subfield code="a">Írás Mátyás</subfield>
      <subfield code="c">dr.</subfield>
      <subfield code="d">(1936-)</subfield>
      <subfield code="c">(orvos, elnök)</subfield>
      <subfield code="4">fel. kiadó</subfield>
    </datafield>
    <datafield tag="700" ind1="1" ind2=" ">
      <subfield code="a">Kertész Róbert</subfield>
      <subfield code="c">dr.</subfield>
      <subfield code="c">hism</subfield>
      <subfield code="d">(1964-)</subfield>
      <subfield code="c">(muzeológus, régész, titkár)</subfield>
      <subfield code="4">szerk.</subfield>
    </datafield>
    <datafield tag="700" ind1="1" ind2=" ">
      <subfield code="a">Álmosdy Árpád</subfield>
      <subfield code="c">(építész, vezető tervező)</subfield>
      <subfield code="4">közrem.</subfield>
    </datafield>
    <datafield tag="710" ind1="2" ind2=" ">
      <subfield code="a">Szolnoki Művészeti Egyesület (Szolnok)</subfield>
      <subfield code="4">kiad.</subfield>
    </datafield>
    <datafield tag="852" ind1=" " ind2=" ">
      <subfield code="a">SZL1</subfield>
      <subfield code="b">SZL1</subfield>
      <subfield code="x">bibVFK00249962</subfield>
    </datafield>
  </record>
  <record>
    <leader>00872nam  2200241 i 4500</leader>
    <controlfield tag="001">MOKKAZ0006396629  </controlfield>
    <controlfield tag="005">20040915200424.0</controlfield>
    <controlfield tag="008">001013s2000    hu a          000 0 hun d</controlfield>
    <datafield tag="020" ind1=" " ind2=" ">
      <subfield code="a">963-00-3671-1 (kötött)</subfield>
    </datafield>
    <datafield tag="035" ind1=" " ind2=" ">
      <subfield code="a">450897</subfield>
    </datafield>
    <datafield tag="040" ind1=" " ind2=" ">
      <subfield code="a">OSZK</subfield>
    </datafield>
    <datafield tag="041" ind1="1" ind2=" ">
      <subfield code="a">hunenghun</subfield>
    </datafield>
    <datafield tag="072" ind1=" " ind2="1">
      <subfield code="a">U</subfield>
    </datafield>
    <datafield tag="100" ind1="1" ind2=" ">
      <subfield code="a">Jankó Aranka</subfield>
    </datafield>
    <datafield tag="245" ind1="1" ind2="0">
      <subfield code="a">100 éves a Mosonmagyaróvári Fémszerelvény Részvénytársaság : </subfield>
      <subfield code="b">1900-2000 /</subfield>
      <subfield code="c">[írta ... Jankó Aranka] ; [... ford. ... Cséfalvay Anikó].</subfield>
    </datafield>
    <datafield tag="260" ind1=" " ind2=" ">
      <subfield code="a">Mosonmagyaróvár :</subfield>
      <subfield code="b">Mofém Rt.,</subfield>
      <subfield code="c">2000</subfield>
      <subfield code="e">([S.l.]</subfield>
      <subfield code="f">[s.n.])</subfield>
    </datafield>
    <datafield tag="300" ind1=" " ind2=" ">
      <subfield code="a">64 p. :</subfield>
      <subfield code="b">ill., főként  színes ;</subfield>
      <subfield code="c">29 cm</subfield>
    </datafield>
    <datafield tag="546" ind1=" " ind2=" ">
      <subfield code="a">Magyar és angol nyelven</subfield>
    </datafield>
    <datafield tag="610" ind1="2" ind2="4">
      <subfield code="a">Mosonmagyaróvári Fémszerelvény Rt.</subfield>
    </datafield>
    <datafield tag="700" ind1="1" ind2=" ">
      <subfield code="a">Cséfalvay Anikó</subfield>
      <subfield code="4">(ford.)</subfield>
    </datafield>
    <datafield tag="710" ind1="2" ind2=" ">
      <subfield code="a">Mosonmagyaróvári Fémszerelvény Rt</subfield>
      <subfield code="4">közread.</subfield>
    </datafield>
    <datafield tag="852" ind1=" " ind2=" ">
      <subfield code="a">B1</subfield>
      <subfield code="b">B1</subfield>
      <subfield code="x">450897</subfield>
    </datafield>
    <datafield tag="852" ind1=" " ind2=" ">
      <subfield code="a">B11</subfield>
      <subfield code="b">B11</subfield>
      <subfield code="x">BMEOMIKK000146350</subfield>
    </datafield>
  </record>
  <record>
    <leader>00849nam  2200229 i 4500</leader>
    <controlfield tag="001">MOKKAS0003329037  </controlfield>
    <controlfield tag="005">20060604070830.0</controlfield>
    <controlfield tag="008">050101s2000                            d</controlfield>
    <datafield tag="020" ind1=" " ind2=" ">
      <subfield code="a">963-00-3671-1 (kötött)</subfield>
    </datafield>
    <datafield tag="035" ind1=" " ind2=" ">
      <subfield code="a">488642</subfield>
    </datafield>
    <datafield tag="040" ind1=" " ind2=" ">
      <subfield code="a">KKMK</subfield>
    </datafield>
    <datafield tag="100" ind1="1" ind2=" ">
      <subfield code="a">Jankó Aranka</subfield>
    </datafield>
    <datafield tag="245" ind1="1" ind2="0">
      <subfield code="a">100 éves a Mosonmagyaróvári Fémszerelvény Részvénytársaság : </subfield>
      <subfield code="b">1900-2000 /</subfield>
      <subfield code="c">[írta] Jankó Aranka</subfield>
    </datafield>
    <datafield tag="246" ind1="1" ind2="4">
      <subfield code="a">100 éves a MOFÉM Rt.</subfield>
    </datafield>
    <datafield tag="260" ind1=" " ind2=" ">
      <subfield code="a">Mosonmagyaróvár :</subfield>
      <subfield code="b">Mosonmagyaróvári Fémszerelvény Részvénytársaság,</subfield>
      <subfield code="c">2000</subfield>
    </datafield>
    <datafield tag="300" ind1=" " ind2=" ">
      <subfield code="a">64 p. :</subfield>
      <subfield code="b">ill., főként színes ;</subfield>
      <subfield code="c">29 cm</subfield>
    </datafield>
    <datafield tag="500" ind1=" " ind2=" ">
      <subfield code="a">Borítócím: 100 éves a MOFÉM Rt. - Angol és magyar nyelven</subfield>
    </datafield>
    <datafield tag="610" ind1="2" ind2="4">
      <subfield code="a">Mosonmagyaróvári Fémszerelvény Részvénytársaság</subfield>
    </datafield>
    <datafield tag="650" ind1=" " ind2="4">
      <subfield code="a">ipartörténet</subfield>
    </datafield>
    <datafield tag="651" ind1=" " ind2="4">
      <subfield code="a">Mosonmagyaróvár</subfield>
    </datafield>
    <datafield tag="653" ind1=" " ind2=" ">
      <subfield code="a">1900-2000</subfield>
    </datafield>
    <datafield tag="852" ind1=" " ind2=" ">
      <subfield code="a">GY1</subfield>
      <subfield code="b">GY1</subfield>
      <subfield code="x">488642</subfield>
    </datafield>
  </record>
  <record>
    <leader>00812nam  2200229 i 4500</leader>
    <controlfield tag="001">MOKKAZ0006369252  </controlfield>
    <controlfield tag="005">20040915194921.0</controlfield>
    <controlfield tag="008">981002s1998    hu a          000 0 hun d</controlfield>
    <datafield tag="020" ind1=" " ind2=" ">
      <subfield code="a">963-03-5587-6 (fűzött)</subfield>
    </datafield>
    <datafield tag="035" ind1=" " ind2=" ">
      <subfield code="a">319403</subfield>
    </datafield>
    <datafield tag="040" ind1=" " ind2=" ">
      <subfield code="a">OSZK</subfield>
    </datafield>
    <datafield tag="041" ind1="0" ind2=" ">
      <subfield code="a">hunhun</subfield>
    </datafield>
    <datafield tag="072" ind1=" " ind2="1">
      <subfield code="a">T</subfield>
    </datafield>
    <datafield tag="072" ind1=" " ind2="1">
      <subfield code="a">U</subfield>
    </datafield>
    <datafield tag="100" ind1="1" ind2=" ">
      <subfield code="a">Józsa Sándor</subfield>
    </datafield>
    <datafield tag="245" ind1="1" ind2="0">
      <subfield code="a">100 éves a Létesítményi Tűzoltóság /</subfield>
      <subfield code="c">Józsa Sándor ; [az anyaggyűjtésben közrem. Deák Ferenc] ; [kiad. a Magyar Cukor Rt. Sárvári Cukorgyár]</subfield>
    </datafield>
    <datafield tag="260" ind1=" " ind2=" ">
      <subfield code="a">Sárvár :</subfield>
      <subfield code="b">M. Cukor Rt. Sárvári Cukorgyár,</subfield>
      <subfield code="c">1998</subfield>
      <subfield code="e">(Sárvár</subfield>
      <subfield code="f">Újsziget-rota)</subfield>
    </datafield>
    <datafield tag="300" ind1=" " ind2=" ">
      <subfield code="a">44 p., [4] t. :</subfield>
      <subfield code="b">ill. ;</subfield>
      <subfield code="c">21 cm</subfield>
    </datafield>
    <datafield tag="700" ind1="1" ind2=" ">
      <subfield code="a">Deák Ferenc</subfield>
      <subfield code="4">(közrem.)</subfield>
    </datafield>
    <datafield tag="710" ind1="2" ind2=" ">
      <subfield code="a">Magyar Cukor Rt</subfield>
      <subfield code="a">Sárvári Cukorgyár</subfield>
      <subfield code="4">közread.</subfield>
    </datafield>
    <datafield tag="852" ind1=" " ind2=" ">
      <subfield code="a">B1</subfield>
      <subfield code="b">B1</subfield>
      <subfield code="x">319403</subfield>
    </datafield>
    <datafield tag="852" ind1=" " ind2=" ">
      <subfield code="a">B11</subfield>
      <subfield code="b">B11</subfield>
      <subfield code="x">BMEOMIKK000418862</subfield>
    </datafield>
  </record>
  <record>
    <leader>00607nam  2200217 i 4500</leader>
    <controlfield tag="001">MOKKAN0004566394  </controlfield>
    <controlfield tag="005">20070502235247.0</controlfield>
    <controlfield tag="008">020207s1998                            d</controlfield>
    <datafield tag="020" ind1=" " ind2=" ">
      <subfield code="a">963-03-55876</subfield>
    </datafield>
    <datafield tag="035" ind1=" " ind2=" ">
      <subfield code="a">150268660</subfield>
    </datafield>
    <datafield tag="040" ind1=" " ind2=" ">
      <subfield code="a">BDK</subfield>
    </datafield>
    <datafield tag="100" ind1="1" ind2=" ">
      <subfield code="a">Józsa Sándor</subfield>
    </datafield>
    <datafield tag="245" ind1="0" ind2="0">
      <subfield code="a">100 éves a Létesitményi Tűzoltóság /</subfield>
      <subfield code="c">Józsa Sándor</subfield>
    </datafield>
    <datafield tag="260" ind1=" " ind2=" ">
      <subfield code="a">Sárvár :</subfield>
      <subfield code="b">Magyar Cukor Rt. Sárvári Cukorgyár,</subfield>
      <subfield code="c">1998</subfield>
    </datafield>
    <datafield tag="300" ind1=" " ind2=" ">
      <subfield code="c">44 p., 4 t.o. : ill.</subfield>
    </datafield>
    <datafield tag="653" ind1=" " ind2=" ">
      <subfield code="a">Sárvár</subfield>
    </datafield>
    <datafield tag="653" ind1=" " ind2=" ">
      <subfield code="a">centenárium</subfield>
    </datafield>
    <datafield tag="653" ind1=" " ind2=" ">
      <subfield code="a">cukorgyár</subfield>
    </datafield>
    <datafield tag="653" ind1=" " ind2=" ">
      <subfield code="a">tűzoltóság</subfield>
    </datafield>
    <datafield tag="653" ind1=" " ind2=" ">
      <subfield code="a">évforduló</subfield>
    </datafield>
    <datafield tag="852" ind1=" " ind2=" ">
      <subfield code="a">SZO1</subfield>
      <subfield code="b">SZO1</subfield>
      <subfield code="x">150268660</subfield>
    </datafield>
  </record>
  <record>
    <leader>00561nam  2200205 i 4500</leader>
    <controlfield tag="001">MOKKAN0004571144  </controlfield>
    <controlfield tag="005">20070503004320.0</controlfield>
    <controlfield tag="008">020309s1998                            d</controlfield>
    <datafield tag="035" ind1=" " ind2=" ">
      <subfield code="a">150318030</subfield>
    </datafield>
    <datafield tag="040" ind1=" " ind2=" ">
      <subfield code="a">BDK</subfield>
    </datafield>
    <datafield tag="100" ind1="1" ind2=" ">
      <subfield code="a">Józsa Sándor</subfield>
    </datafield>
    <datafield tag="245" ind1="0" ind2="0">
      <subfield code="a">100 éves a Létesítményi Tűzoltóság /</subfield>
      <subfield code="c">Józsa Sándor</subfield>
    </datafield>
    <datafield tag="260" ind1=" " ind2=" ">
      <subfield code="a">Sárvár :</subfield>
      <subfield code="b">Sárvári Cukorgyár,</subfield>
      <subfield code="c">1998</subfield>
    </datafield>
    <datafield tag="300" ind1=" " ind2=" ">
      <subfield code="c">44 p., 4 t.o. :ill.</subfield>
    </datafield>
    <datafield tag="653" ind1=" " ind2=" ">
      <subfield code="a">Sárvár</subfield>
    </datafield>
    <datafield tag="653" ind1=" " ind2=" ">
      <subfield code="a">centenárium</subfield>
    </datafield>
    <datafield tag="653" ind1=" " ind2=" ">
      <subfield code="a">cukorgyár</subfield>
    </datafield>
    <datafield tag="653" ind1=" " ind2=" ">
      <subfield code="a">tűzoltóság</subfield>
    </datafield>
    <datafield tag="653" ind1=" " ind2=" ">
      <subfield code="a">évforduló</subfield>
    </datafield>
    <datafield tag="852" ind1=" " ind2=" ">
      <subfield code="a">SZO1</subfield>
      <subfield code="b">SZO1</subfield>
      <subfield code="x">150318030</subfield>
    </datafield>
  </record>
  <record>
    <leader>01161fam  2200301 i 4500</leader>
    <controlfield tag="001">MOKKAZ0006217191  </controlfield>
    <controlfield tag="005">20040915181401.0</controlfield>
    <controlfield tag="008">940511t19881988hu a          000 0 hun d</controlfield>
    <datafield tag="020" ind1=" " ind2=" ">
      <subfield code="a">963-8202-81-5 (fűzött)</subfield>
    </datafield>
    <datafield tag="035" ind1=" " ind2=" ">
      <subfield code="a">775110</subfield>
    </datafield>
    <datafield tag="040" ind1=" " ind2=" ">
      <subfield code="a">OSZK</subfield>
    </datafield>
    <datafield tag="041" ind1="0" ind2=" ">
      <subfield code="a">hunhun</subfield>
    </datafield>
    <datafield tag="100" ind1="1" ind2=" ">
      <subfield code="a">Kamody Miklós</subfield>
    </datafield>
    <datafield tag="245" ind1="1" ind2="0">
      <subfield code="a">100 éves a miskolci telefonközpont /</subfield>
      <subfield code="c">Kamody Miklós ; Híradástechnikai Tudományos Egyesület Borsod Megyei Területi Szervezete és a Miskolci Postaigazgatóság kiadása</subfield>
    </datafield>
    <datafield tag="260" ind1=" " ind2=" ">
      <subfield code="a">[Miskolc] :</subfield>
      <subfield code="b">HTE Borsod M. Szerv.,</subfield>
      <subfield code="c">[1988]</subfield>
      <subfield code="e">([Miskolc]</subfield>
      <subfield code="f">Borsodi Ny.)</subfield>
    </datafield>
    <datafield tag="300" ind1=" " ind2=" ">
      <subfield code="a">99 p. :</subfield>
      <subfield code="b">ill. ;</subfield>
      <subfield code="c">20 cm</subfield>
    </datafield>
    <datafield tag="500" ind1=" " ind2=" ">
      <subfield code="a">Kézirat</subfield>
    </datafield>
    <datafield tag="506" ind1=" " ind2=" ">
      <subfield code="a">Belső használatra</subfield>
    </datafield>
    <datafield tag="650" ind1="0" ind2="4">
      <subfield code="a">távbeszélő-hálózat</subfield>
      <subfield code="x">története</subfield>
      <subfield code="z">Miskolc</subfield>
    </datafield>
    <datafield tag="650" ind1="0" ind2="4">
      <subfield code="a">telefonhálózat</subfield>
      <subfield code="x">története</subfield>
      <subfield code="z">Miskolc</subfield>
    </datafield>
    <datafield tag="710" ind1="2" ind2=" ">
      <subfield code="a">Híradástechnikai Tudományos Egyesület</subfield>
      <subfield code="a">Borsod Megyei Szervezet</subfield>
      <subfield code="4">közread.</subfield>
    </datafield>
    <datafield tag="710" ind1="2" ind2=" ">
      <subfield code="a">Magyar Posta</subfield>
      <subfield code="a">Miskolci Postaigazgatóság</subfield>
      <subfield code="4">közread.</subfield>
    </datafield>
    <datafield tag="852" ind1=" " ind2=" ">
      <subfield code="a">B1</subfield>
      <subfield code="b">B1</subfield>
      <subfield code="x">775110</subfield>
    </datafield>
    <datafield tag="852" ind1=" " ind2=" ">
      <subfield code="a">D1</subfield>
      <subfield code="b">D1</subfield>
      <subfield code="x">ISISIIF0020678</subfield>
    </datafield>
    <datafield tag="852" ind1=" " ind2=" ">
      <subfield code="a">B10</subfield>
      <subfield code="b">0801</subfield>
      <subfield code="x">bibFSZ00194658</subfield>
    </datafield>
    <datafield tag="852" ind1=" " ind2=" ">
      <subfield code="a">B11</subfield>
      <subfield code="b">B11</subfield>
      <subfield code="x">BMEOMIKK000012128</subfield>
    </datafield>
    <datafield tag="852" ind1=" " ind2=" ">
      <subfield code="a">M1</subfield>
      <subfield code="b">M1</subfield>
      <subfield code="x">88998</subfield>
    </datafield>
    <datafield tag="852" ind1=" " ind2=" ">
      <subfield code="a">M2</subfield>
      <subfield code="b">M2</subfield>
      <subfield code="x">bibRFK00070487</subfield>
    </datafield>
  </record>
  <record>
    <leader>00421cam  22001451  4500</leader>
    <controlfield tag="001">MOKKAN0004234639  </controlfield>
    <controlfield tag="005">20070407230202.0</controlfield>
    <controlfield tag="008">      s1988                        hun d</controlfield>
    <datafield tag="035" ind1=" " ind2=" ">
      <subfield code="a">bibFSZ00194658</subfield>
    </datafield>
    <datafield tag="040" ind1=" " ind2=" ">
      <subfield code="a">FSZEK</subfield>
    </datafield>
    <datafield tag="100" ind1="1" ind2=" ">
      <subfield code="a">Kamody Miklós</subfield>
    </datafield>
    <datafield tag="245" ind1="1" ind2="0">
      <subfield code="a">100 éves a miskolci telefonközpont /</subfield>
      <subfield code="c">Kamody Miklós</subfield>
    </datafield>
    <datafield tag="260" ind1=" " ind2=" ">
      <subfield code="a">Miskolc :</subfield>
      <subfield code="b">Borsodi Ny.,</subfield>
      <subfield code="c">1988</subfield>
    </datafield>
    <datafield tag="300" ind1=" " ind2=" ">
      <subfield code="a">99 p. :</subfield>
      <subfield code="b">ill. ;</subfield>
      <subfield code="c">20 cm</subfield>
    </datafield>
    <datafield tag="852" ind1=" " ind2=" ">
      <subfield code="a">B10</subfield>
      <subfield code="b">0801</subfield>
      <subfield code="x">bibFSZ00194658</subfield>
    </datafield>
  </record>
  <record>
    <leader>00681nam  2200217 i 4500</leader>
    <controlfield tag="001">MOKKAN0004863146  </controlfield>
    <controlfield tag="005">20080311230048.0</controlfield>
    <controlfield tag="008">990828s1988                  000 0 hun d</controlfield>
    <datafield tag="035" ind1=" " ind2=" ">
      <subfield code="a">BMEOMIKK000012128</subfield>
    </datafield>
    <datafield tag="040" ind1=" " ind2=" ">
      <subfield code="a">BMEOMIKK</subfield>
    </datafield>
    <datafield tag="041" ind1="0" ind2=" ">
      <subfield code="a">hun</subfield>
    </datafield>
    <datafield tag="100" ind1="1" ind2=" ">
      <subfield code="a">Kamody Miklós</subfield>
    </datafield>
    <datafield tag="245" ind1="1" ind2="0">
      <subfield code="a">100 éves a miskolci telefonközpont /</subfield>
      <subfield code="c">Kamody Miklós</subfield>
    </datafield>
    <datafield tag="260" ind1=" " ind2=" ">
      <subfield code="a">[Miskolc] :</subfield>
      <subfield code="b">HTE [etc.],</subfield>
      <subfield code="c">1988</subfield>
    </datafield>
    <datafield tag="300" ind1=" " ind2=" ">
      <subfield code="a">99 p. ;</subfield>
      <subfield code="c">20 cm</subfield>
    </datafield>
    <datafield tag="504" ind1=" " ind2=" ">
      <subfield code="a">Bibliogr. a jegyzetekben</subfield>
    </datafield>
    <datafield tag="650" ind1="0" ind2="4">
      <subfield code="a">távbeszélő-hálózat</subfield>
      <subfield code="x">története</subfield>
      <subfield code="z">Miskolc</subfield>
    </datafield>
    <datafield tag="650" ind1="0" ind2="4">
      <subfield code="a">telefonhálózat</subfield>
      <subfield code="x">története</subfield>
      <subfield code="z">Miskolc</subfield>
    </datafield>
    <datafield tag="653" ind1=" " ind2=" ">
      <subfield code="a">Távbeszélő központ, történet</subfield>
    </datafield>
    <datafield tag="852" ind1=" " ind2=" ">
      <subfield code="a">B11</subfield>
      <subfield code="b">B11</subfield>
      <subfield code="x">BMEOMIKK000012128</subfield>
    </datafield>
    <datafield tag="852" ind1=" " ind2=" ">
      <subfield code="a">M1</subfield>
      <subfield code="b">M1</subfield>
      <subfield code="x">88998</subfield>
    </datafield>
  </record>
  <record>
    <leader>00889nam  2200217 i 4500</leader>
    <controlfield tag="001">MOKKAS0001426882  </controlfield>
    <controlfield tag="005">20060113133345.0</controlfield>
    <controlfield tag="008">050903s1989    hu            00010 hun d</controlfield>
    <datafield tag="020" ind1=" " ind2=" ">
      <subfield code="a">963-01-9246-2 (fűzött) :</subfield>
      <subfield code="c">60,-Ft</subfield>
    </datafield>
    <datafield tag="035" ind1=" " ind2=" ">
      <subfield code="a">bibVFK00243741</subfield>
    </datafield>
    <datafield tag="040" ind1=" " ind2=" ">
      <subfield code="a">VFMK</subfield>
    </datafield>
    <datafield tag="245" ind1="0" ind2="0">
      <subfield code="a">100 éves a szakmai képzés Kunszentmártonban :</subfield>
      <subfield code="b">A 628. sz. Ipari Szakmunkásképző Intézet Jubileumi Évkönyve /</subfield>
      <subfield code="c">[szerk. Kasza László és Józsa László ; [kiad. a] 628. sz. Ipari Szakmunkásképző Intézet</subfield>
    </datafield>
    <datafield tag="260" ind1=" " ind2=" ">
      <subfield code="a">Kunszentmárton :</subfield>
      <subfield code="b">628. sz. Ipari Szakmunkásképző Intézet,</subfield>
      <subfield code="c">1989</subfield>
      <subfield code="f">(Szegedi Nyomda)</subfield>
    </datafield>
    <datafield tag="300" ind1=" " ind2=" ">
      <subfield code="a">144 p. :</subfield>
      <subfield code="b">ill. ;</subfield>
      <subfield code="c">20 cm</subfield>
    </datafield>
    <datafield tag="650" ind1=" " ind2="4">
      <subfield code="a">Szakmunkásképzés</subfield>
    </datafield>
    <datafield tag="650" ind1=" " ind2="6">
      <subfield code="a">Szakképzés</subfield>
    </datafield>
    <datafield tag="650" ind1=" " ind2="6">
      <subfield code="a">Szakmunkásképzés</subfield>
    </datafield>
    <datafield tag="650" ind1=" " ind2="6">
      <subfield code="a">Iskolatörténet</subfield>
    </datafield>
    <datafield tag="651" ind1=" " ind2="4">
      <subfield code="a">Kunszentmárton</subfield>
    </datafield>
    <datafield tag="700" ind1="1" ind2=" ">
      <subfield code="a">Kasza József</subfield>
      <subfield code="c">hism</subfield>
      <subfield code="c">(polgármester)</subfield>
      <subfield code="4">szerk.</subfield>
    </datafield>
    <datafield tag="852" ind1=" " ind2=" ">
      <subfield code="a">SZL1</subfield>
      <subfield code="b">SZL1</subfield>
      <subfield code="x">bibVFK00243741</subfield>
    </datafield>
  </record>
  <record>
    <leader>00783ngm  2200241 i 4500</leader>
    <controlfield tag="001">MOKKAS0003348064  </controlfield>
    <controlfield tag="005">20060604164510.0</controlfield>
    <controlfield tag="008">050101s        hu                  hun d</controlfield>
    <datafield tag="035" ind1=" " ind2=" ">
      <subfield code="a">555817</subfield>
    </datafield>
    <datafield tag="040" ind1=" " ind2=" ">
      <subfield code="a">KKMK</subfield>
    </datafield>
    <datafield tag="041" ind1="0" ind2=" ">
      <subfield code="a">hun</subfield>
    </datafield>
    <datafield tag="100" ind1="2" ind2=" ">
      <subfield code="a">Kissné Heller Ilona</subfield>
    </datafield>
    <datafield tag="245" ind1="1" ind2="0">
      <subfield code="a">100 éves a Kisfaludy Károly Megyei Könyvtár</subfield>
      <subfield code="h">videodok. : 1998. okt. 12-16. /</subfield>
      <subfield code="c">felvételt kész. Kissné Heller Ilona</subfield>
    </datafield>
    <datafield tag="300" ind1=" " ind2=" ">
      <subfield code="a">1 videok. (VHS) (170 min.) :</subfield>
      <subfield code="b">szín., hg.</subfield>
    </datafield>
    <datafield tag="610" ind1="2" ind2="4">
      <subfield code="a">Kisfaludy Károly Megyei Könyvtár (Győr)</subfield>
    </datafield>
    <datafield tag="650" ind1=" " ind2="4">
      <subfield code="a">helyi közreműködő</subfield>
    </datafield>
    <datafield tag="650" ind1=" " ind2="4">
      <subfield code="a">videodokumentum</subfield>
    </datafield>
    <datafield tag="650" ind1=" " ind2="4">
      <subfield code="a">esemény mozgóképfelvétele</subfield>
    </datafield>
    <datafield tag="650" ind1=" " ind2="4">
      <subfield code="a">évforduló</subfield>
    </datafield>
    <datafield tag="650" ind1=" " ind2="4">
      <subfield code="a">dokumentumfilm testületről</subfield>
    </datafield>
    <datafield tag="650" ind1=" " ind2="4">
      <subfield code="a">rendezvény</subfield>
    </datafield>
    <datafield tag="653" ind1=" " ind2=" ">
      <subfield code="a">1998. október 12-16.</subfield>
    </datafield>
    <datafield tag="852" ind1=" " ind2=" ">
      <subfield code="a">GY1</subfield>
      <subfield code="b">GY1</subfield>
      <subfield code="x">555817</subfield>
    </datafield>
  </record>
  <record>
    <leader>01380fam  2200349 i 4500</leader>
    <controlfield tag="001">MOKKAZ0006228560  </controlfield>
    <controlfield tag="005">20040915182049.0</controlfield>
    <controlfield tag="008">940509t19771977hu a          000 0 hun d</controlfield>
    <datafield tag="020" ind1=" " ind2=" ">
      <subfield code="a">963-00-0133-0 (fűzött)</subfield>
    </datafield>
    <datafield tag="035" ind1=" " ind2=" ">
      <subfield code="a">504244</subfield>
    </datafield>
    <datafield tag="040" ind1=" " ind2=" ">
      <subfield code="a">OSZK</subfield>
    </datafield>
    <datafield tag="041" ind1="0" ind2=" ">
      <subfield code="a">hunhun</subfield>
      <subfield code="b">hunrusger</subfield>
      <subfield code="g">rusger</subfield>
    </datafield>
    <datafield tag="044" ind1=" " ind2=" ">
      <subfield code="a">HU</subfield>
    </datafield>
    <datafield tag="245" ind1="1" ind2="0">
      <subfield code="a">100 éves a Nyugati pályaudvar /</subfield>
      <subfield code="c">[írta, összegyűjtötte, szerkesztette Gergely József] ; [szerkesztő bizottság Koncz József et al.] ; [közr. az MSZMP MÁV Nyugati pályaudvari Bizottsága]</subfield>
    </datafield>
    <datafield tag="260" ind1=" " ind2=" ">
      <subfield code="a">[Budapest] :</subfield>
      <subfield code="b">[MSZMP MÁV Biz.],</subfield>
      <subfield code="c">[1977]</subfield>
      <subfield code="e">([Budapest]</subfield>
      <subfield code="f">MÁV Jegyny.)</subfield>
    </datafield>
    <datafield tag="300" ind1=" " ind2=" ">
      <subfield code="a">174 l. :</subfield>
      <subfield code="b">ill. ;</subfield>
      <subfield code="c">21x21 cm</subfield>
    </datafield>
    <datafield tag="500" ind1=" " ind2=" ">
      <subfield code="a">Összefoglalás magyar nyelven</subfield>
    </datafield>
    <datafield tag="500" ind1=" " ind2=" ">
      <subfield code="a">Rezjume na russkom jazyke</subfield>
    </datafield>
    <datafield tag="500" ind1=" " ind2=" ">
      <subfield code="a">Deutschsprachige Zusammenfassung</subfield>
    </datafield>
    <datafield tag="500" ind1=" " ind2=" ">
      <subfield code="a">Előszó orosz és német nyelven is</subfield>
    </datafield>
    <datafield tag="610" ind1="2" ind2="4">
      <subfield code="a">Nyugati pályaudvar (Budapest)</subfield>
    </datafield>
    <datafield tag="653" ind1=" " ind2=" ">
      <subfield code="a">Vasút, pályaudvar</subfield>
    </datafield>
    <datafield tag="653" ind1=" " ind2=" ">
      <subfield code="a">Nyugati pályaudvar</subfield>
    </datafield>
    <datafield tag="700" ind1="1" ind2=" ">
      <subfield code="a">Koncz József</subfield>
      <subfield code="4">(szerk.)</subfield>
    </datafield>
    <datafield tag="700" ind1="1" ind2="3">
      <subfield code="a">Szvatkó István</subfield>
      <subfield code="4">(szerk.)</subfield>
    </datafield>
    <datafield tag="700" ind1="1" ind2="3">
      <subfield code="a">Palla Béla</subfield>
      <subfield code="4">(szerk.)</subfield>
    </datafield>
    <datafield tag="700" ind1="1" ind2="3">
      <subfield code="a">Szentgyörgyi Károly</subfield>
      <subfield code="4">(szerk.)</subfield>
    </datafield>
    <datafield tag="700" ind1="1" ind2="3">
      <subfield code="a">Laczkó Zoltán</subfield>
      <subfield code="4">(szerk.)</subfield>
    </datafield>
    <datafield tag="710" ind1="2" ind2=" ">
      <subfield code="a">Magyar Szocialista Munkáspárt</subfield>
      <subfield code="a">Magyar Államvasutak Nyugati pályaudvari Bizottság</subfield>
      <subfield code="4">közread.</subfield>
    </datafield>
    <datafield tag="852" ind1=" " ind2=" ">
      <subfield code="a">B1</subfield>
      <subfield code="b">B1</subfield>
      <subfield code="x">504244</subfield>
    </datafield>
    <datafield tag="852" ind1=" " ind2=" ">
      <subfield code="a">B10</subfield>
      <subfield code="b">0801B</subfield>
      <subfield code="x">bibFSZ00385642</subfield>
    </datafield>
    <datafield tag="852" ind1=" " ind2=" ">
      <subfield code="a">B11</subfield>
      <subfield code="b">B11</subfield>
      <subfield code="x">BMEOMIKK000397443</subfield>
    </datafield>
  </record>
  <record>
    <leader>00926fam  2200289 ir4500</leader>
    <controlfield tag="001">MOKKAZ0006223542  </controlfield>
    <controlfield tag="005">20091021063009.0</controlfield>
    <controlfield tag="008">940511t19891989hu a          000 0 hun d</controlfield>
    <datafield tag="020" ind1=" " ind2=" ">
      <subfield code="a">963-7915-02-8* (fűzött) :</subfield>
      <subfield code="c">20,- Ft</subfield>
    </datafield>
    <datafield tag="035" ind1=" " ind2=" ">
      <subfield code="a">793222</subfield>
    </datafield>
    <datafield tag="040" ind1=" " ind2=" ">
      <subfield code="a">OSZK</subfield>
    </datafield>
    <datafield tag="041" ind1="0" ind2=" ">
      <subfield code="a">hunhun</subfield>
    </datafield>
    <datafield tag="080" ind1=" " ind2=" ">
      <subfield code="a">621.882(439.151)(091)</subfield>
    </datafield>
    <datafield tag="245" ind1="1" ind2="0">
      <subfield code="a">100 éves a Csavaripari Vállalat /</subfield>
      <subfield code="c">szerk. Korompay János</subfield>
    </datafield>
    <datafield tag="260" ind1=" " ind2=" ">
      <subfield code="a">[Budapest] :</subfield>
      <subfield code="b">Mercurius,</subfield>
      <subfield code="c">cop. 1989</subfield>
      <subfield code="e">([Budapest]</subfield>
      <subfield code="f">Agria)</subfield>
      <subfield code="e">([Eger]</subfield>
      <subfield code="f">Egri Ny.)</subfield>
    </datafield>
    <datafield tag="300" ind1=" " ind2=" ">
      <subfield code="a">112 p. :</subfield>
      <subfield code="b">ill. ;</subfield>
      <subfield code="c">24 cm</subfield>
    </datafield>
    <datafield tag="610" ind1="2" ind2="4">
      <subfield code="a">Csavaripari Vállalat (Budapest)</subfield>
    </datafield>
    <datafield tag="650" ind1="0" ind2="4">
      <subfield code="a">csavargyártás</subfield>
      <subfield code="z">Magyarország</subfield>
    </datafield>
    <datafield tag="650" ind1=" " ind2="4">
      <subfield code="a">iparvállalatok</subfield>
    </datafield>
    <datafield tag="650" ind1=" " ind2="4">
      <subfield code="a">ipartörténet</subfield>
    </datafield>
    <datafield tag="700" ind1="1" ind2=" ">
      <subfield code="a">Korompay János</subfield>
      <subfield code="4">(szerk.)</subfield>
    </datafield>
    <datafield tag="852" ind1=" " ind2=" ">
      <subfield code="a">B1</subfield>
      <subfield code="b">B1</subfield>
      <subfield code="x">793222</subfield>
    </datafield>
    <datafield tag="852" ind1=" " ind2=" ">
      <subfield code="a">B10</subfield>
      <subfield code="b">0801B</subfield>
      <subfield code="x">bibFSZ41678</subfield>
    </datafield>
    <datafield tag="852" ind1=" " ind2=" ">
      <subfield code="a">B11</subfield>
      <subfield code="b">B11</subfield>
      <subfield code="x">BMEOMIKK000018458</subfield>
    </datafield>
    <datafield tag="852" ind1=" " ind2=" ">
      <subfield code="a">M1</subfield>
      <subfield code="b">M1</subfield>
      <subfield code="x">192059</subfield>
    </datafield>
    <datafield tag="852" ind1=" " ind2=" ">
      <subfield code="a">M2</subfield>
      <subfield code="b">M2</subfield>
      <subfield code="x">bibRFK00067263</subfield>
    </datafield>
    <datafield tag="852" ind1=" " ind2=" ">
      <subfield code="a">B3</subfield>
      <subfield code="b">B3</subfield>
      <subfield code="x">000027205</subfield>
    </datafield>
  </record>
  <record>
    <leader>00691fam  2200205 i 4500</leader>
    <controlfield tag="001">MOKKAZ0006401866  </controlfield>
    <controlfield tag="005">20040915200703.0</controlfield>
    <controlfield tag="008">010131s2000    hu ar         000 0 hun d</controlfield>
    <datafield tag="020" ind1=" " ind2=" ">
      <subfield code="a">963-00-5668-2 (fűzött)</subfield>
    </datafield>
    <datafield tag="035" ind1=" " ind2=" ">
      <subfield code="a">798639</subfield>
    </datafield>
    <datafield tag="040" ind1=" " ind2=" ">
      <subfield code="a">OSZK</subfield>
    </datafield>
    <datafield tag="041" ind1="0" ind2=" ">
      <subfield code="a">hunhun</subfield>
    </datafield>
    <datafield tag="245" ind1="0" ind2="0">
      <subfield code="a">100 éves a Közlekedési Műszergyártó Rt</subfield>
    </datafield>
    <datafield tag="260" ind1=" " ind2=" ">
      <subfield code="a">[Budapest] :</subfield>
      <subfield code="b">KMGY,</subfield>
      <subfield code="c">[2000]</subfield>
      <subfield code="e">([Budapest]</subfield>
      <subfield code="f">Szinkron Press)</subfield>
    </datafield>
    <datafield tag="300" ind1=" " ind2=" ">
      <subfield code="a">63 p., [4] t. :</subfield>
      <subfield code="b">ill., részben színes ;</subfield>
      <subfield code="c">22 cm</subfield>
    </datafield>
    <datafield tag="500" ind1=" " ind2=" ">
      <subfield code="a">Példányszám: 1000</subfield>
    </datafield>
    <datafield tag="610" ind1="2" ind2="4">
      <subfield code="a">Közlekedési Műszergyártó Rt. (Budapest)</subfield>
    </datafield>
    <datafield tag="710" ind1="2" ind2=" ">
      <subfield code="a">Közlekedési Műszergyártó Rt (Budapest)</subfield>
      <subfield code="4">közread.</subfield>
    </datafield>
    <datafield tag="852" ind1=" " ind2=" ">
      <subfield code="a">B1</subfield>
      <subfield code="b">B1</subfield>
      <subfield code="x">798639</subfield>
    </datafield>
    <datafield tag="852" ind1=" " ind2=" ">
      <subfield code="a">B11</subfield>
      <subfield code="b">B11</subfield>
      <subfield code="x">BMEOMIKK000148447</subfield>
    </datafield>
  </record>
  <record>
    <leader>00591nam  2200169 i 4500</leader>
    <controlfield tag="001">MOKKAS0001257509  </controlfield>
    <controlfield tag="005">20060112174522.0</controlfield>
    <controlfield tag="008">      s1981    hu            00010 hun d</controlfield>
    <datafield tag="020" ind1=" " ind2=" ">
      <subfield code="a">963-562-807-2 (fűzött) :</subfield>
      <subfield code="c">2,- Ft</subfield>
    </datafield>
    <datafield tag="035" ind1=" " ind2=" ">
      <subfield code="a">bibRFK00090896</subfield>
    </datafield>
    <datafield tag="040" ind1=" " ind2=" ">
      <subfield code="a">RFMK</subfield>
    </datafield>
    <datafield tag="041" ind1=" " ind2=" ">
      <subfield code="a">hun</subfield>
    </datafield>
    <datafield tag="100" ind1="1" ind2=" ">
      <subfield code="a">Kozma Gyula</subfield>
    </datafield>
    <datafield tag="245" ind1="1" ind2="0">
      <subfield code="a">100 éves a telefon Magyarországon :</subfield>
      <subfield code="b">Kiállítás a Postamúzeumban /</subfield>
      <subfield code="c">[írta Kozma Gyula]</subfield>
    </datafield>
    <datafield tag="260" ind1=" " ind2=" ">
      <subfield code="a">Budapest :</subfield>
      <subfield code="b">Népművelési Propaganda Iroda,</subfield>
      <subfield code="c">1981</subfield>
      <subfield code="e">(Budapest :</subfield>
      <subfield code="f">Népművelési Propaganda Iroda)</subfield>
    </datafield>
    <datafield tag="300" ind1=" " ind2=" ">
      <subfield code="a">11 p. :</subfield>
      <subfield code="b">ill. ;</subfield>
      <subfield code="c">20 cm</subfield>
    </datafield>
    <datafield tag="852" ind1=" " ind2=" ">
      <subfield code="a">M2</subfield>
      <subfield code="b">M2</subfield>
      <subfield code="x">bibRFK00090896</subfield>
    </datafield>
  </record>
  <record>
    <leader>00555fam  2200181 i 4500</leader>
    <controlfield tag="001">MOKKAZ0006288517  </controlfield>
    <controlfield tag="005">20040915185304.0</controlfield>
    <controlfield tag="008">940510s1981    hu a          000 0 hun d</controlfield>
    <datafield tag="020" ind1=" " ind2=" ">
      <subfield code="a">963-562-807-2 (fűzött)</subfield>
    </datafield>
    <datafield tag="035" ind1=" " ind2=" ">
      <subfield code="a">705178</subfield>
    </datafield>
    <datafield tag="040" ind1=" " ind2=" ">
      <subfield code="a">OSZK</subfield>
    </datafield>
    <datafield tag="041" ind1="0" ind2=" ">
      <subfield code="a">hunhun</subfield>
    </datafield>
    <datafield tag="100" ind1="1" ind2=" ">
      <subfield code="a">Kozma Gyula</subfield>
    </datafield>
    <datafield tag="245" ind1="1" ind2="0">
      <subfield code="a">100 éves a telefon Magyarországon : </subfield>
      <subfield code="b">Kiállítás a Postamúzeumban /</subfield>
      <subfield code="c">[írta Kozma Gyula]</subfield>
    </datafield>
    <datafield tag="260" ind1=" " ind2=" ">
      <subfield code="a">Budapest :</subfield>
      <subfield code="b">NPI,</subfield>
      <subfield code="c">1981</subfield>
      <subfield code="e">(Budapest</subfield>
      <subfield code="f">NPI)</subfield>
    </datafield>
    <datafield tag="300" ind1=" " ind2=" ">
      <subfield code="a">11 p. :</subfield>
      <subfield code="b">ill. ;</subfield>
      <subfield code="c">20 cm</subfield>
    </datafield>
    <datafield tag="852" ind1=" " ind2=" ">
      <subfield code="a">B1</subfield>
      <subfield code="b">B1</subfield>
      <subfield code="x">705178</subfield>
    </datafield>
    <datafield tag="852" ind1=" " ind2=" ">
      <subfield code="a">B11</subfield>
      <subfield code="b">B11</subfield>
      <subfield code="x">BMEOMIKK000051732</subfield>
    </datafield>
  </record>
  <record>
    <leader>00511nam  2200169 i 4500</leader>
    <controlfield tag="001">MOKKAN0004899241  </controlfield>
    <controlfield tag="005">20080408023720.0</controlfield>
    <controlfield tag="008">990828s1981                  000 0 hun d</controlfield>
    <datafield tag="035" ind1=" " ind2=" ">
      <subfield code="a">BMEOMIKK000051732</subfield>
    </datafield>
    <datafield tag="040" ind1=" " ind2=" ">
      <subfield code="a">BMEOMIKK</subfield>
    </datafield>
    <datafield tag="041" ind1="0" ind2=" ">
      <subfield code="a">hun</subfield>
    </datafield>
    <datafield tag="100" ind1="1" ind2=" ">
      <subfield code="a">Kozma Gyula</subfield>
    </datafield>
    <datafield tag="245" ind1="1" ind2="0">
      <subfield code="a">100 éves a telefon Magyarországon : </subfield>
      <subfield code="b">Kiállítás a Postamúzeumban /</subfield>
      <subfield code="c">[Kozma Gyula]</subfield>
    </datafield>
    <datafield tag="246" ind1="1" ind2="3">
      <subfield code="a">Kiállítás a Postamúzeumban</subfield>
    </datafield>
    <datafield tag="260" ind1=" " ind2=" ">
      <subfield code="a">Budapest :</subfield>
      <subfield code="b">NPI,</subfield>
      <subfield code="c">1981</subfield>
    </datafield>
    <datafield tag="300" ind1=" " ind2=" ">
      <subfield code="a">11 p. ;</subfield>
      <subfield code="c">20 cm</subfield>
    </datafield>
    <datafield tag="852" ind1=" " ind2=" ">
      <subfield code="a">B11</subfield>
      <subfield code="b">B11</subfield>
      <subfield code="x">BMEOMIKK000051732</subfield>
    </datafield>
  </record>
  <record>
    <leader>00587nam  2200193 i 4500</leader>
    <controlfield tag="001">MOKKAZ0006426574  </controlfield>
    <controlfield tag="005">20040915201934.0</controlfield>
    <controlfield tag="008">970115m19959999ro c           10 0 hunod</controlfield>
    <datafield tag="035" ind1=" " ind2=" ">
      <subfield code="a">829115</subfield>
    </datafield>
    <datafield tag="040" ind1=" " ind2=" ">
      <subfield code="a">OSZK</subfield>
    </datafield>
    <datafield tag="041" ind1="0" ind2=" ">
      <subfield code="a">hunhun</subfield>
    </datafield>
    <datafield tag="072" ind1=" " ind2="1">
      <subfield code="a">y</subfield>
    </datafield>
    <datafield tag="100" ind1="1" ind2=" ">
      <subfield code="a">Krisán József</subfield>
    </datafield>
    <datafield tag="245" ind1="1" ind2="0">
      <subfield code="a">100 éves a Székelykeresztúri Fúvószenekar : </subfield>
      <subfield code="b">1895-1995 /</subfield>
      <subfield code="c">[Krisán József]</subfield>
    </datafield>
    <datafield tag="260" ind1=" " ind2=" ">
      <subfield code="a">[Cristuru-Secuiesc] :</subfield>
      <subfield code="b">[s.n.],</subfield>
      <subfield code="c">[1995]</subfield>
    </datafield>
    <datafield tag="300" ind1=" " ind2=" ">
      <subfield code="a">72 fol. :</subfield>
      <subfield code="b">ill. ;</subfield>
      <subfield code="c">30 cm</subfield>
    </datafield>
    <datafield tag="500" ind1=" " ind2=" ">
      <subfield code="a">A gépirat fotomech. másolata</subfield>
    </datafield>
    <datafield tag="610" ind1="2" ind2="4">
      <subfield code="a">Kalász Fúvószenekar (Cristuru-Secuiesc)</subfield>
    </datafield>
    <datafield tag="852" ind1=" " ind2=" ">
      <subfield code="a">B1</subfield>
      <subfield code="b">B1</subfield>
      <subfield code="x">829115</subfield>
    </datafield>
  </record>
  <record>
    <leader>00884nam  2200253 i 4500</leader>
    <controlfield tag="001">MOKKAS0001339886  </controlfield>
    <controlfield tag="005">20060112234241.0</controlfield>
    <controlfield tag="008">      s1993    hu            00010 hun d</controlfield>
    <datafield tag="020" ind1=" " ind2=" ">
      <subfield code="a">963-03-3629-4* (fűzött) :</subfield>
      <subfield code="c">100,- Ft</subfield>
    </datafield>
    <datafield tag="035" ind1=" " ind2=" ">
      <subfield code="a">bibRFK00049335</subfield>
    </datafield>
    <datafield tag="040" ind1=" " ind2=" ">
      <subfield code="a">RFMK</subfield>
    </datafield>
    <datafield tag="041" ind1=" " ind2=" ">
      <subfield code="a">hun</subfield>
    </datafield>
    <datafield tag="100" ind1="1" ind2=" ">
      <subfield code="a">Kukucska István</subfield>
    </datafield>
    <datafield tag="245" ind1="1" ind2="0">
      <subfield code="a">100 éves a nagykállói önkéntes tűzoltóság, 1893-1993 /</subfield>
      <subfield code="c">Kukucska István ; [... kiad. Nagykálló város Önkormányzata]</subfield>
    </datafield>
    <datafield tag="260" ind1=" " ind2=" ">
      <subfield code="a">Nagykálló :</subfield>
      <subfield code="b">Nagykálló. Önkormányzat,</subfield>
      <subfield code="c">1993</subfield>
    </datafield>
    <datafield tag="300" ind1=" " ind2=" ">
      <subfield code="a">72 p. :</subfield>
      <subfield code="b">ill. ;</subfield>
      <subfield code="c">25 cm</subfield>
    </datafield>
    <datafield tag="490" ind1="1" ind2=" ">
      <subfield code="a">(Helytörténeti füzetek,</subfield>
      <subfield code="x">1216-3708 ;</subfield>
      <subfield code="v">6.)</subfield>
    </datafield>
    <datafield tag="500" ind1=" " ind2=" ">
      <subfield code="a">r</subfield>
    </datafield>
    <datafield tag="610" ind1="2" ind2=" ">
      <subfield code="a">Nagykállói Önkéntes Tűzoltó Egyesület</subfield>
    </datafield>
    <datafield tag="650" ind1=" " ind2="4">
      <subfield code="a">tűzoltóság</subfield>
    </datafield>
    <datafield tag="650" ind1=" " ind2="4">
      <subfield code="a">egyesületek</subfield>
    </datafield>
    <datafield tag="710" ind1="2" ind2=" ">
      <subfield code="a">Nagykálló.</subfield>
      <subfield code="b">Önkormányzat</subfield>
      <subfield code="4">közread.</subfield>
    </datafield>
    <datafield tag="830" ind1=" " ind2="0">
      <subfield code="a">Helytörténeti füzetek</subfield>
    </datafield>
    <datafield tag="852" ind1=" " ind2=" ">
      <subfield code="a">M2</subfield>
      <subfield code="b">M2</subfield>
      <subfield code="x">bibRFK00049335</subfield>
    </datafield>
  </record>
  <record>
    <leader>00867nam  2200253 ir4500</leader>
    <controlfield tag="001">MOKKAZ0006318796  </controlfield>
    <controlfield tag="005">20040915191208.0</controlfield>
    <controlfield tag="008">940914s1993    hu a          000 0 hun d</controlfield>
    <datafield tag="020" ind1=" " ind2=" ">
      <subfield code="a">963-03-3629-4 (fűzött)</subfield>
    </datafield>
    <datafield tag="035" ind1=" " ind2=" ">
      <subfield code="a">91674</subfield>
    </datafield>
    <datafield tag="040" ind1=" " ind2=" ">
      <subfield code="a">OSZK</subfield>
    </datafield>
    <datafield tag="041" ind1="0" ind2=" ">
      <subfield code="a">hunhun</subfield>
    </datafield>
    <datafield tag="072" ind1=" " ind2="1">
      <subfield code="a">T</subfield>
    </datafield>
    <datafield tag="100" ind1="1" ind2=" ">
      <subfield code="a">Kukucska István</subfield>
    </datafield>
    <datafield tag="245" ind1="1" ind2="0">
      <subfield code="a">100 éves a nagykállói önkéntes tűzoltóság, 1893-1993 /</subfield>
      <subfield code="c">Kukucska István ; [... kiad. Nagykálló város Önkormányzata]</subfield>
    </datafield>
    <datafield tag="260" ind1=" " ind2="1">
      <subfield code="a">Nagykálló :</subfield>
      <subfield code="b">Önkormányzat,</subfield>
      <subfield code="c">1993</subfield>
      <subfield code="e">(Nyíregyháza</subfield>
      <subfield code="f">Grafik)</subfield>
    </datafield>
    <datafield tag="300" ind1=" " ind2=" ">
      <subfield code="a">72 p. :</subfield>
      <subfield code="b">ill. ;</subfield>
      <subfield code="c">25 cm</subfield>
    </datafield>
    <datafield tag="490" ind1="1" ind2=" ">
      <subfield code="a">Helytörténeti füzetek</subfield>
      <subfield code="x">1216-3708</subfield>
      <subfield code="v">6.</subfield>
    </datafield>
    <datafield tag="500" ind1=" " ind2=" ">
      <subfield code="a">Példányszám: 400</subfield>
    </datafield>
    <datafield tag="610" ind1="2" ind2="4">
      <subfield code="a">Nagykállói Önkéntes Tűzoltó Egyesület</subfield>
    </datafield>
    <datafield tag="651" ind1=" " ind2="4">
      <subfield code="a">Nagykálló</subfield>
    </datafield>
    <datafield tag="710" ind1="1" ind2=" ">
      <subfield code="a">Nagykálló</subfield>
      <subfield code="a">Önkormányzat</subfield>
      <subfield code="4">közread.</subfield>
    </datafield>
    <datafield tag="830" ind1=" " ind2="0">
      <subfield code="a">Helytörténeti füzetek</subfield>
    </datafield>
    <datafield tag="852" ind1=" " ind2=" ">
      <subfield code="a">B1</subfield>
      <subfield code="b">B1</subfield>
      <subfield code="x">91674</subfield>
    </datafield>
  </record>
  <record>
    <leader>00913fam  2200241 i 4500</leader>
    <controlfield tag="001">MOKKAZ0003320345  </controlfield>
    <controlfield tag="005">20040909180329.0</controlfield>
    <controlfield tag="008">      s1993    hu            00010 hun d</controlfield>
    <datafield tag="035" ind1=" " ind2=" ">
      <subfield code="a">bibKLT00077046</subfield>
    </datafield>
    <datafield tag="040" ind1=" " ind2=" ">
      <subfield code="a">DEENK</subfield>
    </datafield>
    <datafield tag="100" ind1="1" ind2=" ">
      <subfield code="a">Kukucska István</subfield>
    </datafield>
    <datafield tag="245" ind1="1" ind2="0">
      <subfield code="a">100 éves a Nagykállói Önkéntes Tűzoltóság :</subfield>
      <subfield code="b">1893-1993 /</subfield>
      <subfield code="c">Kukucska istván ; [szerk. Kiss Gábor].</subfield>
    </datafield>
    <datafield tag="260" ind1="0" ind2=" ">
      <subfield code="a">Nagykálló :</subfield>
      <subfield code="b">Nagykálló Város Önkormányzata,</subfield>
      <subfield code="c">1993</subfield>
    </datafield>
    <datafield tag="300" ind1=" " ind2=" ">
      <subfield code="a">72 p. :</subfield>
      <subfield code="b">ill. ;</subfield>
      <subfield code="c">25 cm</subfield>
    </datafield>
    <datafield tag="490" ind1="1" ind2=" ">
      <subfield code="a">(Helytörténeti füzetek, /Nagykálló ;</subfield>
      <subfield code="v">.6.)</subfield>
    </datafield>
    <datafield tag="610" ind1="2" ind2=" ">
      <subfield code="a">Nagykállói Önkéntes Tűzoltóság</subfield>
    </datafield>
    <datafield tag="650" ind1=" " ind2="7">
      <subfield code="a">Tűzoltóság</subfield>
      <subfield code="x">Magyarország</subfield>
      <subfield code="x">története</subfield>
      <subfield code="2">szte</subfield>
    </datafield>
    <datafield tag="695" ind1=" " ind2=" ">
      <subfield code="a">tűzoltóság</subfield>
      <subfield code="y">1893-1993</subfield>
      <subfield code="z">Nagykálló</subfield>
    </datafield>
    <datafield tag="700" ind1="1" ind2=" ">
      <subfield code="a">Kiss Gábor</subfield>
    </datafield>
    <datafield tag="830" ind1=" " ind2="0">
      <subfield code="a">Helytörténeti füzetek (Nagykálló. Önkormányzat)</subfield>
    </datafield>
    <datafield tag="852" ind1=" " ind2=" ">
      <subfield code="a">D1</subfield>
      <subfield code="b">D1</subfield>
      <subfield code="x">bibKLT00077046</subfield>
    </datafield>
    <datafield tag="852" ind1=" " ind2=" ">
      <subfield code="a">SZ1</subfield>
      <subfield code="b">SZ1</subfield>
      <subfield code="x">bibJAT00272674</subfield>
    </datafield>
    <datafield tag="852" ind1=" " ind2=" ">
      <subfield code="a">P1</subfield>
      <subfield code="b">P1</subfield>
      <subfield code="x">bibJPT0010652</subfield>
    </datafield>
  </record>
  <record>
    <leader>00868nam  2200253 i 4500</leader>
    <controlfield tag="001">MOKKAS0001322826  </controlfield>
    <controlfield tag="005">20060112222752.0</controlfield>
    <controlfield tag="008">      s1998    hu            00010 hun d</controlfield>
    <datafield tag="020" ind1=" " ind2=" ">
      <subfield code="a">963-00-6761-7 (fűzött) :</subfield>
      <subfield code="c">1000,- Ft</subfield>
    </datafield>
    <datafield tag="035" ind1=" " ind2=" ">
      <subfield code="a">bibRFK00150578</subfield>
    </datafield>
    <datafield tag="040" ind1=" " ind2=" ">
      <subfield code="a">RFMK</subfield>
    </datafield>
    <datafield tag="041" ind1=" " ind2=" ">
      <subfield code="a">hun</subfield>
    </datafield>
    <datafield tag="100" ind1="1" ind2=" ">
      <subfield code="a">Kutassi László</subfield>
      <subfield code="d">(1931-1999)</subfield>
    </datafield>
    <datafield tag="245" ind1="1" ind2="0">
      <subfield code="a">100 éves a Budapesti Egyetemi Atlétikai Club /</subfield>
      <subfield code="c">Kutassi László ; [szerzőtársak Kutassy György, Varga Miklós] ; [szerk. Kutassy László]</subfield>
    </datafield>
    <datafield tag="260" ind1=" " ind2=" ">
      <subfield code="a">Budapest :</subfield>
      <subfield code="b">Plantin-Print Kiadó,</subfield>
      <subfield code="c">[1998]</subfield>
    </datafield>
    <datafield tag="300" ind1=" " ind2=" ">
      <subfield code="a">221 p. :</subfield>
      <subfield code="b">ill. ;</subfield>
      <subfield code="c">20x23 cm</subfield>
    </datafield>
    <datafield tag="500" ind1=" " ind2=" ">
      <subfield code="a">rs</subfield>
    </datafield>
    <datafield tag="610" ind1="2" ind2=" ">
      <subfield code="a">Budapesti Egyetemi Atlétikai Club</subfield>
    </datafield>
    <datafield tag="650" ind1=" " ind2="4">
      <subfield code="a">sportegyesületek</subfield>
    </datafield>
    <datafield tag="650" ind1=" " ind2="4">
      <subfield code="a">egyesületek</subfield>
    </datafield>
    <datafield tag="700" ind1="1" ind2=" ">
      <subfield code="a">Kutassy György</subfield>
      <subfield code="4">közrem.</subfield>
    </datafield>
    <datafield tag="700" ind1="1" ind2=" ">
      <subfield code="a">Varga Miklós</subfield>
      <subfield code="4">közrem.</subfield>
    </datafield>
    <datafield tag="700" ind1="1" ind2=" ">
      <subfield code="a">Kutassy László</subfield>
      <subfield code="4">szerk.</subfield>
    </datafield>
    <datafield tag="852" ind1=" " ind2=" ">
      <subfield code="a">M2</subfield>
      <subfield code="b">M2</subfield>
      <subfield code="x">bibRFK00150578</subfield>
    </datafield>
  </record>
  <record>
    <leader>00824nam  2200241 i 4500</leader>
    <controlfield tag="001">MOKKAZ0006409242  </controlfield>
    <controlfield tag="005">20040915201047.0</controlfield>
    <controlfield tag="008">010822s2001    hu a          000 0 hun d</controlfield>
    <datafield tag="020" ind1=" " ind2=" ">
      <subfield code="a">963-00-6761-7 (fűzött)</subfield>
    </datafield>
    <datafield tag="035" ind1=" " ind2=" ">
      <subfield code="a">900803</subfield>
    </datafield>
    <datafield tag="040" ind1=" " ind2=" ">
      <subfield code="a">OSZK</subfield>
    </datafield>
    <datafield tag="041" ind1="0" ind2=" ">
      <subfield code="a">hunhun</subfield>
    </datafield>
    <datafield tag="072" ind1=" " ind2="1">
      <subfield code="a">Z</subfield>
    </datafield>
    <datafield tag="100" ind1="1" ind2=" ">
      <subfield code="a">Kutassi László</subfield>
      <subfield code="d">(1931-1999)</subfield>
    </datafield>
    <datafield tag="245" ind1="1" ind2="0">
      <subfield code="a">100 éves a Budapesti Egyetemi Atlétikai Club /</subfield>
      <subfield code="c">Kutassi László ; [szerzőtársak Kutassy György, Varga Miklós]</subfield>
    </datafield>
    <datafield tag="260" ind1=" " ind2=" ">
      <subfield code="a">Budapest :</subfield>
      <subfield code="b">Plantin-Print,</subfield>
      <subfield code="c">[2001]</subfield>
      <subfield code="e">([S.l.]</subfield>
      <subfield code="f">[s.n.])</subfield>
    </datafield>
    <datafield tag="300" ind1=" " ind2=" ">
      <subfield code="a">221 p. :</subfield>
      <subfield code="b">ill. ;</subfield>
      <subfield code="c">20x23 cm</subfield>
    </datafield>
    <datafield tag="610" ind1="2" ind2="4">
      <subfield code="a">Budapesti Egyetemi Atlétikai Club</subfield>
    </datafield>
    <datafield tag="650" ind1=" " ind2="7">
      <subfield code="a">Sportegyesület</subfield>
      <subfield code="x">Budapest</subfield>
      <subfield code="y">1898-1998</subfield>
      <subfield code="2">szte</subfield>
    </datafield>
    <datafield tag="700" ind1="1" ind2=" ">
      <subfield code="a">Kutassy György</subfield>
      <subfield code="4">(közrem.)</subfield>
    </datafield>
    <datafield tag="700" ind1="1" ind2=" ">
      <subfield code="a">Varga Miklós</subfield>
      <subfield code="4">(közrem.)</subfield>
    </datafield>
    <datafield tag="852" ind1=" " ind2=" ">
      <subfield code="a">B1</subfield>
      <subfield code="b">B1</subfield>
      <subfield code="x">900803</subfield>
    </datafield>
    <datafield tag="852" ind1=" " ind2=" ">
      <subfield code="a">SZ4</subfield>
      <subfield code="b">SZ4</subfield>
      <subfield code="x">bibSOK00129711</subfield>
    </datafield>
  </record>
  <record>
    <leader>00830fam  2200229 i 4500</leader>
    <controlfield tag="001">MOKKAZ0003708155  </controlfield>
    <controlfield tag="005">20040909213406.0</controlfield>
    <controlfield tag="008">020325q19982000hu a          00010 hun d</controlfield>
    <datafield tag="035" ind1=" " ind2=" ">
      <subfield code="a">bibKLT00308754</subfield>
    </datafield>
    <datafield tag="040" ind1=" " ind2=" ">
      <subfield code="a">DEENK</subfield>
    </datafield>
    <datafield tag="100" ind1="1" ind2=" ">
      <subfield code="a">Kutassi László</subfield>
      <subfield code="d">(1931-1999)</subfield>
    </datafield>
    <datafield tag="245" ind1="1" ind2="0">
      <subfield code="a">100 éves a Budapesti Egyetemi Atlétikai Club /</subfield>
      <subfield code="c">Kutassi László, [szerzőtársak Kutassy György, Varga Miklós] ; [szerk. ifj. Kutassy László]</subfield>
    </datafield>
    <datafield tag="260" ind1=" " ind2=" ">
      <subfield code="a">Budapest :</subfield>
      <subfield code="b">Plantin-Print,</subfield>
      <subfield code="c">[200?]</subfield>
    </datafield>
    <datafield tag="300" ind1=" " ind2=" ">
      <subfield code="a">221 p. :</subfield>
      <subfield code="b">ill. ;</subfield>
      <subfield code="c">20x23 cm</subfield>
    </datafield>
    <datafield tag="610" ind1="1" ind2=" ">
      <subfield code="a">Budapesti Egyetemi Atlétikai Club</subfield>
    </datafield>
    <datafield tag="650" ind1=" " ind2="4">
      <subfield code="a">Atlétika</subfield>
      <subfield code="z">Magyarország</subfield>
      <subfield code="x">történet</subfield>
    </datafield>
    <datafield tag="650" ind1=" " ind2="0">
      <subfield code="a">Athletics</subfield>
      <subfield code="z">Hungary</subfield>
      <subfield code="x">History.</subfield>
    </datafield>
    <datafield tag="700" ind1="1" ind2=" ">
      <subfield code="a">Kutassy György</subfield>
    </datafield>
    <datafield tag="700" ind1="1" ind2=" ">
      <subfield code="a">Varga Miklós</subfield>
    </datafield>
    <datafield tag="700" ind1="1" ind2=" ">
      <subfield code="a">Kutassy László</subfield>
      <subfield code="c">(ifj.)</subfield>
    </datafield>
    <datafield tag="852" ind1=" " ind2=" ">
      <subfield code="a">D1</subfield>
      <subfield code="b">D1</subfield>
      <subfield code="x">bibKLT00308754</subfield>
    </datafield>
    <datafield tag="852" ind1=" " ind2=" ">
      <subfield code="a">P1</subfield>
      <subfield code="b">P1/FK</subfield>
      <subfield code="x">bibKLT00308754</subfield>
    </datafield>
  </record>
  <record>
    <leader>01156fam  2200277 i 4500</leader>
    <controlfield tag="001">MOKKAZ0006313591  </controlfield>
    <controlfield tag="005">20090505175000.0</controlfield>
    <controlfield tag="008">940308s1993    hu a          010 0 hun d</controlfield>
    <datafield tag="020" ind1=" " ind2=" ">
      <subfield code="a">963-02-9507-5 (kötött)</subfield>
    </datafield>
    <datafield tag="035" ind1=" " ind2=" ">
      <subfield code="a">68490</subfield>
    </datafield>
    <datafield tag="040" ind1=" " ind2=" ">
      <subfield code="a">OSZK</subfield>
    </datafield>
    <datafield tag="041" ind1="0" ind2=" ">
      <subfield code="a">hunhun</subfield>
    </datafield>
    <datafield tag="245" ind1="0" ind2="0">
      <subfield code="a">100 éves a debreceni közkórház : </subfield>
      <subfield code="b">emlékkönyv, 1893-1993 /</subfield>
      <subfield code="c">[szerk. Lakatos Lajos] ; [közread. a] Hajdú-Bihar Megyei Önkormányzat Kenézy Gyula Kórház-Rendelőintézet</subfield>
    </datafield>
    <datafield tag="260" ind1=" " ind2=" ">
      <subfield code="a">Debrecen :</subfield>
      <subfield code="b">Kenézy Gy. Kórház-Rendelőint.,</subfield>
      <subfield code="c">1993</subfield>
      <subfield code="e">(Debrecen</subfield>
      <subfield code="f">Kinizsi)</subfield>
    </datafield>
    <datafield tag="300" ind1=" " ind2=" ">
      <subfield code="a">176, [12] p., [3] t.fol. :</subfield>
      <subfield code="b">ill., részben színes ;</subfield>
      <subfield code="c">21 cm</subfield>
    </datafield>
    <datafield tag="610" ind1="2" ind2="4">
      <subfield code="a">Dr. Kenézy Gyula Kórház-Rendelőintézet (Debrecen)</subfield>
    </datafield>
    <datafield tag="650" ind1=" " ind2="4">
      <subfield code="a">Kórházak</subfield>
      <subfield code="z">Magyarország</subfield>
      <subfield code="z">Debrecen</subfield>
    </datafield>
    <datafield tag="650" ind1=" " ind2="0">
      <subfield code="a">Hospitals</subfield>
      <subfield code="z">Hungary</subfield>
      <subfield code="z">Debrecen.</subfield>
    </datafield>
    <datafield tag="650" ind1=" " ind2="4">
      <subfield code="a">egészségügy</subfield>
      <subfield code="x">történet</subfield>
      <subfield code="z">Hajdu-Bihar megye</subfield>
    </datafield>
    <datafield tag="650" ind1=" " ind2="2">
      <subfield code="a">Hospitals</subfield>
      <subfield code="x">history</subfield>
    </datafield>
    <datafield tag="650" ind1=" " ind2="2">
      <subfield code="a">Hungary</subfield>
    </datafield>
    <datafield tag="700" ind1="1" ind2=" ">
      <subfield code="a">Lakatos Lajos</subfield>
      <subfield code="d">(1942-)</subfield>
      <subfield code="4">(szerk.)</subfield>
    </datafield>
    <datafield tag="710" ind1="2" ind2=" ">
      <subfield code="a">Dr. Kenézy Gyula Kórház-Rendelőintézet (Debrecen)</subfield>
      <subfield code="4">közread.</subfield>
    </datafield>
    <datafield tag="852" ind1=" " ind2=" ">
      <subfield code="a">B1</subfield>
      <subfield code="b">B1</subfield>
      <subfield code="x">68490</subfield>
    </datafield>
    <datafield tag="852" ind1=" " ind2=" ">
      <subfield code="a">D1</subfield>
      <subfield code="b">D1</subfield>
      <subfield code="b">D1/TR</subfield>
      <subfield code="b">D2/48</subfield>
      <subfield code="b">D2/PO</subfield>
      <subfield code="b">D2/KGY</subfield>
      <subfield code="x">68490</subfield>
    </datafield>
    <datafield tag="852" ind1=" " ind2=" ">
      <subfield code="a">P1</subfield>
      <subfield code="b">P1</subfield>
      <subfield code="x">bibPOT0000812</subfield>
    </datafield>
  </record>
  <record>
    <leader>01099nam  2200241 i 4500</leader>
    <controlfield tag="001">MOKKAN0004083543  </controlfield>
    <controlfield tag="005">20070330003849.0</controlfield>
    <controlfield tag="008">041110s2004    hu ao         000 0 hun d</controlfield>
    <datafield tag="035" ind1=" " ind2=" ">
      <subfield code="a">000002531289</subfield>
    </datafield>
    <datafield tag="040" ind1=" " ind2=" ">
      <subfield code="a">DEENK</subfield>
    </datafield>
    <datafield tag="245" ind1="0" ind2="0">
      <subfield code="a">100 éves a dunaharaszti Szent István plébániatemplom, 1904-2004 :</subfield>
      <subfield code="b">a dunaharaszti katolikus egyházközségek ünnepi kiadványa /</subfield>
      <subfield code="c">[... főszerk. Láng András] ; [szerk. ... Koczka Tamásné Nagy Angela] ; [közread. a Szent István Római Katolikus Plébánia]</subfield>
    </datafield>
    <datafield tag="260" ind1=" " ind2=" ">
      <subfield code="a">[Dunaharaszti] :</subfield>
      <subfield code="b">[Szent István Római Katolikus Plébánia],</subfield>
      <subfield code="c">2004</subfield>
    </datafield>
    <datafield tag="300" ind1=" " ind2=" ">
      <subfield code="a">208 p. :</subfield>
      <subfield code="b">ill., részben színes ;</subfield>
      <subfield code="c">24 cm</subfield>
    </datafield>
    <datafield tag="500" ind1=" " ind2=" ">
      <subfield code="a">Példányszám: 1000</subfield>
    </datafield>
    <datafield tag="504" ind1=" " ind2=" ">
      <subfield code="a">Bibliogr.: p. 51. és a lábjegyzetekben</subfield>
    </datafield>
    <datafield tag="610" ind1="2" ind2=" ">
      <subfield code="a">Szent István Római Katolikus Plébánia (Dunaharaszti)</subfield>
    </datafield>
    <datafield tag="650" ind1=" " ind2="4">
      <subfield code="a">Vallásos irodalom</subfield>
    </datafield>
    <datafield tag="650" ind1=" " ind2="0">
      <subfield code="a">Devotional literature.</subfield>
    </datafield>
    <datafield tag="651" ind1=" " ind2="4">
      <subfield code="a">Dunaharaszti</subfield>
    </datafield>
    <datafield tag="700" ind1="1" ind2=" ">
      <subfield code="a">Láng András</subfield>
      <subfield code="4">szerk.</subfield>
    </datafield>
    <datafield tag="700" ind1="2" ind2=" ">
      <subfield code="a">Koczka Tamásné Nagy Angela</subfield>
      <subfield code="4">szerk.</subfield>
    </datafield>
    <datafield tag="710" ind1="2" ind2=" ">
      <subfield code="a">Szent István Római Katolikus Plébánia (Dunaharaszti)</subfield>
      <subfield code="4">közread.</subfield>
    </datafield>
    <datafield tag="852" ind1=" " ind2=" ">
      <subfield code="a">D1</subfield>
      <subfield code="b">D1</subfield>
      <subfield code="x">000002531289</subfield>
    </datafield>
  </record>
  <record>
    <leader>01034nam  2200253 i 4500</leader>
    <controlfield tag="001">MOKKAS0002076251  </controlfield>
    <controlfield tag="005">20060617070550.0</controlfield>
    <controlfield tag="008">041110s2004    hu ar         000 0 hun d</controlfield>
    <datafield tag="035" ind1=" " ind2=" ">
      <subfield code="a">2531289</subfield>
    </datafield>
    <datafield tag="040" ind1=" " ind2=" ">
      <subfield code="a">OSZK</subfield>
    </datafield>
    <datafield tag="041" ind1="0" ind2=" ">
      <subfield code="a">hunhun</subfield>
    </datafield>
    <datafield tag="245" ind1="0" ind2="0">
      <subfield code="a">100 éves a dunaharaszti Szent István plébániatemplom, 1904-2004 : </subfield>
      <subfield code="b">a dunaharaszti katolikus egyházközségek ünnepi kiadványa /</subfield>
      <subfield code="c">[... főszerk. Láng András] ; [szerk. ... Koczka Tamásné Nagy Angela]</subfield>
    </datafield>
    <datafield tag="260" ind1=" " ind2=" ">
      <subfield code="a">[Dunaharaszti] :</subfield>
      <subfield code="b">[Szt. István Római Kat. Plébánia],</subfield>
      <subfield code="c">2004</subfield>
    </datafield>
    <datafield tag="300" ind1=" " ind2=" ">
      <subfield code="a">208 p. :</subfield>
      <subfield code="b">ill., részben színes ;</subfield>
      <subfield code="c">24 cm</subfield>
    </datafield>
    <datafield tag="500" ind1=" " ind2=" ">
      <subfield code="a">Példányszám: 1000</subfield>
    </datafield>
    <datafield tag="504" ind1=" " ind2=" ">
      <subfield code="a">Bibliogr.: p. 51.</subfield>
    </datafield>
    <datafield tag="610" ind1="2" ind2="4">
      <subfield code="a">Szent István Római Katolikus Plébánia (Dunaharaszti)</subfield>
    </datafield>
    <datafield tag="650" ind1=" " ind2="7">
      <subfield code="a">Dunaharaszti</subfield>
      <subfield code="2">szte</subfield>
    </datafield>
    <datafield tag="651" ind1=" " ind2="4">
      <subfield code="a">Dunaharaszti</subfield>
    </datafield>
    <datafield tag="700" ind1="1" ind2=" ">
      <subfield code="a">Láng András</subfield>
      <subfield code="4">(szerk.)</subfield>
    </datafield>
    <datafield tag="700" ind1="1" ind2=" ">
      <subfield code="a">Koczka Tamásné Nagy Angela</subfield>
      <subfield code="4">(szerk.)</subfield>
    </datafield>
    <datafield tag="710" ind1="2" ind2=" ">
      <subfield code="a">Szent István Római Katolikus Plébánia (Dunaharaszti)</subfield>
      <subfield code="4">közread.</subfield>
    </datafield>
    <datafield tag="852" ind1=" " ind2=" ">
      <subfield code="a">B1</subfield>
      <subfield code="b">B1</subfield>
      <subfield code="x">2531289</subfield>
    </datafield>
    <datafield tag="852" ind1=" " ind2=" ">
      <subfield code="a">SZ1</subfield>
      <subfield code="b">SZ1/R2</subfield>
      <subfield code="x">bibJAT00690799</subfield>
    </datafield>
  </record>
  <record>
    <leader>01060nam  2200289 i 4500</leader>
    <controlfield tag="001">MOKKAZ0006332813  </controlfield>
    <controlfield tag="005">20040915192921.0</controlfield>
    <controlfield tag="008">951030s1994    hu h          000 0 hun d</controlfield>
    <datafield tag="020" ind1=" " ind2=" ">
      <subfield code="a">963-02-9728-0* (fűzött) :</subfield>
      <subfield code="c">100,- Ft</subfield>
    </datafield>
    <datafield tag="035" ind1=" " ind2=" ">
      <subfield code="a">156092</subfield>
    </datafield>
    <datafield tag="040" ind1=" " ind2=" ">
      <subfield code="a">OSZK</subfield>
    </datafield>
    <datafield tag="041" ind1="0" ind2=" ">
      <subfield code="a">hunhun</subfield>
    </datafield>
    <datafield tag="072" ind1=" " ind2="1">
      <subfield code="a">Y</subfield>
    </datafield>
    <datafield tag="100" ind1="1" ind2=" ">
      <subfield code="a">Lippay Béla</subfield>
    </datafield>
    <datafield tag="245" ind1="1" ind2="0">
      <subfield code="a">100 éves a miskolci városrendezés /</subfield>
      <subfield code="c">[beadják Lippay Béla és Adler Károly] ; szerk. Iglói Gyula ; [a Belvárosi Kulturális Menedzser Iroda ... kiadványa]</subfield>
    </datafield>
    <datafield tag="260" ind1=" " ind2=" ">
      <subfield code="a">[Miskolc] :</subfield>
      <subfield code="b">[Belvárosi Kult. Menedzser Iroda],</subfield>
      <subfield code="c">1994</subfield>
      <subfield code="e">(Balatonfüred</subfield>
      <subfield code="f">I+G Ny.)</subfield>
    </datafield>
    <datafield tag="300" ind1=" " ind2=" ">
      <subfield code="a">24 p. ;</subfield>
      <subfield code="c">30 cm</subfield>
    </datafield>
    <datafield tag="500" ind1=" " ind2=" ">
      <subfield code="a">Az 1895-ben megj. "Emlékirat Miskolc város szabályozása tárgyában. Javaslat" c. mű hasomnása</subfield>
    </datafield>
    <datafield tag="650" ind1=" " ind2="4">
      <subfield code="a">városrendezés</subfield>
    </datafield>
    <datafield tag="650" ind1=" " ind2="4">
      <subfield code="a">1894-1994</subfield>
    </datafield>
    <datafield tag="650" ind1=" " ind2="4">
      <subfield code="a">helytörténet</subfield>
    </datafield>
    <datafield tag="651" ind1=" " ind2="4">
      <subfield code="a">Miskolc</subfield>
    </datafield>
    <datafield tag="700" ind1="1" ind2="0">
      <subfield code="a">Adler Károly</subfield>
    </datafield>
    <datafield tag="700" ind1="1" ind2=" ">
      <subfield code="a">Iglói Gyula</subfield>
      <subfield code="4">(szerk.)</subfield>
    </datafield>
    <datafield tag="710" ind1="2" ind2=" ">
      <subfield code="a">Belvárosi Kulturális Menedzser Iroda (Miskolc)</subfield>
      <subfield code="4">közread.</subfield>
    </datafield>
    <datafield tag="852" ind1=" " ind2=" ">
      <subfield code="a">B1</subfield>
      <subfield code="b">B1</subfield>
      <subfield code="x">156092</subfield>
    </datafield>
    <datafield tag="852" ind1=" " ind2=" ">
      <subfield code="a">M2</subfield>
      <subfield code="b">M2</subfield>
      <subfield code="x">bibRFK00044419</subfield>
    </datafield>
  </record>
  <record>
    <leader>00925nam  2200265 i 4500</leader>
    <controlfield tag="001">MOKKAS0002085760  </controlfield>
    <controlfield tag="005">20060617082229.0</controlfield>
    <controlfield tag="008">050926s2004    hu ar         000 0 hun d</controlfield>
    <datafield tag="035" ind1=" " ind2=" ">
      <subfield code="a">2577426</subfield>
    </datafield>
    <datafield tag="040" ind1=" " ind2=" ">
      <subfield code="a">OSZK</subfield>
    </datafield>
    <datafield tag="041" ind1="0" ind2=" ">
      <subfield code="a">hunhun</subfield>
    </datafield>
    <datafield tag="245" ind1="0" ind2="0">
      <subfield code="a">100 éves alma mater /</subfield>
      <subfield code="c">[... szerk. Kis Tiborné, Maráz Lászlóné] ; [fotók Kocsi Imre] ; [kiad. a Vaszary János Általános Iskola]</subfield>
    </datafield>
    <datafield tag="260" ind1=" " ind2=" ">
      <subfield code="a">Tata :</subfield>
      <subfield code="b">Vaszary J. Ált. Isk.,</subfield>
      <subfield code="c">2004</subfield>
    </datafield>
    <datafield tag="300" ind1=" " ind2=" ">
      <subfield code="a">126, [2] p. :</subfield>
      <subfield code="b">ill., színes ;</subfield>
      <subfield code="c">30 cm</subfield>
    </datafield>
    <datafield tag="500" ind1=" " ind2=" ">
      <subfield code="a">Lezárva: 2004. aug. 2.</subfield>
    </datafield>
    <datafield tag="500" ind1=" " ind2=" ">
      <subfield code="a">Példányszám: 2000</subfield>
    </datafield>
    <datafield tag="610" ind1="2" ind2="4">
      <subfield code="a">Vaszary János Általános Iskola (Tata)</subfield>
    </datafield>
    <datafield tag="650" ind1="1" ind2="7">
      <subfield code="a">általános iskola</subfield>
      <subfield code="2">oszk</subfield>
    </datafield>
    <datafield tag="650" ind1="1" ind2="7">
      <subfield code="a">neveléstörténet</subfield>
      <subfield code="2">oszk</subfield>
    </datafield>
    <datafield tag="651" ind1=" " ind2="4">
      <subfield code="a">Tata</subfield>
    </datafield>
    <datafield tag="700" ind1="1" ind2=" ">
      <subfield code="a">Kis Tiborné</subfield>
      <subfield code="4">(szerk.)</subfield>
    </datafield>
    <datafield tag="700" ind1="1" ind2=" ">
      <subfield code="a">Maráz Lászlóné</subfield>
      <subfield code="4">(szerk.)</subfield>
    </datafield>
    <datafield tag="700" ind1="1" ind2=" ">
      <subfield code="a">Kocsi Imre</subfield>
      <subfield code="4">(fotó)</subfield>
    </datafield>
    <datafield tag="710" ind1="2" ind2=" ">
      <subfield code="a">Vaszary János Általános Iskola (Tata)</subfield>
      <subfield code="4">közread.</subfield>
    </datafield>
    <datafield tag="852" ind1=" " ind2=" ">
      <subfield code="a">B1</subfield>
      <subfield code="b">B1</subfield>
      <subfield code="x">2577426</subfield>
    </datafield>
  </record>
  <record>
    <leader>00753nam  2200217 i 4500</leader>
    <controlfield tag="001">MOKKAS0001066280  </controlfield>
    <controlfield tag="005">20051215222257.0</controlfield>
    <controlfield tag="008">050903s1962    hu            00010 hun d</controlfield>
    <datafield tag="035" ind1=" " ind2=" ">
      <subfield code="a">bibBKO00243246</subfield>
    </datafield>
    <datafield tag="040" ind1=" " ind2=" ">
      <subfield code="a">BMK</subfield>
    </datafield>
    <datafield tag="100" ind1="1" ind2=" ">
      <subfield code="a">Lovász György</subfield>
    </datafield>
    <datafield tag="245" ind1="1" ind2="0">
      <subfield code="a">100 éves a szarvasi Erkel Kórus /</subfield>
      <subfield code="c">Lovász György</subfield>
    </datafield>
    <datafield tag="260" ind1=" " ind2=" ">
      <subfield code="a">Szarvas :</subfield>
      <subfield code="b">József A. Műv. Ház,</subfield>
      <subfield code="c">1962</subfield>
    </datafield>
    <datafield tag="300" ind1=" " ind2=" ">
      <subfield code="a">33 p., 5 t. ;</subfield>
      <subfield code="c">20 cm</subfield>
    </datafield>
    <datafield tag="490" ind1="1" ind2=" ">
      <subfield code="a">(Járási József Attila Művelődési Ház kiadványa)</subfield>
    </datafield>
    <datafield tag="650" ind1=" " ind2="6">
      <subfield code="a">kórusok - Erkel Kórus (Szarvas)</subfield>
    </datafield>
    <datafield tag="650" ind1=" " ind2="6">
      <subfield code="a">Erkel Kórus (Szarvas)</subfield>
    </datafield>
    <datafield tag="651" ind1=" " ind2="4">
      <subfield code="a">Szarvas</subfield>
    </datafield>
    <datafield tag="710" ind1="2" ind2=" ">
      <subfield code="a">József Attila Művelődési Ház (Szarvas)</subfield>
      <subfield code="4">közread.</subfield>
    </datafield>
    <datafield tag="830" ind1=" " ind2="0">
      <subfield code="a">Járási József Attila Művelődési Ház kiadványa</subfield>
    </datafield>
    <datafield tag="852" ind1=" " ind2=" ">
      <subfield code="a">BCS1</subfield>
      <subfield code="b">BCS1</subfield>
      <subfield code="x">bibBKO00243246</subfield>
    </datafield>
  </record>
  <record>
    <leader>00666nama 22002051i 4500</leader>
    <controlfield tag="001">MOKKAS0000484497  </controlfield>
    <controlfield tag="005">20060117184307.0</controlfield>
    <controlfield tag="008">040730s1962    hu            000 0 hunod</controlfield>
    <datafield tag="035" ind1=" " ind2=" ">
      <subfield code="a">1243274</subfield>
    </datafield>
    <datafield tag="040" ind1=" " ind2=" ">
      <subfield code="a">OSZK</subfield>
    </datafield>
    <datafield tag="041" ind1="0" ind2=" ">
      <subfield code="a">hunhun</subfield>
    </datafield>
    <datafield tag="100" ind1="1" ind2=" ">
      <subfield code="a">Lovász György</subfield>
    </datafield>
    <datafield tag="245" ind1="1" ind2="0">
      <subfield code="a">100 éves a Szarvasi Erkel Kórus /</subfield>
      <subfield code="c">Lovász György</subfield>
    </datafield>
    <datafield tag="260" ind1=" " ind2=" ">
      <subfield code="a">Szarvas :</subfield>
      <subfield code="b">[s.n.],</subfield>
      <subfield code="c">1962</subfield>
      <subfield code="e">(Gyula</subfield>
      <subfield code="f">Békés M. Ny.)</subfield>
    </datafield>
    <datafield tag="300" ind1=" " ind2=" ">
      <subfield code="a">33 p., 4 t. ;</subfield>
      <subfield code="c">20 cm</subfield>
    </datafield>
    <datafield tag="490" ind1="1" ind2=" ">
      <subfield code="a">Járási József Attila Művelődési Ház kiadványa</subfield>
    </datafield>
    <datafield tag="600" ind1="1" ind2="4">
      <subfield code="a">Erkel Ferenc</subfield>
      <subfield code="d">(1810-1893)</subfield>
    </datafield>
    <datafield tag="830" ind1=" " ind2="0">
      <subfield code="a">Járási József Attila Művelődési Ház kiadványa</subfield>
    </datafield>
    <datafield tag="852" ind1=" " ind2=" ">
      <subfield code="a">B1</subfield>
      <subfield code="b">B1</subfield>
      <subfield code="x">1243274</subfield>
    </datafield>
    <datafield tag="852" ind1=" " ind2=" ">
      <subfield code="a">B10</subfield>
      <subfield code="b">B10</subfield>
      <subfield code="x">bibFSZ00260717</subfield>
    </datafield>
  </record>
  <record>
    <leader>00872nam  2200277 i 4500</leader>
    <controlfield tag="001">MOKKAS0001326602  </controlfield>
    <controlfield tag="005">20060112224656.0</controlfield>
    <controlfield tag="008">      s1968    hu            00010 hun d</controlfield>
    <datafield tag="020" ind1=" " ind2=" ">
      <subfield code="a">(fűzött) :</subfield>
      <subfield code="c">28,- Ft</subfield>
    </datafield>
    <datafield tag="035" ind1=" " ind2=" ">
      <subfield code="a">bibRFK00154038</subfield>
    </datafield>
    <datafield tag="040" ind1=" " ind2=" ">
      <subfield code="a">RFMK</subfield>
    </datafield>
    <datafield tag="041" ind1=" " ind2=" ">
      <subfield code="a">hun</subfield>
    </datafield>
    <datafield tag="245" ind1="0" ind2="0">
      <subfield code="a">100 éves a kötelező népoktatás :</subfield>
      <subfield code="b">tanulmányok /</subfield>
      <subfield code="c">[a kötet szerzői Lugossy Jenő et al.] ; [szerk. Arató Ferenc]</subfield>
    </datafield>
    <datafield tag="260" ind1=" " ind2=" ">
      <subfield code="a">Budapest :</subfield>
      <subfield code="b">Tankönyvkiadó Vállalat,</subfield>
      <subfield code="c">1968</subfield>
    </datafield>
    <datafield tag="300" ind1=" " ind2=" ">
      <subfield code="a">243 p. :</subfield>
      <subfield code="b">ill. ;</subfield>
      <subfield code="c">24 cm</subfield>
    </datafield>
    <datafield tag="500" ind1=" " ind2=" ">
      <subfield code="a">rs</subfield>
    </datafield>
    <datafield tag="504" ind1=" " ind2=" ">
      <subfield code="a">Bibliogr. a tanulmányok végén</subfield>
    </datafield>
    <datafield tag="650" ind1=" " ind2="4">
      <subfield code="a">magyar pedagógiatörténet</subfield>
    </datafield>
    <datafield tag="650" ind1=" " ind2="4">
      <subfield code="a">oktatástörténet</subfield>
    </datafield>
    <datafield tag="650" ind1=" " ind2="4">
      <subfield code="a">közoktatás</subfield>
    </datafield>
    <datafield tag="650" ind1=" " ind2="4">
      <subfield code="a">népoktatás</subfield>
    </datafield>
    <datafield tag="650" ind1=" " ind2="4">
      <subfield code="a">1868-1968</subfield>
    </datafield>
    <datafield tag="650" ind1=" " ind2="4">
      <subfield code="a">tanulmányok</subfield>
    </datafield>
    <datafield tag="700" ind1="1" ind2=" ">
      <subfield code="a">Lugossy Jenő</subfield>
      <subfield code="4">közrem.</subfield>
    </datafield>
    <datafield tag="700" ind1="1" ind2=" ">
      <subfield code="a">Arató Ferenc</subfield>
      <subfield code="d">(1918)</subfield>
      <subfield code="4">szerk.</subfield>
    </datafield>
    <datafield tag="852" ind1=" " ind2=" ">
      <subfield code="a">M2</subfield>
      <subfield code="b">M2</subfield>
      <subfield code="x">bibRFK00154038</subfield>
    </datafield>
  </record>
  <record>
    <leader>01617nam  2200433 ir4500</leader>
    <controlfield tag="001">MOKKAN0004037816  </controlfield>
    <controlfield tag="005">20100611163011.0</controlfield>
    <controlfield tag="008">061106s2006    hu ar         00000 hun d</controlfield>
    <datafield tag="020" ind1=" " ind2=" ">
      <subfield code="a">963-9276-56-1 (kötött)</subfield>
    </datafield>
    <datafield tag="035" ind1=" " ind2=" ">
      <subfield code="a">000002630942</subfield>
    </datafield>
    <datafield tag="040" ind1=" " ind2=" ">
      <subfield code="a">DEENK</subfield>
    </datafield>
    <datafield tag="041" ind1="0" ind2=" ">
      <subfield code="a">hun</subfield>
    </datafield>
    <datafield tag="050" ind1=" " ind2=" ">
      <subfield code="a">RD19</subfield>
    </datafield>
    <datafield tag="060" ind1=" " ind2=" ">
      <subfield code="a">WO11.GH8</subfield>
      <subfield code="b">Sz39</subfield>
    </datafield>
    <datafield tag="080" ind1=" " ind2=" ">
      <subfield code="a">617.5(439)(091)</subfield>
    </datafield>
    <datafield tag="080" ind1=" " ind2=" ">
      <subfield code="a">061.2:617(439)(091)</subfield>
    </datafield>
    <datafield tag="245" ind1="0" ind2="0">
      <subfield code="a">100 éves a Magyar Sebész Társaság, 1906-2006 /</subfield>
      <subfield code="c">összeáll. Lukács Géza és Szállási Árpád ; sajtó alá rend. Gazda István</subfield>
    </datafield>
    <datafield tag="260" ind1=" " ind2=" ">
      <subfield code="a">Budapest :</subfield>
      <subfield code="b">M. Sebész Társ.</subfield>
      <subfield code="a">[Piliscsaba] :</subfield>
      <subfield code="b">Mati,</subfield>
      <subfield code="c">2006</subfield>
    </datafield>
    <datafield tag="300" ind1=" " ind2=" ">
      <subfield code="a">302 p. :</subfield>
      <subfield code="b">ill., részben színes ;</subfield>
      <subfield code="c">25 cm</subfield>
    </datafield>
    <datafield tag="490" ind1="1" ind2=" ">
      <subfield code="a">(Magyar tudománytörténeti szemle könyvtára,</subfield>
      <subfield code="x">1416-5368 ;</subfield>
      <subfield code="v">63.)</subfield>
    </datafield>
    <datafield tag="610" ind1="2" ind2=" ">
      <subfield code="a">Magyar Sebész Társaság</subfield>
    </datafield>
    <datafield tag="650" ind1=" " ind2="2">
      <subfield code="a">Surgery</subfield>
      <subfield code="x">history</subfield>
    </datafield>
    <datafield tag="650" ind1=" " ind2="2">
      <subfield code="a">Hungary</subfield>
      <subfield code="2">lcsh//hun</subfield>
    </datafield>
    <datafield tag="650" ind1=" " ind2="2">
      <subfield code="a">Societies, Medical</subfield>
      <subfield code="x">history</subfield>
    </datafield>
    <datafield tag="650" ind1=" " ind2="7">
      <subfield code="a">Sebészet</subfield>
      <subfield code="z">Magyarország</subfield>
      <subfield code="x">történet</subfield>
      <subfield code="2">lcsh//hun</subfield>
    </datafield>
    <datafield tag="650" ind1=" " ind2="0">
      <subfield code="a">Surgery</subfield>
      <subfield code="z">Hungary</subfield>
      <subfield code="x">History.</subfield>
    </datafield>
    <datafield tag="650" ind1=" " ind2="2">
      <subfield code="a">Hungary</subfield>
    </datafield>
    <datafield tag="650" ind1=" " ind2="4">
      <subfield code="a">Sebészet</subfield>
      <subfield code="z">Magyarország</subfield>
      <subfield code="x">történet</subfield>
    </datafield>
    <datafield tag="651" ind1=" " ind2="4">
      <subfield code="a">Magyarország</subfield>
    </datafield>
    <datafield tag="653" ind1=" " ind2=" ">
      <subfield code="a">intézménytörténet</subfield>
    </datafield>
    <datafield tag="653" ind1=" " ind2=" ">
      <subfield code="a">orvostudomány</subfield>
    </datafield>
    <datafield tag="653" ind1=" " ind2=" ">
      <subfield code="a">tudománytörténet</subfield>
    </datafield>
    <datafield tag="653" ind1=" " ind2=" ">
      <subfield code="a">sebészet</subfield>
    </datafield>
    <datafield tag="700" ind1="1" ind2=" ">
      <subfield code="a">Lukács Géza</subfield>
      <subfield code="d">(1941-)</subfield>
      <subfield code="c">(sebész)</subfield>
      <subfield code="4">összeáll.</subfield>
    </datafield>
    <datafield tag="700" ind1="1" ind2=" ">
      <subfield code="a">Szállási Árpád</subfield>
      <subfield code="d">(1930-)</subfield>
      <subfield code="c">(orvos, orvostörténész)</subfield>
      <subfield code="4">összeáll.</subfield>
    </datafield>
    <datafield tag="700" ind1="1" ind2=" ">
      <subfield code="a">Gazda István</subfield>
      <subfield code="d">(1948-)</subfield>
      <subfield code="c">(tudománytörténész)</subfield>
      <subfield code="4">sajtó alá rend.</subfield>
    </datafield>
    <datafield tag="830" ind1=" " ind2="0">
      <subfield code="a">Magyar tudománytörténeti szemle könyvtára</subfield>
    </datafield>
    <datafield tag="852" ind1=" " ind2=" ">
      <subfield code="a">D1</subfield>
      <subfield code="b">D2/RK</subfield>
      <subfield code="b">D2/PO</subfield>
      <subfield code="b">D2/29</subfield>
      <subfield code="x">000002630942</subfield>
    </datafield>
    <datafield tag="852" ind1=" " ind2=" ">
      <subfield code="a">B9</subfield>
      <subfield code="b">B9</subfield>
      <subfield code="x">653269</subfield>
    </datafield>
  </record>
  <record>
    <leader>01157nam  2200289 i 4500</leader>
    <controlfield tag="001">MOKKAN0004084233  </controlfield>
    <controlfield tag="005">20091129053042.0</controlfield>
    <controlfield tag="008">070209s2006    hu       b    000   hun d</controlfield>
    <datafield tag="020" ind1=" " ind2=" ">
      <subfield code="a">963 9276 56 1</subfield>
    </datafield>
    <datafield tag="035" ind1=" " ind2=" ">
      <subfield code="a">bibJAT00702320</subfield>
    </datafield>
    <datafield tag="040" ind1=" " ind2=" ">
      <subfield code="a">SZTE</subfield>
    </datafield>
    <datafield tag="245" ind1="0" ind2="0">
      <subfield code="a">100 éves a Magyar Sebész Társaság :</subfield>
      <subfield code="b">1906-2006 /</subfield>
      <subfield code="c">[összeáll. Lukács Géza, Szállási Árpád ; sajtó alá rend. Gazda István]</subfield>
    </datafield>
    <datafield tag="260" ind1=" " ind2=" ">
      <subfield code="a">Debrecen :</subfield>
      <subfield code="b">Magyar Sebész Társaság :</subfield>
      <subfield code="b">Magyar Tudománytörténeti Intézet,</subfield>
      <subfield code="c">2006</subfield>
    </datafield>
    <datafield tag="300" ind1=" " ind2=" ">
      <subfield code="a">302 p. :</subfield>
      <subfield code="b">ill. ;</subfield>
      <subfield code="c">24 cm</subfield>
    </datafield>
    <datafield tag="490" ind1="1" ind2=" ">
      <subfield code="a">(Magyar Tudománytörténeti Szemle könyvtára ,</subfield>
      <subfield code="x">1416-5368 ;</subfield>
      <subfield code="v">63.)</subfield>
    </datafield>
    <datafield tag="650" ind1=" " ind2="7">
      <subfield code="a">Sebészet</subfield>
      <subfield code="x">Magyarország</subfield>
      <subfield code="x">történet</subfield>
      <subfield code="2">szte</subfield>
    </datafield>
    <datafield tag="650" ind1=" " ind2="7">
      <subfield code="a">Egyesület</subfield>
      <subfield code="x">orvosi</subfield>
      <subfield code="x">Magyarország</subfield>
      <subfield code="2">szte</subfield>
    </datafield>
    <datafield tag="650" ind1=" " ind2="7">
      <subfield code="a">sebészet</subfield>
      <subfield code="x">történet</subfield>
      <subfield code="z">Magyarország</subfield>
      <subfield code="2">potesh</subfield>
    </datafield>
    <datafield tag="695" ind1=" " ind2=" ">
      <subfield code="a">sebészet</subfield>
      <subfield code="x">történet</subfield>
      <subfield code="z">Magyarország</subfield>
    </datafield>
    <datafield tag="695" ind1=" " ind2=" ">
      <subfield code="a">jubileumi kiadványok</subfield>
    </datafield>
    <datafield tag="700" ind1="1" ind2=" ">
      <subfield code="a">Lukács Géza</subfield>
    </datafield>
    <datafield tag="700" ind1="1" ind2=" ">
      <subfield code="a">Szállási Árpád</subfield>
    </datafield>
    <datafield tag="700" ind1="1" ind2=" ">
      <subfield code="a">Gazda István</subfield>
    </datafield>
    <datafield tag="710" ind1="2" ind2=" ">
      <subfield code="a">Magyar Sebész Társaság</subfield>
    </datafield>
    <datafield tag="830" ind1=" " ind2="0">
      <subfield code="a">Magyar Tudománytörténeti Szemle könyvtára</subfield>
    </datafield>
    <datafield tag="852" ind1=" " ind2=" ">
      <subfield code="a">SZ1</subfield>
      <subfield code="b">SZ1</subfield>
      <subfield code="b">SZ1/R2</subfield>
      <subfield code="x">bibJAT00702320</subfield>
    </datafield>
    <datafield tag="852" ind1=" " ind2=" ">
      <subfield code="a">P1</subfield>
      <subfield code="b">P10/F</subfield>
      <subfield code="x">bibPOT00183963</subfield>
    </datafield>
  </record>
  <record>
    <leader>00648nam  2200193 i 4500</leader>
    <controlfield tag="001">MOKKAW0005680157  </controlfield>
    <controlfield tag="005">20080417051300.0</controlfield>
    <controlfield tag="008">931025s1991    hu            000 0 hun d</controlfield>
    <datafield tag="020" ind1=" " ind2=" ">
      <subfield code="a">963-02-8974-1</subfield>
    </datafield>
    <datafield tag="035" ind1=" " ind2=" ">
      <subfield code="a">BMEOMIKK000351818</subfield>
    </datafield>
    <datafield tag="040" ind1=" " ind2=" ">
      <subfield code="a">BMEOMIKK</subfield>
    </datafield>
    <datafield tag="041" ind1="0" ind2=" ">
      <subfield code="a">hun</subfield>
    </datafield>
    <datafield tag="110" ind1="2" ind2="0">
      <subfield code="a">Magyar Államvasutak.</subfield>
      <subfield code="b">Debreceni Igazgatóság</subfield>
    </datafield>
    <datafield tag="245" ind1="1" ind2="0">
      <subfield code="a">100 éves a MÁV Debreceni Igazgatósága, 1890-1990 /</subfield>
      <subfield code="c">[szerk. Gazdag istván] ; [közr. a MÁV Debreceni Igazgatósága]</subfield>
    </datafield>
    <datafield tag="260" ind1=" " ind2=" ">
      <subfield code="a">Debrecen :</subfield>
      <subfield code="b">MÁV,</subfield>
      <subfield code="c">1991</subfield>
    </datafield>
    <datafield tag="300" ind1=" " ind2=" ">
      <subfield code="a">181 p. ;</subfield>
      <subfield code="c">24 cm +</subfield>
      <subfield code="e">5 térk.</subfield>
    </datafield>
    <datafield tag="504" ind1=" " ind2=" ">
      <subfield code="a">Bibliogr.: cikkenként</subfield>
    </datafield>
    <datafield tag="700" ind1="1" ind2=" ">
      <subfield code="a">Gazdag István</subfield>
    </datafield>
    <datafield tag="852" ind1=" " ind2=" ">
      <subfield code="a">B11</subfield>
      <subfield code="b">B11</subfield>
      <subfield code="x">BMEOMIKK000351818</subfield>
    </datafield>
  </record>
  <record>
    <leader>01359fam  2200289 i 4500</leader>
    <controlfield tag="001">MOKKAZ0006372833  </controlfield>
    <controlfield tag="005">20040915195109.0</controlfield>
    <controlfield tag="008">981217s1998    hu r          000 0 hun d</controlfield>
    <datafield tag="020" ind1=" " ind2=" ">
      <subfield code="a">963-03-6552-9 (kötött)</subfield>
    </datafield>
    <datafield tag="035" ind1=" " ind2=" ">
      <subfield code="a">333121</subfield>
    </datafield>
    <datafield tag="040" ind1=" " ind2=" ">
      <subfield code="a">OSZK</subfield>
    </datafield>
    <datafield tag="041" ind1="0" ind2=" ">
      <subfield code="a">hunhun</subfield>
    </datafield>
    <datafield tag="110" ind1="2" ind2="0">
      <subfield code="a">Magyar Államvasutak</subfield>
      <subfield code="a">Debreceni Járműjavító Kft.</subfield>
    </datafield>
    <datafield tag="245" ind1="1" ind2="0">
      <subfield code="a">100 éves a MÁV Debreceni Járműjavító Kft : </subfield>
      <subfield code="b">üzemtörténet, 1898-1998 /</subfield>
      <subfield code="c">szerk. Zágonyi Imre</subfield>
    </datafield>
    <datafield tag="260" ind1=" " ind2=" ">
      <subfield code="a">Debrecen :</subfield>
      <subfield code="b">Lícium-art,</subfield>
      <subfield code="c">1998</subfield>
      <subfield code="e">([Debrecen]</subfield>
      <subfield code="f">Kapitális Ny.)</subfield>
    </datafield>
    <datafield tag="300" ind1=" " ind2=" ">
      <subfield code="a">54 p., [27] t. :</subfield>
      <subfield code="b">ill., színes ;</subfield>
      <subfield code="c">25 cm</subfield>
    </datafield>
    <datafield tag="610" ind1="2" ind2="4">
      <subfield code="a">Magyar Államvasutak</subfield>
      <subfield code="a">Debreceni Járműjavító Kft.</subfield>
    </datafield>
    <datafield tag="650" ind1=" " ind2="4">
      <subfield code="a">Járművek</subfield>
      <subfield code="x">karbantartás és javítás</subfield>
      <subfield code="z">Magyarország</subfield>
      <subfield code="z">Debrecen</subfield>
      <subfield code="x">történet</subfield>
    </datafield>
    <datafield tag="650" ind1=" " ind2="4">
      <subfield code="a">Vagonok</subfield>
      <subfield code="x">karbantartás és javítás</subfield>
      <subfield code="z">Magyarország</subfield>
      <subfield code="z">Debrecen</subfield>
      <subfield code="x">történet</subfield>
    </datafield>
    <datafield tag="650" ind1=" " ind2="4">
      <subfield code="a">Vasutak</subfield>
      <subfield code="x">felszerelés és eszközállomány</subfield>
      <subfield code="x">karbantartás és javítás</subfield>
      <subfield code="z">Magyarország</subfield>
      <subfield code="z">Szombathely</subfield>
      <subfield code="x">történet</subfield>
    </datafield>
    <datafield tag="650" ind1=" " ind2="0">
      <subfield code="a">Vehicles</subfield>
      <subfield code="x">Maintenance and repair</subfield>
      <subfield code="z">Hungary</subfield>
      <subfield code="z">Debrecen</subfield>
      <subfield code="x">History.</subfield>
    </datafield>
    <datafield tag="650" ind1=" " ind2="0">
      <subfield code="a">Wagons</subfield>
      <subfield code="x">Maintenance an repair</subfield>
      <subfield code="z">Hungary</subfield>
      <subfield code="z">Debrecen</subfield>
      <subfield code="x">History.</subfield>
    </datafield>
    <datafield tag="650" ind1=" " ind2="0">
      <subfield code="a">Railroads</subfield>
      <subfield code="x">Equipment and supplies</subfield>
      <subfield code="x">Maintenance and repair</subfield>
      <subfield code="z">Hungary</subfield>
      <subfield code="z">Debrecen</subfield>
      <subfield code="x">History.</subfield>
    </datafield>
    <datafield tag="700" ind1="1" ind2=" ">
      <subfield code="a">Zágonyi Imre</subfield>
      <subfield code="4">(szerk.)</subfield>
    </datafield>
    <datafield tag="852" ind1=" " ind2=" ">
      <subfield code="a">B1</subfield>
      <subfield code="b">B1</subfield>
      <subfield code="x">333121</subfield>
    </datafield>
    <datafield tag="852" ind1=" " ind2=" ">
      <subfield code="a">D1</subfield>
      <subfield code="b">D1</subfield>
      <subfield code="x">bibKLT00219228</subfield>
    </datafield>
    <datafield tag="852" ind1=" " ind2=" ">
      <subfield code="a">B11</subfield>
      <subfield code="b">B11</subfield>
      <subfield code="x">BMEOMIKK000135635</subfield>
    </datafield>
  </record>
  <record>
    <leader>00790nam  2200217 i 4500</leader>
    <controlfield tag="001">MOKKAW0005730292  </controlfield>
    <controlfield tag="005">20080418005658.0</controlfield>
    <controlfield tag="008">940814s1969    HU            000 0 hun d</controlfield>
    <datafield tag="035" ind1=" " ind2=" ">
      <subfield code="a">BMEOMIKK000385488</subfield>
    </datafield>
    <datafield tag="040" ind1=" " ind2=" ">
      <subfield code="a">BMEOMIKK</subfield>
    </datafield>
    <datafield tag="041" ind1="0" ind2=" ">
      <subfield code="a">hun</subfield>
    </datafield>
    <datafield tag="110" ind1="2" ind2="0">
      <subfield code="a">Magyar Állami Földtani Intézet (Budapest)</subfield>
    </datafield>
    <datafield tag="245" ind1="1" ind2="0">
      <subfield code="a">100 éves a Magyar Állami Földtani Intézet /</subfield>
      <subfield code="c">szerk. Fülöp József, Tasnádi Kubacska András] ; [közr. a] Magyar Állami Földtani Intézet</subfield>
    </datafield>
    <datafield tag="260" ind1=" " ind2=" ">
      <subfield code="a">Budapest :</subfield>
      <subfield code="b">Műszaki Kvk,</subfield>
      <subfield code="c">1969</subfield>
    </datafield>
    <datafield tag="300" ind1=" " ind2=" ">
      <subfield code="a">274 p. ;</subfield>
      <subfield code="c">23 cm</subfield>
    </datafield>
    <datafield tag="504" ind1=" " ind2=" ">
      <subfield code="a">Bibliogr.: egyes tanulmányok végén és lábjegyzetként</subfield>
    </datafield>
    <datafield tag="653" ind1=" " ind2=" ">
      <subfield code="a">Földtani Intézet, jubileum</subfield>
    </datafield>
    <datafield tag="700" ind1="1" ind2=" ">
      <subfield code="a">Fülöp József</subfield>
    </datafield>
    <datafield tag="700" ind1="2" ind2=" ">
      <subfield code="a">Tasnádi Kubacska András</subfield>
    </datafield>
    <datafield tag="852" ind1=" " ind2=" ">
      <subfield code="a">B11</subfield>
      <subfield code="b">B11</subfield>
      <subfield code="x">BMEOMIKK000385488</subfield>
    </datafield>
    <datafield tag="852" ind1=" " ind2=" ">
      <subfield code="a">M1</subfield>
      <subfield code="b">M1</subfield>
      <subfield code="x">55015</subfield>
    </datafield>
  </record>
  <record>
    <leader>00925aam  2200241 i 4500</leader>
    <controlfield tag="001">MOKKAZ0006295428  </controlfield>
    <controlfield tag="005">20040915185635.0</controlfield>
    <controlfield tag="008">940511s1991    hu            000 0 hun d</controlfield>
    <datafield tag="020" ind1=" " ind2=" ">
      <subfield code="a">963-7173-26-9 (fűzött)</subfield>
    </datafield>
    <datafield tag="035" ind1=" " ind2=" ">
      <subfield code="a">731379</subfield>
    </datafield>
    <datafield tag="040" ind1=" " ind2=" ">
      <subfield code="a">OSZK</subfield>
    </datafield>
    <datafield tag="041" ind1="0" ind2=" ">
      <subfield code="a">hunhuneng</subfield>
    </datafield>
    <datafield tag="072" ind1=" " ind2="1">
      <subfield code="a">SA</subfield>
    </datafield>
    <datafield tag="245" ind1="1" ind2="0">
      <subfield code="a">100 éves a Magyar Biológiai Társaság Botanikai Szakosztálya</subfield>
    </datafield>
    <datafield tag="246" ind1="1" ind2="1">
      <subfield code="a">Hundredth anniversary of the Hungarian Botanical Society, 1891-1991</subfield>
    </datafield>
    <datafield tag="260" ind1=" " ind2=" ">
      <subfield code="a">Szombathely :</subfield>
      <subfield code="b">BDTF</subfield>
      <subfield code="a">Budapest :</subfield>
      <subfield code="b">MBT,</subfield>
      <subfield code="c">[1991]</subfield>
      <subfield code="e">(Szombathely</subfield>
      <subfield code="f">BDTF)</subfield>
    </datafield>
    <datafield tag="300" ind1=" " ind2=" ">
      <subfield code="a">72 p. ;</subfield>
      <subfield code="c">25 cm</subfield>
    </datafield>
    <datafield tag="490" ind1="1" ind2=" ">
      <subfield code="a">Bio tár</subfield>
      <subfield code="x">0239-1724</subfield>
      <subfield code="v">7.</subfield>
    </datafield>
    <datafield tag="500" ind1=" " ind2=" ">
      <subfield code="a">Az 1991. aug. 21-24-én Szombathelyen rendezett ünnepi ülés előadáskivonatai</subfield>
    </datafield>
    <datafield tag="610" ind1="2" ind2="4">
      <subfield code="a">Magyar Biológiai Társaság</subfield>
      <subfield code="a">Botanikai Szakosztály</subfield>
    </datafield>
    <datafield tag="710" ind1="2" ind2=" ">
      <subfield code="a">Magyar Biológiai Társaság</subfield>
      <subfield code="a">Botanikai Szakosztály.</subfield>
      <subfield code="b">Ünnepi ülés</subfield>
      <subfield code="d">(1991)</subfield>
      <subfield code="c">(Szombathely)</subfield>
      <subfield code="4">mt.</subfield>
    </datafield>
    <datafield tag="830" ind1=" " ind2="0">
      <subfield code="a">Bio tár</subfield>
    </datafield>
    <datafield tag="852" ind1=" " ind2=" ">
      <subfield code="a">B1</subfield>
      <subfield code="b">B1</subfield>
      <subfield code="x">731379</subfield>
    </datafield>
  </record>
  <record>
    <leader>01034nam  2200265 i 4500</leader>
    <controlfield tag="001">MOKKAS0001349019  </controlfield>
    <controlfield tag="005">20060113002050.0</controlfield>
    <controlfield tag="008">      s1991    hu            00010 hun d</controlfield>
    <datafield tag="020" ind1=" " ind2=" ">
      <subfield code="a">963-04-0027-8 [!ISBN 963-04-1652-2] (fűzött) :</subfield>
      <subfield code="c">300,- Ft</subfield>
    </datafield>
    <datafield tag="022" ind1=" " ind2=" ">
      <subfield code="a">ISSN 0236-5804 = Hidrobiológus Napok</subfield>
    </datafield>
    <datafield tag="035" ind1=" " ind2=" ">
      <subfield code="a">bibRFK00057338</subfield>
    </datafield>
    <datafield tag="040" ind1=" " ind2=" ">
      <subfield code="a">RFMK</subfield>
    </datafield>
    <datafield tag="041" ind1=" " ind2=" ">
      <subfield code="a">hun</subfield>
    </datafield>
    <datafield tag="245" ind1="0" ind2="0">
      <subfield code="a">"100 éves a Balaton-kutatás" :</subfield>
      <subfield code="b">XXXIII. Hidrobiológus Napok : Tihany, 1991. október 16-18. : program és előadáskivonatok /</subfield>
      <subfield code="c">[rend., közread. a] Magyar Hidrológiai Társaság Limnológiai Szakosztálya ... [etc.]</subfield>
    </datafield>
    <datafield tag="260" ind1=" " ind2=" ">
      <subfield code="a">Budapest :</subfield>
      <subfield code="b">Magyar Hidrológiai Társaság,</subfield>
      <subfield code="c">[1991]</subfield>
    </datafield>
    <datafield tag="300" ind1=" " ind2=" ">
      <subfield code="a">71 p. ;</subfield>
      <subfield code="c">21 cm</subfield>
    </datafield>
    <datafield tag="500" ind1=" " ind2=" ">
      <subfield code="a">r</subfield>
    </datafield>
    <datafield tag="650" ind1=" " ind2="4">
      <subfield code="a">hidrobiológia</subfield>
    </datafield>
    <datafield tag="650" ind1=" " ind2="4">
      <subfield code="a">természetvédelem</subfield>
    </datafield>
    <datafield tag="650" ind1=" " ind2="4">
      <subfield code="a">konferenciák</subfield>
    </datafield>
    <datafield tag="650" ind1=" " ind2="4">
      <subfield code="a">1991</subfield>
    </datafield>
    <datafield tag="651" ind1=" " ind2="4">
      <subfield code="a">Balaton</subfield>
    </datafield>
    <datafield tag="710" ind1="2" ind2=" ">
      <subfield code="a">Magyar Hidrológiai Társaság.</subfield>
      <subfield code="b">Limnológiai Szakosztály</subfield>
      <subfield code="4">rend.</subfield>
      <subfield code="4">közread.</subfield>
    </datafield>
    <datafield tag="711" ind1="2" ind2=" ">
      <subfield code="a">Hidrobiológus Napok</subfield>
      <subfield code="n">(33.)</subfield>
      <subfield code="d">(1991)</subfield>
      <subfield code="c">(Tihany)</subfield>
      <subfield code="4">mt.</subfield>
    </datafield>
    <datafield tag="852" ind1=" " ind2=" ">
      <subfield code="a">M2</subfield>
      <subfield code="b">M2</subfield>
      <subfield code="x">bibRFK00057338</subfield>
    </datafield>
  </record>
  <record>
    <leader>01001cam  22002411  4500</leader>
    <controlfield tag="001">MOKKAZ0003236087  </controlfield>
    <controlfield tag="005">20091024123909.0</controlfield>
    <controlfield tag="008">      s1991    hu            00    hun d</controlfield>
    <datafield tag="020" ind1=" " ind2=" ">
      <subfield code="a">963 04 0027 8</subfield>
    </datafield>
    <datafield tag="035" ind1=" " ind2=" ">
      <subfield code="a">ISISIIF0011807</subfield>
    </datafield>
    <datafield tag="040" ind1=" " ind2=" ">
      <subfield code="a">DEENK</subfield>
    </datafield>
    <datafield tag="080" ind1=" " ind2=" ">
      <subfield code="a">574.5(439.11Balaton)"189/199"(061.3)</subfield>
    </datafield>
    <datafield tag="080" ind1=" " ind2=" ">
      <subfield code="a">55(439.11Balaton)"189/199"(061.3)</subfield>
    </datafield>
    <datafield tag="245" ind1="0" ind2="0">
      <subfield code="a">100 éves a Balaton-kutatás :</subfield>
      <subfield code="b">XXXIII: Hidrológus napok : Tihany, 1991. október 16-18. : (Program és előadáskivonatok) /</subfield>
      <subfield code="c">rend.] a Magyar Hidrológiai Társaság Limnológiai Szakosztálya [et al.]</subfield>
    </datafield>
    <datafield tag="260" ind1=" " ind2=" ">
      <subfield code="a">Budapest :</subfield>
      <subfield code="b">Magyar Hidrológiai T.,</subfield>
      <subfield code="c">1991</subfield>
    </datafield>
    <datafield tag="300" ind1=" " ind2=" ">
      <subfield code="a">160 p. ;</subfield>
      <subfield code="c">21 cm</subfield>
    </datafield>
    <datafield tag="651" ind1=" " ind2="4">
      <subfield code="a">Balaton (Magyarország)</subfield>
      <subfield code="x">kutatás</subfield>
    </datafield>
    <datafield tag="651" ind1=" " ind2="0">
      <subfield code="a">Balaton, Lake (Hungary)</subfield>
      <subfield code="x">Research.</subfield>
    </datafield>
    <datafield tag="695" ind1=" " ind2=" ">
      <subfield code="a">Balaton-kutatás</subfield>
      <subfield code="x">hidrológus kongresszus</subfield>
    </datafield>
    <datafield tag="710" ind1="2" ind2=" ">
      <subfield code="a">Magyar Hidrológiai Társaság.</subfield>
      <subfield code="b">Limnológiai Szakosztály.</subfield>
    </datafield>
    <datafield tag="711" ind1="2" ind2=" ">
      <subfield code="a">Hidrológus napok</subfield>
      <subfield code="n">(33)</subfield>
      <subfield code="d">(1991)</subfield>
      <subfield code="c">(Tihany)</subfield>
    </datafield>
    <datafield tag="852" ind1=" " ind2=" ">
      <subfield code="a">D1</subfield>
      <subfield code="b">D1</subfield>
      <subfield code="x">ISISIIF0011807</subfield>
    </datafield>
    <datafield tag="852" ind1=" " ind2=" ">
      <subfield code="a">B3</subfield>
      <subfield code="b">B3</subfield>
      <subfield code="x">000148992</subfield>
    </datafield>
  </record>
  <record>
    <leader>00907nam  2200241 i 4500</leader>
    <controlfield tag="001">MOKKAZ0006301644  </controlfield>
    <controlfield tag="005">20040915190320.0</controlfield>
    <controlfield tag="008">920522s1991    hu       a    100 0 hun d</controlfield>
    <datafield tag="020" ind1=" " ind2=" ">
      <subfield code="a">963-04-1652-2 (fűzött)</subfield>
    </datafield>
    <datafield tag="020" ind1=" " ind2=" ">
      <subfield code="z">963 04 0027 8</subfield>
    </datafield>
    <datafield tag="035" ind1=" " ind2=" ">
      <subfield code="a">4077</subfield>
    </datafield>
    <datafield tag="040" ind1=" " ind2=" ">
      <subfield code="a">OSZK</subfield>
    </datafield>
    <datafield tag="041" ind1="0" ind2=" ">
      <subfield code="a">hunhun</subfield>
    </datafield>
    <datafield tag="072" ind1=" " ind2="1">
      <subfield code="a">S</subfield>
    </datafield>
    <datafield tag="072" ind1=" " ind2="1">
      <subfield code="a">M</subfield>
    </datafield>
    <datafield tag="245" ind1="0" ind2="1">
      <subfield code="a">"100 éves a Balaton-kutatás" : </subfield>
      <subfield code="b">XXXIII. Hidrobiológus Napok : Tihany, 1991. október 16-18. : program és előadáskivonatok /</subfield>
      <subfield code="c">[rend., közread. a] Magyar Hidrológiai Társaság Limnológiai Szakosztálya ... [etc.]</subfield>
    </datafield>
    <datafield tag="260" ind1=" " ind2=" ">
      <subfield code="a">Budapest :</subfield>
      <subfield code="b">MHT,</subfield>
      <subfield code="c">[1991]</subfield>
      <subfield code="e">([Budapest]</subfield>
      <subfield code="f">[MHT etc.])</subfield>
    </datafield>
    <datafield tag="300" ind1=" " ind2=" ">
      <subfield code="a">71 p. ;</subfield>
      <subfield code="c">21 cm</subfield>
    </datafield>
    <datafield tag="500" ind1=" " ind2=" ">
      <subfield code="a">ISSN 0236-5804 = Hidrobiológus Napok</subfield>
    </datafield>
    <datafield tag="651" ind1=" " ind2="4">
      <subfield code="a">Balaton</subfield>
    </datafield>
    <datafield tag="710" ind1="2" ind2=" ">
      <subfield code="a">Magyar Hidrológiai Társaság</subfield>
      <subfield code="a">Limnológiai Szakosztály</subfield>
      <subfield code="4">rend., közread.</subfield>
    </datafield>
    <datafield tag="711" ind1="2" ind2=" ">
      <subfield code="a">Hidrobiológus Napok</subfield>
      <subfield code="n">33.</subfield>
      <subfield code="d">1991</subfield>
      <subfield code="c">Tihany</subfield>
      <subfield code="4">mt.</subfield>
    </datafield>
    <datafield tag="852" ind1=" " ind2=" ">
      <subfield code="a">B1</subfield>
      <subfield code="b">B1</subfield>
      <subfield code="x">4077</subfield>
    </datafield>
  </record>
  <record>
    <leader>00924nam  2200265 ir4500</leader>
    <controlfield tag="001">MOKKAZ0006308123  </controlfield>
    <controlfield tag="005">20040915190640.0</controlfield>
    <controlfield tag="008">930708s1991    hu a     b    100 0 hun d</controlfield>
    <datafield tag="020" ind1=" " ind2=" ">
      <subfield code="a">963-04-2779-6 (kötött)</subfield>
    </datafield>
    <datafield tag="020" ind1=" " ind2=" ">
      <subfield code="z">963 04 00278</subfield>
    </datafield>
    <datafield tag="035" ind1=" " ind2=" ">
      <subfield code="a">41005</subfield>
    </datafield>
    <datafield tag="040" ind1=" " ind2=" ">
      <subfield code="a">OSZK</subfield>
    </datafield>
    <datafield tag="041" ind1="0" ind2=" ">
      <subfield code="a">hunhun</subfield>
    </datafield>
    <datafield tag="072" ind1=" " ind2="1">
      <subfield code="a">S</subfield>
    </datafield>
    <datafield tag="072" ind1=" " ind2="1">
      <subfield code="a">M</subfield>
    </datafield>
    <datafield tag="245" ind1="0" ind2="0">
      <subfield code="a">100 éves a Balaton-kutatás : </subfield>
      <subfield code="b">XXXIII. Hidrobiológus Napok : Tihany, 1991</subfield>
    </datafield>
    <datafield tag="260" ind1=" " ind2=" ">
      <subfield code="a">[Budapest] :</subfield>
      <subfield code="b">[MHT],</subfield>
      <subfield code="c">[1991]</subfield>
      <subfield code="e">(Nemesvámos</subfield>
      <subfield code="f">Reproprint)</subfield>
    </datafield>
    <datafield tag="300" ind1=" " ind2=" ">
      <subfield code="a">276 p. :</subfield>
      <subfield code="b">ill. ;</subfield>
      <subfield code="c">25 cm</subfield>
    </datafield>
    <datafield tag="500" ind1=" " ind2=" ">
      <subfield code="a">ISSN 0236-5804 = Hidrobiológus Napok</subfield>
    </datafield>
    <datafield tag="500" ind1=" " ind2=" ">
      <subfield code="a">Rend., közread. a Magyar Hidrológiai Társaság Limnológiai Szakosztálya etc.</subfield>
    </datafield>
    <datafield tag="504" ind1=" " ind2=" ">
      <subfield code="a">Bibliogr. az előadások végén</subfield>
    </datafield>
    <datafield tag="651" ind1=" " ind2="4">
      <subfield code="a">Balaton</subfield>
    </datafield>
    <datafield tag="710" ind1="2" ind2=" ">
      <subfield code="a">Magyar Hidrológiai Társaság</subfield>
      <subfield code="a">Limnológiai Szakosztály</subfield>
      <subfield code="4">rend., közread.</subfield>
    </datafield>
    <datafield tag="711" ind1="2" ind2=" ">
      <subfield code="a">Hidrobiológus Napok</subfield>
      <subfield code="n">33.</subfield>
      <subfield code="d">1991</subfield>
      <subfield code="c">Tihany</subfield>
      <subfield code="4">mt.</subfield>
    </datafield>
    <datafield tag="852" ind1=" " ind2=" ">
      <subfield code="a">B1</subfield>
      <subfield code="b">B1</subfield>
      <subfield code="x">41005</subfield>
    </datafield>
  </record>
  <record>
    <leader>00698nam  2200205 i 4500</leader>
    <controlfield tag="001">MOKKAN0004693318  </controlfield>
    <controlfield tag="005">20070703004059.0</controlfield>
    <controlfield tag="008">940728s1991                 u    j hun d</controlfield>
    <datafield tag="035" ind1=" " ind2=" ">
      <subfield code="a">KÉE40334</subfield>
    </datafield>
    <datafield tag="040" ind1=" " ind2=" ">
      <subfield code="a">BCEEFK</subfield>
    </datafield>
    <datafield tag="041" ind1="0" ind2=" ">
      <subfield code="a">hun</subfield>
    </datafield>
    <datafield tag="111" ind1="2" ind2="0">
      <subfield code="a">Hidrobiológus napok</subfield>
      <subfield code="n">33.</subfield>
      <subfield code="d">1991</subfield>
      <subfield code="c">Tihany</subfield>
    </datafield>
    <datafield tag="245" ind1="1" ind2="0">
      <subfield code="a">"100 éves a Balaton-kutatás" : </subfield>
      <subfield code="b">Program és előadáskivonatok /</subfield>
      <subfield code="c">[közread. a] Magyar Hidrológiai Társaság, Magyar Tudományos Akadémia</subfield>
    </datafield>
    <datafield tag="260" ind1=" " ind2=" ">
      <subfield code="a">[Tihany] :</subfield>
      <subfield code="b">[s.n.],</subfield>
      <subfield code="c">1991</subfield>
    </datafield>
    <datafield tag="300" ind1=" " ind2=" ">
      <subfield code="a">71 p.</subfield>
    </datafield>
    <datafield tag="650" ind1=" " ind2="4">
      <subfield code="a">Balaton</subfield>
    </datafield>
    <datafield tag="650" ind1=" " ind2="4">
      <subfield code="a">Hidrobiológia</subfield>
    </datafield>
    <datafield tag="650" ind1=" " ind2="4">
      <subfield code="a">Balatonkutatás</subfield>
    </datafield>
    <datafield tag="710" ind1="2" ind2=" ">
      <subfield code="a">Magyar Hidrológiai Társaság, Magyar Tudományos Akadémia</subfield>
      <subfield code="4">közr.</subfield>
    </datafield>
    <datafield tag="852" ind1=" " ind2=" ">
      <subfield code="a">B503</subfield>
      <subfield code="b">B503</subfield>
      <subfield code="x">KÉE40334</subfield>
    </datafield>
  </record>
  <record>
    <leader>00744aam  2200205 i 4500</leader>
    <controlfield tag="001">MOKKAZ0006296686  </controlfield>
    <controlfield tag="005">20040915185713.0</controlfield>
    <controlfield tag="008">940511t19811980hu a          000 0 hun d</controlfield>
    <datafield tag="020" ind1=" " ind2=" ">
      <subfield code="a">963-7300-31-7 (fűzött)</subfield>
    </datafield>
    <datafield tag="035" ind1=" " ind2=" ">
      <subfield code="a">736698</subfield>
    </datafield>
    <datafield tag="040" ind1=" " ind2=" ">
      <subfield code="a">OSZK</subfield>
    </datafield>
    <datafield tag="041" ind1="0" ind2=" ">
      <subfield code="a">hunhun</subfield>
    </datafield>
    <datafield tag="072" ind1=" " ind2="1">
      <subfield code="a">F</subfield>
    </datafield>
    <datafield tag="100" ind1="1" ind2=" ">
      <subfield code="a">Magyar János</subfield>
    </datafield>
    <datafield tag="245" ind1="1" ind2="0">
      <subfield code="a">100 éves a Magyar Vöröskereszt, 60 éves az Ifjúsági Vöröskereszt /</subfield>
      <subfield code="c">[írta és szerkesztette Magyar János] ; [kiadja a Magyar Vöröskereszt Budapesti Vezetősége]</subfield>
    </datafield>
    <datafield tag="260" ind1=" " ind2=" ">
      <subfield code="a">Budapest :</subfield>
      <subfield code="b">M. Vöröskereszt,</subfield>
      <subfield code="c">[1981]</subfield>
      <subfield code="e">(Budapest</subfield>
      <subfield code="f">Zrínyi)</subfield>
    </datafield>
    <datafield tag="300" ind1=" " ind2=" ">
      <subfield code="a">32 p. :</subfield>
      <subfield code="b">ill. ;</subfield>
      <subfield code="c">15x23 cm</subfield>
    </datafield>
    <datafield tag="610" ind1="2" ind2="4">
      <subfield code="a">Magyar Vöröskereszt</subfield>
    </datafield>
    <datafield tag="710" ind1="2" ind2=" ">
      <subfield code="a">Magyar Vöröskereszt</subfield>
      <subfield code="a">Budapesti Vezetőség</subfield>
      <subfield code="4">közread.</subfield>
    </datafield>
    <datafield tag="852" ind1=" " ind2=" ">
      <subfield code="a">B1</subfield>
      <subfield code="b">B1</subfield>
      <subfield code="x">736698</subfield>
    </datafield>
  </record>
  <record>
    <leader>00658nam  2200169 i 4500</leader>
    <controlfield tag="001">MOKKAZ0004978697  </controlfield>
    <controlfield tag="005">20040910122956.0</controlfield>
    <controlfield tag="008">000808s1963    hu                  hun d</controlfield>
    <datafield tag="035" ind1=" " ind2=" ">
      <subfield code="a">bibPOT118060</subfield>
    </datafield>
    <datafield tag="040" ind1=" " ind2=" ">
      <subfield code="a">PTE</subfield>
    </datafield>
    <datafield tag="245" ind1="0" ind2="0">
      <subfield code="a">100 éves a Vöröskereszt önkéntes emberbaráti szervezete  :</subfield>
      <subfield code="b">készüljünk a Magyar Vöröskereszt 2. Kongresszusára /</subfield>
      <subfield code="c">Magyar Vöröskereszt Baranya Megyei Szervezete</subfield>
    </datafield>
    <datafield tag="260" ind1=" " ind2=" ">
      <subfield code="a">Pécs :</subfield>
      <subfield code="b">M. Vöröskereszt,</subfield>
      <subfield code="c">1963</subfield>
    </datafield>
    <datafield tag="300" ind1=" " ind2=" ">
      <subfield code="a">8 p. </subfield>
      <subfield code="c">21 cm</subfield>
    </datafield>
    <datafield tag="610" ind1="2" ind2=" ">
      <subfield code="a">Nemzetközi Vöröskereszt</subfield>
    </datafield>
    <datafield tag="650" ind1=" " ind2="4">
      <subfield code="a">nemzetközi szervezetek</subfield>
      <subfield code="x">Vöröskereszt</subfield>
    </datafield>
    <datafield tag="710" ind1="2" ind2=" ">
      <subfield code="a">Magyar Vöröskereszt.</subfield>
      <subfield code="b">Baranya Megyei Szervezet</subfield>
    </datafield>
    <datafield tag="852" ind1=" " ind2=" ">
      <subfield code="a">P1</subfield>
      <subfield code="b">P1</subfield>
      <subfield code="x">bibPOT118060</subfield>
    </datafield>
  </record>
  <record>
    <leader>00503nam  2200169   4500</leader>
    <controlfield tag="001">MOKKAZ0004841605  </controlfield>
    <controlfield tag="005">20100816132834.0</controlfield>
    <controlfield tag="008">980313s1997    hu            00010 hun d</controlfield>
    <datafield tag="035" ind1=" " ind2=" ">
      <subfield code="a">bibJPT00117857</subfield>
    </datafield>
    <datafield tag="040" ind1=" " ind2=" ">
      <subfield code="a">PTE</subfield>
    </datafield>
    <datafield tag="100" ind1="1" ind2=" ">
      <subfield code="a">Majdán János</subfield>
      <subfield code="d">(1952-)</subfield>
    </datafield>
    <datafield tag="245" ind1="1" ind2="0">
      <subfield code="a">100 éves a Sárköz vasútja /</subfield>
      <subfield code="c">[Majdán János]</subfield>
    </datafield>
    <datafield tag="260" ind1=" " ind2=" ">
      <subfield code="a">[Pécs] :</subfield>
      <subfield code="b">[Majdán J.],</subfield>
      <subfield code="c">1997</subfield>
    </datafield>
    <datafield tag="300" ind1=" " ind2=" ">
      <subfield code="a">17 p. :</subfield>
      <subfield code="b">ill. ;</subfield>
      <subfield code="c">21 cm</subfield>
    </datafield>
    <datafield tag="695" ind1=" " ind2=" ">
      <subfield code="a">Vasúttörténet, magyar</subfield>
    </datafield>
    <datafield tag="695" ind1=" " ind2=" ">
      <subfield code="a">Dunántúl</subfield>
    </datafield>
    <datafield tag="852" ind1=" " ind2=" ">
      <subfield code="a">P1</subfield>
      <subfield code="B">P1</subfield>
      <subfield code="B">P1/FK</subfield>
      <subfield code="b">P1/TT</subfield>
      <subfield code="x">bibJPT00117857</subfield>
    </datafield>
  </record>
  <record>
    <leader>00748cam  22002051i 4500</leader>
    <controlfield tag="001">MOKKAS0001895653  </controlfield>
    <controlfield tag="005">20060531013704.0</controlfield>
    <controlfield tag="008">000324q1999    hu ao         01000 hun d</controlfield>
    <datafield tag="020" ind1=" " ind2=" ">
      <subfield code="a">963 03 8353 5</subfield>
    </datafield>
    <datafield tag="035" ind1=" " ind2=" ">
      <subfield code="a">91246</subfield>
    </datafield>
    <datafield tag="040" ind1=" " ind2=" ">
      <subfield code="a">ELTE</subfield>
    </datafield>
    <datafield tag="041" ind1="1" ind2=" ">
      <subfield code="a">hun</subfield>
    </datafield>
    <datafield tag="245" ind1="0" ind2="0">
      <subfield code="a">100 éves a Szentendrei Kolping Család =</subfield>
      <subfield code="b">100 Jahre Kolpingfamilie Szentendre ; 1899-1999</subfield>
      <subfield code="c">/ [Szentendrei Kolping Család Egyesület ; felelős kiadó Makay László]. -</subfield>
    </datafield>
    <datafield tag="260" ind1=" " ind2=" ">
      <subfield code="a">Szentendre :</subfield>
      <subfield code="b">Szentendrei Kolping Család Egyesület,</subfield>
      <subfield code="c">1999. -</subfield>
    </datafield>
    <datafield tag="300" ind1=" " ind2=" ">
      <subfield code="a">51 p. :</subfield>
      <subfield code="b">ill. ;</subfield>
      <subfield code="c">21 cm.</subfield>
    </datafield>
    <datafield tag="600" ind1="3" ind2="4">
      <subfield code="a">Kolping család</subfield>
    </datafield>
    <datafield tag="650" ind1="0" ind2="4">
      <subfield code="a">legényegylet</subfield>
      <subfield code="y">20. sz.</subfield>
      <subfield code="z">magyarországi német</subfield>
    </datafield>
    <datafield tag="700" ind1="1" ind2=" ">
      <subfield code="a">Makay László</subfield>
    </datafield>
    <datafield tag="711" ind1="2" ind2=" ">
      <subfield code="a">Szentendrei Kolping Család Egyesület</subfield>
    </datafield>
    <datafield tag="852" ind1=" " ind2=" ">
      <subfield code="a">B2</subfield>
      <subfield code="b">B2</subfield>
      <subfield code="x">91246</subfield>
    </datafield>
  </record>
  <record>
    <leader>00959nam  2200229 i 4500</leader>
    <controlfield tag="001">MOKKAS0001159768  </controlfield>
    <controlfield tag="005">20060114195858.0</controlfield>
    <controlfield tag="008">050903s1996    hu            00010 hun d</controlfield>
    <datafield tag="020" ind1=" " ind2=" ">
      <subfield code="a">963-04-6392-X</subfield>
    </datafield>
    <datafield tag="035" ind1=" " ind2=" ">
      <subfield code="a">bibBKO00198001</subfield>
    </datafield>
    <datafield tag="040" ind1=" " ind2=" ">
      <subfield code="a">BMK</subfield>
    </datafield>
    <datafield tag="245" ind1="0" ind2="0">
      <subfield code="a">100 éves a szabadalmi rendszer Magyarországon /</subfield>
      <subfield code="c">[... szerk. biz. Mándi Attila ... et al.] ; [kiad. Magyar Iparjogvédelmi Egyesület</subfield>
    </datafield>
    <datafield tag="260" ind1=" " ind2=" ">
      <subfield code="a">[Budapest] :</subfield>
      <subfield code="b">Magyar Iparjogvédelmi Egyesület,</subfield>
      <subfield code="c">1996</subfield>
    </datafield>
    <datafield tag="300" ind1=" " ind2=" ">
      <subfield code="a">178 p. :</subfield>
      <subfield code="b">ill. ;</subfield>
      <subfield code="c">22 cm</subfield>
    </datafield>
    <datafield tag="504" ind1=" " ind2=" ">
      <subfield code="a">A Magyar Iparjogvédelmi Egyesület közleményei különszáma. - Bibliogr. egyes tanulmányok végén. - Angol nyelven is</subfield>
    </datafield>
    <datafield tag="650" ind1=" " ind2="4">
      <subfield code="a">szabadalmak ld. még találmányok</subfield>
    </datafield>
    <datafield tag="650" ind1=" " ind2="4">
      <subfield code="a">szabadalmak - Magyarország</subfield>
    </datafield>
    <datafield tag="650" ind1=" " ind2="4">
      <subfield code="a">szabadalmi jog - Magyarország</subfield>
    </datafield>
    <datafield tag="650" ind1=" " ind2="4">
      <subfield code="a">jog, szabadalmi ld. szabadalmi jog</subfield>
    </datafield>
    <datafield tag="700" ind1="1" ind2=" ">
      <subfield code="a">Mándi Attila</subfield>
      <subfield code="4">szerk.</subfield>
    </datafield>
    <datafield tag="710" ind1="2" ind2=" ">
      <subfield code="a">Magyar Iparjogvédelmi Egyesület</subfield>
      <subfield code="4">közread.</subfield>
    </datafield>
    <datafield tag="852" ind1=" " ind2=" ">
      <subfield code="a">BCS1</subfield>
      <subfield code="b">BCS1</subfield>
      <subfield code="x">bibBKO00198001</subfield>
    </datafield>
  </record>
  <record>
    <leader>00942fam  2200265 i 4500</leader>
    <controlfield tag="001">MOKKAZ0006323078  </controlfield>
    <controlfield tag="005">20040915191423.0</controlfield>
    <controlfield tag="008">950208s1994    hu ao         000 0 hun d</controlfield>
    <datafield tag="020" ind1=" " ind2=" ">
      <subfield code="a">963-04-4798-3 (fűzött)</subfield>
    </datafield>
    <datafield tag="035" ind1=" " ind2=" ">
      <subfield code="a">111556</subfield>
    </datafield>
    <datafield tag="040" ind1=" " ind2=" ">
      <subfield code="a">OSZK</subfield>
    </datafield>
    <datafield tag="041" ind1="1" ind2=" ">
      <subfield code="a">hungereng</subfield>
      <subfield code="h">hungereng</subfield>
    </datafield>
    <datafield tag="100" ind1="1" ind2=" ">
      <subfield code="a">Marczis Ervin</subfield>
    </datafield>
    <datafield tag="245" ind1="1" ind2="0">
      <subfield code="a">100 éves a magyar állami hajózás /</subfield>
      <subfield code="c">írta ... Marczis Ervin ; [kiad. a MAHART Magyar Hajózási Rt.]</subfield>
    </datafield>
    <datafield tag="246" ind1="1" ind2="1">
      <subfield code="a">100 Jahre ungarische Staatsschiffahrt</subfield>
    </datafield>
    <datafield tag="246" ind1="1" ind2="1">
      <subfield code="a">The 100 years old Hungarian state navigation</subfield>
    </datafield>
    <datafield tag="260" ind1=" " ind2=" ">
      <subfield code="a">Budapest :</subfield>
      <subfield code="b">MAHART,</subfield>
      <subfield code="c">[1994]</subfield>
      <subfield code="e">([Budapest]</subfield>
      <subfield code="f">Mesterprint)</subfield>
    </datafield>
    <datafield tag="300" ind1=" " ind2=" ">
      <subfield code="a">92 p. :</subfield>
      <subfield code="b">ill., részben színes ;</subfield>
      <subfield code="c">30 cm</subfield>
    </datafield>
    <datafield tag="500" ind1=" " ind2=" ">
      <subfield code="a">Példányszám: 2000</subfield>
    </datafield>
    <datafield tag="500" ind1=" " ind2=" ">
      <subfield code="a">Ebből 400 számozott</subfield>
    </datafield>
    <datafield tag="710" ind1="2" ind2=" ">
      <subfield code="a">MAHART Magyar Hajózási Rt</subfield>
      <subfield code="4">közread.</subfield>
    </datafield>
    <datafield tag="852" ind1=" " ind2=" ">
      <subfield code="a">B1</subfield>
      <subfield code="b">B1</subfield>
      <subfield code="x">111556</subfield>
    </datafield>
    <datafield tag="852" ind1=" " ind2=" ">
      <subfield code="a">B11</subfield>
      <subfield code="b">B11</subfield>
      <subfield code="x">BMEOMIKK000098504</subfield>
    </datafield>
    <datafield tag="852" ind1=" " ind2=" ">
      <subfield code="a">M2</subfield>
      <subfield code="b">M2</subfield>
      <subfield code="x">bibRFK00044819</subfield>
    </datafield>
    <datafield tag="852" ind1=" " ind2=" ">
      <subfield code="a">B10</subfield>
      <subfield code="b">0801B</subfield>
      <subfield code="x">bibFSZ00144189</subfield>
    </datafield>
  </record>
  <record>
    <leader>00638nam  2200193 i 4500</leader>
    <controlfield tag="001">MOKKAZ0003292536  </controlfield>
    <controlfield tag="005">20040909174857.0</controlfield>
    <controlfield tag="008">      s1995    hu a          00010 hun d</controlfield>
    <datafield tag="020" ind1=" " ind2=" ">
      <subfield code="a">963 04 4798 3</subfield>
    </datafield>
    <datafield tag="035" ind1=" " ind2=" ">
      <subfield code="a">bibKLT00066572</subfield>
    </datafield>
    <datafield tag="040" ind1=" " ind2=" ">
      <subfield code="a">DEENK</subfield>
    </datafield>
    <datafield tag="041" ind1="1" ind2=" ">
      <subfield code="a">hungereng</subfield>
    </datafield>
    <datafield tag="100" ind1="1" ind2=" ">
      <subfield code="a">Marczis Ervin</subfield>
    </datafield>
    <datafield tag="245" ind1="1" ind2="0">
      <subfield code="a">100 éves a magyar állami hajózás =</subfield>
      <subfield code="b">100 Jahre ungarische Staatsshiffahrt = The 100 years old Hungarian state navigation /</subfield>
      <subfield code="c">írta Marczis Ervin</subfield>
    </datafield>
    <datafield tag="260" ind1="1" ind2=" ">
      <subfield code="a">Budapest :</subfield>
      <subfield code="b">MAHART,</subfield>
      <subfield code="c">[1995]</subfield>
    </datafield>
    <datafield tag="300" ind1=" " ind2=" ">
      <subfield code="a">92 p. :</subfield>
      <subfield code="b">ill. ;</subfield>
      <subfield code="c">30 cm</subfield>
    </datafield>
    <datafield tag="504" ind1=" " ind2=" ">
      <subfield code="a">Bibliogr.: p. 90-91.</subfield>
    </datafield>
    <datafield tag="695" ind1=" " ind2=" ">
      <subfield code="a">hajózás</subfield>
      <subfield code="x">történet</subfield>
    </datafield>
    <datafield tag="852" ind1=" " ind2=" ">
      <subfield code="a">D1</subfield>
      <subfield code="b">D1</subfield>
      <subfield code="x">bibKLT00066572</subfield>
    </datafield>
  </record>
  <record>
    <leader>00674cam  2200217 i 4500</leader>
    <controlfield tag="001">MOKKAZ0005329001  </controlfield>
    <controlfield tag="005">20040910172214.0</controlfield>
    <controlfield tag="008">980701c        hu            00010 hun d</controlfield>
    <datafield tag="035" ind1=" " ind2=" ">
      <subfield code="a">63483</subfield>
    </datafield>
    <datafield tag="040" ind1=" " ind2=" ">
      <subfield code="a">MEKLM</subfield>
    </datafield>
    <datafield tag="041" ind1="0" ind2=" ">
      <subfield code="a">hun</subfield>
    </datafield>
    <datafield tag="100" ind1="1" ind2=" ">
      <subfield code="a">Marosváry László</subfield>
    </datafield>
    <datafield tag="245" ind1="1" ind2="0">
      <subfield code="a">100 éves a diósgyőri gerendasor /</subfield>
      <subfield code="c">[írta Marosváry László, Marosi István]</subfield>
    </datafield>
    <datafield tag="260" ind1=" " ind2=" ">
      <subfield code="a">[Miskolc] :</subfield>
      <subfield code="b">Herendi :</subfield>
      <subfield code="b">Hantó,</subfield>
      <subfield code="c">[1992]</subfield>
    </datafield>
    <datafield tag="300" ind1=" " ind2=" ">
      <subfield code="a">189 p., [5] t. fol. :</subfield>
      <subfield code="b">ill. ;</subfield>
      <subfield code="c">21 cm.</subfield>
    </datafield>
    <datafield tag="504" ind1=" " ind2=" ">
      <subfield code="a">Bibliogr. p. 156-161.</subfield>
    </datafield>
    <datafield tag="610" ind1="2" ind2=" ">
      <subfield code="a">Diósgyőri Vasgyár</subfield>
    </datafield>
    <datafield tag="650" ind1="0" ind2="4">
      <subfield code="a">gerendasor</subfield>
      <subfield code="z">Diósgyőr</subfield>
    </datafield>
    <datafield tag="650" ind1="0" ind2="4">
      <subfield code="a">hengerlés</subfield>
      <subfield code="x">története</subfield>
      <subfield code="z">Diósgyőr</subfield>
    </datafield>
    <datafield tag="700" ind1="1" ind2=" ">
      <subfield code="a">Marosi István</subfield>
    </datafield>
    <datafield tag="852" ind1=" " ind2=" ">
      <subfield code="a">M1</subfield>
      <subfield code="b">M1</subfield>
      <subfield code="x">63483</subfield>
    </datafield>
  </record>
  <record>
    <leader>00976nam  2200313 i 4500</leader>
    <controlfield tag="001">MOKKAW0005393315  </controlfield>
    <controlfield tag="005">20100203020027.0</controlfield>
    <controlfield tag="008">080721s2007    hu a          00000 hun d</controlfield>
    <datafield tag="020" ind1=" " ind2=" ">
      <subfield code="a">978-963-06-3470-0 (fűzött)</subfield>
    </datafield>
    <datafield tag="035" ind1=" " ind2=" ">
      <subfield code="a">2759597</subfield>
    </datafield>
    <datafield tag="040" ind1=" " ind2=" ">
      <subfield code="a">OSZK</subfield>
      <subfield code="d">OSZK</subfield>
    </datafield>
    <datafield tag="041" ind1="0" ind2=" ">
      <subfield code="a">hun</subfield>
    </datafield>
    <datafield tag="080" ind1=" " ind2=" ">
      <subfield code="a">711.582(439-2Bp.XV.)(091)</subfield>
    </datafield>
    <datafield tag="080" ind1=" " ind2=" ">
      <subfield code="a">908.439-2Bp.XV.</subfield>
    </datafield>
    <datafield tag="245" ind1="0" ind2="0">
      <subfield code="a">100 éves a rákospalotai MÁV-telep /</subfield>
      <subfield code="c">[szerk. Mojzes Ildikó] ; [kiad. a Rákospalotai Múzeum]</subfield>
    </datafield>
    <datafield tag="260" ind1=" " ind2=" ">
      <subfield code="a">[Budapest] :</subfield>
      <subfield code="b">Rákospalotai Múz.,</subfield>
      <subfield code="c">2007</subfield>
    </datafield>
    <datafield tag="300" ind1=" " ind2=" ">
      <subfield code="a">59 p. :</subfield>
      <subfield code="b">ill. ;</subfield>
      <subfield code="c">19 cm</subfield>
    </datafield>
    <datafield tag="650" ind1="1" ind2="7">
      <subfield code="a">lakótelep</subfield>
      <subfield code="2">oszk</subfield>
    </datafield>
    <datafield tag="650" ind1="1" ind2="7">
      <subfield code="a">helyismeret</subfield>
      <subfield code="2">oszk</subfield>
    </datafield>
    <datafield tag="651" ind1=" " ind2="4">
      <subfield code="a">Budapest</subfield>
      <subfield code="b">15. kerület</subfield>
    </datafield>
    <datafield tag="653" ind1=" " ind2=" ">
      <subfield code="a">egyháztörténet</subfield>
    </datafield>
    <datafield tag="653" ind1=" " ind2=" ">
      <subfield code="a">helytörténet</subfield>
    </datafield>
    <datafield tag="653" ind1=" " ind2=" ">
      <subfield code="a">művelődéstörténet</subfield>
    </datafield>
    <datafield tag="653" ind1=" " ind2=" ">
      <subfield code="a">várostörténet</subfield>
    </datafield>
    <datafield tag="700" ind1="1" ind2=" ">
      <subfield code="a">Mojzes Ildikó</subfield>
      <subfield code="4">(szerk.)</subfield>
    </datafield>
    <datafield tag="710" ind1="2" ind2=" ">
      <subfield code="a">Rákospalotai Múzeum (Budapest)</subfield>
    </datafield>
    <datafield tag="852" ind1=" " ind2=" ">
      <subfield code="a">B1</subfield>
      <subfield code="b">B1</subfield>
      <subfield code="x">2759597</subfield>
    </datafield>
    <datafield tag="852" ind1=" " ind2=" ">
      <subfield code="a">B10</subfield>
      <subfield code="b">B10</subfield>
      <subfield code="x">bibFSZ01381644</subfield>
    </datafield>
    <datafield tag="852" ind1=" " ind2=" ">
      <subfield code="a">B9</subfield>
      <subfield code="b">B9</subfield>
      <subfield code="x">770285</subfield>
    </datafield>
  </record>
  <record>
    <leader>00717nam  2200205 i 4500</leader>
    <controlfield tag="001">MOKKAZ0006457147  </controlfield>
    <controlfield tag="005">20040915203536.0</controlfield>
    <controlfield tag="008">030320s1999    hu ao    b    000 0dhun d</controlfield>
    <datafield tag="035" ind1=" " ind2=" ">
      <subfield code="a">958986</subfield>
    </datafield>
    <datafield tag="040" ind1=" " ind2=" ">
      <subfield code="a">OSZK</subfield>
    </datafield>
    <datafield tag="041" ind1="0" ind2=" ">
      <subfield code="a">hunhun</subfield>
      <subfield code="b">ger</subfield>
    </datafield>
    <datafield tag="245" ind1="0" ind2="0">
      <subfield code="a">100 éves a keszthelyi Balatoni Múzeum /</subfield>
      <subfield code="c">[előszó, szerk. Müller Róbert].</subfield>
    </datafield>
    <datafield tag="260" ind1=" " ind2=" ">
      <subfield code="a">Zalaegerszeg :</subfield>
      <subfield code="b">Zala M. Múz. Ig.,</subfield>
      <subfield code="c">1999</subfield>
      <subfield code="e">([Zalaegerszeg]</subfield>
      <subfield code="f">Zalai Ny.)</subfield>
    </datafield>
    <datafield tag="300" ind1=" " ind2=" ">
      <subfield code="a">299 p. :</subfield>
      <subfield code="b">ill. ;</subfield>
      <subfield code="c">29 cm</subfield>
    </datafield>
    <datafield tag="500" ind1=" " ind2=" ">
      <subfield code="a">A Zalai Múzeum, ISSN 0238-5139, 1999. évi 9. száma</subfield>
    </datafield>
    <datafield tag="500" ind1=" " ind2=" ">
      <subfield code="a">Összefoglalás német nyelven</subfield>
    </datafield>
    <datafield tag="504" ind1=" " ind2=" ">
      <subfield code="a">Bibliogr. a jegyzetekben</subfield>
    </datafield>
    <datafield tag="610" ind1="2" ind2="4">
      <subfield code="a">Balatoni Múzeum (Keszthely)</subfield>
    </datafield>
    <datafield tag="700" ind1="1" ind2=" ">
      <subfield code="a">Müller Róbert</subfield>
      <subfield code="d">(1944-)</subfield>
      <subfield code="4">(szerk.)</subfield>
    </datafield>
    <datafield tag="852" ind1=" " ind2=" ">
      <subfield code="a">B1</subfield>
      <subfield code="b">B1</subfield>
      <subfield code="x">958986</subfield>
    </datafield>
  </record>
  <record>
    <leader>01964fam  2200541   4500</leader>
    <controlfield tag="001">MOKKAZ0004094082  </controlfield>
    <controlfield tag="005">20040910024709.0</controlfield>
    <controlfield tag="008">000211s2002    hu                  hun d</controlfield>
    <datafield tag="020" ind1=" " ind2=" ">
      <subfield code="a">963-00-9282-4 (kötött) :</subfield>
      <subfield code="c">4980,- Ft</subfield>
    </datafield>
    <datafield tag="035" ind1=" " ind2=" ">
      <subfield code="a">bibFSZ671129</subfield>
    </datafield>
    <datafield tag="040" ind1=" " ind2=" ">
      <subfield code="a">SZTE</subfield>
    </datafield>
    <datafield tag="100" ind1="1" ind2=" ">
      <subfield code="a">Murányi Ottó</subfield>
    </datafield>
    <datafield tag="245" ind1="1" ind2="0">
      <subfield code="a">100 éves a magyar autósport /</subfield>
      <subfield code="c">[Murányi Ottó, Palocsai Jenő, Wakler Lajos ; fotók Anda Irén et al.]</subfield>
    </datafield>
    <datafield tag="260" ind1=" " ind2=" ">
      <subfield code="a">[Budapest] :</subfield>
      <subfield code="b">Itiner MN,</subfield>
      <subfield code="c">2002</subfield>
    </datafield>
    <datafield tag="300" ind1=" " ind2=" ">
      <subfield code="a">203, [2] p. :</subfield>
      <subfield code="b">ill. ;</subfield>
      <subfield code="c">30 cm</subfield>
    </datafield>
    <datafield tag="650" ind1=" " ind2="7">
      <subfield code="a">Autósport</subfield>
      <subfield code="x">Magyarország</subfield>
      <subfield code="x">emlékkönyv</subfield>
      <subfield code="2">szte</subfield>
    </datafield>
    <datafield tag="650" ind1=" " ind2="4">
      <subfield code="a">autóversenyzés - Magyarország - történet</subfield>
    </datafield>
    <datafield tag="650" ind1=" " ind2="4">
      <subfield code="a">autósport</subfield>
    </datafield>
    <datafield tag="650" ind1=" " ind2="4">
      <subfield code="a">sporttörténet</subfield>
    </datafield>
    <datafield tag="650" ind1=" " ind2="4">
      <subfield code="a">Autóversenyzés</subfield>
      <subfield code="z">Magyarország</subfield>
      <subfield code="y">1901-2001</subfield>
    </datafield>
    <datafield tag="650" ind1=" " ind2="4">
      <subfield code="a">Magyarország</subfield>
    </datafield>
    <datafield tag="650" ind1=" " ind2="7">
      <subfield code="a">Autóversenyzés</subfield>
      <subfield code="x">magyar</subfield>
      <subfield code="x">története</subfield>
      <subfield code="y">1895-2000</subfield>
      <subfield code="x">képekkel</subfield>
      <subfield code="2">szte</subfield>
    </datafield>
    <datafield tag="650" ind1=" " ind2="7">
      <subfield code="a">Autósport</subfield>
      <subfield code="x">magyar</subfield>
      <subfield code="x">története</subfield>
      <subfield code="y">1895-2000</subfield>
      <subfield code="x">képekkel</subfield>
      <subfield code="2">szte</subfield>
    </datafield>
    <datafield tag="650" ind1=" " ind2="4">
      <subfield code="a">autóversenyek</subfield>
    </datafield>
    <datafield tag="650" ind1=" " ind2="4">
      <subfield code="a">1901-2001</subfield>
    </datafield>
    <datafield tag="650" ind1=" " ind2="4">
      <subfield code="a">Autóversenyzés</subfield>
    </datafield>
    <datafield tag="650" ind1=" " ind2="4">
      <subfield code="a">Történet 1895-2000</subfield>
    </datafield>
    <datafield tag="650" ind1=" " ind2="4">
      <subfield code="a">Rallye</subfield>
    </datafield>
    <datafield tag="650" ind1=" " ind2="4">
      <subfield code="a">Forma-1</subfield>
    </datafield>
    <datafield tag="650" ind1=" " ind2="4">
      <subfield code="a">Gokárt</subfield>
    </datafield>
    <datafield tag="650" ind1=" " ind2="4">
      <subfield code="a">Autocross</subfield>
    </datafield>
    <datafield tag="650" ind1=" " ind2="4">
      <subfield code="a">autósport</subfield>
      <subfield code="x">versenyzés</subfield>
      <subfield code="x">rali</subfield>
      <subfield code="x">tereprali</subfield>
      <subfield code="x">gokárt</subfield>
      <subfield code="x">krossz</subfield>
      <subfield code="x">Forma-1</subfield>
      <subfield code="z">Magyarország</subfield>
      <subfield code="x">története</subfield>
      <subfield code="y">1895-2000</subfield>
      <subfield code="x">emlékkönyv</subfield>
    </datafield>
    <datafield tag="650" ind1=" " ind2="4">
      <subfield code="a">motor sport</subfield>
      <subfield code="x">car race</subfield>
      <subfield code="x">rally</subfield>
      <subfield code="x">go-kart</subfield>
      <subfield code="x">autocross</subfield>
      <subfield code="x">Formula 1</subfield>
      <subfield code="z">Hungary</subfield>
      <subfield code="x">history</subfield>
      <subfield code="y">1895-2000</subfield>
      <subfield code="x">jubilee album</subfield>
    </datafield>
    <datafield tag="651" ind1=" " ind2="4">
      <subfield code="a">Magyarország</subfield>
    </datafield>
    <datafield tag="700" ind1="1" ind2=" ">
      <subfield code="a">Palocsai Jenő</subfield>
    </datafield>
    <datafield tag="700" ind1="1" ind2=" ">
      <subfield code="a">Wakler Lajos</subfield>
    </datafield>
    <datafield tag="700" ind1="1" ind2=" ">
      <subfield code="a">Anda Irén</subfield>
    </datafield>
    <datafield tag="852" ind1=" " ind2=" ">
      <subfield code="a">SZ1</subfield>
      <subfield code="b">SZ1</subfield>
      <subfield code="x">bibFSZ671129</subfield>
    </datafield>
    <datafield tag="852" ind1=" " ind2=" ">
      <subfield code="a">B10</subfield>
      <subfield code="B">0801B</subfield>
      <subfield code="b">0801</subfield>
      <subfield code="x">bibFSZ671129</subfield>
    </datafield>
    <datafield tag="852" ind1=" " ind2=" ">
      <subfield code="a">B11</subfield>
      <subfield code="b">B11</subfield>
      <subfield code="x">BMEOMIKK000157942</subfield>
    </datafield>
    <datafield tag="852" ind1=" " ind2=" ">
      <subfield code="a">BCS1</subfield>
      <subfield code="b">BCS1</subfield>
      <subfield code="x">bibBKO00250218</subfield>
    </datafield>
    <datafield tag="852" ind1=" " ind2=" ">
      <subfield code="a">GY1</subfield>
      <subfield code="b">GY1</subfield>
      <subfield code="x">547286</subfield>
    </datafield>
    <datafield tag="852" ind1=" " ind2=" ">
      <subfield code="a">SZK1</subfield>
      <subfield code="b">SZK1</subfield>
      <subfield code="x">bibTMK00025497</subfield>
    </datafield>
    <datafield tag="852" ind1=" " ind2=" ">
      <subfield code="a">SZO1</subfield>
      <subfield code="b">SZO1</subfield>
      <subfield code="x">150307205</subfield>
    </datafield>
    <datafield tag="852" ind1=" " ind2=" ">
      <subfield code="a">SZ4</subfield>
      <subfield code="b">SZ4</subfield>
      <subfield code="x">bibFSZ671129</subfield>
    </datafield>
    <datafield tag="852" ind1=" " ind2=" ">
      <subfield code="a">M2</subfield>
      <subfield code="b">M2</subfield>
      <subfield code="x">bibRFK00133110</subfield>
    </datafield>
    <datafield tag="852" ind1=" " ind2=" ">
      <subfield code="a">SZL1</subfield>
      <subfield code="b">SZL1</subfield>
      <subfield code="x">bibVFK00233846</subfield>
    </datafield>
    <datafield tag="852" ind1=" " ind2=" ">
      <subfield code="a">B646</subfield>
      <subfield code="b">B646</subfield>
      <subfield code="x">bibMIF24611</subfield>
    </datafield>
  </record>
  <record>
    <leader>01213aam  2200325 i 4500</leader>
    <controlfield tag="001">MOKKAZ0006242911  </controlfield>
    <controlfield tag="005">20091109223012.0</controlfield>
    <controlfield tag="008">940509s1990    hu a          000 0 hun d</controlfield>
    <datafield tag="020" ind1=" " ind2=" ">
      <subfield code="a">963-04-0929-1 (fűzött)</subfield>
    </datafield>
    <datafield tag="035" ind1=" " ind2=" ">
      <subfield code="a">557833</subfield>
    </datafield>
    <datafield tag="040" ind1=" " ind2=" ">
      <subfield code="a">OSZK</subfield>
    </datafield>
    <datafield tag="041" ind1="0" ind2=" ">
      <subfield code="a">hunhun</subfield>
    </datafield>
    <datafield tag="100" ind1="1" ind2=" ">
      <subfield code="a">Nagy Istvánné</subfield>
      <subfield code="d">(1919-)</subfield>
    </datafield>
    <datafield tag="245" ind1="1" ind2="0">
      <subfield code="a">100 éves a szakmai képzés Karcagon : </subfield>
      <subfield code="b">1890-1990 : A karcagi iparoktatás története a tanoncképzéstől napjaink szakmunkásképzéséig /</subfield>
      <subfield code="c">[írta és szerk. Nagy Istvánné, Dobos István]</subfield>
    </datafield>
    <datafield tag="260" ind1=" " ind2=" ">
      <subfield code="a">[Karcag] :</subfield>
      <subfield code="b">[Ragó Szakmunkásk. Int.],</subfield>
      <subfield code="c">[1990]</subfield>
      <subfield code="e">([Karcag]</subfield>
      <subfield code="f">Karcagi Ny.)</subfield>
    </datafield>
    <datafield tag="300" ind1=" " ind2=" ">
      <subfield code="a">55 p. :</subfield>
      <subfield code="b">ill. ;</subfield>
      <subfield code="c">21 cm</subfield>
    </datafield>
    <datafield tag="500" ind1=" " ind2=" ">
      <subfield code="a">Közread. a karcagi Ragó Antal Szakmunkásképző Intézet</subfield>
    </datafield>
    <datafield tag="610" ind1="2" ind2="4">
      <subfield code="a">Ragó Antal Szakmunkásképző Intézet (Karcag)</subfield>
    </datafield>
    <datafield tag="650" ind1=" " ind2="7">
      <subfield code="a">1890-1990</subfield>
      <subfield code="2">opkm</subfield>
    </datafield>
    <datafield tag="650" ind1=" " ind2="7">
      <subfield code="a">Karcag</subfield>
      <subfield code="2">opkm</subfield>
    </datafield>
    <datafield tag="650" ind1=" " ind2="7">
      <subfield code="a">szakképzés</subfield>
      <subfield code="2">opkm</subfield>
    </datafield>
    <datafield tag="650" ind1=" " ind2="7">
      <subfield code="a">középfokú oktatás</subfield>
      <subfield code="2">opkm</subfield>
    </datafield>
    <datafield tag="650" ind1=" " ind2="7">
      <subfield code="a">iparoktatás</subfield>
      <subfield code="2">opkm</subfield>
    </datafield>
    <datafield tag="650" ind1=" " ind2="7">
      <subfield code="a">története</subfield>
      <subfield code="2">opkm</subfield>
    </datafield>
    <datafield tag="650" ind1=" " ind2="7">
      <subfield code="a">tanoncképzés</subfield>
      <subfield code="2">opkm</subfield>
    </datafield>
    <datafield tag="651" ind1=" " ind2="4">
      <subfield code="a">Magyarország</subfield>
    </datafield>
    <datafield tag="700" ind1="1" ind2="0">
      <subfield code="a">Dobos István</subfield>
    </datafield>
    <datafield tag="710" ind1="2" ind2=" ">
      <subfield code="a">Ragó Antal Szakmunkásképző Intézet (Karcag)</subfield>
      <subfield code="4">közread.</subfield>
    </datafield>
    <datafield tag="852" ind1=" " ind2=" ">
      <subfield code="a">B1</subfield>
      <subfield code="b">B1</subfield>
      <subfield code="x">557833</subfield>
    </datafield>
    <datafield tag="852" ind1=" " ind2=" ">
      <subfield code="a">B7</subfield>
      <subfield code="b">B7</subfield>
      <subfield code="x">220863</subfield>
    </datafield>
  </record>
  <record>
    <leader>00847ngm  2200253 i 4500</leader>
    <controlfield tag="001">MOKKAS0003376673  </controlfield>
    <controlfield tag="005">20060605081242.0</controlfield>
    <controlfield tag="008">050101s        hu                  hun d</controlfield>
    <datafield tag="035" ind1=" " ind2=" ">
      <subfield code="a">654470</subfield>
    </datafield>
    <datafield tag="040" ind1=" " ind2=" ">
      <subfield code="a">KKMK</subfield>
    </datafield>
    <datafield tag="041" ind1="0" ind2=" ">
      <subfield code="a">hun</subfield>
    </datafield>
    <datafield tag="100" ind1="1" ind2=" ">
      <subfield code="a">Nagy István</subfield>
      <subfield code="c">(fényképész)</subfield>
    </datafield>
    <datafield tag="245" ind1="1" ind2="0">
      <subfield code="a">100 éves a Kisfaludy Károly Megyei Könyvtár</subfield>
      <subfield code="h">videodok. : a könyvtári hét eseményei 1998. okt. 12-16. /</subfield>
      <subfield code="c">felvételt kész. Nagy István</subfield>
    </datafield>
    <datafield tag="300" ind1=" " ind2=" ">
      <subfield code="a">1 videok. (VHS) (170 min.) :</subfield>
      <subfield code="b">szín., hg.</subfield>
    </datafield>
    <datafield tag="610" ind1="2" ind2="4">
      <subfield code="a">Kisfaludy Károly Megyei Könyvtár (Győr)</subfield>
    </datafield>
    <datafield tag="650" ind1=" " ind2="4">
      <subfield code="a">helyi közreműködő</subfield>
    </datafield>
    <datafield tag="650" ind1=" " ind2="4">
      <subfield code="a">videodokumentum</subfield>
    </datafield>
    <datafield tag="650" ind1=" " ind2="4">
      <subfield code="a">dokumentumfilm testületről</subfield>
    </datafield>
    <datafield tag="650" ind1=" " ind2="4">
      <subfield code="a">esemény mozgóképfelvétele</subfield>
    </datafield>
    <datafield tag="650" ind1=" " ind2="4">
      <subfield code="a">évforduló</subfield>
    </datafield>
    <datafield tag="650" ind1=" " ind2="4">
      <subfield code="a">rendezvény</subfield>
    </datafield>
    <datafield tag="653" ind1=" " ind2=" ">
      <subfield code="a">1998. október 12-16.</subfield>
    </datafield>
    <datafield tag="852" ind1=" " ind2=" ">
      <subfield code="a">GY1</subfield>
      <subfield code="b">GY1</subfield>
      <subfield code="x">654470</subfield>
    </datafield>
    <datafield tag="852" ind1=" " ind2=" ">
      <subfield code="a">GY1</subfield>
      <subfield code="b">GY1</subfield>
      <subfield code="x">555815</subfield>
    </datafield>
  </record>
  <record>
    <leader>00764nam  2200229 i 4500</leader>
    <controlfield tag="001">MOKKAN0004571080  </controlfield>
    <controlfield tag="005">20070503003931.0</controlfield>
    <controlfield tag="008">020309s1995                            d</controlfield>
    <datafield tag="035" ind1=" " ind2=" ">
      <subfield code="a">150317660</subfield>
    </datafield>
    <datafield tag="040" ind1=" " ind2=" ">
      <subfield code="a">BDK</subfield>
    </datafield>
    <datafield tag="100" ind1="1" ind2=" ">
      <subfield code="a">Naszádos István</subfield>
      <subfield code="c">helyi szerző</subfield>
      <subfield code="d">(1920-)</subfield>
    </datafield>
    <datafield tag="245" ind1="0" ind2="0">
      <subfield code="a">100 éves a Sárvári Cukorgyár (1895-1995) /</subfield>
      <subfield code="c">Naszádos István ; ill.: BODROGI Tamás ; közrem.: BODROGI Tamás</subfield>
    </datafield>
    <datafield tag="260" ind1=" " ind2=" ">
      <subfield code="a">Sárvár,</subfield>
      <subfield code="c">1995</subfield>
    </datafield>
    <datafield tag="300" ind1=" " ind2=" ">
      <subfield code="c">132 p. : ill. + 1 térk.</subfield>
    </datafield>
    <datafield tag="653" ind1=" " ind2=" ">
      <subfield code="a">Sárvár</subfield>
    </datafield>
    <datafield tag="653" ind1=" " ind2=" ">
      <subfield code="a">centenárium</subfield>
    </datafield>
    <datafield tag="653" ind1=" " ind2=" ">
      <subfield code="a">cukorgyár</subfield>
    </datafield>
    <datafield tag="653" ind1=" " ind2=" ">
      <subfield code="a">évforduló</subfield>
    </datafield>
    <datafield tag="653" ind1=" " ind2=" ">
      <subfield code="a">üzemtörténet</subfield>
    </datafield>
    <datafield tag="700" ind1="1" ind2=" ">
      <subfield code="a">BODROGI Tamás</subfield>
      <subfield code="c">(betöltött szerző)</subfield>
      <subfield code="4">(illusztrálta)</subfield>
    </datafield>
    <datafield tag="700" ind1="1" ind2=" ">
      <subfield code="a">BODROGI Tamás</subfield>
      <subfield code="c">(betöltött szerző)</subfield>
      <subfield code="4">(közrem.)</subfield>
    </datafield>
    <datafield tag="852" ind1=" " ind2=" ">
      <subfield code="a">SZO1</subfield>
      <subfield code="b">SZO1</subfield>
      <subfield code="x">150317660</subfield>
    </datafield>
  </record>
  <record>
    <leader>01147fam  2200313 i 4500</leader>
    <controlfield tag="001">MOKKAZ0006333098  </controlfield>
    <controlfield tag="005">20040915192929.0</controlfield>
    <controlfield tag="008">951107s1995    hu odf   b    010 0 hun d</controlfield>
    <datafield tag="020" ind1=" " ind2=" ">
      <subfield code="a">963-02-9792-2 (fűzött) :</subfield>
      <subfield code="c">500,- Ft</subfield>
    </datafield>
    <datafield tag="035" ind1=" " ind2=" ">
      <subfield code="a">157613</subfield>
    </datafield>
    <datafield tag="040" ind1=" " ind2=" ">
      <subfield code="a">OSZK</subfield>
    </datafield>
    <datafield tag="041" ind1="0" ind2=" ">
      <subfield code="a">hunhun</subfield>
    </datafield>
    <datafield tag="100" ind1="1" ind2=" ">
      <subfield code="a">Naszádos István</subfield>
    </datafield>
    <datafield tag="245" ind1="1" ind2="0">
      <subfield code="a">100 éves a Sárvári Cukorgyár : </subfield>
      <subfield code="b">1895-1995 /</subfield>
      <subfield code="c">Naszádos István ; [fotó Bodrogi Tamás] ; [közread. a] Magyar Cukor Rt. Sárvári Cukorgyára</subfield>
    </datafield>
    <datafield tag="260" ind1=" " ind2=" ">
      <subfield code="a">Sárvár :</subfield>
      <subfield code="b">M. Cukor Rt. Sárvári Cukorgyár,</subfield>
      <subfield code="c">1995</subfield>
      <subfield code="e">(Szombathely</subfield>
      <subfield code="f">Szignatúra)</subfield>
    </datafield>
    <datafield tag="300" ind1=" " ind2=" ">
      <subfield code="a">132 p. :</subfield>
      <subfield code="b">ill. ;</subfield>
      <subfield code="c">24 cm +</subfield>
      <subfield code="e">1 mell.</subfield>
    </datafield>
    <datafield tag="504" ind1=" " ind2=" ">
      <subfield code="a">Bibliogr. a jegyzetekben</subfield>
    </datafield>
    <datafield tag="610" ind1="2" ind2="4">
      <subfield code="a">Magyar Cukor Rt.</subfield>
      <subfield code="a">Sárvári Cukorgyár</subfield>
    </datafield>
    <datafield tag="650" ind1=" " ind2="7">
      <subfield code="a">Cukoripar</subfield>
      <subfield code="x">magyar</subfield>
      <subfield code="x">története</subfield>
      <subfield code="2">szte</subfield>
    </datafield>
    <datafield tag="650" ind1=" " ind2="4">
      <subfield code="a">Sárvári Cukorgyár</subfield>
    </datafield>
    <datafield tag="650" ind1=" " ind2="4">
      <subfield code="a">gyártörténet</subfield>
    </datafield>
    <datafield tag="650" ind1=" " ind2="4">
      <subfield code="a">1895-1995</subfield>
    </datafield>
    <datafield tag="700" ind1="1" ind2=" ">
      <subfield code="a">Bodrogi Tamás</subfield>
      <subfield code="4">(fotó)</subfield>
    </datafield>
    <datafield tag="710" ind1="2" ind2=" ">
      <subfield code="a">Magyar Cukor Rt</subfield>
      <subfield code="a">Sárvári Cukorgyár</subfield>
      <subfield code="4">közread.</subfield>
    </datafield>
    <datafield tag="852" ind1=" " ind2=" ">
      <subfield code="a">B1</subfield>
      <subfield code="b">B1</subfield>
      <subfield code="x">157613</subfield>
    </datafield>
    <datafield tag="852" ind1=" " ind2=" ">
      <subfield code="a">SZ1</subfield>
      <subfield code="b">SZ1</subfield>
      <subfield code="x">bibJAT00319383</subfield>
    </datafield>
    <datafield tag="852" ind1=" " ind2=" ">
      <subfield code="a">B503</subfield>
      <subfield code="b">B503</subfield>
      <subfield code="x">KÉE40355</subfield>
    </datafield>
    <datafield tag="852" ind1=" " ind2=" ">
      <subfield code="a">B11</subfield>
      <subfield code="b">B11</subfield>
      <subfield code="x">BMEOMIKK000104031</subfield>
    </datafield>
    <datafield tag="852" ind1=" " ind2=" ">
      <subfield code="a">M2</subfield>
      <subfield code="b">M2</subfield>
      <subfield code="x">bibRFK00040101</subfield>
    </datafield>
  </record>
  <record>
    <leader>00670cam  2200205   4500</leader>
    <controlfield tag="001">MOKKAZ0004785404  </controlfield>
    <controlfield tag="005">20091023054909.0</controlfield>
    <controlfield tag="008">      s1995                        hun  </controlfield>
    <datafield tag="020" ind1=" " ind2=" ">
      <subfield code="a">963 02 9792 2 :</subfield>
    </datafield>
    <datafield tag="035" ind1=" " ind2=" ">
      <subfield code="a">bibJPT0028311</subfield>
    </datafield>
    <datafield tag="040" ind1=" " ind2=" ">
      <subfield code="a">PTE</subfield>
    </datafield>
    <datafield tag="080" ind1=" " ind2=" ">
      <subfield code="a">061.5(439.111Sárvár)"1895/1995":664.1</subfield>
    </datafield>
    <datafield tag="100" ind1="1" ind2=" ">
      <subfield code="a">Naszádos István</subfield>
    </datafield>
    <datafield tag="245" ind1="1" ind2="0">
      <subfield code="a">100 éves a Sárvári Cukorgyár, 1895-1995 /</subfield>
      <subfield code="c">Naszádos István ; [fotó Bodrogi Tamás]</subfield>
    </datafield>
    <datafield tag="260" ind1=" " ind2=" ">
      <subfield code="a">Sárvár :</subfield>
      <subfield code="b">Magyar Cukor Rt.,</subfield>
      <subfield code="c">1995</subfield>
    </datafield>
    <datafield tag="300" ind1=" " ind2=" ">
      <subfield code="a">132 p. :</subfield>
      <subfield code="b">ill. ;</subfield>
      <subfield code="c">24 cm</subfield>
      <subfield code="e">1 db térképmell.</subfield>
    </datafield>
    <datafield tag="695" ind1=" " ind2=" ">
      <subfield code="a">Ipartörténet</subfield>
    </datafield>
    <datafield tag="852" ind1=" " ind2=" ">
      <subfield code="a">P1</subfield>
      <subfield code="b">P1</subfield>
      <subfield code="x">bibJPT0028311</subfield>
    </datafield>
    <datafield tag="852" ind1=" " ind2=" ">
      <subfield code="a">SZO1</subfield>
      <subfield code="b">SZO1</subfield>
      <subfield code="x">150243654</subfield>
    </datafield>
    <datafield tag="852" ind1=" " ind2=" ">
      <subfield code="a">B3</subfield>
      <subfield code="b">B3</subfield>
      <subfield code="x">000108163</subfield>
    </datafield>
  </record>
  <record>
    <leader>01268nam  2200385 i 4500</leader>
    <controlfield tag="001">MOKKAN0004833943  </controlfield>
    <controlfield tag="005">20090505175000.0</controlfield>
    <controlfield tag="008">070726s2007    hu ar         00000dhun d</controlfield>
    <datafield tag="020" ind1=" " ind2=" ">
      <subfield code="a">978-963-8194-58-9 (kötött)</subfield>
    </datafield>
    <datafield tag="035" ind1=" " ind2=" ">
      <subfield code="a">2665417</subfield>
    </datafield>
    <datafield tag="040" ind1=" " ind2=" ">
      <subfield code="a">OSZK</subfield>
    </datafield>
    <datafield tag="041" ind1="0" ind2=" ">
      <subfield code="a">hunhun</subfield>
    </datafield>
    <datafield tag="245" ind1="0" ind2="0">
      <subfield code="a">100 éves a Magyar Szemorvostársaság : </subfield>
      <subfield code="b">emlékkönyv /</subfield>
      <subfield code="c">Németh János, Bausz Mária, Kótyuk Erzsébet szerkesztésében</subfield>
    </datafield>
    <datafield tag="260" ind1=" " ind2=" ">
      <subfield code="a">Budapest :</subfield>
      <subfield code="b">Tudomány K.,</subfield>
      <subfield code="c">2007</subfield>
    </datafield>
    <datafield tag="300" ind1=" " ind2=" ">
      <subfield code="a">120 p. :</subfield>
      <subfield code="b">ill., főként színes ;</subfield>
      <subfield code="c">24 cm</subfield>
    </datafield>
    <datafield tag="610" ind1="2" ind2="4">
      <subfield code="a">Magyar Szemorvostársaság</subfield>
    </datafield>
    <datafield tag="650" ind1="1" ind2="7">
      <subfield code="a">szemészet</subfield>
      <subfield code="2">oszk</subfield>
    </datafield>
    <datafield tag="650" ind1="1" ind2="7">
      <subfield code="a">orvostörténet</subfield>
      <subfield code="2">oszk</subfield>
    </datafield>
    <datafield tag="650" ind1="1" ind2="7">
      <subfield code="a">orvos</subfield>
      <subfield code="2">oszk</subfield>
    </datafield>
    <datafield tag="650" ind1="1" ind2="7">
      <subfield code="a">kórház</subfield>
      <subfield code="2">oszk</subfield>
    </datafield>
    <datafield tag="650" ind1="1" ind2="7">
      <subfield code="a">egyesület</subfield>
      <subfield code="2">oszk</subfield>
    </datafield>
    <datafield tag="650" ind1=" " ind2="4">
      <subfield code="a">Szemészet</subfield>
    </datafield>
    <datafield tag="650" ind1=" " ind2="4">
      <subfield code="a">Orvostörténet</subfield>
    </datafield>
    <datafield tag="650" ind1=" " ind2="2">
      <subfield code="a">Ophthalmology</subfield>
      <subfield code="x">history</subfield>
    </datafield>
    <datafield tag="650" ind1=" " ind2="2">
      <subfield code="a">Hungary</subfield>
    </datafield>
    <datafield tag="650" ind1=" " ind2="4">
      <subfield code="a">Szemészet</subfield>
      <subfield code="z">Magyarország</subfield>
      <subfield code="x">történet</subfield>
    </datafield>
    <datafield tag="650" ind1=" " ind2="4">
      <subfield code="a">Orvosok</subfield>
      <subfield code="z">Magyarország</subfield>
      <subfield code="x">történet</subfield>
    </datafield>
    <datafield tag="650" ind1=" " ind2="0">
      <subfield code="a">Ophthalmology</subfield>
      <subfield code="z">Hungary</subfield>
      <subfield code="x">History.</subfield>
    </datafield>
    <datafield tag="650" ind1=" " ind2="0">
      <subfield code="a">Physicians</subfield>
      <subfield code="z">Hungary</subfield>
      <subfield code="x">History.</subfield>
    </datafield>
    <datafield tag="651" ind1=" " ind2="4">
      <subfield code="a">Magyarország</subfield>
    </datafield>
    <datafield tag="700" ind1="1" ind2=" ">
      <subfield code="a">Németh János</subfield>
      <subfield code="d">(1952-)</subfield>
      <subfield code="4">(szerk.)</subfield>
    </datafield>
    <datafield tag="700" ind1="1" ind2=" ">
      <subfield code="a">Bausz Mária</subfield>
      <subfield code="4">(szerk.)</subfield>
    </datafield>
    <datafield tag="700" ind1="1" ind2=" ">
      <subfield code="a">Kótyuk Erzsébet</subfield>
      <subfield code="4">(szerk.)</subfield>
    </datafield>
    <datafield tag="852" ind1=" " ind2=" ">
      <subfield code="a">B1</subfield>
      <subfield code="b">B1</subfield>
      <subfield code="x">2665417</subfield>
    </datafield>
    <datafield tag="852" ind1=" " ind2=" ">
      <subfield code="a">D1</subfield>
      <subfield code="b">D1</subfield>
      <subfield code="b">D2/PO</subfield>
      <subfield code="x">bibDEK00661010</subfield>
    </datafield>
  </record>
  <record>
    <leader>00705nam  2200205 i 4500</leader>
    <controlfield tag="001">MOKKAZ0006439576  </controlfield>
    <controlfield tag="005">20040915202609.0</controlfield>
    <controlfield tag="008">020128s2001    hu a          000 0 hun d</controlfield>
    <datafield tag="035" ind1=" " ind2=" ">
      <subfield code="a">911573</subfield>
    </datafield>
    <datafield tag="040" ind1=" " ind2=" ">
      <subfield code="a">OSZK</subfield>
    </datafield>
    <datafield tag="041" ind1="0" ind2=" ">
      <subfield code="a">hunhun</subfield>
    </datafield>
    <datafield tag="072" ind1=" " ind2="1">
      <subfield code="a">Z</subfield>
    </datafield>
    <datafield tag="245" ind1="0" ind2="0">
      <subfield code="a">100 éves a Monori Sportegyesület, 1901-2001 /</subfield>
      <subfield code="c">[szerk. Németh László] ; [szerzők Asztalos Lajos et al.] ; [közread. a Monori Sportegyesület].</subfield>
    </datafield>
    <datafield tag="260" ind1=" " ind2=" ">
      <subfield code="a">Monor :</subfield>
      <subfield code="b">Monori Sportegyes.,</subfield>
      <subfield code="c">2001</subfield>
      <subfield code="e">(Monor</subfield>
      <subfield code="f">Tied Ny.)</subfield>
    </datafield>
    <datafield tag="300" ind1=" " ind2=" ">
      <subfield code="a">60 p. :</subfield>
      <subfield code="b">ill. ;</subfield>
      <subfield code="c">20 cm</subfield>
    </datafield>
    <datafield tag="610" ind1="2" ind2="4">
      <subfield code="a">Monori Sportegyesület</subfield>
    </datafield>
    <datafield tag="700" ind1="1" ind2=" ">
      <subfield code="a">Németh László</subfield>
      <subfield code="4">(szerk.)</subfield>
    </datafield>
    <datafield tag="700" ind1="1" ind2=" ">
      <subfield code="a">Asztalos Lajos</subfield>
      <subfield code="4">(közrem.)</subfield>
    </datafield>
    <datafield tag="710" ind1="2" ind2=" ">
      <subfield code="a">Monori Sportegyesület</subfield>
      <subfield code="4">közread.</subfield>
    </datafield>
    <datafield tag="852" ind1=" " ind2=" ">
      <subfield code="a">B1</subfield>
      <subfield code="b">B1</subfield>
      <subfield code="x">911573</subfield>
    </datafield>
  </record>
  <record>
    <leader>00518nama 22001691i 4500</leader>
    <controlfield tag="001">MOKKAS0000576503  </controlfield>
    <controlfield tag="005">20060118000448.0</controlfield>
    <controlfield tag="008">041001s1962    hu            000 0 hunod</controlfield>
    <datafield tag="035" ind1=" " ind2=" ">
      <subfield code="a">1335305</subfield>
    </datafield>
    <datafield tag="040" ind1=" " ind2=" ">
      <subfield code="a">OSZK</subfield>
    </datafield>
    <datafield tag="041" ind1="0" ind2=" ">
      <subfield code="a">hunhun</subfield>
    </datafield>
    <datafield tag="100" ind1="1" ind2=" ">
      <subfield code="a">Nyiry Zoltán</subfield>
      <subfield code="c">(cédulakatalógus alapján)</subfield>
    </datafield>
    <datafield tag="245" ind1="1" ind2="0">
      <subfield code="a">100 éves a Ménière betegség első leírása /</subfield>
      <subfield code="c">Nyiry Zoltán</subfield>
    </datafield>
    <datafield tag="260" ind1=" " ind2=" ">
      <subfield code="a">[Budapest] :</subfield>
      <subfield code="b">Athenaeum Ny.,</subfield>
      <subfield code="c">[1962]</subfield>
    </datafield>
    <datafield tag="300" ind1=" " ind2=" ">
      <subfield code="a">fol. 1201-1205., 3 p. ;</subfield>
      <subfield code="c">29 cm</subfield>
    </datafield>
    <datafield tag="580" ind1=" " ind2=" ">
      <subfield code="a">Klny.: Orvosi Hetilap</subfield>
    </datafield>
    <datafield tag="852" ind1=" " ind2=" ">
      <subfield code="a">B1</subfield>
      <subfield code="b">B1</subfield>
      <subfield code="x">1335305</subfield>
    </datafield>
  </record>
  <record>
    <leader>00610nam  2200205 i 4500</leader>
    <controlfield tag="001">MOKKAW0005272824  </controlfield>
    <controlfield tag="005">20080408212334.0</controlfield>
    <controlfield tag="008">990828s1977                  000 0 hun d</controlfield>
    <datafield tag="035" ind1=" " ind2=" ">
      <subfield code="a">BMEOMIKK000059986</subfield>
    </datafield>
    <datafield tag="040" ind1=" " ind2=" ">
      <subfield code="a">BMEOMIKK</subfield>
    </datafield>
    <datafield tag="041" ind1="0" ind2=" ">
      <subfield code="a">hun</subfield>
    </datafield>
    <datafield tag="110" ind1="2" ind2="0">
      <subfield code="a">Nyugati Pályaudvar (Budapest)</subfield>
    </datafield>
    <datafield tag="245" ind1="1" ind2="0">
      <subfield code="a">100 éves a Nyugati pályaudvar /</subfield>
      <subfield code="c">[írta, összegyűjt. és szerk. Gergely József]</subfield>
    </datafield>
    <datafield tag="260" ind1=" " ind2=" ">
      <subfield code="a">[Budapest],</subfield>
      <subfield code="c">[1977]</subfield>
    </datafield>
    <datafield tag="300" ind1=" " ind2=" ">
      <subfield code="a">174 p. ;</subfield>
      <subfield code="c">21 cm</subfield>
    </datafield>
    <datafield tag="500" ind1=" " ind2=" ">
      <subfield code="a">Orosz és német kiv</subfield>
    </datafield>
    <datafield tag="500" ind1=" " ind2=" ">
      <subfield code="a">Emlékalbum</subfield>
    </datafield>
    <datafield tag="504" ind1=" " ind2=" ">
      <subfield code="a">Bibliogr.: 173. p.</subfield>
    </datafield>
    <datafield tag="700" ind1="1" ind2=" ">
      <subfield code="a">Gergely József</subfield>
    </datafield>
    <datafield tag="852" ind1=" " ind2=" ">
      <subfield code="a">B11</subfield>
      <subfield code="b">B11</subfield>
      <subfield code="x">BMEOMIKK000059986</subfield>
    </datafield>
  </record>
  <record>
    <leader>00861aam  2200229 i 4500</leader>
    <controlfield tag="001">MOKKAZ0006229996  </controlfield>
    <controlfield tag="005">20040915182142.0</controlfield>
    <controlfield tag="008">940509t19781978hu a          000 0 hun d</controlfield>
    <datafield tag="020" ind1=" " ind2=" ">
      <subfield code="a">963-01-1317-1 (v.)</subfield>
    </datafield>
    <datafield tag="035" ind1=" " ind2=" ">
      <subfield code="a">509673</subfield>
    </datafield>
    <datafield tag="040" ind1=" " ind2=" ">
      <subfield code="a">OSZK</subfield>
    </datafield>
    <datafield tag="041" ind1="0" ind2=" ">
      <subfield code="a">hunhun</subfield>
      <subfield code="b">engrusger</subfield>
    </datafield>
    <datafield tag="072" ind1=" " ind2="1">
      <subfield code="a">V</subfield>
    </datafield>
    <datafield tag="245" ind1="1" ind2="0">
      <subfield code="a">100 éves a magyar vetőmagvizsgálat : </subfield>
      <subfield code="b">1878-1978 /</subfield>
      <subfield code="c">[közr., összeáll. az] Országos Vetőmag és Szaporítóanyag Felügyelőség</subfield>
    </datafield>
    <datafield tag="260" ind1=" " ind2=" ">
      <subfield code="a">Budapest :</subfield>
      <subfield code="b">OVSZF,</subfield>
      <subfield code="c">1978</subfield>
      <subfield code="e">(Budapest</subfield>
      <subfield code="f">Akad. Ny.)</subfield>
    </datafield>
    <datafield tag="300" ind1=" " ind2=" ">
      <subfield code="a">67 l., [4] t.lev., [8] t.l. :</subfield>
      <subfield code="b">ill., részben színes ;</subfield>
      <subfield code="c">25 cm</subfield>
    </datafield>
    <datafield tag="500" ind1=" " ind2=" ">
      <subfield code="a">Summaries in English</subfield>
    </datafield>
    <datafield tag="500" ind1=" " ind2=" ">
      <subfield code="a">Rezjume na russkom jazyke</subfield>
    </datafield>
    <datafield tag="500" ind1=" " ind2=" ">
      <subfield code="a">Deutschsprachige Zusammenfassungen</subfield>
    </datafield>
    <datafield tag="710" ind1="2" ind2=" ">
      <subfield code="a">Országos Vetőmag és Szaporítóanyag Felügyelőség (Budapest)</subfield>
      <subfield code="4">összeáll.</subfield>
    </datafield>
    <datafield tag="852" ind1=" " ind2=" ">
      <subfield code="a">B1</subfield>
      <subfield code="b">B1</subfield>
      <subfield code="x">509673</subfield>
    </datafield>
    <datafield tag="852" ind1=" " ind2=" ">
      <subfield code="a">M2</subfield>
      <subfield code="b">M2</subfield>
      <subfield code="x">bibRFK00097810</subfield>
    </datafield>
  </record>
  <record>
    <leader>00804nam  2200241 i 4500</leader>
    <controlfield tag="001">MOKKAN0004714597  </controlfield>
    <controlfield tag="005">20070704230046.0</controlfield>
    <controlfield tag="008">930601s1978    hu           u    j hun d</controlfield>
    <datafield tag="035" ind1=" " ind2=" ">
      <subfield code="a">71394</subfield>
    </datafield>
    <datafield tag="040" ind1=" " ind2=" ">
      <subfield code="a">SZIEGTUK</subfield>
    </datafield>
    <datafield tag="041" ind1="0" ind2=" ">
      <subfield code="a">hun</subfield>
    </datafield>
    <datafield tag="110" ind1="2" ind2="0">
      <subfield code="a">Országos Vetőmag és Szaporítóanyag Felügyelőség</subfield>
    </datafield>
    <datafield tag="245" ind1="1" ind2="0">
      <subfield code="a">100 éves a magyar vetőmagvizsgálat. /1878-1978./ /</subfield>
      <subfield code="c">Összeáll. az OVSZF munkaközössége</subfield>
    </datafield>
    <datafield tag="260" ind1=" " ind2=" ">
      <subfield code="a">Budapest :</subfield>
      <subfield code="b">OVSZF,</subfield>
      <subfield code="c">1978</subfield>
    </datafield>
    <datafield tag="300" ind1=" " ind2=" ">
      <subfield code="a">67 p. 8 t. 24 cm.</subfield>
    </datafield>
    <datafield tag="500" ind1=" " ind2=" ">
      <subfield code="a">Angol, orosz és német nyelvű összefoglalások a fejezetek végén</subfield>
    </datafield>
    <datafield tag="500" ind1=" " ind2=" ">
      <subfield code="a">Angol, orosz és német ny. összefogl. a fejezetek végén</subfield>
    </datafield>
    <datafield tag="650" ind1=" " ind2="4">
      <subfield code="a">Magyarország</subfield>
    </datafield>
    <datafield tag="650" ind1=" " ind2="4">
      <subfield code="a">minőség</subfield>
    </datafield>
    <datafield tag="650" ind1=" " ind2="4">
      <subfield code="a">szaporítóanyag</subfield>
    </datafield>
    <datafield tag="650" ind1=" " ind2="4">
      <subfield code="a">vetőmag</subfield>
    </datafield>
    <datafield tag="650" ind1=" " ind2="4">
      <subfield code="a">vetőmagvizsgálat</subfield>
    </datafield>
    <datafield tag="852" ind1=" " ind2=" ">
      <subfield code="a">G1</subfield>
      <subfield code="b">G1</subfield>
      <subfield code="x">71394</subfield>
    </datafield>
  </record>
  <record>
    <leader>00718nam  2200217 i 4500</leader>
    <controlfield tag="001">MOKKAN0004570955  </controlfield>
    <controlfield tag="005">20070503003819.0</controlfield>
    <controlfield tag="008">020309s1991                            d</controlfield>
    <datafield tag="035" ind1=" " ind2=" ">
      <subfield code="a">150317077</subfield>
    </datafield>
    <datafield tag="040" ind1=" " ind2=" ">
      <subfield code="a">BDK</subfield>
    </datafield>
    <datafield tag="100" ind1="1" ind2=" ">
      <subfield code="a">OSZKó Zoltán</subfield>
      <subfield code="c">(betöltött szerző)</subfield>
    </datafield>
    <datafield tag="245" ind1="0" ind2="0">
      <subfield code="a">100 éves a Celldömölki Eötvös Loránd Általános Iskola, 1891-1991. : </subfield>
      <subfield code="b">Jubileumi évkönyv 1990-91 /</subfield>
      <subfield code="c">OSZKó Zoltán</subfield>
    </datafield>
    <datafield tag="260" ind1=" " ind2=" ">
      <subfield code="a">Celldömölk,</subfield>
      <subfield code="c">1991</subfield>
    </datafield>
    <datafield tag="300" ind1=" " ind2=" ">
      <subfield code="c">61 p.:ill.</subfield>
    </datafield>
    <datafield tag="653" ind1=" " ind2=" ">
      <subfield code="a">Celldömölk</subfield>
    </datafield>
    <datafield tag="653" ind1=" " ind2=" ">
      <subfield code="a">Eötvös Loránd Általános Iskola (Celldömölk)</subfield>
    </datafield>
    <datafield tag="653" ind1=" " ind2=" ">
      <subfield code="a">centenárium</subfield>
    </datafield>
    <datafield tag="653" ind1=" " ind2=" ">
      <subfield code="a">általános iskola, általános iskolások</subfield>
    </datafield>
    <datafield tag="653" ind1=" " ind2=" ">
      <subfield code="a">évforduló</subfield>
    </datafield>
    <datafield tag="653" ind1=" " ind2=" ">
      <subfield code="a">évkönyv</subfield>
    </datafield>
    <datafield tag="852" ind1=" " ind2=" ">
      <subfield code="a">SZO1</subfield>
      <subfield code="b">SZO1</subfield>
      <subfield code="x">150317077</subfield>
    </datafield>
  </record>
  <record>
    <leader>00767aam  2200217 i 4500</leader>
    <controlfield tag="001">MOKKAZ0006243201  </controlfield>
    <controlfield tag="005">20040915182839.0</controlfield>
    <controlfield tag="008">940509s1991    hu a          010 0 hun d</controlfield>
    <datafield tag="020" ind1=" " ind2=" ">
      <subfield code="a">963-04-1519-4 (fűzött)</subfield>
    </datafield>
    <datafield tag="035" ind1=" " ind2=" ">
      <subfield code="a">559288</subfield>
    </datafield>
    <datafield tag="040" ind1=" " ind2=" ">
      <subfield code="a">OSZK</subfield>
    </datafield>
    <datafield tag="041" ind1="0" ind2=" ">
      <subfield code="a">hunhun</subfield>
    </datafield>
    <datafield tag="072" ind1=" " ind2="1">
      <subfield code="a">HA</subfield>
    </datafield>
    <datafield tag="100" ind1="1" ind2=" ">
      <subfield code="a">Oszkó Zoltán</subfield>
    </datafield>
    <datafield tag="245" ind1="1" ind2="0">
      <subfield code="a">100 éves a Celldömölki Eötvös Loránd Általános Iskola, 1891 - 1991 : </subfield>
      <subfield code="b">Jubileumi évkönyv, 1990-91. /</subfield>
      <subfield code="c">írta Oszkó Zoltán</subfield>
    </datafield>
    <datafield tag="260" ind1=" " ind2=" ">
      <subfield code="a">Celldömölk :</subfield>
      <subfield code="b">Eötvös Ált. Isk.,</subfield>
      <subfield code="c">[1991]</subfield>
      <subfield code="e">([S.l.]</subfield>
      <subfield code="f">Sabaria Tipo)</subfield>
    </datafield>
    <datafield tag="300" ind1=" " ind2=" ">
      <subfield code="a">61 p. :</subfield>
      <subfield code="b">ill. ;</subfield>
      <subfield code="c">21 cm</subfield>
    </datafield>
    <datafield tag="500" ind1=" " ind2=" ">
      <subfield code="a">1000</subfield>
    </datafield>
    <datafield tag="610" ind1="2" ind2="4">
      <subfield code="a">Eötvös Loránd Általános Iskola (Celldömölk)</subfield>
    </datafield>
    <datafield tag="710" ind1="2" ind2=" ">
      <subfield code="a">Eötvös Loránd Általános Iskola (Celldömölk)</subfield>
      <subfield code="4">közread.</subfield>
    </datafield>
    <datafield tag="852" ind1=" " ind2=" ">
      <subfield code="a">B1</subfield>
      <subfield code="b">B1</subfield>
      <subfield code="x">559288</subfield>
    </datafield>
  </record>
  <record>
    <leader>00961nam  2200277 i 4500</leader>
    <controlfield tag="001">MOKKAN0004564066  </controlfield>
    <controlfield tag="005">20100707145950.0</controlfield>
    <controlfield tag="008">020207s1991                            d</controlfield>
    <datafield tag="035" ind1=" " ind2=" ">
      <subfield code="a">150195979</subfield>
    </datafield>
    <datafield tag="040" ind1=" " ind2=" ">
      <subfield code="a">BDK</subfield>
    </datafield>
    <datafield tag="100" ind1="1" ind2=" ">
      <subfield code="a">OSZKó Zoltán</subfield>
      <subfield code="c">(betöltött szerző)</subfield>
    </datafield>
    <datafield tag="245" ind1="0" ind2="0">
      <subfield code="a">100 éves a Celldömölki Eötvös Loránd Általános Iskola, 1891-1991. : </subfield>
      <subfield code="b">Jubileumi évkönyv 1990-91 /</subfield>
      <subfield code="c">OSZKó Zoltán</subfield>
    </datafield>
    <datafield tag="260" ind1=" " ind2=" ">
      <subfield code="a">Celldömölk :</subfield>
      <subfield code="b">Eötvös Loránd Általános Iskola Igazgatósága,</subfield>
      <subfield code="c">1991</subfield>
    </datafield>
    <datafield tag="300" ind1=" " ind2=" ">
      <subfield code="c">61 p.:ill.</subfield>
    </datafield>
    <datafield tag="650" ind1=" " ind2="7">
      <subfield code="a">iskolatörténet</subfield>
      <subfield code="2">opkm</subfield>
    </datafield>
    <datafield tag="650" ind1=" " ind2="7">
      <subfield code="a">évkönyv</subfield>
      <subfield code="2">opkm</subfield>
    </datafield>
    <datafield tag="650" ind1=" " ind2="7">
      <subfield code="a">1891-1991</subfield>
      <subfield code="2">opkm</subfield>
    </datafield>
    <datafield tag="650" ind1=" " ind2="7">
      <subfield code="a">Eötvös Loránd Általános Iskola</subfield>
      <subfield code="2">opkm</subfield>
    </datafield>
    <datafield tag="650" ind1=" " ind2="7">
      <subfield code="a">általános iskola</subfield>
      <subfield code="2">opkm</subfield>
    </datafield>
    <datafield tag="650" ind1=" " ind2="7">
      <subfield code="a">története</subfield>
      <subfield code="2">opkm</subfield>
    </datafield>
    <datafield tag="650" ind1=" " ind2="7">
      <subfield code="a">Celldömölk</subfield>
      <subfield code="2">opkm</subfield>
    </datafield>
    <datafield tag="653" ind1=" " ind2=" ">
      <subfield code="a">Eötvös Loránd Általános Iskola (Celldömölk)</subfield>
    </datafield>
    <datafield tag="653" ind1=" " ind2=" ">
      <subfield code="a">iskolatörténet</subfield>
    </datafield>
    <datafield tag="653" ind1=" " ind2=" ">
      <subfield code="a">évkönyv</subfield>
    </datafield>
    <datafield tag="852" ind1=" " ind2=" ">
      <subfield code="a">SZO1</subfield>
      <subfield code="b">SZO1</subfield>
      <subfield code="x">150195979</subfield>
    </datafield>
    <datafield tag="852" ind1=" " ind2=" ">
      <subfield code="a">B7</subfield>
      <subfield code="b">B7</subfield>
      <subfield code="x">14677</subfield>
    </datafield>
  </record>
  <record>
    <leader>01072fam  2200277 i 4500</leader>
    <controlfield tag="001">MOKKAZ0006234145  </controlfield>
    <controlfield tag="005">20040915182358.0</controlfield>
    <controlfield tag="008">940509t19871987hu a          100 0 hun d</controlfield>
    <datafield tag="020" ind1=" " ind2=" ">
      <subfield code="a">963-01-8285-8* (fűzött) :</subfield>
      <subfield code="c">10,- Ft</subfield>
    </datafield>
    <datafield tag="035" ind1=" " ind2=" ">
      <subfield code="a">527215</subfield>
    </datafield>
    <datafield tag="040" ind1=" " ind2=" ">
      <subfield code="a">OSZK</subfield>
    </datafield>
    <datafield tag="041" ind1="0" ind2=" ">
      <subfield code="a">hunhun</subfield>
    </datafield>
    <datafield tag="245" ind1="1" ind2="0">
      <subfield code="a">100 éves a magyar mentés : </subfield>
      <subfield code="b">Jubileumi fényképkiállítás ismertetője /</subfield>
      <subfield code="c">a fotókat kész. Kertész Gábor, Urbán Tamás ; a kiállítást szerk. Pap Zoltán ; [a Magyar Mentésügyi Tudományos Társaság kiadványa]</subfield>
    </datafield>
    <datafield tag="260" ind1=" " ind2=" ">
      <subfield code="a">Budapest :</subfield>
      <subfield code="b">M. Mentésü. Tud. Társ.,</subfield>
      <subfield code="c">1987</subfield>
      <subfield code="e">([Budapest]</subfield>
      <subfield code="f">MVK OVB)</subfield>
    </datafield>
    <datafield tag="300" ind1=" " ind2=" ">
      <subfield code="a">[28] p. :</subfield>
      <subfield code="b">ill. ;</subfield>
      <subfield code="c">24 cm</subfield>
    </datafield>
    <datafield tag="650" ind1=" " ind2="4">
      <subfield code="a">mentőszolgálat</subfield>
    </datafield>
    <datafield tag="650" ind1=" " ind2="4">
      <subfield code="a">magyar mentőszolgálat</subfield>
    </datafield>
    <datafield tag="650" ind1=" " ind2="4">
      <subfield code="a">mentéstörténet</subfield>
    </datafield>
    <datafield tag="700" ind1="1" ind2=" ">
      <subfield code="a">Pap Zoltán</subfield>
      <subfield code="4">(szerk.)</subfield>
    </datafield>
    <datafield tag="700" ind1="1" ind2=" ">
      <subfield code="a">Kertész Gábor</subfield>
      <subfield code="4">(ill.)</subfield>
    </datafield>
    <datafield tag="700" ind1="1" ind2=" ">
      <subfield code="a">Urbán Tamás</subfield>
      <subfield code="d">(1945-)</subfield>
      <subfield code="4">(ill.)</subfield>
    </datafield>
    <datafield tag="711" ind1="2" ind2=" ">
      <subfield code="a">Magyar Mentésügyi Tudományos Társaság</subfield>
      <subfield code="4">közread.</subfield>
    </datafield>
    <datafield tag="852" ind1=" " ind2=" ">
      <subfield code="a">B1</subfield>
      <subfield code="b">B1</subfield>
      <subfield code="x">527215</subfield>
    </datafield>
    <datafield tag="852" ind1=" " ind2=" ">
      <subfield code="a">D1</subfield>
      <subfield code="b">D1</subfield>
      <subfield code="x">ISISFEF0009349</subfield>
    </datafield>
    <datafield tag="852" ind1=" " ind2=" ">
      <subfield code="a">P1</subfield>
      <subfield code="b">P1</subfield>
      <subfield code="x">bibPOT20086</subfield>
    </datafield>
    <datafield tag="852" ind1=" " ind2=" ">
      <subfield code="a">M2</subfield>
      <subfield code="b">M2</subfield>
      <subfield code="x">bibRFK00070652</subfield>
    </datafield>
  </record>
  <record>
    <leader>00722cam  22002057  4500</leader>
    <controlfield tag="001">MOKKAN0004159793  </controlfield>
    <controlfield tag="005">20070314074635.0</controlfield>
    <controlfield tag="008">040316s1988    hu a          00010 hun d</controlfield>
    <datafield tag="035" ind1=" " ind2=" ">
      <subfield code="a">190179</subfield>
    </datafield>
    <datafield tag="040" ind1=" " ind2=" ">
      <subfield code="a">MEKLM</subfield>
    </datafield>
    <datafield tag="041" ind1="0" ind2=" ">
      <subfield code="a">hun</subfield>
    </datafield>
    <datafield tag="245" ind1="0" ind2="0">
      <subfield code="a">100 éves a magyarországi villamosenergia szolgáltatás :</subfield>
      <subfield code="b">1888-1988 /</subfield>
      <subfield code="c">[szerk. Berényi Endre, Petri Pál, Péti Szilveszter] ; [kiad. a Magyar Villamos Művek Tröszt]</subfield>
    </datafield>
    <datafield tag="260" ind1=" " ind2=" ">
      <subfield code="a">[Bp.] :</subfield>
      <subfield code="b">[MVMT],</subfield>
      <subfield code="c">[1988]</subfield>
    </datafield>
    <datafield tag="300" ind1=" " ind2=" ">
      <subfield code="a">54 p. :</subfield>
      <subfield code="b">ill. ;</subfield>
      <subfield code="c">28 cm</subfield>
    </datafield>
    <datafield tag="650" ind1="0" ind2="4">
      <subfield code="a">villamosenergia-ellátás</subfield>
      <subfield code="z">Magyarország</subfield>
      <subfield code="y">1888-1988</subfield>
    </datafield>
    <datafield tag="700" ind1="1" ind2=" ">
      <subfield code="a">Péti Szilveszter</subfield>
    </datafield>
    <datafield tag="700" ind1="1" ind2=" ">
      <subfield code="a">Berényi Endre</subfield>
    </datafield>
    <datafield tag="700" ind1="1" ind2=" ">
      <subfield code="a">Petri Pál</subfield>
    </datafield>
    <datafield tag="710" ind1="2" ind2=" ">
      <subfield code="a">Magyar Villamos Művek Tröszt</subfield>
      <subfield code="c">(Budapest)</subfield>
    </datafield>
    <datafield tag="852" ind1=" " ind2=" ">
      <subfield code="a">M1</subfield>
      <subfield code="b">M1</subfield>
      <subfield code="x">190179</subfield>
    </datafield>
  </record>
  <record>
    <leader>01130fam  22002771  4500</leader>
    <controlfield tag="001">MOKKAZ0004201588  </controlfield>
    <controlfield tag="005">20040910051214.0</controlfield>
    <controlfield tag="008">      s1970                        und d</controlfield>
    <datafield tag="020" ind1=" " ind2=" ">
      <subfield code="a">(fűzött) :</subfield>
      <subfield code="c">10,- Ft</subfield>
    </datafield>
    <datafield tag="035" ind1=" " ind2=" ">
      <subfield code="a">bibFSZ00047113</subfield>
    </datafield>
    <datafield tag="040" ind1=" " ind2=" ">
      <subfield code="a">FSZEK</subfield>
    </datafield>
    <datafield tag="100" ind1="1" ind2=" ">
      <subfield code="a">Petrik Ottó</subfield>
    </datafield>
    <datafield tag="245" ind1="1" ind2="0">
      <subfield code="a">100 éves a Budai Hegypálya /</subfield>
      <subfield code="c">Petrik Ottó</subfield>
    </datafield>
    <datafield tag="260" ind1=" " ind2=" ">
      <subfield code="a">Budapest :</subfield>
      <subfield code="b">M. Vasútmodellezők és Vasútbarátok Orsz. Egyes.,</subfield>
      <subfield code="c">1970</subfield>
    </datafield>
    <datafield tag="300" ind1=" " ind2=" ">
      <subfield code="a">64 p. :</subfield>
      <subfield code="b">ill. ;</subfield>
      <subfield code="c">20 cm</subfield>
    </datafield>
    <datafield tag="490" ind1="1" ind2=" ">
      <subfield code="a">(Vasútak világa, A Magyar Vasútmodellezők és Vasútbarátok Országos Egyesületének szakmai füzetei ;</subfield>
      <subfield code="v">1 / 4)</subfield>
    </datafield>
    <datafield tag="500" ind1=" " ind2=" ">
      <subfield code="a">Megjelenési adat: Bp. : M. Vasútmodellezők és Vasútbarátok Orsz. Egyes.</subfield>
    </datafield>
    <datafield tag="500" ind1=" " ind2=" ">
      <subfield code="a">Bibliogr.: p. 58-60.</subfield>
    </datafield>
    <datafield tag="650" ind1=" " ind2="4">
      <subfield code="a">Siklóvasút</subfield>
    </datafield>
    <datafield tag="651" ind1=" " ind2="4">
      <subfield code="a">Budapest</subfield>
    </datafield>
    <datafield tag="830" ind1=" " ind2=" ">
      <subfield code="a">Vasútak világa</subfield>
    </datafield>
    <datafield tag="830" ind1=" " ind2=" ">
      <subfield code="a">A Magyar Vasútmodellezők és Vasútbarátok Országos Egyesületének szakmai füzetei</subfield>
    </datafield>
    <datafield tag="852" ind1=" " ind2=" ">
      <subfield code="a">B10</subfield>
      <subfield code="B">1803</subfield>
      <subfield code="B">1401</subfield>
      <subfield code="B">1104</subfield>
      <subfield code="B">0101</subfield>
      <subfield code="B">1105</subfield>
      <subfield code="B">1201</subfield>
      <subfield code="B">0307</subfield>
      <subfield code="B">1202</subfield>
      <subfield code="B">2203</subfield>
      <subfield code="b">2101</subfield>
      <subfield code="x">bibFSZ00047113</subfield>
    </datafield>
    <datafield tag="852" ind1=" " ind2=" ">
      <subfield code="a">B11</subfield>
      <subfield code="b">B11</subfield>
      <subfield code="x">BMEOMIKK000113181</subfield>
    </datafield>
    <datafield tag="852" ind1=" " ind2=" ">
      <subfield code="a">BCS1</subfield>
      <subfield code="b">BCS1</subfield>
      <subfield code="x">bibBKO00142587</subfield>
    </datafield>
    <datafield tag="852" ind1=" " ind2=" ">
      <subfield code="a">SZL1</subfield>
      <subfield code="b">SZL1</subfield>
      <subfield code="x">bibVFK00227671</subfield>
    </datafield>
  </record>
  <record>
    <leader>00949nama 22002651i 4500</leader>
    <controlfield tag="001">MOKKAS0000502510  </controlfield>
    <controlfield tag="005">20101109164024.0</controlfield>
    <controlfield tag="008">040730s1970    hu            000 0 hunod</controlfield>
    <datafield tag="035" ind1=" " ind2=" ">
      <subfield code="a">1261288</subfield>
    </datafield>
    <datafield tag="040" ind1=" " ind2=" ">
      <subfield code="a">OSZK</subfield>
    </datafield>
    <datafield tag="041" ind1="0" ind2=" ">
      <subfield code="a">hunhun</subfield>
    </datafield>
    <datafield tag="080" ind1=" " ind2=" ">
      <subfield code="a">625.52(439-2Budapest)(091)</subfield>
    </datafield>
    <datafield tag="100" ind1="1" ind2=" ">
      <subfield code="a">Petrik Ottó</subfield>
    </datafield>
    <datafield tag="245" ind1="1" ind2="0">
      <subfield code="a">100 éves a Budai Hegypálya /</subfield>
      <subfield code="c">Petrik Ottó</subfield>
    </datafield>
    <datafield tag="260" ind1=" " ind2=" ">
      <subfield code="a">Budapest :</subfield>
      <subfield code="b">Magyar Vasútmodellezők és Vasútbarátok Országos Egyesület,</subfield>
      <subfield code="c">1970</subfield>
      <subfield code="e">(Budapest</subfield>
      <subfield code="f">[Főv. Ny. soksz.])</subfield>
    </datafield>
    <datafield tag="300" ind1=" " ind2=" ">
      <subfield code="a">64 p. :</subfield>
      <subfield code="b">ill. ;</subfield>
      <subfield code="c">20 cm</subfield>
    </datafield>
    <datafield tag="490" ind1="1" ind2=" ">
      <subfield code="a">A Magyar Vasútmodellezők és Vasútbarátok Országos Egyesületének szakmai füzetei</subfield>
      <subfield code="p">Vasutak világa</subfield>
      <subfield code="v">1.</subfield>
    </datafield>
    <datafield tag="504" ind1=" " ind2=" ">
      <subfield code="a">Bibliogr.: p. 58-60.</subfield>
    </datafield>
    <datafield tag="650" ind1=" " ind2="4">
      <subfield code="a">vasút</subfield>
    </datafield>
    <datafield tag="650" ind1=" " ind2="4">
      <subfield code="a">helyismeret</subfield>
    </datafield>
    <datafield tag="650" ind1=" " ind2="4">
      <subfield code="a">hegypálya</subfield>
    </datafield>
    <datafield tag="651" ind1=" " ind2="4">
      <subfield code="a">Budapest</subfield>
    </datafield>
    <datafield tag="830" ind1=" " ind2="2">
      <subfield code="a">A Magyar Vasútmodellezők és Vasútbarátok Országos Egyesületének szakmai füzetei</subfield>
    </datafield>
    <datafield tag="852" ind1=" " ind2=" ">
      <subfield code="a">B1</subfield>
      <subfield code="b">B1</subfield>
      <subfield code="x">1261288</subfield>
    </datafield>
    <datafield tag="852" ind1=" " ind2=" ">
      <subfield code="a">M2</subfield>
      <subfield code="x">bibFSZ00047113</subfield>
    </datafield>
  </record>
  <record>
    <leader>00949nam  2200253   4500</leader>
    <controlfield tag="001">MOKKAS0002210635  </controlfield>
    <controlfield tag="005">20060525215708.0</controlfield>
    <controlfield tag="008">000404 1970    hu            00010 hun  </controlfield>
    <datafield tag="020" ind1=" " ind2=" ">
      <subfield code="a">(Kötött)</subfield>
    </datafield>
    <datafield tag="035" ind1=" " ind2=" ">
      <subfield code="a">bibSOK00071555</subfield>
    </datafield>
    <datafield tag="040" ind1=" " ind2=" ">
      <subfield code="a">SK</subfield>
    </datafield>
    <datafield tag="100" ind1="1" ind2=" ">
      <subfield code="a">Petrik Ottó</subfield>
    </datafield>
    <datafield tag="245" ind1="1" ind2="0">
      <subfield code="a">100 éves a Budai Hegypálya /</subfield>
      <subfield code="c">Petrik Ottó ; [fényképek és repr. Szabó Mihály, Wahr János]</subfield>
    </datafield>
    <datafield tag="260" ind1=" " ind2=" ">
      <subfield code="a">Bp. :</subfield>
      <subfield code="b">MVVOE,</subfield>
      <subfield code="c">1970</subfield>
    </datafield>
    <datafield tag="300" ind1=" " ind2=" ">
      <subfield code="a">64 p. :</subfield>
      <subfield code="b">ill. ;</subfield>
      <subfield code="c">20 cm</subfield>
    </datafield>
    <datafield tag="490" ind1="1" ind2=" ">
      <subfield code="a">(Vasutak világa ;</subfield>
      <subfield code="v">1.)</subfield>
    </datafield>
    <datafield tag="490" ind1="1" ind2=" ">
      <subfield code="a">(A Magyar Vasútmodellezők és Vasútbarátok Országos Egyesületének szakmai füzetei ;</subfield>
      <subfield code="v">4.)</subfield>
    </datafield>
    <datafield tag="500" ind1=" " ind2=" ">
      <subfield code="a">Angol, német, orosz tartalomjegyzékkel és összefoglalóval</subfield>
    </datafield>
    <datafield tag="504" ind1=" " ind2=" ">
      <subfield code="a">Bibliogr.: p. 58-60.</subfield>
    </datafield>
    <datafield tag="695" ind1=" " ind2=" ">
      <subfield code="a">xxx</subfield>
    </datafield>
    <datafield tag="695" ind1=" " ind2=" ">
      <subfield code="a">Közlekedés</subfield>
      <subfield code="x">Budapest</subfield>
      <subfield code="x">sikló</subfield>
    </datafield>
    <datafield tag="830" ind1=" " ind2="0">
      <subfield code="a">Vasutak világa</subfield>
    </datafield>
    <datafield tag="830" ind1=" " ind2="2">
      <subfield code="a">A Magyar Vasútmodellezők és Vasútbarátok Országos Egyesületének szakmai füzetei</subfield>
    </datafield>
    <datafield tag="852" ind1=" " ind2=" ">
      <subfield code="a">SZ4</subfield>
      <subfield code="b">SZ4</subfield>
      <subfield code="x">bibSOK00071555</subfield>
    </datafield>
  </record>
  <record>
    <leader>00886nam  2200217   4500</leader>
    <controlfield tag="001">MOKKAS0002166722  </controlfield>
    <controlfield tag="005">20060617163959.0</controlfield>
    <controlfield tag="008">990219 1995    hu            00010 hun  </controlfield>
    <datafield tag="020" ind1=" " ind2=" ">
      <subfield code="a">(Kötött)</subfield>
    </datafield>
    <datafield tag="035" ind1=" " ind2=" ">
      <subfield code="a">bibSOK00012057</subfield>
    </datafield>
    <datafield tag="040" ind1=" " ind2=" ">
      <subfield code="a">SK</subfield>
    </datafield>
    <datafield tag="245" ind1="0" ind2="0">
      <subfield code="a">100 éves a dél-alföldi áramszolgáltatás /</subfield>
      <subfield code="c">szerk. Petri Pál ; [... kiad. a Délmagyarországi Áramszolgáltató Rt.]</subfield>
    </datafield>
    <datafield tag="260" ind1=" " ind2=" ">
      <subfield code="a">Szeged :</subfield>
      <subfield code="b">Délmagyarországi Áramszolgáltató Rt.,</subfield>
      <subfield code="c">1995</subfield>
      <subfield code="e">([Hódmezővásárhely] :</subfield>
      <subfield code="f">Norma Ny.)</subfield>
    </datafield>
    <datafield tag="300" ind1=" " ind2=" ">
      <subfield code="a">472 p. :</subfield>
      <subfield code="b">ill., részben színes ;</subfield>
      <subfield code="c">30 cm</subfield>
    </datafield>
    <datafield tag="504" ind1=" " ind2=" ">
      <subfield code="a">Bibliogr.: p. 459-461.</subfield>
    </datafield>
    <datafield tag="610" ind1="2" ind2="7">
      <subfield code="a">Délmagyarországi Áramszolgáltató Rt. (Szeged)</subfield>
    </datafield>
    <datafield tag="650" ind1=" " ind2="7">
      <subfield code="a">Villamosenergiaipar</subfield>
      <subfield code="x">Dél-Alföld</subfield>
      <subfield code="2">szte</subfield>
    </datafield>
    <datafield tag="700" ind1="1" ind2=" ">
      <subfield code="a">Petri Pál</subfield>
    </datafield>
    <datafield tag="710" ind1="2" ind2=" ">
      <subfield code="a">Délmagyarországi Áramszolgáltató Rt. (Szeged)</subfield>
    </datafield>
    <datafield tag="710" ind1="2" ind2=" ">
      <subfield code="a">Norma Nyomdász Kft. (Hódmezővásárhely)</subfield>
    </datafield>
    <datafield tag="852" ind1=" " ind2=" ">
      <subfield code="a">SZ4</subfield>
      <subfield code="b">SZ4</subfield>
      <subfield code="x">bibSOK00012057</subfield>
    </datafield>
  </record>
  <record>
    <leader>00863nam  2200229 i 4500</leader>
    <controlfield tag="001">MOKKAS0001162500  </controlfield>
    <controlfield tag="005">20060114201224.0</controlfield>
    <controlfield tag="008">050903s1995    hu            00010 hun d</controlfield>
    <datafield tag="035" ind1=" " ind2=" ">
      <subfield code="a">bibBKO00200835</subfield>
    </datafield>
    <datafield tag="040" ind1=" " ind2=" ">
      <subfield code="a">BMK</subfield>
    </datafield>
    <datafield tag="245" ind1="0" ind2="0">
      <subfield code="a">100 éves a dél-alföldi áramszolgáltatás /</subfield>
      <subfield code="c">szerk. Petri Pál ; témaszerk. Braun Miksa [et al.] ; ... kiad. a Délmagyarországi Áramszolgáltató Rt.</subfield>
    </datafield>
    <datafield tag="260" ind1=" " ind2=" ">
      <subfield code="a">Szeged :</subfield>
      <subfield code="b">DÉMÁSZ,</subfield>
      <subfield code="c">1995</subfield>
    </datafield>
    <datafield tag="300" ind1=" " ind2=" ">
      <subfield code="a">472 p. :</subfield>
      <subfield code="b">ill. ;</subfield>
      <subfield code="c">29 cm</subfield>
    </datafield>
    <datafield tag="504" ind1=" " ind2=" ">
      <subfield code="a">Bibliogr.: p. 459-461.</subfield>
    </datafield>
    <datafield tag="650" ind1=" " ind2="4">
      <subfield code="a">áramszolgáltatás - Dél-Alföld - történet</subfield>
    </datafield>
    <datafield tag="650" ind1=" " ind2="6">
      <subfield code="a">áramszolgáltatás - Dél-Alföld - történet</subfield>
    </datafield>
    <datafield tag="651" ind1=" " ind2="4">
      <subfield code="a">Dél-Alföld</subfield>
    </datafield>
    <datafield tag="651" ind1=" " ind2="4">
      <subfield code="a">Békés megye</subfield>
    </datafield>
    <datafield tag="700" ind1="1" ind2=" ">
      <subfield code="a">Petri Pál</subfield>
      <subfield code="4">szerk.</subfield>
    </datafield>
    <datafield tag="700" ind1="1" ind2=" ">
      <subfield code="a">Braun Miksa</subfield>
      <subfield code="4">szerk.</subfield>
    </datafield>
    <datafield tag="710" ind1="2" ind2=" ">
      <subfield code="a">Délmagyarországi Áramszolgáltató Rt (Szeged)</subfield>
      <subfield code="4">közread.</subfield>
    </datafield>
    <datafield tag="852" ind1=" " ind2=" ">
      <subfield code="a">BCS1</subfield>
      <subfield code="b">BCS1</subfield>
      <subfield code="x">bibBKO00200835</subfield>
    </datafield>
  </record>
  <record>
    <leader>01235nam  2200337 i 4500</leader>
    <controlfield tag="001">MOKKAS0003840697  </controlfield>
    <controlfield tag="005">20091201194302.0</controlfield>
    <controlfield tag="008">      s1997    hu a     b          hun d</controlfield>
    <datafield tag="020" ind1=" " ind2=" ">
      <subfield code="a">(fűzött)</subfield>
    </datafield>
    <datafield tag="035" ind1=" " ind2=" ">
      <subfield code="a">bibFSZ141504</subfield>
    </datafield>
    <datafield tag="040" ind1=" " ind2=" ">
      <subfield code="a">SZTE</subfield>
    </datafield>
    <datafield tag="041" ind1="0" ind2=" ">
      <subfield code="a">hun</subfield>
      <subfield code="b">gereng</subfield>
    </datafield>
    <datafield tag="080" ind1=" " ind2="0">
      <subfield code="a">364.444.046.6(439-2Bp.)(091)</subfield>
    </datafield>
    <datafield tag="100" ind1="1" ind2=" ">
      <subfield code="a">Pintér Endre</subfield>
    </datafield>
    <datafield tag="245" ind1="1" ind2="0">
      <subfield code="a">100 éves a Szent Margit Kórház :</subfield>
      <subfield code="b">óbudai kórháztörténet dióhéjban /</subfield>
      <subfield code="c">Pintér Endre ; [fotó Antal István] ; [német ford. Portisch Judit] ; [angol ford. Rédl Emőke]</subfield>
    </datafield>
    <datafield tag="260" ind1=" " ind2=" ">
      <subfield code="a">Budapest :</subfield>
      <subfield code="b">Óbudai Múzeum,</subfield>
      <subfield code="c">1997</subfield>
    </datafield>
    <datafield tag="300" ind1=" " ind2=" ">
      <subfield code="a">47 p. :</subfield>
      <subfield code="b">ill. ;</subfield>
      <subfield code="c">21 cm</subfield>
    </datafield>
    <datafield tag="490" ind1="1" ind2=" ">
      <subfield code="a">(Helytörténeti füzetek / Óbudai Múzeum,</subfield>
      <subfield code="x">1416-583X ;</subfield>
      <subfield code="v">1997/2.)</subfield>
    </datafield>
    <datafield tag="504" ind1=" " ind2=" ">
      <subfield code="a">Bibliogr. a belső borítón</subfield>
    </datafield>
    <datafield tag="546" ind1=" " ind2=" ">
      <subfield code="a">Német, angol összefoglalás</subfield>
    </datafield>
    <datafield tag="650" ind1=" " ind2="7">
      <subfield code="a">Kórház</subfield>
      <subfield code="x">Magyarország</subfield>
      <subfield code="x">regionális</subfield>
      <subfield code="2">szte</subfield>
    </datafield>
    <datafield tag="650" ind1=" " ind2="7">
      <subfield code="a">Budapest</subfield>
      <subfield code="x">kórház</subfield>
      <subfield code="x">története</subfield>
      <subfield code="2">szte</subfield>
    </datafield>
    <datafield tag="651" ind1=" " ind2=" ">
      <subfield code="a">Budapest.</subfield>
      <subfield code="b">3. kerület</subfield>
    </datafield>
    <datafield tag="651" ind1=" " ind2=" ">
      <subfield code="a">Budapest III. kerület</subfield>
    </datafield>
    <datafield tag="700" ind1="1" ind2=" ">
      <subfield code="a">Antal István</subfield>
    </datafield>
    <datafield tag="700" ind1="1" ind2=" ">
      <subfield code="a">Portisch Judit</subfield>
    </datafield>
    <datafield tag="700" ind1="1" ind2=" ">
      <subfield code="a">Redl Emőke</subfield>
    </datafield>
    <datafield tag="710" ind1="2" ind2=" ">
      <subfield code="a">Óbudai Múzeum</subfield>
    </datafield>
    <datafield tag="830" ind1=" " ind2="0">
      <subfield code="a">Helytörténeti füzetek (Óbudai Múzeum)</subfield>
    </datafield>
    <datafield tag="852" ind1=" " ind2=" ">
      <subfield code="a">SZ1</subfield>
      <subfield code="b">SZ1</subfield>
      <subfield code="x">bibFSZ141504</subfield>
    </datafield>
    <datafield tag="852" ind1=" " ind2=" ">
      <subfield code="a">B10</subfield>
      <subfield code="b">0801B</subfield>
      <subfield code="b">0307</subfield>
      <subfield code="x">bibFSZ141504</subfield>
    </datafield>
  </record>
  <record>
    <leader>00620cam  2200205 a 4500</leader>
    <controlfield tag="001">MOKKAN0004102124  </controlfield>
    <controlfield tag="005">20070306230903.0</controlfield>
    <controlfield tag="008">050322c        hu            00010 hun d</controlfield>
    <datafield tag="035" ind1=" " ind2=" ">
      <subfield code="a">46467</subfield>
    </datafield>
    <datafield tag="040" ind1=" " ind2=" ">
      <subfield code="a">SEKK</subfield>
    </datafield>
    <datafield tag="041" ind1="0" ind2=" ">
      <subfield code="a">hun</subfield>
    </datafield>
    <datafield tag="100" ind1="1" ind2="0">
      <subfield code="a">Pintér Endre</subfield>
    </datafield>
    <datafield tag="245" ind1="1" ind2="0">
      <subfield code="a">100 éves a Szent Margit Kórház :</subfield>
      <subfield code="b">Óbudai kórháztörténet dióhéjban /</subfield>
      <subfield code="c">Pintér Endre</subfield>
    </datafield>
    <datafield tag="260" ind1="0" ind2="0">
      <subfield code="a">Bp. :</subfield>
      <subfield code="b">Óbudai Múzeum,</subfield>
      <subfield code="c">[1997.]</subfield>
    </datafield>
    <datafield tag="300" ind1=" " ind2=" ">
      <subfield code="a">46 p. ;</subfield>
      <subfield code="c">21cm.</subfield>
    </datafield>
    <datafield tag="490" ind1="1" ind2="0">
      <subfield code="a">(Helytörténeti Füzetek ;</subfield>
      <subfield code="v">II/2.)</subfield>
    </datafield>
    <datafield tag="650" ind1="1" ind2="4">
      <subfield code="a">Hospitals</subfield>
      <subfield code="x">History</subfield>
    </datafield>
    <datafield tag="650" ind1="1" ind2="4">
      <subfield code="a">Kórházak</subfield>
      <subfield code="x">Történet</subfield>
    </datafield>
    <datafield tag="830" ind1=" " ind2="0">
      <subfield code="a">Helytörténeti füzetek</subfield>
    </datafield>
    <datafield tag="852" ind1=" " ind2=" ">
      <subfield code="a">B13</subfield>
      <subfield code="b">B13</subfield>
      <subfield code="x">46467</subfield>
    </datafield>
  </record>
  <record>
    <leader>00801nam  2200241 ir4500</leader>
    <controlfield tag="001">MOKKAS0002080901  </controlfield>
    <controlfield tag="005">20060617074226.0</controlfield>
    <controlfield tag="008">050307s2005    hu a     b    000 0dhun d</controlfield>
    <datafield tag="035" ind1=" " ind2=" ">
      <subfield code="a">2550260</subfield>
    </datafield>
    <datafield tag="040" ind1=" " ind2=" ">
      <subfield code="a">OSZK</subfield>
    </datafield>
    <datafield tag="041" ind1="1" ind2=" ">
      <subfield code="a">hunhun</subfield>
      <subfield code="b">gereng</subfield>
    </datafield>
    <datafield tag="100" ind1="1" ind2=" ">
      <subfield code="a">Pintér Endre</subfield>
      <subfield code="d">(1927-)</subfield>
    </datafield>
    <datafield tag="245" ind1="1" ind2="0">
      <subfield code="a">100 éves a Szent Margit Kórház : </subfield>
      <subfield code="b">óbudai kórháztörténet dióhéjban /</subfield>
      <subfield code="c">Pintér Endre</subfield>
    </datafield>
    <datafield tag="260" ind1=" " ind2=" ">
      <subfield code="a">Budapest :</subfield>
      <subfield code="b">Óbudai Múz.,</subfield>
      <subfield code="c">[2005]</subfield>
    </datafield>
    <datafield tag="300" ind1=" " ind2=" ">
      <subfield code="a">47 p. :</subfield>
      <subfield code="b">ill. ;</subfield>
      <subfield code="c">21 cm</subfield>
    </datafield>
    <datafield tag="490" ind1="1" ind2=" ">
      <subfield code="a">Helytörténeti füzetek</subfield>
      <subfield code="x">1416-583X</subfield>
      <subfield code="v">1997/2.</subfield>
    </datafield>
    <datafield tag="500" ind1=" " ind2=" ">
      <subfield code="a">Összefoglalás német és angol nyelven</subfield>
    </datafield>
    <datafield tag="504" ind1=" " ind2=" ">
      <subfield code="a">Bibliogr.: p. [48].</subfield>
    </datafield>
    <datafield tag="610" ind1="2" ind2="4">
      <subfield code="a">Szent Margit Kórház (Budapest)</subfield>
    </datafield>
    <datafield tag="650" ind1="1" ind2="7">
      <subfield code="a">kórház</subfield>
      <subfield code="2">oszk</subfield>
    </datafield>
    <datafield tag="651" ind1=" " ind2="4">
      <subfield code="a">Budapest</subfield>
      <subfield code="b">III. kerület</subfield>
    </datafield>
    <datafield tag="830" ind1=" " ind2="0">
      <subfield code="a">Helytörténeti füzetek</subfield>
    </datafield>
    <datafield tag="852" ind1=" " ind2=" ">
      <subfield code="a">B1</subfield>
      <subfield code="b">B1</subfield>
      <subfield code="x">2550260</subfield>
    </datafield>
  </record>
  <record>
    <leader>00483nam  2200169 i 4500</leader>
    <controlfield tag="001">MOKKAW0005790275  </controlfield>
    <controlfield tag="005">20080418234612.0</controlfield>
    <controlfield tag="008">040217s2003    hu            000 0 hun d</controlfield>
    <datafield tag="035" ind1=" " ind2=" ">
      <subfield code="a">BMEOMIKK000453972</subfield>
    </datafield>
    <datafield tag="040" ind1=" " ind2=" ">
      <subfield code="a">BMEOMIKK</subfield>
    </datafield>
    <datafield tag="041" ind1="0" ind2=" ">
      <subfield code="a">hun</subfield>
    </datafield>
    <datafield tag="044" ind1=" " ind2=" ">
      <subfield code="a">hu</subfield>
    </datafield>
    <datafield tag="245" ind1="0" ind2="0">
      <subfield code="a">100 éves a gibárti vízerőmű, 1903-2003 /</subfield>
      <subfield code="c">[összeáll. Reichardt Sándor]</subfield>
    </datafield>
    <datafield tag="260" ind1=" " ind2=" ">
      <subfield code="a">Miskolc :</subfield>
      <subfield code="b">ÉMÁSZ,</subfield>
      <subfield code="c">2003</subfield>
    </datafield>
    <datafield tag="300" ind1=" " ind2=" ">
      <subfield code="a">40 p. ;</subfield>
      <subfield code="c">22 cm</subfield>
    </datafield>
    <datafield tag="700" ind1="1" ind2=" ">
      <subfield code="a">Reichardt Sándor</subfield>
    </datafield>
    <datafield tag="852" ind1=" " ind2=" ">
      <subfield code="a">B11</subfield>
      <subfield code="b">B11</subfield>
      <subfield code="x">BMEOMIKK000453972</subfield>
    </datafield>
  </record>
  <record>
    <leader>00842nam  2200205 i 4500</leader>
    <controlfield tag="001">MOKKAZ0006402617  </controlfield>
    <controlfield tag="005">20090708102933.0</controlfield>
    <controlfield tag="008">010222s2000    hu ar         000 0 hun d</controlfield>
    <datafield tag="020" ind1=" " ind2=" ">
      <subfield code="a">963-00-5805-7 (kötött)</subfield>
      <subfield code="z">963-86137-0-X</subfield>
    </datafield>
    <datafield tag="035" ind1=" " ind2=" ">
      <subfield code="a">799755</subfield>
    </datafield>
    <datafield tag="040" ind1=" " ind2=" ">
      <subfield code="a">OSZK</subfield>
    </datafield>
    <datafield tag="041" ind1="0" ind2=" ">
      <subfield code="a">hunhun</subfield>
    </datafield>
    <datafield tag="245" ind1="0" ind2="0">
      <subfield code="a">100 éves a miskolci - Erzsébet - Semmelweis Kórház : </subfield>
      <subfield code="b">[jubileumi évkönyv] /</subfield>
      <subfield code="c">[szerk. Sallai Zsolt] ; [szerzők Dobrossy István et al.]</subfield>
    </datafield>
    <datafield tag="260" ind1=" " ind2=" ">
      <subfield code="a">[Miskolc] :</subfield>
      <subfield code="b">Semmelweis Kórház,</subfield>
      <subfield code="c">2000</subfield>
      <subfield code="e">(Miskolc</subfield>
      <subfield code="f">MicroPress)</subfield>
    </datafield>
    <datafield tag="300" ind1=" " ind2=" ">
      <subfield code="a">206 p. :</subfield>
      <subfield code="b">ill., részben színes ;</subfield>
      <subfield code="c">31 cm</subfield>
    </datafield>
    <datafield tag="610" ind1="2" ind2="4">
      <subfield code="a">Semmelweis Kórház és Rendelőintézet (Miskolc)</subfield>
    </datafield>
    <datafield tag="700" ind1="1" ind2=" ">
      <subfield code="a">Sallai Zsolt</subfield>
      <subfield code="4">(szerk.)</subfield>
    </datafield>
    <datafield tag="700" ind1="1" ind2=" ">
      <subfield code="a">Dobrossy István</subfield>
      <subfield code="d">(1946-)</subfield>
      <subfield code="x">bibliográfia</subfield>
      <subfield code="4">(közrem.)</subfield>
    </datafield>
    <datafield tag="710" ind1="2" ind2=" ">
      <subfield code="a">Semmelweis Kórház és Rendelőintézet (Miskolc)</subfield>
      <subfield code="4">közread.</subfield>
    </datafield>
    <datafield tag="852" ind1=" " ind2=" ">
      <subfield code="a">B1</subfield>
      <subfield code="b">B1</subfield>
      <subfield code="x">799755</subfield>
    </datafield>
  </record>
  <record>
    <leader>01173fam  2200385 i 4500</leader>
    <controlfield tag="001">MOKKAZ0005896079  </controlfield>
    <controlfield tag="005">20090618010636.0</controlfield>
    <controlfield tag="008">010202s2000                  000 0 hun d</controlfield>
    <datafield tag="020" ind1=" " ind2=" ">
      <subfield code="a">963-86137-0-X (fűzött) :</subfield>
      <subfield code="c">2000,- Ft</subfield>
    </datafield>
    <datafield tag="035" ind1=" " ind2=" ">
      <subfield code="a">BMEOMIKK000148672</subfield>
    </datafield>
    <datafield tag="040" ind1=" " ind2=" ">
      <subfield code="a">BMEOMIKK</subfield>
    </datafield>
    <datafield tag="041" ind1="0" ind2=" ">
      <subfield code="a">hun</subfield>
    </datafield>
    <datafield tag="245" ind1="0" ind2="0">
      <subfield code="a">100 éves a miskolci - Erzsébet - Semmelweis kórház : </subfield>
      <subfield code="b">Jubileumi évkönyv /</subfield>
      <subfield code="c">[szerk. Sallai Zsolt]</subfield>
    </datafield>
    <datafield tag="260" ind1=" " ind2=" ">
      <subfield code="a">[Miskolc] :</subfield>
      <subfield code="b">Semmelweis Kórház,</subfield>
      <subfield code="c">[2000]</subfield>
    </datafield>
    <datafield tag="300" ind1=" " ind2=" ">
      <subfield code="a">206 p. ;</subfield>
      <subfield code="c">31 cm</subfield>
    </datafield>
    <datafield tag="504" ind1=" " ind2=" ">
      <subfield code="a">Bibliogr.: 41. p. és a lábjegyzetekben</subfield>
    </datafield>
    <datafield tag="600" ind1="2" ind2="4">
      <subfield code="a">Semmelweis (Erzsébet) Kórház</subfield>
      <subfield code="c">(Miskolc)</subfield>
    </datafield>
    <datafield tag="650" ind1=" " ind2="4">
      <subfield code="a">kórházak</subfield>
    </datafield>
    <datafield tag="650" ind1=" " ind2="4">
      <subfield code="a">1900-2000</subfield>
    </datafield>
    <datafield tag="650" ind1=" " ind2="4">
      <subfield code="a">évkönyvek</subfield>
    </datafield>
    <datafield tag="650" ind1=" " ind2="6">
      <subfield code="a">helytörténet</subfield>
    </datafield>
    <datafield tag="650" ind1=" " ind2="6">
      <subfield code="a">honismeret</subfield>
    </datafield>
    <datafield tag="650" ind1=" " ind2="6">
      <subfield code="a">kórházak</subfield>
    </datafield>
    <datafield tag="650" ind1=" " ind2="6">
      <subfield code="a">egészségügy</subfield>
    </datafield>
    <datafield tag="650" ind1=" " ind2="6">
      <subfield code="a">1900-2000</subfield>
    </datafield>
    <datafield tag="650" ind1=" " ind2="6">
      <subfield code="a">évkönyvek</subfield>
    </datafield>
    <datafield tag="650" ind1=" " ind2="4">
      <subfield code="a">kórháztörténet</subfield>
    </datafield>
    <datafield tag="650" ind1=" " ind2="4">
      <subfield code="a">egészségügy története</subfield>
    </datafield>
    <datafield tag="650" ind1=" " ind2="4">
      <subfield code="a">20. század második fele</subfield>
    </datafield>
    <datafield tag="651" ind1=" " ind2="4">
      <subfield code="a">Miskolc</subfield>
    </datafield>
    <datafield tag="651" ind1=" " ind2="4">
      <subfield code="a">Magyarország</subfield>
    </datafield>
    <datafield tag="700" ind1="1" ind2=" ">
      <subfield code="a">Sallai Zsolt</subfield>
    </datafield>
    <datafield tag="852" ind1=" " ind2=" ">
      <subfield code="a">B11</subfield>
      <subfield code="b">B11</subfield>
      <subfield code="x">BMEOMIKK000148672</subfield>
    </datafield>
    <datafield tag="852" ind1=" " ind2=" ">
      <subfield code="a">M2</subfield>
      <subfield code="b">M2</subfield>
      <subfield code="x">bibRFK00121168</subfield>
    </datafield>
    <datafield tag="852" ind1=" " ind2=" ">
      <subfield code="a">B8</subfield>
      <subfield code="b">B8</subfield>
      <subfield code="x">OGYK000044215</subfield>
    </datafield>
  </record>
  <record>
    <leader>00621nama 22001811i 4500</leader>
    <controlfield tag="001">MOKKAS0000495834  </controlfield>
    <controlfield tag="005">20090619134047.0</controlfield>
    <controlfield tag="008">040730s1968    hu            000 0 hunod</controlfield>
    <datafield tag="035" ind1=" " ind2=" ">
      <subfield code="a">1254612</subfield>
    </datafield>
    <datafield tag="040" ind1=" " ind2=" ">
      <subfield code="a">OSZK</subfield>
    </datafield>
    <datafield tag="041" ind1="0" ind2=" ">
      <subfield code="a">hunhun</subfield>
    </datafield>
    <datafield tag="100" ind1="1" ind2=" ">
      <subfield code="a">Sarlós János</subfield>
      <subfield code="c">(cédulakatalógus alapján)</subfield>
    </datafield>
    <datafield tag="245" ind1="1" ind2="0">
      <subfield code="a">100 éves a Cement- és Mészművek Lábatlani gyára : </subfield>
      <subfield code="b">[1868-1968] /</subfield>
      <subfield code="c">[Sarlós János]</subfield>
    </datafield>
    <datafield tag="260" ind1=" " ind2=" ">
      <subfield code="a">Budapest :</subfield>
      <subfield code="b">Műszaki Kiadó,</subfield>
      <subfield code="c">1968</subfield>
      <subfield code="e">(Budapest</subfield>
      <subfield code="f">Felsőokt. Jegyzetell. soksz.)</subfield>
    </datafield>
    <datafield tag="300" ind1=" " ind2=" ">
      <subfield code="a">48 p. :</subfield>
      <subfield code="b">ill. ;</subfield>
      <subfield code="c">Har. 20 cm</subfield>
    </datafield>
    <datafield tag="653" ind1=" " ind2=" ">
      <subfield code="a">ipari telephely tört.</subfield>
    </datafield>
    <datafield tag="852" ind1=" " ind2=" ">
      <subfield code="a">B1</subfield>
      <subfield code="b">B1</subfield>
      <subfield code="x">1254612</subfield>
    </datafield>
    <datafield tag="852" ind1=" " ind2=" ">
      <subfield code="a">B8</subfield>
      <subfield code="b">B8</subfield>
      <subfield code="x">OGYK000129383</subfield>
    </datafield>
  </record>
  <record>
    <leader>01047fam  2200277 i 4500</leader>
    <controlfield tag="001">MOKKAZ0006388284  </controlfield>
    <controlfield tag="005">20040915200010.0</controlfield>
    <controlfield tag="008">000209s1999    hu ac         000 0 hun d</controlfield>
    <datafield tag="020" ind1=" " ind2=" ">
      <subfield code="a">963-03-9595-9 (fűzött)</subfield>
    </datafield>
    <datafield tag="035" ind1=" " ind2=" ">
      <subfield code="a">410485</subfield>
    </datafield>
    <datafield tag="040" ind1=" " ind2=" ">
      <subfield code="a">OSZK</subfield>
    </datafield>
    <datafield tag="041" ind1="0" ind2=" ">
      <subfield code="a">hunhun</subfield>
    </datafield>
    <datafield tag="245" ind1="0" ind2="0">
      <subfield code="a">100 éves a Herendi Általános Iskola, 1899-1999 : </subfield>
      <subfield code="b">jubileumi évkönyv /</subfield>
      <subfield code="c">[szerk. Schindler Lászlóné]</subfield>
    </datafield>
    <datafield tag="260" ind1=" " ind2=" ">
      <subfield code="a">[Herend] :</subfield>
      <subfield code="b">[Herendi Ált. Isk.],</subfield>
      <subfield code="c">[1999]</subfield>
      <subfield code="e">(Veszprém</subfield>
      <subfield code="f">Faa Produkt Ny.)</subfield>
    </datafield>
    <datafield tag="300" ind1=" " ind2=" ">
      <subfield code="a">220 p. :</subfield>
      <subfield code="b">ill. ;</subfield>
      <subfield code="c">21 cm</subfield>
    </datafield>
    <datafield tag="610" ind1="2" ind2="4">
      <subfield code="a">Herendi Általános Iskola és Zeneiskola</subfield>
    </datafield>
    <datafield tag="650" ind1=" " ind2="4">
      <subfield code="a">Általános iskolák</subfield>
      <subfield code="z">Magyarország</subfield>
      <subfield code="z">Herend</subfield>
    </datafield>
    <datafield tag="650" ind1=" " ind2="4">
      <subfield code="a">Iskolai évkönyvek</subfield>
      <subfield code="z">Magyarország</subfield>
      <subfield code="z">Herend</subfield>
    </datafield>
    <datafield tag="650" ind1=" " ind2="0">
      <subfield code="a">Elementary schools</subfield>
      <subfield code="z">Hungary</subfield>
      <subfield code="z">Herend.</subfield>
    </datafield>
    <datafield tag="650" ind1=" " ind2="0">
      <subfield code="a">School yearbooks</subfield>
      <subfield code="z">Hungary</subfield>
      <subfield code="z">Herend.</subfield>
    </datafield>
    <datafield tag="650" ind1=" " ind2="7">
      <subfield code="a">általános iskolák</subfield>
      <subfield code="2">szte</subfield>
    </datafield>
    <datafield tag="650" ind1=" " ind2="7">
      <subfield code="a">helytörténet</subfield>
      <subfield code="2">szte</subfield>
    </datafield>
    <datafield tag="700" ind1="1" ind2=" ">
      <subfield code="a">Schindler Lászlóné</subfield>
      <subfield code="4">(szerk.)</subfield>
    </datafield>
    <datafield tag="710" ind1="2" ind2=" ">
      <subfield code="a">Herendi Általános Iskola és Zeneiskola</subfield>
      <subfield code="4">közread.</subfield>
    </datafield>
    <datafield tag="852" ind1=" " ind2=" ">
      <subfield code="a">B1</subfield>
      <subfield code="b">B1</subfield>
      <subfield code="x">410485</subfield>
    </datafield>
    <datafield tag="852" ind1=" " ind2=" ">
      <subfield code="a">D1</subfield>
      <subfield code="b">D1</subfield>
      <subfield code="x">bibKLT00261308</subfield>
    </datafield>
  </record>
  <record>
    <leader>00392cam  22001217  4500</leader>
    <controlfield tag="001">MOKKAZ0004610526  </controlfield>
    <controlfield tag="005">20040910084240.0</controlfield>
    <controlfield tag="008">000211s1980                  00    hun d</controlfield>
    <datafield tag="035" ind1=" " ind2=" ">
      <subfield code="a">bibFSZ39609</subfield>
    </datafield>
    <datafield tag="040" ind1=" " ind2=" ">
      <subfield code="a">FSZEK</subfield>
    </datafield>
    <datafield tag="245" ind1="0" ind2="2">
      <subfield code="a">100 éves a Magyar Vöröskereszt ; 60 éves az ifjúsági vöröskereszt /</subfield>
      <subfield code="c">[irta és szerk. Magyar János]</subfield>
    </datafield>
    <datafield tag="260" ind1=" " ind2=" ">
      <subfield code="a">Budapest :</subfield>
      <subfield code="b">[S.n.],</subfield>
      <subfield code="c"/>
    </datafield>
    <datafield tag="852" ind1=" " ind2=" ">
      <subfield code="a">B10</subfield>
      <subfield code="b">0801B</subfield>
      <subfield code="x">bibFSZ39609</subfield>
    </datafield>
  </record>
  <record>
    <leader>00584nam  2200181 i 4500</leader>
    <controlfield tag="001">MOKKAZ0006475005  </controlfield>
    <controlfield tag="005">20040915204459.0</controlfield>
    <controlfield tag="008">040310s2003    hu a          000 0 hun d</controlfield>
    <datafield tag="035" ind1=" " ind2=" ">
      <subfield code="a">1071651</subfield>
    </datafield>
    <datafield tag="040" ind1=" " ind2=" ">
      <subfield code="a">OSZK</subfield>
    </datafield>
    <datafield tag="041" ind1="0" ind2=" ">
      <subfield code="a">hunhun</subfield>
    </datafield>
    <datafield tag="100" ind1="1" ind2=" ">
      <subfield code="a">Szabó Attila</subfield>
    </datafield>
    <datafield tag="245" ind1="1" ind2="0">
      <subfield code="a">100 éves a motoros repülés, 1903-2003 /</subfield>
      <subfield code="c">[írta Szabó Attila] ; [közread. a] Közlekedési Múzeum</subfield>
    </datafield>
    <datafield tag="260" ind1=" " ind2=" ">
      <subfield code="a">Budapest :</subfield>
      <subfield code="b">Közlekedési Múz.,</subfield>
      <subfield code="c">2003</subfield>
    </datafield>
    <datafield tag="300" ind1=" " ind2=" ">
      <subfield code="a">44 p. :</subfield>
      <subfield code="b">ill. ;</subfield>
      <subfield code="c">21 cm</subfield>
    </datafield>
    <datafield tag="500" ind1=" " ind2=" ">
      <subfield code="a">Kiállítási katalógus</subfield>
    </datafield>
    <datafield tag="710" ind1="2" ind2=" ">
      <subfield code="a">Közlekedési Múzeum (Budapest)</subfield>
      <subfield code="4">közread.</subfield>
    </datafield>
    <datafield tag="852" ind1=" " ind2=" ">
      <subfield code="a">B1</subfield>
      <subfield code="b">B1</subfield>
      <subfield code="x">1071651</subfield>
    </datafield>
  </record>
  <record>
    <leader>00638nam  2200205 i 4500</leader>
    <controlfield tag="001">MOKKAN0004693321  </controlfield>
    <controlfield tag="005">20070703004103.0</controlfield>
    <controlfield tag="008">940728s1991    hu           u    j hun d</controlfield>
    <datafield tag="035" ind1=" " ind2=" ">
      <subfield code="a">KÉE40350</subfield>
    </datafield>
    <datafield tag="040" ind1=" " ind2=" ">
      <subfield code="a">BCEEFK</subfield>
    </datafield>
    <datafield tag="041" ind1="0" ind2=" ">
      <subfield code="a">hun</subfield>
    </datafield>
    <datafield tag="245" ind1="1" ind2="0">
      <subfield code="a">100 éves a Magyar Biológiai Társaság Botanikai Szakosztálya /</subfield>
      <subfield code="c">[szerk. Szabó T. Attila]</subfield>
    </datafield>
    <datafield tag="260" ind1=" " ind2=" ">
      <subfield code="a">Bp.[etc.] :</subfield>
      <subfield code="b">M. Biológiai Társ. Bot. Szakoszt. [etc.],</subfield>
      <subfield code="c">1991</subfield>
    </datafield>
    <datafield tag="300" ind1=" " ind2=" ">
      <subfield code="a">72 p.</subfield>
    </datafield>
    <datafield tag="490" ind1="1" ind2=" ">
      <subfield code="a">Bio tár</subfield>
      <subfield code="v">7.</subfield>
    </datafield>
    <datafield tag="650" ind1=" " ind2="4">
      <subfield code="a">Botanikai Szakosztály</subfield>
    </datafield>
    <datafield tag="650" ind1=" " ind2="4">
      <subfield code="a">Magyar Biológiai Társaság</subfield>
    </datafield>
    <datafield tag="700" ind1="1" ind2=" ">
      <subfield code="a">Szabó T. Attila</subfield>
      <subfield code="4">(szerk.)</subfield>
    </datafield>
    <datafield tag="830" ind1=" " ind2="0">
      <subfield code="a">Bio tár</subfield>
    </datafield>
    <datafield tag="852" ind1=" " ind2=" ">
      <subfield code="a">B503</subfield>
      <subfield code="b">B503</subfield>
      <subfield code="x">KÉE40350</subfield>
    </datafield>
  </record>
  <record>
    <leader>01856nam  2200445 i 4500</leader>
    <controlfield tag="001">MOKKAN0004593516  </controlfield>
    <controlfield tag="005">20070503074843.0</controlfield>
    <controlfield tag="008">051019s2005    hu                  hun d</controlfield>
    <datafield tag="035" ind1=" " ind2=" ">
      <subfield code="a">150485891</subfield>
    </datafield>
    <datafield tag="040" ind1=" " ind2=" ">
      <subfield code="a">BDK</subfield>
    </datafield>
    <datafield tag="041" ind1="0" ind2=" ">
      <subfield code="a">hun</subfield>
    </datafield>
    <datafield tag="100" ind1="2" ind2=" ">
      <subfield code="a">Szalainé Bodor Edit</subfield>
      <subfield code="c">helyi szerző</subfield>
      <subfield code="d">(1973-)</subfield>
    </datafield>
    <datafield tag="245" ind1="0" ind2="0">
      <subfield code="a">100 éves a Vakok Intézete : </subfield>
      <subfield code="b">1905-2005 : válogatott bibliográfia /</subfield>
      <subfield code="c">[szerk. Szalainé Bodor Edit] ; [kiad. a Berzsenyi Dániel Könyvtár és a Boza Gáborné Alapítvány]</subfield>
    </datafield>
    <datafield tag="260" ind1=" " ind2=" ">
      <subfield code="a">Szombathely :</subfield>
      <subfield code="b">Berzsenyi Dániel Könyvtár :</subfield>
      <subfield code="b">Boza Gáborné Alapítvány,</subfield>
      <subfield code="c">2005</subfield>
      <subfield code="e">([Szombathely]</subfield>
      <subfield code="f">Berzsenyi Dániel Könyvtár rota)</subfield>
    </datafield>
    <datafield tag="300" ind1=" " ind2=" ">
      <subfield code="a">26 p. :</subfield>
      <subfield code="b">ill. ;</subfield>
      <subfield code="c">21 cm</subfield>
    </datafield>
    <datafield tag="520" ind1=" " ind2=" ">
      <subfield code="a">A szombathelyi intézmény (ma: Vas Megyei Szakosított Szociális Intézet) történetének bibliográfiája</subfield>
    </datafield>
    <datafield tag="610" ind1="2" ind2="4">
      <subfield code="a">Vas Megyei Szakosított Szociális Intézet (Szombathely)</subfield>
    </datafield>
    <datafield tag="650" ind1=" " ind2="4">
      <subfield code="a">Szombathely</subfield>
    </datafield>
    <datafield tag="650" ind1=" " ind2="4">
      <subfield code="a">Vas Megyei Szakosított Szociális Intézet (Szombathely)</subfield>
    </datafield>
    <datafield tag="650" ind1=" " ind2="4">
      <subfield code="a">egészségügyi és szociális intézmény</subfield>
    </datafield>
    <datafield tag="650" ind1=" " ind2="4">
      <subfield code="a">helyismereti kiadvány</subfield>
    </datafield>
    <datafield tag="650" ind1=" " ind2="4">
      <subfield code="a">szociális foglalkoztatás</subfield>
    </datafield>
    <datafield tag="650" ind1=" " ind2="4">
      <subfield code="a">szociális gondozás</subfield>
    </datafield>
    <datafield tag="650" ind1=" " ind2="4">
      <subfield code="a">testülettörténet</subfield>
    </datafield>
    <datafield tag="650" ind1=" " ind2="4">
      <subfield code="a">témabibliográfia</subfield>
    </datafield>
    <datafield tag="650" ind1=" " ind2="4">
      <subfield code="a">vak</subfield>
    </datafield>
    <datafield tag="653" ind1=" " ind2=" ">
      <subfield code="a">Szombathely</subfield>
    </datafield>
    <datafield tag="653" ind1=" " ind2=" ">
      <subfield code="a">Vakok Intézete (Szombathely)</subfield>
    </datafield>
    <datafield tag="653" ind1=" " ind2=" ">
      <subfield code="a">Vas Megyei Szakosított Szociális Intézet (Szombathely)</subfield>
    </datafield>
    <datafield tag="653" ind1=" " ind2=" ">
      <subfield code="a">bibliográfia</subfield>
    </datafield>
    <datafield tag="653" ind1=" " ind2=" ">
      <subfield code="a">centenárium</subfield>
    </datafield>
    <datafield tag="653" ind1=" " ind2=" ">
      <subfield code="a">foglalkoztatás, foglalkoztatáspolitika</subfield>
    </datafield>
    <datafield tag="653" ind1=" " ind2=" ">
      <subfield code="a">megváltozott munkaképességűek</subfield>
    </datafield>
    <datafield tag="653" ind1=" " ind2=" ">
      <subfield code="a">szociális ellátás</subfield>
    </datafield>
    <datafield tag="653" ind1=" " ind2=" ">
      <subfield code="a">szociális intézmény</subfield>
    </datafield>
    <datafield tag="653" ind1=" " ind2=" ">
      <subfield code="a">történet</subfield>
    </datafield>
    <datafield tag="653" ind1=" " ind2=" ">
      <subfield code="a">vakok és gyengénlátók</subfield>
    </datafield>
    <datafield tag="710" ind1="2" ind2=" ">
      <subfield code="a">Berzsenyi Dániel Könyvtár (Szombathely)</subfield>
      <subfield code="4">közread.</subfield>
    </datafield>
    <datafield tag="710" ind1="2" ind2=" ">
      <subfield code="a">Boza Gáborné Alapítvány (Szombathely)</subfield>
      <subfield code="4">közread.</subfield>
    </datafield>
    <datafield tag="852" ind1=" " ind2=" ">
      <subfield code="a">SZO1</subfield>
      <subfield code="b">SZO1</subfield>
      <subfield code="x">150485891</subfield>
    </datafield>
  </record>
  <record>
    <leader>00810nam  2200229 i 4500</leader>
    <controlfield tag="001">MOKKAZ0006354164  </controlfield>
    <controlfield tag="005">20040915194050.0</controlfield>
    <controlfield tag="008">971107s1997    hu a     b    000 0 hun d</controlfield>
    <datafield tag="020" ind1=" " ind2=" ">
      <subfield code="a">963-7355-00-6 (fűzött)</subfield>
    </datafield>
    <datafield tag="035" ind1=" " ind2=" ">
      <subfield code="a">256756</subfield>
    </datafield>
    <datafield tag="040" ind1=" " ind2=" ">
      <subfield code="a">OSZK</subfield>
    </datafield>
    <datafield tag="041" ind1="0" ind2=" ">
      <subfield code="a">hunhun</subfield>
    </datafield>
    <datafield tag="072" ind1=" " ind2="1">
      <subfield code="a">V</subfield>
    </datafield>
    <datafield tag="072" ind1=" " ind2="1">
      <subfield code="a">A</subfield>
    </datafield>
    <datafield tag="245" ind1="0" ind2="0">
      <subfield code="a">100 éves a Kisállattenyésztési és Takarmányozási Kutatóintézet /</subfield>
      <subfield code="c">szerk. Szalay István</subfield>
    </datafield>
    <datafield tag="260" ind1=" " ind2=" ">
      <subfield code="a">Gödöllő :</subfield>
      <subfield code="b">KÁTKI,</subfield>
      <subfield code="c">1997</subfield>
      <subfield code="e">([S.l.]</subfield>
      <subfield code="f">[s.n.])</subfield>
    </datafield>
    <datafield tag="300" ind1=" " ind2=" ">
      <subfield code="a">70, [38] p. :</subfield>
      <subfield code="b">ill. ;</subfield>
      <subfield code="c">30 cm</subfield>
    </datafield>
    <datafield tag="504" ind1=" " ind2=" ">
      <subfield code="a">Bibliogr.: p. 42-46.</subfield>
    </datafield>
    <datafield tag="610" ind1="2" ind2="4">
      <subfield code="a">Kisállattenyésztési és Takarmányozási Kutatóintézet (Gödöllő)</subfield>
    </datafield>
    <datafield tag="700" ind1="1" ind2=" ">
      <subfield code="a">Szalay István</subfield>
      <subfield code="d">(1955-)</subfield>
      <subfield code="4">(szerk.)</subfield>
    </datafield>
    <datafield tag="710" ind1="2" ind2=" ">
      <subfield code="a">Kisállattenyésztési és Takarmányozási Kutatóintézet (Gödöllő)</subfield>
      <subfield code="4">közread.</subfield>
    </datafield>
    <datafield tag="852" ind1=" " ind2=" ">
      <subfield code="a">B1</subfield>
      <subfield code="b">B1</subfield>
      <subfield code="x">256756</subfield>
    </datafield>
  </record>
  <record>
    <leader>00800nam  2200277 i 4500</leader>
    <controlfield tag="001">MOKKAN0004714595  </controlfield>
    <controlfield tag="005">20070704230042.0</controlfield>
    <controlfield tag="008">971209s1997    hu           u    j hun d</controlfield>
    <datafield tag="035" ind1=" " ind2=" ">
      <subfield code="a">71383</subfield>
    </datafield>
    <datafield tag="040" ind1=" " ind2=" ">
      <subfield code="a">SZIEGTUK</subfield>
    </datafield>
    <datafield tag="041" ind1="0" ind2=" ">
      <subfield code="a">hun</subfield>
    </datafield>
    <datafield tag="245" ind1="1" ind2="0">
      <subfield code="a">100 éves a Kisállattenyésztési és Takarmányozási Kutatóintézet /</subfield>
      <subfield code="c">szerk. Szalay István</subfield>
    </datafield>
    <datafield tag="260" ind1=" " ind2=" ">
      <subfield code="a">Gödöllő :</subfield>
      <subfield code="b">KÁTKI,</subfield>
      <subfield code="c">1997</subfield>
    </datafield>
    <datafield tag="300" ind1=" " ind2=" ">
      <subfield code="a">70 p.,[32] t. ;</subfield>
      <subfield code="c">30 cm</subfield>
    </datafield>
    <datafield tag="504" ind1=" " ind2=" ">
      <subfield code="a">Bibliogr.: p. 42-46.</subfield>
    </datafield>
    <datafield tag="650" ind1=" " ind2="4">
      <subfield code="a">agrárkutatás</subfield>
    </datafield>
    <datafield tag="650" ind1=" " ind2="4">
      <subfield code="a">agrártörténet</subfield>
    </datafield>
    <datafield tag="650" ind1=" " ind2="4">
      <subfield code="a">baromfitenyésztés</subfield>
    </datafield>
    <datafield tag="650" ind1=" " ind2="4">
      <subfield code="a">Gödöllő</subfield>
    </datafield>
    <datafield tag="650" ind1=" " ind2="4">
      <subfield code="a">kisállattenyésztés</subfield>
    </datafield>
    <datafield tag="650" ind1=" " ind2="4">
      <subfield code="a">kutatóintézet</subfield>
    </datafield>
    <datafield tag="650" ind1=" " ind2="4">
      <subfield code="a">méhészet</subfield>
    </datafield>
    <datafield tag="650" ind1=" " ind2="4">
      <subfield code="a">nyúltenyésztés</subfield>
    </datafield>
    <datafield tag="650" ind1=" " ind2="4">
      <subfield code="a">takarmányozás</subfield>
    </datafield>
    <datafield tag="700" ind1="1" ind2=" ">
      <subfield code="a">Szalay István</subfield>
      <subfield code="4">(szerk.)</subfield>
    </datafield>
    <datafield tag="852" ind1=" " ind2=" ">
      <subfield code="a">G1</subfield>
      <subfield code="b">G1</subfield>
      <subfield code="x">71383</subfield>
    </datafield>
  </record>
  <record>
    <leader>01089nam  2200301 i 4500</leader>
    <controlfield tag="001">MOKKAN0004820877  </controlfield>
    <controlfield tag="005">20071029115008.0</controlfield>
    <controlfield tag="008">070709s2007    hu ar         00000 hun d</controlfield>
    <datafield tag="020" ind1=" " ind2=" ">
      <subfield code="a">978-963-87381-1-0 (fűzött)</subfield>
    </datafield>
    <datafield tag="020" ind1=" " ind2=" ">
      <subfield code="a">978 963 87381 1 0</subfield>
    </datafield>
    <datafield tag="035" ind1=" " ind2=" ">
      <subfield code="a">2663883</subfield>
    </datafield>
    <datafield tag="040" ind1=" " ind2=" ">
      <subfield code="a">OSZK</subfield>
    </datafield>
    <datafield tag="041" ind1="0" ind2=" ">
      <subfield code="a">hunhun</subfield>
    </datafield>
    <datafield tag="245" ind1="0" ind2="0">
      <subfield code="a">100 éves a debreceni mentőszolgálat /</subfield>
      <subfield code="c">[összeáll. Szatmári József] ; [az interjúkat kész. ... Szatmári Alexandra]</subfield>
    </datafield>
    <datafield tag="260" ind1=" " ind2=" ">
      <subfield code="a">Debrecen :</subfield>
      <subfield code="b">Uropath Bt.,</subfield>
      <subfield code="c">2007</subfield>
    </datafield>
    <datafield tag="300" ind1=" " ind2=" ">
      <subfield code="a">123 p. :</subfield>
      <subfield code="b">ill., részben színes ;</subfield>
      <subfield code="c">21 cm</subfield>
    </datafield>
    <datafield tag="610" ind1="2" ind2="4">
      <subfield code="a">Országos Mentőszolgálat.</subfield>
      <subfield code="b">Debreceni Mentőállomás</subfield>
    </datafield>
    <datafield tag="650" ind1="1" ind2="7">
      <subfield code="a">mentőszolgálat</subfield>
      <subfield code="2">oszk</subfield>
    </datafield>
    <datafield tag="650" ind1=" " ind2="7">
      <subfield code="a">Mentőszolgálat</subfield>
      <subfield code="x">Magyarország</subfield>
      <subfield code="x">története</subfield>
      <subfield code="x">regionális</subfield>
      <subfield code="2">szte</subfield>
    </datafield>
    <datafield tag="650" ind1=" " ind2="7">
      <subfield code="a">Debrecen</subfield>
      <subfield code="x">egészségügy</subfield>
      <subfield code="x">története</subfield>
      <subfield code="2">szte</subfield>
    </datafield>
    <datafield tag="651" ind1=" " ind2="4">
      <subfield code="a">Debrecen</subfield>
    </datafield>
    <datafield tag="653" ind1=" " ind2=" ">
      <subfield code="a">egészségügyi intézmény</subfield>
    </datafield>
    <datafield tag="653" ind1=" " ind2=" ">
      <subfield code="a">intézménytörténet</subfield>
    </datafield>
    <datafield tag="700" ind1="1" ind2=" ">
      <subfield code="a">Szatmári József</subfield>
      <subfield code="4">(összeáll.)</subfield>
    </datafield>
    <datafield tag="700" ind1="1" ind2=" ">
      <subfield code="a">Szatmári Alexandra</subfield>
      <subfield code="4">(közrem.)</subfield>
    </datafield>
    <datafield tag="852" ind1=" " ind2=" ">
      <subfield code="a">B1</subfield>
      <subfield code="b">B1</subfield>
      <subfield code="x">2663883</subfield>
    </datafield>
    <datafield tag="852" ind1=" " ind2=" ">
      <subfield code="a">B9</subfield>
      <subfield code="b">B9</subfield>
      <subfield code="x">699302</subfield>
    </datafield>
    <datafield tag="852" ind1=" " ind2=" ">
      <subfield code="a">SZ1</subfield>
      <subfield code="b">SZ1</subfield>
      <subfield code="x">bibJAT00718399</subfield>
    </datafield>
  </record>
  <record>
    <leader>00806nam  2200193 i 4500</leader>
    <controlfield tag="001">MOKKAW0005448923  </controlfield>
    <controlfield tag="005">20080413051535.0</controlfield>
    <controlfield tag="008">990828s1995                  100 0 hun d</controlfield>
    <datafield tag="035" ind1=" " ind2=" ">
      <subfield code="a">BMEOMIKK000107872</subfield>
    </datafield>
    <datafield tag="040" ind1=" " ind2=" ">
      <subfield code="a">BMEOMIKK</subfield>
    </datafield>
    <datafield tag="041" ind1="0" ind2=" ">
      <subfield code="a">hun</subfield>
    </datafield>
    <datafield tag="245" ind1="0" ind2="0">
      <subfield code="a">100 éves a szervezett köztisztaság Budapesten, 1895-1995 : </subfield>
      <subfield code="b">Nemzetközi szakmai konferencia, 1995. szeptember 19. : A konferencia előadásai /</subfield>
      <subfield code="c">[szerk. Szegedi Péter, Szőke József]</subfield>
    </datafield>
    <datafield tag="260" ind1=" " ind2=" ">
      <subfield code="a">[Budapest] :</subfield>
      <subfield code="b">Főv. Közterület-Fenntartó Váll.,</subfield>
      <subfield code="c">1995</subfield>
    </datafield>
    <datafield tag="300" ind1=" " ind2=" ">
      <subfield code="a">114 p. ;</subfield>
      <subfield code="c">29 cm</subfield>
    </datafield>
    <datafield tag="700" ind1="1" ind2=" ">
      <subfield code="a">Szegedi Péter</subfield>
    </datafield>
    <datafield tag="700" ind1="1" ind2=" ">
      <subfield code="a">Szőke József</subfield>
    </datafield>
    <datafield tag="710" ind1="2" ind2=" ">
      <subfield code="a">Fővárosi Közterület-Fenntartó Vállalat</subfield>
    </datafield>
    <datafield tag="711" ind1="2" ind2="0">
      <subfield code="a">Fõvárosi Közterület-Fenntartó Vállalat</subfield>
      <subfield code="e">Nemzetközi szakmai konferencia</subfield>
      <subfield code="d">1995</subfield>
      <subfield code="c">Budapest</subfield>
    </datafield>
    <datafield tag="852" ind1=" " ind2=" ">
      <subfield code="a">B11</subfield>
      <subfield code="b">B11</subfield>
      <subfield code="x">BMEOMIKK000107872</subfield>
    </datafield>
  </record>
  <record>
    <leader>01026fam  2200253 i 4500</leader>
    <controlfield tag="001">MOKKAZ0006338230  </controlfield>
    <controlfield tag="005">20040915193217.0</controlfield>
    <controlfield tag="008">960604s1996    hu a          100 0 hun d</controlfield>
    <datafield tag="020" ind1=" " ind2=" ">
      <subfield code="a">963-02-9947-X (fűzött)</subfield>
    </datafield>
    <datafield tag="035" ind1=" " ind2=" ">
      <subfield code="a">182975</subfield>
    </datafield>
    <datafield tag="040" ind1=" " ind2=" ">
      <subfield code="a">OSZK</subfield>
    </datafield>
    <datafield tag="041" ind1="0" ind2=" ">
      <subfield code="a">hunhun</subfield>
    </datafield>
    <datafield tag="245" ind1="0" ind2="0">
      <subfield code="a">100 éves a szervezett köztisztaság Budapesten, 1895-1995 : </subfield>
      <subfield code="b">nemzetközi szakmai konferencia, 1995. szeptember 19. : a konferencia előadásai /</subfield>
      <subfield code="c">[szerk. Szegedi Péter, Szőke József] ; [rend., közread. a Fővárosi Közterület-fenntartó V.]</subfield>
    </datafield>
    <datafield tag="260" ind1=" " ind2=" ">
      <subfield code="a">[Budapest] :</subfield>
      <subfield code="b">FKFV,</subfield>
      <subfield code="c">[1996]</subfield>
      <subfield code="e">([S.l.]</subfield>
      <subfield code="f">[s.n.])</subfield>
    </datafield>
    <datafield tag="300" ind1=" " ind2=" ">
      <subfield code="a">114 p. :</subfield>
      <subfield code="b">ill. ;</subfield>
      <subfield code="c">29 cm</subfield>
    </datafield>
    <datafield tag="650" ind1=" " ind2="4">
      <subfield code="a">Köztisztaság</subfield>
      <subfield code="z">Budapest</subfield>
      <subfield code="x">történet</subfield>
    </datafield>
    <datafield tag="650" ind1=" " ind2="0">
      <subfield code="a">Sanitation</subfield>
      <subfield code="z">Hungary</subfield>
      <subfield code="z">Budapest</subfield>
      <subfield code="x">History.</subfield>
    </datafield>
    <datafield tag="651" ind1=" " ind2="4">
      <subfield code="a">Budapest</subfield>
    </datafield>
    <datafield tag="700" ind1="1" ind2=" ">
      <subfield code="a">Szegedi Péter</subfield>
      <subfield code="4">(szerk.)</subfield>
    </datafield>
    <datafield tag="700" ind1="1" ind2=" ">
      <subfield code="a">Szőke József</subfield>
      <subfield code="4">(szerk.)</subfield>
    </datafield>
    <datafield tag="710" ind1="2" ind2=" ">
      <subfield code="a">Fővárosi Közterület-fenntartó Vállalat (Budapest)</subfield>
      <subfield code="4">rend., közread.</subfield>
    </datafield>
    <datafield tag="852" ind1=" " ind2=" ">
      <subfield code="a">B1</subfield>
      <subfield code="b">B1</subfield>
      <subfield code="x">182975</subfield>
    </datafield>
    <datafield tag="852" ind1=" " ind2=" ">
      <subfield code="a">D1</subfield>
      <subfield code="b">D1</subfield>
      <subfield code="x">182975</subfield>
    </datafield>
    <datafield tag="852" ind1=" " ind2=" ">
      <subfield code="a">B10</subfield>
      <subfield code="b">0801B</subfield>
      <subfield code="x">bibFSZ00142104</subfield>
    </datafield>
  </record>
  <record>
    <leader>00861cam  22002051  4500</leader>
    <controlfield tag="001">MOKKAN0004313934  </controlfield>
    <controlfield tag="005">20070410090308.0</controlfield>
    <controlfield tag="008">      s1996                        hun d</controlfield>
    <datafield tag="020" ind1=" " ind2=" ">
      <subfield code="a">963-02-9947-X* (fűzött)</subfield>
    </datafield>
    <datafield tag="035" ind1=" " ind2=" ">
      <subfield code="a">bibFSZ00142104</subfield>
    </datafield>
    <datafield tag="040" ind1=" " ind2=" ">
      <subfield code="a">FSZEK</subfield>
    </datafield>
    <datafield tag="245" ind1="0" ind2="0">
      <subfield code="a">100 éves a szervezett köztisztaság Budapesten, 1895-1995 : </subfield>
      <subfield code="b">nemzetközi szakmai konferencia, 1995. szeptember 19. : a konferencia előadásai /</subfield>
      <subfield code="c">[szerk. Szegedi Péter, Szőke József]</subfield>
    </datafield>
    <datafield tag="260" ind1=" " ind2=" ">
      <subfield code="a">[Budapest] :</subfield>
      <subfield code="b">Fővárosi Közterület-Fenntartó Vállalat,</subfield>
      <subfield code="c">[1996]</subfield>
    </datafield>
    <datafield tag="300" ind1=" " ind2=" ">
      <subfield code="a">114 p. :</subfield>
      <subfield code="b">ill. ;</subfield>
      <subfield code="c">29 cm</subfield>
    </datafield>
    <datafield tag="500" ind1=" " ind2=" ">
      <subfield code="a">Rend., közread. a Fővárosi Közterület-fenntartó Vállalat</subfield>
    </datafield>
    <datafield tag="651" ind1=" " ind2=" ">
      <subfield code="a">Budapest</subfield>
    </datafield>
    <datafield tag="700" ind1="1" ind2=" ">
      <subfield code="a">Szegedi Péter</subfield>
      <subfield code="4">szerk.</subfield>
    </datafield>
    <datafield tag="700" ind1="1" ind2=" ">
      <subfield code="a">Szőke József</subfield>
      <subfield code="4">szerk.</subfield>
    </datafield>
    <datafield tag="710" ind1="2" ind2=" ">
      <subfield code="a">Fővárosi Közterület-Fenntartó Vállalat</subfield>
      <subfield code="4">közread.</subfield>
    </datafield>
    <datafield tag="852" ind1=" " ind2=" ">
      <subfield code="a">B10</subfield>
      <subfield code="b">0801B</subfield>
      <subfield code="x">bibFSZ00142104</subfield>
    </datafield>
  </record>
  <record>
    <leader>00732nam  2200205 i 4500</leader>
    <controlfield tag="001">MOKKAZ0006388934  </controlfield>
    <controlfield tag="005">20040915200029.0</controlfield>
    <controlfield tag="008">000221s1999    hu ac         000 0dhun d</controlfield>
    <datafield tag="020" ind1=" " ind2=" ">
      <subfield code="a">963-03-8353-5 (fűzött)</subfield>
    </datafield>
    <datafield tag="035" ind1=" " ind2=" ">
      <subfield code="a">412917</subfield>
    </datafield>
    <datafield tag="040" ind1=" " ind2=" ">
      <subfield code="a">OSZK</subfield>
    </datafield>
    <datafield tag="041" ind1="1" ind2=" ">
      <subfield code="a">hunhunger</subfield>
    </datafield>
    <datafield tag="072" ind1=" " ind2="1">
      <subfield code="a">C</subfield>
    </datafield>
    <datafield tag="245" ind1="0" ind2="0">
      <subfield code="a">100 éves a Szentendrei Kolping Család, 1899-1999 /</subfield>
      <subfield code="c">[kiad. a Szentendrei Kolping Család Egyesület]</subfield>
    </datafield>
    <datafield tag="246" ind1="1" ind2="1">
      <subfield code="a">100 Jahre Kolpingfamilie Szentendre, 1899-1999</subfield>
    </datafield>
    <datafield tag="260" ind1=" " ind2=" ">
      <subfield code="a">Szentendre :</subfield>
      <subfield code="b">Szentendrei Kolping Család Egyes.,</subfield>
      <subfield code="c">[1999]</subfield>
      <subfield code="e">(Vác</subfield>
      <subfield code="f">Kucsák)</subfield>
    </datafield>
    <datafield tag="300" ind1=" " ind2=" ">
      <subfield code="a">51 p. :</subfield>
      <subfield code="b">ill. ;</subfield>
      <subfield code="c">21 cm</subfield>
    </datafield>
    <datafield tag="610" ind1="2" ind2="4">
      <subfield code="a">Szentendrei Kolping Család Egyesület</subfield>
    </datafield>
    <datafield tag="710" ind1="2" ind2="0">
      <subfield code="a">Szentendrei Kolping Család Egyesület</subfield>
      <subfield code="4">közread.</subfield>
    </datafield>
    <datafield tag="852" ind1=" " ind2=" ">
      <subfield code="a">B1</subfield>
      <subfield code="b">B1</subfield>
      <subfield code="x">412917</subfield>
    </datafield>
  </record>
  <record>
    <leader>00645aam  2200205 i 4500</leader>
    <controlfield tag="001">MOKKAZ0006239195  </controlfield>
    <controlfield tag="005">20040915182637.0</controlfield>
    <controlfield tag="008">940509t19891985hu a          000 0 hun d</controlfield>
    <datafield tag="020" ind1=" " ind2=" ">
      <subfield code="a">963-02-7196-6 (fűzött)</subfield>
    </datafield>
    <datafield tag="035" ind1=" " ind2=" ">
      <subfield code="a">545169</subfield>
    </datafield>
    <datafield tag="040" ind1=" " ind2=" ">
      <subfield code="a">OSZK</subfield>
    </datafield>
    <datafield tag="041" ind1="0" ind2=" ">
      <subfield code="a">hunhun</subfield>
    </datafield>
    <datafield tag="072" ind1=" " ind2="1">
      <subfield code="a">UA</subfield>
    </datafield>
    <datafield tag="245" ind1="1" ind2="0">
      <subfield code="a">100 éves a Szerencsi Cukorgyár : </subfield>
      <subfield code="b">1889-1989</subfield>
    </datafield>
    <datafield tag="260" ind1=" " ind2=" ">
      <subfield code="a">[Szerencs] :</subfield>
      <subfield code="b">Szerencsi Cukorgyár,</subfield>
      <subfield code="c">1989</subfield>
      <subfield code="e">(Miskolc</subfield>
      <subfield code="f">Borsod M. Fodrász Szöv. Soksz.)</subfield>
    </datafield>
    <datafield tag="300" ind1=" " ind2=" ">
      <subfield code="a">42 p. :</subfield>
      <subfield code="b">ill. ;</subfield>
      <subfield code="c">29 cm</subfield>
    </datafield>
    <datafield tag="500" ind1=" " ind2=" ">
      <subfield code="a">A Szerencsi élelmiszeripar különszáma</subfield>
    </datafield>
    <datafield tag="610" ind1="2" ind2="4">
      <subfield code="a">Szerencsi Cukorgyár</subfield>
    </datafield>
    <datafield tag="710" ind1="2" ind2=" ">
      <subfield code="a">Szerencsi Cukorgyár</subfield>
      <subfield code="4">közread.</subfield>
    </datafield>
    <datafield tag="852" ind1=" " ind2=" ">
      <subfield code="a">B1</subfield>
      <subfield code="b">B1</subfield>
      <subfield code="x">545169</subfield>
    </datafield>
  </record>
  <record>
    <leader>00868nam  2200229 i 4500</leader>
    <controlfield tag="001">MOKKAS0001258249  </controlfield>
    <controlfield tag="005">20060112174806.0</controlfield>
    <controlfield tag="008">      s1980    hu            00010 hun d</controlfield>
    <datafield tag="020" ind1=" " ind2=" ">
      <subfield code="a">963-02-1387-7* (fűzött) :</subfield>
      <subfield code="c">52,- Ft</subfield>
    </datafield>
    <datafield tag="035" ind1=" " ind2=" ">
      <subfield code="a">bibRFK00091531</subfield>
    </datafield>
    <datafield tag="040" ind1=" " ind2=" ">
      <subfield code="a">RFMK</subfield>
    </datafield>
    <datafield tag="041" ind1=" " ind2=" ">
      <subfield code="a">hun</subfield>
    </datafield>
    <datafield tag="100" ind1="1" ind2=" ">
      <subfield code="a">Szőke Pál</subfield>
    </datafield>
    <datafield tag="245" ind1="1" ind2="0">
      <subfield code="a">100 éves a magyar tenisz /</subfield>
      <subfield code="c">Szőke Pál ; [kiadja az OTSH Gazdasági Igazgatósága]</subfield>
    </datafield>
    <datafield tag="260" ind1=" " ind2=" ">
      <subfield code="a">Budapest :</subfield>
      <subfield code="b">Magyarország. Országos Testnevelési és Sporthivatal,</subfield>
      <subfield code="c">1980</subfield>
      <subfield code="e">(Debrecen :</subfield>
      <subfield code="f">Dózsa Soksz.)</subfield>
    </datafield>
    <datafield tag="300" ind1=" " ind2=" ">
      <subfield code="a">221 l., [16] t.l. :</subfield>
      <subfield code="b">ill. ;</subfield>
      <subfield code="c">20 cm</subfield>
    </datafield>
    <datafield tag="504" ind1=" " ind2=" ">
      <subfield code="a">Rezjume na russkom jazyke</subfield>
    </datafield>
    <datafield tag="504" ind1=" " ind2=" ">
      <subfield code="a">2200</subfield>
    </datafield>
    <datafield tag="504" ind1=" " ind2=" ">
      <subfield code="a">Résumé en langue française</subfield>
    </datafield>
    <datafield tag="504" ind1=" " ind2=" ">
      <subfield code="a">Deutschsprachige Zusammenfassung</subfield>
    </datafield>
    <datafield tag="710" ind1="2" ind2=" ">
      <subfield code="a">Országos Testnevelési és Sporthivatal.</subfield>
      <subfield code="b">Gazdasági Igazgatóság (Budapest)</subfield>
      <subfield code="4">közread.</subfield>
    </datafield>
    <datafield tag="852" ind1=" " ind2=" ">
      <subfield code="a">M2</subfield>
      <subfield code="b">M2</subfield>
      <subfield code="x">bibRFK00091531</subfield>
    </datafield>
  </record>
  <record>
    <leader>00882fam  2200253 i 4500</leader>
    <controlfield tag="001">MOKKAZ0006235869  </controlfield>
    <controlfield tag="005">20040915182451.0</controlfield>
    <controlfield tag="008">940509s1980    hu a     j    000 0chun d</controlfield>
    <datafield tag="020" ind1=" " ind2=" ">
      <subfield code="a">963-02-1387-7 (fűzött)</subfield>
    </datafield>
    <datafield tag="035" ind1=" " ind2=" ">
      <subfield code="a">533997</subfield>
    </datafield>
    <datafield tag="040" ind1=" " ind2=" ">
      <subfield code="a">OSZK</subfield>
    </datafield>
    <datafield tag="041" ind1="0" ind2=" ">
      <subfield code="a">hunhun</subfield>
      <subfield code="b">rusfreger</subfield>
    </datafield>
    <datafield tag="100" ind1="1" ind2=" ">
      <subfield code="a">Szőke Pál</subfield>
    </datafield>
    <datafield tag="245" ind1="1" ind2="0">
      <subfield code="a">100 éves a magyar tenisz /</subfield>
      <subfield code="c">Szőke Pál ; [kiadja az OTSH Gazdasági Igazgatósága]</subfield>
    </datafield>
    <datafield tag="260" ind1=" " ind2=" ">
      <subfield code="a">Budapest :</subfield>
      <subfield code="b">OTSH,</subfield>
      <subfield code="c">1980</subfield>
      <subfield code="e">(Debrecen</subfield>
      <subfield code="f">Dózsa Soksz.)</subfield>
    </datafield>
    <datafield tag="300" ind1=" " ind2=" ">
      <subfield code="a">221 l., [16] t.l. :</subfield>
      <subfield code="b">ill. ;</subfield>
      <subfield code="c">20 cm</subfield>
    </datafield>
    <datafield tag="500" ind1=" " ind2=" ">
      <subfield code="a">Rezjume na russkom jazyke</subfield>
    </datafield>
    <datafield tag="500" ind1=" " ind2=" ">
      <subfield code="a">Résumé en langue française</subfield>
    </datafield>
    <datafield tag="500" ind1=" " ind2=" ">
      <subfield code="a">Deutschsprachige Zusammenfassung</subfield>
    </datafield>
    <datafield tag="500" ind1=" " ind2=" ">
      <subfield code="a">2200</subfield>
    </datafield>
    <datafield tag="650" ind1="0" ind2="4">
      <subfield code="a">tenisz</subfield>
      <subfield code="x">története</subfield>
      <subfield code="z">Magyarország</subfield>
    </datafield>
    <datafield tag="710" ind1="2" ind2=" ">
      <subfield code="a">Országos Testnevelési és Sporthivatal (Budapest)</subfield>
      <subfield code="a">Gazdasági Igazgatóság</subfield>
      <subfield code="4">közread.</subfield>
    </datafield>
    <datafield tag="852" ind1=" " ind2=" ">
      <subfield code="a">B1</subfield>
      <subfield code="b">B1</subfield>
      <subfield code="x">533997</subfield>
    </datafield>
    <datafield tag="852" ind1=" " ind2=" ">
      <subfield code="a">M1</subfield>
      <subfield code="b">M1</subfield>
      <subfield code="x">181551</subfield>
    </datafield>
  </record>
  <record>
    <leader>00757fam  22002171  4500</leader>
    <controlfield tag="001">MOKKAZ0004197445  </controlfield>
    <controlfield tag="005">20040910051002.0</controlfield>
    <controlfield tag="008">      s1980                        und d</controlfield>
    <datafield tag="020" ind1=" " ind2=" ">
      <subfield code="a">(fűzött) :</subfield>
      <subfield code="c">52,- Ft</subfield>
    </datafield>
    <datafield tag="035" ind1=" " ind2=" ">
      <subfield code="a">bibFSZ00042968</subfield>
    </datafield>
    <datafield tag="040" ind1=" " ind2=" ">
      <subfield code="a">FSZEK</subfield>
    </datafield>
    <datafield tag="100" ind1="1" ind2=" ">
      <subfield code="a">Szőke Pál</subfield>
    </datafield>
    <datafield tag="245" ind1="1" ind2="0">
      <subfield code="a">100 éves a magyar tenisz /</subfield>
      <subfield code="c">Szőke Pál</subfield>
    </datafield>
    <datafield tag="260" ind1=" " ind2=" ">
      <subfield code="a">Budapest :</subfield>
      <subfield code="b">Magyarország. Országos Testnevelési és Sporthivatal,</subfield>
      <subfield code="c">1980</subfield>
    </datafield>
    <datafield tag="300" ind1=" " ind2=" ">
      <subfield code="a">221 p., [20] t. ;</subfield>
      <subfield code="c">20 cm</subfield>
    </datafield>
    <datafield tag="500" ind1=" " ind2=" ">
      <subfield code="a">Megjelenési adat: Bp. : OTSH</subfield>
    </datafield>
    <datafield tag="650" ind1="0" ind2="4">
      <subfield code="a">tenisz</subfield>
      <subfield code="x">története</subfield>
      <subfield code="z">Magyarország</subfield>
    </datafield>
    <datafield tag="852" ind1=" " ind2=" ">
      <subfield code="a">B10</subfield>
      <subfield code="B">0801</subfield>
      <subfield code="B">1803</subfield>
      <subfield code="B">1901</subfield>
      <subfield code="B">0901</subfield>
      <subfield code="B">1308</subfield>
      <subfield code="B">0401</subfield>
      <subfield code="B">0703</subfield>
      <subfield code="B">1004</subfield>
      <subfield code="B">1105</subfield>
      <subfield code="b">0204</subfield>
      <subfield code="x">bibFSZ00042968</subfield>
    </datafield>
    <datafield tag="852" ind1=" " ind2=" ">
      <subfield code="a">M1</subfield>
      <subfield code="b">M1</subfield>
      <subfield code="x">181551</subfield>
    </datafield>
    <datafield tag="852" ind1=" " ind2=" ">
      <subfield code="a">BCS1</subfield>
      <subfield code="b">BCS1</subfield>
      <subfield code="x">bibBKO00137570</subfield>
    </datafield>
    <datafield tag="852" ind1=" " ind2=" ">
      <subfield code="a">SZL1</subfield>
      <subfield code="b">SZL1</subfield>
      <subfield code="x">bibVFK00146946</subfield>
    </datafield>
  </record>
  <record>
    <leader>00418nam  2200145 i 4500</leader>
    <controlfield tag="001">MOKKAS0003252035  </controlfield>
    <controlfield tag="005">20060601235651.0</controlfield>
    <controlfield tag="008">050101s1980                            d</controlfield>
    <datafield tag="035" ind1=" " ind2=" ">
      <subfield code="a">190240</subfield>
    </datafield>
    <datafield tag="040" ind1=" " ind2=" ">
      <subfield code="a">KKMK</subfield>
    </datafield>
    <datafield tag="100" ind1="1" ind2=" ">
      <subfield code="a">Szőke Pál</subfield>
    </datafield>
    <datafield tag="245" ind1="1" ind2="0">
      <subfield code="a">100 éves a magyar tenisz /</subfield>
      <subfield code="c">Szőke Pál</subfield>
    </datafield>
    <datafield tag="260" ind1=" " ind2=" ">
      <subfield code="a">Budapest :</subfield>
      <subfield code="b">Országos Testnevelési és Sporthivatal,</subfield>
      <subfield code="c">1980</subfield>
    </datafield>
    <datafield tag="300" ind1=" " ind2=" ">
      <subfield code="a">221 p., [20] t. ;</subfield>
      <subfield code="c">20 cm</subfield>
    </datafield>
    <datafield tag="852" ind1=" " ind2=" ">
      <subfield code="a">GY1</subfield>
      <subfield code="b">GY1</subfield>
      <subfield code="x">190240</subfield>
    </datafield>
  </record>
  <record>
    <leader>00725nam  2200265   4500</leader>
    <controlfield tag="001">MOKKAS0002242686  </controlfield>
    <controlfield tag="005">20060526021240.0</controlfield>
    <controlfield tag="008">980622s1980    hu a          00010 hun d</controlfield>
    <datafield tag="035" ind1=" " ind2=" ">
      <subfield code="a">bibJGY00057038</subfield>
    </datafield>
    <datafield tag="040" ind1=" " ind2=" ">
      <subfield code="a">SK</subfield>
    </datafield>
    <datafield tag="100" ind1="1" ind2=" ">
      <subfield code="a">Szőke Pál</subfield>
    </datafield>
    <datafield tag="245" ind1="1" ind2="0">
      <subfield code="a">100 éves a magyar tenisz /</subfield>
      <subfield code="c">Szőke Pál</subfield>
    </datafield>
    <datafield tag="260" ind1=" " ind2=" ">
      <subfield code="a">Budapest :</subfield>
      <subfield code="b">[OTSH],</subfield>
      <subfield code="c">1980</subfield>
    </datafield>
    <datafield tag="300" ind1=" " ind2=" ">
      <subfield code="a">221 p., 10 t. :</subfield>
      <subfield code="b">ill. ;</subfield>
      <subfield code="c">20 cm</subfield>
    </datafield>
    <datafield tag="650" ind1="0" ind2="4">
      <subfield code="a">tenisz</subfield>
      <subfield code="x">története</subfield>
      <subfield code="z">Magyarország</subfield>
    </datafield>
    <datafield tag="650" ind1=" " ind2="4">
      <subfield code="a">Sport</subfield>
    </datafield>
    <datafield tag="650" ind1=" " ind2="4">
      <subfield code="a">Tenisz</subfield>
    </datafield>
    <datafield tag="650" ind1=" " ind2="4">
      <subfield code="a">Történet</subfield>
    </datafield>
    <datafield tag="650" ind1=" " ind2="4">
      <subfield code="a">Évforduló</subfield>
    </datafield>
    <datafield tag="651" ind1=" " ind2="4">
      <subfield code="a">Magyarország</subfield>
    </datafield>
    <datafield tag="695" ind1=" " ind2=" ">
      <subfield code="a">Tenisz</subfield>
      <subfield code="x">Magyarország</subfield>
      <subfield code="x">történet</subfield>
    </datafield>
    <datafield tag="695" ind1=" " ind2=" ">
      <subfield code="a">xxx</subfield>
    </datafield>
    <datafield tag="852" ind1=" " ind2=" ">
      <subfield code="a">SZ4</subfield>
      <subfield code="b">SZ4</subfield>
      <subfield code="x">bibJGY00057038</subfield>
    </datafield>
    <datafield tag="852" ind1=" " ind2=" ">
      <subfield code="a">M1</subfield>
      <subfield code="b">M1</subfield>
      <subfield code="x">181551</subfield>
    </datafield>
    <datafield tag="852" ind1=" " ind2=" ">
      <subfield code="a">ST1</subfield>
      <subfield code="b">ST1</subfield>
      <subfield code="x">bibBBM255390</subfield>
    </datafield>
  </record>
  <record>
    <leader>01557nam  2200457 i 4500</leader>
    <controlfield tag="001">MOKKAN0004821037  </controlfield>
    <controlfield tag="005">20100920115433.0</controlfield>
    <controlfield tag="008">070706s2007    hu ar         00000 hun d</controlfield>
    <datafield tag="020" ind1=" " ind2=" ">
      <subfield code="a">978-963-06-2612-5 (fűzött)</subfield>
    </datafield>
    <datafield tag="020" ind1=" " ind2=" ">
      <subfield code="a">978 963 06 2612 5</subfield>
    </datafield>
    <datafield tag="035" ind1=" " ind2=" ">
      <subfield code="a">2663704</subfield>
    </datafield>
    <datafield tag="040" ind1=" " ind2=" ">
      <subfield code="a">OSZK</subfield>
    </datafield>
    <datafield tag="041" ind1="0" ind2=" ">
      <subfield code="a">hun</subfield>
    </datafield>
    <datafield tag="080" ind1=" " ind2=" ">
      <subfield code="a">373.3 (439 -2 Dunaújváros)(058)</subfield>
    </datafield>
    <datafield tag="245" ind1="0" ind2="0">
      <subfield code="a">100 éves a Szórád Márton Általános Iskola, 1907-2007</subfield>
    </datafield>
    <datafield tag="260" ind1=" " ind2=" ">
      <subfield code="a">Dunaújváros :</subfield>
      <subfield code="b">Szórád M. Ált. Isk.,</subfield>
      <subfield code="c">2007</subfield>
    </datafield>
    <datafield tag="300" ind1=" " ind2=" ">
      <subfield code="a">367 p. :</subfield>
      <subfield code="b">ill., részben színes ;</subfield>
      <subfield code="c">24 cm</subfield>
    </datafield>
    <datafield tag="610" ind1="2" ind2="4">
      <subfield code="a">Szórád Márton Általános Iskola (Dunaújváros)</subfield>
    </datafield>
    <datafield tag="650" ind1="1" ind2="7">
      <subfield code="a">általános iskola</subfield>
      <subfield code="2">oszk</subfield>
    </datafield>
    <datafield tag="650" ind1=" " ind2="7">
      <subfield code="a">Általános iskolák</subfield>
      <subfield code="z">Magyarország</subfield>
      <subfield code="z">Dunaújváros</subfield>
      <subfield code="2">lcsh//hun</subfield>
    </datafield>
    <datafield tag="650" ind1=" " ind2="7">
      <subfield code="a">Nevelés</subfield>
      <subfield code="z">Magyarország</subfield>
      <subfield code="x">történet</subfield>
      <subfield code="2">lcsh//hun</subfield>
    </datafield>
    <datafield tag="650" ind1=" " ind2="0">
      <subfield code="a">Elementary schools</subfield>
      <subfield code="z">Hungary</subfield>
      <subfield code="z">Dunaújváros.</subfield>
    </datafield>
    <datafield tag="650" ind1=" " ind2="0">
      <subfield code="a">Education</subfield>
      <subfield code="z">Hungary</subfield>
      <subfield code="x">History.</subfield>
    </datafield>
    <datafield tag="650" ind1=" " ind2="7">
      <subfield code="a">1907-2007</subfield>
      <subfield code="2">opkm</subfield>
    </datafield>
    <datafield tag="650" ind1=" " ind2="7">
      <subfield code="a">iskolatörténet</subfield>
      <subfield code="2">opkm</subfield>
    </datafield>
    <datafield tag="650" ind1=" " ind2="7">
      <subfield code="a">története</subfield>
      <subfield code="2">opkm</subfield>
    </datafield>
    <datafield tag="650" ind1=" " ind2="7">
      <subfield code="a">általános iskola</subfield>
      <subfield code="2">opkm</subfield>
    </datafield>
    <datafield tag="650" ind1=" " ind2="7">
      <subfield code="a">Szórád Márton Általános Iskola</subfield>
      <subfield code="2">opkm</subfield>
    </datafield>
    <datafield tag="650" ind1=" " ind2="7">
      <subfield code="a">Dunaújváros</subfield>
      <subfield code="2">opkm</subfield>
    </datafield>
    <datafield tag="651" ind1=" " ind2="4">
      <subfield code="a">Dunaújváros</subfield>
    </datafield>
    <datafield tag="651" ind1=" " ind2="4">
      <subfield code="a">Dunapentele</subfield>
    </datafield>
    <datafield tag="651" ind1=" " ind2="4">
      <subfield code="a">Magyarország</subfield>
    </datafield>
    <datafield tag="653" ind1=" " ind2=" ">
      <subfield code="a">1907-2007</subfield>
    </datafield>
    <datafield tag="653" ind1=" " ind2=" ">
      <subfield code="a">alapfokú oktatási intézmény</subfield>
    </datafield>
    <datafield tag="653" ind1=" " ind2=" ">
      <subfield code="a">iskolatörténet</subfield>
    </datafield>
    <datafield tag="653" ind1=" " ind2=" ">
      <subfield code="a">évkönyv</subfield>
    </datafield>
    <datafield tag="710" ind1="2" ind2=" ">
      <subfield code="a">Szórád Márton Általános Iskola (Dunaújváros)</subfield>
      <subfield code="4">közread.</subfield>
    </datafield>
    <datafield tag="852" ind1=" " ind2=" ">
      <subfield code="a">B1</subfield>
      <subfield code="b">B1</subfield>
      <subfield code="x">2663704</subfield>
    </datafield>
    <datafield tag="852" ind1=" " ind2=" ">
      <subfield code="a">B9</subfield>
      <subfield code="b">B9</subfield>
      <subfield code="x">698069</subfield>
    </datafield>
    <datafield tag="852" ind1=" " ind2=" ">
      <subfield code="a">D1</subfield>
      <subfield code="b">D1</subfield>
      <subfield code="x">bibDEK00751244</subfield>
    </datafield>
    <datafield tag="852" ind1=" " ind2=" ">
      <subfield code="a">B7</subfield>
      <subfield code="b">B7</subfield>
      <subfield code="x">288024</subfield>
    </datafield>
  </record>
  <record>
    <leader>00595nam  2200169 i 4500</leader>
    <controlfield tag="001">MOKKAZ0003667345  </controlfield>
    <controlfield tag="005">20040909211245.0</controlfield>
    <controlfield tag="008">000412s1989    hu ao         00010 hun d</controlfield>
    <datafield tag="035" ind1=" " ind2=" ">
      <subfield code="a">bibKLT00291284</subfield>
    </datafield>
    <datafield tag="040" ind1=" " ind2=" ">
      <subfield code="a">DEENK</subfield>
    </datafield>
    <datafield tag="245" ind1="0" ind2="0">
      <subfield code="a">100 éves a Budaörsi Önkéntes Tűzoltó Egyesület, 1889-1989 /</subfield>
      <subfield code="c">[szerk. ] Takács Béla</subfield>
    </datafield>
    <datafield tag="260" ind1=" " ind2=" ">
      <subfield code="a">[Budaörs] :</subfield>
      <subfield code="b">Önkéntes Tűzoltó Egyesület,</subfield>
      <subfield code="c">1989</subfield>
    </datafield>
    <datafield tag="300" ind1=" " ind2=" ">
      <subfield code="a">69 p. :</subfield>
      <subfield code="b">ill. ;</subfield>
      <subfield code="c">24 cm</subfield>
    </datafield>
    <datafield tag="610" ind1="2" ind2=" ">
      <subfield code="a">Önkéntes Tűzoltó Egyesület (Budaörs)</subfield>
    </datafield>
    <datafield tag="700" ind1="1" ind2=" ">
      <subfield code="a">Takács Béla</subfield>
    </datafield>
    <datafield tag="710" ind1="2" ind2=" ">
      <subfield code="a">Önkéntes Tűzoltó Egyesület (Budaörs)</subfield>
    </datafield>
    <datafield tag="852" ind1=" " ind2=" ">
      <subfield code="a">D1</subfield>
      <subfield code="b">D1</subfield>
      <subfield code="x">bibKLT00291284</subfield>
    </datafield>
  </record>
  <record>
    <leader>00643nama 22001811i 4500</leader>
    <controlfield tag="001">MOKKAS0000524214  </controlfield>
    <controlfield tag="005">20060117210355.0</controlfield>
    <controlfield tag="008">040903s1957    hu            000 0 hunod</controlfield>
    <datafield tag="035" ind1=" " ind2=" ">
      <subfield code="a">1283007</subfield>
    </datafield>
    <datafield tag="040" ind1=" " ind2=" ">
      <subfield code="a">OSZK</subfield>
    </datafield>
    <datafield tag="041" ind1="0" ind2=" ">
      <subfield code="a">hunhun</subfield>
    </datafield>
    <datafield tag="245" ind1="0" ind2="0">
      <subfield code="a">100 éves a Sárospataki Tanítóképző : </subfield>
      <subfield code="b">emlékkönyv /</subfield>
      <subfield code="c">kiad. a sárospataki áll. Comenius A. J. tanítóképző nevelőtestület</subfield>
    </datafield>
    <datafield tag="260" ind1=" " ind2=" ">
      <subfield code="a">Sárospatak :</subfield>
      <subfield code="b">[Tanítóképző],</subfield>
      <subfield code="c">1957</subfield>
      <subfield code="e">(Sárospatak</subfield>
      <subfield code="f">Borsod M. Ny.)</subfield>
    </datafield>
    <datafield tag="300" ind1=" " ind2=" ">
      <subfield code="a">31 p. ;</subfield>
      <subfield code="c">24 cm</subfield>
    </datafield>
    <datafield tag="490" ind1="1" ind2=" ">
      <subfield code="a">Sárospataki nevelő</subfield>
      <subfield code="v">1.</subfield>
    </datafield>
    <datafield tag="710" ind1="2" ind2=" ">
      <subfield code="a">Tanítóképző (Sárospatak)</subfield>
      <subfield code="4">közread.</subfield>
    </datafield>
    <datafield tag="830" ind1=" " ind2="0">
      <subfield code="a">Sárospataki nevelő</subfield>
    </datafield>
    <datafield tag="852" ind1=" " ind2=" ">
      <subfield code="a">B1</subfield>
      <subfield code="b">B1</subfield>
      <subfield code="x">1283007</subfield>
    </datafield>
  </record>
  <record>
    <leader>01208fam  2200361 i 4500</leader>
    <controlfield tag="001">MOKKAZ0006240250  </controlfield>
    <controlfield tag="005">20100729202756.0</controlfield>
    <controlfield tag="008">940509s1990    hu a          000 0 hun d</controlfield>
    <datafield tag="020" ind1=" " ind2=" ">
      <subfield code="a">963-02-8983-0* (fűzött) :</subfield>
      <subfield code="c">50,- Ft</subfield>
    </datafield>
    <datafield tag="035" ind1=" " ind2=" ">
      <subfield code="a">548376</subfield>
    </datafield>
    <datafield tag="040" ind1=" " ind2=" ">
      <subfield code="a">OSZK</subfield>
    </datafield>
    <datafield tag="041" ind1="0" ind2=" ">
      <subfield code="a">hunhun</subfield>
    </datafield>
    <datafield tag="080" ind1=" " ind2=" ">
      <subfield code="a">654.15(439.114Sopron)"188/198"</subfield>
    </datafield>
    <datafield tag="100" ind1="1" ind2=" ">
      <subfield code="a">Tarcsay László</subfield>
    </datafield>
    <datafield tag="245" ind1="1" ind2="0">
      <subfield code="a">100 éves a soproni telefonhálózat, 1990 /</subfield>
      <subfield code="c">[írta és szerk. Tarcsay László] /</subfield>
      <subfield code="c">[kiad. a Soproni Távközlési Igazgatóság]</subfield>
    </datafield>
    <datafield tag="260" ind1=" " ind2=" ">
      <subfield code="a">[Sopron] :</subfield>
      <subfield code="b">Soproni Távközlési Ig.,</subfield>
      <subfield code="c">[1990]</subfield>
      <subfield code="e">(Szombathely</subfield>
      <subfield code="f">Sylvester)</subfield>
    </datafield>
    <datafield tag="300" ind1=" " ind2=" ">
      <subfield code="a">64 p. :</subfield>
      <subfield code="b">ill. ;</subfield>
      <subfield code="c">23 cm</subfield>
    </datafield>
    <datafield tag="610" ind1="2" ind2="4">
      <subfield code="a">Soproni Távközlési Igazgatóság</subfield>
    </datafield>
    <datafield tag="650" ind1=" " ind2="4">
      <subfield code="a">telefonhálózat</subfield>
    </datafield>
    <datafield tag="650" ind1=" " ind2="4">
      <subfield code="a">távközléstechnika</subfield>
    </datafield>
    <datafield tag="650" ind1=" " ind2="4">
      <subfield code="a">telefon</subfield>
    </datafield>
    <datafield tag="650" ind1=" " ind2="4">
      <subfield code="a">történeti feldolgozás</subfield>
    </datafield>
    <datafield tag="651" ind1=" " ind2="4">
      <subfield code="a">Sopron</subfield>
    </datafield>
    <datafield tag="653" ind1=" " ind2=" ">
      <subfield code="a">helyi közreműködő</subfield>
    </datafield>
    <datafield tag="653" ind1=" " ind2=" ">
      <subfield code="a">1988-1989</subfield>
    </datafield>
    <datafield tag="700" ind1="1" ind2=" ">
      <subfield code="a">Hernitz Ferenc</subfield>
      <subfield code="4">(ill.)</subfield>
    </datafield>
    <datafield tag="710" ind1="2" ind2=" ">
      <subfield code="a">Soproni Távközlési Igazgatóság</subfield>
      <subfield code="4">közread.</subfield>
    </datafield>
    <datafield tag="852" ind1=" " ind2=" ">
      <subfield code="a">B1</subfield>
      <subfield code="b">B1</subfield>
      <subfield code="x">548376</subfield>
    </datafield>
    <datafield tag="852" ind1=" " ind2=" ">
      <subfield code="a">B11</subfield>
      <subfield code="b">B11</subfield>
      <subfield code="x">BMEOMIKK000002910</subfield>
    </datafield>
    <datafield tag="852" ind1=" " ind2=" ">
      <subfield code="a">GY1</subfield>
      <subfield code="b">GY1</subfield>
      <subfield code="x">564459</subfield>
    </datafield>
    <datafield tag="852" ind1=" " ind2=" ">
      <subfield code="a">M2</subfield>
      <subfield code="b">M2</subfield>
      <subfield code="x">bibRFK00060717</subfield>
    </datafield>
    <datafield tag="852" ind1=" " ind2=" ">
      <subfield code="a">B3</subfield>
      <subfield code="b">B3</subfield>
      <subfield code="x">000073119</subfield>
    </datafield>
    <datafield tag="852" ind1=" " ind2=" ">
      <subfield code="a">GY1</subfield>
      <subfield code="b">GY1</subfield>
      <subfield code="x">KKMK564459</subfield>
    </datafield>
  </record>
  <record>
    <leader>00834nam  2200241 i 4500</leader>
    <controlfield tag="001">MOKKAN0004845679  </controlfield>
    <controlfield tag="005">20090618082220.0</controlfield>
    <controlfield tag="008">990828s1990                  000 0 hun d</controlfield>
    <datafield tag="035" ind1=" " ind2=" ">
      <subfield code="a">BMEOMIKK000002910</subfield>
    </datafield>
    <datafield tag="040" ind1=" " ind2=" ">
      <subfield code="a">BMEOMIKK</subfield>
    </datafield>
    <datafield tag="041" ind1="0" ind2=" ">
      <subfield code="a">hun</subfield>
    </datafield>
    <datafield tag="245" ind1="0" ind2="0">
      <subfield code="a">100 éves a soproni telefonhálózat, 1990 /</subfield>
      <subfield code="c">[írta és szerk. Tarcsay László] ; [kiad. a Magyar Távközlési Vállalat. Soproni Távközlési Igazgatóság]</subfield>
    </datafield>
    <datafield tag="260" ind1=" " ind2=" ">
      <subfield code="a">[Sopron] :</subfield>
      <subfield code="b">Soproni Távközlési Ig.,</subfield>
      <subfield code="c">[1990]</subfield>
    </datafield>
    <datafield tag="300" ind1=" " ind2=" ">
      <subfield code="a">64 p. ;</subfield>
      <subfield code="c">23 cm</subfield>
    </datafield>
    <datafield tag="650" ind1=" " ind2="4">
      <subfield code="a">távközlés</subfield>
    </datafield>
    <datafield tag="650" ind1=" " ind2="4">
      <subfield code="a">történet</subfield>
    </datafield>
    <datafield tag="650" ind1=" " ind2="4">
      <subfield code="a">telefon</subfield>
    </datafield>
    <datafield tag="650" ind1=" " ind2="4">
      <subfield code="a">19. század végétől</subfield>
    </datafield>
    <datafield tag="651" ind1=" " ind2="4">
      <subfield code="a">Sopron</subfield>
    </datafield>
    <datafield tag="700" ind1="1" ind2=" ">
      <subfield code="a">Tarcsay László</subfield>
    </datafield>
    <datafield tag="710" ind1="2" ind2=" ">
      <subfield code="a">Magyar Távközlési Vállalat.</subfield>
      <subfield code="b">Soproni Távközlési Igazgatóság</subfield>
    </datafield>
    <datafield tag="852" ind1=" " ind2=" ">
      <subfield code="a">B11</subfield>
      <subfield code="b">B11</subfield>
      <subfield code="x">BMEOMIKK000002910</subfield>
    </datafield>
    <datafield tag="852" ind1=" " ind2=" ">
      <subfield code="a">B8</subfield>
      <subfield code="b">B8RH</subfield>
      <subfield code="x">OGYK000061840</subfield>
    </datafield>
  </record>
  <record>
    <leader>00915nam  2200265 i 4500</leader>
    <controlfield tag="001">MOKKAZ0006302171  </controlfield>
    <controlfield tag="005">20040915190336.0</controlfield>
    <controlfield tag="008">920625s1991    hu ao         000 0 hun d</controlfield>
    <datafield tag="020" ind1=" " ind2=" ">
      <subfield code="a">963-02-9214-9* (fűzött) :</subfield>
      <subfield code="c">100,- Ft</subfield>
    </datafield>
    <datafield tag="035" ind1=" " ind2=" ">
      <subfield code="a">7328</subfield>
    </datafield>
    <datafield tag="040" ind1=" " ind2=" ">
      <subfield code="a">OSZK</subfield>
    </datafield>
    <datafield tag="041" ind1="0" ind2=" ">
      <subfield code="a">hunhun</subfield>
    </datafield>
    <datafield tag="072" ind1=" " ind2="1">
      <subfield code="a">X</subfield>
    </datafield>
    <datafield tag="072" ind1=" " ind2="1">
      <subfield code="a">A</subfield>
    </datafield>
    <datafield tag="100" ind1="1" ind2=" ">
      <subfield code="a">Tarcsay László</subfield>
    </datafield>
    <datafield tag="245" ind1="1" ind2="0">
      <subfield code="a">100 éves a győri telefonhálózat /</subfield>
      <subfield code="c">[írta és szerk. Tarcsay László] ; [kiad. a Soproni Távközlési Igazgatóság]</subfield>
    </datafield>
    <datafield tag="260" ind1=" " ind2=" ">
      <subfield code="a">[Sopron] :</subfield>
      <subfield code="b">Soproni Távközlési Ig.,</subfield>
      <subfield code="c">1991</subfield>
      <subfield code="e">([Szombathely]</subfield>
      <subfield code="f">Sylvester Print)</subfield>
    </datafield>
    <datafield tag="300" ind1=" " ind2=" ">
      <subfield code="a">55 p. :</subfield>
      <subfield code="b">ill. ;</subfield>
      <subfield code="c">24 cm</subfield>
    </datafield>
    <datafield tag="610" ind1="2" ind2="4">
      <subfield code="a">Győr-Moson-Sopron Megyei Távközlési Üzem (Győr)</subfield>
    </datafield>
    <datafield tag="650" ind1=" " ind2="4">
      <subfield code="a">telefonhálózat</subfield>
    </datafield>
    <datafield tag="650" ind1=" " ind2="4">
      <subfield code="a">technikatörténet</subfield>
    </datafield>
    <datafield tag="700" ind1="1" ind2=" ">
      <subfield code="a">Hernitz Ferenc</subfield>
      <subfield code="4">(összeáll.)</subfield>
    </datafield>
    <datafield tag="710" ind1="2" ind2=" ">
      <subfield code="a">Soproni Távközlési Igazgatóság</subfield>
      <subfield code="4">közread.</subfield>
    </datafield>
    <datafield tag="852" ind1=" " ind2=" ">
      <subfield code="a">B1</subfield>
      <subfield code="b">B1</subfield>
      <subfield code="x">7328</subfield>
    </datafield>
    <datafield tag="852" ind1=" " ind2=" ">
      <subfield code="a">M2</subfield>
      <subfield code="b">M2</subfield>
      <subfield code="x">bibRFK00057061</subfield>
    </datafield>
  </record>
  <record>
    <leader>00975nam  2200301 i 4500</leader>
    <controlfield tag="001">MOKKAS0003350719  </controlfield>
    <controlfield tag="005">20100729202806.0</controlfield>
    <controlfield tag="008">050101s1991                            d</controlfield>
    <datafield tag="035" ind1=" " ind2=" ">
      <subfield code="a">565233</subfield>
    </datafield>
    <datafield tag="040" ind1=" " ind2=" ">
      <subfield code="a">KKMK</subfield>
    </datafield>
    <datafield tag="080" ind1=" " ind2=" ">
      <subfield code="a">621.395.74(439Győr)(091)"1891/1991"</subfield>
    </datafield>
    <datafield tag="080" ind1=" " ind2=" ">
      <subfield code="a">654.15(439Győr)"1891/1991"</subfield>
    </datafield>
    <datafield tag="100" ind1="1" ind2=" ">
      <subfield code="a">Tarcsay László</subfield>
    </datafield>
    <datafield tag="245" ind1="1" ind2="0">
      <subfield code="a">100 éves a győri telefonhálózat /</subfield>
      <subfield code="c">[írta és szerk.] Tarcsay László ; [képanyagot összeáll Hernitz Ferenc</subfield>
    </datafield>
    <datafield tag="260" ind1=" " ind2=" ">
      <subfield code="a">Sopron :</subfield>
      <subfield code="b">Soproni Távközlési Igazgatóság,</subfield>
      <subfield code="c">1991</subfield>
    </datafield>
    <datafield tag="300" ind1=" " ind2=" ">
      <subfield code="a">55 p. :</subfield>
      <subfield code="b">ill. ;</subfield>
      <subfield code="c">24 cm</subfield>
    </datafield>
    <datafield tag="500" ind1=" " ind2=" ">
      <subfield code="a">Címlap a borító</subfield>
    </datafield>
    <datafield tag="650" ind1=" " ind2="4">
      <subfield code="a">telefonhálózat</subfield>
    </datafield>
    <datafield tag="650" ind1=" " ind2="4">
      <subfield code="a">helyi szakíró</subfield>
    </datafield>
    <datafield tag="650" ind1=" " ind2="4">
      <subfield code="a">történeti feldolgozás</subfield>
    </datafield>
    <datafield tag="650" ind1=" " ind2="4">
      <subfield code="a">távbeszélő-hálózat</subfield>
    </datafield>
    <datafield tag="650" ind1=" " ind2="4">
      <subfield code="a">telefon</subfield>
    </datafield>
    <datafield tag="651" ind1=" " ind2="4">
      <subfield code="a">Győr</subfield>
    </datafield>
    <datafield tag="651" ind1=" " ind2="4">
      <subfield code="a">Győr-Sopron megye</subfield>
    </datafield>
    <datafield tag="653" ind1=" " ind2=" ">
      <subfield code="a">helyi szakíró</subfield>
    </datafield>
    <datafield tag="700" ind1="1" ind2="0">
      <subfield code="a">Hernitz Ferenc</subfield>
      <subfield code="4">([képanyagot összeáll)</subfield>
    </datafield>
    <datafield tag="852" ind1=" " ind2=" ">
      <subfield code="a">GY1</subfield>
      <subfield code="b">GY1</subfield>
      <subfield code="x">565233</subfield>
    </datafield>
    <datafield tag="852" ind1=" " ind2=" ">
      <subfield code="a">GY1</subfield>
      <subfield code="b">GY1</subfield>
      <subfield code="x">KKMK565233</subfield>
    </datafield>
  </record>
  <record>
    <leader>00527cam  2200157   4500</leader>
    <controlfield tag="001">MOKKAZ0003238627  </controlfield>
    <controlfield tag="005">20040909171955.0</controlfield>
    <controlfield tag="008">       1991                        hun  </controlfield>
    <datafield tag="035" ind1=" " ind2=" ">
      <subfield code="a">ISISIIF0013268</subfield>
    </datafield>
    <datafield tag="040" ind1=" " ind2=" ">
      <subfield code="a">DEENK</subfield>
    </datafield>
    <datafield tag="245" ind1="0" ind2="0">
      <subfield code="a">100 éves a győri telefonhálózat :</subfield>
      <subfield code="b">1991 /</subfield>
      <subfield code="c">szerk. Tarcsay László] ; [közread. Soproni Távközlési Igazgatóság]</subfield>
    </datafield>
    <datafield tag="260" ind1=" " ind2=" ">
      <subfield code="a">Sopron :</subfield>
      <subfield code="b">STI,</subfield>
      <subfield code="c">1991</subfield>
    </datafield>
    <datafield tag="300" ind1=" " ind2=" ">
      <subfield code="a">55 p. :</subfield>
      <subfield code="b">ill. ;</subfield>
      <subfield code="c">24 cm</subfield>
    </datafield>
    <datafield tag="651" ind1=" " ind2="4">
      <subfield code="a">Győr (Győr-Moson-Sopron megye)</subfield>
    </datafield>
    <datafield tag="700" ind1=" " ind2=" ">
      <subfield code="a">Tarcsay László</subfield>
    </datafield>
    <datafield tag="852" ind1=" " ind2=" ">
      <subfield code="a">D1</subfield>
      <subfield code="b">D1</subfield>
      <subfield code="x">ISISIIF0013268</subfield>
    </datafield>
  </record>
  <record>
    <leader>00536nam  2200157 i 4500</leader>
    <controlfield tag="001">MOKKAS0003658607  </controlfield>
    <controlfield tag="005">20060614041654.0</controlfield>
    <controlfield tag="008">990913s1969    hu a                hun d</controlfield>
    <datafield tag="035" ind1=" " ind2=" ">
      <subfield code="a">bibSEF00017197</subfield>
    </datafield>
    <datafield tag="040" ind1=" " ind2=" ">
      <subfield code="a">NYME</subfield>
    </datafield>
    <datafield tag="245" ind1="0" ind2="0">
      <subfield code="a">100 éves a Magyar Állami Földtani Intézet /</subfield>
      <subfield code="c">Szerk.Fülöp József, Tasnádi Kubacska András</subfield>
    </datafield>
    <datafield tag="260" ind1=" " ind2=" ">
      <subfield code="a">Budapest :</subfield>
      <subfield code="b">Műszaki Kvk.,</subfield>
      <subfield code="c">1969</subfield>
    </datafield>
    <datafield tag="300" ind1=" " ind2=" ">
      <subfield code="a">274 p. :</subfield>
      <subfield code="b">ill. ;</subfield>
      <subfield code="c">24 cm</subfield>
    </datafield>
    <datafield tag="700" ind1="2" ind2=" ">
      <subfield code="a">Tasnádi Kubacska András</subfield>
    </datafield>
    <datafield tag="710" ind1="2" ind2=" ">
      <subfield code="a">Magyar Állami Földtani Intézet (Budapest)</subfield>
    </datafield>
    <datafield tag="852" ind1=" " ind2=" ">
      <subfield code="a">S1</subfield>
      <subfield code="b">S1</subfield>
      <subfield code="x">bibSEF00017197</subfield>
    </datafield>
  </record>
  <record>
    <leader>00769nam  2200217 i 4500</leader>
    <controlfield tag="001">MOKKAZ0006404937  </controlfield>
    <controlfield tag="005">20040915200837.0</controlfield>
    <controlfield tag="008">010427s2000    hu arc        000 0dhun d</controlfield>
    <datafield tag="020" ind1=" " ind2=" ">
      <subfield code="a">963-86106-1-1 (kötött)</subfield>
    </datafield>
    <datafield tag="035" ind1=" " ind2=" ">
      <subfield code="a">803390</subfield>
    </datafield>
    <datafield tag="040" ind1=" " ind2=" ">
      <subfield code="a">OSZK</subfield>
    </datafield>
    <datafield tag="041" ind1="0" ind2=" ">
      <subfield code="a">hunhun</subfield>
    </datafield>
    <datafield tag="072" ind1=" " ind2="1">
      <subfield code="a">Z</subfield>
    </datafield>
    <datafield tag="245" ind1="0" ind2="0">
      <subfield code="a">100 éves a Magyar Labdarúgó Szövetség, 1901-2000 /</subfield>
      <subfield code="c">[főszerk. Thaly Zoltán] ; [a szerkesztésben résztvett Berzi Sándor et al.]</subfield>
    </datafield>
    <datafield tag="260" ind1=" " ind2=" ">
      <subfield code="a">Budapest :</subfield>
      <subfield code="b">MLSZ :</subfield>
      <subfield code="b">Szókincs,</subfield>
      <subfield code="c">2000</subfield>
      <subfield code="e">([Budapest]</subfield>
      <subfield code="f">Folpress)</subfield>
    </datafield>
    <datafield tag="300" ind1=" " ind2=" ">
      <subfield code="a">260 p. :</subfield>
      <subfield code="b">ill., részben színes ;</subfield>
      <subfield code="c">31 cm</subfield>
    </datafield>
    <datafield tag="610" ind1="2" ind2="4">
      <subfield code="a">Magyar Labdarúgó Szövetség</subfield>
    </datafield>
    <datafield tag="700" ind1="1" ind2=" ">
      <subfield code="a">Thaly Zoltán</subfield>
      <subfield code="4">(szerk.)</subfield>
    </datafield>
    <datafield tag="700" ind1="1" ind2=" ">
      <subfield code="a">Berzi Sándor</subfield>
      <subfield code="4">(szerk.)</subfield>
    </datafield>
    <datafield tag="710" ind1="2" ind2=" ">
      <subfield code="a">Magyar Labdarúgó Szövetség</subfield>
      <subfield code="4">közread.</subfield>
    </datafield>
    <datafield tag="852" ind1=" " ind2=" ">
      <subfield code="a">B1</subfield>
      <subfield code="b">B1</subfield>
      <subfield code="x">803390</subfield>
    </datafield>
  </record>
  <record>
    <leader>00828nam  2200217 i 4500</leader>
    <controlfield tag="001">MOKKAZ0003691650  </controlfield>
    <controlfield tag="005">20040909212519.0</controlfield>
    <controlfield tag="008">011210s2000    hu ao         00010 hun d</controlfield>
    <datafield tag="020" ind1=" " ind2=" ">
      <subfield code="a">963 86106 1 1</subfield>
    </datafield>
    <datafield tag="035" ind1=" " ind2=" ">
      <subfield code="a">bibKLT00302257</subfield>
    </datafield>
    <datafield tag="040" ind1=" " ind2=" ">
      <subfield code="a">DEENK</subfield>
    </datafield>
    <datafield tag="245" ind1="0" ind2="0">
      <subfield code="a">100 éves a Magyar Labdarúgó Szövetség :</subfield>
      <subfield code="b">1901-2000 : megjelenik az MLSZ 100 éves jubileuma alkalmából /</subfield>
      <subfield code="c">[főszerk. Thaly Zoltán] ; [közread. a Magyar Labdarúgó Szövetség]</subfield>
    </datafield>
    <datafield tag="260" ind1=" " ind2=" ">
      <subfield code="a">Budapest :</subfield>
      <subfield code="b">Szókincs K.,</subfield>
      <subfield code="c">2000</subfield>
    </datafield>
    <datafield tag="300" ind1=" " ind2=" ">
      <subfield code="a">260 p. :</subfield>
      <subfield code="b">ill. ;</subfield>
      <subfield code="c">31 cm</subfield>
    </datafield>
    <datafield tag="650" ind1=" " ind2="4">
      <subfield code="a">Labdarúgás</subfield>
      <subfield code="z">Magyarország</subfield>
      <subfield code="x">történet</subfield>
    </datafield>
    <datafield tag="650" ind1=" " ind2="0">
      <subfield code="a">Football</subfield>
      <subfield code="z">Hungary</subfield>
      <subfield code="x">History.</subfield>
    </datafield>
    <datafield tag="650" ind1=" " ind2="7">
      <subfield code="a">Labdarúgás</subfield>
      <subfield code="x">magyar</subfield>
      <subfield code="x">története</subfield>
      <subfield code="2">szte</subfield>
    </datafield>
    <datafield tag="700" ind1="1" ind2=" ">
      <subfield code="a">Thaly Zoltán</subfield>
    </datafield>
    <datafield tag="710" ind1="2" ind2=" ">
      <subfield code="a">Magyar Labdarúgó Szövetség</subfield>
    </datafield>
    <datafield tag="852" ind1=" " ind2=" ">
      <subfield code="a">D1</subfield>
      <subfield code="b">D1</subfield>
      <subfield code="x">bibKLT00302257</subfield>
    </datafield>
    <datafield tag="852" ind1=" " ind2=" ">
      <subfield code="a">SZ1</subfield>
      <subfield code="b">SZ1/S1</subfield>
      <subfield code="x">bibKLT00302257</subfield>
    </datafield>
  </record>
  <record>
    <leader>01206fam  2200265 i 4500</leader>
    <controlfield tag="001">MOKKAZ0006409012  </controlfield>
    <controlfield tag="005">20040915201040.0</controlfield>
    <controlfield tag="008">010809s2001    hu ar         000 0 hun d</controlfield>
    <datafield tag="020" ind1=" " ind2=" ">
      <subfield code="a">963-00-7410-9 (fűzött)</subfield>
    </datafield>
    <datafield tag="035" ind1=" " ind2=" ">
      <subfield code="a">900452</subfield>
    </datafield>
    <datafield tag="040" ind1=" " ind2=" ">
      <subfield code="a">OSZK</subfield>
    </datafield>
    <datafield tag="041" ind1="0" ind2=" ">
      <subfield code="a">hunhun</subfield>
    </datafield>
    <datafield tag="100" ind1="1" ind2=" ">
      <subfield code="a">Tóth Imre</subfield>
    </datafield>
    <datafield tag="245" ind1="1" ind2="0">
      <subfield code="a">100 éves a Vasárugyár Részvénytársaság Sopron : </subfield>
      <subfield code="b">alapítva 1901-ben /</subfield>
      <subfield code="c">[írta Tóth Imre és Hetesi László] ; [közread. az] Elzett Sopron Kft., Euro Elzett Kft., Roto Elzett Certa Kft.</subfield>
    </datafield>
    <datafield tag="260" ind1=" " ind2=" ">
      <subfield code="a">[Sopron] :</subfield>
      <subfield code="b">Elzett Sopron Kft. :</subfield>
      <subfield code="b">Euro Elzett Kft. :</subfield>
      <subfield code="b">Roto Elzett Certa Kft.,</subfield>
      <subfield code="c">[2001]</subfield>
      <subfield code="e">([S.l.]</subfield>
      <subfield code="f">[s.n.])</subfield>
    </datafield>
    <datafield tag="300" ind1=" " ind2=" ">
      <subfield code="a">35 p. :</subfield>
      <subfield code="b">ill., részben színes ;</subfield>
      <subfield code="c">30 cm</subfield>
    </datafield>
    <datafield tag="610" ind1="2" ind2="4">
      <subfield code="a">Euro-Elzett Zárgyártó és Kereskedelmi Kft. (Sopron)</subfield>
    </datafield>
    <datafield tag="610" ind1="2" ind2="4">
      <subfield code="a">Elzett Sopron Felületkezelő Kft.</subfield>
    </datafield>
    <datafield tag="610" ind1="2" ind2="4">
      <subfield code="a">Roto Elzett Certa Vasalatgyártó és Kereskedelmi Kft. (Lövő)</subfield>
    </datafield>
    <datafield tag="700" ind1="1" ind2="0">
      <subfield code="a">Hetesi László</subfield>
    </datafield>
    <datafield tag="710" ind1="2" ind2=" ">
      <subfield code="a">Euro-Elzett Zárgyártó és Kereskedelmi Kft (Sopron)</subfield>
      <subfield code="4">közread.</subfield>
    </datafield>
    <datafield tag="710" ind1="2" ind2=" ">
      <subfield code="a">Elzett Sopron Felületkezelő Kft</subfield>
      <subfield code="4">közread.</subfield>
    </datafield>
    <datafield tag="710" ind1="2" ind2=" ">
      <subfield code="a">Roto Elzett Certa Vasalatgyártó és Kereskedelmi Kft (Lövő)</subfield>
      <subfield code="4">közread.</subfield>
    </datafield>
    <datafield tag="852" ind1=" " ind2=" ">
      <subfield code="a">B1</subfield>
      <subfield code="b">B1</subfield>
      <subfield code="x">900452</subfield>
    </datafield>
    <datafield tag="852" ind1=" " ind2=" ">
      <subfield code="a">P1</subfield>
      <subfield code="b">P1/TT</subfield>
      <subfield code="x">bibJPT00201681</subfield>
    </datafield>
  </record>
  <record>
    <leader>00502nama 22001691i 4500</leader>
    <controlfield tag="001">MOKKAS0000539622  </controlfield>
    <controlfield tag="005">20060117215712.0</controlfield>
    <controlfield tag="008">040903s1962    hu            000 0 hunod</controlfield>
    <datafield tag="035" ind1=" " ind2=" ">
      <subfield code="a">1298415</subfield>
    </datafield>
    <datafield tag="040" ind1=" " ind2=" ">
      <subfield code="a">OSZK</subfield>
    </datafield>
    <datafield tag="041" ind1="0" ind2=" ">
      <subfield code="a">hunhun</subfield>
    </datafield>
    <datafield tag="100" ind1="1" ind2=" ">
      <subfield code="a">Tóth János</subfield>
    </datafield>
    <datafield tag="245" ind1="1" ind2="0">
      <subfield code="a">100 éves a Palotásy Kórus : </subfield>
      <subfield code="b">1862-1962 /</subfield>
      <subfield code="c">Tóth János</subfield>
    </datafield>
    <datafield tag="260" ind1=" " ind2=" ">
      <subfield code="a">Jászberény :</subfield>
      <subfield code="b">Jászberényi Ny.,</subfield>
      <subfield code="c">1962</subfield>
    </datafield>
    <datafield tag="300" ind1=" " ind2=" ">
      <subfield code="a">28 p. :</subfield>
      <subfield code="b">ill. ;</subfield>
      <subfield code="c">24 cm</subfield>
    </datafield>
    <datafield tag="600" ind1="1" ind2="4">
      <subfield code="a">Palotásy János</subfield>
      <subfield code="c">(cédulakatalógus alapján)</subfield>
    </datafield>
    <datafield tag="852" ind1=" " ind2=" ">
      <subfield code="a">B1</subfield>
      <subfield code="b">B1</subfield>
      <subfield code="x">1298415</subfield>
    </datafield>
  </record>
  <record>
    <leader>01066nam  2200277 i 4500</leader>
    <controlfield tag="001">MOKKAS0001427242  </controlfield>
    <controlfield tag="005">20060113133605.0</controlfield>
    <controlfield tag="008">050903s1962    hu            00010 hun d</controlfield>
    <datafield tag="020" ind1=" " ind2=" ">
      <subfield code="a">(fűzött)</subfield>
    </datafield>
    <datafield tag="035" ind1=" " ind2=" ">
      <subfield code="a">bibVFK00244145</subfield>
    </datafield>
    <datafield tag="040" ind1=" " ind2=" ">
      <subfield code="a">VFMK</subfield>
    </datafield>
    <datafield tag="245" ind1="0" ind2="0">
      <subfield code="a">100 éves a Palotásy Kórus :</subfield>
      <subfield code="b">1862-1962 /</subfield>
      <subfield code="c">Tóth János ; ... kiad. a jászberényi Palotásy Kórus</subfield>
    </datafield>
    <datafield tag="260" ind1=" " ind2=" ">
      <subfield code="a">Jászberény :</subfield>
      <subfield code="b">Palotásy Kórus,</subfield>
      <subfield code="c">1962</subfield>
      <subfield code="e">(Jászberény :</subfield>
      <subfield code="f">Jászberényi ny.)</subfield>
    </datafield>
    <datafield tag="300" ind1=" " ind2=" ">
      <subfield code="a">28 p. :</subfield>
      <subfield code="b">ill. ;</subfield>
      <subfield code="c">24 cm</subfield>
    </datafield>
    <datafield tag="610" ind1="2" ind2=" ">
      <subfield code="a">Palotásy Kórus (Jászberény)</subfield>
    </datafield>
    <datafield tag="650" ind1=" " ind2="4">
      <subfield code="a">Kóruskultúra</subfield>
    </datafield>
    <datafield tag="650" ind1=" " ind2="7">
      <subfield code="a">Jászberény</subfield>
      <subfield code="2">szte</subfield>
    </datafield>
    <datafield tag="650" ind1=" " ind2="7">
      <subfield code="a">Jászberény</subfield>
      <subfield code="x">honismeret</subfield>
      <subfield code="2">szte</subfield>
    </datafield>
    <datafield tag="651" ind1=" " ind2="4">
      <subfield code="a">Jászberény</subfield>
    </datafield>
    <datafield tag="695" ind1=" " ind2=" ">
      <subfield code="a">xxx</subfield>
    </datafield>
    <datafield tag="695" ind1=" " ind2=" ">
      <subfield code="a">Kórusművészet</subfield>
      <subfield code="x">Jászberény</subfield>
      <subfield code="y">1862-1962</subfield>
      <subfield code="x">története</subfield>
    </datafield>
    <datafield tag="700" ind1="1" ind2=" ">
      <subfield code="a">Tóth János</subfield>
      <subfield code="c">hism. múz</subfield>
      <subfield code="c">(múzeumigazgató, muzeológus)</subfield>
      <subfield code="4">bev.</subfield>
    </datafield>
    <datafield tag="700" ind1="1" ind2=" ">
      <subfield code="a">Sáros András</subfield>
      <subfield code="d">(1912-1983)</subfield>
      <subfield code="c">(tanár, festőművész, tudományos kutató, író)</subfield>
      <subfield code="4">címlap</subfield>
    </datafield>
    <datafield tag="700" ind1="1" ind2=" ">
      <subfield code="a">Morvay Lajos</subfield>
      <subfield code="c">(fotó)</subfield>
      <subfield code="4">fotó</subfield>
    </datafield>
    <datafield tag="852" ind1=" " ind2=" ">
      <subfield code="a">SZL1</subfield>
      <subfield code="b">SZL1</subfield>
      <subfield code="x">bibVFK00244145</subfield>
    </datafield>
    <datafield tag="852" ind1=" " ind2=" ">
      <subfield code="a">SZ4</subfield>
      <subfield code="b">SZ4</subfield>
      <subfield code="x">bibSOK00153332</subfield>
    </datafield>
  </record>
  <record>
    <leader>01062aam  2200301 i 4500</leader>
    <controlfield tag="001">MOKKAZ0006232733  </controlfield>
    <controlfield tag="005">20100917121843.0</controlfield>
    <controlfield tag="008">940509t19841984hu            000 0 hun d</controlfield>
    <datafield tag="020" ind1=" " ind2=" ">
      <subfield code="a">963-01-6023-4 (fűzött)</subfield>
    </datafield>
    <datafield tag="035" ind1=" " ind2=" ">
      <subfield code="a">520733</subfield>
    </datafield>
    <datafield tag="040" ind1=" " ind2=" ">
      <subfield code="a">OSZK</subfield>
    </datafield>
    <datafield tag="041" ind1="0" ind2=" ">
      <subfield code="a">hunhun</subfield>
    </datafield>
    <datafield tag="100" ind1="1" ind2=" ">
      <subfield code="a">Váradi Gáborné</subfield>
    </datafield>
    <datafield tag="245" ind1="1" ind2="0">
      <subfield code="a">100 éves a keszthelyi ipari szakmunkásképzés : </subfield>
      <subfield code="b">1884-1984 /</subfield>
      <subfield code="c">[írta és szerk. Váradi Gáborné és Kardos József] ; [közr. a] 308. sz. Ipari Szakmunkásképző Intézet Keszthely</subfield>
    </datafield>
    <datafield tag="260" ind1=" " ind2=" ">
      <subfield code="a">Keszthely :</subfield>
      <subfield code="b">308. Ip. Szakmunkásképző Int.,</subfield>
      <subfield code="c">1984</subfield>
      <subfield code="e">([Zalaegerszeg]</subfield>
      <subfield code="f">Zalai Ny.)</subfield>
    </datafield>
    <datafield tag="300" ind1=" " ind2=" ">
      <subfield code="a">22 p. ;</subfield>
      <subfield code="c">20 cm</subfield>
    </datafield>
    <datafield tag="506" ind1=" " ind2=" ">
      <subfield code="a">Belső használatra</subfield>
    </datafield>
    <datafield tag="650" ind1=" " ind2="7">
      <subfield code="a">története</subfield>
      <subfield code="2">opkm</subfield>
    </datafield>
    <datafield tag="650" ind1=" " ind2="7">
      <subfield code="a">1884-1984</subfield>
      <subfield code="2">opkm</subfield>
    </datafield>
    <datafield tag="650" ind1=" " ind2="7">
      <subfield code="a">Keszthely</subfield>
      <subfield code="2">opkm</subfield>
    </datafield>
    <datafield tag="650" ind1=" " ind2="7">
      <subfield code="a">szakképzés</subfield>
      <subfield code="2">opkm</subfield>
    </datafield>
    <datafield tag="650" ind1=" " ind2="7">
      <subfield code="a">ipari szakképzés</subfield>
      <subfield code="2">opkm</subfield>
    </datafield>
    <datafield tag="650" ind1=" " ind2="7">
      <subfield code="a">szakmunkásképzés</subfield>
      <subfield code="2">opkm</subfield>
    </datafield>
    <datafield tag="651" ind1=" " ind2="4">
      <subfield code="a">Magyarország</subfield>
    </datafield>
    <datafield tag="700" ind1="1" ind2="0">
      <subfield code="a">Kardos József</subfield>
    </datafield>
    <datafield tag="710" ind1="2" ind2=" ">
      <subfield code="a">Ipari Szakmunkásképző Intézet (Keszthely)</subfield>
      <subfield code="4">közread.</subfield>
    </datafield>
    <datafield tag="852" ind1=" " ind2=" ">
      <subfield code="a">B1</subfield>
      <subfield code="b">B1</subfield>
      <subfield code="x">520733</subfield>
    </datafield>
    <datafield tag="852" ind1=" " ind2=" ">
      <subfield code="a">B7</subfield>
      <subfield code="b">B7</subfield>
      <subfield code="x">163513</subfield>
    </datafield>
  </record>
  <record>
    <leader>00916aam  2200229 i 4500</leader>
    <controlfield tag="001">MOKKAZ0006218492  </controlfield>
    <controlfield tag="005">20040915181440.0</controlfield>
    <controlfield tag="008">940509t19861986hu            000 0 hun d</controlfield>
    <datafield tag="020" ind1=" " ind2=" ">
      <subfield code="a">963-01-7533-9 (fűzött)</subfield>
    </datafield>
    <datafield tag="035" ind1=" " ind2=" ">
      <subfield code="a">786207</subfield>
    </datafield>
    <datafield tag="040" ind1=" " ind2=" ">
      <subfield code="a">OSZK</subfield>
    </datafield>
    <datafield tag="041" ind1="0" ind2=" ">
      <subfield code="a">hunhun</subfield>
    </datafield>
    <datafield tag="072" ind1=" " ind2="1">
      <subfield code="a">H</subfield>
    </datafield>
    <datafield tag="100" ind1="1" ind2=" ">
      <subfield code="a">Virosztek Ferenc</subfield>
    </datafield>
    <datafield tag="245" ind1="1" ind2="0">
      <subfield code="a">100 éves a kunhegyesi ipari szakmunkásképzés /</subfield>
      <subfield code="c">[írta és összeáll. Virosztek Ferenc] ; [... a Mezőgazdasági és Ipari Szakmunkásképző Intézet Kunhegyes gondozásában készült]</subfield>
    </datafield>
    <datafield tag="260" ind1=" " ind2=" ">
      <subfield code="a">[Kunhegyes] :</subfield>
      <subfield code="b">Mezőgazd. és Ip. Szakmunkásk. Int.,</subfield>
      <subfield code="c">1986</subfield>
      <subfield code="e">([Kunhegyes]</subfield>
      <subfield code="f">Kunság Népe Mg. Tsz. Ny.)</subfield>
    </datafield>
    <datafield tag="300" ind1=" " ind2=" ">
      <subfield code="a">26 p., [14] t. ;</subfield>
      <subfield code="c">21 cm</subfield>
    </datafield>
    <datafield tag="500" ind1=" " ind2=" ">
      <subfield code="a">Kézirat</subfield>
    </datafield>
    <datafield tag="500" ind1=" " ind2=" ">
      <subfield code="a">500</subfield>
    </datafield>
    <datafield tag="610" ind1="2" ind2="4">
      <subfield code="a">Mezőgazdasági és Ipari Szakmunkásképző Intézet (Kunhegyes)</subfield>
    </datafield>
    <datafield tag="710" ind1="2" ind2=" ">
      <subfield code="a">Mezőgazdasági és Ipari Szakmunkásképző Intézet (Kunhegyes)</subfield>
      <subfield code="4">közread.</subfield>
    </datafield>
    <datafield tag="852" ind1=" " ind2=" ">
      <subfield code="a">B1</subfield>
      <subfield code="b">B1</subfield>
      <subfield code="x">786207</subfield>
    </datafield>
  </record>
  <record>
    <leader>00671nam  2200229 i 4500</leader>
    <controlfield tag="001">MOKKAS0001425955  </controlfield>
    <controlfield tag="005">20060113132903.0</controlfield>
    <controlfield tag="008">050903s1999    hu            00010 hun d</controlfield>
    <datafield tag="020" ind1=" " ind2=" ">
      <subfield code="a">963-550-726-7 (fűzött) :</subfield>
      <subfield code="c">1490,-Ft</subfield>
    </datafield>
    <datafield tag="035" ind1=" " ind2=" ">
      <subfield code="a">bibVFK00240899</subfield>
    </datafield>
    <datafield tag="040" ind1=" " ind2=" ">
      <subfield code="a">VFMK</subfield>
    </datafield>
    <datafield tag="100" ind1="1" ind2=" ">
      <subfield code="a">Vitos György</subfield>
      <subfield code="d">(1957-)</subfield>
    </datafield>
    <datafield tag="245" ind1="1" ind2="0">
      <subfield code="a">100 éves a szegedi futball! /</subfield>
      <subfield code="c">Vitos György</subfield>
    </datafield>
    <datafield tag="260" ind1=" " ind2=" ">
      <subfield code="a">[Szeged] :</subfield>
      <subfield code="b">Bába,</subfield>
      <subfield code="c">1999</subfield>
    </datafield>
    <datafield tag="300" ind1=" " ind2=" ">
      <subfield code="a">210 p. :</subfield>
      <subfield code="b">ill. ;</subfield>
      <subfield code="c">21 cm</subfield>
    </datafield>
    <datafield tag="504" ind1=" " ind2=" ">
      <subfield code="a">A borítón címkieg.: A SZAK-tól a SZEAC-ig</subfield>
    </datafield>
    <datafield tag="650" ind1=" " ind2="4">
      <subfield code="a">Labdarúgás</subfield>
    </datafield>
    <datafield tag="650" ind1=" " ind2="4">
      <subfield code="a">Történet</subfield>
    </datafield>
    <datafield tag="650" ind1=" " ind2="4">
      <subfield code="a">Labdarúgás, magyar</subfield>
    </datafield>
    <datafield tag="650" ind1=" " ind2="4">
      <subfield code="a">Futball</subfield>
    </datafield>
    <datafield tag="651" ind1=" " ind2="4">
      <subfield code="a">Szeged</subfield>
    </datafield>
    <datafield tag="852" ind1=" " ind2=" ">
      <subfield code="a">SZL1</subfield>
      <subfield code="b">SZL1</subfield>
      <subfield code="x">bibVFK00240899</subfield>
    </datafield>
  </record>
  <record>
    <leader>00496nam  2200169 i 4500</leader>
    <controlfield tag="001">MOKKAS0002329258  </controlfield>
    <controlfield tag="005">20060618042817.0</controlfield>
    <controlfield tag="008">      s1999    hu a            0   hun d</controlfield>
    <datafield tag="020" ind1=" " ind2=" ">
      <subfield code="a">963-550-726-7 (fűzött)</subfield>
    </datafield>
    <datafield tag="035" ind1=" " ind2=" ">
      <subfield code="a">bibSOK254695</subfield>
    </datafield>
    <datafield tag="040" ind1=" " ind2=" ">
      <subfield code="a">SK</subfield>
    </datafield>
    <datafield tag="100" ind1="1" ind2=" ">
      <subfield code="a">Vitos György</subfield>
    </datafield>
    <datafield tag="245" ind1="1" ind2="0">
      <subfield code="a">100 éves a szegedi futball! /</subfield>
      <subfield code="c">Vitos György</subfield>
    </datafield>
    <datafield tag="260" ind1=" " ind2=" ">
      <subfield code="a">Szeged :</subfield>
      <subfield code="b">Vitos Gy.,</subfield>
      <subfield code="c">1999</subfield>
    </datafield>
    <datafield tag="300" ind1=" " ind2=" ">
      <subfield code="a">210 p. :</subfield>
      <subfield code="b">ill. ;</subfield>
      <subfield code="c">20 cm</subfield>
    </datafield>
    <datafield tag="650" ind1=" " ind2="7">
      <subfield code="a">Labdarúgás</subfield>
      <subfield code="x">Szeged</subfield>
      <subfield code="y">1899-1999</subfield>
      <subfield code="2">szte</subfield>
    </datafield>
    <datafield tag="852" ind1=" " ind2=" ">
      <subfield code="a">SZ4</subfield>
      <subfield code="b">SZ4</subfield>
      <subfield code="x">bibSOK254695</subfield>
    </datafield>
  </record>
  <record>
    <leader>01546fam  2200469 i 4500</leader>
    <controlfield tag="001">MOKKAZ0006443922  </controlfield>
    <controlfield tag="005">20100907161340.0</controlfield>
    <controlfield tag="008">020521t20022002hu a          000 0 hun d</controlfield>
    <datafield tag="020" ind1=" " ind2=" ">
      <subfield code="a">963-9347-41-8 (fűzött) :</subfield>
      <subfield code="c">1990,-Ft</subfield>
    </datafield>
    <datafield tag="035" ind1=" " ind2=" ">
      <subfield code="a">922401</subfield>
    </datafield>
    <datafield tag="040" ind1=" " ind2=" ">
      <subfield code="a">OSZK</subfield>
    </datafield>
    <datafield tag="041" ind1="0" ind2=" ">
      <subfield code="a">hunhun</subfield>
    </datafield>
    <datafield tag="080" ind1=" " ind2=" ">
      <subfield code="a">796.332(439D)"1902/2002"</subfield>
    </datafield>
    <datafield tag="080" ind1=" " ind2=" ">
      <subfield code="a">061.237(439D)"1902/2002"</subfield>
    </datafield>
    <datafield tag="100" ind1="1" ind2=" ">
      <subfield code="a">Vitos György</subfield>
      <subfield code="d">(1957-)</subfield>
    </datafield>
    <datafield tag="245" ind1="1" ind2="0">
      <subfield code="a">100 éves a DVSC, Kelet-Magyarország fociékszere /</subfield>
      <subfield code="c">Vitos György</subfield>
    </datafield>
    <datafield tag="260" ind1=" " ind2=" ">
      <subfield code="a">[Szeged] :</subfield>
      <subfield code="b">Bába,</subfield>
      <subfield code="c">cop. 2002</subfield>
      <subfield code="e">(Szeged</subfield>
      <subfield code="f">Bába)</subfield>
    </datafield>
    <datafield tag="300" ind1=" " ind2=" ">
      <subfield code="a">226 p. :</subfield>
      <subfield code="b">ill. ;</subfield>
      <subfield code="c">21 cm</subfield>
    </datafield>
    <datafield tag="610" ind1="2" ind2="4">
      <subfield code="a">Debreceni Vasutas Sport Club</subfield>
    </datafield>
    <datafield tag="650" ind1=" " ind2="4">
      <subfield code="a">Labdarúgás</subfield>
      <subfield code="z">Magyarország</subfield>
      <subfield code="z">Debrecen</subfield>
      <subfield code="x">történet</subfield>
    </datafield>
    <datafield tag="650" ind1=" " ind2="0">
      <subfield code="a">Football</subfield>
      <subfield code="z">Hungary</subfield>
      <subfield code="z">Debrecen</subfield>
      <subfield code="x">History.</subfield>
    </datafield>
    <datafield tag="650" ind1=" " ind2="7">
      <subfield code="a">Labdarúgás</subfield>
      <subfield code="x">magyar</subfield>
      <subfield code="x">története</subfield>
      <subfield code="x">regionális</subfield>
      <subfield code="2">szte</subfield>
    </datafield>
    <datafield tag="650" ind1=" " ind2="7">
      <subfield code="a">Labdarúgás</subfield>
      <subfield code="x">Debrecen</subfield>
      <subfield code="y">1902-2002</subfield>
      <subfield code="2">szte</subfield>
    </datafield>
    <datafield tag="650" ind1=" " ind2="7">
      <subfield code="a">Labdarúgás</subfield>
      <subfield code="x">Magyarország</subfield>
      <subfield code="x">regionális</subfield>
      <subfield code="2">szte</subfield>
    </datafield>
    <datafield tag="650" ind1=" " ind2="7">
      <subfield code="a">Debrecen</subfield>
      <subfield code="x">labdarúgás</subfield>
      <subfield code="2">szte</subfield>
    </datafield>
    <datafield tag="650" ind1=" " ind2="4">
      <subfield code="a">Labdarúgás, magyar</subfield>
    </datafield>
    <datafield tag="650" ind1=" " ind2="4">
      <subfield code="a">Futball</subfield>
    </datafield>
    <datafield tag="650" ind1=" " ind2="4">
      <subfield code="a">Futballklubok</subfield>
    </datafield>
    <datafield tag="650" ind1=" " ind2="4">
      <subfield code="a">Labdarúgás</subfield>
    </datafield>
    <datafield tag="650" ind1=" " ind2="4">
      <subfield code="a">Történet</subfield>
    </datafield>
    <datafield tag="650" ind1=" " ind2="4">
      <subfield code="a">labdarúgás története</subfield>
    </datafield>
    <datafield tag="650" ind1=" " ind2="4">
      <subfield code="a">sporttörténet</subfield>
    </datafield>
    <datafield tag="651" ind1=" " ind2="4">
      <subfield code="a">Debrecen</subfield>
    </datafield>
    <datafield tag="651" ind1=" " ind2="7">
      <subfield code="a">Debrecen</subfield>
      <subfield code="x">labdarúgás</subfield>
      <subfield code="2">szte</subfield>
    </datafield>
    <datafield tag="653" ind1=" " ind2=" ">
      <subfield code="a">1902-2002</subfield>
    </datafield>
    <datafield tag="852" ind1=" " ind2=" ">
      <subfield code="a">B1</subfield>
      <subfield code="b">B1</subfield>
      <subfield code="x">922401</subfield>
    </datafield>
    <datafield tag="852" ind1=" " ind2=" ">
      <subfield code="a">D1</subfield>
      <subfield code="b">D1</subfield>
      <subfield code="x">bibFSZ700201</subfield>
    </datafield>
    <datafield tag="852" ind1=" " ind2=" ">
      <subfield code="a">SZ1</subfield>
      <subfield code="b">SZ1/R1</subfield>
      <subfield code="x">bibFSZ700201</subfield>
    </datafield>
    <datafield tag="852" ind1=" " ind2=" ">
      <subfield code="a">B10</subfield>
      <subfield code="b">0801</subfield>
      <subfield code="x">bibFSZ700201</subfield>
    </datafield>
    <datafield tag="852" ind1=" " ind2=" ">
      <subfield code="a">SZ4</subfield>
      <subfield code="b">SZ4</subfield>
      <subfield code="x">bibFSZ700201</subfield>
    </datafield>
    <datafield tag="852" ind1=" " ind2=" ">
      <subfield code="a">SZL1</subfield>
      <subfield code="b">SZL1</subfield>
      <subfield code="x">bibVFK00240900</subfield>
    </datafield>
    <datafield tag="852" ind1=" " ind2=" ">
      <subfield code="a">GY1</subfield>
      <subfield code="b">GY1</subfield>
      <subfield code="x">559423</subfield>
    </datafield>
  </record>
  <record>
    <leader>01080fam  2200289 i 4500</leader>
    <controlfield tag="001">MOKKAZ0006345206  </controlfield>
    <controlfield tag="005">20040915193614.0</controlfield>
    <controlfield tag="008">970203s1996    hu a     b    000 0 hun d</controlfield>
    <datafield tag="020" ind1=" " ind2=" ">
      <subfield code="a">963-00-2022-X* (fűzött) :</subfield>
      <subfield code="c">200,- Ft</subfield>
    </datafield>
    <datafield tag="035" ind1=" " ind2=" ">
      <subfield code="a">214417</subfield>
    </datafield>
    <datafield tag="040" ind1=" " ind2=" ">
      <subfield code="a">OSZK</subfield>
    </datafield>
    <datafield tag="041" ind1="0" ind2=" ">
      <subfield code="a">hunhun</subfield>
    </datafield>
    <datafield tag="100" ind1="1" ind2=" ">
      <subfield code="a">Wirth Zsuzsanna</subfield>
      <subfield code="d">(1939-)</subfield>
    </datafield>
    <datafield tag="245" ind1="1" ind2="0">
      <subfield code="a">100 éves a szombathelyi evangélikus templom : </subfield>
      <subfield code="b">visszatekintés a Szombathelyi Evangélikus Gyülekezet múltjára /</subfield>
      <subfield code="c">[írta Wirth Zsuzsanna]</subfield>
    </datafield>
    <datafield tag="260" ind1=" " ind2=" ">
      <subfield code="a">[Szombathely] :</subfield>
      <subfield code="b">Szombathelyi Evangélikus Gyülekezet,</subfield>
      <subfield code="c">1996</subfield>
      <subfield code="e">([Szombathely]</subfield>
      <subfield code="f">Szignatúra)</subfield>
    </datafield>
    <datafield tag="300" ind1=" " ind2=" ">
      <subfield code="a">59 p. :</subfield>
      <subfield code="b">ill. ;</subfield>
      <subfield code="c">20 cm</subfield>
    </datafield>
    <datafield tag="504" ind1=" " ind2=" ">
      <subfield code="a">Bibliogr.: p. 56.</subfield>
    </datafield>
    <datafield tag="610" ind1="2" ind2="4">
      <subfield code="a">Szombathelyi Evangélikus Gyülekezet</subfield>
    </datafield>
    <datafield tag="650" ind1=" " ind2="7">
      <subfield code="a">Evangélikus egyháztörténet</subfield>
      <subfield code="x">Vas megye</subfield>
      <subfield code="2">szte</subfield>
    </datafield>
    <datafield tag="650" ind1=" " ind2="7">
      <subfield code="a">Templomépítészet</subfield>
      <subfield code="x">Vas megye</subfield>
      <subfield code="2">szte</subfield>
    </datafield>
    <datafield tag="650" ind1=" " ind2="4">
      <subfield code="a">templomtörténet</subfield>
    </datafield>
    <datafield tag="650" ind1=" " ind2="4">
      <subfield code="a">egyháztörténet</subfield>
    </datafield>
    <datafield tag="710" ind1="2" ind2=" ">
      <subfield code="a">Szombathelyi Evangélikus Gyülekezet</subfield>
      <subfield code="4">közread.</subfield>
    </datafield>
    <datafield tag="852" ind1=" " ind2=" ">
      <subfield code="a">B1</subfield>
      <subfield code="b">B1</subfield>
      <subfield code="x">214417</subfield>
    </datafield>
    <datafield tag="852" ind1=" " ind2=" ">
      <subfield code="a">D1</subfield>
      <subfield code="b">D1</subfield>
      <subfield code="x">214417</subfield>
    </datafield>
    <datafield tag="852" ind1=" " ind2=" ">
      <subfield code="a">SZ1</subfield>
      <subfield code="b">SZ1</subfield>
      <subfield code="x">214417</subfield>
    </datafield>
    <datafield tag="852" ind1=" " ind2=" ">
      <subfield code="a">M2</subfield>
      <subfield code="b">M2</subfield>
      <subfield code="x">bibRFK00035308</subfield>
    </datafield>
  </record>
  <record>
    <leader>00876nam  2200277 i 4500</leader>
    <controlfield tag="001">MOKKAN0004565583  </controlfield>
    <controlfield tag="005">20070503004027.0</controlfield>
    <controlfield tag="008">020309s1996                            d</controlfield>
    <datafield tag="035" ind1=" " ind2=" ">
      <subfield code="a">150317790</subfield>
    </datafield>
    <datafield tag="040" ind1=" " ind2=" ">
      <subfield code="a">BDK</subfield>
    </datafield>
    <datafield tag="100" ind1="1" ind2=" ">
      <subfield code="a">Wirth Zsuzsanna</subfield>
      <subfield code="c">(betöltött szerző)</subfield>
    </datafield>
    <datafield tag="245" ind1="0" ind2="0">
      <subfield code="a">100 éves a szombathelyi evangélikus templom : </subfield>
      <subfield code="b">visszatekintés a Szombathelyi Evangélikus Gyülekezet múltjára /</subfield>
      <subfield code="c">Wirth Zsuzsanna</subfield>
    </datafield>
    <datafield tag="260" ind1=" " ind2=" ">
      <subfield code="b">Szombathelyi Evangélikus Gyülekezet,</subfield>
      <subfield code="c">1996</subfield>
    </datafield>
    <datafield tag="300" ind1=" " ind2=" ">
      <subfield code="c">59 p. : ill.</subfield>
    </datafield>
    <datafield tag="653" ind1=" " ind2=" ">
      <subfield code="a">Szombathely</subfield>
    </datafield>
    <datafield tag="653" ind1=" " ind2=" ">
      <subfield code="a">centenárium</subfield>
    </datafield>
    <datafield tag="653" ind1=" " ind2=" ">
      <subfield code="a">egyháztörténet</subfield>
    </datafield>
    <datafield tag="653" ind1=" " ind2=" ">
      <subfield code="a">evangélikus egyház</subfield>
    </datafield>
    <datafield tag="653" ind1=" " ind2=" ">
      <subfield code="a">evangélikus templom</subfield>
    </datafield>
    <datafield tag="653" ind1=" " ind2=" ">
      <subfield code="a">templom, templomtörténet</subfield>
    </datafield>
    <datafield tag="653" ind1=" " ind2=" ">
      <subfield code="a">évforduló</subfield>
    </datafield>
    <datafield tag="653" ind1=" " ind2=" ">
      <subfield code="a">műemlék</subfield>
    </datafield>
    <datafield tag="653" ind1=" " ind2=" ">
      <subfield code="a">történet</subfield>
    </datafield>
    <datafield tag="653" ind1=" " ind2=" ">
      <subfield code="a">építészet</subfield>
    </datafield>
    <datafield tag="852" ind1=" " ind2=" ">
      <subfield code="a">SZO1</subfield>
      <subfield code="b">SZO1</subfield>
      <subfield code="x">150254538</subfield>
    </datafield>
    <datafield tag="852" ind1=" " ind2=" ">
      <subfield code="a">SZO1</subfield>
      <subfield code="b">SZO1</subfield>
      <subfield code="x">150317790</subfield>
    </datafield>
  </record>
  <record>
    <leader>00631nam  2200157 i 4500</leader>
    <controlfield tag="001">MOKKAZ0003369402  </controlfield>
    <controlfield tag="005">20040909183412.0</controlfield>
    <controlfield tag="008">960917q19901996hu ao         00010 hun d</controlfield>
    <datafield tag="035" ind1=" " ind2=" ">
      <subfield code="a">bibKLT00110581</subfield>
    </datafield>
    <datafield tag="040" ind1=" " ind2=" ">
      <subfield code="a">DEENK</subfield>
    </datafield>
    <datafield tag="245" ind1="0" ind2="0">
      <subfield code="a">100 éves az Észak-dunántúli Áramszolgáltató Részvénytársaság /</subfield>
      <subfield code="c">[szerk Fuli Sándor] ; ... közrem. Balázs Szilárd [et al.]</subfield>
    </datafield>
    <datafield tag="260" ind1=" " ind2=" ">
      <subfield code="a">[S.l.] :</subfield>
      <subfield code="b">H+H Reklám,</subfield>
      <subfield code="c">[199?]</subfield>
    </datafield>
    <datafield tag="300" ind1=" " ind2=" ">
      <subfield code="a">352 p. :</subfield>
      <subfield code="b">ill., főként színes ;</subfield>
      <subfield code="c">29 cm</subfield>
    </datafield>
    <datafield tag="610" ind1="2" ind2=" ">
      <subfield code="a">Észak-dunántúli Áramszolgáltató Részvénytársaság</subfield>
    </datafield>
    <datafield tag="695" ind1=" " ind2=" ">
      <subfield code="a">áramszolgáltatás</subfield>
      <subfield code="x">történet</subfield>
      <subfield code="z">Észak-Dunántül</subfield>
    </datafield>
    <datafield tag="852" ind1=" " ind2=" ">
      <subfield code="a">D1</subfield>
      <subfield code="b">D1</subfield>
      <subfield code="x">bibKLT00110581</subfield>
    </datafield>
  </record>
  <record>
    <leader>00596nam  2200217 i 4500</leader>
    <controlfield tag="001">MOKKAW0005448573  </controlfield>
    <controlfield tag="005">20080413050057.0</controlfield>
    <controlfield tag="008">990828s1995                  000 0 hun d</controlfield>
    <datafield tag="035" ind1=" " ind2=" ">
      <subfield code="a">BMEOMIKK000107699</subfield>
    </datafield>
    <datafield tag="040" ind1=" " ind2=" ">
      <subfield code="a">BMEOMIKK</subfield>
    </datafield>
    <datafield tag="041" ind1="0" ind2=" ">
      <subfield code="a">hun</subfield>
    </datafield>
    <datafield tag="044" ind1=" " ind2=" ">
      <subfield code="a">hu</subfield>
    </datafield>
    <datafield tag="110" ind1="2" ind2="0">
      <subfield code="a">Ácsi Cukorgyár</subfield>
    </datafield>
    <datafield tag="245" ind1="1" ind2="0">
      <subfield code="a">100 éves az Ácsi Cukorgyár /</subfield>
      <subfield code="c">[szerk. Dancs József]</subfield>
    </datafield>
    <datafield tag="250" ind1=" " ind2=" ">
      <subfield code="a">Utánny.</subfield>
    </datafield>
    <datafield tag="260" ind1=" " ind2=" ">
      <subfield code="a">[Budapest] :</subfield>
      <subfield code="b">Mezőgazd. K.,</subfield>
      <subfield code="c">1995</subfield>
    </datafield>
    <datafield tag="300" ind1=" " ind2=" ">
      <subfield code="a">158 p. ;</subfield>
      <subfield code="c">23 cm</subfield>
    </datafield>
    <datafield tag="500" ind1=" " ind2=" ">
      <subfield code="a">Orosz és német kiv</subfield>
    </datafield>
    <datafield tag="504" ind1=" " ind2=" ">
      <subfield code="a">Bibliogr.: 156. p.</subfield>
    </datafield>
    <datafield tag="700" ind1="1" ind2=" ">
      <subfield code="a">Dancs József</subfield>
    </datafield>
    <datafield tag="852" ind1=" " ind2=" ">
      <subfield code="a">B11</subfield>
      <subfield code="b">B11</subfield>
      <subfield code="x">BMEOMIKK000107699</subfield>
    </datafield>
  </record>
  <record>
    <leader>00567nam  2200169 i 4500</leader>
    <controlfield tag="001">MOKKAW0005536659  </controlfield>
    <controlfield tag="005">20080414212332.0</controlfield>
    <controlfield tag="008">990828s1998                  000 0 hun d</controlfield>
    <datafield tag="035" ind1=" " ind2=" ">
      <subfield code="a">BMEOMIKK000135635</subfield>
    </datafield>
    <datafield tag="040" ind1=" " ind2=" ">
      <subfield code="a">BMEOMIKK</subfield>
    </datafield>
    <datafield tag="041" ind1="0" ind2=" ">
      <subfield code="a">hun</subfield>
    </datafield>
    <datafield tag="245" ind1="0" ind2="0">
      <subfield code="a">100 éves a MÁV Debreceni Járműjavító Kft. : </subfield>
      <subfield code="b">Üzemtörténet, 1898-1998 /</subfield>
      <subfield code="c">szerk. Zágonyi Imre</subfield>
    </datafield>
    <datafield tag="260" ind1=" " ind2=" ">
      <subfield code="a">Debrecen :</subfield>
      <subfield code="b">Licium-Art,</subfield>
      <subfield code="c">1998</subfield>
    </datafield>
    <datafield tag="300" ind1=" " ind2=" ">
      <subfield code="a">54 p., [27] t. ;</subfield>
      <subfield code="c">25 cm</subfield>
    </datafield>
    <datafield tag="700" ind1="1" ind2=" ">
      <subfield code="a">Zágonyi Imre</subfield>
    </datafield>
    <datafield tag="710" ind1="2" ind2=" ">
      <subfield code="a">Magyar Államvasutak.</subfield>
      <subfield code="b">Debreceni Járműjavító Kft.</subfield>
    </datafield>
    <datafield tag="852" ind1=" " ind2=" ">
      <subfield code="a">B11</subfield>
      <subfield code="b">B11</subfield>
      <subfield code="x">BMEOMIKK000135635</subfield>
    </datafield>
  </record>
  <record>
    <leader>01142fam  2200277 i 4500</leader>
    <controlfield tag="001">MOKKAZ0006240099  </controlfield>
    <controlfield tag="005">20040915182705.0</controlfield>
    <controlfield tag="008">940509t19901990hu a          000 0 hun d</controlfield>
    <datafield tag="020" ind1=" " ind2=" ">
      <subfield code="a">963-02-8678-5 (fűzött)</subfield>
    </datafield>
    <datafield tag="035" ind1=" " ind2=" ">
      <subfield code="a">547882</subfield>
    </datafield>
    <datafield tag="040" ind1=" " ind2=" ">
      <subfield code="a">OSZK</subfield>
    </datafield>
    <datafield tag="041" ind1="0" ind2=" ">
      <subfield code="a">hunhun</subfield>
    </datafield>
    <datafield tag="100" ind1="1" ind2=" ">
      <subfield code="a">Balázs Béla</subfield>
    </datafield>
    <datafield tag="245" ind1="1" ind2="0">
      <subfield code="a">100 éves az Ukk és Csáktornya közötti vasút /</subfield>
      <subfield code="c">Balázs Béla, Kövér István ; [kiad. a MÁV Szombathelyi Igazgatósága és a Közlekedéstudományi Egyesület Vas Megyei Területi Szervezete]</subfield>
    </datafield>
    <datafield tag="260" ind1=" " ind2=" ">
      <subfield code="a">[Szombathely] :</subfield>
      <subfield code="b">MÁV Szombathelyi Ig. :</subfield>
      <subfield code="b">KTE Vas M. Területi Szerv.,</subfield>
      <subfield code="c">[1990]</subfield>
      <subfield code="e">(Szombathely</subfield>
      <subfield code="f">MÁV Szombathelyi Ig.)</subfield>
    </datafield>
    <datafield tag="300" ind1=" " ind2=" ">
      <subfield code="a">172 p., 17, [14] t., 20 t.fol. :</subfield>
      <subfield code="b">ill. ;</subfield>
      <subfield code="c">29 cm</subfield>
    </datafield>
    <datafield tag="500" ind1=" " ind2=" ">
      <subfield code="a">Kézirat</subfield>
    </datafield>
    <datafield tag="500" ind1=" " ind2=" ">
      <subfield code="a">100</subfield>
    </datafield>
    <datafield tag="650" ind1="0" ind2="4">
      <subfield code="a">vasúti közlekedés</subfield>
      <subfield code="z">Zala megye</subfield>
      <subfield code="y">1889-1989</subfield>
    </datafield>
    <datafield tag="700" ind1="1" ind2="0">
      <subfield code="a">Kövér István</subfield>
    </datafield>
    <datafield tag="710" ind1="2" ind2=" ">
      <subfield code="a">Magyar Államvasutak</subfield>
      <subfield code="a">Szombathelyi Igazgatóság</subfield>
      <subfield code="4">közread.</subfield>
    </datafield>
    <datafield tag="710" ind1="2" ind2=" ">
      <subfield code="a">Közlekedéstudományi Egyesület</subfield>
      <subfield code="a">Vas Megyei Területi Szervezet</subfield>
      <subfield code="4">közread.</subfield>
    </datafield>
    <datafield tag="852" ind1=" " ind2=" ">
      <subfield code="a">B1</subfield>
      <subfield code="b">B1</subfield>
      <subfield code="x">547882</subfield>
    </datafield>
    <datafield tag="852" ind1=" " ind2=" ">
      <subfield code="a">B11</subfield>
      <subfield code="b">B11</subfield>
      <subfield code="x">BMEOMIKK000045335</subfield>
    </datafield>
    <datafield tag="852" ind1=" " ind2=" ">
      <subfield code="a">M1</subfield>
      <subfield code="b">M1</subfield>
      <subfield code="x">124980</subfield>
    </datafield>
    <datafield tag="852" ind1=" " ind2=" ">
      <subfield code="a">D1</subfield>
      <subfield code="b">D1</subfield>
      <subfield code="x">ISISFEF0008307</subfield>
    </datafield>
  </record>
  <record>
    <leader>00877fam  2200205 i 4500</leader>
    <controlfield tag="001">MOKKAZ0006334338  </controlfield>
    <controlfield tag="005">20040915193007.0</controlfield>
    <controlfield tag="008">951227s1995    hu ar         000 0 hun d</controlfield>
    <datafield tag="020" ind1=" " ind2=" ">
      <subfield code="a">963-02-9877-5 (kötött)</subfield>
    </datafield>
    <datafield tag="035" ind1=" " ind2=" ">
      <subfield code="a">163396</subfield>
    </datafield>
    <datafield tag="040" ind1=" " ind2=" ">
      <subfield code="a">OSZK</subfield>
    </datafield>
    <datafield tag="041" ind1="0" ind2=" ">
      <subfield code="a">hunhun</subfield>
    </datafield>
    <datafield tag="245" ind1="0" ind2="0">
      <subfield code="a">100 éves az Észak-dunántúli Áramszolgáltató Részvénytársaság /</subfield>
      <subfield code="c">[szerk. Fuli Sándor] ; a könyv elkészítésében közreműködtek Balázs Szilárd [et al.] ; [fotók Balázs Szilárd et al.]</subfield>
    </datafield>
    <datafield tag="260" ind1=" " ind2=" ">
      <subfield code="a">[Győr] :</subfield>
      <subfield code="b">ÉDÁSZ,</subfield>
      <subfield code="c">[1995]</subfield>
      <subfield code="e">(Győr</subfield>
      <subfield code="f">Stabil Reklám Studió)</subfield>
      <subfield code="e">(Gyula</subfield>
      <subfield code="f">Dürer)</subfield>
    </datafield>
    <datafield tag="300" ind1=" " ind2=" ">
      <subfield code="a">352 p. :</subfield>
      <subfield code="b">ill., részben színes ;</subfield>
      <subfield code="c">29 cm</subfield>
    </datafield>
    <datafield tag="610" ind1="2" ind2="4">
      <subfield code="a">Észak-dunántúli Áramszolgáltató Rt. (Győr)</subfield>
    </datafield>
    <datafield tag="700" ind1="1" ind2=" ">
      <subfield code="a">Balázs Szilárd</subfield>
      <subfield code="4">(közrem.)</subfield>
    </datafield>
    <datafield tag="700" ind1="1" ind2=" ">
      <subfield code="a">Fuli Sándor</subfield>
      <subfield code="4">(szerk.)</subfield>
    </datafield>
    <datafield tag="710" ind1="2" ind2=" ">
      <subfield code="a">Észak-dunántúli Áramszolgáltató Rt (Győr)</subfield>
      <subfield code="4">közread.</subfield>
    </datafield>
    <datafield tag="852" ind1=" " ind2=" ">
      <subfield code="a">B1</subfield>
      <subfield code="b">B1</subfield>
      <subfield code="x">163396</subfield>
    </datafield>
  </record>
  <record>
    <leader>00933nam  2200241   4500</leader>
    <controlfield tag="001">MOKKAN0004337883  </controlfield>
    <controlfield tag="005">20070412160920.0</controlfield>
    <controlfield tag="008">960105s1993                        hun d</controlfield>
    <datafield tag="020" ind1=" " ind2=" ">
      <subfield code="a">963-02-9431-1 (kötött)</subfield>
    </datafield>
    <datafield tag="035" ind1=" " ind2=" ">
      <subfield code="a">bibFSZ1329882</subfield>
    </datafield>
    <datafield tag="040" ind1=" " ind2=" ">
      <subfield code="a">FSZEK</subfield>
    </datafield>
    <datafield tag="041" ind1=" " ind2=" ">
      <subfield code="a">hun</subfield>
    </datafield>
    <datafield tag="245" ind1="0" ind2="0">
      <subfield code="a">100 éves az Elektromos Művek /</subfield>
      <subfield code="c">főszerk. Börcsök Dezső ; [szerk. Luspay Ödön és Molnár József] ; [... szerzői: Kádár Aba [et al.] ; [közread. a] Budapesti Elektromos Művek Rt.</subfield>
    </datafield>
    <datafield tag="260" ind1=" " ind2=" ">
      <subfield code="a">Budapest :</subfield>
      <subfield code="b">Bp. Elektromos Művek,</subfield>
      <subfield code="c">1993</subfield>
    </datafield>
    <datafield tag="300" ind1=" " ind2=" ">
      <subfield code="a">341, [26] p. :</subfield>
      <subfield code="b">ill. ;</subfield>
      <subfield code="c">29 cm</subfield>
    </datafield>
    <datafield tag="504" ind1=" " ind2=" ">
      <subfield code="t">Bibliogr.: p. 337-339.</subfield>
    </datafield>
    <datafield tag="610" ind1="2" ind2=" ">
      <subfield code="a">Budapesti Elektromos Művek Rt.</subfield>
    </datafield>
    <datafield tag="700" ind1="1" ind2=" ">
      <subfield code="a">Börcsök Dezső</subfield>
      <subfield code="d">(1934-)</subfield>
      <subfield code="4">szerk.</subfield>
    </datafield>
    <datafield tag="700" ind1="1" ind2=" ">
      <subfield code="a">Luspay Ödön</subfield>
      <subfield code="d">(1928-)</subfield>
      <subfield code="4">szerk.</subfield>
    </datafield>
    <datafield tag="700" ind1="1" ind2=" ">
      <subfield code="a">Molnár József</subfield>
      <subfield code="d">(1922-)</subfield>
      <subfield code="4">szerk.</subfield>
    </datafield>
    <datafield tag="700" ind1="1" ind2=" ">
      <subfield code="a">Kádár Aba</subfield>
      <subfield code="4">közrem.</subfield>
    </datafield>
    <datafield tag="710" ind1="2" ind2=" ">
      <subfield code="a">Budapesti Elektromos Művek Rt.</subfield>
      <subfield code="4">közread.</subfield>
    </datafield>
    <datafield tag="852" ind1=" " ind2=" ">
      <subfield code="a">B10</subfield>
      <subfield code="b">B10</subfield>
      <subfield code="x">bibFSZ1329882</subfield>
    </datafield>
  </record>
  <record>
    <leader>00932fam  2200253 i 4500</leader>
    <controlfield tag="001">MOKKAZ0006318877  </controlfield>
    <controlfield tag="005">20040915191211.0</controlfield>
    <controlfield tag="008">940915s1993    hu rob   b    000 0 hun d</controlfield>
    <datafield tag="020" ind1=" " ind2=" ">
      <subfield code="a">963-02-9431-1 (kötött)</subfield>
    </datafield>
    <datafield tag="035" ind1=" " ind2=" ">
      <subfield code="a">92016</subfield>
    </datafield>
    <datafield tag="040" ind1=" " ind2=" ">
      <subfield code="a">OSZK</subfield>
    </datafield>
    <datafield tag="041" ind1="0" ind2=" ">
      <subfield code="a">hunhun</subfield>
    </datafield>
    <datafield tag="245" ind1="0" ind2="0">
      <subfield code="a">100 éves az Elektromos Művek /</subfield>
      <subfield code="c">főszerk. Börcsök Dezső ; [szerk. Luspay Ödön és Molnár József]</subfield>
    </datafield>
    <datafield tag="260" ind1=" " ind2=" ">
      <subfield code="a">Budapest :</subfield>
      <subfield code="b">Budapest Elektromos Művek,</subfield>
      <subfield code="c">1993</subfield>
      <subfield code="e">([S.l.]</subfield>
      <subfield code="f">[s.n.])</subfield>
    </datafield>
    <datafield tag="300" ind1=" " ind2=" ">
      <subfield code="a">341, [26] p. :</subfield>
      <subfield code="b">ill., főként színes ;</subfield>
      <subfield code="c">29 cm</subfield>
    </datafield>
    <datafield tag="504" ind1=" " ind2=" ">
      <subfield code="a">Bibliogr.: p. 337-339.</subfield>
    </datafield>
    <datafield tag="610" ind1="2" ind2="4">
      <subfield code="a">Budapesti Elektromos Művek Rt.</subfield>
    </datafield>
    <datafield tag="700" ind1="1" ind2=" ">
      <subfield code="a">Börcsök Dezső</subfield>
      <subfield code="d">(1934-)</subfield>
      <subfield code="4">(szerk.)</subfield>
    </datafield>
    <datafield tag="700" ind1="1" ind2=" ">
      <subfield code="a">Luspay Ödön</subfield>
      <subfield code="d">(1928-)</subfield>
      <subfield code="4">(szerk.)</subfield>
    </datafield>
    <datafield tag="700" ind1="1" ind2=" ">
      <subfield code="a">Molnár József</subfield>
      <subfield code="d">(1922-)</subfield>
      <subfield code="4">(szerk.)</subfield>
    </datafield>
    <datafield tag="700" ind1="1" ind2=" ">
      <subfield code="a">Kádár Aba</subfield>
      <subfield code="d">(1927-)</subfield>
      <subfield code="4">(közrem.)</subfield>
    </datafield>
    <datafield tag="710" ind1="2" ind2=" ">
      <subfield code="a">Budapesti Elektromos Művek Rt</subfield>
      <subfield code="4">közread.</subfield>
    </datafield>
    <datafield tag="852" ind1=" " ind2=" ">
      <subfield code="a">B1</subfield>
      <subfield code="b">B1</subfield>
      <subfield code="x">92016</subfield>
    </datafield>
    <datafield tag="852" ind1=" " ind2=" ">
      <subfield code="a">B11</subfield>
      <subfield code="b">B11</subfield>
      <subfield code="x">BMEOMIKK000145833</subfield>
    </datafield>
  </record>
  <record>
    <leader>01813nam  2200541 ir4500</leader>
    <controlfield tag="001">MOKKAS0001244783  </controlfield>
    <controlfield tag="005">20091221124009.0</controlfield>
    <controlfield tag="008">      s1993    hu            00010 hun d</controlfield>
    <datafield tag="020" ind1=" " ind2=" ">
      <subfield code="a">963-02-9515-6 (fűzött) :</subfield>
      <subfield code="c">700,- Ft</subfield>
    </datafield>
    <datafield tag="035" ind1=" " ind2=" ">
      <subfield code="a">bibRFK00022667</subfield>
    </datafield>
    <datafield tag="040" ind1=" " ind2=" ">
      <subfield code="a">RFMK</subfield>
    </datafield>
    <datafield tag="041" ind1=" " ind2=" ">
      <subfield code="a">hun</subfield>
    </datafield>
    <datafield tag="245" ind1="0" ind2="0">
      <subfield code="a">100 éves az Elektromos Művek, 1893-1993 :</subfield>
      <subfield code="b">technikatörténeti füzetek /</subfield>
      <subfield code="c">főszerk. Börcsök Dezső ; [szerk. Luspay Ödön]</subfield>
    </datafield>
    <datafield tag="260" ind1=" " ind2=" ">
      <subfield code="a">Budapest :</subfield>
      <subfield code="b">Bp. Elektromos Művek,</subfield>
      <subfield code="c">1993</subfield>
    </datafield>
    <datafield tag="300" ind1=" " ind2=" ">
      <subfield code="a">7 db :</subfield>
      <subfield code="b">ill. ;</subfield>
      <subfield code="c">24 cm</subfield>
    </datafield>
    <datafield tag="500" ind1=" " ind2=" ">
      <subfield code="a">r</subfield>
      <subfield code="a">r</subfield>
      <subfield code="a">r</subfield>
      <subfield code="a">r</subfield>
      <subfield code="a">r</subfield>
      <subfield code="a">r</subfield>
      <subfield code="a">r</subfield>
      <subfield code="a">r</subfield>
    </datafield>
    <datafield tag="504" ind1=" " ind2=" ">
      <subfield code="a">Közös tokban</subfield>
    </datafield>
    <datafield tag="610" ind1="2" ind2=" ">
      <subfield code="a">Budapesti Elektromos Művek Rt</subfield>
    </datafield>
    <datafield tag="610" ind1="2" ind2=" ">
      <subfield code="a">Magyar Elektrotechnikai Múzeum (Budapest)</subfield>
      <subfield code="3">7.</subfield>
    </datafield>
    <datafield tag="650" ind1=" " ind2="4">
      <subfield code="a">technikatörténet</subfield>
    </datafield>
    <datafield tag="650" ind1=" " ind2="4">
      <subfield code="a">gyártörténet</subfield>
    </datafield>
    <datafield tag="650" ind1=" " ind2="4">
      <subfield code="a">áramszolgáltatás</subfield>
    </datafield>
    <datafield tag="650" ind1=" " ind2="4">
      <subfield code="a">áramszolgáltatás</subfield>
      <subfield code="3">1.</subfield>
    </datafield>
    <datafield tag="650" ind1=" " ind2="4">
      <subfield code="a">20. sz.</subfield>
      <subfield code="3">1.</subfield>
    </datafield>
    <datafield tag="650" ind1=" " ind2="4">
      <subfield code="a">villamos erőművek</subfield>
      <subfield code="3">2.</subfield>
    </datafield>
    <datafield tag="650" ind1=" " ind2="4">
      <subfield code="a">villamos hálózatok</subfield>
      <subfield code="3">2.</subfield>
    </datafield>
    <datafield tag="650" ind1=" " ind2="4">
      <subfield code="a">közvilágítás</subfield>
      <subfield code="3">3.</subfield>
    </datafield>
    <datafield tag="650" ind1=" " ind2="4">
      <subfield code="a">villamos mérések</subfield>
      <subfield code="3">4.</subfield>
    </datafield>
    <datafield tag="650" ind1=" " ind2="4">
      <subfield code="a">munkakörülmények</subfield>
      <subfield code="3">5.</subfield>
    </datafield>
    <datafield tag="650" ind1=" " ind2="4">
      <subfield code="a">gyártörténet</subfield>
      <subfield code="3">6.</subfield>
    </datafield>
    <datafield tag="651" ind1=" " ind2="4">
      <subfield code="a">Budapest</subfield>
      <subfield code="3">1.</subfield>
    </datafield>
    <datafield tag="651" ind1=" " ind2="4">
      <subfield code="a">Budapest</subfield>
      <subfield code="3">2.</subfield>
    </datafield>
    <datafield tag="651" ind1=" " ind2="4">
      <subfield code="a">Budapest</subfield>
      <subfield code="3">3.</subfield>
    </datafield>
    <datafield tag="700" ind1="1" ind2=" ">
      <subfield code="a">Börcsök Dezső</subfield>
      <subfield code="d">(1934)</subfield>
      <subfield code="4">szerk.</subfield>
    </datafield>
    <datafield tag="700" ind1="1" ind2=" ">
      <subfield code="a">Luspay Ödön</subfield>
      <subfield code="d">(1928)</subfield>
      <subfield code="4">szerk.</subfield>
    </datafield>
    <datafield tag="700" ind1="1" ind2=" ">
      <subfield code="a">Kaszás István</subfield>
    </datafield>
    <datafield tag="700" ind1="1" ind2=" ">
      <subfield code="a">Kádár Aba</subfield>
      <subfield code="d">(1927)</subfield>
    </datafield>
    <datafield tag="700" ind1="1" ind2=" ">
      <subfield code="a">Szemerey Zoltán</subfield>
      <subfield code="d">(1921)</subfield>
    </datafield>
    <datafield tag="700" ind1="1" ind2=" ">
      <subfield code="a">Horváth József</subfield>
      <subfield code="d">(1940)</subfield>
    </datafield>
    <datafield tag="700" ind1="1" ind2=" ">
      <subfield code="a">Szilas Péter</subfield>
      <subfield code="d">(1936)</subfield>
    </datafield>
    <datafield tag="700" ind1="1" ind2=" ">
      <subfield code="a">Luspay Ödön</subfield>
      <subfield code="d">(1928)</subfield>
      <subfield code="4">közrem.</subfield>
    </datafield>
    <datafield tag="700" ind1="1" ind2=" ">
      <subfield code="a">Doktor Jenő</subfield>
    </datafield>
    <datafield tag="700" ind1="1" ind2=" ">
      <subfield code="a">Lengyel Gábor</subfield>
    </datafield>
    <datafield tag="700" ind1="1" ind2=" ">
      <subfield code="a">Molnár József</subfield>
    </datafield>
    <datafield tag="700" ind1="1" ind2=" ">
      <subfield code="a">Brenner György</subfield>
      <subfield code="d">(1939-1993)</subfield>
      <subfield code="c">(grafikus, karikaturista)</subfield>
      <subfield code="4">ill.</subfield>
    </datafield>
    <datafield tag="700" ind1="1" ind2=" ">
      <subfield code="a">Király Árpád</subfield>
      <subfield code="d">(1923)</subfield>
    </datafield>
    <datafield tag="710" ind1="2" ind2=" ">
      <subfield code="a">Budapesti Elektromos Művek Rt</subfield>
      <subfield code="4">közread.</subfield>
    </datafield>
    <datafield tag="852" ind1=" " ind2=" ">
      <subfield code="a">M2</subfield>
      <subfield code="b">M2</subfield>
      <subfield code="x">bibRFK00022667</subfield>
    </datafield>
  </record>
  <record>
    <leader>01335nam  2200445 i 4500</leader>
    <controlfield tag="001">MOKKAW0005398836  </controlfield>
    <controlfield tag="005">20080412053609.0</controlfield>
    <controlfield tag="008">990828s1993                  000 0 hun d</controlfield>
    <datafield tag="020" ind1=" " ind2=" ">
      <subfield code="a">963-02-9515-6</subfield>
    </datafield>
    <datafield tag="020" ind1=" " ind2=" ">
      <subfield code="a">963-02-9516-4</subfield>
    </datafield>
    <datafield tag="020" ind1=" " ind2=" ">
      <subfield code="a">963-02-9517-2</subfield>
    </datafield>
    <datafield tag="020" ind1=" " ind2=" ">
      <subfield code="a">963-02-9518-0</subfield>
    </datafield>
    <datafield tag="020" ind1=" " ind2=" ">
      <subfield code="a">963-02-9519-9</subfield>
    </datafield>
    <datafield tag="020" ind1=" " ind2=" ">
      <subfield code="a">963-02-9520-2</subfield>
    </datafield>
    <datafield tag="020" ind1=" " ind2=" ">
      <subfield code="a">963-02-9521-0</subfield>
    </datafield>
    <datafield tag="020" ind1=" " ind2=" ">
      <subfield code="a">963-02-9522-9</subfield>
    </datafield>
    <datafield tag="035" ind1=" " ind2=" ">
      <subfield code="a">BMEOMIKK000094242</subfield>
    </datafield>
    <datafield tag="040" ind1=" " ind2=" ">
      <subfield code="a">BMEOMIKK</subfield>
    </datafield>
    <datafield tag="041" ind1="0" ind2=" ">
      <subfield code="a">hun</subfield>
    </datafield>
    <datafield tag="245" ind1="0" ind2="0">
      <subfield code="a">100 éves az Elektromos Művek, 1893-1993 /</subfield>
      <subfield code="c">főszerk. Börcsök Dezső</subfield>
    </datafield>
    <datafield tag="246" ind1="1" ind2="3">
      <subfield code="a">A Magyar Elektrotechnikai Múzeum</subfield>
    </datafield>
    <datafield tag="246" ind1="1" ind2="3">
      <subfield code="a">A fővárosi áramszolgáltatás 100 éve</subfield>
    </datafield>
    <datafield tag="246" ind1="1" ind2="3">
      <subfield code="a">Erőművek, hálózatok, állomások</subfield>
    </datafield>
    <datafield tag="246" ind1="1" ind2="3">
      <subfield code="a">Közvilágítás, díszvilágítás</subfield>
    </datafield>
    <datafield tag="260" ind1=" " ind2=" ">
      <subfield code="a">Budapest :</subfield>
      <subfield code="b">Bp.-i Elektromos Művek Rt.,</subfield>
      <subfield code="c">1993</subfield>
    </datafield>
    <datafield tag="300" ind1=" " ind2=" ">
      <subfield code="a">7 db ;</subfield>
      <subfield code="c">24 cm</subfield>
    </datafield>
    <datafield tag="490" ind1="1" ind2=" ">
      <subfield code="a">Technikatörténeti füzetek</subfield>
      <subfield code="v">1-7.</subfield>
    </datafield>
    <datafield tag="700" ind1="1" ind2=" ">
      <subfield code="a">Börcsök Dezső</subfield>
    </datafield>
    <datafield tag="700" ind1="1" ind2=" ">
      <subfield code="a">Doktor Jenő</subfield>
    </datafield>
    <datafield tag="700" ind1="1" ind2=" ">
      <subfield code="a">Horváth József</subfield>
    </datafield>
    <datafield tag="700" ind1="1" ind2=" ">
      <subfield code="a">Kaszás István</subfield>
    </datafield>
    <datafield tag="700" ind1="1" ind2=" ">
      <subfield code="a">Király Árpád</subfield>
    </datafield>
    <datafield tag="700" ind1="1" ind2=" ">
      <subfield code="a">Kádár Aba</subfield>
    </datafield>
    <datafield tag="700" ind1="1" ind2=" ">
      <subfield code="a">Lengyel Gábor</subfield>
    </datafield>
    <datafield tag="700" ind1="1" ind2=" ">
      <subfield code="a">Luspay Ödön</subfield>
    </datafield>
    <datafield tag="700" ind1="1" ind2=" ">
      <subfield code="a">Molnár József</subfield>
    </datafield>
    <datafield tag="700" ind1="1" ind2=" ">
      <subfield code="a">Szemerey Zoltán</subfield>
    </datafield>
    <datafield tag="700" ind1="1" ind2=" ">
      <subfield code="a">Szilas Péter</subfield>
    </datafield>
    <datafield tag="830" ind1=" " ind2="0">
      <subfield code="a">Technikatörténeti füzetek</subfield>
    </datafield>
    <datafield tag="852" ind1=" " ind2=" ">
      <subfield code="a">B11</subfield>
      <subfield code="b">B11</subfield>
      <subfield code="x">BMEOMIKK000094242</subfield>
    </datafield>
  </record>
  <record>
    <leader>00962fam  2200265 ir4500</leader>
    <controlfield tag="001">MOKKAZ0006330134  </controlfield>
    <controlfield tag="005">20091022065317.0</controlfield>
    <controlfield tag="008">950825s1993    hu a          000 0 hun d</controlfield>
    <datafield tag="020" ind1=" " ind2=" ">
      <subfield code="a">963-02-9515-6 (fűzött)</subfield>
    </datafield>
    <datafield tag="035" ind1=" " ind2=" ">
      <subfield code="a">143876</subfield>
    </datafield>
    <datafield tag="040" ind1=" " ind2=" ">
      <subfield code="a">OSZK</subfield>
    </datafield>
    <datafield tag="041" ind1="0" ind2=" ">
      <subfield code="a">hun</subfield>
    </datafield>
    <datafield tag="080" ind1=" " ind2=" ">
      <subfield code="a">061.5:621.3(439.151)"1893/1993"(082)</subfield>
    </datafield>
    <datafield tag="245" ind1="0" ind2="0">
      <subfield code="a">100 éves az Elektromos Művek, 1893-1993 : </subfield>
      <subfield code="b">technikatörténeti füzetek /</subfield>
      <subfield code="c">főszerk. Börcsök Dezső ; [szerk. Luspay Ödön]</subfield>
    </datafield>
    <datafield tag="260" ind1=" " ind2=" ">
      <subfield code="a">Budapest :</subfield>
      <subfield code="b">Budapest Elektromos Művek,</subfield>
      <subfield code="c">1993</subfield>
      <subfield code="e">([Budapest]</subfield>
      <subfield code="f">[Mediaen])</subfield>
    </datafield>
    <datafield tag="300" ind1=" " ind2=" ">
      <subfield code="a">7 db :</subfield>
      <subfield code="b">ill. ;</subfield>
      <subfield code="c">24 cm</subfield>
    </datafield>
    <datafield tag="500" ind1=" " ind2=" ">
      <subfield code="a">Közös tokban</subfield>
    </datafield>
    <datafield tag="610" ind1="2" ind2="4">
      <subfield code="a">Budapesti Elektromos Művek Rt.</subfield>
    </datafield>
    <datafield tag="651" ind1=" " ind2="4">
      <subfield code="a">Budapesti Elektromos Művek Rt.</subfield>
    </datafield>
    <datafield tag="700" ind1="1" ind2=" ">
      <subfield code="a">Börcsök Dezső</subfield>
      <subfield code="d">(1934-)</subfield>
      <subfield code="4">(szerk.)</subfield>
    </datafield>
    <datafield tag="700" ind1="1" ind2=" ">
      <subfield code="a">Luspay Ödön</subfield>
      <subfield code="d">(1928-)</subfield>
      <subfield code="4">(szerk.)</subfield>
    </datafield>
    <datafield tag="710" ind1="2" ind2=" ">
      <subfield code="a">Budapesti Elektromos Művek Rt</subfield>
      <subfield code="4">közread.</subfield>
    </datafield>
    <datafield tag="852" ind1=" " ind2=" ">
      <subfield code="a">B1</subfield>
      <subfield code="b">B1</subfield>
      <subfield code="x">143876</subfield>
    </datafield>
    <datafield tag="852" ind1=" " ind2=" ">
      <subfield code="a">B10</subfield>
      <subfield code="b">0801B</subfield>
      <subfield code="x">bibFSZ00003716</subfield>
    </datafield>
    <datafield tag="852" ind1=" " ind2=" ">
      <subfield code="a">B3</subfield>
      <subfield code="b">B3</subfield>
      <subfield code="x">000070611</subfield>
    </datafield>
  </record>
  <record>
    <leader>00880cam  2200253 i 4500</leader>
    <controlfield tag="001">MOKKAN0003917940  </controlfield>
    <controlfield tag="005">20061105135032.0</controlfield>
    <controlfield tag="008">961024c        xx            00010 hun d</controlfield>
    <datafield tag="020" ind1=" " ind2=" ">
      <subfield code="a">963 02 9515 6 (össz.)</subfield>
    </datafield>
    <datafield tag="020" ind1=" " ind2=" ">
      <subfield code="a">963 02 9519 9</subfield>
    </datafield>
    <datafield tag="035" ind1=" " ind2=" ">
      <subfield code="a">29881</subfield>
    </datafield>
    <datafield tag="040" ind1=" " ind2=" ">
      <subfield code="a">MEKLM</subfield>
    </datafield>
    <datafield tag="041" ind1="0" ind2=" ">
      <subfield code="a">hun</subfield>
    </datafield>
    <datafield tag="245" ind1="0" ind2="0">
      <subfield code="a">100 éves az Elektromos Művek, 1893-1993 :</subfield>
      <subfield code="b">Vizsgálatok, mérések /</subfield>
      <subfield code="c">főszerk. Börcsök Dezső ; [szerzők Luspay Ödön et al.] ; [közread. a] Budapesti Elektromos Művek Rt</subfield>
    </datafield>
    <datafield tag="260" ind1="0" ind2="1">
      <subfield code="a">Bp. :</subfield>
      <subfield code="b">ELMŰ ; Mediaen,</subfield>
      <subfield code="c">1993</subfield>
    </datafield>
    <datafield tag="300" ind1=" " ind2=" ">
      <subfield code="a">68 p. :</subfield>
      <subfield code="b">ill. ;</subfield>
      <subfield code="c">24 cm</subfield>
    </datafield>
    <datafield tag="490" ind1="1" ind2=" ">
      <subfield code="a">(Technikatörténeti füzetek ;</subfield>
      <subfield code="v">4.)</subfield>
    </datafield>
    <datafield tag="504" ind1=" " ind2=" ">
      <subfield code="a">Bibliogr. p. 64-66.</subfield>
    </datafield>
    <datafield tag="650" ind1="0" ind2="4">
      <subfield code="a">villamosenergia-termelés</subfield>
    </datafield>
    <datafield tag="700" ind1="1" ind2="1">
      <subfield code="a">Börcsök Dezső</subfield>
    </datafield>
    <datafield tag="710" ind1="1" ind2="1">
      <subfield code="a">Budapesti Elektromos Művek Rt.</subfield>
    </datafield>
    <datafield tag="740" ind1="0" ind2="1">
      <subfield code="a">Vizsgálatok, mérések</subfield>
    </datafield>
    <datafield tag="830" ind1=" " ind2="0">
      <subfield code="a">Technikatörténeti füzetek</subfield>
    </datafield>
    <datafield tag="852" ind1=" " ind2=" ">
      <subfield code="a">M1</subfield>
      <subfield code="b">M1</subfield>
      <subfield code="x">29881</subfield>
    </datafield>
  </record>
  <record>
    <leader>00992fam  2200301 i 4500</leader>
    <controlfield tag="001">MOKKAZ0006327683  </controlfield>
    <controlfield tag="005">20040915192642.0</controlfield>
    <controlfield tag="008">950608s1995    hu a          000 0 hun d</controlfield>
    <datafield tag="020" ind1=" " ind2=" ">
      <subfield code="a">963-8036-16-8 (fűzött) :</subfield>
      <subfield code="c">200,- Ft</subfield>
    </datafield>
    <datafield tag="035" ind1=" " ind2=" ">
      <subfield code="a">132841</subfield>
    </datafield>
    <datafield tag="040" ind1=" " ind2=" ">
      <subfield code="a">OSZK</subfield>
    </datafield>
    <datafield tag="041" ind1="0" ind2=" ">
      <subfield code="a">hunhun</subfield>
    </datafield>
    <datafield tag="100" ind1="1" ind2=" ">
      <subfield code="a">Botos János</subfield>
      <subfield code="d">(1947-)</subfield>
    </datafield>
    <datafield tag="245" ind1="1" ind2="0">
      <subfield code="a">100 éves az állami anyakönyvvezetés, 1895-1995 /</subfield>
      <subfield code="c">Botos János</subfield>
    </datafield>
    <datafield tag="260" ind1=" " ind2=" ">
      <subfield code="a">[Budapest] :</subfield>
      <subfield code="b">BM K.,</subfield>
      <subfield code="c">1995</subfield>
      <subfield code="e">([S.l.]</subfield>
      <subfield code="f">[s.n.])</subfield>
    </datafield>
    <datafield tag="300" ind1=" " ind2=" ">
      <subfield code="a">15 p., [4] t. :</subfield>
      <subfield code="b">ill. ;</subfield>
      <subfield code="c">20 cm</subfield>
    </datafield>
    <datafield tag="500" ind1=" " ind2=" ">
      <subfield code="a">Példányszám: 7000</subfield>
    </datafield>
    <datafield tag="650" ind1=" " ind2="4">
      <subfield code="a">Születési anyakönyvek stb.</subfield>
      <subfield code="z">Magyarország</subfield>
    </datafield>
    <datafield tag="650" ind1=" " ind2="0">
      <subfield code="a">Registers of births, etc.</subfield>
      <subfield code="z">Hungary.</subfield>
    </datafield>
    <datafield tag="650" ind1=" " ind2="7">
      <subfield code="a">Anyakönyvvezetés</subfield>
      <subfield code="x">magyar</subfield>
      <subfield code="x">története</subfield>
      <subfield code="2">szte</subfield>
    </datafield>
    <datafield tag="650" ind1=" " ind2="4">
      <subfield code="a">Magyarország</subfield>
    </datafield>
    <datafield tag="650" ind1=" " ind2="4">
      <subfield code="a">közigazgatástörténet</subfield>
    </datafield>
    <datafield tag="650" ind1=" " ind2="4">
      <subfield code="a">anyakönyv-vezetés</subfield>
    </datafield>
    <datafield tag="852" ind1=" " ind2=" ">
      <subfield code="a">B1</subfield>
      <subfield code="b">B1</subfield>
      <subfield code="x">132841</subfield>
    </datafield>
    <datafield tag="852" ind1=" " ind2=" ">
      <subfield code="a">D1</subfield>
      <subfield code="b">D1</subfield>
      <subfield code="x">132841</subfield>
    </datafield>
    <datafield tag="852" ind1=" " ind2=" ">
      <subfield code="a">B10</subfield>
      <subfield code="b">0801B</subfield>
      <subfield code="x">bibFSZ00140580</subfield>
    </datafield>
    <datafield tag="852" ind1=" " ind2=" ">
      <subfield code="a">SZ1</subfield>
      <subfield code="b">SZ1</subfield>
      <subfield code="x">bibJAT00283313</subfield>
    </datafield>
    <datafield tag="852" ind1=" " ind2=" ">
      <subfield code="a">M2</subfield>
      <subfield code="b">M2</subfield>
      <subfield code="x">bibRFK00043213</subfield>
    </datafield>
  </record>
  <record>
    <leader>00829nam  2200277 i 4500</leader>
    <controlfield tag="001">MOKKAW0005569448  </controlfield>
    <controlfield tag="005">20080415102553.0</controlfield>
    <controlfield tag="008">001002s1993                  000 0 hun d</controlfield>
    <datafield tag="020" ind1=" " ind2=" ">
      <subfield code="a">963-02-9431-1</subfield>
    </datafield>
    <datafield tag="035" ind1=" " ind2=" ">
      <subfield code="a">BMEOMIKK000145833</subfield>
    </datafield>
    <datafield tag="040" ind1=" " ind2=" ">
      <subfield code="a">BMEOMIKK</subfield>
    </datafield>
    <datafield tag="041" ind1="0" ind2=" ">
      <subfield code="a">hun</subfield>
    </datafield>
    <datafield tag="110" ind1="2" ind2="0">
      <subfield code="a">Budapesti Elektromos Művek Rt.</subfield>
    </datafield>
    <datafield tag="245" ind1="1" ind2="0">
      <subfield code="a">100 éves az Elektromos Művek /</subfield>
      <subfield code="c">a kötet szerzői Kádár Aba [et al.] ; főszerk. Börcsök Dezső</subfield>
    </datafield>
    <datafield tag="260" ind1=" " ind2=" ">
      <subfield code="a">Budapest :</subfield>
      <subfield code="b">Budapesti Elektromos Művek Rt.,</subfield>
      <subfield code="c">1993</subfield>
    </datafield>
    <datafield tag="300" ind1=" " ind2=" ">
      <subfield code="a">341 p. ;</subfield>
      <subfield code="c">29 cm</subfield>
    </datafield>
    <datafield tag="504" ind1=" " ind2=" ">
      <subfield code="a">Bibliogr.: p. 337-339.</subfield>
    </datafield>
    <datafield tag="650" ind1=" " ind2="4">
      <subfield code="a">ipartörténet</subfield>
    </datafield>
    <datafield tag="650" ind1=" " ind2="4">
      <subfield code="a">villamosipar</subfield>
    </datafield>
    <datafield tag="650" ind1=" " ind2="4">
      <subfield code="a">kronológia</subfield>
    </datafield>
    <datafield tag="651" ind1=" " ind2="4">
      <subfield code="a">Budapest</subfield>
    </datafield>
    <datafield tag="653" ind1=" " ind2=" ">
      <subfield code="a">1893-1993</subfield>
    </datafield>
    <datafield tag="700" ind1="1" ind2=" ">
      <subfield code="a">Börcsök Dezső</subfield>
    </datafield>
    <datafield tag="700" ind1="1" ind2=" ">
      <subfield code="a">Kádár Aba</subfield>
    </datafield>
    <datafield tag="852" ind1=" " ind2=" ">
      <subfield code="a">B11</subfield>
      <subfield code="b">B11</subfield>
      <subfield code="x">BMEOMIKK000145833</subfield>
    </datafield>
    <datafield tag="852" ind1=" " ind2=" ">
      <subfield code="a">GY1</subfield>
      <subfield code="b">GY1</subfield>
      <subfield code="x">662803</subfield>
    </datafield>
  </record>
  <record>
    <leader>01198fam  2200289 i 4500</leader>
    <controlfield tag="001">MOKKAZ0006331024  </controlfield>
    <controlfield tag="005">20040915192826.0</controlfield>
    <controlfield tag="008">950920s1994    hu ao         000 0 hun d</controlfield>
    <datafield tag="020" ind1=" " ind2=" ">
      <subfield code="a">963-02-9694-2 (fűzött) :</subfield>
      <subfield code="c">100,- Ft</subfield>
    </datafield>
    <datafield tag="035" ind1=" " ind2=" ">
      <subfield code="a">148215</subfield>
    </datafield>
    <datafield tag="040" ind1=" " ind2=" ">
      <subfield code="a">OSZK</subfield>
    </datafield>
    <datafield tag="041" ind1="0" ind2=" ">
      <subfield code="a">hunhun</subfield>
    </datafield>
    <datafield tag="100" ind1="1" ind2=" ">
      <subfield code="a">Csémy Endre</subfield>
    </datafield>
    <datafield tag="245" ind1="1" ind2="0">
      <subfield code="a">100 éves az áramszolgáltatás Dél-Dunántúlon /</subfield>
      <subfield code="c">[a helytörténeti anyagot írta és vál. Csémy Endre] ; [közrem. Szabó Sándor et al.] ; [közread. a] Dédász Rt. Keszthelyi Üzletigazgatósága</subfield>
    </datafield>
    <datafield tag="260" ind1=" " ind2=" ">
      <subfield code="a">Keszthely :</subfield>
      <subfield code="b">Dédász Keszthelyi Üzletig.,</subfield>
      <subfield code="c">1994</subfield>
      <subfield code="e">(Keszthely</subfield>
      <subfield code="f">PATE)</subfield>
    </datafield>
    <datafield tag="300" ind1=" " ind2=" ">
      <subfield code="a">[2], 54 p. :</subfield>
      <subfield code="b">ill. ;</subfield>
      <subfield code="c">21 cm</subfield>
    </datafield>
    <datafield tag="500" ind1=" " ind2=" ">
      <subfield code="a">Példányszám: 750</subfield>
    </datafield>
    <datafield tag="650" ind1=" " ind2="4">
      <subfield code="a">Villamosenergia-termelés</subfield>
      <subfield code="z">Magyarország</subfield>
      <subfield code="z">Dél-Dunántúl</subfield>
      <subfield code="x">történet</subfield>
    </datafield>
    <datafield tag="650" ind1=" " ind2="0">
      <subfield code="a">Electric power production</subfield>
      <subfield code="z">Hungary</subfield>
      <subfield code="z">Dél-Dunántúl</subfield>
      <subfield code="x">History.</subfield>
    </datafield>
    <datafield tag="650" ind1=" " ind2="4">
      <subfield code="a">áramszolgáltatás</subfield>
    </datafield>
    <datafield tag="650" ind1=" " ind2="4">
      <subfield code="a">vállalattörténet</subfield>
    </datafield>
    <datafield tag="700" ind1="1" ind2=" ">
      <subfield code="a">Szabó Sándor</subfield>
      <subfield code="4">(közrem.)</subfield>
    </datafield>
    <datafield tag="710" ind1="2" ind2=" ">
      <subfield code="a">Dél-dunántúli Áramszolgáltató Rt</subfield>
      <subfield code="a">Keszthelyi Üzletigazgatóság</subfield>
      <subfield code="4">közread.</subfield>
    </datafield>
    <datafield tag="852" ind1=" " ind2=" ">
      <subfield code="a">B1</subfield>
      <subfield code="b">B1</subfield>
      <subfield code="x">148215</subfield>
    </datafield>
    <datafield tag="852" ind1=" " ind2=" ">
      <subfield code="a">D1</subfield>
      <subfield code="b">D1</subfield>
      <subfield code="x">148215</subfield>
    </datafield>
    <datafield tag="852" ind1=" " ind2=" ">
      <subfield code="a">B11</subfield>
      <subfield code="b">B11</subfield>
      <subfield code="x">BMEOMIKK000095831</subfield>
    </datafield>
    <datafield tag="852" ind1=" " ind2=" ">
      <subfield code="a">M2</subfield>
      <subfield code="b">M2</subfield>
      <subfield code="x">bibRFK00044411</subfield>
    </datafield>
  </record>
  <record>
    <leader>00743nam  2200193 i 4500</leader>
    <controlfield tag="001">MOKKAW0005785866  </controlfield>
    <controlfield tag="005">20080418215145.0</controlfield>
    <controlfield tag="008">030708s2003    hu            000 0 hun d</controlfield>
    <datafield tag="020" ind1=" " ind2=" ">
      <subfield code="a">963-210-031-X</subfield>
    </datafield>
    <datafield tag="035" ind1=" " ind2=" ">
      <subfield code="a">BMEOMIKK000449303</subfield>
    </datafield>
    <datafield tag="040" ind1=" " ind2=" ">
      <subfield code="a">BMEOMIKK</subfield>
    </datafield>
    <datafield tag="041" ind1="0" ind2=" ">
      <subfield code="a">hun</subfield>
    </datafield>
    <datafield tag="044" ind1=" " ind2=" ">
      <subfield code="a">hu</subfield>
    </datafield>
    <datafield tag="245" ind1="0" ind2="0">
      <subfield code="a">100 éves az áramszolgáltatás Székesfehérváron : </subfield>
      <subfield code="b">[fejezetek az áramszolgáltatás történetéből] /</subfield>
      <subfield code="c">[írták Czifrik Imre et al.] ; [kiad. a Magyar Elektrotechnikai Egyesület]</subfield>
    </datafield>
    <datafield tag="260" ind1=" " ind2=" ">
      <subfield code="a">[Székesfehérvár] :</subfield>
      <subfield code="b">Magyar Elektrotechnikai Egyesület,</subfield>
      <subfield code="c">2003</subfield>
    </datafield>
    <datafield tag="300" ind1=" " ind2=" ">
      <subfield code="a">135, 9 p. ;</subfield>
      <subfield code="c">24 cm</subfield>
    </datafield>
    <datafield tag="700" ind1="1" ind2=" ">
      <subfield code="a">Czifrik Imre</subfield>
    </datafield>
    <datafield tag="710" ind1="2" ind2=" ">
      <subfield code="a">Magyar Elektrotechnikai Egyesület.</subfield>
      <subfield code="b">Székesfehérvári Szervezet</subfield>
    </datafield>
    <datafield tag="852" ind1=" " ind2=" ">
      <subfield code="a">B11</subfield>
      <subfield code="b">B11</subfield>
      <subfield code="x">BMEOMIKK000449303</subfield>
    </datafield>
  </record>
  <record>
    <leader>01088fam  2200253 i 4500</leader>
    <controlfield tag="001">MOKKAZ0006461370  </controlfield>
    <controlfield tag="005">20040915203744.0</controlfield>
    <controlfield tag="008">030703s2003    hu a          000 0 hun d</controlfield>
    <datafield tag="020" ind1=" " ind2=" ">
      <subfield code="a">963-210-031-X (fűzött)</subfield>
    </datafield>
    <datafield tag="035" ind1=" " ind2=" ">
      <subfield code="a">1031347</subfield>
    </datafield>
    <datafield tag="040" ind1=" " ind2=" ">
      <subfield code="a">OSZK</subfield>
    </datafield>
    <datafield tag="041" ind1="0" ind2=" ">
      <subfield code="a">hunhun</subfield>
    </datafield>
    <datafield tag="245" ind1="0" ind2="0">
      <subfield code="a">100 éves az áramszolgáltatás Székesfehérváron /</subfield>
      <subfield code="c">[írták Czifrik Imre et al.] ; [kiad. Magyar Elektrotechnikai Egyesület Székesfehérvári Szervezete]</subfield>
    </datafield>
    <datafield tag="260" ind1=" " ind2=" ">
      <subfield code="a">[Székesfehérvár] :</subfield>
      <subfield code="b">MEE Székesfehérvári Szerv.,</subfield>
      <subfield code="c">2003</subfield>
      <subfield code="e">(Székesfehérvár</subfield>
      <subfield code="f">G+B 96)</subfield>
    </datafield>
    <datafield tag="300" ind1=" " ind2=" ">
      <subfield code="a">[6], 135, 9 p. :</subfield>
      <subfield code="b">ill. ;</subfield>
      <subfield code="c">24 cm</subfield>
    </datafield>
    <datafield tag="500" ind1=" " ind2=" ">
      <subfield code="a">Példányszám: 400</subfield>
    </datafield>
    <datafield tag="610" ind1="2" ind2="4">
      <subfield code="a">Észak-dunántúli Áramszolgáltató Rt. (Győr)</subfield>
    </datafield>
    <datafield tag="650" ind1=" " ind2="4">
      <subfield code="a">Villamosenergia-termelés</subfield>
      <subfield code="z">Magyarország</subfield>
      <subfield code="z">Székesfehérvár</subfield>
      <subfield code="x">történet</subfield>
    </datafield>
    <datafield tag="650" ind1=" " ind2="0">
      <subfield code="a">Electric power production</subfield>
      <subfield code="z">Hungary</subfield>
      <subfield code="z">Székesfehérvár</subfield>
      <subfield code="x">History.</subfield>
    </datafield>
    <datafield tag="700" ind1="1" ind2=" ">
      <subfield code="a">Czifrik Imre</subfield>
      <subfield code="4">(közrem.)</subfield>
    </datafield>
    <datafield tag="710" ind1="2" ind2=" ">
      <subfield code="a">Magyar Elektrotechnikai Egyesület.</subfield>
      <subfield code="b">Székesfehérvári Szervezet</subfield>
      <subfield code="4">közread.</subfield>
    </datafield>
    <datafield tag="852" ind1=" " ind2=" ">
      <subfield code="a">B1</subfield>
      <subfield code="b">B1</subfield>
      <subfield code="x">1031347</subfield>
    </datafield>
    <datafield tag="852" ind1=" " ind2=" ">
      <subfield code="a">D1</subfield>
      <subfield code="b">D1</subfield>
      <subfield code="x">1031347</subfield>
    </datafield>
    <datafield tag="852" ind1=" " ind2=" ">
      <subfield code="a">P1</subfield>
      <subfield code="b">P1/MK</subfield>
      <subfield code="x">bibJPT00231968</subfield>
    </datafield>
  </record>
  <record>
    <leader>00891nam  2200253 i 4500</leader>
    <controlfield tag="001">MOKKAZ0006338237  </controlfield>
    <controlfield tag="005">20090818152504.0</controlfield>
    <controlfield tag="008">960604s1996    hu co         000 0dhun d</controlfield>
    <datafield tag="020" ind1=" " ind2=" ">
      <subfield code="a">963-02-9954-2 (fűzött)</subfield>
    </datafield>
    <datafield tag="035" ind1=" " ind2=" ">
      <subfield code="a">183000</subfield>
    </datafield>
    <datafield tag="040" ind1=" " ind2=" ">
      <subfield code="a">OSZK</subfield>
    </datafield>
    <datafield tag="041" ind1="0" ind2=" ">
      <subfield code="a">hunhun</subfield>
      <subfield code="b">rusger</subfield>
    </datafield>
    <datafield tag="245" ind1="0" ind2="0">
      <subfield code="a">100 éves az Ácsi Cukorgyár /</subfield>
      <subfield code="c">[szerk. Dancs József] ; [írták Baricza László et al.] ; [a fényképeket kész. Fodor Antal et al.]</subfield>
    </datafield>
    <datafield tag="250" ind1=" " ind2=" ">
      <subfield code="a">Utánny.</subfield>
    </datafield>
    <datafield tag="260" ind1=" " ind2=" ">
      <subfield code="a">[Ács] :</subfield>
      <subfield code="b">Ácsi Cukorgyár,</subfield>
      <subfield code="c">1971 [!1995]</subfield>
      <subfield code="e">(Budapest</subfield>
      <subfield code="f">Franklin)</subfield>
    </datafield>
    <datafield tag="300" ind1=" " ind2=" ">
      <subfield code="a">158 p. :</subfield>
      <subfield code="b">ill. ;</subfield>
      <subfield code="c">23 cm</subfield>
    </datafield>
    <datafield tag="500" ind1=" " ind2=" ">
      <subfield code="a">Példányszám: 1550</subfield>
    </datafield>
    <datafield tag="500" ind1=" " ind2=" ">
      <subfield code="a">Összefoglalás orosz és német nyelven</subfield>
    </datafield>
    <datafield tag="610" ind1="2" ind2="4">
      <subfield code="a">Ácsi Cukorgyár</subfield>
    </datafield>
    <datafield tag="700" ind1="1" ind2=" ">
      <subfield code="a">Dancs József</subfield>
      <subfield code="d">(1908-2004)</subfield>
      <subfield code="4">(szerk.)</subfield>
    </datafield>
    <datafield tag="700" ind1="1" ind2=" ">
      <subfield code="a">Baricza László</subfield>
      <subfield code="4">(közrem.)</subfield>
    </datafield>
    <datafield tag="700" ind1="1" ind2=" ">
      <subfield code="a">Fodor Antal</subfield>
      <subfield code="4">(fotó)</subfield>
    </datafield>
    <datafield tag="710" ind1="2" ind2=" ">
      <subfield code="a">Ácsi Cukorgyár</subfield>
      <subfield code="4">közread.</subfield>
    </datafield>
    <datafield tag="852" ind1=" " ind2=" ">
      <subfield code="a">B1</subfield>
      <subfield code="b">B1</subfield>
      <subfield code="x">183000</subfield>
    </datafield>
  </record>
  <record>
    <leader>00915nam  2200265 i 4500</leader>
    <controlfield tag="001">MOKKAS0001365586  </controlfield>
    <controlfield tag="005">20060113013058.0</controlfield>
    <controlfield tag="008">      s1971    hu            00010 hun d</controlfield>
    <datafield tag="020" ind1=" " ind2=" ">
      <subfield code="a">963-02-9954-2* (fűzött) :</subfield>
      <subfield code="c">500,- Ft</subfield>
    </datafield>
    <datafield tag="035" ind1=" " ind2=" ">
      <subfield code="a">bibRFK00035341</subfield>
    </datafield>
    <datafield tag="040" ind1=" " ind2=" ">
      <subfield code="a">RFMK</subfield>
    </datafield>
    <datafield tag="041" ind1=" " ind2=" ">
      <subfield code="a">hun</subfield>
    </datafield>
    <datafield tag="245" ind1="0" ind2="0">
      <subfield code="a">100 éves az Ácsi Cukorgyár /</subfield>
      <subfield code="c">[szerk. Dancs József] ; [írták Baricza László et al.] ; [a fényképeket kész. Fodor Antal et al.]</subfield>
    </datafield>
    <datafield tag="250" ind1=" " ind2=" ">
      <subfield code="a">Utánny.</subfield>
    </datafield>
    <datafield tag="260" ind1=" " ind2=" ">
      <subfield code="a">[Ács] :</subfield>
      <subfield code="b">Magyar Cukor Rt. Ácsi Cukorgyár,</subfield>
      <subfield code="c">1971 [!1995]</subfield>
    </datafield>
    <datafield tag="300" ind1=" " ind2=" ">
      <subfield code="a">158 p. :</subfield>
      <subfield code="b">ill. ;</subfield>
      <subfield code="c">23 cm</subfield>
    </datafield>
    <datafield tag="500" ind1=" " ind2=" ">
      <subfield code="a">rk</subfield>
      <subfield code="a">k</subfield>
    </datafield>
    <datafield tag="610" ind1="2" ind2=" ">
      <subfield code="a">Magyar Cukor Rt.</subfield>
      <subfield code="b">Ácsi Cukorgyár</subfield>
    </datafield>
    <datafield tag="650" ind1=" " ind2="4">
      <subfield code="a">gyártörténet</subfield>
    </datafield>
    <datafield tag="650" ind1=" " ind2="4">
      <subfield code="a">1871-1971</subfield>
    </datafield>
    <datafield tag="700" ind1="1" ind2=" ">
      <subfield code="a">Dancs József</subfield>
      <subfield code="d">(1908)</subfield>
      <subfield code="4">szerk.</subfield>
    </datafield>
    <datafield tag="700" ind1="1" ind2=" ">
      <subfield code="a">Baricza László</subfield>
      <subfield code="4">közrem.</subfield>
    </datafield>
    <datafield tag="700" ind1="1" ind2=" ">
      <subfield code="a">Fodor Antal</subfield>
      <subfield code="4">fotó</subfield>
    </datafield>
    <datafield tag="710" ind1="2" ind2=" ">
      <subfield code="a">Magyar Cukor Rt.</subfield>
      <subfield code="b">Ácsi Cukorgyár</subfield>
      <subfield code="4">közread.</subfield>
    </datafield>
    <datafield tag="852" ind1=" " ind2=" ">
      <subfield code="a">M2</subfield>
      <subfield code="b">M2</subfield>
      <subfield code="x">bibRFK00035341</subfield>
    </datafield>
  </record>
  <record>
    <leader>00532nam  2200169 i 4500</leader>
    <controlfield tag="001">MOKKAS0003374486  </controlfield>
    <controlfield tag="005">20060605070758.0</controlfield>
    <controlfield tag="008">050101s1971                            d</controlfield>
    <datafield tag="035" ind1=" " ind2=" ">
      <subfield code="a">646849</subfield>
    </datafield>
    <datafield tag="040" ind1=" " ind2=" ">
      <subfield code="a">KKMK</subfield>
    </datafield>
    <datafield tag="245" ind1="0" ind2="0">
      <subfield code="a">100 éves az Ácsi Cukorgyár /</subfield>
      <subfield code="c">[szerk.] Dancs József ; kiad. Ácsi Cukorgyár</subfield>
    </datafield>
    <datafield tag="260" ind1=" " ind2=" ">
      <subfield code="a">Budapest :</subfield>
      <subfield code="b">Franklin Nyomda és Kiadó Kft.,</subfield>
      <subfield code="c">1971</subfield>
    </datafield>
    <datafield tag="300" ind1=" " ind2=" ">
      <subfield code="a">158, [1] p. ;</subfield>
      <subfield code="c">23 cm</subfield>
    </datafield>
    <datafield tag="610" ind1="2" ind2="4">
      <subfield code="a">Ácsi Cukorgyár</subfield>
    </datafield>
    <datafield tag="700" ind1="1" ind2="0">
      <subfield code="a">Dancs József</subfield>
      <subfield code="4">([szerk.])</subfield>
    </datafield>
    <datafield tag="710" ind1="2" ind2="0">
      <subfield code="a">Ácsi Cukorgyár</subfield>
      <subfield code="4">kiad.</subfield>
    </datafield>
    <datafield tag="852" ind1=" " ind2=" ">
      <subfield code="a">GY1</subfield>
      <subfield code="b">GY1</subfield>
      <subfield code="x">646849</subfield>
    </datafield>
  </record>
  <record>
    <leader>00614nam  2200217 i 4500</leader>
    <controlfield tag="001">MOKKAW0005474211  </controlfield>
    <controlfield tag="005">20080413155711.0</controlfield>
    <controlfield tag="008">990828s1971                  000 0 hun d</controlfield>
    <datafield tag="035" ind1=" " ind2=" ">
      <subfield code="a">BMEOMIKK000116235</subfield>
    </datafield>
    <datafield tag="040" ind1=" " ind2=" ">
      <subfield code="a">BMEOMIKK</subfield>
    </datafield>
    <datafield tag="041" ind1="0" ind2=" ">
      <subfield code="a">hun</subfield>
    </datafield>
    <datafield tag="044" ind1=" " ind2=" ">
      <subfield code="a">hu</subfield>
    </datafield>
    <datafield tag="245" ind1="0" ind2="0">
      <subfield code="a">100 éves az Ácsi Cukorgyár /</subfield>
      <subfield code="c">[szerk. Dancs József]</subfield>
    </datafield>
    <datafield tag="260" ind1=" " ind2=" ">
      <subfield code="a">Budapest :</subfield>
      <subfield code="b">Mezőgazd. K.,</subfield>
      <subfield code="c">1971</subfield>
    </datafield>
    <datafield tag="300" ind1=" " ind2=" ">
      <subfield code="a">158 p. ;</subfield>
      <subfield code="c">24 cm</subfield>
    </datafield>
    <datafield tag="500" ind1=" " ind2=" ">
      <subfield code="a">Orosz és német kiv</subfield>
    </datafield>
    <datafield tag="504" ind1=" " ind2=" ">
      <subfield code="a">Bibliogr.: 156. p.</subfield>
    </datafield>
    <datafield tag="653" ind1=" " ind2=" ">
      <subfield code="a">Ácsi Cukorgyár, történet</subfield>
    </datafield>
    <datafield tag="700" ind1="1" ind2=" ">
      <subfield code="a">Dancs József</subfield>
    </datafield>
    <datafield tag="710" ind1="2" ind2=" ">
      <subfield code="a">Ácsi Cukorgyár</subfield>
    </datafield>
    <datafield tag="852" ind1=" " ind2=" ">
      <subfield code="a">B11</subfield>
      <subfield code="b">B11</subfield>
      <subfield code="x">BMEOMIKK000116235</subfield>
    </datafield>
  </record>
  <record>
    <leader>00932cam  2200265 i 4500</leader>
    <controlfield tag="001">MOKKAN0003917941  </controlfield>
    <controlfield tag="005">20061105135032.0</controlfield>
    <controlfield tag="008">961024c        xx            00010 hun d</controlfield>
    <datafield tag="020" ind1=" " ind2=" ">
      <subfield code="a">963 02 9515 6 (össz.)</subfield>
    </datafield>
    <datafield tag="020" ind1=" " ind2=" ">
      <subfield code="a">963 02 9520 2</subfield>
    </datafield>
    <datafield tag="035" ind1=" " ind2=" ">
      <subfield code="a">29882</subfield>
    </datafield>
    <datafield tag="040" ind1=" " ind2=" ">
      <subfield code="a">MEKLM</subfield>
    </datafield>
    <datafield tag="041" ind1="0" ind2=" ">
      <subfield code="a">hun</subfield>
    </datafield>
    <datafield tag="100" ind1="1" ind2="0">
      <subfield code="a">Doktor Jenő</subfield>
    </datafield>
    <datafield tag="245" ind1="1" ind2="0">
      <subfield code="a">100 éves az Elektromos Művek, 1893-1993 :</subfield>
      <subfield code="b">Munkakörülmények, szórakozás /</subfield>
      <subfield code="c">[szerzők Doktor Jenő, Lengyel Gábor] ; főszerk. Börcsök Dezső ; [közread. a] Budapesti Elektromos Művek Rt</subfield>
    </datafield>
    <datafield tag="260" ind1="0" ind2="1">
      <subfield code="a">Bp. :</subfield>
      <subfield code="b">ELMŰ ; Mediaen,</subfield>
      <subfield code="c">1993</subfield>
    </datafield>
    <datafield tag="300" ind1=" " ind2=" ">
      <subfield code="a">32 p. :</subfield>
      <subfield code="b">ill. ;</subfield>
      <subfield code="c">24 cm</subfield>
    </datafield>
    <datafield tag="490" ind1="1" ind2=" ">
      <subfield code="a">(Technikatörténeti füzetek ;</subfield>
      <subfield code="v">5.)</subfield>
    </datafield>
    <datafield tag="650" ind1="0" ind2="4">
      <subfield code="a">villamosenergia-termelés</subfield>
    </datafield>
    <datafield tag="700" ind1="1" ind2="0">
      <subfield code="a">Lengyel Gábor</subfield>
    </datafield>
    <datafield tag="700" ind1="1" ind2="1">
      <subfield code="a">Börcsök Dezső</subfield>
    </datafield>
    <datafield tag="710" ind1="1" ind2="1">
      <subfield code="a">Budapesti Elektromos Művek Rt.</subfield>
    </datafield>
    <datafield tag="740" ind1="0" ind2="1">
      <subfield code="a">Munkakörülmények, szórakozás</subfield>
    </datafield>
    <datafield tag="830" ind1=" " ind2="0">
      <subfield code="a">Technikatörténeti füzetek</subfield>
    </datafield>
    <datafield tag="852" ind1=" " ind2=" ">
      <subfield code="a">M1</subfield>
      <subfield code="b">M1</subfield>
      <subfield code="x">29882</subfield>
    </datafield>
  </record>
  <record>
    <leader>01245nam  2200301 i 4500</leader>
    <controlfield tag="001">MOKKAZ0006310154  </controlfield>
    <controlfield tag="005">20100413140855.0</controlfield>
    <controlfield tag="008">931021s1992    hu roc        010 0 hun d</controlfield>
    <datafield tag="020" ind1=" " ind2=" ">
      <subfield code="a">963-04-2498-3 (fűzött)</subfield>
    </datafield>
    <datafield tag="035" ind1=" " ind2=" ">
      <subfield code="a">51378</subfield>
    </datafield>
    <datafield tag="040" ind1=" " ind2=" ">
      <subfield code="a">OSZK</subfield>
    </datafield>
    <datafield tag="041" ind1="0" ind2=" ">
      <subfield code="a">hunhun</subfield>
    </datafield>
    <datafield tag="110" ind1="2" ind2="0">
      <subfield code="a">Ének-Zene Tagozatos Általános Iskola</subfield>
      <subfield code="n">(4.)</subfield>
      <subfield code="c">(Nyíregyháza)</subfield>
    </datafield>
    <datafield tag="245" ind1="1" ind2="0">
      <subfield code="a">100 éves az iskolánk, 1892-1992 /</subfield>
      <subfield code="c">[... szerzői Margócsy József et al.] ; [szerk. Margócsy József, Alexa László] ; [kiad. a nyíregyházi 4. sz. Ének-Zene Tagozatos Általános Iskola]</subfield>
    </datafield>
    <datafield tag="260" ind1=" " ind2="1">
      <subfield code="a">[Nyíregyháza] :</subfield>
      <subfield code="b">4. sz. Ének-Zene Tagozatos Ált. Isk.,</subfield>
      <subfield code="c">[1992]</subfield>
      <subfield code="e">([Nyíregyháza]</subfield>
      <subfield code="f">Grafik)</subfield>
    </datafield>
    <datafield tag="300" ind1=" " ind2=" ">
      <subfield code="a">76 p. :</subfield>
      <subfield code="b">ill., főként színes ;</subfield>
      <subfield code="c">25 cm</subfield>
    </datafield>
    <datafield tag="500" ind1=" " ind2=" ">
      <subfield code="a">Példányszám: 1000</subfield>
    </datafield>
    <datafield tag="610" ind1="2" ind2="4">
      <subfield code="a">Ének-Zene Tagozatos Általános Iskola</subfield>
      <subfield code="n">(4.)</subfield>
      <subfield code="c">(Nyíregyháza)</subfield>
    </datafield>
    <datafield tag="650" ind1=" " ind2="7">
      <subfield code="a">1892-1992</subfield>
      <subfield code="2">opkm</subfield>
    </datafield>
    <datafield tag="650" ind1=" " ind2="7">
      <subfield code="a">iskolatörténet</subfield>
      <subfield code="2">opkm</subfield>
    </datafield>
    <datafield tag="650" ind1=" " ind2="7">
      <subfield code="a">Nyíregyháza</subfield>
      <subfield code="2">opkm</subfield>
    </datafield>
    <datafield tag="650" ind1=" " ind2="7">
      <subfield code="a">általános iskola</subfield>
      <subfield code="2">opkm</subfield>
    </datafield>
    <datafield tag="650" ind1=" " ind2="7">
      <subfield code="a">története</subfield>
      <subfield code="2">opkm</subfield>
    </datafield>
    <datafield tag="650" ind1=" " ind2="7">
      <subfield code="a">Nyíregyházi 4.sz.Ének-Zene Tagozatos Általános Iskola</subfield>
      <subfield code="2">opkm</subfield>
    </datafield>
    <datafield tag="700" ind1="1" ind2=" ">
      <subfield code="a">Margócsy József</subfield>
      <subfield code="d">(1919-)</subfield>
      <subfield code="4">(szerk.)</subfield>
    </datafield>
    <datafield tag="700" ind1="1" ind2=" ">
      <subfield code="a">Alexa László</subfield>
      <subfield code="d">(1954-)</subfield>
      <subfield code="4">(szerk.)</subfield>
    </datafield>
    <datafield tag="852" ind1=" " ind2=" ">
      <subfield code="a">B1</subfield>
      <subfield code="b">B1</subfield>
      <subfield code="x">51378</subfield>
    </datafield>
    <datafield tag="852" ind1=" " ind2=" ">
      <subfield code="a">B7</subfield>
      <subfield code="b">B7</subfield>
      <subfield code="x">42623</subfield>
    </datafield>
  </record>
  <record>
    <leader>00618nam  22002175p 4500</leader>
    <controlfield tag="001">MOKKAW0006011880  </controlfield>
    <controlfield tag="005">20080725194140.0</controlfield>
    <controlfield tag="008">080331s2008                        hun d</controlfield>
    <datafield tag="035" ind1=" " ind2=" ">
      <subfield code="a">745967</subfield>
    </datafield>
    <datafield tag="040" ind1=" " ind2=" ">
      <subfield code="a">KSHK</subfield>
    </datafield>
    <datafield tag="041" ind1="0" ind2=" ">
      <subfield code="a">hun</subfield>
    </datafield>
    <datafield tag="100" ind1="1" ind2=" ">
      <subfield code="a">Fesztbaum Béla</subfield>
    </datafield>
    <datafield tag="245" ind1="0" ind2="0">
      <subfield code="a">100 éves az Egri Futball Club : </subfield>
      <subfield code="b">centenáriumi kiadvány /</subfield>
      <subfield code="c">[írta és szerk. Fesztbaum Béla]</subfield>
    </datafield>
    <datafield tag="260" ind1=" " ind2=" ">
      <subfield code="a">[S. l.] :</subfield>
      <subfield code="b">[s. n.],</subfield>
      <subfield code="c">[2008]</subfield>
    </datafield>
    <datafield tag="300" ind1=" " ind2=" ">
      <subfield code="a">20 p. :</subfield>
      <subfield code="b">ill. ;</subfield>
      <subfield code="c">21 cm</subfield>
    </datafield>
    <datafield tag="610" ind1="2" ind2="4">
      <subfield code="a">Egri Futball Club</subfield>
    </datafield>
    <datafield tag="653" ind1=" " ind2=" ">
      <subfield code="a">emlékkönyv</subfield>
    </datafield>
    <datafield tag="653" ind1=" " ind2=" ">
      <subfield code="a">labdarúgás</subfield>
    </datafield>
    <datafield tag="653" ind1=" " ind2=" ">
      <subfield code="a">sportegyesület</subfield>
    </datafield>
    <datafield tag="653" ind1=" " ind2=" ">
      <subfield code="a">sporttörténet</subfield>
    </datafield>
    <datafield tag="852" ind1=" " ind2=" ">
      <subfield code="a">B9</subfield>
      <subfield code="b">B9</subfield>
      <subfield code="x">745967</subfield>
    </datafield>
  </record>
  <record>
    <leader>01027nam  2200289 i 4500</leader>
    <controlfield tag="001">MOKKAS0003378791  </controlfield>
    <controlfield tag="005">20091023075941.0</controlfield>
    <controlfield tag="008">050101s1995                            d</controlfield>
    <datafield tag="020" ind1=" " ind2=" ">
      <subfield code="a">963-02-9877-5</subfield>
    </datafield>
    <datafield tag="035" ind1=" " ind2=" ">
      <subfield code="a">661706</subfield>
    </datafield>
    <datafield tag="040" ind1=" " ind2=" ">
      <subfield code="a">KKMK</subfield>
    </datafield>
    <datafield tag="080" ind1=" " ind2=" ">
      <subfield code="a">621.31:061.5(439.11-17)ÉDÁSZ"1895/1995"(082)</subfield>
    </datafield>
    <datafield tag="245" ind1="0" ind2="0">
      <subfield code="a">100 éves az Észak-dunántúli Áramszolgáltató Részvénytársaság /</subfield>
      <subfield code="c">szerk. Fuli Sándor ; [közrem.] fotó Balázs Szilárd</subfield>
    </datafield>
    <datafield tag="260" ind1=" " ind2=" ">
      <subfield code="a">Győr :</subfield>
      <subfield code="b">Északdunántúli Áramszolgáltató Rt.,</subfield>
      <subfield code="c">[1995]</subfield>
    </datafield>
    <datafield tag="300" ind1=" " ind2=" ">
      <subfield code="a">352 p. :</subfield>
      <subfield code="b">ill., részben színes ;</subfield>
      <subfield code="c">29 cm</subfield>
    </datafield>
    <datafield tag="610" ind1="2" ind2="4">
      <subfield code="a">Északdunántúli Áramszolgáltató Rt. (Győr)</subfield>
    </datafield>
    <datafield tag="610" ind1="2" ind2="4">
      <subfield code="a">Észak-dunántúli Áramszolgáltató Rt (Győr)</subfield>
    </datafield>
    <datafield tag="650" ind1=" " ind2="4">
      <subfield code="a">jubileum, évforduló</subfield>
    </datafield>
    <datafield tag="650" ind1=" " ind2="4">
      <subfield code="a">testülettörténet</subfield>
    </datafield>
    <datafield tag="650" ind1=" " ind2="4">
      <subfield code="a">villamosipar</subfield>
    </datafield>
    <datafield tag="651" ind1=" " ind2="4">
      <subfield code="a">Észak-Dunántúl</subfield>
    </datafield>
    <datafield tag="651" ind1=" " ind2="4">
      <subfield code="a">Győr</subfield>
    </datafield>
    <datafield tag="651" ind1=" " ind2="4">
      <subfield code="a">Sopron</subfield>
    </datafield>
    <datafield tag="700" ind1="1" ind2="0">
      <subfield code="a">Fuli Sándor</subfield>
      <subfield code="4">(szerk.)</subfield>
    </datafield>
    <datafield tag="700" ind1="1" ind2="0">
      <subfield code="a">Balázs Szilárd</subfield>
      <subfield code="4">([közrem.] fotó)</subfield>
    </datafield>
    <datafield tag="852" ind1=" " ind2=" ">
      <subfield code="a">GY1</subfield>
      <subfield code="b">GY1</subfield>
      <subfield code="x">661706</subfield>
    </datafield>
    <datafield tag="852" ind1=" " ind2=" ">
      <subfield code="a">B3</subfield>
      <subfield code="b">B3</subfield>
      <subfield code="x">000110765</subfield>
    </datafield>
  </record>
  <record>
    <leader>00928cam  2200265 i 4500</leader>
    <controlfield tag="001">MOKKAN0003917938  </controlfield>
    <controlfield tag="005">20061105135030.0</controlfield>
    <controlfield tag="008">961024c        xx            00010 hun d</controlfield>
    <datafield tag="020" ind1=" " ind2=" ">
      <subfield code="a">963 02 9515 6 (össz.)</subfield>
    </datafield>
    <datafield tag="020" ind1=" " ind2=" ">
      <subfield code="a">963 02 9518 0</subfield>
    </datafield>
    <datafield tag="035" ind1=" " ind2=" ">
      <subfield code="a">29879</subfield>
    </datafield>
    <datafield tag="040" ind1=" " ind2=" ">
      <subfield code="a">MEKLM</subfield>
    </datafield>
    <datafield tag="041" ind1="0" ind2=" ">
      <subfield code="a">hun</subfield>
    </datafield>
    <datafield tag="100" ind1="1" ind2=" ">
      <subfield code="a">Horváth József</subfield>
    </datafield>
    <datafield tag="245" ind1="1" ind2="0">
      <subfield code="a">100 éves az Elektromos Művek, 1893-1993 :</subfield>
      <subfield code="b">Közvilágítás, díszvilágítás /</subfield>
      <subfield code="c">[szerzők Horváth József, Szilas Péter] ; főszerk. Börcsök Dezső ; [közread. a] Budapesti Elektromos Művek Rt</subfield>
    </datafield>
    <datafield tag="260" ind1="0" ind2="1">
      <subfield code="a">Bp. :</subfield>
      <subfield code="b">ELMŰ :</subfield>
      <subfield code="b">Mediaen,</subfield>
      <subfield code="c">1993.</subfield>
    </datafield>
    <datafield tag="300" ind1=" " ind2=" ">
      <subfield code="a">59 p. :</subfield>
      <subfield code="b">ill. ;</subfield>
      <subfield code="c">24 cm</subfield>
    </datafield>
    <datafield tag="490" ind1="1" ind2=" ">
      <subfield code="a">(Technikatörténeti füzetek ;</subfield>
      <subfield code="v">3.)</subfield>
    </datafield>
    <datafield tag="504" ind1=" " ind2=" ">
      <subfield code="a">Bibliogr. p. 48-49.</subfield>
    </datafield>
    <datafield tag="650" ind1="0" ind2="4">
      <subfield code="a">villamosenergia-termelés</subfield>
    </datafield>
    <datafield tag="700" ind1="1" ind2="0">
      <subfield code="a">Szilas Péter</subfield>
    </datafield>
    <datafield tag="700" ind1="1" ind2="1">
      <subfield code="a">Börcsök Dezső</subfield>
    </datafield>
    <datafield tag="710" ind1="1" ind2="1">
      <subfield code="a">Budapesti Elektromos Művek Rt.</subfield>
    </datafield>
    <datafield tag="830" ind1=" " ind2="0">
      <subfield code="a">Technikatörténeti füzetek</subfield>
    </datafield>
    <datafield tag="852" ind1=" " ind2=" ">
      <subfield code="a">M1</subfield>
      <subfield code="b">M1</subfield>
      <subfield code="x">29879</subfield>
    </datafield>
  </record>
  <record>
    <leader>00979cam  2200277 i 4500</leader>
    <controlfield tag="001">MOKKAN0003917937  </controlfield>
    <controlfield tag="005">20061105135030.0</controlfield>
    <controlfield tag="008">961024c        xx            00010 hun d</controlfield>
    <datafield tag="020" ind1=" " ind2=" ">
      <subfield code="a">963 02 9515 6 (össz.)</subfield>
    </datafield>
    <datafield tag="020" ind1=" " ind2=" ">
      <subfield code="a">963 02 9517 2</subfield>
    </datafield>
    <datafield tag="035" ind1=" " ind2=" ">
      <subfield code="a">29878</subfield>
    </datafield>
    <datafield tag="040" ind1=" " ind2=" ">
      <subfield code="a">MEKLM</subfield>
    </datafield>
    <datafield tag="041" ind1="0" ind2=" ">
      <subfield code="a">hun</subfield>
    </datafield>
    <datafield tag="100" ind1="1" ind2="0">
      <subfield code="a">Kádár Aba</subfield>
    </datafield>
    <datafield tag="245" ind1="1" ind2="0">
      <subfield code="a">100 éves az Elektromos Művek, 1893-1993 :</subfield>
      <subfield code="b">Erőművek, hálózatok, állomások /</subfield>
      <subfield code="c">[szerzők Kádár Aba, Szemerey Zoltán] ; főszerk. Börcsök Dezső ; [közread. a] Budapesti Elektromos Művek Rt</subfield>
    </datafield>
    <datafield tag="260" ind1="0" ind2="1">
      <subfield code="a">Bp. :</subfield>
      <subfield code="b">ELMŰ ; Mediaen,</subfield>
      <subfield code="c">1993</subfield>
    </datafield>
    <datafield tag="300" ind1=" " ind2=" ">
      <subfield code="a">193 p. :</subfield>
      <subfield code="b">ill. ;</subfield>
      <subfield code="c">24 cm</subfield>
    </datafield>
    <datafield tag="490" ind1="1" ind2=" ">
      <subfield code="a">(Technikatörténeti füzetek ;</subfield>
      <subfield code="v">2.)</subfield>
    </datafield>
    <datafield tag="504" ind1=" " ind2=" ">
      <subfield code="a">Bibliogr. p. 185-186.</subfield>
    </datafield>
    <datafield tag="650" ind1="0" ind2="4">
      <subfield code="a">villamosenergia-termelés</subfield>
    </datafield>
    <datafield tag="700" ind1="1" ind2="0">
      <subfield code="a">Szemerey Zoltán</subfield>
    </datafield>
    <datafield tag="700" ind1="1" ind2="1">
      <subfield code="a">Börcsök Dezső</subfield>
    </datafield>
    <datafield tag="710" ind1="1" ind2="1">
      <subfield code="a">Budapesti Elektromos Művek Rt.</subfield>
    </datafield>
    <datafield tag="740" ind1="0" ind2="1">
      <subfield code="a">Erőművek, hálózatok, állomások</subfield>
    </datafield>
    <datafield tag="830" ind1=" " ind2="0">
      <subfield code="a">Technikatörténeti füzetek</subfield>
    </datafield>
    <datafield tag="852" ind1=" " ind2=" ">
      <subfield code="a">M1</subfield>
      <subfield code="b">M1</subfield>
      <subfield code="x">29878</subfield>
    </datafield>
  </record>
  <record>
    <leader>01374nam  2200421 ir4500</leader>
    <controlfield tag="001">MOKKAZ0003276171  </controlfield>
    <controlfield tag="005">20040909174037.0</controlfield>
    <controlfield tag="008">       1993    hu aob        00010 hun  </controlfield>
    <datafield tag="020" ind1=" " ind2=" ">
      <subfield code="a">963 02 9515 6 (összkiadás)</subfield>
    </datafield>
    <datafield tag="020" ind1=" " ind2=" ">
      <subfield code="a">963 02 9516 4 (1. köt.)</subfield>
    </datafield>
    <datafield tag="020" ind1=" " ind2=" ">
      <subfield code="a">963 02 9517 2 (2. köt.)</subfield>
    </datafield>
    <datafield tag="020" ind1=" " ind2=" ">
      <subfield code="a">963 02 9518 0 (3. köt.)</subfield>
    </datafield>
    <datafield tag="020" ind1=" " ind2=" ">
      <subfield code="a">963 02 9519 9 (4. köt.)</subfield>
    </datafield>
    <datafield tag="020" ind1=" " ind2=" ">
      <subfield code="a">963 02 9520 2 (5. köt.)</subfield>
    </datafield>
    <datafield tag="020" ind1=" " ind2=" ">
      <subfield code="a">963 02 9521 0 (6. köt.)</subfield>
    </datafield>
    <datafield tag="020" ind1=" " ind2=" ">
      <subfield code="a">963 02 9522 9 (7. köt.)</subfield>
    </datafield>
    <datafield tag="035" ind1=" " ind2=" ">
      <subfield code="a">bibKLT00056620</subfield>
    </datafield>
    <datafield tag="040" ind1=" " ind2=" ">
      <subfield code="a">DEENK</subfield>
    </datafield>
    <datafield tag="245" ind1="0" ind2="0">
      <subfield code="a">100 éves az Elektromos Művek :</subfield>
      <subfield code="b">1893-1993 /</subfield>
      <subfield code="c">főszerk. Börcsök Dezső</subfield>
    </datafield>
    <datafield tag="260" ind1="0" ind2=" ">
      <subfield code="a">Budapest :</subfield>
      <subfield code="b">Elektromos Művek Rt.,</subfield>
      <subfield code="c">1993</subfield>
    </datafield>
    <datafield tag="300" ind1=" " ind2=" ">
      <subfield code="c">24 cm</subfield>
    </datafield>
    <datafield tag="500" ind1=" " ind2=" ">
      <subfield code="a">Közös tokban</subfield>
    </datafield>
    <datafield tag="586" ind1=" " ind2=" ">
      <subfield code="a">10. kocsi</subfield>
    </datafield>
    <datafield tag="695" ind1=" " ind2=" ">
      <subfield code="a">elektromos energia</subfield>
      <subfield code="x">történet</subfield>
      <subfield code="y">1893-1993</subfield>
      <subfield code="z">Budapest</subfield>
    </datafield>
    <datafield tag="700" ind1="1" ind2=" ">
      <subfield code="a">Kaszás István</subfield>
    </datafield>
    <datafield tag="700" ind1="1" ind2=" ">
      <subfield code="a">Kádár Aba</subfield>
    </datafield>
    <datafield tag="700" ind1="1" ind2=" ">
      <subfield code="a">Szemerey Zoltán</subfield>
    </datafield>
    <datafield tag="700" ind1="1" ind2=" ">
      <subfield code="a">Horváth József</subfield>
    </datafield>
    <datafield tag="700" ind1="1" ind2=" ">
      <subfield code="a">Szilas Péter</subfield>
    </datafield>
    <datafield tag="700" ind1="1" ind2=" ">
      <subfield code="a">Luspay Ödön</subfield>
      <subfield code="d">(1928-)</subfield>
    </datafield>
    <datafield tag="700" ind1="1" ind2=" ">
      <subfield code="a">Doktor Jenő</subfield>
    </datafield>
    <datafield tag="700" ind1="1" ind2=" ">
      <subfield code="a">Lengyel Gábor</subfield>
    </datafield>
    <datafield tag="700" ind1="1" ind2=" ">
      <subfield code="a">Molnár József</subfield>
      <subfield code="d">(1905-)</subfield>
    </datafield>
    <datafield tag="700" ind1="1" ind2=" ">
      <subfield code="a">Király Árpád</subfield>
      <subfield code="d">(1923-)</subfield>
      <subfield code="c">(gépészmérnök)</subfield>
    </datafield>
    <datafield tag="710" ind1="2" ind2=" ">
      <subfield code="a">Magyar Villamos Művek Tröszt (Budapest)</subfield>
      <subfield code="d">(1963-1992)</subfield>
    </datafield>
    <datafield tag="710" ind1="2" ind2=" ">
      <subfield code="a">Budapesti Elektromos Művek</subfield>
    </datafield>
    <datafield tag="830" ind1=" " ind2="0">
      <subfield code="a">Technikatörténeti füzetek</subfield>
    </datafield>
    <datafield tag="852" ind1=" " ind2=" ">
      <subfield code="a">D1</subfield>
      <subfield code="b">D1</subfield>
      <subfield code="x">bibKLT00056620</subfield>
    </datafield>
  </record>
  <record>
    <leader>00906cam  2200253 i 4500</leader>
    <controlfield tag="001">MOKKAN0003917935  </controlfield>
    <controlfield tag="005">20061105135028.0</controlfield>
    <controlfield tag="008">961024c        xx            00010 hun d</controlfield>
    <datafield tag="020" ind1=" " ind2=" ">
      <subfield code="a">963 02 9515 6 (össz.)</subfield>
    </datafield>
    <datafield tag="020" ind1=" " ind2=" ">
      <subfield code="a">963 02 9516 4</subfield>
    </datafield>
    <datafield tag="035" ind1=" " ind2=" ">
      <subfield code="a">29876</subfield>
    </datafield>
    <datafield tag="040" ind1=" " ind2=" ">
      <subfield code="a">MEKLM</subfield>
    </datafield>
    <datafield tag="041" ind1="0" ind2=" ">
      <subfield code="a">hun</subfield>
    </datafield>
    <datafield tag="100" ind1="1" ind2="0">
      <subfield code="a">Kaszás István</subfield>
    </datafield>
    <datafield tag="245" ind1="1" ind2="0">
      <subfield code="a">100 éves az Elektromos Művek, 1893-1993 :</subfield>
      <subfield code="b">A fővárosi áramszolgáltatás 100 éve /</subfield>
      <subfield code="c">[szerző Kaszás István] ; főszerk. Börcsök Dezső ; [közread. a] Budapesti Elektromos Művek Rt</subfield>
    </datafield>
    <datafield tag="260" ind1="0" ind2="1">
      <subfield code="a">Bp. :</subfield>
      <subfield code="b">ELMŰ ; Mediaen,</subfield>
      <subfield code="c">1993</subfield>
    </datafield>
    <datafield tag="300" ind1=" " ind2=" ">
      <subfield code="a">73 p. :</subfield>
      <subfield code="b">ill. ;</subfield>
      <subfield code="c">24 cm</subfield>
    </datafield>
    <datafield tag="490" ind1="1" ind2=" ">
      <subfield code="a">(Technikatörténeti füzetek ;</subfield>
      <subfield code="v">1.)</subfield>
    </datafield>
    <datafield tag="650" ind1="0" ind2="4">
      <subfield code="a">villamosenergia-termelés</subfield>
    </datafield>
    <datafield tag="700" ind1="1" ind2="1">
      <subfield code="a">Börcsök Dezső</subfield>
    </datafield>
    <datafield tag="710" ind1="1" ind2="1">
      <subfield code="a">Budapesti Elektromos Művek Rt.</subfield>
    </datafield>
    <datafield tag="740" ind1="2" ind2="1">
      <subfield code="a">A fővárosi áramszolgáltatás 100 éve</subfield>
    </datafield>
    <datafield tag="830" ind1=" " ind2="0">
      <subfield code="a">Technikatörténeti füzetek</subfield>
    </datafield>
    <datafield tag="852" ind1=" " ind2=" ">
      <subfield code="a">M1</subfield>
      <subfield code="b">M1</subfield>
      <subfield code="x">29876</subfield>
    </datafield>
  </record>
  <record>
    <leader>00922cam  2200265 i 4500</leader>
    <controlfield tag="001">MOKKAN0003917949  </controlfield>
    <controlfield tag="005">20061105135037.0</controlfield>
    <controlfield tag="008">961025c        xx            00010 hun d</controlfield>
    <datafield tag="020" ind1=" " ind2=" ">
      <subfield code="a">963 02 9515 6 (össz.)</subfield>
    </datafield>
    <datafield tag="020" ind1=" " ind2=" ">
      <subfield code="a">963 02 9522 9</subfield>
    </datafield>
    <datafield tag="035" ind1=" " ind2=" ">
      <subfield code="a">29890</subfield>
    </datafield>
    <datafield tag="040" ind1=" " ind2=" ">
      <subfield code="a">MEKLM</subfield>
    </datafield>
    <datafield tag="041" ind1="0" ind2=" ">
      <subfield code="a">hun</subfield>
    </datafield>
    <datafield tag="100" ind1="1" ind2="0">
      <subfield code="a">Király Árpád</subfield>
    </datafield>
    <datafield tag="245" ind1="1" ind2="0">
      <subfield code="a">100 éves az Elektromos Művek, 1893-1993 :</subfield>
      <subfield code="b">A Magyar Elektrotechnikai Múzeum /</subfield>
      <subfield code="c">[szerző Király Árpád] ; főszerk. Börcsök Dezső ; [közread. a] Budapesti Elektromos Művek Rt</subfield>
    </datafield>
    <datafield tag="260" ind1="0" ind2="1">
      <subfield code="a">Bp. :</subfield>
      <subfield code="b">ELMŰ ; Mediaen,</subfield>
      <subfield code="c">1993</subfield>
    </datafield>
    <datafield tag="300" ind1=" " ind2=" ">
      <subfield code="a">42 p. :</subfield>
      <subfield code="b">ill. ;</subfield>
      <subfield code="c">24 cm</subfield>
    </datafield>
    <datafield tag="490" ind1="1" ind2=" ">
      <subfield code="a">(Technikatörténeti füzetek,</subfield>
      <subfield code="v">7.)</subfield>
    </datafield>
    <datafield tag="504" ind1=" " ind2=" ">
      <subfield code="a">Bibliogr. p. 41.</subfield>
    </datafield>
    <datafield tag="650" ind1="0" ind2="4">
      <subfield code="a">villamosenergia-termelés</subfield>
    </datafield>
    <datafield tag="700" ind1="1" ind2="1">
      <subfield code="a">Börcsök Dezső</subfield>
    </datafield>
    <datafield tag="710" ind1="1" ind2="1">
      <subfield code="a">Budapesti Elektromos Művek Rt.</subfield>
    </datafield>
    <datafield tag="740" ind1="2" ind2="1">
      <subfield code="a">A Magyar Elektrotechnikai Múzeum</subfield>
    </datafield>
    <datafield tag="830" ind1=" " ind2="0">
      <subfield code="a">Technikatörténeti füzetek</subfield>
    </datafield>
    <datafield tag="852" ind1=" " ind2=" ">
      <subfield code="a">M1</subfield>
      <subfield code="b">M1</subfield>
      <subfield code="x">29890</subfield>
    </datafield>
  </record>
  <record>
    <leader>00517cam  2200157 i 4500</leader>
    <controlfield tag="001">MOKKAZ0003193242  </controlfield>
    <controlfield tag="005">20040909165129.0</controlfield>
    <controlfield tag="008">      s1986    hu                  hun d</controlfield>
    <datafield tag="020" ind1=" " ind2=" ">
      <subfield code="a">963 02 4372 7</subfield>
    </datafield>
    <datafield tag="035" ind1=" " ind2=" ">
      <subfield code="a">ISISFEF0009353</subfield>
    </datafield>
    <datafield tag="040" ind1=" " ind2=" ">
      <subfield code="a">DEENK</subfield>
    </datafield>
    <datafield tag="245" ind1="0" ind2="0">
      <subfield code="a">100 éves az egri Könnyűipari Gépgyártó Vállalat 10. sz. gyára /</subfield>
      <subfield code="c">Könnyűipari Gépgyártó Vállalat</subfield>
    </datafield>
    <datafield tag="260" ind1=" " ind2=" ">
      <subfield code="a">Eger :</subfield>
      <subfield code="b">KAEV,</subfield>
      <subfield code="c">1986</subfield>
    </datafield>
    <datafield tag="300" ind1=" " ind2=" ">
      <subfield code="a">64 p. :</subfield>
      <subfield code="b">Fotók ;</subfield>
      <subfield code="c">20 cm</subfield>
    </datafield>
    <datafield tag="710" ind1=" " ind2=" ">
      <subfield code="a">Könnyűipari Gépgyártó Vállalat</subfield>
    </datafield>
    <datafield tag="852" ind1=" " ind2=" ">
      <subfield code="a">D1</subfield>
      <subfield code="b">D1</subfield>
      <subfield code="x">ISISFEF0009353</subfield>
    </datafield>
  </record>
  <record>
    <leader>00477nam  2200157 i 4500</leader>
    <controlfield tag="001">MOKKAN0004862380  </controlfield>
    <controlfield tag="005">20080311202944.0</controlfield>
    <controlfield tag="008">990828s1986                  000 0 hun d</controlfield>
    <datafield tag="035" ind1=" " ind2=" ">
      <subfield code="a">BMEOMIKK000011355</subfield>
    </datafield>
    <datafield tag="040" ind1=" " ind2=" ">
      <subfield code="a">BMEOMIKK</subfield>
    </datafield>
    <datafield tag="041" ind1="0" ind2=" ">
      <subfield code="a">hun</subfield>
    </datafield>
    <datafield tag="110" ind1="2" ind2="0">
      <subfield code="a">Könnyűipari Gépgyártó Vállalat</subfield>
    </datafield>
    <datafield tag="245" ind1="1" ind2="0">
      <subfield code="a">100 éves az egri Könnyűipari Gépgyártó Vállalat 10. sz. gyára</subfield>
    </datafield>
    <datafield tag="260" ind1=" " ind2=" ">
      <subfield code="a">Eger :</subfield>
      <subfield code="b">KAEV,</subfield>
      <subfield code="c">1986</subfield>
    </datafield>
    <datafield tag="300" ind1=" " ind2=" ">
      <subfield code="a">64 p., [30] t. ;</subfield>
      <subfield code="c">21 cm</subfield>
    </datafield>
    <datafield tag="852" ind1=" " ind2=" ">
      <subfield code="a">B11</subfield>
      <subfield code="b">B11</subfield>
      <subfield code="x">BMEOMIKK000011355</subfield>
    </datafield>
  </record>
  <record>
    <leader>00926nam  2200253 i 4500</leader>
    <controlfield tag="001">MOKKAZ0006335157  </controlfield>
    <controlfield tag="005">20040915193032.0</controlfield>
    <controlfield tag="008">960125s1994    hu ao    b    001 0 hun d</controlfield>
    <datafield tag="020" ind1=" " ind2=" ">
      <subfield code="a">963-04-4848-3 (fűzött)</subfield>
    </datafield>
    <datafield tag="035" ind1=" " ind2=" ">
      <subfield code="a">167512</subfield>
    </datafield>
    <datafield tag="040" ind1=" " ind2=" ">
      <subfield code="a">OSZK</subfield>
    </datafield>
    <datafield tag="041" ind1="0" ind2=" ">
      <subfield code="a">hunhun</subfield>
    </datafield>
    <datafield tag="072" ind1=" " ind2="1">
      <subfield code="a">A</subfield>
    </datafield>
    <datafield tag="072" ind1=" " ind2="1">
      <subfield code="a">S</subfield>
    </datafield>
    <datafield tag="245" ind1="0" ind2="0">
      <subfield code="a">100 éves az Állattani Szakosztály, 1891-1991 /</subfield>
      <subfield code="c">[... szerk. Korsós Zoltán, Horváth Csaba]</subfield>
    </datafield>
    <datafield tag="260" ind1=" " ind2=" ">
      <subfield code="a">[Budapest] :</subfield>
      <subfield code="b">M. Biológiai Társ.,</subfield>
      <subfield code="c">1994</subfield>
      <subfield code="e">(Budapest</subfield>
      <subfield code="f">Pars)</subfield>
      <subfield code="f">Mottó)</subfield>
    </datafield>
    <datafield tag="300" ind1=" " ind2=" ">
      <subfield code="a">193 p., [18] t., [3] t.fol. :</subfield>
      <subfield code="b">ill. ;</subfield>
      <subfield code="c">24 cm</subfield>
    </datafield>
    <datafield tag="500" ind1=" " ind2=" ">
      <subfield code="a">Az Állattani közlemények, ISSN 0002-5658, 1994. évi 78. köt. (supplementum)</subfield>
    </datafield>
    <datafield tag="500" ind1=" " ind2=" ">
      <subfield code="a">Összefoglalás angol nyelven</subfield>
    </datafield>
    <datafield tag="504" ind1=" " ind2=" ">
      <subfield code="a">Bibliogr. a tanulmányok végén</subfield>
    </datafield>
    <datafield tag="610" ind1="2" ind2="4">
      <subfield code="a">Magyar Biológiai Társaság</subfield>
      <subfield code="a">Állattani Szakosztály</subfield>
    </datafield>
    <datafield tag="700" ind1="1" ind2=" ">
      <subfield code="a">Korsós Zoltán</subfield>
      <subfield code="d">(1958-)</subfield>
      <subfield code="4">(szerk.)</subfield>
    </datafield>
    <datafield tag="700" ind1="1" ind2=" ">
      <subfield code="a">Horváth Csaba</subfield>
      <subfield code="4">(szerk.)</subfield>
    </datafield>
    <datafield tag="852" ind1=" " ind2=" ">
      <subfield code="a">B1</subfield>
      <subfield code="b">B1</subfield>
      <subfield code="x">167512</subfield>
    </datafield>
  </record>
  <record>
    <leader>00740nam  2200217 i 4500</leader>
    <controlfield tag="001">MOKKAS0002083117  </controlfield>
    <controlfield tag="005">20060617080031.0</controlfield>
    <controlfield tag="008">050614s2004    hu ar         000 0 hun d</controlfield>
    <datafield tag="020" ind1=" " ind2=" ">
      <subfield code="a">963-86698-0-2 (fűzött)</subfield>
    </datafield>
    <datafield tag="035" ind1=" " ind2=" ">
      <subfield code="a">2566038</subfield>
    </datafield>
    <datafield tag="040" ind1=" " ind2=" ">
      <subfield code="a">OSZK</subfield>
    </datafield>
    <datafield tag="041" ind1="0" ind2=" ">
      <subfield code="a">hunhun</subfield>
    </datafield>
    <datafield tag="245" ind1="0" ind2="0">
      <subfield code="a">100 éves az iskola : </subfield>
      <subfield code="b">a soproni Petőfi Sándor Általános Iskola jubileumi kiadványa, 1904-2004 /</subfield>
      <subfield code="c">[szerk. Kovacsics Miklósné]</subfield>
    </datafield>
    <datafield tag="260" ind1=" " ind2=" ">
      <subfield code="a">Sopron :</subfield>
      <subfield code="b">Hillebrand Ny.,</subfield>
      <subfield code="c">2004</subfield>
    </datafield>
    <datafield tag="300" ind1=" " ind2=" ">
      <subfield code="a">175 p. :</subfield>
      <subfield code="b">ill., részben színes ;</subfield>
      <subfield code="c">24 cm</subfield>
    </datafield>
    <datafield tag="610" ind1="2" ind2="4">
      <subfield code="a">Petőfi Sándor Általános Iskola (Sopron)</subfield>
    </datafield>
    <datafield tag="650" ind1="1" ind2="7">
      <subfield code="a">általános iskola</subfield>
      <subfield code="2">oszk</subfield>
    </datafield>
    <datafield tag="651" ind1=" " ind2="4">
      <subfield code="a">Sopron</subfield>
    </datafield>
    <datafield tag="700" ind1="1" ind2=" ">
      <subfield code="a">Kovacsics Miklósné</subfield>
      <subfield code="4">(szerk.)</subfield>
    </datafield>
    <datafield tag="852" ind1=" " ind2=" ">
      <subfield code="a">B1</subfield>
      <subfield code="b">B1</subfield>
      <subfield code="x">2566038</subfield>
    </datafield>
    <datafield tag="852" ind1=" " ind2=" ">
      <subfield code="a">GY1</subfield>
      <subfield code="b">GY1</subfield>
      <subfield code="x">689965</subfield>
    </datafield>
  </record>
  <record>
    <leader>00583nama 22001811i 4500</leader>
    <controlfield tag="001">MOKKAS0000761236  </controlfield>
    <controlfield tag="005">20101029220602.0</controlfield>
    <controlfield tag="008">041124s1986    hu            000 0 hunod</controlfield>
    <datafield tag="020" ind1=" " ind2=" ">
      <subfield code="a">963-02-4372-7</subfield>
    </datafield>
    <datafield tag="035" ind1=" " ind2=" ">
      <subfield code="a">1520319</subfield>
    </datafield>
    <datafield tag="040" ind1=" " ind2=" ">
      <subfield code="a">OSZK</subfield>
    </datafield>
    <datafield tag="041" ind1="0" ind2=" ">
      <subfield code="a">hunhun</subfield>
    </datafield>
    <datafield tag="080" ind1=" " ind2=" ">
      <subfield code="a">67/68.05(061.5)(439Eger)</subfield>
    </datafield>
    <datafield tag="100" ind1="1" ind2=" ">
      <subfield code="a">Kriston Pál</subfield>
      <subfield code="d">(1949-)</subfield>
    </datafield>
    <datafield tag="245" ind1="1" ind2="0">
      <subfield code="a">100 éves az egri Könnyűipari Gépgyártó Vállalat 10. sz. gyára /</subfield>
      <subfield code="c">[Kriston Pál]</subfield>
    </datafield>
    <datafield tag="260" ind1=" " ind2=" ">
      <subfield code="a">Eger :</subfield>
      <subfield code="b">Könnyűipari Gépgyártó Vállalat,</subfield>
      <subfield code="c">[1986]</subfield>
      <subfield code="e">(Eger</subfield>
      <subfield code="f">Technolux Ny.)</subfield>
    </datafield>
    <datafield tag="300" ind1=" " ind2=" ">
      <subfield code="a">64 p., 15 t. ;</subfield>
      <subfield code="c">21 cm</subfield>
    </datafield>
    <datafield tag="852" ind1=" " ind2=" ">
      <subfield code="a">B1</subfield>
      <subfield code="b">B1</subfield>
      <subfield code="x">1520319</subfield>
    </datafield>
  </record>
  <record>
    <leader>00588cam  2200181 i 4500</leader>
    <controlfield tag="001">MOKKAN0004187041  </controlfield>
    <controlfield tag="005">20070314231145.0</controlfield>
    <controlfield tag="008">060412s1986    hu a          00010 hun d</controlfield>
    <datafield tag="035" ind1=" " ind2=" ">
      <subfield code="a">218872</subfield>
    </datafield>
    <datafield tag="040" ind1=" " ind2=" ">
      <subfield code="a">MEKLM</subfield>
    </datafield>
    <datafield tag="041" ind1="0" ind2=" ">
      <subfield code="a">hun</subfield>
    </datafield>
    <datafield tag="100" ind1="1" ind2=" ">
      <subfield code="a">Kriston Pál</subfield>
    </datafield>
    <datafield tag="245" ind1="1" ind2="0">
      <subfield code="a">100 éves az egri Könnyűipari Gépgyártó Vállalat 10. sz. gyára /</subfield>
      <subfield code="c">[Kriston Pál]</subfield>
    </datafield>
    <datafield tag="260" ind1=" " ind2=" ">
      <subfield code="a">Eger :</subfield>
      <subfield code="b">Könnyűipari Gépgyártó Váll.,</subfield>
      <subfield code="c">[1986]</subfield>
    </datafield>
    <datafield tag="300" ind1=" " ind2=" ">
      <subfield code="a">64 p., [30] t. :</subfield>
      <subfield code="b">ill. ;</subfield>
      <subfield code="c">21 cm</subfield>
    </datafield>
    <datafield tag="610" ind1="0" ind2="4">
      <subfield code="a">Könnyűipari Gépgyártó Vállalat</subfield>
      <subfield code="c">(Eger)</subfield>
    </datafield>
    <datafield tag="650" ind1="0" ind2="4">
      <subfield code="a">gépgyártás</subfield>
      <subfield code="x">könnyűipar</subfield>
    </datafield>
    <datafield tag="852" ind1=" " ind2=" ">
      <subfield code="a">M1</subfield>
      <subfield code="b">M1</subfield>
      <subfield code="x">218872</subfield>
    </datafield>
  </record>
  <record>
    <leader>00700nam  2200205 i 4500</leader>
    <controlfield tag="001">MOKKAZ0003394862  </controlfield>
    <controlfield tag="005">20090818152504.0</controlfield>
    <controlfield tag="008">970121s1995    hu a          00010 hun d</controlfield>
    <datafield tag="035" ind1=" " ind2=" ">
      <subfield code="a">bibKLT00127132</subfield>
    </datafield>
    <datafield tag="040" ind1=" " ind2=" ">
      <subfield code="a">DEENK</subfield>
    </datafield>
    <datafield tag="041" ind1=" " ind2=" ">
      <subfield code="a">hun</subfield>
      <subfield code="b">rusger</subfield>
    </datafield>
    <datafield tag="110" ind1="2" ind2=" ">
      <subfield code="a">Magyar Cukor Rt.</subfield>
      <subfield code="b">Ácsi Cukorgyár</subfield>
    </datafield>
    <datafield tag="245" ind1="1" ind2="0">
      <subfield code="a">100 éves az Ácsi Cukorgyár /</subfield>
      <subfield code="c">[szerk. Dancs József] ; [írták Babicza László et al.]</subfield>
    </datafield>
    <datafield tag="260" ind1=" " ind2=" ">
      <subfield code="a">Budapest :</subfield>
      <subfield code="b">Mezőgazdasági Kvk.,</subfield>
      <subfield code="c">1995</subfield>
    </datafield>
    <datafield tag="300" ind1=" " ind2=" ">
      <subfield code="a">158 p. :</subfield>
      <subfield code="b">ill. ;</subfield>
      <subfield code="c">23x21 cm</subfield>
    </datafield>
    <datafield tag="650" ind1=" " ind2="4">
      <subfield code="a">Cukorgyárak</subfield>
      <subfield code="z">Magyarország</subfield>
      <subfield code="x">történet</subfield>
    </datafield>
    <datafield tag="650" ind1=" " ind2="0">
      <subfield code="a">Sugar factories</subfield>
      <subfield code="z">Hungary</subfield>
      <subfield code="x">History.</subfield>
    </datafield>
    <datafield tag="700" ind1="1" ind2=" ">
      <subfield code="a">Dancs József</subfield>
      <subfield code="d">(1908-2004)</subfield>
    </datafield>
    <datafield tag="700" ind1="1" ind2=" ">
      <subfield code="a">Babicza László</subfield>
    </datafield>
    <datafield tag="852" ind1=" " ind2=" ">
      <subfield code="a">D1</subfield>
      <subfield code="b">D1</subfield>
      <subfield code="x">bibKLT00127132</subfield>
    </datafield>
  </record>
  <record>
    <leader>00537cam  2200157   4500</leader>
    <controlfield tag="001">MOKKAZ0003235957  </controlfield>
    <controlfield tag="005">20040909171834.0</controlfield>
    <controlfield tag="008">       1992                        hun  </controlfield>
    <datafield tag="035" ind1=" " ind2=" ">
      <subfield code="a">ISISIIF0011733</subfield>
    </datafield>
    <datafield tag="040" ind1=" " ind2=" ">
      <subfield code="a">DEENK</subfield>
    </datafield>
    <datafield tag="245" ind1="0" ind2="0">
      <subfield code="a">100 éves az iskolánk :</subfield>
      <subfield code="b">1892-1992 /</subfield>
      <subfield code="c">szerk. Margócsy József, Alexa László]</subfield>
    </datafield>
    <datafield tag="260" ind1=" " ind2=" ">
      <subfield code="a">Nyíregyháza :</subfield>
      <subfield code="b">Ének-Zene Tagozatos Ált. Isk.,</subfield>
      <subfield code="c">1992</subfield>
    </datafield>
    <datafield tag="300" ind1=" " ind2=" ">
      <subfield code="a">76 p. :</subfield>
      <subfield code="b">ill. ;</subfield>
      <subfield code="c">25 cm</subfield>
    </datafield>
    <datafield tag="700" ind1="1" ind2=" ">
      <subfield code="a">Margócsy József</subfield>
      <subfield code="d">(1919-)</subfield>
      <subfield code="c">(irodalomtörténész)</subfield>
    </datafield>
    <datafield tag="700" ind1="1" ind2=" ">
      <subfield code="a">Alexa László</subfield>
    </datafield>
    <datafield tag="852" ind1=" " ind2=" ">
      <subfield code="a">D1</subfield>
      <subfield code="b">D1</subfield>
      <subfield code="x">ISISIIF0011733</subfield>
    </datafield>
  </record>
  <record>
    <leader>01199fam  2200301 ir4500</leader>
    <controlfield tag="001">MOKKAZ0006237751  </controlfield>
    <controlfield tag="005">20091022215314.0</controlfield>
    <controlfield tag="008">940509t19871986hu a          000 0 hun d</controlfield>
    <datafield tag="020" ind1=" " ind2=" ">
      <subfield code="a">963-02-4753-4 (kötött)</subfield>
    </datafield>
    <datafield tag="035" ind1=" " ind2=" ">
      <subfield code="a">540008</subfield>
    </datafield>
    <datafield tag="040" ind1=" " ind2=" ">
      <subfield code="a">OSZK</subfield>
    </datafield>
    <datafield tag="041" ind1="0" ind2=" ">
      <subfield code="a">hunhun</subfield>
    </datafield>
    <datafield tag="080" ind1=" " ind2=" ">
      <subfield code="a">696/697(439)"188/198"</subfield>
    </datafield>
    <datafield tag="245" ind1="1" ind2="0">
      <subfield code="a">100 éves az épületgépészeti szerelőipar /</subfield>
      <subfield code="c">[az emlékkönyv összeállításában és szerkesztésében részt vettek Menyhárt József et al.] ; [megjelent az Épületgépészeti technika és az Épületgépészet közös kiadásában]</subfield>
    </datafield>
    <datafield tag="260" ind1=" " ind2=" ">
      <subfield code="a">Budapest :</subfield>
      <subfield code="b">Csőszerelőip. Váll.,</subfield>
      <subfield code="c">1987</subfield>
      <subfield code="e">(Gyál</subfield>
      <subfield code="f">Szabadság Mgtsz.)</subfield>
    </datafield>
    <datafield tag="300" ind1=" " ind2=" ">
      <subfield code="a">264 p. :</subfield>
      <subfield code="b">ill. ;</subfield>
      <subfield code="c">29 cm</subfield>
    </datafield>
    <datafield tag="650" ind1="0" ind2="4">
      <subfield code="a">épületgépészet</subfield>
      <subfield code="z">Magyarország</subfield>
      <subfield code="y">1887-1997</subfield>
    </datafield>
    <datafield tag="653" ind1=" " ind2=" ">
      <subfield code="a">Épületgépészet, történet</subfield>
    </datafield>
    <datafield tag="695" ind1=" " ind2=" ">
      <subfield code="a">Épületgépészet</subfield>
    </datafield>
    <datafield tag="700" ind1="1" ind2=" ">
      <subfield code="a">Menyhárt József</subfield>
      <subfield code="d">(1929-)</subfield>
      <subfield code="4">(összeáll.)</subfield>
    </datafield>
    <datafield tag="710" ind1="2" ind2=" ">
      <subfield code="a">Csőszerelőipari Vállalat (Budapest)</subfield>
      <subfield code="4">közread.</subfield>
    </datafield>
    <datafield tag="852" ind1=" " ind2=" ">
      <subfield code="a">B1</subfield>
      <subfield code="b">B1</subfield>
      <subfield code="x">540008</subfield>
    </datafield>
    <datafield tag="852" ind1=" " ind2=" ">
      <subfield code="a">D1</subfield>
      <subfield code="b">D1</subfield>
      <subfield code="x">ISISFEF0009354</subfield>
    </datafield>
    <datafield tag="852" ind1=" " ind2=" ">
      <subfield code="a">B10</subfield>
      <subfield code="b">0801B</subfield>
      <subfield code="x">bibFSZ00197090</subfield>
    </datafield>
    <datafield tag="852" ind1=" " ind2=" ">
      <subfield code="a">B11</subfield>
      <subfield code="b">B11</subfield>
      <subfield code="x">BMEOMIKK000023455</subfield>
    </datafield>
    <datafield tag="852" ind1=" " ind2=" ">
      <subfield code="a">M1</subfield>
      <subfield code="b">M1</subfield>
      <subfield code="x">91906</subfield>
    </datafield>
    <datafield tag="852" ind1=" " ind2=" ">
      <subfield code="a">SZ4</subfield>
      <subfield code="b">SZ4</subfield>
      <subfield code="x">bibSOK00145479</subfield>
    </datafield>
    <datafield tag="852" ind1=" " ind2=" ">
      <subfield code="a">B3</subfield>
      <subfield code="b">B3</subfield>
      <subfield code="x">000098490</subfield>
    </datafield>
  </record>
  <record>
    <leader>00670nam  2200181 i 4500</leader>
    <controlfield tag="001">MOKKAS0003374276  </controlfield>
    <controlfield tag="005">20060605070211.0</controlfield>
    <controlfield tag="008">050101s1987                            d</controlfield>
    <datafield tag="020" ind1=" " ind2=" ">
      <subfield code="a">963-024-753-4</subfield>
    </datafield>
    <datafield tag="035" ind1=" " ind2=" ">
      <subfield code="a">646166</subfield>
    </datafield>
    <datafield tag="040" ind1=" " ind2=" ">
      <subfield code="a">KKMK</subfield>
    </datafield>
    <datafield tag="245" ind1="0" ind2="0">
      <subfield code="a">100 éves az épületgépészeti szerelőipar /</subfield>
      <subfield code="c">öszeáll. és szerk. Menyhárt József</subfield>
    </datafield>
    <datafield tag="260" ind1=" " ind2=" ">
      <subfield code="a">Budapest :</subfield>
      <subfield code="b">Épületgépészeti Tech.,</subfield>
      <subfield code="c">1987</subfield>
    </datafield>
    <datafield tag="300" ind1=" " ind2=" ">
      <subfield code="a">264 p. :</subfield>
      <subfield code="b">ill. ;</subfield>
      <subfield code="c">28 cm</subfield>
    </datafield>
    <datafield tag="500" ind1=" " ind2=" ">
      <subfield code="a">Épületgépészet és az Épületgépészeti technika különkiadványa</subfield>
    </datafield>
    <datafield tag="610" ind1="2" ind2="4">
      <subfield code="a">Mosonmagyaróvári Fémfeldolgozó Vállalat (MOFÉM)</subfield>
    </datafield>
    <datafield tag="700" ind1="1" ind2="0">
      <subfield code="a">Menyhárt József</subfield>
      <subfield code="4">(öszeáll. és szerk.)</subfield>
    </datafield>
    <datafield tag="852" ind1=" " ind2=" ">
      <subfield code="a">GY1</subfield>
      <subfield code="b">GY1</subfield>
      <subfield code="x">646166</subfield>
    </datafield>
  </record>
  <record>
    <leader>00599cam  22001691  4500</leader>
    <controlfield tag="001">MOKKAN0004364442  </controlfield>
    <controlfield tag="005">20070413070813.0</controlfield>
    <controlfield tag="008">      s1987                        hun d</controlfield>
    <datafield tag="020" ind1=" " ind2=" ">
      <subfield code="a">963-02-4753-4</subfield>
    </datafield>
    <datafield tag="035" ind1=" " ind2=" ">
      <subfield code="a">bibFSZ00197090</subfield>
    </datafield>
    <datafield tag="040" ind1=" " ind2=" ">
      <subfield code="a">FSZEK</subfield>
    </datafield>
    <datafield tag="245" ind1="0" ind2="0">
      <subfield code="a">100 éves az épületgépészeti szerelőipar /</subfield>
      <subfield code="c">[szerk. Menyhárt József et al.]</subfield>
    </datafield>
    <datafield tag="260" ind1=" " ind2=" ">
      <subfield code="a">Budapest :</subfield>
      <subfield code="b">[S.n.],</subfield>
      <subfield code="c">1987</subfield>
      <subfield code="e">(Gyál)</subfield>
    </datafield>
    <datafield tag="300" ind1=" " ind2=" ">
      <subfield code="a">264 p. :</subfield>
      <subfield code="b">ill. ;</subfield>
      <subfield code="c">29 cm</subfield>
    </datafield>
    <datafield tag="500" ind1=" " ind2=" ">
      <subfield code="a">Az Épületgépészet és az Épületgépészeti technika szerkbiz. különkiadványa</subfield>
    </datafield>
    <datafield tag="700" ind1="1" ind2=" ">
      <subfield code="a">Menyhárt József</subfield>
      <subfield code="4">szerk.</subfield>
    </datafield>
    <datafield tag="852" ind1=" " ind2=" ">
      <subfield code="a">B10</subfield>
      <subfield code="b">0801B</subfield>
      <subfield code="x">bibFSZ00197090</subfield>
    </datafield>
  </record>
  <record>
    <leader>00824nam  2200217 i 4500</leader>
    <controlfield tag="001">MOKKAW0005762352  </controlfield>
    <controlfield tag="005">20080418081822.0</controlfield>
    <controlfield tag="008">961105s1992    hu            000 0 hun d</controlfield>
    <datafield tag="020" ind1=" " ind2=" ">
      <subfield code="a">963-7133-16-X</subfield>
    </datafield>
    <datafield tag="035" ind1=" " ind2=" ">
      <subfield code="a">BMEOMIKK000411924</subfield>
    </datafield>
    <datafield tag="040" ind1=" " ind2=" ">
      <subfield code="a">BMEOMIKK</subfield>
    </datafield>
    <datafield tag="041" ind1="0" ind2=" ">
      <subfield code="a">huneng</subfield>
    </datafield>
    <datafield tag="100" ind1="1" ind2=" ">
      <subfield code="a">Molnár István</subfield>
    </datafield>
    <datafield tag="245" ind1="1" ind2="0">
      <subfield code="a">100 éves az Országos Magyar Bányászati és Kohászati Egyesület, 1892-1992 /</subfield>
      <subfield code="c">Molnár István, Hatala Pál</subfield>
    </datafield>
    <datafield tag="246" ind1="1" ind2="1">
      <subfield code="a">The Hungarian Mining and Metallurgical Society (OMBKE) is 100 years old, 1892-1992</subfield>
    </datafield>
    <datafield tag="246" ind1="1" ind2="4">
      <subfield code="a">Az OMBKE története, 1892-1992</subfield>
    </datafield>
    <datafield tag="260" ind1=" " ind2=" ">
      <subfield code="a">Budapest :</subfield>
      <subfield code="b">Országos Magyar Bányászati és Kohászati Egyesület,</subfield>
      <subfield code="c">1992</subfield>
    </datafield>
    <datafield tag="300" ind1=" " ind2=" ">
      <subfield code="a">109 p. ;</subfield>
      <subfield code="c">7 cm</subfield>
    </datafield>
    <datafield tag="610" ind1="2" ind2="4">
      <subfield code="a">Országos Magyar Bányászati és Kohászati Egyesület</subfield>
    </datafield>
    <datafield tag="700" ind1="1" ind2="0">
      <subfield code="a">Hatala Pál</subfield>
    </datafield>
    <datafield tag="852" ind1=" " ind2=" ">
      <subfield code="a">B11</subfield>
      <subfield code="b">B11</subfield>
      <subfield code="x">BMEOMIKK000411924</subfield>
    </datafield>
  </record>
  <record>
    <leader>01051nam  2200289 i 4500</leader>
    <controlfield tag="001">MOKKAZ0006318834  </controlfield>
    <controlfield tag="005">20040915191210.0</controlfield>
    <controlfield tag="008">940915s1992    hu a    l     000 0 hun d</controlfield>
    <datafield tag="020" ind1=" " ind2=" ">
      <subfield code="a">963-7133-16-X (kötött)</subfield>
    </datafield>
    <datafield tag="035" ind1=" " ind2=" ">
      <subfield code="a">91826</subfield>
    </datafield>
    <datafield tag="040" ind1=" " ind2=" ">
      <subfield code="a">OSZK</subfield>
    </datafield>
    <datafield tag="041" ind1="1" ind2=" ">
      <subfield code="a">hunenghun</subfield>
    </datafield>
    <datafield tag="072" ind1=" " ind2="1">
      <subfield code="a">U</subfield>
    </datafield>
    <datafield tag="072" ind1=" " ind2="1">
      <subfield code="a">A</subfield>
    </datafield>
    <datafield tag="100" ind1="1" ind2=" ">
      <subfield code="a">Molnár István</subfield>
    </datafield>
    <datafield tag="245" ind1="1" ind2="0">
      <subfield code="a">100 éves az Országos Magyar Bányászati és Kohászati Egyesület : </subfield>
      <subfield code="b">1892-1992 /</subfield>
      <subfield code="c">Molnár István, Hatala Pál ; [kiad. a "Péch Antal" Miniatűrkönyv Gyűjtők Klubja]</subfield>
    </datafield>
    <datafield tag="246" ind1="1" ind2="4">
      <subfield code="a">Az OMBKE története, 1892-1992</subfield>
    </datafield>
    <datafield tag="260" ind1=" " ind2=" ">
      <subfield code="a">Budapest [!Miskolc] :</subfield>
      <subfield code="b">Péch Miniatűrkv.-gyűjtők Klubja,</subfield>
      <subfield code="c">1992</subfield>
      <subfield code="e">([Budapest]</subfield>
      <subfield code="f">Cerberus)</subfield>
    </datafield>
    <datafield tag="300" ind1=" " ind2=" ">
      <subfield code="a">109 p. ;</subfield>
      <subfield code="c">7x6 cm</subfield>
    </datafield>
    <datafield tag="500" ind1=" " ind2=" ">
      <subfield code="a">Példányszám: 1000</subfield>
    </datafield>
    <datafield tag="500" ind1=" " ind2=" ">
      <subfield code="a">Bibliofil kiad.</subfield>
    </datafield>
    <datafield tag="500" ind1=" " ind2=" ">
      <subfield code="a">A borítón zománcplakettel</subfield>
    </datafield>
    <datafield tag="546" ind1=" " ind2=" ">
      <subfield code="a">Magyar és angol nyelven</subfield>
    </datafield>
    <datafield tag="610" ind1="2" ind2="4">
      <subfield code="a">Országos Magyar Bányászati és Kohászati Egyesület</subfield>
    </datafield>
    <datafield tag="700" ind1="1" ind2="0">
      <subfield code="a">Hatala Pál</subfield>
    </datafield>
    <datafield tag="710" ind1="2" ind2=" ">
      <subfield code="a">Péch Antal Miniatűrkönyv-gyűjtők Klubja</subfield>
      <subfield code="4">közread.</subfield>
    </datafield>
    <datafield tag="852" ind1=" " ind2=" ">
      <subfield code="a">B1</subfield>
      <subfield code="b">B1</subfield>
      <subfield code="x">91826</subfield>
    </datafield>
  </record>
  <record>
    <leader>00870cam  2200253 i 4500</leader>
    <controlfield tag="001">MOKKAN0003917944  </controlfield>
    <controlfield tag="005">20061105135034.0</controlfield>
    <controlfield tag="008">961025c        xx            00010 hun d</controlfield>
    <datafield tag="020" ind1=" " ind2=" ">
      <subfield code="a">963 02 9515 6 (össz.)</subfield>
    </datafield>
    <datafield tag="020" ind1=" " ind2=" ">
      <subfield code="a">963 02 9521 0</subfield>
    </datafield>
    <datafield tag="035" ind1=" " ind2=" ">
      <subfield code="a">29885</subfield>
    </datafield>
    <datafield tag="040" ind1=" " ind2=" ">
      <subfield code="a">MEKLM</subfield>
    </datafield>
    <datafield tag="041" ind1="0" ind2=" ">
      <subfield code="a">hun</subfield>
    </datafield>
    <datafield tag="100" ind1="1" ind2="0">
      <subfield code="a">Molnár József</subfield>
    </datafield>
    <datafield tag="245" ind1="1" ind2="0">
      <subfield code="a">100 éves az Elektromos Művek, 1893-1993 :</subfield>
      <subfield code="b">Történetek, epizódok /</subfield>
      <subfield code="c">[szerző Molnár József] ; főszerk. Börcsök Dezső ; [közread. a] Budapesti Elektromos Művek Rt</subfield>
    </datafield>
    <datafield tag="260" ind1="0" ind2="1">
      <subfield code="a">Bp. :</subfield>
      <subfield code="b">ELMŰ ; Mediaen,</subfield>
      <subfield code="c">1993</subfield>
    </datafield>
    <datafield tag="300" ind1=" " ind2=" ">
      <subfield code="a">62 p. :</subfield>
      <subfield code="b">ill. ;</subfield>
      <subfield code="c">24 cm</subfield>
    </datafield>
    <datafield tag="490" ind1="1" ind2=" ">
      <subfield code="a">(Technikatörténeti füzetek ;</subfield>
      <subfield code="v">6.)</subfield>
    </datafield>
    <datafield tag="650" ind1="0" ind2="4">
      <subfield code="a">villamosenergia-termelés</subfield>
    </datafield>
    <datafield tag="700" ind1="1" ind2="1">
      <subfield code="a">Börcsök Dezső</subfield>
    </datafield>
    <datafield tag="710" ind1="1" ind2="1">
      <subfield code="a">Budapesti Elektromos Művek Rt.</subfield>
    </datafield>
    <datafield tag="740" ind1="0" ind2="1">
      <subfield code="a">Történetek, epizódok</subfield>
    </datafield>
    <datafield tag="830" ind1=" " ind2="0">
      <subfield code="a">Technikatörténeti füzetek</subfield>
    </datafield>
    <datafield tag="852" ind1=" " ind2=" ">
      <subfield code="a">M1</subfield>
      <subfield code="b">M1</subfield>
      <subfield code="x">29885</subfield>
    </datafield>
  </record>
  <record>
    <leader>01008nam  2200265 i 4500</leader>
    <controlfield tag="001">MOKKAW0005141062  </controlfield>
    <controlfield tag="005">20080312180924.0</controlfield>
    <controlfield tag="008">050101s2004    hu                  hun d</controlfield>
    <datafield tag="020" ind1=" " ind2=" ">
      <subfield code="a">963-86698-0-2 (fűzött)</subfield>
    </datafield>
    <datafield tag="035" ind1=" " ind2=" ">
      <subfield code="a">KKMK689965</subfield>
    </datafield>
    <datafield tag="040" ind1=" " ind2=" ">
      <subfield code="a">KKMK</subfield>
    </datafield>
    <datafield tag="041" ind1="0" ind2=" ">
      <subfield code="a">hun</subfield>
    </datafield>
    <datafield tag="110" ind1="2" ind2="0">
      <subfield code="a">Petőfi Sándor Általános Iskola és Alapfokú Művészetoktatási Intézmény (Sopron)</subfield>
    </datafield>
    <datafield tag="245" ind1="0" ind2="0">
      <subfield code="a">100 éves az iskola : </subfield>
      <subfield code="b">a soproni Petőfi Sándor Általános Iskola jubileumi kiadványa 1904-2004 /</subfield>
      <subfield code="c">[szerk. Kovacsics Miklósné]</subfield>
    </datafield>
    <datafield tag="260" ind1=" " ind2=" ">
      <subfield code="a">Sopron :</subfield>
      <subfield code="b">Hillebrand Nyomda Kft,</subfield>
      <subfield code="c">2004</subfield>
    </datafield>
    <datafield tag="300" ind1=" " ind2=" ">
      <subfield code="a">175 p :</subfield>
      <subfield code="b">ill., részben színes ;</subfield>
      <subfield code="c">24 cm</subfield>
    </datafield>
    <datafield tag="610" ind1="2" ind2="4">
      <subfield code="a">Petőfi Sándor Általános Iskola és Alapfokú Művészetoktatási Intézmény (Sopron)</subfield>
    </datafield>
    <datafield tag="650" ind1=" " ind2="4">
      <subfield code="a">általános iskola</subfield>
    </datafield>
    <datafield tag="650" ind1=" " ind2="4">
      <subfield code="a">alapfokú oktatási intézmény</subfield>
    </datafield>
    <datafield tag="650" ind1=" " ind2="4">
      <subfield code="a">iskolai évkönyv</subfield>
    </datafield>
    <datafield tag="651" ind1=" " ind2="4">
      <subfield code="a">Sopron</subfield>
    </datafield>
    <datafield tag="653" ind1=" " ind2=" ">
      <subfield code="a">1904-2004</subfield>
    </datafield>
    <datafield tag="653" ind1=" " ind2=" ">
      <subfield code="a">helyi közreműködő</subfield>
    </datafield>
    <datafield tag="700" ind1="1" ind2=" ">
      <subfield code="a">Kovacsics Miklósné</subfield>
      <subfield code="4">(szerk)</subfield>
    </datafield>
    <datafield tag="852" ind1=" " ind2=" ">
      <subfield code="a">GY1</subfield>
      <subfield code="b">GY1</subfield>
      <subfield code="x">KKMK689965</subfield>
    </datafield>
  </record>
  <record>
    <leader>01027aam  2200313 i 4500</leader>
    <controlfield tag="001">MOKKAZ0006223787  </controlfield>
    <controlfield tag="005">20040915181741.0</controlfield>
    <controlfield tag="008">940509t19831983hu a          010 0 hun d</controlfield>
    <datafield tag="020" ind1=" " ind2=" ">
      <subfield code="a">963-01-4813-7 (fűzött)</subfield>
    </datafield>
    <datafield tag="035" ind1=" " ind2=" ">
      <subfield code="a">793651</subfield>
    </datafield>
    <datafield tag="040" ind1=" " ind2=" ">
      <subfield code="a">OSZK</subfield>
    </datafield>
    <datafield tag="041" ind1="0" ind2=" ">
      <subfield code="a">hunhun</subfield>
    </datafield>
    <datafield tag="072" ind1=" " ind2="1">
      <subfield code="a">H</subfield>
    </datafield>
    <datafield tag="245" ind1="1" ind2="0">
      <subfield code="a">100 éves az egri Ipari Szakmunkásképző Intézet : </subfield>
      <subfield code="b">1883-1983 /</subfield>
      <subfield code="c">[írta Rapcsok Istvánné et al.]</subfield>
    </datafield>
    <datafield tag="260" ind1=" " ind2=" ">
      <subfield code="a">[Eger] :</subfield>
      <subfield code="b">Bornemissza Ipari Szakmunkásképző Int.,</subfield>
      <subfield code="c">1983</subfield>
      <subfield code="e">(Eger</subfield>
      <subfield code="f">Révai)</subfield>
    </datafield>
    <datafield tag="300" ind1=" " ind2=" ">
      <subfield code="a">113 p., [16] t. :</subfield>
      <subfield code="b">ill. ;</subfield>
      <subfield code="c">24 cm</subfield>
    </datafield>
    <datafield tag="610" ind1="2" ind2="4">
      <subfield code="a">Bornemissza Gergely Ipari Szakmunkásképző Intézet (Eger)</subfield>
    </datafield>
    <datafield tag="695" ind1=" " ind2=" ">
      <subfield code="a">Bornemissza Gergely Ipari Szakmunkásképző Intézet</subfield>
    </datafield>
    <datafield tag="700" ind1="1" ind2="3">
      <subfield code="a">Rapcsok Istvánné</subfield>
    </datafield>
    <datafield tag="700" ind1="1" ind2="3">
      <subfield code="a">Kovács János</subfield>
    </datafield>
    <datafield tag="700" ind1="1" ind2="3">
      <subfield code="a">Szatai László</subfield>
    </datafield>
    <datafield tag="700" ind1="1" ind2="3">
      <subfield code="a">Kameniczky Antal</subfield>
    </datafield>
    <datafield tag="700" ind1="1" ind2="3">
      <subfield code="a">Nyiri József</subfield>
    </datafield>
    <datafield tag="700" ind1="1" ind2="3">
      <subfield code="a">Szepesi Lajos</subfield>
    </datafield>
    <datafield tag="700" ind1="1" ind2="3">
      <subfield code="a">Gál László</subfield>
    </datafield>
    <datafield tag="700" ind1="1" ind2="3">
      <subfield code="a">Dorkó Attila</subfield>
    </datafield>
    <datafield tag="700" ind1="1" ind2="3">
      <subfield code="a">Kovács Jánosné</subfield>
    </datafield>
    <datafield tag="852" ind1=" " ind2=" ">
      <subfield code="a">B1</subfield>
      <subfield code="b">B1</subfield>
      <subfield code="x">793651</subfield>
    </datafield>
    <datafield tag="852" ind1=" " ind2=" ">
      <subfield code="a">SZ4</subfield>
      <subfield code="b">SZ4</subfield>
      <subfield code="x">963 01 4813 7</subfield>
    </datafield>
  </record>
  <record>
    <leader>00891fam  2200241 i 4500</leader>
    <controlfield tag="001">MOKKAZ0006370349  </controlfield>
    <controlfield tag="005">20040915194954.0</controlfield>
    <controlfield tag="008">981026s1998    hu a          000 0 hun d</controlfield>
    <datafield tag="020" ind1=" " ind2=" ">
      <subfield code="a">963-03-6122-1 (fűzött)</subfield>
    </datafield>
    <datafield tag="035" ind1=" " ind2=" ">
      <subfield code="a">323563</subfield>
    </datafield>
    <datafield tag="040" ind1=" " ind2=" ">
      <subfield code="a">OSZK</subfield>
    </datafield>
    <datafield tag="041" ind1="0" ind2=" ">
      <subfield code="a">hunhun</subfield>
    </datafield>
    <datafield tag="100" ind1="1" ind2=" ">
      <subfield code="a">Rogosz János</subfield>
    </datafield>
    <datafield tag="245" ind1="1" ind2="0">
      <subfield code="a">100 éves az örkényi községháza épülete /</subfield>
      <subfield code="c">Rogosz János ; [kiad. az Örkényi Nagyközségi Önkormányzat]</subfield>
    </datafield>
    <datafield tag="260" ind1=" " ind2=" ">
      <subfield code="a">Örkény :</subfield>
      <subfield code="b">Önkormányzat,</subfield>
      <subfield code="c">1998</subfield>
      <subfield code="e">(Budapest</subfield>
      <subfield code="f">Dura Stúdió)</subfield>
      <subfield code="e">([Dunaújváros]</subfield>
      <subfield code="f">Dunaújvárosi Nyip.)</subfield>
    </datafield>
    <datafield tag="300" ind1=" " ind2=" ">
      <subfield code="a">106 p. :</subfield>
      <subfield code="b">ill. ;</subfield>
      <subfield code="c">21 cm</subfield>
    </datafield>
    <datafield tag="650" ind1=" " ind2="4">
      <subfield code="a">Közintézmények</subfield>
      <subfield code="z">Magyarország</subfield>
    </datafield>
    <datafield tag="650" ind1=" " ind2="4">
      <subfield code="a">Közigazgatási hivatalok</subfield>
      <subfield code="z">Magyarország</subfield>
    </datafield>
    <datafield tag="650" ind1=" " ind2="0">
      <subfield code="a">Public institutions</subfield>
      <subfield code="z">Hungary.</subfield>
    </datafield>
    <datafield tag="650" ind1=" " ind2="0">
      <subfield code="a">Administrative agencies</subfield>
      <subfield code="z">Hungary.</subfield>
    </datafield>
    <datafield tag="710" ind1="1" ind2=" ">
      <subfield code="a">Örkény</subfield>
      <subfield code="a">Önkormányzat</subfield>
      <subfield code="4">közread.</subfield>
    </datafield>
    <datafield tag="852" ind1=" " ind2=" ">
      <subfield code="a">B1</subfield>
      <subfield code="b">B1</subfield>
      <subfield code="x">323563</subfield>
    </datafield>
    <datafield tag="852" ind1=" " ind2=" ">
      <subfield code="a">D1</subfield>
      <subfield code="b">D1</subfield>
      <subfield code="x">bibKLT00207029</subfield>
    </datafield>
  </record>
  <record>
    <leader>00675cam  2200193 i 4500</leader>
    <controlfield tag="001">MOKKAS0001874461  </controlfield>
    <controlfield tag="005">20060530220815.0</controlfield>
    <controlfield tag="008">981126s1998    hu a          011 0dhun d</controlfield>
    <datafield tag="035" ind1=" " ind2=" ">
      <subfield code="a">53596</subfield>
    </datafield>
    <datafield tag="040" ind1=" " ind2=" ">
      <subfield code="a">ELTE</subfield>
    </datafield>
    <datafield tag="041" ind1="0" ind2=" ">
      <subfield code="a">hun</subfield>
    </datafield>
    <datafield tag="100" ind1="1" ind2=" ">
      <subfield code="a">Rogosz János</subfield>
    </datafield>
    <datafield tag="245" ind1="1" ind2="0">
      <subfield code="a">100 éves az örkényi községháza épülete</subfield>
      <subfield code="c">/ Rogosz János ; [kiad. az Örkényi Nagyközségi Önkormányzat]. -</subfield>
    </datafield>
    <datafield tag="260" ind1=" " ind2=" ">
      <subfield code="a">Örkény :</subfield>
      <subfield code="b">Önkormányzat,</subfield>
      <subfield code="c">1998</subfield>
      <subfield code="e">(Dunaújváros :</subfield>
      <subfield code="f">Nyomdaipari Kft.). -</subfield>
    </datafield>
    <datafield tag="300" ind1=" " ind2=" ">
      <subfield code="a">106 p. :</subfield>
      <subfield code="b">ill.;</subfield>
      <subfield code="c">21 cm.</subfield>
    </datafield>
    <datafield tag="650" ind1="0" ind2="4">
      <subfield code="a">helytörténet</subfield>
      <subfield code="z">Örkény</subfield>
      <subfield code="x">községháza</subfield>
      <subfield code="y">19-20. sz.</subfield>
    </datafield>
    <datafield tag="651" ind1=" " ind2=" ">
      <subfield code="a">Örkény</subfield>
    </datafield>
    <datafield tag="710" ind1="1" ind2=" ">
      <subfield code="a">Örkényi Nagyközségi Önkormányzat</subfield>
    </datafield>
    <datafield tag="852" ind1=" " ind2=" ">
      <subfield code="a">B2</subfield>
      <subfield code="b">B2</subfield>
      <subfield code="x">53596</subfield>
    </datafield>
  </record>
  <record>
    <leader>00774cam  2200193   4500</leader>
    <controlfield tag="001">MOKKAZ0004777429  </controlfield>
    <controlfield tag="005">20071123095321.0</controlfield>
    <controlfield tag="008">      s1994    hu                  hun  </controlfield>
    <datafield tag="020" ind1=" " ind2=" ">
      <subfield code="a">963 04 4456 9 :</subfield>
    </datafield>
    <datafield tag="035" ind1=" " ind2=" ">
      <subfield code="a">bibJPT0019330</subfield>
    </datafield>
    <datafield tag="040" ind1=" " ind2=" ">
      <subfield code="a">PTE</subfield>
    </datafield>
    <datafield tag="100" ind1="1" ind2=" ">
      <subfield code="a">Szabó Antal</subfield>
    </datafield>
    <datafield tag="245" ind1="1" ind2="0">
      <subfield code="a">100 éves az áramszolgáltatás Dél-Dunántúlon, 1894-1994 /</subfield>
      <subfield code="c">[szerk. Szabó Antal]</subfield>
    </datafield>
    <datafield tag="260" ind1=" " ind2=" ">
      <subfield code="a">Pécs :</subfield>
      <subfield code="b">Dél-dunántúli Áramszolgáltató Rt.,</subfield>
      <subfield code="c">1994</subfield>
    </datafield>
    <datafield tag="300" ind1=" " ind2=" ">
      <subfield code="a">291 p. ;</subfield>
      <subfield code="c">30 cm</subfield>
    </datafield>
    <datafield tag="650" ind1=" " ind2="4">
      <subfield code="a">Villamosenergia-termelés</subfield>
      <subfield code="z">Magyarország</subfield>
      <subfield code="z">Dél-Dunántúl</subfield>
      <subfield code="x">történet</subfield>
    </datafield>
    <datafield tag="695" ind1=" " ind2=" ">
      <subfield code="a">atomerőmű ; energia ; ipar ; közgazdaság ; oktatás; szociálpolitika ; urbanizáció ; villamosenergia</subfield>
      <subfield code="x">történet</subfield>
    </datafield>
    <datafield tag="852" ind1=" " ind2=" ">
      <subfield code="a">P1</subfield>
      <subfield code="B">P1/O</subfield>
      <subfield code="B">P1/2S</subfield>
      <subfield code="b">P1/MH</subfield>
      <subfield code="x">bibJPT0019330</subfield>
    </datafield>
    <datafield tag="852" ind1=" " ind2=" ">
      <subfield code="a">SZK1</subfield>
      <subfield code="b">SZK1</subfield>
      <subfield code="x">bibTMK135172</subfield>
    </datafield>
  </record>
  <record>
    <leader>00588nam  2200193 i 4500</leader>
    <controlfield tag="001">MOKKAW0005415739  </controlfield>
    <controlfield tag="005">20080412141207.0</controlfield>
    <controlfield tag="008">990828s1995                  000 0 hun d</controlfield>
    <datafield tag="020" ind1=" " ind2=" ">
      <subfield code="a">963-04-4456-9</subfield>
    </datafield>
    <datafield tag="035" ind1=" " ind2=" ">
      <subfield code="a">BMEOMIKK000099303</subfield>
    </datafield>
    <datafield tag="040" ind1=" " ind2=" ">
      <subfield code="a">BMEOMIKK</subfield>
    </datafield>
    <datafield tag="041" ind1="0" ind2=" ">
      <subfield code="a">hun</subfield>
    </datafield>
    <datafield tag="245" ind1="0" ind2="0">
      <subfield code="a">100 éves az áramszolgáltatás Dél-Dunántúlon, 1894-1994 /</subfield>
      <subfield code="c">[szerk. Szabó Antal et al.]</subfield>
    </datafield>
    <datafield tag="260" ind1=" " ind2=" ">
      <subfield code="a">[Pécs] :</subfield>
      <subfield code="b">DÉDÁSZ Rt.,</subfield>
      <subfield code="c">[1995]</subfield>
    </datafield>
    <datafield tag="300" ind1=" " ind2=" ">
      <subfield code="a">291 p. ;</subfield>
      <subfield code="c">30 cm</subfield>
    </datafield>
    <datafield tag="500" ind1=" " ind2=" ">
      <subfield code="a">Angol és német kiv</subfield>
    </datafield>
    <datafield tag="504" ind1=" " ind2=" ">
      <subfield code="a">Bibliogr.: p. 290-291.</subfield>
    </datafield>
    <datafield tag="700" ind1="1" ind2=" ">
      <subfield code="a">Szabó Antal</subfield>
    </datafield>
    <datafield tag="852" ind1=" " ind2=" ">
      <subfield code="a">B11</subfield>
      <subfield code="b">B11</subfield>
      <subfield code="x">BMEOMIKK000099303</subfield>
    </datafield>
  </record>
  <record>
    <leader>00325cam  22001217  4500</leader>
    <controlfield tag="001">MOKKAZ0004637169  </controlfield>
    <controlfield tag="005">20040910085638.0</controlfield>
    <controlfield tag="008">000211s1972                        hun d</controlfield>
    <datafield tag="035" ind1=" " ind2=" ">
      <subfield code="a">bibFSZ136115</subfield>
    </datafield>
    <datafield tag="040" ind1=" " ind2=" ">
      <subfield code="a">FSZEK</subfield>
    </datafield>
    <datafield tag="245" ind1="0" ind2="0">
      <subfield code="a">100 éves Budapest :</subfield>
      <subfield code="b">1872/73-1972/73 /</subfield>
      <subfield code="c">Viszkei Mihály</subfield>
    </datafield>
    <datafield tag="260" ind1=" " ind2=" ">
      <subfield code="c">1972</subfield>
    </datafield>
    <datafield tag="852" ind1=" " ind2=" ">
      <subfield code="a">B10</subfield>
      <subfield code="b">0801B</subfield>
      <subfield code="x">bibFSZ136115</subfield>
    </datafield>
  </record>
  <record>
    <leader>00628nam  2200181 i 4500</leader>
    <controlfield tag="001">MOKKAZ0003525868  </controlfield>
    <controlfield tag="005">20100617160234.0</controlfield>
    <controlfield tag="008">990308s1998    hu            00010 hun d</controlfield>
    <datafield tag="020" ind1=" " ind2=" ">
      <subfield code="a">963 04 8801 9</subfield>
    </datafield>
    <datafield tag="035" ind1=" " ind2=" ">
      <subfield code="a">bibKLT00212245</subfield>
    </datafield>
    <datafield tag="040" ind1=" " ind2=" ">
      <subfield code="a">DEENK</subfield>
    </datafield>
    <datafield tag="100" ind1="1" ind2=" ">
      <subfield code="a">Pándy Tamás</subfield>
      <subfield code="d">(1947-)</subfield>
    </datafield>
    <datafield tag="245" ind1="1" ind2="1">
      <subfield code="a">"100 éves falu a Városban" - Pestszentimre /</subfield>
      <subfield code="c">Pándy Tamás</subfield>
    </datafield>
    <datafield tag="260" ind1=" " ind2=" ">
      <subfield code="a">Pestszentimre :</subfield>
      <subfield code="b">A szerző :</subfield>
      <subfield code="b">Dr. Széky Endre Pestszentimre Történeti Társaság,</subfield>
      <subfield code="c">1998</subfield>
    </datafield>
    <datafield tag="300" ind1=" " ind2=" ">
      <subfield code="a">351 p., XVI t. :</subfield>
      <subfield code="b">ill. ;</subfield>
      <subfield code="c">25 cm</subfield>
    </datafield>
    <datafield tag="651" ind1=" " ind2="4">
      <subfield code="a">Budapest.</subfield>
      <subfield code="b">XVIII. kerület</subfield>
    </datafield>
    <datafield tag="651" ind1=" " ind2="0">
      <subfield code="a">Budapest (Hungary)</subfield>
      <subfield code="b">XVIII. kerület</subfield>
    </datafield>
    <datafield tag="852" ind1=" " ind2=" ">
      <subfield code="a">D1</subfield>
      <subfield code="b">D1</subfield>
      <subfield code="x">bibKLT00212245</subfield>
    </datafield>
  </record>
  <record>
    <leader>01109nam  2200289 i 4500</leader>
    <controlfield tag="001">MOKKAZ0006373706  </controlfield>
    <controlfield tag="005">20100617160235.0</controlfield>
    <controlfield tag="008">990120s1998    hu arob  b    001 0 hun d</controlfield>
    <datafield tag="020" ind1=" " ind2=" ">
      <subfield code="a">963-04-8801-9 (kötött)</subfield>
    </datafield>
    <datafield tag="035" ind1=" " ind2=" ">
      <subfield code="a">336866</subfield>
    </datafield>
    <datafield tag="040" ind1=" " ind2=" ">
      <subfield code="a">OSZK</subfield>
    </datafield>
    <datafield tag="041" ind1="0" ind2=" ">
      <subfield code="a">hunhun</subfield>
    </datafield>
    <datafield tag="100" ind1="1" ind2=" ">
      <subfield code="a">Pándy Tamás</subfield>
      <subfield code="d">(1947-)</subfield>
    </datafield>
    <datafield tag="245" ind1="1" ind2="1">
      <subfield code="a">"100 éves falu a városban" - Pestszentimre /</subfield>
      <subfield code="c">Pándy Tamás ; [kiad. a Dr. Széky Endre Pestszentimre Történeti Társaság ...]</subfield>
    </datafield>
    <datafield tag="260" ind1=" " ind2=" ">
      <subfield code="a">[Budapest] :</subfield>
      <subfield code="b">Dr. Széky Endre Pestszentimre Tört. Társ.,</subfield>
      <subfield code="c">1998</subfield>
      <subfield code="e">([Budapest]</subfield>
      <subfield code="f">Mester Ny.)</subfield>
    </datafield>
    <datafield tag="300" ind1=" " ind2=" ">
      <subfield code="a">351 p., XVI t. :</subfield>
      <subfield code="b">ill., részben színes, részben térk. ;</subfield>
      <subfield code="c">25 cm</subfield>
    </datafield>
    <datafield tag="500" ind1=" " ind2=" ">
      <subfield code="a">Példányszám: 1000</subfield>
    </datafield>
    <datafield tag="504" ind1=" " ind2=" ">
      <subfield code="a">Bibliogr.: p. 321-322.</subfield>
    </datafield>
    <datafield tag="650" ind1=" " ind2="4">
      <subfield code="a">helytörténet</subfield>
    </datafield>
    <datafield tag="651" ind1=" " ind2="4">
      <subfield code="a">Budapest</subfield>
      <subfield code="b">XVIII. kerület</subfield>
    </datafield>
    <datafield tag="651" ind1=" " ind2=" ">
      <subfield code="a">Budapest.</subfield>
      <subfield code="b">18. kerület</subfield>
    </datafield>
    <datafield tag="651" ind1=" " ind2=" ">
      <subfield code="a">Budapest XVIII. kerület</subfield>
    </datafield>
    <datafield tag="651" ind1=" " ind2="4">
      <subfield code="a">Budapest.</subfield>
      <subfield code="b">XVIII. kerület</subfield>
    </datafield>
    <datafield tag="710" ind1="2" ind2=" ">
      <subfield code="a">Dr. Széky Endre Pestszentimre Történeti Társaság</subfield>
      <subfield code="4">közread.</subfield>
    </datafield>
    <datafield tag="852" ind1=" " ind2=" ">
      <subfield code="a">B1</subfield>
      <subfield code="b">B1</subfield>
      <subfield code="x">336866</subfield>
    </datafield>
    <datafield tag="852" ind1=" " ind2=" ">
      <subfield code="a">B10</subfield>
      <subfield code="B">1801</subfield>
      <subfield code="B">1803</subfield>
      <subfield code="B">0801</subfield>
      <subfield code="b">0801B</subfield>
      <subfield code="x">bibFSZ00147828</subfield>
    </datafield>
    <datafield tag="852" ind1=" " ind2=" ">
      <subfield code="a">B8</subfield>
      <subfield code="b">B8</subfield>
      <subfield code="x">OGYK000020849</subfield>
    </datafield>
  </record>
  <record>
    <leader>00681cam  22002051  4500</leader>
    <controlfield tag="001">MOKKAZ0004348592  </controlfield>
    <controlfield tag="005">20070409172451.0</controlfield>
    <controlfield tag="008">      s1967                        hun d</controlfield>
    <datafield tag="035" ind1=" " ind2=" ">
      <subfield code="a">bibFSZ00194596</subfield>
    </datafield>
    <datafield tag="040" ind1=" " ind2=" ">
      <subfield code="a">FSZEK</subfield>
    </datafield>
    <datafield tag="041" ind1=" " ind2=" ">
      <subfield code="a">hun</subfield>
    </datafield>
    <datafield tag="245" ind1="0" ind2="0">
      <subfield code="a">100 éves Fővárosi Vízművek /</subfield>
      <subfield code="c">[szerk. Jancsár Péter] ; [összeáll. Nagy Lajos]</subfield>
    </datafield>
    <datafield tag="260" ind1=" " ind2=" ">
      <subfield code="a">Budapest :</subfield>
      <subfield code="b">Mezőgazdasági Könyvkiadó,</subfield>
      <subfield code="c">1967</subfield>
    </datafield>
    <datafield tag="300" ind1=" " ind2=" ">
      <subfield code="a">96 p. :</subfield>
      <subfield code="b">ill. ;</subfield>
      <subfield code="c">23 cm</subfield>
    </datafield>
    <datafield tag="610" ind1="2" ind2=" ">
      <subfield code="a">Fővárosi Vízművek (Budapest)</subfield>
    </datafield>
    <datafield tag="695" ind1=" " ind2=" ">
      <subfield code="a">Fővárosi Vízművek</subfield>
    </datafield>
    <datafield tag="700" ind1="1" ind2=" ">
      <subfield code="a">Jancsár Péter</subfield>
      <subfield code="4">szerk.</subfield>
    </datafield>
    <datafield tag="700" ind1="1" ind2=" ">
      <subfield code="a">Nagy Lajos</subfield>
      <subfield code="4">összeáll.</subfield>
    </datafield>
    <datafield tag="852" ind1=" " ind2=" ">
      <subfield code="a">B10</subfield>
      <subfield code="B">0307</subfield>
      <subfield code="B">2203</subfield>
      <subfield code="b">0801B</subfield>
      <subfield code="x">bibFSZ00194596</subfield>
    </datafield>
    <datafield tag="852" ind1=" " ind2=" ">
      <subfield code="a">SZ4</subfield>
      <subfield code="b">SZ4</subfield>
      <subfield code="x">bibFSZ00194596</subfield>
    </datafield>
  </record>
  <record>
    <leader>01492nam  2200409 i 4500</leader>
    <controlfield tag="001">MOKKAN0004377200  </controlfield>
    <controlfield tag="005">20071113074021.0</controlfield>
    <controlfield tag="008">070111s2006    hu ao    b    00000 hun d</controlfield>
    <datafield tag="020" ind1=" " ind2=" ">
      <subfield code="a">963-03-6707-6 (kötött)</subfield>
    </datafield>
    <datafield tag="020" ind1=" " ind2=" ">
      <subfield code="a">963 03 6707 6</subfield>
    </datafield>
    <datafield tag="035" ind1=" " ind2=" ">
      <subfield code="a">000002637239</subfield>
    </datafield>
    <datafield tag="040" ind1=" " ind2=" ">
      <subfield code="a">DEENK</subfield>
    </datafield>
    <datafield tag="100" ind1="1" ind2=" ">
      <subfield code="a">Holl Lajos</subfield>
      <subfield code="d">(1931-2002)</subfield>
    </datafield>
    <datafield tag="245" ind1="1" ind2="0">
      <subfield code="a">100 éves Kaposvár vízközmű szolgáltatása /</subfield>
      <subfield code="c">[szerzők Holl Lajos, Ift Miklós, Boda Balázs]</subfield>
    </datafield>
    <datafield tag="260" ind1=" " ind2=" ">
      <subfield code="a">Kaposvár :</subfield>
      <subfield code="b">Prím Reklám Stúdió,</subfield>
      <subfield code="c">2006</subfield>
    </datafield>
    <datafield tag="300" ind1=" " ind2=" ">
      <subfield code="a">152 p. :</subfield>
      <subfield code="b">ill., részben színes ;</subfield>
      <subfield code="c">32 cm</subfield>
    </datafield>
    <datafield tag="504" ind1=" " ind2=" ">
      <subfield code="a">Bibliogr.: p. 149-152.</subfield>
    </datafield>
    <datafield tag="650" ind1=" " ind2="4">
      <subfield code="a">Vízépítés</subfield>
      <subfield code="z">Magyarország</subfield>
      <subfield code="x">történet</subfield>
    </datafield>
    <datafield tag="650" ind1=" " ind2="4">
      <subfield code="a">Vízgazdálkodás</subfield>
      <subfield code="z">Magyarország</subfield>
      <subfield code="z">Kaposvár</subfield>
      <subfield code="x">történet</subfield>
    </datafield>
    <datafield tag="650" ind1=" " ind2="4">
      <subfield code="a">Vízművek</subfield>
      <subfield code="z">Magyarország</subfield>
      <subfield code="z">Kaposvár</subfield>
      <subfield code="x">történet</subfield>
    </datafield>
    <datafield tag="650" ind1=" " ind2="0">
      <subfield code="a">Hydraulic engineering</subfield>
      <subfield code="x">Hungary</subfield>
      <subfield code="x">History.</subfield>
    </datafield>
    <datafield tag="650" ind1=" " ind2="0">
      <subfield code="a">Water-supply engineering</subfield>
      <subfield code="z">Hungary</subfield>
      <subfield code="z">Kaposvár</subfield>
      <subfield code="x">History.</subfield>
    </datafield>
    <datafield tag="650" ind1=" " ind2="0">
      <subfield code="a">Waterworks</subfield>
      <subfield code="z">Hungary</subfield>
      <subfield code="z">Kaposvár</subfield>
      <subfield code="x">History.</subfield>
    </datafield>
    <datafield tag="650" ind1=" " ind2="7">
      <subfield code="a">Vízgazdálkodás</subfield>
      <subfield code="x">Magyarország</subfield>
      <subfield code="x">regionális</subfield>
      <subfield code="x">története</subfield>
      <subfield code="2">szte</subfield>
    </datafield>
    <datafield tag="650" ind1=" " ind2="7">
      <subfield code="a">Kaposvár</subfield>
      <subfield code="x">honismeret</subfield>
      <subfield code="2">szte</subfield>
    </datafield>
    <datafield tag="651" ind1=" " ind2="4">
      <subfield code="a">Kaposvár</subfield>
    </datafield>
    <datafield tag="653" ind1=" " ind2=" ">
      <subfield code="a">1773-2006</subfield>
    </datafield>
    <datafield tag="653" ind1=" " ind2=" ">
      <subfield code="a">helytörténet</subfield>
    </datafield>
    <datafield tag="653" ind1=" " ind2=" ">
      <subfield code="a">intézménytörténet</subfield>
    </datafield>
    <datafield tag="653" ind1=" " ind2=" ">
      <subfield code="a">kommunális szolgáltatás</subfield>
    </datafield>
    <datafield tag="653" ind1=" " ind2=" ">
      <subfield code="a">környezetvédelmi ipar</subfield>
    </datafield>
    <datafield tag="653" ind1=" " ind2=" ">
      <subfield code="a">vízgazdálkodás</subfield>
    </datafield>
    <datafield tag="700" ind1="1" ind2=" ">
      <subfield code="a">Ift Miklós</subfield>
      <subfield code="d">(1950-)</subfield>
    </datafield>
    <datafield tag="700" ind1="1" ind2=" ">
      <subfield code="a">Boda Balázs</subfield>
    </datafield>
    <datafield tag="852" ind1=" " ind2=" ">
      <subfield code="a">B9</subfield>
      <subfield code="b">B9</subfield>
      <subfield code="x">669160</subfield>
    </datafield>
    <datafield tag="852" ind1=" " ind2=" ">
      <subfield code="a">SZ1</subfield>
      <subfield code="b">SZ1</subfield>
      <subfield code="x">MOKKAN0004377200</subfield>
    </datafield>
    <datafield tag="852" ind1=" " ind2=" ">
      <subfield code="a">D1</subfield>
      <subfield code="b">D1</subfield>
      <subfield code="x">000002637239</subfield>
    </datafield>
  </record>
  <record>
    <leader>01549fam  2200409 i 4500</leader>
    <controlfield tag="001">MOKKAZ0006316590  </controlfield>
    <controlfield tag="005">20100430090602.0</controlfield>
    <controlfield tag="008">940623s1993    hu a     b    000 0 hun d</controlfield>
    <datafield tag="020" ind1=" " ind2=" ">
      <subfield code="a">963-7591-14-1 (fűzött) :</subfield>
      <subfield code="c">298,- Ft</subfield>
    </datafield>
    <datafield tag="035" ind1=" " ind2=" ">
      <subfield code="a">81532</subfield>
    </datafield>
    <datafield tag="040" ind1=" " ind2=" ">
      <subfield code="a">OSZK</subfield>
    </datafield>
    <datafield tag="041" ind1="0" ind2=" ">
      <subfield code="a">hunhun</subfield>
    </datafield>
    <datafield tag="100" ind1="1" ind2=" ">
      <subfield code="a">Kégli Ferenc</subfield>
      <subfield code="d">(1946-)</subfield>
    </datafield>
    <datafield tag="245" ind1="1" ind2="0">
      <subfield code="a">100 éves könyvtár Székesfehérváron : </subfield>
      <subfield code="b">a Vörösmarty Mihály Megyei Könyvtár elődje, a városi könyvtár, 1893-1952 /</subfield>
      <subfield code="c">Kégli Ferenc.</subfield>
    </datafield>
    <datafield tag="260" ind1=" " ind2=" ">
      <subfield code="a">Székesfehérvár :</subfield>
      <subfield code="b">Vörösmarty M. Kvt.,</subfield>
      <subfield code="c">1993</subfield>
      <subfield code="e">(Székesfehérvár</subfield>
      <subfield code="f">Szommer)</subfield>
      <subfield code="f">Szolker)</subfield>
    </datafield>
    <datafield tag="300" ind1=" " ind2=" ">
      <subfield code="a">241 p. :</subfield>
      <subfield code="b">ill. ;</subfield>
      <subfield code="c">24 cm</subfield>
    </datafield>
    <datafield tag="500" ind1=" " ind2=" ">
      <subfield code="a">Bev. Voit Krisztina</subfield>
    </datafield>
    <datafield tag="500" ind1=" " ind2=" ">
      <subfield code="a">Példányszám: 1000</subfield>
    </datafield>
    <datafield tag="504" ind1=" " ind2=" ">
      <subfield code="a">Bibliogr.: p. 197-238.</subfield>
    </datafield>
    <datafield tag="610" ind1="2" ind2="4">
      <subfield code="a">Székesfehérvári Városi Könyvtár</subfield>
    </datafield>
    <datafield tag="650" ind1=" " ind2="7">
      <subfield code="a">Könyvtártörténet</subfield>
      <subfield code="x">Magyarország</subfield>
      <subfield code="x">regionális</subfield>
      <subfield code="2">szte</subfield>
    </datafield>
    <datafield tag="650" ind1="0" ind2="4">
      <subfield code="a">könyvtár</subfield>
      <subfield code="x">történet</subfield>
      <subfield code="y">1893-1952</subfield>
      <subfield code="z">Székesfehérvár</subfield>
    </datafield>
    <datafield tag="650" ind1=" " ind2="7">
      <subfield code="a">Székesfehérvár</subfield>
      <subfield code="x">könyvtár</subfield>
      <subfield code="2">szte</subfield>
    </datafield>
    <datafield tag="650" ind1=" " ind2="4">
      <subfield code="a">könyvtárak</subfield>
    </datafield>
    <datafield tag="650" ind1=" " ind2="4">
      <subfield code="a">könyvtártörténet</subfield>
    </datafield>
    <datafield tag="653" ind1=" " ind2=" ">
      <subfield code="a">Magyarország, Székesfehérvár</subfield>
    </datafield>
    <datafield tag="700" ind1="1" ind2=" ">
      <subfield code="a">Voit Krisztina</subfield>
      <subfield code="d">(1940-2010)</subfield>
      <subfield code="4">(bev.)</subfield>
    </datafield>
    <datafield tag="710" ind1="2" ind2=" ">
      <subfield code="a">Vörösmarty Mihály Megyei Könyvtár (Székesfehérvár)</subfield>
      <subfield code="4">közread.</subfield>
    </datafield>
    <datafield tag="852" ind1=" " ind2=" ">
      <subfield code="a">B1</subfield>
      <subfield code="b">B1</subfield>
      <subfield code="x">81532</subfield>
    </datafield>
    <datafield tag="852" ind1=" " ind2=" ">
      <subfield code="a">D1</subfield>
      <subfield code="b">D1</subfield>
      <subfield code="x">bibKLT00006017</subfield>
    </datafield>
    <datafield tag="852" ind1=" " ind2=" ">
      <subfield code="a">SZ1</subfield>
      <subfield code="b">SZ1</subfield>
      <subfield code="x">bibJAT00282287</subfield>
    </datafield>
    <datafield tag="852" ind1=" " ind2=" ">
      <subfield code="a">B2</subfield>
      <subfield code="b">B2</subfield>
      <subfield code="x">1476</subfield>
    </datafield>
    <datafield tag="852" ind1=" " ind2=" ">
      <subfield code="a">B10</subfield>
      <subfield code="b">0801</subfield>
      <subfield code="x">bibFSZ00093697</subfield>
    </datafield>
    <datafield tag="852" ind1=" " ind2=" ">
      <subfield code="a">P1</subfield>
      <subfield code="b">P1</subfield>
      <subfield code="x">bibJPT0011093</subfield>
    </datafield>
    <datafield tag="852" ind1=" " ind2=" ">
      <subfield code="a">SZ4</subfield>
      <subfield code="b">SZ4</subfield>
      <subfield code="x">bibJAT00282287</subfield>
    </datafield>
    <datafield tag="852" ind1=" " ind2=" ">
      <subfield code="a">B1700</subfield>
      <subfield code="b">B1700</subfield>
      <subfield code="x">81532</subfield>
    </datafield>
    <datafield tag="852" ind1=" " ind2=" ">
      <subfield code="a">M2</subfield>
      <subfield code="b">M2</subfield>
      <subfield code="x">bibRFK00051354</subfield>
    </datafield>
  </record>
  <record>
    <leader>00473nam  2200157 i 4500</leader>
    <controlfield tag="001">MOKKAS0003311102  </controlfield>
    <controlfield tag="005">20060604000914.0</controlfield>
    <controlfield tag="008">050101s1993                            d</controlfield>
    <datafield tag="020" ind1=" " ind2=" ">
      <subfield code="a">963-7591-14-1</subfield>
    </datafield>
    <datafield tag="035" ind1=" " ind2=" ">
      <subfield code="a">428822</subfield>
    </datafield>
    <datafield tag="040" ind1=" " ind2=" ">
      <subfield code="a">KKMK</subfield>
    </datafield>
    <datafield tag="100" ind1="1" ind2=" ">
      <subfield code="a">Kegyes Ferenc</subfield>
    </datafield>
    <datafield tag="245" ind1="1" ind2="0">
      <subfield code="a">100 éves könyvtár Székesfehérváron /</subfield>
      <subfield code="c">Kegyes Ferenc</subfield>
    </datafield>
    <datafield tag="260" ind1=" " ind2=" ">
      <subfield code="a">Székesfehérvár :</subfield>
      <subfield code="b">Vörösmarty Mihály Megyei Könyvtár,</subfield>
      <subfield code="c">1993</subfield>
    </datafield>
    <datafield tag="300" ind1=" " ind2=" ">
      <subfield code="a">241 p. :</subfield>
      <subfield code="b">ill. ;</subfield>
      <subfield code="c">24 cm</subfield>
    </datafield>
    <datafield tag="852" ind1=" " ind2=" ">
      <subfield code="a">GY1</subfield>
      <subfield code="b">GY1</subfield>
      <subfield code="x">428822</subfield>
    </datafield>
  </record>
  <record>
    <leader>00767nama 22002651i 4500</leader>
    <controlfield tag="001">MOKKAS0000463952  </controlfield>
    <controlfield tag="005">20080603095511.0</controlfield>
    <controlfield tag="008">040630s1955    hu            000 0 hunod</controlfield>
    <datafield tag="020" ind1=" " ind2=" ">
      <subfield code="a">9789639644830</subfield>
    </datafield>
    <datafield tag="035" ind1=" " ind2=" ">
      <subfield code="a">1222727</subfield>
    </datafield>
    <datafield tag="040" ind1=" " ind2=" ">
      <subfield code="a">OSZK</subfield>
    </datafield>
    <datafield tag="041" ind1="0" ind2=" ">
      <subfield code="a">hunhun</subfield>
    </datafield>
    <datafield tag="100" ind1="1" ind2=" ">
      <subfield code="a">Kaszab Zoltán</subfield>
      <subfield code="c">(cédulakatalógus alapján)</subfield>
    </datafield>
    <datafield tag="245" ind1="1" ind2="0">
      <subfield code="a">100 éves küzdelem a kolorádóbogár ellen /</subfield>
      <subfield code="c">Kaszab Zoltán</subfield>
    </datafield>
    <datafield tag="260" ind1=" " ind2=" ">
      <subfield code="a">Budapest :</subfield>
      <subfield code="b">Révai Ny.,</subfield>
      <subfield code="c">1955</subfield>
    </datafield>
    <datafield tag="300" ind1=" " ind2=" ">
      <subfield code="a">27 p. ;</subfield>
      <subfield code="c">20 cm</subfield>
    </datafield>
    <datafield tag="490" ind1="1" ind2=" ">
      <subfield code="a">Múzeumi füzetek</subfield>
    </datafield>
    <datafield tag="695" ind1=" " ind2=" ">
      <subfield code="a">Kolorádóbogár</subfield>
    </datafield>
    <datafield tag="695" ind1=" " ind2=" ">
      <subfield code="a">Krumplibogár</subfield>
    </datafield>
    <datafield tag="695" ind1=" " ind2=" ">
      <subfield code="a">Burgonyabogár</subfield>
    </datafield>
    <datafield tag="695" ind1=" " ind2=" ">
      <subfield code="a">Művelődéstörténet</subfield>
    </datafield>
    <datafield tag="830" ind1=" " ind2="0">
      <subfield code="a">Múzeumi füzetek</subfield>
    </datafield>
    <datafield tag="852" ind1=" " ind2=" ">
      <subfield code="a">B1</subfield>
      <subfield code="b">B1</subfield>
      <subfield code="x">1222727</subfield>
    </datafield>
    <datafield tag="852" ind1=" " ind2=" ">
      <subfield code="a">P1</subfield>
      <subfield code="b">P1</subfield>
      <subfield code="x">MOKKAS0000463952</subfield>
    </datafield>
    <datafield tag="852" ind1=" " ind2=" ">
      <subfield code="a">P1</subfield>
      <subfield code="b">P1</subfield>
      <subfield code="x">bibJPT00469906</subfield>
    </datafield>
  </record>
  <record>
    <leader>01326fam  2200349 i 4500</leader>
    <controlfield tag="001">MOKKAZ0006350827  </controlfield>
    <controlfield tag="005">20040915193908.0</controlfield>
    <controlfield tag="008">970725s1997    hu ar         000 0 hun d</controlfield>
    <datafield tag="020" ind1=" " ind2=" ">
      <subfield code="a">963-04-8708-X* (fűzött) :</subfield>
      <subfield code="c">800,- Ft</subfield>
    </datafield>
    <datafield tag="035" ind1=" " ind2=" ">
      <subfield code="a">241841</subfield>
    </datafield>
    <datafield tag="040" ind1=" " ind2=" ">
      <subfield code="a">OSZK</subfield>
    </datafield>
    <datafield tag="041" ind1="0" ind2=" ">
      <subfield code="a">hunhun</subfield>
    </datafield>
    <datafield tag="100" ind1="1" ind2=" ">
      <subfield code="a">Berta József</subfield>
    </datafield>
    <datafield tag="245" ind1="1" ind2="0">
      <subfield code="a">100 éves Miskolc város tömegközlekedése /</subfield>
      <subfield code="c">Berta József, Kertész István ; [kiad. a Miskolc Városi Közlekedési Részvénytársaság]</subfield>
    </datafield>
    <datafield tag="260" ind1=" " ind2=" ">
      <subfield code="a">[Miskolc] :</subfield>
      <subfield code="b">Miskolc Vár. Közlekedési Rt.,</subfield>
      <subfield code="c">[1997]</subfield>
      <subfield code="e">([S.l.]</subfield>
      <subfield code="f">Klaviatura)</subfield>
      <subfield code="e">([Miskolc]</subfield>
      <subfield code="f">Micropress Ny.)</subfield>
    </datafield>
    <datafield tag="300" ind1=" " ind2=" ">
      <subfield code="a">88, 22 p., 16 t. :</subfield>
      <subfield code="b">ill., részben színes ;</subfield>
      <subfield code="c">30 cm</subfield>
    </datafield>
    <datafield tag="500" ind1=" " ind2=" ">
      <subfield code="a">Példányszám: 1500</subfield>
    </datafield>
    <datafield tag="650" ind1=" " ind2="4">
      <subfield code="a">Kommunikáció és közlekedés</subfield>
      <subfield code="z">Magyarország</subfield>
      <subfield code="z">Miskolc</subfield>
      <subfield code="x">történet</subfield>
    </datafield>
    <datafield tag="650" ind1=" " ind2="0">
      <subfield code="a">Communication and traffic</subfield>
      <subfield code="z">Hungary</subfield>
      <subfield code="z">Miskolc</subfield>
      <subfield code="x">History.</subfield>
    </datafield>
    <datafield tag="650" ind1=" " ind2="4">
      <subfield code="a">tömegközlekedés</subfield>
    </datafield>
    <datafield tag="650" ind1=" " ind2="4">
      <subfield code="a">közlekedéspolitika</subfield>
    </datafield>
    <datafield tag="650" ind1=" " ind2="6">
      <subfield code="a">tömegközlekedés</subfield>
    </datafield>
    <datafield tag="650" ind1=" " ind2="6">
      <subfield code="a">évfordulók</subfield>
    </datafield>
    <datafield tag="650" ind1=" " ind2="6">
      <subfield code="a">közlekedéstörténet</subfield>
    </datafield>
    <datafield tag="651" ind1=" " ind2="4">
      <subfield code="a">Miskolc</subfield>
    </datafield>
    <datafield tag="700" ind1="1" ind2="0">
      <subfield code="a">Kertész István</subfield>
    </datafield>
    <datafield tag="710" ind1="2" ind2=" ">
      <subfield code="a">Miskolc Városi Közlekedési Részvénytársaság</subfield>
      <subfield code="4">közread.</subfield>
    </datafield>
    <datafield tag="852" ind1=" " ind2=" ">
      <subfield code="a">B1</subfield>
      <subfield code="b">B1</subfield>
      <subfield code="x">241841</subfield>
    </datafield>
    <datafield tag="852" ind1=" " ind2=" ">
      <subfield code="a">D1</subfield>
      <subfield code="b">D1</subfield>
      <subfield code="x">241841</subfield>
    </datafield>
    <datafield tag="852" ind1=" " ind2=" ">
      <subfield code="a">B11</subfield>
      <subfield code="b">B11</subfield>
      <subfield code="x">BMEOMIKK000121856</subfield>
    </datafield>
    <datafield tag="852" ind1=" " ind2=" ">
      <subfield code="a">P1</subfield>
      <subfield code="b">P1/MK</subfield>
      <subfield code="x">bibJPT00109207</subfield>
    </datafield>
    <datafield tag="852" ind1=" " ind2=" ">
      <subfield code="a">M2</subfield>
      <subfield code="b">M2</subfield>
      <subfield code="x">bibRFK00030984</subfield>
    </datafield>
  </record>
  <record>
    <leader>00556nam  2200181 i 4500</leader>
    <controlfield tag="001">MOKKAW0005491988  </controlfield>
    <controlfield tag="005">20080413231919.0</controlfield>
    <controlfield tag="008">990828s1997                  000 0 hun d</controlfield>
    <datafield tag="035" ind1=" " ind2=" ">
      <subfield code="a">BMEOMIKK000121856</subfield>
    </datafield>
    <datafield tag="040" ind1=" " ind2=" ">
      <subfield code="a">BMEOMIKK</subfield>
    </datafield>
    <datafield tag="041" ind1="0" ind2=" ">
      <subfield code="a">hun</subfield>
    </datafield>
    <datafield tag="100" ind1="1" ind2=" ">
      <subfield code="a">Berta József</subfield>
    </datafield>
    <datafield tag="245" ind1="1" ind2="0">
      <subfield code="a">100 éves Miskolc város tömegközlekedése /</subfield>
      <subfield code="c">Berta József, Kertész István</subfield>
    </datafield>
    <datafield tag="260" ind1=" " ind2=" ">
      <subfield code="a">Miskolc :</subfield>
      <subfield code="b">Miskolc Vár. Közl. Rt.,</subfield>
      <subfield code="c">1997</subfield>
    </datafield>
    <datafield tag="300" ind1=" " ind2=" ">
      <subfield code="a">88 p., 22, 16 t. ;</subfield>
      <subfield code="c">30 cm</subfield>
    </datafield>
    <datafield tag="504" ind1=" " ind2=" ">
      <subfield code="a">Bibliogr.: 88. p.</subfield>
    </datafield>
    <datafield tag="700" ind1="1" ind2="0">
      <subfield code="a">Kertész István</subfield>
    </datafield>
    <datafield tag="852" ind1=" " ind2=" ">
      <subfield code="a">B11</subfield>
      <subfield code="b">B11</subfield>
      <subfield code="x">BMEOMIKK000121856</subfield>
    </datafield>
  </record>
  <record>
    <leader>01413aam  2200301 ir4500</leader>
    <controlfield tag="001">MOKKAZ0006233711  </controlfield>
    <controlfield tag="005">20100901214124.0</controlfield>
    <controlfield tag="008">940509t19861986hu            000 0 hun d</controlfield>
    <datafield tag="020" ind1=" " ind2=" ">
      <subfield code="a">963-01-7653-X (fűzött)</subfield>
    </datafield>
    <datafield tag="035" ind1=" " ind2=" ">
      <subfield code="a">525011</subfield>
    </datafield>
    <datafield tag="040" ind1=" " ind2=" ">
      <subfield code="a">OSZK</subfield>
    </datafield>
    <datafield tag="041" ind1="0" ind2=" ">
      <subfield code="a">hunhun</subfield>
    </datafield>
    <datafield tag="080" ind1=" " ind2=" ">
      <subfield code="a">377.3(439Nagykanizsa)"1886/1986"</subfield>
    </datafield>
    <datafield tag="245" ind1="1" ind2="0">
      <subfield code="a">100 éves Nagykanizsa város szakmunkásképző iskolája, 1886-1986 : </subfield>
      <subfield code="b">Emlékkönyv /</subfield>
      <subfield code="c">[szerk. Jászberényi László] ; [kiad. a ... Nagykanizsai 406. sz. Polai János Szakmunkásképző Intézet]</subfield>
    </datafield>
    <datafield tag="260" ind1=" " ind2=" ">
      <subfield code="a">Nagykanizsa :</subfield>
      <subfield code="b">Polai Szakmunkásképző Int.,</subfield>
      <subfield code="c">1986</subfield>
      <subfield code="e">([Zalaegerszeg]</subfield>
      <subfield code="f">Zala M. Moziüzemi Váll.)</subfield>
    </datafield>
    <datafield tag="300" ind1=" " ind2=" ">
      <subfield code="a">116 p. ;</subfield>
      <subfield code="c">24 cm</subfield>
    </datafield>
    <datafield tag="500" ind1=" " ind2=" ">
      <subfield code="a">2000</subfield>
    </datafield>
    <datafield tag="610" ind1="2" ind2="4">
      <subfield code="a">Polai János Szakmunkásképző Intézet (Nagykanizsa)</subfield>
    </datafield>
    <datafield tag="653" ind1=" " ind2=" ">
      <subfield code="a">nagykanizsai szakmunkásképző iskola története</subfield>
    </datafield>
    <datafield tag="695" ind1=" " ind2=" ">
      <subfield code="a">Polai János Szakmunkásképző Intézet</subfield>
    </datafield>
    <datafield tag="695" ind1=" " ind2=" ">
      <subfield code="a">Szakmunkásképzés</subfield>
    </datafield>
    <datafield tag="695" ind1=" " ind2=" ">
      <subfield code="a">Iskolatörténet</subfield>
      <subfield code="x">magyar</subfield>
    </datafield>
    <datafield tag="700" ind1="1" ind2=" ">
      <subfield code="a">Jászberényi László</subfield>
      <subfield code="4">(szerk.)</subfield>
    </datafield>
    <datafield tag="710" ind1="2" ind2=" ">
      <subfield code="a">Polai János Szakmunkásképző Intézet (Nagykanizsa)</subfield>
      <subfield code="4">közread.</subfield>
    </datafield>
    <datafield tag="780" ind1="0" ind2="0">
      <subfield code="t">Nagykanizsa megyei városi államilag segélyezett kereskedő-, szakirányú iparos fiú- és leány-tanonciskola értesítője az ... iskolai évről.</subfield>
      <subfield code="d">Nagykanizsa Közgazdasági ny. [1941]-[1944]</subfield>
      <subfield code="w">3025902</subfield>
    </datafield>
    <datafield tag="852" ind1=" " ind2=" ">
      <subfield code="a">B1</subfield>
      <subfield code="b">B1</subfield>
      <subfield code="x">525011</subfield>
    </datafield>
    <datafield tag="852" ind1=" " ind2=" ">
      <subfield code="a">SZ4</subfield>
      <subfield code="b">SZ4</subfield>
      <subfield code="x">963 01 7653 X</subfield>
    </datafield>
    <datafield tag="852" ind1=" " ind2=" ">
      <subfield code="a">B8</subfield>
      <subfield code="b">B8</subfield>
      <subfield code="x">OGYK000203332</subfield>
    </datafield>
  </record>
  <record>
    <leader>00624nam  2200181 i 4500</leader>
    <controlfield tag="001">MOKKAZ0003334260  </controlfield>
    <controlfield tag="005">20040909181118.0</controlfield>
    <controlfield tag="008">960130s1995    hu a          00000 hun1d</controlfield>
    <datafield tag="020" ind1=" " ind2=" ">
      <subfield code="a">963 02 9792 2(fűzött)</subfield>
    </datafield>
    <datafield tag="035" ind1=" " ind2=" ">
      <subfield code="a">bibKLT00087628</subfield>
    </datafield>
    <datafield tag="040" ind1=" " ind2=" ">
      <subfield code="a">DEENK</subfield>
    </datafield>
    <datafield tag="100" ind1="1" ind2=" ">
      <subfield code="a">Naszádos István</subfield>
    </datafield>
    <datafield tag="245" ind1="1" ind2="0">
      <subfield code="a">100 éves Sárvári Cukorgyár :</subfield>
      <subfield code="b">(1895-1995) /</subfield>
      <subfield code="c">Naszádos István ; [fotó Bodrogi Tamás]</subfield>
    </datafield>
    <datafield tag="260" ind1="0" ind2=" ">
      <subfield code="a">Sárvár :</subfield>
      <subfield code="b">Magyar Cukor Rt. Sárvári Cukorgyára,</subfield>
      <subfield code="c">1995</subfield>
    </datafield>
    <datafield tag="300" ind1=" " ind2=" ">
      <subfield code="a">132 p. :</subfield>
      <subfield code="b">ill. ;</subfield>
      <subfield code="c">29 cm +</subfield>
      <subfield code="e">1 mell.</subfield>
    </datafield>
    <datafield tag="610" ind1="2" ind2=" ">
      <subfield code="a">Magyar Cukor Rt.</subfield>
      <subfield code="b">Sárvári Cukorgyár</subfield>
    </datafield>
    <datafield tag="700" ind1="1" ind2=" ">
      <subfield code="a">Bodrogi Tamás</subfield>
    </datafield>
    <datafield tag="852" ind1=" " ind2=" ">
      <subfield code="a">D1</subfield>
      <subfield code="b">D1</subfield>
      <subfield code="x">bibKLT00087628</subfield>
    </datafield>
  </record>
  <record>
    <leader>00715cam  2200193   4500</leader>
    <controlfield tag="001">MOKKAZ0003193240  </controlfield>
    <controlfield tag="005">20040909165129.0</controlfield>
    <controlfield tag="008">       1989                        hun  </controlfield>
    <datafield tag="020" ind1=" " ind2=" ">
      <subfield code="a">963 01 9246 2</subfield>
    </datafield>
    <datafield tag="035" ind1=" " ind2=" ">
      <subfield code="a">ISISFEF0009352</subfield>
    </datafield>
    <datafield tag="040" ind1=" " ind2=" ">
      <subfield code="a">DEENK</subfield>
    </datafield>
    <datafield tag="245" ind1="0" ind2="0">
      <subfield code="a">100 éves szakmai képzés Kunszentmártonban :</subfield>
      <subfield code="b">A 628. sz. Ipari Szakmunkásképző Intézet Jubileumi Évkönyve /</subfield>
      <subfield code="c">szerk. Kasza József és Józsa László]</subfield>
    </datafield>
    <datafield tag="260" ind1=" " ind2=" ">
      <subfield code="a">Kunszentmárton :</subfield>
      <subfield code="b">Szakmunkásképző Int.,</subfield>
      <subfield code="c">1989</subfield>
    </datafield>
    <datafield tag="300" ind1=" " ind2=" ">
      <subfield code="a">114 p. :</subfield>
      <subfield code="b">ill. ;</subfield>
      <subfield code="c">20 cm</subfield>
    </datafield>
    <datafield tag="650" ind1=" " ind2="7">
      <subfield code="a">Szakmunkásképzés</subfield>
      <subfield code="x">Kunszentmárton</subfield>
      <subfield code="y">1888-988</subfield>
      <subfield code="2">szte</subfield>
    </datafield>
    <datafield tag="700" ind1="1" ind2=" ">
      <subfield code="a">Kasza József</subfield>
    </datafield>
    <datafield tag="700" ind1="1" ind2=" ">
      <subfield code="a">Józsa László</subfield>
    </datafield>
    <datafield tag="852" ind1=" " ind2=" ">
      <subfield code="a">D1</subfield>
      <subfield code="b">D1</subfield>
      <subfield code="x">ISISFEF0009352</subfield>
    </datafield>
    <datafield tag="852" ind1=" " ind2=" ">
      <subfield code="a">SZ4</subfield>
      <subfield code="b">SZ4</subfield>
      <subfield code="x">ISISFEF0009352</subfield>
    </datafield>
  </record>
  <record>
    <leader>00459nam  2200157 i 4500</leader>
    <controlfield tag="001">MOKKAN0004439523  </controlfield>
    <controlfield tag="005">20070421025627.0</controlfield>
    <controlfield tag="008">980622s1980    hu a          00010 hun d</controlfield>
    <datafield tag="035" ind1=" " ind2=" ">
      <subfield code="a">bibJGYx11591</subfield>
    </datafield>
    <datafield tag="040" ind1=" " ind2=" ">
      <subfield code="a">SZTE</subfield>
    </datafield>
    <datafield tag="100" ind1="1" ind2=" ">
      <subfield code="a">Szőke Pál</subfield>
    </datafield>
    <datafield tag="245" ind1="1" ind2="0">
      <subfield code="a">100 éves [százéves] a magyar tenisz /</subfield>
      <subfield code="c">Szőke Pál</subfield>
    </datafield>
    <datafield tag="260" ind1=" " ind2=" ">
      <subfield code="a">Budapest :</subfield>
      <subfield code="b">[OTSH],</subfield>
      <subfield code="c">1980</subfield>
    </datafield>
    <datafield tag="300" ind1=" " ind2=" ">
      <subfield code="a">221 p., 10 t. :</subfield>
      <subfield code="b">ill. ;</subfield>
      <subfield code="c">20 cm</subfield>
    </datafield>
    <datafield tag="650" ind1=" " ind2="7">
      <subfield code="a">Tenisz története</subfield>
      <subfield code="2">szte</subfield>
    </datafield>
    <datafield tag="852" ind1=" " ind2=" ">
      <subfield code="a">SZ1</subfield>
      <subfield code="b">SZ1/R3</subfield>
      <subfield code="x">bibJGYx11591</subfield>
    </datafield>
  </record>
  <record>
    <leader>01640nam  2200457 i 4500</leader>
    <controlfield tag="001">MOKKAW0005262881  </controlfield>
    <controlfield tag="005">20080408231646.0</controlfield>
    <controlfield tag="008">031127s1988                 u    j hun d</controlfield>
    <datafield tag="035" ind1=" " ind2=" ">
      <subfield code="a">NLVK91760</subfield>
    </datafield>
    <datafield tag="040" ind1=" " ind2=" ">
      <subfield code="a">NLVK</subfield>
    </datafield>
    <datafield tag="041" ind1="0" ind2=" ">
      <subfield code="a">hun</subfield>
    </datafield>
    <datafield tag="100" ind1="1" ind2=" ">
      <subfield code="a">Szabó Ernő</subfield>
      <subfield code="d">(1923-)</subfield>
    </datafield>
    <datafield tag="245" ind1="1" ind2="0">
      <subfield code="a">100 éves Vásárhely sportja (válogatás I-II.) /</subfield>
      <subfield code="c">Szabó Ernő ;  szerk. Ocsovszky László</subfield>
    </datafield>
    <datafield tag="260" ind1=" " ind2=" ">
      <subfield code="a">Hódmezővásárhely :</subfield>
      <subfield code="b">ADATREND - METRIPOND SE nyomda,</subfield>
      <subfield code="c">1988</subfield>
    </datafield>
    <datafield tag="300" ind1=" " ind2=" ">
      <subfield code="a">52 p. ;</subfield>
      <subfield code="c">20 cm</subfield>
    </datafield>
    <datafield tag="650" ind1=" " ind2="4">
      <subfield code="a">Atlétika</subfield>
      <subfield code="x">Hódmezővásárhely</subfield>
    </datafield>
    <datafield tag="650" ind1=" " ind2="4">
      <subfield code="a">HMSE</subfield>
    </datafield>
    <datafield tag="650" ind1=" " ind2="4">
      <subfield code="a">HMTE</subfield>
    </datafield>
    <datafield tag="650" ind1=" " ind2="4">
      <subfield code="a">Hódgép-Metripond SE</subfield>
      <subfield code="x">Hódmezővásárhely</subfield>
    </datafield>
    <datafield tag="650" ind1=" " ind2="4">
      <subfield code="a">Hódiköt SE</subfield>
      <subfield code="x">Hódmezővásárhely</subfield>
    </datafield>
    <datafield tag="650" ind1=" " ind2="4">
      <subfield code="a">Hódmezővásárhely</subfield>
      <subfield code="x">Nyomdák</subfield>
    </datafield>
    <datafield tag="650" ind1=" " ind2="4">
      <subfield code="a">Hódmezővásárhely</subfield>
      <subfield code="x">Sport</subfield>
    </datafield>
    <datafield tag="650" ind1=" " ind2="4">
      <subfield code="a">Hódmezővásárhelyi Munkás Testedző Egyesület</subfield>
    </datafield>
    <datafield tag="650" ind1=" " ind2="4">
      <subfield code="a">Hódmezővásárhelyi Sakk Kör</subfield>
    </datafield>
    <datafield tag="650" ind1=" " ind2="4">
      <subfield code="a">Hódmezővásárhelyi Testgyakorlók Köre</subfield>
    </datafield>
    <datafield tag="650" ind1=" " ind2="4">
      <subfield code="a">Hódmezővásárhelyi Torna- és Vívó Egylet</subfield>
    </datafield>
    <datafield tag="650" ind1=" " ind2="4">
      <subfield code="a">HTVE</subfield>
    </datafield>
    <datafield tag="650" ind1=" " ind2="4">
      <subfield code="a">Kézilabda</subfield>
      <subfield code="x">Hódmezővásárhely</subfield>
    </datafield>
    <datafield tag="650" ind1=" " ind2="4">
      <subfield code="a">Kosárlabda</subfield>
      <subfield code="x">Hódmezővásárhely</subfield>
    </datafield>
    <datafield tag="650" ind1=" " ind2="4">
      <subfield code="a">Labdarúgás</subfield>
      <subfield code="x">Hódmezővásárhely</subfield>
    </datafield>
    <datafield tag="650" ind1=" " ind2="4">
      <subfield code="a">Motocross</subfield>
    </datafield>
    <datafield tag="650" ind1=" " ind2="4">
      <subfield code="a">Nyomdák</subfield>
      <subfield code="x">Hódmezővásárhely</subfield>
    </datafield>
    <datafield tag="650" ind1=" " ind2="4">
      <subfield code="a">Sakk</subfield>
      <subfield code="x">Hódmezővásárhely</subfield>
    </datafield>
    <datafield tag="650" ind1=" " ind2="4">
      <subfield code="a">Sport</subfield>
      <subfield code="x">Hódmezővásárhely</subfield>
    </datafield>
    <datafield tag="650" ind1=" " ind2="4">
      <subfield code="a">Taekwon-do</subfield>
      <subfield code="x">Hódmezővásárhely</subfield>
    </datafield>
    <datafield tag="650" ind1=" " ind2="4">
      <subfield code="a">Tájfutás</subfield>
      <subfield code="x">Hódmezővásárhely</subfield>
    </datafield>
    <datafield tag="650" ind1=" " ind2="4">
      <subfield code="a">Vásárhelyi Atlétikai Club</subfield>
    </datafield>
    <datafield tag="650" ind1=" " ind2="4">
      <subfield code="a">Vívás</subfield>
      <subfield code="x">Hódmezővásárhely</subfield>
    </datafield>
    <datafield tag="650" ind1=" " ind2="4">
      <subfield code="a">Vízilabda</subfield>
      <subfield code="x">Hódmezővásárhely</subfield>
    </datafield>
    <datafield tag="700" ind1="1" ind2=" ">
      <subfield code="a">Ocsovszky László</subfield>
      <subfield code="d">(1943-)</subfield>
    </datafield>
    <datafield tag="852" ind1=" " ind2=" ">
      <subfield code="a">H1</subfield>
      <subfield code="b">H1</subfield>
      <subfield code="x">NLVK91760</subfield>
    </datafield>
  </record>
  <record>
    <leader>01112fam  2200313 i 4500</leader>
    <controlfield tag="001">MOKKAZ0006408346  </controlfield>
    <controlfield tag="005">20101018101445.0</controlfield>
    <controlfield tag="008">010724s2001    hu a     b    100 0 hun d</controlfield>
    <datafield tag="020" ind1=" " ind2=" ">
      <subfield code="a">963-8404-10-8 (fűzött)</subfield>
      <subfield code="z">963-80404-10-8</subfield>
    </datafield>
    <datafield tag="035" ind1=" " ind2=" ">
      <subfield code="a">807884</subfield>
    </datafield>
    <datafield tag="040" ind1=" " ind2=" ">
      <subfield code="a">OSZK</subfield>
    </datafield>
    <datafield tag="041" ind1="0" ind2=" ">
      <subfield code="a">hunhun</subfield>
    </datafield>
    <datafield tag="080" ind1=" " ind2=" ">
      <subfield code="a">551.508.94</subfield>
    </datafield>
    <datafield tag="080" ind1=" " ind2=" ">
      <subfield code="a">069(439-2Bp.)</subfield>
    </datafield>
    <datafield tag="080" ind1=" " ind2=" ">
      <subfield code="a">551.594.221</subfield>
    </datafield>
    <datafield tag="100" ind1="1" ind2=" ">
      <subfield code="a">Horváth Tibor</subfield>
      <subfield code="d">(1928-)</subfield>
    </datafield>
    <datafield tag="245" ind1="1" ind2="0">
      <subfield code="a">100 éves villámjelzők : </subfield>
      <subfield code="b">magyar tudósok itthon és világszerte fellelhető készülékei /</subfield>
      <subfield code="c">Horváth Tibor ; [rend., közread. a] Magyar Elektrotechnikai Múzeum.</subfield>
    </datafield>
    <datafield tag="260" ind1=" " ind2=" ">
      <subfield code="a">Budapest :</subfield>
      <subfield code="b">M. Elektrotech. Múz.,</subfield>
      <subfield code="c">2001</subfield>
      <subfield code="e">([Budapest]</subfield>
      <subfield code="f">Haász Ny.)</subfield>
    </datafield>
    <datafield tag="300" ind1=" " ind2=" ">
      <subfield code="a">16 p. :</subfield>
      <subfield code="b">ill. ;</subfield>
      <subfield code="c">20 cm</subfield>
    </datafield>
    <datafield tag="500" ind1=" " ind2=" ">
      <subfield code="a">Kiállításvezető</subfield>
    </datafield>
    <datafield tag="650" ind1=" " ind2="4">
      <subfield code="a">Villámvédelem</subfield>
    </datafield>
    <datafield tag="650" ind1=" " ind2="0">
      <subfield code="a">Lightning protection.</subfield>
    </datafield>
    <datafield tag="695" ind1=" " ind2=" ">
      <subfield code="a">Villámkutatás</subfield>
    </datafield>
    <datafield tag="695" ind1=" " ind2=" ">
      <subfield code="a">Villámjelzők, magyar</subfield>
    </datafield>
    <datafield tag="710" ind1="2" ind2=" ">
      <subfield code="a">Magyar Elektrotechnikai Múzeum (Budapest)</subfield>
      <subfield code="4">rend., közread.</subfield>
    </datafield>
    <datafield tag="852" ind1=" " ind2=" ">
      <subfield code="a">B1</subfield>
      <subfield code="b">B1</subfield>
      <subfield code="x">807884</subfield>
    </datafield>
    <datafield tag="852" ind1=" " ind2=" ">
      <subfield code="a">D1</subfield>
      <subfield code="b">D1</subfield>
      <subfield code="x">bibJPT00220071</subfield>
    </datafield>
    <datafield tag="852" ind1=" " ind2=" ">
      <subfield code="a">B11</subfield>
      <subfield code="b">B11</subfield>
      <subfield code="x">BMEOMIKK000445408</subfield>
    </datafield>
    <datafield tag="852" ind1=" " ind2=" ">
      <subfield code="a">P1</subfield>
      <subfield code="b">P1/MK</subfield>
      <subfield code="b">P1/MH</subfield>
      <subfield code="x">bibJPT00220071</subfield>
    </datafield>
  </record>
  <record>
    <leader>00896nam  2200217 i 4500</leader>
    <controlfield tag="001">MOKKAS0003847147  </controlfield>
    <controlfield tag="005">20060616095559.0</controlfield>
    <controlfield tag="008">010724s2001    hu a     b    100 0 hun e</controlfield>
    <datafield tag="020" ind1=" " ind2=" ">
      <subfield code="a">963 8404 10 8</subfield>
      <subfield code="z">963 80404 10 8</subfield>
    </datafield>
    <datafield tag="035" ind1=" " ind2=" ">
      <subfield code="a">bibJPT00220071</subfield>
    </datafield>
    <datafield tag="040" ind1=" " ind2=" ">
      <subfield code="a">SZTE</subfield>
    </datafield>
    <datafield tag="100" ind1="1" ind2=" ">
      <subfield code="a">Horváth Tibor</subfield>
      <subfield code="d">(1928-)</subfield>
      <subfield code="c">(villamosmérnök)</subfield>
    </datafield>
    <datafield tag="245" ind1="1" ind2="0">
      <subfield code="a">100 éves villámjelzők :</subfield>
      <subfield code="b">magyar tudósok itthon és világszerte fellelhető készülékei : [kiállítás] /</subfield>
      <subfield code="c">Horváth Tibor</subfield>
    </datafield>
    <datafield tag="260" ind1=" " ind2=" ">
      <subfield code="a">Budapest :</subfield>
      <subfield code="b">Magyar Elektrotechnikai Múzeum,</subfield>
      <subfield code="c">2001</subfield>
      <subfield code="e">([Budapest] :</subfield>
      <subfield code="f">Haász Ny.)</subfield>
    </datafield>
    <datafield tag="300" ind1=" " ind2=" ">
      <subfield code="a">16 p. :</subfield>
      <subfield code="b">ill. ;</subfield>
      <subfield code="c">20 cm</subfield>
    </datafield>
    <datafield tag="504" ind1=" " ind2=" ">
      <subfield code="a">Bibliogr.: p. 16.</subfield>
    </datafield>
    <datafield tag="650" ind1=" " ind2="7">
      <subfield code="a">Múzeum</subfield>
      <subfield code="x">elektrotechnikai</subfield>
      <subfield code="x">magyar</subfield>
      <subfield code="x">kiállítási katalógus</subfield>
      <subfield code="2">szte</subfield>
    </datafield>
    <datafield tag="650" ind1=" " ind2="7">
      <subfield code="a">Villám jelzése</subfield>
      <subfield code="x">találmány</subfield>
      <subfield code="x">magyar</subfield>
      <subfield code="2">szte</subfield>
    </datafield>
    <datafield tag="710" ind1="2" ind2=" ">
      <subfield code="a">Magyar Elektrotechnikai Múzeum (Budapest)</subfield>
    </datafield>
    <datafield tag="852" ind1=" " ind2=" ">
      <subfield code="a">SZ1</subfield>
      <subfield code="b">SZ1</subfield>
      <subfield code="x">bibJPT00220071</subfield>
    </datafield>
    <datafield tag="852" ind1=" " ind2=" ">
      <subfield code="a">B11</subfield>
      <subfield code="b">B11</subfield>
      <subfield code="x">BMEOMIKK000445408</subfield>
    </datafield>
  </record>
  <record>
    <leader>01042fam  2200289 ir4500</leader>
    <controlfield tag="001">MOKKAZ0006293853  </controlfield>
    <controlfield tag="005">20090620115624.0</controlfield>
    <controlfield tag="008">940511t19811981hu ap    j    010 0 hun d</controlfield>
    <datafield tag="020" ind1=" " ind2=" ">
      <subfield code="a">963-7022-23-6 (fűzött)</subfield>
    </datafield>
    <datafield tag="035" ind1=" " ind2=" ">
      <subfield code="a">724147</subfield>
    </datafield>
    <datafield tag="040" ind1=" " ind2=" ">
      <subfield code="a">OSZK</subfield>
    </datafield>
    <datafield tag="041" ind1="0" ind2=" ">
      <subfield code="a">hunhun</subfield>
    </datafield>
    <datafield tag="245" ind1="1" ind2="0">
      <subfield code="a">100 éve született Kiss Lajos /</subfield>
      <subfield code="c">[írta Németh Péter et al.]</subfield>
    </datafield>
    <datafield tag="260" ind1=" " ind2=" ">
      <subfield code="a">Nyíregyháza :</subfield>
      <subfield code="b">Szabolcs M. Lapk. Váll.,</subfield>
      <subfield code="c">1981</subfield>
      <subfield code="e">([Nyíregyháza]</subfield>
      <subfield code="f">Nyírségi Ny.)</subfield>
    </datafield>
    <datafield tag="300" ind1=" " ind2=" ">
      <subfield code="a">46 p. :</subfield>
      <subfield code="b">ill. ;</subfield>
      <subfield code="c">24 cm</subfield>
    </datafield>
    <datafield tag="490" ind1="1" ind2=" ">
      <subfield code="a">Szabolcs-szatmári múzeumi füzetek</subfield>
      <subfield code="x">0586-9188</subfield>
      <subfield code="v">6.</subfield>
    </datafield>
    <datafield tag="500" ind1=" " ind2=" ">
      <subfield code="a">Cikkek</subfield>
    </datafield>
    <datafield tag="500" ind1=" " ind2=" ">
      <subfield code="a">500</subfield>
    </datafield>
    <datafield tag="580" ind1=" " ind2=" ">
      <subfield code="a">Szabolcs-szatmári szemle, ISSN 0133-2465, XV. évf. 1981. 1. sz.</subfield>
    </datafield>
    <datafield tag="600" ind1="1" ind2="4">
      <subfield code="a">Kiss Lajos</subfield>
      <subfield code="d">(1881-1965)</subfield>
    </datafield>
    <datafield tag="653" ind1=" " ind2=" ">
      <subfield code="a">tudós, múzeumigazgató munkássága, nyíregyházi Józsa Múzeum története</subfield>
    </datafield>
    <datafield tag="830" ind1=" " ind2="0">
      <subfield code="a">Szabolcs-szatmári múzeumi füzetek</subfield>
    </datafield>
    <datafield tag="852" ind1=" " ind2=" ">
      <subfield code="a">B1</subfield>
      <subfield code="b">B1</subfield>
      <subfield code="x">724147</subfield>
    </datafield>
    <datafield tag="852" ind1=" " ind2=" ">
      <subfield code="a">B10</subfield>
      <subfield code="B">0801</subfield>
      <subfield code="b">1308</subfield>
      <subfield code="x">bibFSZ00189849</subfield>
    </datafield>
    <datafield tag="852" ind1=" " ind2=" ">
      <subfield code="a">P1</subfield>
      <subfield code="b">P1</subfield>
      <subfield code="x">963 7022 23 6</subfield>
    </datafield>
    <datafield tag="852" ind1=" " ind2=" ">
      <subfield code="a">M2</subfield>
      <subfield code="b">M2</subfield>
      <subfield code="x">bibRFK00091049</subfield>
    </datafield>
    <datafield tag="852" ind1=" " ind2=" ">
      <subfield code="a">B8</subfield>
      <subfield code="b">B8</subfield>
      <subfield code="x">OGYK000172294</subfield>
    </datafield>
  </record>
  <record>
    <leader>00653cam  22002051i 4500</leader>
    <controlfield tag="001">MOKKAS0001881302  </controlfield>
    <controlfield tag="005">20060530230834.0</controlfield>
    <controlfield tag="008">020912s1981    hu a   fr     01  0 hun d</controlfield>
    <datafield tag="035" ind1=" " ind2=" ">
      <subfield code="a">62460</subfield>
    </datafield>
    <datafield tag="040" ind1=" " ind2=" ">
      <subfield code="a">ELTE</subfield>
    </datafield>
    <datafield tag="041" ind1="0" ind2=" ">
      <subfield code="a">hun</subfield>
    </datafield>
    <datafield tag="245" ind1="0" ind2="0">
      <subfield code="a">100 éve született Kiss Lajos</subfield>
    </datafield>
    <datafield tag="260" ind1=" " ind2=" ">
      <subfield code="a">Nyíregyháza :</subfield>
      <subfield code="b">[Szabolcs Megyei Lapkiadó Váll.],</subfield>
      <subfield code="c">1981</subfield>
    </datafield>
    <datafield tag="300" ind1=" " ind2=" ">
      <subfield code="a">46 p. :</subfield>
      <subfield code="b">ill. ;</subfield>
      <subfield code="c">24 cm</subfield>
    </datafield>
    <datafield tag="490" ind1="1" ind2=" ">
      <subfield code="a">(Szabolcs-Szatmári Múzeumi füzetek ;</subfield>
      <subfield code="v">6.)</subfield>
    </datafield>
    <datafield tag="500" ind1=" " ind2=" ">
      <subfield code="a">Klny.: Szabolcs-Szatmári Szemle, XV. évf. 1. sz.</subfield>
    </datafield>
    <datafield tag="600" ind1="1" ind2="4">
      <subfield code="a">Kiss Lajos</subfield>
    </datafield>
    <datafield tag="650" ind1="0" ind2="4">
      <subfield code="a">muzeológia</subfield>
      <subfield code="y">20. sz.</subfield>
      <subfield code="z">Nyíregyháza</subfield>
    </datafield>
    <datafield tag="830" ind1=" " ind2="0">
      <subfield code="a">Szabolcs-Szatmári Múzeumi füzetek</subfield>
    </datafield>
    <datafield tag="852" ind1=" " ind2=" ">
      <subfield code="a">B2</subfield>
      <subfield code="b">B2</subfield>
      <subfield code="x">62460</subfield>
    </datafield>
  </record>
  <record>
    <leader>00763nam  2200229 i 4500</leader>
    <controlfield tag="001">MOKKAZ0006359271  </controlfield>
    <controlfield tag="005">20040915194349.0</controlfield>
    <controlfield tag="008">980302s1996    hu       b    000 0 hun d</controlfield>
    <datafield tag="020" ind1=" " ind2=" ">
      <subfield code="a">963-04-6590-6 (fűzött)</subfield>
    </datafield>
    <datafield tag="035" ind1=" " ind2=" ">
      <subfield code="a">276634</subfield>
    </datafield>
    <datafield tag="040" ind1=" " ind2=" ">
      <subfield code="a">OSZK</subfield>
    </datafield>
    <datafield tag="041" ind1="0" ind2=" ">
      <subfield code="a">hunhun</subfield>
      <subfield code="b">eng</subfield>
    </datafield>
    <datafield tag="072" ind1=" " ind2="1">
      <subfield code="a">E</subfield>
    </datafield>
    <datafield tag="245" ind1="0" ind2="0">
      <subfield code="a">100 éve született Nagy Imre : </subfield>
      <subfield code="b">emlékszám /</subfield>
      <subfield code="c">[... mtársai Föglein Gizella et al.]</subfield>
    </datafield>
    <datafield tag="260" ind1=" " ind2=" ">
      <subfield code="a">Budapest :</subfield>
      <subfield code="b">Poltört. Int.,</subfield>
      <subfield code="c">[1996]</subfield>
      <subfield code="e">([S.l.]</subfield>
      <subfield code="f">[s.n.])</subfield>
    </datafield>
    <datafield tag="300" ind1=" " ind2=" ">
      <subfield code="a">255, [2] p. ;</subfield>
      <subfield code="c">21 cm</subfield>
    </datafield>
    <datafield tag="500" ind1=" " ind2=" ">
      <subfield code="a">A Múltunk, ISSN 0864-960X ; 41.évf. 1. száma (1996)</subfield>
    </datafield>
    <datafield tag="500" ind1=" " ind2=" ">
      <subfield code="a">Összefoglalás angol nyelven</subfield>
    </datafield>
    <datafield tag="504" ind1=" " ind2=" ">
      <subfield code="a">Bibliogr. a jegyzetekben</subfield>
    </datafield>
    <datafield tag="600" ind1="1" ind2="4">
      <subfield code="a">Nagy Imre</subfield>
      <subfield code="d">(1896-1958)</subfield>
    </datafield>
    <datafield tag="700" ind1="1" ind2=" ">
      <subfield code="a">Föglein Gizella</subfield>
      <subfield code="d">(1954-)</subfield>
      <subfield code="4">(közrem.)</subfield>
    </datafield>
    <datafield tag="852" ind1=" " ind2=" ">
      <subfield code="a">B1</subfield>
      <subfield code="b">B1</subfield>
      <subfield code="x">276634</subfield>
    </datafield>
  </record>
  <record>
    <leader>00582nam  2200193 i 4500</leader>
    <controlfield tag="001">MOKKAZ0006433849  </controlfield>
    <controlfield tag="005">20040915202315.0</controlfield>
    <controlfield tag="008">000905m20009999sk c           00 0bhunod</controlfield>
    <datafield tag="035" ind1=" " ind2=" ">
      <subfield code="a">838107</subfield>
    </datafield>
    <datafield tag="040" ind1=" " ind2=" ">
      <subfield code="a">OSZK</subfield>
    </datafield>
    <datafield tag="041" ind1="0" ind2=" ">
      <subfield code="a">hunhun</subfield>
    </datafield>
    <datafield tag="072" ind1=" " ind2="1">
      <subfield code="a">1</subfield>
    </datafield>
    <datafield tag="245" ind1="0" ind2="0">
      <subfield code="a">100 éve született Márai Sándor /</subfield>
      <subfield code="c">[Fried István et al.]</subfield>
    </datafield>
    <datafield tag="260" ind1=" " ind2=" ">
      <subfield code="a">Bratislava :</subfield>
      <subfield code="b">Kalligram,</subfield>
      <subfield code="c">2000</subfield>
    </datafield>
    <datafield tag="300" ind1=" " ind2=" ">
      <subfield code="a">103 p. :</subfield>
      <subfield code="b">ill. ;</subfield>
      <subfield code="c">24 cm</subfield>
    </datafield>
    <datafield tag="500" ind1=" " ind2=" ">
      <subfield code="a">A "Kalligram", ISSN 1335-1826, 2000. évi 5. száma</subfield>
    </datafield>
    <datafield tag="600" ind1="1" ind2="4">
      <subfield code="a">Márai Sándor</subfield>
      <subfield code="d">(1900-1989)</subfield>
    </datafield>
    <datafield tag="700" ind1="1" ind2=" ">
      <subfield code="a">Fried István</subfield>
      <subfield code="d">(1934-)</subfield>
      <subfield code="4">(közrem.)</subfield>
    </datafield>
    <datafield tag="852" ind1=" " ind2=" ">
      <subfield code="a">B1</subfield>
      <subfield code="b">B1</subfield>
      <subfield code="x">838107</subfield>
    </datafield>
  </record>
  <record>
    <leader>00832cjm  22001691  4500</leader>
    <controlfield tag="001">MOKKAZ0004593145  </controlfield>
    <controlfield tag="005">20040910083342.0</controlfield>
    <controlfield tag="008">      s1990                        und d</controlfield>
    <datafield tag="028" ind1="4" ind2="2">
      <subfield code="a">PZ 004</subfield>
    </datafield>
    <datafield tag="035" ind1=" " ind2=" ">
      <subfield code="a">bibFSZ00439450</subfield>
    </datafield>
    <datafield tag="040" ind1=" " ind2=" ">
      <subfield code="a">FSZEK</subfield>
    </datafield>
    <datafield tag="245" ind1="0" ind2="0">
      <subfield code="a">100 éve született B. Gigli (1890-1990)</subfield>
      <subfield code="h">[Hangfelvétel] : </subfield>
      <subfield code="b">Benjamino Gigli olasz és nápolzi dalokat énekel /</subfield>
      <subfield code="c">Benjamino Gigli</subfield>
    </datafield>
    <datafield tag="260" ind1=" " ind2=" ">
      <subfield code="a">[S.l.] :</subfield>
      <subfield code="b">POLIFON BT.,</subfield>
      <subfield code="c">1990</subfield>
    </datafield>
    <datafield tag="300" ind1=" " ind2=" ">
      <subfield code="a">1 hangk. :</subfield>
      <subfield code="b">sztereo</subfield>
      <subfield code="e">1 db borító</subfield>
    </datafield>
    <datafield tag="505" ind1="0" ind2=" ">
      <subfield code="g">1.,</subfield>
      <subfield code="t">Canta pe`me</subfield>
      <subfield code="g">2.,</subfield>
      <subfield code="t">Sentinella</subfield>
      <subfield code="g">3.,</subfield>
      <subfield code="t">Carmela</subfield>
      <subfield code="g">4.,</subfield>
      <subfield code="t">Occi di fata</subfield>
      <subfield code="g">5.,</subfield>
      <subfield code="t">A sanzone `e Napule</subfield>
      <subfield code="g">6.,</subfield>
      <subfield code="t">Rondine ale nido</subfield>
      <subfield code="g">7.,</subfield>
      <subfield code="t">Santa Lucia Luntana</subfield>
      <subfield code="g">8.,</subfield>
      <subfield code="t">O sole mio</subfield>
      <subfield code="g">9.,</subfield>
      <subfield code="t">Solo per te, Lucia</subfield>
      <subfield code="g">10.,</subfield>
      <subfield code="t">Blaue Augen</subfield>
      <subfield code="g">11.,</subfield>
      <subfield code="t">Marechiare</subfield>
      <subfield code="g">12.,</subfield>
      <subfield code="t">Core `ngato</subfield>
      <subfield code="g">13.,</subfield>
      <subfield code="t">Santa Lucia</subfield>
    </datafield>
    <datafield tag="700" ind1="1" ind2=" ">
      <subfield code="a">Gigli, Beniamino</subfield>
      <subfield code="d">(1890-1957)</subfield>
      <subfield code="4">előadó</subfield>
    </datafield>
    <datafield tag="852" ind1=" " ind2=" ">
      <subfield code="a">B10</subfield>
      <subfield code="b">2301</subfield>
      <subfield code="x">bibFSZ00439450</subfield>
    </datafield>
  </record>
  <record>
    <leader>00950fam  2200253 ir4500</leader>
    <controlfield tag="001">MOKKAZ0006459077  </controlfield>
    <controlfield tag="005">20040915203635.0</controlfield>
    <controlfield tag="008">030512s2003    hu a     b    000 0 hun d</controlfield>
    <datafield tag="035" ind1=" " ind2=" ">
      <subfield code="a">974303</subfield>
    </datafield>
    <datafield tag="040" ind1=" " ind2=" ">
      <subfield code="a">OSZK</subfield>
    </datafield>
    <datafield tag="041" ind1="0" ind2=" ">
      <subfield code="a">hunhun</subfield>
    </datafield>
    <datafield tag="100" ind1="1" ind2=" ">
      <subfield code="a">Kovács Győző</subfield>
      <subfield code="d">(1933-)</subfield>
    </datafield>
    <datafield tag="245" ind1="1" ind2="0">
      <subfield code="a">100 éve született Neumann János : </subfield>
      <subfield code="b">mérfőldkövek a számítástechnika történetében /</subfield>
      <subfield code="c">írta és a képeket vál. Kovács Győző ; [... a bevezetőt írta Vámos Éva]</subfield>
    </datafield>
    <datafield tag="260" ind1=" " ind2=" ">
      <subfield code="a">Budapest :</subfield>
      <subfield code="b">OMM,</subfield>
      <subfield code="c">2003</subfield>
      <subfield code="e">([Budapest]</subfield>
      <subfield code="f">Grafit Pencil)</subfield>
    </datafield>
    <datafield tag="300" ind1=" " ind2=" ">
      <subfield code="a">95 p. :</subfield>
      <subfield code="b">ill. ;</subfield>
      <subfield code="c">24 cm</subfield>
    </datafield>
    <datafield tag="490" ind1="1" ind2=" ">
      <subfield code="a">Technikatörténeti monográfiák</subfield>
      <subfield code="x">1589-570X</subfield>
      <subfield code="v">1.</subfield>
    </datafield>
    <datafield tag="504" ind1=" " ind2=" ">
      <subfield code="a">Bibliogr.: p. 94-95.</subfield>
    </datafield>
    <datafield tag="650" ind1=" " ind2="4">
      <subfield code="a">Tudósok</subfield>
      <subfield code="z">Magyarország</subfield>
      <subfield code="x">életrajz</subfield>
    </datafield>
    <datafield tag="650" ind1=" " ind2="0">
      <subfield code="a">Scientists</subfield>
      <subfield code="z">Hungary</subfield>
      <subfield code="x">Biography.</subfield>
    </datafield>
    <datafield tag="700" ind1="1" ind2=" ">
      <subfield code="a">Neumann János</subfield>
      <subfield code="d">(1903-1957)</subfield>
    </datafield>
    <datafield tag="700" ind1="1" ind2=" ">
      <subfield code="a">Vámos Éva</subfield>
      <subfield code="d">(1950-)</subfield>
      <subfield code="4">(bev.)</subfield>
    </datafield>
    <datafield tag="830" ind1=" " ind2="0">
      <subfield code="a">Technikatörténeti monográfiák</subfield>
    </datafield>
    <datafield tag="852" ind1=" " ind2=" ">
      <subfield code="a">B1</subfield>
      <subfield code="b">B1</subfield>
      <subfield code="x">974303</subfield>
    </datafield>
    <datafield tag="852" ind1=" " ind2=" ">
      <subfield code="a">D1</subfield>
      <subfield code="b">D1</subfield>
      <subfield code="x">974303</subfield>
    </datafield>
  </record>
  <record>
    <leader>00733nam  2200217 i 4500</leader>
    <controlfield tag="001">MOKKAW0005784503  </controlfield>
    <controlfield tag="005">20080418212351.0</controlfield>
    <controlfield tag="008">030522s2003    hu            000 0 hun d</controlfield>
    <datafield tag="035" ind1=" " ind2=" ">
      <subfield code="a">BMEOMIKK000447885</subfield>
    </datafield>
    <datafield tag="040" ind1=" " ind2=" ">
      <subfield code="a">BMEOMIKK</subfield>
    </datafield>
    <datafield tag="041" ind1="0" ind2=" ">
      <subfield code="a">hun</subfield>
    </datafield>
    <datafield tag="044" ind1=" " ind2=" ">
      <subfield code="a">hu</subfield>
    </datafield>
    <datafield tag="100" ind1="1" ind2=" ">
      <subfield code="a">Kovács Győző</subfield>
    </datafield>
    <datafield tag="245" ind1="1" ind2="0">
      <subfield code="a">100 éve született Neumann János : </subfield>
      <subfield code="b">mérföldkövek a számítástechnika történetében /</subfield>
      <subfield code="c">írta és a képeket vál. Kovács Győző</subfield>
    </datafield>
    <datafield tag="260" ind1=" " ind2=" ">
      <subfield code="a">Budapest :</subfield>
      <subfield code="b">Országos Műszaki Múzeum,</subfield>
      <subfield code="c">2003</subfield>
    </datafield>
    <datafield tag="300" ind1=" " ind2=" ">
      <subfield code="a">95 p. ;</subfield>
      <subfield code="c">24 cm</subfield>
    </datafield>
    <datafield tag="490" ind1="1" ind2=" ">
      <subfield code="a">Technikatörténeti monográfiák</subfield>
      <subfield code="v">1.</subfield>
    </datafield>
    <datafield tag="504" ind1=" " ind2=" ">
      <subfield code="a">Bibliogr.: p. 94-95.</subfield>
    </datafield>
    <datafield tag="600" ind1="1" ind2="4">
      <subfield code="a">Neumann János</subfield>
    </datafield>
    <datafield tag="830" ind1=" " ind2="0">
      <subfield code="a">Technikatörténeti monográfiák</subfield>
    </datafield>
    <datafield tag="852" ind1=" " ind2=" ">
      <subfield code="a">B11</subfield>
      <subfield code="b">B11</subfield>
      <subfield code="x">BMEOMIKK000447885</subfield>
    </datafield>
  </record>
  <record>
    <leader>01836nam  2200541 i 4500</leader>
    <controlfield tag="001">MOKKAS0002087552  </controlfield>
    <controlfield tag="005">20090621112914.0</controlfield>
    <controlfield tag="008">051114s2005    hu abcd  b    00000 hun d</controlfield>
    <datafield tag="020" ind1=" " ind2=" ">
      <subfield code="a">963-446-335-5 (fűzött)</subfield>
    </datafield>
    <datafield tag="035" ind1=" " ind2=" ">
      <subfield code="a">2584433</subfield>
    </datafield>
    <datafield tag="040" ind1=" " ind2=" ">
      <subfield code="a">OSZK</subfield>
    </datafield>
    <datafield tag="041" ind1="0" ind2=" ">
      <subfield code="a">hunhun</subfield>
    </datafield>
    <datafield tag="080" ind1=" " ind2=" ">
      <subfield code="a">911.37(439)</subfield>
    </datafield>
    <datafield tag="080" ind1=" " ind2=" ">
      <subfield code="a">332.14(439)</subfield>
    </datafield>
    <datafield tag="245" ind1="0" ind2="0">
      <subfield code="a">100 éve született Mendöl Tibor : </subfield>
      <subfield code="b">emlékkötet /</subfield>
      <subfield code="c">[szerk. Perczel György, Szabó Szabolcs]</subfield>
    </datafield>
    <datafield tag="260" ind1=" " ind2=" ">
      <subfield code="a">[Budapest] :</subfield>
      <subfield code="b">Trefort,</subfield>
      <subfield code="c">2005</subfield>
    </datafield>
    <datafield tag="300" ind1=" " ind2=" ">
      <subfield code="a">245 p., [4] t. :</subfield>
      <subfield code="b">ill. ;</subfield>
      <subfield code="c">24 cm</subfield>
    </datafield>
    <datafield tag="490" ind1="1" ind2=" ">
      <subfield code="a">Társadalom- és gazdaságföldrajzi tanulmányok</subfield>
      <subfield code="x">1787-4068</subfield>
      <subfield code="v">1.</subfield>
    </datafield>
    <datafield tag="504" ind1=" " ind2=" ">
      <subfield code="a">Bibliogr. a tanulmányok végén</subfield>
    </datafield>
    <datafield tag="650" ind1="1" ind2="7">
      <subfield code="a">társadalomföldrajz</subfield>
      <subfield code="2">oszk</subfield>
    </datafield>
    <datafield tag="650" ind1="1" ind2="7">
      <subfield code="a">gazdaságföldrajz</subfield>
      <subfield code="2">oszk</subfield>
    </datafield>
    <datafield tag="650" ind1=" " ind2="7">
      <subfield code="a">Vidékfejlesztés</subfield>
      <subfield code="x">Magyarország</subfield>
      <subfield code="2">szte</subfield>
    </datafield>
    <datafield tag="650" ind1=" " ind2="7">
      <subfield code="a">Településföldrajz</subfield>
      <subfield code="x">Magyarország</subfield>
      <subfield code="x">tanulmányok</subfield>
      <subfield code="2">szte</subfield>
    </datafield>
    <datafield tag="650" ind1=" " ind2="4">
      <subfield code="a">egyetemi oktatás</subfield>
    </datafield>
    <datafield tag="650" ind1=" " ind2="4">
      <subfield code="a">területfejlesztés</subfield>
    </datafield>
    <datafield tag="650" ind1=" " ind2="4">
      <subfield code="a">városfejlődés</subfield>
    </datafield>
    <datafield tag="650" ind1=" " ind2="4">
      <subfield code="a">gazdaságföldrajz</subfield>
    </datafield>
    <datafield tag="650" ind1=" " ind2="4">
      <subfield code="a">ipartörténet</subfield>
    </datafield>
    <datafield tag="650" ind1=" " ind2="4">
      <subfield code="a">járműipar</subfield>
    </datafield>
    <datafield tag="651" ind1=" " ind2="4">
      <subfield code="a">Magyarország</subfield>
    </datafield>
    <datafield tag="651" ind1=" " ind2="4">
      <subfield code="a">Kelet-Közép-Európa</subfield>
    </datafield>
    <datafield tag="695" ind1=" " ind2=" ">
      <subfield code="a">Településföldrajz</subfield>
    </datafield>
    <datafield tag="695" ind1=" " ind2=" ">
      <subfield code="a">Gazdaságföldrajz</subfield>
    </datafield>
    <datafield tag="695" ind1=" " ind2=" ">
      <subfield code="a">Regionális gazdaság</subfield>
    </datafield>
    <datafield tag="695" ind1=" " ind2=" ">
      <subfield code="a">Területfejlesztés</subfield>
    </datafield>
    <datafield tag="695" ind1=" " ind2=" ">
      <subfield code="a">Vidékfejlesztés</subfield>
      <subfield code="z">Magyarország</subfield>
    </datafield>
    <datafield tag="695" ind1=" " ind2=" ">
      <subfield code="a">Rural development</subfield>
      <subfield code="z">Hungary.</subfield>
    </datafield>
    <datafield tag="695" ind1=" " ind2=" ">
      <subfield code="a">Rural geography</subfield>
      <subfield code="z">Hungary.</subfield>
    </datafield>
    <datafield tag="695" ind1=" " ind2=" ">
      <subfield code="a">Regional development</subfield>
      <subfield code="z">Hungary.</subfield>
    </datafield>
    <datafield tag="700" ind1="1" ind2=" ">
      <subfield code="a">Perczel György</subfield>
      <subfield code="d">(1941-)</subfield>
      <subfield code="4">(szerk.)</subfield>
    </datafield>
    <datafield tag="700" ind1="1" ind2=" ">
      <subfield code="a">Szabó Szabolcs</subfield>
      <subfield code="4">(szerk.)</subfield>
    </datafield>
    <datafield tag="700" ind1="1" ind2=" ">
      <subfield code="a">Mendöl Tibor</subfield>
      <subfield code="d">(1905-1966)</subfield>
    </datafield>
    <datafield tag="830" ind1=" " ind2="0">
      <subfield code="a">Társadalom- és gazdaságföldrajzi tanulmányok</subfield>
    </datafield>
    <datafield tag="852" ind1=" " ind2=" ">
      <subfield code="a">B1</subfield>
      <subfield code="b">B1</subfield>
      <subfield code="x">2584433</subfield>
    </datafield>
    <datafield tag="852" ind1=" " ind2=" ">
      <subfield code="a">B10</subfield>
      <subfield code="b">B10</subfield>
      <subfield code="x">bibFSZ1242493</subfield>
    </datafield>
    <datafield tag="852" ind1=" " ind2=" ">
      <subfield code="a">SZ1</subfield>
      <subfield code="b">SZ1</subfield>
      <subfield code="x">000002584433</subfield>
    </datafield>
    <datafield tag="852" ind1=" " ind2=" ">
      <subfield code="a">B8</subfield>
      <subfield code="b">B8</subfield>
      <subfield code="x">OGYK000111017</subfield>
    </datafield>
    <datafield tag="852" ind1=" " ind2=" ">
      <subfield code="a">P1</subfield>
      <subfield code="b">P1/FF</subfield>
      <subfield code="x">bibPTE00510179</subfield>
    </datafield>
  </record>
  <record>
    <leader>01164nam  2200241 i 4500</leader>
    <controlfield tag="001">MOKKAS0001071661  </controlfield>
    <controlfield tag="005">20051215224547.0</controlfield>
    <controlfield tag="008">050903s1998    hu            00010 hun d</controlfield>
    <datafield tag="020" ind1=" " ind2=" ">
      <subfield code="a">963-48-2506-0</subfield>
    </datafield>
    <datafield tag="035" ind1=" " ind2=" ">
      <subfield code="a">bibBKO00248109</subfield>
    </datafield>
    <datafield tag="040" ind1=" " ind2=" ">
      <subfield code="a">BMK</subfield>
    </datafield>
    <datafield tag="245" ind1="0" ind2="0">
      <subfield code="a">100 éve született Bugyi István professzor, a magyar sebészek zseniális nagymestere /</subfield>
      <subfield code="c">[szerk. Tóth Csaba] ; [fotókat kész. Szélpál István] ; [kiad. Szegedi Tudományegyetem Általános Orvosi Kar, Gyógyszertudományi Kar, Egészségügyi Főiskola Öregdiák Szövetsége]</subfield>
    </datafield>
    <datafield tag="260" ind1=" " ind2=" ">
      <subfield code="a">[Szeged] :</subfield>
      <subfield code="b">Szegedi Tud.egyet. :</subfield>
      <subfield code="b">Egészségügyi Főisk. Öregdiák Szöv.,</subfield>
      <subfield code="c">[1998]</subfield>
    </datafield>
    <datafield tag="300" ind1=" " ind2=" ">
      <subfield code="a">143 p. :</subfield>
      <subfield code="b">ill. ;</subfield>
      <subfield code="c">24 cm</subfield>
    </datafield>
    <datafield tag="650" ind1=" " ind2="4">
      <subfield code="a">Bugyi István (1898-1981)</subfield>
    </datafield>
    <datafield tag="650" ind1=" " ind2="4">
      <subfield code="a">orvosok, magyar - Bugyi I.</subfield>
    </datafield>
    <datafield tag="650" ind1=" " ind2="4">
      <subfield code="a">sebészek ld. orvosok</subfield>
    </datafield>
    <datafield tag="700" ind1="1" ind2=" ">
      <subfield code="a">Tóth Csaba</subfield>
      <subfield code="4">szerk.</subfield>
    </datafield>
    <datafield tag="700" ind1="1" ind2=" ">
      <subfield code="a">Szélpál István</subfield>
      <subfield code="4">fotó</subfield>
    </datafield>
    <datafield tag="700" ind1="2" ind2=" ">
      <subfield code="a">Szegedi Tudományegyetem. Egészségügyi Főiskola Öregdiák Szövetsége</subfield>
      <subfield code="4">közread.</subfield>
    </datafield>
    <datafield tag="710" ind1="2" ind2=" ">
      <subfield code="a">Szegedi Tudományegyetem.</subfield>
      <subfield code="b">Általános Orvosi Kar</subfield>
      <subfield code="4">közread.</subfield>
    </datafield>
    <datafield tag="710" ind1="2" ind2=" ">
      <subfield code="a">Szegedi Tudományegyetem.</subfield>
      <subfield code="b">Gyógyszertudományi Kar</subfield>
      <subfield code="4">közread.</subfield>
    </datafield>
    <datafield tag="852" ind1=" " ind2=" ">
      <subfield code="a">BCS1</subfield>
      <subfield code="b">BCS1</subfield>
      <subfield code="x">bibBKO00248109</subfield>
    </datafield>
  </record>
  <record>
    <leader>00741nam  2200217 i 4500</leader>
    <controlfield tag="001">MOKKAZ0003667786  </controlfield>
    <controlfield tag="005">20080410125604.0</controlfield>
    <controlfield tag="008">010615s19992000hu            00010 hun d</controlfield>
    <datafield tag="020" ind1=" " ind2=" ">
      <subfield code="a">963 48 2506 0</subfield>
    </datafield>
    <datafield tag="035" ind1=" " ind2=" ">
      <subfield code="a">bibKLT00291509</subfield>
    </datafield>
    <datafield tag="040" ind1=" " ind2=" ">
      <subfield code="a">DEENK</subfield>
    </datafield>
    <datafield tag="050" ind1=" " ind2=" ">
      <subfield code="a">RD27.3.H9</subfield>
    </datafield>
    <datafield tag="245" ind1="0" ind2="0">
      <subfield code="a">100 éve született Bugyi István professzor a magyar sebészek zseniális nagymestere /</subfield>
      <subfield code="c">szerk. Tóth Csaba</subfield>
    </datafield>
    <datafield tag="260" ind1=" " ind2=" ">
      <subfield code="a">Szeged :</subfield>
      <subfield code="b">Szegedi Tudományegyetem Altalános Orvosi Kar,</subfield>
      <subfield code="c">[2000]</subfield>
    </datafield>
    <datafield tag="300" ind1=" " ind2=" ">
      <subfield code="a">141 p. :</subfield>
      <subfield code="b">ill. ;</subfield>
      <subfield code="c">24 cm</subfield>
    </datafield>
    <datafield tag="650" ind1=" " ind2="4">
      <subfield code="a">Sebészek</subfield>
      <subfield code="z">Magyarország</subfield>
      <subfield code="x">életrajz</subfield>
    </datafield>
    <datafield tag="650" ind1=" " ind2="0">
      <subfield code="a">Surgeons</subfield>
      <subfield code="z">Hungary</subfield>
      <subfield code="x">Biography.</subfield>
    </datafield>
    <datafield tag="650" ind1=" " ind2="4">
      <subfield code="a">életrajzok</subfield>
      <subfield code="x">sebészek</subfield>
    </datafield>
    <datafield tag="700" ind1="1" ind2=" ">
      <subfield code="a">Tóth Csaba</subfield>
    </datafield>
    <datafield tag="852" ind1=" " ind2=" ">
      <subfield code="a">P1</subfield>
      <subfield code="b">P1</subfield>
      <subfield code="x">bibKLT00291509</subfield>
    </datafield>
    <datafield tag="852" ind1=" " ind2=" ">
      <subfield code="a">D1</subfield>
      <subfield code="b">D2/RO</subfield>
      <subfield code="x">bibKLT00291509</subfield>
    </datafield>
  </record>
  <record>
    <leader>00956cam  2200229 a 4500</leader>
    <controlfield tag="001">MOKKAZ0005387177  </controlfield>
    <controlfield tag="005">20040910175243.0</controlfield>
    <controlfield tag="008">010704c        hu            00010 hun d</controlfield>
    <datafield tag="020" ind1=" " ind2=" ">
      <subfield code="a">963-48-2506-0</subfield>
    </datafield>
    <datafield tag="035" ind1=" " ind2=" ">
      <subfield code="a">36781</subfield>
    </datafield>
    <datafield tag="040" ind1=" " ind2=" ">
      <subfield code="a">SEKK</subfield>
    </datafield>
    <datafield tag="041" ind1="0" ind2=" ">
      <subfield code="a">hun</subfield>
    </datafield>
    <datafield tag="245" ind1="1" ind2="0">
      <subfield code="a">100 éve született Bugyi István professzor :</subfield>
      <subfield code="b">A magyar sebészek zseniális nagymestere /</subfield>
      <subfield code="c">szerk. Tóth Csaba ; [közread. a] Szegedi Tudományegyetem Általános Orvosi Kar, Gyógyszertudományi Kar, Egészségügyi Főiskola Öregdiák Szövetsége</subfield>
    </datafield>
    <datafield tag="260" ind1="0" ind2="0">
      <subfield code="a">Szeged :</subfield>
      <subfield code="b">(Békéscsaba Tevan Nyomda),</subfield>
      <subfield code="c">[2001].</subfield>
    </datafield>
    <datafield tag="300" ind1=" " ind2=" ">
      <subfield code="a">143 p. ;</subfield>
      <subfield code="c">23 cm.</subfield>
    </datafield>
    <datafield tag="650" ind1="1" ind2="4">
      <subfield code="a">History of medicine</subfield>
      <subfield code="x">Surgery</subfield>
    </datafield>
    <datafield tag="650" ind1="1" ind2="4">
      <subfield code="a">Orvostörténet</subfield>
      <subfield code="x">Sebészet</subfield>
    </datafield>
    <datafield tag="700" ind1="1" ind2="0">
      <subfield code="a">Tóth Csaba</subfield>
    </datafield>
    <datafield tag="710" ind1="2" ind2="0">
      <subfield code="a">Szegedi Tudományegyetem.</subfield>
      <subfield code="b">Általános Orvosi Kar</subfield>
    </datafield>
    <datafield tag="710" ind1="2" ind2="0">
      <subfield code="a">Szegedi Tudományegyetem.</subfield>
      <subfield code="b">Gyógyszertudományi Kar</subfield>
    </datafield>
    <datafield tag="710" ind1="2" ind2="0">
      <subfield code="a">Egészségügyi Főiskola [Szeged].</subfield>
      <subfield code="b">Öregdiák Szövetség</subfield>
    </datafield>
    <datafield tag="852" ind1=" " ind2=" ">
      <subfield code="a">B13</subfield>
      <subfield code="b">B13</subfield>
      <subfield code="x">36781</subfield>
    </datafield>
  </record>
  <record>
    <leader>01464fam  2200325 i 4500</leader>
    <controlfield tag="001">MOKKAZ0006404862  </controlfield>
    <controlfield tag="005">20090505175004.0</controlfield>
    <controlfield tag="008">010426s2001    hu a     b    000 0dhun d</controlfield>
    <datafield tag="020" ind1=" " ind2=" ">
      <subfield code="a">963-482-506-0 (fűzött)</subfield>
    </datafield>
    <datafield tag="035" ind1=" " ind2=" ">
      <subfield code="a">803263</subfield>
    </datafield>
    <datafield tag="040" ind1=" " ind2=" ">
      <subfield code="a">OSZK</subfield>
    </datafield>
    <datafield tag="041" ind1="0" ind2=" ">
      <subfield code="a">hunhun</subfield>
    </datafield>
    <datafield tag="245" ind1="0" ind2="0">
      <subfield code="a">100 éve született Bugyi István professzor, a magyar sebészek zseniális nagymestere /</subfield>
      <subfield code="c">[szerk. Tóth Csaba] ; [kiad. Szegedi Tudományegyetem Általános Orvosi Kar, Gyógyszertudományi Kar, Egészségügyi Főiskola Öregdiák Szövetsége]</subfield>
    </datafield>
    <datafield tag="260" ind1=" " ind2=" ">
      <subfield code="a">[Szeged] :</subfield>
      <subfield code="b">SzTE ÁOK, GyTK, Eü. Főisk. Öregdiák Szövets.,</subfield>
      <subfield code="c">[2001]</subfield>
      <subfield code="e">(Békéscsaba</subfield>
      <subfield code="f">Tevan Gimn. és Nyip.  Szakközépisk.)</subfield>
    </datafield>
    <datafield tag="300" ind1=" " ind2=" ">
      <subfield code="a">143 p. :</subfield>
      <subfield code="b">ill. ;</subfield>
      <subfield code="c">24 cm</subfield>
    </datafield>
    <datafield tag="500" ind1=" " ind2=" ">
      <subfield code="a">Példányszám: 500</subfield>
    </datafield>
    <datafield tag="504" ind1=" " ind2=" ">
      <subfield code="a">Bibliogr.: p. 121-126. és a tanulmányok végén</subfield>
    </datafield>
    <datafield tag="600" ind1="1" ind2="4">
      <subfield code="a">Bugyi István</subfield>
      <subfield code="d">(1898-1981)</subfield>
    </datafield>
    <datafield tag="650" ind1="2" ind2="2">
      <subfield code="a">History of Medicine, 20th Cent</subfield>
    </datafield>
    <datafield tag="650" ind1="2" ind2="2">
      <subfield code="a">Surgery</subfield>
      <subfield code="x">History</subfield>
    </datafield>
    <datafield tag="650" ind1="2" ind2="2">
      <subfield code="a">Hungary</subfield>
    </datafield>
    <datafield tag="650" ind1=" " ind2="2">
      <subfield code="a">History of Medicine, 20th Cent</subfield>
    </datafield>
    <datafield tag="650" ind1=" " ind2="2">
      <subfield code="a">Surgery</subfield>
      <subfield code="x">history</subfield>
      <subfield code="z">Hungary</subfield>
    </datafield>
    <datafield tag="650" ind1=" " ind2="2">
      <subfield code="a">Physicians</subfield>
      <subfield code="x">history</subfield>
      <subfield code="z">Hungary</subfield>
    </datafield>
    <datafield tag="650" ind1=" " ind2="4">
      <subfield code="a">Sebészek</subfield>
      <subfield code="z">Magyarország</subfield>
      <subfield code="x">életrajz</subfield>
    </datafield>
    <datafield tag="650" ind1=" " ind2="0">
      <subfield code="a">Surgeons</subfield>
      <subfield code="z">Hungary</subfield>
      <subfield code="x">Biography.</subfield>
    </datafield>
    <datafield tag="700" ind1="1" ind2=" ">
      <subfield code="a">Tóth Csaba</subfield>
      <subfield code="d">(1940-)</subfield>
      <subfield code="4">(szerk.)</subfield>
    </datafield>
    <datafield tag="710" ind1="2" ind2=" ">
      <subfield code="a">Szegedi Tudományegyetem Általános Orvostudományi Kar, Gyógyszerésztudományi Kar, Egészségügyi Főiskolai Kar Öregdiák Szövetsége</subfield>
      <subfield code="4">közread.</subfield>
    </datafield>
    <datafield tag="852" ind1=" " ind2=" ">
      <subfield code="a">B1</subfield>
      <subfield code="b">B1</subfield>
      <subfield code="x">803263</subfield>
    </datafield>
    <datafield tag="852" ind1=" " ind2=" ">
      <subfield code="a">D1</subfield>
      <subfield code="b">D2/48</subfield>
      <subfield code="b">D2/PO</subfield>
      <subfield code="x">803263</subfield>
    </datafield>
  </record>
  <record>
    <leader>00894nam  2200265 i 4500</leader>
    <controlfield tag="001">MOKKAZ0006465025  </controlfield>
    <controlfield tag="005">20040915203945.0</controlfield>
    <controlfield tag="008">031017s2003    hu ar         000 0 hun d</controlfield>
    <datafield tag="020" ind1=" " ind2=" ">
      <subfield code="a">(fűzött) :</subfield>
      <subfield code="c">500,- Ft</subfield>
    </datafield>
    <datafield tag="035" ind1=" " ind2=" ">
      <subfield code="a">1043120</subfield>
    </datafield>
    <datafield tag="040" ind1=" " ind2=" ">
      <subfield code="a">OSZK</subfield>
    </datafield>
    <datafield tag="041" ind1="0" ind2=" ">
      <subfield code="a">hunhun</subfield>
    </datafield>
    <datafield tag="072" ind1=" " ind2="1">
      <subfield code="a">H</subfield>
    </datafield>
    <datafield tag="245" ind1="0" ind2="0">
      <subfield code="a">100 év : </subfield>
      <subfield code="b">a Piliscsabai Általános Iskola évkönyve /</subfield>
      <subfield code="c">... szerk. Félegyházi Endre.</subfield>
    </datafield>
    <datafield tag="260" ind1=" " ind2=" ">
      <subfield code="a">Piliscsaba :</subfield>
      <subfield code="b">Jókai Mór Ált. Isk.,</subfield>
      <subfield code="c">[2003]</subfield>
      <subfield code="e">(Tatabánya</subfield>
      <subfield code="f">Repro-Druck)</subfield>
    </datafield>
    <datafield tag="300" ind1=" " ind2=" ">
      <subfield code="a">136 p. :</subfield>
      <subfield code="b">ill., részben színes ;</subfield>
      <subfield code="c">24 cm</subfield>
    </datafield>
    <datafield tag="610" ind1="2" ind2="4">
      <subfield code="a">Jókai Mór Általános Iskola (Piliscsaba)</subfield>
    </datafield>
    <datafield tag="650" ind1=" " ind2="7">
      <subfield code="a">Általános iskola</subfield>
      <subfield code="x">Piliscsaba</subfield>
      <subfield code="x">évkönyv</subfield>
      <subfield code="2">szte</subfield>
    </datafield>
    <datafield tag="650" ind1=" " ind2="4">
      <subfield code="a">általános iskolák</subfield>
    </datafield>
    <datafield tag="650" ind1=" " ind2="4">
      <subfield code="a">iskolatörténet</subfield>
    </datafield>
    <datafield tag="650" ind1=" " ind2="4">
      <subfield code="a">évkönyvek</subfield>
    </datafield>
    <datafield tag="700" ind1="1" ind2=" ">
      <subfield code="a">Félegyházi Endre</subfield>
      <subfield code="4">(szerk.)</subfield>
    </datafield>
    <datafield tag="852" ind1=" " ind2=" ">
      <subfield code="a">B1</subfield>
      <subfield code="b">B1</subfield>
      <subfield code="x">1043120</subfield>
    </datafield>
    <datafield tag="852" ind1=" " ind2=" ">
      <subfield code="a">SZ4</subfield>
      <subfield code="b">SZ4</subfield>
      <subfield code="x">bibSOK366589</subfield>
    </datafield>
    <datafield tag="852" ind1=" " ind2=" ">
      <subfield code="a">M2</subfield>
      <subfield code="b">M2</subfield>
      <subfield code="x">bibRFK00155757</subfield>
    </datafield>
  </record>
  <record>
    <leader>01674fam  2200445 i 4500</leader>
    <controlfield tag="001">MOKKAZ0003643864  </controlfield>
    <controlfield tag="005">20091223131800.0</controlfield>
    <controlfield tag="008">991027c19991999hu a     b    00010 hun d</controlfield>
    <datafield tag="020" ind1=" " ind2=" ">
      <subfield code="a">963-7164-11-1 (kötött) :</subfield>
      <subfield code="c">2000,-Ft</subfield>
    </datafield>
    <datafield tag="035" ind1=" " ind2=" ">
      <subfield code="a">bibMKF00036323</subfield>
    </datafield>
    <datafield tag="040" ind1=" " ind2=" ">
      <subfield code="a">DEENK</subfield>
    </datafield>
    <datafield tag="041" ind1=" " ind2=" ">
      <subfield code="a">huneng</subfield>
    </datafield>
    <datafield tag="100" ind1="1" ind2=" ">
      <subfield code="a">Ernyey Gyula</subfield>
      <subfield code="d">(1941-)</subfield>
    </datafield>
    <datafield tag="245" ind1="1" ind2="0">
      <subfield code="a">100 év formatan =</subfield>
      <subfield code="b">100 years of formstudies : forma a természetben, a tervezésben és a művészetben : a formatan oktatásának története a Magyar Iparművészeti Főiskolán /</subfield>
      <subfield code="c">szerzők Ernyei Gyula [et al.] ; [ford. Kiss István] ; [kiad. a Magyar Iparművészeti Főiskola]</subfield>
    </datafield>
    <datafield tag="260" ind1=" " ind2=" ">
      <subfield code="a">Budapest :</subfield>
      <subfield code="b">Magyar Iparművészeti Főiskola,</subfield>
      <subfield code="c">cop. 1999</subfield>
    </datafield>
    <datafield tag="300" ind1=" " ind2=" ">
      <subfield code="a">108 p. :</subfield>
      <subfield code="b">ill., főként színes ;</subfield>
      <subfield code="c">25x23 cm</subfield>
    </datafield>
    <datafield tag="504" ind1=" " ind2=" ">
      <subfield code="a">Bibliogr.: p. 107.</subfield>
    </datafield>
    <datafield tag="546" ind1=" " ind2=" ">
      <subfield code="a">Magyar és angol nyelven</subfield>
    </datafield>
    <datafield tag="650" ind1=" " ind2="4">
      <subfield code="a">Forma (esztétika)</subfield>
    </datafield>
    <datafield tag="650" ind1=" " ind2="0">
      <subfield code="a">Form (Aesthetics).</subfield>
    </datafield>
    <datafield tag="650" ind1=" " ind2="7">
      <subfield code="a">Formatervezés</subfield>
      <subfield code="x">művészeti</subfield>
      <subfield code="2">szte</subfield>
    </datafield>
    <datafield tag="650" ind1=" " ind2="7">
      <subfield code="a">Iparművészet</subfield>
      <subfield code="x">magyar</subfield>
      <subfield code="y">20. sz.</subfield>
      <subfield code="2">szte</subfield>
    </datafield>
    <datafield tag="650" ind1=" " ind2="7">
      <subfield code="a">iparművészet</subfield>
      <subfield code="x">design</subfield>
      <subfield code="x">oktatás</subfield>
      <subfield code="y">20. század</subfield>
      <subfield code="2">szte</subfield>
    </datafield>
    <datafield tag="650" ind1=" " ind2="4">
      <subfield code="a">Formatervezés</subfield>
    </datafield>
    <datafield tag="650" ind1=" " ind2="4">
      <subfield code="a">Formatan</subfield>
    </datafield>
    <datafield tag="650" ind1=" " ind2="4">
      <subfield code="a">Történet 20. sz.</subfield>
    </datafield>
    <datafield tag="650" ind1=" " ind2="4">
      <subfield code="a">Magyar Iparművészeti Főiskola</subfield>
    </datafield>
    <datafield tag="650" ind1=" " ind2="4">
      <subfield code="a">magyar</subfield>
    </datafield>
    <datafield tag="650" ind1=" " ind2="4">
      <subfield code="a">iparművészet</subfield>
    </datafield>
    <datafield tag="650" ind1=" " ind2="4">
      <subfield code="a">története</subfield>
    </datafield>
    <datafield tag="650" ind1=" " ind2="4">
      <subfield code="a">20. század</subfield>
    </datafield>
    <datafield tag="651" ind1=" " ind2="4">
      <subfield code="a">Magyarország</subfield>
    </datafield>
    <datafield tag="700" ind1="1" ind2=" ">
      <subfield code="a">Kiss István</subfield>
    </datafield>
    <datafield tag="710" ind1="2" ind2=" ">
      <subfield code="a">Magyar Iparművészeti Főiskola (Budapest)</subfield>
    </datafield>
    <datafield tag="852" ind1=" " ind2=" ">
      <subfield code="a">D1</subfield>
      <subfield code="b">D1</subfield>
      <subfield code="x">bibMKF00036323</subfield>
    </datafield>
    <datafield tag="852" ind1=" " ind2=" ">
      <subfield code="a">P1</subfield>
      <subfield code="B">P1</subfield>
      <subfield code="b">P1/M</subfield>
      <subfield code="x">bibMKF00036323</subfield>
    </datafield>
    <datafield tag="852" ind1=" " ind2=" ">
      <subfield code="a">SZ1</subfield>
      <subfield code="b">SZ1</subfield>
      <subfield code="x">bibMKF00036323</subfield>
    </datafield>
    <datafield tag="852" ind1=" " ind2=" ">
      <subfield code="a">B646</subfield>
      <subfield code="b">B646</subfield>
      <subfield code="x">bibMIF00018358</subfield>
    </datafield>
    <datafield tag="852" ind1=" " ind2=" ">
      <subfield code="a">SZL1</subfield>
      <subfield code="b">SZL1</subfield>
      <subfield code="x">bibVFK00227738</subfield>
    </datafield>
    <datafield tag="852" ind1=" " ind2=" ">
      <subfield code="a">B653</subfield>
      <subfield code="x">bibMKF00036323</subfield>
    </datafield>
  </record>
  <record>
    <leader>01202fam  2200277 i 4500</leader>
    <controlfield tag="001">MOKKAZ0006397493  </controlfield>
    <controlfield tag="005">20040915200450.0</controlfield>
    <controlfield tag="008">001113t19991999hu a     b    000 0dhun d</controlfield>
    <datafield tag="020" ind1=" " ind2=" ">
      <subfield code="a">963-7164-11-1 (kötött)</subfield>
    </datafield>
    <datafield tag="035" ind1=" " ind2=" ">
      <subfield code="a">455873</subfield>
    </datafield>
    <datafield tag="040" ind1=" " ind2=" ">
      <subfield code="a">OSZK</subfield>
    </datafield>
    <datafield tag="041" ind1="1" ind2=" ">
      <subfield code="a">hunenghuneng</subfield>
      <subfield code="h">hun</subfield>
    </datafield>
    <datafield tag="245" ind1="0" ind2="0">
      <subfield code="a">100 év formatan : </subfield>
      <subfield code="b">forma a természetben, a tervezésben és a művészetben : a formatan oktatásának története a Magyar Iparművészeti Főiskolán /</subfield>
      <subfield code="c">koncepció Scherer József ; szerzők Ernyey Gyula [et al.] ; [kiad. Magyar Iparművészeti Főiskola].</subfield>
    </datafield>
    <datafield tag="246" ind1="1" ind2="1">
      <subfield code="a">100 years of formstudies</subfield>
    </datafield>
    <datafield tag="260" ind1=" " ind2=" ">
      <subfield code="a">Budapest :</subfield>
      <subfield code="b">M. Iparműv. Főisk.,</subfield>
      <subfield code="c">cop. 1999</subfield>
      <subfield code="e">([Budapest]</subfield>
      <subfield code="f">Kossuth)</subfield>
    </datafield>
    <datafield tag="300" ind1=" " ind2=" ">
      <subfield code="a">108 p. :</subfield>
      <subfield code="b">ill. ;</subfield>
      <subfield code="c">23x25 cm</subfield>
    </datafield>
    <datafield tag="500" ind1=" " ind2=" ">
      <subfield code="a">Ford. Kiss István</subfield>
    </datafield>
    <datafield tag="504" ind1=" " ind2=" ">
      <subfield code="a">Bibliogr.: p. 107.</subfield>
    </datafield>
    <datafield tag="650" ind1="0" ind2="4">
      <subfield code="a">iparművészet</subfield>
      <subfield code="x">felsőoktatás</subfield>
      <subfield code="x">művészettörténet</subfield>
      <subfield code="x">motívumtörténet</subfield>
      <subfield code="z">Magyarország</subfield>
      <subfield code="y">20. század</subfield>
    </datafield>
    <datafield tag="650" ind1="0" ind2="4">
      <subfield code="a">életrajz</subfield>
    </datafield>
    <datafield tag="700" ind1="1" ind2=" ">
      <subfield code="a">Kiss István</subfield>
      <subfield code="4">(ford.)</subfield>
    </datafield>
    <datafield tag="700" ind1="1" ind2=" ">
      <subfield code="a">Scherer József</subfield>
      <subfield code="d">(1947-)</subfield>
      <subfield code="4">(szerk.)</subfield>
    </datafield>
    <datafield tag="700" ind1="1" ind2=" ">
      <subfield code="a">Ernyey Gyula</subfield>
      <subfield code="d">(1941-)</subfield>
      <subfield code="4">(közrem.)</subfield>
    </datafield>
    <datafield tag="710" ind1="2" ind2=" ">
      <subfield code="a">Magyar Iparművészeti Főiskola (Budapest)</subfield>
      <subfield code="4">közread.</subfield>
    </datafield>
    <datafield tag="852" ind1=" " ind2=" ">
      <subfield code="a">B1</subfield>
      <subfield code="b">B1</subfield>
      <subfield code="x">455873</subfield>
    </datafield>
    <datafield tag="852" ind1=" " ind2=" ">
      <subfield code="a">B11</subfield>
      <subfield code="b">B11</subfield>
      <subfield code="x">BMEOMIKK000438150</subfield>
    </datafield>
  </record>
  <record>
    <leader>01258nam  2200277   4500</leader>
    <controlfield tag="001">MOKKAZ0004682003  </controlfield>
    <controlfield tag="005">20040910092318.0</controlfield>
    <controlfield tag="008">991027s1999                        hun d</controlfield>
    <datafield tag="020" ind1=" " ind2=" ">
      <subfield code="a">963-7164-11-1 (kötött)</subfield>
    </datafield>
    <datafield tag="035" ind1=" " ind2=" ">
      <subfield code="a">bibFSZ679546</subfield>
    </datafield>
    <datafield tag="040" ind1=" " ind2=" ">
      <subfield code="a">FSZEK</subfield>
    </datafield>
    <datafield tag="041" ind1=" " ind2=" ">
      <subfield code="a">hun</subfield>
      <subfield code="b">eng</subfield>
    </datafield>
    <datafield tag="245" ind1="0" ind2="0">
      <subfield code="a">100 év formatan :</subfield>
      <subfield code="b">forma a természetben, a tervezésben és a művészetben : a formatan oktatásának története a Magyar Iparművészeti Főiskolán = 100 years of formstudies /</subfield>
      <subfield code="c">szerzők: Ernyei Gyula [et al.] ; koncepció: Scherer József ; ford. Kiss István] ; [kiad.: Magyar Iparművészeti Főiskola]</subfield>
    </datafield>
    <datafield tag="246" ind1=" " ind2="1">
      <subfield code="a">100 years of formstudies</subfield>
    </datafield>
    <datafield tag="260" ind1=" " ind2=" ">
      <subfield code="a">Budapest :</subfield>
      <subfield code="b">M. Iparművészeti Főiskola,</subfield>
      <subfield code="c">cop. 1999</subfield>
    </datafield>
    <datafield tag="300" ind1=" " ind2=" ">
      <subfield code="a">108 p. :</subfield>
      <subfield code="b">ill. ;</subfield>
      <subfield code="c">23x24 cm</subfield>
    </datafield>
    <datafield tag="504" ind1=" " ind2=" ">
      <subfield code="a">Bibliogr.: p. 107.</subfield>
    </datafield>
    <datafield tag="546" ind1=" " ind2=" ">
      <subfield code="a">Angol kiv.</subfield>
    </datafield>
    <datafield tag="546" ind1=" " ind2=" ">
      <subfield code="a">Csak magyar nyelven</subfield>
    </datafield>
    <datafield tag="680" ind1=" " ind2="0">
      <subfield code="a">történeti tárgyalásmód</subfield>
      <subfield code="a">harmónia, arány, forma / művészetelmélet</subfield>
    </datafield>
    <datafield tag="680" ind1=" " ind2="0">
      <subfield code="a">gyártmánytervezés, formatervezés</subfield>
      <subfield code="a">formatervezés, gyártmánytervezés</subfield>
    </datafield>
    <datafield tag="700" ind1="1" ind2=" ">
      <subfield code="a">Scherer József</subfield>
      <subfield code="4">szerk.</subfield>
    </datafield>
    <datafield tag="700" ind1="1" ind2=" ">
      <subfield code="a">Ernyey Gyula</subfield>
      <subfield code="d">(1941-)</subfield>
      <subfield code="4">közrem.</subfield>
    </datafield>
    <datafield tag="710" ind1="2" ind2=" ">
      <subfield code="a">Magyar Iparművészeti Egyetem (Budapest)</subfield>
      <subfield code="4">közread.</subfield>
    </datafield>
    <datafield tag="852" ind1=" " ind2=" ">
      <subfield code="a">B10</subfield>
      <subfield code="b">0801</subfield>
      <subfield code="x">bibFSZ679546</subfield>
    </datafield>
    <datafield tag="852" ind1=" " ind2=" ">
      <subfield code="a">B11</subfield>
      <subfield code="b">B11</subfield>
      <subfield code="x">BMEOMIKK000438150</subfield>
    </datafield>
  </record>
  <record>
    <leader>01078fam  2200349 i 4500</leader>
    <controlfield tag="001">MOKKAZ0006403458  </controlfield>
    <controlfield tag="005">20040915200752.0</controlfield>
    <controlfield tag="008">010321s2000    hu ar         000 0 hun d</controlfield>
    <datafield tag="020" ind1=" " ind2=" ">
      <subfield code="a">963-00-4864-7 (kötött) :</subfield>
      <subfield code="c">4800,-Ft</subfield>
    </datafield>
    <datafield tag="035" ind1=" " ind2=" ">
      <subfield code="a">801338</subfield>
    </datafield>
    <datafield tag="040" ind1=" " ind2=" ">
      <subfield code="a">OSZK</subfield>
    </datafield>
    <datafield tag="041" ind1="0" ind2=" ">
      <subfield code="a">hunhun</subfield>
    </datafield>
    <datafield tag="100" ind1="1" ind2=" ">
      <subfield code="a">Bocsák Miklós</subfield>
      <subfield code="d">(1947-)</subfield>
    </datafield>
    <datafield tag="245" ind1="1" ind2="0">
      <subfield code="a">100 év futball /</subfield>
      <subfield code="c">Bocsák Miklós, Imre Mátyás</subfield>
    </datafield>
    <datafield tag="260" ind1=" " ind2=" ">
      <subfield code="a">[Budapest] :</subfield>
      <subfield code="b">Miksport BT,</subfield>
      <subfield code="c">2000</subfield>
      <subfield code="e">(Győr</subfield>
      <subfield code="f">Széchenyi)</subfield>
    </datafield>
    <datafield tag="300" ind1=" " ind2=" ">
      <subfield code="a">315 p. :</subfield>
      <subfield code="b">ill., részben színes ;</subfield>
      <subfield code="c">29 cm</subfield>
    </datafield>
    <datafield tag="650" ind1=" " ind2="4">
      <subfield code="a">Labdarúgás</subfield>
      <subfield code="x">történet</subfield>
    </datafield>
    <datafield tag="650" ind1=" " ind2="0">
      <subfield code="a">Football</subfield>
      <subfield code="x">History.</subfield>
    </datafield>
    <datafield tag="650" ind1=" " ind2="7">
      <subfield code="a">Labdarúgás története</subfield>
      <subfield code="x">adattár</subfield>
      <subfield code="2">szte</subfield>
    </datafield>
    <datafield tag="650" ind1=" " ind2="4">
      <subfield code="a">Futball</subfield>
    </datafield>
    <datafield tag="650" ind1=" " ind2="4">
      <subfield code="a">Labdarúgás</subfield>
    </datafield>
    <datafield tag="650" ind1=" " ind2="4">
      <subfield code="a">Történet</subfield>
    </datafield>
    <datafield tag="650" ind1=" " ind2="7">
      <subfield code="a">Labdarúgás</subfield>
      <subfield code="2">szte</subfield>
    </datafield>
    <datafield tag="650" ind1=" " ind2="4">
      <subfield code="a">labdarúgás története</subfield>
    </datafield>
    <datafield tag="650" ind1=" " ind2="4">
      <subfield code="a">labdarúgó</subfield>
    </datafield>
    <datafield tag="700" ind1="1" ind2="0">
      <subfield code="a">Imre Mátyás</subfield>
      <subfield code="d">(1957-)</subfield>
    </datafield>
    <datafield tag="852" ind1=" " ind2=" ">
      <subfield code="a">B1</subfield>
      <subfield code="b">B1</subfield>
      <subfield code="x">801338</subfield>
    </datafield>
    <datafield tag="852" ind1=" " ind2=" ">
      <subfield code="a">D1</subfield>
      <subfield code="b">D1</subfield>
      <subfield code="x">bibKLT00283920</subfield>
    </datafield>
    <datafield tag="852" ind1=" " ind2=" ">
      <subfield code="a">SZ1</subfield>
      <subfield code="b">SZ1</subfield>
      <subfield code="x">bibKLT00283920</subfield>
    </datafield>
    <datafield tag="852" ind1=" " ind2=" ">
      <subfield code="a">SZL1</subfield>
      <subfield code="b">SZL1</subfield>
      <subfield code="x">bibVFK00224944</subfield>
    </datafield>
    <datafield tag="852" ind1=" " ind2=" ">
      <subfield code="a">SZ4</subfield>
      <subfield code="b">SZ4</subfield>
      <subfield code="x">bibKLT00283920</subfield>
    </datafield>
    <datafield tag="852" ind1=" " ind2=" ">
      <subfield code="a">GY1</subfield>
      <subfield code="b">GY1</subfield>
      <subfield code="x">501794</subfield>
    </datafield>
  </record>
  <record>
    <leader>01241fam  2200349 i 4500</leader>
    <controlfield tag="001">MOKKAZ0006445940  </controlfield>
    <controlfield tag="005">20090618140030.0</controlfield>
    <controlfield tag="008">020628s2002    hu a          000 0 hun d</controlfield>
    <datafield tag="020" ind1=" " ind2=" ">
      <subfield code="a">963-00-9899-7 (fűzött)</subfield>
    </datafield>
    <datafield tag="035" ind1=" " ind2=" ">
      <subfield code="a">926594</subfield>
    </datafield>
    <datafield tag="040" ind1=" " ind2=" ">
      <subfield code="a">OSZK</subfield>
    </datafield>
    <datafield tag="041" ind1="0" ind2=" ">
      <subfield code="a">hunhun</subfield>
    </datafield>
    <datafield tag="100" ind1="1" ind2=" ">
      <subfield code="a">Lévay Zsolt</subfield>
    </datafield>
    <datafield tag="245" ind1="1" ind2="0">
      <subfield code="a">100 év - 100 kép az Árpád Gimnázium történetéből /</subfield>
      <subfield code="c">írta és szerk. Lévay Zsolt ; [100 év tanárainak teljes listáját összeáll. Száva Gézáné] ; [közread. az] "Árpád Gimnázium" Alapítvány.</subfield>
    </datafield>
    <datafield tag="260" ind1=" " ind2=" ">
      <subfield code="a">Budapest :</subfield>
      <subfield code="b">"Árpád Gimnázium" Alapítvány,</subfield>
      <subfield code="c">2002</subfield>
      <subfield code="e">([Budapest]</subfield>
      <subfield code="f">Codex Print)</subfield>
    </datafield>
    <datafield tag="300" ind1=" " ind2=" ">
      <subfield code="a">547 p. :</subfield>
      <subfield code="b">ill. ;</subfield>
      <subfield code="c">24 cm</subfield>
    </datafield>
    <datafield tag="610" ind1="2" ind2="4">
      <subfield code="a">Árpád Gimnázium (Budapest)</subfield>
    </datafield>
    <datafield tag="650" ind1=" " ind2="7">
      <subfield code="a">évkönyvek</subfield>
      <subfield code="2">szte</subfield>
    </datafield>
    <datafield tag="650" ind1=" " ind2="7">
      <subfield code="a">Gimnázium</subfield>
      <subfield code="x">Budapest</subfield>
      <subfield code="2">szte</subfield>
    </datafield>
    <datafield tag="650" ind1=" " ind2="4">
      <subfield code="a">iskolatörténet</subfield>
    </datafield>
    <datafield tag="650" ind1=" " ind2="4">
      <subfield code="a">középiskolák</subfield>
    </datafield>
    <datafield tag="650" ind1=" " ind2="4">
      <subfield code="a">helytörténet</subfield>
    </datafield>
    <datafield tag="650" ind1=" " ind2="4">
      <subfield code="a">20. század</subfield>
    </datafield>
    <datafield tag="650" ind1=" " ind2="4">
      <subfield code="a">évkönyvek</subfield>
    </datafield>
    <datafield tag="651" ind1=" " ind2="4">
      <subfield code="a">Óbuda</subfield>
    </datafield>
    <datafield tag="651" ind1=" " ind2="4">
      <subfield code="a">Budapest.</subfield>
      <subfield code="b">III. kerület</subfield>
    </datafield>
    <datafield tag="700" ind1="1" ind2=" ">
      <subfield code="a">Száva Gézáné</subfield>
      <subfield code="4">(összeáll.)</subfield>
    </datafield>
    <datafield tag="710" ind1="2" ind2=" ">
      <subfield code="a">"Árpád Gimnázium" Alapítvány</subfield>
      <subfield code="4">közread.</subfield>
    </datafield>
    <datafield tag="852" ind1=" " ind2=" ">
      <subfield code="a">B1</subfield>
      <subfield code="b">B1</subfield>
      <subfield code="x">926594</subfield>
    </datafield>
    <datafield tag="852" ind1=" " ind2=" ">
      <subfield code="a">B10</subfield>
      <subfield code="b">0307</subfield>
      <subfield code="x">bibFSZ799661</subfield>
    </datafield>
    <datafield tag="852" ind1=" " ind2=" ">
      <subfield code="a">SZ4</subfield>
      <subfield code="b">SZ4/R2</subfield>
      <subfield code="x">bibFSZ799661</subfield>
    </datafield>
    <datafield tag="852" ind1=" " ind2=" ">
      <subfield code="a">B8</subfield>
      <subfield code="b">B8</subfield>
      <subfield code="x">OGYK000073378</subfield>
    </datafield>
  </record>
  <record>
    <leader>00585nama 22001691i 4500</leader>
    <controlfield tag="001">MOKKAS0000714581  </controlfield>
    <controlfield tag="005">20060616214849.0</controlfield>
    <controlfield tag="008">041105s1983    us            000 0 hunod</controlfield>
    <datafield tag="035" ind1=" " ind2=" ">
      <subfield code="a">1473593</subfield>
    </datafield>
    <datafield tag="040" ind1=" " ind2=" ">
      <subfield code="a">OSZK</subfield>
    </datafield>
    <datafield tag="041" ind1="0" ind2=" ">
      <subfield code="a">hunhun</subfield>
    </datafield>
    <datafield tag="100" ind1="2" ind2=" ">
      <subfield code="a">Gyimesi Kásás Ernő</subfield>
    </datafield>
    <datafield tag="245" ind1="1" ind2="0">
      <subfield code="a">100 év magyar művészei egy festő életrajzában 1880-1980 /</subfield>
      <subfield code="c">Ernő Gyimesy Kásás ; [bev. Szathmáry Lajos]</subfield>
    </datafield>
    <datafield tag="260" ind1=" " ind2=" ">
      <subfield code="a">New York :</subfield>
      <subfield code="b">Külföldi Magyar Képzőművészek Világszövetsége,</subfield>
      <subfield code="c">1983</subfield>
    </datafield>
    <datafield tag="300" ind1=" " ind2=" ">
      <subfield code="a">111 p., 38 t., [11] p. ;</subfield>
      <subfield code="c">28 cm</subfield>
    </datafield>
    <datafield tag="700" ind1="1" ind2=" ">
      <subfield code="a">Szathmáry Lajos</subfield>
      <subfield code="4">(bev.)</subfield>
    </datafield>
    <datafield tag="852" ind1=" " ind2=" ">
      <subfield code="a">B1</subfield>
      <subfield code="b">B1</subfield>
      <subfield code="x">1473593</subfield>
    </datafield>
  </record>
  <record>
    <leader>00606nam  2200193 i 4500</leader>
    <controlfield tag="001">MOKKAZ0006335719  </controlfield>
    <controlfield tag="005">20040915193101.0</controlfield>
    <controlfield tag="008">960216s1995    hu ro         000 0 hun d</controlfield>
    <datafield tag="020" ind1=" " ind2=" ">
      <subfield code="a">963-7778-08-X (fűzött)</subfield>
    </datafield>
    <datafield tag="035" ind1=" " ind2=" ">
      <subfield code="a">170407</subfield>
    </datafield>
    <datafield tag="040" ind1=" " ind2=" ">
      <subfield code="a">OSZK</subfield>
    </datafield>
    <datafield tag="041" ind1="0" ind2=" ">
      <subfield code="a">hunhun</subfield>
    </datafield>
    <datafield tag="072" ind1=" " ind2="1">
      <subfield code="a">Z</subfield>
    </datafield>
    <datafield tag="245" ind1="0" ind2="0">
      <subfield code="a">100 év : </subfield>
      <subfield code="b">Magyar Olimpiai Bizottság</subfield>
    </datafield>
    <datafield tag="260" ind1=" " ind2=" ">
      <subfield code="a">[Budapest] :</subfield>
      <subfield code="b">MOB,</subfield>
      <subfield code="c">[1995]</subfield>
      <subfield code="e">([Kecskemét]</subfield>
      <subfield code="f">Petőfi Ny.- és Csomagolóanyag-ip. Rt.)</subfield>
    </datafield>
    <datafield tag="300" ind1=" " ind2=" ">
      <subfield code="a">24 p. :</subfield>
      <subfield code="b">ill., főként színes ;</subfield>
      <subfield code="c">35 cm</subfield>
    </datafield>
    <datafield tag="610" ind1="2" ind2="4">
      <subfield code="a">Magyar Olimpiai Bizottság</subfield>
    </datafield>
    <datafield tag="710" ind1="2" ind2=" ">
      <subfield code="a">Magyar Olimpiai Bizottság</subfield>
      <subfield code="4">közread.</subfield>
    </datafield>
    <datafield tag="852" ind1=" " ind2=" ">
      <subfield code="a">B1</subfield>
      <subfield code="b">B1</subfield>
      <subfield code="x">170407</subfield>
    </datafield>
  </record>
  <record>
    <leader>00766cam  2200217   4500</leader>
    <controlfield tag="001">MOKKAZ0004640867  </controlfield>
    <controlfield tag="005">20100112102324.0</controlfield>
    <controlfield tag="008">      s1986    hu     f            hun d</controlfield>
    <datafield tag="020" ind1=" " ind2=" ">
      <subfield code="a">963-340-618-8* (fűzött)</subfield>
      <subfield code="z">963-02-4548-5 :</subfield>
    </datafield>
    <datafield tag="035" ind1=" " ind2=" ">
      <subfield code="a">bibFSZ158871</subfield>
    </datafield>
    <datafield tag="040" ind1=" " ind2=" ">
      <subfield code="a">FSZEK</subfield>
    </datafield>
    <datafield tag="041" ind1=" " ind2=" ">
      <subfield code="a">hun</subfield>
    </datafield>
    <datafield tag="080" ind1=" " ind2="0">
      <subfield code="a">796.062:061.237(439-2Bp.)TTVE(091)</subfield>
    </datafield>
    <datafield tag="100" ind1="1" ind2=" ">
      <subfield code="a">Peterdi Pál</subfield>
      <subfield code="d">(1925-2000)</subfield>
    </datafield>
    <datafield tag="245" ind1="1" ind2="0">
      <subfield code="a">100 évnek is egy a vége :</subfield>
      <subfield code="b">a III. kerületi TTVE története, 1887-1987 /</subfield>
      <subfield code="c">Peterdi Pál, Garasi Lajos</subfield>
    </datafield>
    <datafield tag="260" ind1=" " ind2=" ">
      <subfield code="a">[Budapest] :</subfield>
      <subfield code="b">SKV,</subfield>
      <subfield code="c">1986</subfield>
    </datafield>
    <datafield tag="300" ind1=" " ind2=" ">
      <subfield code="a">175 p., [16] t. :</subfield>
      <subfield code="b">ill. ;</subfield>
      <subfield code="c">20 cm</subfield>
    </datafield>
    <datafield tag="610" ind1="2" ind2="4">
      <subfield code="a">III. Kerületi Textilfestő Torna és Vívó Egylet</subfield>
    </datafield>
    <datafield tag="610" ind1="2" ind2="4">
      <subfield code="a">III. ker. Torna és Vívó Egylet</subfield>
    </datafield>
    <datafield tag="700" ind1="1" ind2=" ">
      <subfield code="a">Garasi Lajos</subfield>
    </datafield>
    <datafield tag="852" ind1=" " ind2=" ">
      <subfield code="a">B10</subfield>
      <subfield code="b">0307</subfield>
      <subfield code="b">0801B</subfield>
      <subfield code="x">bibFSZ158871</subfield>
    </datafield>
  </record>
  <record>
    <leader>00649fam  2200205 i 4500</leader>
    <controlfield tag="001">MOKKAZ0006277876  </controlfield>
    <controlfield tag="005">20040915184639.0</controlfield>
    <controlfield tag="008">940510t19861986hu a          000 0 hun d</controlfield>
    <datafield tag="020" ind1=" " ind2=" ">
      <subfield code="a">963-340-618-8 (fűzött)</subfield>
    </datafield>
    <datafield tag="020" ind1=" " ind2=" ">
      <subfield code="z">963 02 4548 5</subfield>
    </datafield>
    <datafield tag="035" ind1=" " ind2=" ">
      <subfield code="a">672290</subfield>
    </datafield>
    <datafield tag="040" ind1=" " ind2=" ">
      <subfield code="a">OSZK</subfield>
    </datafield>
    <datafield tag="041" ind1="0" ind2=" ">
      <subfield code="a">hunhun</subfield>
    </datafield>
    <datafield tag="100" ind1="1" ind2=" ">
      <subfield code="a">Peterdi Pál</subfield>
      <subfield code="d">(1925-2000)</subfield>
    </datafield>
    <datafield tag="245" ind1="1" ind2="0">
      <subfield code="a">100 évnek is egy a vége : </subfield>
      <subfield code="b">A III. kerületi TTVE története, 1887-1987 /</subfield>
      <subfield code="c">Peterdi Pál, Garasi Lajos</subfield>
    </datafield>
    <datafield tag="260" ind1=" " ind2=" ">
      <subfield code="a">[Budapest] :</subfield>
      <subfield code="b">SKV,</subfield>
      <subfield code="c">1986</subfield>
      <subfield code="e">([Budapest]</subfield>
      <subfield code="f">[SKV])</subfield>
    </datafield>
    <datafield tag="300" ind1=" " ind2=" ">
      <subfield code="a">175 p., [16] t. :</subfield>
      <subfield code="b">ill. ;</subfield>
      <subfield code="c">20 cm</subfield>
    </datafield>
    <datafield tag="700" ind1="1" ind2="0">
      <subfield code="a">Garasi Lajos</subfield>
    </datafield>
    <datafield tag="852" ind1=" " ind2=" ">
      <subfield code="a">B1</subfield>
      <subfield code="b">B1</subfield>
      <subfield code="x">672290</subfield>
    </datafield>
    <datafield tag="852" ind1=" " ind2=" ">
      <subfield code="a">D1</subfield>
      <subfield code="b">D1</subfield>
      <subfield code="x">963 340 618 8</subfield>
    </datafield>
  </record>
  <record>
    <leader>00527nam  2200181 i 4500</leader>
    <controlfield tag="001">MOKKAZ0006408175  </controlfield>
    <controlfield tag="005">20040915201015.0</controlfield>
    <controlfield tag="008">010719s1998    hu ar         000 0 hun d</controlfield>
    <datafield tag="035" ind1=" " ind2=" ">
      <subfield code="a">807654</subfield>
    </datafield>
    <datafield tag="040" ind1=" " ind2=" ">
      <subfield code="a">OSZK</subfield>
    </datafield>
    <datafield tag="041" ind1="0" ind2=" ">
      <subfield code="a">hunhun</subfield>
    </datafield>
    <datafield tag="072" ind1=" " ind2="1">
      <subfield code="a">U</subfield>
    </datafield>
    <datafield tag="245" ind1="0" ind2="0">
      <subfield code="a">100 év nyomai : </subfield>
      <subfield code="b">1898-1998 Bibendum</subfield>
    </datafield>
    <datafield tag="260" ind1=" " ind2=" ">
      <subfield code="a">Budapest :</subfield>
      <subfield code="b">Innovapress,</subfield>
      <subfield code="c">1998</subfield>
      <subfield code="e">([Budapest]</subfield>
      <subfield code="f">[Stádium])</subfield>
    </datafield>
    <datafield tag="300" ind1=" " ind2=" ">
      <subfield code="a">48 p. :</subfield>
      <subfield code="b">ill., főként színes ;</subfield>
      <subfield code="c">21 cm</subfield>
    </datafield>
    <datafield tag="500" ind1=" " ind2=" ">
      <subfield code="a">Példányszám: 2000</subfield>
    </datafield>
    <datafield tag="610" ind1="2" ind2="4">
      <subfield code="a">Michelin Hungária Kft. (Budapest)</subfield>
    </datafield>
    <datafield tag="852" ind1=" " ind2=" ">
      <subfield code="a">B1</subfield>
      <subfield code="b">B1</subfield>
      <subfield code="x">807654</subfield>
    </datafield>
  </record>
  <record>
    <leader>01867fam  2200577 i 4500</leader>
    <controlfield tag="001">MOKKAZ0006440865  </controlfield>
    <controlfield tag="005">20090618082139.0</controlfield>
    <controlfield tag="008">020311s2001    hu a          000 0dhun d</controlfield>
    <datafield tag="020" ind1=" " ind2=" ">
      <subfield code="a">963-242-754-8 (kötött)</subfield>
    </datafield>
    <datafield tag="035" ind1=" " ind2=" ">
      <subfield code="a">915367</subfield>
    </datafield>
    <datafield tag="040" ind1=" " ind2=" ">
      <subfield code="a">OSZK</subfield>
    </datafield>
    <datafield tag="041" ind1="0" ind2=" ">
      <subfield code="a">hunhun</subfield>
    </datafield>
    <datafield tag="100" ind1="1" ind2=" ">
      <subfield code="a">Dézsi Csaba András</subfield>
      <subfield code="d">(1962-)</subfield>
    </datafield>
    <datafield tag="245" ind1="1" ind2="0">
      <subfield code="a">100 év orvosi-élettani Nobel-díjasai /</subfield>
      <subfield code="c">Dézsi Csaba András, Szeness Ágnes</subfield>
    </datafield>
    <datafield tag="250" ind1=" " ind2=" ">
      <subfield code="a">Millenniumi kiad.</subfield>
    </datafield>
    <datafield tag="260" ind1=" " ind2=" ">
      <subfield code="a">Budapest :</subfield>
      <subfield code="b">Medicina,</subfield>
      <subfield code="c">2001</subfield>
      <subfield code="e">([Budapest]</subfield>
      <subfield code="f">PrinterArt)</subfield>
    </datafield>
    <datafield tag="300" ind1=" " ind2=" ">
      <subfield code="a">230 p. :</subfield>
      <subfield code="b">ill. ;</subfield>
      <subfield code="c">24 cm</subfield>
    </datafield>
    <datafield tag="650" ind1=" " ind2="7">
      <subfield code="a">Nobel-díj</subfield>
      <subfield code="x">orvosi</subfield>
      <subfield code="2">szte</subfield>
    </datafield>
    <datafield tag="650" ind1=" " ind2="7">
      <subfield code="a">Orvostudomány</subfield>
      <subfield code="x">Nobel-díjasok</subfield>
      <subfield code="2">szte</subfield>
    </datafield>
    <datafield tag="650" ind1=" " ind2="7">
      <subfield code="a">Élettan</subfield>
      <subfield code="x">Nobel-díjasok</subfield>
      <subfield code="2">szte</subfield>
    </datafield>
    <datafield tag="650" ind1="0" ind2="7">
      <subfield code="2">ar</subfield>
      <subfield code="a">Nobel-díjasok</subfield>
      <subfield code="x">orvosi élettan</subfield>
      <subfield code="y">1901-2000</subfield>
      <subfield code="x">életrajzok</subfield>
    </datafield>
    <datafield tag="650" ind1=" " ind2="4">
      <subfield code="a">Nobel-díjasok</subfield>
      <subfield code="x">orvostudomány</subfield>
      <subfield code="y">1901-2001</subfield>
    </datafield>
    <datafield tag="650" ind1=" " ind2="4">
      <subfield code="a">Nobel-díjasok</subfield>
      <subfield code="x">élettan</subfield>
      <subfield code="y">1901-2001</subfield>
    </datafield>
    <datafield tag="650" ind1="1" ind2="4">
      <subfield code="a">Medicine</subfield>
      <subfield code="x">History</subfield>
      <subfield code="x">History of medicine</subfield>
    </datafield>
    <datafield tag="650" ind1="1" ind2="4">
      <subfield code="a">Általános orvostan</subfield>
      <subfield code="x">Történet</subfield>
      <subfield code="x">Orvostörténet</subfield>
    </datafield>
    <datafield tag="650" ind1=" " ind2="4">
      <subfield code="a">helyi szakíró</subfield>
    </datafield>
    <datafield tag="650" ind1=" " ind2="4">
      <subfield code="a">orvos</subfield>
    </datafield>
    <datafield tag="650" ind1=" " ind2="4">
      <subfield code="a">Nobel-díj</subfield>
    </datafield>
    <datafield tag="650" ind1=" " ind2="4">
      <subfield code="a">orvostudomány</subfield>
    </datafield>
    <datafield tag="650" ind1=" " ind2="4">
      <subfield code="a">tudománytörténet</subfield>
    </datafield>
    <datafield tag="650" ind1=" " ind2="4">
      <subfield code="a">Nobel-díjak</subfield>
    </datafield>
    <datafield tag="650" ind1=" " ind2="4">
      <subfield code="a">Élettan</subfield>
    </datafield>
    <datafield tag="650" ind1=" " ind2="0">
      <subfield code="a">Nobel Prizes.</subfield>
    </datafield>
    <datafield tag="650" ind1=" " ind2="0">
      <subfield code="a">Medicine.</subfield>
    </datafield>
    <datafield tag="650" ind1=" " ind2="0">
      <subfield code="a">Physiology.</subfield>
    </datafield>
    <datafield tag="650" ind1=" " ind2="2">
      <subfield code="a">Nobel Prize</subfield>
    </datafield>
    <datafield tag="650" ind1=" " ind2="2">
      <subfield code="a">Medicine</subfield>
    </datafield>
    <datafield tag="650" ind1=" " ind2="2">
      <subfield code="a">Physiology</subfield>
    </datafield>
    <datafield tag="650" ind1=" " ind2="4">
      <subfield code="a">Nobel-díjasok</subfield>
    </datafield>
    <datafield tag="650" ind1=" " ind2="4">
      <subfield code="a">életrajzok</subfield>
    </datafield>
    <datafield tag="695" ind1=" " ind2=" ">
      <subfield code="a">Orvostudomány történet</subfield>
      <subfield code="x">Nobel-díjasok</subfield>
    </datafield>
    <datafield tag="700" ind1="1" ind2="0">
      <subfield code="a">Szeness Ágnes</subfield>
    </datafield>
    <datafield tag="852" ind1=" " ind2=" ">
      <subfield code="a">B1</subfield>
      <subfield code="b">B1</subfield>
      <subfield code="x">915367</subfield>
    </datafield>
    <datafield tag="852" ind1=" " ind2=" ">
      <subfield code="a">SZ1</subfield>
      <subfield code="b">SZ1</subfield>
      <subfield code="b">SZ1/L4</subfield>
      <subfield code="b">SZ1/131</subfield>
      <subfield code="x">bibDOT00010988</subfield>
    </datafield>
    <datafield tag="852" ind1=" " ind2=" ">
      <subfield code="a">B2</subfield>
      <subfield code="b">B2</subfield>
      <subfield code="b">B2/200</subfield>
      <subfield code="x">179653</subfield>
    </datafield>
    <datafield tag="852" ind1=" " ind2=" ">
      <subfield code="a">P1</subfield>
      <subfield code="b">P1</subfield>
      <subfield code="x">bibPOT82228</subfield>
    </datafield>
    <datafield tag="852" ind1=" " ind2=" ">
      <subfield code="a">B13</subfield>
      <subfield code="b">B13</subfield>
      <subfield code="x">41877</subfield>
    </datafield>
    <datafield tag="852" ind1=" " ind2=" ">
      <subfield code="a">GY1</subfield>
      <subfield code="b">GY1</subfield>
      <subfield code="x">550169</subfield>
    </datafield>
    <datafield tag="852" ind1=" " ind2=" ">
      <subfield code="a">P1</subfield>
      <subfield code="b">P1/O</subfield>
      <subfield code="x">bibJPT00194134</subfield>
    </datafield>
    <datafield tag="852" ind1=" " ind2=" ">
      <subfield code="a">D1</subfield>
      <subfield code="b">D2/36</subfield>
      <subfield code="b">D2/RO</subfield>
      <subfield code="b">D2/DSZ</subfield>
      <subfield code="b">D2/PO</subfield>
      <subfield code="x">bibDOT00010988</subfield>
    </datafield>
    <datafield tag="852" ind1=" " ind2=" ">
      <subfield code="a">B8</subfield>
      <subfield code="b">B8</subfield>
      <subfield code="x">OGYK000061787</subfield>
    </datafield>
  </record>
  <record>
    <leader>01220fam  2200373   4500</leader>
    <controlfield tag="001">MOKKAZ0004081419  </controlfield>
    <controlfield tag="005">20040910024045.0</controlfield>
    <controlfield tag="008">010223 2000    fi            00010 eng  </controlfield>
    <datafield tag="020" ind1=" " ind2=" ">
      <subfield code="a">951-746-215-8 (kötött) :</subfield>
      <subfield code="c">5000,-Ft</subfield>
    </datafield>
    <datafield tag="035" ind1=" " ind2=" ">
      <subfield code="a">bibJAT00376351</subfield>
    </datafield>
    <datafield tag="040" ind1=" " ind2=" ">
      <subfield code="a">SZTE</subfield>
    </datafield>
    <datafield tag="245" ind1="0" ind2="0">
      <subfield code="a">100 faces from Finland :</subfield>
      <subfield code="b">a biographical kaleidoscope /</subfield>
      <subfield code="c">ed. by Ulpu Marjomaa ; transl. by Roderick Fletcher</subfield>
    </datafield>
    <datafield tag="260" ind1=" " ind2=" ">
      <subfield code="a">Helsinki :</subfield>
      <subfield code="b">Finnish Literature Society,</subfield>
      <subfield code="c">2000</subfield>
    </datafield>
    <datafield tag="300" ind1=" " ind2=" ">
      <subfield code="a">625 p. :</subfield>
      <subfield code="b">ill. ;</subfield>
      <subfield code="c">25 cm</subfield>
    </datafield>
    <datafield tag="490" ind1="1" ind2=" ">
      <subfield code="a">(Studia biographica ,</subfield>
      <subfield code="x">1456-2138 ;</subfield>
      <subfield code="v">2.)</subfield>
    </datafield>
    <datafield tag="650" ind1=" " ind2="7">
      <subfield code="a">Életrajzi lexikon</subfield>
      <subfield code="x">Finnország</subfield>
      <subfield code="2">szte</subfield>
    </datafield>
    <datafield tag="650" ind1="0" ind2="4">
      <subfield code="a">életrajzok</subfield>
      <subfield code="z">finnek</subfield>
    </datafield>
    <datafield tag="650" ind1=" " ind2="4">
      <subfield code="a">Életrajz. Biográfia és rokon tudományok</subfield>
    </datafield>
    <datafield tag="650" ind1=" " ind2="4">
      <subfield code="a">Finnország (Helsinki)</subfield>
    </datafield>
    <datafield tag="650" ind1=" " ind2="4">
      <subfield code="a">Angol nyelven</subfield>
    </datafield>
    <datafield tag="650" ind1=" " ind2="4">
      <subfield code="a">Életrajzi lexikon</subfield>
    </datafield>
    <datafield tag="650" ind1=" " ind2="4">
      <subfield code="a">Hírességek</subfield>
    </datafield>
    <datafield tag="650" ind1=" " ind2="4">
      <subfield code="a">Híres emberek</subfield>
    </datafield>
    <datafield tag="650" ind1=" " ind2="4">
      <subfield code="a">Életrajzok, finn</subfield>
    </datafield>
    <datafield tag="650" ind1=" " ind2="4">
      <subfield code="a">Angol nyelvű</subfield>
    </datafield>
    <datafield tag="650" ind1=" " ind2="4">
      <subfield code="a">Finnugor gyűjtemény</subfield>
    </datafield>
    <datafield tag="651" ind1=" " ind2="4">
      <subfield code="a">Finnország</subfield>
    </datafield>
    <datafield tag="700" ind1="1" ind2=" ">
      <subfield code="a">Marjomaa, Ulpu</subfield>
    </datafield>
    <datafield tag="700" ind1="1" ind2=" ">
      <subfield code="a">Fletcher, Roderick</subfield>
    </datafield>
    <datafield tag="830" ind1=" " ind2="0">
      <subfield code="a">Studia biographica</subfield>
    </datafield>
    <datafield tag="852" ind1=" " ind2=" ">
      <subfield code="a">SZ1</subfield>
      <subfield code="b">SZ1</subfield>
      <subfield code="x">bibJAT00376351</subfield>
    </datafield>
    <datafield tag="852" ind1=" " ind2=" ">
      <subfield code="a">M1</subfield>
      <subfield code="b">M1</subfield>
      <subfield code="x">185692</subfield>
    </datafield>
    <datafield tag="852" ind1=" " ind2=" ">
      <subfield code="a">B14</subfield>
      <subfield code="b">B14</subfield>
      <subfield code="x">814087</subfield>
    </datafield>
    <datafield tag="852" ind1=" " ind2=" ">
      <subfield code="a">SZL1</subfield>
      <subfield code="b">SZL1</subfield>
      <subfield code="x">bibVFK00252253</subfield>
    </datafield>
  </record>
  <record>
    <leader>00565cam  2200193 i 4500</leader>
    <controlfield tag="001">MOKKAN0004155396  </controlfield>
    <controlfield tag="005">20070314062302.0</controlfield>
    <controlfield tag="008">031121c20002000fi a          00010 eng d</controlfield>
    <datafield tag="035" ind1=" " ind2=" ">
      <subfield code="a">185692</subfield>
    </datafield>
    <datafield tag="040" ind1=" " ind2=" ">
      <subfield code="a">MEKLM</subfield>
    </datafield>
    <datafield tag="041" ind1="0" ind2=" ">
      <subfield code="a">eng</subfield>
    </datafield>
    <datafield tag="245" ind1="0" ind2="0">
      <subfield code="a">100 faces from Finland :</subfield>
      <subfield code="b">A biographical kaleidoscope /</subfield>
      <subfield code="c">ed. by Ulpu Marjomaa</subfield>
    </datafield>
    <datafield tag="260" ind1=" " ind2=" ">
      <subfield code="a">Helsinki :</subfield>
      <subfield code="b">FLS,</subfield>
      <subfield code="c">2000</subfield>
    </datafield>
    <datafield tag="300" ind1=" " ind2=" ">
      <subfield code="a">625 p. :</subfield>
      <subfield code="b">ill. ;</subfield>
      <subfield code="c">26 cm</subfield>
    </datafield>
    <datafield tag="490" ind1="1" ind2=" ">
      <subfield code="a">(Studia biographica,</subfield>
      <subfield code="x">1456-2138 ;</subfield>
      <subfield code="v">2.)</subfield>
    </datafield>
    <datafield tag="650" ind1="0" ind2="4">
      <subfield code="a">életrajzok</subfield>
      <subfield code="z">finnek</subfield>
    </datafield>
    <datafield tag="700" ind1="1" ind2=" ">
      <subfield code="a">Marjomaa, Ulpu</subfield>
    </datafield>
    <datafield tag="830" ind1=" " ind2="0">
      <subfield code="a">Studia biographica</subfield>
    </datafield>
    <datafield tag="852" ind1=" " ind2=" ">
      <subfield code="a">M1</subfield>
      <subfield code="b">M1</subfield>
      <subfield code="x">185692</subfield>
    </datafield>
  </record>
  <record>
    <leader>00945njm  2200193   4500</leader>
    <controlfield tag="001">MOKKAZ0004641005  </controlfield>
    <controlfield tag="005">20040910085843.0</controlfield>
    <controlfield tag="008">000211s2001                        por d</controlfield>
    <datafield tag="028" ind1=" " ind2=" ">
      <subfield code="a">TCD 2879</subfield>
    </datafield>
    <datafield tag="035" ind1=" " ind2=" ">
      <subfield code="a">bibFSZ157503</subfield>
    </datafield>
    <datafield tag="040" ind1=" " ind2=" ">
      <subfield code="a">FSZEK</subfield>
    </datafield>
    <datafield tag="245" ind1="0" ind2="0">
      <subfield code="a">100% fado</subfield>
      <subfield code="h">[Hangfelvétel] :</subfield>
      <subfield code="b">22 beautiful Prtuguese songs /</subfield>
      <subfield code="c">Maria Dilar [et al.]</subfield>
    </datafield>
    <datafield tag="260" ind1=" " ind2=" ">
      <subfield code="a">[S.l.] :</subfield>
      <subfield code="b">[S.n.],</subfield>
      <subfield code="c">[2001]</subfield>
    </datafield>
    <datafield tag="300" ind1=" " ind2=" ">
      <subfield code="a">1 CD :</subfield>
      <subfield code="b">ADD ;</subfield>
      <subfield code="c">12 cm +</subfield>
      <subfield code="e">1 t.</subfield>
    </datafield>
    <datafield tag="306" ind1=" " ind2=" ">
      <subfield code="a">(70 min 24 s)</subfield>
    </datafield>
    <datafield tag="505" ind1="0" ind2="0">
      <subfield code="t">Fado da saudada ;</subfield>
      <subfield code="t">Lenda das algas ;</subfield>
      <subfield code="t">Lisboa e o Tejo ;</subfield>
      <subfield code="t">Fado do fado ;</subfield>
      <subfield code="t">A tendiha ;</subfield>
      <subfield code="t">Coraçao bateu tres vezes ;</subfield>
      <subfield code="t">Valeu a Pena ;</subfield>
      <subfield code="t">Fado é Saudade ;</subfield>
      <subfield code="t">Rosa Enjeitada ;</subfield>
      <subfield code="t">Cançao da Esperança ;</subfield>
      <subfield code="t">Fado Hilário ;</subfield>
      <subfield code="t">Fado Adivinha ;</subfield>
      <subfield code="t">Velho Marinheiro ;</subfield>
      <subfield code="t">Balada ;</subfield>
      <subfield code="t">Saudade ;</subfield>
      <subfield code="t">Foi na travessa da palha ;</subfield>
      <subfield code="t">Alamares ;</subfield>
      <subfield code="t">Amalia ;</subfield>
      <subfield code="t">Ai mouraria ;</subfield>
      <subfield code="t">Dito por nao dito ;</subfield>
      <subfield code="t">Peregrino do fado ;</subfield>
      <subfield code="t">Conta errada</subfield>
    </datafield>
    <datafield tag="695" ind1=" " ind2="1">
      <subfield code="a">portugál zene</subfield>
    </datafield>
    <datafield tag="700" ind1="1" ind2=" ">
      <subfield code="a">Dilar, Maria</subfield>
      <subfield code="4">előadó</subfield>
    </datafield>
    <datafield tag="852" ind1=" " ind2=" ">
      <subfield code="a">B10</subfield>
      <subfield code="b">0101</subfield>
      <subfield code="x">bibFSZ157503</subfield>
    </datafield>
  </record>
  <record>
    <leader>00539aam  2200181 i 4500</leader>
    <controlfield tag="001">MOKKAS0003788556  </controlfield>
    <controlfield tag="005">20060616012548.0</controlfield>
    <controlfield tag="008">830516 1981    xxk           000   eng  </controlfield>
    <datafield tag="020" ind1=" " ind2=" ">
      <subfield code="a">0 521 29891 1</subfield>
    </datafield>
    <datafield tag="035" ind1=" " ind2=" ">
      <subfield code="a">bibJAT00176743</subfield>
    </datafield>
    <datafield tag="040" ind1=" " ind2=" ">
      <subfield code="a">SZTE</subfield>
    </datafield>
    <datafield tag="100" ind1="1" ind2=" ">
      <subfield code="a">Hickey, Michael</subfield>
    </datafield>
    <datafield tag="245" ind1="1" ind2="0">
      <subfield code="a">100 families of flowering plants /</subfield>
      <subfield code="c">Micheal Hickey, Clive King</subfield>
    </datafield>
    <datafield tag="260" ind1=" " ind2=" ">
      <subfield code="a">Cambridge etc :</subfield>
      <subfield code="b">Cambridge Univ. P.,</subfield>
      <subfield code="c">1981</subfield>
    </datafield>
    <datafield tag="300" ind1=" " ind2=" ">
      <subfield code="a">XIX, 567 p. ;</subfield>
      <subfield code="c">23 cm</subfield>
    </datafield>
    <datafield tag="650" ind1=" " ind2="7">
      <subfield code="a">Virágos növények</subfield>
      <subfield code="2">szte</subfield>
    </datafield>
    <datafield tag="700" ind1="1" ind2=" ">
      <subfield code="a">King, Clive</subfield>
    </datafield>
    <datafield tag="852" ind1=" " ind2=" ">
      <subfield code="a">SZ1</subfield>
      <subfield code="b">SZ1</subfield>
      <subfield code="x">bibJAT00176743</subfield>
    </datafield>
  </record>
  <record>
    <leader>00598aam  2200205 i 4500</leader>
    <controlfield tag="001">MOKKAS0003791827  </controlfield>
    <controlfield tag="005">20060616015701.0</controlfield>
    <controlfield tag="008">920908 1988    xxk           000   eng  </controlfield>
    <datafield tag="020" ind1=" " ind2=" ">
      <subfield code="a">0 521 33700 3</subfield>
    </datafield>
    <datafield tag="035" ind1=" " ind2=" ">
      <subfield code="a">bibJAT00208658</subfield>
    </datafield>
    <datafield tag="040" ind1=" " ind2=" ">
      <subfield code="a">SZTE</subfield>
    </datafield>
    <datafield tag="100" ind1="1" ind2=" ">
      <subfield code="a">Hickey, Michael</subfield>
    </datafield>
    <datafield tag="245" ind1="1" ind2="0">
      <subfield code="a">100 families of flowering plants /</subfield>
      <subfield code="c">Michael Hickey, Vlive King</subfield>
    </datafield>
    <datafield tag="250" ind1=" " ind2=" ">
      <subfield code="a">2. ed.</subfield>
    </datafield>
    <datafield tag="260" ind1=" " ind2=" ">
      <subfield code="a">Cambridge etc. :</subfield>
      <subfield code="b">Cambridge Univ. P.,</subfield>
      <subfield code="c">1988</subfield>
    </datafield>
    <datafield tag="300" ind1=" " ind2=" ">
      <subfield code="a">XVI, 619 p. ;</subfield>
      <subfield code="c">25 cm</subfield>
    </datafield>
    <datafield tag="504" ind1=" " ind2=" ">
      <subfield code="a">Bibliogr.: p. 610.</subfield>
    </datafield>
    <datafield tag="650" ind1=" " ind2="7">
      <subfield code="a">Virágos növények</subfield>
      <subfield code="2">szte</subfield>
    </datafield>
    <datafield tag="700" ind1="1" ind2=" ">
      <subfield code="a">King, Clive</subfield>
    </datafield>
    <datafield tag="852" ind1=" " ind2=" ">
      <subfield code="a">SZ1</subfield>
      <subfield code="b">SZ1</subfield>
      <subfield code="x">bibJAT00208658</subfield>
    </datafield>
  </record>
  <record>
    <leader>00787cam  22001811  4500</leader>
    <controlfield tag="001">MOKKAZ0004266348  </controlfield>
    <controlfield tag="005">20040910054546.0</controlfield>
    <controlfield tag="008">      s1994                        hun d</controlfield>
    <datafield tag="020" ind1=" " ind2=" ">
      <subfield code="a">(fűzött) :</subfield>
    </datafield>
    <datafield tag="035" ind1=" " ind2=" ">
      <subfield code="a">bibFSZ00111931</subfield>
    </datafield>
    <datafield tag="040" ind1=" " ind2=" ">
      <subfield code="a">FSZEK</subfield>
    </datafield>
    <datafield tag="100" ind1="1" ind2=" ">
      <subfield code="a">Lippai Gergelyné</subfield>
    </datafield>
    <datafield tag="245" ind1="1" ind2="0">
      <subfield code="a">100 feladat - 100 megoldás : </subfield>
      <subfield code="b">szakköri és versenyre felkészítő feladatok az általános iskolák 4. osztályos tanulói számára /</subfield>
      <subfield code="c">[összeáll. Lippai Gergelyné, Váradi Istvánné]</subfield>
    </datafield>
    <datafield tag="260" ind1=" " ind2=" ">
      <subfield code="a">Nyíregyháza :</subfield>
      <subfield code="b">Homonnai és Tsa Kiadó,</subfield>
      <subfield code="c">1994</subfield>
    </datafield>
    <datafield tag="300" ind1=" " ind2=" ">
      <subfield code="a">[2], 35 p. :</subfield>
      <subfield code="b">ill. ;</subfield>
      <subfield code="c">30 cm</subfield>
    </datafield>
    <datafield tag="680" ind1=" " ind2="0">
      <subfield code="a">matematika / tantárgy</subfield>
      <subfield code="a">alsófokú iskolai tankönyv</subfield>
      <subfield code="a">tankönyv, alsófokú iskolákban</subfield>
      <subfield code="a">feladatok, kérdések</subfield>
      <subfield code="a">tesztlapok</subfield>
    </datafield>
    <datafield tag="700" ind1="1" ind2=" ">
      <subfield code="a">Váradi Istvánné</subfield>
    </datafield>
    <datafield tag="852" ind1=" " ind2=" ">
      <subfield code="a">B10</subfield>
      <subfield code="b">0602</subfield>
      <subfield code="x">bibFSZ00111931</subfield>
    </datafield>
  </record>
  <record>
    <leader>01672nam  2200565 i 4500</leader>
    <controlfield tag="001">MOKKAW0005377145  </controlfield>
    <controlfield tag="005">20091126210924.0</controlfield>
    <controlfield tag="008">071114t20072007hu arc        00000 hun d</controlfield>
    <datafield tag="020" ind1=" " ind2=" ">
      <subfield code="a">978-963-8200-11-2 (kötött)</subfield>
    </datafield>
    <datafield tag="035" ind1=" " ind2=" ">
      <subfield code="a">2687194</subfield>
    </datafield>
    <datafield tag="040" ind1=" " ind2=" ">
      <subfield code="a">OSZK</subfield>
      <subfield code="d">OSZK</subfield>
    </datafield>
    <datafield tag="041" ind1="0" ind2=" ">
      <subfield code="a">hunhun</subfield>
    </datafield>
    <datafield tag="080" ind1=" " ind2=" ">
      <subfield code="a">641.55(083.12)</subfield>
    </datafield>
    <datafield tag="080" ind1=" " ind2=" ">
      <subfield code="a">929(439)"200"</subfield>
    </datafield>
    <datafield tag="080" ind1=" " ind2=" ">
      <subfield code="a">929(439)(089.3)</subfield>
    </datafield>
    <datafield tag="100" ind1="1" ind2=" ">
      <subfield code="a">Bellér Ágnes</subfield>
    </datafield>
    <datafield tag="245" ind1="1" ind2="0">
      <subfield code="a">100 férfi, 100 recept /</subfield>
      <subfield code="c">Bellér Ágnes</subfield>
    </datafield>
    <datafield tag="260" ind1=" " ind2=" ">
      <subfield code="a">[Budapest] :</subfield>
      <subfield code="b">Glória Press,</subfield>
      <subfield code="c">cop. 2007</subfield>
    </datafield>
    <datafield tag="300" ind1=" " ind2=" ">
      <subfield code="a">310 p. :</subfield>
      <subfield code="b">ill., színes ;</subfield>
      <subfield code="c">21 cm</subfield>
    </datafield>
    <datafield tag="650" ind1="1" ind2="7">
      <subfield code="a">híres ember</subfield>
      <subfield code="2">oszk</subfield>
    </datafield>
    <datafield tag="650" ind1="1" ind2="7">
      <subfield code="a">ezredforduló</subfield>
      <subfield code="2">oszk</subfield>
    </datafield>
    <datafield tag="650" ind1=" " ind2="4">
      <subfield code="a">híres ember</subfield>
    </datafield>
    <datafield tag="650" ind1=" " ind2="4">
      <subfield code="a">anekdota</subfield>
    </datafield>
    <datafield tag="650" ind1=" " ind2="4">
      <subfield code="a">ételrecept</subfield>
    </datafield>
    <datafield tag="650" ind1=" " ind2="4">
      <subfield code="a">gasztronómia</subfield>
    </datafield>
    <datafield tag="650" ind1=" " ind2="7">
      <subfield code="a">Híres emberek</subfield>
      <subfield code="x">magyar és szakácsművészet</subfield>
      <subfield code="2">szte</subfield>
    </datafield>
    <datafield tag="650" ind1=" " ind2="7">
      <subfield code="a">Szakácskönyv</subfield>
      <subfield code="2">szte</subfield>
    </datafield>
    <datafield tag="650" ind1=" " ind2="7">
      <subfield code="a">Híres emberek</subfield>
      <subfield code="x">magyar</subfield>
      <subfield code="y">20. sz.</subfield>
      <subfield code="x">interjúk</subfield>
      <subfield code="2">szte</subfield>
    </datafield>
    <datafield tag="650" ind1=" " ind2="4">
      <subfield code="a">Szakácsművészet</subfield>
      <subfield code="x">receptek</subfield>
    </datafield>
    <datafield tag="650" ind1=" " ind2="4">
      <subfield code="a">Hírességek</subfield>
      <subfield code="z">Magyarország</subfield>
      <subfield code="x">interjúk</subfield>
    </datafield>
    <datafield tag="650" ind1=" " ind2="0">
      <subfield code="a">Cookery</subfield>
      <subfield code="x">Recipes.</subfield>
    </datafield>
    <datafield tag="650" ind1=" " ind2="0">
      <subfield code="a">Celebrities</subfield>
      <subfield code="z">Hungary</subfield>
      <subfield code="x">Interviews.</subfield>
    </datafield>
    <datafield tag="650" ind1=" " ind2="4">
      <subfield code="a">2000-es évek</subfield>
    </datafield>
    <datafield tag="650" ind1=" " ind2="4">
      <subfield code="a">Magyarország</subfield>
    </datafield>
    <datafield tag="650" ind1=" " ind2="4">
      <subfield code="a">férfi</subfield>
    </datafield>
    <datafield tag="650" ind1=" " ind2="4">
      <subfield code="a">szakácskönyv</subfield>
    </datafield>
    <datafield tag="651" ind1=" " ind2="4">
      <subfield code="a">Magyarország</subfield>
    </datafield>
    <datafield tag="653" ind1=" " ind2=" ">
      <subfield code="a">20-21. sz</subfield>
    </datafield>
    <datafield tag="653" ind1=" " ind2=" ">
      <subfield code="a">200</subfield>
    </datafield>
    <datafield tag="653" ind1=" " ind2=" ">
      <subfield code="a">híres emberek</subfield>
    </datafield>
    <datafield tag="653" ind1=" " ind2=" ">
      <subfield code="a">interjú</subfield>
    </datafield>
    <datafield tag="653" ind1=" " ind2=" ">
      <subfield code="a">szakácskönyv</subfield>
    </datafield>
    <datafield tag="852" ind1=" " ind2=" ">
      <subfield code="a">B1</subfield>
      <subfield code="b">B1</subfield>
      <subfield code="x">2687194</subfield>
    </datafield>
    <datafield tag="852" ind1=" " ind2=" ">
      <subfield code="a">D1</subfield>
      <subfield code="b">D1</subfield>
      <subfield code="x">bibDEK00671118</subfield>
    </datafield>
    <datafield tag="852" ind1=" " ind2=" ">
      <subfield code="a">B10</subfield>
      <subfield code="b">B10</subfield>
      <subfield code="x">bibFSZ01375959</subfield>
    </datafield>
    <datafield tag="852" ind1=" " ind2=" ">
      <subfield code="a">GY1</subfield>
      <subfield code="b">GY1</subfield>
      <subfield code="x">KKMK1631284</subfield>
    </datafield>
    <datafield tag="852" ind1=" " ind2=" ">
      <subfield code="a">SZ4</subfield>
      <subfield code="b">SZ4/K2</subfield>
      <subfield code="b">SZ4/F8</subfield>
      <subfield code="x">bibSOK00427325</subfield>
    </datafield>
    <datafield tag="852" ind1=" " ind2=" ">
      <subfield code="a">SZ1</subfield>
      <subfield code="b">SZ1</subfield>
      <subfield code="x">MOKKAW0005106859</subfield>
    </datafield>
    <datafield tag="852" ind1=" " ind2=" ">
      <subfield code="a">B9</subfield>
      <subfield code="b">B9</subfield>
      <subfield code="x">714796</subfield>
    </datafield>
    <datafield tag="852" ind1=" " ind2=" ">
      <subfield code="a">SZO1</subfield>
      <subfield code="b">SZO1</subfield>
      <subfield code="x">150624634</subfield>
    </datafield>
  </record>
  <record>
    <leader>00490cam  2200169u  4500</leader>
    <controlfield tag="001">MOKKAZ0004366603  </controlfield>
    <controlfield tag="005">20090716030205.0</controlfield>
    <controlfield tag="008">      s1967                        rus d</controlfield>
    <datafield tag="035" ind1=" " ind2=" ">
      <subfield code="a">bibFSZ00212632</subfield>
    </datafield>
    <datafield tag="040" ind1=" " ind2=" ">
      <subfield code="a">FSZEK</subfield>
    </datafield>
    <datafield tag="041" ind1=" " ind2=" ">
      <subfield code="a">eng</subfield>
    </datafield>
    <datafield tag="080" ind1=" " ind2="0">
      <subfield code="a">791.43(47)"1917/1967"</subfield>
    </datafield>
    <datafield tag="100" ind1="1" ind2=" ">
      <subfield code="a">Pisarevskij, Dmitrij Sergeevič</subfield>
    </datafield>
    <datafield tag="245" ind1="1" ind2="0">
      <subfield code="a">100 fil'mov sovetskogo kino /</subfield>
      <subfield code="c">D. Pisarevskij</subfield>
    </datafield>
    <datafield tag="260" ind1=" " ind2=" ">
      <subfield code="a">Moskva :</subfield>
      <subfield code="b">Iskusstvo,</subfield>
      <subfield code="c">1967</subfield>
    </datafield>
    <datafield tag="300" ind1=" " ind2=" ">
      <subfield code="a">319, [1] p. :</subfield>
      <subfield code="b">ill. ;</subfield>
      <subfield code="c">27 cm</subfield>
    </datafield>
    <datafield tag="852" ind1=" " ind2=" ">
      <subfield code="a">B10</subfield>
      <subfield code="b">0801</subfield>
      <subfield code="x">bibFSZ00212632</subfield>
    </datafield>
  </record>
  <record>
    <leader>00534nama 22001811i 4500</leader>
    <controlfield tag="001">MOKKAS0000705589  </controlfield>
    <controlfield tag="005">20060616210642.0</controlfield>
    <controlfield tag="008">041105s1967    ru            000 0 rusod</controlfield>
    <datafield tag="035" ind1=" " ind2=" ">
      <subfield code="a">1464600</subfield>
    </datafield>
    <datafield tag="040" ind1=" " ind2=" ">
      <subfield code="a">OSZK</subfield>
    </datafield>
    <datafield tag="041" ind1="0" ind2=" ">
      <subfield code="a">rusengruseng</subfield>
    </datafield>
    <datafield tag="100" ind1="1" ind2=" ">
      <subfield code="a">Pisarevskij, Dmitrij Sergeevič</subfield>
      <subfield code="c">(cédulakatalógus alapján)</subfield>
    </datafield>
    <datafield tag="245" ind1="1" ind2="0">
      <subfield code="a">100 filʹmov sovetskogo kino /</subfield>
      <subfield code="c">D. Pisarevskij</subfield>
    </datafield>
    <datafield tag="246" ind1="1" ind2="1">
      <subfield code="a">100 Soviet films</subfield>
    </datafield>
    <datafield tag="260" ind1=" " ind2=" ">
      <subfield code="a">Moskva :</subfield>
      <subfield code="b">Iskusstvo,</subfield>
      <subfield code="c">1967</subfield>
    </datafield>
    <datafield tag="300" ind1=" " ind2=" ">
      <subfield code="a">319 p. :</subfield>
      <subfield code="b">ill. ;</subfield>
      <subfield code="c">27 cm</subfield>
    </datafield>
    <datafield tag="852" ind1=" " ind2=" ">
      <subfield code="a">B1</subfield>
      <subfield code="b">B1</subfield>
      <subfield code="x">1464600</subfield>
    </datafield>
    <datafield tag="852" ind1=" " ind2=" ">
      <subfield code="a">B14</subfield>
      <subfield code="b">B14</subfield>
      <subfield code="x">715851</subfield>
    </datafield>
  </record>
  <record>
    <leader>00318cam  22001217  4500</leader>
    <controlfield tag="001">MOKKAZ0004510291  </controlfield>
    <controlfield tag="005">20040910075005.0</controlfield>
    <controlfield tag="008">      s1951                        und d</controlfield>
    <datafield tag="035" ind1=" " ind2=" ">
      <subfield code="a">bibFSZ00356518</subfield>
    </datafield>
    <datafield tag="040" ind1=" " ind2=" ">
      <subfield code="a">FSZEK</subfield>
    </datafield>
    <datafield tag="245" ind1="0" ind2="0">
      <subfield code="a">100 firmennyh i novyh blűd</subfield>
    </datafield>
    <datafield tag="260" ind1=" " ind2=" ">
      <subfield code="a">[S.l.] :</subfield>
      <subfield code="b">[S.n.],</subfield>
      <subfield code="c">1951</subfield>
    </datafield>
    <datafield tag="852" ind1=" " ind2=" ">
      <subfield code="a">B10</subfield>
      <subfield code="b">0801</subfield>
      <subfield code="x">bibFSZ00356518</subfield>
    </datafield>
  </record>
  <record>
    <leader>02024njm  2200277 i 4500</leader>
    <controlfield tag="001">MOKKAS0001571889  </controlfield>
    <controlfield tag="005">20060113221418.0</controlfield>
    <controlfield tag="008">050903s1990    hu            00010 hun d</controlfield>
    <datafield tag="020" ind1=" " ind2=" ">
      <subfield code="c">750,-Ft</subfield>
    </datafield>
    <datafield tag="028" ind1="0" ind2="0">
      <subfield code="a">HCD 37362-2</subfield>
    </datafield>
    <datafield tag="035" ind1=" " ind2=" ">
      <subfield code="a">bibVFK00001361</subfield>
    </datafield>
    <datafield tag="040" ind1=" " ind2=" ">
      <subfield code="a">VFMK</subfield>
    </datafield>
    <datafield tag="110" ind1="2" ind2=" ">
      <subfield code="a">100 Folk Celsius</subfield>
    </datafield>
    <datafield tag="245" ind1="1" ind2="0">
      <subfield code="a">100 Folk Celsius</subfield>
      <subfield code="h">[Hangfelvétel] /</subfield>
      <subfield code="c">Droszmér István [és mások] ; szöv. Csukás István [és mások] ; [ea.] 100 Folk Celsius.) ; közrem. Eszményi Viktória, é. ; Kudlik Júlia, próza [és mások]</subfield>
    </datafield>
    <datafield tag="260" ind1=" " ind2=" ">
      <subfield code="a">[Bp.] :</subfield>
      <subfield code="b">Hungaroton-Pepita,</subfield>
      <subfield code="c">1990</subfield>
    </datafield>
    <datafield tag="300" ind1=" " ind2=" ">
      <subfield code="a">1 db CD :</subfield>
      <subfield code="b">sztereó ;</subfield>
      <subfield code="c">12 cm</subfield>
    </datafield>
    <datafield tag="306" ind1=" " ind2=" ">
      <subfield code="a">72 min 12 s</subfield>
    </datafield>
    <datafield tag="504" ind1=" " ind2=" ">
      <subfield code="a">Cím-, szerzőségi és ea. adatok kieg. a borítóról</subfield>
    </datafield>
    <datafield tag="505" ind1="0" ind2="0">
      <subfield code="g">1.</subfield>
      <subfield code="t">Drága otthon /</subfield>
      <subfield code="r">[ea.] 100 Folk Celsius--</subfield>
      <subfield code="g">2.</subfield>
      <subfield code="t">Mikor Szekszárdra készültem /</subfield>
      <subfield code="r">[ea.] 100 Folk Celsius--</subfield>
      <subfield code="g">3.</subfield>
      <subfield code="t">Nincs jobb lány, mint Jo-Jo /</subfield>
      <subfield code="r">[ea.] 100 Folk Celsius--</subfield>
      <subfield code="g">4.</subfield>
      <subfield code="t">Ohio /</subfield>
      <subfield code="r">[ea.] 100 Folk Celsius--</subfield>
      <subfield code="g">5.</subfield>
      <subfield code="t">Anyám, ha szeretsz egy kicsit /</subfield>
      <subfield code="r">[ea.] 100 Folk Celsius--</subfield>
      <subfield code="g">6.</subfield>
      <subfield code="t">Köhögni kell /</subfield>
      <subfield code="r">[ea.] 100 Folk Celsius--</subfield>
      <subfield code="g">7.</subfield>
      <subfield code="t">Paff /</subfield>
      <subfield code="r">[ea.] 100 Folk Celsius--</subfield>
      <subfield code="g">8.</subfield>
      <subfield code="t">Hány lába van? /</subfield>
      <subfield code="r">[ea.] 100 Folk Celsius--</subfield>
      <subfield code="g">9.</subfield>
      <subfield code="t">Altaó /</subfield>
      <subfield code="r">[ea.] 100 Folk Celsius--</subfield>
      <subfield code="g">10.</subfield>
      <subfield code="t">Ferkó, Öcsi meg én... /</subfield>
      <subfield code="r">[ea.] 100 Folk Celsius--</subfield>
      <subfield code="g">11.</subfield>
      <subfield code="t">Jégvirág /</subfield>
      <subfield code="r">[ea.] 100 Folk Celsius--</subfield>
      <subfield code="g">12.</subfield>
      <subfield code="t">A nagy Ho-Ho-Ho /</subfield>
      <subfield code="r">Pető Zsolt ; szöv. Csukás István ; [ea.] 100 Folk Celsius--</subfield>
      <subfield code="g">13.</subfield>
      <subfield code="t">Miki Manó /</subfield>
      <subfield code="r">[ea.] 100 Folk Celsius--</subfield>
      <subfield code="g">14.</subfield>
      <subfield code="t">Három kivánság /</subfield>
      <subfield code="r">Heilig Gábor ; [ea.] 100 Folk Celsius--</subfield>
      <subfield code="g">15.</subfield>
      <subfield code="t">BMX csodabringa /</subfield>
      <subfield code="r">[ea.] 100 Folk Celsius--</subfield>
      <subfield code="g">16.</subfield>
      <subfield code="t">Nyelvtörő /</subfield>
      <subfield code="r">[ea.] 100 Folk Celsius--</subfield>
      <subfield code="g">17.</subfield>
      <subfield code="t">Megint elmúlt egy nyár /</subfield>
      <subfield code="r">[ea.] 100 Folk Celsius--</subfield>
      <subfield code="g">18.</subfield>
      <subfield code="t">TV-Maci /</subfield>
      <subfield code="r">[ea.] 100 Folk Celsius--</subfield>
      <subfield code="g">19.</subfield>
      <subfield code="t">Miért piros? /</subfield>
      <subfield code="r">[ea.] 100 Folk Celsius--</subfield>
      <subfield code="g">20.</subfield>
      <subfield code="t">Ünnepek ünnepe /</subfield>
      <subfield code="r">[ea.] 100 Folk Celsius</subfield>
    </datafield>
    <datafield tag="650" ind1=" " ind2="4">
      <subfield code="a">Magyar</subfield>
    </datafield>
    <datafield tag="650" ind1=" " ind2="5">
      <subfield code="a">Könnyűzene</subfield>
    </datafield>
    <datafield tag="650" ind1=" " ind2="5">
      <subfield code="a">Country-zene</subfield>
    </datafield>
    <datafield tag="700" ind1="1" ind2=" ">
      <subfield code="a">Eszményi Viktória</subfield>
      <subfield code="c">(é.)</subfield>
      <subfield code="4">é.</subfield>
    </datafield>
    <datafield tag="700" ind1="1" ind2=" ">
      <subfield code="a">Kudlik Júlia</subfield>
      <subfield code="d">(1945-)</subfield>
      <subfield code="4">prózai szöv.</subfield>
    </datafield>
    <datafield tag="710" ind1="2" ind2=" ">
      <subfield code="a">100 Folk Celsius</subfield>
      <subfield code="4">ea.</subfield>
    </datafield>
    <datafield tag="852" ind1=" " ind2=" ">
      <subfield code="a">SZL1</subfield>
      <subfield code="b">SZL1</subfield>
      <subfield code="x">bibVFK00001361</subfield>
    </datafield>
  </record>
  <record>
    <leader>00959cjm  2200181   4500</leader>
    <controlfield tag="001">MOKKAN0004253867  </controlfield>
    <controlfield tag="005">20070408174949.0</controlfield>
    <controlfield tag="008">      s1990                        hun d</controlfield>
    <datafield tag="028" ind1=" " ind2=" ">
      <subfield code="a">HCD 37362</subfield>
    </datafield>
    <datafield tag="035" ind1=" " ind2=" ">
      <subfield code="a">bibFSZ00438360</subfield>
    </datafield>
    <datafield tag="040" ind1=" " ind2=" ">
      <subfield code="a">FSZEK</subfield>
    </datafield>
    <datafield tag="110" ind1="2" ind2=" ">
      <subfield code="a">100 Folk Celsius</subfield>
    </datafield>
    <datafield tag="245" ind1="1" ind2="0">
      <subfield code="a">100 Folk Celsius</subfield>
      <subfield code="h">[Hangfelvétel]</subfield>
    </datafield>
    <datafield tag="260" ind1=" " ind2=" ">
      <subfield code="a">[Budapest] :</subfield>
      <subfield code="b">Hungaroton,</subfield>
      <subfield code="c">1990</subfield>
    </datafield>
    <datafield tag="300" ind1=" " ind2=" ">
      <subfield code="a">1 CD (72 min 10 s) ;</subfield>
      <subfield code="c">12 cm +</subfield>
      <subfield code="e">1 t.</subfield>
    </datafield>
    <datafield tag="505" ind1="0" ind2="0">
      <subfield code="g">1.,</subfield>
      <subfield code="t">Drága otthon</subfield>
      <subfield code="g">2.,</subfield>
      <subfield code="t">Mikor Szekszárdra készültem</subfield>
      <subfield code="g">3.,</subfield>
      <subfield code="t">Nincs jobb lány, mint a Jo-Jo</subfield>
      <subfield code="g">4.,</subfield>
      <subfield code="t">Ohio</subfield>
      <subfield code="g">5.,</subfield>
      <subfield code="t">Anyám, ha szeretsz egy kicsit</subfield>
      <subfield code="g">6.,</subfield>
      <subfield code="t">Köhögni kell</subfield>
      <subfield code="g">7.,</subfield>
      <subfield code="t">Paff</subfield>
      <subfield code="g">8.,</subfield>
      <subfield code="t">Hány lába van?</subfield>
      <subfield code="g">9.,</subfield>
      <subfield code="t">Altató</subfield>
      <subfield code="g">10.,</subfield>
      <subfield code="t">Ferkó, Öcsi meg én...</subfield>
      <subfield code="g">11.,</subfield>
      <subfield code="t">Jégvirág</subfield>
      <subfield code="g">12.,</subfield>
      <subfield code="t">A nagy Ho-Ho-Ho</subfield>
      <subfield code="g">13.,</subfield>
      <subfield code="t">Miki Manó</subfield>
      <subfield code="g">14.,</subfield>
      <subfield code="t">Három kívánság</subfield>
      <subfield code="g">15.,</subfield>
      <subfield code="t">BMX, a csodabringa</subfield>
      <subfield code="g">16.,</subfield>
      <subfield code="t">Nyelvtörő</subfield>
      <subfield code="g">17.,</subfield>
      <subfield code="t">Megint elmúlt egy nyár</subfield>
      <subfield code="g">18.,</subfield>
      <subfield code="t">TV-Maci</subfield>
      <subfield code="g">19.,</subfield>
      <subfield code="t">Miért piros?</subfield>
      <subfield code="g">20.,</subfield>
      <subfield code="t">Ünnepek ünnepe</subfield>
    </datafield>
    <datafield tag="695" ind1=" " ind2="1">
      <subfield code="a">country</subfield>
    </datafield>
    <datafield tag="852" ind1=" " ind2=" ">
      <subfield code="a">B10</subfield>
      <subfield code="B">1401</subfield>
      <subfield code="B">1601</subfield>
      <subfield code="b">0602</subfield>
      <subfield code="x">bibFSZ00438360</subfield>
    </datafield>
  </record>
  <record>
    <leader>01180njm  2200229   4500</leader>
    <controlfield tag="001">MOKKAN0004279588  </controlfield>
    <controlfield tag="005">20070409122801.0</controlfield>
    <controlfield tag="008">051212s2005                        hun d</controlfield>
    <datafield tag="028" ind1=" " ind2=" ">
      <subfield code="a">5101-11174-2</subfield>
    </datafield>
    <datafield tag="035" ind1=" " ind2=" ">
      <subfield code="a">bibFSZ01206981</subfield>
    </datafield>
    <datafield tag="040" ind1=" " ind2=" ">
      <subfield code="a">FSZEK</subfield>
    </datafield>
    <datafield tag="110" ind1="2" ind2=" ">
      <subfield code="a">100 Folk Celsius</subfield>
    </datafield>
    <datafield tag="245" ind1="1" ind2="0">
      <subfield code="a">100 Folk Celsius</subfield>
      <subfield code="h">[Hangfelvétel] :</subfield>
      <subfield code="b">digitálisan újramasterelt felvételek</subfield>
    </datafield>
    <datafield tag="260" ind1=" " ind2=" ">
      <subfield code="a">[Budapest] :</subfield>
      <subfield code="b">Magneoton,</subfield>
      <subfield code="c">cop. 2005</subfield>
    </datafield>
    <datafield tag="300" ind1=" " ind2=" ">
      <subfield code="a">1 CD (72 min 52 s) ;</subfield>
      <subfield code="c">12 cm</subfield>
    </datafield>
    <datafield tag="490" ind1="1" ind2=" ">
      <subfield code="a">(Platina sorozat. A '90-es évek legnagyobb sikerei)</subfield>
    </datafield>
    <datafield tag="500" ind1=" " ind2=" ">
      <subfield code="a">Kemény papírtokban</subfield>
    </datafield>
    <datafield tag="505" ind1="0" ind2="0">
      <subfield code="t">Róka Roland ;</subfield>
      <subfield code="t">Csokitorta ;</subfield>
      <subfield code="t">Miki Manó meséi ;</subfield>
      <subfield code="t">A kutyám meg én ;</subfield>
      <subfield code="t">Szülinapom van hát tudja meg a világ ;</subfield>
      <subfield code="t">A világ lustája ;</subfield>
      <subfield code="t">Állati emlék ;</subfield>
      <subfield code="t">Kakaóbetyár ;</subfield>
      <subfield code="t">A mérleg ;</subfield>
      <subfield code="t">A nagy ho-ho-horgász ;</subfield>
      <subfield code="t">Minden évben egyszer ;</subfield>
      <subfield code="t">Énekelj kis haver ;</subfield>
      <subfield code="t">Macskásított induló ;</subfield>
      <subfield code="t">Évszakok ;</subfield>
      <subfield code="t">Vidámpark ;</subfield>
      <subfield code="t">A fánk fa ;</subfield>
      <subfield code="t">Miki Manó építkezik ;</subfield>
      <subfield code="t">A mama dala ;</subfield>
      <subfield code="t">Mindig jót akarok ;</subfield>
      <subfield code="t">Ajándék ;</subfield>
      <subfield code="t">Boldog születésnapot ;</subfield>
      <subfield code="t">Orrtyű ;</subfield>
      <subfield code="t">Paff a bűvös sárkány</subfield>
    </datafield>
    <datafield tag="695" ind1=" " ind2="1">
      <subfield code="a">pop</subfield>
    </datafield>
    <datafield tag="695" ind1=" " ind2="1">
      <subfield code="a">country</subfield>
    </datafield>
    <datafield tag="830" ind1="0" ind2=" ">
      <subfield code="a">Platina sorozat.</subfield>
      <subfield code="p">A '90-es évek legnagyobb sikerei</subfield>
    </datafield>
    <datafield tag="852" ind1=" " ind2=" ">
      <subfield code="a">B10</subfield>
      <subfield code="b">1704</subfield>
      <subfield code="x">bibFSZ01206981</subfield>
    </datafield>
  </record>
  <record>
    <leader>02221njm  2200229 i 4500</leader>
    <controlfield tag="001">MOKKAZ0003390127  </controlfield>
    <controlfield tag="005">20070213212745.0</controlfield>
    <controlfield tag="008">961219s1990    hu   nn          1  hun d</controlfield>
    <datafield tag="028" ind1="0" ind2=" ">
      <subfield code="a">HCD 37362</subfield>
      <subfield code="b">Pepita</subfield>
    </datafield>
    <datafield tag="028" ind1=" " ind2=" ">
      <subfield code="a">HCD 37362</subfield>
    </datafield>
    <datafield tag="035" ind1=" " ind2=" ">
      <subfield code="a">bibKLT00124936</subfield>
    </datafield>
    <datafield tag="040" ind1=" " ind2=" ">
      <subfield code="a">DEENK</subfield>
    </datafield>
    <datafield tag="041" ind1=" " ind2=" ">
      <subfield code="a">hun</subfield>
      <subfield code="b">hun</subfield>
    </datafield>
    <datafield tag="245" ind1="0" ind2="0">
      <subfield code="a">100 Folk Celsius</subfield>
      <subfield code="h">[Hangfelvétel]</subfield>
    </datafield>
    <datafield tag="260" ind1=" " ind2=" ">
      <subfield code="a">[Budapest] :</subfield>
      <subfield code="b">Pepita,</subfield>
      <subfield code="c">1990</subfield>
    </datafield>
    <datafield tag="300" ind1=" " ind2=" ">
      <subfield code="a">1 CD :</subfield>
      <subfield code="b">AAD ;</subfield>
      <subfield code="c">12 cm +</subfield>
      <subfield code="e">melléklet</subfield>
    </datafield>
    <datafield tag="306" ind1=" " ind2=" ">
      <subfield code="a">(72 min 10 s)</subfield>
    </datafield>
    <datafield tag="505" ind1="0" ind2="0">
      <subfield code="g">1.</subfield>
      <subfield code="t">Drága otthon /</subfield>
      <subfield code="r">Droszméter István +</subfield>
      <subfield code="g">2.</subfield>
      <subfield code="t">Mikor Szekszárdra készültem /</subfield>
      <subfield code="r">Droszméter István +</subfield>
      <subfield code="g">3.</subfield>
      <subfield code="t">Nincs jobb lány, mint a Jo-jo /</subfield>
      <subfield code="r">Droszméter István +</subfield>
      <subfield code="g">4.</subfield>
      <subfield code="t">Ohio /</subfield>
      <subfield code="r">trad. - Muzsay András +</subfield>
      <subfield code="g">5.</subfield>
      <subfield code="t">Anyám, ha szeretsz egy kicsit /</subfield>
      <subfield code="r">Droszméter István +</subfield>
      <subfield code="g">6.</subfield>
      <subfield code="t">Köhögni kell /</subfield>
      <subfield code="r">Littvay Imre - Kovács J. László - Mikes Attila +</subfield>
      <subfield code="g">7.</subfield>
      <subfield code="t">Paff /</subfield>
      <subfield code="r">Peter Yarrow - Leonard Lipton - Orbán József - Muzsay András (feldolg.) +</subfield>
      <subfield code="g">8.</subfield>
      <subfield code="t">Hány lába van? /</subfield>
      <subfield code="r">Droszméter István +</subfield>
      <subfield code="g">9.</subfield>
      <subfield code="t">Altató /</subfield>
      <subfield code="r">Kovács J. László - Droszméter István +</subfield>
      <subfield code="g">10.</subfield>
      <subfield code="t">Ferkó, Öcsi meg én /</subfield>
      <subfield code="r">100 Folk Celsius +</subfield>
      <subfield code="g">11.</subfield>
      <subfield code="t">Jégvirág /</subfield>
      <subfield code="r">100 Folk Celsius +</subfield>
      <subfield code="g">12.</subfield>
      <subfield code="t">A nagy Ho-Ho-Ho /</subfield>
      <subfield code="r">Pető Zsolt - Csukás István +</subfield>
      <subfield code="g">13.</subfield>
      <subfield code="t">Miki Manó /</subfield>
      <subfield code="r">100 Folk Celsius +</subfield>
      <subfield code="g">14.</subfield>
      <subfield code="t">Három kívánság /</subfield>
      <subfield code="r">Heilig Gábor +</subfield>
      <subfield code="g">15.</subfield>
      <subfield code="t">BMX, a csodabringa /</subfield>
      <subfield code="r">Zsoldos Gábor - Heilig Gábor +</subfield>
      <subfield code="g">16.</subfield>
      <subfield code="t">Nyelvtörő /</subfield>
      <subfield code="r">Littvay Imre - Heilig Gábor +</subfield>
      <subfield code="g">17.</subfield>
      <subfield code="t">Megint elmúlt egy nyár /</subfield>
      <subfield code="r">Heilig Gábor - 100 Folk Celsius +</subfield>
      <subfield code="g">18.</subfield>
      <subfield code="t">TV-maci /</subfield>
      <subfield code="r">Heilig Gábor +</subfield>
      <subfield code="g">19.</subfield>
      <subfield code="t">Ünnepek ünnepek /</subfield>
      <subfield code="r">Heilig Gábor</subfield>
    </datafield>
    <datafield tag="511" ind1="2" ind2=" ">
      <subfield code="a">100 Folk Celsius (Drosztméter István - Kovács J. László - Littvay Imre - Mikes Attila - Orbán József - Heilig Gábor - Kocsándi Miklós) ; Eszményi Viktória ; Kudlik Júlia ; Vincze Lilla ; Flipper Öcsi ; D. Nagy Lajos ; Demjén Ferenc ; Karácsony János ; Gőz László ; Lerch István ; Solti János ; Berkes Gábor ; Kószás László ; Hajas György ; ifj. Csoóri Sándor ; Egerer Zoltán ; Réti János ; Berkes Zoltán ; Balaton László ; Zsoldos Béla ; Bacsek István ; LGM gyermekkórus</subfield>
    </datafield>
    <datafield tag="852" ind1=" " ind2=" ">
      <subfield code="a">B10</subfield>
      <subfield code="B">1401</subfield>
      <subfield code="b">1601</subfield>
      <subfield code="x">bibFSZ00438360</subfield>
    </datafield>
    <datafield tag="852" ind1=" " ind2=" ">
      <subfield code="a">SZK1</subfield>
      <subfield code="b">SZK1</subfield>
      <subfield code="x">bibTMK00042864</subfield>
    </datafield>
    <datafield tag="856" ind1=" " ind2="7">
      <subfield code="2">http</subfield>
      <subfield code="3">A CD borítója és zenei motívum</subfield>
      <subfield code="u">http://www.lib.klte.hu/voyager/mc/mc.cgi?00108751</subfield>
      <subfield code="x">DEENK</subfield>
    </datafield>
  </record>
  <record>
    <leader>01427njm  2200205 i 4500</leader>
    <controlfield tag="001">MOKKAZ0003447928  </controlfield>
    <controlfield tag="005">20040909191605.0</controlfield>
    <controlfield tag="008">971125s1992    hu   nn          1  hun d</controlfield>
    <datafield tag="028" ind1="0" ind2=" ">
      <subfield code="a">MZ 059</subfield>
      <subfield code="b">Zebra</subfield>
    </datafield>
    <datafield tag="035" ind1=" " ind2=" ">
      <subfield code="a">bibKLT00158348</subfield>
    </datafield>
    <datafield tag="040" ind1=" " ind2=" ">
      <subfield code="a">DEENK</subfield>
    </datafield>
    <datafield tag="041" ind1=" " ind2=" ">
      <subfield code="a">hun</subfield>
      <subfield code="b">hun</subfield>
    </datafield>
    <datafield tag="245" ind1="0" ind2="0">
      <subfield code="a">100 Folk Celsius</subfield>
      <subfield code="h">[Hgf.] :</subfield>
      <subfield code="b">(nem) csak nőknek</subfield>
    </datafield>
    <datafield tag="260" ind1=" " ind2=" ">
      <subfield code="a">[Budapest] :</subfield>
      <subfield code="b">Zebra,</subfield>
      <subfield code="c">1992</subfield>
    </datafield>
    <datafield tag="300" ind1=" " ind2=" ">
      <subfield code="a">1 CD :</subfield>
      <subfield code="b">AAD ;</subfield>
      <subfield code="c">12 cm +</subfield>
      <subfield code="e">melléklet</subfield>
    </datafield>
    <datafield tag="306" ind1=" " ind2=" ">
      <subfield code="a">(52 min 51 s)</subfield>
    </datafield>
    <datafield tag="505" ind1="0" ind2="0">
      <subfield code="g">1.</subfield>
      <subfield code="t">Angyalok és boszorkák /</subfield>
      <subfield code="r">Littvay I. - Heilig G. +</subfield>
      <subfield code="g">2.</subfield>
      <subfield code="t">California /</subfield>
      <subfield code="r">Littvay I. +</subfield>
      <subfield code="g">3.</subfield>
      <subfield code="t">Késve jöttél /</subfield>
      <subfield code="r">Orbán J. +</subfield>
      <subfield code="g">4.</subfield>
      <subfield code="t">Egy cowboy Rióban /</subfield>
      <subfield code="r">Littvay I. +</subfield>
      <subfield code="g">5.</subfield>
      <subfield code="t">Csak az a fontos /</subfield>
      <subfield code="r">Droszméter I. +</subfield>
      <subfield code="g">6.</subfield>
      <subfield code="t">18 év felett /</subfield>
      <subfield code="r">Kovács J. L. - Littvay I. +</subfield>
      <subfield code="g">7.</subfield>
      <subfield code="t">Dalom a szél /</subfield>
      <subfield code="r">Kocsándi M. - Orbán J. +</subfield>
      <subfield code="g">8.</subfield>
      <subfield code="t">Vándormadár /</subfield>
      <subfield code="r">Littvay I. - Orbán J. +</subfield>
      <subfield code="g">9.</subfield>
      <subfield code="t">Vakrepülés /</subfield>
      <subfield code="r">Kocsándi M. - Heilig G. +</subfield>
      <subfield code="g">10.</subfield>
      <subfield code="t">Egyedül kettesben /</subfield>
      <subfield code="r">Kovács J. - Heilig G. +</subfield>
      <subfield code="g">11.</subfield>
      <subfield code="t">Vándor zsebretett kézzel /</subfield>
      <subfield code="r">Kocsándi M. - Heilig G. +</subfield>
      <subfield code="g">12.</subfield>
      <subfield code="t">Vízparti esték /</subfield>
      <subfield code="r">Kovács J. L. +</subfield>
      <subfield code="g">13.</subfield>
      <subfield code="t">Az öreg cowboy dala /</subfield>
      <subfield code="r">Heilig G. +</subfield>
      <subfield code="g">14.</subfield>
      <subfield code="t">Távol vagy tőlem /</subfield>
      <subfield code="r">Kocsándi M. - Heilig G.</subfield>
    </datafield>
    <datafield tag="511" ind1="2" ind2=" ">
      <subfield code="a">100 Folk Celsius (Miklós Attila - Orbán József - Kovács József László - Droszméter István - Heilig Gábor - Kocsándi Miklós - Littvay Imre)</subfield>
    </datafield>
    <datafield tag="852" ind1=" " ind2=" ">
      <subfield code="a">D1</subfield>
      <subfield code="b">D1/Z</subfield>
      <subfield code="x">bibKLT00158348</subfield>
    </datafield>
    <datafield tag="856" ind1=" " ind2="7">
      <subfield code="2">http</subfield>
      <subfield code="3">A CD borítója és zenei motívum</subfield>
      <subfield code="u">http://www.lib.klte.hu/voyager/mc/mc.cgi?00103336</subfield>
      <subfield code="x">DEENK</subfield>
    </datafield>
  </record>
  <record>
    <leader>00405ngm  2200157 i 4500</leader>
    <controlfield tag="001">MOKKAS0001573336  </controlfield>
    <controlfield tag="005">20060113222401.0</controlfield>
    <controlfield tag="008">050903b        hu            00010 hun d</controlfield>
    <datafield tag="035" ind1=" " ind2=" ">
      <subfield code="a">bibVFK00008457</subfield>
    </datafield>
    <datafield tag="040" ind1=" " ind2=" ">
      <subfield code="a">VFMK</subfield>
    </datafield>
    <datafield tag="245" ind1="0" ind2="0">
      <subfield code="a">100 Folk Celsius: Miki Manó</subfield>
      <subfield code="h">[Videofelvétel]</subfield>
    </datafield>
    <datafield tag="300" ind1=" " ind2=" ">
      <subfield code="a">videokazetta</subfield>
    </datafield>
    <datafield tag="650" ind1=" " ind2="4">
      <subfield code="a">Magyar</subfield>
    </datafield>
    <datafield tag="650" ind1=" " ind2="5">
      <subfield code="a">Zenés film</subfield>
    </datafield>
    <datafield tag="650" ind1=" " ind2="5">
      <subfield code="a">Koncertfilm</subfield>
    </datafield>
    <datafield tag="852" ind1=" " ind2=" ">
      <subfield code="a">SZL1</subfield>
      <subfield code="b">SZL1</subfield>
      <subfield code="x">bibVFK00008457</subfield>
    </datafield>
  </record>
  <record>
    <leader>01333fam  2200373 i 4500</leader>
    <controlfield tag="001">MOKKAZ0006354853  </controlfield>
    <controlfield tag="005">20040915194134.0</controlfield>
    <controlfield tag="008">971121t19971997hu aro        000 0 hun d</controlfield>
    <datafield tag="020" ind1=" " ind2=" ">
      <subfield code="a">963-9022-53-5 (kötött) :</subfield>
      <subfield code="c">1050,-Ft</subfield>
    </datafield>
    <datafield tag="035" ind1=" " ind2=" ">
      <subfield code="a">259395</subfield>
    </datafield>
    <datafield tag="040" ind1=" " ind2=" ">
      <subfield code="a">OSZK</subfield>
    </datafield>
    <datafield tag="041" ind1="0" ind2=" ">
      <subfield code="a">hunhun</subfield>
    </datafield>
    <datafield tag="245" ind1="0" ind2="0">
      <subfield code="a">100 foltos ötlet : </subfield>
      <subfield code="b">folton-folt modellek és technikák : patchwork /</subfield>
      <subfield code="c">a Magyar Foltvarró Céh anyagából vál. Dolányi Anna ; [fotó Fejér Kati]</subfield>
    </datafield>
    <datafield tag="260" ind1=" " ind2=" ">
      <subfield code="a">[Budapest] :</subfield>
      <subfield code="b">Pallas Stúdió,</subfield>
      <subfield code="c">cop. 1997</subfield>
      <subfield code="e">([Budapest]</subfield>
      <subfield code="f">Kossuth)</subfield>
    </datafield>
    <datafield tag="300" ind1=" " ind2=" ">
      <subfield code="a">80 p. :</subfield>
      <subfield code="b">ill., részben színes ;</subfield>
      <subfield code="c">32 cm</subfield>
    </datafield>
    <datafield tag="650" ind1=" " ind2="4">
      <subfield code="a">foltvarrás</subfield>
    </datafield>
    <datafield tag="650" ind1=" " ind2="4">
      <subfield code="a">szabás-varrás</subfield>
    </datafield>
    <datafield tag="650" ind1=" " ind2="4">
      <subfield code="a">Textilmunkák</subfield>
    </datafield>
    <datafield tag="650" ind1=" " ind2="4">
      <subfield code="a">Patchwork</subfield>
    </datafield>
    <datafield tag="650" ind1=" " ind2="4">
      <subfield code="a">Foltmozaik</subfield>
    </datafield>
    <datafield tag="650" ind1=" " ind2="0">
      <subfield code="a">Patchwork.</subfield>
    </datafield>
    <datafield tag="650" ind1=" " ind2="7">
      <subfield code="a">Textilmunka</subfield>
      <subfield code="x">foltmozaik</subfield>
      <subfield code="2">szte</subfield>
    </datafield>
    <datafield tag="700" ind1="1" ind2=" ">
      <subfield code="a">Dolányi Anna</subfield>
      <subfield code="4">(vál.)</subfield>
    </datafield>
    <datafield tag="700" ind1="1" ind2=" ">
      <subfield code="a">Fejér Kati</subfield>
      <subfield code="4">(fotó)</subfield>
    </datafield>
    <datafield tag="710" ind1="2" ind2=" ">
      <subfield code="a">Magyar Foltvarró Céh</subfield>
      <subfield code="4">mt.</subfield>
    </datafield>
    <datafield tag="852" ind1=" " ind2=" ">
      <subfield code="a">B1</subfield>
      <subfield code="b">B1</subfield>
      <subfield code="x">259395</subfield>
    </datafield>
    <datafield tag="852" ind1=" " ind2=" ">
      <subfield code="a">B10</subfield>
      <subfield code="B">0801</subfield>
      <subfield code="B">1803</subfield>
      <subfield code="B">2105</subfield>
      <subfield code="B">1308</subfield>
      <subfield code="B">0301</subfield>
      <subfield code="B">1003</subfield>
      <subfield code="B">1704</subfield>
      <subfield code="B">1004</subfield>
      <subfield code="B">1401</subfield>
      <subfield code="B">1404</subfield>
      <subfield code="B">1601</subfield>
      <subfield code="B">1602</subfield>
      <subfield code="B">1702</subfield>
      <subfield code="B">1402</subfield>
      <subfield code="b">1504</subfield>
      <subfield code="x">bibFSZ00127353</subfield>
    </datafield>
    <datafield tag="852" ind1=" " ind2=" ">
      <subfield code="a">GY1</subfield>
      <subfield code="b">GY1</subfield>
      <subfield code="x">347258</subfield>
    </datafield>
    <datafield tag="852" ind1=" " ind2=" ">
      <subfield code="a">BCS1</subfield>
      <subfield code="b">BCS1</subfield>
      <subfield code="x">bibBKO00211174</subfield>
    </datafield>
    <datafield tag="852" ind1=" " ind2=" ">
      <subfield code="a">SZL1</subfield>
      <subfield code="b">SZL1</subfield>
      <subfield code="x">bibVFK00190760</subfield>
    </datafield>
    <datafield tag="852" ind1=" " ind2=" ">
      <subfield code="a">H1</subfield>
      <subfield code="b">H1</subfield>
      <subfield code="x">NLVK582751</subfield>
    </datafield>
    <datafield tag="852" ind1=" " ind2=" ">
      <subfield code="a">D1</subfield>
      <subfield code="b">D1</subfield>
      <subfield code="x">bibKLT00173562</subfield>
    </datafield>
    <datafield tag="852" ind1=" " ind2=" ">
      <subfield code="a">SZ1</subfield>
      <subfield code="b">SZ1</subfield>
      <subfield code="x">bibKLT00173562</subfield>
    </datafield>
    <datafield tag="852" ind1=" " ind2=" ">
      <subfield code="a">P1</subfield>
      <subfield code="b">P1/M</subfield>
      <subfield code="x">bibJPT00110583</subfield>
    </datafield>
  </record>
  <record>
    <leader>01226fam  2200361 i 4500</leader>
    <controlfield tag="001">MOKKAZ0006359634  </controlfield>
    <controlfield tag="005">20040915194401.0</controlfield>
    <controlfield tag="008">980309t19971997hu aro        000 0 hun d</controlfield>
    <datafield tag="020" ind1=" " ind2=" ">
      <subfield code="a">963-9022-58-6 (kötött)</subfield>
    </datafield>
    <datafield tag="035" ind1=" " ind2=" ">
      <subfield code="a">278214</subfield>
    </datafield>
    <datafield tag="040" ind1=" " ind2=" ">
      <subfield code="a">OSZK</subfield>
    </datafield>
    <datafield tag="041" ind1="0" ind2=" ">
      <subfield code="a">hunhun</subfield>
    </datafield>
    <datafield tag="245" ind1="0" ind2="0">
      <subfield code="a">100 foltos ötlet : </subfield>
      <subfield code="b">folton-folt modellek és technikák : patchwork /</subfield>
      <subfield code="c">a Magyar Foltvarró Céh anyagából vál. Dolányi Anna ; [fotó Fejér Kati]</subfield>
    </datafield>
    <datafield tag="250" ind1=" " ind2=" ">
      <subfield code="a">2. kiad.</subfield>
    </datafield>
    <datafield tag="260" ind1=" " ind2=" ">
      <subfield code="a">[Budapest] :</subfield>
      <subfield code="b">Pallas Stúdió,</subfield>
      <subfield code="c">cop. 1997</subfield>
      <subfield code="e">([Budapest]</subfield>
      <subfield code="f">Kossuth)</subfield>
    </datafield>
    <datafield tag="300" ind1=" " ind2=" ">
      <subfield code="a">80 p. :</subfield>
      <subfield code="b">ill., részben színes ;</subfield>
      <subfield code="c">32 cm</subfield>
    </datafield>
    <datafield tag="650" ind1=" " ind2="7">
      <subfield code="a">Kézimunka</subfield>
      <subfield code="x">foltvarrás</subfield>
      <subfield code="2">szte</subfield>
    </datafield>
    <datafield tag="650" ind1=" " ind2="7">
      <subfield code="a">Patchwork</subfield>
      <subfield code="2">szte</subfield>
    </datafield>
    <datafield tag="650" ind1=" " ind2="4">
      <subfield code="a">foltvarrás</subfield>
    </datafield>
    <datafield tag="650" ind1=" " ind2="4">
      <subfield code="a">Foltmozaik</subfield>
    </datafield>
    <datafield tag="650" ind1=" " ind2="0">
      <subfield code="a">Patchwork.</subfield>
    </datafield>
    <datafield tag="653" ind1=" " ind2=" ">
      <subfield code="a">Foltvarrás</subfield>
    </datafield>
    <datafield tag="700" ind1="1" ind2=" ">
      <subfield code="a">Dolányi Anna</subfield>
      <subfield code="4">(vál.)</subfield>
    </datafield>
    <datafield tag="700" ind1="1" ind2=" ">
      <subfield code="a">Fejér Kati</subfield>
      <subfield code="4">(fotó)</subfield>
    </datafield>
    <datafield tag="710" ind1="2" ind2=" ">
      <subfield code="a">Magyar Foltvarró Céh</subfield>
      <subfield code="4">mt.</subfield>
    </datafield>
    <datafield tag="852" ind1=" " ind2=" ">
      <subfield code="a">B1</subfield>
      <subfield code="b">B1</subfield>
      <subfield code="x">278214</subfield>
    </datafield>
    <datafield tag="852" ind1=" " ind2=" ">
      <subfield code="a">B10</subfield>
      <subfield code="B">2201</subfield>
      <subfield code="B">0801</subfield>
      <subfield code="B">1903</subfield>
      <subfield code="B">2002</subfield>
      <subfield code="b">0401</subfield>
      <subfield code="x">bibFSZ00137217</subfield>
    </datafield>
    <datafield tag="852" ind1=" " ind2=" ">
      <subfield code="a">SZ4</subfield>
      <subfield code="b">SZ4</subfield>
      <subfield code="x">bibSOK00001383</subfield>
    </datafield>
    <datafield tag="852" ind1=" " ind2=" ">
      <subfield code="a">B11</subfield>
      <subfield code="b">B11</subfield>
      <subfield code="x">BMEOMIKK000129737</subfield>
    </datafield>
    <datafield tag="852" ind1=" " ind2=" ">
      <subfield code="a">BCS1</subfield>
      <subfield code="b">BCS1</subfield>
      <subfield code="x">bibBKO00215078</subfield>
    </datafield>
    <datafield tag="852" ind1=" " ind2=" ">
      <subfield code="a">SZK1</subfield>
      <subfield code="b">SZK1</subfield>
      <subfield code="x">bibTMK124842</subfield>
    </datafield>
    <datafield tag="852" ind1=" " ind2=" ">
      <subfield code="a">B646</subfield>
      <subfield code="b">B646</subfield>
      <subfield code="x">bibMIF00015955</subfield>
    </datafield>
    <datafield tag="852" ind1=" " ind2=" ">
      <subfield code="a">D1</subfield>
      <subfield code="b">D1</subfield>
      <subfield code="x">278214</subfield>
    </datafield>
  </record>
  <record>
    <leader>00862nam  2200253 i 4500</leader>
    <controlfield tag="001">MOKKAZ0003523092  </controlfield>
    <controlfield tag="005">20040909195517.0</controlfield>
    <controlfield tag="008">980518c19971997hu a          00000 hun d</controlfield>
    <datafield tag="020" ind1=" " ind2=" ">
      <subfield code="a">963 9022 89 6 (kötött)</subfield>
    </datafield>
    <datafield tag="035" ind1=" " ind2=" ">
      <subfield code="a">bibKLT00209598</subfield>
    </datafield>
    <datafield tag="040" ind1=" " ind2=" ">
      <subfield code="a">DEENK</subfield>
    </datafield>
    <datafield tag="245" ind1="0" ind2="0">
      <subfield code="a">100 foltos ötlet :</subfield>
      <subfield code="b">folton-folt modellek és technikák : patchwork /</subfield>
      <subfield code="c">a Magyar Foltvarró Céh anyagából vál. Dolányi Anna ; [fotó Fejér Kati]</subfield>
    </datafield>
    <datafield tag="250" ind1=" " ind2=" ">
      <subfield code="a">2., változatlan  kiad.</subfield>
    </datafield>
    <datafield tag="260" ind1=" " ind2=" ">
      <subfield code="a">[Budapest] :</subfield>
      <subfield code="b">Pallas Stúdió,</subfield>
      <subfield code="c">cop. 1997</subfield>
      <subfield code="e">([Budapest] :</subfield>
      <subfield code="f">Kossuth)</subfield>
    </datafield>
    <datafield tag="300" ind1=" " ind2=" ">
      <subfield code="a">80 p. :</subfield>
      <subfield code="b">ill., részben színes ;</subfield>
      <subfield code="c">32 cm</subfield>
    </datafield>
    <datafield tag="650" ind1=" " ind2="4">
      <subfield code="a">Foltmozaik</subfield>
    </datafield>
    <datafield tag="650" ind1=" " ind2="0">
      <subfield code="a">Patchwork.</subfield>
    </datafield>
    <datafield tag="695" ind1=" " ind2="4">
      <subfield code="a">Foltmozaik</subfield>
    </datafield>
    <datafield tag="695" ind1=" " ind2=" ">
      <subfield code="a">patchwork</subfield>
    </datafield>
    <datafield tag="700" ind1="1" ind2=" ">
      <subfield code="a">Dolányi Anna</subfield>
    </datafield>
    <datafield tag="700" ind1="1" ind2=" ">
      <subfield code="a">Fejér Katalin</subfield>
    </datafield>
    <datafield tag="710" ind1="2" ind2=" ">
      <subfield code="a">Magyar Foltvarró Céh</subfield>
    </datafield>
    <datafield tag="852" ind1=" " ind2=" ">
      <subfield code="a">D1</subfield>
      <subfield code="b">D1</subfield>
      <subfield code="x">bibKLT00209598</subfield>
    </datafield>
    <datafield tag="852" ind1=" " ind2=" ">
      <subfield code="a">S1</subfield>
      <subfield code="b">S1</subfield>
      <subfield code="x">bibSEF49437</subfield>
    </datafield>
  </record>
  <record>
    <leader>00726nam  2200217 i 4500</leader>
    <controlfield tag="001">MOKKAZ0003715708  </controlfield>
    <controlfield tag="005">20071114005539.0</controlfield>
    <controlfield tag="008">970721c19971994hu ro         00000 hun d</controlfield>
    <datafield tag="020" ind1=" " ind2=" ">
      <subfield code="a">963-9207-60-8 (kötött)</subfield>
    </datafield>
    <datafield tag="035" ind1=" " ind2=" ">
      <subfield code="a">bibSOK00120954</subfield>
    </datafield>
    <datafield tag="040" ind1=" " ind2=" ">
      <subfield code="a">DEENK</subfield>
    </datafield>
    <datafield tag="100" ind1="1" ind2=" ">
      <subfield code="a">Dolányi Anna</subfield>
    </datafield>
    <datafield tag="245" ind1="1" ind2="0">
      <subfield code="a">100 foltos ötlet :</subfield>
      <subfield code="b">patchwork : folton-folt modellek és technikák /</subfield>
      <subfield code="c">... vál. Dolányi Anna ; [fotó Fejér Kati]</subfield>
    </datafield>
    <datafield tag="260" ind1=" " ind2=" ">
      <subfield code="a">Budapest :</subfield>
      <subfield code="b">Pallas Stúdió,</subfield>
      <subfield code="c">[1997]</subfield>
    </datafield>
    <datafield tag="300" ind1=" " ind2=" ">
      <subfield code="a">80 p. :</subfield>
      <subfield code="b">ill. ;</subfield>
      <subfield code="c">32 cm</subfield>
    </datafield>
    <datafield tag="650" ind1=" " ind2="4">
      <subfield code="a">Foltmozaik</subfield>
      <subfield code="x">minták</subfield>
    </datafield>
    <datafield tag="650" ind1=" " ind2="0">
      <subfield code="a">Patchwork</subfield>
      <subfield code="x">Patterns.</subfield>
    </datafield>
    <datafield tag="650" ind1=" " ind2="7">
      <subfield code="a">Kézimunka</subfield>
      <subfield code="x">foltvarrás</subfield>
      <subfield code="2">szte</subfield>
    </datafield>
    <datafield tag="650" ind1=" " ind2="7">
      <subfield code="a">Patchwork</subfield>
      <subfield code="2">szte</subfield>
    </datafield>
    <datafield tag="852" ind1=" " ind2=" ">
      <subfield code="a">D1</subfield>
      <subfield code="B">HBO8</subfield>
      <subfield code="b">D1</subfield>
      <subfield code="x">bibSOK00120954</subfield>
    </datafield>
    <datafield tag="852" ind1=" " ind2=" ">
      <subfield code="a">SZ4</subfield>
      <subfield code="b">SZ4</subfield>
      <subfield code="x">bibSOK00120954</subfield>
    </datafield>
  </record>
  <record>
    <leader>00820nam  2200241 i 4500</leader>
    <controlfield tag="001">MOKKAZ0006373115  </controlfield>
    <controlfield tag="005">20040915195118.0</controlfield>
    <controlfield tag="008">990105s1998    hu aro        000 0 hun d</controlfield>
    <datafield tag="020" ind1=" " ind2=" ">
      <subfield code="a">963-9022-89-6 (kötött)</subfield>
    </datafield>
    <datafield tag="035" ind1=" " ind2=" ">
      <subfield code="a">334323</subfield>
    </datafield>
    <datafield tag="040" ind1=" " ind2=" ">
      <subfield code="a">OSZK</subfield>
    </datafield>
    <datafield tag="041" ind1="0" ind2=" ">
      <subfield code="a">hunhun</subfield>
    </datafield>
    <datafield tag="072" ind1=" " ind2="1">
      <subfield code="a">Y</subfield>
    </datafield>
    <datafield tag="245" ind1="0" ind2="0">
      <subfield code="a">100 foltos ötlet : </subfield>
      <subfield code="b">folton-folt modellek és technikák : patchwork /</subfield>
      <subfield code="c">a Magyar Foltvarró Céh anyagából vál. Dolányi Anna ; [fotó Fejér Kati]</subfield>
    </datafield>
    <datafield tag="250" ind1=" " ind2=" ">
      <subfield code="a">2. kiad.</subfield>
    </datafield>
    <datafield tag="260" ind1=" " ind2=" ">
      <subfield code="a">[Budapest] :</subfield>
      <subfield code="b">Pallas Stúdió,</subfield>
      <subfield code="c">[1998]</subfield>
      <subfield code="e">([Budapest]</subfield>
      <subfield code="f">Kossuth Ny.)</subfield>
    </datafield>
    <datafield tag="300" ind1=" " ind2=" ">
      <subfield code="a">80 p. :</subfield>
      <subfield code="b">ill., részben színes ;</subfield>
      <subfield code="c">32 cm</subfield>
    </datafield>
    <datafield tag="653" ind1=" " ind2=" ">
      <subfield code="a">Foltvarrás</subfield>
    </datafield>
    <datafield tag="700" ind1="1" ind2=" ">
      <subfield code="a">Dolányi Anna</subfield>
      <subfield code="4">(vál.)</subfield>
    </datafield>
    <datafield tag="700" ind1="1" ind2=" ">
      <subfield code="a">Fejér Kati</subfield>
      <subfield code="4">(fotó)</subfield>
    </datafield>
    <datafield tag="710" ind1="2" ind2=" ">
      <subfield code="a">Magyar Foltvarró Céh</subfield>
      <subfield code="4">mt.</subfield>
    </datafield>
    <datafield tag="852" ind1=" " ind2=" ">
      <subfield code="a">B1</subfield>
      <subfield code="b">B1</subfield>
      <subfield code="x">334323</subfield>
    </datafield>
    <datafield tag="852" ind1=" " ind2=" ">
      <subfield code="a">B11</subfield>
      <subfield code="b">B11</subfield>
      <subfield code="x">BMEOMIKK000420053</subfield>
    </datafield>
  </record>
  <record>
    <leader>00718nam  2200205 i 4500</leader>
    <controlfield tag="001">MOKKAZ0006439245  </controlfield>
    <controlfield tag="005">20040915202559.0</controlfield>
    <controlfield tag="008">020118s2001    hu aro        000 0 hun d</controlfield>
    <datafield tag="020" ind1=" " ind2=" ">
      <subfield code="a">963-9207-60-8 (kötött)</subfield>
    </datafield>
    <datafield tag="035" ind1=" " ind2=" ">
      <subfield code="a">910926</subfield>
    </datafield>
    <datafield tag="040" ind1=" " ind2=" ">
      <subfield code="a">OSZK</subfield>
    </datafield>
    <datafield tag="041" ind1="0" ind2=" ">
      <subfield code="a">hunhun</subfield>
    </datafield>
    <datafield tag="072" ind1=" " ind2="1">
      <subfield code="a">Y</subfield>
    </datafield>
    <datafield tag="245" ind1="0" ind2="0">
      <subfield code="a">100 foltos ötlet : </subfield>
      <subfield code="b">folton-folt modellek és technikák : patchwork /</subfield>
      <subfield code="c">a Magyar Foltvarró Céh anyagából vál. Dolányi Anna ; [fotó Fejér Kati]</subfield>
    </datafield>
    <datafield tag="260" ind1=" " ind2=" ">
      <subfield code="a">[Budapest] :</subfield>
      <subfield code="b">Pallas Stúdió,</subfield>
      <subfield code="c">[2001]</subfield>
      <subfield code="e">([Budapest]</subfield>
      <subfield code="f">Kossuth Ny.)</subfield>
    </datafield>
    <datafield tag="300" ind1=" " ind2=" ">
      <subfield code="a">80 p. :</subfield>
      <subfield code="b">ill., részben színes ;</subfield>
      <subfield code="c">32 cm</subfield>
    </datafield>
    <datafield tag="700" ind1="1" ind2=" ">
      <subfield code="a">Dolányi Anna</subfield>
      <subfield code="4">(vál.)</subfield>
    </datafield>
    <datafield tag="700" ind1="1" ind2=" ">
      <subfield code="a">Fejér Kati</subfield>
      <subfield code="4">(fotó)</subfield>
    </datafield>
    <datafield tag="710" ind1="2" ind2=" ">
      <subfield code="a">Magyar Foltvarró Céh</subfield>
    </datafield>
    <datafield tag="852" ind1=" " ind2=" ">
      <subfield code="a">B1</subfield>
      <subfield code="b">B1</subfield>
      <subfield code="x">910926</subfield>
    </datafield>
  </record>
  <record>
    <leader>00338cam  22001217  4500</leader>
    <controlfield tag="001">MOKKAZ0004448692  </controlfield>
    <controlfield tag="005">20040910071809.0</controlfield>
    <controlfield tag="008">      s1957                        und d</controlfield>
    <datafield tag="035" ind1=" " ind2=" ">
      <subfield code="a">bibFSZ00294805</subfield>
    </datafield>
    <datafield tag="040" ind1=" " ind2=" ">
      <subfield code="a">FSZEK</subfield>
    </datafield>
    <datafield tag="245" ind1="0" ind2="0">
      <subfield code="a">100 fotorecept /</subfield>
      <subfield code="c">Polster Alfred, Lentz Nándor</subfield>
    </datafield>
    <datafield tag="260" ind1=" " ind2=" ">
      <subfield code="a">[S.l.] :</subfield>
      <subfield code="b">[S.n.],</subfield>
      <subfield code="c">1957</subfield>
    </datafield>
    <datafield tag="852" ind1=" " ind2=" ">
      <subfield code="a">B10</subfield>
      <subfield code="b">0801</subfield>
      <subfield code="x">bibFSZ00294805</subfield>
    </datafield>
  </record>
  <record>
    <leader>00491nam  2200169   4500</leader>
    <controlfield tag="001">MOKKAS0002277348  </controlfield>
    <controlfield tag="005">20060527022728.0</controlfield>
    <controlfield tag="008">030707 1965    cs            00010 mul  </controlfield>
    <datafield tag="035" ind1=" " ind2=" ">
      <subfield code="a">bibSOK00148176</subfield>
    </datafield>
    <datafield tag="040" ind1=" " ind2=" ">
      <subfield code="a">SK</subfield>
    </datafield>
    <datafield tag="245" ind1="0" ind2="0">
      <subfield code="a">100 foto :</subfield>
      <subfield code="b">almanach fotografií /</subfield>
      <subfield code="c">[zostavil Miro Gregor]</subfield>
    </datafield>
    <datafield tag="260" ind1=" " ind2=" ">
      <subfield code="a">Vydavatel'stvo :</subfield>
      <subfield code="b">Obzor,</subfield>
      <subfield code="c">1965</subfield>
    </datafield>
    <datafield tag="300" ind1=" " ind2=" ">
      <subfield code="a">[50] p., 54 t. :</subfield>
      <subfield code="b">ill. ;</subfield>
      <subfield code="c">27 cm</subfield>
    </datafield>
    <datafield tag="500" ind1=" " ind2=" ">
      <subfield code="a">Magyar nyelvű előszó</subfield>
    </datafield>
    <datafield tag="695" ind1=" " ind2=" ">
      <subfield code="a">fényképalbum</subfield>
    </datafield>
    <datafield tag="695" ind1=" " ind2=" ">
      <subfield code="a">xxx</subfield>
    </datafield>
    <datafield tag="852" ind1=" " ind2=" ">
      <subfield code="a">SZ4</subfield>
      <subfield code="b">SZ4</subfield>
      <subfield code="x">bibSOK00148176</subfield>
    </datafield>
  </record>
  <record>
    <leader>00841nam  2200205 i 4500</leader>
    <controlfield tag="001">MOKKAS0001161354  </controlfield>
    <controlfield tag="005">20060114200642.0</controlfield>
    <controlfield tag="008">050903s1965    hu            00010 slo d</controlfield>
    <datafield tag="035" ind1=" " ind2=" ">
      <subfield code="a">bibBKO00199540</subfield>
    </datafield>
    <datafield tag="040" ind1=" " ind2=" ">
      <subfield code="a">BMK</subfield>
    </datafield>
    <datafield tag="245" ind1="0" ind2="0">
      <subfield code="a">100 foto :</subfield>
      <subfield code="b">almanach fotografii = Ein Fotografiealmanach = Al'manah fotografij = An almanac of photographs = Un album des photographies /</subfield>
      <subfield code="c">[... zost. Miro Gregor v spolupráci s Magdalénou Robinsonovou a Karolom Kállayom]</subfield>
    </datafield>
    <datafield tag="260" ind1=" " ind2=" ">
      <subfield code="a">Bratislava :</subfield>
      <subfield code="b">Obzor,</subfield>
      <subfield code="c">1965</subfield>
    </datafield>
    <datafield tag="300" ind1=" " ind2=" ">
      <subfield code="a">[162] p. :</subfield>
      <subfield code="b">ill. ;</subfield>
      <subfield code="c">27 cm +</subfield>
      <subfield code="e">1 mell. (4 p.)</subfield>
    </datafield>
    <datafield tag="504" ind1=" " ind2=" ">
      <subfield code="a">Fotóalbum</subfield>
    </datafield>
    <datafield tag="650" ind1=" " ind2="4">
      <subfield code="a">sajtófotók, szlovák</subfield>
    </datafield>
    <datafield tag="650" ind1=" " ind2="4">
      <subfield code="a">szlovák sajtófotók ld. sajtófotók, szlovák</subfield>
    </datafield>
    <datafield tag="700" ind1="1" ind2=" ">
      <subfield code="a">Gregor, Miro</subfield>
      <subfield code="4">összeáll.</subfield>
    </datafield>
    <datafield tag="700" ind1="1" ind2=" ">
      <subfield code="a">Robinsonová, Magdaléna</subfield>
      <subfield code="4">közrem.</subfield>
    </datafield>
    <datafield tag="700" ind1="1" ind2=" ">
      <subfield code="a">Kállay, Karol</subfield>
      <subfield code="4">közrem.</subfield>
    </datafield>
    <datafield tag="852" ind1=" " ind2=" ">
      <subfield code="a">BCS1</subfield>
      <subfield code="b">BCS1</subfield>
      <subfield code="x">bibBKO00199540</subfield>
    </datafield>
  </record>
  <record>
    <leader>00413nam  2200145 i 4500</leader>
    <controlfield tag="001">MOKKAS0003333764  </controlfield>
    <controlfield tag="005">20060604092928.0</controlfield>
    <controlfield tag="008">050101s1965                            d</controlfield>
    <datafield tag="035" ind1=" " ind2=" ">
      <subfield code="a">505330</subfield>
    </datafield>
    <datafield tag="040" ind1=" " ind2=" ">
      <subfield code="a">KKMK</subfield>
    </datafield>
    <datafield tag="100" ind1="1" ind2=" ">
      <subfield code="a">Miro Gregor</subfield>
    </datafield>
    <datafield tag="245" ind1="1" ind2="0">
      <subfield code="a">100 foto : </subfield>
      <subfield code="b">Almanach fotografii /</subfield>
      <subfield code="c">Gregor Miro</subfield>
    </datafield>
    <datafield tag="260" ind1=" " ind2=" ">
      <subfield code="a">Bratislava :</subfield>
      <subfield code="b">Obzor,</subfield>
      <subfield code="c">1965</subfield>
    </datafield>
    <datafield tag="300" ind1=" " ind2=" ">
      <subfield code="a">[16], 100, [36] p. ;</subfield>
      <subfield code="c">27 cm +</subfield>
      <subfield code="e">1 mell. [4] p.</subfield>
    </datafield>
    <datafield tag="852" ind1=" " ind2=" ">
      <subfield code="a">GY1</subfield>
      <subfield code="b">GY1</subfield>
      <subfield code="x">505330</subfield>
    </datafield>
  </record>
  <record>
    <leader>00721nam  2200205 i 4500</leader>
    <controlfield tag="001">MOKKAS0003282769  </controlfield>
    <controlfield tag="005">20060602221451.0</controlfield>
    <controlfield tag="008">050101s1995                            d</controlfield>
    <datafield tag="020" ind1=" " ind2=" ">
      <subfield code="a">963-8095-26-1</subfield>
    </datafield>
    <datafield tag="035" ind1=" " ind2=" ">
      <subfield code="a">325084</subfield>
    </datafield>
    <datafield tag="040" ind1=" " ind2=" ">
      <subfield code="a">KKMK</subfield>
    </datafield>
    <datafield tag="100" ind1="1" ind2=" ">
      <subfield code="a">Moholy-Nagy László</subfield>
      <subfield code="d">(1895-1946)</subfield>
      <subfield code="c">(fotóművész)</subfield>
    </datafield>
    <datafield tag="245" ind1="1" ind2="0">
      <subfield code="a">100 fotó /</subfield>
      <subfield code="c">Moholy-Nagy László ; Kincses Károly ; szerk. Kolta Magdolna</subfield>
    </datafield>
    <datafield tag="260" ind1=" " ind2=" ">
      <subfield code="a">Kecskemét :</subfield>
      <subfield code="b">Fotográfiai Múzeum,</subfield>
      <subfield code="c">1995</subfield>
    </datafield>
    <datafield tag="300" ind1=" " ind2=" ">
      <subfield code="a">173 p. :</subfield>
      <subfield code="b">ill. ;</subfield>
      <subfield code="c">23 cm</subfield>
    </datafield>
    <datafield tag="490" ind1="1" ind2=" ">
      <subfield code="a">A magyar fotográfia történetéből</subfield>
      <subfield code="x">1217-1549</subfield>
      <subfield code="v">6.</subfield>
    </datafield>
    <datafield tag="700" ind1="1" ind2="0">
      <subfield code="a">Kincses Károly</subfield>
      <subfield code="d">(1954-)</subfield>
    </datafield>
    <datafield tag="700" ind1="1" ind2="0">
      <subfield code="a">Kolta Magdolna</subfield>
      <subfield code="d">(1958-2005)</subfield>
      <subfield code="4">(szerk.)</subfield>
    </datafield>
    <datafield tag="830" ind1=" " ind2="2">
      <subfield code="a">A magyar fotográfia történetéből</subfield>
    </datafield>
    <datafield tag="852" ind1=" " ind2=" ">
      <subfield code="a">GY1</subfield>
      <subfield code="b">GY1</subfield>
      <subfield code="x">325084</subfield>
    </datafield>
  </record>
  <record>
    <leader>02139fam  2200517 ir4500</leader>
    <controlfield tag="001">MOKKAZ0006328763  </controlfield>
    <controlfield tag="005">20040915192715.0</controlfield>
    <controlfield tag="008">950703s1995    hu o     b    000 0dhun d</controlfield>
    <datafield tag="020" ind1=" " ind2=" ">
      <subfield code="a">963-8095-26-1 (fűzött)</subfield>
    </datafield>
    <datafield tag="035" ind1=" " ind2=" ">
      <subfield code="a">137248</subfield>
    </datafield>
    <datafield tag="040" ind1=" " ind2=" ">
      <subfield code="a">OSZK</subfield>
    </datafield>
    <datafield tag="041" ind1="0" ind2=" ">
      <subfield code="a">hunhun</subfield>
      <subfield code="b">gereng</subfield>
    </datafield>
    <datafield tag="100" ind1="2" ind2=" ">
      <subfield code="a">Moholy-Nagy László</subfield>
      <subfield code="d">(1895-1946)</subfield>
    </datafield>
    <datafield tag="245" ind1="1" ind2="0">
      <subfield code="a">100 fotó /</subfield>
      <subfield code="c">Moholy-Nagy László ; [szerk. Kolta Magdolna] ; [szöveg Hattula Moholy-Nagy, Kincses Károly]</subfield>
    </datafield>
    <datafield tag="260" ind1=" " ind2=" ">
      <subfield code="a">[Kecskemét] :</subfield>
      <subfield code="b">M. Fotográfiai Múz.</subfield>
      <subfield code="a">Budapest :</subfield>
      <subfield code="b">Pelikán,</subfield>
      <subfield code="c">1995</subfield>
      <subfield code="e">([S.l.]</subfield>
      <subfield code="f">Pauker)</subfield>
    </datafield>
    <datafield tag="300" ind1=" " ind2=" ">
      <subfield code="a">173 p. :</subfield>
      <subfield code="b">ill. ;</subfield>
      <subfield code="c">23 cm</subfield>
    </datafield>
    <datafield tag="490" ind1="1" ind2=" ">
      <subfield code="a">A magyar fotográfia történetéből</subfield>
      <subfield code="x">1217-1549</subfield>
      <subfield code="v">6.</subfield>
    </datafield>
    <datafield tag="500" ind1=" " ind2=" ">
      <subfield code="a">Kész. a Magyar Fotográfiai Múzeumban 1995. jún. 30 - aug. 27. között "Moholy-Nagy László - 100 fotó" címmel megrendezett kiállítás alkalmából</subfield>
    </datafield>
    <datafield tag="500" ind1=" " ind2=" ">
      <subfield code="a">Összefoglalás német és angol nyelven</subfield>
    </datafield>
    <datafield tag="504" ind1=" " ind2=" ">
      <subfield code="a">Bibliogr.: p. 160-168.</subfield>
    </datafield>
    <datafield tag="650" ind1=" " ind2="4">
      <subfield code="a">Fényképezés, művészi</subfield>
    </datafield>
    <datafield tag="650" ind1=" " ind2="0">
      <subfield code="a">Photography, Artistic.</subfield>
    </datafield>
    <datafield tag="650" ind1=" " ind2="4">
      <subfield code="a">fotóművész</subfield>
      <subfield code="y">20. sz.</subfield>
      <subfield code="z">magyar</subfield>
    </datafield>
    <datafield tag="650" ind1="0" ind2="4">
      <subfield code="a">fotózás</subfield>
      <subfield code="x">története</subfield>
      <subfield code="z">magyar</subfield>
    </datafield>
    <datafield tag="650" ind1=" " ind2="7">
      <subfield code="a">fotóművészet</subfield>
      <subfield code="x">történet</subfield>
      <subfield code="x">Moholy-Nagy L.</subfield>
      <subfield code="x">Buhaus</subfield>
      <subfield code="y">20. sz.</subfield>
      <subfield code="2">szte</subfield>
    </datafield>
    <datafield tag="650" ind1=" " ind2="7">
      <subfield code="a">photography</subfield>
      <subfield code="x">history</subfield>
      <subfield code="x">Moholy-Nagy L.</subfield>
      <subfield code="x">Buhaus</subfield>
      <subfield code="y">20. c.</subfield>
      <subfield code="2">szte</subfield>
    </datafield>
    <datafield tag="650" ind1=" " ind2="4">
      <subfield code="a">Retrokonv</subfield>
    </datafield>
    <datafield tag="650" ind1=" " ind2="4">
      <subfield code="a">Fotóalbum</subfield>
    </datafield>
    <datafield tag="650" ind1=" " ind2="4">
      <subfield code="a">Fényképészet</subfield>
    </datafield>
    <datafield tag="650" ind1=" " ind2="4">
      <subfield code="a">Életrajz</subfield>
    </datafield>
    <datafield tag="695" ind1=" " ind2="4">
      <subfield code="a">fotóművész</subfield>
      <subfield code="y">20. sz.</subfield>
      <subfield code="z">magyar</subfield>
    </datafield>
    <datafield tag="695" ind1="1" ind2="1">
      <subfield code="a">Kolta Magdolna</subfield>
    </datafield>
    <datafield tag="695" ind1="2" ind2="1">
      <subfield code="a">Moholy-Nagy, Hattula</subfield>
    </datafield>
    <datafield tag="695" ind1="1" ind2="1">
      <subfield code="a">Kincses Károly</subfield>
      <subfield code="d">(1954-)</subfield>
    </datafield>
    <datafield tag="700" ind1="1" ind2=" ">
      <subfield code="a">Kolta Magdolna</subfield>
      <subfield code="4">(szerk.)</subfield>
    </datafield>
    <datafield tag="700" ind1="2" ind2=" ">
      <subfield code="a">Moholy-Nagy, Hattula</subfield>
      <subfield code="4">(közrem.)</subfield>
    </datafield>
    <datafield tag="700" ind1="1" ind2=" ">
      <subfield code="a">Kincses Károly</subfield>
      <subfield code="d">(1954-)</subfield>
      <subfield code="4">(közrem.)</subfield>
    </datafield>
    <datafield tag="830" ind1=" " ind2="2">
      <subfield code="a">A magyar fotográfia történetéből</subfield>
    </datafield>
    <datafield tag="852" ind1=" " ind2=" ">
      <subfield code="a">B1</subfield>
      <subfield code="b">B1</subfield>
      <subfield code="x">137248</subfield>
    </datafield>
    <datafield tag="852" ind1=" " ind2=" ">
      <subfield code="a">D1</subfield>
      <subfield code="b">D1</subfield>
      <subfield code="x">137248</subfield>
    </datafield>
    <datafield tag="852" ind1=" " ind2=" ">
      <subfield code="a">B2</subfield>
      <subfield code="b">B2</subfield>
      <subfield code="x">20299</subfield>
    </datafield>
    <datafield tag="852" ind1=" " ind2=" ">
      <subfield code="a">B10</subfield>
      <subfield code="B">0204</subfield>
      <subfield code="B">0801</subfield>
      <subfield code="B">0801B</subfield>
      <subfield code="B">1803</subfield>
      <subfield code="B">1901</subfield>
      <subfield code="B">1903</subfield>
      <subfield code="B">2002</subfield>
      <subfield code="B">2101</subfield>
      <subfield code="B">2104</subfield>
      <subfield code="B">2301</subfield>
      <subfield code="B">0901</subfield>
      <subfield code="B">1308</subfield>
      <subfield code="B">0404</subfield>
      <subfield code="B">1302</subfield>
      <subfield code="B">0601</subfield>
      <subfield code="B">0703</subfield>
      <subfield code="B">1004</subfield>
      <subfield code="B">1401</subfield>
      <subfield code="B">1402</subfield>
      <subfield code="B">1602</subfield>
      <subfield code="B">1702</subfield>
      <subfield code="B">1704</subfield>
      <subfield code="B">1501</subfield>
      <subfield code="b">1503</subfield>
      <subfield code="x">bibFSZ00093843</subfield>
    </datafield>
    <datafield tag="852" ind1=" " ind2=" ">
      <subfield code="a">M1</subfield>
      <subfield code="b">M1</subfield>
      <subfield code="x">42876</subfield>
    </datafield>
    <datafield tag="852" ind1=" " ind2=" ">
      <subfield code="a">P1</subfield>
      <subfield code="B">P1/M</subfield>
      <subfield code="b">P1/FK</subfield>
      <subfield code="x">bibJPT00116144</subfield>
    </datafield>
    <datafield tag="852" ind1=" " ind2=" ">
      <subfield code="a">B646</subfield>
      <subfield code="b">B646</subfield>
      <subfield code="x">bibMIF00013233</subfield>
    </datafield>
    <datafield tag="852" ind1=" " ind2=" ">
      <subfield code="a">ST1</subfield>
      <subfield code="b">ST1</subfield>
      <subfield code="x">bibBBM111185</subfield>
    </datafield>
  </record>
  <record>
    <leader>01582nam  2200433 i 4500</leader>
    <controlfield tag="001">MOKKAS0003478131  </controlfield>
    <controlfield tag="005">20091023110512.0</controlfield>
    <controlfield tag="008">050714s1995                        hun d</controlfield>
    <datafield tag="020" ind1=" " ind2=" ">
      <subfield code="a">963-8095-26-1 (fűzött) :</subfield>
      <subfield code="c">1000,- Ft</subfield>
    </datafield>
    <datafield tag="035" ind1=" " ind2=" ">
      <subfield code="a">476027</subfield>
    </datafield>
    <datafield tag="040" ind1=" " ind2=" ">
      <subfield code="a">OIK</subfield>
    </datafield>
    <datafield tag="041" ind1="0" ind2=" ">
      <subfield code="a">hun</subfield>
    </datafield>
    <datafield tag="080" ind1=" " ind2=" ">
      <subfield code="a">77.04(439)Moholy-Nagy László(084.1)</subfield>
    </datafield>
    <datafield tag="100" ind1="1" ind2=" ">
      <subfield code="a">Moholy-Nagy László</subfield>
      <subfield code="d">(1895-1946)</subfield>
    </datafield>
    <datafield tag="245" ind1="1" ind2="0">
      <subfield code="a">100 fotó /</subfield>
      <subfield code="c">Moholy-Nagy László ; [szöveg Hattula Magdolna]</subfield>
    </datafield>
    <datafield tag="260" ind1=" " ind2=" ">
      <subfield code="a">Budapest</subfield>
      <subfield code="a">Bp. :</subfield>
      <subfield code="b">Magyar Fotográfiai Múzeum :</subfield>
      <subfield code="b">Pelikán,</subfield>
      <subfield code="c">1995</subfield>
    </datafield>
    <datafield tag="300" ind1=" " ind2=" ">
      <subfield code="a">173 p. :</subfield>
      <subfield code="b">ill. ;</subfield>
      <subfield code="c">23 cm</subfield>
    </datafield>
    <datafield tag="490" ind1="1" ind2=" ">
      <subfield code="a">A magyar fotográfia történetéből</subfield>
      <subfield code="x">1217 1549</subfield>
      <subfield code="v">6.</subfield>
    </datafield>
    <datafield tag="500" ind1=" " ind2=" ">
      <subfield code="a">Bibliogr.: p. 154-168. - Összefogl. német és angol nyelven</subfield>
    </datafield>
    <datafield tag="650" ind1=" " ind2="4">
      <subfield code="a">Fényképek az ábrázolás témája szempontjából. Művészi fényképezés</subfield>
    </datafield>
    <datafield tag="650" ind1=" " ind2="4">
      <subfield code="a">Magyar nyelven</subfield>
    </datafield>
    <datafield tag="650" ind1=" " ind2="4">
      <subfield code="a">Életrajz. Biográfia és rokon tudományok</subfield>
    </datafield>
    <datafield tag="650" ind1=" " ind2="4">
      <subfield code="a">Fotóművészet</subfield>
    </datafield>
    <datafield tag="650" ind1=" " ind2="4">
      <subfield code="a">Moholy-Nagy László</subfield>
    </datafield>
    <datafield tag="650" ind1=" " ind2="7">
      <subfield code="a">Fotóművészet</subfield>
      <subfield code="x">magyar</subfield>
      <subfield code="x">képeskönyv</subfield>
      <subfield code="2">szte</subfield>
    </datafield>
    <datafield tag="650" ind1=" " ind2="4">
      <subfield code="a">fotóalbumok</subfield>
    </datafield>
    <datafield tag="650" ind1=" " ind2="4">
      <subfield code="a">bibliográfiák</subfield>
    </datafield>
    <datafield tag="650" ind1=" " ind2="4">
      <subfield code="a">életrajzok</subfield>
    </datafield>
    <datafield tag="650" ind1=" " ind2="4">
      <subfield code="a">fotóművészeti kiállitás - Budapest</subfield>
    </datafield>
    <datafield tag="650" ind1=" " ind2="4">
      <subfield code="a">Művészet és fényképezés</subfield>
    </datafield>
    <datafield tag="650" ind1=" " ind2="4">
      <subfield code="a">Fényképezés, művészi</subfield>
    </datafield>
    <datafield tag="830" ind1=" " ind2="2">
      <subfield code="a">A magyar fotográfia történetéből</subfield>
    </datafield>
    <datafield tag="852" ind1=" " ind2=" ">
      <subfield code="a">B14</subfield>
      <subfield code="b">B14</subfield>
      <subfield code="x">476027</subfield>
    </datafield>
    <datafield tag="852" ind1=" " ind2=" ">
      <subfield code="a">SZL1</subfield>
      <subfield code="b">SZL1</subfield>
      <subfield code="x">bibVFK00112027</subfield>
    </datafield>
    <datafield tag="852" ind1=" " ind2=" ">
      <subfield code="a">SZ4</subfield>
      <subfield code="b">SZ4</subfield>
      <subfield code="x">bibSOK00001339</subfield>
    </datafield>
    <datafield tag="852" ind1=" " ind2=" ">
      <subfield code="a">M2</subfield>
      <subfield code="b">M2</subfield>
      <subfield code="x">bibRFK00043288</subfield>
    </datafield>
    <datafield tag="852" ind1=" " ind2=" ">
      <subfield code="a">BCS1</subfield>
      <subfield code="b">BCS1</subfield>
      <subfield code="x">bibBKO00194825</subfield>
    </datafield>
    <datafield tag="852" ind1=" " ind2=" ">
      <subfield code="a">SZK1</subfield>
      <subfield code="b">SZK1</subfield>
      <subfield code="x">bibTMK149137</subfield>
    </datafield>
    <datafield tag="852" ind1=" " ind2=" ">
      <subfield code="a">B3</subfield>
      <subfield code="b">B3</subfield>
      <subfield code="x">000116315</subfield>
    </datafield>
  </record>
  <record>
    <leader>01305nam  2200421 i 4500</leader>
    <controlfield tag="001">MOKKAS0003657015  </controlfield>
    <controlfield tag="005">20091222232722.0</controlfield>
    <controlfield tag="008">960208s1995    hu a            1   hun d</controlfield>
    <datafield tag="020" ind1=" " ind2=" ">
      <subfield code="a">963 8095 2 61 (fűzött)</subfield>
    </datafield>
    <datafield tag="035" ind1=" " ind2=" ">
      <subfield code="a">bibSEF00013605</subfield>
    </datafield>
    <datafield tag="040" ind1=" " ind2=" ">
      <subfield code="a">NYME</subfield>
    </datafield>
    <datafield tag="080" ind1=" " ind2=" ">
      <subfield code="a">7.071Moholy-Nagy L.</subfield>
    </datafield>
    <datafield tag="080" ind1=" " ind2=" ">
      <subfield code="a">77.04(439)Moholy-Nagy L.</subfield>
    </datafield>
    <datafield tag="100" ind1="2" ind2=" ">
      <subfield code="a">Moholy-Nagy László</subfield>
      <subfield code="d">(1895-1946)</subfield>
    </datafield>
    <datafield tag="245" ind1="1" ind2="0">
      <subfield code="a">100 fotó /</subfield>
      <subfield code="c">Moholy-Nagy László</subfield>
    </datafield>
    <datafield tag="260" ind1=" " ind2=" ">
      <subfield code="a">Budapest :</subfield>
      <subfield code="b">Pelikán,</subfield>
      <subfield code="c">1995</subfield>
    </datafield>
    <datafield tag="300" ind1=" " ind2=" ">
      <subfield code="a">173 p. :</subfield>
      <subfield code="b">ill., ff. fotók ;</subfield>
      <subfield code="c">23 cm</subfield>
    </datafield>
    <datafield tag="490" ind1="1" ind2=" ">
      <subfield code="a">(A magyar fotográfia történetéből,</subfield>
      <subfield code="x">1217-1549 ;</subfield>
      <subfield code="v">6.)</subfield>
    </datafield>
    <datafield tag="504" ind1=" " ind2=" ">
      <subfield code="a">Bibliogr.: p. 160-168.</subfield>
    </datafield>
    <datafield tag="600" ind1="2" ind2="4">
      <subfield code="a">Moholy-Nagy László</subfield>
      <subfield code="d">(1895-1946)</subfield>
    </datafield>
    <datafield tag="610" ind1="2" ind2="4">
      <subfield code="a">Magyar Fotográfiai Múzeum (Kecskemét)</subfield>
    </datafield>
    <datafield tag="650" ind1=" " ind2="4">
      <subfield code="a">magyar</subfield>
    </datafield>
    <datafield tag="650" ind1=" " ind2="4">
      <subfield code="a">fotóművészet</subfield>
    </datafield>
    <datafield tag="650" ind1=" " ind2="4">
      <subfield code="a">fotokollázs</subfield>
    </datafield>
    <datafield tag="650" ind1=" " ind2="4">
      <subfield code="a">fotogram</subfield>
    </datafield>
    <datafield tag="650" ind1=" " ind2="4">
      <subfield code="a">1920-1930-as évek</subfield>
    </datafield>
    <datafield tag="650" ind1=" " ind2="4">
      <subfield code="a">kiállítási katalógus</subfield>
    </datafield>
    <datafield tag="695" ind1=" " ind2="4">
      <subfield code="a">magyar</subfield>
    </datafield>
    <datafield tag="695" ind1=" " ind2="4">
      <subfield code="a">fotóművészet</subfield>
    </datafield>
    <datafield tag="695" ind1=" " ind2="4">
      <subfield code="a">fotokollázs</subfield>
    </datafield>
    <datafield tag="695" ind1=" " ind2="4">
      <subfield code="a">fotogram</subfield>
    </datafield>
    <datafield tag="695" ind1=" " ind2="4">
      <subfield code="a">1920-1930-as évek</subfield>
    </datafield>
    <datafield tag="695" ind1=" " ind2="4">
      <subfield code="a">kiállítási katalógus</subfield>
    </datafield>
    <datafield tag="695" ind1=" " ind2=" ">
      <subfield code="a">images</subfield>
    </datafield>
    <datafield tag="710" ind1="2" ind2=" ">
      <subfield code="a">Magyar Fotográfiai Múzeum (Kecskemét)</subfield>
    </datafield>
    <datafield tag="830" ind1=" " ind2="0">
      <subfield code="a">A magyar fotográfia történetéből</subfield>
    </datafield>
    <datafield tag="852" ind1=" " ind2=" ">
      <subfield code="a">S1</subfield>
      <subfield code="b">S1</subfield>
      <subfield code="x">bibSEF00013605</subfield>
    </datafield>
    <datafield tag="852" ind1=" " ind2=" ">
      <subfield code="a">B653</subfield>
      <subfield code="x">bibMKF00006738</subfield>
    </datafield>
  </record>
  <record>
    <leader>00718fam  220025351 4500</leader>
    <controlfield tag="001">MOKKAZ0003277441  </controlfield>
    <controlfield tag="005">20100713205222.0</controlfield>
    <controlfield tag="008">953 17s1955    hu              0   hun d</controlfield>
    <datafield tag="035" ind1=" " ind2=" ">
      <subfield code="a">bibKLT00056783</subfield>
    </datafield>
    <datafield tag="040" ind1=" " ind2=" ">
      <subfield code="a">DEENK</subfield>
    </datafield>
    <datafield tag="080" ind1=" " ind2=" ">
      <subfield code="a">77.02(083.12)</subfield>
    </datafield>
    <datafield tag="100" ind1="1" ind2=" ">
      <subfield code="a">Polster Alfréd</subfield>
    </datafield>
    <datafield tag="245" ind1="1" ind2="0">
      <subfield code="a">100 fotorecept /</subfield>
      <subfield code="c">Polster Alfréd, Lentz Nándor</subfield>
    </datafield>
    <datafield tag="260" ind1="0" ind2=" ">
      <subfield code="a">Budapest :</subfield>
      <subfield code="b">Műszaki Könyvkiadó,</subfield>
      <subfield code="c">1955</subfield>
    </datafield>
    <datafield tag="300" ind1=" " ind2=" ">
      <subfield code="a">144 p. ;</subfield>
      <subfield code="c">12 cm</subfield>
    </datafield>
    <datafield tag="490" ind1="1" ind2=" ">
      <subfield code="a">(Fotosorozat)</subfield>
    </datafield>
    <datafield tag="653" ind1=" " ind2=" ">
      <subfield code="a">fotó- és videotechnika</subfield>
    </datafield>
    <datafield tag="653" ind1=" " ind2=" ">
      <subfield code="a">fényképezés</subfield>
    </datafield>
    <datafield tag="700" ind1="1" ind2=" ">
      <subfield code="a">Lentz Nándor</subfield>
    </datafield>
    <datafield tag="830" ind1=" " ind2="0">
      <subfield code="a">Fotosorozat</subfield>
    </datafield>
    <datafield tag="852" ind1=" " ind2=" ">
      <subfield code="a">D1</subfield>
      <subfield code="b">D1</subfield>
      <subfield code="x">bibKLT00056783</subfield>
    </datafield>
    <datafield tag="852" ind1=" " ind2=" ">
      <subfield code="a">SZ1</subfield>
      <subfield code="b">SZ1</subfield>
      <subfield code="x">bibJAT00328390</subfield>
    </datafield>
    <datafield tag="852" ind1=" " ind2=" ">
      <subfield code="a">B9</subfield>
      <subfield code="b">B9</subfield>
      <subfield code="x">819898</subfield>
    </datafield>
    <datafield tag="852" ind1=" " ind2=" ">
      <subfield code="a">S1</subfield>
      <subfield code="b">S1</subfield>
      <subfield code="x">bibKLT00056783</subfield>
    </datafield>
  </record>
  <record>
    <leader>00607cam  2200229   4500</leader>
    <controlfield tag="001">MOKKAS0003697302  </controlfield>
    <controlfield tag="005">20090521201442.0</controlfield>
    <controlfield tag="008">      s1955                        und  </controlfield>
    <datafield tag="035" ind1=" " ind2=" ">
      <subfield code="a">bibGGK0007173</subfield>
    </datafield>
    <datafield tag="040" ind1=" " ind2=" ">
      <subfield code="a">NYME</subfield>
    </datafield>
    <datafield tag="100" ind1="1" ind2=" ">
      <subfield code="a">Polster Alfréd</subfield>
    </datafield>
    <datafield tag="245" ind1="1" ind2="0">
      <subfield code="a">100 fotórecept</subfield>
    </datafield>
    <datafield tag="260" ind1=" " ind2=" ">
      <subfield code="a">Budapest :</subfield>
      <subfield code="b">Műszaki Kvk.,</subfield>
      <subfield code="c">1955</subfield>
    </datafield>
    <datafield tag="300" ind1=" " ind2=" ">
      <subfield code="a">144 o. :</subfield>
      <subfield code="b">ill.</subfield>
    </datafield>
    <datafield tag="490" ind1="1" ind2=" ">
      <subfield code="a">(Fotósorozat,</subfield>
      <subfield code="v">2.)</subfield>
    </datafield>
    <datafield tag="650" ind1=" " ind2="4">
      <subfield code="a">Fényképezés, étel</subfield>
    </datafield>
    <datafield tag="650" ind1=" " ind2="4">
      <subfield code="a">Ételfotók</subfield>
    </datafield>
    <datafield tag="650" ind1=" " ind2="4">
      <subfield code="a">Szépirodalom</subfield>
    </datafield>
    <datafield tag="700" ind1="1" ind2=" ">
      <subfield code="a">Lentz Nándor</subfield>
    </datafield>
    <datafield tag="852" ind1=" " ind2=" ">
      <subfield code="a">S1</subfield>
      <subfield code="b">S1</subfield>
      <subfield code="x">bibGGK0007173</subfield>
    </datafield>
    <datafield tag="852" ind1=" " ind2=" ">
      <subfield code="a">H1</subfield>
      <subfield code="b">H1</subfield>
      <subfield code="x">NLVK815333</subfield>
    </datafield>
    <datafield tag="852" ind1=" " ind2=" ">
      <subfield code="a">B12</subfield>
      <subfield code="b">B12</subfield>
      <subfield code="x">BCEKK286064</subfield>
    </datafield>
  </record>
  <record>
    <leader>00646nama 22002051i 4500</leader>
    <controlfield tag="001">MOKKAS0000442749  </controlfield>
    <controlfield tag="005">20060117161832.0</controlfield>
    <controlfield tag="008">040607s1957    hu            000 0 hunod</controlfield>
    <datafield tag="035" ind1=" " ind2=" ">
      <subfield code="a">1201511</subfield>
    </datafield>
    <datafield tag="040" ind1=" " ind2=" ">
      <subfield code="a">OSZK</subfield>
    </datafield>
    <datafield tag="041" ind1="0" ind2=" ">
      <subfield code="a">hunhun</subfield>
    </datafield>
    <datafield tag="100" ind1="1" ind2=" ">
      <subfield code="a">Polster Alfréd, R.</subfield>
      <subfield code="c">(cédulakatalógus alapján)</subfield>
    </datafield>
    <datafield tag="245" ind1="1" ind2="0">
      <subfield code="a">100 fotórecept /</subfield>
      <subfield code="c">R. Polster Alfréd, Lentz Nándor</subfield>
    </datafield>
    <datafield tag="250" ind1=" " ind2=" ">
      <subfield code="a">2. jav. és bőv. kiad.</subfield>
    </datafield>
    <datafield tag="260" ind1=" " ind2=" ">
      <subfield code="a">Budapest :</subfield>
      <subfield code="b">Műszaki Kiadó,</subfield>
      <subfield code="c">1957</subfield>
      <subfield code="e">(Budapest</subfield>
      <subfield code="f">Athenaeum Ny.)</subfield>
    </datafield>
    <datafield tag="300" ind1=" " ind2=" ">
      <subfield code="a">141 p. ;</subfield>
      <subfield code="c">16 cm</subfield>
    </datafield>
    <datafield tag="490" ind1="1" ind2=" ">
      <subfield code="a">Fotósorozat</subfield>
      <subfield code="v">2.</subfield>
    </datafield>
    <datafield tag="700" ind1="1" ind2="0">
      <subfield code="a">Lentz Nándor</subfield>
      <subfield code="c">(cédulakatalógus alapján)</subfield>
    </datafield>
    <datafield tag="830" ind1=" " ind2="0">
      <subfield code="a">Fotósorozat</subfield>
    </datafield>
    <datafield tag="852" ind1=" " ind2=" ">
      <subfield code="a">B1</subfield>
      <subfield code="b">B1</subfield>
      <subfield code="x">1201511</subfield>
    </datafield>
  </record>
  <record>
    <leader>00546nam  2200193   4500</leader>
    <controlfield tag="001">MOKKAZ0003770265  </controlfield>
    <controlfield tag="005">20040909220641.0</controlfield>
    <controlfield tag="008">000615s1998    hu            00010 hun d</controlfield>
    <datafield tag="020" ind1=" " ind2=" ">
      <subfield code="a">963 85509 6 2</subfield>
    </datafield>
    <datafield tag="035" ind1=" " ind2=" ">
      <subfield code="a">bibDOT00009452</subfield>
    </datafield>
    <datafield tag="040" ind1=" " ind2=" ">
      <subfield code="a">DEENK</subfield>
    </datafield>
    <datafield tag="041" ind1=" " ind2=" ">
      <subfield code="a">frehun</subfield>
    </datafield>
    <datafield tag="245" ind1="0" ind2="0">
      <subfield code="a">100 francia üzleti levél/</subfield>
      <subfield code="c">Stéphane Gragnic</subfield>
    </datafield>
    <datafield tag="260" ind1=" " ind2=" ">
      <subfield code="a">[Szeged]:</subfield>
      <subfield code="b">Pannonart</subfield>
      <subfield code="c">1998</subfield>
    </datafield>
    <datafield tag="300" ind1=" " ind2=" ">
      <subfield code="a">160 p.;</subfield>
      <subfield code="c">21 cm</subfield>
    </datafield>
    <datafield tag="490" ind1="1" ind2=" ">
      <subfield code="a">(EXPORT-IMPORT könyvek)</subfield>
      <subfield code="x">1219-5332</subfield>
    </datafield>
    <datafield tag="700" ind1="1" ind2=" ">
      <subfield code="a">Gragnic,Stéphane</subfield>
    </datafield>
    <datafield tag="830" ind1=" " ind2="0">
      <subfield code="a">Export-import könyvek</subfield>
    </datafield>
    <datafield tag="852" ind1=" " ind2=" ">
      <subfield code="a">D1</subfield>
      <subfield code="b">D2</subfield>
      <subfield code="x">bibDOT00009452</subfield>
    </datafield>
  </record>
  <record>
    <leader>00665nam  2200205 i 4500</leader>
    <controlfield tag="001">MOKKAS0001035543  </controlfield>
    <controlfield tag="005">20051215171754.0</controlfield>
    <controlfield tag="008">050903s1998    hu            00010 hun d</controlfield>
    <datafield tag="020" ind1=" " ind2=" ">
      <subfield code="a">963-85509-6-2 [!963-85509-9-6]</subfield>
    </datafield>
    <datafield tag="035" ind1=" " ind2=" ">
      <subfield code="a">bibBKO00215827</subfield>
    </datafield>
    <datafield tag="040" ind1=" " ind2=" ">
      <subfield code="a">BMK</subfield>
    </datafield>
    <datafield tag="100" ind1="1" ind2=" ">
      <subfield code="a">Gragnic, Stéphane</subfield>
    </datafield>
    <datafield tag="245" ind1="1" ind2="0">
      <subfield code="a">100 francia üzleti levél /</subfield>
      <subfield code="c">Stéphane Gragnic munkája</subfield>
    </datafield>
    <datafield tag="260" ind1=" " ind2=" ">
      <subfield code="a">[Budapest] :</subfield>
      <subfield code="b">Pannonart,</subfield>
      <subfield code="c">1998</subfield>
    </datafield>
    <datafield tag="300" ind1=" " ind2=" ">
      <subfield code="a">160 p. :</subfield>
      <subfield code="b">ill., térk. ;</subfield>
      <subfield code="c">21 cm</subfield>
    </datafield>
    <datafield tag="490" ind1="1" ind2=" ">
      <subfield code="a">(Export-import,</subfield>
      <subfield code="x">1219-0195, Langenscheidt levélminták)</subfield>
    </datafield>
    <datafield tag="650" ind1=" " ind2="4">
      <subfield code="a">üzleti levelezés</subfield>
    </datafield>
    <datafield tag="830" ind1=" " ind2="0">
      <subfield code="a">Export-import</subfield>
    </datafield>
    <datafield tag="830" ind1=" " ind2="0">
      <subfield code="a">Langenscheidt levélminták</subfield>
    </datafield>
    <datafield tag="852" ind1=" " ind2=" ">
      <subfield code="a">BCS1</subfield>
      <subfield code="b">BCS1</subfield>
      <subfield code="x">bibBKO00215827</subfield>
    </datafield>
  </record>
  <record>
    <leader>00930nam  2200277 i 4500</leader>
    <controlfield tag="001">MOKKAS0001389422  </controlfield>
    <controlfield tag="005">20060113095729.0</controlfield>
    <controlfield tag="008">050903s1998    hu            00010 fre d</controlfield>
    <datafield tag="020" ind1=" " ind2=" ">
      <subfield code="a">963-85509-6-2 [!ISBN 963-85509-9-6] (fűzött) :</subfield>
      <subfield code="c">1680,- Ft</subfield>
    </datafield>
    <datafield tag="035" ind1=" " ind2=" ">
      <subfield code="a">bibVFK00198721</subfield>
    </datafield>
    <datafield tag="040" ind1=" " ind2=" ">
      <subfield code="a">VFMK</subfield>
    </datafield>
    <datafield tag="041" ind1=" " ind2=" ">
      <subfield code="a">hun</subfield>
    </datafield>
    <datafield tag="100" ind1="1" ind2=" ">
      <subfield code="a">Gragnic, Stéphane</subfield>
    </datafield>
    <datafield tag="240" ind1="1" ind2="0">
      <subfield code="a">100 Briefe Französisch</subfield>
    </datafield>
    <datafield tag="245" ind1="1" ind2="0">
      <subfield code="a">100 francia üzleti levél /</subfield>
      <subfield code="c">Stéphane Gragnic munkája ; [ford. Strohmayer Andrea és Nemes Tibor]</subfield>
    </datafield>
    <datafield tag="260" ind1=" " ind2=" ">
      <subfield code="a">[Budapest] :</subfield>
      <subfield code="b">Pannonart,</subfield>
      <subfield code="c">1998</subfield>
    </datafield>
    <datafield tag="300" ind1=" " ind2=" ">
      <subfield code="a">160 p. :</subfield>
      <subfield code="b">ill., térk. ;</subfield>
      <subfield code="c">21 cm</subfield>
    </datafield>
    <datafield tag="490" ind1="1" ind2=" ">
      <subfield code="a">(Export-import,</subfield>
      <subfield code="x">1219-0195, Langenscheidt levélminták)</subfield>
    </datafield>
    <datafield tag="650" ind1=" " ind2="4">
      <subfield code="a">Francia nyelv</subfield>
    </datafield>
    <datafield tag="650" ind1=" " ind2="4">
      <subfield code="a">Üzleti élet</subfield>
    </datafield>
    <datafield tag="650" ind1=" " ind2="4">
      <subfield code="a">Levélminták</subfield>
    </datafield>
    <datafield tag="700" ind1="1" ind2=" ">
      <subfield code="a">Strohmayer Andrea</subfield>
      <subfield code="4">ford.</subfield>
    </datafield>
    <datafield tag="700" ind1="1" ind2=" ">
      <subfield code="a">Nemes Tibor</subfield>
      <subfield code="4">ford.</subfield>
    </datafield>
    <datafield tag="830" ind1=" " ind2="0">
      <subfield code="a">Export-import</subfield>
    </datafield>
    <datafield tag="830" ind1=" " ind2="0">
      <subfield code="a">Langenscheidt levélminták</subfield>
    </datafield>
    <datafield tag="852" ind1=" " ind2=" ">
      <subfield code="a">SZL1</subfield>
      <subfield code="b">SZL1</subfield>
      <subfield code="x">bibVFK00198721</subfield>
    </datafield>
  </record>
  <record>
    <leader>00926nam  2200277 i 4500</leader>
    <controlfield tag="001">MOKKAS0001272804  </controlfield>
    <controlfield tag="005">20060112183929.0</controlfield>
    <controlfield tag="008">      s1998    hu            00010 fre d</controlfield>
    <datafield tag="020" ind1=" " ind2=" ">
      <subfield code="a">963-85509-9-6* [hibás ISBN 963-85509-6-2] (fűzött) :</subfield>
      <subfield code="c">1680,-Ft</subfield>
    </datafield>
    <datafield tag="035" ind1=" " ind2=" ">
      <subfield code="a">bibRFK00104376</subfield>
    </datafield>
    <datafield tag="040" ind1=" " ind2=" ">
      <subfield code="a">RFMK</subfield>
    </datafield>
    <datafield tag="041" ind1=" " ind2=" ">
      <subfield code="a">frehun</subfield>
    </datafield>
    <datafield tag="100" ind1="1" ind2=" ">
      <subfield code="a">Gragnic, Stéphane</subfield>
    </datafield>
    <datafield tag="240" ind1="1" ind2="0">
      <subfield code="a">100 Briefe Französisch</subfield>
    </datafield>
    <datafield tag="245" ind1="1" ind2="0">
      <subfield code="a">100 francia üzleti levél /</subfield>
      <subfield code="c">Stéphane Gragnic munkája ; [ford. Strohmayer Andrea és Nemes Tibor]</subfield>
    </datafield>
    <datafield tag="260" ind1=" " ind2=" ">
      <subfield code="a">[Budapest] :</subfield>
      <subfield code="b">Pannonart,</subfield>
      <subfield code="c">1998</subfield>
    </datafield>
    <datafield tag="300" ind1=" " ind2=" ">
      <subfield code="a">160 :</subfield>
      <subfield code="b">ill., térk. ;</subfield>
      <subfield code="c">21 cm</subfield>
    </datafield>
    <datafield tag="490" ind1="1" ind2=" ">
      <subfield code="a">(Export-import,</subfield>
      <subfield code="x">1219-0195, Langenscheidt levélminták)</subfield>
    </datafield>
    <datafield tag="500" ind1=" " ind2=" ">
      <subfield code="a">rs</subfield>
    </datafield>
    <datafield tag="650" ind1=" " ind2="4">
      <subfield code="a">francia nyelv</subfield>
    </datafield>
    <datafield tag="650" ind1=" " ind2="4">
      <subfield code="a">üzleti levelezés</subfield>
    </datafield>
    <datafield tag="700" ind1="1" ind2=" ">
      <subfield code="a">Strohmayer Andrea</subfield>
      <subfield code="4">ford.</subfield>
    </datafield>
    <datafield tag="700" ind1="1" ind2=" ">
      <subfield code="a">Nemes Tibor</subfield>
      <subfield code="4">ford.</subfield>
    </datafield>
    <datafield tag="830" ind1=" " ind2="0">
      <subfield code="a">Export-import</subfield>
    </datafield>
    <datafield tag="830" ind1=" " ind2="0">
      <subfield code="a">Langenscheidt levélminták</subfield>
    </datafield>
    <datafield tag="852" ind1=" " ind2=" ">
      <subfield code="a">M2</subfield>
      <subfield code="b">M2</subfield>
      <subfield code="x">bibRFK00104376</subfield>
    </datafield>
  </record>
  <record>
    <leader>02035nam  2200589 ir4500</leader>
    <controlfield tag="001">MOKKAS0003798666  </controlfield>
    <controlfield tag="005">20100602145938.0</controlfield>
    <controlfield tag="008">980414s1998    hu b          00000 fre g</controlfield>
    <datafield tag="020" ind1=" " ind2=" ">
      <subfield code="a">963 85509 6 2</subfield>
    </datafield>
    <datafield tag="035" ind1=" " ind2=" ">
      <subfield code="a">bibJAT00311805</subfield>
    </datafield>
    <datafield tag="040" ind1=" " ind2=" ">
      <subfield code="a">SZTE</subfield>
    </datafield>
    <datafield tag="041" ind1=" " ind2=" ">
      <subfield code="a">frehun</subfield>
    </datafield>
    <datafield tag="080" ind1=" " ind2=" ">
      <subfield code="a">804.0</subfield>
    </datafield>
    <datafield tag="080" ind1=" " ind2=" ">
      <subfield code="a">651.75</subfield>
    </datafield>
    <datafield tag="100" ind1="1" ind2=" ">
      <subfield code="a">Gragnic, Stéphane</subfield>
    </datafield>
    <datafield tag="240" ind1="1" ind2="0">
      <subfield code="a">100 Briefe Französisch</subfield>
      <subfield code="l">(magyar)</subfield>
    </datafield>
    <datafield tag="245" ind1="1" ind2="0">
      <subfield code="a">100 francia üzleti levél /</subfield>
      <subfield code="c">Stéphane Gragnic munkája ; [ford. Strohmayer Andrea, Nemes Tibor]</subfield>
    </datafield>
    <datafield tag="260" ind1=" " ind2=" ">
      <subfield code="a">[Bp.] :</subfield>
      <subfield code="b">Pannonart,</subfield>
      <subfield code="c">1998</subfield>
    </datafield>
    <datafield tag="300" ind1=" " ind2=" ">
      <subfield code="a">160 p. ;</subfield>
      <subfield code="c">21 cm</subfield>
    </datafield>
    <datafield tag="490" ind1="1" ind2=" ">
      <subfield code="a">(Export-import könyvek ,</subfield>
      <subfield code="x">1219-5332)</subfield>
    </datafield>
    <datafield tag="490" ind1="1" ind2=" ">
      <subfield code="a">(Langenscheidt levélminták)</subfield>
    </datafield>
    <datafield tag="650" ind1=" " ind2="7">
      <subfield code="a">Francia nyelv</subfield>
      <subfield code="x">levelezés</subfield>
      <subfield code="x">kereskedelmi</subfield>
      <subfield code="x">szöveggyűjtemény</subfield>
      <subfield code="2">szte</subfield>
    </datafield>
    <datafield tag="650" ind1=" " ind2="7">
      <subfield code="a">Üzleti nyelv</subfield>
      <subfield code="x">francia</subfield>
      <subfield code="x">szöveggyűjtemény</subfield>
      <subfield code="2">szte</subfield>
    </datafield>
    <datafield tag="650" ind1=" " ind2="7">
      <subfield code="a">Külkereskedelmi levelezés</subfield>
      <subfield code="x">francia</subfield>
      <subfield code="x">szöveggyűjtemény</subfield>
      <subfield code="2">szte</subfield>
    </datafield>
    <datafield tag="650" ind1=" " ind2="4">
      <subfield code="a">francia üzleti levelezés</subfield>
    </datafield>
    <datafield tag="650" ind1="0" ind2="4">
      <subfield code="a">francia nyelv</subfield>
      <subfield code="x">szaknyelv</subfield>
    </datafield>
    <datafield tag="650" ind1=" " ind2="4">
      <subfield code="a">nyelvkönyv</subfield>
    </datafield>
    <datafield tag="650" ind1=" " ind2="4">
      <subfield code="a">levelezés</subfield>
    </datafield>
    <datafield tag="650" ind1=" " ind2="4">
      <subfield code="a">francia nyelv</subfield>
    </datafield>
    <datafield tag="650" ind1=" " ind2="4">
      <subfield code="a">Francia nyelvkönyvek</subfield>
    </datafield>
    <datafield tag="650" ind1=" " ind2="4">
      <subfield code="a">Magyar nyelven</subfield>
    </datafield>
    <datafield tag="650" ind1=" " ind2="4">
      <subfield code="a">Kereskedelmi, üzleti levelezés</subfield>
    </datafield>
    <datafield tag="650" ind1=" " ind2="4">
      <subfield code="a">Kereskedelem. Nemzetközi gazdasági kapcsolatok. Világgazdaság</subfield>
    </datafield>
    <datafield tag="650" ind1=" " ind2="7">
      <subfield code="a">Kereskedelmi nyelv</subfield>
      <subfield code="x">francia</subfield>
      <subfield code="2">szte</subfield>
    </datafield>
    <datafield tag="650" ind1=" " ind2="7">
      <subfield code="a">Francia nyelv</subfield>
      <subfield code="x">levelezés</subfield>
      <subfield code="x">kereskedelmi</subfield>
      <subfield code="2">szte</subfield>
    </datafield>
    <datafield tag="650" ind1=" " ind2="7">
      <subfield code="a">Üzleti nyelv</subfield>
      <subfield code="x">francia</subfield>
      <subfield code="2">szte</subfield>
    </datafield>
    <datafield tag="650" ind1=" " ind2="4">
      <subfield code="a">Iratminták</subfield>
    </datafield>
    <datafield tag="650" ind1=" " ind2="4">
      <subfield code="a">Üzleti levelezés</subfield>
    </datafield>
    <datafield tag="695" ind1=" " ind2=" ">
      <subfield code="a">Francia nyelvkönyv, levelezés</subfield>
    </datafield>
    <datafield tag="695" ind1=" " ind2=" ">
      <subfield code="a">Üzleti levelezés</subfield>
    </datafield>
    <datafield tag="830" ind1=" " ind2="0">
      <subfield code="a">Export-import könyvek</subfield>
    </datafield>
    <datafield tag="830" ind1=" " ind2="0">
      <subfield code="a">Langenscheidt levélminták</subfield>
    </datafield>
    <datafield tag="852" ind1=" " ind2=" ">
      <subfield code="a">SZ1</subfield>
      <subfield code="b">SZ1</subfield>
      <subfield code="x">bibJAT00311805</subfield>
    </datafield>
    <datafield tag="852" ind1=" " ind2=" ">
      <subfield code="a">GY1</subfield>
      <subfield code="b">GY1</subfield>
      <subfield code="x">441078</subfield>
    </datafield>
    <datafield tag="852" ind1=" " ind2=" ">
      <subfield code="a">B2</subfield>
      <subfield code="b">B2</subfield>
      <subfield code="x">315500</subfield>
    </datafield>
    <datafield tag="852" ind1=" " ind2=" ">
      <subfield code="a">GY1</subfield>
      <subfield code="b">GY1</subfield>
      <subfield code="x">KKMK441078</subfield>
    </datafield>
    <datafield tag="852" ind1=" " ind2=" ">
      <subfield code="a">B11</subfield>
      <subfield code="b">B11</subfield>
      <subfield code="x">BMEOMIKK000134665</subfield>
    </datafield>
    <datafield tag="852" ind1=" " ind2=" ">
      <subfield code="a">B14</subfield>
      <subfield code="b">B14</subfield>
      <subfield code="x">490794</subfield>
    </datafield>
    <datafield tag="852" ind1=" " ind2=" ">
      <subfield code="a">SZ4</subfield>
      <subfield code="b">SZ4</subfield>
      <subfield code="x">bibSOK00039433</subfield>
    </datafield>
    <datafield tag="852" ind1=" " ind2=" ">
      <subfield code="a">B10</subfield>
      <subfield code="b">0801</subfield>
      <subfield code="x">bibFSZ00129868</subfield>
    </datafield>
    <datafield tag="852" ind1=" " ind2=" ">
      <subfield code="a">P1</subfield>
      <subfield code="b">P1/2S</subfield>
      <subfield code="b">P1/2N</subfield>
      <subfield code="x">bibJPT00127223</subfield>
    </datafield>
    <datafield tag="852" ind1=" " ind2=" ">
      <subfield code="a">B12</subfield>
      <subfield code="b">B12</subfield>
      <subfield code="x">BCEKK310792</subfield>
    </datafield>
  </record>
  <record>
    <leader>01789fam  2200493 ir4500</leader>
    <controlfield tag="001">MOKKAZ0006360304  </controlfield>
    <controlfield tag="005">20091020123651.0</controlfield>
    <controlfield tag="008">980324s1998    hu b          001 0 hun d</controlfield>
    <datafield tag="020" ind1=" " ind2=" ">
      <subfield code="a">963-85509-9-6 (fűzött)</subfield>
    </datafield>
    <datafield tag="020" ind1=" " ind2=" ">
      <subfield code="z">963-85509-6-2</subfield>
    </datafield>
    <datafield tag="035" ind1=" " ind2=" ">
      <subfield code="a">281293</subfield>
    </datafield>
    <datafield tag="040" ind1=" " ind2=" ">
      <subfield code="a">OSZK</subfield>
    </datafield>
    <datafield tag="041" ind1="1" ind2=" ">
      <subfield code="a">frehunhun</subfield>
      <subfield code="h">freger</subfield>
    </datafield>
    <datafield tag="080" ind1=" " ind2="0">
      <subfield code="a">804.0(078)=945.11</subfield>
    </datafield>
    <datafield tag="080" ind1=" " ind2="0">
      <subfield code="a">651.7(083.76)</subfield>
    </datafield>
    <datafield tag="100" ind1="1" ind2=" ">
      <subfield code="a">Gragnic, Stéphane</subfield>
    </datafield>
    <datafield tag="240" ind1="1" ind2="0">
      <subfield code="a">100 Briefe Französisch</subfield>
      <subfield code="l">(magyar)</subfield>
    </datafield>
    <datafield tag="245" ind1="1" ind2="0">
      <subfield code="a">100 francia üzleti levél /</subfield>
      <subfield code="c">Stéphane Gragnic munkája ; [ford. Strohmayer Andrea és Nemes Tibor]</subfield>
    </datafield>
    <datafield tag="260" ind1=" " ind2="0">
      <subfield code="a">[Budapest] :</subfield>
      <subfield code="b">Pannonart,</subfield>
      <subfield code="c">1998</subfield>
      <subfield code="e">([Szeged]</subfield>
      <subfield code="f">Szegedi Kossuth Ny.)</subfield>
    </datafield>
    <datafield tag="300" ind1=" " ind2=" ">
      <subfield code="a">160 p. :</subfield>
      <subfield code="b">ill., térk. ;</subfield>
      <subfield code="c">21 cm</subfield>
    </datafield>
    <datafield tag="490" ind1="1" ind2=" ">
      <subfield code="a">Export-import</subfield>
      <subfield code="x">1219-0195</subfield>
    </datafield>
    <datafield tag="490" ind1="1" ind2=" ">
      <subfield code="a">Langenscheidt levélminták</subfield>
    </datafield>
    <datafield tag="650" ind1=" " ind2="4">
      <subfield code="a">Levélírás</subfield>
    </datafield>
    <datafield tag="650" ind1=" " ind2="4">
      <subfield code="a">Kereskedelmi levelezés, francia</subfield>
      <subfield code="x">kézikönyvek stb.</subfield>
    </datafield>
    <datafield tag="650" ind1=" " ind2="4">
      <subfield code="a">Levélminták</subfield>
    </datafield>
    <datafield tag="650" ind1=" " ind2="4">
      <subfield code="a">Francia nyelv</subfield>
      <subfield code="x">üzleti francia</subfield>
      <subfield code="x">kézikönyvek stb.</subfield>
    </datafield>
    <datafield tag="650" ind1=" " ind2="0">
      <subfield code="a">Letter-writing.</subfield>
    </datafield>
    <datafield tag="650" ind1=" " ind2="0">
      <subfield code="a">Commercial correspondence, French</subfield>
      <subfield code="x">Handbooks, manuals, etc.</subfield>
    </datafield>
    <datafield tag="650" ind1=" " ind2="0">
      <subfield code="a">Form letters.</subfield>
    </datafield>
    <datafield tag="650" ind1=" " ind2="0">
      <subfield code="a">French language</subfield>
      <subfield code="x">Business French</subfield>
      <subfield code="x">Handbooks, manuals, etc.</subfield>
    </datafield>
    <datafield tag="650" ind1="0" ind2="4">
      <subfield code="a">levelezés</subfield>
      <subfield code="x">üzleti</subfield>
      <subfield code="z">francia</subfield>
    </datafield>
    <datafield tag="650" ind1=" " ind2="7">
      <subfield code="a">Levélírás</subfield>
      <subfield code="2">lcsh//hun</subfield>
    </datafield>
    <datafield tag="650" ind1=" " ind2="7">
      <subfield code="a">Kereskedelmi levelezés, francia</subfield>
      <subfield code="x">kézikönyvek stb.</subfield>
      <subfield code="2">lcsh//hun</subfield>
    </datafield>
    <datafield tag="650" ind1=" " ind2="7">
      <subfield code="a">Levélminták</subfield>
      <subfield code="2">lcsh//hun</subfield>
    </datafield>
    <datafield tag="650" ind1=" " ind2="7">
      <subfield code="a">Francia nyelv</subfield>
      <subfield code="x">üzleti francia</subfield>
      <subfield code="x">kézikönyvek stb.</subfield>
      <subfield code="2">lcsh//hun</subfield>
    </datafield>
    <datafield tag="700" ind1="1" ind2=" ">
      <subfield code="a">Strohmayer Andrea</subfield>
      <subfield code="4">(ford.)</subfield>
    </datafield>
    <datafield tag="700" ind1="1" ind2=" ">
      <subfield code="a">Nemes Tibor</subfield>
      <subfield code="4">(ford.)</subfield>
    </datafield>
    <datafield tag="830" ind1=" " ind2="0">
      <subfield code="a">Export-import</subfield>
    </datafield>
    <datafield tag="830" ind1=" " ind2="0">
      <subfield code="a">Langenscheidt levélminták</subfield>
    </datafield>
    <datafield tag="852" ind1=" " ind2=" ">
      <subfield code="a">B1</subfield>
      <subfield code="b">B1</subfield>
      <subfield code="x">281293</subfield>
    </datafield>
    <datafield tag="852" ind1=" " ind2=" ">
      <subfield code="a">D1</subfield>
      <subfield code="b">D1/NY</subfield>
      <subfield code="b">D1</subfield>
      <subfield code="x">281293</subfield>
    </datafield>
    <datafield tag="852" ind1=" " ind2=" ">
      <subfield code="a">M1</subfield>
      <subfield code="b">M1</subfield>
      <subfield code="x">54267</subfield>
    </datafield>
    <datafield tag="852" ind1=" " ind2=" ">
      <subfield code="a">SZK1</subfield>
      <subfield code="b">SZK1</subfield>
      <subfield code="x">281293</subfield>
    </datafield>
    <datafield tag="852" ind1=" " ind2=" ">
      <subfield code="a">B10</subfield>
      <subfield code="b">0801</subfield>
      <subfield code="x">bibFSZ00129868</subfield>
    </datafield>
  </record>
  <record>
    <leader>01658fam  2200505 ir4500</leader>
    <controlfield tag="001">MOKKAZ0006453966  </controlfield>
    <controlfield tag="005">20100602145937.0</controlfield>
    <controlfield tag="008">030117s2002    hu a          001 0 hun d</controlfield>
    <datafield tag="020" ind1=" " ind2=" ">
      <subfield code="a">963-86292-3-1 (fűzött)</subfield>
    </datafield>
    <datafield tag="035" ind1=" " ind2=" ">
      <subfield code="a">947690</subfield>
    </datafield>
    <datafield tag="040" ind1=" " ind2=" ">
      <subfield code="a">OSZK</subfield>
    </datafield>
    <datafield tag="041" ind1="1" ind2=" ">
      <subfield code="a">hunhun</subfield>
      <subfield code="h">freger</subfield>
    </datafield>
    <datafield tag="080" ind1=" " ind2="0">
      <subfield code="a">804.0(078)=945.11</subfield>
    </datafield>
    <datafield tag="080" ind1=" " ind2="0">
      <subfield code="a">651.7(083.76)</subfield>
    </datafield>
    <datafield tag="080" ind1=" " ind2=" ">
      <subfield code="a">804.0:</subfield>
    </datafield>
    <datafield tag="080" ind1=" " ind2=" ">
      <subfield code="a">651.75</subfield>
    </datafield>
    <datafield tag="100" ind1="1" ind2=" ">
      <subfield code="a">Gragnic, Stéphane</subfield>
    </datafield>
    <datafield tag="240" ind1="1" ind2="0">
      <subfield code="a">100 Briefe Französisch</subfield>
      <subfield code="l">(magyar)</subfield>
    </datafield>
    <datafield tag="245" ind1="1" ind2="0">
      <subfield code="a">100 francia üzleti levél /</subfield>
      <subfield code="c">Stéphane Gragnic munkája ; [ford. Nemes Tibor]</subfield>
    </datafield>
    <datafield tag="260" ind1=" " ind2=" ">
      <subfield code="a">[Budapest] :</subfield>
      <subfield code="b">Interbooks,</subfield>
      <subfield code="c">2002</subfield>
      <subfield code="e">(Budapest</subfield>
      <subfield code="f">Kőpress)</subfield>
    </datafield>
    <datafield tag="300" ind1=" " ind2=" ">
      <subfield code="a">160 p. :</subfield>
      <subfield code="b">ill. ;</subfield>
      <subfield code="c">21 cm</subfield>
    </datafield>
    <datafield tag="490" ind1="1" ind2=" ">
      <subfield code="a">Export-import</subfield>
      <subfield code="x">1219-0195</subfield>
    </datafield>
    <datafield tag="490" ind1="1" ind2=" ">
      <subfield code="a">Külkereskedelmi levélminták</subfield>
    </datafield>
    <datafield tag="650" ind1=" " ind2="7">
      <subfield code="a">Francia nyelv</subfield>
      <subfield code="x">levelezés</subfield>
      <subfield code="x">kereskedelmi</subfield>
      <subfield code="2">szte</subfield>
    </datafield>
    <datafield tag="650" ind1=" " ind2="7">
      <subfield code="a">Üzleti nyelv</subfield>
      <subfield code="x">francia</subfield>
      <subfield code="2">szte</subfield>
    </datafield>
    <datafield tag="650" ind1=" " ind2="4">
      <subfield code="a">Levélminták</subfield>
    </datafield>
    <datafield tag="650" ind1=" " ind2="4">
      <subfield code="a">Levélírás</subfield>
    </datafield>
    <datafield tag="650" ind1=" " ind2="4">
      <subfield code="a">Kereskedelmi levelezés, francia</subfield>
      <subfield code="x">kézikönyvek stb.</subfield>
    </datafield>
    <datafield tag="650" ind1=" " ind2="0">
      <subfield code="a">Form letters.</subfield>
    </datafield>
    <datafield tag="650" ind1=" " ind2="0">
      <subfield code="a">Letter-writing.</subfield>
    </datafield>
    <datafield tag="650" ind1=" " ind2="0">
      <subfield code="a">Commercial correspondence, French</subfield>
      <subfield code="x">Handbooks, manuals, etc.</subfield>
    </datafield>
    <datafield tag="650" ind1=" " ind2="4">
      <subfield code="a">Nyelvkönyv</subfield>
    </datafield>
    <datafield tag="650" ind1=" " ind2="4">
      <subfield code="a">Üzleti levelezés</subfield>
    </datafield>
    <datafield tag="695" ind1=" " ind2=" ">
      <subfield code="a">Francia nyelvkönyv, levelezés</subfield>
    </datafield>
    <datafield tag="695" ind1=" " ind2=" ">
      <subfield code="a">Levelezés, üzleti</subfield>
    </datafield>
    <datafield tag="700" ind1="1" ind2=" ">
      <subfield code="a">Nemes Tibor</subfield>
      <subfield code="4">(ford.)</subfield>
    </datafield>
    <datafield tag="830" ind1=" " ind2="0">
      <subfield code="a">Export-import</subfield>
    </datafield>
    <datafield tag="830" ind1=" " ind2="0">
      <subfield code="a">Külkereskedelmi levélminták</subfield>
    </datafield>
    <datafield tag="852" ind1=" " ind2=" ">
      <subfield code="a">B1</subfield>
      <subfield code="b">B1</subfield>
      <subfield code="x">947690</subfield>
    </datafield>
    <datafield tag="852" ind1=" " ind2=" ">
      <subfield code="a">B11</subfield>
      <subfield code="b">B11</subfield>
      <subfield code="x">BMEOMIKK000441729</subfield>
    </datafield>
    <datafield tag="852" ind1=" " ind2=" ">
      <subfield code="a">SZ4</subfield>
      <subfield code="b">SZ4</subfield>
      <subfield code="x">bibJPT00207920</subfield>
    </datafield>
    <datafield tag="852" ind1=" " ind2=" ">
      <subfield code="a">P1</subfield>
      <subfield code="b">P1/2S</subfield>
      <subfield code="b">P1/SZ</subfield>
      <subfield code="x">bibJPT00207920</subfield>
    </datafield>
    <datafield tag="852" ind1=" " ind2=" ">
      <subfield code="a">D1</subfield>
      <subfield code="b">D1/TP</subfield>
      <subfield code="x">bibJPT00207920</subfield>
    </datafield>
    <datafield tag="852" ind1=" " ind2=" ">
      <subfield code="a">B12</subfield>
      <subfield code="b">B12</subfield>
      <subfield code="x">BCEKK397492</subfield>
    </datafield>
    <datafield tag="852" ind1=" " ind2=" ">
      <subfield code="a">B10</subfield>
      <subfield code="x">bibFSZ01422398</subfield>
    </datafield>
  </record>
  <record>
    <leader>00503nam  2200181 i 4500</leader>
    <controlfield tag="001">MOKKAN0004693324  </controlfield>
    <controlfield tag="005">20070703004105.0</controlfield>
    <controlfield tag="008">960813s1972                 u    j ger d</controlfield>
    <datafield tag="035" ind1=" " ind2=" ">
      <subfield code="a">KÉE40365</subfield>
    </datafield>
    <datafield tag="040" ind1=" " ind2=" ">
      <subfield code="a">BCEEFK</subfield>
    </datafield>
    <datafield tag="041" ind1="0" ind2=" ">
      <subfield code="a">ger</subfield>
    </datafield>
    <datafield tag="100" ind1="1" ind2=" ">
      <subfield code="a">Galjaard, B. J.</subfield>
    </datafield>
    <datafield tag="245" ind1="1" ind2="0">
      <subfield code="a">100 Gartenstaudenin Farbe /</subfield>
      <subfield code="c">B. J. Galjaard</subfield>
    </datafield>
    <datafield tag="260" ind1=" " ind2=" ">
      <subfield code="a">Bern</subfield>
      <subfield code="a">München</subfield>
      <subfield code="a">Wien :</subfield>
      <subfield code="b">BLV Verlagsges.,</subfield>
      <subfield code="c">1972</subfield>
    </datafield>
    <datafield tag="300" ind1=" " ind2=" ">
      <subfield code="a">190, 2 p.</subfield>
    </datafield>
    <datafield tag="650" ind1=" " ind2="4">
      <subfield code="a">Dísznövénytermesztés</subfield>
    </datafield>
    <datafield tag="650" ind1=" " ind2="4">
      <subfield code="a">Évelő növények</subfield>
    </datafield>
    <datafield tag="852" ind1=" " ind2=" ">
      <subfield code="a">B503</subfield>
      <subfield code="b">B503</subfield>
      <subfield code="x">KÉE40365</subfield>
    </datafield>
  </record>
  <record>
    <leader>00634nam  2200205 i 4500</leader>
    <controlfield tag="001">MOKKAW0005262882  </controlfield>
    <controlfield tag="005">20080408231647.0</controlfield>
    <controlfield tag="008">031127s1998    hu           u    j hun d</controlfield>
    <datafield tag="020" ind1=" " ind2=" ">
      <subfield code="a">963 548 711 8 (kötött)</subfield>
    </datafield>
    <datafield tag="035" ind1=" " ind2=" ">
      <subfield code="a">NLVK91763</subfield>
    </datafield>
    <datafield tag="040" ind1=" " ind2=" ">
      <subfield code="a">NLVK</subfield>
    </datafield>
    <datafield tag="041" ind1="0" ind2=" ">
      <subfield code="a">hun</subfield>
    </datafield>
    <datafield tag="100" ind1="1" ind2=" ">
      <subfield code="a">Klepper,Michael</subfield>
    </datafield>
    <datafield tag="245" ind1="1" ind2="0">
      <subfield code="a">100 gazdag ember /</subfield>
      <subfield code="c">Michael Klepper, Robert Gunther  ;  [ford. Gellért Marcell]</subfield>
    </datafield>
    <datafield tag="260" ind1=" " ind2=" ">
      <subfield code="a">Budapest :</subfield>
      <subfield code="b">Magyar Könyvklub,</subfield>
      <subfield code="c">1998</subfield>
    </datafield>
    <datafield tag="300" ind1=" " ind2=" ">
      <subfield code="a">349 p. :</subfield>
      <subfield code="b">ill. ;</subfield>
      <subfield code="c">25 cm</subfield>
    </datafield>
    <datafield tag="650" ind1=" " ind2="4">
      <subfield code="a">Amerikai Egyesült Államok</subfield>
      <subfield code="x">Interjúk</subfield>
      <subfield code="x">Karrier</subfield>
    </datafield>
    <datafield tag="650" ind1=" " ind2="4">
      <subfield code="a">Karrier</subfield>
      <subfield code="x">Interjúk</subfield>
    </datafield>
    <datafield tag="700" ind1="1" ind2=" ">
      <subfield code="a">Gunther, Robert</subfield>
    </datafield>
    <datafield tag="852" ind1=" " ind2=" ">
      <subfield code="a">H1</subfield>
      <subfield code="b">H1</subfield>
      <subfield code="x">NLVK91763</subfield>
    </datafield>
  </record>
  <record>
    <leader>01631fam  2200457 i 4500</leader>
    <controlfield tag="001">MOKKAZ0006366338  </controlfield>
    <controlfield tag="005">20090521221147.0</controlfield>
    <controlfield tag="008">980723s1998    hu ac         000 0chun d</controlfield>
    <datafield tag="020" ind1=" " ind2=" ">
      <subfield code="a">963-548-711-8 (kötött)</subfield>
    </datafield>
    <datafield tag="035" ind1=" " ind2=" ">
      <subfield code="a">305358</subfield>
    </datafield>
    <datafield tag="040" ind1=" " ind2=" ">
      <subfield code="a">OSZK</subfield>
    </datafield>
    <datafield tag="041" ind1="1" ind2=" ">
      <subfield code="a">hunhun</subfield>
      <subfield code="h">eng</subfield>
    </datafield>
    <datafield tag="100" ind1="1" ind2=" ">
      <subfield code="a">Klepper, Michael</subfield>
    </datafield>
    <datafield tag="240" ind1="1" ind2="4">
      <subfield code="a">The wealthy 100</subfield>
      <subfield code="l">(magyar)</subfield>
    </datafield>
    <datafield tag="245" ind1="1" ind2="0">
      <subfield code="a">100 gazdag ember /</subfield>
      <subfield code="c">Michael Klepper, Robert Gunther ; [ford. Gellért Marcell]</subfield>
    </datafield>
    <datafield tag="260" ind1=" " ind2=" ">
      <subfield code="a">Budapest :</subfield>
      <subfield code="b">M. Kvklub,</subfield>
      <subfield code="c">1998</subfield>
      <subfield code="e">(Budapest</subfield>
      <subfield code="f">Cad Bt)</subfield>
      <subfield code="e">(Gyula</subfield>
      <subfield code="f">Kner)</subfield>
      <subfield code="f">Dürer)</subfield>
    </datafield>
    <datafield tag="300" ind1=" " ind2=" ">
      <subfield code="a">349 p. :</subfield>
      <subfield code="b">ill. ;</subfield>
      <subfield code="c">25 cm</subfield>
    </datafield>
    <datafield tag="650" ind1=" " ind2="4">
      <subfield code="a">Tőkések és befektetők</subfield>
      <subfield code="z">Egyesült Államok</subfield>
      <subfield code="x">életrajz</subfield>
    </datafield>
    <datafield tag="650" ind1=" " ind2="4">
      <subfield code="a">Milliomosok</subfield>
      <subfield code="z">Egyesült Államok</subfield>
      <subfield code="x">életrajz</subfield>
    </datafield>
    <datafield tag="650" ind1=" " ind2="0">
      <subfield code="a">Millionaires</subfield>
      <subfield code="z">United States</subfield>
      <subfield code="x">Biography.</subfield>
    </datafield>
    <datafield tag="650" ind1=" " ind2="0">
      <subfield code="a">Capitalists and financiers</subfield>
      <subfield code="z">United States</subfield>
      <subfield code="x">Biography.</subfield>
    </datafield>
    <datafield tag="650" ind1=" " ind2="7">
      <subfield code="a">Gazdagok</subfield>
      <subfield code="x">USA</subfield>
      <subfield code="2">szte</subfield>
    </datafield>
    <datafield tag="650" ind1="0" ind2="4">
      <subfield code="a">életrajzok</subfield>
      <subfield code="z">USA</subfield>
    </datafield>
    <datafield tag="650" ind1=" " ind2="4">
      <subfield code="a">Egyesült Államok</subfield>
    </datafield>
    <datafield tag="650" ind1=" " ind2="4">
      <subfield code="a">életrajz</subfield>
    </datafield>
    <datafield tag="650" ind1=" " ind2="4">
      <subfield code="a">gazdagodás</subfield>
    </datafield>
    <datafield tag="650" ind1=" " ind2="4">
      <subfield code="a">szociográfia</subfield>
    </datafield>
    <datafield tag="650" ind1=" " ind2="4">
      <subfield code="a">USA</subfield>
    </datafield>
    <datafield tag="650" ind1=" " ind2="4">
      <subfield code="a">gazdagok - Egyesült Államok</subfield>
    </datafield>
    <datafield tag="650" ind1=" " ind2="4">
      <subfield code="a">Biográfia</subfield>
    </datafield>
    <datafield tag="700" ind1="1" ind2="0">
      <subfield code="a">Gunther, Robert</subfield>
    </datafield>
    <datafield tag="700" ind1="1" ind2=" ">
      <subfield code="a">Gellért Marcell</subfield>
      <subfield code="4">(ford.)</subfield>
    </datafield>
    <datafield tag="730" ind1="4" ind2=" ">
      <subfield code="a">The wealthy 100</subfield>
    </datafield>
    <datafield tag="852" ind1=" " ind2=" ">
      <subfield code="a">B1</subfield>
      <subfield code="b">B1</subfield>
      <subfield code="x">305358</subfield>
    </datafield>
    <datafield tag="852" ind1=" " ind2=" ">
      <subfield code="a">D1</subfield>
      <subfield code="b">D1</subfield>
      <subfield code="x">bibKLT00189539</subfield>
    </datafield>
    <datafield tag="852" ind1=" " ind2=" ">
      <subfield code="a">SZ1</subfield>
      <subfield code="b">SZ1</subfield>
      <subfield code="x">bibJAT00325301</subfield>
    </datafield>
    <datafield tag="852" ind1=" " ind2=" ">
      <subfield code="a">B10</subfield>
      <subfield code="B">0801</subfield>
      <subfield code="B">1801</subfield>
      <subfield code="B">1803</subfield>
      <subfield code="B">1901</subfield>
      <subfield code="B">1903</subfield>
      <subfield code="B">2002</subfield>
      <subfield code="B">2101</subfield>
      <subfield code="B">2103</subfield>
      <subfield code="B">2104</subfield>
      <subfield code="B">2301</subfield>
      <subfield code="B">0901</subfield>
      <subfield code="B">0902</subfield>
      <subfield code="B">1308</subfield>
      <subfield code="B">0404</subfield>
      <subfield code="B">0601</subfield>
      <subfield code="B">1306</subfield>
      <subfield code="B">1105</subfield>
      <subfield code="B">2203</subfield>
      <subfield code="B">1106</subfield>
      <subfield code="B">1201</subfield>
      <subfield code="B">0305</subfield>
      <subfield code="B">1004</subfield>
      <subfield code="b">1501</subfield>
      <subfield code="x">bibFSZ00137522</subfield>
    </datafield>
    <datafield tag="852" ind1=" " ind2=" ">
      <subfield code="a">M1</subfield>
      <subfield code="b">M1</subfield>
      <subfield code="x">76056</subfield>
    </datafield>
    <datafield tag="852" ind1=" " ind2=" ">
      <subfield code="a">G1</subfield>
      <subfield code="b">G1</subfield>
      <subfield code="x">GATE-C00053289</subfield>
    </datafield>
    <datafield tag="852" ind1=" " ind2=" ">
      <subfield code="a">BCS1</subfield>
      <subfield code="b">BCS1</subfield>
      <subfield code="x">bibBKO00219509</subfield>
    </datafield>
    <datafield tag="852" ind1=" " ind2=" ">
      <subfield code="a">B12</subfield>
      <subfield code="b">B12</subfield>
      <subfield code="x">BCEKK332296</subfield>
    </datafield>
  </record>
  <record>
    <leader>04870nam  2200577 i 4500</leader>
    <controlfield tag="001">MOKKAS0001510550  </controlfield>
    <controlfield tag="005">20090919001304.0</controlfield>
    <controlfield tag="008">050903s1998    hu            00010 hun d</controlfield>
    <datafield tag="020" ind1=" " ind2=" ">
      <subfield code="a">963-548-711-8 (kötött) :</subfield>
      <subfield code="c">1390,- Ft</subfield>
    </datafield>
    <datafield tag="035" ind1=" " ind2=" ">
      <subfield code="a">bibVFK00196735</subfield>
    </datafield>
    <datafield tag="040" ind1=" " ind2=" ">
      <subfield code="a">VFMK</subfield>
    </datafield>
    <datafield tag="080" ind1=" " ind2=" ">
      <subfield code="a">929</subfield>
    </datafield>
    <datafield tag="080" ind1=" " ind2=" ">
      <subfield code="a">308-058.32(73)</subfield>
    </datafield>
    <datafield tag="080" ind1=" " ind2=" ">
      <subfield code="a">323.396(73)</subfield>
    </datafield>
    <datafield tag="100" ind1="1" ind2=" ">
      <subfield code="a">Klepper, Michael</subfield>
    </datafield>
    <datafield tag="240" ind1="1" ind2="4">
      <subfield code="a">The wealthy 100</subfield>
    </datafield>
    <datafield tag="245" ind1="1" ind2="0">
      <subfield code="a">100 gazdag ember /</subfield>
      <subfield code="c">Michael Klepper, Robert Gunther ; [ford. Gellért Marcell]</subfield>
    </datafield>
    <datafield tag="260" ind1=" " ind2=" ">
      <subfield code="a">Budapest :</subfield>
      <subfield code="b">Magyar Könyvklub,</subfield>
      <subfield code="c">1998</subfield>
    </datafield>
    <datafield tag="300" ind1=" " ind2=" ">
      <subfield code="a">349 p. :</subfield>
      <subfield code="b">ill. ;</subfield>
      <subfield code="c">25 cm</subfield>
    </datafield>
    <datafield tag="505" ind1="0" ind2="0">
      <subfield code="g">1.</subfield>
      <subfield code="t">Az olajkirály--</subfield>
      <subfield code="g">2.</subfield>
      <subfield code="t">A vállalkozókapitány--</subfield>
      <subfield code="g">3.</subfield>
      <subfield code="t">Hét furulyától egy szőrme- és ingatlanbirodalomig--</subfield>
      <subfield code="g">4.</subfield>
      <subfield code="t">A hajósinas, aki feljutott a csúcsra--</subfield>
      <subfield code="g">5.</subfield>
      <subfield code="t">Az acélóriás--</subfield>
      <subfield code="g">6.</subfield>
      <subfield code="t">A kereskedőkirály--</subfield>
      <subfield code="g">7.</subfield>
      <subfield code="t">A famágnás--</subfield>
      <subfield code="g">8.</subfield>
      <subfield code="t">A Wall Street-i Mefisztó--</subfield>
      <subfield code="g">9.</subfield>
      <subfield code="t">Az utolsó patrónus--</subfield>
      <subfield code="g">10.</subfield>
      <subfield code="t">Az álomlovag--</subfield>
      <subfield code="g">11.</subfield>
      <subfield code="t">Két kudarcot követően a T-modellel gördült be a siker és a vagyon birodalmába--</subfield>
      <subfield code="g">12.</subfield>
      <subfield code="t">A bankfivérek--</subfield>
      <subfield code="g">13.</subfield>
      <subfield code="t">A Wal-Mart mágusa--</subfield>
      <subfield code="g">14.</subfield>
      <subfield code="t">Az ezüstkirályok--</subfield>
      <subfield code="g">15.</subfield>
      <subfield code="t">A kininkirály--</subfield>
      <subfield code="g">16.</subfield>
      <subfield code="t">A city bankára--</subfield>
      <subfield code="g">17.</subfield>
      <subfield code="t">A tőzsdemanipulátor--</subfield>
      <subfield code="g">18.</subfield>
      <subfield code="t">Évi 40 000 mérföld--</subfield>
      <subfield code="g">19.</subfield>
      <subfield code="t">A postamester--</subfield>
      <subfield code="g">20.</subfield>
      <subfield code="t">A vasútfinanszírozás mágusa--</subfield>
      <subfield code="g">21.</subfield>
      <subfield code="t">A cetolajtól a Standard Oilig--</subfield>
      <subfield code="g">22.</subfield>
      <subfield code="t">Az amerikai történelem leggazdagabb bankára--</subfield>
      <subfield code="g">23.</subfield>
      <subfield code="t">Az ezredes milliói--</subfield>
      <subfield code="g">24.</subfield>
      <subfield code="t">"Viszontlátásra a pokolban"--</subfield>
      <subfield code="g">25.</subfield>
      <subfield code="t">A "nagy kvartett"--</subfield>
      <subfield code="g">26.</subfield>
      <subfield code="t">A siker villamosa--</subfield>
      <subfield code="g">27.</subfield>
      <subfield code="t">A férfi, akit Cincinnati urának hívtak--</subfield>
      <subfield code="g">28.</subfield>
      <subfield code="t">Vagyon sózott sertéshúsból--</subfield>
      <subfield code="g">29.</subfield>
      <subfield code="t">A Microsoft-mogulok--</subfield>
      <subfield code="g">30.</subfield>
      <subfield code="t">Akik összeférceltek egy új iparágat--</subfield>
      <subfield code="g">31.</subfield>
      <subfield code="t">Az olajtestvér--</subfield>
      <subfield code="g">32.</subfield>
      <subfield code="t">A Wall Street-i boszorkány--</subfield>
      <subfield code="g">33.</subfield>
      <subfield code="t">Az északnyugati vasútbirodalom építője--</subfield>
      <subfield code="g">34.</subfield>
      <subfield code="t">Az amerikai világkereskedelem úttörője--</subfield>
      <subfield code="g">35.</subfield>
      <subfield code="t">Az omahai bölcs--</subfield>
      <subfield code="g">36.</subfield>
      <subfield code="t">A legédesebb siker--</subfield>
      <subfield code="g">37.</subfield>
      <subfield code="t">Híd az Atlanti-óceánon--</subfield>
      <subfield code="g">38.</subfield>
      <subfield code="t">A montanai "rézkirály"--</subfield>
      <subfield code="g">39.</subfield>
      <subfield code="t">Az egymillió dolláros mosoly--</subfield>
      <subfield code="g">40.</subfield>
      <subfield code="t">Egy briliáns ékszerész--</subfield>
      <subfield code="g">41.</subfield>
      <subfield code="t">A New York-i villamoskirály--</subfield>
      <subfield code="g">42.</subfield>
      <subfield code="t">Az olajszerencse fia--</subfield>
      <subfield code="g">43.</subfield>
      <subfield code="t">A floridai paradicsom megálmodója--</subfield>
      <subfield code="g">44.</subfield>
      <subfield code="t">A dohánybáró--</subfield>
      <subfield code="g">45.</subfield>
      <subfield code="t">A massachusettsi kalóz--</subfield>
      <subfield code="g">46.</subfield>
      <subfield code="t">A bányász, aki médiabirodalmat alapított--</subfield>
      <subfield code="g">47.</subfield>
      <subfield code="t">A dúsgazdag forradalmár--</subfield>
      <subfield code="g">48.</subfield>
      <subfield code="t">A Baltimore &amp; Ohio vasút tábornoka--</subfield>
      <subfield code="g">49.</subfield>
      <subfield code="t">Akikhez a vagyon postán érkezett--</subfield>
      <subfield code="g">50.</subfield>
      <subfield code="t">A Wall Street-i szfinx--</subfield>
      <subfield code="g">51.</subfield>
      <subfield code="t">Az Egyesült Államok első számú nagybirtokosa--</subfield>
      <subfield code="g">52.</subfield>
      <subfield code="t">A fúzió nagymestere--</subfield>
      <subfield code="g">53.</subfield>
      <subfield code="t">A sörbáró--</subfield>
      <subfield code="g">54.</subfield>
      <subfield code="t">A leveskirály--</subfield>
      <subfield code="g">55.</subfield>
      <subfield code="t">Az álmok őrzője--</subfield>
      <subfield code="g">56.</subfield>
      <subfield code="t">A kötszermilliárdos--</subfield>
      <subfield code="g">57.</subfield>
      <subfield code="t">Az autóipar ikermotorja--</subfield>
      <subfield code="g">58.</subfield>
      <subfield code="t">A második "Rockefeller"--</subfield>
      <subfield code="g">59.</subfield>
      <subfield code="t">Aki másodszor fedezte fel Panamát--</subfield>
      <subfield code="g">60.</subfield>
      <subfield code="t">A baltimore-i városépítő--</subfield>
      <subfield code="g">61.</subfield>
      <subfield code="t">A csúcstechnológia géniusza--</subfield>
      <subfield code="g">62.</subfield>
      <subfield code="t">A revolver atyja--</subfield>
      <subfield code="g">63.</subfield>
      <subfield code="t">A láthatatlan kéz--</subfield>
      <subfield code="g">64.</subfield>
      <subfield code="t">Az úri betyár--</subfield>
      <subfield code="g">65.</subfield>
      <subfield code="t">Az évszázad botrányhősének atyja--</subfield>
      <subfield code="g">66.</subfield>
      <subfield code="t">Aki az aratógépével aratott--</subfield>
      <subfield code="g">67.</subfield>
      <subfield code="t">Az alumíniumcsászár--</subfield>
      <subfield code="g">68.</subfield>
      <subfield code="t">A civil generális--</subfield>
      <subfield code="g">69.</subfield>
      <subfield code="t">A nincstelen bevándorlóból lett sajtómágnás--</subfield>
      <subfield code="g">70.</subfield>
      <subfield code="t">Aki az apja nyomdokaiba lépett--</subfield>
      <subfield code="g">71.</subfield>
      <subfield code="t">A pokol angyala--</subfield>
      <subfield code="g">72.</subfield>
      <subfield code="t">A "filléres" multimilliomos--</subfield>
      <subfield code="g">73.</subfield>
      <subfield code="t">A régi-új New Orleans-i földesúr--</subfield>
      <subfield code="g">74.</subfield>
      <subfield code="t">Az ipari kémkedés atyja--</subfield>
      <subfield code="g">75.</subfield>
      <subfield code="t">Amerika "Rotschildja"--</subfield>
      <subfield code="g">76.</subfield>
      <subfield code="t">Aki nem csak a gazdagságának köszönhette a hírnevét--</subfield>
      <subfield code="g">77.</subfield>
      <subfield code="t">A médiakirály--</subfield>
      <subfield code="g">78.</subfield>
      <subfield code="t">Az "Elnök" kapitánya--</subfield>
      <subfield code="g">79.</subfield>
      <subfield code="t">Az olajspekulánsok királya--</subfield>
      <subfield code="g">80.</subfield>
      <subfield code="t">Az Amway éllovasai--</subfield>
      <subfield code="g">81.</subfield>
      <subfield code="t">A lendkerék Carnegie acélgépezetében--</subfield>
      <subfield code="g">82.</subfield>
      <subfield code="t">A szoftverszamuráj--</subfield>
      <subfield code="g">83.</subfield>
      <subfield code="t">A Szuperbefektető--</subfield>
      <subfield code="g">84.</subfield>
      <subfield code="t">New England leggazdagabb embere--</subfield>
      <subfield code="g">85.</subfield>
      <subfield code="t">A gabonapehely-király--</subfield>
      <subfield code="g">86.</subfield>
      <subfield code="t">A papírtigris--</subfield>
      <subfield code="g">87.</subfield>
      <subfield code="t">Extra íz - extra vagyon--</subfield>
      <subfield code="g">88.</subfield>
      <subfield code="t">A H-P mítosz</subfield>
    </datafield>
    <datafield tag="650" ind1=" " ind2="4">
      <subfield code="a">Életrajzok</subfield>
    </datafield>
    <datafield tag="650" ind1=" " ind2="4">
      <subfield code="a">Kuriózumok</subfield>
    </datafield>
    <datafield tag="650" ind1=" " ind2="4">
      <subfield code="a">gazdag ember</subfield>
    </datafield>
    <datafield tag="650" ind1=" " ind2="4">
      <subfield code="a">életrajz</subfield>
    </datafield>
    <datafield tag="650" ind1=" " ind2="4">
      <subfield code="a">interjú</subfield>
    </datafield>
    <datafield tag="650" ind1=" " ind2="4">
      <subfield code="a">gazdagok</subfield>
    </datafield>
    <datafield tag="650" ind1=" " ind2="7">
      <subfield code="a">Gazdagság ábrázolása</subfield>
      <subfield code="x">életrajz</subfield>
      <subfield code="2">szte</subfield>
    </datafield>
    <datafield tag="650" ind1=" " ind2="7">
      <subfield code="a">Elit</subfield>
      <subfield code="x">pénzügyi</subfield>
      <subfield code="2">szte</subfield>
    </datafield>
    <datafield tag="650" ind1=" " ind2="7">
      <subfield code="a">Karrier</subfield>
      <subfield code="2">szte</subfield>
    </datafield>
    <datafield tag="650" ind1=" " ind2="7">
      <subfield code="a">Fináncoligarchia</subfield>
      <subfield code="x">Egyesült Államok</subfield>
      <subfield code="2">szte</subfield>
    </datafield>
    <datafield tag="650" ind1=" " ind2="4">
      <subfield code="a">gazdagodás</subfield>
    </datafield>
    <datafield tag="650" ind1=" " ind2="4">
      <subfield code="a">szociográfia</subfield>
    </datafield>
    <datafield tag="650" ind1=" " ind2="4">
      <subfield code="a">Amerikai Egyesült Államok</subfield>
    </datafield>
    <datafield tag="650" ind1=" " ind2="4">
      <subfield code="a">Tőkések és befektetők</subfield>
      <subfield code="z">Egyesült Államok</subfield>
      <subfield code="x">életrajz</subfield>
    </datafield>
    <datafield tag="650" ind1=" " ind2="4">
      <subfield code="a">Milliomosok</subfield>
      <subfield code="z">Egyesült Államok</subfield>
      <subfield code="x">életrajz</subfield>
    </datafield>
    <datafield tag="650" ind1=" " ind2="0">
      <subfield code="a">Millionaires</subfield>
      <subfield code="z">United States</subfield>
      <subfield code="x">Biography.</subfield>
    </datafield>
    <datafield tag="650" ind1=" " ind2="0">
      <subfield code="a">Capitalists and financiers</subfield>
      <subfield code="z">United States</subfield>
      <subfield code="x">Biography.</subfield>
    </datafield>
    <datafield tag="650" ind1=" " ind2="4">
      <subfield code="a">gazdaságtörténet</subfield>
    </datafield>
    <datafield tag="650" ind1=" " ind2="4">
      <subfield code="a">18. századtól</subfield>
    </datafield>
    <datafield tag="651" ind1=" " ind2="4">
      <subfield code="a">Egyesült Államok</subfield>
    </datafield>
    <datafield tag="700" ind1="1" ind2=" ">
      <subfield code="a">Gunther, Robert</subfield>
    </datafield>
    <datafield tag="700" ind1="1" ind2=" ">
      <subfield code="a">Gellért Marcell</subfield>
      <subfield code="4">ford.</subfield>
    </datafield>
    <datafield tag="852" ind1=" " ind2=" ">
      <subfield code="a">SZL1</subfield>
      <subfield code="b">SZL1</subfield>
      <subfield code="x">bibVFK00196735</subfield>
    </datafield>
    <datafield tag="852" ind1=" " ind2=" ">
      <subfield code="a">S1</subfield>
      <subfield code="b">S1</subfield>
      <subfield code="x">bibSEF00020066</subfield>
    </datafield>
    <datafield tag="852" ind1=" " ind2=" ">
      <subfield code="a">SZK1</subfield>
      <subfield code="b">SZK1</subfield>
      <subfield code="x">305358</subfield>
    </datafield>
    <datafield tag="852" ind1=" " ind2=" ">
      <subfield code="a">GY1</subfield>
      <subfield code="b">GY1</subfield>
      <subfield code="x">409039</subfield>
    </datafield>
    <datafield tag="852" ind1=" " ind2=" ">
      <subfield code="a">M2</subfield>
      <subfield code="b">M2</subfield>
      <subfield code="x">bibRFK00106400</subfield>
    </datafield>
    <datafield tag="852" ind1=" " ind2=" ">
      <subfield code="a">SZ4</subfield>
      <subfield code="b">SZ4</subfield>
      <subfield code="x">bibSOK00008177</subfield>
    </datafield>
    <datafield tag="852" ind1=" " ind2=" ">
      <subfield code="a">G1</subfield>
      <subfield code="b">G1</subfield>
      <subfield code="x">71408</subfield>
    </datafield>
    <datafield tag="852" ind1=" " ind2=" ">
      <subfield code="a">D1</subfield>
      <subfield code="b">D1</subfield>
      <subfield code="x">bibKLT00189539</subfield>
    </datafield>
    <datafield tag="852" ind1=" " ind2=" ">
      <subfield code="a">B8</subfield>
      <subfield code="b">B8</subfield>
      <subfield code="x">OGYK000019485</subfield>
    </datafield>
  </record>
  <record>
    <leader>00598nama 22001571i 4500</leader>
    <controlfield tag="001">MOKKAS0000741385  </controlfield>
    <controlfield tag="005">20060616222015.0</controlfield>
    <controlfield tag="008">041105s1978    hu            000 0 hunod</controlfield>
    <datafield tag="035" ind1=" " ind2=" ">
      <subfield code="a">1500457</subfield>
    </datafield>
    <datafield tag="040" ind1=" " ind2=" ">
      <subfield code="a">OSZK</subfield>
    </datafield>
    <datafield tag="041" ind1="0" ind2=" ">
      <subfield code="a">hunhun</subfield>
    </datafield>
    <datafield tag="245" ind1="0" ind2="0">
      <subfield code="a">100 gazdasági kategória : </subfield>
      <subfield code="b">segédanyag a szocializmus politikai gazdaságtan tanulmányozásához /</subfield>
      <subfield code="c">szerk. Paszternák László</subfield>
    </datafield>
    <datafield tag="260" ind1=" " ind2=" ">
      <subfield code="a">Budapest :</subfield>
      <subfield code="b">Szakszervezetek Országos Tanácsa Központi Iskola, Közgazdasági Tanszék,</subfield>
      <subfield code="c">1978</subfield>
    </datafield>
    <datafield tag="300" ind1=" " ind2=" ">
      <subfield code="a">16 p.</subfield>
    </datafield>
    <datafield tag="700" ind1="1" ind2=" ">
      <subfield code="a">Paszternák László</subfield>
      <subfield code="c">(cédulakatalógus alapján)</subfield>
      <subfield code="4">(szerk.)</subfield>
    </datafield>
    <datafield tag="852" ind1=" " ind2=" ">
      <subfield code="a">B1</subfield>
      <subfield code="b">B1</subfield>
      <subfield code="x">1500457</subfield>
    </datafield>
  </record>
  <record>
    <leader>00689nam  2200217 i 4500</leader>
    <controlfield tag="001">MOKKAZ0003199089  </controlfield>
    <controlfield tag="005">20040909165741.0</controlfield>
    <controlfield tag="008">      s1988    gw            00010 ger d</controlfield>
    <datafield tag="020" ind1=" " ind2=" ">
      <subfield code="a">3 8031 2044 6</subfield>
    </datafield>
    <datafield tag="035" ind1=" " ind2=" ">
      <subfield code="a">bibKLT00021968</subfield>
    </datafield>
    <datafield tag="040" ind1=" " ind2=" ">
      <subfield code="a">DEENK</subfield>
    </datafield>
    <datafield tag="100" ind1="1" ind2=" ">
      <subfield code="a">Fried, Erich</subfield>
      <subfield code="d">(1921-1988)</subfield>
    </datafield>
    <datafield tag="245" ind1="1" ind2="0">
      <subfield code="a">100 Gedichte ohne Vaterland /</subfield>
      <subfield code="c">Erich Fried</subfield>
    </datafield>
    <datafield tag="250" ind1=" " ind2=" ">
      <subfield code="a">Neuausgabe. -</subfield>
    </datafield>
    <datafield tag="260" ind1="0" ind2=" ">
      <subfield code="a">Berlin :</subfield>
      <subfield code="b">Verl. Klaus Wagenbach,</subfield>
      <subfield code="c">1988</subfield>
    </datafield>
    <datafield tag="300" ind1=" " ind2=" ">
      <subfield code="a">126 p. ;</subfield>
      <subfield code="c">19 cm</subfield>
    </datafield>
    <datafield tag="490" ind1="1" ind2=" ">
      <subfield code="a">(Wagenbuch Taschenbücherei : Die Reihe mit dem Karnickel ;</subfield>
      <subfield code="v">44.)</subfield>
    </datafield>
    <datafield tag="695" ind1=" " ind2=" ">
      <subfield code="a">Osztrák irodalom, vers</subfield>
    </datafield>
    <datafield tag="830" ind1=" " ind2="0">
      <subfield code="a">Wagenbuch Taschenbücherei</subfield>
    </datafield>
    <datafield tag="852" ind1=" " ind2=" ">
      <subfield code="a">D1</subfield>
      <subfield code="b">D1/OE</subfield>
      <subfield code="x">bibKLT00021968</subfield>
    </datafield>
    <datafield tag="852" ind1=" " ind2=" ">
      <subfield code="a">P1</subfield>
      <subfield code="b">P1/OB</subfield>
      <subfield code="x">bibJPT00113138</subfield>
    </datafield>
  </record>
  <record>
    <leader>00491nam  2200169 i 4500</leader>
    <controlfield tag="001">MOKKAS0001089103  </controlfield>
    <controlfield tag="005">20051215235558.0</controlfield>
    <controlfield tag="008">050903s2003    hu            00010 ger d</controlfield>
    <datafield tag="020" ind1=" " ind2=" ">
      <subfield code="a">3-596-10988-4</subfield>
    </datafield>
    <datafield tag="035" ind1=" " ind2=" ">
      <subfield code="a">bibBKO00264076</subfield>
    </datafield>
    <datafield tag="040" ind1=" " ind2=" ">
      <subfield code="a">BMK</subfield>
    </datafield>
    <datafield tag="100" ind1="1" ind2=" ">
      <subfield code="a">Fried, Erich</subfield>
      <subfield code="d">(1921-1988)</subfield>
    </datafield>
    <datafield tag="245" ind1="1" ind2="0">
      <subfield code="a">100 Gedichte ohne Vaterland /</subfield>
      <subfield code="c">Erich Fried</subfield>
    </datafield>
    <datafield tag="250" ind1=" " ind2=" ">
      <subfield code="a">5. Aufl.</subfield>
    </datafield>
    <datafield tag="260" ind1=" " ind2=" ">
      <subfield code="a">Frankfurt am Main :</subfield>
      <subfield code="b">Fischer Taschenbuch Verl.,</subfield>
      <subfield code="c">2003</subfield>
    </datafield>
    <datafield tag="300" ind1=" " ind2=" ">
      <subfield code="a">126 p. ;</subfield>
      <subfield code="c">19 cm</subfield>
    </datafield>
    <datafield tag="852" ind1=" " ind2=" ">
      <subfield code="a">BCS1</subfield>
      <subfield code="b">BCS1</subfield>
      <subfield code="x">bibBKO00264076</subfield>
    </datafield>
  </record>
  <record>
    <leader>00789nam  2200253 i 4500</leader>
    <controlfield tag="001">MOKKAW0005746147  </controlfield>
    <controlfield tag="005">20080418043024.0</controlfield>
    <controlfield tag="008">940814s1971    DE            000 0 ger d</controlfield>
    <datafield tag="020" ind1=" " ind2=" ">
      <subfield code="a">3-87094-500-1</subfield>
    </datafield>
    <datafield tag="035" ind1=" " ind2=" ">
      <subfield code="a">BMEOMIKK000396211</subfield>
    </datafield>
    <datafield tag="040" ind1=" " ind2=" ">
      <subfield code="a">BMEOMIKK</subfield>
    </datafield>
    <datafield tag="041" ind1="0" ind2=" ">
      <subfield code="a">ger</subfield>
    </datafield>
    <datafield tag="044" ind1=" " ind2=" ">
      <subfield code="a">DE</subfield>
    </datafield>
    <datafield tag="245" ind1="0" ind2="0">
      <subfield code="a">100 Gleispläne für kleine und mittlere Modellbahn-Anlagen HO-TT-N /</subfield>
      <subfield code="c">Zsgest. Joachim M. Hill ; gezeichnet Günter Fromm, Gernot Balcke</subfield>
    </datafield>
    <datafield tag="250" ind1=" " ind2=" ">
      <subfield code="a">2. überarb. Aufl</subfield>
    </datafield>
    <datafield tag="260" ind1=" " ind2=" ">
      <subfield code="a">Düsseldorf :</subfield>
      <subfield code="b">Alba,</subfield>
      <subfield code="c">1971</subfield>
    </datafield>
    <datafield tag="300" ind1=" " ind2=" ">
      <subfield code="a">104 p. ;</subfield>
      <subfield code="c">16x16 cm</subfield>
    </datafield>
    <datafield tag="490" ind1="1" ind2=" ">
      <subfield code="a">Kleine Modellbahn-Reihe</subfield>
      <subfield code="v">1.</subfield>
    </datafield>
    <datafield tag="653" ind1=" " ind2=" ">
      <subfield code="a">Vasútmodellezés</subfield>
    </datafield>
    <datafield tag="700" ind1="1" ind2=" ">
      <subfield code="a">Hill, Joachim M.</subfield>
    </datafield>
    <datafield tag="700" ind1="1" ind2=" ">
      <subfield code="a">Fromm, Günter</subfield>
    </datafield>
    <datafield tag="700" ind1="1" ind2=" ">
      <subfield code="a">Balcke, Gernot</subfield>
    </datafield>
    <datafield tag="830" ind1=" " ind2="0">
      <subfield code="a">Kleine Modellbahn-Reihe</subfield>
    </datafield>
    <datafield tag="852" ind1=" " ind2=" ">
      <subfield code="a">B11</subfield>
      <subfield code="b">B11</subfield>
      <subfield code="x">BMEOMIKK000396211</subfield>
    </datafield>
  </record>
  <record>
    <leader>00616nam  2200229 i 4500</leader>
    <controlfield tag="001">MOKKAW0005745555  </controlfield>
    <controlfield tag="005">20080418042321.0</controlfield>
    <controlfield tag="008">940814s1972    de            000 0 ger d</controlfield>
    <datafield tag="035" ind1=" " ind2=" ">
      <subfield code="a">BMEOMIKK000395880</subfield>
    </datafield>
    <datafield tag="040" ind1=" " ind2=" ">
      <subfield code="a">BMEOMIKK</subfield>
    </datafield>
    <datafield tag="041" ind1="0" ind2=" ">
      <subfield code="a">ger</subfield>
    </datafield>
    <datafield tag="044" ind1=" " ind2=" ">
      <subfield code="a">DE</subfield>
    </datafield>
    <datafield tag="100" ind1="1" ind2=" ">
      <subfield code="a">Fromm, Günter</subfield>
    </datafield>
    <datafield tag="245" ind1="1" ind2="0">
      <subfield code="a">100 Gleispläne HO/TT/N /</subfield>
      <subfield code="c">Günter Fromm</subfield>
    </datafield>
    <datafield tag="250" ind1=" " ind2=" ">
      <subfield code="a">2. überarb. Aufl</subfield>
    </datafield>
    <datafield tag="260" ind1=" " ind2=" ">
      <subfield code="a">Berlin :</subfield>
      <subfield code="b">Transport,</subfield>
      <subfield code="c">1972</subfield>
    </datafield>
    <datafield tag="300" ind1=" " ind2=" ">
      <subfield code="a">96 p. ;</subfield>
      <subfield code="c">17 cm</subfield>
    </datafield>
    <datafield tag="490" ind1="1" ind2=" ">
      <subfield code="a">Modellbahnbücherei</subfield>
      <subfield code="v">2.</subfield>
    </datafield>
    <datafield tag="653" ind1=" " ind2=" ">
      <subfield code="a">Modellvasút</subfield>
    </datafield>
    <datafield tag="653" ind1=" " ind2=" ">
      <subfield code="a">Vasútmodellezés</subfield>
    </datafield>
    <datafield tag="830" ind1=" " ind2=" ">
      <subfield code="a">Modellbahnbücherei</subfield>
    </datafield>
    <datafield tag="852" ind1=" " ind2=" ">
      <subfield code="a">B11</subfield>
      <subfield code="b">B11</subfield>
      <subfield code="x">BMEOMIKK000395880</subfield>
    </datafield>
  </record>
  <record>
    <leader>00649nama 22001931i 4500</leader>
    <controlfield tag="001">MOKKAS0000642245  </controlfield>
    <controlfield tag="005">20060614194355.0</controlfield>
    <controlfield tag="008">041001s1984    yu            000 0 undod</controlfield>
    <datafield tag="035" ind1=" " ind2=" ">
      <subfield code="a">1401129</subfield>
    </datafield>
    <datafield tag="040" ind1=" " ind2=" ">
      <subfield code="a">OSZK</subfield>
    </datafield>
    <datafield tag="041" ind1="0" ind2=" ">
      <subfield code="a">undund</subfield>
    </datafield>
    <datafield tag="100" ind1="1" ind2=" ">
      <subfield code="a">Colic, Dragoljub</subfield>
      <subfield code="c">(cédulakatalógus alapján)</subfield>
    </datafield>
    <datafield tag="245" ind1="1" ind2="0">
      <subfield code="a">100 godina atletskog sporta u Zrenjaninu /</subfield>
      <subfield code="c">Dragoljub Colic, Zoran Markov, Boris Pavlov</subfield>
    </datafield>
    <datafield tag="260" ind1=" " ind2=" ">
      <subfield code="a">Zrenjanin :</subfield>
      <subfield code="b">Štampa "Budućnost",</subfield>
      <subfield code="c">1984</subfield>
    </datafield>
    <datafield tag="300" ind1=" " ind2=" ">
      <subfield code="a">111 p. :</subfield>
      <subfield code="b">ill. ;</subfield>
      <subfield code="c">20 cm</subfield>
    </datafield>
    <datafield tag="651" ind1=" " ind2="4">
      <subfield code="a">Zrenjanin</subfield>
    </datafield>
    <datafield tag="700" ind1="1" ind2="0">
      <subfield code="a">Markov, Zoran</subfield>
      <subfield code="c">(cédulakatalógus alapján)</subfield>
    </datafield>
    <datafield tag="700" ind1="1" ind2="0">
      <subfield code="a">Pavlov, Boris</subfield>
      <subfield code="c">(cédulakatalógus alapján)</subfield>
    </datafield>
    <datafield tag="852" ind1=" " ind2=" ">
      <subfield code="a">B1</subfield>
      <subfield code="b">B1</subfield>
      <subfield code="x">1401129</subfield>
    </datafield>
  </record>
  <record>
    <leader>00522nama 22001571i 4500</leader>
    <controlfield tag="001">MOKKAS0000599671  </controlfield>
    <controlfield tag="005">20060118012750.0</controlfield>
    <controlfield tag="008">041001s1952    bg            000 0 bulod</controlfield>
    <datafield tag="035" ind1=" " ind2=" ">
      <subfield code="a">1358493</subfield>
    </datafield>
    <datafield tag="040" ind1=" " ind2=" ">
      <subfield code="a">OSZK</subfield>
    </datafield>
    <datafield tag="041" ind1="0" ind2=" ">
      <subfield code="a">bulbul</subfield>
    </datafield>
    <datafield tag="245" ind1="0" ind2="0">
      <subfield code="a">100 godini bålgarska bibliografiâ : </subfield>
      <subfield code="b">1852-1952 : spomenna Knižka /</subfield>
      <subfield code="c">[red. T. Borov] ; [izd.] Bibl. Inst. Elin Pelin</subfield>
    </datafield>
    <datafield tag="260" ind1=" " ind2=" ">
      <subfield code="a">Sofiâ :</subfield>
      <subfield code="b">Nauka i Izkustvo,</subfield>
      <subfield code="c">1952</subfield>
    </datafield>
    <datafield tag="300" ind1=" " ind2=" ">
      <subfield code="a">50 p. ;</subfield>
      <subfield code="c">20 cm</subfield>
    </datafield>
    <datafield tag="700" ind1="1" ind2=" ">
      <subfield code="a">Borov, T.</subfield>
      <subfield code="c">(cédulakatalógus alapján)</subfield>
      <subfield code="4">(szerk.)</subfield>
    </datafield>
    <datafield tag="852" ind1=" " ind2=" ">
      <subfield code="a">B1</subfield>
      <subfield code="b">B1</subfield>
      <subfield code="x">1358493</subfield>
    </datafield>
  </record>
  <record>
    <leader>00356cam  22001217  4500</leader>
    <controlfield tag="001">MOKKAZ0004368897  </controlfield>
    <controlfield tag="005">20040910063747.0</controlfield>
    <controlfield tag="008">      s1952                        und d</controlfield>
    <datafield tag="035" ind1=" " ind2=" ">
      <subfield code="a">bibFSZ00214929</subfield>
    </datafield>
    <datafield tag="040" ind1=" " ind2=" ">
      <subfield code="a">FSZEK</subfield>
    </datafield>
    <datafield tag="245" ind1="0" ind2="0">
      <subfield code="a">100 godini b'lgarska bibliografiâ 1852-1952 /</subfield>
      <subfield code="c">pod red. T. Borov</subfield>
    </datafield>
    <datafield tag="260" ind1=" " ind2=" ">
      <subfield code="a">[S.l.] :</subfield>
      <subfield code="b">[S.n.],</subfield>
      <subfield code="c">1952</subfield>
    </datafield>
    <datafield tag="852" ind1=" " ind2=" ">
      <subfield code="a">B10</subfield>
      <subfield code="b">0801</subfield>
      <subfield code="x">bibFSZ00214929</subfield>
    </datafield>
  </record>
  <record>
    <leader>00485nama 22001571i 4500</leader>
    <controlfield tag="001">MOKKAS0000647091  </controlfield>
    <controlfield tag="005">20060614200900.0</controlfield>
    <controlfield tag="008">041001s1956    bg            000 0 bulod</controlfield>
    <datafield tag="035" ind1=" " ind2=" ">
      <subfield code="a">1405988</subfield>
    </datafield>
    <datafield tag="040" ind1=" " ind2=" ">
      <subfield code="a">OSZK</subfield>
    </datafield>
    <datafield tag="041" ind1="0" ind2=" ">
      <subfield code="a">bulbul</subfield>
    </datafield>
    <datafield tag="245" ind1="0" ind2="0">
      <subfield code="a">100 godini Dimitår Blagoev : </subfield>
      <subfield code="b">sbornik statii /</subfield>
      <subfield code="c">[red. Petår Georgiev et al.]</subfield>
    </datafield>
    <datafield tag="260" ind1=" " ind2=" ">
      <subfield code="a">Sofiâ :</subfield>
      <subfield code="b">Izd. na BKP,</subfield>
      <subfield code="c">1956</subfield>
    </datafield>
    <datafield tag="300" ind1=" " ind2=" ">
      <subfield code="a">380 p. ;</subfield>
      <subfield code="c">23 cm</subfield>
    </datafield>
    <datafield tag="700" ind1="1" ind2=" ">
      <subfield code="a">Georgiev, Petår</subfield>
      <subfield code="c">(cédulakatalógus alapján)</subfield>
      <subfield code="4">(szerk.)</subfield>
    </datafield>
    <datafield tag="852" ind1=" " ind2=" ">
      <subfield code="a">B1</subfield>
      <subfield code="b">B1</subfield>
      <subfield code="x">1405988</subfield>
    </datafield>
  </record>
  <record>
    <leader>00694nam  2200217 i 4500</leader>
    <controlfield tag="001">MOKKAZ0006426047  </controlfield>
    <controlfield tag="005">20040915201918.0</controlfield>
    <controlfield tag="008">961030m19969999yu r           00 0 serod</controlfield>
    <datafield tag="035" ind1=" " ind2=" ">
      <subfield code="a">828464</subfield>
    </datafield>
    <datafield tag="040" ind1=" " ind2=" ">
      <subfield code="a">OSZK</subfield>
    </datafield>
    <datafield tag="041" ind1="0" ind2=" ">
      <subfield code="a">serser</subfield>
    </datafield>
    <datafield tag="072" ind1=" " ind2="1">
      <subfield code="a">y</subfield>
    </datafield>
    <datafield tag="100" ind1="1" ind2=" ">
      <subfield code="a">Vlatkovic, Slavko</subfield>
    </datafield>
    <datafield tag="245" ind1="1" ind2="0">
      <subfield code="a">100 godina Dunavskog parka : </subfield>
      <subfield code="b">1895-1995, Novi Sad /</subfield>
      <subfield code="c">Slavko Vlatkovic, Dobrila Sikoparija ; [ured. Dejan Markovic] ; [aut. fot. Branko Vujkov]</subfield>
    </datafield>
    <datafield tag="260" ind1=" " ind2=" ">
      <subfield code="a">Novi Sad :</subfield>
      <subfield code="b">Gradsko zelenilo,</subfield>
      <subfield code="c">[1996]</subfield>
    </datafield>
    <datafield tag="300" ind1=" " ind2=" ">
      <subfield code="a">16 p. :</subfield>
      <subfield code="b">ill., színes ;</subfield>
      <subfield code="c">28 cm</subfield>
    </datafield>
    <datafield tag="651" ind1=" " ind2="4">
      <subfield code="a">Novi Sad</subfield>
    </datafield>
    <datafield tag="700" ind1="1" ind2="0">
      <subfield code="a">Sikoparija, Dobrila</subfield>
    </datafield>
    <datafield tag="700" ind1="1" ind2=" ">
      <subfield code="a">Markovic, Dejan</subfield>
      <subfield code="4">(szerk.)</subfield>
    </datafield>
    <datafield tag="700" ind1="1" ind2=" ">
      <subfield code="a">Vujkov, Branko</subfield>
      <subfield code="4">(fotó)</subfield>
    </datafield>
    <datafield tag="852" ind1=" " ind2=" ">
      <subfield code="a">B1</subfield>
      <subfield code="b">B1</subfield>
      <subfield code="x">828464</subfield>
    </datafield>
  </record>
  <record>
    <leader>00581nama 22001691i 4500</leader>
    <controlfield tag="001">MOKKAS0000641550  </controlfield>
    <controlfield tag="005">20060614194027.0</controlfield>
    <controlfield tag="008">041001s1978    bg            000 0 bulod</controlfield>
    <datafield tag="035" ind1=" " ind2=" ">
      <subfield code="a">1400433</subfield>
    </datafield>
    <datafield tag="040" ind1=" " ind2=" ">
      <subfield code="a">OSZK</subfield>
    </datafield>
    <datafield tag="041" ind1="0" ind2=" ">
      <subfield code="a">bulbul</subfield>
    </datafield>
    <datafield tag="245" ind1="0" ind2="0">
      <subfield code="a">100 godini izdatelska dejnost na Narodnata biblioteka "Kiril i Metodij" : </subfield>
      <subfield code="b">bibliografski ukazatel /</subfield>
      <subfield code="c">[såst. Lilâna Taseva]</subfield>
    </datafield>
    <datafield tag="260" ind1=" " ind2=" ">
      <subfield code="a">Sofiâ :</subfield>
      <subfield code="b">Narodna bibl.,</subfield>
      <subfield code="c">1978</subfield>
    </datafield>
    <datafield tag="300" ind1=" " ind2=" ">
      <subfield code="a">167 p. ;</subfield>
      <subfield code="c">21 cm</subfield>
    </datafield>
    <datafield tag="610" ind1="2" ind2="4">
      <subfield code="a">Narodna biblioteka (Sofiâ)</subfield>
    </datafield>
    <datafield tag="700" ind1="1" ind2=" ">
      <subfield code="a">Taseva, Lilâna</subfield>
      <subfield code="c">(cédulakatalógus alapján)</subfield>
      <subfield code="4">(összeáll.)</subfield>
    </datafield>
    <datafield tag="852" ind1=" " ind2=" ">
      <subfield code="a">B1</subfield>
      <subfield code="b">B1</subfield>
      <subfield code="x">1400433</subfield>
    </datafield>
  </record>
  <record>
    <leader>00510nam  2200169 i 4500</leader>
    <controlfield tag="001">MOKKAS0003550803  </controlfield>
    <controlfield tag="005">20060606061718.0</controlfield>
    <controlfield tag="008">050714s1978                            d</controlfield>
    <datafield tag="035" ind1=" " ind2=" ">
      <subfield code="a">682736</subfield>
    </datafield>
    <datafield tag="040" ind1=" " ind2=" ">
      <subfield code="a">OIK</subfield>
    </datafield>
    <datafield tag="100" ind1="1" ind2=" ">
      <subfield code="a">Taseva, Lilâna Lesova</subfield>
    </datafield>
    <datafield tag="245" ind1="1" ind2="0">
      <subfield code="a">100 godini izdatelska dejnost na Narodnata biblioteka "Kiril i Metodij"</subfield>
    </datafield>
    <datafield tag="260" ind1=" " ind2=" ">
      <subfield code="a">Sofiâ :</subfield>
      <subfield code="b">Narodna Biblioteka "Kiril i Metodij",</subfield>
      <subfield code="c">1978</subfield>
    </datafield>
    <datafield tag="300" ind1=" " ind2=" ">
      <subfield code="a">167 p.</subfield>
    </datafield>
    <datafield tag="500" ind1=" " ind2=" ">
      <subfield code="a">Cirill betűs</subfield>
    </datafield>
    <datafield tag="700" ind1="1" ind2=" ">
      <subfield code="a">Vălčeva, Aneliâ</subfield>
      <subfield code="4">(szerk.)</subfield>
    </datafield>
    <datafield tag="852" ind1=" " ind2=" ">
      <subfield code="a">B14</subfield>
      <subfield code="b">B14</subfield>
      <subfield code="x">682736</subfield>
    </datafield>
  </record>
  <record>
    <leader>00608nam  2200181   4500</leader>
    <controlfield tag="001">MOKKAZ0004912098  </controlfield>
    <controlfield tag="005">20040910115128.0</controlfield>
    <controlfield tag="008">020402s1993    bu            00010 bul d</controlfield>
    <datafield tag="035" ind1=" " ind2=" ">
      <subfield code="a">bibJPT00198032</subfield>
    </datafield>
    <datafield tag="040" ind1=" " ind2=" ">
      <subfield code="a">PTE</subfield>
    </datafield>
    <datafield tag="245" ind1="0" ind2="0">
      <subfield code="a">100 godini Nacionalen Arheologicsecki Muzej, Sofia 4. III. - 4. IV. 1993 /</subfield>
      <subfield code="c">red. L. Ruseva-Slokoska ; foto Kr. Georgiev</subfield>
    </datafield>
    <datafield tag="260" ind1=" " ind2=" ">
      <subfield code="a">Sofia :</subfield>
      <subfield code="b">Arheologicseski Institut i Muzej,</subfield>
      <subfield code="c">1993</subfield>
    </datafield>
    <datafield tag="300" ind1=" " ind2=" ">
      <subfield code="a">44 p. :</subfield>
      <subfield code="b">ill. ;</subfield>
      <subfield code="c">24 cm</subfield>
    </datafield>
    <datafield tag="695" ind1=" " ind2=" ">
      <subfield code="a">Múzeum, régészeti</subfield>
    </datafield>
    <datafield tag="695" ind1=" " ind2=" ">
      <subfield code="a">Múzeum, bolgár</subfield>
    </datafield>
    <datafield tag="700" ind1="1" ind2=" ">
      <subfield code="a">Ruseva-Slokoska, L.</subfield>
    </datafield>
    <datafield tag="700" ind1="1" ind2=" ">
      <subfield code="a">Georgiev, Kr.</subfield>
    </datafield>
    <datafield tag="852" ind1=" " ind2=" ">
      <subfield code="a">P1</subfield>
      <subfield code="b">P1/TT</subfield>
      <subfield code="x">bibJPT00198032</subfield>
    </datafield>
  </record>
  <record>
    <leader>00927nama 22002051i 4500</leader>
    <controlfield tag="001">MOKKAS0000674176  </controlfield>
    <controlfield tag="005">20100217142519.0</controlfield>
    <controlfield tag="008">041105s1972    yu            000 0 scrod</controlfield>
    <datafield tag="035" ind1=" " ind2=" ">
      <subfield code="a">1433125</subfield>
    </datafield>
    <datafield tag="040" ind1=" " ind2=" ">
      <subfield code="a">OSZK</subfield>
    </datafield>
    <datafield tag="041" ind1="0" ind2=" ">
      <subfield code="a">scrhunscrhun</subfield>
    </datafield>
    <datafield tag="245" ind1="0" ind2="0">
      <subfield code="a">100 godina obrazovanja učitelja : </subfield>
      <subfield code="b">Subotica - Szabadka 1871-1971 : [kiállítás] : [Szabadka, Városháza, 1972. május 12 - június 10.] /</subfield>
      <subfield code="c">[rend. Pálinkás József, Györe Kornél, Irena Martin] ; [a katalágust összeáll. Torok Sándor] ; [bev. Pálinkás József]</subfield>
    </datafield>
    <datafield tag="246" ind1="1" ind2="1">
      <subfield code="a">A tanítóképzés 100 éva</subfield>
    </datafield>
    <datafield tag="260" ind1=" " ind2=" ">
      <subfield code="a">Subotica :</subfield>
      <subfield code="b">Stamp. Panonija,</subfield>
      <subfield code="c">[1972]</subfield>
    </datafield>
    <datafield tag="300" ind1=" " ind2=" ">
      <subfield code="a">[9] fol. :</subfield>
      <subfield code="b">ill. ;</subfield>
      <subfield code="c">21x22 cm</subfield>
    </datafield>
    <datafield tag="700" ind1="1" ind2=" ">
      <subfield code="a">Pálinkás József</subfield>
      <subfield code="d">(1952-)</subfield>
      <subfield code="c">(atomfizikus)</subfield>
      <subfield code="4">(rend.)</subfield>
    </datafield>
    <datafield tag="700" ind1="1" ind2=" ">
      <subfield code="a">Torok Sándor</subfield>
      <subfield code="c">(cédulakatalógus alapján)</subfield>
      <subfield code="4">(összeáll.)</subfield>
    </datafield>
    <datafield tag="700" ind1="1" ind2=" ">
      <subfield code="a">Irena Martin</subfield>
      <subfield code="c">(cédulakatalógus alapján)</subfield>
      <subfield code="4">(rend.)</subfield>
    </datafield>
    <datafield tag="700" ind1="1" ind2=" ">
      <subfield code="a">Györe Kornél</subfield>
      <subfield code="4">(rend.)</subfield>
    </datafield>
    <datafield tag="852" ind1=" " ind2=" ">
      <subfield code="a">B1</subfield>
      <subfield code="b">B1</subfield>
      <subfield code="x">1433125</subfield>
    </datafield>
  </record>
  <record>
    <leader>00484nama 22001571i 4500</leader>
    <controlfield tag="001">MOKKAS0000673127  </controlfield>
    <controlfield tag="005">20060118133653.0</controlfield>
    <controlfield tag="008">041105s1971    bg            000 0 bulod</controlfield>
    <datafield tag="035" ind1=" " ind2=" ">
      <subfield code="a">1432076</subfield>
    </datafield>
    <datafield tag="040" ind1=" " ind2=" ">
      <subfield code="a">OSZK</subfield>
    </datafield>
    <datafield tag="041" ind1="0" ind2=" ">
      <subfield code="a">bulbul</subfield>
    </datafield>
    <datafield tag="245" ind1="0" ind2="0">
      <subfield code="a">100 godini ot učredâvaneto na bålgarskata ekzarhiâ /</subfield>
      <subfield code="c">sbornik statii pod red. Kiril Patriarh Bålgarski</subfield>
    </datafield>
    <datafield tag="260" ind1=" " ind2=" ">
      <subfield code="a">Sofiâ :</subfield>
      <subfield code="b">Sinodalno izd.,</subfield>
      <subfield code="c">1971</subfield>
    </datafield>
    <datafield tag="300" ind1=" " ind2=" ">
      <subfield code="a">352 p. ;</subfield>
      <subfield code="c">24 cm</subfield>
    </datafield>
    <datafield tag="504" ind1=" " ind2=" ">
      <subfield code="a">Bibliogr. a jegyzetekben</subfield>
    </datafield>
    <datafield tag="852" ind1=" " ind2=" ">
      <subfield code="a">B1</subfield>
      <subfield code="b">B1</subfield>
      <subfield code="x">1432076</subfield>
    </datafield>
  </record>
  <record>
    <leader>00469nama 22001571i 4500</leader>
    <controlfield tag="001">MOKKAS0000620036  </controlfield>
    <controlfield tag="005">20060118045348.0</controlfield>
    <controlfield tag="008">041001s1966    bg            000 0 bulod</controlfield>
    <datafield tag="035" ind1=" " ind2=" ">
      <subfield code="a">1378910</subfield>
    </datafield>
    <datafield tag="040" ind1=" " ind2=" ">
      <subfield code="a">OSZK</subfield>
    </datafield>
    <datafield tag="041" ind1="0" ind2=" ">
      <subfield code="a">bulbul</subfield>
    </datafield>
    <datafield tag="245" ind1="0" ind2="0">
      <subfield code="a">100 godini Penčo Slavejkov : </subfield>
      <subfield code="b">ûbileen sbornik /</subfield>
      <subfield code="c">[såstavitel Pantelej Zarev]</subfield>
    </datafield>
    <datafield tag="260" ind1=" " ind2=" ">
      <subfield code="a">[Sofiâ] :</subfield>
      <subfield code="b">ʺNauka i izkustvoʺ,</subfield>
      <subfield code="c">1966</subfield>
    </datafield>
    <datafield tag="300" ind1=" " ind2=" ">
      <subfield code="a">308 p. ;</subfield>
      <subfield code="c">21 cm</subfield>
    </datafield>
    <datafield tag="700" ind1="1" ind2=" ">
      <subfield code="a">Zarev, Pantelej</subfield>
      <subfield code="4">(összeáll.)</subfield>
    </datafield>
    <datafield tag="852" ind1=" " ind2=" ">
      <subfield code="a">B1</subfield>
      <subfield code="b">B1</subfield>
      <subfield code="x">1378910</subfield>
    </datafield>
  </record>
  <record>
    <leader>00646nama 22001691i 4500</leader>
    <controlfield tag="001">MOKKAS0000630331  </controlfield>
    <controlfield tag="005">20060614183704.0</controlfield>
    <controlfield tag="008">041001s1964    yu            000 0 sccod</controlfield>
    <datafield tag="035" ind1=" " ind2=" ">
      <subfield code="a">1389211</subfield>
    </datafield>
    <datafield tag="040" ind1=" " ind2=" ">
      <subfield code="a">OSZK</subfield>
    </datafield>
    <datafield tag="041" ind1="0" ind2=" ">
      <subfield code="a">sccscc</subfield>
    </datafield>
    <datafield tag="245" ind1="0" ind2="0">
      <subfield code="a">100 godina somborske štampe : </subfield>
      <subfield code="b">izložba : [katalog] : [bibliografija somborske periodike] /</subfield>
      <subfield code="c">[org.] Državni arhiv ; [sastav. Milenko Beljanski] ; [uvod. Boško Bordjoški]</subfield>
    </datafield>
    <datafield tag="260" ind1=" " ind2=" ">
      <subfield code="a">Sombor :</subfield>
      <subfield code="b">Državni arhiv,</subfield>
      <subfield code="c">[1964]</subfield>
    </datafield>
    <datafield tag="300" ind1=" " ind2=" ">
      <subfield code="a">29 p. :</subfield>
      <subfield code="b">ill. ;</subfield>
      <subfield code="c">20 cm</subfield>
    </datafield>
    <datafield tag="700" ind1="1" ind2=" ">
      <subfield code="a">Beljanski, Milenko</subfield>
      <subfield code="4">(összeáll.)</subfield>
    </datafield>
    <datafield tag="700" ind1="1" ind2=" ">
      <subfield code="a">Bordjoški, Boško</subfield>
      <subfield code="c">(cédulakatalógus alapján)</subfield>
      <subfield code="4">(közrem.)</subfield>
    </datafield>
    <datafield tag="852" ind1=" " ind2=" ">
      <subfield code="a">B1</subfield>
      <subfield code="b">B1</subfield>
      <subfield code="x">1389211</subfield>
    </datafield>
  </record>
  <record>
    <leader>00561nama 22001691i 4500</leader>
    <controlfield tag="001">MOKKAS0000654728  </controlfield>
    <controlfield tag="005">20060614204125.0</controlfield>
    <controlfield tag="008">041105s1961    us            000 0 engod</controlfield>
    <datafield tag="035" ind1=" " ind2=" ">
      <subfield code="a">1413626</subfield>
    </datafield>
    <datafield tag="040" ind1=" " ind2=" ">
      <subfield code="a">OSZK</subfield>
    </datafield>
    <datafield tag="041" ind1="0" ind2=" ">
      <subfield code="a">engeng</subfield>
    </datafield>
    <datafield tag="245" ind1="0" ind2="0">
      <subfield code="a">100 G. P. O. years : </subfield>
      <subfield code="b">1861-1961 : a history of United States public printing /</subfield>
      <subfield code="c">[ed.] James L. Harrison</subfield>
    </datafield>
    <datafield tag="260" ind1=" " ind2=" ">
      <subfield code="a">Washington :</subfield>
      <subfield code="b">G. P. O.,</subfield>
      <subfield code="c">1961</subfield>
    </datafield>
    <datafield tag="300" ind1=" " ind2=" ">
      <subfield code="a">XI, 164 p., 20 t. ;</subfield>
      <subfield code="c">23 cm</subfield>
    </datafield>
    <datafield tag="651" ind1=" " ind2="4">
      <subfield code="a">Egyesült Államok</subfield>
    </datafield>
    <datafield tag="700" ind1="1" ind2=" ">
      <subfield code="a">Harrison, James L.</subfield>
      <subfield code="c">(cédulakatalógus alapján)</subfield>
      <subfield code="4">(közrem.)</subfield>
    </datafield>
    <datafield tag="852" ind1=" " ind2=" ">
      <subfield code="a">B1</subfield>
      <subfield code="b">B1</subfield>
      <subfield code="x">1413626</subfield>
    </datafield>
  </record>
  <record>
    <leader>00850nam  22002295p 4500</leader>
    <controlfield tag="001">MOKKAW0006010854  </controlfield>
    <controlfield tag="005">20080725192203.0</controlfield>
    <controlfield tag="008">080219s2007    hu                  hun d</controlfield>
    <datafield tag="020" ind1=" " ind2=" ">
      <subfield code="a">978 963 7165 38 2</subfield>
    </datafield>
    <datafield tag="035" ind1=" " ind2=" ">
      <subfield code="a">735402</subfield>
    </datafield>
    <datafield tag="040" ind1=" " ind2=" ">
      <subfield code="a">KSHK</subfield>
    </datafield>
    <datafield tag="041" ind1="0" ind2=" ">
      <subfield code="a">huneng</subfield>
    </datafield>
    <datafield tag="245" ind1="0" ind2="0">
      <subfield code="a">100 grafika, 100 kortárs képzőművész : </subfield>
      <subfield code="b">100 éves a grafikaoktatás a Magyar Képzőművészeti Egyetemen : [... 2007. október 3 - november 3.] /</subfield>
      <subfield code="c">[szerk. Somorjai Kiss Tibor]</subfield>
    </datafield>
    <datafield tag="260" ind1=" " ind2=" ">
      <subfield code="a">Budapest :</subfield>
      <subfield code="b">M. Képzőműv. Egy.,</subfield>
      <subfield code="c">2007</subfield>
    </datafield>
    <datafield tag="300" ind1=" " ind2=" ">
      <subfield code="a">108 p. :</subfield>
      <subfield code="b">ill., részben színes ;</subfield>
      <subfield code="c">29 cm</subfield>
    </datafield>
    <datafield tag="610" ind1="2" ind2="4">
      <subfield code="a">Magyar Képzőművészeti Egyetem (Budapest)</subfield>
    </datafield>
    <datafield tag="653" ind1=" " ind2=" ">
      <subfield code="a">grafika</subfield>
    </datafield>
    <datafield tag="653" ind1=" " ind2=" ">
      <subfield code="a">kiállítás</subfield>
    </datafield>
    <datafield tag="653" ind1=" " ind2=" ">
      <subfield code="a">művészeti album</subfield>
    </datafield>
    <datafield tag="700" ind1="2" ind2="0">
      <subfield code="a">Somorjai Kiss Tibor</subfield>
      <subfield code="4">(szerk.)</subfield>
    </datafield>
    <datafield tag="710" ind1="2" ind2="0">
      <subfield code="a">Magyar Képzőművészeti Egyetem (Budapest)</subfield>
      <subfield code="4">közread.</subfield>
    </datafield>
    <datafield tag="852" ind1=" " ind2=" ">
      <subfield code="a">B9</subfield>
      <subfield code="b">B9</subfield>
      <subfield code="x">735402</subfield>
    </datafield>
  </record>
  <record>
    <leader>00682nam  2200193 i 4500</leader>
    <controlfield tag="001">MOKKAW0005342607  </controlfield>
    <controlfield tag="005">20080410200055.0</controlfield>
    <controlfield tag="008">990828s1992                  000 0 ger d</controlfield>
    <datafield tag="020" ind1=" " ind2=" ">
      <subfield code="a">3-528-05286-4</subfield>
    </datafield>
    <datafield tag="035" ind1=" " ind2=" ">
      <subfield code="a">BMEOMIKK000077039</subfield>
    </datafield>
    <datafield tag="040" ind1=" " ind2=" ">
      <subfield code="a">BMEOMIKK</subfield>
    </datafield>
    <datafield tag="041" ind1="0" ind2=" ">
      <subfield code="a">ger</subfield>
    </datafield>
    <datafield tag="100" ind1="1" ind2=" ">
      <subfield code="a">Hoffmann, Norbert</subfield>
    </datafield>
    <datafield tag="245" ind1="1" ind2="0">
      <subfield code="a">100 Grafik-Rezepte für Turbo Pascal unter Windows : </subfield>
      <subfield code="b">Programmiertips mit Pfiff für Einsteiger und Fortgeschrittene /</subfield>
      <subfield code="c">Norbert Hoffmann</subfield>
    </datafield>
    <datafield tag="246" ind1="1" ind2="3">
      <subfield code="a">Programmiertips mit Pfiff für Einsteiger und Fortgeschrittene</subfield>
    </datafield>
    <datafield tag="260" ind1=" " ind2=" ">
      <subfield code="a">Braunschweig [etc.] :</subfield>
      <subfield code="b">Vieweg,</subfield>
      <subfield code="c">1992</subfield>
    </datafield>
    <datafield tag="300" ind1=" " ind2=" ">
      <subfield code="a">X, 136 p. ;</subfield>
      <subfield code="c">21 cm</subfield>
    </datafield>
    <datafield tag="504" ind1=" " ind2=" ">
      <subfield code="a">Bibliogr.: 131. p.</subfield>
    </datafield>
    <datafield tag="852" ind1=" " ind2=" ">
      <subfield code="a">B11</subfield>
      <subfield code="b">B11</subfield>
      <subfield code="x">BMEOMIKK000077039</subfield>
    </datafield>
  </record>
  <record>
    <leader>01003nam  22002415  4500</leader>
    <controlfield tag="001">MOKKAW0005766213  </controlfield>
    <controlfield tag="005">20080418104230.0</controlfield>
    <controlfield tag="008">080214s2007    hu a                hun d</controlfield>
    <datafield tag="020" ind1=" " ind2=" ">
      <subfield code="a">978-963-7165-38-2</subfield>
    </datafield>
    <datafield tag="035" ind1=" " ind2=" ">
      <subfield code="a">bibJPT00464824</subfield>
    </datafield>
    <datafield tag="040" ind1=" " ind2=" ">
      <subfield code="a">PTE</subfield>
    </datafield>
    <datafield tag="245" ind1="0" ind2="0">
      <subfield code="a">100 grafika :</subfield>
      <subfield code="b">100 kortárs képzőművész : 100 éves a grafikaoktatás a Magyar Képzőművészeti Egyetemen, 2007. október 3 - november 3. /</subfield>
      <subfield code="c">[szerk.: Somorjai Kiss Tibor] ; [szöveg. Szeifert Judit] ; [fotó:Csomor László, Barta János] ; [terv. Somorjai Kiss Tibor, Berentz Péter]</subfield>
    </datafield>
    <datafield tag="260" ind1=" " ind2=" ">
      <subfield code="a">Budapest :</subfield>
      <subfield code="b">Magyar Képzőművészeti Egyetem,</subfield>
      <subfield code="c">[2007]</subfield>
    </datafield>
    <datafield tag="300" ind1=" " ind2=" ">
      <subfield code="a">108 p. :</subfield>
      <subfield code="b">ill., színes ;</subfield>
      <subfield code="c">29 cm</subfield>
    </datafield>
    <datafield tag="695" ind1=" " ind2=" ">
      <subfield code="a">Grafika, magyar</subfield>
    </datafield>
    <datafield tag="695" ind1=" " ind2=" ">
      <subfield code="a">Kiállítási katalógus</subfield>
    </datafield>
    <datafield tag="700" ind1="2" ind2=" ">
      <subfield code="a">Somorjai Kiss Tibor</subfield>
      <subfield code="d">(1959-)</subfield>
    </datafield>
    <datafield tag="700" ind1="1" ind2=" ">
      <subfield code="a">Szeifert Judit</subfield>
    </datafield>
    <datafield tag="700" ind1="1" ind2=" ">
      <subfield code="a">Csomor László</subfield>
      <subfield code="d">(1944-)</subfield>
    </datafield>
    <datafield tag="700" ind1="1" ind2=" ">
      <subfield code="a">Barta János</subfield>
    </datafield>
    <datafield tag="700" ind1="1" ind2=" ">
      <subfield code="a">Berentz Péter</subfield>
    </datafield>
    <datafield tag="710" ind1="2" ind2=" ">
      <subfield code="a">Magyar Képzőművészeti Egyetem (Budapest)</subfield>
    </datafield>
    <datafield tag="852" ind1=" " ind2=" ">
      <subfield code="a">P1</subfield>
      <subfield code="b">P1/M</subfield>
      <subfield code="x">bibJPT00464824</subfield>
    </datafield>
  </record>
  <record>
    <leader>00745aam  2200229   4500</leader>
    <controlfield tag="001">MOKKAZ0003955083  </controlfield>
    <controlfield tag="005">20040910013617.0</controlfield>
    <controlfield tag="008">890915 1984    xxk                 eng  </controlfield>
    <datafield tag="020" ind1=" " ind2=" ">
      <subfield code="a">0 86051 301 7</subfield>
    </datafield>
    <datafield tag="035" ind1=" " ind2=" ">
      <subfield code="a">bibJAT00190250</subfield>
    </datafield>
    <datafield tag="040" ind1=" " ind2=" ">
      <subfield code="a">SZTE</subfield>
    </datafield>
    <datafield tag="245" ind1="0" ind2="0">
      <subfield code="a">100 great fantasy short short stories /</subfield>
      <subfield code="c">Ed. by Isaac Asimov, Terry Carr, Martin H. Greenberg</subfield>
    </datafield>
    <datafield tag="260" ind1=" " ind2=" ">
      <subfield code="a">London :</subfield>
      <subfield code="b">Robson Books,</subfield>
      <subfield code="c">1984</subfield>
    </datafield>
    <datafield tag="300" ind1=" " ind2=" ">
      <subfield code="a">XVIII, 311 p. ;</subfield>
      <subfield code="c">20 cm</subfield>
    </datafield>
    <datafield tag="650" ind1=" " ind2="7">
      <subfield code="a">Angol irodalom</subfield>
      <subfield code="x">elbeszélések</subfield>
      <subfield code="x">antológia</subfield>
      <subfield code="2">szte</subfield>
    </datafield>
    <datafield tag="700" ind1="1" ind2=" ">
      <subfield code="a">Asimov, Isaac</subfield>
      <subfield code="d">(1920-1992)</subfield>
    </datafield>
    <datafield tag="700" ind1="1" ind2=" ">
      <subfield code="a">Carr, Terry</subfield>
    </datafield>
    <datafield tag="700" ind1="1" ind2=" ">
      <subfield code="a">Greenberg, Martin Henry</subfield>
    </datafield>
    <datafield tag="852" ind1=" " ind2=" ">
      <subfield code="a">SZ1</subfield>
      <subfield code="b">SZ1</subfield>
      <subfield code="x">bibJAT00190250</subfield>
    </datafield>
    <datafield tag="852" ind1=" " ind2=" ">
      <subfield code="a">B2</subfield>
      <subfield code="b">B2</subfield>
      <subfield code="x">184496</subfield>
    </datafield>
    <datafield tag="852" ind1=" " ind2=" ">
      <subfield code="a">B10</subfield>
      <subfield code="b">B10</subfield>
      <subfield code="x">bibFSZ1213150</subfield>
    </datafield>
    <datafield tag="852" ind1=" " ind2=" ">
      <subfield code="a">SZ4</subfield>
      <subfield code="b">SZ4</subfield>
      <subfield code="x">bibSOK00126807</subfield>
    </datafield>
  </record>
  <record>
    <leader>00596nam  2200193 i 4500</leader>
    <controlfield tag="001">MOKKAZ0003508947  </controlfield>
    <controlfield tag="005">20091023235429.0</controlfield>
    <controlfield tag="008">981123s1984    enk           00010 eng d</controlfield>
    <datafield tag="035" ind1=" " ind2=" ">
      <subfield code="a">bibKLT00192455</subfield>
    </datafield>
    <datafield tag="040" ind1=" " ind2=" ">
      <subfield code="a">DEENK</subfield>
    </datafield>
    <datafield tag="080" ind1=" " ind2=" ">
      <subfield code="a">82(100)-322.9=20(082)</subfield>
    </datafield>
    <datafield tag="245" ind1="0" ind2="0">
      <subfield code="a">100 great fantasy short stories /</subfield>
      <subfield code="c">ed. by Isaac Asimov, Terry Carr, Martin H. Greenberg</subfield>
    </datafield>
    <datafield tag="260" ind1=" " ind2=" ">
      <subfield code="a">London :</subfield>
      <subfield code="b">Robson Books,</subfield>
      <subfield code="c">1984</subfield>
    </datafield>
    <datafield tag="300" ind1=" " ind2=" ">
      <subfield code="a">311 p. ;</subfield>
      <subfield code="c">22 cm</subfield>
    </datafield>
    <datafield tag="700" ind1="1" ind2=" ">
      <subfield code="a">Asimov, Isaac</subfield>
      <subfield code="d">(1920-1992)</subfield>
    </datafield>
    <datafield tag="700" ind1="1" ind2=" ">
      <subfield code="a">Carr, Terry</subfield>
    </datafield>
    <datafield tag="700" ind1="1" ind2=" ">
      <subfield code="a">Greenberg, Martin Henry</subfield>
    </datafield>
    <datafield tag="852" ind1=" " ind2=" ">
      <subfield code="a">D1</subfield>
      <subfield code="b">D1</subfield>
      <subfield code="x">bibKLT00192455</subfield>
    </datafield>
    <datafield tag="852" ind1=" " ind2=" ">
      <subfield code="a">B3</subfield>
      <subfield code="b">B3</subfield>
      <subfield code="x">000134270</subfield>
    </datafield>
  </record>
  <record>
    <leader>00550nam  2200193 i 4500</leader>
    <controlfield tag="001">MOKKAZ0006413400  </controlfield>
    <controlfield tag="005">20091110055706.0</controlfield>
    <controlfield tag="008">910521m19889999gb c           00 0cengod</controlfield>
    <datafield tag="020" ind1=" " ind2=" ">
      <subfield code="a">0-7481-0183-7</subfield>
    </datafield>
    <datafield tag="035" ind1=" " ind2=" ">
      <subfield code="a">811939</subfield>
    </datafield>
    <datafield tag="040" ind1=" " ind2=" ">
      <subfield code="a">OSZK</subfield>
    </datafield>
    <datafield tag="041" ind1="0" ind2=" ">
      <subfield code="a">engeng</subfield>
    </datafield>
    <datafield tag="245" ind1="0" ind2="0">
      <subfield code="a">100 great kings, queens and rulers of the world /</subfield>
      <subfield code="c">ed. by John Canning</subfield>
    </datafield>
    <datafield tag="250" ind1=" " ind2=" ">
      <subfield code="a">Repr.</subfield>
    </datafield>
    <datafield tag="260" ind1=" " ind2=" ">
      <subfield code="a">London :</subfield>
      <subfield code="b">Black Cat,</subfield>
      <subfield code="c">1988, cop. 1973</subfield>
    </datafield>
    <datafield tag="300" ind1=" " ind2=" ">
      <subfield code="a">672 p., [24] t. :</subfield>
      <subfield code="b">ill. ;</subfield>
      <subfield code="c">23 cm</subfield>
    </datafield>
    <datafield tag="700" ind1="1" ind2=" ">
      <subfield code="a">Canning, John</subfield>
      <subfield code="4">(szerk.)</subfield>
    </datafield>
    <datafield tag="852" ind1=" " ind2=" ">
      <subfield code="a">B1</subfield>
      <subfield code="b">B1</subfield>
      <subfield code="x">811939</subfield>
    </datafield>
    <datafield tag="852" ind1=" " ind2=" ">
      <subfield code="a">B7</subfield>
      <subfield code="b">B7</subfield>
      <subfield code="x">262160</subfield>
    </datafield>
  </record>
  <record>
    <leader>00529fam  2200181 1 4500</leader>
    <controlfield tag="001">MOKKAZ0003193246  </controlfield>
    <controlfield tag="005">20040909165129.0</controlfield>
    <controlfield tag="008">      s1988    enk                 eng d</controlfield>
    <datafield tag="020" ind1=" " ind2=" ">
      <subfield code="a">0 7481 0183 7</subfield>
    </datafield>
    <datafield tag="035" ind1=" " ind2=" ">
      <subfield code="a">ISISFEF0009355</subfield>
    </datafield>
    <datafield tag="040" ind1=" " ind2=" ">
      <subfield code="a">DEENK</subfield>
    </datafield>
    <datafield tag="245" ind1="0" ind2="0">
      <subfield code="a">100 great kings, queens and rulers of the world /</subfield>
      <subfield code="c">Ed. by John Ganning</subfield>
    </datafield>
    <datafield tag="260" ind1=" " ind2=" ">
      <subfield code="a">London :</subfield>
      <subfield code="b">Black cat,</subfield>
      <subfield code="c">1988</subfield>
    </datafield>
    <datafield tag="300" ind1=" " ind2=" ">
      <subfield code="a">672 p. ;</subfield>
      <subfield code="c">23 cm</subfield>
    </datafield>
    <datafield tag="500" ind1=" " ind2=" ">
      <subfield code="a">Print. in Hungary</subfield>
    </datafield>
    <datafield tag="700" ind1="1" ind2=" ">
      <subfield code="a">Ganning, John</subfield>
    </datafield>
    <datafield tag="852" ind1=" " ind2=" ">
      <subfield code="a">D1</subfield>
      <subfield code="b">D1</subfield>
      <subfield code="x">ISISFEF0009355</subfield>
    </datafield>
    <datafield tag="852" ind1=" " ind2=" ">
      <subfield code="a">B10</subfield>
      <subfield code="b">0801</subfield>
      <subfield code="x">bibFSZ00156752</subfield>
    </datafield>
  </record>
  <record>
    <leader>00463cam  22001571  4500</leader>
    <controlfield tag="001">MOKKAZ0004337671  </controlfield>
    <controlfield tag="005">20070409024220.0</controlfield>
    <controlfield tag="008">      s1985                        eng d</controlfield>
    <datafield tag="020" ind1=" " ind2=" ">
      <subfield code="a">0-413-55970-X</subfield>
    </datafield>
    <datafield tag="035" ind1=" " ind2=" ">
      <subfield code="a">bibFSZ00183647</subfield>
    </datafield>
    <datafield tag="040" ind1=" " ind2=" ">
      <subfield code="a">FSZEK</subfield>
    </datafield>
    <datafield tag="245" ind1="0" ind2="0">
      <subfield code="a">100 great lives of antiquity /</subfield>
      <subfield code="c">ed. by John Canning</subfield>
    </datafield>
    <datafield tag="260" ind1=" " ind2=" ">
      <subfield code="a">London :</subfield>
      <subfield code="b">Methuen,</subfield>
      <subfield code="c">1985</subfield>
    </datafield>
    <datafield tag="300" ind1=" " ind2=" ">
      <subfield code="a">X, 534 p., [16] t. :</subfield>
      <subfield code="b">ill. ;</subfield>
      <subfield code="c">23 cm</subfield>
    </datafield>
    <datafield tag="700" ind1="1" ind2=" ">
      <subfield code="a">Canning, John</subfield>
      <subfield code="4">szerk.</subfield>
    </datafield>
    <datafield tag="852" ind1=" " ind2=" ">
      <subfield code="a">B10</subfield>
      <subfield code="b">0801</subfield>
      <subfield code="x">bibFSZ00183647</subfield>
    </datafield>
  </record>
  <record>
    <leader>00956fam  2200289 i 4500</leader>
    <controlfield tag="001">MOKKAZ0003350716  </controlfield>
    <controlfield tag="003">DLC</controlfield>
    <controlfield tag="005">20040909182319.0</controlfield>
    <controlfield tag="008">800902s1965    nyua          00000 eng  </controlfield>
    <datafield tag="010" ind1=" " ind2=" ">
      <subfield code="a">   65014030 //r83</subfield>
    </datafield>
    <datafield tag="035" ind1=" " ind2=" ">
      <subfield code="a">65014030 //r83</subfield>
    </datafield>
    <datafield tag="040" ind1=" " ind2=" ">
      <subfield code="a">DEENK</subfield>
    </datafield>
    <datafield tag="041" ind1="1" ind2=" ">
      <subfield code="a">engger</subfield>
    </datafield>
    <datafield tag="050" ind1="0" ind2=" ">
      <subfield code="a">QA43</subfield>
      <subfield code="b">.D613 1965</subfield>
    </datafield>
    <datafield tag="082" ind1="0" ind2=" ">
      <subfield code="a">510.76</subfield>
    </datafield>
    <datafield tag="100" ind1="1" ind2=" ">
      <subfield code="a">Dörrie, Heinrich</subfield>
      <subfield code="d">(1873-)</subfield>
    </datafield>
    <datafield tag="240" ind1="1" ind2="0">
      <subfield code="a">Triumph der Mathematik</subfield>
      <subfield code="l">(angol)</subfield>
    </datafield>
    <datafield tag="245" ind1="1" ind2="0">
      <subfield code="a">100 great problems of elementary mathematics :</subfield>
      <subfield code="b">their history and solution /</subfield>
      <subfield code="c">Heinrich Dörrie ; translated by David Antin</subfield>
    </datafield>
    <datafield tag="260" ind1="0" ind2=" ">
      <subfield code="a">New York :</subfield>
      <subfield code="b">Dover Publications,</subfield>
      <subfield code="c">[1965]</subfield>
    </datafield>
    <datafield tag="300" ind1=" " ind2=" ">
      <subfield code="a">X, 393 p. :</subfield>
      <subfield code="b">ill. ;</subfield>
      <subfield code="c">22 cm</subfield>
    </datafield>
    <datafield tag="500" ind1=" " ind2=" ">
      <subfield code="a">Index</subfield>
    </datafield>
    <datafield tag="650" ind1=" " ind2="4">
      <subfield code="a">Matematika</subfield>
      <subfield code="x">feladatok, gyakorlatok stb.</subfield>
    </datafield>
    <datafield tag="650" ind1=" " ind2="4">
      <subfield code="a">Szórakoztató matematika</subfield>
    </datafield>
    <datafield tag="650" ind1=" " ind2="0">
      <subfield code="a">Mathematics</subfield>
      <subfield code="x">Problems, exercises, etc.</subfield>
    </datafield>
    <datafield tag="650" ind1=" " ind2="0">
      <subfield code="a">Mathematical recreations.</subfield>
    </datafield>
    <datafield tag="852" ind1=" " ind2=" ">
      <subfield code="a">D1</subfield>
      <subfield code="b">D1/20</subfield>
      <subfield code="x">   65014030 //r83</subfield>
    </datafield>
    <datafield tag="852" ind1=" " ind2=" ">
      <subfield code="a">B11</subfield>
      <subfield code="b">B11</subfield>
      <subfield code="x">BMEOMIKK000087687</subfield>
    </datafield>
  </record>
  <record>
    <leader>00690nam  22002295p 4500</leader>
    <controlfield tag="001">MOKKAW0006010605  </controlfield>
    <controlfield tag="005">20080725191736.0</controlfield>
    <controlfield tag="008">080211s2007                        eng d</controlfield>
    <datafield tag="020" ind1=" " ind2=" ">
      <subfield code="a">978 1 58158 265 6</subfield>
    </datafield>
    <datafield tag="035" ind1=" " ind2=" ">
      <subfield code="a">732169</subfield>
    </datafield>
    <datafield tag="040" ind1=" " ind2=" ">
      <subfield code="a">KSHK</subfield>
    </datafield>
    <datafield tag="041" ind1="0" ind2=" ">
      <subfield code="a">eng</subfield>
    </datafield>
    <datafield tag="100" ind1="1" ind2=" ">
      <subfield code="a">Haven, Kendall F.</subfield>
    </datafield>
    <datafield tag="245" ind1="0" ind2="0">
      <subfield code="a">100 greatest science discoveries of all time /</subfield>
      <subfield code="c">Kendall Haven</subfield>
    </datafield>
    <datafield tag="260" ind1=" " ind2=" ">
      <subfield code="a">Westport, Conn. :</subfield>
      <subfield code="b">Libraries Unlimited,</subfield>
      <subfield code="c">2007</subfield>
      <subfield code="a">London</subfield>
    </datafield>
    <datafield tag="300" ind1=" " ind2=" ">
      <subfield code="a">XV, 255 p. ;</subfield>
      <subfield code="c">26 cm</subfield>
    </datafield>
    <datafield tag="504" ind1=" " ind2=" ">
      <subfield code="a">Bibliogr. az egyes szócikkek végén és p. 223-227.</subfield>
    </datafield>
    <datafield tag="653" ind1=" " ind2=" ">
      <subfield code="a">művelődéstörténet</subfield>
    </datafield>
    <datafield tag="653" ind1=" " ind2=" ">
      <subfield code="a">szellemi termék</subfield>
    </datafield>
    <datafield tag="653" ind1=" " ind2=" ">
      <subfield code="a">tankönyv</subfield>
    </datafield>
    <datafield tag="653" ind1=" " ind2=" ">
      <subfield code="a">tudománytörténet</subfield>
    </datafield>
    <datafield tag="852" ind1=" " ind2=" ">
      <subfield code="a">B9</subfield>
      <subfield code="b">B9</subfield>
      <subfield code="x">732169</subfield>
    </datafield>
  </record>
  <record>
    <leader>00625ncm  2200205 i 4500</leader>
    <controlfield tag="001">MOKKAS0002234193  </controlfield>
    <controlfield tag="005">20060526010608.0</controlfield>
    <controlfield tag="008">001122s1986    enk           00010 eng d</controlfield>
    <datafield tag="020" ind1=" " ind2=" ">
      <subfield code="a">1 857201 02 7</subfield>
    </datafield>
    <datafield tag="035" ind1=" " ind2=" ">
      <subfield code="a">bibSOK00111767</subfield>
    </datafield>
    <datafield tag="040" ind1=" " ind2=" ">
      <subfield code="a">SK</subfield>
    </datafield>
    <datafield tag="245" ind1="1" ind2="0">
      <subfield code="a">100 great Scottish songs</subfield>
      <subfield code="h">[Kotta] :</subfield>
      <subfield code="b">with words and music /</subfield>
      <subfield code="c">[presented by Pat Conway]</subfield>
    </datafield>
    <datafield tag="254" ind1=" " ind2=" ">
      <subfield code="a">[Szóló]</subfield>
    </datafield>
    <datafield tag="260" ind1=" " ind2=" ">
      <subfield code="a">Dublin :</subfield>
      <subfield code="b">Waltons,</subfield>
      <subfield code="c">cop. 1986</subfield>
    </datafield>
    <datafield tag="300" ind1=" " ind2=" ">
      <subfield code="a">112 p. :</subfield>
      <subfield code="b">ill. ;</subfield>
      <subfield code="c">21 cm</subfield>
    </datafield>
    <datafield tag="500" ind1=" " ind2=" ">
      <subfield code="a">Főcím a borítóról</subfield>
    </datafield>
    <datafield tag="695" ind1=" " ind2=" ">
      <subfield code="a">Vokális zene</subfield>
      <subfield code="x">dalok</subfield>
      <subfield code="x">skót</subfield>
    </datafield>
    <datafield tag="695" ind1=" " ind2=" ">
      <subfield code="a">Népzene</subfield>
      <subfield code="x">dalok</subfield>
      <subfield code="x">skót</subfield>
    </datafield>
    <datafield tag="700" ind1="1" ind2=" ">
      <subfield code="a">Conway, Pat</subfield>
    </datafield>
    <datafield tag="852" ind1=" " ind2=" ">
      <subfield code="a">SZ4</subfield>
      <subfield code="b">SZ4</subfield>
      <subfield code="x">bibSOK00111767</subfield>
    </datafield>
  </record>
  <record>
    <leader>00506nam  2200169 i 4500</leader>
    <controlfield tag="001">MOKKAZ0003637696  </controlfield>
    <controlfield tag="005">20040909205400.0</controlfield>
    <controlfield tag="008">001122s1986    enk           00010 eng d</controlfield>
    <datafield tag="035" ind1=" " ind2=" ">
      <subfield code="a">bibKLT00278274</subfield>
    </datafield>
    <datafield tag="040" ind1=" " ind2=" ">
      <subfield code="a">DEENK</subfield>
    </datafield>
    <datafield tag="100" ind1="1" ind2=" ">
      <subfield code="a">Conway, Pat</subfield>
    </datafield>
    <datafield tag="245" ind1="1" ind2="0">
      <subfield code="a">100 great Scottish songs :</subfield>
      <subfield code="b">with words and music /</subfield>
      <subfield code="c">presented Pat Conway</subfield>
    </datafield>
    <datafield tag="260" ind1=" " ind2=" ">
      <subfield code="a">Dublin, Ireland :</subfield>
      <subfield code="b">Waltons, Mnf. Ltd.,</subfield>
      <subfield code="c">[1986]</subfield>
    </datafield>
    <datafield tag="300" ind1=" " ind2=" ">
      <subfield code="a">112 p. :</subfield>
      <subfield code="b">ill</subfield>
    </datafield>
    <datafield tag="650" ind1=" " ind2="4">
      <subfield code="a">Dalok, skót</subfield>
    </datafield>
    <datafield tag="650" ind1=" " ind2="0">
      <subfield code="a">Songs, Scottish.</subfield>
    </datafield>
    <datafield tag="852" ind1=" " ind2=" ">
      <subfield code="a">D1</subfield>
      <subfield code="b">D1/91</subfield>
      <subfield code="x">bibKLT00278274</subfield>
    </datafield>
  </record>
  <record>
    <leader>00708nam  2200229 i 4500</leader>
    <controlfield tag="001">MOKKAW0005984922  </controlfield>
    <controlfield tag="005">20080724122331.0</controlfield>
    <controlfield tag="008">080724s2008    hu            000 0 hun d</controlfield>
    <datafield tag="020" ind1=" " ind2=" ">
      <subfield code="a">978-963-9673-75-5 (fűzött)</subfield>
    </datafield>
    <datafield tag="035" ind1=" " ind2=" ">
      <subfield code="a">bibDEK00695713</subfield>
    </datafield>
    <datafield tag="040" ind1=" " ind2=" ">
      <subfield code="a">DEENK</subfield>
    </datafield>
    <datafield tag="245" ind1="0" ind2="0">
      <subfield code="a">100 grill recept /</subfield>
      <subfield code="c">[szerk. Verhóczki István]</subfield>
    </datafield>
    <datafield tag="260" ind1=" " ind2=" ">
      <subfield code="a">[Nagykovácsi] :</subfield>
      <subfield code="b">Puedlo,</subfield>
      <subfield code="c">[2008]</subfield>
      <subfield code="e">(Debrecen :</subfield>
      <subfield code="f">Kinizsi Ny.)</subfield>
    </datafield>
    <datafield tag="300" ind1=" " ind2=" ">
      <subfield code="a">110 p. ;</subfield>
      <subfield code="c">20 cm</subfield>
    </datafield>
    <datafield tag="650" ind1=" " ind2="4">
      <subfield code="a">Rostonsütés</subfield>
    </datafield>
    <datafield tag="650" ind1=" " ind2="4">
      <subfield code="a">Barbecue szakácsművészet</subfield>
    </datafield>
    <datafield tag="650" ind1=" " ind2="4">
      <subfield code="a">Szabadtéri szakácsművészet</subfield>
    </datafield>
    <datafield tag="650" ind1=" " ind2="0">
      <subfield code="a">Broiling.</subfield>
    </datafield>
    <datafield tag="650" ind1=" " ind2="0">
      <subfield code="a">Barbecue cookery.</subfield>
    </datafield>
    <datafield tag="650" ind1=" " ind2="0">
      <subfield code="a">Outdoor cookery.</subfield>
    </datafield>
    <datafield tag="700" ind1="1" ind2=" ">
      <subfield code="a">Verhóczki István</subfield>
      <subfield code="4">(szerk.)</subfield>
    </datafield>
    <datafield tag="852" ind1=" " ind2=" ">
      <subfield code="a">D1</subfield>
      <subfield code="b">D1</subfield>
      <subfield code="x">bibDEK00695713</subfield>
    </datafield>
  </record>
  <record>
    <leader>00887fam  2200253 i 4500</leader>
    <controlfield tag="001">MOKKAZ0006317091  </controlfield>
    <controlfield tag="005">20040915191117.0</controlfield>
    <controlfield tag="008">940712s1994    hu r          000 0 hun d</controlfield>
    <datafield tag="020" ind1=" " ind2=" ">
      <subfield code="a">963-8308-15-X (fűzött) :</subfield>
      <subfield code="c">268,- Ft(+10%)</subfield>
    </datafield>
    <datafield tag="035" ind1=" " ind2=" ">
      <subfield code="a">83785</subfield>
    </datafield>
    <datafield tag="040" ind1=" " ind2=" ">
      <subfield code="a">OSZK</subfield>
    </datafield>
    <datafield tag="041" ind1="1" ind2=" ">
      <subfield code="a">hunhun</subfield>
      <subfield code="h">fre</subfield>
    </datafield>
    <datafield tag="100" ind1="1" ind2=" ">
      <subfield code="a">Hachet, Sophie</subfield>
    </datafield>
    <datafield tag="240" ind1="1" ind2="0">
      <subfield code="a">100 recettes de cuisine rapide</subfield>
      <subfield code="l">(magyar)</subfield>
    </datafield>
    <datafield tag="245" ind1="1" ind2="0">
      <subfield code="a">100 gyors recept /</subfield>
      <subfield code="c">Sophie Hachet</subfield>
    </datafield>
    <datafield tag="260" ind1=" " ind2=" ">
      <subfield code="a">Budapest :</subfield>
      <subfield code="b">Delta 2000,</subfield>
      <subfield code="c">1994</subfield>
      <subfield code="e">([Budapest]</subfield>
      <subfield code="f">Tokai G.)</subfield>
      <subfield code="e">([Franciaország]</subfield>
      <subfield code="f">C.E.E.)</subfield>
    </datafield>
    <datafield tag="300" ind1=" " ind2=" ">
      <subfield code="a">93, [2] p. :</subfield>
      <subfield code="b">ill., színes ;</subfield>
      <subfield code="c">22 cm</subfield>
    </datafield>
    <datafield tag="650" ind1=" " ind2="4">
      <subfield code="a">Szakácskönyv</subfield>
    </datafield>
    <datafield tag="700" ind1="1" ind2=" ">
      <subfield code="a">Balla Katalin</subfield>
      <subfield code="4">(ford.)</subfield>
    </datafield>
    <datafield tag="700" ind1="1" ind2=" ">
      <subfield code="a">Syren, Jean-Luc</subfield>
      <subfield code="4">(fotó)</subfield>
    </datafield>
    <datafield tag="852" ind1=" " ind2=" ">
      <subfield code="a">B1</subfield>
      <subfield code="b">B1</subfield>
      <subfield code="x">83785</subfield>
    </datafield>
    <datafield tag="852" ind1=" " ind2=" ">
      <subfield code="a">B10</subfield>
      <subfield code="B">2002</subfield>
      <subfield code="B">0901</subfield>
      <subfield code="B">0703</subfield>
      <subfield code="B">1004</subfield>
      <subfield code="B">1003</subfield>
      <subfield code="B">0101</subfield>
      <subfield code="B">1106</subfield>
      <subfield code="B">1105</subfield>
      <subfield code="B">1201</subfield>
      <subfield code="B">2203</subfield>
      <subfield code="b">2201</subfield>
      <subfield code="x">bibFSZ00091915</subfield>
    </datafield>
    <datafield tag="852" ind1=" " ind2=" ">
      <subfield code="a">BCS1</subfield>
      <subfield code="b">BCS1</subfield>
      <subfield code="x">bibBKO00191016</subfield>
    </datafield>
    <datafield tag="852" ind1=" " ind2=" ">
      <subfield code="a">SZL1</subfield>
      <subfield code="b">SZL1</subfield>
      <subfield code="x">bibVFK00114458</subfield>
    </datafield>
  </record>
  <record>
    <leader>00369njm  2200133 i 4500</leader>
    <controlfield tag="001">MOKKAN0004603335  </controlfield>
    <controlfield tag="005">20070503105351.0</controlfield>
    <controlfield tag="008">010330s1994                            d</controlfield>
    <datafield tag="035" ind1=" " ind2=" ">
      <subfield code="a">150162916</subfield>
    </datafield>
    <datafield tag="040" ind1=" " ind2=" ">
      <subfield code="a">BDK</subfield>
    </datafield>
    <datafield tag="100" ind1="0" ind2=" ">
      <subfield code="a">Jackie Orszáczky</subfield>
    </datafield>
    <datafield tag="245" ind1="0" ind2="0">
      <subfield code="a">100 % [hangdok.] /</subfield>
      <subfield code="c">Jackie Orszáczky</subfield>
    </datafield>
    <datafield tag="260" ind1=" " ind2=" ">
      <subfield code="a">[Budapest] :</subfield>
      <subfield code="b">Hungaroton-Gong,</subfield>
      <subfield code="c">cop. 1994</subfield>
    </datafield>
    <datafield tag="852" ind1=" " ind2=" ">
      <subfield code="a">SZO1</subfield>
      <subfield code="b">SZO1</subfield>
      <subfield code="x">150162916</subfield>
    </datafield>
  </record>
  <record>
    <leader>01134njm  2200229   4500</leader>
    <controlfield tag="001">MOKKAW0005185808  </controlfield>
    <controlfield tag="005">20080417141515.0</controlfield>
    <controlfield tag="008">070726s2007                        hun d</controlfield>
    <datafield tag="028" ind1=" " ind2=" ">
      <subfield code="a">HMRDD 066</subfield>
    </datafield>
    <datafield tag="035" ind1=" " ind2=" ">
      <subfield code="a">bibFSZ01369108</subfield>
    </datafield>
    <datafield tag="040" ind1=" " ind2=" ">
      <subfield code="a">FSZEK</subfield>
    </datafield>
    <datafield tag="110" ind1="2" ind2=" ">
      <subfield code="a">Hard</subfield>
    </datafield>
    <datafield tag="245" ind1="1" ind2="0">
      <subfield code="a">100% hard</subfield>
      <subfield code="h">[Hangfelvétel + DVD felvétel] /</subfield>
      <subfield code="c">Hard</subfield>
    </datafield>
    <datafield tag="260" ind1=" " ind2=" ">
      <subfield code="a">Budapest :</subfield>
      <subfield code="b">Hammer Records,</subfield>
      <subfield code="c">cop. 2007</subfield>
    </datafield>
    <datafield tag="300" ind1=" " ind2=" ">
      <subfield code="a">1 CD ;</subfield>
      <subfield code="c">12 cm +</subfield>
      <subfield code="e">1 füz.</subfield>
    </datafield>
    <datafield tag="300" ind1=" " ind2=" ">
      <subfield code="a">(59 min 56 s ; 81 min 34 s)</subfield>
    </datafield>
    <datafield tag="500" ind1=" " ind2=" ">
      <subfield code="a">A lemez mindkét oldala lejátszható</subfield>
    </datafield>
    <datafield tag="500" ind1=" " ind2=" ">
      <subfield code="a">A második oldalon DVD melléklet található</subfield>
    </datafield>
    <datafield tag="505" ind1="0" ind2="0">
      <subfield code="g">CD,</subfield>
      <subfield code="t">100% hard:</subfield>
      <subfield code="t">100% hard ;</subfield>
      <subfield code="t">Hard rock szerelem ;</subfield>
      <subfield code="t">Soha nem elég ;</subfield>
      <subfield code="t">Igaz lesz még ;</subfield>
      <subfield code="t">Szavazz a mára ;</subfield>
      <subfield code="t">Vad vágyaim űznek ;</subfield>
      <subfield code="t">Keresem a bajt ;</subfield>
      <subfield code="t">Forevör ;</subfield>
      <subfield code="t">Kísértés ;</subfield>
      <subfield code="t">Dzsungel ;</subfield>
      <subfield code="t">Lennék én a híd +</subfield>
      <subfield code="g">DVD,</subfield>
      <subfield code="t">II. Hard találkozó, Wigvam 2007. 01. 20.:</subfield>
      <subfield code="t">Égi jel ;</subfield>
      <subfield code="t">Lázad a vér ;</subfield>
      <subfield code="t">A vonat ;</subfield>
      <subfield code="t">Halálkanyar ;</subfield>
      <subfield code="t">Ahogyan élsz ;</subfield>
      <subfield code="t">Égni kell ;</subfield>
      <subfield code="t">Itt a helyem ;</subfield>
      <subfield code="t">Hazafelé ne állj meg soha ;</subfield>
      <subfield code="t">Forma 1 ;</subfield>
      <subfield code="t">Gyere őrült ;</subfield>
      <subfield code="t">Két szív ;</subfield>
      <subfield code="t">Én vagyok a rock ;</subfield>
      <subfield code="t">Rázd meg!</subfield>
    </datafield>
    <datafield tag="695" ind1=" " ind2="1">
      <subfield code="a">hard rock</subfield>
    </datafield>
    <datafield tag="695" ind1=" " ind2="1">
      <subfield code="a">DVD</subfield>
    </datafield>
    <datafield tag="852" ind1=" " ind2=" ">
      <subfield code="a">B10</subfield>
      <subfield code="b">1308</subfield>
      <subfield code="x">bibFSZ01369108</subfield>
    </datafield>
  </record>
  <record>
    <leader>01651fam  2200457 i 4500</leader>
    <controlfield tag="001">MOKKAZ0003749430  </controlfield>
    <controlfield tag="005">20100716091430.0</controlfield>
    <controlfield tag="008">020902s2003    hu ao           1   hun d</controlfield>
    <datafield tag="020" ind1=" " ind2=" ">
      <subfield code="a">963-368-423-4 (fűzött) :</subfield>
      <subfield code="c">2699,- Ft</subfield>
    </datafield>
    <datafield tag="035" ind1=" " ind2=" ">
      <subfield code="a">bibFSZ925785</subfield>
    </datafield>
    <datafield tag="040" ind1=" " ind2=" ">
      <subfield code="a">DEENK</subfield>
    </datafield>
    <datafield tag="041" ind1="1" ind2=" ">
      <subfield code="a">hun</subfield>
      <subfield code="h">eng</subfield>
    </datafield>
    <datafield tag="080" ind1=" " ind2=" ">
      <subfield code="a">643.3</subfield>
    </datafield>
    <datafield tag="080" ind1=" " ind2=" ">
      <subfield code="a">747.017.4</subfield>
    </datafield>
    <datafield tag="100" ind1="1" ind2=" ">
      <subfield code="a">Rose, Sue</subfield>
    </datafield>
    <datafield tag="240" ind1="1" ind2="0">
      <subfield code="a">100 bright ideas for kitchens</subfield>
      <subfield code="l">(magyar)</subfield>
    </datafield>
    <datafield tag="245" ind1="1" ind2="0">
      <subfield code="a">100 hasznos ötlet: konyha :</subfield>
      <subfield code="b">[egy nap alatt elkészíthető konyhafelszerelések, gyors dekorációs megoldások, hasznos ötletek tárháza, stílusvariációk] /</subfield>
      <subfield code="c">Sue Rose ; [ford. Szabó Kata] ; [a képek...: Marie-Louise Avery et al.]</subfield>
    </datafield>
    <datafield tag="260" ind1=" " ind2=" ">
      <subfield code="a">Pécs :</subfield>
      <subfield code="b">Alexandra,</subfield>
      <subfield code="c">[2003]</subfield>
    </datafield>
    <datafield tag="300" ind1=" " ind2=" ">
      <subfield code="a">128 p. :</subfield>
      <subfield code="b">ill. ;</subfield>
      <subfield code="c">26 cm</subfield>
    </datafield>
    <datafield tag="650" ind1=" " ind2="4">
      <subfield code="a">Barkácsolás</subfield>
    </datafield>
    <datafield tag="650" ind1=" " ind2="7">
      <subfield code="a">Dekoráció és díszítés</subfield>
      <subfield code="2">lcsh//hun</subfield>
    </datafield>
    <datafield tag="650" ind1=" " ind2="4">
      <subfield code="a">Konyha</subfield>
    </datafield>
    <datafield tag="650" ind1=" " ind2="7">
      <subfield code="a">Lakberendezés</subfield>
      <subfield code="2">szte</subfield>
    </datafield>
    <datafield tag="650" ind1=" " ind2="7">
      <subfield code="a">Lakásművészet</subfield>
      <subfield code="2">szte</subfield>
    </datafield>
    <datafield tag="650" ind1=" " ind2="7">
      <subfield code="a">Barkácsolás</subfield>
      <subfield code="x">díszítési cikk</subfield>
      <subfield code="2">szte</subfield>
    </datafield>
    <datafield tag="650" ind1=" " ind2="4">
      <subfield code="a">Konyhák</subfield>
    </datafield>
    <datafield tag="650" ind1=" " ind2="4">
      <subfield code="a">Lakberendezés</subfield>
    </datafield>
    <datafield tag="650" ind1=" " ind2="4">
      <subfield code="a">Lakásművészet</subfield>
    </datafield>
    <datafield tag="650" ind1=" " ind2="4">
      <subfield code="a">Díszítőművészet</subfield>
    </datafield>
    <datafield tag="650" ind1=" " ind2="4">
      <subfield code="a">színek</subfield>
    </datafield>
    <datafield tag="695" ind1=" " ind2=" ">
      <subfield code="a">ODR 2003</subfield>
    </datafield>
    <datafield tag="700" ind1="1" ind2=" ">
      <subfield code="a">Szabó Kata</subfield>
      <subfield code="4">ford.</subfield>
    </datafield>
    <datafield tag="700" ind1="1" ind2=" ">
      <subfield code="a">Avery, Marie-Louise</subfield>
      <subfield code="4">fotó</subfield>
    </datafield>
    <datafield tag="852" ind1=" " ind2=" ">
      <subfield code="a">D1</subfield>
      <subfield code="b">D108</subfield>
      <subfield code="x">bibFSZ925785</subfield>
    </datafield>
    <datafield tag="852" ind1=" " ind2=" ">
      <subfield code="a">B10</subfield>
      <subfield code="B">0801</subfield>
      <subfield code="B">0305</subfield>
      <subfield code="B">1201</subfield>
      <subfield code="B">0902</subfield>
      <subfield code="B">1801</subfield>
      <subfield code="B">1803</subfield>
      <subfield code="B">1901</subfield>
      <subfield code="B">2002</subfield>
      <subfield code="B">2301</subfield>
      <subfield code="B">1404</subfield>
      <subfield code="B">1503</subfield>
      <subfield code="B">1504</subfield>
      <subfield code="B">1702</subfield>
      <subfield code="B">1004</subfield>
      <subfield code="B">1601</subfield>
      <subfield code="B">0401</subfield>
      <subfield code="B">0502</subfield>
      <subfield code="b">1302</subfield>
      <subfield code="x">bibFSZ925785</subfield>
    </datafield>
    <datafield tag="852" ind1=" " ind2=" ">
      <subfield code="a">SZO1</subfield>
      <subfield code="b">SZO1</subfield>
      <subfield code="x">150371653</subfield>
    </datafield>
    <datafield tag="852" ind1=" " ind2=" ">
      <subfield code="a">S1</subfield>
      <subfield code="b">S1</subfield>
      <subfield code="x">bibFSZ925785</subfield>
    </datafield>
    <datafield tag="852" ind1=" " ind2=" ">
      <subfield code="a">ST1</subfield>
      <subfield code="b">ST1</subfield>
      <subfield code="x">bibBBM232728</subfield>
    </datafield>
    <datafield tag="852" ind1=" " ind2=" ">
      <subfield code="a">SZ4</subfield>
      <subfield code="b">SZ4</subfield>
      <subfield code="x">bibFSZ925785</subfield>
    </datafield>
    <datafield tag="852" ind1=" " ind2=" ">
      <subfield code="a">SZL1</subfield>
      <subfield code="b">SZL1</subfield>
      <subfield code="x">bibVFK00261363</subfield>
    </datafield>
    <datafield tag="852" ind1=" " ind2=" ">
      <subfield code="a">M2</subfield>
      <subfield code="b">T/SSENYE</subfield>
      <subfield code="x">bibFSZ925785</subfield>
    </datafield>
  </record>
  <record>
    <leader>01348fam  2200373 i 4500</leader>
    <controlfield tag="001">MOKKAZ0003749431  </controlfield>
    <controlfield tag="005">20040909215607.0</controlfield>
    <controlfield tag="008">020902s2003    hu ao           1   hun d</controlfield>
    <datafield tag="020" ind1=" " ind2=" ">
      <subfield code="a">963-368-432-3 (fűzött) :</subfield>
      <subfield code="c">2699,-Ft</subfield>
    </datafield>
    <datafield tag="035" ind1=" " ind2=" ">
      <subfield code="a">bibFSZ925805</subfield>
    </datafield>
    <datafield tag="040" ind1=" " ind2=" ">
      <subfield code="a">DEENK</subfield>
    </datafield>
    <datafield tag="041" ind1="1" ind2=" ">
      <subfield code="a">hun</subfield>
      <subfield code="h">eng</subfield>
    </datafield>
    <datafield tag="100" ind1="1" ind2=" ">
      <subfield code="a">Rose, Sue</subfield>
    </datafield>
    <datafield tag="240" ind1="1" ind2="0">
      <subfield code="a">100 bright ideas for colour</subfield>
      <subfield code="l">(magyar)</subfield>
    </datafield>
    <datafield tag="245" ind1="1" ind2="0">
      <subfield code="a">100 hasznos ötlet: színek :</subfield>
      <subfield code="b">[színek, minták, anyagok, gyors dekorációs megoldások, hasznos ötletek tárháza, stílusvariációk] /</subfield>
      <subfield code="c">Sue Rose ; [ford. Keresnyei Klára]</subfield>
    </datafield>
    <datafield tag="260" ind1=" " ind2=" ">
      <subfield code="a">Pécs :</subfield>
      <subfield code="b">Alexandra,</subfield>
      <subfield code="c">[2003]</subfield>
    </datafield>
    <datafield tag="300" ind1=" " ind2=" ">
      <subfield code="a">128 p. :</subfield>
      <subfield code="b">ill. ;</subfield>
      <subfield code="c">26 cm</subfield>
    </datafield>
    <datafield tag="650" ind1=" " ind2="4">
      <subfield code="a">Lakberendezés</subfield>
    </datafield>
    <datafield tag="650" ind1=" " ind2="4">
      <subfield code="a">Lakberendezési tárgyak</subfield>
    </datafield>
    <datafield tag="650" ind1=" " ind2="4">
      <subfield code="a">Ötlettár</subfield>
    </datafield>
    <datafield tag="650" ind1=" " ind2="4">
      <subfield code="a">Színek</subfield>
    </datafield>
    <datafield tag="650" ind1=" " ind2="7">
      <subfield code="a">Lakberendezés</subfield>
      <subfield code="2">szte</subfield>
    </datafield>
    <datafield tag="650" ind1=" " ind2="7">
      <subfield code="a">Lakásművészet</subfield>
      <subfield code="2">szte</subfield>
    </datafield>
    <datafield tag="650" ind1=" " ind2="7">
      <subfield code="a">Barkácsolás</subfield>
      <subfield code="x">díszítési cikk</subfield>
      <subfield code="2">szte</subfield>
    </datafield>
    <datafield tag="695" ind1=" " ind2=" ">
      <subfield code="a">Lakásdíszítés</subfield>
    </datafield>
    <datafield tag="695" ind1=" " ind2=" ">
      <subfield code="a">Lakberendezés</subfield>
    </datafield>
    <datafield tag="700" ind1="1" ind2=" ">
      <subfield code="a">Keresnyei Klára</subfield>
      <subfield code="4">ford.</subfield>
    </datafield>
    <datafield tag="852" ind1=" " ind2=" ">
      <subfield code="a">D1</subfield>
      <subfield code="b">D108</subfield>
      <subfield code="x">bibFSZ925805</subfield>
    </datafield>
    <datafield tag="852" ind1=" " ind2=" ">
      <subfield code="a">B10</subfield>
      <subfield code="B">0801</subfield>
      <subfield code="B">0305</subfield>
      <subfield code="B">1201</subfield>
      <subfield code="B">0902</subfield>
      <subfield code="B">1803</subfield>
      <subfield code="B">1901</subfield>
      <subfield code="B">2002</subfield>
      <subfield code="B">2301</subfield>
      <subfield code="B">1503</subfield>
      <subfield code="B">1504</subfield>
      <subfield code="B">1702</subfield>
      <subfield code="B">1004</subfield>
      <subfield code="B">1704</subfield>
      <subfield code="B">0401</subfield>
      <subfield code="b">0502</subfield>
      <subfield code="x">bibFSZ925805</subfield>
    </datafield>
    <datafield tag="852" ind1=" " ind2=" ">
      <subfield code="a">SZO1</subfield>
      <subfield code="b">SZO1</subfield>
      <subfield code="x">150371652</subfield>
    </datafield>
    <datafield tag="852" ind1=" " ind2=" ">
      <subfield code="a">S1</subfield>
      <subfield code="b">S1</subfield>
      <subfield code="x">bibFSZ925805</subfield>
    </datafield>
    <datafield tag="852" ind1=" " ind2=" ">
      <subfield code="a">P1</subfield>
      <subfield code="b">P1/SZ</subfield>
      <subfield code="x">MOKKA9633684323</subfield>
    </datafield>
    <datafield tag="852" ind1=" " ind2=" ">
      <subfield code="a">SZL1</subfield>
      <subfield code="b">SZL1</subfield>
      <subfield code="x">bibVFK00248799</subfield>
    </datafield>
    <datafield tag="852" ind1=" " ind2=" ">
      <subfield code="a">SZ4</subfield>
      <subfield code="b">SZ4</subfield>
      <subfield code="x">bibFSZ925805</subfield>
    </datafield>
  </record>
  <record>
    <leader>01229nam  2200325   4500</leader>
    <controlfield tag="001">MOKKAZ0004747781  </controlfield>
    <controlfield tag="005">20040910095937.0</controlfield>
    <controlfield tag="008">020902s2003                        hun d</controlfield>
    <datafield tag="020" ind1=" " ind2=" ">
      <subfield code="a">963-368-512-5 (fűzött) :</subfield>
      <subfield code="c">2093,- Ft</subfield>
    </datafield>
    <datafield tag="035" ind1=" " ind2=" ">
      <subfield code="a">bibFSZ944607</subfield>
    </datafield>
    <datafield tag="040" ind1=" " ind2=" ">
      <subfield code="a">FSZEK</subfield>
    </datafield>
    <datafield tag="041" ind1=" " ind2=" ">
      <subfield code="a">hun</subfield>
    </datafield>
    <datafield tag="100" ind1="1" ind2=" ">
      <subfield code="a">Weston, Tamsin</subfield>
    </datafield>
    <datafield tag="240" ind1=" " ind2="0">
      <subfield code="a">100 bright ideas for soft furnishings</subfield>
    </datafield>
    <datafield tag="245" ind1="1" ind2="0">
      <subfield code="a">100 hasznos ötlet: lakástextíliák :</subfield>
      <subfield code="b">[egy nap alatt elkészíthető kiegészítők, gyors dekorációs megoldások, hasznos ötletek tárháza, stílusvariációk] /</subfield>
      <subfield code="c">Tamsin Weston ; [ford. Leyrer Ginda]</subfield>
    </datafield>
    <datafield tag="260" ind1=" " ind2=" ">
      <subfield code="a">Pécs :</subfield>
      <subfield code="b">Alexandra,</subfield>
      <subfield code="c">[2003]</subfield>
    </datafield>
    <datafield tag="300" ind1=" " ind2=" ">
      <subfield code="a">128 p. :</subfield>
      <subfield code="b">ill. ;</subfield>
      <subfield code="c">26 cm</subfield>
    </datafield>
    <datafield tag="650" ind1=" " ind2="7">
      <subfield code="a">Lakberendezés</subfield>
      <subfield code="2">szte</subfield>
    </datafield>
    <datafield tag="650" ind1=" " ind2="7">
      <subfield code="a">Lakásművészet</subfield>
      <subfield code="2">szte</subfield>
    </datafield>
    <datafield tag="650" ind1=" " ind2="7">
      <subfield code="a">Barkácsolás</subfield>
      <subfield code="x">díszítési cikk</subfield>
      <subfield code="2">szte</subfield>
    </datafield>
    <datafield tag="650" ind1=" " ind2="4">
      <subfield code="a">Lakberendezés</subfield>
    </datafield>
    <datafield tag="650" ind1=" " ind2="4">
      <subfield code="a">Dekoráció és díszítés</subfield>
    </datafield>
    <datafield tag="650" ind1=" " ind2="4">
      <subfield code="a">Lakásművészet</subfield>
    </datafield>
    <datafield tag="650" ind1=" " ind2="4">
      <subfield code="a">Barkácsolás</subfield>
    </datafield>
    <datafield tag="680" ind1=" " ind2="0">
      <subfield code="a">lakástextil</subfield>
    </datafield>
    <datafield tag="700" ind1="1" ind2=" ">
      <subfield code="a">Leyrer Ginda</subfield>
      <subfield code="4">ford.</subfield>
    </datafield>
    <datafield tag="852" ind1=" " ind2=" ">
      <subfield code="a">B10</subfield>
      <subfield code="B">2002</subfield>
      <subfield code="B">0702</subfield>
      <subfield code="B">1503</subfield>
      <subfield code="B">2101</subfield>
      <subfield code="B">0801</subfield>
      <subfield code="B">0305</subfield>
      <subfield code="B">1105</subfield>
      <subfield code="B">0401</subfield>
      <subfield code="B">0502</subfield>
      <subfield code="B">0703</subfield>
      <subfield code="B">1302</subfield>
      <subfield code="B">1304</subfield>
      <subfield code="B">1004</subfield>
      <subfield code="b">1504</subfield>
      <subfield code="x">bibFSZ944607</subfield>
    </datafield>
    <datafield tag="852" ind1=" " ind2=" ">
      <subfield code="a">SZO1</subfield>
      <subfield code="b">SZO1</subfield>
      <subfield code="x">150377619</subfield>
    </datafield>
    <datafield tag="852" ind1=" " ind2=" ">
      <subfield code="a">SZ4</subfield>
      <subfield code="b">SZ4</subfield>
      <subfield code="x">bibFSZ944607</subfield>
    </datafield>
    <datafield tag="852" ind1=" " ind2=" ">
      <subfield code="a">SZL1</subfield>
      <subfield code="b">SZL1</subfield>
      <subfield code="x">bibVFK00261362</subfield>
    </datafield>
  </record>
  <record>
    <leader>01702nam  2200409   4500</leader>
    <controlfield tag="001">MOKKAZ0004747783  </controlfield>
    <controlfield tag="005">20040910095937.0</controlfield>
    <controlfield tag="008">020902s2003                        hun d</controlfield>
    <datafield tag="020" ind1=" " ind2=" ">
      <subfield code="a">963-368-519-2 (fűzött) :</subfield>
      <subfield code="c">2093,-Ft</subfield>
    </datafield>
    <datafield tag="035" ind1=" " ind2=" ">
      <subfield code="a">bibFSZ944637</subfield>
    </datafield>
    <datafield tag="040" ind1=" " ind2=" ">
      <subfield code="a">FSZEK</subfield>
    </datafield>
    <datafield tag="041" ind1=" " ind2=" ">
      <subfield code="a">hun</subfield>
    </datafield>
    <datafield tag="100" ind1="1" ind2=" ">
      <subfield code="a">Weston, Tamsin</subfield>
    </datafield>
    <datafield tag="245" ind1="1" ind2="0">
      <subfield code="a">100 hasznos ötlet a fürdőszobához :</subfield>
      <subfield code="b">[egy nap alatt elkészíthető fürdőszoba-felszerelések, gyors dekorációs megoldások, hasznos ötletek tárháza, stílusvariációk] /</subfield>
      <subfield code="c">Tamsin Weston ; [ford. Leyrer Ginda]</subfield>
    </datafield>
    <datafield tag="246" ind1=" " ind2="4">
      <subfield code="a">100 hasznos ötlet: fürdőszobák</subfield>
    </datafield>
    <datafield tag="246" ind1=" " ind2="8">
      <subfield code="a">100 hasznos ötlet: fürdőszobák</subfield>
    </datafield>
    <datafield tag="260" ind1=" " ind2=" ">
      <subfield code="a">Pécs :</subfield>
      <subfield code="b">Alexandra,</subfield>
      <subfield code="c">[2003]</subfield>
    </datafield>
    <datafield tag="300" ind1=" " ind2=" ">
      <subfield code="a">128 p. :</subfield>
      <subfield code="b">ill. ;</subfield>
      <subfield code="c">26 cm</subfield>
    </datafield>
    <datafield tag="500" ind1=" " ind2=" ">
      <subfield code="a">Borító- és gerinccím: 100 hasznos ötlet: fürdőszobák</subfield>
    </datafield>
    <datafield tag="650" ind1=" " ind2="4">
      <subfield code="a">fürdőszoba</subfield>
    </datafield>
    <datafield tag="650" ind1=" " ind2="4">
      <subfield code="a">lakberendezés</subfield>
    </datafield>
    <datafield tag="650" ind1=" " ind2="4">
      <subfield code="a">lakberendezés - fürdőszoba</subfield>
    </datafield>
    <datafield tag="650" ind1=" " ind2="4">
      <subfield code="a">fürdőszoba - lakberendezés</subfield>
    </datafield>
    <datafield tag="650" ind1=" " ind2="4">
      <subfield code="a">Fürdőszobák</subfield>
    </datafield>
    <datafield tag="650" ind1=" " ind2="4">
      <subfield code="a">Fürdőszoba-berendezések</subfield>
    </datafield>
    <datafield tag="650" ind1=" " ind2="7">
      <subfield code="a">Lakberendezés</subfield>
      <subfield code="2">szte</subfield>
    </datafield>
    <datafield tag="650" ind1=" " ind2="7">
      <subfield code="a">Lakásművészet</subfield>
      <subfield code="2">szte</subfield>
    </datafield>
    <datafield tag="650" ind1=" " ind2="7">
      <subfield code="a">Barkácsolás</subfield>
      <subfield code="x">díszítési cikk</subfield>
      <subfield code="2">szte</subfield>
    </datafield>
    <datafield tag="680" ind1=" " ind2="0">
      <subfield code="a">fürdőszoba, toalett / lakberendezés</subfield>
      <subfield code="a">toalett, fürdőszoba / lakberendezés</subfield>
    </datafield>
    <datafield tag="700" ind1="1" ind2=" ">
      <subfield code="a">Leyrer Ginda</subfield>
      <subfield code="4">ford.</subfield>
    </datafield>
    <datafield tag="852" ind1=" " ind2=" ">
      <subfield code="a">B10</subfield>
      <subfield code="B">0901</subfield>
      <subfield code="B">1803</subfield>
      <subfield code="B">1901</subfield>
      <subfield code="B">2002</subfield>
      <subfield code="B">2101</subfield>
      <subfield code="B">0702</subfield>
      <subfield code="B">1503</subfield>
      <subfield code="B">0801</subfield>
      <subfield code="B">0204</subfield>
      <subfield code="B">0305</subfield>
      <subfield code="B">1105</subfield>
      <subfield code="B">0401</subfield>
      <subfield code="B">0502</subfield>
      <subfield code="B">0703</subfield>
      <subfield code="B">1302</subfield>
      <subfield code="B">1004</subfield>
      <subfield code="b">1504</subfield>
      <subfield code="x">bibFSZ944637</subfield>
    </datafield>
    <datafield tag="852" ind1=" " ind2=" ">
      <subfield code="a">GY1</subfield>
      <subfield code="b">GY1</subfield>
      <subfield code="x">637564</subfield>
    </datafield>
    <datafield tag="852" ind1=" " ind2=" ">
      <subfield code="a">BCS1</subfield>
      <subfield code="b">BCS1/SZKI</subfield>
      <subfield code="b">BCS1/EFAL</subfield>
      <subfield code="b">BCS1/GESZ</subfield>
      <subfield code="b">BCS1</subfield>
      <subfield code="b">BCS1/KETS</subfield>
      <subfield code="x">bibBKO00261869</subfield>
    </datafield>
    <datafield tag="852" ind1=" " ind2=" ">
      <subfield code="a">SZO1</subfield>
      <subfield code="b">SZO1</subfield>
      <subfield code="x">150377618</subfield>
    </datafield>
    <datafield tag="852" ind1=" " ind2=" ">
      <subfield code="a">B11</subfield>
      <subfield code="b">B11</subfield>
      <subfield code="x">BMEOMIKK000452674</subfield>
    </datafield>
    <datafield tag="852" ind1=" " ind2=" ">
      <subfield code="a">SZL1</subfield>
      <subfield code="b">SZL1</subfield>
      <subfield code="x">bibVFK00254312</subfield>
    </datafield>
    <datafield tag="852" ind1=" " ind2=" ">
      <subfield code="a">SZ4</subfield>
      <subfield code="b">SZ4</subfield>
      <subfield code="x">bibFSZ944637</subfield>
    </datafield>
  </record>
  <record>
    <leader>00799njm  2200205   4500</leader>
    <controlfield tag="001">MOKKAZ0004745422  </controlfield>
    <controlfield tag="005">20040910095814.0</controlfield>
    <controlfield tag="008">991029s1984                        und d</controlfield>
    <datafield tag="028" ind1=" " ind2=" ">
      <subfield code="a">7243 5 38329 2 6</subfield>
    </datafield>
    <datafield tag="035" ind1=" " ind2=" ">
      <subfield code="a">bibFSZ934007</subfield>
    </datafield>
    <datafield tag="040" ind1=" " ind2=" ">
      <subfield code="a">FSZEK</subfield>
    </datafield>
    <datafield tag="100" ind1="1" ind2=" ">
      <subfield code="a">Petrucciani, Michel</subfield>
      <subfield code="d">(1962-1999)</subfield>
      <subfield code="c">(jazz-zongorista)</subfield>
    </datafield>
    <datafield tag="245" ind1="1" ind2="0">
      <subfield code="a">100 hearts</subfield>
      <subfield code="h">[Hangfelvétel] /</subfield>
      <subfield code="c">Michel Petrucciani</subfield>
    </datafield>
    <datafield tag="260" ind1=" " ind2=" ">
      <subfield code="a">[New York] :</subfield>
      <subfield code="b">Capitol Records,</subfield>
      <subfield code="c">cop. 1984</subfield>
    </datafield>
    <datafield tag="300" ind1=" " ind2=" ">
      <subfield code="a">1 CD (53 min 44 s) ;</subfield>
      <subfield code="c">12 cm +</subfield>
      <subfield code="e">1 füz.</subfield>
    </datafield>
    <datafield tag="490" ind1="1" ind2=" ">
      <subfield code="a">(Blue note)</subfield>
    </datafield>
    <datafield tag="505" ind1="0" ind2="0">
      <subfield code="t">Turn around ;</subfield>
      <subfield code="t">Three forgotton magic words ;</subfield>
      <subfield code="t">Silence ;</subfield>
      <subfield code="t">St. Thomas ;</subfield>
      <subfield code="t">Pot pouri (medley): Someday my prince will come, All the things you are, A child is born, Very early ;</subfield>
      <subfield code="t">100 hearts</subfield>
    </datafield>
    <datafield tag="695" ind1=" " ind2="1">
      <subfield code="a">jazz</subfield>
    </datafield>
    <datafield tag="830" ind1=" " ind2="0">
      <subfield code="a">Blue note</subfield>
    </datafield>
    <datafield tag="852" ind1=" " ind2=" ">
      <subfield code="a">B10</subfield>
      <subfield code="B">0601</subfield>
      <subfield code="B">0502</subfield>
      <subfield code="b">0801</subfield>
      <subfield code="x">bibFSZ934007</subfield>
    </datafield>
  </record>
  <record>
    <leader>00760njm  2200193   4500</leader>
    <controlfield tag="001">MOKKAS0002270171  </controlfield>
    <controlfield tag="005">20060618021214.0</controlfield>
    <controlfield tag="008">991009 1984    us   nn          1  eng  </controlfield>
    <datafield tag="028" ind1=" " ind2=" ">
      <subfield code="a">7243 5 38329 2</subfield>
      <subfield code="b">Blue Note</subfield>
    </datafield>
    <datafield tag="035" ind1=" " ind2=" ">
      <subfield code="a">bibSOK00143199</subfield>
    </datafield>
    <datafield tag="040" ind1=" " ind2=" ">
      <subfield code="a">SK</subfield>
    </datafield>
    <datafield tag="100" ind1="1" ind2=" ">
      <subfield code="a">Petrucciani, Michel</subfield>
      <subfield code="d">(1962-1999)</subfield>
    </datafield>
    <datafield tag="245" ind1="1" ind2="0">
      <subfield code="a">100 hearts</subfield>
      <subfield code="h">[Hgf.] /</subfield>
      <subfield code="c">Michel Petrucciani</subfield>
    </datafield>
    <datafield tag="260" ind1=" " ind2=" ">
      <subfield code="a">[New York] :</subfield>
      <subfield code="b">Blue Note,</subfield>
      <subfield code="c">[1984]</subfield>
    </datafield>
    <datafield tag="300" ind1=" " ind2=" ">
      <subfield code="a">1 CD :</subfield>
      <subfield code="b">sztereó ;</subfield>
      <subfield code="c">12 cm +</subfield>
      <subfield code="e">mell.</subfield>
    </datafield>
    <datafield tag="505" ind1="0" ind2="0">
      <subfield code="g">1.</subfield>
      <subfield code="t">Turn around. -</subfield>
      <subfield code="g">2.</subfield>
      <subfield code="t">Three forgotton magic words. -</subfield>
      <subfield code="g">3.</subfield>
      <subfield code="t">Silence. -</subfield>
      <subfield code="g">4.</subfield>
      <subfield code="t">St. Thomas. -</subfield>
      <subfield code="g">5.</subfield>
      <subfield code="t">Pot pouri : Someday my prince will come : All the things you are : A child is born : Very early. -</subfield>
      <subfield code="g">6.</subfield>
      <subfield code="t">100 hearts</subfield>
    </datafield>
    <datafield tag="511" ind1="2" ind2=" ">
      <subfield code="a">Michel Petrucciani</subfield>
    </datafield>
    <datafield tag="695" ind1=" " ind2=" ">
      <subfield code="a">Jazz</subfield>
    </datafield>
    <datafield tag="852" ind1=" " ind2=" ">
      <subfield code="a">SZ4</subfield>
      <subfield code="b">SZ4</subfield>
      <subfield code="x">bibSOK00143199</subfield>
    </datafield>
  </record>
  <record>
    <leader>00515njm  2200193 i 4500</leader>
    <controlfield tag="001">MOKKAS0003642761  </controlfield>
    <controlfield tag="005">20060606200855.0</controlfield>
    <controlfield tag="008">050717s1984                            d</controlfield>
    <datafield tag="028" ind1="0" ind2=" ">
      <subfield code="b">5383292</subfield>
    </datafield>
    <datafield tag="035" ind1=" " ind2=" ">
      <subfield code="a">969070</subfield>
    </datafield>
    <datafield tag="040" ind1=" " ind2=" ">
      <subfield code="a">OIK</subfield>
    </datafield>
    <datafield tag="041" ind1="0" ind2=" ">
      <subfield code="g">eng</subfield>
    </datafield>
    <datafield tag="245" ind1="1" ind2="0">
      <subfield code="a">100 hearts</subfield>
      <subfield code="h">Hgf. /</subfield>
      <subfield code="c">Michel Petrucciani [piano]</subfield>
    </datafield>
    <datafield tag="260" ind1=" " ind2=" ">
      <subfield code="a">[S.l.] :</subfield>
      <subfield code="b">Blue Note,</subfield>
      <subfield code="c">1984</subfield>
    </datafield>
    <datafield tag="300" ind1=" " ind2=" ">
      <subfield code="a">CD (53 min 46 s) :</subfield>
      <subfield code="b">sztereó ;</subfield>
      <subfield code="c">12 cm + mell.</subfield>
    </datafield>
    <datafield tag="650" ind1=" " ind2="4">
      <subfield code="a">JAZZ</subfield>
    </datafield>
    <datafield tag="650" ind1=" " ind2="4">
      <subfield code="a">ZONGORA</subfield>
    </datafield>
    <datafield tag="700" ind1="1" ind2=" ">
      <subfield code="a">Petrucciani, Michel</subfield>
      <subfield code="4">(zg.)</subfield>
    </datafield>
    <datafield tag="852" ind1=" " ind2=" ">
      <subfield code="a">B14</subfield>
      <subfield code="b">B14</subfield>
      <subfield code="x">969070</subfield>
    </datafield>
  </record>
  <record>
    <leader>00797njm  2200205   4500</leader>
    <controlfield tag="001">MOKKAN0004252897  </controlfield>
    <controlfield tag="005">20070408170212.0</controlfield>
    <controlfield tag="008">991029c20021984                    und d</controlfield>
    <datafield tag="028" ind1=" " ind2=" ">
      <subfield code="a">7243 5 38329 2 6</subfield>
    </datafield>
    <datafield tag="035" ind1=" " ind2=" ">
      <subfield code="a">bibFSZ1088808</subfield>
    </datafield>
    <datafield tag="040" ind1=" " ind2=" ">
      <subfield code="a">FSZEK</subfield>
    </datafield>
    <datafield tag="100" ind1="1" ind2=" ">
      <subfield code="a">Petrucciani, Michel</subfield>
      <subfield code="d">(1962-1999)</subfield>
      <subfield code="c">(dzsessz-zongorista)</subfield>
    </datafield>
    <datafield tag="245" ind1="1" ind2="0">
      <subfield code="a">100 hearts</subfield>
      <subfield code="h">[Hangfelvétel] /</subfield>
      <subfield code="c">Michel Petrucciani</subfield>
    </datafield>
    <datafield tag="260" ind1=" " ind2=" ">
      <subfield code="a">[New York] :</subfield>
      <subfield code="b">Capitol Records,</subfield>
      <subfield code="c">2002, cop. 1984</subfield>
    </datafield>
    <datafield tag="300" ind1=" " ind2=" ">
      <subfield code="a">1 CD (53 min 44 s) ;</subfield>
      <subfield code="c">12 cm +</subfield>
      <subfield code="e">1 füz.</subfield>
    </datafield>
    <datafield tag="490" ind1="1" ind2=" ">
      <subfield code="a">(Blue note)</subfield>
    </datafield>
    <datafield tag="505" ind1="0" ind2="0">
      <subfield code="t">Turn around ;</subfield>
      <subfield code="t">Three forgotton magic words ;</subfield>
      <subfield code="t">Silence ;</subfield>
      <subfield code="t">St. Thomas ;</subfield>
      <subfield code="t">Pot pouri (medley): Someday my prince will come, All the things you are, A child is born, Very early ;</subfield>
      <subfield code="t">100 hearts</subfield>
    </datafield>
    <datafield tag="695" ind1=" " ind2="1">
      <subfield code="a">jazz</subfield>
    </datafield>
    <datafield tag="830" ind1=" " ind2="0">
      <subfield code="a">Blue note</subfield>
    </datafield>
    <datafield tag="852" ind1=" " ind2=" ">
      <subfield code="a">B10</subfield>
      <subfield code="b">B10</subfield>
      <subfield code="x">bibFSZ1088808</subfield>
    </datafield>
  </record>
  <record>
    <leader>00542nama 22001691i 4500</leader>
    <controlfield tag="001">MOKKAS0000626922  </controlfield>
    <controlfield tag="005">20060614181740.0</controlfield>
    <controlfield tag="008">041001s1962    ro            000 0 hunod</controlfield>
    <datafield tag="035" ind1=" " ind2=" ">
      <subfield code="a">1385798</subfield>
    </datafield>
    <datafield tag="040" ind1=" " ind2=" ">
      <subfield code="a">OSZK</subfield>
    </datafield>
    <datafield tag="041" ind1="1" ind2=" ">
      <subfield code="a">hunhun</subfield>
      <subfield code="h">rum</subfield>
    </datafield>
    <datafield tag="100" ind1="1" ind2=" ">
      <subfield code="a">Bordeianu, C.</subfield>
      <subfield code="c">(cédulakatalógus alapján)</subfield>
    </datafield>
    <datafield tag="240" ind1="1" ind2="0">
      <subfield code="a">La 100 de hectare cel puin 500-600 păsări</subfield>
      <subfield code="l">(magyar)</subfield>
    </datafield>
    <datafield tag="245" ind1="1" ind2="0">
      <subfield code="a">100 hektáronként legalább 500-600 szárnyast /</subfield>
      <subfield code="c">C. Bordeianu</subfield>
    </datafield>
    <datafield tag="260" ind1=" " ind2=" ">
      <subfield code="a">Bukarest :</subfield>
      <subfield code="b">Polit. Kiadó,</subfield>
      <subfield code="c">1962</subfield>
    </datafield>
    <datafield tag="300" ind1=" " ind2=" ">
      <subfield code="a">81 p. :</subfield>
      <subfield code="b">ill. ;</subfield>
      <subfield code="c">20 cm</subfield>
    </datafield>
    <datafield tag="852" ind1=" " ind2=" ">
      <subfield code="a">B1</subfield>
      <subfield code="b">B1</subfield>
      <subfield code="x">1385798</subfield>
    </datafield>
  </record>
  <record>
    <leader>00826aam  2200229 i 4500</leader>
    <controlfield tag="001">MOKKAZ0006227470  </controlfield>
    <controlfield tag="005">20100902104314.0</controlfield>
    <controlfield tag="008">940509t19771977hu c          000 0brus d</controlfield>
    <datafield tag="020" ind1=" " ind2=" ">
      <subfield code="a">78 01449 2* (fűzetlen)</subfield>
    </datafield>
    <datafield tag="035" ind1=" " ind2=" ">
      <subfield code="a">494804</subfield>
    </datafield>
    <datafield tag="040" ind1=" " ind2=" ">
      <subfield code="a">OSZK</subfield>
    </datafield>
    <datafield tag="041" ind1="0" ind2=" ">
      <subfield code="a">rusrus</subfield>
    </datafield>
    <datafield tag="245" ind1="1" ind2="0">
      <subfield code="a">100 /</subfield>
      <subfield code="c">[otvetstvennyj Laslo Gernadi] ; [izdatel' Obscestvo vengero-sovetskoj druzhby]</subfield>
    </datafield>
    <datafield tag="260" ind1=" " ind2=" ">
      <subfield code="a">[Budapest] :</subfield>
      <subfield code="b">Obscestvo vengero-sovetskoj druzhby,</subfield>
      <subfield code="c">1977</subfield>
      <subfield code="e">(Budapest</subfield>
      <subfield code="f">Tip. Interpress)</subfield>
    </datafield>
    <datafield tag="300" ind1=" " ind2=" ">
      <subfield code="a">24 t.lev. :</subfield>
      <subfield code="b">ill. ;</subfield>
      <subfield code="c">34 cm</subfield>
    </datafield>
    <datafield tag="506" ind1=" " ind2=" ">
      <subfield code="a">Füzetlenül</subfield>
      <subfield code="b">közös borítóban</subfield>
    </datafield>
    <datafield tag="600" ind1="1" ind2="4">
      <subfield code="a">Ady Endre</subfield>
      <subfield code="d">(1877-1919)</subfield>
    </datafield>
    <datafield tag="600" ind1="1" ind2="4">
      <subfield code="a">Ady Endre</subfield>
      <subfield code="d">(1877-1919)</subfield>
    </datafield>
    <datafield tag="600" ind1="1" ind2="4">
      <subfield code="a">Ady Endre</subfield>
      <subfield code="d">(1877-1919)</subfield>
      <subfield code="c">(költő, író, publicista)</subfield>
    </datafield>
    <datafield tag="700" ind1="1" ind2=" ">
      <subfield code="a">Hernádi László</subfield>
      <subfield code="4">(szerk.)</subfield>
    </datafield>
    <datafield tag="710" ind1="2" ind2=" ">
      <subfield code="a">Magyar-Szovjet Baráti Társaság</subfield>
      <subfield code="4">közread.</subfield>
    </datafield>
    <datafield tag="852" ind1=" " ind2=" ">
      <subfield code="a">B1</subfield>
      <subfield code="b">B1</subfield>
      <subfield code="x">494804</subfield>
    </datafield>
  </record>
  <record>
    <leader>00541cam  2200193u  4500</leader>
    <controlfield tag="001">MOKKAZ0004388195  </controlfield>
    <controlfield tag="005">20091201224449.0</controlfield>
    <controlfield tag="008">      s1977                        fre d</controlfield>
    <datafield tag="020" ind1=" " ind2=" ">
      <subfield code="a">2-7191-0042-0</subfield>
    </datafield>
    <datafield tag="035" ind1=" " ind2=" ">
      <subfield code="a">bibFSZ00234248</subfield>
    </datafield>
    <datafield tag="040" ind1=" " ind2=" ">
      <subfield code="a">FSZEK</subfield>
    </datafield>
    <datafield tag="041" ind1=" " ind2=" ">
      <subfield code="a">fre</subfield>
    </datafield>
    <datafield tag="080" ind1=" " ind2="0">
      <subfield code="a">908.449.45(084.12)</subfield>
    </datafield>
    <datafield tag="245" ind1="0" ind2="0">
      <subfield code="a">100 heures de visite en Corse /</subfield>
      <subfield code="c">[introd. par L. Larfillon]</subfield>
    </datafield>
    <datafield tag="260" ind1=" " ind2=" ">
      <subfield code="a">Paris :</subfield>
      <subfield code="b">Vilo,</subfield>
      <subfield code="c">1977</subfield>
    </datafield>
    <datafield tag="300" ind1=" " ind2=" ">
      <subfield code="a">14 p., 36 t. :</subfield>
      <subfield code="b">ill. ;</subfield>
      <subfield code="c">20 cm</subfield>
    </datafield>
    <datafield tag="651" ind1=" " ind2=" ">
      <subfield code="a">Korzika</subfield>
    </datafield>
    <datafield tag="700" ind1="1" ind2=" ">
      <subfield code="a">Larfillon, Léon</subfield>
      <subfield code="4">bev.</subfield>
    </datafield>
    <datafield tag="852" ind1=" " ind2=" ">
      <subfield code="a">B10</subfield>
      <subfield code="b">0801</subfield>
      <subfield code="x">bibFSZ00234248</subfield>
    </datafield>
  </record>
  <record>
    <leader>01334nam  2200385 i 4500</leader>
    <controlfield tag="001">MOKKAN0004029063  </controlfield>
    <controlfield tag="005">20071112151602.0</controlfield>
    <controlfield tag="008">061113 2006    hu            000   hun  </controlfield>
    <datafield tag="020" ind1=" " ind2=" ">
      <subfield code="a">963 13 5509 8 (fűzött)</subfield>
    </datafield>
    <datafield tag="035" ind1=" " ind2=" ">
      <subfield code="a">bibJAT00695073</subfield>
    </datafield>
    <datafield tag="040" ind1=" " ind2=" ">
      <subfield code="a">SZTE</subfield>
    </datafield>
    <datafield tag="100" ind1="1" ind2=" ">
      <subfield code="a">Kemp, Barry</subfield>
    </datafield>
    <datafield tag="240" ind1="1" ind2="0">
      <subfield code="a">100 hieroglyphs</subfield>
      <subfield code="l">(magyar)</subfield>
    </datafield>
    <datafield tag="245" ind1="1" ind2="0">
      <subfield code="a">100 hieroglifa :</subfield>
      <subfield code="b">a világ egyiptomi szemmel /</subfield>
      <subfield code="c">Barry Kemp ; [ford. Árokszállásy Zoltán] ; [ill. Andy Boyce ...]</subfield>
    </datafield>
    <datafield tag="260" ind1=" " ind2=" ">
      <subfield code="a">Budapest :</subfield>
      <subfield code="b">Corvina,</subfield>
      <subfield code="c">[2006]</subfield>
    </datafield>
    <datafield tag="300" ind1=" " ind2=" ">
      <subfield code="a">226 p. :</subfield>
      <subfield code="b">ill. ;</subfield>
      <subfield code="c">24 cm</subfield>
    </datafield>
    <datafield tag="650" ind1=" " ind2="7">
      <subfield code="a">Írás</subfield>
      <subfield code="x">egyiptomi</subfield>
      <subfield code="2">szte</subfield>
    </datafield>
    <datafield tag="650" ind1=" " ind2="7">
      <subfield code="a">Hieroglifák</subfield>
      <subfield code="x">óegyiptomi nyelv</subfield>
      <subfield code="2">szte</subfield>
    </datafield>
    <datafield tag="650" ind1=" " ind2="7">
      <subfield code="a">Művelődéstörténet</subfield>
      <subfield code="y">ókor</subfield>
      <subfield code="x">Egyiptom</subfield>
      <subfield code="2">szte</subfield>
    </datafield>
    <datafield tag="650" ind1=" " ind2="4">
      <subfield code="a">Egyiptomi nyelv</subfield>
      <subfield code="x">írás, hieroglifikus</subfield>
    </datafield>
    <datafield tag="650" ind1=" " ind2="0">
      <subfield code="a">Egyptian language</subfield>
      <subfield code="x">Writing, Hieroglyphic.</subfield>
    </datafield>
    <datafield tag="650" ind1=" " ind2="4">
      <subfield code="a">hieroglifa</subfield>
    </datafield>
    <datafield tag="650" ind1=" " ind2="4">
      <subfield code="a">művelődéstörténet</subfield>
    </datafield>
    <datafield tag="650" ind1=" " ind2="4">
      <subfield code="a">Óegyiptomi Birodalom</subfield>
    </datafield>
    <datafield tag="650" ind1=" " ind2="4">
      <subfield code="a">Hieroglifák</subfield>
    </datafield>
    <datafield tag="650" ind1=" " ind2="4">
      <subfield code="a">Egyiptom</subfield>
      <subfield code="x">Ókor</subfield>
      <subfield code="x">Művelődéstörténet</subfield>
    </datafield>
    <datafield tag="650" ind1=" " ind2="4">
      <subfield code="a">Művelődéstörténet</subfield>
      <subfield code="x">Ókor</subfield>
      <subfield code="x">Egyiptom</subfield>
    </datafield>
    <datafield tag="651" ind1=" " ind2="4">
      <subfield code="a">Egyiptom</subfield>
    </datafield>
    <datafield tag="700" ind1="1" ind2=" ">
      <subfield code="a">Árokszállásy Zoltán</subfield>
      <subfield code="d">(1947-)</subfield>
    </datafield>
    <datafield tag="700" ind1="1" ind2=" ">
      <subfield code="a">Boyce, Andy</subfield>
    </datafield>
    <datafield tag="852" ind1=" " ind2=" ">
      <subfield code="a">SZ1</subfield>
      <subfield code="b">SZ1/Z2</subfield>
      <subfield code="x">bibJAT00695073</subfield>
    </datafield>
    <datafield tag="852" ind1=" " ind2=" ">
      <subfield code="a">D1</subfield>
      <subfield code="b">D1</subfield>
      <subfield code="x">MOKKAN0004029063</subfield>
    </datafield>
    <datafield tag="852" ind1=" " ind2=" ">
      <subfield code="a">B10</subfield>
      <subfield code="b">B10</subfield>
      <subfield code="x">bibFSZ1274268</subfield>
    </datafield>
    <datafield tag="852" ind1=" " ind2=" ">
      <subfield code="a">SZO1</subfield>
      <subfield code="b">SZO1</subfield>
      <subfield code="x">150534298</subfield>
    </datafield>
    <datafield tag="852" ind1=" " ind2=" ">
      <subfield code="a">H1</subfield>
      <subfield code="b">H1</subfield>
      <subfield code="x">NLVK750947</subfield>
    </datafield>
  </record>
  <record>
    <leader>00527cam  2200193 i 4500</leader>
    <controlfield tag="001">MOKKAN0005029584  </controlfield>
    <controlfield tag="005">20071114092608.0</controlfield>
    <controlfield tag="008">070928s2005    hu a          00010 hun d</controlfield>
    <datafield tag="020" ind1=" " ind2=" ">
      <subfield code="a">963 13 5509 8</subfield>
    </datafield>
    <datafield tag="035" ind1=" " ind2=" ">
      <subfield code="a">237197</subfield>
    </datafield>
    <datafield tag="040" ind1=" " ind2=" ">
      <subfield code="a">MEKLM</subfield>
    </datafield>
    <datafield tag="041" ind1="1" ind2=" ">
      <subfield code="a">hun</subfield>
      <subfield code="h">eng</subfield>
    </datafield>
    <datafield tag="100" ind1="1" ind2=" ">
      <subfield code="a">Kemp, Barry J.</subfield>
    </datafield>
    <datafield tag="245" ind1="1" ind2="0">
      <subfield code="a">100 hieroglifa :</subfield>
      <subfield code="b">A világ egyiptomi szemmel /</subfield>
      <subfield code="c">Barry Kemp</subfield>
    </datafield>
    <datafield tag="260" ind1=" " ind2=" ">
      <subfield code="a">[Bp.] :</subfield>
      <subfield code="b">Corvina,</subfield>
      <subfield code="c">2005</subfield>
    </datafield>
    <datafield tag="300" ind1=" " ind2=" ">
      <subfield code="a">226 p. :</subfield>
      <subfield code="b">ill. ;</subfield>
      <subfield code="c">24 cm</subfield>
    </datafield>
    <datafield tag="650" ind1="0" ind2="4">
      <subfield code="a">egyiptomi hieroglifák</subfield>
    </datafield>
    <datafield tag="730" ind1="0" ind2=" ">
      <subfield code="a">100 hieroglyphs</subfield>
    </datafield>
    <datafield tag="852" ind1=" " ind2=" ">
      <subfield code="a">M1</subfield>
      <subfield code="b">M1</subfield>
      <subfield code="x">237197</subfield>
    </datafield>
  </record>
  <record>
    <leader>00918fam  2200253 i 4500</leader>
    <controlfield tag="001">MOKKAZ0006328742  </controlfield>
    <controlfield tag="005">20040915192715.0</controlfield>
    <controlfield tag="008">950703s1994    hu ac         000 0dhun d</controlfield>
    <datafield tag="020" ind1=" " ind2=" ">
      <subfield code="a">963-548-066-0 (kötött)</subfield>
    </datafield>
    <datafield tag="035" ind1=" " ind2=" ">
      <subfield code="a">136974</subfield>
    </datafield>
    <datafield tag="040" ind1=" " ind2=" ">
      <subfield code="a">OSZK</subfield>
    </datafield>
    <datafield tag="041" ind1="1" ind2=" ">
      <subfield code="a">hunhun</subfield>
      <subfield code="h">eng</subfield>
    </datafield>
    <datafield tag="100" ind1="1" ind2=" ">
      <subfield code="a">Hart, Michael H.</subfield>
    </datafield>
    <datafield tag="240" ind1="1" ind2="4">
      <subfield code="a">The 100 : a ranking of the most influential persons in history</subfield>
      <subfield code="l">(magyar)</subfield>
    </datafield>
    <datafield tag="245" ind1="1" ind2="0">
      <subfield code="a">100 híres ember : </subfield>
      <subfield code="b">a kezdetektől napjainkig /</subfield>
      <subfield code="c">Michael H. Hart ; [ford. Tóth Gábor et al.]</subfield>
    </datafield>
    <datafield tag="250" ind1=" " ind2=" ">
      <subfield code="a">2. kiad.</subfield>
    </datafield>
    <datafield tag="260" ind1=" " ind2=" ">
      <subfield code="a">Budapest :</subfield>
      <subfield code="b">M. Kvklub,</subfield>
      <subfield code="c">1994</subfield>
      <subfield code="e">([Budapest]</subfield>
      <subfield code="f">Omigraf)</subfield>
      <subfield code="f">Kossuth)</subfield>
    </datafield>
    <datafield tag="300" ind1=" " ind2=" ">
      <subfield code="a">360 p. :</subfield>
      <subfield code="b">ill. ;</subfield>
      <subfield code="c">25 cm</subfield>
    </datafield>
    <datafield tag="650" ind1="0" ind2="4">
      <subfield code="a">életrajzi lexikon</subfield>
      <subfield code="x">híres emberek</subfield>
    </datafield>
    <datafield tag="700" ind1="1" ind2=" ">
      <subfield code="a">Tóth Gábor</subfield>
      <subfield code="4">(ford.)</subfield>
    </datafield>
    <datafield tag="730" ind1="4" ind2=" ">
      <subfield code="a">The 100. A ranking of the most influential persons in history</subfield>
    </datafield>
    <datafield tag="852" ind1=" " ind2=" ">
      <subfield code="a">B1</subfield>
      <subfield code="b">B1</subfield>
      <subfield code="x">136974</subfield>
    </datafield>
    <datafield tag="852" ind1=" " ind2=" ">
      <subfield code="a">B10</subfield>
      <subfield code="B">1308</subfield>
      <subfield code="B">0401</subfield>
      <subfield code="B">1004</subfield>
      <subfield code="b">1501</subfield>
      <subfield code="x">bibFSZ00171805</subfield>
    </datafield>
    <datafield tag="852" ind1=" " ind2=" ">
      <subfield code="a">M1</subfield>
      <subfield code="b">M1</subfield>
      <subfield code="x">216018</subfield>
    </datafield>
  </record>
  <record>
    <leader>01018nam  2200325 i 4500</leader>
    <controlfield tag="001">MOKKAZ0003276357  </controlfield>
    <controlfield tag="005">20090919001303.0</controlfield>
    <controlfield tag="008">      s1994    hu ao         00010 hun d</controlfield>
    <datafield tag="020" ind1=" " ind2=" ">
      <subfield code="a">963 548 066 0</subfield>
    </datafield>
    <datafield tag="035" ind1=" " ind2=" ">
      <subfield code="a">bibKLT00059225</subfield>
    </datafield>
    <datafield tag="040" ind1=" " ind2=" ">
      <subfield code="a">DEENK</subfield>
    </datafield>
    <datafield tag="041" ind1="1" ind2=" ">
      <subfield code="a">hun</subfield>
      <subfield code="h">eng</subfield>
    </datafield>
    <datafield tag="080" ind1=" " ind2=" ">
      <subfield code="a">929 :</subfield>
    </datafield>
    <datafield tag="080" ind1=" " ind2=" ">
      <subfield code="a">930.8</subfield>
    </datafield>
    <datafield tag="100" ind1="1" ind2=" ">
      <subfield code="a">Hart, Michael H.</subfield>
    </datafield>
    <datafield tag="245" ind1="1" ind2="0">
      <subfield code="a">100 híres ember :</subfield>
      <subfield code="b">A kezdetektől napjainking /</subfield>
      <subfield code="c">Michael H. Hart ; [ford. Tóth Gábor et al.]</subfield>
    </datafield>
    <datafield tag="250" ind1=" " ind2=" ">
      <subfield code="a">2. kiad.</subfield>
    </datafield>
    <datafield tag="260" ind1="0" ind2=" ">
      <subfield code="a">Budapest :</subfield>
      <subfield code="b">Magyar Könyvklub,</subfield>
      <subfield code="c">1994</subfield>
    </datafield>
    <datafield tag="300" ind1=" " ind2=" ">
      <subfield code="a">359 p. :</subfield>
      <subfield code="b">ill. ;</subfield>
      <subfield code="c">24 cm</subfield>
    </datafield>
    <datafield tag="534" ind1=" " ind2=" ">
      <subfield code="p">A fordítás alapjául szolgáló mű:</subfield>
      <subfield code="t">The 100 : A ranking ot the most influential persons in history</subfield>
    </datafield>
    <datafield tag="650" ind1=" " ind2="4">
      <subfield code="a">Életrajz</subfield>
    </datafield>
    <datafield tag="650" ind1=" " ind2="4">
      <subfield code="a">Hírességek</subfield>
      <subfield code="x">életrajz</subfield>
    </datafield>
    <datafield tag="650" ind1=" " ind2="0">
      <subfield code="a">Biography.</subfield>
    </datafield>
    <datafield tag="650" ind1=" " ind2="0">
      <subfield code="a">Celebrities</subfield>
      <subfield code="x">Biography.</subfield>
    </datafield>
    <datafield tag="650" ind1=" " ind2="4">
      <subfield code="a">művelődéstörténet</subfield>
    </datafield>
    <datafield tag="650" ind1=" " ind2="4">
      <subfield code="a">életrajzok</subfield>
    </datafield>
    <datafield tag="700" ind1="1" ind2=" ">
      <subfield code="a">Tóth Gábor</subfield>
    </datafield>
    <datafield tag="852" ind1=" " ind2=" ">
      <subfield code="a">D1</subfield>
      <subfield code="b">D1</subfield>
      <subfield code="x">bibKLT00059225</subfield>
    </datafield>
    <datafield tag="852" ind1=" " ind2=" ">
      <subfield code="a">S1</subfield>
      <subfield code="b">S1</subfield>
      <subfield code="x">bibSEF00019880</subfield>
    </datafield>
    <datafield tag="852" ind1=" " ind2=" ">
      <subfield code="a">B8</subfield>
      <subfield code="b">B8</subfield>
      <subfield code="x">OGYK000116921</subfield>
    </datafield>
  </record>
  <record>
    <leader>00934fam  2200265 i 4500</leader>
    <controlfield tag="001">MOKKAZ0006320410  </controlfield>
    <controlfield tag="005">20040915191258.0</controlfield>
    <controlfield tag="008">941109s1994    hu o          000 0dhun d</controlfield>
    <datafield tag="020" ind1=" " ind2=" ">
      <subfield code="a">963-8289-27-9 (kötött)</subfield>
    </datafield>
    <datafield tag="035" ind1=" " ind2=" ">
      <subfield code="a">99738</subfield>
    </datafield>
    <datafield tag="040" ind1=" " ind2=" ">
      <subfield code="a">OSZK</subfield>
    </datafield>
    <datafield tag="041" ind1="1" ind2=" ">
      <subfield code="a">hunhun</subfield>
      <subfield code="h">eng</subfield>
    </datafield>
    <datafield tag="100" ind1="1" ind2=" ">
      <subfield code="a">Hart, Michael H.</subfield>
    </datafield>
    <datafield tag="240" ind1="1" ind2="4">
      <subfield code="a">The 100 : a ranking of the most influential persons in history</subfield>
      <subfield code="l">(magyar)</subfield>
    </datafield>
    <datafield tag="245" ind1="1" ind2="0">
      <subfield code="a">100 híres ember : </subfield>
      <subfield code="b">a kezdetektől napjainkig /</subfield>
      <subfield code="c">Michael H. Hart ; [ford. Tóth Gábor et al.]</subfield>
    </datafield>
    <datafield tag="260" ind1=" " ind2=" ">
      <subfield code="a">Budapest :</subfield>
      <subfield code="b">M. Kvklub,</subfield>
      <subfield code="c">1994</subfield>
      <subfield code="e">([Budapest]</subfield>
      <subfield code="f">Omigraf)</subfield>
      <subfield code="f">Kossuth)</subfield>
    </datafield>
    <datafield tag="300" ind1=" " ind2=" ">
      <subfield code="a">360 p. :</subfield>
      <subfield code="b">ill. ;</subfield>
      <subfield code="c">25 cm</subfield>
    </datafield>
    <datafield tag="650" ind1=" " ind2="4">
      <subfield code="a">életrajzok</subfield>
    </datafield>
    <datafield tag="700" ind1="1" ind2=" ">
      <subfield code="a">Tóth Gábor</subfield>
      <subfield code="4">(ford.)</subfield>
    </datafield>
    <datafield tag="852" ind1=" " ind2=" ">
      <subfield code="a">B1</subfield>
      <subfield code="b">B1</subfield>
      <subfield code="x">99738</subfield>
    </datafield>
    <datafield tag="852" ind1=" " ind2=" ">
      <subfield code="a">B10</subfield>
      <subfield code="B">0801</subfield>
      <subfield code="B">0601</subfield>
      <subfield code="B">0703</subfield>
      <subfield code="B">1704</subfield>
      <subfield code="B">1601</subfield>
      <subfield code="b">1602</subfield>
      <subfield code="x">bibFSZ00087463</subfield>
    </datafield>
    <datafield tag="852" ind1=" " ind2=" ">
      <subfield code="a">B11</subfield>
      <subfield code="b">B11</subfield>
      <subfield code="x">BMEOMIKK000100709</subfield>
    </datafield>
    <datafield tag="852" ind1=" " ind2=" ">
      <subfield code="a">P1</subfield>
      <subfield code="b">P1/SZ</subfield>
      <subfield code="x">bibJPT0015070</subfield>
    </datafield>
    <datafield tag="852" ind1=" " ind2=" ">
      <subfield code="a">BCS1</subfield>
      <subfield code="b">BCS1</subfield>
      <subfield code="x">bibBKO00192128</subfield>
    </datafield>
    <datafield tag="852" ind1=" " ind2=" ">
      <subfield code="a">H1</subfield>
      <subfield code="b">H1</subfield>
      <subfield code="x">NLVK445316</subfield>
    </datafield>
  </record>
  <record>
    <leader>01166nam  2200361 i 4500</leader>
    <controlfield tag="001">MOKKAS0003424060  </controlfield>
    <controlfield tag="005">20091021121808.0</controlfield>
    <controlfield tag="008">050713s1994                        hun d</controlfield>
    <datafield tag="020" ind1=" " ind2=" ">
      <subfield code="a">963-8289-27-9 (kötött) :</subfield>
      <subfield code="c">630,- Ft</subfield>
    </datafield>
    <datafield tag="035" ind1=" " ind2=" ">
      <subfield code="a">291915</subfield>
    </datafield>
    <datafield tag="040" ind1=" " ind2=" ">
      <subfield code="a">OIK</subfield>
    </datafield>
    <datafield tag="041" ind1="0" ind2=" ">
      <subfield code="a">hun</subfield>
    </datafield>
    <datafield tag="080" ind1=" " ind2=" ">
      <subfield code="a">92(100)(081)</subfield>
    </datafield>
    <datafield tag="080" ind1=" " ind2=" ">
      <subfield code="a">930.85(100)(092.1)</subfield>
    </datafield>
    <datafield tag="100" ind1="1" ind2=" ">
      <subfield code="a">Hart, Michael H.</subfield>
    </datafield>
    <datafield tag="240" ind1="1" ind2="4">
      <subfield code="a">The 100 : A ranking of the most influential persons in history (magyar)</subfield>
    </datafield>
    <datafield tag="245" ind1="1" ind2="0">
      <subfield code="a">100 híres ember : </subfield>
      <subfield code="b">A kezdetektől napjainkig /</subfield>
      <subfield code="c">Michael H. Hart ; [ford. Tóth Gábor et al.]</subfield>
    </datafield>
    <datafield tag="260" ind1=" " ind2=" ">
      <subfield code="a">Budapest :</subfield>
      <subfield code="b">Magyar Könyvklub,</subfield>
      <subfield code="c">1994</subfield>
    </datafield>
    <datafield tag="300" ind1=" " ind2=" ">
      <subfield code="a">360 p. :</subfield>
      <subfield code="b">ill. portrék ;</subfield>
      <subfield code="c">25 cm</subfield>
    </datafield>
    <datafield tag="650" ind1=" " ind2="4">
      <subfield code="a">Életrajz. Biográfia és rokon tudományok</subfield>
    </datafield>
    <datafield tag="650" ind1=" " ind2="4">
      <subfield code="a">Magyar nyelven</subfield>
    </datafield>
    <datafield tag="650" ind1=" " ind2="4">
      <subfield code="a">életrajz</subfield>
    </datafield>
    <datafield tag="650" ind1=" " ind2="4">
      <subfield code="a">híres ember</subfield>
    </datafield>
    <datafield tag="650" ind1=" " ind2="7">
      <subfield code="a">Híres emberek</subfield>
      <subfield code="x">életrajzi lexikon</subfield>
      <subfield code="2">szte</subfield>
    </datafield>
    <datafield tag="650" ind1=" " ind2="4">
      <subfield code="a">világtörténelem</subfield>
    </datafield>
    <datafield tag="650" ind1=" " ind2="4">
      <subfield code="a">életrajzok</subfield>
    </datafield>
    <datafield tag="852" ind1=" " ind2=" ">
      <subfield code="a">B14</subfield>
      <subfield code="b">B14</subfield>
      <subfield code="x">291915</subfield>
    </datafield>
    <datafield tag="852" ind1=" " ind2=" ">
      <subfield code="a">GY1</subfield>
      <subfield code="b">GY1</subfield>
      <subfield code="x">553826</subfield>
    </datafield>
    <datafield tag="852" ind1=" " ind2=" ">
      <subfield code="a">SZ4</subfield>
      <subfield code="b">SZ4</subfield>
      <subfield code="x">bibSOK00049047</subfield>
    </datafield>
    <datafield tag="852" ind1=" " ind2=" ">
      <subfield code="a">M2</subfield>
      <subfield code="b">M2</subfield>
      <subfield code="x">bibRFK00048280</subfield>
    </datafield>
    <datafield tag="852" ind1=" " ind2=" ">
      <subfield code="a">G1</subfield>
      <subfield code="b">G1</subfield>
      <subfield code="x">71414</subfield>
    </datafield>
    <datafield tag="852" ind1=" " ind2=" ">
      <subfield code="a">B14</subfield>
      <subfield code="b">B14</subfield>
      <subfield code="x">OIK291915</subfield>
    </datafield>
    <datafield tag="852" ind1=" " ind2=" ">
      <subfield code="a">B3</subfield>
      <subfield code="b">B3</subfield>
      <subfield code="x">000033970</subfield>
    </datafield>
  </record>
  <record>
    <leader>00739fam  2200217 i 4500</leader>
    <controlfield tag="001">MOKKAZ0006322760  </controlfield>
    <controlfield tag="005">20040915191409.0</controlfield>
    <controlfield tag="008">950201s1995    hu o          000 0dhun d</controlfield>
    <datafield tag="020" ind1=" " ind2=" ">
      <subfield code="a">963-548-124-1 (kötött)</subfield>
    </datafield>
    <datafield tag="035" ind1=" " ind2=" ">
      <subfield code="a">109957</subfield>
    </datafield>
    <datafield tag="040" ind1=" " ind2=" ">
      <subfield code="a">OSZK</subfield>
    </datafield>
    <datafield tag="041" ind1="1" ind2=" ">
      <subfield code="a">hunhun</subfield>
      <subfield code="h">eng</subfield>
    </datafield>
    <datafield tag="100" ind1="1" ind2=" ">
      <subfield code="a">Hart, Michael H.</subfield>
    </datafield>
    <datafield tag="240" ind1="1" ind2="4">
      <subfield code="a">The 100 : a ranking of the most influential persons in history</subfield>
      <subfield code="l">(magyar)</subfield>
    </datafield>
    <datafield tag="245" ind1="1" ind2="0">
      <subfield code="a">100 híres ember : </subfield>
      <subfield code="b">a kezdetektől napjainkig /</subfield>
      <subfield code="c">Michael H. Hart ; [ford. Tóth Gábor et al.]</subfield>
    </datafield>
    <datafield tag="250" ind1=" " ind2=" ">
      <subfield code="a">3. kiad.</subfield>
    </datafield>
    <datafield tag="260" ind1=" " ind2=" ">
      <subfield code="a">Budapest :</subfield>
      <subfield code="b">M. Kvklub,</subfield>
      <subfield code="c">1995</subfield>
      <subfield code="e">([Budapest]</subfield>
      <subfield code="f">Omigraf)</subfield>
      <subfield code="f">Kossuth)</subfield>
    </datafield>
    <datafield tag="300" ind1=" " ind2=" ">
      <subfield code="a">360 p. :</subfield>
      <subfield code="b">ill. ;</subfield>
      <subfield code="c">25 cm</subfield>
    </datafield>
    <datafield tag="700" ind1="1" ind2=" ">
      <subfield code="a">Tóth Gábor</subfield>
      <subfield code="4">(ford.)</subfield>
    </datafield>
    <datafield tag="852" ind1=" " ind2=" ">
      <subfield code="a">B1</subfield>
      <subfield code="b">B1</subfield>
      <subfield code="x">109957</subfield>
    </datafield>
    <datafield tag="852" ind1=" " ind2=" ">
      <subfield code="a">P1</subfield>
      <subfield code="b">P1/SZ</subfield>
      <subfield code="x">bibJPT0018989</subfield>
    </datafield>
  </record>
  <record>
    <leader>01114fam  2200313 i 4500</leader>
    <controlfield tag="001">MOKKAZ0006363982  </controlfield>
    <controlfield tag="005">20040915194621.0</controlfield>
    <controlfield tag="008">980609t19981994hu o          000 0dhun d</controlfield>
    <datafield tag="020" ind1=" " ind2=" ">
      <subfield code="a">963-548-739-8 (kötött)</subfield>
    </datafield>
    <datafield tag="035" ind1=" " ind2=" ">
      <subfield code="a">295882</subfield>
    </datafield>
    <datafield tag="040" ind1=" " ind2=" ">
      <subfield code="a">OSZK</subfield>
    </datafield>
    <datafield tag="041" ind1="1" ind2=" ">
      <subfield code="a">hunhun</subfield>
      <subfield code="h">eng</subfield>
    </datafield>
    <datafield tag="100" ind1="1" ind2=" ">
      <subfield code="a">Hart, Michael H.</subfield>
    </datafield>
    <datafield tag="240" ind1="1" ind2="4">
      <subfield code="a">The 100 : a ranking of the most influential persons in history</subfield>
      <subfield code="l">(magyar)</subfield>
    </datafield>
    <datafield tag="245" ind1="1" ind2="0">
      <subfield code="a">100 híres ember : </subfield>
      <subfield code="b">a kezdetektől napjainkig /</subfield>
      <subfield code="c">Michael H. Hart ; [ford. Tóth Gábor et al.]</subfield>
    </datafield>
    <datafield tag="260" ind1=" " ind2=" ">
      <subfield code="a">Budapest :</subfield>
      <subfield code="b">M. Kvklub,</subfield>
      <subfield code="c">1998, cop. 1994</subfield>
      <subfield code="e">([Budapest]</subfield>
      <subfield code="f">Omigraf)</subfield>
      <subfield code="e">(Gyula</subfield>
      <subfield code="f">Dürer)</subfield>
    </datafield>
    <datafield tag="300" ind1=" " ind2=" ">
      <subfield code="a">360 p. :</subfield>
      <subfield code="b">ill. ;</subfield>
      <subfield code="c">25 cm</subfield>
    </datafield>
    <datafield tag="650" ind1=" " ind2="4">
      <subfield code="a">Életrajz</subfield>
    </datafield>
    <datafield tag="650" ind1=" " ind2="4">
      <subfield code="a">Hírességek</subfield>
      <subfield code="x">életrajz</subfield>
    </datafield>
    <datafield tag="650" ind1=" " ind2="0">
      <subfield code="a">Biography.</subfield>
    </datafield>
    <datafield tag="650" ind1=" " ind2="0">
      <subfield code="a">Celebrities</subfield>
      <subfield code="x">Biography.</subfield>
    </datafield>
    <datafield tag="650" ind1="0" ind2="4">
      <subfield code="a">életrajzok</subfield>
      <subfield code="x">híres emberek</subfield>
    </datafield>
    <datafield tag="650" ind1="0" ind2="4">
      <subfield code="a">életrajzi lexikon</subfield>
      <subfield code="x">híres emberek</subfield>
    </datafield>
    <datafield tag="700" ind1="1" ind2=" ">
      <subfield code="a">Tóth Gábor</subfield>
      <subfield code="4">(ford.)</subfield>
    </datafield>
    <datafield tag="730" ind1="4" ind2=" ">
      <subfield code="a">The 100. A ranking of the most influential persons in history</subfield>
    </datafield>
    <datafield tag="852" ind1=" " ind2=" ">
      <subfield code="a">B1</subfield>
      <subfield code="b">B1</subfield>
      <subfield code="x">295882</subfield>
    </datafield>
    <datafield tag="852" ind1=" " ind2=" ">
      <subfield code="a">D1</subfield>
      <subfield code="b">D1</subfield>
      <subfield code="x">bibKLT00184974</subfield>
    </datafield>
    <datafield tag="852" ind1=" " ind2=" ">
      <subfield code="a">B10</subfield>
      <subfield code="B">0801</subfield>
      <subfield code="b">0401</subfield>
      <subfield code="x">bibFSZ00138226</subfield>
    </datafield>
    <datafield tag="852" ind1=" " ind2=" ">
      <subfield code="a">M1</subfield>
      <subfield code="b">M1</subfield>
      <subfield code="x">78769</subfield>
    </datafield>
  </record>
  <record>
    <leader>00898nam  2200301   4500</leader>
    <controlfield tag="001">MOKKAZ0004030797  </controlfield>
    <controlfield tag="005">20040910021504.0</controlfield>
    <controlfield tag="008">941118 1998    hu                  hun  </controlfield>
    <datafield tag="020" ind1=" " ind2=" ">
      <subfield code="a">963 548 739 8</subfield>
    </datafield>
    <datafield tag="035" ind1=" " ind2=" ">
      <subfield code="a">bibJAT00313572</subfield>
    </datafield>
    <datafield tag="040" ind1=" " ind2=" ">
      <subfield code="a">SZTE</subfield>
    </datafield>
    <datafield tag="100" ind1="1" ind2=" ">
      <subfield code="a">Hart, Michael H.</subfield>
    </datafield>
    <datafield tag="240" ind1="1" ind2="4">
      <subfield code="a">The 100</subfield>
      <subfield code="l">(magyar)</subfield>
    </datafield>
    <datafield tag="245" ind1="1" ind2="0">
      <subfield code="a">100 híres ember. A kezdetektől napjainkig /</subfield>
      <subfield code="c">Hart, Michael H.</subfield>
    </datafield>
    <datafield tag="260" ind1=" " ind2=" ">
      <subfield code="a">Budapest :</subfield>
      <subfield code="b">Magyar Könyvklub,</subfield>
      <subfield code="c">1998</subfield>
    </datafield>
    <datafield tag="300" ind1=" " ind2=" ">
      <subfield code="a">360 p. ;</subfield>
      <subfield code="c">24 cm.</subfield>
    </datafield>
    <datafield tag="650" ind1=" " ind2="7">
      <subfield code="a">Életrajzi lexikon</subfield>
      <subfield code="2">szte</subfield>
    </datafield>
    <datafield tag="650" ind1=" " ind2="7">
      <subfield code="a">Híres emberek</subfield>
      <subfield code="2">szte</subfield>
    </datafield>
    <datafield tag="650" ind1=" " ind2="4">
      <subfield code="a">híres ember</subfield>
    </datafield>
    <datafield tag="650" ind1=" " ind2="4">
      <subfield code="a">életrajz</subfield>
    </datafield>
    <datafield tag="650" ind1=" " ind2="4">
      <subfield code="a">életrajzok</subfield>
    </datafield>
    <datafield tag="650" ind1=" " ind2="7">
      <subfield code="a">Híres emberek</subfield>
      <subfield code="x">életrajzi lexikon</subfield>
      <subfield code="2">szte</subfield>
    </datafield>
    <datafield tag="852" ind1=" " ind2=" ">
      <subfield code="a">SZ1</subfield>
      <subfield code="b">SZ1</subfield>
      <subfield code="x">bibJAT00313572</subfield>
    </datafield>
    <datafield tag="852" ind1=" " ind2=" ">
      <subfield code="a">GY1</subfield>
      <subfield code="b">GY1</subfield>
      <subfield code="x">385166</subfield>
    </datafield>
    <datafield tag="852" ind1=" " ind2=" ">
      <subfield code="a">BCS1</subfield>
      <subfield code="b">BCS1</subfield>
      <subfield code="x">bibBKO00220673</subfield>
    </datafield>
    <datafield tag="852" ind1=" " ind2=" ">
      <subfield code="a">ST1</subfield>
      <subfield code="b">ST1</subfield>
      <subfield code="x">bibBBM84091</subfield>
    </datafield>
    <datafield tag="852" ind1=" " ind2=" ">
      <subfield code="a">SZ4</subfield>
      <subfield code="b">SZ4</subfield>
      <subfield code="x">bibSOK00003063</subfield>
    </datafield>
    <datafield tag="852" ind1=" " ind2=" ">
      <subfield code="a">G1</subfield>
      <subfield code="b">G1</subfield>
      <subfield code="x">71418</subfield>
    </datafield>
  </record>
  <record>
    <leader>00701fam  2200205 i 4500</leader>
    <controlfield tag="001">MOKKAZ0006457390  </controlfield>
    <controlfield tag="005">20040915203543.0</controlfield>
    <controlfield tag="008">030327s2003    hu ao         000 0dhun d</controlfield>
    <datafield tag="020" ind1=" " ind2=" ">
      <subfield code="a">963-547-820-8 (kötött)</subfield>
    </datafield>
    <datafield tag="035" ind1=" " ind2=" ">
      <subfield code="a">960827</subfield>
    </datafield>
    <datafield tag="040" ind1=" " ind2=" ">
      <subfield code="a">OSZK</subfield>
    </datafield>
    <datafield tag="041" ind1="1" ind2=" ">
      <subfield code="a">hunhun</subfield>
      <subfield code="h">eng</subfield>
    </datafield>
    <datafield tag="100" ind1="1" ind2=" ">
      <subfield code="a">Hart, Michael H.</subfield>
    </datafield>
    <datafield tag="240" ind1="1" ind2="4">
      <subfield code="a">The 100 : a ranking of the most influential persons in history</subfield>
      <subfield code="l">(magyar)</subfield>
    </datafield>
    <datafield tag="245" ind1="1" ind2="0">
      <subfield code="a">100 híres ember : </subfield>
      <subfield code="b">a kezdetektől napjainkig /</subfield>
      <subfield code="c">Michael H. Hart ; [ford. Tóth Gábor et al.]</subfield>
    </datafield>
    <datafield tag="260" ind1=" " ind2=" ">
      <subfield code="a">Budapest :</subfield>
      <subfield code="b">M. Kvklub,</subfield>
      <subfield code="c">2003</subfield>
      <subfield code="e">(Gyula</subfield>
      <subfield code="f">Dürer)</subfield>
    </datafield>
    <datafield tag="300" ind1=" " ind2=" ">
      <subfield code="a">360 p. :</subfield>
      <subfield code="b">ill. ;</subfield>
      <subfield code="c">25 cm</subfield>
    </datafield>
    <datafield tag="700" ind1="1" ind2=" ">
      <subfield code="a">Tóth Gábor</subfield>
      <subfield code="4">(ford.)</subfield>
    </datafield>
    <datafield tag="852" ind1=" " ind2=" ">
      <subfield code="a">B1</subfield>
      <subfield code="b">B1</subfield>
      <subfield code="x">960827</subfield>
    </datafield>
    <datafield tag="852" ind1=" " ind2=" ">
      <subfield code="a">B11</subfield>
      <subfield code="b">B11</subfield>
      <subfield code="x">BMEOMIKK000443836</subfield>
    </datafield>
  </record>
  <record>
    <leader>01071fam  2200337 i 4500</leader>
    <controlfield tag="001">MOKKAZ0003733427  </controlfield>
    <controlfield tag="005">20100921155726.0</controlfield>
    <controlfield tag="008">      s2002    hu                  hun d</controlfield>
    <datafield tag="020" ind1=" " ind2=" ">
      <subfield code="a">963-547-820-8 (kötött)</subfield>
    </datafield>
    <datafield tag="035" ind1=" " ind2=" ">
      <subfield code="a">bibFSZ833837</subfield>
    </datafield>
    <datafield tag="040" ind1=" " ind2=" ">
      <subfield code="a">DEENK</subfield>
    </datafield>
    <datafield tag="080" ind1=" " ind2="0">
      <subfield code="a">929(100)(031)</subfield>
    </datafield>
    <datafield tag="100" ind1="1" ind2=" ">
      <subfield code="a">Hart, Michael H.</subfield>
    </datafield>
    <datafield tag="245" ind1="1" ind2="0">
      <subfield code="a">100 híres ember :</subfield>
      <subfield code="b">a kezdetektől napjainkig /</subfield>
      <subfield code="c">Michael H. Hart ; [ford. Tóth Gábor et al.]</subfield>
    </datafield>
    <datafield tag="260" ind1=" " ind2=" ">
      <subfield code="a">Budapest :</subfield>
      <subfield code="b">Magyar Könyvklub,</subfield>
      <subfield code="c">2003 [!2002]</subfield>
    </datafield>
    <datafield tag="300" ind1=" " ind2=" ">
      <subfield code="a">360 p. :</subfield>
      <subfield code="b">ill. ;</subfield>
      <subfield code="c">25 cm</subfield>
    </datafield>
    <datafield tag="650" ind1=" " ind2="0">
      <subfield code="a">Biography.</subfield>
    </datafield>
    <datafield tag="650" ind1=" " ind2="0">
      <subfield code="a">Celebrities</subfield>
      <subfield code="x">Biography.</subfield>
    </datafield>
    <datafield tag="650" ind1=" " ind2="4">
      <subfield code="a">Életrajz</subfield>
    </datafield>
    <datafield tag="650" ind1=" " ind2="4">
      <subfield code="a">Hírességek</subfield>
      <subfield code="x">életrajz</subfield>
    </datafield>
    <datafield tag="650" ind1=" " ind2="4">
      <subfield code="a">Híres emberek</subfield>
      <subfield code="x">Életrajzok</subfield>
    </datafield>
    <datafield tag="695" ind1=" " ind2=" ">
      <subfield code="a">Lexikon, életrajzi</subfield>
    </datafield>
    <datafield tag="695" ind1=" " ind2=" ">
      <subfield code="a">Híres emberek</subfield>
    </datafield>
    <datafield tag="695" ind1=" " ind2=" ">
      <subfield code="a">Életrajz</subfield>
    </datafield>
    <datafield tag="695" ind1=" " ind2=" ">
      <subfield code="a">Hírességek</subfield>
      <subfield code="x">életrajz</subfield>
    </datafield>
    <datafield tag="700" ind1="1" ind2=" ">
      <subfield code="a">Tóth Gábor</subfield>
      <subfield code="4">ford.</subfield>
    </datafield>
    <datafield tag="852" ind1=" " ind2=" ">
      <subfield code="a">D1</subfield>
      <subfield code="b">D1</subfield>
      <subfield code="x">bibFSZ833837</subfield>
    </datafield>
    <datafield tag="852" ind1=" " ind2=" ">
      <subfield code="a">B10</subfield>
      <subfield code="B">1501</subfield>
      <subfield code="B">0401</subfield>
      <subfield code="B">0403</subfield>
      <subfield code="B">0602</subfield>
      <subfield code="B">1305</subfield>
      <subfield code="b">1307</subfield>
      <subfield code="x">bibFSZ833837</subfield>
    </datafield>
    <datafield tag="852" ind1=" " ind2=" ">
      <subfield code="a">P1</subfield>
      <subfield code="x">bibFSZ833837</subfield>
    </datafield>
    <datafield tag="852" ind1=" " ind2=" ">
      <subfield code="a">H1</subfield>
      <subfield code="b">H1</subfield>
      <subfield code="x">NLVK338259</subfield>
    </datafield>
    <datafield tag="852" ind1=" " ind2=" ">
      <subfield code="a">B11</subfield>
      <subfield code="b">B11</subfield>
      <subfield code="x">BMEOMIKK000443836</subfield>
    </datafield>
  </record>
  <record>
    <leader>01563fam  2200457 i 4500</leader>
    <controlfield tag="001">MOKKAZ0006348889  </controlfield>
    <controlfield tag="005">20091024191108.0</controlfield>
    <controlfield tag="008">970529s1997    hu a          001 0dhun d</controlfield>
    <datafield tag="020" ind1=" " ind2=" ">
      <subfield code="a">963-85726-1-2 (fűzött) :</subfield>
      <subfield code="c">1200,- Ft</subfield>
    </datafield>
    <datafield tag="035" ind1=" " ind2=" ">
      <subfield code="a">233068</subfield>
    </datafield>
    <datafield tag="040" ind1=" " ind2=" ">
      <subfield code="a">OSZK</subfield>
    </datafield>
    <datafield tag="041" ind1="0" ind2=" ">
      <subfield code="a">hunhun</subfield>
    </datafield>
    <datafield tag="080" ind1=" " ind2=" ">
      <subfield code="a">794.1(100)(092)</subfield>
    </datafield>
    <datafield tag="100" ind1="1" ind2=" ">
      <subfield code="a">Papp Márió</subfield>
      <subfield code="d">(1948-)</subfield>
    </datafield>
    <datafield tag="245" ind1="1" ind2="0">
      <subfield code="a">100 híres ember 100 sakkjátszmája /</subfield>
      <subfield code="c">Papp Márió</subfield>
    </datafield>
    <datafield tag="260" ind1=" " ind2=" ">
      <subfield code="a">Budapest :</subfield>
      <subfield code="b">Palatinus,</subfield>
      <subfield code="c">1997</subfield>
      <subfield code="e">([S.l.]</subfield>
      <subfield code="f">BeJut Kkt.)</subfield>
      <subfield code="f">Petró-Land)</subfield>
    </datafield>
    <datafield tag="300" ind1=" " ind2=" ">
      <subfield code="a">306, [3] p. :</subfield>
      <subfield code="b">ill. ;</subfield>
      <subfield code="c">20 cm</subfield>
    </datafield>
    <datafield tag="650" ind1=" " ind2="4">
      <subfield code="a">Sakk</subfield>
      <subfield code="x">játékgyűjtemények</subfield>
    </datafield>
    <datafield tag="650" ind1=" " ind2="0">
      <subfield code="a">Chess</subfield>
      <subfield code="x">Collections of games.</subfield>
    </datafield>
    <datafield tag="650" ind1=" " ind2="7">
      <subfield code="a">Sakk</subfield>
      <subfield code="x">művelődéstörténet</subfield>
      <subfield code="2">szte</subfield>
    </datafield>
    <datafield tag="650" ind1=" " ind2="7">
      <subfield code="a">Híres emberek</subfield>
      <subfield code="x">sakk</subfield>
      <subfield code="2">szte</subfield>
    </datafield>
    <datafield tag="650" ind1=" " ind2="4">
      <subfield code="a">sakk</subfield>
    </datafield>
    <datafield tag="650" ind1=" " ind2="4">
      <subfield code="a">Sakk</subfield>
      <subfield code="x">Játszmagyűjtemény</subfield>
    </datafield>
    <datafield tag="650" ind1=" " ind2="4">
      <subfield code="a">Sakk</subfield>
      <subfield code="x">Történet 9-20. sz.</subfield>
    </datafield>
    <datafield tag="650" ind1=" " ind2="4">
      <subfield code="a">Játszmagyűjtemény</subfield>
    </datafield>
    <datafield tag="650" ind1=" " ind2="4">
      <subfield code="a">Történet 9-20. sz.</subfield>
    </datafield>
    <datafield tag="650" ind1=" " ind2="4">
      <subfield code="a">híres emberek</subfield>
    </datafield>
    <datafield tag="650" ind1=" " ind2="4">
      <subfield code="a">játszmagyűjtemények</subfield>
    </datafield>
    <datafield tag="852" ind1=" " ind2=" ">
      <subfield code="a">B1</subfield>
      <subfield code="b">B1</subfield>
      <subfield code="x">233068</subfield>
    </datafield>
    <datafield tag="852" ind1=" " ind2=" ">
      <subfield code="a">D1</subfield>
      <subfield code="b">D1</subfield>
      <subfield code="x">233068</subfield>
    </datafield>
    <datafield tag="852" ind1=" " ind2=" ">
      <subfield code="a">SZ1</subfield>
      <subfield code="b">SZ1</subfield>
      <subfield code="x">bibJAT00276699</subfield>
    </datafield>
    <datafield tag="852" ind1=" " ind2=" ">
      <subfield code="a">B2</subfield>
      <subfield code="b">B2</subfield>
      <subfield code="x">26606</subfield>
    </datafield>
    <datafield tag="852" ind1=" " ind2=" ">
      <subfield code="a">B10</subfield>
      <subfield code="B">0801</subfield>
      <subfield code="B">1803</subfield>
      <subfield code="B">1901</subfield>
      <subfield code="B">2002</subfield>
      <subfield code="B">2101</subfield>
      <subfield code="B">2301</subfield>
      <subfield code="B">0901</subfield>
      <subfield code="B">0902</subfield>
      <subfield code="B">1308</subfield>
      <subfield code="B">0401</subfield>
      <subfield code="B">0502</subfield>
      <subfield code="B">0403</subfield>
      <subfield code="B">1105</subfield>
      <subfield code="B">2203</subfield>
      <subfield code="B">0204</subfield>
      <subfield code="B">0305</subfield>
      <subfield code="B">1003</subfield>
      <subfield code="B">1004</subfield>
      <subfield code="B">1404</subfield>
      <subfield code="b">1702</subfield>
      <subfield code="x">bibFSZ00112233</subfield>
    </datafield>
    <datafield tag="852" ind1=" " ind2=" ">
      <subfield code="a">P1</subfield>
      <subfield code="b">P1</subfield>
      <subfield code="x">bibFSZ00112233</subfield>
    </datafield>
    <datafield tag="852" ind1=" " ind2=" ">
      <subfield code="a">SZ4</subfield>
      <subfield code="b">SZ4</subfield>
      <subfield code="x">bibJAT00276699</subfield>
    </datafield>
    <datafield tag="852" ind1=" " ind2=" ">
      <subfield code="a">BCS1</subfield>
      <subfield code="b">BCS1</subfield>
      <subfield code="x">bibBKO00203297</subfield>
    </datafield>
    <datafield tag="852" ind1=" " ind2=" ">
      <subfield code="a">SZK1</subfield>
      <subfield code="b">SZK1</subfield>
      <subfield code="x">bibTMK144224</subfield>
    </datafield>
    <datafield tag="852" ind1=" " ind2=" ">
      <subfield code="a">H1</subfield>
      <subfield code="b">H1</subfield>
      <subfield code="x">NLVK370960</subfield>
    </datafield>
    <datafield tag="852" ind1=" " ind2=" ">
      <subfield code="a">SZL1</subfield>
      <subfield code="b">SZL1</subfield>
      <subfield code="x">bibVFK00189809</subfield>
    </datafield>
    <datafield tag="852" ind1=" " ind2=" ">
      <subfield code="a">M2</subfield>
      <subfield code="b">M2</subfield>
      <subfield code="x">bibRFK00034392</subfield>
    </datafield>
    <datafield tag="852" ind1=" " ind2=" ">
      <subfield code="a">B3</subfield>
      <subfield code="b">B3</subfield>
      <subfield code="x">000156243</subfield>
    </datafield>
  </record>
  <record>
    <leader>01046nam  2200325 i 4500</leader>
    <controlfield tag="001">MOKKAN0004212220  </controlfield>
    <controlfield tag="005">20080725160300.0</controlfield>
    <controlfield tag="008">061025s2006    hu ao         00000dhun d</controlfield>
    <datafield tag="020" ind1=" " ind2=" ">
      <subfield code="a">963-679-472-3 (kötött)</subfield>
    </datafield>
    <datafield tag="020" ind1=" " ind2=" ">
      <subfield code="a">963 679 472 3</subfield>
    </datafield>
    <datafield tag="035" ind1=" " ind2=" ">
      <subfield code="a">000002629812</subfield>
    </datafield>
    <datafield tag="040" ind1=" " ind2=" ">
      <subfield code="a">DEENK</subfield>
    </datafield>
    <datafield tag="041" ind1="1" ind2=" ">
      <subfield code="a">hun</subfield>
      <subfield code="h">eng</subfield>
    </datafield>
    <datafield tag="100" ind1="1" ind2=" ">
      <subfield code="a">Gerlings, Charlotte</subfield>
    </datafield>
    <datafield tag="240" ind1="1" ind2="0">
      <subfield code="a">100 great artists</subfield>
      <subfield code="l">(magyar)</subfield>
    </datafield>
    <datafield tag="245" ind1="1" ind2="0">
      <subfield code="a">100 híres festőművész :</subfield>
      <subfield code="b">kalandozás a képek világában Fra Angelicótól[!] Andy Warholig /</subfield>
      <subfield code="c">[Charlotte Gerlings] ; [ford. Sándor Petra]</subfield>
    </datafield>
    <datafield tag="260" ind1=" " ind2=" ">
      <subfield code="a">[Debrecen] :</subfield>
      <subfield code="b">Aquila,</subfield>
      <subfield code="c">2006</subfield>
    </datafield>
    <datafield tag="300" ind1=" " ind2=" ">
      <subfield code="a">208 p. :</subfield>
      <subfield code="b">ill., színes ;</subfield>
      <subfield code="c">29 cm</subfield>
    </datafield>
    <datafield tag="650" ind1=" " ind2="4">
      <subfield code="a">Festészet, európai</subfield>
    </datafield>
    <datafield tag="650" ind1=" " ind2="4">
      <subfield code="a">Festőművészek</subfield>
      <subfield code="z">Európa</subfield>
    </datafield>
    <datafield tag="650" ind1=" " ind2="0">
      <subfield code="a">Painting, European.</subfield>
    </datafield>
    <datafield tag="650" ind1=" " ind2="0">
      <subfield code="a">Painters</subfield>
      <subfield code="z">Europe.</subfield>
    </datafield>
    <datafield tag="650" ind1=" " ind2="4">
      <subfield code="a">Festészet</subfield>
      <subfield code="x">Történet</subfield>
    </datafield>
    <datafield tag="653" ind1=" " ind2=" ">
      <subfield code="a">festészet</subfield>
    </datafield>
    <datafield tag="653" ind1=" " ind2=" ">
      <subfield code="a">művészeti album</subfield>
    </datafield>
    <datafield tag="653" ind1=" " ind2=" ">
      <subfield code="a">művészettörténet</subfield>
    </datafield>
    <datafield tag="700" ind1="1" ind2=" ">
      <subfield code="a">Sándor Petra</subfield>
      <subfield code="4">ford.</subfield>
    </datafield>
    <datafield tag="852" ind1=" " ind2=" ">
      <subfield code="a">H1</subfield>
      <subfield code="b">H1</subfield>
      <subfield code="x">NLVK827255</subfield>
    </datafield>
    <datafield tag="852" ind1=" " ind2=" ">
      <subfield code="a">D1</subfield>
      <subfield code="b">D1</subfield>
      <subfield code="x">000002629812</subfield>
    </datafield>
    <datafield tag="852" ind1=" " ind2=" ">
      <subfield code="a">B9</subfield>
      <subfield code="b">B9</subfield>
      <subfield code="x">653350</subfield>
    </datafield>
  </record>
  <record>
    <leader>00512nam  2200193 i 4500</leader>
    <controlfield tag="001">MOKKAS0003287204  </controlfield>
    <controlfield tag="005">20060603063816.0</controlfield>
    <controlfield tag="008">050101s                                d</controlfield>
    <datafield tag="035" ind1=" " ind2=" ">
      <subfield code="a">340550</subfield>
    </datafield>
    <datafield tag="040" ind1=" " ind2=" ">
      <subfield code="a">KKMK</subfield>
    </datafield>
    <datafield tag="245" ind1="0" ind2="0">
      <subfield code="a">100 híres regény</subfield>
    </datafield>
    <datafield tag="852" ind1=" " ind2=" ">
      <subfield code="a">GY1</subfield>
      <subfield code="b">GY1</subfield>
      <subfield code="x">340550</subfield>
    </datafield>
    <datafield tag="852" ind1=" " ind2=" ">
      <subfield code="a">M2</subfield>
      <subfield code="b">M2</subfield>
      <subfield code="x">bibRFK00126727</subfield>
    </datafield>
    <datafield tag="852" ind1=" " ind2=" ">
      <subfield code="a">M2</subfield>
      <subfield code="b">M2</subfield>
      <subfield code="x">bibRFK00126845</subfield>
    </datafield>
    <datafield tag="852" ind1=" " ind2=" ">
      <subfield code="a">M2</subfield>
      <subfield code="b">M2</subfield>
      <subfield code="x">bibRFK00132337</subfield>
    </datafield>
    <datafield tag="852" ind1=" " ind2=" ">
      <subfield code="a">M2</subfield>
      <subfield code="b">M2</subfield>
      <subfield code="x">bibRFK00132703</subfield>
    </datafield>
    <datafield tag="852" ind1=" " ind2=" ">
      <subfield code="a">M2</subfield>
      <subfield code="b">M2</subfield>
      <subfield code="x">bibRFK00132704</subfield>
    </datafield>
    <datafield tag="852" ind1=" " ind2=" ">
      <subfield code="a">GY1</subfield>
      <subfield code="b">GY1</subfield>
      <subfield code="x">290818</subfield>
    </datafield>
    <datafield tag="852" ind1=" " ind2=" ">
      <subfield code="a">GY1</subfield>
      <subfield code="b">GY1</subfield>
      <subfield code="x">294502</subfield>
    </datafield>
  </record>
  <record>
    <leader>00320nam  2200121 ir4500</leader>
    <controlfield tag="001">MOKKAS0001387029  </controlfield>
    <controlfield tag="005">20060113094439.0</controlfield>
    <controlfield tag="008">050903s1960    hu            00010 hun d</controlfield>
    <datafield tag="035" ind1=" " ind2=" ">
      <subfield code="a">bibVFK00125116</subfield>
    </datafield>
    <datafield tag="040" ind1=" " ind2=" ">
      <subfield code="a">VFMK</subfield>
    </datafield>
    <datafield tag="245" ind1="0" ind2="0">
      <subfield code="a">100 híres regény /</subfield>
      <subfield code="c">szerk. Lutter Tibor et al.</subfield>
    </datafield>
    <datafield tag="260" ind1=" " ind2=" ">
      <subfield code="c">1960</subfield>
    </datafield>
    <datafield tag="852" ind1=" " ind2=" ">
      <subfield code="a">SZL1</subfield>
      <subfield code="b">SZL1</subfield>
      <subfield code="x">bibVFK00125116</subfield>
    </datafield>
  </record>
  <record>
    <leader>00491nam  2200169  r4500</leader>
    <controlfield tag="001">MOKKAS0002198378  </controlfield>
    <controlfield tag="005">20060525203730.0</controlfield>
    <controlfield tag="008">921222 1960    hu                  hun  </controlfield>
    <datafield tag="020" ind1=" " ind2=" ">
      <subfield code="a">(Kötött)</subfield>
    </datafield>
    <datafield tag="035" ind1=" " ind2=" ">
      <subfield code="a">bibSOK00050039</subfield>
    </datafield>
    <datafield tag="040" ind1=" " ind2=" ">
      <subfield code="a">SK</subfield>
    </datafield>
    <datafield tag="245" ind1="0" ind2="0">
      <subfield code="a">100 híres regény /</subfield>
      <subfield code="c">[szerk... Lutter Tibor ... et al.]</subfield>
    </datafield>
    <datafield tag="260" ind1=" " ind2=" ">
      <subfield code="a">Bp. :</subfield>
      <subfield code="b">Táncsics,</subfield>
      <subfield code="c">1960</subfield>
    </datafield>
    <datafield tag="300" ind1=" " ind2=" ">
      <subfield code="a">2 db ;</subfield>
      <subfield code="c">20 cm</subfield>
    </datafield>
    <datafield tag="695" ind1=" " ind2=" ">
      <subfield code="a">Irodalomtörténet</subfield>
      <subfield code="x">cselekményösszefoglaló</subfield>
      <subfield code="y">20. sz.</subfield>
    </datafield>
    <datafield tag="695" ind1=" " ind2=" ">
      <subfield code="a">xxx</subfield>
    </datafield>
    <datafield tag="852" ind1=" " ind2=" ">
      <subfield code="a">SZ4</subfield>
      <subfield code="b">SZ4</subfield>
      <subfield code="x">bibSOK00050039</subfield>
    </datafield>
  </record>
  <record>
    <leader>00342nam  2200133 i 4500</leader>
    <controlfield tag="001">MOKKAS0001509861  </controlfield>
    <controlfield tag="005">20060113210525.0</controlfield>
    <controlfield tag="008">050903s1971    hu            00010 hun d</controlfield>
    <datafield tag="035" ind1=" " ind2=" ">
      <subfield code="a">bibVFK00203338</subfield>
    </datafield>
    <datafield tag="040" ind1=" " ind2=" ">
      <subfield code="a">VFMK</subfield>
    </datafield>
    <datafield tag="245" ind1="0" ind2="0">
      <subfield code="a">100 híres regény 2., köt</subfield>
    </datafield>
    <datafield tag="260" ind1=" " ind2=" ">
      <subfield code="c">1971</subfield>
    </datafield>
    <datafield tag="852" ind1=" " ind2=" ">
      <subfield code="a">SZL1</subfield>
      <subfield code="b">SZL1</subfield>
      <subfield code="x">bibVFK00203338</subfield>
    </datafield>
    <datafield tag="852" ind1=" " ind2=" ">
      <subfield code="a">SZL1</subfield>
      <subfield code="b">SZL1</subfield>
      <subfield code="x">bibVFK00203334</subfield>
    </datafield>
  </record>
  <record>
    <leader>00514nam  2200181 ir4500</leader>
    <controlfield tag="001">MOKKAS0002432667  </controlfield>
    <controlfield tag="005">20060617114746.0</controlfield>
    <controlfield tag="008">010724s1971    hu               10 hun d</controlfield>
    <datafield tag="035" ind1=" " ind2=" ">
      <subfield code="a">bibBBM149232</subfield>
    </datafield>
    <datafield tag="040" ind1=" " ind2=" ">
      <subfield code="a">BBMK</subfield>
    </datafield>
    <datafield tag="245" ind1="0" ind2="0">
      <subfield code="a">100 híres regény /</subfield>
      <subfield code="c">[szerk biz. Török Endre, Mihályi Gábor, Walkó György]</subfield>
    </datafield>
    <datafield tag="250" ind1=" " ind2=" ">
      <subfield code="a">2. átd. kiad.</subfield>
    </datafield>
    <datafield tag="260" ind1=" " ind2=" ">
      <subfield code="a">Budapest :</subfield>
      <subfield code="b">Táncsics Kvk. ;</subfield>
      <subfield code="c">1971</subfield>
    </datafield>
    <datafield tag="300" ind1=" " ind2=" ">
      <subfield code="c">20 cm</subfield>
    </datafield>
    <datafield tag="650" ind1=" " ind2="4">
      <subfield code="a">Életrajz</subfield>
    </datafield>
    <datafield tag="650" ind1=" " ind2="4">
      <subfield code="a">Irodalmi elemzés</subfield>
    </datafield>
    <datafield tag="650" ind1=" " ind2="4">
      <subfield code="a">Regény</subfield>
    </datafield>
    <datafield tag="852" ind1=" " ind2=" ">
      <subfield code="a">ST1</subfield>
      <subfield code="b">ST1</subfield>
      <subfield code="x">bibBBM149232</subfield>
    </datafield>
  </record>
  <record>
    <leader>00317nam  2200121 ir4500</leader>
    <controlfield tag="001">MOKKAS0001243511  </controlfield>
    <controlfield tag="005">20060112163850.0</controlfield>
    <controlfield tag="008">      s1973    hu            00010 hun d</controlfield>
    <datafield tag="035" ind1=" " ind2=" ">
      <subfield code="a">bibRFK00029278</subfield>
    </datafield>
    <datafield tag="040" ind1=" " ind2=" ">
      <subfield code="a">RFMK</subfield>
    </datafield>
    <datafield tag="245" ind1="0" ind2="0">
      <subfield code="a">100 híres regény</subfield>
    </datafield>
    <datafield tag="260" ind1=" " ind2=" ">
      <subfield code="a">Budapest :</subfield>
      <subfield code="b">Táncsics Kiadó,</subfield>
      <subfield code="c">1973</subfield>
    </datafield>
    <datafield tag="852" ind1=" " ind2=" ">
      <subfield code="a">M2</subfield>
      <subfield code="b">M2</subfield>
      <subfield code="x">bibRFK00029278</subfield>
    </datafield>
  </record>
  <record>
    <leader>00856nam  22002655ir4500</leader>
    <controlfield tag="001">MOKKAZ0003268471  </controlfield>
    <controlfield tag="005">20090521191333.0</controlfield>
    <controlfield tag="008">94126 m1971    hu              0   hun d</controlfield>
    <datafield tag="035" ind1=" " ind2=" ">
      <subfield code="a">csiKLT00029194</subfield>
    </datafield>
    <datafield tag="040" ind1=" " ind2=" ">
      <subfield code="a">DEENK</subfield>
    </datafield>
    <datafield tag="245" ind1="0" ind2="0">
      <subfield code="a">100 híres regény /</subfield>
      <subfield code="c">[szerk. Apostol András et al.]</subfield>
    </datafield>
    <datafield tag="250" ind1=" " ind2=" ">
      <subfield code="a">2., átdolg. kiad.</subfield>
    </datafield>
    <datafield tag="260" ind1=" " ind2=" ">
      <subfield code="a">Budapest :</subfield>
      <subfield code="b">Táncscics,</subfield>
      <subfield code="c">1971</subfield>
    </datafield>
    <datafield tag="300" ind1=" " ind2=" ">
      <subfield code="c">19 cm</subfield>
    </datafield>
    <datafield tag="650" ind1="0" ind2="4">
      <subfield code="a">világirodalom</subfield>
      <subfield code="x">regényismertetések</subfield>
    </datafield>
    <datafield tag="650" ind1=" " ind2="7">
      <subfield code="a">Világirodalom</subfield>
      <subfield code="x">regény</subfield>
      <subfield code="x">tartalmi kivonat</subfield>
      <subfield code="2">szte</subfield>
    </datafield>
    <datafield tag="695" ind1=" " ind2=" ">
      <subfield code="a">világirodalom</subfield>
      <subfield code="x">regény</subfield>
    </datafield>
    <datafield tag="695" ind1=" " ind2=" ">
      <subfield code="a">Világirodalom</subfield>
    </datafield>
    <datafield tag="695" ind1=" " ind2=" ">
      <subfield code="a">Regény</subfield>
    </datafield>
    <datafield tag="700" ind1="1" ind2=" ">
      <subfield code="a">Apostol András</subfield>
      <subfield code="d">(1930-1983)</subfield>
      <subfield code="c">(műfordító, tanár)</subfield>
    </datafield>
    <datafield tag="852" ind1=" " ind2=" ">
      <subfield code="a">D1</subfield>
      <subfield code="b">D1</subfield>
      <subfield code="b">D1/3</subfield>
      <subfield code="b">HBO8</subfield>
      <subfield code="x">csiKLT00029194</subfield>
    </datafield>
    <datafield tag="852" ind1=" " ind2=" ">
      <subfield code="a">M1</subfield>
      <subfield code="b">M1</subfield>
      <subfield code="x">81064</subfield>
    </datafield>
    <datafield tag="852" ind1=" " ind2=" ">
      <subfield code="a">P1</subfield>
      <subfield code="b">P1/FK</subfield>
      <subfield code="x">bibJPT00149975</subfield>
    </datafield>
    <datafield tag="852" ind1=" " ind2=" ">
      <subfield code="a">SZ1</subfield>
      <subfield code="b">SZ1</subfield>
      <subfield code="b">SZ1/R1</subfield>
      <subfield code="x">bibJAT00023874</subfield>
    </datafield>
    <datafield tag="852" ind1=" " ind2=" ">
      <subfield code="a">B12</subfield>
      <subfield code="b">B12</subfield>
      <subfield code="x">BCEKK258551</subfield>
    </datafield>
  </record>
  <record>
    <leader>00665cam  22001935ir4500</leader>
    <controlfield tag="001">MOKKAS0003725870  </controlfield>
    <controlfield tag="005">20060615021700.0</controlfield>
    <controlfield tag="008">94126 s1973    hu              010 hun d</controlfield>
    <datafield tag="020" ind1=" " ind2=" ">
      <subfield code="a">nincs (kötött)</subfield>
    </datafield>
    <datafield tag="035" ind1=" " ind2=" ">
      <subfield code="a">bibTMK00022004</subfield>
    </datafield>
    <datafield tag="040" ind1=" " ind2=" ">
      <subfield code="a">IGYUK</subfield>
    </datafield>
    <datafield tag="245" ind1="0" ind2="0">
      <subfield code="a">100 híres regény /</subfield>
      <subfield code="c">[szerk. biz. Török Endre, Mihályi Gábor, Walkó György] ; [szerk. Apostol András et al.]</subfield>
    </datafield>
    <datafield tag="250" ind1=" " ind2=" ">
      <subfield code="a">3., jav. kiad. -</subfield>
    </datafield>
    <datafield tag="260" ind1="0" ind2=" ">
      <subfield code="a">Budapest :</subfield>
      <subfield code="b">Táncsics,</subfield>
      <subfield code="c">1973</subfield>
    </datafield>
    <datafield tag="300" ind1=" " ind2=" ">
      <subfield code="c">19 cm</subfield>
    </datafield>
    <datafield tag="650" ind1=" " ind2="4">
      <subfield code="a">Regény</subfield>
      <subfield code="x">magyarázat</subfield>
    </datafield>
    <datafield tag="650" ind1=" " ind2="4">
      <subfield code="a">Regény</subfield>
      <subfield code="x">történetek, cselekmények stb.</subfield>
    </datafield>
    <datafield tag="700" ind1="1" ind2=" ">
      <subfield code="a">Apostol András</subfield>
      <subfield code="d">(1930-1983)</subfield>
      <subfield code="c">(műfordító, tanár)</subfield>
    </datafield>
    <datafield tag="852" ind1=" " ind2=" ">
      <subfield code="a">SZK1</subfield>
      <subfield code="b">SZK1</subfield>
      <subfield code="x">bibTMK00022004</subfield>
    </datafield>
  </record>
  <record>
    <leader>00666nam  22002175ir4500</leader>
    <controlfield tag="001">MOKKAZ0003300388  </controlfield>
    <controlfield tag="005">20040909175300.0</controlfield>
    <controlfield tag="008">94126 s1973    hu              0   hun d</controlfield>
    <datafield tag="035" ind1=" " ind2=" ">
      <subfield code="a">bibKLT00072987</subfield>
    </datafield>
    <datafield tag="040" ind1=" " ind2=" ">
      <subfield code="a">DEENK</subfield>
    </datafield>
    <datafield tag="245" ind1="0" ind2="0">
      <subfield code="a">100 híres regény /</subfield>
      <subfield code="c">[szerk. Apostol András et al.]</subfield>
    </datafield>
    <datafield tag="250" ind1=" " ind2=" ">
      <subfield code="a">3., jav. kiad.</subfield>
    </datafield>
    <datafield tag="260" ind1="0" ind2=" ">
      <subfield code="a">Budapest :</subfield>
      <subfield code="b">Táncscics Kvk.,</subfield>
      <subfield code="c">1973</subfield>
    </datafield>
    <datafield tag="300" ind1=" " ind2=" ">
      <subfield code="c">19 cm</subfield>
    </datafield>
    <datafield tag="650" ind1="0" ind2="4">
      <subfield code="a">világirodalom</subfield>
      <subfield code="x">regényismertetések</subfield>
    </datafield>
    <datafield tag="695" ind1=" " ind2=" ">
      <subfield code="a">világirodalom</subfield>
      <subfield code="x">regény</subfield>
    </datafield>
    <datafield tag="695" ind1=" " ind2=" ">
      <subfield code="a">Regény</subfield>
    </datafield>
    <datafield tag="700" ind1="1" ind2=" ">
      <subfield code="a">Apostol András</subfield>
      <subfield code="d">(1930-1983)</subfield>
      <subfield code="c">(műfordító, tanár)</subfield>
    </datafield>
    <datafield tag="852" ind1=" " ind2=" ">
      <subfield code="a">D1</subfield>
      <subfield code="b">D1/O</subfield>
      <subfield code="x">bibKLT00072987</subfield>
    </datafield>
    <datafield tag="852" ind1=" " ind2=" ">
      <subfield code="a">M1</subfield>
      <subfield code="b">M1</subfield>
      <subfield code="x">194981</subfield>
    </datafield>
    <datafield tag="852" ind1=" " ind2=" ">
      <subfield code="a">P1</subfield>
      <subfield code="b">P1/FK</subfield>
      <subfield code="x">bibJPT00159535</subfield>
    </datafield>
  </record>
  <record>
    <leader>00404nam  2200145   4500</leader>
    <controlfield tag="001">MOKKAN0005073439  </controlfield>
    <controlfield tag="005">20071126141631.0</controlfield>
    <controlfield tag="008">040710 1973    hu                  hun  </controlfield>
    <datafield tag="035" ind1=" " ind2=" ">
      <subfield code="a">bibHML00007776</subfield>
    </datafield>
    <datafield tag="040" ind1=" " ind2=" ">
      <subfield code="a">SZTE</subfield>
    </datafield>
    <datafield tag="100" ind1="1" ind2=" ">
      <subfield code="a">Luther Tibor</subfield>
    </datafield>
    <datafield tag="245" ind1="1" ind2="0">
      <subfield code="a">100 hires regény /</subfield>
      <subfield code="c">Luther Tibor</subfield>
    </datafield>
    <datafield tag="500" ind1=" " ind2=" ">
      <subfield code="a">DARAB: 2</subfield>
    </datafield>
    <datafield tag="650" ind1=" " ind2="7">
      <subfield code="a">Világirodalom</subfield>
      <subfield code="x">regény</subfield>
      <subfield code="x">tartalmi kivonat</subfield>
      <subfield code="2">szte</subfield>
    </datafield>
    <datafield tag="852" ind1=" " ind2=" ">
      <subfield code="a">SZ1</subfield>
      <subfield code="b">SZ1/133</subfield>
      <subfield code="x">bibHML00007776</subfield>
    </datafield>
  </record>
  <record>
    <leader>01330nama 22003491ir4500</leader>
    <controlfield tag="001">MOKKAS0000480025  </controlfield>
    <controlfield tag="005">20100628154418.0</controlfield>
    <controlfield tag="008">040630s1960    hu            000 0 hunod</controlfield>
    <datafield tag="020" ind1=" " ind2=" ">
      <subfield code="a">(kötött)</subfield>
    </datafield>
    <datafield tag="035" ind1=" " ind2=" ">
      <subfield code="a">1238800</subfield>
    </datafield>
    <datafield tag="040" ind1=" " ind2=" ">
      <subfield code="a">OSZK</subfield>
    </datafield>
    <datafield tag="041" ind1="0" ind2=" ">
      <subfield code="a">hunhun</subfield>
    </datafield>
    <datafield tag="080" ind1=" " ind2=" ">
      <subfield code="a">82-31(082.2)</subfield>
    </datafield>
    <datafield tag="245" ind1="0" ind2="0">
      <subfield code="a">100 híres regény /</subfield>
      <subfield code="c">[szerk. Lutter Tibor et al.]</subfield>
    </datafield>
    <datafield tag="260" ind1=" " ind2=" ">
      <subfield code="a">Budapest :</subfield>
      <subfield code="b">Táncsics Kiadó,</subfield>
      <subfield code="c">1960</subfield>
      <subfield code="e">(Budapest</subfield>
      <subfield code="f">Athenaeum Ny.)</subfield>
    </datafield>
    <datafield tag="300" ind1=" " ind2=" ">
      <subfield code="a">2 db ;</subfield>
      <subfield code="c">20 cm</subfield>
    </datafield>
    <datafield tag="561" ind1=" " ind2=" ">
      <subfield code="a">A KL 159 hrsz.-ú pld. Kardos László könyvtárából</subfield>
      <subfield code="5">HuDeKLEK</subfield>
    </datafield>
    <datafield tag="650" ind1="0" ind2="4">
      <subfield code="a">világirodalom</subfield>
      <subfield code="x">regények</subfield>
    </datafield>
    <datafield tag="650" ind1=" " ind2="4">
      <subfield code="a">Regény</subfield>
      <subfield code="x">történet és kritika</subfield>
    </datafield>
    <datafield tag="650" ind1=" " ind2="0">
      <subfield code="a">Fiction</subfield>
      <subfield code="x">History and criticism.</subfield>
    </datafield>
    <datafield tag="650" ind1=" " ind2="4">
      <subfield code="a">világirodalom - regények - tömöritvények</subfield>
    </datafield>
    <datafield tag="650" ind1=" " ind2="4">
      <subfield code="a">regények - világirodalom - tömöritvények</subfield>
    </datafield>
    <datafield tag="653" ind1=" " ind2=" ">
      <subfield code="a">regényismertetések</subfield>
    </datafield>
    <datafield tag="695" ind1=" " ind2=" ">
      <subfield code="a">Világirodalom, regény</subfield>
    </datafield>
    <datafield tag="700" ind1="1" ind2=" ">
      <subfield code="a">Lutter Tibor</subfield>
      <subfield code="c">(cédulakatalógus alapján)</subfield>
      <subfield code="4">(szerk.)</subfield>
    </datafield>
    <datafield tag="852" ind1=" " ind2=" ">
      <subfield code="a">B1</subfield>
      <subfield code="b">B1</subfield>
      <subfield code="x">1238800</subfield>
    </datafield>
    <datafield tag="852" ind1=" " ind2=" ">
      <subfield code="a">M1</subfield>
      <subfield code="b">M1</subfield>
      <subfield code="x">9906</subfield>
    </datafield>
    <datafield tag="852" ind1=" " ind2=" ">
      <subfield code="a">P1</subfield>
      <subfield code="b">P1</subfield>
      <subfield code="b">P1/O</subfield>
      <subfield code="x">bibJPT00110757</subfield>
    </datafield>
    <datafield tag="852" ind1=" " ind2=" ">
      <subfield code="a">D1</subfield>
      <subfield code="b">D1</subfield>
      <subfield code="x">bibKLT00163724</subfield>
    </datafield>
    <datafield tag="852" ind1=" " ind2=" ">
      <subfield code="a">BCS1</subfield>
      <subfield code="b">BCS1</subfield>
      <subfield code="x">bibBKO00110274</subfield>
    </datafield>
    <datafield tag="852" ind1=" " ind2=" ">
      <subfield code="a">B10</subfield>
      <subfield code="B">0801</subfield>
      <subfield code="B">1801</subfield>
      <subfield code="B">2103</subfield>
      <subfield code="B">2104</subfield>
      <subfield code="B">2301</subfield>
      <subfield code="B">0901</subfield>
      <subfield code="B">1308</subfield>
      <subfield code="B">1302</subfield>
      <subfield code="B">0703</subfield>
      <subfield code="B">0101</subfield>
      <subfield code="B">1105</subfield>
      <subfield code="B">0307C</subfield>
      <subfield code="B">0102</subfield>
      <subfield code="B">0302</subfield>
      <subfield code="B">0305</subfield>
      <subfield code="B">2203</subfield>
      <subfield code="B">1704</subfield>
      <subfield code="B">1004</subfield>
      <subfield code="B">1401</subfield>
      <subfield code="B">1003</subfield>
      <subfield code="B">1501</subfield>
      <subfield code="B">1503</subfield>
      <subfield code="b">2101</subfield>
      <subfield code="x">bibFSZ00007876</subfield>
    </datafield>
    <datafield tag="852" ind1=" " ind2=" ">
      <subfield code="a">B8</subfield>
      <subfield code="b">B8</subfield>
      <subfield code="x">OGYK000236230</subfield>
    </datafield>
  </record>
  <record>
    <leader>00560nam  2200193 i 4500</leader>
    <controlfield tag="001">MOKKAW0005359451  </controlfield>
    <controlfield tag="005">20080411055821.0</controlfield>
    <controlfield tag="008">990828s1971                  000 1 hun d</controlfield>
    <datafield tag="035" ind1=" " ind2=" ">
      <subfield code="a">BMEOMIKK000081544</subfield>
    </datafield>
    <datafield tag="040" ind1=" " ind2=" ">
      <subfield code="a">BMEOMIKK</subfield>
    </datafield>
    <datafield tag="041" ind1="0" ind2=" ">
      <subfield code="a">hun</subfield>
    </datafield>
    <datafield tag="245" ind1="0" ind2="0">
      <subfield code="a">100 híres regény /</subfield>
      <subfield code="c">[szerk. biz. Török Endre, Mihályi Gábor, Walkó György]</subfield>
    </datafield>
    <datafield tag="250" ind1=" " ind2=" ">
      <subfield code="a">2. átd. kiad.</subfield>
    </datafield>
    <datafield tag="260" ind1=" " ind2=" ">
      <subfield code="a">Budapest :</subfield>
      <subfield code="b">Táncsics,</subfield>
      <subfield code="c">1971</subfield>
    </datafield>
    <datafield tag="300" ind1=" " ind2=" ">
      <subfield code="a">2 db ;</subfield>
      <subfield code="c">20 cm</subfield>
    </datafield>
    <datafield tag="700" ind1="1" ind2=" ">
      <subfield code="a">Mihályi Gábor</subfield>
    </datafield>
    <datafield tag="700" ind1="1" ind2=" ">
      <subfield code="a">Török Endre</subfield>
    </datafield>
    <datafield tag="700" ind1="1" ind2=" ">
      <subfield code="a">Walkó György</subfield>
    </datafield>
    <datafield tag="852" ind1=" " ind2=" ">
      <subfield code="a">B11</subfield>
      <subfield code="b">B11</subfield>
      <subfield code="x">BMEOMIKK000081544</subfield>
    </datafield>
  </record>
  <record>
    <leader>00754nama 22002291ir4500</leader>
    <controlfield tag="001">MOKKAS0000508513  </controlfield>
    <controlfield tag="005">20090620032004.0</controlfield>
    <controlfield tag="008">040730s1973    hu            000 0 hunod</controlfield>
    <datafield tag="035" ind1=" " ind2=" ">
      <subfield code="a">1267295</subfield>
    </datafield>
    <datafield tag="040" ind1=" " ind2=" ">
      <subfield code="a">OSZK</subfield>
    </datafield>
    <datafield tag="041" ind1="0" ind2=" ">
      <subfield code="a">hunhun</subfield>
    </datafield>
    <datafield tag="245" ind1="0" ind2="0">
      <subfield code="a">100 híres regény /</subfield>
      <subfield code="c">[szerk. biz. Török Endre, Mihályi Gábor, Walkó György]</subfield>
    </datafield>
    <datafield tag="250" ind1=" " ind2=" ">
      <subfield code="a">3. jav. kiad.</subfield>
    </datafield>
    <datafield tag="260" ind1=" " ind2=" ">
      <subfield code="a">Budapest :</subfield>
      <subfield code="b">Táncsics Kiadó,</subfield>
      <subfield code="c">1973</subfield>
      <subfield code="e">(Budapest</subfield>
      <subfield code="f">Athenaeum Ny.)</subfield>
    </datafield>
    <datafield tag="300" ind1=" " ind2=" ">
      <subfield code="a">2 db ;</subfield>
      <subfield code="c">20 cm</subfield>
    </datafield>
    <datafield tag="500" ind1=" " ind2=" ">
      <subfield code="a">Kivonatok, ismertetések</subfield>
    </datafield>
    <datafield tag="700" ind1="1" ind2=" ">
      <subfield code="a">Mihályi Gábor</subfield>
      <subfield code="d">(1923-)</subfield>
      <subfield code="4">(szerk.)</subfield>
    </datafield>
    <datafield tag="700" ind1="1" ind2=" ">
      <subfield code="a">Török Endre</subfield>
      <subfield code="d">(1923-2005)</subfield>
      <subfield code="4">(szerk.)</subfield>
    </datafield>
    <datafield tag="700" ind1="1" ind2=" ">
      <subfield code="a">Walkó György</subfield>
      <subfield code="d">(1920-)</subfield>
      <subfield code="4">(szerk.)</subfield>
    </datafield>
    <datafield tag="852" ind1=" " ind2=" ">
      <subfield code="a">B1</subfield>
      <subfield code="b">B1</subfield>
      <subfield code="x">1267295</subfield>
    </datafield>
    <datafield tag="852" ind1=" " ind2=" ">
      <subfield code="a">B11</subfield>
      <subfield code="b">B11</subfield>
      <subfield code="x">BMEOMIKK000138449</subfield>
    </datafield>
    <datafield tag="852" ind1=" " ind2=" ">
      <subfield code="a">B8</subfield>
      <subfield code="b">B8</subfield>
      <subfield code="x">OGYK000153100</subfield>
    </datafield>
  </record>
  <record>
    <leader>00782nam  2200241 ir4500</leader>
    <controlfield tag="001">MOKKAN0004191676  </controlfield>
    <controlfield tag="005">20090505175005.0</controlfield>
    <controlfield tag="008">711201 1960    hu            000   hun  </controlfield>
    <datafield tag="035" ind1=" " ind2=" ">
      <subfield code="a">bibJAT00311810</subfield>
    </datafield>
    <datafield tag="040" ind1=" " ind2=" ">
      <subfield code="a">SZTE</subfield>
    </datafield>
    <datafield tag="245" ind1="0" ind2="0">
      <subfield code="a">100 híres regény /</subfield>
      <subfield code="c">[szerk. biz. Török Endre, Mihályi Gábor, Walkó György]</subfield>
    </datafield>
    <datafield tag="260" ind1=" " ind2=" ">
      <subfield code="a">Bp. :</subfield>
      <subfield code="b">Táncsics,</subfield>
      <subfield code="c">1960</subfield>
    </datafield>
    <datafield tag="300" ind1=" " ind2=" ">
      <subfield code="c">20 cm</subfield>
    </datafield>
    <datafield tag="650" ind1="0" ind2="4">
      <subfield code="a">világirodalom</subfield>
      <subfield code="x">regény</subfield>
      <subfield code="y">17-20. sz.</subfield>
      <subfield code="x">tartalmi kivonatok</subfield>
    </datafield>
    <datafield tag="650" ind1=" " ind2="7">
      <subfield code="a">Világirodalom</subfield>
      <subfield code="x">regény</subfield>
      <subfield code="x">tartalmi kivonat</subfield>
      <subfield code="2">szte</subfield>
    </datafield>
    <datafield tag="650" ind1=" " ind2="4">
      <subfield code="a">Prózai műfajok története</subfield>
    </datafield>
    <datafield tag="650" ind1=" " ind2="4">
      <subfield code="a">Magyar nyelven</subfield>
    </datafield>
    <datafield tag="700" ind1="1" ind2=" ">
      <subfield code="a">Török Endre</subfield>
    </datafield>
    <datafield tag="700" ind1="1" ind2=" ">
      <subfield code="a">Mihályi Gábor</subfield>
    </datafield>
    <datafield tag="700" ind1="1" ind2=" ">
      <subfield code="a">Walkó György</subfield>
    </datafield>
    <datafield tag="852" ind1=" " ind2=" ">
      <subfield code="a">SZ1</subfield>
      <subfield code="b">SZ1/R6</subfield>
      <subfield code="b">SZ1/R1</subfield>
      <subfield code="b">SZ1/118</subfield>
      <subfield code="x">bibJAT00311810</subfield>
    </datafield>
    <datafield tag="852" ind1=" " ind2=" ">
      <subfield code="a">B2</subfield>
      <subfield code="b">B2</subfield>
      <subfield code="x">144773</subfield>
    </datafield>
    <datafield tag="852" ind1=" " ind2=" ">
      <subfield code="a">B14</subfield>
      <subfield code="b">B14</subfield>
      <subfield code="x">147132</subfield>
    </datafield>
  </record>
  <record>
    <leader>05795cam  22003377i 4500</leader>
    <controlfield tag="001">MOKKAS0001941530  </controlfield>
    <controlfield tag="005">20060531114140.0</controlfield>
    <controlfield tag="008">000229m19719999hu     g      00 01 hun d</controlfield>
    <datafield tag="020" ind1=" " ind2=" ">
      <subfield code="a">(kötött) :</subfield>
      <subfield code="c">77,- Ft</subfield>
    </datafield>
    <datafield tag="035" ind1=" " ind2=" ">
      <subfield code="a">177984</subfield>
    </datafield>
    <datafield tag="040" ind1=" " ind2=" ">
      <subfield code="a">ELTE</subfield>
    </datafield>
    <datafield tag="041" ind1="1" ind2=" ">
      <subfield code="a">hun</subfield>
    </datafield>
    <datafield tag="245" ind1="0" ind2="0">
      <subfield code="a">100 híres regény</subfield>
      <subfield code="c">/ [szerk.biz.: Török Endre et al. ; szerk. Apostol András et al.]</subfield>
    </datafield>
    <datafield tag="250" ind1=" " ind2=" ">
      <subfield code="a">(2., átd. kiad.)</subfield>
    </datafield>
    <datafield tag="260" ind1=" " ind2=" ">
      <subfield code="a">Bp. :</subfield>
      <subfield code="b">Táncsics K.,</subfield>
      <subfield code="c">1971-</subfield>
    </datafield>
    <datafield tag="300" ind1=" " ind2=" ">
      <subfield code="c">21 cm</subfield>
    </datafield>
    <datafield tag="505" ind1="0" ind2="0">
      <subfield code="g">1.</subfield>
      <subfield code="t">Don Quijote /</subfield>
      <subfield code="r">Miguel de Cervantes Saavedra--</subfield>
      <subfield code="g">2.</subfield>
      <subfield code="t">Gil Blas de Santillana históriája /</subfield>
      <subfield code="r">Alain René Lesage--</subfield>
      <subfield code="g">3.</subfield>
      <subfield code="t">Manon Lescaut /</subfield>
      <subfield code="r">Antoine-Francois Prévost--</subfield>
      <subfield code="g">4.</subfield>
      <subfield code="t">Júlia vagy az új Héloise /</subfield>
      <subfield code="r">Jean-Jacques Rousseau--</subfield>
      <subfield code="g">5.</subfield>
      <subfield code="t">Werther /</subfield>
      <subfield code="r">Johanmn Wolfgang Goethe--</subfield>
      <subfield code="g">6.</subfield>
      <subfield code="t">Wilhelm Meister tanulóévei /</subfield>
      <subfield code="r">Johann Wolfgang Goethe--</subfield>
      <subfield code="g">7.</subfield>
      <subfield code="t">Heinrich von Ofterdingen /</subfield>
      <subfield code="r">Novalis--</subfield>
      <subfield code="g">8.</subfield>
      <subfield code="t">Robinson Crusoe /</subfield>
      <subfield code="r">Daniel Defoe--</subfield>
      <subfield code="g">9.</subfield>
      <subfield code="t">Gulliver utazásai /</subfield>
      <subfield code="r">Jonathan Swift--</subfield>
      <subfield code="g">10.</subfield>
      <subfield code="t">Tom Jones /</subfield>
      <subfield code="r">Henry Fielding--</subfield>
      <subfield code="g">11.</subfield>
      <subfield code="t">A vörös szoba álma /</subfield>
      <subfield code="r">Cao Hszüe-csin--</subfield>
      <subfield code="g">12.</subfield>
      <subfield code="t">Holt lelkek /</subfield>
      <subfield code="r">Nyikolaj Vasziljevics Gogol--</subfield>
      <subfield code="g">13.</subfield>
      <subfield code="t">Korunk hőse /</subfield>
      <subfield code="r">Mihail Jurjevics Lermontov--</subfield>
      <subfield code="g">14.</subfield>
      <subfield code="t">Oblomov /</subfield>
      <subfield code="r">Ivan Alekszandrovics Goncsarov--</subfield>
      <subfield code="g">15.</subfield>
      <subfield code="t">Apák és fiúk /</subfield>
      <subfield code="r">Ivan Szergejevics Turgenyev--</subfield>
      <subfield code="g">16.</subfield>
      <subfield code="t">Háború és béke /</subfield>
      <subfield code="r">Lev Nyikolajevics Tolsztoj--</subfield>
      <subfield code="g">17.</subfield>
      <subfield code="t">Feltámadás /</subfield>
      <subfield code="r">Lev Nyikolajevics Tolsztoj--</subfield>
      <subfield code="g">18.</subfield>
      <subfield code="t">Bűn és bűnhődés /</subfield>
      <subfield code="r">Fjodor Mihajlovics Dosztojevszkij--</subfield>
      <subfield code="g">19.</subfield>
      <subfield code="t">A Karamazov testvérek /</subfield>
      <subfield code="r">Fjodor Mihajlovics Dosztojevszkij--</subfield>
      <subfield code="g">20.</subfield>
      <subfield code="t">Elveszett illúziók /</subfield>
      <subfield code="r">Honoré de Balzac--</subfield>
      <subfield code="g">21.</subfield>
      <subfield code="t">Kurtizánok tündöklése és nyomorúsága /</subfield>
      <subfield code="r">Honoré de Balzac--</subfield>
      <subfield code="g">22.</subfield>
      <subfield code="t">A pármai kolostor /</subfield>
      <subfield code="r">Stendhal--</subfield>
      <subfield code="g">23.</subfield>
      <subfield code="t">A párizsi Notre-Dame /</subfield>
      <subfield code="r">Victor Hugo--</subfield>
      <subfield code="g">24.</subfield>
      <subfield code="t">A nyomorultak /</subfield>
      <subfield code="r">Victor Hugo--</subfield>
      <subfield code="g">25.</subfield>
      <subfield code="t">Mauprat /</subfield>
      <subfield code="r">George Sand--</subfield>
      <subfield code="g">26.</subfield>
      <subfield code="t">Szent Bertalan éjszakája /</subfield>
      <subfield code="r">Prosper Mérimée--</subfield>
      <subfield code="g">27.</subfield>
      <subfield code="t">Bovaryné /</subfield>
      <subfield code="r">Gustave Flaubert--</subfield>
      <subfield code="g">28.</subfield>
      <subfield code="t">Érzelmek iskolája /</subfield>
      <subfield code="r">Gustave Flaubert--</subfield>
      <subfield code="g">29.</subfield>
      <subfield code="t">Nana /</subfield>
      <subfield code="r">Émile Zola--</subfield>
      <subfield code="g">30.</subfield>
      <subfield code="t">Germinal /</subfield>
      <subfield code="r">Émile Zola--</subfield>
      <subfield code="g">31.</subfield>
      <subfield code="t">A szépfiú /</subfield>
      <subfield code="r">Guy de Maupassant--</subfield>
      <subfield code="g">32.</subfield>
      <subfield code="t">Angyalok lázadása /</subfield>
      <subfield code="r">Anatole France--</subfield>
      <subfield code="g">33.</subfield>
      <subfield code="t">Büszkeség és balitélet /</subfield>
      <subfield code="r">Jane Austen--</subfield>
      <subfield code="g">34.</subfield>
      <subfield code="t">Waverley /</subfield>
      <subfield code="r">Walter Scott--</subfield>
      <subfield code="g">35.</subfield>
      <subfield code="t">Copperfield Dávid /</subfield>
      <subfield code="r">Charles Dickens--</subfield>
      <subfield code="g">36.</subfield>
      <subfield code="t">Hiúság vására /</subfield>
      <subfield code="r">William Makepeace Thackeray--</subfield>
      <subfield code="g">37.</subfield>
      <subfield code="t">Üvöltő szelek /</subfield>
      <subfield code="r">Emily Bronte--</subfield>
      <subfield code="g">38.</subfield>
      <subfield code="t">Egy tiszta nő /</subfield>
      <subfield code="r">Thomas Hardy--</subfield>
      <subfield code="g">39.</subfield>
      <subfield code="t">A skarlát betű /</subfield>
      <subfield code="r">Nathaniel Hawthorne--</subfield>
      <subfield code="g">40.</subfield>
      <subfield code="t">Tom Sawyer kalandjai /</subfield>
      <subfield code="r">Mark Twain--</subfield>
      <subfield code="g">41.</subfield>
      <subfield code="t">Európaiak /</subfield>
      <subfield code="r">Henry James--</subfield>
      <subfield code="g">42.</subfield>
      <subfield code="t">Kohlhaas Mihály /</subfield>
      <subfield code="r">Heinrich von Kleist--</subfield>
      <subfield code="g">43.</subfield>
      <subfield code="t">Zöld Henrik /</subfield>
      <subfield code="r">Gottfried Keller--</subfield>
      <subfield code="g">44.</subfield>
      <subfield code="t">Effi Briest /</subfield>
      <subfield code="r">Theodore Fontane--</subfield>
      <subfield code="g">45.</subfield>
      <subfield code="t">A jegyesek /</subfield>
      <subfield code="r">Alessandro Manzoni--</subfield>
      <subfield code="g">46.</subfield>
      <subfield code="t">Quo Vadis? /</subfield>
      <subfield code="r">Henryk Sienkiewicz--</subfield>
      <subfield code="g">47.</subfield>
      <subfield code="t">A vörös szoba álma /</subfield>
      <subfield code="r">Johan August Strindberg--</subfield>
      <subfield code="g">48.</subfield>
      <subfield code="t">Az anya /</subfield>
      <subfield code="r">Makszim Gorkij--</subfield>
      <subfield code="g">49.</subfield>
      <subfield code="t">Az Artamonovok /</subfield>
      <subfield code="r">Makszim Gorkij--</subfield>
      <subfield code="g">50.</subfield>
      <subfield code="t">Golgota /</subfield>
      <subfield code="r">Alekszej Nyikolajevics Tolsztoj--</subfield>
      <subfield code="g">51.</subfield>
      <subfield code="t">Tizenkilencen /</subfield>
      <subfield code="r">Alekszandr Alekszandrovics Fagyejev--</subfield>
      <subfield code="g">52.</subfield>
      <subfield code="t">Csendes Don /</subfield>
      <subfield code="r">Mihail Solohov--</subfield>
      <subfield code="g">53.</subfield>
      <subfield code="t">Tizenkét szék /</subfield>
      <subfield code="r">Ilf-Petrov--</subfield>
      <subfield code="g">54.</subfield>
      <subfield code="t">A Mester és Margarita /</subfield>
      <subfield code="r">Mihail Afanaszjevics Bulgakov--</subfield>
      <subfield code="g">55.</subfield>
      <subfield code="t">Orosz erdő /</subfield>
      <subfield code="r">Leonyid Makszimovics Leonov--</subfield>
      <subfield code="g">56.</subfield>
      <subfield code="t">Üldözött vad /</subfield>
      <subfield code="r">Charles-Ferdinand Ramuz--</subfield>
      <subfield code="g">57.</subfield>
      <subfield code="t">A Vatikán titka /</subfield>
      <subfield code="r">André Gide--</subfield>
      <subfield code="g">58.</subfield>
      <subfield code="t">Az eltünt idő nyomában /</subfield>
      <subfield code="r">Marcel Proust--</subfield>
      <subfield code="g">59.</subfield>
      <subfield code="t">Viperafészek /</subfield>
      <subfield code="r">Francois Mauriac--</subfield>
      <subfield code="g">60.</subfield>
      <subfield code="t">Úri negyed /</subfield>
      <subfield code="r">Louis Aragon--</subfield>
      <subfield code="g">61.</subfield>
      <subfield code="t">A Thibault család /</subfield>
      <subfield code="r">Roger Martin du Gard--</subfield>
      <subfield code="g">62.</subfield>
      <subfield code="t">A pestis /</subfield>
      <subfield code="r">Albert Camus--</subfield>
      <subfield code="g">63.</subfield>
      <subfield code="t">A Forsyte Saga /</subfield>
      <subfield code="r">John Galsworthy--</subfield>
      <subfield code="g">64.</subfield>
      <subfield code="t">Lady Chatterley kedvese /</subfield>
      <subfield code="r">David Herbert Lawrence--</subfield>
      <subfield code="g">65.</subfield>
      <subfield code="t">Pont és ellenpont /</subfield>
      <subfield code="r">Aldous Leonard Huxley--</subfield>
      <subfield code="g">66.</subfield>
      <subfield code="t">Orlando /</subfield>
      <subfield code="r">Virginai Woolf--</subfield>
      <subfield code="g">67.</subfield>
      <subfield code="t">A csendes amerikai /</subfield>
      <subfield code="r">Graham Greene--</subfield>
      <subfield code="g">68.</subfield>
      <subfield code="t">A legyek ura /</subfield>
      <subfield code="r">William Golding--</subfield>
      <subfield code="g">69.</subfield>
      <subfield code="t">Martin Eden /</subfield>
      <subfield code="r">Jack London--</subfield>
      <subfield code="g">70.</subfield>
      <subfield code="t">Amerikai tragédia /</subfield>
      <subfield code="r">Theodore Dreiser--</subfield>
      <subfield code="g">71.</subfield>
      <subfield code="t">Arrowsmith /</subfield>
      <subfield code="r">Sinclair Lewis--</subfield>
      <subfield code="g">72.</subfield>
      <subfield code="t">Szentély /</subfield>
      <subfield code="r">William Faulkner--</subfield>
      <subfield code="g">73.</subfield>
      <subfield code="t">Akiért a harang szól /</subfield>
      <subfield code="r">Ernest Hemingway--</subfield>
      <subfield code="g">74.</subfield>
      <subfield code="t">Érik a gyümölcs /</subfield>
      <subfield code="r">John Steinbeck--</subfield>
      <subfield code="g">75.</subfield>
      <subfield code="t">Zabhegyező /</subfield>
      <subfield code="r">Jerome David Salinger--</subfield>
      <subfield code="g">76.</subfield>
      <subfield code="t">Meztelenek és Holtak /</subfield>
      <subfield code="r">Norman Mailer--</subfield>
      <subfield code="g">77.</subfield>
      <subfield code="t">Hidegvérrel /</subfield>
      <subfield code="r">Truman Capote--</subfield>
      <subfield code="g">78.</subfield>
      <subfield code="t">A Buddenbrook ház /</subfield>
      <subfield code="r">Thomas Mann--</subfield>
      <subfield code="g">79.</subfield>
      <subfield code="t">A varázshegy /</subfield>
      <subfield code="r">Thomas Mann--</subfield>
      <subfield code="g">80.</subfield>
      <subfield code="t">Az alattvaló /</subfield>
      <subfield code="r">Heinrich Mann--</subfield>
      <subfield code="g">81.</subfield>
      <subfield code="t">A per /</subfield>
      <subfield code="r">Franz Kafka--</subfield>
      <subfield code="g">82.</subfield>
      <subfield code="t">Grisa őrmester /</subfield>
      <subfield code="r">Arnold Zweig--</subfield>
      <subfield code="g">83.</subfield>
      <subfield code="t">A hetedik kereszt /</subfield>
      <subfield code="r">Anna Seghers--</subfield>
      <subfield code="g">84.</subfield>
      <subfield code="t">Stiller /</subfield>
      <subfield code="r">Max Frisch--</subfield>
      <subfield code="g">85.</subfield>
      <subfield code="t">Biliárd fél tizkor /</subfield>
      <subfield code="r">Heinrich Böll--</subfield>
      <subfield code="g">86.</subfield>
      <subfield code="t">Mattia Pascal két élete /</subfield>
      <subfield code="r">Luigi Pirandello--</subfield>
      <subfield code="g">87.</subfield>
      <subfield code="t">A Párduc /</subfield>
      <subfield code="r">Giuseppe Tomasi Di Lampedusa--</subfield>
      <subfield code="g">88.</subfield>
      <subfield code="t">Egy asszony meg a lány /</subfield>
      <subfield code="r">Alberto Moravia--</subfield>
      <subfield code="g">89.</subfield>
      <subfield code="t">Szegény szerelmesek krónikája /</subfield>
      <subfield code="r">Vasco Pratolini--</subfield>
      <subfield code="g">90.</subfield>
      <subfield code="t">Független emberek /</subfield>
      <subfield code="r">Haldór Kiljan Laxness--</subfield>
      <subfield code="g">91.</subfield>
      <subfield code="t">Gösta Berling /</subfield>
      <subfield code="r">Selma Lagerlöf--</subfield>
      <subfield code="g">92.</subfield>
      <subfield code="t">Éhség /</subfield>
      <subfield code="r">Knut Hamsun--</subfield>
      <subfield code="g">93.</subfield>
      <subfield code="t">Hóditó Pelle /</subfield>
      <subfield code="r">Martin Andersen-Nexő--</subfield>
      <subfield code="g">94.</subfield>
      <subfield code="t">Parasztok /</subfield>
      <subfield code="r">Wladislaw Stanislaw Reymont--</subfield>
      <subfield code="g">95.</subfield>
      <subfield code="t">Svejk /</subfield>
      <subfield code="r">Jaroslav Hasek--</subfield>
      <subfield code="g">96.</subfield>
      <subfield code="t">Harc a szalamandrákkal /</subfield>
      <subfield code="r">Karel Capek--</subfield>
      <subfield code="g">97.</subfield>
      <subfield code="t">A balta /</subfield>
      <subfield code="r">Mihail Sadoveanu--</subfield>
      <subfield code="g">98.</subfield>
      <subfield code="t">Vihar a völgy felett /</subfield>
      <subfield code="r">Ivo Andric--</subfield>
      <subfield code="g">99.</subfield>
      <subfield code="t">Dohány /</subfield>
      <subfield code="r">Dimitar Dimov</subfield>
    </datafield>
    <datafield tag="650" ind1="0" ind2="4">
      <subfield code="a">világirodalom</subfield>
      <subfield code="x">regény</subfield>
      <subfield code="y">17-20. sz.</subfield>
      <subfield code="x">tartalmi kivonatok</subfield>
    </datafield>
    <datafield tag="650" ind1=" " ind2="4">
      <subfield code="a">Tömörítvény</subfield>
    </datafield>
    <datafield tag="650" ind1=" " ind2="4">
      <subfield code="a">világirodalom - regények - tömöritvények</subfield>
    </datafield>
    <datafield tag="650" ind1=" " ind2="4">
      <subfield code="a">regények - világirodalom - tömöritvények</subfield>
    </datafield>
    <datafield tag="695" ind1=" " ind2=" ">
      <subfield code="a">Irodalomtörténet</subfield>
      <subfield code="x">cselekményösszefoglaló</subfield>
      <subfield code="y">20. sz.</subfield>
    </datafield>
    <datafield tag="695" ind1=" " ind2=" ">
      <subfield code="a">xxx</subfield>
    </datafield>
    <datafield tag="700" ind1="1" ind2=" ">
      <subfield code="a">Török Endre</subfield>
      <subfield code="d">(1923-)</subfield>
    </datafield>
    <datafield tag="700" ind1="1" ind2=" ">
      <subfield code="a">Apostol András</subfield>
      <subfield code="d">(1930-1983)</subfield>
    </datafield>
    <datafield tag="852" ind1=" " ind2=" ">
      <subfield code="a">B2</subfield>
      <subfield code="b">B2</subfield>
      <subfield code="x">177984</subfield>
    </datafield>
    <datafield tag="852" ind1=" " ind2=" ">
      <subfield code="a">SZL1</subfield>
      <subfield code="b">SZL1</subfield>
      <subfield code="x">bibVFK00176633</subfield>
    </datafield>
    <datafield tag="852" ind1=" " ind2=" ">
      <subfield code="a">SZ4</subfield>
      <subfield code="b">SZ4</subfield>
      <subfield code="x">bibSOK00028927</subfield>
    </datafield>
    <datafield tag="852" ind1=" " ind2=" ">
      <subfield code="a">B10</subfield>
      <subfield code="B">1105</subfield>
      <subfield code="B">1201</subfield>
      <subfield code="B">0307C</subfield>
      <subfield code="B">0204</subfield>
      <subfield code="B">2203</subfield>
      <subfield code="B">0202</subfield>
      <subfield code="B">0101</subfield>
      <subfield code="B">2201</subfield>
      <subfield code="B">0302</subfield>
      <subfield code="B">0801</subfield>
      <subfield code="B">1801</subfield>
      <subfield code="B">1803</subfield>
      <subfield code="B">1901</subfield>
      <subfield code="B">1903</subfield>
      <subfield code="B">2105</subfield>
      <subfield code="B">2301</subfield>
      <subfield code="B">0901</subfield>
      <subfield code="B">2002</subfield>
      <subfield code="B">1308</subfield>
      <subfield code="B">0401</subfield>
      <subfield code="B">1302</subfield>
      <subfield code="B">0602</subfield>
      <subfield code="B">0403</subfield>
      <subfield code="B">0702</subfield>
      <subfield code="B">0703</subfield>
      <subfield code="B">1704</subfield>
      <subfield code="B">1401</subfield>
      <subfield code="B">0802</subfield>
      <subfield code="B">1402</subfield>
      <subfield code="B">1602</subfield>
      <subfield code="B">1504</subfield>
      <subfield code="B">1004</subfield>
      <subfield code="B">1601</subfield>
      <subfield code="B">1702</subfield>
      <subfield code="b">2004</subfield>
      <subfield code="x">bibFSZ00002299</subfield>
    </datafield>
    <datafield tag="852" ind1=" " ind2=" ">
      <subfield code="a">B11</subfield>
      <subfield code="b">B11</subfield>
      <subfield code="x">BMEOMIKK000081544</subfield>
    </datafield>
    <datafield tag="852" ind1=" " ind2=" ">
      <subfield code="a">BCS1</subfield>
      <subfield code="b">BCS1</subfield>
      <subfield code="x">bibBKO00104584</subfield>
    </datafield>
  </record>
  <record>
    <leader>00936cam  22002537i 4500</leader>
    <controlfield tag="001">MOKKAS0001894887  </controlfield>
    <controlfield tag="005">20060531013047.0</controlfield>
    <controlfield tag="008">000229m19731973hu            00 01 hun d</controlfield>
    <datafield tag="020" ind1=" " ind2=" ">
      <subfield code="a">(kötött) :</subfield>
      <subfield code="c">77,- Ft</subfield>
    </datafield>
    <datafield tag="035" ind1=" " ind2=" ">
      <subfield code="a">89221</subfield>
    </datafield>
    <datafield tag="040" ind1=" " ind2=" ">
      <subfield code="a">ELTE</subfield>
    </datafield>
    <datafield tag="041" ind1="1" ind2=" ">
      <subfield code="a">hun</subfield>
    </datafield>
    <datafield tag="245" ind1="0" ind2="0">
      <subfield code="a">100 híres regény</subfield>
      <subfield code="c">/ [szerk.biz.: Török Endre et al. ; szerk. Apostol András et al.]</subfield>
    </datafield>
    <datafield tag="260" ind1=" " ind2=" ">
      <subfield code="a">Bp. :</subfield>
      <subfield code="b">Táncsics K.,</subfield>
      <subfield code="c">1973</subfield>
    </datafield>
    <datafield tag="300" ind1=" " ind2=" ">
      <subfield code="a">2 db ;</subfield>
      <subfield code="c">21 cm.</subfield>
    </datafield>
    <datafield tag="650" ind1="0" ind2="4">
      <subfield code="a">világirodalom</subfield>
      <subfield code="x">regény</subfield>
      <subfield code="y">17-20. sz.</subfield>
      <subfield code="x">tartalmi kivonatok</subfield>
    </datafield>
    <datafield tag="650" ind1=" " ind2="4">
      <subfield code="a">világirodalom - regények - tömöritvények</subfield>
    </datafield>
    <datafield tag="650" ind1=" " ind2="4">
      <subfield code="a">regények - világirodalom - tömöritvények</subfield>
    </datafield>
    <datafield tag="700" ind1="1" ind2=" ">
      <subfield code="a">Török Endre</subfield>
      <subfield code="d">(1923-)</subfield>
    </datafield>
    <datafield tag="700" ind1="1" ind2=" ">
      <subfield code="a">Apostol András</subfield>
      <subfield code="d">(1930-1983)</subfield>
    </datafield>
    <datafield tag="852" ind1=" " ind2=" ">
      <subfield code="a">B2</subfield>
      <subfield code="b">B2</subfield>
      <subfield code="x">89221</subfield>
    </datafield>
    <datafield tag="852" ind1=" " ind2=" ">
      <subfield code="a">SZL1</subfield>
      <subfield code="b">SZL1</subfield>
      <subfield code="x">bibVFK00125104</subfield>
    </datafield>
    <datafield tag="852" ind1=" " ind2=" ">
      <subfield code="a">BCS1</subfield>
      <subfield code="b">BCS1</subfield>
      <subfield code="x">bibBKO00104401</subfield>
    </datafield>
    <datafield tag="852" ind1=" " ind2=" ">
      <subfield code="a">B10</subfield>
      <subfield code="B">1104</subfield>
      <subfield code="B">0307C</subfield>
      <subfield code="B">0101</subfield>
      <subfield code="B">2105</subfield>
      <subfield code="B">0902</subfield>
      <subfield code="B">0401</subfield>
      <subfield code="B">0403</subfield>
      <subfield code="B">1903</subfield>
      <subfield code="B">2004</subfield>
      <subfield code="B">1004</subfield>
      <subfield code="B">0802</subfield>
      <subfield code="B">1504</subfield>
      <subfield code="B">1704</subfield>
      <subfield code="b">1003</subfield>
      <subfield code="x">bibFSZ00002260</subfield>
    </datafield>
  </record>
  <record>
    <leader>00542nam  2200181 ir4500</leader>
    <controlfield tag="001">MOKKAN0004164113  </controlfield>
    <controlfield tag="005">20070314163845.0</controlfield>
    <controlfield tag="008">711201 1960    hu            000   hun  </controlfield>
    <datafield tag="035" ind1=" " ind2=" ">
      <subfield code="a">bibJAT00311810</subfield>
    </datafield>
    <datafield tag="040" ind1=" " ind2=" ">
      <subfield code="a">SZTE</subfield>
    </datafield>
    <datafield tag="245" ind1="0" ind2="0">
      <subfield code="a">100 híres regény /</subfield>
      <subfield code="c">[szerk. biz. Török Endre, Mihályi Gábor, Walkó György]</subfield>
    </datafield>
    <datafield tag="260" ind1=" " ind2=" ">
      <subfield code="a">Bp. :</subfield>
      <subfield code="b">Táncsics</subfield>
    </datafield>
    <datafield tag="300" ind1=" " ind2=" ">
      <subfield code="c">20 cm</subfield>
    </datafield>
    <datafield tag="700" ind1="1" ind2=" ">
      <subfield code="a">Török Endre</subfield>
    </datafield>
    <datafield tag="700" ind1="1" ind2=" ">
      <subfield code="a">Mihályi Gábor</subfield>
    </datafield>
    <datafield tag="700" ind1="1" ind2=" ">
      <subfield code="a">Walkó György</subfield>
    </datafield>
    <datafield tag="852" ind1=" " ind2=" ">
      <subfield code="a">SZ1</subfield>
      <subfield code="b">SZ1/R6</subfield>
      <subfield code="b">SZ1/R1</subfield>
      <subfield code="x">bibJAT00311810</subfield>
    </datafield>
    <datafield tag="852" ind1=" " ind2=" ">
      <subfield code="a">SZ1</subfield>
      <subfield code="b">SZ1/R1</subfield>
      <subfield code="b">SZ1/R6</subfield>
      <subfield code="x">bibJAT00298614</subfield>
    </datafield>
  </record>
  <record>
    <leader>00627nama 22001931ir4500</leader>
    <controlfield tag="001">MOKKAS0000503794  </controlfield>
    <controlfield tag="005">20060117195348.0</controlfield>
    <controlfield tag="008">040730s1971    hu            000 0 hunod</controlfield>
    <datafield tag="035" ind1=" " ind2=" ">
      <subfield code="a">1262573</subfield>
    </datafield>
    <datafield tag="040" ind1=" " ind2=" ">
      <subfield code="a">OSZK</subfield>
    </datafield>
    <datafield tag="041" ind1="0" ind2=" ">
      <subfield code="a">hunhun</subfield>
    </datafield>
    <datafield tag="245" ind1="0" ind2="0">
      <subfield code="a">100 híres regény /</subfield>
      <subfield code="c">[szerk. Török Endre, Mihályi Gábor, Walkó György]</subfield>
    </datafield>
    <datafield tag="250" ind1=" " ind2=" ">
      <subfield code="a">2. átd. kiad.</subfield>
    </datafield>
    <datafield tag="260" ind1=" " ind2=" ">
      <subfield code="a">Budapest :</subfield>
      <subfield code="b">Táncsics Kiadó,</subfield>
      <subfield code="c">1971</subfield>
      <subfield code="e">(Budapest</subfield>
      <subfield code="f">Athenaeum Ny.)</subfield>
    </datafield>
    <datafield tag="300" ind1=" " ind2=" ">
      <subfield code="a">2 db ;</subfield>
      <subfield code="c">20 cm</subfield>
    </datafield>
    <datafield tag="700" ind1="1" ind2=" ">
      <subfield code="a">Walkó György</subfield>
      <subfield code="d">(1920-)</subfield>
      <subfield code="4">(szerk.)</subfield>
    </datafield>
    <datafield tag="700" ind1="1" ind2=" ">
      <subfield code="a">Mihályi Gábor</subfield>
      <subfield code="d">(1923-)</subfield>
      <subfield code="4">(szerk.)</subfield>
    </datafield>
    <datafield tag="700" ind1="1" ind2=" ">
      <subfield code="a">Török Endre</subfield>
      <subfield code="d">(1923-2005)</subfield>
      <subfield code="4">(szerk.)</subfield>
    </datafield>
    <datafield tag="852" ind1=" " ind2=" ">
      <subfield code="a">B1</subfield>
      <subfield code="b">B1</subfield>
      <subfield code="x">1262573</subfield>
    </datafield>
  </record>
  <record>
    <leader>01212nam  2200397 i 4500</leader>
    <controlfield tag="001">MOKKAW0005113393  </controlfield>
    <controlfield tag="005">20090505175006.0</controlfield>
    <controlfield tag="008">071129 2007    hu            000   hun  </controlfield>
    <datafield tag="020" ind1=" " ind2=" ">
      <subfield code="a">978 963 9644 67 0</subfield>
    </datafield>
    <datafield tag="035" ind1=" " ind2=" ">
      <subfield code="a">bibJAT00720212</subfield>
    </datafield>
    <datafield tag="040" ind1=" " ind2=" ">
      <subfield code="a">SZTE</subfield>
    </datafield>
    <datafield tag="041" ind1=" " ind2=" ">
      <subfield code="a">hun</subfield>
      <subfield code="h">eng</subfield>
    </datafield>
    <datafield tag="100" ind1="1" ind2=" ">
      <subfield code="a">Simmons, John</subfield>
    </datafield>
    <datafield tag="240" ind1="1" ind2="4">
      <subfield code="a">The scientific 100</subfield>
      <subfield code="l">(magyar)</subfield>
    </datafield>
    <datafield tag="245" ind1="1" ind2="0">
      <subfield code="a">100 híres tudós :</subfield>
      <subfield code="b">múlt és jelen nagy tudósai /</subfield>
      <subfield code="c">John Simmons ; [ford. Kovács Lajos]</subfield>
    </datafield>
    <datafield tag="260" ind1=" " ind2=" ">
      <subfield code="a">Budapest :</subfield>
      <subfield code="b">Partvonal,</subfield>
      <subfield code="c">2007</subfield>
    </datafield>
    <datafield tag="300" ind1=" " ind2=" ">
      <subfield code="a">543 p. :</subfield>
      <subfield code="b">ill. ;</subfield>
      <subfield code="c">24 cm</subfield>
    </datafield>
    <datafield tag="504" ind1=" " ind2=" ">
      <subfield code="a">Bibliogr.: p. 531-543.</subfield>
    </datafield>
    <datafield tag="650" ind1=" " ind2="7">
      <subfield code="a">Tudósok</subfield>
      <subfield code="x">életrajz</subfield>
      <subfield code="2">szte</subfield>
    </datafield>
    <datafield tag="650" ind1=" " ind2="4">
      <subfield code="a">tudós</subfield>
    </datafield>
    <datafield tag="650" ind1=" " ind2="4">
      <subfield code="a">tudománytörténet</subfield>
    </datafield>
    <datafield tag="650" ind1=" " ind2="4">
      <subfield code="a">életrajz</subfield>
    </datafield>
    <datafield tag="650" ind1=" " ind2="7">
      <subfield code="a">Tudománytörténet</subfield>
      <subfield code="x">életrajzok</subfield>
      <subfield code="2">szte</subfield>
    </datafield>
    <datafield tag="650" ind1=" " ind2="4">
      <subfield code="a">Tudósok</subfield>
      <subfield code="x">életrajz</subfield>
    </datafield>
    <datafield tag="650" ind1=" " ind2="0">
      <subfield code="a">Scientists</subfield>
      <subfield code="x">Biography.</subfield>
    </datafield>
    <datafield tag="653" ind1=" " ind2=" ">
      <subfield code="a">tudomány</subfield>
    </datafield>
    <datafield tag="653" ind1=" " ind2=" ">
      <subfield code="a">tudományos dolgozó</subfield>
    </datafield>
    <datafield tag="653" ind1=" " ind2=" ">
      <subfield code="a">tudománytörténet</subfield>
    </datafield>
    <datafield tag="653" ind1=" " ind2=" ">
      <subfield code="a">életrajz</subfield>
    </datafield>
    <datafield tag="700" ind1="1" ind2=" ">
      <subfield code="a">Kovács Lajos</subfield>
    </datafield>
    <datafield tag="852" ind1=" " ind2=" ">
      <subfield code="a">SZ1</subfield>
      <subfield code="b">J</subfield>
      <subfield code="b">SZ1/S1</subfield>
      <subfield code="x">bibJAT00720212</subfield>
    </datafield>
    <datafield tag="852" ind1=" " ind2=" ">
      <subfield code="a">GY1</subfield>
      <subfield code="b">GY1</subfield>
      <subfield code="x">KKMK1637577</subfield>
    </datafield>
    <datafield tag="852" ind1=" " ind2=" ">
      <subfield code="a">SZ4</subfield>
      <subfield code="b">SZ4/K2</subfield>
      <subfield code="x">bibSOK00428566</subfield>
    </datafield>
    <datafield tag="852" ind1=" " ind2=" ">
      <subfield code="a">D1</subfield>
      <subfield code="b">D1</subfield>
      <subfield code="b">HBO8</subfield>
      <subfield code="x">000002702512</subfield>
    </datafield>
    <datafield tag="852" ind1=" " ind2=" ">
      <subfield code="a">B10</subfield>
      <subfield code="b">B10</subfield>
      <subfield code="x">bibFSZ01380315</subfield>
    </datafield>
    <datafield tag="852" ind1=" " ind2=" ">
      <subfield code="a">B9</subfield>
      <subfield code="b">B9</subfield>
      <subfield code="x">719882</subfield>
    </datafield>
  </record>
  <record>
    <leader>00761nam  2200205   4500</leader>
    <controlfield tag="001">MOKKAZ0004754290  </controlfield>
    <controlfield tag="005">20040910100308.0</controlfield>
    <controlfield tag="008">031215s2002                        eng d</controlfield>
    <datafield tag="020" ind1=" " ind2=" ">
      <subfield code="a">0-486-42067-1 (fűzött) :</subfield>
    </datafield>
    <datafield tag="035" ind1=" " ind2=" ">
      <subfield code="a">bibFSZ00959200</subfield>
    </datafield>
    <datafield tag="040" ind1=" " ind2=" ">
      <subfield code="a">FSZEK</subfield>
    </datafield>
    <datafield tag="041" ind1=" " ind2=" ">
      <subfield code="a">eng</subfield>
    </datafield>
    <datafield tag="100" ind1="1" ind2=" ">
      <subfield code="a">Batchelor, John H.</subfield>
    </datafield>
    <datafield tag="245" ind1="1" ind2="0">
      <subfield code="a">100 historic ships in full color /</subfield>
      <subfield code="c">John Batchelor</subfield>
    </datafield>
    <datafield tag="260" ind1=" " ind2=" ">
      <subfield code="a">Mineola :</subfield>
      <subfield code="b">Dover Publ.,</subfield>
      <subfield code="c">2002</subfield>
    </datafield>
    <datafield tag="300" ind1=" " ind2=" ">
      <subfield code="a">[48] p. :</subfield>
      <subfield code="b">ill. ;</subfield>
      <subfield code="c">31 cm</subfield>
    </datafield>
    <datafield tag="490" ind1="1" ind2=" ">
      <subfield code="a">(Dover pictorial archive series)</subfield>
    </datafield>
    <datafield tag="680" ind1=" " ind2="1">
      <subfield code="a">vízi jármű, hajóépítés</subfield>
      <subfield code="a">hajóépítés, vízi jármű</subfield>
      <subfield code="a">egyetemes, nemzetközi</subfield>
      <subfield code="a">nemzetközi, egyetemes</subfield>
      <subfield code="a">történeti tárgyalásmód</subfield>
      <subfield code="a">képek</subfield>
      <subfield code="a">illusztrációk</subfield>
    </datafield>
    <datafield tag="830" ind1=" " ind2="0">
      <subfield code="a">Dover pictorial archive series</subfield>
    </datafield>
    <datafield tag="852" ind1=" " ind2=" ">
      <subfield code="a">B10</subfield>
      <subfield code="b">0801</subfield>
      <subfield code="x">bibFSZ00959200</subfield>
    </datafield>
  </record>
  <record>
    <leader>05350ncm  2200505 i 4500</leader>
    <controlfield tag="001">MOKKAZ0003730196  </controlfield>
    <controlfield tag="005">20040909214535.0</controlfield>
    <controlfield tag="008">021126c1986    en             n 1  eng d</controlfield>
    <datafield tag="020" ind1=" " ind2=" ">
      <subfield code="a">ISBN 0-7119-0850-8</subfield>
    </datafield>
    <datafield tag="028" ind1="3" ind2="0">
      <subfield code="a">[lemezszám nélkül]</subfield>
      <subfield code="b">Wise Publications</subfield>
    </datafield>
    <datafield tag="035" ind1=" " ind2=" ">
      <subfield code="a">bibKLT00323853</subfield>
    </datafield>
    <datafield tag="040" ind1=" " ind2=" ">
      <subfield code="a">DEENK</subfield>
    </datafield>
    <datafield tag="041" ind1=" " ind2=" ">
      <subfield code="a">eng</subfield>
    </datafield>
    <datafield tag="245" ind1="0" ind2="0">
      <subfield code="a">100 hits for easy piano</subfield>
      <subfield code="h">[Nyomtatott kotta]</subfield>
    </datafield>
    <datafield tag="260" ind1=" " ind2=" ">
      <subfield code="a">London :</subfield>
      <subfield code="b">Wise Publications,</subfield>
      <subfield code="c">cop. 1986</subfield>
    </datafield>
    <datafield tag="300" ind1=" " ind2=" ">
      <subfield code="a">260 p. ;</subfield>
      <subfield code="c">31 cm</subfield>
    </datafield>
    <datafield tag="505" ind1="0" ind2="0">
      <subfield code="g">1.</subfield>
      <subfield code="t">Bridge over troubled water /</subfield>
      <subfield code="r">Paul Simon +</subfield>
      <subfield code="g">2.</subfield>
      <subfield code="t">Summertime blues +</subfield>
      <subfield code="g">3.</subfield>
      <subfield code="t">Bad, bad Leroy Brown +</subfield>
      <subfield code="g">4.</subfield>
      <subfield code="t">Chim chim cher-ee +</subfield>
      <subfield code="g">5.</subfield>
      <subfield code="t">I'm beginning to see the light /</subfield>
      <subfield code="r">Harry James, Duke Ellington, Johnny Hodges, Don George +</subfield>
      <subfield code="g">6.</subfield>
      <subfield code="t">Take the "A" train +</subfield>
      <subfield code="g">7.</subfield>
      <subfield code="t">Mood indigo /</subfield>
      <subfield code="r">Duke Ellington, Irving Mills, Albany Bigard +</subfield>
      <subfield code="g">8.</subfield>
      <subfield code="t">He's a tramp +</subfield>
      <subfield code="g">9.</subfield>
      <subfield code="t">Waltz from "Swan lake" /</subfield>
      <subfield code="r">Peter Ilyich Tchaikovsky +</subfield>
      <subfield code="g">10.</subfield>
      <subfield code="t">The sound of silence /</subfield>
      <subfield code="r">Paul Simon +</subfield>
      <subfield code="g">11.</subfield>
      <subfield code="t">Not fade away +</subfield>
      <subfield code="g">12.</subfield>
      <subfield code="t">Little April shower +</subfield>
      <subfield code="g">13.</subfield>
      <subfield code="t">That'll be the day /</subfield>
      <subfield code="r">Norman Petty, Buddy Holly, Jerry Allison +</subfield>
      <subfield code="g">14.</subfield>
      <subfield code="t">The night we called it a day +</subfield>
      <subfield code="g">15.</subfield>
      <subfield code="t">Fortuosity +</subfield>
      <subfield code="g">16.</subfield>
      <subfield code="t">Cecilia /</subfield>
      <subfield code="r">Paul Simon +</subfield>
      <subfield code="g">17.</subfield>
      <subfield code="t">Sophisticated lady /</subfield>
      <subfield code="r">music Duke Ellington +</subfield>
      <subfield code="g">18.</subfield>
      <subfield code="t">I wanna be like you +</subfield>
      <subfield code="g">19.</subfield>
      <subfield code="t">Twenty flight rock +</subfield>
      <subfield code="g">20.</subfield>
      <subfield code="t">A spoonful of sugar +</subfield>
      <subfield code="g">21.</subfield>
      <subfield code="t">The last time : This could be the last time /</subfield>
      <subfield code="r">Mick Jagger, Keith Richard +</subfield>
      <subfield code="g">22.</subfield>
      <subfield code="t">Scarborough fair : Canticle /</subfield>
      <subfield code="r">Paul Simon, Art Garfunkel +</subfield>
      <subfield code="g">23.</subfield>
      <subfield code="t">Good Golly Miss Molly +</subfield>
      <subfield code="g">24.</subfield>
      <subfield code="t">The bare necessities +</subfield>
      <subfield code="g">25.</subfield>
      <subfield code="t">A rockin' good way : To mess around and fall in love</subfield>
    </datafield>
    <datafield tag="505" ind1="0" ind2="0">
      <subfield code="g">26.</subfield>
      <subfield code="t">Never smile at a crocodile +</subfield>
      <subfield code="g">27.</subfield>
      <subfield code="t">Blue suede shoes +</subfield>
      <subfield code="g">28.</subfield>
      <subfield code="t">Rave on +</subfield>
      <subfield code="g">29.</subfield>
      <subfield code="t">The boxer /</subfield>
      <subfield code="r">Paul Simon +</subfield>
      <subfield code="g">30.</subfield>
      <subfield code="t">Moonshadow +</subfield>
      <subfield code="g">31.</subfield>
      <subfield code="t">Fire and rain +</subfield>
      <subfield code="g">32.</subfield>
      <subfield code="t">Waltz : from "Coppelia" /</subfield>
      <subfield code="r">C. P. L. Delibes +</subfield>
      <subfield code="g">33.</subfield>
      <subfield code="t">Banks of the Ohio /</subfield>
      <subfield code="r">traditional +</subfield>
      <subfield code="g">34.</subfield>
      <subfield code="t">Morning has broken +</subfield>
      <subfield code="g">35.</subfield>
      <subfield code="t">Uptown girl /</subfield>
      <subfield code="r">Billy Joel +</subfield>
      <subfield code="g">36.</subfield>
      <subfield code="t">Big Spender +</subfield>
      <subfield code="g">37.</subfield>
      <subfield code="t">Fernando /</subfield>
      <subfield code="r">Benny Anderson, Stig Anderson, Bjorn Ulvaeus +</subfield>
      <subfield code="g">38.</subfield>
      <subfield code="t">Merry Christmas everybody +</subfield>
      <subfield code="g">39.</subfield>
      <subfield code="t">Lady D'Arbanville +</subfield>
      <subfield code="g">40.</subfield>
      <subfield code="t">If my friends could see me now +</subfield>
      <subfield code="g">41.</subfield>
      <subfield code="t">Catch the wind +</subfield>
      <subfield code="g">42.</subfield>
      <subfield code="t">Streets of London +</subfield>
      <subfield code="g">43.</subfield>
      <subfield code="t">Danny Boy : Londonderry air /</subfield>
      <subfield code="r">traditional Irish melody +</subfield>
      <subfield code="g">44.</subfield>
      <subfield code="t">Blue Danube /</subfield>
      <subfield code="r">Johann Strauss Jr. +</subfield>
      <subfield code="g">45.</subfield>
      <subfield code="t">Both sides now +</subfield>
      <subfield code="g">46.</subfield>
      <subfield code="t">Everybody's talkin' +</subfield>
      <subfield code="g">47.</subfield>
      <subfield code="t">Just the two of us +</subfield>
      <subfield code="g">48.</subfield>
      <subfield code="t">Music box dancer +</subfield>
      <subfield code="g">49.</subfield>
      <subfield code="t">Lucille +</subfield>
      <subfield code="g">50.</subfield>
      <subfield code="t">Sleeping Beauty waltz /</subfield>
      <subfield code="r">Peter Ilyich Tchaikovsky</subfield>
    </datafield>
    <datafield tag="505" ind1="0" ind2="0">
      <subfield code="g">51.</subfield>
      <subfield code="t">If you could read my mind +</subfield>
      <subfield code="g">52.</subfield>
      <subfield code="t">Lawrence of Arabia +</subfield>
      <subfield code="g">53.</subfield>
      <subfield code="t">Words +</subfield>
      <subfield code="g">54.</subfield>
      <subfield code="t">Goodbye yellow brick road /</subfield>
      <subfield code="r">Elton John, Bernie Taupin +</subfield>
      <subfield code="g">55.</subfield>
      <subfield code="t">When you're young and in love +</subfield>
      <subfield code="g">56.</subfield>
      <subfield code="t">Ballade pour Adeline +</subfield>
      <subfield code="g">57.</subfield>
      <subfield code="t">Who do you think you are kidding Mr. Hitler? : theme from "Dad's army" +</subfield>
      <subfield code="g">58.</subfield>
      <subfield code="t">Sunny +</subfield>
      <subfield code="g">59.</subfield>
      <subfield code="t">Clair de lune /</subfield>
      <subfield code="r">Claude Debussy +</subfield>
      <subfield code="g">60.</subfield>
      <subfield code="t">Tuxedo junction +</subfield>
      <subfield code="g">61.</subfield>
      <subfield code="t">Way down yonder in New Orleans +</subfield>
      <subfield code="g">62.</subfield>
      <subfield code="t">Georgia on my mind +</subfield>
      <subfield code="g">63.</subfield>
      <subfield code="t">East of the sun : East of the sun and west of the moon +</subfield>
      <subfield code="g">64.</subfield>
      <subfield code="t">Organ Grinder's swing +</subfield>
      <subfield code="g">65.</subfield>
      <subfield code="t">Wave +</subfield>
      <subfield code="g">66.</subfield>
      <subfield code="t">Eleanor Rigby /</subfield>
      <subfield code="r">John Lennon, Paul McCartney +</subfield>
      <subfield code="g">67.</subfield>
      <subfield code="t">Lullaby of Birdland +</subfield>
      <subfield code="g">68.</subfield>
      <subfield code="t">Maple leaf rag /</subfield>
      <subfield code="r">Scott Joplin +</subfield>
      <subfield code="g">69.</subfield>
      <subfield code="t">Maybe this time +</subfield>
      <subfield code="g">70.</subfield>
      <subfield code="t">On the sunny side of the street +</subfield>
      <subfield code="g">71.</subfield>
      <subfield code="t">The name of the game /</subfield>
      <subfield code="r">Benny Anderson, Stig Anderson, Bjorn Ulvaeus +</subfield>
      <subfield code="g">72.</subfield>
      <subfield code="t">Ain't she sweet +</subfield>
      <subfield code="g">73.</subfield>
      <subfield code="t">Cabaret +</subfield>
      <subfield code="g">74.</subfield>
      <subfield code="t">The fool on the hill /</subfield>
      <subfield code="r">John Lennon, Paul McCartney +</subfield>
      <subfield code="g">75.</subfield>
      <subfield code="t">Maria Elena</subfield>
    </datafield>
    <datafield tag="505" ind1="0" ind2="0">
      <subfield code="g">76.</subfield>
      <subfield code="t">Liebestraume /</subfield>
      <subfield code="r">Franz Liszt +</subfield>
      <subfield code="g">77.</subfield>
      <subfield code="t">Exactly like you +</subfield>
      <subfield code="g">78.</subfield>
      <subfield code="t">Hasta Manana /</subfield>
      <subfield code="r">Benny Anderson, Stig Anderson, Bjorn Ulvaeus +</subfield>
      <subfield code="g">79.</subfield>
      <subfield code="t">Let it be /</subfield>
      <subfield code="r">John Lennon, Paul McCartney +</subfield>
      <subfield code="g">80.</subfield>
      <subfield code="t">The entertainer /</subfield>
      <subfield code="r">Scott Joplin +</subfield>
      <subfield code="g">81.</subfield>
      <subfield code="t">Sunrise sunset /</subfield>
      <subfield code="r">music Jerry Bock +</subfield>
      <subfield code="g">82.</subfield>
      <subfield code="t">Brazil +</subfield>
      <subfield code="g">83.</subfield>
      <subfield code="t">Romeo and Juliet /</subfield>
      <subfield code="r">Peter Ilyich Tchaikovsky +</subfield>
      <subfield code="g">84.</subfield>
      <subfield code="t">Day tripper /</subfield>
      <subfield code="r">John Lennon, Paul McCartney +</subfield>
      <subfield code="g">85.</subfield>
      <subfield code="t">Sway +</subfield>
      <subfield code="g">86.</subfield>
      <subfield code="t">Yesterday /</subfield>
      <subfield code="r">John Lennon, Paul McCartney +</subfield>
      <subfield code="g">87.</subfield>
      <subfield code="t">Yesterday once more +</subfield>
      <subfield code="g">88.</subfield>
      <subfield code="t">Slightly out of tune : Desafinado +</subfield>
      <subfield code="g">89.</subfield>
      <subfield code="t">Norwegian wood /</subfield>
      <subfield code="r">John Lennon, Paul McCartney +</subfield>
      <subfield code="g">90.</subfield>
      <subfield code="t">I left my heart in San Francisco +</subfield>
      <subfield code="g">91.</subfield>
      <subfield code="t">We've only just begun +</subfield>
      <subfield code="g">92.</subfield>
      <subfield code="t">Satin doll /</subfield>
      <subfield code="r">music Duke Ellington, Billy Stayhorn +</subfield>
      <subfield code="g">93.</subfield>
      <subfield code="t">Jolene /</subfield>
      <subfield code="r">Dolly Parton +</subfield>
      <subfield code="g">94.</subfield>
      <subfield code="t">Close to you : They long to be close to you +</subfield>
      <subfield code="g">95.</subfield>
      <subfield code="t">There I've said it again +</subfield>
      <subfield code="g">96.</subfield>
      <subfield code="t">For the good times +</subfield>
      <subfield code="g">97.</subfield>
      <subfield code="t">Solitude /</subfield>
      <subfield code="r">music Duke Ellington +</subfield>
      <subfield code="g">98.</subfield>
      <subfield code="t">Moanin' +</subfield>
      <subfield code="g">99.</subfield>
      <subfield code="t">In a sentimental mood /</subfield>
      <subfield code="r">Duke Ellington, Irving Mills, Manny Kurtz +</subfield>
      <subfield code="g">100.</subfield>
      <subfield code="t">For all we know</subfield>
    </datafield>
    <datafield tag="695" ind1=" " ind2=" ">
      <subfield code="a">könnyűzene</subfield>
    </datafield>
    <datafield tag="700" ind1="1" ind2=" ">
      <subfield code="a">Simon, Paul</subfield>
      <subfield code="d">(1942-)</subfield>
      <subfield code="c">(könnyűzenész)</subfield>
    </datafield>
    <datafield tag="700" ind1="1" ind2=" ">
      <subfield code="a">Ellington, Duke</subfield>
      <subfield code="d">(1899-1974)</subfield>
    </datafield>
    <datafield tag="700" ind1="1" ind2=" ">
      <subfield code="a">Cajkovskij, Petr Il'ic</subfield>
      <subfield code="d">(1840-1893)</subfield>
    </datafield>
    <datafield tag="700" ind1="1" ind2=" ">
      <subfield code="a">Holly, Buddy</subfield>
      <subfield code="d">(1936-1959)</subfield>
    </datafield>
    <datafield tag="700" ind1="1" ind2=" ">
      <subfield code="a">Jagger, Mick</subfield>
      <subfield code="d">(1944-)</subfield>
    </datafield>
    <datafield tag="700" ind1="1" ind2=" ">
      <subfield code="a">Richards, Keith</subfield>
      <subfield code="d">(1943-)</subfield>
    </datafield>
    <datafield tag="700" ind1="1" ind2=" ">
      <subfield code="a">Garfunkel, Art</subfield>
      <subfield code="d">(1942-)</subfield>
    </datafield>
    <datafield tag="700" ind1="1" ind2=" ">
      <subfield code="a">Delibes, Léo</subfield>
      <subfield code="d">(1836-1891)</subfield>
    </datafield>
    <datafield tag="700" ind1="1" ind2=" ">
      <subfield code="a">Joel, Billy</subfield>
      <subfield code="d">(1951-)</subfield>
    </datafield>
    <datafield tag="700" ind1="1" ind2=" ">
      <subfield code="a">Anderson, Benny</subfield>
      <subfield code="d">(1946-)</subfield>
    </datafield>
    <datafield tag="700" ind1="1" ind2=" ">
      <subfield code="a">Anderson, Stig</subfield>
      <subfield code="d">(1931-1997)</subfield>
    </datafield>
    <datafield tag="700" ind1="1" ind2=" ">
      <subfield code="a">Ulvaeus, Björn</subfield>
      <subfield code="d">(1945-)</subfield>
    </datafield>
    <datafield tag="700" ind1="1" ind2=" ">
      <subfield code="a">Strauss, Johann</subfield>
      <subfield code="c">(jun.)</subfield>
      <subfield code="d">(1825-1899)</subfield>
    </datafield>
    <datafield tag="700" ind1="1" ind2=" ">
      <subfield code="a">Debussy, Claude Achille</subfield>
      <subfield code="d">(1862-1918)</subfield>
    </datafield>
    <datafield tag="700" ind1="1" ind2=" ">
      <subfield code="a">Lennon, John</subfield>
      <subfield code="d">(1940-1980)</subfield>
    </datafield>
    <datafield tag="700" ind1="1" ind2=" ">
      <subfield code="a">McCartney, Paul</subfield>
      <subfield code="d">(1942-)</subfield>
    </datafield>
    <datafield tag="700" ind1="1" ind2=" ">
      <subfield code="a">Joplin, Scott</subfield>
      <subfield code="d">(1868-1917)</subfield>
      <subfield code="c">(jazz-zenész)</subfield>
    </datafield>
    <datafield tag="700" ind1="1" ind2=" ">
      <subfield code="a">Liszt Ferenc</subfield>
      <subfield code="d">(1811-1886)</subfield>
    </datafield>
    <datafield tag="700" ind1="1" ind2=" ">
      <subfield code="a">Bock, Jerry</subfield>
      <subfield code="d">(1928-)</subfield>
    </datafield>
    <datafield tag="700" ind1="1" ind2=" ">
      <subfield code="a">Stayhorn, Billy</subfield>
      <subfield code="d">(1915-1967)</subfield>
    </datafield>
    <datafield tag="700" ind1="1" ind2=" ">
      <subfield code="a">Parton, Dolly</subfield>
      <subfield code="d">(1946-)</subfield>
    </datafield>
    <datafield tag="700" ind1="1" ind2=" ">
      <subfield code="a">Mills, Irving</subfield>
      <subfield code="d">(1894-1985)</subfield>
    </datafield>
    <datafield tag="700" ind1="1" ind2=" ">
      <subfield code="a">Kurtz, Manny</subfield>
    </datafield>
    <datafield tag="852" ind1=" " ind2=" ">
      <subfield code="a">D1</subfield>
      <subfield code="b">D1/Z</subfield>
      <subfield code="x">bibKLT00323853</subfield>
    </datafield>
  </record>
  <record>
    <leader>00877nam  2200253 i 4500</leader>
    <controlfield tag="001">MOKKAS0001058042  </controlfield>
    <controlfield tag="005">20051215214728.0</controlfield>
    <controlfield tag="008">050903s1999    hu            00010 eng d</controlfield>
    <datafield tag="020" ind1=" " ind2=" ">
      <subfield code="a">0-435-24544-9</subfield>
    </datafield>
    <datafield tag="035" ind1=" " ind2=" ">
      <subfield code="a">bibBKO00236200</subfield>
    </datafield>
    <datafield tag="040" ind1=" " ind2=" ">
      <subfield code="a">BMK</subfield>
    </datafield>
    <datafield tag="100" ind1="1" ind2=" ">
      <subfield code="a">Holderness, Jackie</subfield>
    </datafield>
    <datafield tag="245" ind1="1" ind2="0">
      <subfield code="a">100+ :</subfield>
      <subfield code="b">ideas for children : a teacher's resource book of topic-based activities for children /</subfield>
      <subfield code="c">Jackie Holderness, Annie Hughes ; [ill. David Lock]</subfield>
    </datafield>
    <datafield tag="250" ind1=" " ind2=" ">
      <subfield code="a">[4. repr.]</subfield>
    </datafield>
    <datafield tag="260" ind1=" " ind2=" ">
      <subfield code="a">Oxford :</subfield>
      <subfield code="b">Macmillan Heinemann ELT,</subfield>
      <subfield code="c">[1999]</subfield>
    </datafield>
    <datafield tag="300" ind1=" " ind2=" ">
      <subfield code="a">95 p. :</subfield>
      <subfield code="b">ill. ;</subfield>
      <subfield code="c">30 cm +</subfield>
      <subfield code="e">mell. (1 hangkaz.)</subfield>
    </datafield>
    <datafield tag="504" ind1=" " ind2=" ">
      <subfield code="a">Felfűzve</subfield>
    </datafield>
    <datafield tag="650" ind1=" " ind2="4">
      <subfield code="a">angol nyelv - nyelvi játékok</subfield>
    </datafield>
    <datafield tag="650" ind1=" " ind2="4">
      <subfield code="a">nyelvi játékok - angol nyelv</subfield>
    </datafield>
    <datafield tag="650" ind1=" " ind2="4">
      <subfield code="a">angol nyelv - tanitás</subfield>
    </datafield>
    <datafield tag="650" ind1=" " ind2="4">
      <subfield code="a">tanitás - angol nyelv</subfield>
    </datafield>
    <datafield tag="700" ind1="1" ind2=" ">
      <subfield code="a">Hughes, Annie</subfield>
    </datafield>
    <datafield tag="700" ind1="1" ind2=" ">
      <subfield code="a">Lock, David</subfield>
      <subfield code="4">illusztr.</subfield>
    </datafield>
    <datafield tag="852" ind1=" " ind2=" ">
      <subfield code="a">BCS1</subfield>
      <subfield code="b">BCS1</subfield>
      <subfield code="x">bibBKO00236200</subfield>
    </datafield>
  </record>
  <record>
    <leader>00330nam  2200133 i 4500</leader>
    <controlfield tag="001">MOKKAS0003540984  </controlfield>
    <controlfield tag="005">20060606051736.0</controlfield>
    <controlfield tag="008">050714s1989                            d</controlfield>
    <datafield tag="035" ind1=" " ind2=" ">
      <subfield code="a">659210</subfield>
    </datafield>
    <datafield tag="040" ind1=" " ind2=" ">
      <subfield code="a">OIK</subfield>
    </datafield>
    <datafield tag="100" ind1="1" ind2=" ">
      <subfield code="a">Milićević, Nikola</subfield>
    </datafield>
    <datafield tag="245" ind1="1" ind2="0">
      <subfield code="a">100 hrvatskih soneta</subfield>
    </datafield>
    <datafield tag="260" ind1=" " ind2=" ">
      <subfield code="a">Zagreb :</subfield>
      <subfield code="b">Naprijed,</subfield>
      <subfield code="c">1989</subfield>
    </datafield>
    <datafield tag="852" ind1=" " ind2=" ">
      <subfield code="a">B14</subfield>
      <subfield code="b">B14</subfield>
      <subfield code="x">659210</subfield>
    </datafield>
  </record>
  <record>
    <leader>00664aam  2200193 i 4500</leader>
    <controlfield tag="001">MOKKAS0002341068  </controlfield>
    <controlfield tag="005">20060618050604.0</controlfield>
    <controlfield tag="008">870907s1956    hu            00000 eng d</controlfield>
    <datafield tag="020" ind1=" " ind2=" ">
      <subfield code="a">963-13-1100-7 (kötött)</subfield>
    </datafield>
    <datafield tag="035" ind1=" " ind2=" ">
      <subfield code="a">bibSOK280958</subfield>
    </datafield>
    <datafield tag="040" ind1=" " ind2=" ">
      <subfield code="a">SK</subfield>
    </datafield>
    <datafield tag="100" ind1="1" ind2=" ">
      <subfield code="a">Gundel Károly</subfield>
      <subfield code="d">(1883-1956)</subfield>
    </datafield>
    <datafield tag="245" ind1="1" ind2="0">
      <subfield code="a">100 Hungarian dishes /</subfield>
      <subfield code="c">by Károly Gundel ; [contr. Károly Márk et al.] ; [photographs by Károly Szelényi]</subfield>
    </datafield>
    <datafield tag="260" ind1=" " ind2=" ">
      <subfield code="a">[Budapest] :</subfield>
      <subfield code="b">Corvina,</subfield>
      <subfield code="c">1956</subfield>
    </datafield>
    <datafield tag="300" ind1=" " ind2=" ">
      <subfield code="a">118 p., [8] t.fol. :</subfield>
      <subfield code="b">ill., színes ;</subfield>
      <subfield code="c">80 x 50 mm</subfield>
    </datafield>
    <datafield tag="695" ind1=" " ind2=" ">
      <subfield code="a">Ételspecialitások</subfield>
      <subfield code="x">Magyarország</subfield>
    </datafield>
    <datafield tag="700" ind1="1" ind2=" ">
      <subfield code="a">Károly Márk</subfield>
    </datafield>
    <datafield tag="700" ind1="1" ind2=" ">
      <subfield code="a">Szelényi Károly</subfield>
    </datafield>
    <datafield tag="852" ind1=" " ind2=" ">
      <subfield code="a">SZ4</subfield>
      <subfield code="b">SZ4</subfield>
      <subfield code="x">bibSOK280958</subfield>
    </datafield>
  </record>
  <record>
    <leader>00821fam  2200241 i 4500</leader>
    <controlfield tag="001">MOKKAZ0006259470  </controlfield>
    <controlfield tag="005">20040915183709.0</controlfield>
    <controlfield tag="008">940510t19801956hu            000 0 eng d</controlfield>
    <datafield tag="020" ind1=" " ind2=" ">
      <subfield code="a">963-13-1100-7 (kötött)</subfield>
    </datafield>
    <datafield tag="035" ind1=" " ind2=" ">
      <subfield code="a">616587</subfield>
    </datafield>
    <datafield tag="040" ind1=" " ind2=" ">
      <subfield code="a">OSZK</subfield>
    </datafield>
    <datafield tag="041" ind1="0" ind2=" ">
      <subfield code="a">engeng</subfield>
      <subfield code="h">hun</subfield>
    </datafield>
    <datafield tag="100" ind1="1" ind2=" ">
      <subfield code="a">Gundel Károly</subfield>
      <subfield code="d">(1883-1956)</subfield>
    </datafield>
    <datafield tag="245" ind1="1" ind2="0">
      <subfield code="a">100 Hungarian dishes /</subfield>
      <subfield code="c">by Károly Gundel ; [contributors Károly Márk ... et al.]</subfield>
    </datafield>
    <datafield tag="260" ind1=" " ind2=" ">
      <subfield code="a">Budapest :</subfield>
      <subfield code="b">Corvina,</subfield>
      <subfield code="c">1980, cop. 1956</subfield>
      <subfield code="e">(Budapest</subfield>
      <subfield code="f">Révai Print. House)</subfield>
    </datafield>
    <datafield tag="300" ind1=" " ind2=" ">
      <subfield code="a">118 l. :</subfield>
      <subfield code="b">ill., színes ;</subfield>
      <subfield code="c">8 cm</subfield>
    </datafield>
    <datafield tag="500" ind1=" " ind2=" ">
      <subfield code="a">Bibliofil kiadás</subfield>
    </datafield>
    <datafield tag="700" ind1="1" ind2=" ">
      <subfield code="a">Márk Károly</subfield>
      <subfield code="4">(közrem.)</subfield>
    </datafield>
    <datafield tag="700" ind1="1" ind2="3">
      <subfield code="a">Rákóczy János</subfield>
      <subfield code="4">(közrem.)</subfield>
    </datafield>
    <datafield tag="700" ind1="1" ind2="3">
      <subfield code="a">Rehberger Elek</subfield>
      <subfield code="4">(közrem.)</subfield>
    </datafield>
    <datafield tag="700" ind1="1" ind2="3">
      <subfield code="a">Gundel Ferenc</subfield>
      <subfield code="d">(1917-1984)</subfield>
      <subfield code="4">(közrem.)</subfield>
    </datafield>
    <datafield tag="852" ind1=" " ind2=" ">
      <subfield code="a">B1</subfield>
      <subfield code="b">B1</subfield>
      <subfield code="x">616587</subfield>
    </datafield>
    <datafield tag="852" ind1=" " ind2=" ">
      <subfield code="a">B10</subfield>
      <subfield code="b">0801B</subfield>
      <subfield code="x">bibFSZ76530</subfield>
    </datafield>
  </record>
  <record>
    <leader>00817aam  2200253 i 4500</leader>
    <controlfield tag="001">MOKKAZ0006260080  </controlfield>
    <controlfield tag="005">20040915183736.0</controlfield>
    <controlfield tag="008">940510t19851956hu      l     000 0 eng d</controlfield>
    <datafield tag="020" ind1=" " ind2=" ">
      <subfield code="a">963-13-1990-3 (kötött)</subfield>
    </datafield>
    <datafield tag="035" ind1=" " ind2=" ">
      <subfield code="a">617438</subfield>
    </datafield>
    <datafield tag="040" ind1=" " ind2=" ">
      <subfield code="a">OSZK</subfield>
    </datafield>
    <datafield tag="041" ind1="0" ind2=" ">
      <subfield code="a">engeng</subfield>
    </datafield>
    <datafield tag="072" ind1=" " ind2="1">
      <subfield code="a">WA</subfield>
    </datafield>
    <datafield tag="100" ind1="1" ind2=" ">
      <subfield code="a">Gundel Károly</subfield>
      <subfield code="d">(1883-1956)</subfield>
    </datafield>
    <datafield tag="245" ind1="1" ind2="0">
      <subfield code="a">100 Hungarian dishes /</subfield>
      <subfield code="c">by Károly Gundel ; [contributors Károly Márk et al.]</subfield>
    </datafield>
    <datafield tag="250" ind1=" " ind2=" ">
      <subfield code="a">3. ed.</subfield>
    </datafield>
    <datafield tag="260" ind1=" " ind2=" ">
      <subfield code="a">[Budapest] :</subfield>
      <subfield code="b">Corvina,</subfield>
      <subfield code="c">1985, cop. 1956</subfield>
      <subfield code="e">(Budapest</subfield>
      <subfield code="f">Révai)</subfield>
    </datafield>
    <datafield tag="300" ind1=" " ind2=" ">
      <subfield code="a">118 p., [8] t.fol. :</subfield>
      <subfield code="b">ill., színes ;</subfield>
      <subfield code="c">8x5 cm</subfield>
    </datafield>
    <datafield tag="500" ind1=" " ind2=" ">
      <subfield code="a">Bibliofil kiadás</subfield>
    </datafield>
    <datafield tag="700" ind1="1" ind2=" ">
      <subfield code="a">Márk Károly</subfield>
      <subfield code="4">(közrem.)</subfield>
    </datafield>
    <datafield tag="700" ind1="1" ind2="3">
      <subfield code="a">Rákóczy János</subfield>
      <subfield code="4">(közrem.)</subfield>
    </datafield>
    <datafield tag="700" ind1="1" ind2="3">
      <subfield code="a">Rehberger Elek</subfield>
      <subfield code="4">(közrem.)</subfield>
    </datafield>
    <datafield tag="700" ind1="1" ind2="3">
      <subfield code="a">Gundel Ferenc</subfield>
      <subfield code="d">(1917-1984)</subfield>
      <subfield code="4">(közrem.)</subfield>
    </datafield>
    <datafield tag="852" ind1=" " ind2=" ">
      <subfield code="a">B1</subfield>
      <subfield code="b">B1</subfield>
      <subfield code="x">617438</subfield>
    </datafield>
  </record>
  <record>
    <leader>00905aam  2200277 i 4500</leader>
    <controlfield tag="001">MOKKAZ0006262533  </controlfield>
    <controlfield tag="005">20040915183851.0</controlfield>
    <controlfield tag="008">940510t19861956hu a    l     000 0 eng d</controlfield>
    <datafield tag="020" ind1=" " ind2=" ">
      <subfield code="a">963-13-2362-5 (kötött)</subfield>
    </datafield>
    <datafield tag="035" ind1=" " ind2=" ">
      <subfield code="a">617891</subfield>
    </datafield>
    <datafield tag="040" ind1=" " ind2=" ">
      <subfield code="a">OSZK</subfield>
    </datafield>
    <datafield tag="041" ind1="0" ind2=" ">
      <subfield code="a">engeng</subfield>
    </datafield>
    <datafield tag="072" ind1=" " ind2="1">
      <subfield code="a">WA</subfield>
    </datafield>
    <datafield tag="100" ind1="1" ind2=" ">
      <subfield code="a">Gundel Károly</subfield>
      <subfield code="d">(1883-1956)</subfield>
    </datafield>
    <datafield tag="245" ind1="1" ind2="0">
      <subfield code="a">100 Hungarian dishes /</subfield>
      <subfield code="c">by Károly Gundel ; [contributors Károly Márk et al.]</subfield>
    </datafield>
    <datafield tag="250" ind1=" " ind2=" ">
      <subfield code="a">4. ed.</subfield>
    </datafield>
    <datafield tag="260" ind1=" " ind2=" ">
      <subfield code="a">[Budapest] :</subfield>
      <subfield code="b">Corvina,</subfield>
      <subfield code="c">1986, cop. 1956</subfield>
      <subfield code="e">(Budapest</subfield>
      <subfield code="f">Révai)</subfield>
    </datafield>
    <datafield tag="300" ind1=" " ind2=" ">
      <subfield code="a">118 p., [8] t.fol. :</subfield>
      <subfield code="b">ill., színes ;</subfield>
      <subfield code="c">8x5 cm</subfield>
    </datafield>
    <datafield tag="500" ind1=" " ind2=" ">
      <subfield code="a">Bibliofil kiad.</subfield>
    </datafield>
    <datafield tag="695" ind1=" " ind2=" ">
      <subfield code="a">Ételspecialitások</subfield>
      <subfield code="x">Magyarország</subfield>
    </datafield>
    <datafield tag="700" ind1="1" ind2=" ">
      <subfield code="a">Márk Károly</subfield>
      <subfield code="4">(közrem.)</subfield>
    </datafield>
    <datafield tag="700" ind1="1" ind2="3">
      <subfield code="a">Rákóczy János</subfield>
      <subfield code="4">(közrem.)</subfield>
    </datafield>
    <datafield tag="700" ind1="1" ind2="3">
      <subfield code="a">Rehberger Elek</subfield>
      <subfield code="4">(közrem.)</subfield>
    </datafield>
    <datafield tag="700" ind1="1" ind2="3">
      <subfield code="a">Gundel Ferenc</subfield>
      <subfield code="d">(1917-1984)</subfield>
      <subfield code="4">(közrem.)</subfield>
    </datafield>
    <datafield tag="852" ind1=" " ind2=" ">
      <subfield code="a">B1</subfield>
      <subfield code="b">B1</subfield>
      <subfield code="x">617891</subfield>
    </datafield>
    <datafield tag="852" ind1=" " ind2=" ">
      <subfield code="a">SZ4</subfield>
      <subfield code="b">SZ4</subfield>
      <subfield code="x">bibSOK281146</subfield>
    </datafield>
  </record>
  <record>
    <leader>00701fam  2200229 i 4500</leader>
    <controlfield tag="001">MOKKAZ0006262661  </controlfield>
    <controlfield tag="005">20040915183855.0</controlfield>
    <controlfield tag="008">940510s1987    hu            000 0 eng d</controlfield>
    <datafield tag="020" ind1=" " ind2=" ">
      <subfield code="a">963-13-2556-3 (kötött)</subfield>
    </datafield>
    <datafield tag="035" ind1=" " ind2=" ">
      <subfield code="a">618165</subfield>
    </datafield>
    <datafield tag="040" ind1=" " ind2=" ">
      <subfield code="a">OSZK</subfield>
    </datafield>
    <datafield tag="041" ind1="0" ind2=" ">
      <subfield code="a">engeng</subfield>
    </datafield>
    <datafield tag="100" ind1="1" ind2=" ">
      <subfield code="a">Gundel Károly</subfield>
      <subfield code="d">(1883-1956)</subfield>
    </datafield>
    <datafield tag="245" ind1="1" ind2="0">
      <subfield code="a">100 Hungarian dishes /</subfield>
      <subfield code="c">by Károly Gundel</subfield>
    </datafield>
    <datafield tag="250" ind1=" " ind2=" ">
      <subfield code="a">5. ed.</subfield>
    </datafield>
    <datafield tag="260" ind1=" " ind2=" ">
      <subfield code="a">[Budapest] :</subfield>
      <subfield code="b">Corvina,</subfield>
      <subfield code="c">1987, cop. 1956</subfield>
      <subfield code="e">(Budapest</subfield>
      <subfield code="f">Révai)</subfield>
    </datafield>
    <datafield tag="300" ind1=" " ind2=" ">
      <subfield code="a">118 p., [8] t.fol. :</subfield>
      <subfield code="b">ill., színes ;</subfield>
      <subfield code="c">8x6 cm</subfield>
    </datafield>
    <datafield tag="500" ind1=" " ind2=" ">
      <subfield code="a">Bibliofil kiad.</subfield>
    </datafield>
    <datafield tag="695" ind1=" " ind2=" ">
      <subfield code="a">Ételspecialitások</subfield>
      <subfield code="x">Magyarország</subfield>
    </datafield>
    <datafield tag="852" ind1=" " ind2=" ">
      <subfield code="a">B1</subfield>
      <subfield code="b">B1</subfield>
      <subfield code="x">618165</subfield>
    </datafield>
    <datafield tag="852" ind1=" " ind2=" ">
      <subfield code="a">D1</subfield>
      <subfield code="b">D1</subfield>
      <subfield code="x">963 13 2556 3</subfield>
    </datafield>
    <datafield tag="852" ind1=" " ind2=" ">
      <subfield code="a">SZ4</subfield>
      <subfield code="b">SZ4</subfield>
      <subfield code="x">bibSOK281392</subfield>
    </datafield>
  </record>
  <record>
    <leader>00600fam  2200205 i 4500</leader>
    <controlfield tag="001">MOKKAZ0006262800  </controlfield>
    <controlfield tag="005">20040915183859.0</controlfield>
    <controlfield tag="008">940510t19881988hu      l     000 0 eng d</controlfield>
    <datafield tag="020" ind1=" " ind2=" ">
      <subfield code="a">963-13-2751-5 (kötött)</subfield>
    </datafield>
    <datafield tag="035" ind1=" " ind2=" ">
      <subfield code="a">618509</subfield>
    </datafield>
    <datafield tag="040" ind1=" " ind2=" ">
      <subfield code="a">OSZK</subfield>
    </datafield>
    <datafield tag="041" ind1="0" ind2=" ">
      <subfield code="a">engeng</subfield>
    </datafield>
    <datafield tag="100" ind1="1" ind2=" ">
      <subfield code="a">Gundel Károly</subfield>
      <subfield code="d">(1883-1956)</subfield>
    </datafield>
    <datafield tag="245" ind1="1" ind2="0">
      <subfield code="a">100 Hungarian dishes /</subfield>
      <subfield code="c">by Károly Gundel</subfield>
    </datafield>
    <datafield tag="250" ind1=" " ind2=" ">
      <subfield code="a">6. ed.</subfield>
    </datafield>
    <datafield tag="260" ind1=" " ind2=" ">
      <subfield code="a">[Budapest] :</subfield>
      <subfield code="b">Corvina,</subfield>
      <subfield code="c">1988</subfield>
      <subfield code="e">(Budapest</subfield>
      <subfield code="f">Révai)</subfield>
    </datafield>
    <datafield tag="300" ind1=" " ind2=" ">
      <subfield code="a">118 p., [8] t.fol. :</subfield>
      <subfield code="b">ill., színes ;</subfield>
      <subfield code="c">8x5 cm</subfield>
    </datafield>
    <datafield tag="500" ind1=" " ind2=" ">
      <subfield code="a">Bibliofil kiad.</subfield>
    </datafield>
    <datafield tag="852" ind1=" " ind2=" ">
      <subfield code="a">B1</subfield>
      <subfield code="b">B1</subfield>
      <subfield code="x">618509</subfield>
    </datafield>
    <datafield tag="852" ind1=" " ind2=" ">
      <subfield code="a">P1</subfield>
      <subfield code="b">P1</subfield>
      <subfield code="x">bibJPT0005216</subfield>
    </datafield>
  </record>
  <record>
    <leader>00681cjm  22001811  4500</leader>
    <controlfield tag="001">MOKKAZ0004604615  </controlfield>
    <controlfield tag="005">20040910083935.0</controlfield>
    <controlfield tag="008">      s1997                        und d</controlfield>
    <datafield tag="028" ind1="4" ind2="2">
      <subfield code="a">ISBN 0 435 245457</subfield>
    </datafield>
    <datafield tag="035" ind1=" " ind2=" ">
      <subfield code="a">bibFSZ00450830</subfield>
    </datafield>
    <datafield tag="040" ind1=" " ind2=" ">
      <subfield code="a">FSZEK</subfield>
    </datafield>
    <datafield tag="245" ind1="0" ind2="0">
      <subfield code="a">100+ Ideal For Children</subfield>
      <subfield code="h">[Hangfelvétel] : </subfield>
      <subfield code="b">Topic-Based Activities /</subfield>
      <subfield code="c">Jackie Holderness ; Annie Hughes</subfield>
    </datafield>
    <datafield tag="260" ind1=" " ind2=" ">
      <subfield code="a">[S.l.] :</subfield>
      <subfield code="b">Reed Educational And Professional Publishing Ltd.,</subfield>
      <subfield code="c">1997</subfield>
    </datafield>
    <datafield tag="300" ind1=" " ind2=" ">
      <subfield code="a">1 hangk. :</subfield>
      <subfield code="b">sztereó</subfield>
      <subfield code="e">1 könyv(95 p. : ill. ; 30 cm) +1 mell.</subfield>
    </datafield>
    <datafield tag="505" ind1="0" ind2=" ">
      <subfield code="g">1.,</subfield>
      <subfield code="t">Families</subfield>
      <subfield code="g">2.,</subfield>
      <subfield code="t">Holidays</subfield>
      <subfield code="g">3.,</subfield>
      <subfield code="t">How Things Work</subfield>
      <subfield code="g">4.,</subfield>
      <subfield code="t">Stories</subfield>
    </datafield>
    <datafield tag="695" ind1=" " ind2="1">
      <subfield code="a">nyelvoktató</subfield>
    </datafield>
    <datafield tag="695" ind1=" " ind2="1">
      <subfield code="a">angol</subfield>
    </datafield>
    <datafield tag="852" ind1=" " ind2=" ">
      <subfield code="a">B10</subfield>
      <subfield code="b">1202</subfield>
      <subfield code="x">bibFSZ00450830</subfield>
    </datafield>
  </record>
  <record>
    <leader>00737nam  2200205   4500</leader>
    <controlfield tag="001">MOKKAS0002257167  </controlfield>
    <controlfield tag="005">20060618005759.0</controlfield>
    <controlfield tag="008">810721 1997    xxk                 eng  </controlfield>
    <datafield tag="020" ind1=" " ind2=" ">
      <subfield code="a">0 435 24544 9 (spirálozott)</subfield>
    </datafield>
    <datafield tag="035" ind1=" " ind2=" ">
      <subfield code="a">bibSOK00134428</subfield>
    </datafield>
    <datafield tag="040" ind1=" " ind2=" ">
      <subfield code="a">SK</subfield>
    </datafield>
    <datafield tag="100" ind1="1" ind2=" ">
      <subfield code="a">Holderness, Jackie</subfield>
    </datafield>
    <datafield tag="245" ind1="1" ind2="0">
      <subfield code="a">100+ ideas for children :</subfield>
      <subfield code="b">a teacher's resource book of topic-based activities for children /</subfield>
      <subfield code="c">Jackie Holderness, Annie Hughes</subfield>
    </datafield>
    <datafield tag="260" ind1=" " ind2=" ">
      <subfield code="a">Oxford [etc.] :</subfield>
      <subfield code="b">Heinemann,</subfield>
      <subfield code="c">1997</subfield>
    </datafield>
    <datafield tag="300" ind1=" " ind2=" ">
      <subfield code="a">95 p. :</subfield>
      <subfield code="b">ill. ;</subfield>
      <subfield code="c">30 cm +</subfield>
      <subfield code="e">1 hgk.</subfield>
    </datafield>
    <datafield tag="650" ind1=" " ind2="7">
      <subfield code="a">Angol nyelvkönyv</subfield>
      <subfield code="x">gyerekeknek</subfield>
      <subfield code="2">szte</subfield>
    </datafield>
    <datafield tag="650" ind1=" " ind2="7">
      <subfield code="a">Nyelvtanítás</subfield>
      <subfield code="x">angol</subfield>
      <subfield code="x">módszertan</subfield>
      <subfield code="2">szte</subfield>
    </datafield>
    <datafield tag="695" ind1=" " ind2=" ">
      <subfield code="a">A British Council ajándéka</subfield>
    </datafield>
    <datafield tag="700" ind1="1" ind2=" ">
      <subfield code="a">Hughes, Annie</subfield>
    </datafield>
    <datafield tag="852" ind1=" " ind2=" ">
      <subfield code="a">SZ4</subfield>
      <subfield code="b">SZ4</subfield>
      <subfield code="x">bibSOK00134428</subfield>
    </datafield>
  </record>
  <record>
    <leader>00680nam  2200241 i 4500</leader>
    <controlfield tag="001">MOKKAS0002431277  </controlfield>
    <controlfield tag="005">20060525080125.0</controlfield>
    <controlfield tag="008">900319s1998    xxka          00010 eng  </controlfield>
    <datafield tag="020" ind1=" " ind2=" ">
      <subfield code="a">0 435 24544 9</subfield>
    </datafield>
    <datafield tag="035" ind1=" " ind2=" ">
      <subfield code="a">bibBBM137633</subfield>
    </datafield>
    <datafield tag="040" ind1=" " ind2=" ">
      <subfield code="a">BBMK</subfield>
    </datafield>
    <datafield tag="041" ind1="0" ind2=" ">
      <subfield code="a">eng</subfield>
    </datafield>
    <datafield tag="100" ind1="1" ind2=" ">
      <subfield code="a">Holderness, Jackie</subfield>
    </datafield>
    <datafield tag="245" ind1="1" ind2="0">
      <subfield code="a">100+ Ideas for Children :</subfield>
      <subfield code="b">Topic-based activities /</subfield>
      <subfield code="c">Jackie Holderness, Annie Hughes</subfield>
    </datafield>
    <datafield tag="260" ind1=" " ind2=" ">
      <subfield code="a">Oxford :</subfield>
      <subfield code="b">Heinemann ELT :</subfield>
      <subfield code="b">Macmillan,</subfield>
      <subfield code="c">1998</subfield>
    </datafield>
    <datafield tag="300" ind1=" " ind2=" ">
      <subfield code="a">95 p. :</subfield>
      <subfield code="b">ill. ;</subfield>
      <subfield code="c">30 cm +</subfield>
      <subfield code="e">1 hangkazetta</subfield>
    </datafield>
    <datafield tag="650" ind1=" " ind2="4">
      <subfield code="a">Angol nyelv</subfield>
    </datafield>
    <datafield tag="650" ind1=" " ind2="4">
      <subfield code="a">Oktatás</subfield>
    </datafield>
    <datafield tag="650" ind1=" " ind2="4">
      <subfield code="a">Játék</subfield>
    </datafield>
    <datafield tag="650" ind1=" " ind2="4">
      <subfield code="a">Gyermek</subfield>
    </datafield>
    <datafield tag="695" ind1=" " ind2=" ">
      <subfield code="a">BC</subfield>
    </datafield>
    <datafield tag="700" ind1="1" ind2=" ">
      <subfield code="a">Hughes, Annie</subfield>
    </datafield>
    <datafield tag="852" ind1=" " ind2=" ">
      <subfield code="a">ST1</subfield>
      <subfield code="b">ST1</subfield>
      <subfield code="x">bibBBM137633</subfield>
    </datafield>
  </record>
  <record>
    <leader>00820nam  2200229 i 4500</leader>
    <controlfield tag="001">MOKKAS0003309574  </controlfield>
    <controlfield tag="005">20060603234631.0</controlfield>
    <controlfield tag="008">050101s1998                            d</controlfield>
    <datafield tag="020" ind1=" " ind2=" ">
      <subfield code="a">0-435-24544-9 (spirál fűzéssel)</subfield>
    </datafield>
    <datafield tag="035" ind1=" " ind2=" ">
      <subfield code="a">423502</subfield>
    </datafield>
    <datafield tag="040" ind1=" " ind2=" ">
      <subfield code="a">KKMK</subfield>
    </datafield>
    <datafield tag="100" ind1="1" ind2=" ">
      <subfield code="a">Holderness Jackie</subfield>
    </datafield>
    <datafield tag="245" ind1="1" ind2="0">
      <subfield code="a">100+ ideas for children : </subfield>
      <subfield code="b">a teacher's resource book of topic-based activities for children : [photocopiable] /</subfield>
      <subfield code="c">Jackie Holderness ; Annie Hughes</subfield>
    </datafield>
    <datafield tag="260" ind1=" " ind2=" ">
      <subfield code="a">Oxford :</subfield>
      <subfield code="b">Macmillan Heinemann English Language Teaching,</subfield>
      <subfield code="c">1998</subfield>
    </datafield>
    <datafield tag="300" ind1=" " ind2=" ">
      <subfield code="a">95 p. :</subfield>
      <subfield code="b">ill. ;</subfield>
      <subfield code="c">30 cm +</subfield>
      <subfield code="e">1 hangkazetta</subfield>
    </datafield>
    <datafield tag="500" ind1=" " ind2=" ">
      <subfield code="a">Borítón alcímként: Topic-based activities</subfield>
    </datafield>
    <datafield tag="650" ind1=" " ind2="4">
      <subfield code="a">oktatási módszer</subfield>
    </datafield>
    <datafield tag="650" ind1=" " ind2="4">
      <subfield code="a">nyelvoktatás</subfield>
    </datafield>
    <datafield tag="650" ind1=" " ind2="4">
      <subfield code="a">tanári segédkönyv</subfield>
    </datafield>
    <datafield tag="650" ind1=" " ind2="4">
      <subfield code="a">angol nyelv</subfield>
    </datafield>
    <datafield tag="700" ind1="1" ind2="0">
      <subfield code="a">Hughes Annie</subfield>
    </datafield>
    <datafield tag="852" ind1=" " ind2=" ">
      <subfield code="a">GY1</subfield>
      <subfield code="b">GY1</subfield>
      <subfield code="x">423502</subfield>
    </datafield>
  </record>
  <record>
    <leader>00893nam  2200241   4500</leader>
    <controlfield tag="001">MOKKAS0002330736  </controlfield>
    <controlfield tag="005">20060618043301.0</controlfield>
    <controlfield tag="008">810721 2004    xxk                 eng  </controlfield>
    <datafield tag="020" ind1=" " ind2=" ">
      <subfield code="a">0 435 24544 9 (spirálozott)</subfield>
    </datafield>
    <datafield tag="035" ind1=" " ind2=" ">
      <subfield code="a">bibSOK258141</subfield>
    </datafield>
    <datafield tag="040" ind1=" " ind2=" ">
      <subfield code="a">SK</subfield>
    </datafield>
    <datafield tag="100" ind1="1" ind2=" ">
      <subfield code="a">Holderness, Jackie</subfield>
    </datafield>
    <datafield tag="245" ind1="1" ind2="0">
      <subfield code="a">100+ ideas for children :</subfield>
      <subfield code="b">a teacher's resource book of topic-based activities for children /</subfield>
      <subfield code="c">Jackie Holderness, Annie Hughes</subfield>
    </datafield>
    <datafield tag="260" ind1=" " ind2=" ">
      <subfield code="a">Oxford [etc.] :</subfield>
      <subfield code="b">Macmillan Heinemann,</subfield>
      <subfield code="c">2004</subfield>
    </datafield>
    <datafield tag="300" ind1=" " ind2=" ">
      <subfield code="a">95 p. :</subfield>
      <subfield code="b">ill. ;</subfield>
      <subfield code="c">30 cm +</subfield>
      <subfield code="e">1 hgk.</subfield>
    </datafield>
    <datafield tag="650" ind1=" " ind2="7">
      <subfield code="a">Angol nyelvkönyv</subfield>
      <subfield code="x">gyerekeknek</subfield>
      <subfield code="2">szte</subfield>
    </datafield>
    <datafield tag="650" ind1=" " ind2="7">
      <subfield code="a">Nyelvtanítás</subfield>
      <subfield code="x">angol</subfield>
      <subfield code="x">módszertan</subfield>
      <subfield code="2">szte</subfield>
    </datafield>
    <datafield tag="650" ind1=" " ind2="4">
      <subfield code="a">Angol nyelv</subfield>
      <subfield code="x">tanulás és tanítás</subfield>
    </datafield>
    <datafield tag="650" ind1=" " ind2="4">
      <subfield code="a">Angol nyelv</subfield>
      <subfield code="x">feladatok, gyakorlatok stb.</subfield>
    </datafield>
    <datafield tag="695" ind1=" " ind2=" ">
      <subfield code="a">A British Council ajándéka</subfield>
    </datafield>
    <datafield tag="700" ind1="1" ind2=" ">
      <subfield code="a">Hughes, Annie</subfield>
    </datafield>
    <datafield tag="852" ind1=" " ind2=" ">
      <subfield code="a">SZ4</subfield>
      <subfield code="b">SZ4</subfield>
      <subfield code="x">bibSOK258141</subfield>
    </datafield>
    <datafield tag="852" ind1=" " ind2=" ">
      <subfield code="a">SZK1</subfield>
      <subfield code="b">SZK1</subfield>
      <subfield code="x">bibTMK121330</subfield>
    </datafield>
  </record>
  <record>
    <leader>00736nom  2200205  r4500</leader>
    <controlfield tag="001">MOKKAW0005135728aa</controlfield>
    <controlfield tag="005">20080417014226.0</controlfield>
    <controlfield tag="008">070711m19901992                    eng d</controlfield>
    <datafield tag="020" ind1=" " ind2=" ">
      <subfield code="a">0-435-24544-9</subfield>
      <subfield code="j">fűzött</subfield>
    </datafield>
    <datafield tag="035" ind1=" " ind2=" ">
      <subfield code="a">bibFSZ01373244</subfield>
    </datafield>
    <datafield tag="040" ind1=" " ind2=" ">
      <subfield code="a">FSZEK</subfield>
    </datafield>
    <datafield tag="041" ind1=" " ind2=" ">
      <subfield code="a">eng</subfield>
    </datafield>
    <datafield tag="100" ind1="1" ind2=" ">
      <subfield code="a">Holderness, Jackie</subfield>
    </datafield>
    <datafield tag="245" ind1="1" ind2="0">
      <subfield code="a">100 + ideas for children</subfield>
      <subfield code="h">[Vegyes dokumentum csomag] :</subfield>
      <subfield code="b">a teacher's resource book of topic-based activities for children : photocopiable /</subfield>
      <subfield code="c">Jackie Holderness, Annie Hughes</subfield>
    </datafield>
    <datafield tag="260" ind1=" " ind2=" ">
      <subfield code="a">Oxford :</subfield>
      <subfield code="b">Macmillan Heinemann,</subfield>
      <subfield code="c">1997</subfield>
    </datafield>
    <datafield tag="300" ind1=" " ind2=" ">
      <subfield code="a">1 oktatócsomag (1 könyv, 1 hangk.) ;</subfield>
      <subfield code="c">műanyag tasakban, 26x39 cm</subfield>
    </datafield>
    <datafield tag="695" ind1=" " ind2="1">
      <subfield code="a">alapszint</subfield>
    </datafield>
    <datafield tag="695" ind1=" " ind2="1">
      <subfield code="a">elementary</subfield>
    </datafield>
    <datafield tag="700" ind1="1" ind2=" ">
      <subfield code="a">Hughes, Annie</subfield>
    </datafield>
    <datafield tag="852" ind1=" " ind2=" ">
      <subfield code="a">B10</subfield>
      <subfield code="b">B10</subfield>
      <subfield code="x">bibFSZ01373244</subfield>
    </datafield>
  </record>
  <record>
    <leader>00696nom  2200193  r4500</leader>
    <controlfield tag="001">MOKKAW0005135728  </controlfield>
    <controlfield tag="005">20080312144725.0</controlfield>
    <controlfield tag="008">070711m19901992                    eng d</controlfield>
    <datafield tag="035" ind1=" " ind2=" ">
      <subfield code="a">bibFSZ01373244</subfield>
    </datafield>
    <datafield tag="040" ind1=" " ind2=" ">
      <subfield code="a">FSZEK</subfield>
    </datafield>
    <datafield tag="041" ind1=" " ind2=" ">
      <subfield code="a">eng</subfield>
    </datafield>
    <datafield tag="100" ind1="1" ind2=" ">
      <subfield code="a">Holderness, Jackie</subfield>
    </datafield>
    <datafield tag="245" ind1="1" ind2="0">
      <subfield code="a">100 + ideas for children</subfield>
      <subfield code="h">[Vegyes dokumentum csomag] :</subfield>
      <subfield code="b">a teacher's resource book of topic-based activities for children : photocopiable /</subfield>
      <subfield code="c">Jackie Holderness, Annie Hughes</subfield>
    </datafield>
    <datafield tag="260" ind1=" " ind2=" ">
      <subfield code="a">Oxford :</subfield>
      <subfield code="b">Macmillan Heinemann,</subfield>
      <subfield code="c">1997</subfield>
    </datafield>
    <datafield tag="300" ind1=" " ind2=" ">
      <subfield code="a">1 oktatócsomag (1 könyv, 1 hangk.) ;</subfield>
      <subfield code="c">műanyag tasakban, 26x39 cm</subfield>
    </datafield>
    <datafield tag="695" ind1=" " ind2="1">
      <subfield code="a">alapszint</subfield>
    </datafield>
    <datafield tag="695" ind1=" " ind2="1">
      <subfield code="a">elementary</subfield>
    </datafield>
    <datafield tag="700" ind1="1" ind2=" ">
      <subfield code="a">Hughes, Annie</subfield>
    </datafield>
    <datafield tag="852" ind1=" " ind2=" ">
      <subfield code="a">B10</subfield>
      <subfield code="b">B10</subfield>
      <subfield code="x">bibFSZ01373244</subfield>
    </datafield>
  </record>
  <record>
    <leader>00579nam  2200193 a 4500</leader>
    <controlfield tag="001">MOKKAZ0004887377  </controlfield>
    <controlfield tag="005">20040910113659.0</controlfield>
    <controlfield tag="008">910731c1984    enka          000 0 eng  </controlfield>
    <datafield tag="020" ind1=" " ind2=" ">
      <subfield code="a">0 435 18799 6</subfield>
    </datafield>
    <datafield tag="035" ind1=" " ind2=" ">
      <subfield code="a">bibJPT00170472</subfield>
    </datafield>
    <datafield tag="040" ind1=" " ind2=" ">
      <subfield code="a">PTE</subfield>
    </datafield>
    <datafield tag="100" ind1="1" ind2=" ">
      <subfield code="a">Scher, Anna</subfield>
    </datafield>
    <datafield tag="245" ind1="1" ind2="0">
      <subfield code="a">100 + ideas for drama /</subfield>
      <subfield code="c">Anna Scher, Charles Verrall</subfield>
    </datafield>
    <datafield tag="260" ind1=" " ind2=" ">
      <subfield code="a">London :</subfield>
      <subfield code="b">Heinemann Educational Books,</subfield>
      <subfield code="c">c1984</subfield>
    </datafield>
    <datafield tag="300" ind1=" " ind2=" ">
      <subfield code="a">130 p. ;</subfield>
      <subfield code="c">19 cm</subfield>
    </datafield>
    <datafield tag="695" ind1=" " ind2=" ">
      <subfield code="a">Theater</subfield>
      <subfield code="x">Study and teaching</subfield>
    </datafield>
    <datafield tag="700" ind1="1" ind2=" ">
      <subfield code="a">Verrall, Charles</subfield>
    </datafield>
    <datafield tag="740" ind1="0" ind2=" ">
      <subfield code="a">One hundred plus ideas for drama</subfield>
    </datafield>
    <datafield tag="852" ind1=" " ind2=" ">
      <subfield code="a">P1</subfield>
      <subfield code="b">P1/FK</subfield>
      <subfield code="x">bibJPT00170472</subfield>
    </datafield>
  </record>
  <record>
    <leader>00963nam  2200313 i 4500</leader>
    <controlfield tag="001">MOKKAS0002084707  </controlfield>
    <controlfield tag="005">20060617081328.0</controlfield>
    <controlfield tag="008">050815s2005    hu            000 0 hun d</controlfield>
    <datafield tag="020" ind1=" " ind2=" ">
      <subfield code="a">963-86782-1-6 (kötött)</subfield>
    </datafield>
    <datafield tag="035" ind1=" " ind2=" ">
      <subfield code="a">2572729</subfield>
    </datafield>
    <datafield tag="040" ind1=" " ind2=" ">
      <subfield code="a">OSZK</subfield>
    </datafield>
    <datafield tag="041" ind1="1" ind2=" ">
      <subfield code="a">hunhun</subfield>
      <subfield code="h">eng</subfield>
    </datafield>
    <datafield tag="100" ind1="1" ind2=" ">
      <subfield code="a">Chopra, Mallika</subfield>
    </datafield>
    <datafield tag="240" ind1="1" ind2="0">
      <subfield code="a">100 promises to my baby</subfield>
      <subfield code="l">(magyar)</subfield>
    </datafield>
    <datafield tag="245" ind1="1" ind2="0">
      <subfield code="a">100 ígéret gyermekemnek /</subfield>
      <subfield code="c">Mallika Chopra ; Deepak Chopra előszavával ; [ford. Kovács Ivett]</subfield>
    </datafield>
    <datafield tag="260" ind1=" " ind2=" ">
      <subfield code="a">Budapest :</subfield>
      <subfield code="b">Partvonal,</subfield>
      <subfield code="c">2005</subfield>
    </datafield>
    <datafield tag="300" ind1=" " ind2=" ">
      <subfield code="a">297 p. ;</subfield>
      <subfield code="c">21 cm</subfield>
    </datafield>
    <datafield tag="650" ind1="1" ind2="7">
      <subfield code="a">ezoterika</subfield>
      <subfield code="2">oszk</subfield>
    </datafield>
    <datafield tag="650" ind1=" " ind2="4">
      <subfield code="a">Anyaság</subfield>
    </datafield>
    <datafield tag="650" ind1=" " ind2="0">
      <subfield code="a">Motherhood.</subfield>
    </datafield>
    <datafield tag="650" ind1=" " ind2="7">
      <subfield code="a">Gyermek-anya kapcsolat</subfield>
      <subfield code="2">szte</subfield>
    </datafield>
    <datafield tag="650" ind1=" " ind2="7">
      <subfield code="a">Anyaság</subfield>
      <subfield code="2">szte</subfield>
    </datafield>
    <datafield tag="650" ind1=" " ind2="7">
      <subfield code="a">Anya-gyermek kapcsolat</subfield>
      <subfield code="2">szte</subfield>
    </datafield>
    <datafield tag="700" ind1="1" ind2=" ">
      <subfield code="a">Chopra, Deepak</subfield>
      <subfield code="4">(előszó)</subfield>
    </datafield>
    <datafield tag="700" ind1="1" ind2=" ">
      <subfield code="a">Kovács Ivett</subfield>
      <subfield code="4">(ford.)</subfield>
    </datafield>
    <datafield tag="852" ind1=" " ind2=" ">
      <subfield code="a">B1</subfield>
      <subfield code="b">B1</subfield>
      <subfield code="x">2572729</subfield>
    </datafield>
    <datafield tag="852" ind1=" " ind2=" ">
      <subfield code="a">D1</subfield>
      <subfield code="b">D1</subfield>
      <subfield code="x">bibSOK347320</subfield>
    </datafield>
    <datafield tag="852" ind1=" " ind2=" ">
      <subfield code="a">SZ1</subfield>
      <subfield code="b">SZ1</subfield>
      <subfield code="x">bibJAT00667128</subfield>
    </datafield>
    <datafield tag="852" ind1=" " ind2=" ">
      <subfield code="a">SZ4</subfield>
      <subfield code="b">SZ4</subfield>
      <subfield code="x">bibSOK347320</subfield>
    </datafield>
  </record>
  <record>
    <leader>00619ncm  2200205 ir4500</leader>
    <controlfield tag="001">MOKKAS0002234197  </controlfield>
    <controlfield tag="005">20060526010612.0</controlfield>
    <controlfield tag="008">001122s1987    enk           00010 eng d</controlfield>
    <datafield tag="020" ind1=" " ind2=" ">
      <subfield code="a">1 85720 011 X</subfield>
    </datafield>
    <datafield tag="035" ind1=" " ind2=" ">
      <subfield code="a">bibSOK00112125</subfield>
    </datafield>
    <datafield tag="040" ind1=" " ind2=" ">
      <subfield code="a">SK</subfield>
    </datafield>
    <datafield tag="245" ind1="0" ind2="0">
      <subfield code="a">100 Irish ballads</subfield>
      <subfield code="h">[Kotta] :</subfield>
      <subfield code="b">with words, music and guitar chords /</subfield>
      <subfield code="c">[presented by Pat Conway]</subfield>
    </datafield>
    <datafield tag="254" ind1=" " ind2=" ">
      <subfield code="a">[Szóló]</subfield>
    </datafield>
    <datafield tag="260" ind1=" " ind2=" ">
      <subfield code="a">Dublin :</subfield>
      <subfield code="b">Waltons,</subfield>
      <subfield code="c">cop. 1987</subfield>
    </datafield>
    <datafield tag="300" ind1=" " ind2=" ">
      <subfield code="a">2 db ;</subfield>
      <subfield code="c">21 cm</subfield>
    </datafield>
    <datafield tag="500" ind1=" " ind2=" ">
      <subfield code="a">Főcím a borítóról</subfield>
    </datafield>
    <datafield tag="695" ind1=" " ind2=" ">
      <subfield code="a">Vokális zene</subfield>
      <subfield code="x">dalok</subfield>
      <subfield code="x">ír</subfield>
    </datafield>
    <datafield tag="695" ind1=" " ind2=" ">
      <subfield code="a">Népzene</subfield>
      <subfield code="x">dalok</subfield>
      <subfield code="x">ír</subfield>
    </datafield>
    <datafield tag="700" ind1="1" ind2=" ">
      <subfield code="a">Conway, Pat</subfield>
    </datafield>
    <datafield tag="852" ind1=" " ind2=" ">
      <subfield code="a">SZ4</subfield>
      <subfield code="b">SZ4</subfield>
      <subfield code="x">bibSOK00112125</subfield>
    </datafield>
  </record>
  <record>
    <leader>00947nam  2200265 i 4500</leader>
    <controlfield tag="001">MOKKAN0004714602  </controlfield>
    <controlfield tag="005">20070704230055.0</controlfield>
    <controlfield tag="008">020117s1987                 u    j ger d</controlfield>
    <datafield tag="020" ind1=" " ind2=" ">
      <subfield code="a">3-476-40018-2 (Metzlersche Verl. (fűzött)</subfield>
    </datafield>
    <datafield tag="020" ind1=" " ind2=" ">
      <subfield code="a">3-7281-1604-1 (Verl. der Fachvereine)</subfield>
    </datafield>
    <datafield tag="035" ind1=" " ind2=" ">
      <subfield code="a">71425</subfield>
    </datafield>
    <datafield tag="040" ind1=" " ind2=" ">
      <subfield code="a">SZIEGTUK</subfield>
    </datafield>
    <datafield tag="041" ind1="0" ind2=" ">
      <subfield code="a">ger</subfield>
    </datafield>
    <datafield tag="245" ind1="1" ind2="0">
      <subfield code="a">100 Jahre Abteilung für Kulturtechnik und Vermessung an der Eidg. Technischen Hochschule Zürich 1986 /</subfield>
      <subfield code="c">[Publ.] Eidgenössischen Technischen Hochschule Zürich ; Red. H. Grubinger</subfield>
    </datafield>
    <datafield tag="260" ind1=" " ind2=" ">
      <subfield code="a">Stuttgart</subfield>
      <subfield code="a">Zürich :</subfield>
      <subfield code="b">Metzlersche Verl. :</subfield>
      <subfield code="b">Verl. der Fachvereine,</subfield>
      <subfield code="c">1987</subfield>
    </datafield>
    <datafield tag="300" ind1=" " ind2=" ">
      <subfield code="a">137 p. ;</subfield>
      <subfield code="c">24 cm</subfield>
    </datafield>
    <datafield tag="504" ind1=" " ind2=" ">
      <subfield code="a">Bibliogr. egyes fejezetek végén</subfield>
    </datafield>
    <datafield tag="650" ind1=" " ind2="4">
      <subfield code="a">földmérés</subfield>
    </datafield>
    <datafield tag="650" ind1=" " ind2="4">
      <subfield code="a">műszaki felsőoktatás</subfield>
    </datafield>
    <datafield tag="650" ind1=" " ind2="4">
      <subfield code="a">oktatástörténet</subfield>
    </datafield>
    <datafield tag="650" ind1=" " ind2="4">
      <subfield code="a">talajjavítás</subfield>
    </datafield>
    <datafield tag="650" ind1=" " ind2="4">
      <subfield code="a">talajvédelem</subfield>
    </datafield>
    <datafield tag="650" ind1=" " ind2="4">
      <subfield code="a">Zürich</subfield>
    </datafield>
    <datafield tag="700" ind1="1" ind2=" ">
      <subfield code="a">Grubinger, H.</subfield>
      <subfield code="4">(szerk.)</subfield>
    </datafield>
    <datafield tag="852" ind1=" " ind2=" ">
      <subfield code="a">G1</subfield>
      <subfield code="b">G1</subfield>
      <subfield code="x">71425</subfield>
    </datafield>
  </record>
  <record>
    <leader>01000cam  2200265 i 4500</leader>
    <controlfield tag="001">MOKKAS0001955281  </controlfield>
    <controlfield tag="005">20060531143532.0</controlfield>
    <controlfield tag="008">860221s1985    au a          000 0 ger  </controlfield>
    <datafield tag="010" ind1=" " ind2=" ">
      <subfield code="a">   86121618</subfield>
    </datafield>
    <datafield tag="020" ind1=" " ind2=" ">
      <subfield code="a">3 900 259 02 X</subfield>
    </datafield>
    <datafield tag="035" ind1=" " ind2=" ">
      <subfield code="a">210701</subfield>
    </datafield>
    <datafield tag="040" ind1=" " ind2=" ">
      <subfield code="a">ELTE</subfield>
    </datafield>
    <datafield tag="041" ind1="0" ind2=" ">
      <subfield code="a">ger</subfield>
    </datafield>
    <datafield tag="245" ind1="0" ind2="0">
      <subfield code="a">100 Jahre Alte Geschichte in Innsbruck</subfield>
      <subfield code="b">: Franz Hampl zum 75. Geburtstag /</subfield>
      <subfield code="c">herausgegeben von Reinhold Bichler</subfield>
    </datafield>
    <datafield tag="260" ind1=" " ind2=" ">
      <subfield code="a">Innsbruck :</subfield>
      <subfield code="b">Im Kommissionsverlag der Wagner'schen Universitätsbuchhandlung,</subfield>
      <subfield code="c">1985</subfield>
    </datafield>
    <datafield tag="300" ind1=" " ind2=" ">
      <subfield code="a">106 p. :</subfield>
      <subfield code="b">ill. ;</subfield>
      <subfield code="c">24 cm</subfield>
    </datafield>
    <datafield tag="490" ind1="1" ind2=" ">
      <subfield code="a">(Veröffentlichungen der Universität Innsbruck</subfield>
      <subfield code="v">; 151.)</subfield>
    </datafield>
    <datafield tag="490" ind1="1" ind2=" ">
      <subfield code="a">(Forschungen zur Innsbrucker Universitätgeschichte ;</subfield>
      <subfield code="v">Bd. 13.)</subfield>
    </datafield>
    <datafield tag="504" ind1=" " ind2=" ">
      <subfield code="a">Bibliogr.: p. 89-106.</subfield>
    </datafield>
    <datafield tag="600" ind1="1" ind2="0">
      <subfield code="a">Hampl, Franz</subfield>
      <subfield code="d">(1910-)</subfield>
    </datafield>
    <datafield tag="700" ind1="1" ind2=" ">
      <subfield code="a">Hampl, Franz</subfield>
      <subfield code="d">(1910-)</subfield>
    </datafield>
    <datafield tag="700" ind1="1" ind2=" ">
      <subfield code="a">Bichler, Reinhold</subfield>
      <subfield code="d">(1947-)</subfield>
    </datafield>
    <datafield tag="830" ind1=" " ind2="0">
      <subfield code="a">Veröffentlichungen der Universität Innsbruck</subfield>
    </datafield>
    <datafield tag="830" ind1=" " ind2="0">
      <subfield code="a">Forschungen zur Innsbrucker Universitätgeschichte</subfield>
    </datafield>
    <datafield tag="852" ind1=" " ind2=" ">
      <subfield code="a">B2</subfield>
      <subfield code="b">B2</subfield>
      <subfield code="x">210701</subfield>
    </datafield>
  </record>
  <record>
    <leader>00357cam  22001217  4500</leader>
    <controlfield tag="001">MOKKAZ0004421448  </controlfield>
    <controlfield tag="005">20040910070421.0</controlfield>
    <controlfield tag="008">      s1978                        und d</controlfield>
    <datafield tag="035" ind1=" " ind2=" ">
      <subfield code="a">bibFSZ00267526</subfield>
    </datafield>
    <datafield tag="040" ind1=" " ind2=" ">
      <subfield code="a">FSZEK</subfield>
    </datafield>
    <datafield tag="245" ind1="0" ind2="0">
      <subfield code="a">100 Jahre "Anti-Dühring" /</subfield>
      <subfield code="c">hrsg. v. R. Kirchhoff, T. I. Oiserman</subfield>
    </datafield>
    <datafield tag="260" ind1=" " ind2=" ">
      <subfield code="a">[S.l.] :</subfield>
      <subfield code="b">[S.n.],</subfield>
      <subfield code="c">1978</subfield>
    </datafield>
    <datafield tag="852" ind1=" " ind2=" ">
      <subfield code="a">B10</subfield>
      <subfield code="b">0801</subfield>
      <subfield code="x">bibFSZ00267526</subfield>
    </datafield>
  </record>
  <record>
    <leader>00941cam  2200193 i 4500</leader>
    <controlfield tag="001">MOKKAS0001906863  </controlfield>
    <controlfield tag="005">20060531040138.0</controlfield>
    <controlfield tag="008">010130s1991    gw a          000 0dger d</controlfield>
    <datafield tag="020" ind1=" " ind2=" ">
      <subfield code="a">3 86010 292 3</subfield>
    </datafield>
    <datafield tag="035" ind1=" " ind2=" ">
      <subfield code="a">113695</subfield>
    </datafield>
    <datafield tag="040" ind1=" " ind2=" ">
      <subfield code="a">ELTE</subfield>
    </datafield>
    <datafield tag="041" ind1="0" ind2=" ">
      <subfield code="a">ger</subfield>
    </datafield>
    <datafield tag="245" ind1="0" ind2="0">
      <subfield code="a">100 Jahre Archäologisches Museum in Halle 1891-1991 :</subfield>
      <subfield code="b">Zur Geschichte des Robertinums, seiner Sammlungen und Wissenschaftsdisziplinen</subfield>
      <subfield code="c">/ hrsg. von den Mitarbeitern des Instituts für Klassische Altertumswissenschaften unter Leitung von Joachim Ebert. -</subfield>
    </datafield>
    <datafield tag="260" ind1=" " ind2=" ">
      <subfield code="a">Halle (Saale) :</subfield>
      <subfield code="b">Martin-Luther-Universität Halle-Wittenberg,</subfield>
      <subfield code="c">1991. -</subfield>
    </datafield>
    <datafield tag="300" ind1=" " ind2=" ">
      <subfield code="a">136,[1] p., 1 t. :</subfield>
      <subfield code="b">ill. ;</subfield>
      <subfield code="c">21 cm.</subfield>
    </datafield>
    <datafield tag="490" ind1="1" ind2=" ">
      <subfield code="a">(Wissenschaftliche Beiträge / Martin-Luther-Universität Halle-Wittenberg ;</subfield>
      <subfield code="v">1991/19, 8C 50)</subfield>
    </datafield>
    <datafield tag="650" ind1="0" ind2="4">
      <subfield code="a">régészeti múzeum</subfield>
      <subfield code="x">történet</subfield>
      <subfield code="y">1891-1991</subfield>
      <subfield code="z">Halle</subfield>
    </datafield>
    <datafield tag="830" ind1=" " ind2="0">
      <subfield code="a">Wissenschaftliche Beiträge / Martin-Luther-Universität Halle-Wittenberg. C</subfield>
    </datafield>
    <datafield tag="852" ind1=" " ind2=" ">
      <subfield code="a">B2</subfield>
      <subfield code="b">B2</subfield>
      <subfield code="x">113695</subfield>
    </datafield>
  </record>
  <record>
    <leader>00791cam  2200193   4500</leader>
    <controlfield tag="001">MOKKAZ0003229340  </controlfield>
    <controlfield tag="005">20040909171503.0</controlfield>
    <controlfield tag="008">       1991                        ger  </controlfield>
    <datafield tag="020" ind1=" " ind2=" ">
      <subfield code="a">3 86010 292 3</subfield>
    </datafield>
    <datafield tag="035" ind1=" " ind2=" ">
      <subfield code="a">ISISIIF0008031</subfield>
    </datafield>
    <datafield tag="040" ind1=" " ind2=" ">
      <subfield code="a">DEENK</subfield>
    </datafield>
    <datafield tag="245" ind1="0" ind2="0">
      <subfield code="a">100 Jahre Archäologisches Museum in Halle 1891-1991 :</subfield>
      <subfield code="b">Zur Geschichte des Robertinums, seiner Sammlungen und Wissenschaftdisziplionen /</subfield>
      <subfield code="c">hrsg. ... von Joachim Ebert</subfield>
    </datafield>
    <datafield tag="260" ind1=" " ind2=" ">
      <subfield code="a">Halle :</subfield>
      <subfield code="b">Martin-Luther-Univ.Halle-Wittenberg,</subfield>
      <subfield code="c">1991</subfield>
    </datafield>
    <datafield tag="300" ind1=" " ind2=" ">
      <subfield code="a">136 p. :</subfield>
      <subfield code="b">ill. ;</subfield>
      <subfield code="c">20 cm</subfield>
    </datafield>
    <datafield tag="490" ind1=" " ind2=" ">
      <subfield code="a">(Wissenschaftliche Beiträge / Martin-Luther-Universität Halle-Wittenberg ;</subfield>
      <subfield code="v">1991/19 = C 50)</subfield>
    </datafield>
    <datafield tag="651" ind1=" " ind2=" ">
      <subfield code="a">Robertinum (Halle)</subfield>
    </datafield>
    <datafield tag="696" ind1=" " ind2=" ">
      <subfield code="a">Halle</subfield>
      <subfield code="x">Régészeti Múzeum</subfield>
      <subfield code="y">1891-1991</subfield>
    </datafield>
    <datafield tag="700" ind1=" " ind2=" ">
      <subfield code="a">Ebert, Joachim</subfield>
      <subfield code="e">(szerk.)</subfield>
    </datafield>
    <datafield tag="852" ind1=" " ind2=" ">
      <subfield code="a">D1</subfield>
      <subfield code="b">D1</subfield>
      <subfield code="x">ISISIIF0008031</subfield>
    </datafield>
  </record>
  <record>
    <leader>00618nam  2200181 i 4500</leader>
    <controlfield tag="001">MOKKAW0005794189  </controlfield>
    <controlfield tag="005">20080419010151.0</controlfield>
    <controlfield tag="008">040614s1984    de            000 0 ger d</controlfield>
    <datafield tag="035" ind1=" " ind2=" ">
      <subfield code="a">BMEOMIKK000458072</subfield>
    </datafield>
    <datafield tag="040" ind1=" " ind2=" ">
      <subfield code="a">BMEOMIKK</subfield>
    </datafield>
    <datafield tag="041" ind1="0" ind2=" ">
      <subfield code="a">ger</subfield>
    </datafield>
    <datafield tag="245" ind1="0" ind2="0">
      <subfield code="a">100 Jahre Automobil : </subfield>
      <subfield code="b">100 Jahre Daimler Benz : ein Geburtstags-Magazin /</subfield>
      <subfield code="c">[Hrsg. Daimler-Benz Aktiengesellschaft] ; [... Text Alfred Becker]</subfield>
    </datafield>
    <datafield tag="246" ind1="1" ind2="3">
      <subfield code="a">100 Jahre Daimler Benz</subfield>
    </datafield>
    <datafield tag="260" ind1=" " ind2=" ">
      <subfield code="a">Düsseldorf :</subfield>
      <subfield code="b">VDI-Verl.,</subfield>
      <subfield code="c">1984</subfield>
    </datafield>
    <datafield tag="300" ind1=" " ind2=" ">
      <subfield code="a">48 p. ;</subfield>
      <subfield code="c">31 cm</subfield>
    </datafield>
    <datafield tag="700" ind1="1" ind2=" ">
      <subfield code="a">Becker, Alfred</subfield>
    </datafield>
    <datafield tag="710" ind1="2" ind2=" ">
      <subfield code="a">Daimler-Benz Aktiengesellschaft</subfield>
    </datafield>
    <datafield tag="852" ind1=" " ind2=" ">
      <subfield code="a">B11</subfield>
      <subfield code="b">B11</subfield>
      <subfield code="x">BMEOMIKK000458072</subfield>
    </datafield>
  </record>
  <record>
    <leader>01351cam  2200361 a 4500</leader>
    <controlfield tag="001">MOKKAN0004041724  </controlfield>
    <controlfield tag="005">20070207144748.0</controlfield>
    <controlfield tag="008">061211s1989    au a o   b    000 0 ger d</controlfield>
    <datafield tag="010" ind1=" " ind2=" ">
      <subfield code="a">89212199</subfield>
    </datafield>
    <datafield tag="020" ind1=" " ind2=" ">
      <subfield code="a">3 203 51080 4</subfield>
    </datafield>
    <datafield tag="035" ind1=" " ind2=" ">
      <subfield code="a">bibDEK00613149</subfield>
    </datafield>
    <datafield tag="040" ind1=" " ind2=" ">
      <subfield code="a">DEENK</subfield>
    </datafield>
    <datafield tag="050" ind1="0" ind2="0">
      <subfield code="a">PN5169.V6</subfield>
      <subfield code="b">A76 1989</subfield>
    </datafield>
    <datafield tag="082" ind1="0" ind2="0">
      <subfield code="a">073/.613</subfield>
      <subfield code="2">20</subfield>
    </datafield>
    <datafield tag="100" ind1="1" ind2=" ">
      <subfield code="a">Pelinka, Peter</subfield>
      <subfield code="d">(1951-)</subfield>
      <subfield code="c">(történész, politikatudomány)</subfield>
    </datafield>
    <datafield tag="245" ind1="1" ind2="0">
      <subfield code="a">100 Jahre AZ /</subfield>
      <subfield code="c">Peter Pelinka, Manfred Scheuch</subfield>
    </datafield>
    <datafield tag="260" ind1=" " ind2=" ">
      <subfield code="a">Wien :</subfield>
      <subfield code="b">Europa,</subfield>
      <subfield code="c">1989</subfield>
    </datafield>
    <datafield tag="300" ind1=" " ind2=" ">
      <subfield code="a">204 p. :</subfield>
      <subfield code="b">ill., fotók is ;</subfield>
      <subfield code="c">21 cm</subfield>
    </datafield>
    <datafield tag="504" ind1=" " ind2=" ">
      <subfield code="a">Bibliogr.: p. 201-202.</subfield>
    </datafield>
    <datafield tag="610" ind1="2" ind2=" ">
      <subfield code="a">Arbeiter-Zeitung</subfield>
      <subfield code="d">(1889-1938)</subfield>
      <subfield code="c">(újság)</subfield>
    </datafield>
    <datafield tag="630" ind1="0" ind2=" ">
      <subfield code="a">Neue AZ</subfield>
      <subfield code="x">történet</subfield>
    </datafield>
    <datafield tag="630" ind1="0" ind2=" ">
      <subfield code="a">Arbeiter-Zeitung (Vienna, Austria)</subfield>
      <subfield code="x">történet</subfield>
    </datafield>
    <datafield tag="630" ind1="0" ind2=" ">
      <subfield code="a">Neue AZ</subfield>
      <subfield code="x">History.</subfield>
    </datafield>
    <datafield tag="630" ind1="0" ind2=" ">
      <subfield code="a">Arbeiter-Zeitung (Vienna, Austria)</subfield>
      <subfield code="x">History.</subfield>
    </datafield>
    <datafield tag="650" ind1=" " ind2="4">
      <subfield code="a">Osztrák újságok</subfield>
      <subfield code="z">Ausztria</subfield>
      <subfield code="z">Wien</subfield>
      <subfield code="x">történet</subfield>
      <subfield code="y">20. század</subfield>
    </datafield>
    <datafield tag="650" ind1=" " ind2="4">
      <subfield code="a">Szocializmus</subfield>
      <subfield code="z">Ausztria</subfield>
      <subfield code="x">történet</subfield>
      <subfield code="y">20. század</subfield>
    </datafield>
    <datafield tag="650" ind1=" " ind2="0">
      <subfield code="a">Austrian newspapers</subfield>
      <subfield code="z">Austria</subfield>
      <subfield code="z">Vienna</subfield>
      <subfield code="x">History</subfield>
      <subfield code="y">20th century.</subfield>
    </datafield>
    <datafield tag="650" ind1=" " ind2="0">
      <subfield code="a">Socialism</subfield>
      <subfield code="z">Austria</subfield>
      <subfield code="x">History</subfield>
      <subfield code="y">20th century.</subfield>
    </datafield>
    <datafield tag="651" ind1=" " ind2="4">
      <subfield code="a">Ausztria</subfield>
      <subfield code="x">politika és kormányzat</subfield>
      <subfield code="y">20. század</subfield>
    </datafield>
    <datafield tag="651" ind1=" " ind2="0">
      <subfield code="a">Austria</subfield>
      <subfield code="x">Politics and government</subfield>
      <subfield code="y">20th century.</subfield>
    </datafield>
    <datafield tag="700" ind1="1" ind2=" ">
      <subfield code="a">Scheuch, Manfred</subfield>
      <subfield code="d">(1929-)</subfield>
    </datafield>
    <datafield tag="740" ind1="0" ind2=" ">
      <subfield code="a">Hundert Jahre AZ.</subfield>
    </datafield>
    <datafield tag="852" ind1=" " ind2=" ">
      <subfield code="a">D1</subfield>
      <subfield code="b">D1/OE</subfield>
      <subfield code="x">bibDEK00613149</subfield>
    </datafield>
  </record>
  <record>
    <leader>00601nam  2200193 i 4500</leader>
    <controlfield tag="001">MOKKAW0005597654  </controlfield>
    <controlfield tag="005">20080416000402.0</controlfield>
    <controlfield tag="008">020204s1956    de            000 0 ger d</controlfield>
    <datafield tag="035" ind1=" " ind2=" ">
      <subfield code="a">BMEOMIKK000156110</subfield>
    </datafield>
    <datafield tag="040" ind1=" " ind2=" ">
      <subfield code="a">BMEOMIKK</subfield>
    </datafield>
    <datafield tag="041" ind1="0" ind2=" ">
      <subfield code="a">ger</subfield>
    </datafield>
    <datafield tag="044" ind1=" " ind2=" ">
      <subfield code="a">de</subfield>
    </datafield>
    <datafield tag="110" ind1="2" ind2="0">
      <subfield code="a">Berliner Wasserwerke</subfield>
    </datafield>
    <datafield tag="245" ind1="1" ind2="0">
      <subfield code="a">100 Jahre Berliner Wasserversorgung, 1856-1956 /</subfield>
      <subfield code="c">Dargest. und überreicht von den Werkleitern Albert Uter, Kurt Hünerberg</subfield>
    </datafield>
    <datafield tag="260" ind1=" " ind2=" ">
      <subfield code="a">Berlin :</subfield>
      <subfield code="b">Wilmersdorf,</subfield>
      <subfield code="c">1956</subfield>
    </datafield>
    <datafield tag="300" ind1=" " ind2=" ">
      <subfield code="a">[25]. vol. ;</subfield>
      <subfield code="c">30 cm</subfield>
    </datafield>
    <datafield tag="700" ind1="1" ind2=" ">
      <subfield code="a">Uter, Albert</subfield>
    </datafield>
    <datafield tag="700" ind1="1" ind2=" ">
      <subfield code="a">Hünerberg, Kurt</subfield>
    </datafield>
    <datafield tag="852" ind1=" " ind2=" ">
      <subfield code="a">B11</subfield>
      <subfield code="b">B11</subfield>
      <subfield code="x">BMEOMIKK000156110</subfield>
    </datafield>
  </record>
  <record>
    <leader>00502nam  2200157 i 4500</leader>
    <controlfield tag="001">MOKKAW0005562600  </controlfield>
    <controlfield tag="005">20080415070712.0</controlfield>
    <controlfield tag="008">000504s1963    ch            000 0 ger d</controlfield>
    <datafield tag="035" ind1=" " ind2=" ">
      <subfield code="a">BMEOMIKK000143367</subfield>
    </datafield>
    <datafield tag="040" ind1=" " ind2=" ">
      <subfield code="a">BMEOMIKK</subfield>
    </datafield>
    <datafield tag="041" ind1="0" ind2=" ">
      <subfield code="a">ger</subfield>
    </datafield>
    <datafield tag="100" ind1="1" ind2=" ">
      <subfield code="a">Bratschi, Robert</subfield>
    </datafield>
    <datafield tag="245" ind1="1" ind2="0">
      <subfield code="a">100 Jahre bernische Eisenbahnpolitik : </subfield>
      <subfield code="b">50 Jahre Lötschbergbahn, 1913-1963 /</subfield>
      <subfield code="c">R. Bratschi</subfield>
    </datafield>
    <datafield tag="260" ind1=" " ind2=" ">
      <subfield code="a">Bern :</subfield>
      <subfield code="b">Berner Alpenbahn-Gesellschaft,</subfield>
      <subfield code="c">1963</subfield>
    </datafield>
    <datafield tag="300" ind1=" " ind2=" ">
      <subfield code="a">217 p., 8 t. ;</subfield>
      <subfield code="c">23 cm</subfield>
    </datafield>
    <datafield tag="852" ind1=" " ind2=" ">
      <subfield code="a">B11</subfield>
      <subfield code="b">B11</subfield>
      <subfield code="x">BMEOMIKK000143367</subfield>
    </datafield>
  </record>
  <record>
    <leader>00499nama 22001691i 4500</leader>
    <controlfield tag="001">MOKKAS0000714698  </controlfield>
    <controlfield tag="005">20060616214927.0</controlfield>
    <controlfield tag="008">041105s1982    de            000 0 gerod</controlfield>
    <datafield tag="035" ind1=" " ind2=" ">
      <subfield code="a">1473710</subfield>
    </datafield>
    <datafield tag="040" ind1=" " ind2=" ">
      <subfield code="a">OSZK</subfield>
    </datafield>
    <datafield tag="041" ind1="0" ind2=" ">
      <subfield code="a">gerger</subfield>
    </datafield>
    <datafield tag="245" ind1="0" ind2="0">
      <subfield code="a">100 Jahre Bergarbeiterdichtung /</subfield>
      <subfield code="c">hrsg. von Walter Köpping</subfield>
    </datafield>
    <datafield tag="260" ind1=" " ind2=" ">
      <subfield code="a">Oberhausen :</subfield>
      <subfield code="b">Asso,</subfield>
      <subfield code="c">1982</subfield>
    </datafield>
    <datafield tag="300" ind1=" " ind2=" ">
      <subfield code="a">544 p. :</subfield>
      <subfield code="b">ill. ;</subfield>
      <subfield code="c">28 cm</subfield>
    </datafield>
    <datafield tag="500" ind1=" " ind2=" ">
      <subfield code="a">Antológia</subfield>
    </datafield>
    <datafield tag="700" ind1="1" ind2=" ">
      <subfield code="a">Köpping, Walter</subfield>
      <subfield code="c">(cédulakatalógus alapján)</subfield>
      <subfield code="4">(közrem.)</subfield>
    </datafield>
    <datafield tag="852" ind1=" " ind2=" ">
      <subfield code="a">B1</subfield>
      <subfield code="b">B1</subfield>
      <subfield code="x">1473710</subfield>
    </datafield>
  </record>
  <record>
    <leader>00720ngm  22002175  4500</leader>
    <controlfield tag="001">MOKKAW0005113581  </controlfield>
    <controlfield tag="005">20080312024310.0</controlfield>
    <controlfield tag="008">071129c2007    gw                  ger d</controlfield>
    <datafield tag="028" ind1=" " ind2=" ">
      <subfield code="a">D782116-01</subfield>
    </datafield>
    <datafield tag="035" ind1=" " ind2=" ">
      <subfield code="a">bibJPT00452207</subfield>
    </datafield>
    <datafield tag="040" ind1=" " ind2=" ">
      <subfield code="a">PTE</subfield>
    </datafield>
    <datafield tag="245" ind1="0" ind2="0">
      <subfield code="a">100 Jahre Berlin</subfield>
      <subfield code="h">[DVD-felvétel] :</subfield>
      <subfield code="b">Vom Kaiser bis zur Kanzlerin /</subfield>
      <subfield code="c">[hrsg. der] Spiegel TV</subfield>
    </datafield>
    <datafield tag="260" ind1=" " ind2=" ">
      <subfield code="a">Hamburg :</subfield>
      <subfield code="b">Spiegel TV,</subfield>
      <subfield code="c">cop. 2007</subfield>
    </datafield>
    <datafield tag="300" ind1=" " ind2=" ">
      <subfield code="a">1 DVD (dupla rétegű) (97 min.) ;</subfield>
      <subfield code="c">12 cm</subfield>
    </datafield>
    <datafield tag="500" ind1=" " ind2=" ">
      <subfield code="a">A védőtokon számadatként: Nr. 4.</subfield>
    </datafield>
    <datafield tag="508" ind1=" " ind2=" ">
      <subfield code="a">Illusztráció: Der Spiegel</subfield>
    </datafield>
    <datafield tag="546" ind1=" " ind2=" ">
      <subfield code="a">Hang: német (Stereo)</subfield>
    </datafield>
    <datafield tag="695" ind1=" " ind2=" ">
      <subfield code="a">Berlin története</subfield>
    </datafield>
    <datafield tag="695" ind1=" " ind2=" ">
      <subfield code="a">Várostörténet, Berlin</subfield>
    </datafield>
    <datafield tag="710" ind1="2" ind2=" ">
      <subfield code="a">Spiegel TV (Hamburg)</subfield>
    </datafield>
    <datafield tag="852" ind1=" " ind2=" ">
      <subfield code="a">P1</subfield>
      <subfield code="b">P1</subfield>
      <subfield code="x">bibJPT00452207</subfield>
    </datafield>
  </record>
  <record>
    <leader>00584cam  2200181 i 4500</leader>
    <controlfield tag="001">MOKKAN0003923406  </controlfield>
    <controlfield tag="005">20061105154327.0</controlfield>
    <controlfield tag="008">970426c        xx            00010 ger d</controlfield>
    <datafield tag="035" ind1=" " ind2=" ">
      <subfield code="a">35636</subfield>
    </datafield>
    <datafield tag="040" ind1=" " ind2=" ">
      <subfield code="a">MEKLM</subfield>
    </datafield>
    <datafield tag="041" ind1="0" ind2=" ">
      <subfield code="a">ger</subfield>
    </datafield>
    <datafield tag="245" ind1="0" ind2="0">
      <subfield code="a">100 Jahre Braunkohlenbrikettierung /</subfield>
      <subfield code="c">hrsg. von der Brennstofftechnischen Gesellschaft in der Deutschen Demokratischen Republik</subfield>
    </datafield>
    <datafield tag="260" ind1="0" ind2="1">
      <subfield code="a">Halle :</subfield>
      <subfield code="b">Knapp,</subfield>
      <subfield code="c">1958</subfield>
    </datafield>
    <datafield tag="300" ind1=" " ind2=" ">
      <subfield code="a">355 p., [1] t. :</subfield>
      <subfield code="b">ill. ;</subfield>
      <subfield code="c">27 cm</subfield>
    </datafield>
    <datafield tag="504" ind1=" " ind2=" ">
      <subfield code="a">Bibliogr. p. 343-355.</subfield>
    </datafield>
    <datafield tag="650" ind1="0" ind2="4">
      <subfield code="a">brikettezés története</subfield>
    </datafield>
    <datafield tag="650" ind1="0" ind2="4">
      <subfield code="a">brikettezés</subfield>
      <subfield code="x">története</subfield>
    </datafield>
    <datafield tag="852" ind1=" " ind2=" ">
      <subfield code="a">M1</subfield>
      <subfield code="b">M1</subfield>
      <subfield code="x">35636</subfield>
    </datafield>
  </record>
  <record>
    <leader>00667cam  22001692  4500</leader>
    <controlfield tag="001">MOKKAZ0004421338  </controlfield>
    <controlfield tag="005">20100222110120.0</controlfield>
    <controlfield tag="008">      s1959    de                  ger d</controlfield>
    <datafield tag="035" ind1=" " ind2=" ">
      <subfield code="a">bibFSZ00267416</subfield>
    </datafield>
    <datafield tag="040" ind1=" " ind2=" ">
      <subfield code="a">FSZEK</subfield>
    </datafield>
    <datafield tag="041" ind1=" " ind2=" ">
      <subfield code="a">ger</subfield>
    </datafield>
    <datafield tag="245" ind1="0" ind2="0">
      <subfield code="a">100 Jahre Darwinismus :</subfield>
      <subfield code="b">Protokoll der Darwin-Tagung v. 8. u. 9. Januar 1959  : Präsidium der Gesellschaft zur Verbreitung Wissenschaftlicher Kenntnisse. Sektion Biologie</subfield>
    </datafield>
    <datafield tag="260" ind1=" " ind2=" ">
      <subfield code="a">Leipzig ;</subfield>
      <subfield code="a">Jena :</subfield>
      <subfield code="b">Urania-Verl.,</subfield>
      <subfield code="c">1959</subfield>
    </datafield>
    <datafield tag="300" ind1=" " ind2=" ">
      <subfield code="a">126, [2] p. ;</subfield>
      <subfield code="c">21 cm</subfield>
    </datafield>
    <datafield tag="600" ind1="1" ind2="4">
      <subfield code="a">Darwin, Charles</subfield>
      <subfield code="d">(1809-1882)</subfield>
    </datafield>
    <datafield tag="710" ind1="2" ind2=" ">
      <subfield code="a">Gesellschaft zur Verbreitung Wissenschaftlicher Kenntnisse</subfield>
      <subfield code="4">összeáll.</subfield>
    </datafield>
    <datafield tag="852" ind1=" " ind2=" ">
      <subfield code="a">B10</subfield>
      <subfield code="b">0801</subfield>
      <subfield code="x">bibFSZ00267416</subfield>
    </datafield>
  </record>
  <record>
    <leader>00755nam  2200205 i 4500</leader>
    <controlfield tag="001">MOKKAS0003855287  </controlfield>
    <controlfield tag="005">20060616113429.0</controlfield>
    <controlfield tag="008">060419 1981    gr            000   ger  </controlfield>
    <datafield tag="035" ind1=" " ind2=" ">
      <subfield code="a">bibJAT00669946</subfield>
    </datafield>
    <datafield tag="040" ind1=" " ind2=" ">
      <subfield code="a">SZTE</subfield>
    </datafield>
    <datafield tag="100" ind1="1" ind2=" ">
      <subfield code="a">Farkas Gyula</subfield>
    </datafield>
    <datafield tag="245" ind1="1" ind2="0">
      <subfield code="a">100 Jahre der Ungarischen Anthropologie /</subfield>
      <subfield code="c">Gyula Farkas</subfield>
    </datafield>
    <datafield tag="260" ind1=" " ind2=" ">
      <subfield code="a">[Xanthi] :</subfield>
      <subfield code="b">[S.n.],</subfield>
      <subfield code="c">1981</subfield>
    </datafield>
    <datafield tag="300" ind1=" " ind2=" ">
      <subfield code="a">333-341. p. ;</subfield>
      <subfield code="c">23 cm</subfield>
    </datafield>
    <datafield tag="504" ind1=" " ind2=" ">
      <subfield code="a">Bibliográfiákkal</subfield>
    </datafield>
    <datafield tag="505" ind1=" " ind2=" ">
      <subfield code="t">István Kiszely : A Föld népei, Europa = Die Völker der Erde, Europa : Gondolat Vlg., Budapest, 1979. 736 Seiten :[recenzió]</subfield>
    </datafield>
    <datafield tag="580" ind1=" " ind2=" ">
      <subfield code="a">klny. Journal of Mediterranean Anthropology and Archeology, 1981. 1.</subfield>
    </datafield>
    <datafield tag="650" ind1=" " ind2="7">
      <subfield code="a">Embertan</subfield>
      <subfield code="x">Magyarország</subfield>
      <subfield code="2">szte</subfield>
    </datafield>
    <datafield tag="700" ind1="1" ind2=" ">
      <subfield code="a">Kiszely István</subfield>
    </datafield>
    <datafield tag="852" ind1=" " ind2=" ">
      <subfield code="a">SZ1</subfield>
      <subfield code="b">SZ1</subfield>
      <subfield code="x">bibJAT00669946</subfield>
    </datafield>
  </record>
  <record>
    <leader>00741nam  2200229 i 4500</leader>
    <controlfield tag="001">MOKKAN0004594699  </controlfield>
    <controlfield tag="005">20070503082143.0</controlfield>
    <controlfield tag="008">051216s1999    de                  ger d</controlfield>
    <datafield tag="020" ind1=" " ind2=" ">
      <subfield code="a">3-933115-56-6</subfield>
    </datafield>
    <datafield tag="035" ind1=" " ind2=" ">
      <subfield code="a">150500810</subfield>
    </datafield>
    <datafield tag="040" ind1=" " ind2=" ">
      <subfield code="a">BDK</subfield>
    </datafield>
    <datafield tag="041" ind1="0" ind2=" ">
      <subfield code="a">ger</subfield>
    </datafield>
    <datafield tag="245" ind1="0" ind2="0">
      <subfield code="a">100 Jahre Deutschland : </subfield>
      <subfield code="b">12 Themen, 12 Monate : immerwährender Kalender /</subfield>
      <subfield code="c">[Red. Beate Bolzano et al.] ; [Hrsg. Goethe-Institut]</subfield>
    </datafield>
    <datafield tag="260" ind1=" " ind2=" ">
      <subfield code="a">München :</subfield>
      <subfield code="b">Goethe-Institut,</subfield>
      <subfield code="c">1999</subfield>
    </datafield>
    <datafield tag="300" ind1=" " ind2=" ">
      <subfield code="a">12x11 t. :</subfield>
      <subfield code="b">ill., színes ;</subfield>
      <subfield code="c">26 cm +</subfield>
      <subfield code="e">1 mell. (28 p. : ill.)</subfield>
    </datafield>
    <datafield tag="650" ind1=" " ind2="4">
      <subfield code="a">didaktika</subfield>
    </datafield>
    <datafield tag="650" ind1=" " ind2="4">
      <subfield code="a">nyelvoktatás</subfield>
    </datafield>
    <datafield tag="650" ind1=" " ind2="4">
      <subfield code="a">német nyelv</subfield>
    </datafield>
    <datafield tag="650" ind1=" " ind2="4">
      <subfield code="a">oktatási segédlet</subfield>
    </datafield>
    <datafield tag="650" ind1=" " ind2="4">
      <subfield code="a">országismeret</subfield>
    </datafield>
    <datafield tag="700" ind1="1" ind2=" ">
      <subfield code="a">Bolzano, Beate</subfield>
      <subfield code="4">(szerk.)</subfield>
    </datafield>
    <datafield tag="852" ind1=" " ind2=" ">
      <subfield code="a">SZO1</subfield>
      <subfield code="b">SZO1</subfield>
      <subfield code="x">150500810</subfield>
    </datafield>
  </record>
  <record>
    <leader>00559nam  2200157 i 4500</leader>
    <controlfield tag="001">MOKKAS0003686991  </controlfield>
    <controlfield tag="005">20060614071046.0</controlfield>
    <controlfield tag="008">050706s1999    gw                  ger d</controlfield>
    <datafield tag="035" ind1=" " ind2=" ">
      <subfield code="a">bibSEF90076</subfield>
    </datafield>
    <datafield tag="040" ind1=" " ind2=" ">
      <subfield code="a">NYME</subfield>
    </datafield>
    <datafield tag="110" ind1="2" ind2=" ">
      <subfield code="a">Deutscher Forstverein</subfield>
    </datafield>
    <datafield tag="245" ind1="1" ind2="0">
      <subfield code="a">100 Jahre Deutscher Forstverein :</subfield>
      <subfield code="b">59. Jahrestagung 23.9. - 26.9.1999 in Schwerin : Kongressbericht /</subfield>
      <subfield code="c">[Hrsg.] Deutscher Forstverein</subfield>
    </datafield>
    <datafield tag="260" ind1=" " ind2=" ">
      <subfield code="a">[Göttingen] :</subfield>
      <subfield code="b">Deutscher Forstverein,</subfield>
      <subfield code="c">1999</subfield>
    </datafield>
    <datafield tag="300" ind1=" " ind2=" ">
      <subfield code="a">351 p. ;</subfield>
      <subfield code="c">21 cm +</subfield>
      <subfield code="e">mell.</subfield>
    </datafield>
    <datafield tag="500" ind1=" " ind2=" ">
      <subfield code="a">Mell.: Einladung und Programm</subfield>
    </datafield>
    <datafield tag="852" ind1=" " ind2=" ">
      <subfield code="a">S1</subfield>
      <subfield code="b">S1</subfield>
      <subfield code="x">bibSEF90076</subfield>
    </datafield>
  </record>
  <record>
    <leader>00569nam  2200193   4500</leader>
    <controlfield tag="001">MOKKAS0002352282  </controlfield>
    <controlfield tag="005">20060618060206.0</controlfield>
    <controlfield tag="008">020531 1913    hu                  ger  </controlfield>
    <datafield tag="035" ind1=" " ind2=" ">
      <subfield code="a">bibRET00005605</subfield>
    </datafield>
    <datafield tag="040" ind1=" " ind2=" ">
      <subfield code="a">SK</subfield>
    </datafield>
    <datafield tag="100" ind1="1" ind2=" ">
      <subfield code="a">Heinrichka, Max</subfield>
    </datafield>
    <datafield tag="245" ind1="1" ind2="0">
      <subfield code="a">100 Jahre deutsche Zukunft. /</subfield>
      <subfield code="c">HEINRICHKA, Max</subfield>
    </datafield>
    <datafield tag="260" ind1=" " ind2=" ">
      <subfield code="a">[Lipcse] Leipzig :</subfield>
      <subfield code="b">Druck von Vogel &amp; Vogel ,</subfield>
      <subfield code="c">1913</subfield>
    </datafield>
    <datafield tag="300" ind1=" " ind2=" ">
      <subfield code="a">68 p. ;</subfield>
      <subfield code="c"> 8 r. 22 cm</subfield>
    </datafield>
    <datafield tag="561" ind1=" " ind2=" ">
      <subfield code="a">Sz K (pecsét)</subfield>
      <subfield code="5">Sz4, G.a. 2994</subfield>
    </datafield>
    <datafield tag="695" ind1=" " ind2=" ">
      <subfield code="a">jövendölések</subfield>
    </datafield>
    <datafield tag="700" ind1="1" ind2=" ">
      <subfield code="a">Vogel ny.</subfield>
    </datafield>
    <datafield tag="700" ind1="1" ind2=" ">
      <subfield code="a">Sz K</subfield>
      <subfield code="e">(possessor)</subfield>
    </datafield>
    <datafield tag="852" ind1=" " ind2=" ">
      <subfield code="a">SZ4</subfield>
      <subfield code="b">SZ4</subfield>
      <subfield code="x">bibRET00005605</subfield>
    </datafield>
  </record>
  <record>
    <leader>00784nama 22002291i 4500</leader>
    <controlfield tag="001">MOKKAS0000715835  </controlfield>
    <controlfield tag="005">20060616215505.0</controlfield>
    <controlfield tag="008">041105s1986    de            000 0 gerod</controlfield>
    <datafield tag="035" ind1=" " ind2=" ">
      <subfield code="a">1474848</subfield>
    </datafield>
    <datafield tag="040" ind1=" " ind2=" ">
      <subfield code="a">OSZK</subfield>
    </datafield>
    <datafield tag="041" ind1="0" ind2=" ">
      <subfield code="a">gerger</subfield>
    </datafield>
    <datafield tag="245" ind1="0" ind2="0">
      <subfield code="a">100 Jahre Deutsches Theater Berlin, 1883-1983 /</subfield>
      <subfield code="c">[Hrsg. Michael Kuschnia]</subfield>
    </datafield>
    <datafield tag="250" ind1=" " ind2=" ">
      <subfield code="a">2., durchges, erg. Aufl.</subfield>
    </datafield>
    <datafield tag="260" ind1=" " ind2=" ">
      <subfield code="a">Berlin :</subfield>
      <subfield code="b">Henschelverlag,</subfield>
      <subfield code="c">1986</subfield>
    </datafield>
    <datafield tag="300" ind1=" " ind2=" ">
      <subfield code="a">541 p. :</subfield>
      <subfield code="b">ill. ;</subfield>
      <subfield code="c">28 cm</subfield>
    </datafield>
    <datafield tag="504" ind1=" " ind2=" ">
      <subfield code="a">Bibliogr.: p. 524-533.</subfield>
    </datafield>
    <datafield tag="650" ind1=" " ind2="4">
      <subfield code="a">Színházművészet. Színháztudomány. Színpadtechnika. Színielőadások</subfield>
    </datafield>
    <datafield tag="650" ind1=" " ind2="4">
      <subfield code="a">Német nyelven</subfield>
    </datafield>
    <datafield tag="700" ind1="1" ind2=" ">
      <subfield code="a">Kuschnia, Michael</subfield>
      <subfield code="c">(cédulakatalógus alapján)</subfield>
      <subfield code="4">(közrem.)</subfield>
    </datafield>
    <datafield tag="710" ind1="2" ind2=" ">
      <subfield code="a">Deutsches Theater (Berlin)</subfield>
      <subfield code="4">közread.</subfield>
    </datafield>
    <datafield tag="852" ind1=" " ind2=" ">
      <subfield code="a">B1</subfield>
      <subfield code="b">B1</subfield>
      <subfield code="x">1474848</subfield>
    </datafield>
    <datafield tag="852" ind1=" " ind2=" ">
      <subfield code="a">B14</subfield>
      <subfield code="b">B14</subfield>
      <subfield code="x">394206</subfield>
    </datafield>
  </record>
  <record>
    <leader>00745nam  2200217 i 4500</leader>
    <controlfield tag="001">MOKKAZ0006432902  </controlfield>
    <controlfield tag="005">20040915202246.0</controlfield>
    <controlfield tag="008">000321s1998    at bc          00 0 gerod</controlfield>
    <datafield tag="020" ind1=" " ind2=" ">
      <subfield code="a">3-205-99017-X</subfield>
    </datafield>
    <datafield tag="035" ind1=" " ind2=" ">
      <subfield code="a">836948</subfield>
    </datafield>
    <datafield tag="040" ind1=" " ind2=" ">
      <subfield code="a">OSZK</subfield>
    </datafield>
    <datafield tag="041" ind1="0" ind2=" ">
      <subfield code="a">gerger</subfield>
    </datafield>
    <datafield tag="072" ind1=" " ind2="1">
      <subfield code="a">7y</subfield>
    </datafield>
    <datafield tag="245" ind1="0" ind2="0">
      <subfield code="a">100 Jahre Dracula /</subfield>
      <subfield code="c">hrsg. von Rainer M. Köppl</subfield>
    </datafield>
    <datafield tag="260" ind1=" " ind2=" ">
      <subfield code="a">Wien :</subfield>
      <subfield code="b">Böhlau,</subfield>
      <subfield code="c">cop. 1998</subfield>
    </datafield>
    <datafield tag="300" ind1=" " ind2=" ">
      <subfield code="a">170 p., [4] t. :</subfield>
      <subfield code="b">ill., részben térk. ;</subfield>
      <subfield code="c">24 cm</subfield>
    </datafield>
    <datafield tag="500" ind1=" " ind2=" ">
      <subfield code="a">A "Maske und Kothurn : internationale Beiträge zur Theaterwissenschaft", ISSN 0025-4606, 41. évf. 1-2. füzete (1995)</subfield>
    </datafield>
    <datafield tag="504" ind1=" " ind2=" ">
      <subfield code="a">Bibliogr. a tanulmányok végén</subfield>
    </datafield>
    <datafield tag="600" ind1="0" ind2="4">
      <subfield code="a">Vlad</subfield>
      <subfield code="c">(Havasalföld: vajda)</subfield>
      <subfield code="b">III.</subfield>
      <subfield code="c">Tepes</subfield>
    </datafield>
    <datafield tag="700" ind1="1" ind2=" ">
      <subfield code="a">Köppl, Rainer M.</subfield>
      <subfield code="4">(szerk.)</subfield>
    </datafield>
    <datafield tag="852" ind1=" " ind2=" ">
      <subfield code="a">B1</subfield>
      <subfield code="b">B1</subfield>
      <subfield code="x">836948</subfield>
    </datafield>
  </record>
  <record>
    <leader>00537nam  2200181 i 4500</leader>
    <controlfield tag="001">MOKKAN0004866727  </controlfield>
    <controlfield tag="005">20080312083831.0</controlfield>
    <controlfield tag="008">990828s1986                  000 0 ger d</controlfield>
    <datafield tag="035" ind1=" " ind2=" ">
      <subfield code="a">BMEOMIKK000016232</subfield>
    </datafield>
    <datafield tag="040" ind1=" " ind2=" ">
      <subfield code="a">BMEOMIKK</subfield>
    </datafield>
    <datafield tag="041" ind1="0" ind2=" ">
      <subfield code="a">ger</subfield>
    </datafield>
    <datafield tag="100" ind1="1" ind2=" ">
      <subfield code="a">Krentzien, Wulf</subfield>
    </datafield>
    <datafield tag="245" ind1="1" ind2="0">
      <subfield code="a">100 Jahre Eisenbahnen auf Rügen, 1883-1983 /</subfield>
      <subfield code="c">Verfasser Wulf Krentzien</subfield>
    </datafield>
    <datafield tag="250" ind1=" " ind2=" ">
      <subfield code="a">3. durchges. Aufl.</subfield>
    </datafield>
    <datafield tag="260" ind1=" " ind2=" ">
      <subfield code="a">Greifswald :</subfield>
      <subfield code="b">DMV,</subfield>
      <subfield code="c">[1986]</subfield>
    </datafield>
    <datafield tag="300" ind1=" " ind2=" ">
      <subfield code="a">96 p. ;</subfield>
      <subfield code="c">21 cm +</subfield>
      <subfield code="e">mell.</subfield>
    </datafield>
    <datafield tag="504" ind1=" " ind2=" ">
      <subfield code="a">Bibliogr.: p. 95-96.</subfield>
    </datafield>
    <datafield tag="852" ind1=" " ind2=" ">
      <subfield code="a">B11</subfield>
      <subfield code="b">B11</subfield>
      <subfield code="x">BMEOMIKK000016232</subfield>
    </datafield>
  </record>
  <record>
    <leader>01372aam  2200493   4500</leader>
    <controlfield tag="001">MOKKAS0002466440  </controlfield>
    <controlfield tag="005">20060617221410.0</controlfield>
    <controlfield tag="008">951212 1974                        ger  </controlfield>
    <datafield tag="020" ind1=" " ind2=" ">
      <subfield code="a">379250209</subfield>
    </datafield>
    <datafield tag="035" ind1=" " ind2=" ">
      <subfield code="a">bibMIF00003926</subfield>
    </datafield>
    <datafield tag="040" ind1=" " ind2=" ">
      <subfield code="a">MOME</subfield>
    </datafield>
    <datafield tag="130" ind1=" " ind2=" ">
      <subfield code="a">100 years of bicycle posters</subfield>
    </datafield>
    <datafield tag="245" ind1="1" ind2="0">
      <subfield code="a">100 Jahre Fahrrad-Plakate :</subfield>
      <subfield code="b">Eine Sammlung von 96 Reproduktionen /</subfield>
      <subfield code="c">zusammengestellt und kommentiert von Jack Rennert</subfield>
    </datafield>
    <datafield tag="260" ind1=" " ind2=" ">
      <subfield code="a">Berlin :</subfield>
      <subfield code="b">Rembrandt Verl.,</subfield>
      <subfield code="c">cop. 1974</subfield>
    </datafield>
    <datafield tag="300" ind1=" " ind2=" ">
      <subfield code="a">112 p.</subfield>
      <subfield code="b">ill.</subfield>
    </datafield>
    <datafield tag="500" ind1=" " ind2=" ">
      <subfield code="a">Képjegyzék 5-16. p.</subfield>
    </datafield>
    <datafield tag="500" ind1=" " ind2=" ">
      <subfield code="a">192 ábra és részben színes fotó</subfield>
    </datafield>
    <datafield tag="504" ind1=" " ind2=" ">
      <subfield code="a">Bibliogr. 16. p.</subfield>
    </datafield>
    <datafield tag="695" ind1=" " ind2=" ">
      <subfield code="a">kerékpár</subfield>
    </datafield>
    <datafield tag="695" ind1=" " ind2=" ">
      <subfield code="a">plakát</subfield>
    </datafield>
    <datafield tag="695" ind1=" " ind2=" ">
      <subfield code="a">poszter</subfield>
    </datafield>
    <datafield tag="695" ind1=" " ind2=" ">
      <subfield code="a">történelem</subfield>
    </datafield>
    <datafield tag="695" ind1=" " ind2=" ">
      <subfield code="a">képzőművészeti kép</subfield>
    </datafield>
    <datafield tag="695" ind1=" " ind2=" ">
      <subfield code="a">színalkalmazás</subfield>
    </datafield>
    <datafield tag="695" ind1=" " ind2=" ">
      <subfield code="a">izmusok[tág értelemben]</subfield>
    </datafield>
    <datafield tag="695" ind1=" " ind2=" ">
      <subfield code="a">alkalmazott grafika</subfield>
    </datafield>
    <datafield tag="695" ind1=" " ind2=" ">
      <subfield code="a">bélyeg</subfield>
    </datafield>
    <datafield tag="695" ind1=" " ind2=" ">
      <subfield code="a">grafikai formatervezés</subfield>
    </datafield>
    <datafield tag="695" ind1=" " ind2=" ">
      <subfield code="a">hirdetés</subfield>
    </datafield>
    <datafield tag="695" ind1=" " ind2=" ">
      <subfield code="a">reklámgrafika</subfield>
    </datafield>
    <datafield tag="695" ind1=" " ind2=" ">
      <subfield code="a">szecesszió</subfield>
    </datafield>
    <datafield tag="695" ind1=" " ind2=" ">
      <subfield code="a">képzelet</subfield>
    </datafield>
    <datafield tag="695" ind1=" " ind2=" ">
      <subfield code="a">gyűjtemény</subfield>
    </datafield>
    <datafield tag="695" ind1=" " ind2=" ">
      <subfield code="a">kereskedelem</subfield>
    </datafield>
    <datafield tag="695" ind1=" " ind2=" ">
      <subfield code="a">Amerika</subfield>
    </datafield>
    <datafield tag="695" ind1=" " ind2=" ">
      <subfield code="a">Európa</subfield>
    </datafield>
    <datafield tag="695" ind1=" " ind2=" ">
      <subfield code="a">kerékpárverseny</subfield>
    </datafield>
    <datafield tag="695" ind1=" " ind2=" ">
      <subfield code="a">technikatörténet</subfield>
    </datafield>
    <datafield tag="695" ind1=" " ind2=" ">
      <subfield code="a">1870</subfield>
    </datafield>
    <datafield tag="695" ind1=" " ind2=" ">
      <subfield code="a">1880</subfield>
    </datafield>
    <datafield tag="695" ind1=" " ind2=" ">
      <subfield code="a">1890</subfield>
    </datafield>
    <datafield tag="695" ind1=" " ind2=" ">
      <subfield code="a">20. század</subfield>
    </datafield>
    <datafield tag="700" ind1="1" ind2=" ">
      <subfield code="a">Rennert, Jack</subfield>
    </datafield>
    <datafield tag="852" ind1=" " ind2=" ">
      <subfield code="a">B646</subfield>
      <subfield code="b">B646</subfield>
      <subfield code="x">bibMIF00003926</subfield>
    </datafield>
  </record>
  <record>
    <leader>00768nama 22001691i 4500</leader>
    <controlfield tag="001">MOKKAS0000676895  </controlfield>
    <controlfield tag="005">20060118141543.0</controlfield>
    <controlfield tag="008">041105s1973    at            000 0 gerod</controlfield>
    <datafield tag="035" ind1=" " ind2=" ">
      <subfield code="a">1435844</subfield>
    </datafield>
    <datafield tag="040" ind1=" " ind2=" ">
      <subfield code="a">OSZK</subfield>
    </datafield>
    <datafield tag="041" ind1="0" ind2=" ">
      <subfield code="a">gerger</subfield>
    </datafield>
    <datafield tag="245" ind1="0" ind2="0">
      <subfield code="a">100 Jahre Franz Josefs-Land : </subfield>
      <subfield code="b">zur Erinnerung an die Entdeckungreise der Österreichisch-Ungarischen Nordpol-Expedition 1872-1874 unter Julius von Payer und Carl Weyprecht : Austellung : Wien, Österreichische Nationalbibliothek : katalog /</subfield>
      <subfield code="c">[org. Österreichische Geographische Gesellschaft, Österreichische Nationalbibliothek]</subfield>
    </datafield>
    <datafield tag="260" ind1=" " ind2=" ">
      <subfield code="a">Wien :</subfield>
      <subfield code="b">Österreichische Nationalbibliothek,</subfield>
      <subfield code="c">1973</subfield>
    </datafield>
    <datafield tag="300" ind1=" " ind2=" ">
      <subfield code="a">XII, 128 p., 10 t. ;</subfield>
      <subfield code="c">21 cm</subfield>
    </datafield>
    <datafield tag="490" ind1="1" ind2=" ">
      <subfield code="a">Biblos-Schriften</subfield>
      <subfield code="v">75.</subfield>
    </datafield>
    <datafield tag="830" ind1=" " ind2="0">
      <subfield code="a">Biblos-Schriften</subfield>
    </datafield>
    <datafield tag="852" ind1=" " ind2=" ">
      <subfield code="a">B1</subfield>
      <subfield code="b">B1</subfield>
      <subfield code="x">1435844</subfield>
    </datafield>
  </record>
  <record>
    <leader>00580nama 22001811i 4500</leader>
    <controlfield tag="001">MOKKAS0000667172  </controlfield>
    <controlfield tag="005">20060616160255.0</controlfield>
    <controlfield tag="008">041105s1985    at            000 0 gerod</controlfield>
    <datafield tag="035" ind1=" " ind2=" ">
      <subfield code="a">1426075</subfield>
    </datafield>
    <datafield tag="040" ind1=" " ind2=" ">
      <subfield code="a">OSZK</subfield>
    </datafield>
    <datafield tag="041" ind1="0" ind2=" ">
      <subfield code="a">gerger</subfield>
    </datafield>
    <datafield tag="245" ind1="0" ind2="0">
      <subfield code="a">100 Jahre Freiwillige Feuerwehr Zurndorf : </subfield>
      <subfield code="b">1885-1985 /</subfield>
      <subfield code="c">[Bearb. Paul Ebner]</subfield>
    </datafield>
    <datafield tag="260" ind1=" " ind2=" ">
      <subfield code="a">Zurndorf :</subfield>
      <subfield code="b">Freiwillige Feuerwehr,</subfield>
      <subfield code="c">1985</subfield>
    </datafield>
    <datafield tag="300" ind1=" " ind2=" ">
      <subfield code="a">45 p. :</subfield>
      <subfield code="b">ill. ;</subfield>
      <subfield code="c">21x19 cm</subfield>
    </datafield>
    <datafield tag="610" ind1="2" ind2="4">
      <subfield code="a">Freiwillige Stadtfeuerwehr (Zurndorf)</subfield>
    </datafield>
    <datafield tag="651" ind1=" " ind2="4">
      <subfield code="a">Zurány</subfield>
    </datafield>
    <datafield tag="700" ind1="1" ind2=" ">
      <subfield code="a">Ebner, Paul</subfield>
      <subfield code="c">(cédulakatalógus alapján)</subfield>
      <subfield code="4">(közrem.)</subfield>
    </datafield>
    <datafield tag="852" ind1=" " ind2=" ">
      <subfield code="a">B1</subfield>
      <subfield code="b">B1</subfield>
      <subfield code="x">1426075</subfield>
    </datafield>
  </record>
  <record>
    <leader>00688nama 22001931i 4500</leader>
    <controlfield tag="001">MOKKAS0000640854  </controlfield>
    <controlfield tag="005">20060614193645.0</controlfield>
    <controlfield tag="008">041001s1975    at            000 0 gerod</controlfield>
    <datafield tag="035" ind1=" " ind2=" ">
      <subfield code="a">1399737</subfield>
    </datafield>
    <datafield tag="040" ind1=" " ind2=" ">
      <subfield code="a">OSZK</subfield>
    </datafield>
    <datafield tag="041" ind1="0" ind2=" ">
      <subfield code="a">gerger</subfield>
    </datafield>
    <datafield tag="245" ind1="0" ind2="0">
      <subfield code="a">100 Jahre Freiwillige Feuerwehr Mattersburg : </subfield>
      <subfield code="b">1875-1975 /</subfield>
      <subfield code="c">[red. Herbert Koller]</subfield>
    </datafield>
    <datafield tag="246" ind1="1" ind2="4">
      <subfield code="a">Freiwillige Stadtfeuerwehr, Mattersburg</subfield>
      <subfield code="b">100 Jahre</subfield>
    </datafield>
    <datafield tag="260" ind1=" " ind2=" ">
      <subfield code="a">Mattersburg :</subfield>
      <subfield code="b">Freiwillige Stadtfeuerwehr Mattersburg,</subfield>
      <subfield code="c">1975</subfield>
    </datafield>
    <datafield tag="300" ind1=" " ind2=" ">
      <subfield code="a">52 p. :</subfield>
      <subfield code="b">ill. ;</subfield>
      <subfield code="c">21 cm</subfield>
    </datafield>
    <datafield tag="651" ind1=" " ind2="4">
      <subfield code="a">Nagymarton</subfield>
    </datafield>
    <datafield tag="700" ind1="1" ind2=" ">
      <subfield code="a">Koller, Herbert</subfield>
      <subfield code="c">(cédulakatalógus alapján)</subfield>
      <subfield code="4">(szerk.)</subfield>
    </datafield>
    <datafield tag="710" ind1="2" ind2=" ">
      <subfield code="a">Freiwillige Stadtfeuerwehr (Mattersburg)</subfield>
      <subfield code="4">közread.</subfield>
    </datafield>
    <datafield tag="852" ind1=" " ind2=" ">
      <subfield code="a">B1</subfield>
      <subfield code="b">B1</subfield>
      <subfield code="x">1399737</subfield>
    </datafield>
  </record>
  <record>
    <leader>00621nama 22001811i 4500</leader>
    <controlfield tag="001">MOKKAS0000667171  </controlfield>
    <controlfield tag="005">20060616160254.0</controlfield>
    <controlfield tag="008">041105s1983    at            000 0 gerod</controlfield>
    <datafield tag="035" ind1=" " ind2=" ">
      <subfield code="a">1426074</subfield>
    </datafield>
    <datafield tag="040" ind1=" " ind2=" ">
      <subfield code="a">OSZK</subfield>
    </datafield>
    <datafield tag="041" ind1="0" ind2=" ">
      <subfield code="a">gerger</subfield>
    </datafield>
    <datafield tag="245" ind1="0" ind2="0">
      <subfield code="a">100 Jahre Freiwillige Feuerwehr Neudörfl : </subfield>
      <subfield code="b">1883-1983 /</subfield>
      <subfield code="c">[Zgest. Franz Schachinger]</subfield>
    </datafield>
    <datafield tag="260" ind1=" " ind2=" ">
      <subfield code="a">Neudörfl :</subfield>
      <subfield code="b">Freiwillige Feuerwehr,</subfield>
      <subfield code="c">1983</subfield>
    </datafield>
    <datafield tag="300" ind1=" " ind2=" ">
      <subfield code="a">47 p. :</subfield>
      <subfield code="b">ill. ;</subfield>
      <subfield code="c">21x20 cm</subfield>
    </datafield>
    <datafield tag="651" ind1=" " ind2="4">
      <subfield code="a">Lajtaszentmiklós</subfield>
    </datafield>
    <datafield tag="700" ind1="1" ind2=" ">
      <subfield code="a">Schachinger, Franz</subfield>
      <subfield code="c">(cédulakatalógus alapján)</subfield>
      <subfield code="4">(összeáll.)</subfield>
    </datafield>
    <datafield tag="710" ind1="2" ind2=" ">
      <subfield code="a">Freiwillige Stadtfeuerwehr (Neudörfl)</subfield>
      <subfield code="4">közread.</subfield>
    </datafield>
    <datafield tag="852" ind1=" " ind2=" ">
      <subfield code="a">B1</subfield>
      <subfield code="b">B1</subfield>
      <subfield code="x">1426074</subfield>
    </datafield>
  </record>
  <record>
    <leader>00899cam  2200229 i 4500</leader>
    <controlfield tag="001">MOKKAN0003962943  </controlfield>
    <controlfield tag="005">20061106005450.0</controlfield>
    <controlfield tag="008">990115c1990    gw a          00010 ger d</controlfield>
    <datafield tag="020" ind1=" " ind2=" ">
      <subfield code="a">3 86010 306 7</subfield>
    </datafield>
    <datafield tag="035" ind1=" " ind2=" ">
      <subfield code="a">79626</subfield>
    </datafield>
    <datafield tag="040" ind1=" " ind2=" ">
      <subfield code="a">MEKLM</subfield>
    </datafield>
    <datafield tag="041" ind1="0" ind2=" ">
      <subfield code="a">ger</subfield>
    </datafield>
    <datafield tag="245" ind1="0" ind2="0">
      <subfield code="a">100 Jahre Gebäude des Physikalischen Instituts in Halle :</subfield>
      <subfield code="b">Die hallesche Physik am Ausgang des 19. Jahrhunderts /</subfield>
      <subfield code="c">hrsg. von Wolfram Hergert</subfield>
    </datafield>
    <datafield tag="260" ind1=" " ind2=" ">
      <subfield code="a">Halle (Saale) :</subfield>
      <subfield code="b">Martin-Luther Univ.,</subfield>
      <subfield code="c">1990</subfield>
    </datafield>
    <datafield tag="300" ind1=" " ind2=" ">
      <subfield code="a">34 p. :</subfield>
      <subfield code="b">ill. ;</subfield>
      <subfield code="c">21 cm</subfield>
    </datafield>
    <datafield tag="490" ind1="1" ind2=" ">
      <subfield code="a">(Beiträge zur Universitätsgeschichte)</subfield>
    </datafield>
    <datafield tag="490" ind1="1" ind2=" ">
      <subfield code="a">(Wissenschaftliche Beiträge der Martin-Luther-Universität Halle-Wittenberg ;</subfield>
      <subfield code="v">1990, 33 = 32)</subfield>
    </datafield>
    <datafield tag="650" ind1="0" ind2="4">
      <subfield code="a">egyetemtörténet</subfield>
      <subfield code="z">Halle</subfield>
      <subfield code="y">1890-1990</subfield>
    </datafield>
    <datafield tag="700" ind1="1" ind2=" ">
      <subfield code="a">Hergert, Wolfram</subfield>
    </datafield>
    <datafield tag="830" ind1=" " ind2="0">
      <subfield code="a">Beiträge zur Universitätsgeschichte</subfield>
    </datafield>
    <datafield tag="830" ind1=" " ind2="0">
      <subfield code="a">Wissenschaftliche Beiträge / Martin-Luther-Universität</subfield>
    </datafield>
    <datafield tag="852" ind1=" " ind2=" ">
      <subfield code="a">M1</subfield>
      <subfield code="b">M1</subfield>
      <subfield code="x">79626</subfield>
    </datafield>
  </record>
  <record>
    <leader>01017nam  2200265 i 4500</leader>
    <controlfield tag="001">MOKKAW0005341569  </controlfield>
    <controlfield tag="005">20091124092718.0</controlfield>
    <controlfield tag="008">080404s2000    gw            00010 ger d</controlfield>
    <datafield tag="020" ind1=" " ind2=" ">
      <subfield code="a">3 88121 023 7</subfield>
    </datafield>
    <datafield tag="035" ind1=" " ind2=" ">
      <subfield code="a">bibJAT00728689</subfield>
    </datafield>
    <datafield tag="040" ind1=" " ind2=" ">
      <subfield code="a">SZTE</subfield>
    </datafield>
    <datafield tag="080" ind1=" " ind2=" ">
      <subfield code="a">910(43)(091)</subfield>
    </datafield>
    <datafield tag="245" ind1="0" ind2="0">
      <subfield code="a">100 Jahre Geographie an der Universität Tübingen /</subfield>
      <subfield code="c">Hrsg. Gerd Kohlhepp, Karl-Heinz Pfeffer</subfield>
    </datafield>
    <datafield tag="260" ind1=" " ind2=" ">
      <subfield code="a">Tübingen :</subfield>
      <subfield code="b">Geographisches Institut der Universität Tübingen,</subfield>
      <subfield code="c">2000</subfield>
    </datafield>
    <datafield tag="300" ind1=" " ind2=" ">
      <subfield code="a">336 p. :</subfield>
      <subfield code="b">ill. ;</subfield>
      <subfield code="c">24 cm</subfield>
    </datafield>
    <datafield tag="490" ind1="1" ind2=" ">
      <subfield code="a">(Tübinger Geographische Studien ,</subfield>
      <subfield code="x">0932-1438 ;</subfield>
      <subfield code="v">118.)</subfield>
    </datafield>
    <datafield tag="504" ind1=" " ind2=" ">
      <subfield code="a">Bibliográfiákkal</subfield>
    </datafield>
    <datafield tag="650" ind1=" " ind2="7">
      <subfield code="a">Földrajztudomány</subfield>
      <subfield code="x">Németország</subfield>
      <subfield code="x">története</subfield>
    </datafield>
    <datafield tag="650" ind1=" " ind2="7">
      <subfield code="a">Egyetemtörténet</subfield>
      <subfield code="x">Tübingen</subfield>
      <subfield code="x">tanulmányok</subfield>
      <subfield code="2">szte</subfield>
    </datafield>
    <datafield tag="650" ind1=" " ind2="7">
      <subfield code="a">Földrajztudomány</subfield>
      <subfield code="x">Németország</subfield>
      <subfield code="x">története</subfield>
      <subfield code="2">szte</subfield>
    </datafield>
    <datafield tag="650" ind1=" " ind2="7">
      <subfield code="a">Tübingen</subfield>
      <subfield code="x">egyetem</subfield>
      <subfield code="x">története</subfield>
      <subfield code="x">tanulmányok</subfield>
      <subfield code="2">szte</subfield>
    </datafield>
    <datafield tag="700" ind1="1" ind2=" ">
      <subfield code="a">Kohlhepp, Gerd</subfield>
    </datafield>
    <datafield tag="700" ind1="1" ind2=" ">
      <subfield code="a">Pfeffer, Karl-Heinz</subfield>
    </datafield>
    <datafield tag="830" ind1=" " ind2="0">
      <subfield code="a">Tübinger geographische Studien</subfield>
    </datafield>
    <datafield tag="852" ind1=" " ind2=" ">
      <subfield code="a">SZ1</subfield>
      <subfield code="b">SZ1/R2</subfield>
      <subfield code="x">bibJAT00728689</subfield>
    </datafield>
  </record>
  <record>
    <leader>00818cam  2200241 i 4500</leader>
    <controlfield tag="001">MOKKAZ0005270383  </controlfield>
    <controlfield tag="005">20070313040106.0</controlfield>
    <controlfield tag="008">020211s1987    gw a               hgerd </controlfield>
    <datafield tag="020" ind1=" " ind2=" ">
      <subfield code="a">3 342 00843 1</subfield>
    </datafield>
    <datafield tag="035" ind1=" " ind2=" ">
      <subfield code="a">152997</subfield>
    </datafield>
    <datafield tag="040" ind1=" " ind2=" ">
      <subfield code="a">MEKLM</subfield>
    </datafield>
    <datafield tag="041" ind1=" " ind2=" ">
      <subfield code="a">ger</subfield>
    </datafield>
    <datafield tag="111" ind1="2" ind2=" ">
      <subfield code="a">Berg- und Hüttenmännischer Tag</subfield>
      <subfield code="d">(1986)</subfield>
      <subfield code="c">(Freiberg)</subfield>
    </datafield>
    <datafield tag="245" ind1="1" ind2="0">
      <subfield code="a">100 Jahre Germanium :</subfield>
      <subfield code="b">Vorträge zum Berg- und Hüttenmännischen Tag 1986 in Freiberg : Kolloquium 1 /</subfield>
      <subfield code="c">Leitung H. H. Emons</subfield>
    </datafield>
    <datafield tag="260" ind1="0" ind2="0">
      <subfield code="a">Leipzig :</subfield>
      <subfield code="b">DVG,</subfield>
      <subfield code="c">1987</subfield>
    </datafield>
    <datafield tag="300" ind1=" " ind2=" ">
      <subfield code="a">190 p. :</subfield>
      <subfield code="b">ill. ;</subfield>
      <subfield code="c">22 cm</subfield>
    </datafield>
    <datafield tag="490" ind1="1" ind2=" ">
      <subfield code="a">(Freiberger Forschungshefte. Reihe A.,</subfield>
      <subfield code="x">0071-9390 ;</subfield>
      <subfield code="v">767.)</subfield>
    </datafield>
    <datafield tag="504" ind1=" " ind2=" ">
      <subfield code="a">Bibliogr. az előadások végén,</subfield>
    </datafield>
    <datafield tag="650" ind1="0" ind2="4">
      <subfield code="a">germánium</subfield>
    </datafield>
    <datafield tag="650" ind1="0" ind2="4">
      <subfield code="a">germániumkohászat</subfield>
    </datafield>
    <datafield tag="700" ind1="1" ind2=" ">
      <subfield code="a">Emons, Hans-Heinz</subfield>
    </datafield>
    <datafield tag="830" ind1=" " ind2="0">
      <subfield code="a">Freiberger Forschungshefte</subfield>
    </datafield>
    <datafield tag="852" ind1=" " ind2=" ">
      <subfield code="a">M1</subfield>
      <subfield code="b">M1</subfield>
      <subfield code="x">152997</subfield>
    </datafield>
  </record>
  <record>
    <leader>00580nama 22001931i 4500</leader>
    <controlfield tag="001">MOKKAS0000643066  </controlfield>
    <controlfield tag="005">20060614194837.0</controlfield>
    <controlfield tag="008">041001s1982    de            000 0 gerod</controlfield>
    <datafield tag="035" ind1=" " ind2=" ">
      <subfield code="a">1401950</subfield>
    </datafield>
    <datafield tag="040" ind1=" " ind2=" ">
      <subfield code="a">OSZK</subfield>
    </datafield>
    <datafield tag="041" ind1="0" ind2=" ">
      <subfield code="a">gerger</subfield>
    </datafield>
    <datafield tag="100" ind1="1" ind2=" ">
      <subfield code="a">Egler, Mathias</subfield>
      <subfield code="c">(cédulakatalógus alapján)</subfield>
    </datafield>
    <datafield tag="245" ind1="1" ind2="0">
      <subfield code="a">100 Jahre Giseladorf/Banat : </subfield>
      <subfield code="b">1882-1982 /</subfield>
      <subfield code="c">[Mathias Egler] ; [Vorw. Sepp Schmidt]</subfield>
    </datafield>
    <datafield tag="260" ind1=" " ind2=" ">
      <subfield code="a">München :</subfield>
      <subfield code="b">Druck. Herp,</subfield>
      <subfield code="c">1982</subfield>
    </datafield>
    <datafield tag="300" ind1=" " ind2=" ">
      <subfield code="a">24 p. :</subfield>
      <subfield code="b">ill. ;</subfield>
      <subfield code="c">21 cm</subfield>
    </datafield>
    <datafield tag="651" ind1=" " ind2="4">
      <subfield code="a">Ghizela</subfield>
    </datafield>
    <datafield tag="651" ind1=" " ind2="4">
      <subfield code="a">Gizellafalva</subfield>
    </datafield>
    <datafield tag="700" ind1="1" ind2=" ">
      <subfield code="a">Schmidt, Sepp</subfield>
      <subfield code="4">(előszó)</subfield>
    </datafield>
    <datafield tag="852" ind1=" " ind2=" ">
      <subfield code="a">B1</subfield>
      <subfield code="b">B1</subfield>
      <subfield code="x">1401950</subfield>
    </datafield>
  </record>
  <record>
    <leader>00371cam  22001337  4500</leader>
    <controlfield tag="001">MOKKAZ0004468840  </controlfield>
    <controlfield tag="005">20040910072828.0</controlfield>
    <controlfield tag="008">      s1957                        und d</controlfield>
    <datafield tag="035" ind1=" " ind2=" ">
      <subfield code="a">bibFSZ00315008</subfield>
    </datafield>
    <datafield tag="040" ind1=" " ind2=" ">
      <subfield code="a">FSZEK</subfield>
    </datafield>
    <datafield tag="100" ind1="1" ind2=" ">
      <subfield code="a">Roth, Eugen</subfield>
    </datafield>
    <datafield tag="245" ind1="1" ind2="0">
      <subfield code="a">100 Jahre Hamer in der deutschen Kunst /</subfield>
      <subfield code="c">Eugen Roth</subfield>
    </datafield>
    <datafield tag="260" ind1=" " ind2=" ">
      <subfield code="a">[S.l.] :</subfield>
      <subfield code="b">[S.n.],</subfield>
      <subfield code="c">1957</subfield>
    </datafield>
    <datafield tag="852" ind1=" " ind2=" ">
      <subfield code="a">B10</subfield>
      <subfield code="b">0801</subfield>
      <subfield code="x">bibFSZ00315008</subfield>
    </datafield>
  </record>
  <record>
    <leader>00724cam  2200193 ar4500</leader>
    <controlfield tag="001">MOKKAZ0005368119  </controlfield>
    <controlfield tag="005">20040910174303.0</controlfield>
    <controlfield tag="008">980325c        AT            00010 ger d</controlfield>
    <datafield tag="035" ind1=" " ind2=" ">
      <subfield code="a">13971</subfield>
    </datafield>
    <datafield tag="040" ind1=" " ind2=" ">
      <subfield code="a">SEKK</subfield>
    </datafield>
    <datafield tag="041" ind1="0" ind2=" ">
      <subfield code="a">ger</subfield>
    </datafield>
    <datafield tag="245" ind1="1" ind2="0">
      <subfield code="a">100 Jahre Hochschule für Bodenkultur in Wien, 1872-1972</subfield>
      <subfield code="b">/</subfield>
      <subfield code="c">Hrsg. vom Professorenkollegium der Hochschule für Bodenkultur in Wien</subfield>
    </datafield>
    <datafield tag="260" ind1="0" ind2="0">
      <subfield code="a">Wien :</subfield>
      <subfield code="b">(Prof. Hochschule für Bodenkult.),</subfield>
      <subfield code="c">1972.</subfield>
    </datafield>
    <datafield tag="300" ind1=" " ind2=" ">
      <subfield code="a">(1 db.) ;</subfield>
      <subfield code="c">25 cm.</subfield>
    </datafield>
    <datafield tag="650" ind1="1" ind2="4">
      <subfield code="a">Almanacs</subfield>
      <subfield code="x">History</subfield>
      <subfield code="x">Agriculture</subfield>
      <subfield code="x">Education</subfield>
    </datafield>
    <datafield tag="650" ind1="1" ind2="4">
      <subfield code="a">Évkönyvek</subfield>
      <subfield code="x">Történet</subfield>
      <subfield code="x">Mezőgazdaság</subfield>
      <subfield code="x">Oktatás</subfield>
    </datafield>
    <datafield tag="710" ind1="2" ind2="0">
      <subfield code="a">Hochschule für Bodenkultur in Wien</subfield>
      <subfield code="b">Professorenkollegium</subfield>
    </datafield>
    <datafield tag="740" ind1="0" ind2=" ">
      <subfield code="a">1. Band., 100-Jahr-Bericht</subfield>
    </datafield>
    <datafield tag="852" ind1=" " ind2=" ">
      <subfield code="a">B13</subfield>
      <subfield code="b">B13</subfield>
      <subfield code="x">13971</subfield>
    </datafield>
  </record>
  <record>
    <leader>00528nam  22001451ir4500</leader>
    <controlfield tag="001">MOKKAS0003659554  </controlfield>
    <controlfield tag="005">20060614042231.0</controlfield>
    <controlfield tag="008">991102s1973    au            00010 ger d</controlfield>
    <datafield tag="035" ind1=" " ind2=" ">
      <subfield code="a">bibSEF00018712</subfield>
    </datafield>
    <datafield tag="040" ind1=" " ind2=" ">
      <subfield code="a">NYME</subfield>
    </datafield>
    <datafield tag="245" ind1="0" ind2="0">
      <subfield code="a">100 Jahre Hochschule für Bodemkultur in Wien :</subfield>
      <subfield code="b">1872-1972 /</subfield>
      <subfield code="c">hrsg. Professorenkollegium der Hochschule für Bodenkultur Wien</subfield>
    </datafield>
    <datafield tag="260" ind1=" " ind2=" ">
      <subfield code="a">Wien :</subfield>
      <subfield code="b">Hochschule für Bodenkultur,</subfield>
      <subfield code="c">1973</subfield>
    </datafield>
    <datafield tag="300" ind1=" " ind2=" ">
      <subfield code="c">24 cm</subfield>
    </datafield>
    <datafield tag="710" ind1="2" ind2=" ">
      <subfield code="a">Professorenkollegium für Hochschule für Bodenkultur Wien</subfield>
    </datafield>
    <datafield tag="852" ind1=" " ind2=" ">
      <subfield code="a">S1</subfield>
      <subfield code="b">S1</subfield>
      <subfield code="x">bibSEF00018712</subfield>
    </datafield>
  </record>
  <record>
    <leader>00463nam  2200157 i 4500</leader>
    <controlfield tag="001">MOKKAZ0004968367  </controlfield>
    <controlfield tag="005">20040910122245.0</controlfield>
    <controlfield tag="008">010622s1937    sz                  ger d</controlfield>
    <datafield tag="035" ind1=" " ind2=" ">
      <subfield code="a">bibPOT79239</subfield>
    </datafield>
    <datafield tag="040" ind1=" " ind2=" ">
      <subfield code="a">PTE</subfield>
    </datafield>
    <datafield tag="100" ind1="1" ind2=" ">
      <subfield code="a">Niehans, Paul</subfield>
      <subfield code="d">(1882-)</subfield>
    </datafield>
    <datafield tag="245" ind1="1" ind2="0">
      <subfield code="a">100 Jahre hormonale Behandlung der Prostata-Hypertrophie /</subfield>
      <subfield code="c">von Paul Niehans</subfield>
    </datafield>
    <datafield tag="260" ind1=" " ind2=" ">
      <subfield code="a">Bern :</subfield>
      <subfield code="b">Huber,</subfield>
      <subfield code="c">1937</subfield>
    </datafield>
    <datafield tag="300" ind1=" " ind2=" ">
      <subfield code="a">15 p. ;</subfield>
      <subfield code="c">22 cm</subfield>
    </datafield>
    <datafield tag="650" ind1=" " ind2="4">
      <subfield code="a">prosztata</subfield>
      <subfield code="x">hypertrophia</subfield>
    </datafield>
    <datafield tag="852" ind1=" " ind2=" ">
      <subfield code="a">P1</subfield>
      <subfield code="b">P1</subfield>
      <subfield code="x">bibPOT79239</subfield>
    </datafield>
  </record>
  <record>
    <leader>00812cam  22002414a 4500</leader>
    <controlfield tag="001">MOKKAW0005645150  </controlfield>
    <controlfield tag="005">20080416163054.0</controlfield>
    <controlfield tag="008">020605s1999    gw       l    000 0 ger d</controlfield>
    <datafield tag="020" ind1=" " ind2=" ">
      <subfield code="a">3 7819 2846 2</subfield>
    </datafield>
    <datafield tag="035" ind1=" " ind2=" ">
      <subfield code="a">bibJPT00463165</subfield>
    </datafield>
    <datafield tag="040" ind1=" " ind2=" ">
      <subfield code="a">PTE</subfield>
    </datafield>
    <datafield tag="245" ind1="0" ind2="0">
      <subfield code="a">100 Jahre Hypothekenbankgesetz :</subfield>
      <subfield code="b">Textsammlung und Materialien /</subfield>
      <subfield code="c">hrsg. vom Verband Deutscher Hypothekenbanken</subfield>
    </datafield>
    <datafield tag="246" ind1="3" ind2=" ">
      <subfield code="a">Hundert Jahre Hypothekenbankgesetz</subfield>
    </datafield>
    <datafield tag="260" ind1=" " ind2=" ">
      <subfield code="a">Frankfurt am Main :</subfield>
      <subfield code="b">Knapp,</subfield>
      <subfield code="c">c1999</subfield>
    </datafield>
    <datafield tag="300" ind1=" " ind2=" ">
      <subfield code="a">X, 741 p. ;</subfield>
      <subfield code="c">25 cm</subfield>
    </datafield>
    <datafield tag="695" ind1=" " ind2="0">
      <subfield code="a">Mortgage banks</subfield>
      <subfield code="x">Law and legislation</subfield>
      <subfield code="z">Germany</subfield>
      <subfield code="x">Legislative history</subfield>
    </datafield>
    <datafield tag="695" ind1=" " ind2=" ">
      <subfield code="a">Jogtörténet</subfield>
    </datafield>
    <datafield tag="695" ind1=" " ind2=" ">
      <subfield code="a">Jelzálogjog</subfield>
    </datafield>
    <datafield tag="695" ind1=" " ind2=" ">
      <subfield code="a">Jelzálogbank</subfield>
    </datafield>
    <datafield tag="695" ind1=" " ind2=" ">
      <subfield code="a">Jogi szabályozás</subfield>
    </datafield>
    <datafield tag="695" ind1=" " ind2=" ">
      <subfield code="a">Dokumnetumok</subfield>
    </datafield>
    <datafield tag="710" ind1="2" ind2=" ">
      <subfield code="a">Verband Deutscher Hypothekenbanken</subfield>
    </datafield>
    <datafield tag="852" ind1=" " ind2=" ">
      <subfield code="a">P1</subfield>
      <subfield code="b">P1/BR</subfield>
      <subfield code="x">bibJPT00463165</subfield>
    </datafield>
  </record>
  <record>
    <leader>00863nama 22002051i 4500</leader>
    <controlfield tag="001">MOKKAS0000664745  </controlfield>
    <controlfield tag="005">20060616155622.0</controlfield>
    <controlfield tag="008">041105s1966    at            000 0 gerod</controlfield>
    <datafield tag="035" ind1=" " ind2=" ">
      <subfield code="a">1423643</subfield>
    </datafield>
    <datafield tag="040" ind1=" " ind2=" ">
      <subfield code="a">OSZK</subfield>
    </datafield>
    <datafield tag="041" ind1="0" ind2=" ">
      <subfield code="a">gerger</subfield>
    </datafield>
    <datafield tag="245" ind1="0" ind2="0">
      <subfield code="a">100 Jahre im Besitz der Familie Salzer : </subfield>
      <subfield code="b">Carl Ueberreuter Druck und Verlag : [Festschrift] /</subfield>
      <subfield code="c">[Red. Thomas F. Salzer, Otto Mang, Ingrid Weixelbaumer]</subfield>
    </datafield>
    <datafield tag="260" ind1=" " ind2=" ">
      <subfield code="a">Wien :</subfield>
      <subfield code="b">Ueberreuter,</subfield>
      <subfield code="c">1966</subfield>
    </datafield>
    <datafield tag="300" ind1=" " ind2=" ">
      <subfield code="a">[72] fol. :</subfield>
      <subfield code="b">ill. ;</subfield>
      <subfield code="c">22x22 cm</subfield>
    </datafield>
    <datafield tag="600" ind1="2" ind2="4">
      <subfield code="a">Carl Ueberreuter Druck und Verlag</subfield>
      <subfield code="c">(Wien)</subfield>
      <subfield code="c">(cédulakatalógus alapján)</subfield>
    </datafield>
    <datafield tag="600" ind1="3" ind2="4">
      <subfield code="a">Salzer család</subfield>
      <subfield code="c">(cédulakatalógus alapján)</subfield>
    </datafield>
    <datafield tag="700" ind1="1" ind2=" ">
      <subfield code="a">Mang, Otto</subfield>
      <subfield code="c">(cédulakatalógus alapján)</subfield>
      <subfield code="4">(szerk.)</subfield>
    </datafield>
    <datafield tag="700" ind1="1" ind2=" ">
      <subfield code="a">Salzer, Thomas F.</subfield>
      <subfield code="c">(cédulakatalógus alapján)</subfield>
      <subfield code="4">(szerk.)</subfield>
    </datafield>
    <datafield tag="700" ind1="1" ind2=" ">
      <subfield code="a">Weixelbaumer, Ingrid</subfield>
      <subfield code="c">(cédulakatalógus alapján)</subfield>
      <subfield code="4">(szerk.)</subfield>
    </datafield>
    <datafield tag="852" ind1=" " ind2=" ">
      <subfield code="a">B1</subfield>
      <subfield code="b">B1</subfield>
      <subfield code="x">1423643</subfield>
    </datafield>
  </record>
  <record>
    <leader>00463nama 22001571ir4500</leader>
    <controlfield tag="001">MOKKAS0000704190  </controlfield>
    <controlfield tag="005">20060616205940.0</controlfield>
    <controlfield tag="008">041105s1961    at            000 0 gerod</controlfield>
    <datafield tag="035" ind1=" " ind2=" ">
      <subfield code="a">1463201</subfield>
    </datafield>
    <datafield tag="040" ind1=" " ind2=" ">
      <subfield code="a">OSZK</subfield>
    </datafield>
    <datafield tag="041" ind1="0" ind2=" ">
      <subfield code="a">gerger</subfield>
    </datafield>
    <datafield tag="245" ind1="0" ind2="0">
      <subfield code="a">100 Jahre im Dienste der Wirtschaft /</subfield>
      <subfield code="c">[Red. Bruno Zimmel]</subfield>
    </datafield>
    <datafield tag="260" ind1=" " ind2=" ">
      <subfield code="a">Wien :</subfield>
      <subfield code="b">Vorwärts,</subfield>
      <subfield code="c">1961</subfield>
    </datafield>
    <datafield tag="300" ind1=" " ind2=" ">
      <subfield code="a">2 db :</subfield>
      <subfield code="b">ill. ;</subfield>
      <subfield code="c">27 cm</subfield>
    </datafield>
    <datafield tag="700" ind1="1" ind2=" ">
      <subfield code="a">Zimmel, Bruno</subfield>
      <subfield code="c">(cédulakatalógus alapján)</subfield>
      <subfield code="4">(szerk.)</subfield>
    </datafield>
    <datafield tag="852" ind1=" " ind2=" ">
      <subfield code="a">B1</subfield>
      <subfield code="b">B1</subfield>
      <subfield code="x">1463201</subfield>
    </datafield>
  </record>
  <record>
    <leader>00911nam  2200241   4500</leader>
    <controlfield tag="001">MOKKAZ0003999526  </controlfield>
    <controlfield tag="005">20040910015859.0</controlfield>
    <controlfield tag="008">970423 1996    gw            00010 ger  </controlfield>
    <datafield tag="020" ind1=" " ind2=" ">
      <subfield code="a">3 86082 021 4</subfield>
    </datafield>
    <datafield tag="035" ind1=" " ind2=" ">
      <subfield code="a">bibJAT00266680</subfield>
    </datafield>
    <datafield tag="040" ind1=" " ind2=" ">
      <subfield code="a">SZTE</subfield>
    </datafield>
    <datafield tag="245" ind1="1" ind2="0">
      <subfield code="a">100 Jahre Institut für Länderkunde : 1896-1996 :</subfield>
      <subfield code="b">Entwicklung und Perspektiven : Festschrift /</subfield>
      <subfield code="c">Hrsg. Alois Mayr, Frank-Dieter Grimm, S. Tzschaschel</subfield>
    </datafield>
    <datafield tag="260" ind1=" " ind2=" ">
      <subfield code="a">Leipzig :</subfield>
      <subfield code="b">Institut für Länderkunde,</subfield>
      <subfield code="c">1996</subfield>
    </datafield>
    <datafield tag="300" ind1=" " ind2=" ">
      <subfield code="a">160 p. ;</subfield>
      <subfield code="c">30 cm</subfield>
    </datafield>
    <datafield tag="490" ind1="1" ind2=" ">
      <subfield code="a">(Beiträge zur Regionalen Geographie ;</subfield>
      <subfield code="v">40.)</subfield>
    </datafield>
    <datafield tag="504" ind1=" " ind2=" ">
      <subfield code="a">Bibl. a jegyzetekben</subfield>
    </datafield>
    <datafield tag="650" ind1=" " ind2="7">
      <subfield code="a">Földrajztudomány</subfield>
      <subfield code="x">német</subfield>
      <subfield code="y">20. sz.</subfield>
      <subfield code="x">tanulmányok</subfield>
      <subfield code="2">szte</subfield>
    </datafield>
    <datafield tag="650" ind1=" " ind2="7">
      <subfield code="a">Leipzig</subfield>
      <subfield code="x">földrajztudományi kutatóintézet</subfield>
      <subfield code="2">szte</subfield>
    </datafield>
    <datafield tag="700" ind1="1" ind2=" ">
      <subfield code="a">Mayr, Alois</subfield>
    </datafield>
    <datafield tag="700" ind1="1" ind2=" ">
      <subfield code="a">Grimm, Frank-Dieter</subfield>
    </datafield>
    <datafield tag="700" ind1="1" ind2=" ">
      <subfield code="a">Tzschaschel, Sabine</subfield>
    </datafield>
    <datafield tag="830" ind1=" " ind2="0">
      <subfield code="a">Beiträge zur regionalen Geographie</subfield>
    </datafield>
    <datafield tag="852" ind1=" " ind2=" ">
      <subfield code="a">SZ1</subfield>
      <subfield code="b">SZ1</subfield>
      <subfield code="x">bibJAT00266680</subfield>
    </datafield>
  </record>
  <record>
    <leader>00356cam  22001217  4500</leader>
    <controlfield tag="001">MOKKAZ0004520802  </controlfield>
    <controlfield tag="005">20040910075525.0</controlfield>
    <controlfield tag="008">      s1916                        und d</controlfield>
    <datafield tag="035" ind1=" " ind2=" ">
      <subfield code="a">bibFSZ00367060</subfield>
    </datafield>
    <datafield tag="040" ind1=" " ind2=" ">
      <subfield code="a">FSZEK</subfield>
    </datafield>
    <datafield tag="245" ind1="0" ind2="0">
      <subfield code="a">100 Jahre italienischer Geschichte, 1815-1915 /</subfield>
      <subfield code="c">Ludo M. Hartmann</subfield>
    </datafield>
    <datafield tag="260" ind1=" " ind2=" ">
      <subfield code="a">[S.l.] :</subfield>
      <subfield code="b">[S.n.],</subfield>
      <subfield code="c">1916</subfield>
    </datafield>
    <datafield tag="852" ind1=" " ind2=" ">
      <subfield code="a">B10</subfield>
      <subfield code="b">0801</subfield>
      <subfield code="x">bibFSZ00367060</subfield>
    </datafield>
  </record>
  <record>
    <leader>00510nama 22001571i 4500</leader>
    <controlfield tag="001">MOKKAS0000826062  </controlfield>
    <controlfield tag="005">20060617015950.0</controlfield>
    <controlfield tag="008">041124s1916    de            000 0 gerod</controlfield>
    <datafield tag="035" ind1=" " ind2=" ">
      <subfield code="a">1585351</subfield>
    </datafield>
    <datafield tag="040" ind1=" " ind2=" ">
      <subfield code="a">OSZK</subfield>
    </datafield>
    <datafield tag="041" ind1="0" ind2=" ">
      <subfield code="a">gerger</subfield>
    </datafield>
    <datafield tag="100" ind1="1" ind2=" ">
      <subfield code="a">Hartmann, Ludo M.</subfield>
      <subfield code="c">(cédulakatalógus alapján)</subfield>
    </datafield>
    <datafield tag="245" ind1="1" ind2="0">
      <subfield code="a">100 Jahre italienischer Geschichte 1815-1915 : </subfield>
      <subfield code="b">die Grundlagen des modernen Italien /</subfield>
      <subfield code="c">Ludo M. Hartmann</subfield>
    </datafield>
    <datafield tag="260" ind1=" " ind2=" ">
      <subfield code="a">München :</subfield>
      <subfield code="b">Georg Müller,</subfield>
      <subfield code="c">1916</subfield>
    </datafield>
    <datafield tag="300" ind1=" " ind2=" ">
      <subfield code="a">215, [3] p. ;</subfield>
      <subfield code="c">22 cm</subfield>
    </datafield>
    <datafield tag="852" ind1=" " ind2=" ">
      <subfield code="a">B1</subfield>
      <subfield code="b">B1</subfield>
      <subfield code="x">1585351</subfield>
    </datafield>
  </record>
  <record>
    <leader>02126njm  2200289  r4500</leader>
    <controlfield tag="001">MOKKAZ0004683580  </controlfield>
    <controlfield tag="005">20040910092413.0</controlfield>
    <controlfield tag="008">000211s2001                        und d</controlfield>
    <datafield tag="028" ind1=" " ind2=" ">
      <subfield code="a">CD 312.845</subfield>
    </datafield>
    <datafield tag="035" ind1=" " ind2=" ">
      <subfield code="a">bibFSZ686752</subfield>
    </datafield>
    <datafield tag="040" ind1=" " ind2=" ">
      <subfield code="a">FSZEK</subfield>
    </datafield>
    <datafield tag="100" ind1="1" ind2=" ">
      <subfield code="a">Strauss, Johann ifj.</subfield>
      <subfield code="d">(1825-1899)</subfield>
    </datafield>
    <datafield tag="245" ind1="1" ind2="0">
      <subfield code="a">100 Jahre Johann Strauss</subfield>
      <subfield code="h">[Hangfelvétel] /</subfield>
      <subfield code="c">Wiener Volksopern Orchester [et al.] ; dir.: Hans Hagen [et al.]</subfield>
    </datafield>
    <datafield tag="246" ind1=" " ind2="8">
      <subfield code="a">Strauss-Walzer</subfield>
    </datafield>
    <datafield tag="260" ind1=" " ind2=" ">
      <subfield code="a">[S.l.] :</subfield>
      <subfield code="b">Euro Trend,</subfield>
      <subfield code="c">[2001]</subfield>
    </datafield>
    <datafield tag="300" ind1=" " ind2=" ">
      <subfield code="a">3 CD ;</subfield>
      <subfield code="c">12 cm +</subfield>
      <subfield code="e">3 t.</subfield>
    </datafield>
    <datafield tag="500" ind1=" " ind2=" ">
      <subfield code="a">Közös papírtokban</subfield>
    </datafield>
    <datafield tag="505" ind1="0" ind2="0">
      <subfield code="g">CD 1.:</subfield>
      <subfield code="t">An der schönen blauen Donau ;</subfield>
      <subfield code="t">Frühlingsstimmen-Walzer, op. 410 ;</subfield>
      <subfield code="t">Morgenblätter-Walzer, op. 279 ;</subfield>
      <subfield code="t">G'schichten aus dem Wienerwald op. 325 ;</subfield>
      <subfield code="t">Künstlerleben, op. 316 ;</subfield>
      <subfield code="t">Wo die Zitronen blüh'n, op. 364 ;</subfield>
      <subfield code="t">Wiener Bonbons ;</subfield>
      <subfield code="t">Seid umschlungen Millionen ;</subfield>
      <subfield code="t">Wein, Weib und Gesang, op. 333 ;</subfield>
      <subfield code="t">Wiener Blut, op. 354 ;</subfield>
      <subfield code="t">Rosen aus dem Süden, op. 388 ;</subfield>
      <subfield code="t">Kaiser-Walzer, op. 437</subfield>
    </datafield>
    <datafield tag="505" ind1="0" ind2="0">
      <subfield code="g">CD 2.:</subfield>
      <subfield code="t">Dorfschwalben, op. 164 ;</subfield>
      <subfield code="t">Leichtes Blut, op. 319 Polka schnell ;</subfield>
      <subfield code="t">Tritsch-Tratsch-Polka ;</subfield>
      <subfield code="t">Unter Donner und Blitz ;</subfield>
      <subfield code="t">Vergnügungszug, op. 281 Polka schnell ;</subfield>
      <subfield code="t">Accelerationen, op. 234 Walzer ;</subfield>
      <subfield code="t">Bahn frei, op. 45 Schnellpolka ;</subfield>
      <subfield code="t">Radetzkymarsch, op. 228 ;</subfield>
      <subfield code="t">Loreley-Rheinklänge, op. 154 Walzer ;</subfield>
      <subfield code="t">Unter der Enns, op. 121 Polka schnell ;</subfield>
      <subfield code="t">Persischer Marsch, op. 298 Walzer ;</subfield>
      <subfield code="t">Ouvertüre aus dem "Zigeunerbaron" ;</subfield>
      <subfield code="t">Intermezzo aus "1.001 Nacht"</subfield>
    </datafield>
    <datafield tag="505" ind1="0" ind2="0">
      <subfield code="g">CD 3.:</subfield>
      <subfield code="t">Einzugsmarch aus dem "Zigeunerbaron" op. 327 ;</subfield>
      <subfield code="t">Schatzwalzer, op. 418 ;</subfield>
      <subfield code="t">Éljen a magyar - Ung. Polka schnell. op. 332 ;</subfield>
      <subfield code="t">Perpetuum Mobile, musik. Scherz, op. 257 ;</subfield>
      <subfield code="t">Die Fledermaus / Ouvertüre ;</subfield>
      <subfield code="t">Annen-Polka ;</subfield>
      <subfield code="t">Liebeslieder-Walzer, op. 114 ;</subfield>
      <subfield code="t">Pizzicato-Polka ;</subfield>
      <subfield code="t">'Enfantillage, op. 202 ;</subfield>
      <subfield code="t">Champagner-Polka, op. 211 ;</subfield>
      <subfield code="t">Regata Galopp, op. 134 ;</subfield>
      <subfield code="t">Sommernachtstraum-Galopp, op. 297 ;</subfield>
      <subfield code="t">Gallopin-Polka, op. 297 ;</subfield>
      <subfield code="t">Morgenblätter-Walzer, op. 279</subfield>
    </datafield>
    <datafield tag="695" ind1=" " ind2="1">
      <subfield code="a">komolyzene</subfield>
    </datafield>
    <datafield tag="695" ind1=" " ind2="1">
      <subfield code="a">polka</subfield>
    </datafield>
    <datafield tag="695" ind1=" " ind2="1">
      <subfield code="a">keringő</subfield>
    </datafield>
    <datafield tag="700" ind1="1" ind2=" ">
      <subfield code="a">Strauss, Johann</subfield>
      <subfield code="d">(1804-1849)</subfield>
    </datafield>
    <datafield tag="700" ind1="1" ind2=" ">
      <subfield code="a">Hagen, Hans</subfield>
      <subfield code="4">karmester</subfield>
    </datafield>
    <datafield tag="710" ind1="2" ind2=" ">
      <subfield code="a">Orchester der Wiener Volksoper</subfield>
      <subfield code="4">közrem.</subfield>
    </datafield>
    <datafield tag="852" ind1=" " ind2=" ">
      <subfield code="a">B10</subfield>
      <subfield code="B">0403</subfield>
      <subfield code="b">1304</subfield>
      <subfield code="x">bibFSZ686752</subfield>
    </datafield>
  </record>
  <record>
    <leader>01102nam  2200277   4500</leader>
    <controlfield tag="001">MOKKAZ0004906483  </controlfield>
    <controlfield tag="005">20040910114830.0</controlfield>
    <controlfield tag="008">011212s1998    au            00010 ger d</controlfield>
    <datafield tag="020" ind1=" " ind2=" ">
      <subfield code="a">3 900 305 27 6</subfield>
    </datafield>
    <datafield tag="035" ind1=" " ind2=" ">
      <subfield code="a">bibJPT00191825</subfield>
    </datafield>
    <datafield tag="040" ind1=" " ind2=" ">
      <subfield code="a">PTE</subfield>
    </datafield>
    <datafield tag="245" ind1="0" ind2="0">
      <subfield code="a">100 Jahre :</subfield>
      <subfield code="b">Österreichisches Archeologisches Institut 1898-1998 /</subfield>
      <subfield code="c">[Redaktion Manfred Kandler, Gudrun Wlach]</subfield>
    </datafield>
    <datafield tag="246" ind1="1" ind2="8">
      <subfield code="a">Österreichisches Archeologisches Institut 1898-1998</subfield>
    </datafield>
    <datafield tag="260" ind1=" " ind2=" ">
      <subfield code="a">Wien :</subfield>
      <subfield code="b">Österreichisches Archeologisches Institut,</subfield>
      <subfield code="c">1998</subfield>
    </datafield>
    <datafield tag="300" ind1=" " ind2=" ">
      <subfield code="a">X, 217, [16] p. :</subfield>
      <subfield code="b">ill. ;</subfield>
      <subfield code="c">31 cm</subfield>
    </datafield>
    <datafield tag="490" ind1="1" ind2=" ">
      <subfield code="a">(Sonderschriften / Österreichisches Archeologisches Institut ;</subfield>
      <subfield code="v">31.)</subfield>
    </datafield>
    <datafield tag="504" ind1=" " ind2=" ">
      <subfield code="a">Bibliogr. a tanulmányok végén</subfield>
    </datafield>
    <datafield tag="610" ind1="2" ind2=" ">
      <subfield code="a">Österreichisches Archäologisches Institut (Wien)</subfield>
    </datafield>
    <datafield tag="695" ind1=" " ind2=" ">
      <subfield code="a">Régészet, Ausztria</subfield>
    </datafield>
    <datafield tag="695" ind1=" " ind2=" ">
      <subfield code="a">Osztrák Régészeti Intézet</subfield>
    </datafield>
    <datafield tag="695" ind1=" " ind2=" ">
      <subfield code="a">Ásatások</subfield>
    </datafield>
    <datafield tag="700" ind1="1" ind2=" ">
      <subfield code="a">Kandler, Manfred</subfield>
    </datafield>
    <datafield tag="700" ind1="1" ind2=" ">
      <subfield code="a">Wlach, Gudrun</subfield>
    </datafield>
    <datafield tag="810" ind1="2" ind2=" ">
      <subfield code="a">Österreichisches Archäologisches Institut (Wien)</subfield>
    </datafield>
    <datafield tag="830" ind1=" " ind2="0">
      <subfield code="a">Sonderschriften (Österreichisches Archäologisches Institut)</subfield>
    </datafield>
    <datafield tag="852" ind1=" " ind2=" ">
      <subfield code="a">P1</subfield>
      <subfield code="b">P1/TT</subfield>
      <subfield code="x">bibJPT00191825</subfield>
    </datafield>
  </record>
  <record>
    <leader>00885nam  2200253   4500</leader>
    <controlfield tag="001">MOKKAZ0004033051  </controlfield>
    <controlfield tag="005">20100311140202.0</controlfield>
    <controlfield tag="008">980716 1967    ge            00010 ger  </controlfield>
    <datafield tag="035" ind1=" " ind2=" ">
      <subfield code="a">bibJAT00316721</subfield>
    </datafield>
    <datafield tag="040" ind1=" " ind2=" ">
      <subfield code="a">SZTE</subfield>
    </datafield>
    <datafield tag="245" ind1="0" ind2="0">
      <subfield code="a">100 Jahre Kapital :</subfield>
      <subfield code="b">Ausgewählte Materialien des Symposions von Lehrkörper und Studenten der Humboldt-Universität zu Berlin, 1967 /</subfield>
      <subfield code="c">[Red. koll. Helmut Dressler, Heinz Köller etc. ; Chefred. Erika Lingner]</subfield>
    </datafield>
    <datafield tag="260" ind1=" " ind2=" ">
      <subfield code="a">Berlin :</subfield>
      <subfield code="b">Humboldt-Univ.,</subfield>
      <subfield code="c">1967</subfield>
    </datafield>
    <datafield tag="300" ind1=" " ind2=" ">
      <subfield code="a">113 p. ;</subfield>
      <subfield code="c">21 cm</subfield>
    </datafield>
    <datafield tag="490" ind1="1" ind2=" ">
      <subfield code="a">(Fichte-Schriften ;</subfield>
      <subfield code="v">1.)</subfield>
    </datafield>
    <datafield tag="650" ind1=" " ind2="7">
      <subfield code="a">Tőke</subfield>
      <subfield code="x">marxi</subfield>
      <subfield code="x">tanulmányok</subfield>
      <subfield code="2">szte</subfield>
    </datafield>
    <datafield tag="650" ind1=" " ind2="7">
      <subfield code="a">Marxizmus</subfield>
      <subfield code="x">tanulmányok</subfield>
      <subfield code="2">szte</subfield>
    </datafield>
    <datafield tag="650" ind1=" " ind2="7">
      <subfield code="a">Retro</subfield>
      <subfield code="2">szte</subfield>
    </datafield>
    <datafield tag="650" ind1=" " ind2="7">
      <subfield code="a">retro</subfield>
      <subfield code="2">szte</subfield>
    </datafield>
    <datafield tag="700" ind1="1" ind2=" ">
      <subfield code="a">Marx, Karl</subfield>
    </datafield>
    <datafield tag="700" ind1="1" ind2=" ">
      <subfield code="a">Dressler, Helmut</subfield>
    </datafield>
    <datafield tag="700" ind1="1" ind2=" ">
      <subfield code="a">Köller, Heinz</subfield>
    </datafield>
    <datafield tag="700" ind1="1" ind2=" ">
      <subfield code="a">Lingner, Erika</subfield>
    </datafield>
    <datafield tag="830" ind1=" " ind2="0">
      <subfield code="a">Fichte-Schriften</subfield>
    </datafield>
    <datafield tag="852" ind1=" " ind2=" ">
      <subfield code="a">SZ1</subfield>
      <subfield code="b">SZ1</subfield>
      <subfield code="x">bibJAT00316721</subfield>
    </datafield>
  </record>
  <record>
    <leader>00640nam  2200181 i 4500</leader>
    <controlfield tag="001">MOKKAW0005796573  </controlfield>
    <controlfield tag="005">20080419014706.0</controlfield>
    <controlfield tag="008">041022s19981998de            000 0 ger d</controlfield>
    <datafield tag="035" ind1=" " ind2=" ">
      <subfield code="a">BMEOMIKK000460577</subfield>
    </datafield>
    <datafield tag="040" ind1=" " ind2=" ">
      <subfield code="a">BMEOMIKK</subfield>
    </datafield>
    <datafield tag="041" ind1="0" ind2=" ">
      <subfield code="a">ger</subfield>
    </datafield>
    <datafield tag="245" ind1="0" ind2="0">
      <subfield code="a">100 Jahre Kunst im Aufbruch : </subfield>
      <subfield code="b">die Sammlung der Berlinischen Galerie /</subfield>
      <subfield code="c">[Katalogautoren Eva-Maria Amberger et al.]</subfield>
    </datafield>
    <datafield tag="260" ind1=" " ind2=" ">
      <subfield code="a">Bonn :</subfield>
      <subfield code="b">Kunst- und Ausstellungshalle der Bundesrepublik Deutschland [etc.],</subfield>
      <subfield code="c">cop. 1998</subfield>
    </datafield>
    <datafield tag="300" ind1=" " ind2=" ">
      <subfield code="a">351 p. ;</subfield>
      <subfield code="c">28 cm</subfield>
    </datafield>
    <datafield tag="504" ind1=" " ind2=" ">
      <subfield code="a">Bibliogr.: p. 339-350.</subfield>
    </datafield>
    <datafield tag="610" ind1="2" ind2="4">
      <subfield code="a">Berlinische Galerie</subfield>
    </datafield>
    <datafield tag="700" ind1="1" ind2=" ">
      <subfield code="a">Amberger, Eva-Maria</subfield>
    </datafield>
    <datafield tag="852" ind1=" " ind2=" ">
      <subfield code="a">B11</subfield>
      <subfield code="b">B11</subfield>
      <subfield code="x">BMEOMIKK000460577</subfield>
    </datafield>
  </record>
  <record>
    <leader>00666nama 22001691i 4500</leader>
    <controlfield tag="001">MOKKAS0000708172  </controlfield>
    <controlfield tag="005">20060616211731.0</controlfield>
    <controlfield tag="008">041105s1971    de            000 0 gerod</controlfield>
    <datafield tag="035" ind1=" " ind2=" ">
      <subfield code="a">1467183</subfield>
    </datafield>
    <datafield tag="040" ind1=" " ind2=" ">
      <subfield code="a">OSZK</subfield>
    </datafield>
    <datafield tag="041" ind1="0" ind2=" ">
      <subfield code="a">gerger</subfield>
    </datafield>
    <datafield tag="245" ind1="0" ind2="0">
      <subfield code="a">100 Jahre Kunst in Ungarn : </subfield>
      <subfield code="b">[Ausstellung] : [Dortmund, Museum am Ostwall], 1. Mai - 27. Juni 1971 : [Katalog] /</subfield>
      <subfield code="c">[Einl. István Solymár, Lóránd Bereczky]</subfield>
    </datafield>
    <datafield tag="260" ind1=" " ind2=" ">
      <subfield code="a">Dortmund :</subfield>
      <subfield code="b">Druck Cramers Kunstanstalt,</subfield>
      <subfield code="c">1971</subfield>
    </datafield>
    <datafield tag="300" ind1=" " ind2=" ">
      <subfield code="a">96 p. :</subfield>
      <subfield code="b">ill. ;</subfield>
      <subfield code="c">27 cm</subfield>
    </datafield>
    <datafield tag="700" ind1="1" ind2=" ">
      <subfield code="a">Bereczky Lóránd</subfield>
      <subfield code="c">(cédulakatalógus alapján)</subfield>
      <subfield code="4">(közrem.)</subfield>
    </datafield>
    <datafield tag="700" ind1="1" ind2=" ">
      <subfield code="a">Solymár István</subfield>
      <subfield code="c">(cédulakatalógus alapján)</subfield>
      <subfield code="4">(közrem.)</subfield>
    </datafield>
    <datafield tag="852" ind1=" " ind2=" ">
      <subfield code="a">B1</subfield>
      <subfield code="b">B1</subfield>
      <subfield code="x">1467183</subfield>
    </datafield>
  </record>
  <record>
    <leader>00580nama 22001691i 4500</leader>
    <controlfield tag="001">MOKKAS0000671979  </controlfield>
    <controlfield tag="005">20060616173446.0</controlfield>
    <controlfield tag="008">041105s1967    at            000 0 gerod</controlfield>
    <datafield tag="035" ind1=" " ind2=" ">
      <subfield code="a">1430928</subfield>
    </datafield>
    <datafield tag="040" ind1=" " ind2=" ">
      <subfield code="a">OSZK</subfield>
    </datafield>
    <datafield tag="041" ind1="0" ind2=" ">
      <subfield code="a">gerger</subfield>
    </datafield>
    <datafield tag="245" ind1="0" ind2="0">
      <subfield code="a">100 Jahre Landwirtschafts-Ministerium : </subfield>
      <subfield code="b">eine Festschrift /</subfield>
      <subfield code="c">[Hrsg. Bundesministerium für Land- und Forstwirtschaft]</subfield>
    </datafield>
    <datafield tag="260" ind1=" " ind2=" ">
      <subfield code="a">Wien :</subfield>
      <subfield code="b">Österr. Agrarverl.,</subfield>
      <subfield code="c">1967</subfield>
    </datafield>
    <datafield tag="300" ind1=" " ind2=" ">
      <subfield code="a">507 p. :</subfield>
      <subfield code="b">ill. ;</subfield>
      <subfield code="c">25 cm</subfield>
    </datafield>
    <datafield tag="504" ind1=" " ind2=" ">
      <subfield code="a">Bibliogr.: p. 483-505.</subfield>
    </datafield>
    <datafield tag="610" ind1="1" ind2="4">
      <subfield code="a">Ausztria.</subfield>
      <subfield code="b">Bundesministerium für Land- und Forstwirtschaft</subfield>
    </datafield>
    <datafield tag="852" ind1=" " ind2=" ">
      <subfield code="a">B1</subfield>
      <subfield code="b">B1</subfield>
      <subfield code="x">1430928</subfield>
    </datafield>
  </record>
  <record>
    <leader>00497nama 22001571i 4500</leader>
    <controlfield tag="001">MOKKAS0000647796  </controlfield>
    <controlfield tag="005">20060614201205.0</controlfield>
    <controlfield tag="008">041001s1956    de            000 0 gerod</controlfield>
    <datafield tag="035" ind1=" " ind2=" ">
      <subfield code="a">1406693</subfield>
    </datafield>
    <datafield tag="040" ind1=" " ind2=" ">
      <subfield code="a">OSZK</subfield>
    </datafield>
    <datafield tag="041" ind1="0" ind2=" ">
      <subfield code="a">gerger</subfield>
    </datafield>
    <datafield tag="245" ind1="0" ind2="0">
      <subfield code="a">100 Jahre Langenscheidt [KG. Verlagsbuchhandlung] /</subfield>
      <subfield code="c">[Text J. Garlip]</subfield>
    </datafield>
    <datafield tag="260" ind1=" " ind2=" ">
      <subfield code="a">Berlin-Schöneberg :</subfield>
      <subfield code="b">Langenscheidt,</subfield>
      <subfield code="c">[1956]</subfield>
    </datafield>
    <datafield tag="300" ind1=" " ind2=" ">
      <subfield code="a">107 p., 3 t. ;</subfield>
      <subfield code="c">22 cm</subfield>
    </datafield>
    <datafield tag="700" ind1="1" ind2=" ">
      <subfield code="a">Garlip, J.</subfield>
      <subfield code="c">(cédulakatalógus alapján)</subfield>
      <subfield code="4">(szövegíró)</subfield>
    </datafield>
    <datafield tag="852" ind1=" " ind2=" ">
      <subfield code="a">B1</subfield>
      <subfield code="b">B1</subfield>
      <subfield code="x">1406693</subfield>
    </datafield>
  </record>
  <record>
    <leader>00679nam  2200205   4500</leader>
    <controlfield tag="001">MOKKAZ0004897043  </controlfield>
    <controlfield tag="005">20040910114258.0</controlfield>
    <controlfield tag="008">010515m1992    sz            00010 ger d</controlfield>
    <datafield tag="020" ind1=" " ind2=" ">
      <subfield code="a">3-251-00193-0</subfield>
    </datafield>
    <datafield tag="035" ind1=" " ind2=" ">
      <subfield code="a">bibJPT00182514</subfield>
    </datafield>
    <datafield tag="040" ind1=" " ind2=" ">
      <subfield code="a">PTE</subfield>
    </datafield>
    <datafield tag="041" ind1=" " ind2=" ">
      <subfield code="a">ger</subfield>
    </datafield>
    <datafield tag="245" ind1="0" ind2="0">
      <subfield code="a">100 Jahre Lyrik :</subfield>
      <subfield code="b">Deutsche Gedichte aus zehn Jahrzehnten /</subfield>
      <subfield code="c">Ausgesucht, vorgelegt und mit einem Nachwort begründet von Axel Marquardt</subfield>
    </datafield>
    <datafield tag="260" ind1=" " ind2=" ">
      <subfield code="a">Zürich :</subfield>
      <subfield code="b">Haffmans Verlag,</subfield>
      <subfield code="c">1992</subfield>
    </datafield>
    <datafield tag="300" ind1=" " ind2=" ">
      <subfield code="a">681 p. ;</subfield>
      <subfield code="c">22 cm</subfield>
    </datafield>
    <datafield tag="490" ind1="1" ind2=" ">
      <subfield code="a">(Haffman's handliche Hausbücher)</subfield>
    </datafield>
    <datafield tag="695" ind1=" " ind2=" ">
      <subfield code="a">Literatur, Lyrik</subfield>
    </datafield>
    <datafield tag="700" ind1="1" ind2=" ">
      <subfield code="a">Marquardt, Axel</subfield>
    </datafield>
    <datafield tag="830" ind1=" " ind2="0">
      <subfield code="a">Haffman's handliche Hausbücher</subfield>
    </datafield>
    <datafield tag="852" ind1=" " ind2=" ">
      <subfield code="a">P1</subfield>
      <subfield code="b">P1/DB</subfield>
      <subfield code="x">bibJPT00182514</subfield>
    </datafield>
  </record>
  <record>
    <leader>00463nama 22001571i 4500</leader>
    <controlfield tag="001">MOKKAS0000604389  </controlfield>
    <controlfield tag="005">20060118021233.0</controlfield>
    <controlfield tag="008">041001s1948    ru            000 0 gerod</controlfield>
    <datafield tag="035" ind1=" " ind2=" ">
      <subfield code="a">1363213</subfield>
    </datafield>
    <datafield tag="040" ind1=" " ind2=" ">
      <subfield code="a">OSZK</subfield>
    </datafield>
    <datafield tag="041" ind1="0" ind2=" ">
      <subfield code="a">gerger</subfield>
    </datafield>
    <datafield tag="245" ind1="0" ind2="0">
      <subfield code="a">100 Jahre Manifest der Kommunistischen Partei : </subfield>
      <subfield code="b">sechs Aufsätze</subfield>
    </datafield>
    <datafield tag="260" ind1=" " ind2=" ">
      <subfield code="a">Moskau :</subfield>
      <subfield code="b">Verlag für Fremdsprachige Literatur,</subfield>
      <subfield code="c">1948</subfield>
    </datafield>
    <datafield tag="300" ind1=" " ind2=" ">
      <subfield code="a">150 p. ;</subfield>
      <subfield code="c">19 cm</subfield>
    </datafield>
    <datafield tag="852" ind1=" " ind2=" ">
      <subfield code="a">B1</subfield>
      <subfield code="b">B1</subfield>
      <subfield code="x">1363213</subfield>
    </datafield>
    <datafield tag="852" ind1=" " ind2=" ">
      <subfield code="a">B10</subfield>
      <subfield code="b">0801</subfield>
      <subfield code="x">bibFSZ784669</subfield>
    </datafield>
  </record>
  <record>
    <leader>00528nama 22001811i 4500</leader>
    <controlfield tag="001">MOKKAS0000593424  </controlfield>
    <controlfield tag="005">20060118010140.0</controlfield>
    <controlfield tag="008">041001s1959    at            000 0 gerod</controlfield>
    <datafield tag="035" ind1=" " ind2=" ">
      <subfield code="a">1352244</subfield>
    </datafield>
    <datafield tag="040" ind1=" " ind2=" ">
      <subfield code="a">OSZK</subfield>
    </datafield>
    <datafield tag="041" ind1="0" ind2=" ">
      <subfield code="a">gerger</subfield>
    </datafield>
    <datafield tag="245" ind1="0" ind2="0">
      <subfield code="a">100 Jahre Maria Loretto : </subfield>
      <subfield code="b">[Wallfahrtskirche Maria Loretto im Burgenland]</subfield>
    </datafield>
    <datafield tag="260" ind1=" " ind2=" ">
      <subfield code="a">Wien :</subfield>
      <subfield code="b">Druck. Typ. Anst.,</subfield>
      <subfield code="c">[1959]</subfield>
    </datafield>
    <datafield tag="300" ind1=" " ind2=" ">
      <subfield code="a">24 p. :</subfield>
      <subfield code="b">ill. ;</subfield>
      <subfield code="c">17 cm</subfield>
    </datafield>
    <datafield tag="490" ind1="1" ind2=" ">
      <subfield code="a">Heiligtümer der Heimat</subfield>
      <subfield code="v">2.</subfield>
    </datafield>
    <datafield tag="651" ind1=" " ind2="4">
      <subfield code="a">Loretto</subfield>
    </datafield>
    <datafield tag="830" ind1=" " ind2="0">
      <subfield code="a">Heiligtümer der Heimat</subfield>
    </datafield>
    <datafield tag="852" ind1=" " ind2=" ">
      <subfield code="a">B1</subfield>
      <subfield code="b">B1</subfield>
      <subfield code="x">1352244</subfield>
    </datafield>
  </record>
  <record>
    <leader>00657nam  2200181 i 4500</leader>
    <controlfield tag="001">MOKKAW0005797112  </controlfield>
    <controlfield tag="005">20080419015749.0</controlfield>
    <controlfield tag="008">041116s2001    de            000 0 ger d</controlfield>
    <datafield tag="020" ind1=" " ind2=" ">
      <subfield code="a">3-89365-916-1</subfield>
    </datafield>
    <datafield tag="035" ind1=" " ind2=" ">
      <subfield code="a">BMEOMIKK000461141</subfield>
    </datafield>
    <datafield tag="040" ind1=" " ind2=" ">
      <subfield code="a">BMEOMIKK</subfield>
    </datafield>
    <datafield tag="041" ind1="0" ind2=" ">
      <subfield code="a">ger</subfield>
    </datafield>
    <datafield tag="245" ind1="0" ind2="0">
      <subfield code="a">100 Jahre Mercedes : </subfield>
      <subfield code="b">[legendäre Autos, faszinierende Technik, berühmte Personen von 1901 bis heute ; mit kompletter Baureihen-Übersicht und ausführlichem Serviceteil] /</subfield>
      <subfield code="c">[Hrsg. Franz-Christoph Heel]</subfield>
    </datafield>
    <datafield tag="260" ind1=" " ind2=" ">
      <subfield code="a">Königswinter :</subfield>
      <subfield code="b">Heel,</subfield>
      <subfield code="c">2001</subfield>
    </datafield>
    <datafield tag="300" ind1=" " ind2=" ">
      <subfield code="a">200 p. ;</subfield>
      <subfield code="c">30 cm</subfield>
    </datafield>
    <datafield tag="653" ind1=" " ind2=" ">
      <subfield code="a">Mercedes-Benz</subfield>
    </datafield>
    <datafield tag="700" ind1="1" ind2=" ">
      <subfield code="a">Heel, Franz-Christop</subfield>
    </datafield>
    <datafield tag="852" ind1=" " ind2=" ">
      <subfield code="a">B11</subfield>
      <subfield code="b">B11</subfield>
      <subfield code="x">BMEOMIKK000461141</subfield>
    </datafield>
  </record>
  <record>
    <leader>00641nama 22001571i 4500</leader>
    <controlfield tag="001">MOKKAS0000708724  </controlfield>
    <controlfield tag="005">20060616212030.0</controlfield>
    <controlfield tag="008">041105s1972    at            000 0 gerod</controlfield>
    <datafield tag="035" ind1=" " ind2=" ">
      <subfield code="a">1467735</subfield>
    </datafield>
    <datafield tag="040" ind1=" " ind2=" ">
      <subfield code="a">OSZK</subfield>
    </datafield>
    <datafield tag="041" ind1="0" ind2=" ">
      <subfield code="a">gerger</subfield>
    </datafield>
    <datafield tag="100" ind1="1" ind2=" ">
      <subfield code="a">Ulbrich, Karl</subfield>
      <subfield code="c">(cédulakatalógus alapján)</subfield>
    </datafield>
    <datafield tag="245" ind1="1" ind2="0">
      <subfield code="a">100 Jahre metrisches Massystem in Österreich (1872-1972) : </subfield>
      <subfield code="b">die historische Etwicklung des österreichischen Mass- und Eichwesens ... bis zur Hundertjahrfeier des metrischen Masssystems ... /</subfield>
      <subfield code="c">[Karl Ulbrich]</subfield>
    </datafield>
    <datafield tag="260" ind1=" " ind2=" ">
      <subfield code="a">Wien :</subfield>
      <subfield code="b">Bundesamt für Eich- und Vermessungswesen,</subfield>
      <subfield code="c">1972</subfield>
    </datafield>
    <datafield tag="300" ind1=" " ind2=" ">
      <subfield code="a">V, 172 p. :</subfield>
      <subfield code="b">ill. ;</subfield>
      <subfield code="c">29 cm</subfield>
    </datafield>
    <datafield tag="852" ind1=" " ind2=" ">
      <subfield code="a">B1</subfield>
      <subfield code="b">B1</subfield>
      <subfield code="x">1467735</subfield>
    </datafield>
  </record>
  <record>
    <leader>00536cam  22001571  4500</leader>
    <controlfield tag="001">MOKKAZ0004282900  </controlfield>
    <controlfield tag="005">20040910055411.0</controlfield>
    <controlfield tag="008">      s1976                        ger d</controlfield>
    <datafield tag="020" ind1=" " ind2=" ">
      <subfield code="a">3-900035-49-0 (kötött) :</subfield>
    </datafield>
    <datafield tag="035" ind1=" " ind2=" ">
      <subfield code="a">bibFSZ00128503</subfield>
    </datafield>
    <datafield tag="040" ind1=" " ind2=" ">
      <subfield code="a">FSZEK</subfield>
    </datafield>
    <datafield tag="245" ind1="0" ind2="0">
      <subfield code="a">100 Jahre Musikverlag Doblinger : </subfield>
      <subfield code="b">1876-1976</subfield>
    </datafield>
    <datafield tag="260" ind1=" " ind2=" ">
      <subfield code="a">Wien ;</subfield>
      <subfield code="a">München :</subfield>
      <subfield code="b">Ludwig Doblinger &amp; Bernhard Herzmansky KG,</subfield>
      <subfield code="c">1976</subfield>
    </datafield>
    <datafield tag="300" ind1=" " ind2=" ">
      <subfield code="a">[14], 216 p. :</subfield>
      <subfield code="b">ill. ;</subfield>
      <subfield code="c">22 cm</subfield>
    </datafield>
    <datafield tag="610" ind1="2" ind2=" ">
      <subfield code="a">Ludwig Doblinger &amp; Bernhard Herzmansky KG (Wien)</subfield>
    </datafield>
    <datafield tag="852" ind1=" " ind2=" ">
      <subfield code="a">B10</subfield>
      <subfield code="b">0801Z</subfield>
      <subfield code="x">bibFSZ00128503</subfield>
    </datafield>
  </record>
  <record>
    <leader>00704nam  2200193 i 4500</leader>
    <controlfield tag="001">MOKKAW0005957361  </controlfield>
    <controlfield tag="005">20080724010420.0</controlfield>
    <controlfield tag="008">981026s1997                 u    j ger d</controlfield>
    <datafield tag="035" ind1=" " ind2=" ">
      <subfield code="a">Hadtört.Kvt19068</subfield>
    </datafield>
    <datafield tag="040" ind1=" " ind2=" ">
      <subfield code="a">HIMHK</subfield>
    </datafield>
    <datafield tag="041" ind1="0" ind2=" ">
      <subfield code="a">ger</subfield>
    </datafield>
    <datafield tag="110" ind1="2" ind2="0">
      <subfield code="a">Militärhistorisches Museum Dresden</subfield>
    </datafield>
    <datafield tag="245" ind1="1" ind2="0">
      <subfield code="a">100 Jahre Museum im Dresdner Arsenal, 1897-1997 /</subfield>
      <subfield code="c">[Hrsg. Christian-Wilhelm von Prittwitz und Gaffron] ; [Red. Christian Hermann]</subfield>
    </datafield>
    <datafield tag="260" ind1=" " ind2=" ">
      <subfield code="a">Dresden :</subfield>
      <subfield code="b">Militärhistorisches Mus. Dresden,</subfield>
      <subfield code="c">1997</subfield>
    </datafield>
    <datafield tag="300" ind1=" " ind2=" ">
      <subfield code="a">240 p. :</subfield>
      <subfield code="b">ill. ;</subfield>
      <subfield code="c">21 cm</subfield>
    </datafield>
    <datafield tag="500" ind1=" " ind2=" ">
      <subfield code="a">Bibliogr.</subfield>
    </datafield>
    <datafield tag="700" ind1="1" ind2=" ">
      <subfield code="a">Prittwitz u. Gaffron, Christian-Wilhelm</subfield>
      <subfield code="4">(szerk.)</subfield>
    </datafield>
    <datafield tag="700" ind1="1" ind2=" ">
      <subfield code="a">Hermann, Christian</subfield>
      <subfield code="4">(szerk.)</subfield>
    </datafield>
    <datafield tag="852" ind1=" " ind2=" ">
      <subfield code="a">B419</subfield>
      <subfield code="b">B419</subfield>
      <subfield code="x">Hadtört.Kvt19068</subfield>
    </datafield>
  </record>
  <record>
    <leader>00776nam  2200217 i 4500</leader>
    <controlfield tag="001">MOKKAZ0003292981  </controlfield>
    <controlfield tag="005">20040909174911.0</controlfield>
    <controlfield tag="008">      s1976    au ao         00010 ger d</controlfield>
    <datafield tag="020" ind1=" " ind2=" ">
      <subfield code="a">3 900035 49 0</subfield>
    </datafield>
    <datafield tag="035" ind1=" " ind2=" ">
      <subfield code="a">bibKLT00069471</subfield>
    </datafield>
    <datafield tag="040" ind1=" " ind2=" ">
      <subfield code="a">DEENK</subfield>
    </datafield>
    <datafield tag="245" ind1="0" ind2="0">
      <subfield code="a">100 Jahre Musikverlag Doblinger :</subfield>
      <subfield code="b">1876-1976 /</subfield>
      <subfield code="c">[Bildauswahl und Layout Herbert Vogg]</subfield>
    </datafield>
    <datafield tag="260" ind1=" " ind2=" ">
      <subfield code="a">Wien ;</subfield>
      <subfield code="a">München :</subfield>
      <subfield code="b">Doblinger,</subfield>
      <subfield code="c">1976</subfield>
    </datafield>
    <datafield tag="300" ind1=" " ind2=" ">
      <subfield code="a">215, [1] p. :</subfield>
      <subfield code="b">ill. ;</subfield>
      <subfield code="2">2 x 22 cm</subfield>
    </datafield>
    <datafield tag="610" ind1="2" ind2=" ">
      <subfield code="a">Musikverlag Doblinger (Wien)</subfield>
      <subfield code="x">történet</subfield>
    </datafield>
    <datafield tag="650" ind1=" " ind2="4">
      <subfield code="a">Zeneműkiadók</subfield>
      <subfield code="z">Ausztria</subfield>
      <subfield code="x">életrajz</subfield>
    </datafield>
    <datafield tag="650" ind1=" " ind2="4">
      <subfield code="a">Zeneműkiadás</subfield>
      <subfield code="z">Ausztria</subfield>
      <subfield code="x">történet</subfield>
    </datafield>
    <datafield tag="650" ind1=" " ind2="0">
      <subfield code="a">Music publishers</subfield>
      <subfield code="z">Austria</subfield>
      <subfield code="x">Biography.</subfield>
    </datafield>
    <datafield tag="650" ind1=" " ind2="0">
      <subfield code="a">Music</subfield>
      <subfield code="x">Publishing</subfield>
      <subfield code="z">Austria</subfield>
      <subfield code="x">History.</subfield>
    </datafield>
    <datafield tag="700" ind1="1" ind2=" ">
      <subfield code="a">Vogg, Herbert</subfield>
      <subfield code="d">(1928-)</subfield>
    </datafield>
    <datafield tag="852" ind1=" " ind2=" ">
      <subfield code="a">D1</subfield>
      <subfield code="b">D1/OE</subfield>
      <subfield code="x">bibKLT00069471</subfield>
    </datafield>
  </record>
  <record>
    <leader>00679nam  2200205 i 4500</leader>
    <controlfield tag="001">MOKKAW0005540063  </controlfield>
    <controlfield tag="005">20080414225617.0</controlfield>
    <controlfield tag="008">990308s1987    de     f      000 0 ger d</controlfield>
    <datafield tag="020" ind1=" " ind2=" ">
      <subfield code="a">3-487-07920-8</subfield>
    </datafield>
    <datafield tag="035" ind1=" " ind2=" ">
      <subfield code="a">345902</subfield>
    </datafield>
    <datafield tag="040" ind1=" " ind2=" ">
      <subfield code="a">KSZK</subfield>
    </datafield>
    <datafield tag="041" ind1="0" ind2=" ">
      <subfield code="a">gerger</subfield>
    </datafield>
    <datafield tag="245" ind1="0" ind2="0">
      <subfield code="a">100 Jahre Olms : </subfield>
      <subfield code="b">1886-1986 /</subfield>
      <subfield code="c">Hrsg. von W. Joachim Freyburg</subfield>
    </datafield>
    <datafield tag="260" ind1=" " ind2=" ">
      <subfield code="a">Hildesheim</subfield>
      <subfield code="a">Zürich</subfield>
      <subfield code="a">New York :</subfield>
      <subfield code="b">Georg Olms Verl.,</subfield>
      <subfield code="c">1987</subfield>
    </datafield>
    <datafield tag="300" ind1=" " ind2=" ">
      <subfield code="a">121 p., 8 t. :</subfield>
      <subfield code="b">ill. ;</subfield>
      <subfield code="c">21 cm</subfield>
    </datafield>
    <datafield tag="653" ind1=" " ind2=" ">
      <subfield code="a">Németország, Hildesheim</subfield>
    </datafield>
    <datafield tag="700" ind1="1" ind2=" ">
      <subfield code="a">Freyburg, W. Joachim</subfield>
      <subfield code="4">(szerk.)</subfield>
    </datafield>
    <datafield tag="710" ind1="2" ind2=" ">
      <subfield code="a">Georg Olms Verlag (Hildesheim)</subfield>
      <subfield code="4">tárgya</subfield>
    </datafield>
    <datafield tag="710" ind1="2" ind2=" ">
      <subfield code="a">Buchhandlung Hermann Olms (Hildesheim)</subfield>
      <subfield code="4">tárgya</subfield>
    </datafield>
    <datafield tag="852" ind1=" " ind2=" ">
      <subfield code="a">B1700</subfield>
      <subfield code="b">B1700</subfield>
      <subfield code="x">345902</subfield>
    </datafield>
  </record>
  <record>
    <leader>00927cam  2200265 i 4500</leader>
    <controlfield tag="001">MOKKAS0001846546  </controlfield>
    <controlfield tag="005">20060530173643.0</controlfield>
    <controlfield tag="008">880419s1987    gw a          000 0 ger  </controlfield>
    <datafield tag="010" ind1=" " ind2=" ">
      <subfield code="a">   88132535 //r95</subfield>
    </datafield>
    <datafield tag="020" ind1=" " ind2=" ">
      <subfield code="a">3 487 07920 8</subfield>
    </datafield>
    <datafield tag="035" ind1=" " ind2=" ">
      <subfield code="a">16411</subfield>
    </datafield>
    <datafield tag="040" ind1=" " ind2=" ">
      <subfield code="a">ELTE</subfield>
    </datafield>
    <datafield tag="041" ind1="0" ind2=" ">
      <subfield code="a">gerengfreita</subfield>
    </datafield>
    <datafield tag="245" ind1="0" ind2="0">
      <subfield code="a">100 Jahre Olms, 1886-1986 /</subfield>
      <subfield code="c">herausgegeben von W. Joachim Freyburg.</subfield>
    </datafield>
    <datafield tag="260" ind1=" " ind2=" ">
      <subfield code="a">Hildesheim :</subfield>
      <subfield code="b">Olms,</subfield>
      <subfield code="c">cop. 1987. -</subfield>
    </datafield>
    <datafield tag="300" ind1=" " ind2=" ">
      <subfield code="a">121 p. ;</subfield>
      <subfield code="c">22 cm. +</subfield>
      <subfield code="e">18 t.mell.</subfield>
    </datafield>
    <datafield tag="500" ind1=" " ind2=" ">
      <subfield code="a">Includes contributions in English, French, and Italian.</subfield>
    </datafield>
    <datafield tag="610" ind1="2" ind2="0">
      <subfield code="a">Georg Olms Verlag</subfield>
      <subfield code="x">History.</subfield>
    </datafield>
    <datafield tag="650" ind1="0" ind2="4">
      <subfield code="a">könyvkereskedelem</subfield>
      <subfield code="x">történet</subfield>
      <subfield code="y">1886-1986</subfield>
      <subfield code="z">német</subfield>
    </datafield>
    <datafield tag="650" ind1="0" ind2="4">
      <subfield code="a">könyvkiadó</subfield>
      <subfield code="x">történet</subfield>
      <subfield code="y">1886-1986</subfield>
      <subfield code="z">német</subfield>
    </datafield>
    <datafield tag="690" ind1=" " ind2="0">
      <subfield code="a">Publishers and publishing</subfield>
      <subfield code="x">History.</subfield>
    </datafield>
    <datafield tag="690" ind1=" " ind2="0">
      <subfield code="a">Booksellers and bookselling</subfield>
      <subfield code="x">History.</subfield>
    </datafield>
    <datafield tag="700" ind1="1" ind2=" ">
      <subfield code="a">Freyburg, W. Joachim,</subfield>
      <subfield code="d">(1914-)</subfield>
    </datafield>
    <datafield tag="730" ind1="0" ind2=" ">
      <subfield code="a">Hundert Jahre Olms, 1886-1986</subfield>
    </datafield>
    <datafield tag="852" ind1=" " ind2=" ">
      <subfield code="a">B2</subfield>
      <subfield code="b">B2</subfield>
      <subfield code="x">16411</subfield>
    </datafield>
  </record>
  <record>
    <leader>00995nam  2200265 i 4500</leader>
    <controlfield tag="001">MOKKAN0004712211  </controlfield>
    <controlfield tag="005">20070703043801.0</controlfield>
    <controlfield tag="008">060918s1998                 u    j ger d</controlfield>
    <datafield tag="020" ind1=" " ind2=" ">
      <subfield code="a">3 8263 3199 0</subfield>
    </datafield>
    <datafield tag="035" ind1=" " ind2=" ">
      <subfield code="a">KÉE217336</subfield>
    </datafield>
    <datafield tag="040" ind1=" " ind2=" ">
      <subfield code="a">BCEEFK</subfield>
    </datafield>
    <datafield tag="041" ind1="0" ind2=" ">
      <subfield code="a">ger</subfield>
    </datafield>
    <datafield tag="100" ind1="1" ind2=" ">
      <subfield code="a">Backhaus, Georg F.</subfield>
    </datafield>
    <datafield tag="245" ind1="1" ind2="0">
      <subfield code="a">100 Jahre Pflanzenschutzforschung : </subfield>
      <subfield code="b">Pflanzenschutz im Gartenbau Unkrautforschung /</subfield>
      <subfield code="c">zsgest. von Georg F. Backhaus und Thomas Eggers</subfield>
    </datafield>
    <datafield tag="246" ind1="1" ind2="3">
      <subfield code="a">Pflanzenschutz im Gartenbau Unkrautforschung</subfield>
    </datafield>
    <datafield tag="260" ind1=" " ind2=" ">
      <subfield code="a">Berlin :</subfield>
      <subfield code="b">Parey,</subfield>
      <subfield code="c">1998</subfield>
    </datafield>
    <datafield tag="300" ind1=" " ind2=" ">
      <subfield code="a">128 p.</subfield>
    </datafield>
    <datafield tag="490" ind1="1" ind2=" ">
      <subfield code="a">Mitteilungen aus der Biologischen Bundesanstalt für Land- und Forstwirtschaft Berlin-Dahlem</subfield>
      <subfield code="x">0067-5849</subfield>
      <subfield code="v">H. 345.</subfield>
    </datafield>
    <datafield tag="504" ind1=" " ind2=" ">
      <subfield code="a">Bibliogr. a tanulmányok végén</subfield>
    </datafield>
    <datafield tag="650" ind1=" " ind2="4">
      <subfield code="a">Növényvédelem</subfield>
    </datafield>
    <datafield tag="650" ind1=" " ind2="4">
      <subfield code="a">Gyomnövények</subfield>
    </datafield>
    <datafield tag="650" ind1=" " ind2="4">
      <subfield code="a">Kertészet</subfield>
    </datafield>
    <datafield tag="700" ind1="1" ind2=" ">
      <subfield code="a">Eggers, Thomas</subfield>
    </datafield>
    <datafield tag="830" ind1=" " ind2="0">
      <subfield code="a">Mitteilungen aus der Biologischen Bundesanstalt für Land- und Forstwirtschaft Berlin-Dahlem</subfield>
    </datafield>
    <datafield tag="852" ind1=" " ind2=" ">
      <subfield code="a">B503</subfield>
      <subfield code="b">B503</subfield>
      <subfield code="x">KÉE217336</subfield>
    </datafield>
  </record>
  <record>
    <leader>00865nam  2200241 i 4500</leader>
    <controlfield tag="001">MOKKAN0004712207  </controlfield>
    <controlfield tag="005">20070703043759.0</controlfield>
    <controlfield tag="008">060918s1998                 u    j ger d</controlfield>
    <datafield tag="020" ind1=" " ind2=" ">
      <subfield code="a">3 8263 3205 9</subfield>
    </datafield>
    <datafield tag="035" ind1=" " ind2=" ">
      <subfield code="a">KÉE217312</subfield>
    </datafield>
    <datafield tag="040" ind1=" " ind2=" ">
      <subfield code="a">BCEEFK</subfield>
    </datafield>
    <datafield tag="041" ind1="0" ind2=" ">
      <subfield code="a">ger</subfield>
    </datafield>
    <datafield tag="100" ind1="1" ind2=" ">
      <subfield code="a">Becker, Hans</subfield>
    </datafield>
    <datafield tag="245" ind1="1" ind2="0">
      <subfield code="a">100 Jahre Pflanzenschutzforschung : </subfield>
      <subfield code="b">Verschiedene Themen /</subfield>
      <subfield code="c">zsgest. Hans Becker</subfield>
    </datafield>
    <datafield tag="260" ind1=" " ind2=" ">
      <subfield code="a">Berlin :</subfield>
      <subfield code="b">Parey,</subfield>
      <subfield code="c">1998</subfield>
    </datafield>
    <datafield tag="300" ind1=" " ind2=" ">
      <subfield code="a">61 p.</subfield>
    </datafield>
    <datafield tag="490" ind1="1" ind2=" ">
      <subfield code="a">Mitteilungen aus der Biologischen Bundesanstalt für Land- und Forstwirtschaft Berlin-Dahlem</subfield>
      <subfield code="x">0067-5849</subfield>
      <subfield code="v">H. 351.</subfield>
    </datafield>
    <datafield tag="500" ind1=" " ind2=" ">
      <subfield code="a">Angol ny. összefoglalóval</subfield>
    </datafield>
    <datafield tag="504" ind1=" " ind2=" ">
      <subfield code="a">Bibliogr. a tanulmányok végén</subfield>
    </datafield>
    <datafield tag="650" ind1=" " ind2="4">
      <subfield code="a">Növényvédelem</subfield>
    </datafield>
    <datafield tag="650" ind1=" " ind2="4">
      <subfield code="a">Biológiai kutatás</subfield>
    </datafield>
    <datafield tag="830" ind1=" " ind2="0">
      <subfield code="a">Mitteilungen aus der Biologischen Bundesanstalt für Land- und Forstwirtschaft Berlin-Dahlem</subfield>
    </datafield>
    <datafield tag="852" ind1=" " ind2=" ">
      <subfield code="a">B503</subfield>
      <subfield code="b">B503</subfield>
      <subfield code="x">KÉE217312</subfield>
    </datafield>
  </record>
  <record>
    <leader>00810nam  2200217 i 4500</leader>
    <controlfield tag="001">MOKKAN0004712212  </controlfield>
    <controlfield tag="005">20070703043801.0</controlfield>
    <controlfield tag="008">060918s1998                 u    j ger d</controlfield>
    <datafield tag="020" ind1=" " ind2=" ">
      <subfield code="a">3 8263 3202 4</subfield>
    </datafield>
    <datafield tag="035" ind1=" " ind2=" ">
      <subfield code="a">KÉE217339</subfield>
    </datafield>
    <datafield tag="040" ind1=" " ind2=" ">
      <subfield code="a">BCEEFK</subfield>
    </datafield>
    <datafield tag="041" ind1="0" ind2=" ">
      <subfield code="a">ger</subfield>
    </datafield>
    <datafield tag="100" ind1="1" ind2=" ">
      <subfield code="a">Laux, Wolfrudolf</subfield>
    </datafield>
    <datafield tag="245" ind1="1" ind2="0">
      <subfield code="a">100 Jahre Pflanzenschutzforschung : </subfield>
      <subfield code="b">Information, Recht, Geschichte /</subfield>
      <subfield code="c">zsgest. von Wolfrudolf Laux</subfield>
    </datafield>
    <datafield tag="260" ind1=" " ind2=" ">
      <subfield code="a">Berlin :</subfield>
      <subfield code="b">Parey,</subfield>
      <subfield code="c">1998</subfield>
    </datafield>
    <datafield tag="300" ind1=" " ind2=" ">
      <subfield code="a">131 p..</subfield>
    </datafield>
    <datafield tag="490" ind1="1" ind2=" ">
      <subfield code="a">Mitteilungen aus der Biologischen Bundesanstalt für Land- und Forstwirtschaft Berlin-Dahlem</subfield>
      <subfield code="x">0067-5849</subfield>
      <subfield code="v">H. 348.</subfield>
    </datafield>
    <datafield tag="504" ind1=" " ind2=" ">
      <subfield code="a">Bibliogr. a tanulmányok végén</subfield>
    </datafield>
    <datafield tag="650" ind1=" " ind2="4">
      <subfield code="a">Növényvédelem</subfield>
    </datafield>
    <datafield tag="830" ind1=" " ind2="0">
      <subfield code="a">Mitteilungen aus der Biologischen Bundesanstalt für Land- und Forstwirtschaft Berlin-Dahlem</subfield>
    </datafield>
    <datafield tag="852" ind1=" " ind2=" ">
      <subfield code="a">B503</subfield>
      <subfield code="b">B503</subfield>
      <subfield code="x">KÉE217339</subfield>
    </datafield>
  </record>
  <record>
    <leader>01055nam  2200277 i 4500</leader>
    <controlfield tag="001">MOKKAN0004693326  </controlfield>
    <controlfield tag="005">20070703004108.0</controlfield>
    <controlfield tag="008">040622s1998                 u    j ger d</controlfield>
    <datafield tag="020" ind1=" " ind2=" ">
      <subfield code="a">3 8263 3201 6</subfield>
    </datafield>
    <datafield tag="035" ind1=" " ind2=" ">
      <subfield code="a">KÉE40376</subfield>
    </datafield>
    <datafield tag="040" ind1=" " ind2=" ">
      <subfield code="a">BCEEFK</subfield>
    </datafield>
    <datafield tag="041" ind1="0" ind2=" ">
      <subfield code="a">ger</subfield>
    </datafield>
    <datafield tag="100" ind1="1" ind2=" ">
      <subfield code="a">Rietz, Siegfried</subfield>
    </datafield>
    <datafield tag="245" ind1="1" ind2="0">
      <subfield code="a">100 Jahre Pflanzenschutzforschung : </subfield>
      <subfield code="b">Die Prüfung von Pflanzenschutzmitteln und Pflanzenschutzgeräten /</subfield>
      <subfield code="c">zsgest. Siegfried Rietz, Helmut Ehle, Peter Kaul</subfield>
    </datafield>
    <datafield tag="246" ind1="1" ind2="3">
      <subfield code="a">Die Prüfung von Pflanzenschutzmitteln und Pflanzenschutzgeräten</subfield>
    </datafield>
    <datafield tag="260" ind1=" " ind2=" ">
      <subfield code="a">Berlin :</subfield>
      <subfield code="b">Parey,</subfield>
      <subfield code="c">1998</subfield>
    </datafield>
    <datafield tag="300" ind1=" " ind2=" ">
      <subfield code="a">191 p.</subfield>
    </datafield>
    <datafield tag="490" ind1="1" ind2=" ">
      <subfield code="a">Mitteilungen aus der Biologischen Bundesanstalt für Land- und Forstwirtschaft Berlin-Dahlem</subfield>
      <subfield code="x">0067-5849</subfield>
      <subfield code="v">H. 347.</subfield>
    </datafield>
    <datafield tag="504" ind1=" " ind2=" ">
      <subfield code="a">Bibliogr. p. 185-191.</subfield>
    </datafield>
    <datafield tag="650" ind1=" " ind2="4">
      <subfield code="a">Erdőgazdaság</subfield>
    </datafield>
    <datafield tag="650" ind1=" " ind2="4">
      <subfield code="a">Tájépítészet</subfield>
    </datafield>
    <datafield tag="650" ind1=" " ind2="4">
      <subfield code="a">Növényvédelem</subfield>
    </datafield>
    <datafield tag="700" ind1="1" ind2=" ">
      <subfield code="a">Ehle, Helmut</subfield>
    </datafield>
    <datafield tag="700" ind1="1" ind2=" ">
      <subfield code="a">Kaul, Peter</subfield>
    </datafield>
    <datafield tag="830" ind1=" " ind2="0">
      <subfield code="a">Mitteilungen aus der Biologischen Bundesanstalt für Land- und Forstwirtschaft Berlin-Dahlem</subfield>
    </datafield>
    <datafield tag="852" ind1=" " ind2=" ">
      <subfield code="a">B503</subfield>
      <subfield code="b">B503</subfield>
      <subfield code="x">KÉE40376</subfield>
    </datafield>
  </record>
  <record>
    <leader>01034nam  2200277 i 4500</leader>
    <controlfield tag="001">MOKKAN0004693327  </controlfield>
    <controlfield tag="005">20070703004109.0</controlfield>
    <controlfield tag="008">030616s1998                 u    j ger d</controlfield>
    <datafield tag="020" ind1=" " ind2=" ">
      <subfield code="a">3 8263 3169 9</subfield>
    </datafield>
    <datafield tag="035" ind1=" " ind2=" ">
      <subfield code="a">KÉE40385</subfield>
    </datafield>
    <datafield tag="040" ind1=" " ind2=" ">
      <subfield code="a">BCEEFK</subfield>
    </datafield>
    <datafield tag="041" ind1="0" ind2=" ">
      <subfield code="a">ger</subfield>
    </datafield>
    <datafield tag="100" ind1="1" ind2=" ">
      <subfield code="a">Schöber-butin, Bärbel</subfield>
    </datafield>
    <datafield tag="245" ind1="1" ind2="0">
      <subfield code="a">100 Jahre Pflanzenschutzforschung : </subfield>
      <subfield code="b">Krankheiten und Schädlinge der Kartoffel /</subfield>
      <subfield code="c">zsgest. Bärbel Schöber-Butin</subfield>
    </datafield>
    <datafield tag="246" ind1="1" ind2="3">
      <subfield code="a">Krankheiten und Schädlinge der Kartoffel</subfield>
    </datafield>
    <datafield tag="260" ind1=" " ind2=" ">
      <subfield code="a">Berlin :</subfield>
      <subfield code="b">Parey,</subfield>
      <subfield code="c">1998</subfield>
    </datafield>
    <datafield tag="300" ind1=" " ind2=" ">
      <subfield code="a">137 p.</subfield>
    </datafield>
    <datafield tag="490" ind1="1" ind2=" ">
      <subfield code="a">Mitteilungen aus der Biologischen Bundesanstalt für Land- und Forstwirtschaft Berlin-Dahlem</subfield>
      <subfield code="x">0067-5849</subfield>
      <subfield code="v">H. 335.</subfield>
    </datafield>
    <datafield tag="500" ind1=" " ind2=" ">
      <subfield code="a">Angol ny. összefoglalóval</subfield>
    </datafield>
    <datafield tag="504" ind1=" " ind2=" ">
      <subfield code="a">Bibliogr. a tanulmányok végén</subfield>
    </datafield>
    <datafield tag="650" ind1=" " ind2="4">
      <subfield code="a">Burgonya</subfield>
    </datafield>
    <datafield tag="650" ind1=" " ind2="4">
      <subfield code="a">Burgonya betegségei</subfield>
    </datafield>
    <datafield tag="650" ind1=" " ind2="4">
      <subfield code="a">Burgonya növényvédelme</subfield>
    </datafield>
    <datafield tag="650" ind1=" " ind2="4">
      <subfield code="a">Növényvédelem</subfield>
    </datafield>
    <datafield tag="830" ind1=" " ind2="0">
      <subfield code="a">Mitteilungen aus der Biologischen Bundesanstalt für Land- und Forstwirtschaft Berlin-Dahlem</subfield>
    </datafield>
    <datafield tag="852" ind1=" " ind2=" ">
      <subfield code="a">B503</subfield>
      <subfield code="b">B503</subfield>
      <subfield code="x">KÉE40385</subfield>
    </datafield>
  </record>
  <record>
    <leader>00933nam  2200253 i 4500</leader>
    <controlfield tag="001">MOKKAN0004693328  </controlfield>
    <controlfield tag="005">20070703004110.0</controlfield>
    <controlfield tag="008">040622s1998                 u    j ger d</controlfield>
    <datafield tag="020" ind1=" " ind2=" ">
      <subfield code="a">3 8263 3200 8</subfield>
    </datafield>
    <datafield tag="035" ind1=" " ind2=" ">
      <subfield code="a">KÉE40388</subfield>
    </datafield>
    <datafield tag="040" ind1=" " ind2=" ">
      <subfield code="a">BCEEFK</subfield>
    </datafield>
    <datafield tag="041" ind1="0" ind2=" ">
      <subfield code="a">ger</subfield>
    </datafield>
    <datafield tag="100" ind1="1" ind2=" ">
      <subfield code="a">Vogt, Heidrun</subfield>
    </datafield>
    <datafield tag="245" ind1="1" ind2="0">
      <subfield code="a">100 Jahre Pflanzenschutzforschung : </subfield>
      <subfield code="b">Pflanzenschutz und Naturhaushalt /</subfield>
      <subfield code="c">zsgest. Heidrun Vogt</subfield>
    </datafield>
    <datafield tag="246" ind1="1" ind2="3">
      <subfield code="a">Pflanzenschutz und Naturhaushalt</subfield>
    </datafield>
    <datafield tag="260" ind1=" " ind2=" ">
      <subfield code="a">Berlin :</subfield>
      <subfield code="b">Parey,</subfield>
      <subfield code="c">1998</subfield>
    </datafield>
    <datafield tag="300" ind1=" " ind2=" ">
      <subfield code="a">109 p.</subfield>
    </datafield>
    <datafield tag="490" ind1="1" ind2=" ">
      <subfield code="a">Mitteilungen aus der Biologischen Bundesanstalt für Land- und Forstwirtschaft Berlin-Dahlem</subfield>
      <subfield code="x">0067-5849</subfield>
      <subfield code="v">H. 346.</subfield>
    </datafield>
    <datafield tag="500" ind1=" " ind2=" ">
      <subfield code="a">Angol ny. összefoglalóval</subfield>
    </datafield>
    <datafield tag="504" ind1=" " ind2=" ">
      <subfield code="a">Bibliogr. a tanulmányok végén</subfield>
    </datafield>
    <datafield tag="650" ind1=" " ind2="4">
      <subfield code="a">Növényvédelem</subfield>
    </datafield>
    <datafield tag="650" ind1=" " ind2="4">
      <subfield code="a">Környezet-gazdálkodás</subfield>
    </datafield>
    <datafield tag="830" ind1=" " ind2="0">
      <subfield code="a">Mitteilungen aus der Biologischen Bundesanstalt für Land- und Forstwirtschaft Berlin-Dahlem</subfield>
    </datafield>
    <datafield tag="852" ind1=" " ind2=" ">
      <subfield code="a">B503</subfield>
      <subfield code="b">B503</subfield>
      <subfield code="x">KÉE40388</subfield>
    </datafield>
  </record>
  <record>
    <leader>00990nam  2200265 i 4500</leader>
    <controlfield tag="001">MOKKAN0004693325  </controlfield>
    <controlfield tag="005">20070703004106.0</controlfield>
    <controlfield tag="008">040622s1998                 u    j ger d</controlfield>
    <datafield tag="020" ind1=" " ind2=" ">
      <subfield code="a">3 8263 3203 2</subfield>
    </datafield>
    <datafield tag="035" ind1=" " ind2=" ">
      <subfield code="a">KÉE40373</subfield>
    </datafield>
    <datafield tag="040" ind1=" " ind2=" ">
      <subfield code="a">BCEEFK</subfield>
    </datafield>
    <datafield tag="041" ind1="0" ind2=" ">
      <subfield code="a">ger</subfield>
    </datafield>
    <datafield tag="100" ind1="1" ind2=" ">
      <subfield code="a">Wulf, Alfred</subfield>
    </datafield>
    <datafield tag="245" ind1="1" ind2="0">
      <subfield code="a">100 Jahre Pflanzenschutzforschung : </subfield>
      <subfield code="b">Aktuelle Forschungsschwerpunkte im Forst- und Rebschutz /</subfield>
      <subfield code="c">zsgest. Alfred Wulf</subfield>
    </datafield>
    <datafield tag="246" ind1="1" ind2="3">
      <subfield code="a">Aktuelle Forschungsschwerpunkte im Forst- und Rebschutz</subfield>
    </datafield>
    <datafield tag="260" ind1=" " ind2=" ">
      <subfield code="a">Berlin :</subfield>
      <subfield code="b">Parey,</subfield>
      <subfield code="c">1998</subfield>
    </datafield>
    <datafield tag="300" ind1=" " ind2=" ">
      <subfield code="a">117 p.</subfield>
    </datafield>
    <datafield tag="490" ind1="1" ind2=" ">
      <subfield code="a">Mitteilungen aus der Biologischen Bundesanstalt für Land- und Forstwirtschaft Berlin-Dahlem</subfield>
      <subfield code="x">0067-5849</subfield>
      <subfield code="v">H. 349.</subfield>
    </datafield>
    <datafield tag="500" ind1=" " ind2=" ">
      <subfield code="a">Angol ny. összefoglalóval</subfield>
    </datafield>
    <datafield tag="504" ind1=" " ind2=" ">
      <subfield code="a">Bibliogr. a tanulmányok végén</subfield>
    </datafield>
    <datafield tag="650" ind1=" " ind2="4">
      <subfield code="a">Növényvédelem</subfield>
    </datafield>
    <datafield tag="650" ind1=" " ind2="4">
      <subfield code="a">Szőlészet</subfield>
    </datafield>
    <datafield tag="650" ind1=" " ind2="4">
      <subfield code="a">Erdészet</subfield>
    </datafield>
    <datafield tag="830" ind1=" " ind2="0">
      <subfield code="a">Mitteilungen aus der Biologischen Bundesanstalt für Land- und Forstwirtschaft Berlin-Dahlem</subfield>
    </datafield>
    <datafield tag="852" ind1=" " ind2=" ">
      <subfield code="a">B503</subfield>
      <subfield code="b">B503</subfield>
      <subfield code="x">KÉE40373</subfield>
    </datafield>
  </record>
  <record>
    <leader>00747cam  22002171  4500</leader>
    <controlfield tag="001">MOKKAZ0004258794  </controlfield>
    <controlfield tag="005">20040910054155.0</controlfield>
    <controlfield tag="008">      s1991                        ger d</controlfield>
    <datafield tag="020" ind1=" " ind2=" ">
      <subfield code="a">3-445-03007-3 :</subfield>
    </datafield>
    <datafield tag="035" ind1=" " ind2=" ">
      <subfield code="a">bibFSZ00104367</subfield>
    </datafield>
    <datafield tag="040" ind1=" " ind2=" ">
      <subfield code="a">FSZEK</subfield>
    </datafield>
    <datafield tag="245" ind1="0" ind2="0">
      <subfield code="a">100 Jahre philosophische Nietzsche-Rezeption /</subfield>
      <subfield code="c">Hrsg. von Alfredo Guzzoni</subfield>
    </datafield>
    <datafield tag="260" ind1=" " ind2=" ">
      <subfield code="a">Frankfurt am Main :</subfield>
      <subfield code="b">Hain,</subfield>
      <subfield code="c">1991</subfield>
    </datafield>
    <datafield tag="300" ind1=" " ind2=" ">
      <subfield code="a">XI, 219 p. ;</subfield>
      <subfield code="c">19 cm</subfield>
    </datafield>
    <datafield tag="490" ind1="1" ind2=" ">
      <subfield code="a">(Athänaeums Studienbuch. Philosophie)</subfield>
    </datafield>
    <datafield tag="500" ind1=" " ind2=" ">
      <subfield code="a">Bibliogr. a jegyzetekben: p. 217-219.</subfield>
    </datafield>
    <datafield tag="680" ind1=" " ind2="1">
      <subfield code="x">1 </subfield>
      <subfield code="x">Nietzsche, Friedrich</subfield>
      <subfield code="a">tanulmány</subfield>
    </datafield>
    <datafield tag="680" ind1=" " ind2="1">
      <subfield code="a">voluntarizmus / etika</subfield>
      <subfield code="a">tanulmány</subfield>
    </datafield>
    <datafield tag="700" ind1="1" ind2=" ">
      <subfield code="a">Guzzoni, Alfredo</subfield>
      <subfield code="4">szerk.</subfield>
    </datafield>
    <datafield tag="830" ind1=" " ind2=" ">
      <subfield code="a">Athänaeums Studienbuch. Philosophie</subfield>
    </datafield>
    <datafield tag="852" ind1=" " ind2=" ">
      <subfield code="a">B10</subfield>
      <subfield code="b">0801</subfield>
      <subfield code="x">bibFSZ00104367</subfield>
    </datafield>
  </record>
  <record>
    <leader>01418nam  2200301 i 4500</leader>
    <controlfield tag="001">MOKKAW0005584832  </controlfield>
    <controlfield tag="005">20080415183819.0</controlfield>
    <controlfield tag="008">010514s1984    at            000 0 ger d</controlfield>
    <datafield tag="035" ind1=" " ind2=" ">
      <subfield code="a">BMEOMIKK000151259</subfield>
    </datafield>
    <datafield tag="040" ind1=" " ind2=" ">
      <subfield code="a">BMEOMIKK</subfield>
    </datafield>
    <datafield tag="041" ind1="0" ind2=" ">
      <subfield code="a">gereng</subfield>
    </datafield>
    <datafield tag="044" ind1=" " ind2=" ">
      <subfield code="a">at</subfield>
    </datafield>
    <datafield tag="245" ind1="0" ind2="0">
      <subfield code="a">100 Jahre Prof. Dr. Dr. h. c. mult. Karl v. Terzaghi /</subfield>
      <subfield code="c">hrsg. von H. Brandl. Die Geschichte des Institutes für Grundbau der Technischen Universität Wien / H. Brandl. Versuche über das Trag- und Verformungsverhalten von vorgespannten Litzenankern / E. Graber. Untersuchungen an theoretischen Korngefügen / H. Tiefenbacher</subfield>
    </datafield>
    <datafield tag="246" ind1="1" ind2="1">
      <subfield code="a">100 years Prof. Dr. Dr. h. c. mult. Karl v. Terzaghi</subfield>
    </datafield>
    <datafield tag="260" ind1=" " ind2=" ">
      <subfield code="a">Wien :</subfield>
      <subfield code="b">Technische Universität Wien,</subfield>
      <subfield code="c">[1984]</subfield>
    </datafield>
    <datafield tag="300" ind1=" " ind2=" ">
      <subfield code="a">104 p. ;</subfield>
      <subfield code="c">30 cm</subfield>
    </datafield>
    <datafield tag="490" ind1="1" ind2=" ">
      <subfield code="a">Mitteilungen für Grundbau, Bodenmechanik und Felsbau</subfield>
      <subfield code="v">2.</subfield>
    </datafield>
    <datafield tag="504" ind1=" " ind2=" ">
      <subfield code="a">Bibliogr. a tanulmányok végén</subfield>
    </datafield>
    <datafield tag="546" ind1=" " ind2=" ">
      <subfield code="a">Német és angol nyelven váltakozva</subfield>
    </datafield>
    <datafield tag="600" ind1="1" ind2="4">
      <subfield code="a">Terzaghi, Karl von</subfield>
    </datafield>
    <datafield tag="700" ind1="1" ind2=" ">
      <subfield code="a">Brandl, Heinz</subfield>
    </datafield>
    <datafield tag="700" ind1="1" ind2=" ">
      <subfield code="a">Garber, Ernst</subfield>
    </datafield>
    <datafield tag="700" ind1="1" ind2=" ">
      <subfield code="a">Tiefenbacher, Hubert</subfield>
    </datafield>
    <datafield tag="740" ind1="4" ind2=" ">
      <subfield code="a">Die Geschichte des Institutes für Grundbau der Technischen Universität Wien</subfield>
    </datafield>
    <datafield tag="740" ind1="0" ind2=" ">
      <subfield code="a">Versuche über das Trag- und Verformungsverhalten von vorgespannten Litzenankern</subfield>
    </datafield>
    <datafield tag="740" ind1="0" ind2=" ">
      <subfield code="a">Untersuchungen an theoretischen Korngefügen</subfield>
    </datafield>
    <datafield tag="830" ind1=" " ind2="0">
      <subfield code="a">Mitteilungen für Grundbau, Bodenmechanik und Felsbau</subfield>
    </datafield>
    <datafield tag="852" ind1=" " ind2=" ">
      <subfield code="a">B11</subfield>
      <subfield code="b">B11</subfield>
      <subfield code="x">BMEOMIKK000151259</subfield>
    </datafield>
  </record>
  <record>
    <leader>00764cam  2200217 i 4500</leader>
    <controlfield tag="001">MOKKAS0001867429  </controlfield>
    <controlfield tag="005">20060530210744.0</controlfield>
    <controlfield tag="008">980730 1994    au f          000 0 ger  </controlfield>
    <datafield tag="020" ind1=" " ind2=" ">
      <subfield code="a">3 201 01627 6</subfield>
    </datafield>
    <datafield tag="035" ind1=" " ind2=" ">
      <subfield code="a">41200</subfield>
    </datafield>
    <datafield tag="040" ind1=" " ind2=" ">
      <subfield code="a">ELTE</subfield>
    </datafield>
    <datafield tag="041" ind1="0" ind2=" ">
      <subfield code="a">ger</subfield>
    </datafield>
    <datafield tag="245" ind1="0" ind2="0">
      <subfield code="a">100 Jahre Psychologie an der Universität Graz</subfield>
      <subfield code="c">/ hrsg. von Erich Mittenecker und Günter Schulter.</subfield>
    </datafield>
    <datafield tag="260" ind1=" " ind2=" ">
      <subfield code="a">Graz :</subfield>
      <subfield code="b">Akademische Druck u. Verlagsanst.,</subfield>
      <subfield code="c">1994. -</subfield>
    </datafield>
    <datafield tag="300" ind1=" " ind2=" ">
      <subfield code="a">120 p., 2 t. ;</subfield>
      <subfield code="c">24 cm.</subfield>
    </datafield>
    <datafield tag="490" ind1="1" ind2=" ">
      <subfield code="a">(Publikationen aus dem Archiv der Universität Graz ;</subfield>
      <subfield code="v">29.Bd.)</subfield>
    </datafield>
    <datafield tag="650" ind1="0" ind2="4">
      <subfield code="a">egyetemtörténet</subfield>
      <subfield code="x">pszichológia tanszék</subfield>
      <subfield code="z">Graz</subfield>
    </datafield>
    <datafield tag="700" ind1="1" ind2=" ">
      <subfield code="a">Mittenecker, Erich</subfield>
    </datafield>
    <datafield tag="700" ind1="1" ind2=" ">
      <subfield code="a">Schulter, Günter</subfield>
    </datafield>
    <datafield tag="830" ind1=" " ind2="0">
      <subfield code="a">Publikationen aus dem Archiv der Universität Graz</subfield>
    </datafield>
    <datafield tag="852" ind1=" " ind2=" ">
      <subfield code="a">B2</subfield>
      <subfield code="b">B2</subfield>
      <subfield code="x">41200</subfield>
    </datafield>
  </record>
  <record>
    <leader>00368cam  22001217  4500</leader>
    <controlfield tag="001">MOKKAZ0004392615  </controlfield>
    <controlfield tag="005">20040910064946.0</controlfield>
    <controlfield tag="008">      s1967                        und d</controlfield>
    <datafield tag="035" ind1=" " ind2=" ">
      <subfield code="a">bibFSZ00238672</subfield>
    </datafield>
    <datafield tag="040" ind1=" " ind2=" ">
      <subfield code="a">FSZEK</subfield>
    </datafield>
    <datafield tag="245" ind1="0" ind2="0">
      <subfield code="a">100 Jahre Reclams Universal-Bibliothek 1867-1967 /</subfield>
      <subfield code="c">[Hrsg. v. Hans Marquardt]</subfield>
    </datafield>
    <datafield tag="260" ind1=" " ind2=" ">
      <subfield code="a">[S.l.] :</subfield>
      <subfield code="b">[S.n.],</subfield>
      <subfield code="c">1967</subfield>
    </datafield>
    <datafield tag="852" ind1=" " ind2=" ">
      <subfield code="a">B10</subfield>
      <subfield code="b">0801</subfield>
      <subfield code="x">bibFSZ00238672</subfield>
    </datafield>
  </record>
  <record>
    <leader>00489nama 22001571i 4500</leader>
    <controlfield tag="001">MOKKAS0000594716  </controlfield>
    <controlfield tag="005">20060118010650.0</controlfield>
    <controlfield tag="008">041001s1967    ge            000 0 gerod</controlfield>
    <datafield tag="035" ind1=" " ind2=" ">
      <subfield code="a">1353538</subfield>
    </datafield>
    <datafield tag="040" ind1=" " ind2=" ">
      <subfield code="a">OSZK</subfield>
    </datafield>
    <datafield tag="041" ind1="0" ind2=" ">
      <subfield code="a">gerger</subfield>
    </datafield>
    <datafield tag="245" ind1="0" ind2="0">
      <subfield code="a">100 Jahre Reclams Universalbibliothek 1867-1967 : </subfield>
      <subfield code="b">Beiträge zur Verlagsgeschichte /</subfield>
      <subfield code="c">[hrsg. Hans Marquardt]</subfield>
    </datafield>
    <datafield tag="260" ind1=" " ind2=" ">
      <subfield code="a">Leipzig :</subfield>
      <subfield code="b">Reclam,</subfield>
      <subfield code="c">1967</subfield>
    </datafield>
    <datafield tag="300" ind1=" " ind2=" ">
      <subfield code="a">561 p., 31 t. ;</subfield>
      <subfield code="c">16 cm</subfield>
    </datafield>
    <datafield tag="700" ind1="1" ind2=" ">
      <subfield code="a">Marquardt, Hans</subfield>
      <subfield code="4">(közrem.)</subfield>
    </datafield>
    <datafield tag="852" ind1=" " ind2=" ">
      <subfield code="a">B1</subfield>
      <subfield code="b">B1</subfield>
      <subfield code="x">1353538</subfield>
    </datafield>
  </record>
  <record>
    <leader>00882nam  2200229 i 4500</leader>
    <controlfield tag="001">MOKKAS0003438105  </controlfield>
    <controlfield tag="005">20060605020824.0</controlfield>
    <controlfield tag="008">050714s1967                        ger d</controlfield>
    <datafield tag="035" ind1=" " ind2=" ">
      <subfield code="a">339913</subfield>
    </datafield>
    <datafield tag="040" ind1=" " ind2=" ">
      <subfield code="a">OIK</subfield>
    </datafield>
    <datafield tag="041" ind1="0" ind2=" ">
      <subfield code="a">ger</subfield>
    </datafield>
    <datafield tag="100" ind1="1" ind2=" ">
      <subfield code="a">Marquardt, Hans</subfield>
    </datafield>
    <datafield tag="245" ind1="1" ind2="0">
      <subfield code="a">100 Jahre Reclams Universal-Bibliothek, 1867-1967 : </subfield>
      <subfield code="b">Beiträge zur Verlagsgeschichte /</subfield>
      <subfield code="c">[hrsg. von Hans Marquardt]</subfield>
    </datafield>
    <datafield tag="260" ind1=" " ind2=" ">
      <subfield code="a">Leipzig :</subfield>
      <subfield code="b">Reclam,</subfield>
      <subfield code="c">1967</subfield>
    </datafield>
    <datafield tag="300" ind1=" " ind2=" ">
      <subfield code="a">347, [2] p., [64] t. :</subfield>
      <subfield code="b">ill. ;</subfield>
      <subfield code="c">17 cm</subfield>
    </datafield>
    <datafield tag="490" ind1="1" ind2=" ">
      <subfield code="a">Reclams Universal-Bibliothek. Geschichte und Kultur, Verlagsgeschichte</subfield>
      <subfield code="v">384.</subfield>
    </datafield>
    <datafield tag="500" ind1=" " ind2=" ">
      <subfield code="a">Bibliogr.: p. [479]-502. és a jegyzetekben</subfield>
    </datafield>
    <datafield tag="600" ind1="1" ind2="4">
      <subfield code="a">Reclam Verlag (Leipzig)</subfield>
    </datafield>
    <datafield tag="650" ind1=" " ind2="4">
      <subfield code="a">Üveg. Kerámia. Zománc. Műkő. Cement. Szilikátkohászat</subfield>
    </datafield>
    <datafield tag="650" ind1=" " ind2="4">
      <subfield code="a">Német nyelven</subfield>
    </datafield>
    <datafield tag="830" ind1=" " ind2="0">
      <subfield code="a">Reclams Universal-Bibliothek. Geschichte und Kultur, Verlagsgeschichte</subfield>
    </datafield>
    <datafield tag="852" ind1=" " ind2=" ">
      <subfield code="a">B14</subfield>
      <subfield code="b">B14</subfield>
      <subfield code="x">339913</subfield>
    </datafield>
  </record>
  <record>
    <leader>00835aam  2200217 i 4500</leader>
    <controlfield tag="001">MOKKAZ0003847953  </controlfield>
    <controlfield tag="005">20070613093720.0</controlfield>
    <controlfield tag="008">680125 1967    gw            010   ger  </controlfield>
    <datafield tag="035" ind1=" " ind2=" ">
      <subfield code="a">bibJAT00071539</subfield>
    </datafield>
    <datafield tag="040" ind1=" " ind2=" ">
      <subfield code="a">SZTE</subfield>
    </datafield>
    <datafield tag="245" ind1="0" ind2="0">
      <subfield code="a">100 Jahre Reclams Universal-Bibliothek :</subfield>
      <subfield code="b">1867-1967 : Beiträge zur  Verlagsgeschichte /</subfield>
      <subfield code="c">Hrsg. v. Hans Marquardt</subfield>
    </datafield>
    <datafield tag="260" ind1=" " ind2=" ">
      <subfield code="a">Leipzig :</subfield>
      <subfield code="b">Verl P Reclam jun,</subfield>
      <subfield code="c">[1967]</subfield>
    </datafield>
    <datafield tag="300" ind1=" " ind2=" ">
      <subfield code="a">561 p.32 t. ;</subfield>
      <subfield code="c">17 cm</subfield>
    </datafield>
    <datafield tag="490" ind1="1" ind2=" ">
      <subfield code="a">(Reclams Universal-Bibliothek ;</subfield>
      <subfield code="v">384. Geschichte und Kultur.)</subfield>
    </datafield>
    <datafield tag="504" ind1=" " ind2=" ">
      <subfield code="a">Bibliogr.: p. 479-502.</subfield>
    </datafield>
    <datafield tag="650" ind1=" " ind2="7">
      <subfield code="a">Könyvkiadás</subfield>
      <subfield code="x">Németország</subfield>
      <subfield code="y">1867-1967</subfield>
      <subfield code="2">szte</subfield>
    </datafield>
    <datafield tag="650" ind1=" " ind2="7">
      <subfield code="a">Reclams Universal-Bibliothek</subfield>
      <subfield code="y">1867-1967</subfield>
      <subfield code="2">szte</subfield>
    </datafield>
    <datafield tag="650" ind1=" " ind2="7">
      <subfield code="a">Reclams Universal-Bibliothe</subfield>
      <subfield code="y">1867-1967</subfield>
      <subfield code="2">szte</subfield>
    </datafield>
    <datafield tag="700" ind1="1" ind2=" ">
      <subfield code="a">Marquardt, Hans</subfield>
    </datafield>
    <datafield tag="830" ind1=" " ind2="0">
      <subfield code="a">Reclams Universal-Bibliothek</subfield>
    </datafield>
    <datafield tag="852" ind1=" " ind2=" ">
      <subfield code="a">SZ1</subfield>
      <subfield code="b">SZ1/R6</subfield>
      <subfield code="x">bibJAT00071539</subfield>
    </datafield>
  </record>
  <record>
    <leader>00549nama 22001691i 4500</leader>
    <controlfield tag="001">MOKKAS0000699639  </controlfield>
    <controlfield tag="005">20060616203625.0</controlfield>
    <controlfield tag="008">041105s1986    de            000 0 gerod</controlfield>
    <datafield tag="035" ind1=" " ind2=" ">
      <subfield code="a">1458589</subfield>
    </datafield>
    <datafield tag="040" ind1=" " ind2=" ">
      <subfield code="a">OSZK</subfield>
    </datafield>
    <datafield tag="041" ind1="0" ind2=" ">
      <subfield code="a">gerger</subfield>
    </datafield>
    <datafield tag="100" ind1="1" ind2=" ">
      <subfield code="a">Stach, Reiner</subfield>
      <subfield code="c">(cédulakatalógus alapján)</subfield>
    </datafield>
    <datafield tag="245" ind1="1" ind2="0">
      <subfield code="a">100 Jahre S. Fischer Verlag, 1886-1986 : </subfield>
      <subfield code="b">kleine Verlagsgeschichte /</subfield>
      <subfield code="c">Reiner Stach</subfield>
    </datafield>
    <datafield tag="260" ind1=" " ind2=" ">
      <subfield code="a">Frankfurt am Main :</subfield>
      <subfield code="b">Fischer,</subfield>
      <subfield code="c">1986</subfield>
    </datafield>
    <datafield tag="300" ind1=" " ind2=" ">
      <subfield code="a">207 p. :</subfield>
      <subfield code="b">ill. ;</subfield>
      <subfield code="c">22 cm</subfield>
    </datafield>
    <datafield tag="610" ind1="2" ind2="4">
      <subfield code="a">Samuel Fischer Verlag (Frankfurt am Main)</subfield>
    </datafield>
    <datafield tag="852" ind1=" " ind2=" ">
      <subfield code="a">B1</subfield>
      <subfield code="b">B1</subfield>
      <subfield code="x">1458589</subfield>
    </datafield>
  </record>
  <record>
    <leader>00610nama 22001571i 4500</leader>
    <controlfield tag="001">MOKKAS0000617087  </controlfield>
    <controlfield tag="005">20060614171832.0</controlfield>
    <controlfield tag="008">041001s1962    at            000 0 gerod</controlfield>
    <datafield tag="035" ind1=" " ind2=" ">
      <subfield code="a">1375961</subfield>
    </datafield>
    <datafield tag="040" ind1=" " ind2=" ">
      <subfield code="a">OSZK</subfield>
    </datafield>
    <datafield tag="041" ind1="0" ind2=" ">
      <subfield code="a">gerger</subfield>
    </datafield>
    <datafield tag="245" ind1="0" ind2="0">
      <subfield code="a">100 Jahre Statistisches Amt der Stadt Wien : </subfield>
      <subfield code="b">Festschrift anlässlich der in der Gemeinderatssitzung vom 18. Febr. 1862 beschlossenen Errichtung eines statistischen Bureaus der Stadt Wien /</subfield>
      <subfield code="c">Hrsg. Magistrat</subfield>
    </datafield>
    <datafield tag="260" ind1=" " ind2=" ">
      <subfield code="a">Wien :</subfield>
      <subfield code="b">Magistrat,</subfield>
      <subfield code="c">[1962]</subfield>
      <subfield code="e">(Wien</subfield>
      <subfield code="f">Druck. Hollinek)</subfield>
    </datafield>
    <datafield tag="300" ind1=" " ind2=" ">
      <subfield code="a">107 p., 3 t. ;</subfield>
      <subfield code="c">20 cm</subfield>
    </datafield>
    <datafield tag="610" ind1="2" ind2="4">
      <subfield code="a">Statistisches Amt (Wien)</subfield>
    </datafield>
    <datafield tag="852" ind1=" " ind2=" ">
      <subfield code="a">B1</subfield>
      <subfield code="b">B1</subfield>
      <subfield code="x">1375961</subfield>
    </datafield>
  </record>
  <record>
    <leader>00691nam  2200205 i 4500</leader>
    <controlfield tag="001">MOKKAS0003433227  </controlfield>
    <controlfield tag="005">20060604232222.0</controlfield>
    <controlfield tag="008">050713s1986                        ger d</controlfield>
    <datafield tag="020" ind1=" " ind2=" ">
      <subfield code="a">3 10 075106 X</subfield>
    </datafield>
    <datafield tag="035" ind1=" " ind2=" ">
      <subfield code="a">323010</subfield>
    </datafield>
    <datafield tag="040" ind1=" " ind2=" ">
      <subfield code="a">OIK</subfield>
    </datafield>
    <datafield tag="041" ind1="0" ind2=" ">
      <subfield code="a">ger</subfield>
    </datafield>
    <datafield tag="100" ind1="1" ind2=" ">
      <subfield code="a">Stach, Reiner</subfield>
    </datafield>
    <datafield tag="245" ind1="1" ind2="0">
      <subfield code="a">100 Jahre : </subfield>
      <subfield code="b">S. Fischer Verlag, 1886-1986  : Kleine Verlagsgeschichte /</subfield>
      <subfield code="c">Reiner Stach</subfield>
    </datafield>
    <datafield tag="260" ind1=" " ind2=" ">
      <subfield code="a">Frankfurt am Main :</subfield>
      <subfield code="b">Fischer,</subfield>
      <subfield code="c">cop. 1986</subfield>
    </datafield>
    <datafield tag="300" ind1=" " ind2=" ">
      <subfield code="a">207 p. :</subfield>
      <subfield code="b">ill., portrék ;</subfield>
      <subfield code="c">22 cm</subfield>
    </datafield>
    <datafield tag="600" ind1="1" ind2="4">
      <subfield code="a">Fischer Verlag (Frankfurt am Main)</subfield>
    </datafield>
    <datafield tag="650" ind1=" " ind2="4">
      <subfield code="a">Kiadói formák, pl. tudományos, ismeretterjesztő, szépirodalmi művek kiadói, szak</subfield>
    </datafield>
    <datafield tag="650" ind1=" " ind2="4">
      <subfield code="a">Német nyelven</subfield>
    </datafield>
    <datafield tag="852" ind1=" " ind2=" ">
      <subfield code="a">B14</subfield>
      <subfield code="b">B14</subfield>
      <subfield code="x">323010</subfield>
    </datafield>
  </record>
  <record>
    <leader>00360cam  22001331  4500</leader>
    <controlfield tag="001">MOKKAZ0004652625  </controlfield>
    <controlfield tag="005">20040910090550.0</controlfield>
    <controlfield tag="008">      s1980                        und d</controlfield>
    <datafield tag="020" ind1=" " ind2=" ">
      <subfield code="a">in18468</subfield>
    </datafield>
    <datafield tag="035" ind1=" " ind2=" ">
      <subfield code="a">bibFSZ00557904</subfield>
    </datafield>
    <datafield tag="040" ind1=" " ind2=" ">
      <subfield code="a">FSZEK</subfield>
    </datafield>
    <datafield tag="245" ind1="0" ind2="0">
      <subfield code="a">100 Jahre Ungarische Nachrichten-agentur MTI</subfield>
    </datafield>
    <datafield tag="260" ind1=" " ind2=" ">
      <subfield code="a">[S.l.] :</subfield>
      <subfield code="b">[S.n.],</subfield>
      <subfield code="c">1980</subfield>
    </datafield>
    <datafield tag="852" ind1=" " ind2=" ">
      <subfield code="a">B10</subfield>
      <subfield code="b">0801B</subfield>
      <subfield code="x">bibFSZ00557904</subfield>
    </datafield>
  </record>
  <record>
    <leader>00509nama 22001571i 4500</leader>
    <controlfield tag="001">MOKKAS0000701183  </controlfield>
    <controlfield tag="005">20060118182310.0</controlfield>
    <controlfield tag="008">041105s1948    at            000 0 gerod</controlfield>
    <datafield tag="035" ind1=" " ind2=" ">
      <subfield code="a">1460194</subfield>
    </datafield>
    <datafield tag="040" ind1=" " ind2=" ">
      <subfield code="a">OSZK</subfield>
    </datafield>
    <datafield tag="041" ind1="0" ind2=" ">
      <subfield code="a">gerger</subfield>
    </datafield>
    <datafield tag="245" ind1="0" ind2="0">
      <subfield code="a">100 Jahre Unterrichts Ministerium 1848-1948 : </subfield>
      <subfield code="b">Festschrift des Bundesministeriums für Unterricht in Wien</subfield>
    </datafield>
    <datafield tag="260" ind1=" " ind2=" ">
      <subfield code="a">Wien :</subfield>
      <subfield code="b">Österreichischer Bundesverl.,</subfield>
      <subfield code="c">1948</subfield>
    </datafield>
    <datafield tag="300" ind1=" " ind2=" ">
      <subfield code="a">491 p., 1 t. :</subfield>
      <subfield code="b">ill. ;</subfield>
      <subfield code="c">27 cm</subfield>
    </datafield>
    <datafield tag="852" ind1=" " ind2=" ">
      <subfield code="a">B1</subfield>
      <subfield code="b">B1</subfield>
      <subfield code="x">1460194</subfield>
    </datafield>
    <datafield tag="852" ind1=" " ind2=" ">
      <subfield code="a">B10</subfield>
      <subfield code="b">0801</subfield>
      <subfield code="x">bibFSZ783770</subfield>
    </datafield>
  </record>
  <record>
    <leader>00606nam  22001691  4500</leader>
    <controlfield tag="001">MOKKAZ0004711782  </controlfield>
    <controlfield tag="005">20091230093039.0</controlfield>
    <controlfield tag="008">000211s1948    at                  ger d</controlfield>
    <datafield tag="035" ind1=" " ind2=" ">
      <subfield code="a">bibFSZ776923</subfield>
    </datafield>
    <datafield tag="040" ind1=" " ind2=" ">
      <subfield code="a">FSZEK</subfield>
    </datafield>
    <datafield tag="080" ind1=" " ind2="0">
      <subfield code="a">37:354.11/.86(436)"1848/1948"</subfield>
    </datafield>
    <datafield tag="110" ind1="1" ind2=" ">
      <subfield code="a">Austria.</subfield>
      <subfield code="b">Bundesministerium für Unterricht</subfield>
    </datafield>
    <datafield tag="245" ind1="1" ind2="0">
      <subfield code="a">100 Jahre Unterrichte Ministerium :</subfield>
      <subfield code="b">1848-1948 : Festschrift des Bundesministerium für Unterricht in Wien</subfield>
    </datafield>
    <datafield tag="260" ind1=" " ind2=" ">
      <subfield code="a">Wien :</subfield>
      <subfield code="b">Österr. Bundesverl.,</subfield>
      <subfield code="c">1948</subfield>
    </datafield>
    <datafield tag="300" ind1=" " ind2=" ">
      <subfield code="a">491p., 1 t.,</subfield>
      <subfield code="b">ill.</subfield>
    </datafield>
    <datafield tag="610" ind1="1" ind2=" ">
      <subfield code="a">Austria.</subfield>
      <subfield code="b">Bundesministerium für Unterricht</subfield>
    </datafield>
    <datafield tag="852" ind1=" " ind2=" ">
      <subfield code="a">B10</subfield>
      <subfield code="b">0801</subfield>
      <subfield code="x">bibFSZ776923</subfield>
    </datafield>
  </record>
  <record>
    <leader>00332ncm  2200121 i 4500</leader>
    <controlfield tag="001">MOKKAS0003612683  </controlfield>
    <controlfield tag="005">20060606165844.0</controlfield>
    <controlfield tag="008">050716s                                d</controlfield>
    <datafield tag="035" ind1=" " ind2=" ">
      <subfield code="a">893143</subfield>
    </datafield>
    <datafield tag="040" ind1=" " ind2=" ">
      <subfield code="a">OIK</subfield>
    </datafield>
    <datafield tag="100" ind1="1" ind2=" ">
      <subfield code="a">Charpentier, Jacques</subfield>
    </datafield>
    <datafield tag="245" ind1="1" ind2="0">
      <subfield code="a">100 Jahre Verband Evangelischer Kirchenchöre</subfield>
      <subfield code="h">nyomtatott kotta</subfield>
    </datafield>
    <datafield tag="852" ind1=" " ind2=" ">
      <subfield code="a">B14</subfield>
      <subfield code="b">B14</subfield>
      <subfield code="x">893143</subfield>
    </datafield>
  </record>
  <record>
    <leader>00801nam  2200241 i 4500</leader>
    <controlfield tag="001">MOKKAZ0006432873  </controlfield>
    <controlfield tag="005">20040915202245.0</controlfield>
    <controlfield tag="008">000316s1989    at c           10 0 gerod</controlfield>
    <datafield tag="020" ind1=" " ind2=" ">
      <subfield code="a">3-224-10713-8</subfield>
    </datafield>
    <datafield tag="035" ind1=" " ind2=" ">
      <subfield code="a">836901</subfield>
    </datafield>
    <datafield tag="040" ind1=" " ind2=" ">
      <subfield code="a">OSZK</subfield>
    </datafield>
    <datafield tag="041" ind1="0" ind2=" ">
      <subfield code="a">gerger</subfield>
    </datafield>
    <datafield tag="072" ind1=" " ind2="1">
      <subfield code="a">y</subfield>
    </datafield>
    <datafield tag="245" ind1="0" ind2="0">
      <subfield code="a">100 Jahre Volkstheater : </subfield>
      <subfield code="b">Theater, Zeit, Geschichte /</subfield>
      <subfield code="c">hrsg. ... von Evelyn Schreiner ; mit Beitr. von Ulf Birbaumer [et al.]</subfield>
    </datafield>
    <datafield tag="260" ind1=" " ind2=" ">
      <subfield code="a">Wien</subfield>
      <subfield code="a">München :</subfield>
      <subfield code="b">J&amp;V,</subfield>
      <subfield code="c">cop. 1989</subfield>
    </datafield>
    <datafield tag="300" ind1=" " ind2=" ">
      <subfield code="a">404 p. :</subfield>
      <subfield code="b">ill. ;</subfield>
      <subfield code="c">26 cm</subfield>
    </datafield>
    <datafield tag="610" ind1="2" ind2="4">
      <subfield code="a">Volkstheater (Wien)</subfield>
    </datafield>
    <datafield tag="695" ind1=" " ind2=" ">
      <subfield code="a">Ausztria, Bécs, szinháztörténet, album</subfield>
    </datafield>
    <datafield tag="695" ind1=" " ind2=" ">
      <subfield code="a">Bécs, Népszinház, történet, album, Bécs</subfield>
    </datafield>
    <datafield tag="700" ind1="1" ind2=" ">
      <subfield code="a">Schreiner, Evelyn</subfield>
      <subfield code="4">(szerk.)</subfield>
    </datafield>
    <datafield tag="700" ind1="1" ind2=" ">
      <subfield code="a">Birbaumer, Ulf</subfield>
      <subfield code="4">(közrem.)</subfield>
    </datafield>
    <datafield tag="852" ind1=" " ind2=" ">
      <subfield code="a">B1</subfield>
      <subfield code="b">B1</subfield>
      <subfield code="x">836901</subfield>
    </datafield>
    <datafield tag="852" ind1=" " ind2=" ">
      <subfield code="a">P1</subfield>
      <subfield code="b">P1</subfield>
      <subfield code="x">bibJPT00456869</subfield>
    </datafield>
  </record>
  <record>
    <leader>00547cam  2200181 i 4500</leader>
    <controlfield tag="001">MOKKAZ0005321341  </controlfield>
    <controlfield tag="005">20040910171822.0</controlfield>
    <controlfield tag="008">980323c19951995gw a          00010 ger d</controlfield>
    <datafield tag="020" ind1=" " ind2=" ">
      <subfield code="a">3 7701 3607 1</subfield>
    </datafield>
    <datafield tag="035" ind1=" " ind2=" ">
      <subfield code="a">49719</subfield>
    </datafield>
    <datafield tag="040" ind1=" " ind2=" ">
      <subfield code="a">MEKLM</subfield>
    </datafield>
    <datafield tag="041" ind1="0" ind2=" ">
      <subfield code="a">ger</subfield>
    </datafield>
    <datafield tag="100" ind1="1" ind2=" ">
      <subfield code="a">Kriegeskorte, Michael</subfield>
    </datafield>
    <datafield tag="245" ind1="1" ind2="0">
      <subfield code="a">100 Jahre Werbung im Wandel :</subfield>
      <subfield code="b">Eine Reise durch die deutsche Vergangenheit /</subfield>
      <subfield code="c">Michael Kriegeskorte.</subfield>
    </datafield>
    <datafield tag="260" ind1=" " ind2=" ">
      <subfield code="a">Köln :</subfield>
      <subfield code="b">DuMont,</subfield>
      <subfield code="c">1995.</subfield>
    </datafield>
    <datafield tag="300" ind1=" " ind2=" ">
      <subfield code="a">240 p. :</subfield>
      <subfield code="b">ill. ;</subfield>
      <subfield code="c">31 cm.</subfield>
    </datafield>
    <datafield tag="650" ind1="0" ind2="4">
      <subfield code="a">reklámtörténet</subfield>
      <subfield code="z">Németország</subfield>
    </datafield>
    <datafield tag="852" ind1=" " ind2=" ">
      <subfield code="a">M1</subfield>
      <subfield code="b">M1</subfield>
      <subfield code="x">49719</subfield>
    </datafield>
  </record>
  <record>
    <leader>00445nama 22001451i 4500</leader>
    <controlfield tag="001">MOKKAS0000680826  </controlfield>
    <controlfield tag="005">20060118145731.0</controlfield>
    <controlfield tag="008">041105s1953    at            000 0 gerod</controlfield>
    <datafield tag="035" ind1=" " ind2=" ">
      <subfield code="a">1439775</subfield>
    </datafield>
    <datafield tag="040" ind1=" " ind2=" ">
      <subfield code="a">OSZK</subfield>
    </datafield>
    <datafield tag="041" ind1="0" ind2=" ">
      <subfield code="a">gerger</subfield>
    </datafield>
    <datafield tag="245" ind1="0" ind2="0">
      <subfield code="a">100 Jahre Wiener Schauspielschule /</subfield>
      <subfield code="c">hrsg. von der Akademie für Musik und darstellende Kunst</subfield>
    </datafield>
    <datafield tag="260" ind1=" " ind2=" ">
      <subfield code="a">Wien :</subfield>
      <subfield code="b">Freunde der Musikakademie,</subfield>
      <subfield code="c">[1953]</subfield>
    </datafield>
    <datafield tag="300" ind1=" " ind2=" ">
      <subfield code="a">47 p., 4 t. ;</subfield>
      <subfield code="c">24 cm</subfield>
    </datafield>
    <datafield tag="852" ind1=" " ind2=" ">
      <subfield code="a">B1</subfield>
      <subfield code="b">B1</subfield>
      <subfield code="x">1439775</subfield>
    </datafield>
  </record>
  <record>
    <leader>00547nam  2200181   4500</leader>
    <controlfield tag="001">MOKKAZ0004936695  </controlfield>
    <controlfield tag="005">20040910120439.0</controlfield>
    <controlfield tag="008">030605s2000    au            00010 ger d</controlfield>
    <datafield tag="020" ind1=" " ind2=" ">
      <subfield code="a">3 901213 05 8</subfield>
    </datafield>
    <datafield tag="035" ind1=" " ind2=" ">
      <subfield code="a">bibJPT00222502</subfield>
    </datafield>
    <datafield tag="040" ind1=" " ind2=" ">
      <subfield code="a">PTE</subfield>
    </datafield>
    <datafield tag="245" ind1="0" ind2="0">
      <subfield code="a">100 Jahre Wiener Urania :</subfield>
      <subfield code="b">Festschrift /</subfield>
      <subfield code="c">Hrsg. von Wilhelm Petrasch</subfield>
    </datafield>
    <datafield tag="260" ind1=" " ind2=" ">
      <subfield code="a">Wien :</subfield>
      <subfield code="b">Verein Volksbildungshaus Wiener Urania,</subfield>
      <subfield code="c">[2000]</subfield>
    </datafield>
    <datafield tag="300" ind1=" " ind2=" ">
      <subfield code="a">139 p. ;</subfield>
      <subfield code="c">24 cm</subfield>
    </datafield>
    <datafield tag="651" ind1=" " ind2="4">
      <subfield code="a">Bécs (Ausztria)</subfield>
    </datafield>
    <datafield tag="695" ind1=" " ind2=" ">
      <subfield code="a">Népfőiskola</subfield>
    </datafield>
    <datafield tag="700" ind1="1" ind2=" ">
      <subfield code="a">Petrasch, Wilhelm</subfield>
    </datafield>
    <datafield tag="852" ind1=" " ind2=" ">
      <subfield code="a">P1</subfield>
      <subfield code="b">P1/K</subfield>
      <subfield code="x">bibJPT00222502</subfield>
    </datafield>
  </record>
  <record>
    <leader>00760nam  2200205 i 4500</leader>
    <controlfield tag="001">MOKKAZ0006432906  </controlfield>
    <controlfield tag="005">20040915202246.0</controlfield>
    <controlfield tag="008">000321s1998    at c           00 0 gerod</controlfield>
    <datafield tag="020" ind1=" " ind2=" ">
      <subfield code="a">3-205-99062-5</subfield>
    </datafield>
    <datafield tag="035" ind1=" " ind2=" ">
      <subfield code="a">836952</subfield>
    </datafield>
    <datafield tag="040" ind1=" " ind2=" ">
      <subfield code="a">OSZK</subfield>
    </datafield>
    <datafield tag="041" ind1="0" ind2=" ">
      <subfield code="a">gerger</subfield>
    </datafield>
    <datafield tag="072" ind1=" " ind2="1">
      <subfield code="a">y</subfield>
    </datafield>
    <datafield tag="245" ind1="0" ind2="0">
      <subfield code="a">100 Jahre Wiener Volksoper : </subfield>
      <subfield code="b">ein Projekt zur wiener Theatergeschichte von Studierenden des Institutes für Theaterwissenschaft /</subfield>
      <subfield code="c">eingel. u. hrsg. von Ursula Simek</subfield>
    </datafield>
    <datafield tag="260" ind1=" " ind2=" ">
      <subfield code="a">Wien :</subfield>
      <subfield code="b">Böhlau,</subfield>
      <subfield code="c">cop. 1998</subfield>
    </datafield>
    <datafield tag="300" ind1=" " ind2=" ">
      <subfield code="a">160 p. :</subfield>
      <subfield code="b">ill. ;</subfield>
      <subfield code="c">24 cm</subfield>
    </datafield>
    <datafield tag="500" ind1=" " ind2=" ">
      <subfield code="a">A "Maske und Kothurn : internationale Beiträge zur Theaterwissenschaft", ISSN 0025-4606, 41. évf. 3-4. füzete (1995)</subfield>
    </datafield>
    <datafield tag="610" ind1="2" ind2="4">
      <subfield code="a">Wiener Volksoper</subfield>
    </datafield>
    <datafield tag="700" ind1="1" ind2=" ">
      <subfield code="a">Simek, Ursula</subfield>
      <subfield code="4">(szerk.)</subfield>
    </datafield>
    <datafield tag="852" ind1=" " ind2=" ">
      <subfield code="a">B1</subfield>
      <subfield code="b">B1</subfield>
      <subfield code="x">836952</subfield>
    </datafield>
  </record>
  <record>
    <leader>00921cam  22001931  4500</leader>
    <controlfield tag="001">MOKKAZ0004270115  </controlfield>
    <controlfield tag="005">20040910054741.0</controlfield>
    <controlfield tag="008">      s1969                        ger d</controlfield>
    <datafield tag="020" ind1=" " ind2=" ">
      <subfield code="a">(fűzött) :</subfield>
    </datafield>
    <datafield tag="035" ind1=" " ind2=" ">
      <subfield code="a">bibFSZ00115699</subfield>
    </datafield>
    <datafield tag="040" ind1=" " ind2=" ">
      <subfield code="a">FSZEK</subfield>
    </datafield>
    <datafield tag="245" ind1="0" ind2="0">
      <subfield code="a">100 Jahre Wiener Oper am Ring : </subfield>
      <subfield code="b">Jubiläumsausstellung in sämtlichen Redoutensälen der Hofburg 17. Mai bis 28. September 1969 /</subfield>
      <subfield code="c">[veranstaltet vom Aktionskomitee "100-Jahr-Feier der Wiener Staatsoper"] ; [Gesamtgestaltung der Ausstellung Alexander Witeschnik] ; [Katalog u. wissenschaftliche Leitung Franz Hadamowsky et al.]</subfield>
    </datafield>
    <datafield tag="260" ind1=" " ind2=" ">
      <subfield code="a">[Wien] :</subfield>
      <subfield code="b">[Druckerei und Verlag Erwin Metten],</subfield>
      <subfield code="c">[1969?]</subfield>
    </datafield>
    <datafield tag="300" ind1=" " ind2=" ">
      <subfield code="a">277 p. :</subfield>
      <subfield code="b">ill. ;</subfield>
      <subfield code="c">21 cm</subfield>
    </datafield>
    <datafield tag="610" ind1="2" ind2=" ">
      <subfield code="a">Wiener Staatsoper</subfield>
    </datafield>
    <datafield tag="700" ind1="1" ind2=" ">
      <subfield code="a">Witeschnik, Alexander</subfield>
      <subfield code="4">szerk.</subfield>
    </datafield>
    <datafield tag="700" ind1="1" ind2=" ">
      <subfield code="a">Hadamowsky, Franz</subfield>
      <subfield code="4">szerk.</subfield>
    </datafield>
    <datafield tag="710" ind1="2" ind2=" ">
      <subfield code="a">Aktionskomitee 100-Jahr-Feier der Wiener Staatsoper</subfield>
      <subfield code="4">közread.</subfield>
    </datafield>
    <datafield tag="852" ind1=" " ind2=" ">
      <subfield code="a">B10</subfield>
      <subfield code="b">0801Z</subfield>
      <subfield code="x">bibFSZ00115699</subfield>
    </datafield>
  </record>
  <record>
    <leader>00780cam  2200217 i 4500</leader>
    <controlfield tag="001">MOKKAZ0005240061  </controlfield>
    <controlfield tag="005">20040910163650.0</controlfield>
    <controlfield tag="008">000210n        au a          00010 ger d</controlfield>
    <datafield tag="035" ind1=" " ind2=" ">
      <subfield code="a">106437</subfield>
    </datafield>
    <datafield tag="040" ind1=" " ind2=" ">
      <subfield code="a">MEKLM</subfield>
    </datafield>
    <datafield tag="041" ind1="0" ind2=" ">
      <subfield code="a">ger</subfield>
    </datafield>
    <datafield tag="245" ind1="0" ind2="0">
      <subfield code="a">100 Jahre Wirtschaftsförderung in Kärnten /</subfield>
      <subfield code="c">[... Hrsg. Kammer der gewerblichen Wirtschaft für Kärnten]</subfield>
    </datafield>
    <datafield tag="260" ind1=" " ind2=" ">
      <subfield code="a">Klagenfurt :</subfield>
      <subfield code="b">Handelskammer Kärnten,</subfield>
      <subfield code="c">[s.a.]</subfield>
    </datafield>
    <datafield tag="300" ind1=" " ind2=" ">
      <subfield code="a">82 p., [50] t., [1] t. fol. :</subfield>
      <subfield code="b">ill. ;</subfield>
      <subfield code="c">24 cm.</subfield>
    </datafield>
    <datafield tag="490" ind1="1" ind2="0">
      <subfield code="a">(Schriftenreihe der Handelskammer Kärnten)</subfield>
    </datafield>
    <datafield tag="504" ind1=" " ind2=" ">
      <subfield code="a">Bibliogr. a mű végén.</subfield>
    </datafield>
    <datafield tag="650" ind1="0" ind2="4">
      <subfield code="a">gazdasági helyzet</subfield>
      <subfield code="z">Karintia</subfield>
    </datafield>
    <datafield tag="650" ind1="0" ind2="4">
      <subfield code="a">gazdaságtörténet</subfield>
      <subfield code="z">Karintia</subfield>
    </datafield>
    <datafield tag="650" ind1="0" ind2="4">
      <subfield code="a">gazdaságfejlesztés</subfield>
      <subfield code="z">Karintia</subfield>
    </datafield>
    <datafield tag="830" ind1=" " ind2="0">
      <subfield code="a">Schriftenreihe der Handelskammer Kärnten</subfield>
    </datafield>
    <datafield tag="852" ind1=" " ind2=" ">
      <subfield code="a">M1</subfield>
      <subfield code="b">M1</subfield>
      <subfield code="x">106437</subfield>
    </datafield>
  </record>
  <record>
    <leader>00368cam  22001217  4500</leader>
    <controlfield tag="001">MOKKAZ0004421426  </controlfield>
    <controlfield tag="005">20040910070421.0</controlfield>
    <controlfield tag="008">      s1978                        und d</controlfield>
    <datafield tag="035" ind1=" " ind2=" ">
      <subfield code="a">bibFSZ00267504</subfield>
    </datafield>
    <datafield tag="040" ind1=" " ind2=" ">
      <subfield code="a">FSZEK</subfield>
    </datafield>
    <datafield tag="245" ind1="0" ind2="0">
      <subfield code="a">100 Jahre wissenschaftliche Verlagsarbeit in Jena /</subfield>
      <subfield code="c">[hrsg. v. Harald Breyer]</subfield>
    </datafield>
    <datafield tag="260" ind1=" " ind2=" ">
      <subfield code="a">[S.l.] :</subfield>
      <subfield code="b">[S.n.],</subfield>
      <subfield code="c">1978</subfield>
    </datafield>
    <datafield tag="852" ind1=" " ind2=" ">
      <subfield code="a">B10</subfield>
      <subfield code="b">0801</subfield>
      <subfield code="x">bibFSZ00267504</subfield>
    </datafield>
  </record>
  <record>
    <leader>00767nama 22001931i 4500</leader>
    <controlfield tag="001">MOKKAS0000668661  </controlfield>
    <controlfield tag="005">20060616161239.0</controlfield>
    <controlfield tag="008">041105s1986    de            000 0 gerod</controlfield>
    <datafield tag="035" ind1=" " ind2=" ">
      <subfield code="a">1427564</subfield>
    </datafield>
    <datafield tag="040" ind1=" " ind2=" ">
      <subfield code="a">OSZK</subfield>
    </datafield>
    <datafield tag="041" ind1="0" ind2=" ">
      <subfield code="a">gerger</subfield>
    </datafield>
    <datafield tag="100" ind1="1" ind2=" ">
      <subfield code="a">Zell, Gotthelf</subfield>
      <subfield code="c">(cédulakatalógus alapján)</subfield>
    </datafield>
    <datafield tag="245" ind1="1" ind2="0">
      <subfield code="a">100 Jahre Zeidner Männerchor : </subfield>
      <subfield code="b">[1884-1984] : eine Dokumentation zur Musikgeschichte Siebenbürgens : Ehrenblätter über die Zeidner Chortätigkeit /</subfield>
      <subfield code="c">Gotthelf Zell</subfield>
    </datafield>
    <datafield tag="260" ind1=" " ind2=" ">
      <subfield code="a">Gundelsheim/Neckar :</subfield>
      <subfield code="b">Zeidner Nachbarschaft,</subfield>
      <subfield code="c">1986</subfield>
    </datafield>
    <datafield tag="300" ind1=" " ind2=" ">
      <subfield code="a">75 p. :</subfield>
      <subfield code="b">ill. ;</subfield>
      <subfield code="c">21 cm</subfield>
    </datafield>
    <datafield tag="490" ind1="1" ind2=" ">
      <subfield code="a">Zeidner Denkwürdigkeiten</subfield>
      <subfield code="p">Beiträge zur Geschichte und Heimatkunde von Zeiden</subfield>
      <subfield code="v">3.</subfield>
    </datafield>
    <datafield tag="610" ind1="2" ind2="4">
      <subfield code="a">Zeidner Männerchor</subfield>
    </datafield>
    <datafield tag="830" ind1=" " ind2="0">
      <subfield code="a">Zeidner Denkwürdigkeiten</subfield>
    </datafield>
    <datafield tag="852" ind1=" " ind2=" ">
      <subfield code="a">B1</subfield>
      <subfield code="b">B1</subfield>
      <subfield code="x">1427564</subfield>
    </datafield>
  </record>
  <record>
    <leader>00989nam  2200253 i 4500</leader>
    <controlfield tag="001">MOKKAW0005565623  </controlfield>
    <controlfield tag="005">20080415081454.0</controlfield>
    <controlfield tag="008">000606s1999                  000 0 ger d</controlfield>
    <datafield tag="020" ind1=" " ind2=" ">
      <subfield code="a">3-924219-15-X</subfield>
    </datafield>
    <datafield tag="035" ind1=" " ind2=" ">
      <subfield code="a">BMEOMIKK000144517</subfield>
    </datafield>
    <datafield tag="040" ind1=" " ind2=" ">
      <subfield code="a">BMEOMIKK</subfield>
    </datafield>
    <datafield tag="041" ind1="0" ind2=" ">
      <subfield code="a">ger</subfield>
    </datafield>
    <datafield tag="245" ind1="0" ind2="0">
      <subfield code="a">100 Jahre Zimmerer-Innung Kassel : </subfield>
      <subfield code="b">Bearb. Hans Fitzner ; [publ. Verein Regionalmuseum Wolfhangen]. Historischer Holzbau in Europa / Bearb. Wolfgang Halfar</subfield>
    </datafield>
    <datafield tag="260" ind1=" " ind2=" ">
      <subfield code="a">Wolfhangen :</subfield>
      <subfield code="b">Regionalmuseum Wolfhagen,</subfield>
      <subfield code="c">1999</subfield>
    </datafield>
    <datafield tag="300" ind1=" " ind2=" ">
      <subfield code="a">171 p. ;</subfield>
      <subfield code="c">30 cm</subfield>
    </datafield>
    <datafield tag="490" ind1="1" ind2=" ">
      <subfield code="a">Schriften des Vereins Regionalmuseum Wolfhagen : Reihe Sonderaustellungen</subfield>
      <subfield code="v">4.</subfield>
    </datafield>
    <datafield tag="504" ind1=" " ind2=" ">
      <subfield code="a">Bibliogr. az egyes tanulmányok végén</subfield>
    </datafield>
    <datafield tag="700" ind1="1" ind2=" ">
      <subfield code="a">Fitzner, Hans</subfield>
    </datafield>
    <datafield tag="700" ind1="1" ind2=" ">
      <subfield code="a">Halfar, Wolfgang</subfield>
    </datafield>
    <datafield tag="710" ind1="2" ind2=" ">
      <subfield code="a">Regionalmuseum Wolfhagen</subfield>
    </datafield>
    <datafield tag="710" ind1="2" ind2=" ">
      <subfield code="a">Zimmerer-Innung Kassel</subfield>
    </datafield>
    <datafield tag="740" ind1="0" ind2=" ">
      <subfield code="a">Historischer Holzbau in Europa</subfield>
    </datafield>
    <datafield tag="830" ind1=" " ind2="0">
      <subfield code="a">Schriften des Vereins Regionalmuseum Wolfhagen : Reihe Sonderaustellungen</subfield>
    </datafield>
    <datafield tag="852" ind1=" " ind2=" ">
      <subfield code="a">B11</subfield>
      <subfield code="b">B11</subfield>
      <subfield code="x">BMEOMIKK000144517</subfield>
    </datafield>
  </record>
  <record>
    <leader>00535nam  2200169   4500</leader>
    <controlfield tag="001">MOKKAS0002475514  </controlfield>
    <controlfield tag="005">20060617225050.0</controlfield>
    <controlfield tag="008">       1995    hu            00010 hun  </controlfield>
    <datafield tag="020" ind1=" " ind2=" ">
      <subfield code="a">963 8058 28 5  k. :</subfield>
    </datafield>
    <datafield tag="035" ind1=" " ind2=" ">
      <subfield code="a">bibMIF00013572</subfield>
    </datafield>
    <datafield tag="040" ind1=" " ind2=" ">
      <subfield code="a">MOME</subfield>
    </datafield>
    <datafield tag="245" ind1="0" ind2="0">
      <subfield code="a">100 játék :</subfield>
      <subfield code="b">nagy bip-játékkönyv : 4-8 éveseknek /</subfield>
      <subfield code="c">[ford. Szalontai Ágnes].</subfield>
    </datafield>
    <datafield tag="260" ind1=" " ind2=" ">
      <subfield code="a">[Budapest] :</subfield>
      <subfield code="b">Passage,</subfield>
      <subfield code="c">cop.1995.</subfield>
    </datafield>
    <datafield tag="300" ind1=" " ind2=" ">
      <subfield code="a">111 p. :</subfield>
      <subfield code="b">ill.</subfield>
    </datafield>
    <datafield tag="650" ind1=" " ind2="7">
      <subfield code="a">játék</subfield>
      <subfield code="x">kreaívitás</subfield>
      <subfield code="2">szte</subfield>
    </datafield>
    <datafield tag="650" ind1=" " ind2="7">
      <subfield code="a">games</subfield>
      <subfield code="x">creativity</subfield>
      <subfield code="2">szte</subfield>
    </datafield>
    <datafield tag="852" ind1=" " ind2=" ">
      <subfield code="a">B646</subfield>
      <subfield code="b">B646</subfield>
      <subfield code="x">bibMIF00013572</subfield>
    </datafield>
  </record>
  <record>
    <leader>00507nam  2200169 i 4500</leader>
    <controlfield tag="001">MOKKAS0002410543  </controlfield>
    <controlfield tag="005">20060525030450.0</controlfield>
    <controlfield tag="008">960326c19951995hu            00010 hun1d</controlfield>
    <datafield tag="020" ind1=" " ind2=" ">
      <subfield code="a">963 8058 28 5</subfield>
    </datafield>
    <datafield tag="035" ind1=" " ind2=" ">
      <subfield code="a">bibBBM81421</subfield>
    </datafield>
    <datafield tag="040" ind1=" " ind2=" ">
      <subfield code="a">BBMK</subfield>
    </datafield>
    <datafield tag="041" ind1="1" ind2=" ">
      <subfield code="a">hun</subfield>
      <subfield code="h">fre</subfield>
    </datafield>
    <datafield tag="245" ind1="0" ind2="0">
      <subfield code="a">100 játék :</subfield>
      <subfield code="b">nagy bip-játékkönyv : 4-8 éveseknek /</subfield>
      <subfield code="c">[ford. Szalontai Ágnes]</subfield>
    </datafield>
    <datafield tag="260" ind1=" " ind2=" ">
      <subfield code="a">[Budapest] :</subfield>
      <subfield code="b">Passage,</subfield>
      <subfield code="c">cop.1995</subfield>
    </datafield>
    <datafield tag="300" ind1=" " ind2=" ">
      <subfield code="a">111 p. :</subfield>
      <subfield code="b">ill., színes ;</subfield>
      <subfield code="c">29 cm</subfield>
    </datafield>
    <datafield tag="650" ind1=" " ind2="4">
      <subfield code="a">Képeskönyv</subfield>
    </datafield>
    <datafield tag="852" ind1=" " ind2=" ">
      <subfield code="a">ST1</subfield>
      <subfield code="b">ST1</subfield>
      <subfield code="x">bibBBM81421</subfield>
    </datafield>
  </record>
  <record>
    <leader>01309nam  2200409 i 4500</leader>
    <controlfield tag="001">MOKKAZ0003753879  </controlfield>
    <controlfield tag="005">20100426144842.0</controlfield>
    <controlfield tag="008">870608c1977    hu            00000 hun d</controlfield>
    <datafield tag="020" ind1=" " ind2=" ">
      <subfield code="a">963-17-2306-2 (kötött) :</subfield>
      <subfield code="c">16,50 Ft</subfield>
    </datafield>
    <datafield tag="035" ind1=" " ind2=" ">
      <subfield code="a">bibJPT00150620</subfield>
    </datafield>
    <datafield tag="040" ind1=" " ind2=" ">
      <subfield code="a">DEENK</subfield>
    </datafield>
    <datafield tag="041" ind1="0" ind2=" ">
      <subfield code="a">hunrus</subfield>
    </datafield>
    <datafield tag="080" ind1=" " ind2=" ">
      <subfield code="a">808.2(078)=945.11:</subfield>
    </datafield>
    <datafield tag="080" ind1=" " ind2=" ">
      <subfield code="a">371.382:</subfield>
    </datafield>
    <datafield tag="080" ind1=" " ind2=" ">
      <subfield code="a">793.71</subfield>
    </datafield>
    <datafield tag="100" ind1="1" ind2=" ">
      <subfield code="a">Héjjas Endre</subfield>
    </datafield>
    <datafield tag="245" ind1="1" ind2="0">
      <subfield code="a">100 játék az orosz nyelv oktatásához /</subfield>
      <subfield code="c">Héjjas Endre, Váczy László</subfield>
    </datafield>
    <datafield tag="250" ind1=" " ind2=" ">
      <subfield code="a">2. kiad.</subfield>
    </datafield>
    <datafield tag="260" ind1=" " ind2=" ">
      <subfield code="a">Budapest :</subfield>
      <subfield code="b">Tankönyvkiadó,</subfield>
      <subfield code="c">1977</subfield>
      <subfield code="e">(Budapest :</subfield>
      <subfield code="f">Athenaeum Ny.)</subfield>
    </datafield>
    <datafield tag="300" ind1=" " ind2=" ">
      <subfield code="a">182, [2] p. ;</subfield>
      <subfield code="c">21 cm</subfield>
    </datafield>
    <datafield tag="650" ind1=" " ind2="4">
      <subfield code="a">Nyelvtanítás</subfield>
    </datafield>
    <datafield tag="650" ind1=" " ind2="4">
      <subfield code="a">Orosz nyelv</subfield>
    </datafield>
    <datafield tag="650" ind1=" " ind2="4">
      <subfield code="a">Játékok</subfield>
    </datafield>
    <datafield tag="650" ind1=" " ind2="7">
      <subfield code="a">Nyelvi játékok</subfield>
      <subfield code="x">orosz</subfield>
      <subfield code="2">szte</subfield>
    </datafield>
    <datafield tag="650" ind1=" " ind2="7">
      <subfield code="a">Orosz nyelv tanítása</subfield>
      <subfield code="x">játékok</subfield>
      <subfield code="2">szte</subfield>
    </datafield>
    <datafield tag="695" ind1=" " ind2=" ">
      <subfield code="a">xxx</subfield>
    </datafield>
    <datafield tag="695" ind1=" " ind2=" ">
      <subfield code="a">Orosz nyelv tanítása</subfield>
    </datafield>
    <datafield tag="695" ind1=" " ind2=" ">
      <subfield code="a">Orosz nyelv</subfield>
    </datafield>
    <datafield tag="695" ind1=" " ind2=" ">
      <subfield code="a">Játék</subfield>
      <subfield code="x">orosz nyelv</subfield>
    </datafield>
    <datafield tag="700" ind1="1" ind2=" ">
      <subfield code="a">Váczy László</subfield>
    </datafield>
    <datafield tag="852" ind1=" " ind2=" ">
      <subfield code="a">D1</subfield>
      <subfield code="b">D108</subfield>
      <subfield code="x">bibJPT00150620</subfield>
    </datafield>
    <datafield tag="852" ind1=" " ind2=" ">
      <subfield code="a">BCS1</subfield>
      <subfield code="b">BCS1</subfield>
      <subfield code="x">bibBKO00151940</subfield>
    </datafield>
    <datafield tag="852" ind1=" " ind2=" ">
      <subfield code="a">SZ4</subfield>
      <subfield code="b">SZ4</subfield>
      <subfield code="b">SZ4/K2</subfield>
      <subfield code="b">SZ4/R2</subfield>
      <subfield code="x">bibSOK00056225</subfield>
    </datafield>
    <datafield tag="852" ind1=" " ind2=" ">
      <subfield code="a">B10</subfield>
      <subfield code="b">1801</subfield>
      <subfield code="b">1901</subfield>
      <subfield code="b">1903</subfield>
      <subfield code="b">1308</subfield>
      <subfield code="b">0602</subfield>
      <subfield code="b">1105</subfield>
      <subfield code="b">0204</subfield>
      <subfield code="b">1004</subfield>
      <subfield code="x">bibFSZ00055718</subfield>
    </datafield>
    <datafield tag="852" ind1=" " ind2=" ">
      <subfield code="a">P1</subfield>
      <subfield code="b">P1/FK</subfield>
      <subfield code="x">bibJPT00150620</subfield>
    </datafield>
    <datafield tag="852" ind1=" " ind2=" ">
      <subfield code="a">SZL1</subfield>
      <subfield code="b">SZL1</subfield>
      <subfield code="x">bibVFK00197725</subfield>
    </datafield>
    <datafield tag="852" ind1=" " ind2=" ">
      <subfield code="a">SZ1</subfield>
      <subfield code="b">SZ1/R3</subfield>
      <subfield code="x">bibJGYx14907</subfield>
    </datafield>
  </record>
  <record>
    <leader>00494nam  2200169 i 4500</leader>
    <controlfield tag="001">MOKKAS0003262691  </controlfield>
    <controlfield tag="005">20060602081832.0</controlfield>
    <controlfield tag="008">050101s1977                            d</controlfield>
    <datafield tag="035" ind1=" " ind2=" ">
      <subfield code="a">238863</subfield>
    </datafield>
    <datafield tag="040" ind1=" " ind2=" ">
      <subfield code="a">KKMK</subfield>
    </datafield>
    <datafield tag="100" ind1="1" ind2=" ">
      <subfield code="a">Héjjas Endre</subfield>
    </datafield>
    <datafield tag="245" ind1="1" ind2="0">
      <subfield code="a">100 játék az orosz nyelv oktatásához /</subfield>
      <subfield code="c">Héjjas Endre ; Váczy László</subfield>
    </datafield>
    <datafield tag="260" ind1=" " ind2=" ">
      <subfield code="a">Budapest :</subfield>
      <subfield code="b">Tankönyvkiadó,</subfield>
      <subfield code="c">1977</subfield>
    </datafield>
    <datafield tag="300" ind1=" " ind2=" ">
      <subfield code="a">182 p. :</subfield>
      <subfield code="b">ill. ;</subfield>
      <subfield code="c">20 cm</subfield>
    </datafield>
    <datafield tag="700" ind1="1" ind2="0">
      <subfield code="a">Váczy László</subfield>
    </datafield>
    <datafield tag="852" ind1=" " ind2=" ">
      <subfield code="a">GY1</subfield>
      <subfield code="b">GY1</subfield>
      <subfield code="x">238863</subfield>
    </datafield>
    <datafield tag="852" ind1=" " ind2=" ">
      <subfield code="a">GY1</subfield>
      <subfield code="b">GY1</subfield>
      <subfield code="x">116218</subfield>
    </datafield>
  </record>
  <record>
    <leader>01375fam  22004211  4500</leader>
    <controlfield tag="001">MOKKAZ0004199572  </controlfield>
    <controlfield tag="005">20100426150045.0</controlfield>
    <controlfield tag="008">      s1980                        und d</controlfield>
    <datafield tag="020" ind1=" " ind2=" ">
      <subfield code="a">963-17-4646-1 (kötött) :</subfield>
      <subfield code="c">26,- Ft</subfield>
    </datafield>
    <datafield tag="035" ind1=" " ind2=" ">
      <subfield code="a">bibFSZ00045097</subfield>
    </datafield>
    <datafield tag="040" ind1=" " ind2=" ">
      <subfield code="a">FSZEK</subfield>
    </datafield>
    <datafield tag="100" ind1="1" ind2=" ">
      <subfield code="a">Héjjas Endre</subfield>
    </datafield>
    <datafield tag="245" ind1="1" ind2="0">
      <subfield code="a">100 játék az orosz nyelv oktatásához /</subfield>
      <subfield code="c">Héjjas Endre, Váczy László</subfield>
    </datafield>
    <datafield tag="250" ind1=" " ind2=" ">
      <subfield code="a">2. kiad</subfield>
    </datafield>
    <datafield tag="260" ind1=" " ind2=" ">
      <subfield code="a">Budapest :</subfield>
      <subfield code="b">Tankönyvkiadó Vállalat,</subfield>
      <subfield code="c">1980</subfield>
    </datafield>
    <datafield tag="300" ind1=" " ind2=" ">
      <subfield code="c">182, [2] p. , 20 cm</subfield>
    </datafield>
    <datafield tag="650" ind1=" " ind2="7">
      <subfield code="a">Nyelvi játékok</subfield>
      <subfield code="x">orosz</subfield>
      <subfield code="2">szte</subfield>
    </datafield>
    <datafield tag="650" ind1=" " ind2="7">
      <subfield code="a">Orosz nyelv tanítása</subfield>
      <subfield code="x">játékok</subfield>
      <subfield code="2">szte</subfield>
    </datafield>
    <datafield tag="650" ind1=" " ind2="4">
      <subfield code="a">Nyelvtanulás</subfield>
    </datafield>
    <datafield tag="650" ind1=" " ind2="4">
      <subfield code="a">Orosz nyelv</subfield>
      <subfield code="x">feladatok, gyakorlatok stb.</subfield>
    </datafield>
    <datafield tag="650" ind1=" " ind2="7">
      <subfield code="a">nyelvi játék</subfield>
      <subfield code="2">opkm</subfield>
    </datafield>
    <datafield tag="650" ind1=" " ind2="7">
      <subfield code="a">játék</subfield>
      <subfield code="2">opkm</subfield>
    </datafield>
    <datafield tag="650" ind1=" " ind2="7">
      <subfield code="a">orosz nyelv tanítása</subfield>
      <subfield code="2">opkm</subfield>
    </datafield>
    <datafield tag="695" ind1=" " ind2=" ">
      <subfield code="a">Nemzetiségi Könyvtár</subfield>
    </datafield>
    <datafield tag="695" ind1=" " ind2=" ">
      <subfield code="a">nyelvi játékok</subfield>
      <subfield code="x">orosz</subfield>
    </datafield>
    <datafield tag="695" ind1=" " ind2=" ">
      <subfield code="a">Játék</subfield>
    </datafield>
    <datafield tag="695" ind1=" " ind2=" ">
      <subfield code="a">Nyelvtanulás</subfield>
    </datafield>
    <datafield tag="695" ind1=" " ind2=" ">
      <subfield code="a">Orosz nyelv</subfield>
      <subfield code="x">feladatok, gyakorlatok stb.</subfield>
    </datafield>
    <datafield tag="695" ind1=" " ind2=" ">
      <subfield code="a">Orosz nyelv tanítása</subfield>
    </datafield>
    <datafield tag="700" ind1="1" ind2=" ">
      <subfield code="a">Váczy László</subfield>
    </datafield>
    <datafield tag="852" ind1=" " ind2=" ">
      <subfield code="a">B10</subfield>
      <subfield code="b">1802</subfield>
      <subfield code="x">bibFSZ00045097</subfield>
    </datafield>
    <datafield tag="852" ind1=" " ind2=" ">
      <subfield code="a">BCS1</subfield>
      <subfield code="b">BCS1</subfield>
      <subfield code="x">bibBKO00140182</subfield>
    </datafield>
    <datafield tag="852" ind1=" " ind2=" ">
      <subfield code="a">SZL1</subfield>
      <subfield code="b">SZL1</subfield>
      <subfield code="x">bibVFK00135892</subfield>
    </datafield>
    <datafield tag="852" ind1=" " ind2=" ">
      <subfield code="a">M2</subfield>
      <subfield code="b">M2</subfield>
      <subfield code="x">bibRFK00092867</subfield>
    </datafield>
    <datafield tag="852" ind1=" " ind2=" ">
      <subfield code="a">SZ4</subfield>
      <subfield code="b">SZ4/K2</subfield>
      <subfield code="x">bibFSZ00045097</subfield>
    </datafield>
    <datafield tag="852" ind1=" " ind2=" ">
      <subfield code="a">SZK1</subfield>
      <subfield code="b">SZK1</subfield>
      <subfield code="x">bibTMK78730</subfield>
    </datafield>
    <datafield tag="852" ind1=" " ind2=" ">
      <subfield code="a">B7</subfield>
      <subfield code="b">B7</subfield>
      <subfield code="x">279110</subfield>
    </datafield>
    <datafield tag="852" ind1=" " ind2=" ">
      <subfield code="a">P1</subfield>
      <subfield code="b">P1/FK</subfield>
      <subfield code="x">MOKKAZ0004199572</subfield>
    </datafield>
  </record>
  <record>
    <leader>01329fam  2200421 i 4500</leader>
    <controlfield tag="001">MOKKAZ0003519659  </controlfield>
    <controlfield tag="005">20101124085731.0</controlfield>
    <controlfield tag="008">870608c19871977hu        j   00000 hun d</controlfield>
    <datafield tag="020" ind1=" " ind2=" ">
      <subfield code="a">963-18-0311-2 (kötött) :</subfield>
      <subfield code="c">30,- Ft</subfield>
    </datafield>
    <datafield tag="035" ind1=" " ind2=" ">
      <subfield code="a">963 18 0311 2</subfield>
    </datafield>
    <datafield tag="040" ind1=" " ind2=" ">
      <subfield code="a">DEENK</subfield>
    </datafield>
    <datafield tag="041" ind1="0" ind2=" ">
      <subfield code="a">hunrus</subfield>
    </datafield>
    <datafield tag="080" ind1=" " ind2=" ">
      <subfield code="a">371.38:</subfield>
    </datafield>
    <datafield tag="080" ind1=" " ind2=" ">
      <subfield code="a">808.2</subfield>
    </datafield>
    <datafield tag="100" ind1="1" ind2=" ">
      <subfield code="a">Héjjas Endre</subfield>
    </datafield>
    <datafield tag="245" ind1="1" ind2="0">
      <subfield code="a">100 játék az orosz nyelv oktatásához /</subfield>
      <subfield code="c">Héjjas Endre, Váczy László</subfield>
    </datafield>
    <datafield tag="250" ind1=" " ind2=" ">
      <subfield code="a">3. kiad.</subfield>
    </datafield>
    <datafield tag="260" ind1=" " ind2=" ">
      <subfield code="a">Budapest :</subfield>
      <subfield code="b">Tankönyvkiadó,</subfield>
      <subfield code="c">1987, cop. 1977</subfield>
      <subfield code="e">(Budapest [etc.] :</subfield>
      <subfield code="f">Dabasi Ny.)</subfield>
    </datafield>
    <datafield tag="300" ind1=" " ind2=" ">
      <subfield code="a">182 p. ;</subfield>
      <subfield code="c">21 cm</subfield>
    </datafield>
    <datafield tag="650" ind1=" " ind2="4">
      <subfield code="a">Nyugati nyelvek általában</subfield>
    </datafield>
    <datafield tag="650" ind1=" " ind2="4">
      <subfield code="a">Magyar nyelven</subfield>
    </datafield>
    <datafield tag="650" ind1=" " ind2="7">
      <subfield code="a">Nyelvi játékok</subfield>
      <subfield code="x">orosz</subfield>
      <subfield code="2">szte</subfield>
    </datafield>
    <datafield tag="650" ind1=" " ind2="7">
      <subfield code="a">Orosz nyelv tanítása</subfield>
      <subfield code="x">játékok</subfield>
      <subfield code="2">szte</subfield>
    </datafield>
    <datafield tag="650" ind1=" " ind2="4">
      <subfield code="a">Orosz nyelv</subfield>
    </datafield>
    <datafield tag="650" ind1=" " ind2="4">
      <subfield code="a">Az oktatás és tanulás formái</subfield>
    </datafield>
    <datafield tag="650" ind1=" " ind2="4">
      <subfield code="a">Nyelvek tanítása</subfield>
    </datafield>
    <datafield tag="650" ind1=" " ind2="4">
      <subfield code="a">Játék (Oktatás formái</subfield>
    </datafield>
    <datafield tag="650" ind1=" " ind2="4">
      <subfield code="a">nyelvtanítás</subfield>
    </datafield>
    <datafield tag="650" ind1=" " ind2="4">
      <subfield code="a">játékpedagógia</subfield>
    </datafield>
    <datafield tag="700" ind1="1" ind2=" ">
      <subfield code="a">Váczy László</subfield>
    </datafield>
    <datafield tag="852" ind1=" " ind2=" ">
      <subfield code="a">D1</subfield>
      <subfield code="b">D1</subfield>
      <subfield code="x">963 18 0311 2</subfield>
    </datafield>
    <datafield tag="852" ind1=" " ind2=" ">
      <subfield code="a">B10</subfield>
      <subfield code="b">1308</subfield>
      <subfield code="x">bibFSZ00026954</subfield>
    </datafield>
    <datafield tag="852" ind1=" " ind2=" ">
      <subfield code="a">BCS1</subfield>
      <subfield code="b">BCS1</subfield>
      <subfield code="x">bibBKO00119284</subfield>
    </datafield>
    <datafield tag="852" ind1=" " ind2=" ">
      <subfield code="a">M2</subfield>
      <subfield code="b">M2</subfield>
      <subfield code="x">bibRFK00072214</subfield>
    </datafield>
    <datafield tag="852" ind1=" " ind2=" ">
      <subfield code="a">B14</subfield>
      <subfield code="b">B14</subfield>
      <subfield code="x">190001</subfield>
    </datafield>
    <datafield tag="852" ind1=" " ind2=" ">
      <subfield code="a">SZ1</subfield>
      <subfield code="b">SZ1</subfield>
      <subfield code="x">bibJAT00094879</subfield>
    </datafield>
    <datafield tag="852" ind1=" " ind2=" ">
      <subfield code="a">SZ1</subfield>
      <subfield code="b">SZ1/R1</subfield>
      <subfield code="x">bibJAT00029939</subfield>
    </datafield>
    <datafield tag="852" ind1=" " ind2=" ">
      <subfield code="a">B14</subfield>
      <subfield code="b">B14</subfield>
      <subfield code="x">OIK190001</subfield>
    </datafield>
  </record>
  <record>
    <leader>01897nam  2200601 i 4500</leader>
    <controlfield tag="001">MOKKAS0002075130  </controlfield>
    <controlfield tag="005">20091110001646.0</controlfield>
    <controlfield tag="008">041006s2004    hu ar         000 0 hun d</controlfield>
    <datafield tag="020" ind1=" " ind2=" ">
      <subfield code="a">963-9560-68-5 :</subfield>
      <subfield code="c">1990,- Ft</subfield>
    </datafield>
    <datafield tag="035" ind1=" " ind2=" ">
      <subfield code="a">2525168</subfield>
    </datafield>
    <datafield tag="040" ind1=" " ind2=" ">
      <subfield code="a">OSZK</subfield>
    </datafield>
    <datafield tag="041" ind1="1" ind2=" ">
      <subfield code="a">hunhun</subfield>
      <subfield code="h">ger</subfield>
    </datafield>
    <datafield tag="080" ind1=" " ind2="0">
      <subfield code="a">371.381:</subfield>
    </datafield>
    <datafield tag="080" ind1=" " ind2="0">
      <subfield code="a">745.54</subfield>
    </datafield>
    <datafield tag="100" ind1="2" ind2=" ">
      <subfield code="a">Stöcklin-Meier, Susanne</subfield>
    </datafield>
    <datafield tag="240" ind1="1" ind2="0">
      <subfield code="a">Falten und Spielen</subfield>
      <subfield code="l">(magyar)</subfield>
      <subfield code="g">(átd. kiad.)</subfield>
    </datafield>
    <datafield tag="245" ind1="1" ind2="0">
      <subfield code="a">100 játék gyerekeknek /</subfield>
      <subfield code="c">Susanne Stöcklin-Meier ; [a verseket és a dalokat vál.] Gulázsi Aurélia, Lelkes Ágnes</subfield>
    </datafield>
    <datafield tag="260" ind1=" " ind2=" ">
      <subfield code="a">Budapest :</subfield>
      <subfield code="b">Cser K.,</subfield>
      <subfield code="c">2004</subfield>
    </datafield>
    <datafield tag="300" ind1=" " ind2=" ">
      <subfield code="a">94 p. :</subfield>
      <subfield code="b">ill., főként színes ;</subfield>
      <subfield code="c">24 cm</subfield>
    </datafield>
    <datafield tag="650" ind1="1" ind2="7">
      <subfield code="a">gyermekjáték</subfield>
      <subfield code="2">oszk</subfield>
    </datafield>
    <datafield tag="650" ind1=" " ind2="4">
      <subfield code="a">origami</subfield>
    </datafield>
    <datafield tag="650" ind1=" " ind2="4">
      <subfield code="a">Barkácsolás</subfield>
    </datafield>
    <datafield tag="650" ind1=" " ind2="4">
      <subfield code="a">Papírhajtogatás</subfield>
    </datafield>
    <datafield tag="650" ind1=" " ind2="4">
      <subfield code="a">játékok</subfield>
    </datafield>
    <datafield tag="650" ind1=" " ind2="4">
      <subfield code="a">gyermekek</subfield>
    </datafield>
    <datafield tag="650" ind1=" " ind2="4">
      <subfield code="a">játék</subfield>
    </datafield>
    <datafield tag="650" ind1=" " ind2="4">
      <subfield code="a">gyermekjáték</subfield>
    </datafield>
    <datafield tag="650" ind1=" " ind2="7">
      <subfield code="a">Origami</subfield>
      <subfield code="2">szte</subfield>
    </datafield>
    <datafield tag="650" ind1=" " ind2="7">
      <subfield code="a">Papírjáték</subfield>
      <subfield code="2">szte</subfield>
    </datafield>
    <datafield tag="650" ind1=" " ind2="7">
      <subfield code="a">Papírmunka</subfield>
      <subfield code="2">szte</subfield>
    </datafield>
    <datafield tag="650" ind1=" " ind2="4">
      <subfield code="a">foglalkoztatókönyv</subfield>
    </datafield>
    <datafield tag="650" ind1=" " ind2="4">
      <subfield code="a">Játékkészítés</subfield>
    </datafield>
    <datafield tag="650" ind1=" " ind2="4">
      <subfield code="a">Papírjátékok</subfield>
    </datafield>
    <datafield tag="650" ind1=" " ind2="4">
      <subfield code="a">Tudóskönyv [10 éven aluliaknak]</subfield>
    </datafield>
    <datafield tag="650" ind1=" " ind2="4">
      <subfield code="a">Találós kérdések</subfield>
    </datafield>
    <datafield tag="695" ind1=" " ind2=" ">
      <subfield code="a">Papírhajtogatás</subfield>
    </datafield>
    <datafield tag="695" ind1=" " ind2=" ">
      <subfield code="a">Gyermekjáték</subfield>
    </datafield>
    <datafield tag="695" ind1=" " ind2=" ">
      <subfield code="a">Kézművesség</subfield>
      <subfield code="x">papír munkák</subfield>
      <subfield code="x">ifjúsági irodalom</subfield>
    </datafield>
    <datafield tag="695" ind1=" " ind2=" ">
      <subfield code="a">Handicraft</subfield>
      <subfield code="x">Paper work</subfield>
      <subfield code="x">Juvenile literature.</subfield>
    </datafield>
    <datafield tag="700" ind1="1" ind2=" ">
      <subfield code="a">Gulázsi Aurélia</subfield>
      <subfield code="4">(vál.)</subfield>
    </datafield>
    <datafield tag="700" ind1="1" ind2=" ">
      <subfield code="a">Lelkes Ágnes</subfield>
      <subfield code="4">(vál.)</subfield>
    </datafield>
    <datafield tag="852" ind1=" " ind2=" ">
      <subfield code="a">B1</subfield>
      <subfield code="b">B1</subfield>
      <subfield code="x">2525168</subfield>
    </datafield>
    <datafield tag="852" ind1=" " ind2=" ">
      <subfield code="a">BCS1</subfield>
      <subfield code="b">BCS1</subfield>
      <subfield code="x">bibBKO00107202</subfield>
    </datafield>
    <datafield tag="852" ind1=" " ind2=" ">
      <subfield code="a">ST1</subfield>
      <subfield code="b">ST1</subfield>
      <subfield code="x">bibBBM254871</subfield>
    </datafield>
    <datafield tag="852" ind1=" " ind2=" ">
      <subfield code="a">M2</subfield>
      <subfield code="b">M2</subfield>
      <subfield code="x">bibRFK00155091</subfield>
    </datafield>
    <datafield tag="852" ind1=" " ind2=" ">
      <subfield code="a">GY1</subfield>
      <subfield code="b">GY1</subfield>
      <subfield code="x">678610</subfield>
    </datafield>
    <datafield tag="852" ind1=" " ind2=" ">
      <subfield code="a">SZK1</subfield>
      <subfield code="b">SZK1</subfield>
      <subfield code="x">bibTMK116826</subfield>
    </datafield>
    <datafield tag="852" ind1=" " ind2=" ">
      <subfield code="a">SZ4</subfield>
      <subfield code="b">SZ4</subfield>
      <subfield code="x">bibFSZ1049218</subfield>
    </datafield>
    <datafield tag="852" ind1=" " ind2=" ">
      <subfield code="a">B10</subfield>
      <subfield code="b">B10</subfield>
      <subfield code="x">bibFSZ1049218</subfield>
    </datafield>
    <datafield tag="852" ind1=" " ind2=" ">
      <subfield code="a">SZO1</subfield>
      <subfield code="b">SZO1</subfield>
      <subfield code="x">150429877</subfield>
    </datafield>
    <datafield tag="852" ind1=" " ind2=" ">
      <subfield code="a">SZL1</subfield>
      <subfield code="b">SZL1</subfield>
      <subfield code="x">bibVFK00260392</subfield>
    </datafield>
    <datafield tag="852" ind1=" " ind2=" ">
      <subfield code="a">P1</subfield>
      <subfield code="b">P1</subfield>
      <subfield code="x">bibPTE00514216</subfield>
    </datafield>
    <datafield tag="852" ind1=" " ind2=" ">
      <subfield code="a">B7</subfield>
      <subfield code="b">B7</subfield>
      <subfield code="x">227174</subfield>
    </datafield>
  </record>
  <record>
    <leader>00741aam  2200241 i 4500</leader>
    <controlfield tag="001">MOKKAZ0006265813  </controlfield>
    <controlfield tag="005">20101122151741.0</controlfield>
    <controlfield tag="008">940510t19771977hu a     j    000 0 hun d</controlfield>
    <datafield tag="020" ind1=" " ind2=" ">
      <subfield code="a">963-17-2306-2 (kötött) :</subfield>
      <subfield code="c">16,50 Ft</subfield>
    </datafield>
    <datafield tag="035" ind1=" " ind2=" ">
      <subfield code="a">631188</subfield>
    </datafield>
    <datafield tag="040" ind1=" " ind2=" ">
      <subfield code="a">OSZK</subfield>
    </datafield>
    <datafield tag="041" ind1="0" ind2=" ">
      <subfield code="a">hunhun</subfield>
      <subfield code="g">hun</subfield>
    </datafield>
    <datafield tag="100" ind1="1" ind2=" ">
      <subfield code="a">Héjjas Endre</subfield>
    </datafield>
    <datafield tag="245" ind1="1" ind2="0">
      <subfield code="a">100 játék : </subfield>
      <subfield code="b">Az orosz nyelv oktatásához /</subfield>
      <subfield code="c">Héjjas Endre, Váczy László</subfield>
    </datafield>
    <datafield tag="260" ind1=" " ind2=" ">
      <subfield code="a">Budapest :</subfield>
      <subfield code="b">Tankvk.,</subfield>
      <subfield code="c">1977</subfield>
      <subfield code="e">(Budapest</subfield>
      <subfield code="f">Athenaeum Ny.)</subfield>
    </datafield>
    <datafield tag="300" ind1=" " ind2=" ">
      <subfield code="a">182 l. :</subfield>
      <subfield code="b">ill. ;</subfield>
      <subfield code="c">21 cm</subfield>
    </datafield>
    <datafield tag="500" ind1=" " ind2=" ">
      <subfield code="a">22900</subfield>
    </datafield>
    <datafield tag="650" ind1=" " ind2="4">
      <subfield code="a">Orosz nyelv</subfield>
      <subfield code="x">Tanítás</subfield>
    </datafield>
    <datafield tag="700" ind1="1" ind2="0">
      <subfield code="a">Váczy László</subfield>
    </datafield>
    <datafield tag="852" ind1=" " ind2=" ">
      <subfield code="a">B1</subfield>
      <subfield code="b">B1</subfield>
      <subfield code="x">631188</subfield>
    </datafield>
    <datafield tag="852" ind1=" " ind2=" ">
      <subfield code="a">H1</subfield>
      <subfield code="b">H1</subfield>
      <subfield code="x">NLVK91786</subfield>
    </datafield>
    <datafield tag="852" ind1=" " ind2=" ">
      <subfield code="a">M2</subfield>
      <subfield code="b">M2</subfield>
      <subfield code="x">bibRFK00101457</subfield>
    </datafield>
    <datafield tag="852" ind1=" " ind2=" ">
      <subfield code="a">S1</subfield>
      <subfield code="b">SZFV53</subfield>
      <subfield code="x">MOKKAZ0006265813</subfield>
    </datafield>
  </record>
  <record>
    <leader>00622aam  2200217 i 4500</leader>
    <controlfield tag="001">MOKKAZ0006266372  </controlfield>
    <controlfield tag="005">20040915184048.0</controlfield>
    <controlfield tag="008">940510t19801977hu       j    000 0 hun d</controlfield>
    <datafield tag="020" ind1=" " ind2=" ">
      <subfield code="a">963-17-4646-1 (kötött)</subfield>
    </datafield>
    <datafield tag="035" ind1=" " ind2=" ">
      <subfield code="a">632763</subfield>
    </datafield>
    <datafield tag="040" ind1=" " ind2=" ">
      <subfield code="a">OSZK</subfield>
    </datafield>
    <datafield tag="041" ind1="0" ind2=" ">
      <subfield code="a">hunrushun</subfield>
    </datafield>
    <datafield tag="072" ind1=" " ind2="1">
      <subfield code="a">LH</subfield>
    </datafield>
    <datafield tag="100" ind1="1" ind2=" ">
      <subfield code="a">Héjjas Endre</subfield>
    </datafield>
    <datafield tag="245" ind1="1" ind2="0">
      <subfield code="a">100 játék : </subfield>
      <subfield code="b">Az orosz nyelv oktatásához /</subfield>
      <subfield code="c">Héjjas Endre, Váczy László</subfield>
    </datafield>
    <datafield tag="250" ind1=" " ind2=" ">
      <subfield code="a">2. kiad.</subfield>
    </datafield>
    <datafield tag="260" ind1=" " ind2=" ">
      <subfield code="a">Budapest :</subfield>
      <subfield code="b">Tankvk.,</subfield>
      <subfield code="c">1980, cop. 1977</subfield>
      <subfield code="e">(Budapest</subfield>
      <subfield code="e">(Dabas</subfield>
      <subfield code="f">Dabasi Ny.)</subfield>
    </datafield>
    <datafield tag="300" ind1=" " ind2=" ">
      <subfield code="a">182 l. ;</subfield>
      <subfield code="c">20 cm</subfield>
    </datafield>
    <datafield tag="500" ind1=" " ind2=" ">
      <subfield code="a">13700</subfield>
    </datafield>
    <datafield tag="700" ind1="1" ind2="0">
      <subfield code="a">Váczy László</subfield>
    </datafield>
    <datafield tag="852" ind1=" " ind2=" ">
      <subfield code="a">B1</subfield>
      <subfield code="b">B1</subfield>
      <subfield code="x">632763</subfield>
    </datafield>
  </record>
  <record>
    <leader>00620aam  2200217 i 4500</leader>
    <controlfield tag="001">MOKKAZ0006267776  </controlfield>
    <controlfield tag="005">20040915184131.0</controlfield>
    <controlfield tag="008">940510t19871977hu       j    000 0 hun d</controlfield>
    <datafield tag="020" ind1=" " ind2=" ">
      <subfield code="a">963-18-0311-2 (kötött)</subfield>
    </datafield>
    <datafield tag="035" ind1=" " ind2=" ">
      <subfield code="a">635658</subfield>
    </datafield>
    <datafield tag="040" ind1=" " ind2=" ">
      <subfield code="a">OSZK</subfield>
    </datafield>
    <datafield tag="041" ind1="0" ind2=" ">
      <subfield code="a">hunrushun</subfield>
    </datafield>
    <datafield tag="072" ind1=" " ind2="1">
      <subfield code="a">LH</subfield>
    </datafield>
    <datafield tag="100" ind1="1" ind2=" ">
      <subfield code="a">Héjjas Endre</subfield>
    </datafield>
    <datafield tag="245" ind1="1" ind2="0">
      <subfield code="a">100 játék : </subfield>
      <subfield code="b">Az orosz nyelv oktatásához /</subfield>
      <subfield code="c">Héjjas Endre, Váczy László</subfield>
    </datafield>
    <datafield tag="250" ind1=" " ind2=" ">
      <subfield code="a">3. kiad.</subfield>
    </datafield>
    <datafield tag="260" ind1=" " ind2=" ">
      <subfield code="a">Budapest :</subfield>
      <subfield code="b">Tankvk.,</subfield>
      <subfield code="c">1987, cop. 1977</subfield>
      <subfield code="e">(Budapest [etc.]</subfield>
      <subfield code="f">Dabasi Ny.)</subfield>
    </datafield>
    <datafield tag="300" ind1=" " ind2=" ">
      <subfield code="a">182 p. ;</subfield>
      <subfield code="c">21 cm</subfield>
    </datafield>
    <datafield tag="500" ind1=" " ind2=" ">
      <subfield code="a">3600</subfield>
    </datafield>
    <datafield tag="700" ind1="1" ind2="0">
      <subfield code="a">Váczy László</subfield>
    </datafield>
    <datafield tag="852" ind1=" " ind2=" ">
      <subfield code="a">B1</subfield>
      <subfield code="b">B1</subfield>
      <subfield code="x">635658</subfield>
    </datafield>
  </record>
  <record>
    <leader>00521nama 22001571i 4500</leader>
    <controlfield tag="001">MOKKAZ0006468457  </controlfield>
    <controlfield tag="005">20040915204129.0</controlfield>
    <controlfield tag="008">031117i19651966hu            000 0 hun d</controlfield>
    <datafield tag="035" ind1=" " ind2=" ">
      <subfield code="a">1050321</subfield>
    </datafield>
    <datafield tag="040" ind1=" " ind2=" ">
      <subfield code="a">OSZK</subfield>
    </datafield>
    <datafield tag="041" ind1="0" ind2=" ">
      <subfield code="a">hunhun</subfield>
    </datafield>
    <datafield tag="245" ind1="0" ind2="0">
      <subfield code="a">100 játék : </subfield>
      <subfield code="b">klubvezetőknek /</subfield>
      <subfield code="c">összeáll. és szerk. Legéndy Miklósné.</subfield>
    </datafield>
    <datafield tag="260" ind1=" " ind2=" ">
      <subfield code="a">[Budapest] :</subfield>
      <subfield code="b">Népműv. Prop. Iroda,</subfield>
      <subfield code="c">1965, [!1966]</subfield>
      <subfield code="e">(Budapest</subfield>
      <subfield code="f">Házi soksz.)</subfield>
    </datafield>
    <datafield tag="300" ind1=" " ind2=" ">
      <subfield code="a">74 p., 5 t. ;</subfield>
      <subfield code="c">Har. 20 cm</subfield>
    </datafield>
    <datafield tag="700" ind1="1" ind2=" ">
      <subfield code="a">Legéndy Miklósné</subfield>
      <subfield code="4">(összeáll.)</subfield>
    </datafield>
    <datafield tag="852" ind1=" " ind2=" ">
      <subfield code="a">B1</subfield>
      <subfield code="b">B1</subfield>
      <subfield code="x">1050321</subfield>
    </datafield>
  </record>
  <record>
    <leader>00910fam  2200265 i 4500</leader>
    <controlfield tag="001">MOKKAZ0006336055  </controlfield>
    <controlfield tag="005">20040915193111.0</controlfield>
    <controlfield tag="008">960301t19951995hu ar         000 0 hun d</controlfield>
    <datafield tag="020" ind1=" " ind2=" ">
      <subfield code="a">963-8058-28-5 (kötött) :</subfield>
      <subfield code="c">1350,-Ft</subfield>
    </datafield>
    <datafield tag="035" ind1=" " ind2=" ">
      <subfield code="a">172427</subfield>
    </datafield>
    <datafield tag="040" ind1=" " ind2=" ">
      <subfield code="a">OSZK</subfield>
    </datafield>
    <datafield tag="041" ind1="1" ind2=" ">
      <subfield code="a">hunhun</subfield>
      <subfield code="h">fre</subfield>
    </datafield>
    <datafield tag="240" ind1="0" ind2="0">
      <subfield code="a">100 jeux de découverte</subfield>
      <subfield code="l">(magyar)</subfield>
    </datafield>
    <datafield tag="245" ind1="0" ind2="0">
      <subfield code="a">100 játék : </subfield>
      <subfield code="b">nagy bip-játékkönyv : 4-8 éveseknek /</subfield>
      <subfield code="c">[ford. Szalontai Ágnes]</subfield>
    </datafield>
    <datafield tag="260" ind1=" " ind2=" ">
      <subfield code="a">[Budapest] :</subfield>
      <subfield code="b">Passage,</subfield>
      <subfield code="c">cop. 1995</subfield>
      <subfield code="e">([S.l.]</subfield>
      <subfield code="f">Typo Time BT)</subfield>
      <subfield code="e">(Franciaország</subfield>
      <subfield code="f">[s.n.])</subfield>
    </datafield>
    <datafield tag="300" ind1=" " ind2=" ">
      <subfield code="a">111 p. :</subfield>
      <subfield code="b">ill., színes ;</subfield>
      <subfield code="c">29 cm</subfield>
    </datafield>
    <datafield tag="650" ind1=" " ind2="4">
      <subfield code="a">Képeskönyvek gyermekeknek</subfield>
    </datafield>
    <datafield tag="650" ind1=" " ind2="0">
      <subfield code="a">Picture books for children.</subfield>
    </datafield>
    <datafield tag="650" ind1=" " ind2="4">
      <subfield code="a">Játék</subfield>
    </datafield>
    <datafield tag="650" ind1=" " ind2="4">
      <subfield code="a">Bip-játékkönyv</subfield>
    </datafield>
    <datafield tag="700" ind1="1" ind2=" ">
      <subfield code="a">Szalontai Ágnes</subfield>
      <subfield code="4">(ford.)</subfield>
    </datafield>
    <datafield tag="852" ind1=" " ind2=" ">
      <subfield code="a">B1</subfield>
      <subfield code="b">B1</subfield>
      <subfield code="x">172427</subfield>
    </datafield>
    <datafield tag="852" ind1=" " ind2=" ">
      <subfield code="a">D1</subfield>
      <subfield code="b">D1</subfield>
      <subfield code="x">172427</subfield>
    </datafield>
    <datafield tag="852" ind1=" " ind2=" ">
      <subfield code="a">B10</subfield>
      <subfield code="B">0901</subfield>
      <subfield code="B">1308</subfield>
      <subfield code="b">1105</subfield>
      <subfield code="x">bibFSZ00053772</subfield>
    </datafield>
    <datafield tag="852" ind1=" " ind2=" ">
      <subfield code="a">SZL1</subfield>
      <subfield code="b">SZL1</subfield>
      <subfield code="x">bibVFK00184120</subfield>
    </datafield>
  </record>
  <record>
    <leader>00733aam  2200193 i 4500</leader>
    <controlfield tag="001">MOKKAZ0006226169  </controlfield>
    <controlfield tag="005">20040915181900.0</controlfield>
    <controlfield tag="008">940509t19761975hu            000 0 hun d</controlfield>
    <datafield tag="020" ind1=" " ind2=" ">
      <subfield code="a">77 00454 X* (fűzött)</subfield>
    </datafield>
    <datafield tag="035" ind1=" " ind2=" ">
      <subfield code="a">486451</subfield>
    </datafield>
    <datafield tag="040" ind1=" " ind2=" ">
      <subfield code="a">OSZK</subfield>
    </datafield>
    <datafield tag="041" ind1="0" ind2=" ">
      <subfield code="a">hunhun</subfield>
    </datafield>
    <datafield tag="072" ind1=" " ind2="1">
      <subfield code="a">F</subfield>
    </datafield>
    <datafield tag="245" ind1="1" ind2="0">
      <subfield code="a">100 jogeset az áruforgalom köréből /</subfield>
      <subfield code="c">Összeállította Sziráki Ferenc ; [Közread. a Kereskedelmi és Vendéglátóipari Főiskola Továbbképző Intézete]</subfield>
    </datafield>
    <datafield tag="260" ind1=" " ind2=" ">
      <subfield code="a">Budapest :</subfield>
      <subfield code="b">KVF,</subfield>
      <subfield code="c">1976</subfield>
      <subfield code="e">([Pécs]</subfield>
      <subfield code="f">Pécsi Tempó Soksz.)</subfield>
    </datafield>
    <datafield tag="300" ind1=" " ind2=" ">
      <subfield code="a">118 l. ;</subfield>
      <subfield code="c">29 cm</subfield>
    </datafield>
    <datafield tag="700" ind1="1" ind2=" ">
      <subfield code="a">Sziráki Ferenc</subfield>
      <subfield code="4">(összeáll.)</subfield>
    </datafield>
    <datafield tag="710" ind1="2" ind2=" ">
      <subfield code="a">Kereskedelmi és Vendéglátóipari Főiskola (Budapest)</subfield>
      <subfield code="a">Továbbképző Intézet</subfield>
      <subfield code="4">közread.</subfield>
    </datafield>
    <datafield tag="852" ind1=" " ind2=" ">
      <subfield code="a">B1</subfield>
      <subfield code="b">B1</subfield>
      <subfield code="x">486451</subfield>
    </datafield>
  </record>
  <record>
    <leader>00474nama 22001571i 4500</leader>
    <controlfield tag="001">MOKKAS0000739376  </controlfield>
    <controlfield tag="005">20060118225539.0</controlfield>
    <controlfield tag="008">041105s1976    hu            000 0 hunod</controlfield>
    <datafield tag="035" ind1=" " ind2=" ">
      <subfield code="a">1498448</subfield>
    </datafield>
    <datafield tag="040" ind1=" " ind2=" ">
      <subfield code="a">OSZK</subfield>
    </datafield>
    <datafield tag="041" ind1="0" ind2=" ">
      <subfield code="a">hunhun</subfield>
    </datafield>
    <datafield tag="100" ind1="1" ind2=" ">
      <subfield code="a">Sziráki Ferenc</subfield>
    </datafield>
    <datafield tag="245" ind1="1" ind2="0">
      <subfield code="a">100 jogeset az áruforgalom köréből /</subfield>
      <subfield code="c">Sziráki Ferenc</subfield>
    </datafield>
    <datafield tag="260" ind1=" " ind2=" ">
      <subfield code="a">Budapest :</subfield>
      <subfield code="b">Kereskedelmi és Vendéglátóipari Főiskola, Továbbképző Intézet,</subfield>
      <subfield code="c">1976</subfield>
    </datafield>
    <datafield tag="300" ind1=" " ind2=" ">
      <subfield code="a">118 p.</subfield>
    </datafield>
    <datafield tag="852" ind1=" " ind2=" ">
      <subfield code="a">B1</subfield>
      <subfield code="b">B1</subfield>
      <subfield code="x">1498448</subfield>
    </datafield>
  </record>
  <record>
    <leader>01286fam  2200445 i 4500</leader>
    <controlfield tag="001">MOKKAZ0006407360  </controlfield>
    <controlfield tag="005">20040915200950.0</controlfield>
    <controlfield tag="008">010702t20012001hu r          000 0 hun d</controlfield>
    <datafield tag="020" ind1=" " ind2=" ">
      <subfield code="a">963-9375-00-4 (kötött) :</subfield>
      <subfield code="c">1590,- Ft</subfield>
    </datafield>
    <datafield tag="035" ind1=" " ind2=" ">
      <subfield code="a">806625</subfield>
    </datafield>
    <datafield tag="040" ind1=" " ind2=" ">
      <subfield code="a">OSZK</subfield>
    </datafield>
    <datafield tag="041" ind1="0" ind2=" ">
      <subfield code="a">hunhun</subfield>
    </datafield>
    <datafield tag="100" ind1="1" ind2=" ">
      <subfield code="a">Balogh Eszter</subfield>
    </datafield>
    <datafield tag="245" ind1="1" ind2="0">
      <subfield code="a">100 jó kérdés ...a lovakról /</subfield>
      <subfield code="c">Balogh Eszter</subfield>
    </datafield>
    <datafield tag="260" ind1=" " ind2=" ">
      <subfield code="a">Budapest :</subfield>
      <subfield code="b">Sensus,</subfield>
      <subfield code="c">cop. 2001</subfield>
      <subfield code="e">(Győr</subfield>
      <subfield code="f">Széchenyi)</subfield>
    </datafield>
    <datafield tag="300" ind1=" " ind2=" ">
      <subfield code="a">140 p. :</subfield>
      <subfield code="b">ill., színes ;</subfield>
      <subfield code="c">21 cm</subfield>
    </datafield>
    <datafield tag="650" ind1=" " ind2="4">
      <subfield code="a">Lovak</subfield>
    </datafield>
    <datafield tag="650" ind1=" " ind2="4">
      <subfield code="a">Lovas-sportok</subfield>
    </datafield>
    <datafield tag="650" ind1=" " ind2="0">
      <subfield code="a">Horses.</subfield>
    </datafield>
    <datafield tag="650" ind1=" " ind2="0">
      <subfield code="a">Horse sports.</subfield>
    </datafield>
    <datafield tag="650" ind1=" " ind2="4">
      <subfield code="a">ló</subfield>
    </datafield>
    <datafield tag="650" ind1=" " ind2="4">
      <subfield code="a">lovaglás</subfield>
    </datafield>
    <datafield tag="650" ind1=" " ind2="4">
      <subfield code="a">lovassport</subfield>
    </datafield>
    <datafield tag="650" ind1=" " ind2="4">
      <subfield code="a">Állattartás</subfield>
    </datafield>
    <datafield tag="650" ind1=" " ind2="4">
      <subfield code="a">Állatgondozás</subfield>
    </datafield>
    <datafield tag="650" ind1=" " ind2="4">
      <subfield code="a">Állattenyésztés</subfield>
    </datafield>
    <datafield tag="650" ind1=" " ind2="4">
      <subfield code="a">Sport</subfield>
    </datafield>
    <datafield tag="650" ind1=" " ind2="4">
      <subfield code="a">Kérdés</subfield>
    </datafield>
    <datafield tag="650" ind1=" " ind2="4">
      <subfield code="a">Lótípusok</subfield>
    </datafield>
    <datafield tag="650" ind1=" " ind2="4">
      <subfield code="a">Lóverseny</subfield>
    </datafield>
    <datafield tag="650" ind1=" " ind2="4">
      <subfield code="a">Lótenyésztés</subfield>
    </datafield>
    <datafield tag="650" ind1=" " ind2="4">
      <subfield code="a">állatok gondozása</subfield>
    </datafield>
    <datafield tag="852" ind1=" " ind2=" ">
      <subfield code="a">B1</subfield>
      <subfield code="b">B1</subfield>
      <subfield code="x">806625</subfield>
    </datafield>
    <datafield tag="852" ind1=" " ind2=" ">
      <subfield code="a">D1</subfield>
      <subfield code="b">D1</subfield>
      <subfield code="x">bibJGY00097289</subfield>
    </datafield>
    <datafield tag="852" ind1=" " ind2=" ">
      <subfield code="a">B10</subfield>
      <subfield code="B">0801</subfield>
      <subfield code="B">0801G</subfield>
      <subfield code="B">1803</subfield>
      <subfield code="B">1901</subfield>
      <subfield code="B">0902</subfield>
      <subfield code="B">0602</subfield>
      <subfield code="B">0702</subfield>
      <subfield code="B">1305</subfield>
      <subfield code="B">1307</subfield>
      <subfield code="B">1105</subfield>
      <subfield code="b">1106</subfield>
      <subfield code="x">bibFSZ460992</subfield>
    </datafield>
    <datafield tag="852" ind1=" " ind2=" ">
      <subfield code="a">BCS1</subfield>
      <subfield code="b">BCS1</subfield>
      <subfield code="x">bibBKO00078736</subfield>
    </datafield>
    <datafield tag="852" ind1=" " ind2=" ">
      <subfield code="a">M2</subfield>
      <subfield code="b">M2</subfield>
      <subfield code="x">bibRFK00124715</subfield>
    </datafield>
    <datafield tag="852" ind1=" " ind2=" ">
      <subfield code="a">ST1</subfield>
      <subfield code="b">ST1</subfield>
      <subfield code="x">bibBBM170484</subfield>
    </datafield>
    <datafield tag="852" ind1=" " ind2=" ">
      <subfield code="a">SZL1</subfield>
      <subfield code="b">SZL1</subfield>
      <subfield code="x">bibVFK00227660</subfield>
    </datafield>
    <datafield tag="852" ind1=" " ind2=" ">
      <subfield code="a">GY1</subfield>
      <subfield code="b">GY1</subfield>
      <subfield code="x">528334</subfield>
    </datafield>
  </record>
  <record>
    <leader>00607nam  2200193 i 4500</leader>
    <controlfield tag="001">MOKKAW0005262885  </controlfield>
    <controlfield tag="005">20080408231649.0</controlfield>
    <controlfield tag="008">031127s2000    hu           u    j hun d</controlfield>
    <datafield tag="020" ind1=" " ind2=" ">
      <subfield code="a">963-86047-6-X (kötött)</subfield>
    </datafield>
    <datafield tag="035" ind1=" " ind2=" ">
      <subfield code="a">NLVK91799</subfield>
    </datafield>
    <datafield tag="040" ind1=" " ind2=" ">
      <subfield code="a">NLVK</subfield>
    </datafield>
    <datafield tag="041" ind1="0" ind2=" ">
      <subfield code="a">hun</subfield>
    </datafield>
    <datafield tag="245" ind1="1" ind2="0">
      <subfield code="a">100 jó kérdés ...a madarakról /</subfield>
      <subfield code="c">Schmidt Egon  ;  [fotók Bécsy László, Schmidt Egon]</subfield>
    </datafield>
    <datafield tag="260" ind1=" " ind2=" ">
      <subfield code="a">Budapest :</subfield>
      <subfield code="b">Sensus,</subfield>
      <subfield code="c">cop. 2000</subfield>
    </datafield>
    <datafield tag="300" ind1=" " ind2=" ">
      <subfield code="a">145 p. :</subfield>
      <subfield code="b">ill., főként színes ;</subfield>
      <subfield code="c">21 cm</subfield>
    </datafield>
    <datafield tag="650" ind1=" " ind2="4">
      <subfield code="a">Madarak</subfield>
    </datafield>
    <datafield tag="700" ind1="1" ind2=" ">
      <subfield code="a">Bécsy László</subfield>
      <subfield code="d">(1943-)</subfield>
      <subfield code="4">(fotó)</subfield>
    </datafield>
    <datafield tag="700" ind1="1" ind2=" ">
      <subfield code="a">Schmidt Egon</subfield>
      <subfield code="d">(1931-)</subfield>
    </datafield>
    <datafield tag="852" ind1=" " ind2=" ">
      <subfield code="a">H1</subfield>
      <subfield code="b">H1</subfield>
      <subfield code="x">NLVK91799</subfield>
    </datafield>
  </record>
  <record>
    <leader>01389fam  2200445 i 4500</leader>
    <controlfield tag="001">MOKKAZ0006453214  </controlfield>
    <controlfield tag="005">20101020093806.0</controlfield>
    <controlfield tag="008">021218t20022002hu ar         000 0 hun d</controlfield>
    <datafield tag="020" ind1=" " ind2=" ">
      <subfield code="a">963-9375-15-2 (kötött) :</subfield>
      <subfield code="c">2390,- Ft</subfield>
    </datafield>
    <datafield tag="035" ind1=" " ind2=" ">
      <subfield code="a">945347</subfield>
    </datafield>
    <datafield tag="040" ind1=" " ind2=" ">
      <subfield code="a">OSZK</subfield>
    </datafield>
    <datafield tag="041" ind1="0" ind2=" ">
      <subfield code="a">hunhun</subfield>
    </datafield>
    <datafield tag="080" ind1=" " ind2=" ">
      <subfield code="a">338.48.025(100)(036</subfield>
    </datafield>
    <datafield tag="080" ind1=" " ind2=" ">
      <subfield code="a">379.85(100):380.8(083.85)</subfield>
    </datafield>
    <datafield tag="080" ind1=" " ind2=" ">
      <subfield code="a">380.8:379.85(100)(083.85)</subfield>
    </datafield>
    <datafield tag="100" ind1="1" ind2=" ">
      <subfield code="a">Elter Károly</subfield>
    </datafield>
    <datafield tag="245" ind1="1" ind2="0">
      <subfield code="a">100 jó kérdés ...az utazásról /</subfield>
      <subfield code="c">Elter Károly</subfield>
    </datafield>
    <datafield tag="260" ind1=" " ind2=" ">
      <subfield code="a">Budapest :</subfield>
      <subfield code="b">Sensus,</subfield>
      <subfield code="c">cop. 2002</subfield>
      <subfield code="e">(Debrecen</subfield>
      <subfield code="f">Alföldi Ny.)</subfield>
    </datafield>
    <datafield tag="300" ind1=" " ind2=" ">
      <subfield code="a">146 p. :</subfield>
      <subfield code="b">ill., színes ;</subfield>
      <subfield code="c">24 cm</subfield>
    </datafield>
    <datafield tag="650" ind1=" " ind2="4">
      <subfield code="a">Utazások</subfield>
    </datafield>
    <datafield tag="650" ind1=" " ind2="4">
      <subfield code="a">Turizmus</subfield>
    </datafield>
    <datafield tag="650" ind1=" " ind2="0">
      <subfield code="a">Voyages and travels.</subfield>
    </datafield>
    <datafield tag="650" ind1=" " ind2="0">
      <subfield code="a">Tourism.</subfield>
    </datafield>
    <datafield tag="650" ind1=" " ind2="7">
      <subfield code="a">Utazási ismeretek</subfield>
      <subfield code="x">útmutató</subfield>
      <subfield code="2">szte</subfield>
    </datafield>
    <datafield tag="650" ind1=" " ind2="4">
      <subfield code="a">utazás</subfield>
    </datafield>
    <datafield tag="650" ind1=" " ind2="4">
      <subfield code="a">útmutató</subfield>
    </datafield>
    <datafield tag="650" ind1=" " ind2="7">
      <subfield code="a">Utazási ismeretek</subfield>
      <subfield code="2">szte</subfield>
    </datafield>
    <datafield tag="650" ind1=" " ind2="4">
      <subfield code="a">turista-idegenforgalom</subfield>
    </datafield>
    <datafield tag="653" ind1=" " ind2=" ">
      <subfield code="a">turizmus</subfield>
    </datafield>
    <datafield tag="852" ind1=" " ind2=" ">
      <subfield code="a">B1</subfield>
      <subfield code="b">B1</subfield>
      <subfield code="x">945347</subfield>
    </datafield>
    <datafield tag="852" ind1=" " ind2=" ">
      <subfield code="a">D1</subfield>
      <subfield code="b">D1</subfield>
      <subfield code="x">bibFSZ835193</subfield>
    </datafield>
    <datafield tag="852" ind1=" " ind2=" ">
      <subfield code="a">SZ1</subfield>
      <subfield code="b">SZ1/R2</subfield>
      <subfield code="x">bibFSZ835193</subfield>
    </datafield>
    <datafield tag="852" ind1=" " ind2=" ">
      <subfield code="a">B10</subfield>
      <subfield code="B">0801</subfield>
      <subfield code="B">1105</subfield>
      <subfield code="B">1704</subfield>
      <subfield code="B">0401</subfield>
      <subfield code="B">0403</subfield>
      <subfield code="B">0502</subfield>
      <subfield code="B">0601</subfield>
      <subfield code="B">0702</subfield>
      <subfield code="b">1308</subfield>
      <subfield code="x">bibFSZ835193</subfield>
    </datafield>
    <datafield tag="852" ind1=" " ind2=" ">
      <subfield code="a">P1</subfield>
      <subfield code="b">P1/SZ</subfield>
      <subfield code="x">bibFSZ835193</subfield>
    </datafield>
    <datafield tag="852" ind1=" " ind2=" ">
      <subfield code="a">SZO1</subfield>
      <subfield code="b">SZO1</subfield>
      <subfield code="x">150350193</subfield>
    </datafield>
    <datafield tag="852" ind1=" " ind2=" ">
      <subfield code="a">BCS1</subfield>
      <subfield code="b">BCS1</subfield>
      <subfield code="x">bibBKO00255394</subfield>
    </datafield>
    <datafield tag="852" ind1=" " ind2=" ">
      <subfield code="a">M2</subfield>
      <subfield code="b">M2</subfield>
      <subfield code="x">bibRFK00142139</subfield>
    </datafield>
    <datafield tag="852" ind1=" " ind2=" ">
      <subfield code="a">SZ4</subfield>
      <subfield code="b">SZ4</subfield>
      <subfield code="x">bibFSZ835193</subfield>
    </datafield>
    <datafield tag="852" ind1=" " ind2=" ">
      <subfield code="a">GY1</subfield>
      <subfield code="b">GY1</subfield>
      <subfield code="x">584728</subfield>
    </datafield>
    <datafield tag="852" ind1=" " ind2=" ">
      <subfield code="a">GY1</subfield>
      <subfield code="b">GY1</subfield>
      <subfield code="x">KKMK584728</subfield>
    </datafield>
  </record>
  <record>
    <leader>01211nam  2200385 i 4500</leader>
    <controlfield tag="001">MOKKAS0002089694  </controlfield>
    <controlfield tag="005">20060407202725.0</controlfield>
    <controlfield tag="008">060111s2005    hu ar    b    00000 hun d</controlfield>
    <datafield tag="020" ind1=" " ind2=" ">
      <subfield code="a">963-9375-94-2 (kötött)</subfield>
    </datafield>
    <datafield tag="035" ind1=" " ind2=" ">
      <subfield code="a">2591952</subfield>
    </datafield>
    <datafield tag="040" ind1=" " ind2=" ">
      <subfield code="a">OSZK</subfield>
    </datafield>
    <datafield tag="041" ind1="0" ind2=" ">
      <subfield code="a">hunhun</subfield>
    </datafield>
    <datafield tag="100" ind1="1" ind2=" ">
      <subfield code="a">Hangay György</subfield>
      <subfield code="d">(1941-)</subfield>
    </datafield>
    <datafield tag="245" ind1="1" ind2="0">
      <subfield code="a">100 jó kérdés Ausztrália különös állatairól /</subfield>
      <subfield code="c">Hangay György</subfield>
    </datafield>
    <datafield tag="260" ind1=" " ind2=" ">
      <subfield code="a">Budapest :</subfield>
      <subfield code="b">Arión,</subfield>
      <subfield code="c">2005</subfield>
    </datafield>
    <datafield tag="300" ind1=" " ind2=" ">
      <subfield code="a">112 p. :</subfield>
      <subfield code="b">ill., színes ;</subfield>
      <subfield code="c">22 cm</subfield>
    </datafield>
    <datafield tag="504" ind1=" " ind2=" ">
      <subfield code="a">Bibliogr.: p. 111.</subfield>
    </datafield>
    <datafield tag="650" ind1="1" ind2="7">
      <subfield code="a">fauna</subfield>
      <subfield code="2">oszk</subfield>
    </datafield>
    <datafield tag="650" ind1=" " ind2="7">
      <subfield code="a">Állatok</subfield>
      <subfield code="x">Ausztrália</subfield>
      <subfield code="2">szte</subfield>
    </datafield>
    <datafield tag="650" ind1=" " ind2="7">
      <subfield code="a">Állatvilág</subfield>
      <subfield code="x">Ausztrália</subfield>
      <subfield code="x">képekkel</subfield>
      <subfield code="2">szte</subfield>
    </datafield>
    <datafield tag="650" ind1=" " ind2="4">
      <subfield code="a">Ausztrália</subfield>
    </datafield>
    <datafield tag="650" ind1=" " ind2="4">
      <subfield code="a">fauna</subfield>
    </datafield>
    <datafield tag="650" ind1=" " ind2="4">
      <subfield code="a">Állatok</subfield>
      <subfield code="x">Ausztrália [Gyermekirod.]</subfield>
    </datafield>
    <datafield tag="650" ind1=" " ind2="4">
      <subfield code="a">állatok - Ausztrália</subfield>
    </datafield>
    <datafield tag="650" ind1=" " ind2="4">
      <subfield code="a">Ausztrália - állatok</subfield>
    </datafield>
    <datafield tag="651" ind1=" " ind2="4">
      <subfield code="a">Ausztrália</subfield>
    </datafield>
    <datafield tag="852" ind1=" " ind2=" ">
      <subfield code="a">B1</subfield>
      <subfield code="b">B1</subfield>
      <subfield code="x">2591952</subfield>
    </datafield>
    <datafield tag="852" ind1=" " ind2=" ">
      <subfield code="a">GY1</subfield>
      <subfield code="b">GY1</subfield>
      <subfield code="x">1499404</subfield>
    </datafield>
    <datafield tag="852" ind1=" " ind2=" ">
      <subfield code="a">SZ4</subfield>
      <subfield code="b">SZ4</subfield>
      <subfield code="x">bibFSZ1200127</subfield>
    </datafield>
    <datafield tag="852" ind1=" " ind2=" ">
      <subfield code="a">SZ1</subfield>
      <subfield code="b">SZ1</subfield>
      <subfield code="x">bibJAT00704251</subfield>
    </datafield>
    <datafield tag="852" ind1=" " ind2=" ">
      <subfield code="a">B10</subfield>
      <subfield code="b">B10</subfield>
      <subfield code="x">bibFSZ1200127</subfield>
    </datafield>
    <datafield tag="852" ind1=" " ind2=" ">
      <subfield code="a">SZO1</subfield>
      <subfield code="b">SZO1</subfield>
      <subfield code="x">150505760</subfield>
    </datafield>
    <datafield tag="852" ind1=" " ind2=" ">
      <subfield code="a">H1</subfield>
      <subfield code="b">H1</subfield>
      <subfield code="x">NLVK696434</subfield>
    </datafield>
    <datafield tag="852" ind1=" " ind2=" ">
      <subfield code="a">GY1</subfield>
      <subfield code="b">GY1</subfield>
      <subfield code="x">KKMK1499404</subfield>
    </datafield>
    <datafield tag="852" ind1=" " ind2=" ">
      <subfield code="a">BCS1</subfield>
      <subfield code="b">BCS1</subfield>
      <subfield code="b">BCS1/BUCS</subfield>
      <subfield code="b">BCS1/SKET</subfield>
      <subfield code="b">BCS1/NBHE</subfield>
      <subfield code="x">bibBMK8013</subfield>
    </datafield>
  </record>
  <record>
    <leader>01118fam  2200313 i 4500</leader>
    <controlfield tag="001">MOKKAZ0006436295  </controlfield>
    <controlfield tag="005">20091203111709.0</controlfield>
    <controlfield tag="008">011114t20012001hu ar    b    000 0 hun d</controlfield>
    <datafield tag="020" ind1=" " ind2=" ">
      <subfield code="a">963-9375-01-2 (kötött) :</subfield>
      <subfield code="c">1490,- Ft</subfield>
    </datafield>
    <datafield tag="035" ind1=" " ind2=" ">
      <subfield code="a">906042</subfield>
    </datafield>
    <datafield tag="040" ind1=" " ind2=" ">
      <subfield code="a">OSZK</subfield>
    </datafield>
    <datafield tag="041" ind1="0" ind2=" ">
      <subfield code="a">hunhun</subfield>
    </datafield>
    <datafield tag="100" ind1="1" ind2=" ">
      <subfield code="a">Kovács Zsolt</subfield>
      <subfield code="d">(1976-)</subfield>
      <subfield code="c">(művészettörténész)</subfield>
    </datafield>
    <datafield tag="245" ind1="1" ind2="0">
      <subfield code="a">100 jó kérdés ...a papagájokról /</subfield>
      <subfield code="c">Kovács Zsolt</subfield>
    </datafield>
    <datafield tag="260" ind1=" " ind2=" ">
      <subfield code="a">Budapest :</subfield>
      <subfield code="b">Sensus,</subfield>
      <subfield code="c">cop. 2001</subfield>
      <subfield code="e">(Győr</subfield>
      <subfield code="f">Széchenyi)</subfield>
    </datafield>
    <datafield tag="300" ind1=" " ind2=" ">
      <subfield code="a">140 p. :</subfield>
      <subfield code="b">ill., színes ;</subfield>
      <subfield code="c">21 cm</subfield>
    </datafield>
    <datafield tag="504" ind1=" " ind2=" ">
      <subfield code="a">Bibliogr.: p. 140.</subfield>
    </datafield>
    <datafield tag="650" ind1=" " ind2="4">
      <subfield code="a">Papagájok</subfield>
    </datafield>
    <datafield tag="650" ind1=" " ind2="0">
      <subfield code="a">Parrots.</subfield>
    </datafield>
    <datafield tag="650" ind1=" " ind2="4">
      <subfield code="a">papagáj</subfield>
    </datafield>
    <datafield tag="650" ind1=" " ind2="7">
      <subfield code="a">Papagáj</subfield>
      <subfield code="2">szte</subfield>
    </datafield>
    <datafield tag="650" ind1=" " ind2="4">
      <subfield code="a">Díszmadarak</subfield>
    </datafield>
    <datafield tag="650" ind1=" " ind2="0">
      <subfield code="a">Ornamental birds.</subfield>
    </datafield>
    <datafield tag="852" ind1=" " ind2=" ">
      <subfield code="a">B1</subfield>
      <subfield code="b">B1</subfield>
      <subfield code="x">906042</subfield>
    </datafield>
    <datafield tag="852" ind1=" " ind2=" ">
      <subfield code="a">D1</subfield>
      <subfield code="b">D1</subfield>
      <subfield code="b">D2/PB</subfield>
      <subfield code="x">bibFSZ631217</subfield>
    </datafield>
</record>
</collection>
